[03:18:42.270] |I| [SDL_main]:  Vita3K v0.1 666-68330f2
[03:18:42.683] |I| [init]:  Swap interval = -1
[03:18:44.671] |I| [load_app_impl]:  Title: Chicken Launcher
[03:18:44.671] |I| [load_app_impl]:  Serial: CHICKENS2
[03:18:44.672] |I| [load_app_impl]:  Category: gd
[03:18:44.672] |D| [load_app_impl]:  Pre-load module at "sce_module/libc.suprx" not present
[03:18:44.672] |D| [load_app_impl]:  Pre-load module at "sce_module/libfios2.suprx" not present
[03:18:44.672] |D| [load_app_impl]:  Pre-load module at "sce_module/libult.suprx" not present
[03:18:44.687] |I| [load_self]:  Loading symbols for SELF: app0:eboot.bin
[03:18:44.687] |D| [load_var_exports]:  	NID 0x6C2224BA (NID_MODULE_INFO) at 0x30234
[03:18:44.700] |D| [load_var_exports]:  	NID 0x70FBA1E7 (SCE_PROC_PARAMS) at 0x30290
[03:18:44.700] |I| [load_app_impl]:  Main executable chickenlauncher.elf (eboot.bin) loaded
[03:18:44.726] |I| [export_sceIoOpen]:  Opening file: tty0:
[03:18:44.727] |T| [open_file]:  sceIoOpen: Opening file tty0: (tty0:)
[03:18:44.727] |I| [export_sceIoOpen]:  Opening file: tty0:
[03:18:44.727] |T| [open_file]:  sceIoOpen: Opening file tty0: (tty0:)
[03:18:44.727] |I| [export_sceIoOpen]:  Opening file: tty0:
[03:18:44.727] |T| [open_file]:  sceIoOpen: Opening file tty0: (tty0:)
[03:18:44.769] |I| [renderer::create]:  GL_VERSION = 4.1.0 NVIDIA 398.11
[03:18:44.770] |I| [renderer::create]:  GL_SHADING_LANGUAGE_VERSION = 4.10 NVIDIA via Cg compiler
[03:18:44.785] |I| [load_module]:  Loading module ID: 0xE
[03:18:44.786] |I| [load_self]:  Loading symbols for SELF: sys/external/libpgf.suprx
[03:18:44.786] |D| [load_var_exports]:  	NID 0x936C8A78 (SYSLYB) at 0x2E6CA64
[03:18:44.786] |D| [load_var_exports]:  	NID 0x6C2224BA (NID_MODULE_INFO) at 0x2E6C810
[03:18:44.787] |W| [load_var_imports]:  	NID NOT FOUND 0x93B8AA67 (__stack_chk_guard) at 0x2E6CC50, setting to stub value 0xDEADBEEF
[03:18:44.787] |I| [load_module]:  Module SceLibPgf (at "sys/external/libpgf.suprx") loaded
[03:18:44.790] |I| [export_sceIoOpen]:  Opening file: sa0:data/font/pgf/ltn0.pgf
[03:18:44.790] |T| [open_file]:  sceIoOpen: Opening file sa0:data/font/pgf/ltn0.pgf (sa0:data/font/pgf/ltn0.pgf)
[03:18:44.791] |T| [seek_file]:  sceIoLseek: Seeking file: fd: 0x3 at offset: 0x0, whence: SCE_SEEK_SET
[03:18:44.791] |T| [read_file]:  sceIoRead: Reading file: fd: 0x3, size: 12
[03:18:44.791] |T| [read_file]:  sceIoRead: Reading file: fd: 0x3, size: 380
[03:18:44.794] |T| [seek_file]:  sceIoLseek: Seeking file: fd: 0x3 at offset: 0x188, whence: SCE_SEEK_SET
[03:18:44.794] |T| [seek_file]:  sceIoLseek: Seeking file: fd: 0x3 at offset: 0x188, whence: SCE_SEEK_SET
[03:18:44.796] |T| [read_file]:  sceIoRead: Reading file: fd: 0x3, size: 2040
[03:18:44.796] |T| [read_file]:  sceIoRead: Reading file: fd: 0x3, size: 1760
[03:18:44.797] |T| [read_file]:  sceIoRead: Reading file: fd: 0x3, size: 648
[03:18:44.797] |T| [read_file]:  sceIoRead: Reading file: fd: 0x3, size: 1144
[03:18:44.798] |T| [seek_file]:  sceIoLseek: Seeking file: fd: 0x3 at offset: 0x1760, whence: SCE_SEEK_SET
[03:18:44.798] |T| [read_file]:  sceIoRead: Reading file: fd: 0x3, size: 648
[03:18:44.799] |T| [read_file]:  sceIoRead: Reading file: fd: 0x3, size: 9872
[03:18:44.799] |T| [read_file]:  sceIoRead: Reading file: fd: 0x3, size: 568
[03:18:45.080] |I| [export_sceIoOpen]:  Opening file: ux0:data/chickenlauncher.score
[03:18:45.080] |T| [open_file]:  sceIoOpen: Opening file ux0:data/chickenlauncher.score (ux0:data/chickenlauncher.score)
[03:18:45.081] |T| [stat_file]:  sceIoGetstatByFd: Statting file ux0:data/chickenlauncher.score (ux0:data/chickenlauncher.score)
[03:18:45.083] |T| [read_file]:  sceIoRead: Reading file: fd: 0x4, size: 1024
[03:18:45.084] |T| [read_file]:  sceIoRead: Reading file: fd: 0x4, size: 1024
[03:18:45.087] |T| [close_file]:  sceIoClose: Closing file: fd: 0x4
[03:18:46.960] |T| [seek_file]:  sceIoLseek: Seeking file: fd: 0x3 at offset: 0x57EC, whence: SCE_SEEK_SET
[03:18:46.961] |T| [read_file]:  sceIoRead: Reading file: fd: 0x3, size: 8
[03:18:46.962] |T| [read_file]:  sceIoRead: Reading file: fd: 0x3, size: 81
[03:18:46.964] |T| [seek_file]:  sceIoLseek: Seeking file: fd: 0x3 at offset: 0x57EC, whence: SCE_SEEK_SET
[03:18:46.964] |T| [read_file]:  sceIoRead: Reading file: fd: 0x3, size: 8
[03:18:46.965] |T| [read_file]:  sceIoRead: Reading file: fd: 0x3, size: 81
[03:18:46.969] |T| [seek_file]:  sceIoLseek: Seeking file: fd: 0x3 at offset: 0x6FB4, whence: SCE_SEEK_SET
[03:18:46.969] |T| [read_file]:  sceIoRead: Reading file: fd: 0x3, size: 8
[03:18:46.971] |T| [read_file]:  sceIoRead: Reading file: fd: 0x3, size: 28
[03:18:46.973] |T| [seek_file]:  sceIoLseek: Seeking file: fd: 0x3 at offset: 0x6FB4, whence: SCE_SEEK_SET
[03:18:46.974] |T| [read_file]:  sceIoRead: Reading file: fd: 0x3, size: 8
[03:18:46.975] |T| [read_file]:  sceIoRead: Reading file: fd: 0x3, size: 28
[03:18:46.979] |T| [seek_file]:  sceIoLseek: Seeking file: fd: 0x3 at offset: 0x7508, whence: SCE_SEEK_SET
[03:18:46.979] |T| [read_file]:  sceIoRead: Reading file: fd: 0x3, size: 8
[03:18:46.980] |T| [read_file]:  sceIoRead: Reading file: fd: 0x3, size: 66
[03:18:46.982] |T| [seek_file]:  sceIoLseek: Seeking file: fd: 0x3 at offset: 0x7508, whence: SCE_SEEK_SET
[03:18:46.983] |T| [read_file]:  sceIoRead: Reading file: fd: 0x3, size: 8
[03:18:46.984] |T| [read_file]:  sceIoRead: Reading file: fd: 0x3, size: 66
[03:18:46.987] |T| [seek_file]:  sceIoLseek: Seeking file: fd: 0x3 at offset: 0x75A8, whence: SCE_SEEK_SET
[03:18:46.987] |T| [read_file]:  sceIoRead: Reading file: fd: 0x3, size: 8
[03:18:46.989] |T| [read_file]:  sceIoRead: Reading file: fd: 0x3, size: 56
[03:18:46.991] |T| [seek_file]:  sceIoLseek: Seeking file: fd: 0x3 at offset: 0x75A8, whence: SCE_SEEK_SET
[03:18:46.991] |T| [read_file]:  sceIoRead: Reading file: fd: 0x3, size: 8
[03:18:46.993] |T| [read_file]:  sceIoRead: Reading file: fd: 0x3, size: 56
[03:18:46.995] |T| [seek_file]:  sceIoLseek: Seeking file: fd: 0x3 at offset: 0x6A94, whence: SCE_SEEK_SET
[03:18:46.996] |T| [read_file]:  sceIoRead: Reading file: fd: 0x3, size: 8
[03:18:46.997] |T| [read_file]:  sceIoRead: Reading file: fd: 0x3, size: 69
[03:18:46.999] |T| [seek_file]:  sceIoLseek: Seeking file: fd: 0x3 at offset: 0x6A94, whence: SCE_SEEK_SET
[03:18:46.999] |T| [read_file]:  sceIoRead: Reading file: fd: 0x3, size: 8
[03:18:47.000] |T| [read_file]:  sceIoRead: Reading file: fd: 0x3, size: 69
[03:18:47.003] |T| [seek_file]:  sceIoLseek: Seeking file: fd: 0x3 at offset: 0x721C, whence: SCE_SEEK_SET
[03:18:47.003] |T| [read_file]:  sceIoRead: Reading file: fd: 0x3, size: 8
[03:18:47.005] |T| [read_file]:  sceIoRead: Reading file: fd: 0x3, size: 46
[03:18:47.007] |T| [seek_file]:  sceIoLseek: Seeking file: fd: 0x3 at offset: 0x721C, whence: SCE_SEEK_SET
[03:18:47.007] |T| [read_file]:  sceIoRead: Reading file: fd: 0x3, size: 8
[03:18:47.008] |T| [read_file]:  sceIoRead: Reading file: fd: 0x3, size: 46
[03:18:47.011] |T| [seek_file]:  sceIoLseek: Seeking file: fd: 0x3 at offset: 0x6BE4, whence: SCE_SEEK_SET
[03:18:47.011] |T| [read_file]:  sceIoRead: Reading file: fd: 0x3, size: 8
[03:18:47.012] |T| [read_file]:  sceIoRead: Reading file: fd: 0x3, size: 66
[03:18:47.014] |T| [seek_file]:  sceIoLseek: Seeking file: fd: 0x3 at offset: 0x6BE4, whence: SCE_SEEK_SET
[03:18:47.015] |T| [read_file]:  sceIoRead: Reading file: fd: 0x3, size: 8
[03:18:47.016] |T| [read_file]:  sceIoRead: Reading file: fd: 0x3, size: 66
[03:18:47.019] |T| [seek_file]:  sceIoLseek: Seeking file: fd: 0x3 at offset: 0x6D30, whence: SCE_SEEK_SET
[03:18:47.020] |T| [read_file]:  sceIoRead: Reading file: fd: 0x3, size: 8
[03:18:47.021] |T| [read_file]:  sceIoRead: Reading file: fd: 0x3, size: 65
[03:18:47.023] |T| [seek_file]:  sceIoLseek: Seeking file: fd: 0x3 at offset: 0x6D30, whence: SCE_SEEK_SET
[03:18:47.024] |T| [read_file]:  sceIoRead: Reading file: fd: 0x3, size: 8
[03:18:47.025] |T| [read_file]:  sceIoRead: Reading file: fd: 0x3, size: 65
[03:18:47.028] |T| [seek_file]:  sceIoLseek: Seeking file: fd: 0x3 at offset: 0x51C0, whence: SCE_SEEK_SET
[03:18:47.028] |T| [read_file]:  sceIoRead: Reading file: fd: 0x3, size: 8
[03:18:47.030] |T| [read_file]:  sceIoRead: Reading file: fd: 0x3, size: 27
[03:18:47.032] |T| [seek_file]:  sceIoLseek: Seeking file: fd: 0x3 at offset: 0x51C0, whence: SCE_SEEK_SET
[03:18:47.033] |T| [read_file]:  sceIoRead: Reading file: fd: 0x3, size: 8
[03:18:47.034] |T| [read_file]:  sceIoRead: Reading file: fd: 0x3, size: 27
[03:18:47.037] |T| [seek_file]:  sceIoLseek: Seeking file: fd: 0x3 at offset: 0x42B0, whence: SCE_SEEK_SET
[03:18:47.038] |T| [read_file]:  sceIoRead: Reading file: fd: 0x3, size: 8
[03:18:47.039] |T| [read_file]:  sceIoRead: Reading file: fd: 0x3, size: 4
[03:18:47.042] |T| [seek_file]:  sceIoLseek: Seeking file: fd: 0x3 at offset: 0x42B0, whence: SCE_SEEK_SET
[03:18:47.042] |T| [read_file]:  sceIoRead: Reading file: fd: 0x3, size: 8
[03:18:47.043] |T| [read_file]:  sceIoRead: Reading file: fd: 0x3, size: 4
[03:18:47.045] |T| [seek_file]:  sceIoLseek: Seeking file: fd: 0x3 at offset: 0x4A84, whence: SCE_SEEK_SET
[03:18:47.045] |T| [read_file]:  sceIoRead: Reading file: fd: 0x3, size: 8
[03:18:47.047] |T| [read_file]:  sceIoRead: Reading file: fd: 0x3, size: 88
[03:18:47.049] |T| [seek_file]:  sceIoLseek: Seeking file: fd: 0x3 at offset: 0x4A84, whence: SCE_SEEK_SET
[03:18:47.049] |T| [read_file]:  sceIoRead: Reading file: fd: 0x3, size: 8
[03:18:47.050] |T| [read_file]:  sceIoRead: Reading file: fd: 0x3, size: 88
[03:18:49.131] |T| [seek_file]:  sceIoLseek: Seeking file: fd: 0x3 at offset: 0x4B48, whence: SCE_SEEK_SET
[03:18:49.131] |T| [read_file]:  sceIoRead: Reading file: fd: 0x3, size: 8
[03:18:49.133] |T| [read_file]:  sceIoRead: Reading file: fd: 0x3, size: 23
[03:18:49.135] |T| [seek_file]:  sceIoLseek: Seeking file: fd: 0x3 at offset: 0x4B48, whence: SCE_SEEK_SET
[03:18:49.135] |T| [read_file]:  sceIoRead: Reading file: fd: 0x3, size: 8
[03:18:49.137] |T| [read_file]:  sceIoRead: Reading file: fd: 0x3, size: 23
[03:18:49.144] |T| [seek_file]:  sceIoLseek: Seeking file: fd: 0x3 at offset: 0x4BAC, whence: SCE_SEEK_SET
[03:18:49.144] |T| [read_file]:  sceIoRead: Reading file: fd: 0x3, size: 8
[03:18:49.147] |T| [read_file]:  sceIoRead: Reading file: fd: 0x3, size: 82
[03:18:49.153] |T| [seek_file]:  sceIoLseek: Seeking file: fd: 0x3 at offset: 0x4BAC, whence: SCE_SEEK_SET
[03:18:49.153] |T| [read_file]:  sceIoRead: Reading file: fd: 0x3, size: 8
[03:18:49.155] |T| [read_file]:  sceIoRead: Reading file: fd: 0x3, size: 82
[03:18:49.158] |T| [seek_file]:  sceIoLseek: Seeking file: fd: 0x3 at offset: 0x50E8, whence: SCE_SEEK_SET
[03:18:49.158] |T| [read_file]:  sceIoRead: Reading file: fd: 0x3, size: 8
[03:18:49.162] |T| [read_file]:  sceIoRead: Reading file: fd: 0x3, size: 102
[03:18:49.167] |T| [seek_file]:  sceIoLseek: Seeking file: fd: 0x3 at offset: 0x50E8, whence: SCE_SEEK_SET
[03:18:49.168] |T| [read_file]:  sceIoRead: Reading file: fd: 0x3, size: 8
[03:18:49.169] |T| [read_file]:  sceIoRead: Reading file: fd: 0x3, size: 102
[03:18:49.216] |T| [seek_file]:  sceIoLseek: Seeking file: fd: 0x3 at offset: 0x4DEC, whence: SCE_SEEK_SET
[03:18:49.217] |T| [read_file]:  sceIoRead: Reading file: fd: 0x3, size: 8
[03:18:49.219] |T| [read_file]:  sceIoRead: Reading file: fd: 0x3, size: 82
[03:18:49.221] |T| [seek_file]:  sceIoLseek: Seeking file: fd: 0x3 at offset: 0x4DEC, whence: SCE_SEEK_SET
[03:18:49.222] |T| [read_file]:  sceIoRead: Reading file: fd: 0x3, size: 8
[03:18:49.224] |T| [read_file]:  sceIoRead: Reading file: fd: 0x3, size: 82
[03:18:49.230] |T| [seek_file]:  sceIoLseek: Seeking file: fd: 0x3 at offset: 0x5014, whence: SCE_SEEK_SET
[03:18:49.231] |T| [read_file]:  sceIoRead: Reading file: fd: 0x3, size: 8
[03:18:49.234] |T| [read_file]:  sceIoRead: Reading file: fd: 0x3, size: 99
[03:18:49.236] |T| [seek_file]:  sceIoLseek: Seeking file: fd: 0x3 at offset: 0x5014, whence: SCE_SEEK_SET
[03:18:49.237] |T| [read_file]:  sceIoRead: Reading file: fd: 0x3, size: 8
[03:18:49.240] |T| [read_file]:  sceIoRead: Reading file: fd: 0x3, size: 99
[03:18:49.300] |T| [seek_file]:  sceIoLseek: Seeking file: fd: 0x3 at offset: 0x4C6C, whence: SCE_SEEK_SET
[03:18:49.301] |T| [read_file]:  sceIoRead: Reading file: fd: 0x3, size: 8
[03:18:49.302] |T| [read_file]:  sceIoRead: Reading file: fd: 0x3, size: 84
[03:18:49.304] |T| [seek_file]:  sceIoLseek: Seeking file: fd: 0x3 at offset: 0x4C6C, whence: SCE_SEEK_SET
[03:18:49.305] |T| [read_file]:  sceIoRead: Reading file: fd: 0x3, size: 8
[03:18:49.308] |T| [read_file]:  sceIoRead: Reading file: fd: 0x3, size: 84
[03:18:49.315] |T| [seek_file]:  sceIoLseek: Seeking file: fd: 0x3 at offset: 0x4F70, whence: SCE_SEEK_SET
[03:18:49.315] |T| [read_file]:  sceIoRead: Reading file: fd: 0x3, size: 8
[03:18:49.319] |T| [read_file]:  sceIoRead: Reading file: fd: 0x3, size: 65
[03:18:49.324] |T| [seek_file]:  sceIoLseek: Seeking file: fd: 0x3 at offset: 0x4F70, whence: SCE_SEEK_SET
[03:18:49.324] |T| [read_file]:  sceIoRead: Reading file: fd: 0x3, size: 8
[03:18:49.326] |T| [read_file]:  sceIoRead: Reading file: fd: 0x3, size: 65
[03:18:49.373] |T| [seek_file]:  sceIoLseek: Seeking file: fd: 0x3 at offset: 0x4EA8, whence: SCE_SEEK_SET
[03:18:49.373] |T| [read_file]:  sceIoRead: Reading file: fd: 0x3, size: 8
[03:18:49.375] |T| [read_file]:  sceIoRead: Reading file: fd: 0x3, size: 90
[03:18:49.377] |T| [seek_file]:  sceIoLseek: Seeking file: fd: 0x3 at offset: 0x4EA8, whence: SCE_SEEK_SET
[03:18:49.377] |T| [read_file]:  sceIoRead: Reading file: fd: 0x3, size: 8
[03:18:49.379] |T| [read_file]:  sceIoRead: Reading file: fd: 0x3, size: 90
[03:18:49.425] |T| [seek_file]:  sceIoLseek: Seeking file: fd: 0x3 at offset: 0x4D2C, whence: SCE_SEEK_SET
[03:18:49.425] |T| [read_file]:  sceIoRead: Reading file: fd: 0x3, size: 8
[03:18:49.427] |T| [read_file]:  sceIoRead: Reading file: fd: 0x3, size: 87
[03:18:49.429] |T| [seek_file]:  sceIoLseek: Seeking file: fd: 0x3 at offset: 0x4D2C, whence: SCE_SEEK_SET
[03:18:49.429] |T| [read_file]:  sceIoRead: Reading file: fd: 0x3, size: 8
[03:18:49.430] |T| [read_file]:  sceIoRead: Reading file: fd: 0x3, size: 87
