[00:16:14.722] |I| [config::init_config]: backend-renderer: OpenGL
[00:16:14.723] |I| [config::init_config]: log-level: 0
[00:16:14.784] |I| [SDL_main]: Vita3K v0.1.5 2793-054a8119
[00:16:14.784] |I| [SDL_main]: Number of logical CPU cores: 8
[00:16:14.785] |I| [SDL_main]: Available ram memory: 16340 MiB
[00:16:14.901] |I| [renderer::gl::create]: GPU = NVIDIA GeForce GTX 1080/PCIe/SSE2
[00:16:14.901] |I| [renderer::gl::create]: GL_VERSION = 4.6.0 NVIDIA 473.04
[00:16:14.902] |I| [renderer::gl::create]: GL_SHADING_LANGUAGE_VERSION = 4.60 NVIDIA
[00:16:14.902] |I| [renderer::gl::create]: Your GPU supports shader interlock, some games that use programmable blending will have better performance.
[00:16:15.756] |W| [gui::init_vita3k_update]: You powershell version 2 is outdated and incompatible with Vita3K Update, consider to update it
[00:16:46.469] |I| [gui::set_vsync_state]: V-Sync state: true
[00:16:46.494] |I| [load_app_impl]: cpu-backend: Dynarmic
[00:16:46.495] |I| [load_app_impl]: CPU Optimisation state: true
[00:16:46.495] |I| [load_app_impl]: ngs state: true
[00:16:46.495] |I| [load_app_impl]: Resolution multiplier: 1
[00:16:46.496] |I| [load_app_impl]: 1 Controllers Connected
[00:16:46.497] |I| [load_app_impl]: Controller 0: PS4 Controller
[00:16:46.497] |I| [load_app_impl]: modules mode: Automatic
[00:16:46.497] |I| [load_app_impl]: Title: Sonic Mania
[00:16:46.497] |I| [load_app_impl]: Serial: MANIA0001
[00:16:46.497] |I| [load_app_impl]: Version: 1.00
[00:16:46.497] |I| [load_app_impl]: Category: gd
[00:16:46.531] |C| [load_self]: Unknown segment type 0x6FFFFF01
[00:16:46.532] |I| [load_self]: Loaded module segment 0 @ [0x00007000 - 0x000588A4 / 0x81000000] (size: 0x000518A4) of module vs0:sys/external/libc.suprx
[00:16:46.533] |I| [load_self]: Loaded module segment 1 @ [0x00059000 - 0x0005B8A0 / 0x81052000] (size: 0x000028A0) of module vs0:sys/external/libc.suprx
[00:16:46.533] |I| [load_self]: Loading symbols for SELF: vs0:sys/external/libc.suprx
[00:16:46.534] |D| [load_var_exports]: 	NID 0x936C8A78 (SYSLYB) at 0x4E314
[00:16:46.534] |D| [load_var_exports]: 	NID 0x6C2224BA (NID_MODULE_INFO) at 0x434DC
[00:16:46.534] |W| [load_var_imports]: 	NID NOT FOUND 0x93B8AA67 (UNRECOGNISED) at 0x4763C, setting to stub value 0xDEADBEEF
[00:16:46.536] |W| [load_var_imports]: 	NID NOT FOUND 0xDF084DFA (UNRECOGNISED) at 0x491D0, setting to stub value 0xDEADBEEF
[00:16:46.537] |I| [pre_load_module]: Pre-load module SceLibc (at "sys/external/libc.suprx") loaded
[00:16:46.562] |C| [load_self]: Unknown segment type 0x6FFFFF01
[00:16:46.563] |I| [load_self]: Loaded module segment 0 @ [0x0005E000 - 0x0008ACBF / 0x81000000] (size: 0x0002CCBF) of module vs0:sys/external/libfios2.suprx
[00:16:46.564] |I| [load_self]: Loaded module segment 1 @ [0x0008B000 - 0x00090255 / 0x8102D000] (size: 0x00005255) of module vs0:sys/external/libfios2.suprx
[00:16:46.564] |I| [load_self]: Loading symbols for SELF: vs0:sys/external/libfios2.suprx
[00:16:46.565] |D| [load_var_exports]: 	NID 0x936C8A78 (SYSLYB) at 0x8ABC8
[00:16:46.565] |D| [load_var_exports]: 	NID 0x6C2224BA (NID_MODULE_INFO) at 0x81F08
[00:16:46.565] |I| [pre_load_module]: Pre-load module SceLibFios2 (at "sys/external/libfios2.suprx") loaded
[00:16:46.575] |C| [load_self]: Unknown segment type 0x6FFFFF01
[00:16:46.576] |I| [load_self]: Loaded module segment 0 @ [0x00091000 - 0x000A49BC / 0x81000000] (size: 0x000139BC) of module vs0:sys/external/libult.suprx
[00:16:46.577] |I| [load_self]: Loaded module segment 1 @ [0x000A5000 - 0x000A5814 / 0x81014000] (size: 0x00000814) of module vs0:sys/external/libult.suprx
[00:16:46.577] |I| [load_self]: Loading symbols for SELF: vs0:sys/external/libult.suprx
[00:16:46.577] |D| [load_var_exports]: 	NID 0x936C8A78 (SYSLYB) at 0xA32E8
[00:16:46.578] |D| [load_var_exports]: 	NID 0x6C2224BA (NID_MODULE_INFO) at 0xA0870
[00:16:46.578] |I| [pre_load_module]: Pre-load module SceUlt (at "sys/external/libult.suprx") loaded
[00:16:46.587] |I| [load_self]: Loaded module segment 0 @ [0x000A6000 - 0x000F6F04 / 0x81000000] (size: 0x00050F04) of module vs0:sys/external/libSceFt2.suprx
[00:16:46.589] |I| [load_self]: Loaded module segment 1 @ [0x000F7000 - 0x000F72F4 / 0x81051000] (size: 0x000002F4) of module vs0:sys/external/libSceFt2.suprx
[00:16:46.589] |I| [load_self]: Loading symbols for SELF: vs0:sys/external/libSceFt2.suprx
[00:16:46.590] |D| [load_var_exports]: 	NID 0x936C8A78 (SYSLYB) at 0xE27DC
[00:16:46.590] |D| [load_var_exports]: 	NID 0x6C2224BA (NID_MODULE_INFO) at 0xE1F10
[00:16:46.590] |I| [pre_load_module]: Pre-load module SceLibft2 (at "sys/external/libSceFt2.suprx") loaded
[00:16:46.594] |I| [load_self]: Loaded module segment 0 @ [0x000F8000 - 0x00107F14 / 0x81000000] (size: 0x0000FF14) of module vs0:sys/external/libpvf.suprx
[00:16:46.594] |I| [load_self]: Loaded module segment 1 @ [0x00108000 - 0x00108008 / 0x81010000] (size: 0x00000008) of module vs0:sys/external/libpvf.suprx
[00:16:46.595] |I| [load_self]: Loading symbols for SELF: vs0:sys/external/libpvf.suprx
[00:16:46.595] |D| [load_var_exports]: 	NID 0x936C8A78 (SYSLYB) at 0x106710
[00:16:46.596] |D| [load_var_exports]: 	NID 0x6C2224BA (NID_MODULE_INFO) at 0x106300
[00:16:46.596] |I| [pre_load_module]: Pre-load module SceLibPvf (at "sys/external/libpvf.suprx") loaded
[00:16:46.683] |I| [load_self]: Loaded module segment 0 @ [0x00109000 - 0x0047FEEC / 0x81000000] (size: 0x00376EEC) of module app0:eboot.bin
[00:16:46.683] |I| [load_self]: Loaded module segment 1 @ [0x00480000 - 0x0189B470 / 0x81390000] (size: 0x0141B470) of module app0:eboot.bin
[00:16:46.684] |I| [load_self]: Loading symbols for SELF: app0:eboot.bin
[00:16:46.684] |D| [load_var_exports]: 	NID 0x6C2224BA (NID_MODULE_INFO) at 0x47F450
[00:16:46.684] |D| [load_var_exports]: 	NID 0x70FBA1E7 (SCE_PROC_PARAMS) at 0x47F4B0
[00:16:46.685] |D| [load_var_exports]: 	NID 0x936C8A78 (SYSLYB) at 0x47F4AC
[00:16:46.685] |I| [load_app_impl]: Main executable sonicmania.elf (eboot.bin) loaded
[00:16:46.699] |D| [run_app]: Running module_start of library: SceLibc at address 0x7871
[00:16:46.717] |T| [open_file]: sceKernelGetStdin: Opening terminal tty0:
[00:16:46.718] |T| [open_file]: sceKernelGetStdout: Opening terminal tty0:
[00:16:46.718] |T| [open_file]: sceKernelGetStderr: Opening terminal tty0:
[00:16:46.726] |I| [run_app]: Module SceLibc (at "vs0:sys/external/libc.suprx") module_start returned 0x0
[00:16:46.730] |D| [run_app]: Running module_start of library: SceLibFios2 at address 0x5E001
[00:16:46.744] |W| [stubbed_impl]: Stubbed sceKernelGetProcessId import called. (pid: 0)
[00:16:46.745] |W| [unimplemented_impl]: Unimplemented sceFiosOverlayGetList02 import called.
[00:16:46.746] |I| [run_app]: Module SceLibFios2 (at "vs0:sys/external/libfios2.suprx") module_start returned 0x0
[00:16:46.748] |D| [run_app]: Running module_start of library: SceUlt at address 0x94771
[00:16:46.762] |W| [unimplemented_impl]: Unimplemented _sceUlobjMgrRegisterLibultProtocolRevision import called.
[00:16:46.763] |I| [run_app]: Module SceUlt (at "vs0:sys/external/libult.suprx") module_start returned 0x0
[00:16:47.046] |I| [export_sceIoOpen]: Opening file: tty0:
[00:16:47.047] |T| [open_file]: sceIoOpen: Opening terminal tty0:
[00:16:47.047] |I| [export_sceIoOpen]: Opening file: tty0:
[00:16:47.047] |T| [open_file]: sceIoOpen: Opening terminal tty0:
[00:16:47.048] |I| [export_sceIoOpen]: Opening file: tty0:
[00:16:47.048] |T| [open_file]: sceIoOpen: Opening terminal tty0:
[00:16:47.200] |E| [stat_file]: Missing file at S:/Vita3k/ux0/data/Mania/Achievements.bin (target path: ux0:/data/Mania/Achievements.bin)
[00:16:47.201] |W| [io_error_impl]: stat_file (_sceIoGetstat) returned 0x80010002
[00:16:47.202] |I| [export_sceIoOpen]: Opening file: ux0:/data/Mania/Achievements.bin
[00:16:47.202] |E| [open_file]: Missing file at S:/Vita3k/ux0/data/Mania/Achievements.bin (target path: ux0:/data/Mania/Achievements.bin)
[00:16:47.202] |W| [io_error_impl]: open_file (sceIoOpen) returned 0x80010002
[00:16:47.206] |E| [stat_file]: Missing file at S:/Vita3k/ux0/data/Mania/Settings.ini (target path: ux0:/data/Mania/Settings.ini)
[00:16:47.207] |W| [io_error_impl]: stat_file (_sceIoGetstat) returned 0x80010002
[00:16:47.207] |I| [export_sceIoOpen]: Opening file: ux0:/data/Mania/Settings.ini
[00:16:47.208] |E| [open_file]: Missing file at S:/Vita3k/ux0/data/Mania/Settings.ini (target path: ux0:/data/Mania/Settings.ini)
[00:16:47.208] |W| [io_error_impl]: open_file (sceIoOpen) returned 0x80010002
[00:16:47.210] |T| [write_file]: *** TTY: iniparser: cannot open 
[00:16:47.211] |T| [write_file]: *** TTY: ux0:data/Mania/Settings.ini
[00:16:47.211] |T| [write_file]: *** TTY: 
[00:16:47.213] |I| [export_sceIoOpen]: Opening file: ux0:/data/Mania/Data.rsdk
[00:16:47.232] |T| [open_file]: sceIoOpen: Opening file ux0:/data/Mania/Data.rsdk (ux0:/data/Mania/Data.rsdk), fd: 0x6
[00:16:47.945] |T| [close_file]: sceIoClose: Closing file fd: 0x6
[00:16:47.946] |I| [export_sceIoOpen]: Opening file: ux0:/data/Mania/Data.rsdk
[00:16:47.946] |T| [open_file]: sceIoOpen: Opening file ux0:/data/Mania/Data.rsdk (ux0:/data/Mania/Data.rsdk), fd: 0x7
[00:16:47.948] |T| [close_file]: sceIoClose: Closing file fd: 0x7
[00:16:48.268] |W| [unimplemented_impl]: Unimplemented sceTouchEnableTouchForce import called.
[00:16:48.270] |W| [unimplemented_impl]: Unimplemented sceHidKeyboardEnumerate import called.
[00:16:48.270] |W| [unimplemented_impl]: Unimplemented sceHidMouseEnumerate import called.
[00:16:48.316] |W| [stubbed_impl]: Stubbed sceGxmMapFragmentUsseMemory import called. (always return success)
[00:16:48.368] |W| [stubbed_impl]: Stubbed sceGxmMapVertexUsseMemory import called. (always return success)
[00:16:48.388] |W| [stubbed_impl]: Stubbed sceKernelGetFreeMemorySize import called. (Single pool)
[00:16:48.920] |W| [stubbed_impl]: Stubbed _sceKernelGetThreadInfo import called. (STUB)
[00:16:48.920] |E| [logging::ret_error_impl]: sceKernelChangeThreadPriority2 returned SCE_KERNEL_ERROR_ILLEGAL_PRIORITY (0x80028023)
[00:16:49.028] |W| [unimplemented_impl]: Unimplemented sceCommonDialogUpdate import called.
[00:16:49.050] |I| [renderer::gl::load_shader_generic]: Generating frag shader d86996dbffeaed1eeb3c1d460482b88363dbc189f2c95c7d457e5a50b247e97d
[00:16:49.058] |D| [shader::create_parameters]: [DEFAULT  + 0] sa0 = (float4) uClearColor
[00:16:49.060] |T| [shader::usse::USSERecompiler::compile_code_node]: Compiling code_0, size = 2
[00:16:49.068] |D| [shader::spirv_disasm_print]: SPIR-V Disassembly:
// Module Version 10300
// Generated by (magic number): 1337000
// Id's are bound by 198

                              Capability Shader
                              Capability Float16
                              Capability StorageImageReadWithoutFormat
             109:             ExtInstImport  "GLSL.std.450"
             145:             ExtInstImport  "GLSL.std.450"
             183:             ExtInstImport  "GLSL.std.450"
                              MemoryModel Logical GLSL450
                              EntryPoint Fragment 4  "main_fs" 64 72 121
                              ExecutionMode 4 OriginLowerLeft
               1:             String  "d86996dbffeaed1eeb3c1d460482b88363dbc189f2c95c7d457e5a50b247e97d"
                              SourceExtension  "gxp"
                              Name 4  "main_fs"
                              Name 21  "pa"
                              Name 22  "sa"
                              Name 24  "internals"
                              Name 26  "r"
                              Name 28  "p"
                              Name 30  "idx"
                              Name 31  "outs"
                              Name 33  "i"
                              Name 36  "fragmentDataType"
                              Name 38  "fragmentData"
                              MemberName 36(fragmentDataType) 0  "buffer14"
                              Name 60  "GxmRenderFragBufferBlock"
                              MemberName 60(GxmRenderFragBufferBlock) 0  "back_disabled"
                              MemberName 60(GxmRenderFragBufferBlock) 1  "front_disabled"
                              MemberName 60(GxmRenderFragBufferBlock) 2  "writing_mask"
                              MemberName 60(GxmRenderFragBufferBlock) 3  "use_raw_image"
                              MemberName 60(GxmRenderFragBufferBlock) 4  "integral_query_formats"
                              MemberName 60(GxmRenderFragBufferBlock) 5  "res_multiplier"
                              Name 62  "renderFragInfo"
                              Name 64  "gl_FragCoord"
                              Name 67  "f_mask"
                              Name 68  "frag_init"
                              Name 72  "gl_FrontFacing"
                              Name 91  "frag_output_finalize"
                              Name 106  "unpack2xF16"
                              Name 121  "out_color"
                              Name 151  "primary_program"
                              Name 181  "pack2xF16"
                              Decorate 35 ArrayStride 16
                              Decorate 36(fragmentDataType) Block
                              Decorate 36(fragmentDataType) GLSLShared
                              Decorate 38(fragmentData) Restrict
                              Decorate 38(fragmentData) NonWritable
                              Decorate 38(fragmentData) Binding 1
                              MemberDecorate 36(fragmentDataType) 0 Offset 0
                              Decorate 59 ArrayStride 16
                              Decorate 60(GxmRenderFragBufferBlock) Block
                              Decorate 60(GxmRenderFragBufferBlock) GLSLShared
                              MemberDecorate 60(GxmRenderFragBufferBlock) 0 Offset 0
                              MemberDecorate 60(GxmRenderFragBufferBlock) 1 Offset 4
                              MemberDecorate 60(GxmRenderFragBufferBlock) 2 Offset 8
                              MemberDecorate 60(GxmRenderFragBufferBlock) 3 Offset 12
                              MemberDecorate 60(GxmRenderFragBufferBlock) 4 Offset 16
                              MemberDecorate 60(GxmRenderFragBufferBlock) 5 Offset 80
                              Decorate 62(renderFragInfo) Binding 3
                              Decorate 64(gl_FragCoord) BuiltIn FragCoord
                              Decorate 67(f_mask) Binding 1
                              Decorate 72(gl_FrontFacing) BuiltIn FrontFacing
                              Decorate 121(out_color) Location 0
               2:             TypeVoid
               3:             TypeFunction 2
               6:             TypeFloat 32
               7:             TypeInt 32 1
               8:             TypeBool
               9:             TypeVector 6(float) 4
              10:      7(int) Constant 32
              11:             TypeArray 9(fvec4) 10
              12:      7(int) Constant 3
              13:             TypeArray 9(fvec4) 12
              14:      7(int) Constant 20
              15:             TypeArray 9(fvec4) 14
              16:      7(int) Constant 2
              17:             TypeArray 7(int) 16
              18:      7(int) Constant 4
              19:             TypeArray 8(bool) 18
              20:             TypePointer Private 11
          21(pa):     20(ptr) Variable Private
          22(sa):     20(ptr) Variable Private
              23:             TypePointer Private 13
   24(internals):     23(ptr) Variable Private
              25:             TypePointer Private 15
           26(r):     25(ptr) Variable Private
              27:             TypePointer Private 19
           28(p):     27(ptr) Variable Private
              29:             TypePointer Private 17
         30(idx):     29(ptr) Variable Private
        31(outs):     25(ptr) Variable Private
              32:             TypePointer Function 7(int)
              34:      7(int) Constant 1
              35:             TypeArray 9(fvec4) 34
36(fragmentDataType):             TypeStruct 35
              37:             TypePointer StorageBuffer 36(fragmentDataType)
38(fragmentData):     37(ptr) Variable StorageBuffer
              39:      7(int) Constant 0
              40:             TypePointer StorageBuffer 35
              49:             TypePointer StorageBuffer 9(fvec4)
              54:             TypePointer Private 9(fvec4)
              59:             TypeArray 9(fvec4) 18
60(GxmRenderFragBufferBlock):             TypeStruct 6(float) 6(float) 6(float) 6(float) 59 7(int)
              61:             TypePointer Uniform 60(GxmRenderFragBufferBlock)
62(renderFragInfo):     61(ptr) Variable Uniform
              63:             TypePointer Input 9(fvec4)
64(gl_FragCoord):     63(ptr) Variable Input
              65:             TypeImage 6(float) 2D nonsampled format:Rgba8
              66:             TypePointer UniformConstant 65
      67(f_mask):     66(ptr) Variable UniformConstant
              70:    6(float) Constant 0
              71:             TypePointer Input 8(bool)
72(gl_FrontFacing):     71(ptr) Variable Input
              73:             TypePointer Uniform 6(float)
              93:    6(float) Constant 1065353216
             100:             TypeVector 6(float) 2
             103:             TypeInt 32 0
             104:             TypeFunction 100(fvec2) 6(float)
             120:             TypePointer Output 9(fvec4)
  121(out_color):    120(ptr) Variable Output
             122:             TypeVector 7(int) 2
             124:             TypeVector 7(int) 4
             127:      7(int) Constant 5
             128:             TypePointer Uniform 7(int)
             135:    6(float) Constant 1056964608
             136:    9(fvec4) ConstantComposite 135 135 135 135
             137:             TypeVector 8(bool) 4
             146:    6(float) Constant 1073741824
             147:  100(fvec2) ConstantComposite 70 70
             148:             TypeVector 6(float) 3
             149:  148(fvec3) ConstantComposite 70 70 70
             150:    9(fvec4) ConstantComposite 70 70 70 70
             179:             TypeFunction 6(float) 100(fvec2)
      4(main_fs):           2 Function None 3
               5:             Label
           33(i):     32(ptr) Variable Function
              41:     40(ptr) AccessChain 38(fragmentData) 39
                              Store 33(i) 39
                              Branch 42
              42:             Label
              46:      7(int) Load 33(i)
              47:     8(bool) SLessThan 46 34
                              LoopMerge 44 45 None
                              BranchConditional 47 43 44
              43:               Label
              48:      7(int)   Load 33(i)
              50:     49(ptr)   AccessChain 41 48
              51:      7(int)   Load 33(i)
              52:      7(int)   Load 33(i)
              53:      7(int)   IAdd 51 39
              55:     54(ptr)   AccessChain 22(sa) 53
              56:    9(fvec4)   Load 50
                                Store 55 56
              57:      7(int)   Load 33(i)
              58:      7(int)   IAdd 57 34
                                Store 33(i) 58
                                Branch 45
              45:               Label
                                Branch 42
              44:             Label
             144:           2 FunctionCall 68(frag_init)
             196:           2 FunctionCall 151(primary_program)
             197:           2 FunctionCall 91(frag_output_finalize)
                              Return
                              FunctionEnd
   68(frag_init):           2 Function None 3
              69:             Label
              74:     73(ptr) AccessChain 62(renderFragInfo) 34
              75:     73(ptr) AccessChain 62(renderFragInfo) 39
              76:     8(bool) Load 72(gl_FrontFacing)
              77:    6(float) Load 74
              78:     8(bool) FOrdNotEqual 77 70
              79:     8(bool) LogicalAnd 78 76
                              SelectionMerge 81 None
                              BranchConditional 79 80 81
              80:               Label
                                Kill
              81:             Label
              83:    6(float) Load 75
              84:     8(bool) FOrdNotEqual 83 70
              85:     8(bool) LogicalNot 76
              86:     8(bool) LogicalAnd 84 85
                              SelectionMerge 88 None
                              BranchConditional 86 87 88
              87:               Label
                                Kill
              88:             Label
                              Return
                              FunctionEnd
91(frag_output_finalize):           2 Function None 3
              92:             Label
              94:     54(ptr) AccessChain 21(pa) 39
              95:     54(ptr) AccessChain 21(pa) 39
              96:    9(fvec4) Load 95
              97:    9(fvec4) Load 94
              98:    6(float) VectorExtractDynamic 97 39
              99:    6(float) VectorExtractDynamic 97 34
             101:  100(fvec2) CompositeConstruct 98 99
             102:    6(float) VectorExtractDynamic 101 39
             112:  100(fvec2) FunctionCall 106(unpack2xF16) 102
             113:    6(float) VectorExtractDynamic 101 34
             114:  100(fvec2) FunctionCall 106(unpack2xF16) 113
             115:    6(float) VectorExtractDynamic 112 39
             116:    6(float) VectorExtractDynamic 112 34
             117:    6(float) VectorExtractDynamic 114 39
             118:    6(float) VectorExtractDynamic 114 34
             119:    9(fvec4) CompositeConstruct 115 116 117 118
                              Store 121(out_color) 119
             123:    9(fvec4) Load 64(gl_FragCoord)
             125:  124(ivec4) ConvertFToS 123
             126:  122(ivec2) VectorShuffle 125 125 0 1
             129:    128(ptr) AccessChain 62(renderFragInfo) 127
             130:      7(int) Load 129
             131:  122(ivec2) CompositeConstruct 130 130
             132:  122(ivec2) SDiv 126 131
             133:          65 Load 67(f_mask)
             134:    9(fvec4) ImageRead 133 132
             138:  137(bvec4) FOrdLessThan 134 136
             139:     8(bool) All 138
                              SelectionMerge 141 None
                              BranchConditional 139 140 141
             140:               Label
                                Kill
             141:             Label
                              Return
                              FunctionEnd
106(unpack2xF16):  100(fvec2) Function None 104
             105:    6(float) FunctionParameter
             107:             Label
             108:    103(int) Bitcast 105
             110:  100(fvec2) ExtInst 109(GLSL.std.450) 62(UnpackHalf2x16) 108
                              ReturnValue 110
                              FunctionEnd
151(primary_program):           2 Function None 3
             152:             Label
                              Line 1 1 0
             153:     54(ptr) AccessChain 22(sa) 39
             154:     54(ptr) AccessChain 22(sa) 39
             155:    9(fvec4) Load 154
             156:    9(fvec4) Load 153
             157:     54(ptr) AccessChain 22(sa) 39
             158:     54(ptr) AccessChain 22(sa) 39
             159:    9(fvec4) Load 158
             160:    9(fvec4) Load 157
             161:    6(float) VectorExtractDynamic 160 39
             162:    6(float) VectorExtractDynamic 160 34
             163:  100(fvec2) CompositeConstruct 161 162
             164:     54(ptr) AccessChain 22(sa) 39
             165:     54(ptr) AccessChain 22(sa) 34
             166:    9(fvec4) Load 165
             167:    9(fvec4) Load 164
             168:    6(float) VectorExtractDynamic 167 16
             169:    6(float) VectorExtractDynamic 167 12
             170:  100(fvec2) CompositeConstruct 168 169
             171:    6(float) VectorExtractDynamic 163 39
             172:    6(float) VectorExtractDynamic 163 34
             173:    6(float) VectorExtractDynamic 170 39
             174:    6(float) VectorExtractDynamic 170 34
             175:    9(fvec4) CompositeConstruct 171 172 173 174
             176:    6(float) VectorExtractDynamic 175 39
             177:    6(float) VectorExtractDynamic 175 34
             178:  100(fvec2) CompositeConstruct 176 177
             187:    6(float) FunctionCall 181(pack2xF16) 178
             188:    6(float) VectorExtractDynamic 175 16
             189:    6(float) VectorExtractDynamic 175 12
             190:  100(fvec2) CompositeConstruct 188 189
             191:    6(float) FunctionCall 181(pack2xF16) 190
             192:  100(fvec2) CompositeConstruct 187 191
             193:     54(ptr) AccessChain 21(pa) 39
             194:    9(fvec4) Load 193
             195:    9(fvec4) VectorShuffle 194 192 4 5 2 3
                              Store 193 195
                              Return
                              FunctionEnd
  181(pack2xF16):    6(float) Function None 179
             180:  100(fvec2) FunctionParameter
             182:             Label
             184:    103(int) ExtInst 183(GLSL.std.450) 58(PackHalf2x16) 180
             185:    6(float) Bitcast 184
                              ReturnValue 185
                              FunctionEnd

[00:16:49.092] |I| [shader::convert_gxp_to_glsl]: Generated GLSL:
#version 430
#ifdef GL_ARB_fragment_shader_interlock
#extension GL_ARB_fragment_shader_interlock : enable
#define SPIRV_Cross_beginInvocationInterlock() beginInvocationInterlockARB()
#define SPIRV_Cross_endInvocationInterlock() endInvocationInterlockARB()
#elif defined(GL_INTEL_fragment_shader_ordering)
#extension GL_INTEL_fragment_shader_ordering : enable
#define SPIRV_Cross_beginInvocationInterlock() beginFragmentShaderOrderingINTEL()
#define SPIRV_Cross_endInvocationInterlock()
#endif
// Shader Name: d86996dbffeaed1eeb3c1d460482b88363dbc189f2c95c7d457e5a50b247e97d

layout(binding = 1, std430) restrict readonly buffer fragmentDataType
{
    vec4 buffer14[1];
} fragmentData;

layout(binding = 3, std140) uniform GxmRenderFragBufferBlock
{
    float back_disabled;
    float front_disabled;
    float writing_mask;
    float use_raw_image;
    vec4 integral_query_formats[4];
    int res_multiplier;
} renderFragInfo;

layout(binding = 1, rgba8) uniform readonly image2D f_mask;

layout(location = 0) out vec4 out_color;
vec4 pa[32];
vec4 sa[32];
vec4 internals[3];
vec4 r[20];
bool p[4];
int idx[2];
vec4 outs[20];

void frag_init()
{
    if ((renderFragInfo.front_disabled != 0.0) && gl_FrontFacing)
    {
        discard;
    }
    if ((renderFragInfo.back_disabled != 0.0) && (!gl_FrontFacing))
    {
        discard;
    }
}

float pack2xF16(vec2 _180)
{
    return uintBitsToFloat(packHalf2x16(_180));
}

void primary_program()
{
    vec2 _163 = vec2(sa[0].x, sa[0].y);
    vec2 _170 = vec2(sa[0].z, sa[0].w);
    vec4 _175 = vec4(_163.x, _163.y, _170.x, _170.y);
    vec2 _192 = vec2(pack2xF16(vec2(_175.x, _175.y)), pack2xF16(vec2(_175.z, _175.w)));
    pa[0] = vec4(_192.x, _192.y, pa[0].z, pa[0].w);
}

vec2 unpack2xF16(float _105)
{
    return unpackHalf2x16(floatBitsToUint(_105));
}

void frag_output_finalize()
{
    vec2 _101 = vec2(pa[0].x, pa[0].y);
    vec2 _112 = unpack2xF16(_101.x);
    vec2 _114 = unpack2xF16(_101.y);
    out_color = vec4(_112.x, _112.y, _114.x, _114.y);
    if (all(lessThan(imageLoad(f_mask, ivec4(gl_FragCoord).xy / ivec2(renderFragInfo.res_multiplier)), vec4(0.5))))
    {
        discard;
    }
}

void main()
{
    int i = 0;
    while (i < 1)
    {
        sa[i + 0] = fragmentData.buffer14[i];
        i++;
    }
    frag_init();
    primary_program();
    frag_output_finalize();
}


[00:16:49.114] |I| [renderer::gl::load_shader_generic]: Generating vert shader 999fea77cd8856d065b48529baa03b2e2c4b1ff25d112de9433c6618ceec7180
[00:16:49.118] |D| [shader::create_parameters]: [BUFFER0  + 0] pa0 = (float4) aPosition
[00:16:49.119] |T| [shader::usse::USSERecompiler::compile_code_node]: Compiling code_0, size = 4
[00:16:49.124] |D| [shader::spirv_disasm_print]: SPIR-V Disassembly:
// Module Version 10300
// Generated by (magic number): 1337000
// Id's are bound by 127

                              Capability Shader
                              Capability Float16
                              Capability StorageImageReadWithoutFormat
             100:             ExtInstImport  "GLSL.std.450"
                              MemoryModel Logical GLSL450
                              EntryPoint Vertex 4  "main_vs" 35 43
               1:             String  "999fea77cd8856d065b48529baa03b2e2c4b1ff25d112de9433c6618ceec7180"
                              SourceExtension  "gxp"
                              Name 4  "main_vs"
                              Name 21  "pa"
                              Name 22  "sa"
                              Name 24  "internals"
                              Name 26  "r"
                              Name 28  "p"
                              Name 30  "idx"
                              Name 31  "outs"
                              Name 33  "i"
                              Name 35  "aPosition"
                              Name 37  "GxmRenderVertBufferBlock"
                              MemberName 37(GxmRenderVertBufferBlock) 0  "viewport_flip"
                              MemberName 37(GxmRenderVertBufferBlock) 1  "viewport_flag"
                              MemberName 37(GxmRenderVertBufferBlock) 2  "screen_width"
                              MemberName 37(GxmRenderVertBufferBlock) 3  "screen_height"
                              MemberName 37(GxmRenderVertBufferBlock) 4  "integral_query_formats"
                              Name 39  "renderVertInfo"
                              Name 40  "vert_output_finalize"
                              Name 43  "v_Position"
                              Name 88  "i"
                              Name 106  "primary_program"
                              Decorate 35(aPosition) Location 0
                              Decorate 36 ArrayStride 16
                              Decorate 37(GxmRenderVertBufferBlock) Block
                              Decorate 37(GxmRenderVertBufferBlock) GLSLShared
                              MemberDecorate 37(GxmRenderVertBufferBlock) 0 Offset 0
                              MemberDecorate 37(GxmRenderVertBufferBlock) 1 Offset 16
                              MemberDecorate 37(GxmRenderVertBufferBlock) 2 Offset 20
                              MemberDecorate 37(GxmRenderVertBufferBlock) 3 Offset 24
                              MemberDecorate 37(GxmRenderVertBufferBlock) 4 Offset 32
                              Decorate 39(renderVertInfo) Binding 2
                              Decorate 43(v_Position) BuiltIn Position
               2:             TypeVoid
               3:             TypeFunction 2
               6:             TypeFloat 32
               7:             TypeInt 32 1
               8:             TypeBool
               9:             TypeVector 6(float) 4
              10:      7(int) Constant 32
              11:             TypeArray 9(fvec4) 10
              12:      7(int) Constant 3
              13:             TypeArray 9(fvec4) 12
              14:      7(int) Constant 20
              15:             TypeArray 9(fvec4) 14
              16:      7(int) Constant 2
              17:             TypeArray 7(int) 16
              18:      7(int) Constant 4
              19:             TypeArray 8(bool) 18
              20:             TypePointer Private 11
          21(pa):     20(ptr) Variable Private
          22(sa):     20(ptr) Variable Private
              23:             TypePointer Private 13
   24(internals):     23(ptr) Variable Private
              25:             TypePointer Private 15
           26(r):     25(ptr) Variable Private
              27:             TypePointer Private 19
           28(p):     27(ptr) Variable Private
              29:             TypePointer Private 17
         30(idx):     29(ptr) Variable Private
        31(outs):     25(ptr) Variable Private
              32:             TypePointer Function 7(int)
              34:             TypePointer Input 9(fvec4)
   35(aPosition):     34(ptr) Variable Input
              36:             TypeArray 9(fvec4) 18
37(GxmRenderVertBufferBlock):             TypeStruct 9(fvec4) 6(float) 6(float) 6(float) 36
              38:             TypePointer Uniform 37(GxmRenderVertBufferBlock)
39(renderVertInfo):     38(ptr) Variable Uniform
              42:             TypePointer Output 9(fvec4)
  43(v_Position):     42(ptr) Variable Output
              44:             TypePointer Private 9(fvec4)
              45:      7(int) Constant 0
              50:    6(float) Constant 1056964608
              51:    6(float) Constant 1065353216
              52:    6(float) Constant 3212836864
              53:    6(float) Constant 1073741824
              54:    6(float) Constant 3221225472
              55:    6(float) Constant 0
              56:      7(int) Constant 1
              57:             TypePointer Uniform 6(float)
              73:             TypePointer Uniform 9(fvec4)
              77:             TypePointer Output 6(float)
              89:    9(fvec4) ConstantComposite 55 55 55 55
             101:             TypeInt 32 0
             102:             TypeVector 6(float) 2
             103:  102(fvec2) ConstantComposite 55 55
             104:             TypeVector 6(float) 3
             105:  104(fvec3) ConstantComposite 55 55 55
             115:  102(fvec2) ConstantComposite 51 51
      4(main_vs):           2 Function None 3
               5:             Label
           33(i):     32(ptr) Variable Function
           88(i):     32(ptr) Variable Function
              86:    9(fvec4) Load 35(aPosition)
              87:     44(ptr) AccessChain 21(pa) 45
                              Store 87 86
                              Store 88(i) 45
                              Branch 90
              90:             Label
              94:      7(int) Load 88(i)
              95:     8(bool) SLessThan 94 14
                              LoopMerge 92 93 None
                              BranchConditional 95 91 92
              91:               Label
              96:      7(int)   Load 88(i)
              97:     44(ptr)   AccessChain 31(outs) 96
                                Store 97 89
              98:      7(int)   Load 88(i)
              99:      7(int)   IAdd 98 56
                                Store 88(i) 99
                                Branch 93
              93:               Label
                                Branch 90
              92:             Label
             125:           2 FunctionCall 106(primary_program)
             126:           2 FunctionCall 40(vert_output_finalize)
                              Return
                              FunctionEnd
40(vert_output_finalize):           2 Function None 3
              41:             Label
              46:     44(ptr) AccessChain 31(outs) 45
              47:     44(ptr) AccessChain 31(outs) 45
              48:    9(fvec4) Load 47
              49:    9(fvec4) Load 46
              58:     57(ptr) AccessChain 39(renderVertInfo) 56
              59:     57(ptr) AccessChain 39(renderVertInfo) 16
              60:     57(ptr) AccessChain 39(renderVertInfo) 12
              61:    6(float) Load 58
              62:     8(bool) FOrdLessThan 61 50
                              SelectionMerge 64 None
                              BranchConditional 62 63 81
              63:               Label
              65:    6(float)   Load 59
              66:    6(float)   FDiv 53 65
              67:    6(float)   Load 60
              68:    6(float)   FDiv 54 67
              69:    9(fvec4)   CompositeConstruct 66 68 51 51
              70:    9(fvec4)   CompositeConstruct 52 51 55 55
              71:    9(fvec4)   FMul 49 69
              72:    9(fvec4)   FAdd 71 70
              74:     73(ptr)   AccessChain 39(renderVertInfo) 45
              75:    9(fvec4)   Load 74
              76:    9(fvec4)   FMul 72 75
                                Store 43(v_Position) 76
              78:     77(ptr)   AccessChain 43(v_Position) 16
              79:     77(ptr)   AccessChain 43(v_Position) 12
              80:    6(float)   Load 79
                                Store 78 80
                                Branch 64
              81:               Label
              82:     73(ptr)   AccessChain 39(renderVertInfo) 45
              83:    9(fvec4)   Load 82
              84:    9(fvec4)   FMul 49 83
                                Store 43(v_Position) 84
                                Branch 64
              64:             Label
                              Return
                              FunctionEnd
106(primary_program):           2 Function None 3
             107:             Label
                              Line 1 1 0
             108:     44(ptr) AccessChain 21(pa) 45
             109:     44(ptr) AccessChain 21(pa) 45
             110:    9(fvec4) Load 109
             111:    9(fvec4) Load 108
             112:    6(float) VectorExtractDynamic 111 45
             113:    6(float) VectorExtractDynamic 111 56
             114:  102(fvec2) CompositeConstruct 112 113
             116:  102(fvec2) FMul 114 115
             117:     44(ptr) AccessChain 31(outs) 45
             118:    9(fvec4) Load 117
             119:    9(fvec4) VectorShuffle 118 116 4 5 2 3
                              Store 117 119
                              Line 1 2 0
             120:  102(fvec2) CompositeConstruct 51 51
             121:  102(fvec2) FMul 120 115
             122:     44(ptr) AccessChain 31(outs) 45
             123:    9(fvec4) Load 122
             124:    9(fvec4) VectorShuffle 123 121 0 1 4 5
                              Store 122 124
                              Return
                              FunctionEnd

[00:16:49.134] |I| [shader::convert_gxp_to_glsl]: Generated GLSL:
#version 430
#ifdef GL_ARB_fragment_shader_interlock
#extension GL_ARB_fragment_shader_interlock : enable
#define SPIRV_Cross_beginInvocationInterlock() beginInvocationInterlockARB()
#define SPIRV_Cross_endInvocationInterlock() endInvocationInterlockARB()
#elif defined(GL_INTEL_fragment_shader_ordering)
#extension GL_INTEL_fragment_shader_ordering : enable
#define SPIRV_Cross_beginInvocationInterlock() beginFragmentShaderOrderingINTEL()
#define SPIRV_Cross_endInvocationInterlock()
#endif
// Shader Name: 999fea77cd8856d065b48529baa03b2e2c4b1ff25d112de9433c6618ceec7180

layout(binding = 2, std140) uniform GxmRenderVertBufferBlock
{
    vec4 viewport_flip;
    float viewport_flag;
    float screen_width;
    float screen_height;
    vec4 integral_query_formats[4];
} renderVertInfo;

layout(location = 0) in vec4 aPosition;
vec4 pa[32];
vec4 sa[32];
vec4 internals[3];
vec4 r[20];
bool p[4];
int idx[2];
vec4 outs[20];

void primary_program()
{
    vec2 _116 = vec2(pa[0].x, pa[0].y) * vec2(1.0);
    outs[0] = vec4(_116.x, _116.y, outs[0].z, outs[0].w);
    vec2 _121 = vec2(1.0) * vec2(1.0);
    outs[0] = vec4(outs[0].x, outs[0].y, _121.x, _121.y);
}

void vert_output_finalize()
{
    if (renderVertInfo.viewport_flag < 0.5)
    {
        gl_Position = ((outs[0] * vec4(2.0 / renderVertInfo.screen_width, (-2.0) / renderVertInfo.screen_height, 1.0, 1.0)) + vec4(-1.0, 1.0, 0.0, 0.0)) * renderVertInfo.viewport_flip;
        gl_Position.z = gl_Position.w;
    }
    else
    {
        gl_Position = outs[0] * renderVertInfo.viewport_flip;
    }
}

void main()
{
    pa[0] = aPosition;
    int i_1 = 0;
    while (i_1 < 20)
    {
        outs[i_1] = vec4(0.0);
        i_1++;
    }
    primary_program();
    vert_output_finalize();
}


[00:16:49.168] |E| [renderer::gl::compile_program]: Fragment info
-------------
0(31) : warning C7050: "pa[0].zw" might be used before being initialized


[00:16:49.179] |I| [renderer::gl::load_shader_generic]: Generating frag shader a8410c597b716e78a8b4a4c66ab8a93ee38ff146d97f49aef60389e5c17dadd9
[00:16:49.183] |D| [shader::create_fragment_inputs]: Iterator: pa0 = (float4) v_Color0
[00:16:49.184] |T| [shader::create_fragment_inputs]: pa4 = tex2D<float4>(tex, TEXCOORD0.xy)
[00:16:49.184] |T| [shader::usse::USSERecompiler::compile_code_node]: Compiling code_0, size = 5
[00:16:49.189] |D| [shader::spirv_disasm_print]: SPIR-V Disassembly:
// Module Version 10300
// Generated by (magic number): 1337000
// Id's are bound by 222

                              Capability Shader
                              Capability Float16
                              Capability StorageImageReadWithoutFormat
              93:             ExtInstImport  "GLSL.std.450"
             131:             ExtInstImport  "GLSL.std.450"
             207:             ExtInstImport  "GLSL.std.450"
                              MemoryModel Logical GLSL450
                              EntryPoint Fragment 4  "main_fs" 43 44 45 53 105
                              ExecutionMode 4 OriginLowerLeft
               1:             String  "a8410c597b716e78a8b4a4c66ab8a93ee38ff146d97f49aef60389e5c17dadd9"
                              SourceExtension  "gxp"
                              Name 4  "main_fs"
                              Name 21  "pa"
                              Name 22  "sa"
                              Name 24  "internals"
                              Name 26  "r"
                              Name 28  "p"
                              Name 30  "idx"
                              Name 31  "outs"
                              Name 33  "i"
                              Name 37  "fragTex_tex"
                              Name 39  "GxmRenderFragBufferBlock"
                              MemberName 39(GxmRenderFragBufferBlock) 0  "back_disabled"
                              MemberName 39(GxmRenderFragBufferBlock) 1  "front_disabled"
                              MemberName 39(GxmRenderFragBufferBlock) 2  "writing_mask"
                              MemberName 39(GxmRenderFragBufferBlock) 3  "use_raw_image"
                              MemberName 39(GxmRenderFragBufferBlock) 4  "integral_query_formats"
                              MemberName 39(GxmRenderFragBufferBlock) 5  "res_multiplier"
                              Name 41  "renderFragInfo"
                              Name 43  "gl_FragCoord"
                              Name 44  "v_Color0"
                              Name 45  "v_TexCoord0"
                              Name 48  "f_mask"
                              Name 49  "frag_init"
                              Name 53  "gl_FrontFacing"
                              Name 74  "frag_output_finalize"
                              Name 90  "unpack2xF16"
                              Name 105  "out_color"
                              Name 141  "primary_program"
                              Name 205  "pack2xF16"
                              Decorate 37(fragTex_tex) Binding 0
                              Decorate 38 ArrayStride 16
                              Decorate 39(GxmRenderFragBufferBlock) Block
                              Decorate 39(GxmRenderFragBufferBlock) GLSLShared
                              MemberDecorate 39(GxmRenderFragBufferBlock) 0 Offset 0
                              MemberDecorate 39(GxmRenderFragBufferBlock) 1 Offset 4
                              MemberDecorate 39(GxmRenderFragBufferBlock) 2 Offset 8
                              MemberDecorate 39(GxmRenderFragBufferBlock) 3 Offset 12
                              MemberDecorate 39(GxmRenderFragBufferBlock) 4 Offset 16
                              MemberDecorate 39(GxmRenderFragBufferBlock) 5 Offset 80
                              Decorate 41(renderFragInfo) Binding 3
                              Decorate 43(gl_FragCoord) BuiltIn FragCoord
                              Decorate 44(v_Color0) Location 1
                              Decorate 45(v_TexCoord0) Location 4
                              Decorate 48(f_mask) Binding 1
                              Decorate 53(gl_FrontFacing) BuiltIn FrontFacing
                              Decorate 105(out_color) Location 0
               2:             TypeVoid
               3:             TypeFunction 2
               6:             TypeFloat 32
               7:             TypeInt 32 1
               8:             TypeBool
               9:             TypeVector 6(float) 4
              10:      7(int) Constant 32
              11:             TypeArray 9(fvec4) 10
              12:      7(int) Constant 3
              13:             TypeArray 9(fvec4) 12
              14:      7(int) Constant 20
              15:             TypeArray 9(fvec4) 14
              16:      7(int) Constant 2
              17:             TypeArray 7(int) 16
              18:      7(int) Constant 4
              19:             TypeArray 8(bool) 18
              20:             TypePointer Private 11
          21(pa):     20(ptr) Variable Private
          22(sa):     20(ptr) Variable Private
              23:             TypePointer Private 13
   24(internals):     23(ptr) Variable Private
              25:             TypePointer Private 15
           26(r):     25(ptr) Variable Private
              27:             TypePointer Private 19
           28(p):     27(ptr) Variable Private
              29:             TypePointer Private 17
         30(idx):     29(ptr) Variable Private
        31(outs):     25(ptr) Variable Private
              32:             TypePointer Function 7(int)
              34:             TypeImage 6(float) 2D sampled format:Unknown
              35:             TypeSampledImage 34
              36:             TypePointer UniformConstant 35
 37(fragTex_tex):     36(ptr) Variable UniformConstant
              38:             TypeArray 9(fvec4) 18
39(GxmRenderFragBufferBlock):             TypeStruct 6(float) 6(float) 6(float) 6(float) 38 7(int)
              40:             TypePointer Uniform 39(GxmRenderFragBufferBlock)
41(renderFragInfo):     40(ptr) Variable Uniform
              42:             TypePointer Input 9(fvec4)
43(gl_FragCoord):     42(ptr) Variable Input
    44(v_Color0):     42(ptr) Variable Input
 45(v_TexCoord0):     42(ptr) Variable Input
              46:             TypeImage 6(float) 2D nonsampled format:Rgba8
              47:             TypePointer UniformConstant 46
      48(f_mask):     47(ptr) Variable UniformConstant
              51:    6(float) Constant 0
              52:             TypePointer Input 8(bool)
53(gl_FrontFacing):     52(ptr) Variable Input
              54:      7(int) Constant 1
              55:             TypePointer Uniform 6(float)
              57:      7(int) Constant 0
              76:    6(float) Constant 1065353216
              77:             TypePointer Private 9(fvec4)
              84:             TypeVector 6(float) 2
              87:             TypeInt 32 0
              88:             TypeFunction 84(fvec2) 6(float)
             104:             TypePointer Output 9(fvec4)
  105(out_color):    104(ptr) Variable Output
             106:             TypeVector 7(int) 2
             108:             TypeVector 7(int) 4
             111:      7(int) Constant 5
             112:             TypePointer Uniform 7(int)
             119:    6(float) Constant 1056964608
             120:    9(fvec4) ConstantComposite 119 119 119 119
             121:             TypeVector 8(bool) 4
             132:    6(float) Constant 1073741824
             133:   84(fvec2) ConstantComposite 51 51
             134:             TypeVector 6(float) 3
             135:  134(fvec3) ConstantComposite 51 51 51
             136:    9(fvec4) ConstantComposite 51 51 51 51
             203:             TypeFunction 6(float) 84(fvec2)
      4(main_fs):           2 Function None 3
               5:             Label
           33(i):     32(ptr) Variable Function
             128:    9(fvec4) Load 44(v_Color0)
             129:     77(ptr) AccessChain 21(pa) 57
                              Store 129 128
             130:           2 FunctionCall 49(frag_init)
             137:    9(fvec4) Load 45(v_TexCoord0)
             138:          35 Load 37(fragTex_tex)
             139:    9(fvec4) ImageSampleImplicitLod 138 137
             140:     77(ptr) AccessChain 21(pa) 54
                              Store 140 139
             220:           2 FunctionCall 141(primary_program)
             221:           2 FunctionCall 74(frag_output_finalize)
                              Return
                              FunctionEnd
   49(frag_init):           2 Function None 3
              50:             Label
              56:     55(ptr) AccessChain 41(renderFragInfo) 54
              58:     55(ptr) AccessChain 41(renderFragInfo) 57
              59:     8(bool) Load 53(gl_FrontFacing)
              60:    6(float) Load 56
              61:     8(bool) FOrdNotEqual 60 51
              62:     8(bool) LogicalAnd 61 59
                              SelectionMerge 64 None
                              BranchConditional 62 63 64
              63:               Label
                                Kill
              64:             Label
              66:    6(float) Load 58
              67:     8(bool) FOrdNotEqual 66 51
              68:     8(bool) LogicalNot 59
              69:     8(bool) LogicalAnd 67 68
                              SelectionMerge 71 None
                              BranchConditional 69 70 71
              70:               Label
                                Kill
              71:             Label
                              Return
                              FunctionEnd
74(frag_output_finalize):           2 Function None 3
              75:             Label
              78:     77(ptr) AccessChain 21(pa) 57
              79:     77(ptr) AccessChain 21(pa) 57
              80:    9(fvec4) Load 79
              81:    9(fvec4) Load 78
              82:    6(float) VectorExtractDynamic 81 57
              83:    6(float) VectorExtractDynamic 81 54
              85:   84(fvec2) CompositeConstruct 82 83
              86:    6(float) VectorExtractDynamic 85 57
              96:   84(fvec2) FunctionCall 90(unpack2xF16) 86
              97:    6(float) VectorExtractDynamic 85 54
              98:   84(fvec2) FunctionCall 90(unpack2xF16) 97
              99:    6(float) VectorExtractDynamic 96 57
             100:    6(float) VectorExtractDynamic 96 54
             101:    6(float) VectorExtractDynamic 98 57
             102:    6(float) VectorExtractDynamic 98 54
             103:    9(fvec4) CompositeConstruct 99 100 101 102
                              Store 105(out_color) 103
             107:    9(fvec4) Load 43(gl_FragCoord)
             109:  108(ivec4) ConvertFToS 107
             110:  106(ivec2) VectorShuffle 109 109 0 1
             113:    112(ptr) AccessChain 41(renderFragInfo) 111
             114:      7(int) Load 113
             115:  106(ivec2) CompositeConstruct 114 114
             116:  106(ivec2) SDiv 110 115
             117:          46 Load 48(f_mask)
             118:    9(fvec4) ImageRead 117 116
             122:  121(bvec4) FOrdLessThan 118 120
             123:     8(bool) All 122
                              SelectionMerge 125 None
                              BranchConditional 123 124 125
             124:               Label
                                Kill
             125:             Label
                              Return
                              FunctionEnd
 90(unpack2xF16):   84(fvec2) Function None 88
              89:    6(float) FunctionParameter
              91:             Label
              92:     87(int) Bitcast 89
              94:   84(fvec2) ExtInst 93(GLSL.std.450) 62(UnpackHalf2x16) 92
                              ReturnValue 94
                              FunctionEnd
141(primary_program):           2 Function None 3
             142:             Label
                              Line 1 2 0
             143:     77(ptr) AccessChain 21(pa) 57
             144:     77(ptr) AccessChain 21(pa) 57
             145:    9(fvec4) Load 144
             146:    9(fvec4) Load 143
             147:     77(ptr) AccessChain 21(pa) 57
             148:     77(ptr) AccessChain 21(pa) 57
             149:    9(fvec4) Load 148
             150:    9(fvec4) Load 147
             151:    6(float) VectorExtractDynamic 150 57
             152:    6(float) VectorExtractDynamic 150 54
             153:   84(fvec2) CompositeConstruct 151 152
             154:     77(ptr) AccessChain 21(pa) 57
             155:     77(ptr) AccessChain 21(pa) 54
             156:    9(fvec4) Load 155
             157:    9(fvec4) Load 154
             158:    6(float) VectorExtractDynamic 157 16
             159:    6(float) VectorExtractDynamic 157 12
             160:   84(fvec2) CompositeConstruct 158 159
             161:    6(float) VectorExtractDynamic 153 57
             162:    6(float) VectorExtractDynamic 153 54
             163:    6(float) VectorExtractDynamic 160 57
             164:    6(float) VectorExtractDynamic 160 54
             165:    9(fvec4) CompositeConstruct 161 162 163 164
             166:     77(ptr) AccessChain 24(internals) 57
                              Store 166 165
                              Line 1 3 0
             167:     77(ptr) AccessChain 21(pa) 54
             168:     77(ptr) AccessChain 21(pa) 54
             169:    9(fvec4) Load 168
             170:    9(fvec4) Load 167
             171:     77(ptr) AccessChain 21(pa) 54
             172:     77(ptr) AccessChain 21(pa) 54
             173:    9(fvec4) Load 172
             174:    9(fvec4) Load 171
             175:    6(float) VectorExtractDynamic 174 57
             176:    6(float) VectorExtractDynamic 174 54
             177:   84(fvec2) CompositeConstruct 175 176
             178:     77(ptr) AccessChain 21(pa) 54
             179:     77(ptr) AccessChain 21(pa) 16
             180:    9(fvec4) Load 179
             181:    9(fvec4) Load 178
             182:    6(float) VectorExtractDynamic 181 16
             183:    6(float) VectorExtractDynamic 181 12
             184:   84(fvec2) CompositeConstruct 182 183
             185:    6(float) VectorExtractDynamic 177 57
             186:    6(float) VectorExtractDynamic 177 54
             187:    6(float) VectorExtractDynamic 184 57
             188:    6(float) VectorExtractDynamic 184 54
             189:    9(fvec4) CompositeConstruct 185 186 187 188
             190:     77(ptr) AccessChain 24(internals) 54
                              Store 190 189
                              Line 1 4 0
             191:     77(ptr) AccessChain 24(internals) 54
             192:     77(ptr) AccessChain 24(internals) 54
             193:    9(fvec4) Load 192
             194:    9(fvec4) Load 191
             195:     77(ptr) AccessChain 24(internals) 57
             196:     77(ptr) AccessChain 24(internals) 57
             197:    9(fvec4) Load 196
             198:    9(fvec4) Load 195
             199:    9(fvec4) FMul 194 198
             200:    6(float) VectorExtractDynamic 199 57
             201:    6(float) VectorExtractDynamic 199 54
             202:   84(fvec2) CompositeConstruct 200 201
             211:    6(float) FunctionCall 205(pack2xF16) 202
             212:    6(float) VectorExtractDynamic 199 16
             213:    6(float) VectorExtractDynamic 199 12
             214:   84(fvec2) CompositeConstruct 212 213
             215:    6(float) FunctionCall 205(pack2xF16) 214
             216:   84(fvec2) CompositeConstruct 211 215
             217:     77(ptr) AccessChain 21(pa) 57
             218:    9(fvec4) Load 217
             219:    9(fvec4) VectorShuffle 218 216 4 5 2 3
                              Store 217 219
                              Return
                              FunctionEnd
  205(pack2xF16):    6(float) Function None 203
             204:   84(fvec2) FunctionParameter
             206:             Label
             208:     87(int) ExtInst 207(GLSL.std.450) 58(PackHalf2x16) 204
             209:    6(float) Bitcast 208
                              ReturnValue 209
                              FunctionEnd

[00:16:49.201] |I| [shader::convert_gxp_to_glsl]: Generated GLSL:
#version 430
#ifdef GL_ARB_fragment_shader_interlock
#extension GL_ARB_fragment_shader_interlock : enable
#define SPIRV_Cross_beginInvocationInterlock() beginInvocationInterlockARB()
#define SPIRV_Cross_endInvocationInterlock() endInvocationInterlockARB()
#elif defined(GL_INTEL_fragment_shader_ordering)
#extension GL_INTEL_fragment_shader_ordering : enable
#define SPIRV_Cross_beginInvocationInterlock() beginFragmentShaderOrderingINTEL()
#define SPIRV_Cross_endInvocationInterlock()
#endif
// Shader Name: a8410c597b716e78a8b4a4c66ab8a93ee38ff146d97f49aef60389e5c17dadd9

layout(binding = 3, std140) uniform GxmRenderFragBufferBlock
{
    float back_disabled;
    float front_disabled;
    float writing_mask;
    float use_raw_image;
    vec4 integral_query_formats[4];
    int res_multiplier;
} renderFragInfo;

layout(binding = 0) uniform sampler2D fragTex_tex;
layout(binding = 1, rgba8) uniform readonly image2D f_mask;

layout(location = 1) in vec4 v_Color0;
layout(location = 4) in vec4 v_TexCoord0;
layout(location = 0) out vec4 out_color;
vec4 pa[32];
vec4 sa[32];
vec4 internals[3];
vec4 r[20];
bool p[4];
int idx[2];
vec4 outs[20];

void frag_init()
{
    if ((renderFragInfo.front_disabled != 0.0) && gl_FrontFacing)
    {
        discard;
    }
    if ((renderFragInfo.back_disabled != 0.0) && (!gl_FrontFacing))
    {
        discard;
    }
}

float pack2xF16(vec2 _204)
{
    return uintBitsToFloat(packHalf2x16(_204));
}

void primary_program()
{
    vec2 _153 = vec2(pa[0].x, pa[0].y);
    vec2 _160 = vec2(pa[0].z, pa[0].w);
    internals[0] = vec4(_153.x, _153.y, _160.x, _160.y);
    vec2 _177 = vec2(pa[1].x, pa[1].y);
    vec2 _184 = vec2(pa[1].z, pa[1].w);
    internals[1] = vec4(_177.x, _177.y, _184.x, _184.y);
    vec4 _199 = internals[1] * internals[0];
    vec2 _216 = vec2(pack2xF16(vec2(_199.x, _199.y)), pack2xF16(vec2(_199.z, _199.w)));
    pa[0] = vec4(_216.x, _216.y, pa[0].z, pa[0].w);
}

vec2 unpack2xF16(float _89)
{
    return unpackHalf2x16(floatBitsToUint(_89));
}

void frag_output_finalize()
{
    vec2 _85 = vec2(pa[0].x, pa[0].y);
    vec2 _96 = unpack2xF16(_85.x);
    vec2 _98 = unpack2xF16(_85.y);
    out_color = vec4(_96.x, _96.y, _98.x, _98.y);
    if (all(lessThan(imageLoad(f_mask, ivec4(gl_FragCoord).xy / ivec2(renderFragInfo.res_multiplier)), vec4(0.5))))
    {
        discard;
    }
}

void main()
{
    pa[0] = v_Color0;
    frag_init();
    pa[1] = texture(fragTex_tex, v_TexCoord0.xy);
    primary_program();
    frag_output_finalize();
}


[00:16:49.209] |I| [renderer::gl::load_shader_generic]: Generating vert shader 97fe3edc7664deb382f17b4c084e8e7a17e46756786165c27f90bcce0d9d5d45
[00:16:49.213] |D| [shader::create_parameters]: [BUFFER0  + 0] pa0 = (float4) aPosition
[00:16:49.213] |D| [shader::create_parameters]: [BUFFER0  + 4] pa4 = (float4) aTexcoord
[00:16:49.214] |D| [shader::create_parameters]: [BUFFER0  + 8] pa8 = (float4) aColor
[00:16:49.214] |D| [shader::create_parameters]: [DEFAULT  + 0] sa0 = (float4) wvp[4]
[00:16:49.214] |T| [shader::usse::USSERecompiler::compile_code_node]: Compiling code_0, size = 3
[00:16:49.214] |T| [shader::usse::USSERecompiler::compile_code_node]: Compiling code_0, size = 10
[00:16:49.220] |D| [shader::spirv_disasm_print]: SPIR-V Disassembly:
// Module Version 10300
// Generated by (magic number): 1337000
// Id's are bound by 326

                              Capability Shader
                              Capability Float16
                              Capability StorageImageReadWithoutFormat
             138:             ExtInstImport  "GLSL.std.450"
                              MemoryModel Logical GLSL450
                              EntryPoint Vertex 4  "main_vs" 60 61 62 70 109 114
               1:             String  "97fe3edc7664deb382f17b4c084e8e7a17e46756786165c27f90bcce0d9d5d45"
                              SourceExtension  "gxp"
                              Name 4  "main_vs"
                              Name 21  "pa"
                              Name 22  "sa"
                              Name 24  "internals"
                              Name 26  "r"
                              Name 28  "p"
                              Name 30  "idx"
                              Name 31  "outs"
                              Name 33  "i"
                              Name 35  "vertexDataType"
                              Name 37  "vertexData"
                              MemberName 35(vertexDataType) 0  "buffer14"
                              Name 60  "aPosition"
                              Name 61  "aTexcoord"
                              Name 62  "aColor"
                              Name 64  "GxmRenderVertBufferBlock"
                              MemberName 64(GxmRenderVertBufferBlock) 0  "viewport_flip"
                              MemberName 64(GxmRenderVertBufferBlock) 1  "viewport_flag"
                              MemberName 64(GxmRenderVertBufferBlock) 2  "screen_width"
                              MemberName 64(GxmRenderVertBufferBlock) 3  "screen_height"
                              MemberName 64(GxmRenderVertBufferBlock) 4  "integral_query_formats"
                              Name 66  "renderVertInfo"
                              Name 67  "vert_output_finalize"
                              Name 70  "v_Position"
                              Name 109  "v_Color0"
                              Name 114  "v_TexCoord0"
                              Name 126  "i"
                              Name 144  "secondary_program"
                              Name 186  "primary_program"
                              Decorate 34 ArrayStride 16
                              Decorate 35(vertexDataType) Block
                              Decorate 35(vertexDataType) GLSLShared
                              Decorate 37(vertexData) Restrict
                              Decorate 37(vertexData) NonWritable
                              Decorate 37(vertexData) Binding 0
                              MemberDecorate 35(vertexDataType) 0 Offset 0
                              Decorate 60(aPosition) Location 0
                              Decorate 61(aTexcoord) Location 1
                              Decorate 62(aColor) Location 2
                              Decorate 63 ArrayStride 16
                              Decorate 64(GxmRenderVertBufferBlock) Block
                              Decorate 64(GxmRenderVertBufferBlock) GLSLShared
                              MemberDecorate 64(GxmRenderVertBufferBlock) 0 Offset 0
                              MemberDecorate 64(GxmRenderVertBufferBlock) 1 Offset 16
                              MemberDecorate 64(GxmRenderVertBufferBlock) 2 Offset 20
                              MemberDecorate 64(GxmRenderVertBufferBlock) 3 Offset 24
                              MemberDecorate 64(GxmRenderVertBufferBlock) 4 Offset 32
                              Decorate 66(renderVertInfo) Binding 2
                              Decorate 70(v_Position) BuiltIn Position
                              Decorate 109(v_Color0) Location 1
                              Decorate 114(v_TexCoord0) Location 4
               2:             TypeVoid
               3:             TypeFunction 2
               6:             TypeFloat 32
               7:             TypeInt 32 1
               8:             TypeBool
               9:             TypeVector 6(float) 4
              10:      7(int) Constant 32
              11:             TypeArray 9(fvec4) 10
              12:      7(int) Constant 3
              13:             TypeArray 9(fvec4) 12
              14:      7(int) Constant 20
              15:             TypeArray 9(fvec4) 14
              16:      7(int) Constant 2
              17:             TypeArray 7(int) 16
              18:      7(int) Constant 4
              19:             TypeArray 8(bool) 18
              20:             TypePointer Private 11
          21(pa):     20(ptr) Variable Private
          22(sa):     20(ptr) Variable Private
              23:             TypePointer Private 13
   24(internals):     23(ptr) Variable Private
              25:             TypePointer Private 15
           26(r):     25(ptr) Variable Private
              27:             TypePointer Private 19
           28(p):     27(ptr) Variable Private
              29:             TypePointer Private 17
         30(idx):     29(ptr) Variable Private
        31(outs):     25(ptr) Variable Private
              32:             TypePointer Function 7(int)
              34:             TypeArray 9(fvec4) 18
35(vertexDataType):             TypeStruct 34
              36:             TypePointer StorageBuffer 35(vertexDataType)
  37(vertexData):     36(ptr) Variable StorageBuffer
              38:      7(int) Constant 0
              39:             TypePointer StorageBuffer 34
              48:             TypePointer StorageBuffer 9(fvec4)
              53:             TypePointer Private 9(fvec4)
              56:      7(int) Constant 1
              59:             TypePointer Input 9(fvec4)
   60(aPosition):     59(ptr) Variable Input
   61(aTexcoord):     59(ptr) Variable Input
      62(aColor):     59(ptr) Variable Input
              63:             TypeArray 9(fvec4) 18
64(GxmRenderVertBufferBlock):             TypeStruct 9(fvec4) 6(float) 6(float) 6(float) 63
              65:             TypePointer Uniform 64(GxmRenderVertBufferBlock)
66(renderVertInfo):     65(ptr) Variable Uniform
              69:             TypePointer Output 9(fvec4)
  70(v_Position):     69(ptr) Variable Output
              75:    6(float) Constant 1056964608
              76:    6(float) Constant 1065353216
              77:    6(float) Constant 3212836864
              78:    6(float) Constant 1073741824
              79:    6(float) Constant 3221225472
              80:    6(float) Constant 0
              81:             TypePointer Uniform 6(float)
              97:             TypePointer Uniform 9(fvec4)
             101:             TypePointer Output 6(float)
   109(v_Color0):     69(ptr) Variable Output
114(v_TexCoord0):     69(ptr) Variable Output
             127:    9(fvec4) ConstantComposite 80 80 80 80
             139:             TypeInt 32 0
             140:             TypeVector 6(float) 2
             141:  140(fvec2) ConstantComposite 80 80
             142:             TypeVector 6(float) 3
             143:  142(fvec3) ConstantComposite 80 80 80
             153:  140(fvec2) ConstantComposite 75 75
      4(main_vs):           2 Function None 3
               5:             Label
           33(i):     32(ptr) Variable Function
          126(i):     32(ptr) Variable Function
              40:     39(ptr) AccessChain 37(vertexData) 38
                              Store 33(i) 38
                              Branch 41
              41:             Label
              45:      7(int) Load 33(i)
              46:     8(bool) SLessThan 45 18
                              LoopMerge 43 44 None
                              BranchConditional 46 42 43
              42:               Label
              47:      7(int)   Load 33(i)
              49:     48(ptr)   AccessChain 40 47
              50:      7(int)   Load 33(i)
              51:      7(int)   Load 33(i)
              52:      7(int)   IAdd 50 38
              54:     53(ptr)   AccessChain 22(sa) 52
              55:    9(fvec4)   Load 49
                                Store 54 55
              57:      7(int)   Load 33(i)
              58:      7(int)   IAdd 57 56
                                Store 33(i) 58
                                Branch 44
              44:               Label
                                Branch 41
              43:             Label
             120:    9(fvec4) Load 60(aPosition)
             121:     53(ptr) AccessChain 21(pa) 38
                              Store 121 120
             122:    9(fvec4) Load 61(aTexcoord)
             123:     53(ptr) AccessChain 21(pa) 56
                              Store 123 122
             124:    9(fvec4) Load 62(aColor)
             125:     53(ptr) AccessChain 21(pa) 16
                              Store 125 124
                              Store 126(i) 38
                              Branch 128
             128:             Label
             132:      7(int) Load 126(i)
             133:     8(bool) SLessThan 132 14
                              LoopMerge 130 131 None
                              BranchConditional 133 129 130
             129:               Label
             134:      7(int)   Load 126(i)
             135:     53(ptr)   AccessChain 31(outs) 134
                                Store 135 127
             136:      7(int)   Load 126(i)
             137:      7(int)   IAdd 136 56
                                Store 126(i) 137
                                Branch 131
             131:               Label
                                Branch 128
             130:             Label
             185:           2 FunctionCall 144(secondary_program)
             324:           2 FunctionCall 186(primary_program)
             325:           2 FunctionCall 67(vert_output_finalize)
                              Return
                              FunctionEnd
67(vert_output_finalize):           2 Function None 3
              68:             Label
              71:     53(ptr) AccessChain 31(outs) 38
              72:     53(ptr) AccessChain 31(outs) 38
              73:    9(fvec4) Load 72
              74:    9(fvec4) Load 71
              82:     81(ptr) AccessChain 66(renderVertInfo) 56
              83:     81(ptr) AccessChain 66(renderVertInfo) 16
              84:     81(ptr) AccessChain 66(renderVertInfo) 12
              85:    6(float) Load 82
              86:     8(bool) FOrdLessThan 85 75
                              SelectionMerge 88 None
                              BranchConditional 86 87 105
              87:               Label
              89:    6(float)   Load 83
              90:    6(float)   FDiv 78 89
              91:    6(float)   Load 84
              92:    6(float)   FDiv 79 91
              93:    9(fvec4)   CompositeConstruct 90 92 76 76
              94:    9(fvec4)   CompositeConstruct 77 76 80 80
              95:    9(fvec4)   FMul 74 93
              96:    9(fvec4)   FAdd 95 94
              98:     97(ptr)   AccessChain 66(renderVertInfo) 38
              99:    9(fvec4)   Load 98
             100:    9(fvec4)   FMul 96 99
                                Store 70(v_Position) 100
             102:    101(ptr)   AccessChain 70(v_Position) 16
             103:    101(ptr)   AccessChain 70(v_Position) 12
             104:    6(float)   Load 103
                                Store 102 104
                                Branch 88
             105:               Label
             106:     97(ptr)   AccessChain 66(renderVertInfo) 38
             107:    9(fvec4)   Load 106
             108:    9(fvec4)   FMul 74 107
                                Store 70(v_Position) 108
                                Branch 88
              88:             Label
             110:     53(ptr) AccessChain 31(outs) 56
             111:     53(ptr) AccessChain 31(outs) 56
             112:    9(fvec4) Load 111
             113:    9(fvec4) Load 110
                              Store 109(v_Color0) 113
             115:     53(ptr) AccessChain 31(outs) 16
             116:     53(ptr) AccessChain 31(outs) 16
             117:    9(fvec4) Load 116
             118:    9(fvec4) Load 115
                              Store 114(v_TexCoord0) 118
                              Return
                              FunctionEnd
144(secondary_program):           2 Function None 3
             145:             Label
             146:     53(ptr) AccessChain 22(sa) 16
             147:     53(ptr) AccessChain 22(sa) 16
             148:    9(fvec4) Load 147
             149:    9(fvec4) Load 146
             150:    6(float) VectorExtractDynamic 149 38
             151:    6(float) VectorExtractDynamic 149 56
             152:  140(fvec2) CompositeConstruct 150 151
             154:     53(ptr) AccessChain 22(sa) 12
             155:     53(ptr) AccessChain 22(sa) 12
             156:    9(fvec4) Load 155
             157:    9(fvec4) Load 154
             158:    6(float) VectorExtractDynamic 157 38
             159:    6(float) VectorExtractDynamic 157 56
             160:  140(fvec2) CompositeConstruct 158 159
             161:  140(fvec2) FMul 152 153
             162:  140(fvec2) FAdd 161 160
             163:     53(ptr) AccessChain 22(sa) 16
             164:    9(fvec4) Load 163
             165:    9(fvec4) VectorShuffle 164 162 4 5 2 3
                              Store 163 165
                              Line 1 1 0
             166:     53(ptr) AccessChain 22(sa) 16
             167:     53(ptr) AccessChain 22(sa) 12
             168:    9(fvec4) Load 167
             169:    9(fvec4) Load 166
             170:    6(float) VectorExtractDynamic 169 16
             171:    6(float) VectorExtractDynamic 169 12
             172:  140(fvec2) CompositeConstruct 170 171
             173:     53(ptr) AccessChain 22(sa) 12
             174:     53(ptr) AccessChain 22(sa) 18
             175:    9(fvec4) Load 174
             176:    9(fvec4) Load 173
             177:    6(float) VectorExtractDynamic 176 16
             178:    6(float) VectorExtractDynamic 176 12
             179:  140(fvec2) CompositeConstruct 177 178
             180:  140(fvec2) FMul 172 153
             181:  140(fvec2) FAdd 180 179
             182:     53(ptr) AccessChain 22(sa) 16
             183:    9(fvec4) Load 182
             184:    9(fvec4) VectorShuffle 183 181 0 1 4 5
                              Store 182 184
                              Return
                              FunctionEnd
186(primary_program):           2 Function None 3
             187:             Label
                              Line 1 2 0
             188:     53(ptr) AccessChain 21(pa) 16
             189:     53(ptr) AccessChain 21(pa) 16
             190:    9(fvec4) Load 189
             191:    9(fvec4) Load 188
             192:    6(float) VectorExtractDynamic 191 38
             193:    6(float) VectorExtractDynamic 191 56
             194:  140(fvec2) CompositeConstruct 192 193
             195:     53(ptr) AccessChain 31(outs) 56
             196:    9(fvec4) Load 195
             197:    9(fvec4) VectorShuffle 196 194 4 5 2 3
                              Store 195 197
             198:     53(ptr) AccessChain 21(pa) 16
             199:     53(ptr) AccessChain 21(pa) 12
             200:    9(fvec4) Load 199
             201:    9(fvec4) Load 198
             202:    6(float) VectorExtractDynamic 201 16
             203:    6(float) VectorExtractDynamic 201 12
             204:  140(fvec2) CompositeConstruct 202 203
             205:     53(ptr) AccessChain 31(outs) 56
             206:    9(fvec4) Load 205
             207:    9(fvec4) VectorShuffle 206 204 0 1 4 5
                              Store 205 207
             208:     53(ptr) AccessChain 21(pa) 56
             209:     53(ptr) AccessChain 21(pa) 56
             210:    9(fvec4) Load 209
             211:    9(fvec4) Load 208
             212:    6(float) VectorExtractDynamic 211 38
             213:    6(float) VectorExtractDynamic 211 56
             214:  140(fvec2) CompositeConstruct 212 213
             215:     53(ptr) AccessChain 31(outs) 16
             216:    9(fvec4) Load 215
             217:    9(fvec4) VectorShuffle 216 214 4 5 2 3
                              Store 215 217
                              Line 1 4 0
             218:     53(ptr) AccessChain 21(pa) 38
             219:     53(ptr) AccessChain 21(pa) 38
             220:    9(fvec4) Load 219
             221:    9(fvec4) Load 218
             222:    6(float) VectorExtractDynamic 221 38
             223:    6(float) VectorExtractDynamic 221 56
             224:  140(fvec2) CompositeConstruct 222 223
             225:     53(ptr) AccessChain 24(internals) 38
             226:    9(fvec4) Load 225
             227:    9(fvec4) VectorShuffle 226 224 4 5 2 3
                              Store 225 227
                              Line 1 5 0
             228:     53(ptr) AccessChain 22(sa) 16
             229:     53(ptr) AccessChain 22(sa) 16
             230:    9(fvec4) Load 229
             231:    9(fvec4) Load 228
             232:     53(ptr) AccessChain 22(sa) 16
             233:     53(ptr) AccessChain 22(sa) 16
             234:    9(fvec4) Load 233
             235:    9(fvec4) Load 232
             236:    6(float) VectorExtractDynamic 235 38
             237:    6(float) VectorExtractDynamic 235 56
             238:  140(fvec2) CompositeConstruct 236 237
             239:     53(ptr) AccessChain 22(sa) 16
             240:     53(ptr) AccessChain 22(sa) 12
             241:    9(fvec4) Load 240
             242:    9(fvec4) Load 239
             243:    6(float) VectorExtractDynamic 242 16
             244:    6(float) VectorExtractDynamic 242 12
             245:  140(fvec2) CompositeConstruct 243 244
             246:    6(float) VectorExtractDynamic 238 38
             247:    6(float) VectorExtractDynamic 238 56
             248:    6(float) VectorExtractDynamic 245 38
             249:    6(float) VectorExtractDynamic 245 56
             250:    9(fvec4) CompositeConstruct 246 247 248 249
             251:     53(ptr) AccessChain 24(internals) 56
                              Store 251 250
                              Line 1 6 0
             252:     53(ptr) AccessChain 24(internals) 38
             253:     53(ptr) AccessChain 24(internals) 38
             254:    9(fvec4) Load 253
             255:    9(fvec4) Load 252
             256:    6(float) VectorExtractDynamic 255 56
             257:    6(float) VectorExtractDynamic 255 56
             258:    6(float) VectorExtractDynamic 255 56
             259:    6(float) VectorExtractDynamic 255 56
             260:    9(fvec4) CompositeConstruct 256 257 258 259
             261:     53(ptr) AccessChain 22(sa) 56
             262:     53(ptr) AccessChain 22(sa) 56
             263:    9(fvec4) Load 262
             264:    9(fvec4) Load 261
             265:     53(ptr) AccessChain 24(internals) 56
             266:     53(ptr) AccessChain 24(internals) 56
             267:    9(fvec4) Load 266
             268:    9(fvec4) Load 265
             269:    9(fvec4) FMul 260 264
             270:    9(fvec4) FAdd 269 268
             271:     53(ptr) AccessChain 24(internals) 56
                              Store 271 270
                              Line 1 7 0
             272:     53(ptr) AccessChain 24(internals) 38
             273:     53(ptr) AccessChain 24(internals) 38
             274:    9(fvec4) Load 273
             275:    9(fvec4) Load 272
             276:    6(float) VectorExtractDynamic 275 38
             277:    6(float) VectorExtractDynamic 275 38
             278:  140(fvec2) CompositeConstruct 276 277
             279:     53(ptr) AccessChain 22(sa) 38
             280:     53(ptr) AccessChain 22(sa) 38
             281:    9(fvec4) Load 280
             282:    9(fvec4) Load 279
             283:    6(float) VectorExtractDynamic 282 38
             284:    6(float) VectorExtractDynamic 282 56
             285:  140(fvec2) CompositeConstruct 283 284
             286:     53(ptr) AccessChain 24(internals) 56
             287:     53(ptr) AccessChain 24(internals) 56
             288:    9(fvec4) Load 287
             289:    9(fvec4) Load 286
             290:    6(float) VectorExtractDynamic 289 38
             291:    6(float) VectorExtractDynamic 289 56
             292:  140(fvec2) CompositeConstruct 290 291
             293:  140(fvec2) FMul 278 285
             294:  140(fvec2) FAdd 293 292
             295:     53(ptr) AccessChain 31(outs) 38
             296:    9(fvec4) Load 295
             297:    9(fvec4) VectorShuffle 296 294 4 5 2 3
                              Store 295 297
                              Line 1 8 0
             298:     53(ptr) AccessChain 24(internals) 38
             299:     53(ptr) AccessChain 24(internals) 38
             300:    9(fvec4) Load 299
             301:    9(fvec4) Load 298
             302:    6(float) VectorExtractDynamic 301 38
             303:    6(float) VectorExtractDynamic 301 38
             304:  140(fvec2) CompositeConstruct 302 303
             305:     53(ptr) AccessChain 22(sa) 38
             306:     53(ptr) AccessChain 22(sa) 56
             307:    9(fvec4) Load 306
             308:    9(fvec4) Load 305
             309:    6(float) VectorExtractDynamic 308 16
             310:    6(float) VectorExtractDynamic 308 12
             311:  140(fvec2) CompositeConstruct 309 310
             312:     53(ptr) AccessChain 24(internals) 56
             313:     53(ptr) AccessChain 24(internals) 56
             314:    9(fvec4) Load 313
             315:    9(fvec4) Load 312
             316:    6(float) VectorExtractDynamic 315 16
             317:    6(float) VectorExtractDynamic 315 12
             318:  140(fvec2) CompositeConstruct 316 317
             319:  140(fvec2) FMul 304 311
             320:  140(fvec2) FAdd 319 318
             321:     53(ptr) AccessChain 31(outs) 38
             322:    9(fvec4) Load 321
             323:    9(fvec4) VectorShuffle 322 320 0 1 4 5
                              Store 321 323
                              Return
                              FunctionEnd

[00:16:49.235] |I| [shader::convert_gxp_to_glsl]: Generated GLSL:
#version 430
#ifdef GL_ARB_fragment_shader_interlock
#extension GL_ARB_fragment_shader_interlock : enable
#define SPIRV_Cross_beginInvocationInterlock() beginInvocationInterlockARB()
#define SPIRV_Cross_endInvocationInterlock() endInvocationInterlockARB()
#elif defined(GL_INTEL_fragment_shader_ordering)
#extension GL_INTEL_fragment_shader_ordering : enable
#define SPIRV_Cross_beginInvocationInterlock() beginFragmentShaderOrderingINTEL()
#define SPIRV_Cross_endInvocationInterlock()
#endif
// Shader Name: 97fe3edc7664deb382f17b4c084e8e7a17e46756786165c27f90bcce0d9d5d45

layout(binding = 0, std430) restrict readonly buffer vertexDataType
{
    vec4 buffer14[4];
} vertexData;

layout(binding = 2, std140) uniform GxmRenderVertBufferBlock
{
    vec4 viewport_flip;
    float viewport_flag;
    float screen_width;
    float screen_height;
    vec4 integral_query_formats[4];
} renderVertInfo;

layout(location = 0) in vec4 aPosition;
layout(location = 1) in vec4 aTexcoord;
layout(location = 2) in vec4 aColor;
layout(location = 1) out vec4 v_Color0;
layout(location = 4) out vec4 v_TexCoord0;
vec4 pa[32];
vec4 sa[32];
vec4 internals[3];
vec4 r[20];
bool p[4];
int idx[2];
vec4 outs[20];

void secondary_program()
{
    vec2 _162 = (vec2(sa[2].x, sa[2].y) * vec2(0.5)) + vec2(sa[3].x, sa[3].y);
    sa[2] = vec4(_162.x, _162.y, sa[2].z, sa[2].w);
    vec2 _181 = (vec2(sa[2].z, sa[2].w) * vec2(0.5)) + vec2(sa[3].z, sa[3].w);
    sa[2] = vec4(sa[2].x, sa[2].y, _181.x, _181.y);
}

void primary_program()
{
    vec2 _194 = vec2(pa[2].x, pa[2].y);
    outs[1] = vec4(_194.x, _194.y, outs[1].z, outs[1].w);
    vec2 _204 = vec2(pa[2].z, pa[2].w);
    outs[1] = vec4(outs[1].x, outs[1].y, _204.x, _204.y);
    vec2 _214 = vec2(pa[1].x, pa[1].y);
    outs[2] = vec4(_214.x, _214.y, outs[2].z, outs[2].w);
    vec2 _224 = vec2(pa[0].x, pa[0].y);
    internals[0] = vec4(_224.x, _224.y, internals[0].z, internals[0].w);
    vec2 _238 = vec2(sa[2].x, sa[2].y);
    vec2 _245 = vec2(sa[2].z, sa[2].w);
    internals[1] = vec4(_238.x, _238.y, _245.x, _245.y);
    internals[1] = (vec4(internals[0].y, internals[0].y, internals[0].y, internals[0].y) * sa[1]) + internals[1];
    vec2 _294 = (vec2(internals[0].x, internals[0].x) * vec2(sa[0].x, sa[0].y)) + vec2(internals[1].x, internals[1].y);
    outs[0] = vec4(_294.x, _294.y, outs[0].z, outs[0].w);
    vec2 _320 = (vec2(internals[0].x, internals[0].x) * vec2(sa[0].z, sa[0].w)) + vec2(internals[1].z, internals[1].w);
    outs[0] = vec4(outs[0].x, outs[0].y, _320.x, _320.y);
}

void vert_output_finalize()
{
    if (renderVertInfo.viewport_flag < 0.5)
    {
        gl_Position = ((outs[0] * vec4(2.0 / renderVertInfo.screen_width, (-2.0) / renderVertInfo.screen_height, 1.0, 1.0)) + vec4(-1.0, 1.0, 0.0, 0.0)) * renderVertInfo.viewport_flip;
        gl_Position.z = gl_Position.w;
    }
    else
    {
        gl_Position = outs[0] * renderVertInfo.viewport_flip;
    }
    v_Color0 = outs[1];
    v_TexCoord0 = outs[2];
}

void main()
{
    int i = 0;
    while (i < 4)
    {
        sa[i + 0] = vertexData.buffer14[i];
        i++;
    }
    pa[0] = aPosition;
    pa[1] = aTexcoord;
    pa[2] = aColor;
    int i_1 = 0;
    while (i_1 < 20)
    {
        outs[i_1] = vec4(0.0);
        i_1++;
    }
    secondary_program();
    primary_program();
    vert_output_finalize();
}


[00:16:49.252] |E| [renderer::gl::compile_program]: Vertex info
-----------
0(34) : warning C7050: "internals[0].zw" might be used before being initialized


[00:17:33.762] |E| [stat_file]: Missing file at S:/Vita3k/ux0/data/Mania/ReplayDB.bin (target path: ux0:/data/Mania/ReplayDB.bin)
[00:17:33.763] |W| [io_error_impl]: stat_file (_sceIoGetstat) returned 0x80010002
[00:17:33.763] |I| [export_sceIoOpen]: Opening file: ux0:/data/Mania/ReplayDB.bin
[00:17:33.763] |E| [open_file]: Missing file at S:/Vita3k/ux0/data/Mania/ReplayDB.bin (target path: ux0:/data/Mania/ReplayDB.bin)
[00:17:33.764] |W| [io_error_impl]: open_file (sceIoOpen) returned 0x80010002
[00:17:33.765] |E| [stat_file]: Missing file at S:/Vita3k/ux0/data/Mania/SaveData.bin (target path: ux0:/data/Mania/SaveData.bin)
[00:17:33.766] |W| [io_error_impl]: stat_file (_sceIoGetstat) returned 0x80010002
[00:17:33.766] |I| [export_sceIoOpen]: Opening file: ux0:/data/Mania/SaveData.bin
[00:17:33.766] |E| [open_file]: Missing file at S:/Vita3k/ux0/data/Mania/SaveData.bin (target path: ux0:/data/Mania/SaveData.bin)
[00:17:33.766] |W| [io_error_impl]: open_file (sceIoOpen) returned 0x80010002
[00:17:33.768] |E| [stat_file]: Missing file at S:/Vita3k/ux0/data/Mania/Options.bin (target path: ux0:/data/Mania/Options.bin)
[00:17:33.768] |W| [io_error_impl]: stat_file (_sceIoGetstat) returned 0x80010002
[00:17:33.768] |I| [export_sceIoOpen]: Opening file: ux0:/data/Mania/Options.bin
[00:17:33.768] |E| [open_file]: Missing file at S:/Vita3k/ux0/data/Mania/Options.bin (target path: ux0:/data/Mania/Options.bin)
[00:17:33.769] |W| [io_error_impl]: open_file (sceIoOpen) returned 0x80010002
[00:17:34.779] |E| [stat_file]: Missing file at S:/Vita3k/ux0/data/Mania/TimeAttackDB.bin (target path: ux0:/data/Mania/TimeAttackDB.bin)
[00:17:34.779] |W| [io_error_impl]: stat_file (_sceIoGetstat) returned 0x80010002
[00:17:34.780] |I| [export_sceIoOpen]: Opening file: ux0:/data/Mania/TimeAttackDB.bin
[00:17:34.780] |E| [open_file]: Missing file at S:/Vita3k/ux0/data/Mania/TimeAttackDB.bin (target path: ux0:/data/Mania/TimeAttackDB.bin)
[00:17:34.780] |W| [io_error_impl]: open_file (sceIoOpen) returned 0x80010002
