:53:49.180] |T| [shader::usse::USSERecompiler::compile_code_node]: Compiling code_0, size = 5
[20:53:50.082] |I| [renderer::load_shader_generic]: Generating frag shader f38f16dfa594cc01fc0a896893693873d5271e4aa4330f56890d3965d200d355
[20:53:50.082] |D| [shader::create_parameters]: [DEFAULT  + 0] sa0 = (half4) _TextureSampleAdd
[20:53:50.083] |D| [shader::create_fragment_inputs]: Iterator: pa0 = (half4) v_Color0
[20:53:50.083] |T| [shader::create_fragment_inputs]: pa2 = tex2D<half4>(_MainTex, TEXCOORD0.xy)
[20:53:50.083] |T| [shader::usse::USSERecompiler::compile_code_node]: Compiling code_0, size = 3
[20:53:50.088] |I| [renderer::load_shader_generic]: Generating vert shader 809a64ddd27e996a033a9079d2186226016d0506119c042d25d28adb8cb20fa2
[20:53:50.089] |D| [shader::create_parameters]: [BUFFER0  + 0] pa0 = (float4) IN_vertex
[20:53:50.089] |D| [shader::create_parameters]: [BUFFER0  + 4] pa4 = (float4) IN_color
[20:53:50.089] |D| [shader::create_parameters]: [BUFFER0  + 8] pa8 = (float4) IN_texcoord
[20:53:50.089] |D| [shader::create_parameters]: [DEFAULT  + 0] sa0 = (float4) glstate_matrix_mvp[4]
[20:53:50.089] |D| [shader::create_parameters]: [DEFAULT  + 16] sa16 = (half4) _Color
[20:53:50.089] |T| [shader::usse::USSERecompiler::compile_code_node]: Compiling code_0, size = 2
[20:53:50.090] |T| [shader::usse::USSERecompiler::compile_code_node]: Compiling code_0, size = 8
[20:53:50.109] |E| [renderer::gl::compile_program]: Fragment info
-------------
0(33) : warning C7050: "pa[0].zw" might be used before being initialized


[20:53:53.932] |W| [renderer::gl::texture::translate_type]: Unhandled base format 0x87000000
[20:53:53.934] |W| [renderer::gl::texture::translate_type]: Unhandled base format 0x87000000
[20:53:53.934] |I| [renderer::load_shader_generic]: Generating frag shader f132bef6e80b84e243f9d53e741275e1363aaf6ae6b5dc2e8ddc86a9e33f91e4
[20:53:53.935] |D| [shader::create_fragment_inputs]: Iterator: pa0 = (half4) v_Color0
[20:53:53.935] |T| [shader::create_fragment_inputs]: pa2 = tex2D<half4>(_MainTex, TEXCOORD0.xy)
[20:53:53.935] |T| [shader::usse::USSERecompiler::compile_code_node]: Compiling code_0, size = 1
[20:53:53.936] |T| [shader::usse::USSERecompiler::compile_code_node]: Compiling code_0, size = 6
[20:53:53.942] |I| [renderer::load_shader_generic]: Generating vert shader 8b8c4a0b1bfe3e3232427778841929e2ed4e7e001dc7b702646be3cb666d45fa
[20:53:53.943] |D| [shader::create_parameters]: [BUFFER0  + 0] pa0 = (float4) IN_vertex
[20:53:53.943] |D| [shader::create_parameters]: [BUFFER0  + 4] pa4 = (float4) IN_color
[20:53:53.943] |D| [shader::create_parameters]: [BUFFER0  + 8] pa8 = (float4) IN_texcoord
[20:53:53.943] |D| [shader::create_parameters]: [DEFAULT  + 0] sa0 = (float4) glstate_matrix_mvp[4]
[20:53:53.943] |D| [shader::create_parameters]: [DEFAULT  + 16] sa16 = (half4) _Color
[20:53:53.944] |T| [shader::usse::USSERecompiler::compile_code_node]: Compiling code_0, size = 2
[20:53:53.944] |T| [shader::usse::USSERecompiler::compile_code_node]: Compiling code_0, size = 7
[20:53:53.971] |E| [renderer::gl::compile_program]: Fragment info
-------------
0(29) : warning C7050: "sa[0].w" might be used before being initialized
0(28) : warning C7050: "pa[0].zw" might be used before being initialized
0(31) : warning C7050: "r[0]" might be used before being initialized


[20:53:53.972] |W| [renderer::gl::texture::translate_type]: Unhandled base format 0x87000000
[20:55:43.213] |W| [renderer::gl::texture::translate_type]: Unhandled base format 0x87000000
[20:55:43.214] |I| [renderer::load_shader_generic]: Generating frag shader 0cb6886e6f59de0c63b668e6650d577d8914091425a9502a1caab106dddf0b87
[20:55:43.214] |D| [shader::create_fragment_inputs]: Iterator: pa0 = (half4) v_Color0
[20:55:43.215] |T| [shader::create_fragment_inputs]: pa2 = tex2D<half4>(_MainTex, TEXCOORD0.xy)
[20:55:43.215] |T| [shader::usse::USSERecompiler::compile_code_node]: Compiling code_0, size = 2
[20:55:43.219] |I| [renderer::load_shader_generic]: Generating vert shader 510202d277900a7f407a45034228d2d9767c8b3a8ed0a7de5218adf01dd93d91
[20:55:43.220] |D| [shader::create_parameters]: [BUFFER0  + 0] pa0 = (float4) v_vertex
[20:55:43.220] |D| [shader::create_parameters]: [BUFFER0  + 4] pa4 = (float4) v_color
[20:55:43.220] |D| [shader::create_parameters]: [BUFFER0  + 8] pa8 = (float4) v_texcoord
[20:55:43.220] |D| [shader::create_parameters]: [DEFAULT  + 0] sa0 = (float4) glstate_matrix_mvp[4]
[20:55:43.221] |D| [shader::create_parameters]: [DEFAULT  + 16] sa16 = (half4) _Color
[20:55:43.221] |D| [shader::create_parameters]: [DEFAULT  + 18] sa18 = (float4) _MainTex_ST
[20:55:43.221] |T| [shader::usse::USSERecompiler::compile_code_node]: Compiling code_0, size = 2
[20:55:43.221] |T| [shader::usse::USSERecompiler::compile_code_node]: Compiling code_0, size = 7
[20:55:43.239] |E| [renderer::gl::compile_program]: Fragment info
-------------
0(28) : warning C7050: "pa[0].zw" might be used before being initialized


[20:55:43.240] |I| [renderer::load_shader_generic]: Generating frag shader 2de144ea152e6b1d43e8e8b5c66e5b1d6e13235ebd0c15d02060f9b856cc3b6a
[20:55:43.241] |T| [shader::create_fragment_inputs]: pa0 = tex2D<half4>(_MainTex, TEXCOORD0.xy)
[20:55:43.242] |T| [shader::usse::USSERecompiler::compile_code_node]: Compiling code_0, size = 2
[20:55:43.242] |T| [shader::usse::USSERecompiler::compile_code_node]: Compiling code_2, size = 1
[20:55:43.242] |T| [shader::usse::USSERecompiler::compile_code_node]: Compiling code_3, size = 2
[20:55:43.246] |I| [renderer::load_shader_generic]: Generating vert shader 4aa7fdf5d616389b433c335ef754bbf348df16df5d4f598154d8d637df180caa
[20:55:43.247] |D| [shader::create_parameters]: [BUFFER0  + 0] pa0 = (float4) v_vertex
[20:55:43.247] |D| [shader::create_parameters]: [BUFFER0  + 4] pa4 = (float4) v_texcoord
[20:55:43.247] |D| [shader::create_parameters]: [DEFAULT  + 0] sa0 = (float4) glstate_matrix_mvp[4]
[20:55:43.247] |D| [shader::create_parameters]: [DEFAULT  + 16] sa16 = (float4) _MainTex_ST
[20:55:43.248] |T| [shader::usse::USSERecompiler::compile_code_node]: Compiling code_0, size = 5
[20:55:43.261] |E| [renderer::gl::compile_program]: Fragment info
-------------
0(28) : warning C7050: "sa[0].w" might be used before being initialized
0(27) : warning C7050: "pa[0].zw" might be used before being initialized


[20:55:43.262] |I| [renderer::load_shader_generic]: Generating frag shader 4fa954094467c1b6a624ed03ebf9798d9b78222c05e16c8b308b5e3941826d9c
[20:55:43.263] |D| [shader::create_fragment_inputs]: Iterator: pa0 = (half4) v_Color0
[20:55:43.263] |T| [shader::create_fragment_inputs]: pa2 = tex2D<half4>(_MainTex, TEXCOORD0.xy)
[20:55:43.263] |T| [shader::usse::USSERecompiler::compile_code_node]: Compiling code_0, size = 2
[20:55:43.267] |I| [renderer::load_shader_generic]: Generating vert shader d7cd1623d1b79607654ddf5501549fcb0832eff711f0dc76d8fba59450de327a
[20:55:43.268] |D| [shader::create_parameters]: [BUFFER0  + 0] pa0 = (float4) v_vertex
[20:55:43.268] |D| [shader::create_parameters]: [BUFFER0  + 4] pa4 = (float4) v_color
[20:55:43.268] |D| [shader::create_parameters]: [BUFFER0  + 8] pa8 = (float4) v_texcoord
[20:55:43.269] |D| [shader::create_parameters]: [DEFAULT  + 0] sa0 = (float4) glstate_matrix_mvp[4]
[20:55:43.269] |D| [shader::create_parameters]: [DEFAULT  + 16] sa16 = (half4) _Color
[20:55:43.269] |D| [shader::create_parameters]: [DEFAULT  + 18] sa18 = (float4) _MainTex_ST
[20:55:43.269] |T| [shader::usse::USSERecompiler::compile_code_node]: Compiling code_0, size = 2
[20:55:43.270] |T| [shader::usse::USSERecompiler::compile_code_node]: Compiling code_0, size = 7
[20:55:43.284] |E| [renderer::gl::compile_program]: Fragment info
-------------
0(28) : warning C7050: "pa[0].zw" might be used before being initialized


[20:55:43.285] |W| [renderer::gl::texture::translate_type]: Unhandled base format 0x87000000
[20:55:43.286] |I| [renderer::load_shader_generic]: Generating frag shader 5ea30e4e4b55641ea72a296b2eaffd32074be8de9d66fdf00ce632bf9a33fed7
[20:55:43.286] |D| [shader::create_fragment_inputs]: Iterator: pa0 = (half4) v_Color0
[20:55:43.287] |T| [shade[20:54:37.315] |I| [config::init_config]: backend-renderer: OpenGL
[20:54:37.316] |I| [config::init_config]: log-level: 0
[20:54:37.457] |I| [SDL_main]: Vita3K v0.1.9 3502-4ac8a416
[20:54:37.457] |I| [SDL_main]: Number of logical CPU cores: 12
[20:54:37.458] |I| [SDL_main]: Available ram memory: 32637 MiB
[20:54:37.459] |I| [app::init]: Base path: C:/Users/enigm/Desktop/Vita Emulator/
[20:54:37.459] |I| [app::init]: Static assets path: C:\Users\enigm\Desktop\Vita Emulator\
[20:54:37.460] |I| [app::init]: Shared path: C:/Users/enigm/Desktop/Vita Emulator/
[20:54:37.460] |I| [app::init]: Log path: C:/Users/enigm/Desktop/Vita Emulator/
[20:54:37.460] |I| [app::init]: User config path: C:/Users/enigm/Desktop/Vita Emulator/
[20:54:37.460] |I| [app::init]: User pref path: C:/Users/enigm/AppData/Roaming/Vita3K/Vita3K/
[20:54:37.460] |I| [app::init]: User cache path: C:/Users/enigm/Desktop/Vita Emulator/cache/
[20:54:37.750] |I| [renderer::gl::create]: GPU = NVIDIA GeForce RTX 3060 Ti/PCIe/SSE2
[20:54:37.750] |I| [renderer::gl::create]: GL_VERSION = 4.6.0 NVIDIA 546.17
[20:54:37.750] |I| [renderer::gl::create]: GL_SHADING_LANGUAGE_VERSION = 4.60 NVIDIA
[20:54:37.751] |I| [renderer::gl::create]: Your GPU supports shader interlock, some games that use programmable blending will have better performance.
[20:54:38.234] |I| [compat::update_app_compat_db]: Applications compatibility database is up to date.
r::create_fragment_inputs]: pa2 = tex2D<half4>(_MainTex, TEXCOORD0.xy)
[20:55:43.287] |T| [shader::usse::USSERecompiler::compile_code_node]: Compiling code_0, size = 2
[20:55:43.291] |I| [renderer::load_shader_generic]: Generating vert shader d663dd5921480d11c24fd6c8547c873204372a03a233d97344987d87cfcc6d56
[20:55:43.291] |D| [shader::create_parameters]: [BUFFER0  + 0] pa0 = (float4) v_vertex
[20:55:43.292] |D| [shader::create_parameters]: [BUFFER0  + 4] pa4 = (float4) v_color
[20:55:43.292] |D| [shader::create_parameters]: [BUFFER0  + 8] pa8 = (float4) v_texcoord
[20:55:43.292] |D| [shader::create_parameters]: [DEFAULT  + 0] sa0 = (float4) glstate_matrix_mvp[4]
[20:55:43.292] |D| [shader::create_parameters]: [DEFAULT  + 16] sa16 = (half4) _Color
[20:55:43.292] |D| [shader::create_parameters]: [DEFAULT  + 18] sa18 = (float4) _MainTex_ST
[20:55:43.292] |T| [shader::usse::USSERecompiler::compile_code_node]: Compiling code_0, size = 2
[20:55:43.292] |T| [shader::usse::USSERecompiler::compile_code_node]: Compiling code_0, size = 7
[20:55:43.306] |E| [renderer::gl::compile_program]: Fragment info
-------------
0(28) : warning C7050: "pa[0].zw" might be used before being initialized


[20:55:43.307] |W| [renderer::gl::texture::translate_type]: Unhandled base format 0x87000000
[20:55:48.029] |T| [log_import_call]: [LLE] TID: 68  FUNC: 0xe71c5cde _Stoul at 0x831da4b8
[20:55:48.030] |T| [log_import_call]: [LLE] TID: 68  FUNC: 0x2d81c8c8 longjmp at 0x831da038
[20:57:24.882] |W| [renderer::gl::texture::translate_type]: Unhandled base format 0x87000000
[20:57:39.166] |I| [renderer::load_shader_generic]: Generating frag shader f0a759050c9df26a5af2ccc4d697302bd64f2105176a5ca180a22e01febc0df7
[20:57:39.166] |T| [shader::create_fragment_inputs]: pa0 = tex2D<half4>(TextureU, TEXCOORD0.xy)
[20:57:39.167] |T| [shader::create_fragment_inputs]: pa2 = tex2D<half4>(TextureY, TEXCOORD0.xy)
[20:57:39.167] |T| [shader::create_fragment_inputs]: pa4 = tex2D<half4>(TextureV, TEXCOORD0.xy)
[20:57:39.167] |T| [shader::usse::USSERecompiler::compile_code_node]: Compiling code_0, size = 9
[20:57:39.172] |I| [renderer::load_shader_generic]: Generating vert shader 5d52229b50773c7aad13c33d181e2273ff8a239bc232b4f3275ed60ea6f73bf5
[20:57:39.173] |D| [shader::create_parameters]: [BUFFER0  + 0] pa0 = (float4) v_vertex
[20:57:39.173] |D| [shader::create_parameters]: [BUFFER0  + 4] pa4 = (float4) v_texcoord
[20:57:39.173] |D| [shader::create_parameters]: [DEFAULT  + 0] sa0 = (float4) glstate_matrix_mvp[4]
[20:57:39.174] |D| [shader::create_parameters]: [DEFAULT  + 16] sa16 = (float4) MovieUvTransform[4]
[20:57:39.174] |D| [shader::create_parameters]: [DEFAULT  + 32] sa32 = (float4) _MainTex_ST
[20:57:39.174] |T| [shader::usse::USSERecompiler::compile_code_node]: Compiling code_0, size = 9
[20:57:39.199] |E| [renderer::gl::compile_program]: Fragment info
-------------
0(30) : warning C7050: "sa[1].w" might be used before being initialized
0(29) : warning C7050: "pa[0].zw" might be used before being initialized
0(29) : warning C7050: "pa[1].zw" might be used before being initialized


