[10:44:12.909] |I| [config::init_config]: backend-renderer: OpenGL
[10:44:12.911] |I| [config::init_config]: log-level: 0
[10:44:13.152] |I| [SDL_main]: Vita3K v0.1.5 2786-7ac13c3c
[10:44:13.153] |I| [SDL_main]: Number of logical CPU cores: 8
[10:44:13.153] |I| [SDL_main]: Available ram memory: 12279 MiB
[10:44:13.850] |I| [renderer::gl::create]: GPU = Radeon RX 580 Series
[10:44:13.851] |I| [renderer::gl::create]: GL_VERSION = 4.6.14800 Core Profile Context 22.5.1 30.0.15021.11005
[10:44:13.851] |I| [renderer::gl::create]: GL_SHADING_LANGUAGE_VERSION = 4.60
[10:44:13.852] |I| [renderer::gl::create]: Your GPU only supports texture barrier, performance may not be good on programmable blending games.
[10:44:13.852] |W| [renderer::gl::create]: Consider upgrading to a GPU that has shader interlock.
[10:44:25.366] |I| [gui::set_vsync_state]: V-Sync state: true
[10:44:25.417] |I| [load_app_impl]: cpu-backend: Dynarmic
[10:44:25.418] |I| [load_app_impl]: CPU Optimisation state: true
[10:44:25.418] |I| [load_app_impl]: ngs state: true
[10:44:25.419] |I| [load_app_impl]: Resolution multiplier: 1
[10:44:25.427] |I| [load_app_impl]: 1 Controllers Connected
[10:44:25.428] |I| [load_app_impl]: Controller 0: G-Shark GS-GP702
[10:44:25.428] |I| [load_app_impl]: modules mode: Automatic
[10:44:25.428] |I| [load_app_impl]: Title: A-men
[10:44:25.429] |I| [load_app_impl]: Serial: PCSE00232
[10:44:25.429] |I| [load_app_impl]: Version: 1.00
[10:44:25.430] |I| [load_app_impl]: Category: gd
[10:44:25.455] |C| [load_self]: Unknown segment type 0x6FFFFF01
[10:44:25.456] |I| [load_self]: Loaded module segment 0 @ [0x00007000 - 0x000514B0 / 0x81000000] (size: 0x0004A4B0) of module app0:sce_module/libc.suprx
[10:44:25.457] |I| [load_self]: Loaded module segment 1 @ [0x00052000 - 0x000546F4 / 0x8104B000] (size: 0x000026F4) of module app0:sce_module/libc.suprx
[10:44:25.457] |I| [load_self]: Loading symbols for SELF: app0:sce_module/libc.suprx
[10:44:25.458] |D| [load_var_exports]: 	NID 0x6C2224BA (NID_MODULE_INFO) at 0x3DF30
[10:44:25.459] |W| [load_var_imports]: 	NID NOT FOUND 0x93B8AA67 (UNRECOGNISED) at 0x41DF0, setting to stub value 0xDEADBEEF
[10:44:25.461] |W| [load_var_imports]: 	NID NOT FOUND 0xDF084DFA (UNRECOGNISED) at 0x434A4, setting to stub value 0xDEADBEEF
[10:44:25.463] |I| [pre_load_module]: Pre-load module SceLibc (at "sce_module/libc.suprx") loaded
[10:44:25.477] |C| [load_self]: Unknown segment type 0x6FFFFF01
[10:44:25.478] |I| [load_self]: Loaded module segment 0 @ [0x00057000 - 0x0007B22C / 0x81000000] (size: 0x0002422C) of module app0:sce_module/libfios2.suprx
[10:44:25.479] |I| [load_self]: Loaded module segment 1 @ [0x0007C000 - 0x000811A4 / 0x81025000] (size: 0x000051A4) of module app0:sce_module/libfios2.suprx
[10:44:25.480] |I| [load_self]: Loading symbols for SELF: app0:sce_module/libfios2.suprx
[10:44:25.481] |D| [load_var_exports]: 	NID 0x6C2224BA (NID_MODULE_INFO) at 0x73B70
[10:44:25.483] |I| [pre_load_module]: Pre-load module SceLibFios2 (at "sce_module/libfios2.suprx") loaded
[10:44:25.492] |C| [load_self]: Unknown segment type 0x6FFFFF01
[10:44:25.493] |I| [load_self]: Loaded module segment 0 @ [0x00082000 - 0x00096144 / 0x81000000] (size: 0x00014144) of module app0:sce_module/libult.suprx
[10:44:25.494] |I| [load_self]: Loaded module segment 1 @ [0x00097000 - 0x00097814 / 0x81015000] (size: 0x00000814) of module app0:sce_module/libult.suprx
[10:44:25.495] |I| [load_self]: Loading symbols for SELF: app0:sce_module/libult.suprx
[10:44:25.495] |D| [load_var_exports]: 	NID 0x6C2224BA (NID_MODULE_INFO) at 0x921CC
[10:44:25.496] |I| [pre_load_module]: Pre-load module SceUlt (at "sce_module/libult.suprx") loaded
[10:44:25.512] |I| [load_self]: Loaded module segment 0 @ [0x00098000 - 0x000E8F04 / 0x81000000] (size: 0x00050F04) of module vs0:sys/external/libSceFt2.suprx
[10:44:25.513] |I| [load_self]: Loaded module segment 1 @ [0x000E9000 - 0x000E92F4 / 0x81051000] (size: 0x000002F4) of module vs0:sys/external/libSceFt2.suprx
[10:44:25.515] |I| [load_self]: Loading symbols for SELF: vs0:sys/external/libSceFt2.suprx
[10:44:25.516] |D| [load_var_exports]: 	NID 0x936C8A78 (SYSLYB) at 0xD47DC
[10:44:25.516] |D| [load_var_exports]: 	NID 0x6C2224BA (NID_MODULE_INFO) at 0xD3F10
[10:44:25.517] |I| [pre_load_module]: Pre-load module SceLibft2 (at "sys/external/libSceFt2.suprx") loaded
[10:44:25.522] |I| [load_self]: Loaded module segment 0 @ [0x000EA000 - 0x000F9F14 / 0x81000000] (size: 0x0000FF14) of module vs0:sys/external/libpvf.suprx
[10:44:25.523] |I| [load_self]: Loaded module segment 1 @ [0x000FA000 - 0x000FA008 / 0x81010000] (size: 0x00000008) of module vs0:sys/external/libpvf.suprx
[10:44:25.524] |I| [load_self]: Loading symbols for SELF: vs0:sys/external/libpvf.suprx
[10:44:25.525] |D| [load_var_exports]: 	NID 0x936C8A78 (SYSLYB) at 0xF8710
[10:44:25.526] |D| [load_var_exports]: 	NID 0x6C2224BA (NID_MODULE_INFO) at 0xF8300
[10:44:25.527] |I| [pre_load_module]: Pre-load module SceLibPvf (at "sys/external/libpvf.suprx") loaded
[10:44:25.681] |C| [load_self]: Unknown segment type 0x6FFFFF01
[10:44:25.682] |I| [load_self]: Loaded module segment 0 @ [0x81000000 - 0x813B1D9C / 0x81000000] (size: 0x003B1D9C) of module app0:eboot.bin
[10:44:25.683] |I| [load_self]: Loaded module segment 1 @ [0x813B2000 - 0x81402950 / 0x813B2000] (size: 0x00050950) of module app0:eboot.bin
[10:44:25.685] |I| [load_self]: Loading symbols for SELF: app0:eboot.bin
[10:44:25.685] |D| [load_var_exports]: 	NID 0x6C2224BA (NID_MODULE_INFO) at 0x81333610
[10:44:25.686] |D| [load_var_exports]: 	NID 0x70FBA1E7 (SCE_PROC_PARAMS) at 0x813B21BC
[10:44:25.687] |I| [load_app_impl]: Main executable core (eboot.bin) loaded
[10:44:25.716] |D| [run_app]: Running module_start of library: SceLibc at address 0x77F1
[10:44:25.797] |T| [open_file]: sceKernelGetStdin: Opening terminal tty0:
[10:44:25.798] |T| [open_file]: sceKernelGetStdout: Opening terminal tty0:
[10:44:25.799] |T| [open_file]: sceKernelGetStderr: Opening terminal tty0:
[10:44:25.815] |I| [run_app]: Module SceLibc (at "app0:sce_module/libc.suprx") module_start returned 0x0
[10:44:25.824] |D| [run_app]: Running module_start of library: SceLibFios2 at address 0x57001
[10:44:25.853] |W| [stubbed_impl]: Stubbed sceKernelGetProcessId import called. (pid: 0)
[10:44:25.854] |W| [unimplemented_impl]: Unimplemented sceFiosOverlayGetList02 import called.
[10:44:25.855] |I| [run_app]: Module SceLibFios2 (at "app0:sce_module/libfios2.suprx") module_start returned 0x0
[10:44:25.863] |D| [run_app]: Running module_start of library: SceUlt at address 0x8584D
[10:44:25.891] |W| [unimplemented_impl]: Unimplemented _sceUlobjMgrRegisterLibultProtocolRevision import called.
[10:44:25.892] |I| [run_app]: Module SceUlt (at "app0:sce_module/libult.suprx") module_start returned 0x0
[10:44:26.108] |W| [unimplemented_impl]: Unimplemented sceKernelChangeThreadVfpException import called.
[10:44:26.109] |W| [unimplemented_impl]: Unimplemented sceFiosOverlayThreadSetDisabled02 import called.
[10:44:26.264] |W| [unimplemented_impl]: Unimplemented sceFiosOverlayGetRecommendedScheduler02 import called.
[10:44:26.275] |I| [export_sceIoOpen]: Opening file: app0:/game_data.psarc
[10:44:26.277] |T| [open_file]: sceIoOpen: Opening file app0:/game_data.psarc (ux0:/app/PCSE00232/game_data.psarc), fd: 0x3
[10:44:26.310] |T| [close_file]: sceIoClose: Closing file fd: 0x3
[10:44:26.322] |I| [export_sceIoOpen]: Opening file: app0:/game_data.psarc
[10:44:26.323] |T| [open_file]: sceIoOpen: Opening file app0:/game_data.psarc (ux0:/app/PCSE00232/game_data.psarc), fd: 0x4
[10:44:26.513] |I| [export_sceIoOpen]: Opening file: app0:/game_data.000.psarc
[10:44:26.514] |E| [open_file]: Missing file at C:/Users/Melenda/AppData/Roaming/Vita3K/Vita3K/ux0/app/PCSE00232/game_data.000.psarc (target path: app0:/game_data.000.psarc)
[10:44:26.516] |W| [io_error_impl]: open_file (sceIoOpen) returned 0x80010002
[10:44:26.518] |W| [io_error_impl]: tell_file (sceIoPread) returned 0x80010018
[10:44:26.520] |W| [io_error_impl]: close_file (sceIoClose) returned 0x80010018
[10:44:26.525] |I| [load_module]: Loading module ID: 0x13
[10:44:26.528] |C| [load_self]: Unknown segment type 0x6FFFFF01
[10:44:26.528] |I| [load_self]: Loaded module segment 0 @ [0x0655D000 - 0x0656008C / 0x81000000] (size: 0x0000308C) of module sys/external/libsystemgesture.suprx
[10:44:26.530] |I| [load_self]: Loaded module segment 1 @ [0x06561000 - 0x06561BF0 / 0x81004000] (size: 0x00000BF0) of module sys/external/libsystemgesture.suprx
[10:44:26.531] |I| [load_self]: Loading symbols for SELF: sys/external/libsystemgesture.suprx
[10:44:26.532] |D| [load_var_exports]: 	NID 0x936C8A78 (SYSLYB) at 0x6560074
[10:44:26.535] |D| [load_var_exports]: 	NID 0x6C2224BA (NID_MODULE_INFO) at 0x655FBD4
[10:44:26.536] |I| [load_module]: Module SceSystemGesture (at "sys/external/libsystemgesture.suprx") loaded
[10:44:26.537] |D| [load_module]: Running module_start of module: SceSystemGesture
[10:44:26.538] |I| [load_module]: Module SceSystemGesture (at "sys/external/libsystemgesture.suprx") module_start returned 0x0
[10:44:26.539] |T| [log_import_call]: [LLE] TID: 8   FUNC: 0x6078A08B sceSystemGestureInitializePrimitiveTouchRecognizer at 0x813313B4
[10:44:26.541] |W| [unimplemented_impl]: Unimplemented sceTouchGetPixelDensity2 import called.
[10:44:26.543] |W| [unimplemented_impl]: Unimplemented sceAppUtilInit import called.
[10:44:26.579] |W| [stubbed_impl]: Stubbed sceGxmMapFragmentUsseMemory import called. (always return success)
[10:44:26.634] |W| [stubbed_impl]: Stubbed sceGxmMapVertexUsseMemory import called. (always return success)
[10:44:26.687] |W| [unimplemented_impl]: Unimplemented sceNgsSystemSetParamErrorCallback import called.
[10:44:26.692] |T| [export_sceNgsPatchCreateRouting]: Patching 0x1D7350:0:0 to 0x1D79A0:0
[10:44:26.693] |T| [export_sceNgsPatchCreateRouting]: Patching 0x1C3ED0:0:0 to 0x1D79A0:0
[10:44:26.694] |T| [export_sceNgsPatchCreateRouting]: Patching 0x1C43E0:0:0 to 0x1D79A0:0
[10:44:26.696] |T| [export_sceNgsPatchCreateRouting]: Patching 0x1C48F0:0:0 to 0x1D79A0:0
[10:44:26.699] |T| [export_sceNgsPatchCreateRouting]: Patching 0x1C4E00:0:0 to 0x1D79A0:0
[10:44:26.699] |T| [export_sceNgsPatchCreateRouting]: Patching 0x1C5310:0:0 to 0x1D79A0:0
[10:44:26.700] |T| [export_sceNgsPatchCreateRouting]: Patching 0x1C5820:0:0 to 0x1D79A0:0
[10:44:26.701] |T| [export_sceNgsPatchCreateRouting]: Patching 0x1C5D30:0:0 to 0x1D79A0:0
[10:44:26.702] |T| [export_sceNgsPatchCreateRouting]: Patching 0x1C6240:0:0 to 0x1D79A0:0
[10:44:26.703] |T| [export_sceNgsPatchCreateRouting]: Patching 0x1C6750:0:0 to 0x1D79A0:0
[10:44:26.704] |T| [export_sceNgsPatchCreateRouting]: Patching 0x1C6C60:0:0 to 0x1D79A0:0
[10:44:26.705] |T| [export_sceNgsPatchCreateRouting]: Patching 0x1C7170:0:0 to 0x1D79A0:0
[10:44:26.706] |T| [export_sceNgsPatchCreateRouting]: Patching 0x1C7680:0:0 to 0x1D79A0:0
[10:44:26.707] |T| [export_sceNgsPatchCreateRouting]: Patching 0x1C7B90:0:0 to 0x1D79A0:0
[10:44:26.707] |T| [export_sceNgsPatchCreateRouting]: Patching 0x1C80A0:0:0 to 0x1D79A0:0
[10:44:26.709] |T| [export_sceNgsPatchCreateRouting]: Patching 0x1C85B0:0:0 to 0x1D79A0:0
[10:44:26.712] |T| [export_sceNgsPatchCreateRouting]: Patching 0x1C8AC0:0:0 to 0x1D79A0:0
[10:44:26.712] |T| [export_sceNgsPatchCreateRouting]: Patching 0x1C8FD0:0:0 to 0x1D79A0:0
[10:44:26.713] |T| [export_sceNgsPatchCreateRouting]: Patching 0x1C94E0:0:0 to 0x1D79A0:0
[10:44:26.714] |T| [export_sceNgsPatchCreateRouting]: Patching 0x1C99F0:0:0 to 0x1D79A0:0
[10:44:26.715] |T| [export_sceNgsPatchCreateRouting]: Patching 0x1C9F00:0:0 to 0x1D79A0:0
[10:44:26.715] |T| [export_sceNgsPatchCreateRouting]: Patching 0x1CA410:0:0 to 0x1D79A0:0
[10:44:26.716] |T| [export_sceNgsPatchCreateRouting]: Patching 0x1CA920:0:0 to 0x1D79A0:0
[10:44:26.717] |T| [export_sceNgsPatchCreateRouting]: Patching 0x1CAE30:0:0 to 0x1D79A0:0
[10:44:26.717] |T| [export_sceNgsPatchCreateRouting]: Patching 0x1CB340:0:0 to 0x1D79A0:0
[10:44:26.718] |T| [export_sceNgsPatchCreateRouting]: Patching 0x1CB850:0:0 to 0x1D79A0:0
[10:44:26.719] |T| [export_sceNgsPatchCreateRouting]: Patching 0x1CBD60:0:0 to 0x1D79A0:0
[10:44:26.719] |T| [export_sceNgsPatchCreateRouting]: Patching 0x1CC270:0:0 to 0x1D79A0:0
[10:44:26.720] |T| [export_sceNgsPatchCreateRouting]: Patching 0x1CC780:0:0 to 0x1D79A0:0
[10:44:26.721] |T| [export_sceNgsPatchCreateRouting]: Patching 0x1CCC90:0:0 to 0x1D79A0:0
[10:44:26.721] |T| [export_sceNgsPatchCreateRouting]: Patching 0x1CD1A0:0:0 to 0x1D79A0:0
[10:44:26.722] |T| [export_sceNgsPatchCreateRouting]: Patching 0x1CD6B0:0:0 to 0x1D79A0:0
[10:44:26.723] |T| [export_sceNgsPatchCreateRouting]: Patching 0x1CDBC0:0:0 to 0x1D79A0:0
[10:44:26.724] |T| [export_sceNgsPatchCreateRouting]: Patching 0x1CE0D0:0:0 to 0x1D79A0:0
[10:44:26.724] |T| [export_sceNgsPatchCreateRouting]: Patching 0x1CE5E0:0:0 to 0x1D79A0:0
[10:44:26.734] |T| [export_sceNgsPatchCreateRouting]: Patching 0x1CEAF0:0:0 to 0x1D79A0:0
[10:44:26.734] |T| [export_sceNgsPatchCreateRouting]: Patching 0x1CF000:0:0 to 0x1D79A0:0
[10:44:26.735] |T| [export_sceNgsPatchCreateRouting]: Patching 0x1CF510:0:0 to 0x1D79A0:0
[10:44:26.736] |T| [export_sceNgsPatchCreateRouting]: Patching 0x1CFA20:0:0 to 0x1D79A0:0
[10:44:26.737] |T| [export_sceNgsPatchCreateRouting]: Patching 0x1CFF30:0:0 to 0x1D79A0:0
[10:44:26.738] |T| [export_sceNgsPatchCreateRouting]: Patching 0x1D0440:0:0 to 0x1D79A0:0
[10:44:26.739] |T| [export_sceNgsPatchCreateRouting]: Patching 0x1D0950:0:0 to 0x1D79A0:0
[10:44:26.739] |T| [export_sceNgsPatchCreateRouting]: Patching 0x1D0E60:0:0 to 0x1D79A0:0
[10:44:26.740] |T| [export_sceNgsPatchCreateRouting]: Patching 0x1D1370:0:0 to 0x1D79A0:0
[10:44:26.743] |T| [export_sceNgsPatchCreateRouting]: Patching 0x1D1880:0:0 to 0x1D79A0:0
[10:44:26.744] |T| [export_sceNgsPatchCreateRouting]: Patching 0x1D1D90:0:0 to 0x1D79A0:0
[10:44:26.746] |T| [export_sceNgsPatchCreateRouting]: Patching 0x1D22A0:0:0 to 0x1D79A0:0
[10:44:26.747] |T| [export_sceNgsPatchCreateRouting]: Patching 0x1D27B0:0:0 to 0x1D79A0:0
[10:44:26.748] |T| [export_sceNgsPatchCreateRouting]: Patching 0x1D2CC0:0:0 to 0x1D79A0:0
[10:44:26.748] |T| [export_sceNgsPatchCreateRouting]: Patching 0x1D31D0:0:0 to 0x1D79A0:0
[10:44:26.749] |T| [export_sceNgsPatchCreateRouting]: Patching 0x1D36E0:0:0 to 0x1D79A0:0
[10:44:26.750] |T| [export_sceNgsPatchCreateRouting]: Patching 0x1D3BF0:0:0 to 0x1D79A0:0
[10:44:26.751] |T| [export_sceNgsPatchCreateRouting]: Patching 0x1D4100:0:0 to 0x1D79A0:0
[10:44:26.752] |T| [export_sceNgsPatchCreateRouting]: Patching 0x1D4610:0:0 to 0x1D79A0:0
[10:44:26.790] |W| [unimplemented_impl]: Unimplemented sceMotionStartSampling import called.
[10:44:26.791] |W| [unimplemented_impl]: Unimplemented sceMotionSetTiltCorrection import called.
[10:44:26.839] |W| [stubbed_impl]: Stubbed sceNetCtlInit import called. (Stub)
[10:44:26.841] |W| [stubbed_impl]: Stubbed sceNetCtlInetGetState import called. (state = SCE_NETCTL_STATE_DISCONNECTED)
[10:44:26.842] |W| [stubbed_impl]: Stubbed sceHttpInit import called. (Fail when called)
[10:44:26.848] |W| [unimplemented_impl]: Unimplemented sceHttpGetMemoryPoolStats import called.
[10:44:26.848] |W| [unimplemented_impl]: Unimplemented sceHttpTerm import called.
[10:44:26.849] |W| [unimplemented_impl]: Unimplemented sceSslGetMemoryPoolStats import called.
[10:44:26.850] |W| [unimplemented_impl]: Unimplemented sceSslTerm import called.
[10:44:26.851] |W| [unimplemented_impl]: Unimplemented sceSslInit import called.
[10:44:26.937] |W| [stubbed_impl]: Stubbed __sceAppMgrGetAppState import called. (Set to 0.)
