[01:53:01.995] |I| [config::init]: lle-modules: libpgf,libhttp,libsceavplayer,avcdec_for_player,libscemp4
[01:53:01.996] |I| [config::init]: log-level: 2
[01:53:01.996] |I| [config::init]: log-imports: false
[01:53:01.996] |I| [config::init]: log-exports: false
[01:53:01.997] |I| [config::init]: log-active-shaders: false
[01:53:01.997] |I| [config::init]: log-uniforms: false
[01:53:01.997] |I| [config::init]: sync-rendering: false
[01:53:02.001] |I| [SDL_main]: Vita3K v0.1 1063-deff8367
[01:53:02.971] |I| [init]: Swap interval = -1
[01:53:03.195] |I| [gui::init_icons]: Default icon found for title SKGCBSMGR, Custom Boot Splash Manager.
[01:53:03.196] |I| [gui::init_icons]: Default icon found for title SKGTLSE12, iTLS-Enso.
[01:53:03.197] |I| [gui::init_icons]: Default icon found for title SKOG00001, Snes9xVITA.
[01:53:03.202] |I| [gui::init_icons]: Default icon found for title VCID00001, VitaCID.
[01:53:03.204] |I| [gui::init_icons]: Default icon found for title VITATESTR, VitaTester.
[01:53:06.934] |I| [load_app_impl]: Title: A.W. : Phoenix Festa
[01:53:06.935] |I| [load_app_impl]: Serial: PCSB00960
[01:53:06.935] |I| [load_app_impl]: Version: 01.00
[01:53:06.935] |I| [load_app_impl]: Category: gd
[01:53:06.945] |I| [load_self]: Loading symbols for SELF: app0:sce_module/libc.suprx
[01:53:06.945] |W| [load_var_imports]: 	NID NOT FOUND 0x93B8AA67 (__stack_chk_guard) at 0x4163C, setting to stub value 0xDEADBEEF
[01:53:06.945] |W| [load_var_imports]: 	NID NOT FOUND 0xDF084DFA (UNRECOGNISED) at 0x431D0, setting to stub value 0xDEADBEEF
[01:53:06.946] |I| [load_app_impl]: Pre-load module SceLibc (at "sce_module/libc.suprx") loaded
[01:53:06.952] |I| [load_self]: Loading symbols for SELF: app0:sce_module/libfios2.suprx
[01:53:06.953] |I| [load_app_impl]: Pre-load module SceLibFios2 (at "sce_module/libfios2.suprx") loaded
[01:53:06.957] |I| [load_self]: Loading symbols for SELF: app0:sce_module/libult.suprx
[01:53:06.957] |W| [load_var_imports]: 	NID NOT FOUND 0x936A5F31 (_pLibPerfCaptureFlagPtr) at 0x9B0BC, setting to stub value 0xDEADBEEF
[01:53:06.957] |I| [load_app_impl]: Pre-load module SceUlt (at "sce_module/libult.suprx") loaded
[01:53:07.005] |I| [load_self]: Loading symbols for SELF: app0:eboot.bin
[01:53:07.005] |I| [load_app_impl]: Main executable AsteriskVita_m (eboot.bin) loaded
[01:53:07.072] |I| [run_app]: Module SceLibc (at "app0:sce_module/libc.suprx") module_start returned 0x0
[01:53:07.078] |W| [stubbed_impl]: Stubbed sceKernelGetProcessId import called. (pid: 0)
[01:53:07.078] |W| [unimplemented_impl]: Unimplemented sceFiosOverlayGetList02 import called.
[01:53:07.079] |I| [run_app]: Module SceLibFios2 (at "app0:sce_module/libfios2.suprx") module_start returned 0x0
[01:53:07.084] |E| [call_import]: Import function for NID 0x50F2F2AA not found (thread name: SceUlt, thread ID: 36)
[01:53:07.084] |I| [run_app]: Module SceUlt (at "app0:sce_module/libult.suprx") module_start returned 0x0
[01:53:07.087] |I| [load_self]: Loading symbols for SELF: app0:mai_moe/mai.suprx
[01:53:07.096] |W| [stubbed_impl]: Stubbed sceKernelDelayThread import called. (bad accuracy)
[01:53:07.096] |I| [export_sceIoOpen]: Opening file: app0:mai_moe/load_type.mai
[01:53:07.103] |I| [export_sceKernelLoadStartModule]: Module SceLibFios2 (at "app0:sce_module/libfios2.suprx") module_start returned 0x0
[01:53:07.105] |I| [load_self]: Loading symbols for SELF: app0:sce_module/libfios2_m.suprx
[01:53:07.111] |I| [export_sceKernelLoadStartModule]: Module mceLibFios2 (at "app0:sce_module/libfios2_m.suprx") module_start returned 0x0
[01:53:07.115] |W| [io_error_impl]: open_dir (sceIoDopen) returned 0x80010002
[01:53:07.115] |W| [io_error_impl]: read_dir (sceIoDread) returned 0x80010051
[01:53:07.116] |W| [io_error_impl]: close_dir (sceIoDclose) returned 0x80010051
[01:53:07.197] |I| [export_sceKernelLoadStartModule]: Module output/testprx.elf (at "app0:mai_moe/mai.suprx") module_start returned 0x0
[01:53:07.359] |W| [unimplemented_impl]: Unimplemented sceScreenShotSetOverlayImage import called.
[01:53:07.392] |I| [renderer::create]: GL_VERSION = 4.1.0 NVIDIA 430.86
[01:53:07.393] |I| [renderer::create]: GL_SHADING_LANGUAGE_VERSION = 4.10 NVIDIA via Cg compiler
[01:53:07.619] |E| [ret_error_impl]: sceGxmTextureSetUAddrMode returned SCE_GXM_ERROR_INVALID_POINTER (0x805B0004)
[01:53:07.620] |E| [ret_error_impl]: sceGxmTextureSetVAddrMode returned SCE_GXM_ERROR_INVALID_POINTER (0x805B0004)
[01:53:07.691] |I| [renderer::load_shader]: Generating vert shader e4b322580f3f40c661edf6192a13ca2fe8ea46ed43edc7c00e0e35f28029ffb9
[01:53:07.693] |W| [shader::create_parameters]: Container for literal not found, skipping creating literals!
[01:53:07.729] |I| [renderer::load_shader]: Generating frag shader 552efca57ad6d8ff543ff2e399189c9f744c9e4d0edfac70a7aec6bddbf90dd1
[01:53:07.731] |W| [shader::create_parameters]: Container for literal not found, skipping creating literals!
[01:53:07.749] |I| [renderer::load_shader]: Generating vert shader aa5ce5d2a7f3d1cf14aeb3bab48861091c616e0b2d2a088394b347d1869bd6dc
[01:53:07.752] |W| [shader::create_parameters]: Container for literal not found, skipping creating literals!
[01:53:07.775] |I| [renderer::load_shader]: Generating frag shader fd2357a3ab485f55f1f0926f2114e2c67c06e92f8c4dec35e1b05a80bd72afd8
[01:53:07.777] |W| [shader::create_parameters]: Container for literal not found, skipping creating literals!
[01:53:07.796] |I| [renderer::load_shader]: Generating frag shader 10f6021048a89c1721de3528ecb10af783602c532479ba0c932795605e8aceb3
[01:53:07.798] |C| [shader::create_parameters]: uniform_buffer used in shader
[01:53:07.847] |I| [renderer::load_shader]: Generating vert shader 027ea6abf1d8bad86e9c89e7d7a38f5da6c3e894c15c3b4bdf0d35276a1ac302
[01:53:07.849] |C| [shader::create_parameters]: uniform_buffer used in shader
[01:53:07.905] |I| [renderer::load_shader]: Generating vert shader edce43066aba4cbf32e58127e6b67794129401d9ac1d6edc9f6492d1ae31c301
[01:53:07.907] |C| [shader::create_parameters]: uniform_buffer used in shader
[01:53:07.977] |I| [renderer::load_shader]: Generating frag shader b57b59f4172b03433d9852bf4eee071f4038cbfa1f932750f401c733a18c2641
[01:53:07.979] |W| [shader::create_parameters]: Container for literal not found, skipping creating literals!
[01:53:07.998] |I| [renderer::load_shader]: Generating vert shader d29d9b516ad316e37eee3da72f4910c5d7fda523807f8b0fc2b4bd5b02c8bf32
[01:53:08.001] |C| [shader::create_parameters]: uniform_buffer used in shader
[01:53:08.058] |I| [renderer::load_shader]: Generating frag shader 4fda9eea88b690359b96c16abd69a6c9bcf813f197c2e9b3a9a03642c5235016
[01:53:08.060] |W| [shader::create_parameters]: Container for literal not found, skipping creating literals!
[01:53:08.080] |I| [renderer::load_shader]: Generating vert shader 1854df184b306aee4cc85d00b08cda4acc4f895a56d68af6e2f51b5cb8dd073d
[01:53:08.083] |C| [shader::create_parameters]: uniform_buffer used in shader
[01:53:08.137] |I| [renderer::load_shader]: Generating frag shader 7ec6609fc43948eaa93eb93071414a58653fcf3afd7d72ccc2304147bb56acf4
[01:53:08.147] |E| [shader::usse::USSETranslatorVisitor::smp]: Sampler LOD custom mode not implemented!
[01:53:08.152] |E| [shader::usse::USSETranslatorVisitor::vtstmsk]: VTSTMASK unimplemented!
[01:53:08.154] |E| [shader::usse::USSETranslatorVisitor::do_alu_op]: Unimplemented ALU opcode instruction: VF16DP
[01:53:08.189] |I| [renderer::load_shader]: Generating vert shader cd9604f6c1bf67adf49ee04fbd4b56f4f6504d0050b92a2c625ce306edfd55c2
[01:53:08.192] |C| [shader::create_parameters]: uniform_buffer used in shader
[01:53:08.194] |C| [shader::create_parameters]: uniform_buffer used in shader
[01:53:08.296] |I| [renderer::load_shader]: Generating vert shader e88e35a51fd08dea87240ed5f4bf4e489923fd4c9dd34a19fa0fad92ecce99dd
[01:53:08.298] |C| [shader::create_parameters]: uniform_buffer used in shader
[01:53:08.300] |C| [shader::create_parameters]: uniform_buffer used in shader
[01:53:08.437] |I| [renderer::load_shader]: Generating frag shader 759097479471a0633a4d9b11d00c14a3b7eeccfc2a010df3963a0e6b2087bde1
[01:53:08.439] |C| [shader::create_parameters]: uniform_buffer used in shader
[01:53:08.449] |E| [shader::usse::USSETranslatorVisitor::do_alu_op]: Unimplemented ALU opcode instruction: VF16DP
[01:53:08.453] |E| [shader::usse::USSETranslatorVisitor::do_alu_op]: Unimplemented ALU opcode instruction: VF16DP
[01:53:08.455] |E| [shader::usse::USSETranslatorVisitor::do_alu_op]: Unimplemented ALU opcode instruction: VF16DP
[01:53:08.461] |E| [shader::usse::USSETranslatorVisitor::do_alu_op]: Unimplemented ALU opcode instruction: VF16DP
[01:53:08.485] |I| [renderer::load_shader]: Generating frag shader 0e3d307ea2ab3b58ea421b8eb2c9d1ca1291cf6e92d427f3afcd0f92c49493ba
[01:53:08.487] |C| [shader::create_parameters]: uniform_buffer used in shader
[01:53:08.495] |E| [shader::usse::USSETranslatorVisitor::do_alu_op]: Unimplemented ALU opcode instruction: VF16DP
[01:53:08.503] |E| [shader::usse::USSETranslatorVisitor::do_alu_op]: Unimplemented ALU opcode instruction: VF16DP
[01:53:08.509] |E| [shader::usse::USSETranslatorVisitor::do_alu_op]: Unimplemented ALU opcode instruction: VF16DP
[01:53:08.534] |I| [renderer::load_shader]: Generating vert shader 38feb14ce00d96e66935363ca2e07c6742f68e1b915108a1834ef3f933216cbf
[01:53:08.536] |C| [shader::create_parameters]: uniform_buffer used in shader
[01:53:08.538] |C| [shader::create_parameters]: uniform_buffer used in shader
[01:53:08.629] |I| [renderer::load_shader]: Generating frag shader 5c238b589dd0d0c51757b01de151e0df1ee1d534a32e2315503f203c92355d60
[01:53:08.649] |I| [renderer::load_shader]: Generating vert shader 78cb21ef630104a9c425db36ec014327617f3e1a7fe80942f47e7ca20c4fb2cb
[01:53:08.653] |C| [shader::create_parameters]: uniform_buffer used in shader
[01:53:08.655] |C| [shader::create_parameters]: uniform_buffer used in shader
[01:53:08.744] |I| [renderer::load_shader]: Generating frag shader 2c924b4010b58e5b47b56adbe75b81a5c274461fc86bccac71d7e0a1f524be20
[01:53:08.746] |C| [shader::create_parameters]: uniform_buffer used in shader
[01:53:08.767] |E| [export_sceGxmTextureInitTiled]: Initialized texture with unsupported texture format: 0x13000000
[01:53:08.768] |E| [export_sceGxmTextureInitTiled]: Initialized texture with unsupported texture format: 0x13000000
[01:53:08.775] |W| [unimplemented_impl]: Unimplemented sceAppUtilInit import called.
[01:53:08.776] |W| [unimplemented_impl]: Unimplemented sceSystemGestureInitializePrimitiveTouchRecognizer import called.
[01:53:08.778] |W| [unimplemented_impl]: Unimplemented sceTouchEnableTouchForce import called.
[01:53:08.787] |W| [stubbed_impl]: Stubbed sceKernelWaitEventFlagCB import called. (no CB)
[01:53:08.798] |W| [stubbed_impl]: Stubbed sceKernelLockLwMutexCB import called. (no CB)
[01:53:08.804] |W| [stubbed_impl]: Stubbed sceKernelDelayThreadCB import called. (no CB, bad accuracy)
[01:53:08.805] |W| [unimplemented_impl]: Unimplemented sceNgsSystemInit import called.
[01:53:08.807] |W| [stubbed_impl]: Stubbed sceNgsSystemGetRequiredMemorySize import called. (size = 1)
[01:53:08.807] |W| [unimplemented_impl]: Unimplemented sceNgsVoiceDefGetTemplate1 import called.
[01:53:08.808] |W| [stubbed_impl]: Stubbed sceNgsRackGetRequiredMemorySize import called. (size = 1)
[01:53:08.809] |W| [unimplemented_impl]: Unimplemented sceNgsVoiceDefGetAtrac9Voice import called.
[01:53:08.809] |W| [unimplemented_impl]: Unimplemented sceNgsVoiceDefGetMixerBuss import called.
[01:53:08.810] |W| [unimplemented_impl]: Unimplemented sceNgsVoiceDefGetMasterBuss import called.
[01:53:08.811] |W| [unimplemented_impl]: Unimplemented sceNgsSystemRelease import called.
[01:53:08.816] |W| [unimplemented_impl]: Unimplemented sceNgsRackInit import called.
[01:53:08.817] |W| [unimplemented_impl]: Unimplemented sceNgsRackGetVoiceHandle import called.
[01:53:08.818] |W| [unimplemented_impl]: Unimplemented sceNgsVoicePlay import called.
[01:53:08.820] |W| [unimplemented_impl]: Unimplemented sceNgsPatchCreateRouting import called.
[01:53:08.821] |W| [stubbed_impl]: Stubbed sceNgsPatchGetInfo import called. (2 in/out channels)
[01:53:08.822] |W| [unimplemented_impl]: Unimplemented sceNgsVoicePatchSetVolumesMatrix import called.
[01:53:08.828] |W| [unimplemented_impl]: Unimplemented sceNgsSystemUpdate import called.
[01:53:08.828] |W| [unimplemented_impl]: Unimplemented sceNgsVoiceGetStateData import called.
[01:53:08.830] |W| [unimplemented_impl]: Unimplemented sceAudioOutGetAdopt import called.
[01:53:08.848] |W| [unimplemented_impl]: Unimplemented sceNgsVoiceSetModuleCallback import called.
[01:53:08.848] |W| [unimplemented_impl]: Unimplemented sceNgsVoiceBypassModule import called.
[01:53:08.905] |W| [unimplemented_impl]: Unimplemented sceGxmTextureInitLinearStrided import called.
[01:53:08.912] |W| [unimplemented_impl]: Unimplemented sceVideodecInitLibrary import called.
[01:53:08.920] |I| [export_sceIoOpen]: Opening file: app0:ResourceVita/unit/unit_master_data.pac
[01:53:08.923] |I| [export_sceIoOpen]: Opening file: app0:ResourceVita/font_newsezannu_pron_m_18.abcd
[01:53:08.924] |I| [export_sceIoOpen]: Opening file: app0:ResourceVita/font_newsezannu_pron_m_18.cvt
[01:53:08.934] |E| [init_texture_base]: Initialized texture with unsupported texture format: 0x87000000
[01:53:08.936] |I| [export_sceIoOpen]: Opening file: app0:ResourceVita/font_tsukushimintyou_pr5n_h_20.abcd
[01:53:08.937] |I| [export_sceIoOpen]: Opening file: app0:ResourceVita/font_tsukushimintyou_pr5n_h_20.cvt
[01:53:08.946] |E| [init_texture_base]: Initialized texture with unsupported texture format: 0x87000000
[01:53:08.948] |I| [export_sceIoOpen]: Opening file: app0:ResourceVita/message/common_japanese.mes
[01:53:08.954] |I| [export_sceIoOpen]: Opening file: app0:ResourceVita/sound/asterisk_sound.acf
[01:53:08.962] |I| [export_sceIoOpen]: Opening file: app0:ResourceVita/sound/asterisk_sound.acf
[01:53:08.980] |I| [export_sceIoOpen]: Opening file: app0:ResourceVita/sound/bgm/bgm_package.acb
[01:53:08.986] |I| [export_sceIoOpen]: Opening file: app0:ResourceVita/sound/bgm/bgm_package.acb
[01:53:09.007] |I| [export_sceIoOpen]: Opening file: app0:ResourceVita/sound/bgm/bgm_package_BGM.awb
[01:53:09.012] |I| [export_sceIoOpen]: Opening file: app0:ResourceVita/sound/se_package.acb
[01:53:09.017] |I| [export_sceIoOpen]: Opening file: app0:ResourceVita/sound/se_package.acb
[01:53:09.029] |I| [export_sceIoOpen]: Opening file: app0:ResourceVita/sound/se_package_SE.awb
[01:53:09.033] |I| [export_sceIoOpen]: Opening file: app0:ResourceVita/sound/voice/voice_package.acb
[01:53:09.040] |I| [export_sceIoOpen]: Opening file: app0:ResourceVita/sound/voice/voice_package.acb
[01:53:09.054] |I| [export_sceIoOpen]: Opening file: app0:ResourceVita/sound/voice/voice_package_VOICE.awb
[01:53:09.056] |I| [export_sceIoOpen]: Opening file: app0:ResourceVita/layout_tex/mtex_common.pac
[01:53:09.063] |I| [export_sceIoOpen]: Opening file: app0:ResourceVita/layout_tex/mtex_adv_bg.pac
[01:53:09.074] |I| [export_sceIoOpen]: Opening file: app0:ResourceVita/layout_tex/mtex_title_logo.pac
[01:53:09.085] |I| [export_sceIoOpen]: Opening file: app0:ResourceVita/layout/layout_adv_bg.pac
[01:53:09.092] |I| [export_sceIoOpen]: Opening file: app0:ResourceVita/layout/layout_title_logo.pac
[01:53:09.116] |W| [unimplemented_impl]: Unimplemented sceAppUtilAppParamGetInt import called.
[01:53:09.118] |W| [unimplemented_impl]: Unimplemented sceNpTrophyInit import called.
[01:53:09.119] |W| [unimplemented_impl]: Unimplemented sceNpTrophyCreateContext import called.
[01:53:09.119] |W| [unimplemented_impl]: Unimplemented sceNpTrophyCreateHandle import called.
[01:53:09.123] |W| [unimplemented_impl]: Unimplemented _sceAppMgrGetAppState import called.
[01:53:09.123] |W| [stubbed_impl]: Stubbed sceNetCtlCheckCallback import called. (Stub)
[01:53:09.124] |W| [unimplemented_impl]: Unimplemented sceSystemGestureUpdatePrimitiveTouchRecognizer import called.
[01:53:09.203] |E| [renderer::compile_program]: Vertex info
-----------
0(15) : warning C7050: "outs[0].zw" might be used before being initialized
0(15) : warning C7050: "outs[1].zw" might be used before being initialized

Fragment info
-------------
0(8) : warning C7050: "pa[0].zw" might be used before being initialized


[01:53:09.219] |E| [renderer::compile_program]: Vertex info
-----------
0(17) : warning C7050: "outs[0].zw" might be used before being initialized
0(17) : warning C7050: "outs[1].zw" might be used before being initialized
0(17) : warning C7050: "outs[2].zw" might be used before being initialized

Fragment info
-------------
0(11) : warning C7050: "pa[0].zw" might be used before being initialized


