[11:46:35.379] |I| [config::init_config]: backend-renderer: Vulkan
[11:46:35.380] |I| [config::init_config]: log-level: 0
[11:46:35.473] |I| [SDL_main]: Vita3K v0.1.8 3225-2f46b479
[11:46:35.473] |I| [SDL_main]: Number of logical CPU cores: 12
[11:46:35.474] |I| [SDL_main]: Available ram memory: 32655 MiB
[11:46:35.561] |I| [renderer::vulkan::VKState::create]: Vulkan device: NVIDIA GeForce RTX 3070
[11:46:35.562] |I| [renderer::vulkan::VKState::create]: Driver version: 536.23.0.0
[11:46:35.562] |I| [renderer::vulkan::VKState::create]: Memory mapping is enabled
[11:46:35.844] |I| [renderer::vulkan::ScreenRenderer::setup]: Present mode: Mailbox
[11:46:36.065] |W| [compat::load_compat_app_db]: App with Title ID PCSG01281 has an issue but no status label. Please check GitHub issue 1697 and request a status label be added.
[11:46:36.065] |W| [compat::load_compat_app_db]: App with Title ID PCSG00274 has an issue but no status label. Please check GitHub issue 1696 and request a status label be added.
[11:46:36.065] |W| [compat::load_compat_app_db]: App with Title ID PCSB00983 has an issue but no status label. Please check GitHub issue 1689 and request a status label be added.
[11:46:36.065] |W| [compat::load_compat_app_db]: App with Title ID PCSE00640 has an issue but no status label. Please check GitHub issue 1678 and request a status label be added.
[11:46:36.066] |W| [compat::load_compat_app_db]: App with Title ID PCSA00158 has an issue but no status label. Please check GitHub issue 1659 and request a status label be added.
[11:46:36.066] |W| [compat::load_compat_app_db]: App with Title ID PCSA00133 has an issue but no status label. Please check GitHub issue 1649 and request a status label be added.
[11:46:36.201] |I| [compat::update_compat_app_db]: Applications compatibility database is up to date.
[11:47:02.917] |I| [load_app_impl]: cpu-backend: Dynarmic
[11:47:02.917] |I| [load_app_impl]: CPU Optimisation state: true
[11:47:02.917] |I| [load_app_impl]: ngs state: true
[11:47:02.917] |I| [load_app_impl]: Resolution multiplier: 1
[11:47:02.917] |I| [load_app_impl]: 1 Controllers Connected
[11:47:02.917] |I| [load_app_impl]: Controller 0: Controller (Xbox One For Windows)
[11:47:02.917] |I| [load_app_impl]: modules mode: Automatic
[11:47:02.917] |I| [load_app_impl]: Title: 蒼き翼のシュバリエ
[11:47:02.917] |I| [load_app_impl]: Serial: PCSG01281
[11:47:02.918] |I| [load_app_impl]: Version: 1.00
[11:47:02.918] |I| [load_app_impl]: Category: gd
[11:47:02.932] |I| [load_self]: app0:sce_module/libc.suprx: Skipping special segment 0x6fffff01...
[11:47:02.932] |I| [load_self]: Loaded module segment 0 @ [0x00005000 - 0x000568A4 / 0x81000000] (size: 0x000518A4) of module app0:sce_module/libc.suprx
[11:47:02.933] |I| [load_self]: Loaded module segment 1 @ [0x00057000 - 0x000598A0 / 0x81052000] (size: 0x000028A0) of module app0:sce_module/libc.suprx
[11:47:02.933] |I| [load_self]: Linking SELF app0:sce_module/libc.suprx...
[11:47:02.934] |D| [load_var_exports]: 	NID 0x936c8a78 (SYSLYB) at 0x4c314
[11:47:02.935] |D| [load_var_exports]: 	NID 0x6c2224ba (NID_MODULE_INFO) at 0x414dc
[11:47:02.936] |I| [pre_load_module]: Pre-load module SceLibc (at "sce_module/libc.suprx") loaded
[11:47:02.943] |I| [load_self]: app0:sce_module/libfios2.suprx: Skipping special segment 0x6fffff01...
[11:47:02.943] |I| [load_self]: Loaded module segment 0 @ [0x0005A000 - 0x00086CBF / 0x81000000] (size: 0x0002CCBF) of module app0:sce_module/libfios2.suprx
[11:47:02.944] |I| [load_self]: Loaded module segment 1 @ [0x00087000 - 0x0008C255 / 0x8102D000] (size: 0x00005255) of module app0:sce_module/libfios2.suprx
[11:47:02.945] |I| [load_self]: Linking SELF app0:sce_module/libfios2.suprx...
[11:47:02.945] |D| [load_var_exports]: 	NID 0x936c8a78 (SYSLYB) at 0x86bc8
[11:47:02.945] |D| [load_var_exports]: 	NID 0x6c2224ba (NID_MODULE_INFO) at 0x7df08
[11:47:02.946] |I| [pre_load_module]: Pre-load module SceLibFios2 (at "sce_module/libfios2.suprx") loaded
[11:47:02.950] |I| [load_self]: app0:sce_module/libult.suprx: Skipping special segment 0x6fffff01...
[11:47:02.950] |I| [load_self]: Loaded module segment 0 @ [0x0008D000 - 0x000A09BC / 0x81000000] (size: 0x000139BC) of module app0:sce_module/libult.suprx
[11:47:02.951] |I| [load_self]: Loaded module segment 1 @ [0x000A1000 - 0x000A1814 / 0x81014000] (size: 0x00000814) of module app0:sce_module/libult.suprx
[11:47:02.952] |I| [load_self]: Linking SELF app0:sce_module/libult.suprx...
[11:47:02.952] |D| [load_var_exports]: 	NID 0x936c8a78 (SYSLYB) at 0x9f2e8
[11:47:02.952] |D| [load_var_exports]: 	NID 0x6c2224ba (NID_MODULE_INFO) at 0x9c870
[11:47:02.953] |I| [pre_load_module]: Pre-load module SceUlt (at "sce_module/libult.suprx") loaded
[11:47:02.962] |I| [load_self]: Loaded module segment 0 @ [0x000A2000 - 0x000F2F04 / 0x81000000] (size: 0x00050F04) of module vs0:sys/external/libSceFt2.suprx
[11:47:02.963] |I| [load_self]: Loaded module segment 1 @ [0x000F3000 - 0x000F32F4 / 0x81051000] (size: 0x000002F4) of module vs0:sys/external/libSceFt2.suprx
[11:47:02.964] |I| [load_self]: Linking SELF vs0:sys/external/libSceFt2.suprx...
[11:47:02.964] |D| [load_var_exports]: 	NID 0x936c8a78 (SYSLYB) at 0xde7dc
[11:47:02.964] |D| [load_var_exports]: 	NID 0x6c2224ba (NID_MODULE_INFO) at 0xddf10
[11:47:02.966] |I| [pre_load_module]: Pre-load module SceLibft2 (at "sys/external/libSceFt2.suprx") loaded
[11:47:02.969] |I| [load_self]: Loaded module segment 0 @ [0x000F4000 - 0x00103F14 / 0x81000000] (size: 0x0000FF14) of module vs0:sys/external/libpvf.suprx
[11:47:02.969] |I| [load_self]: Loaded module segment 1 @ [0x00104000 - 0x00104008 / 0x81010000] (size: 0x00000008) of module vs0:sys/external/libpvf.suprx
[11:47:02.970] |I| [load_self]: Linking SELF vs0:sys/external/libpvf.suprx...
[11:47:02.970] |D| [load_var_exports]: 	NID 0x936c8a78 (SYSLYB) at 0x102710
[11:47:02.970] |D| [load_var_exports]: 	NID 0x6c2224ba (NID_MODULE_INFO) at 0x102300
[11:47:02.971] |I| [pre_load_module]: Pre-load module SceLibPvf (at "sys/external/libpvf.suprx") loaded
[11:47:03.042] |I| [load_self]: app0:eboot.bin: Skipping special segment 0x6fffff01...
[11:47:03.043] |I| [load_self]: Loaded module segment 0 @ [0x00105000 - 0x00332798 / 0x81000000] (size: 0x0022D798) of module app0:eboot.bin
[11:47:03.044] |I| [load_self]: Loaded module segment 1 @ [0x00333000 - 0x00549B3C / 0x8122E000] (size: 0x00216B3C) of module app0:eboot.bin
[11:47:03.044] |I| [load_self]: Linking SELF app0:eboot.bin...
[11:47:03.045] |D| [load_var_exports]: 	NID 0x6c2224ba (NID_MODULE_INFO) at 0x2c3720
[11:47:03.045] |D| [load_var_exports]: 	NID 0x70fba1e7 (SCE_PROC_PARAMS) at 0x341e14
[11:47:03.046] |D| [load_var_exports]: 	NID 0x936c8a78 (SYSLYB) at 0x30d80c
[11:47:03.046] |I| [load_app_impl]: Main executable SoR (eboot.bin) loaded
[11:47:03.062] |D| [run_app]: Running module_start of library: SceLibc at address 0x5871
[11:47:03.079] |T| [open_file]: sceKernelGetStdin: Opening terminal tty0:
[11:47:03.079] |T| [open_file]: sceKernelGetStdout: Opening terminal tty0:
[11:47:03.080] |T| [open_file]: sceKernelGetStderr: Opening terminal tty0:
[11:47:03.090] |I| [run_app]: Module SceLibc (at "app0:sce_module/libc.suprx") module_start returned 0x0
[11:47:03.092] |D| [run_app]: Running module_start of library: SceLibFios2 at address 0x5a001
[11:47:03.107] |W| [stubbed_impl]: Stubbed sceKernelGetProcessId import called. (pid: 0)
[11:47:03.107] |I| [run_app]: Module SceLibFios2 (at "app0:sce_module/libfios2.suprx") module_start returned 0x0
[11:47:03.110] |D| [run_app]: Running module_start of library: SceUlt at address 0x90771
[11:47:03.124] |W| [unimplemented_impl]: Unimplemented _sceUlobjMgrRegisterLibultProtocolRevision import called.
[11:47:03.124] |I| [run_app]: Module SceUlt (at "app0:sce_module/libult.suprx") module_start returned 0x0
[11:47:03.193] |W| [stubbed_impl]: Stubbed sceKernelGetFreeMemorySize import called. (Single pool)
[11:47:03.223] |W| [unimplemented_impl]: Unimplemented sceAppUtilInit import called.
[11:47:03.225] |E| [call_import]: Import function for NID 0xd7f0f610 not found (thread name: PCSG01281, thread ID: 7)
[11:47:03.247] |W| [unimplemented_impl]: Unimplemented sceKernelChangeThreadVfpException import called.
[11:47:03.248] |W| [unimplemented_impl]: Unimplemented sceFiosOverlayThreadSetDisabled02 import called.
[11:47:03.309] |W| [unimplemented_impl]: Unimplemented sceScreenShotDisable import called.
[11:47:03.309] |W| [unimplemented_impl]: Unimplemented sceScreenShotSetParam import called.
[11:47:03.310] |W| [unimplemented_impl]: Unimplemented sceScreenShotSetOverlayImage import called.
[11:47:03.310] |W| [unimplemented_impl]: Unimplemented sceScreenShotEnable import called.
[11:47:03.332] |E| [stat_file]: Missing file at C:/vita/ux0/app/PCSG01281/nsor/table_sjis2uni.tbl (target path: app0:/nsor/table_sjis2uni.tbl)
[11:47:03.332] |W| [io_error_impl]: stat_file (_sceIoGetstat) returned 0x80010002
[11:47:03.358] |W| [stubbed_impl]: Stubbed sceGxmMapFragmentUsseMemory import called. (always return success)
[11:47:03.369] |W| [stubbed_impl]: Stubbed sceGxmGetRenderTargetMemSize import called. (2MiB emuenv mem)
[11:47:03.387] |W| [stubbed_impl]: Stubbed sceGxmMapVertexUsseMemory import called. (always return success)
[11:47:03.391] |I| [export_sceIoOpen]: Opening file: app0:/nsor/shader_clear_v.vpo
[11:47:03.391] |T| [open_file]: sceIoOpen: Opening file app0:/nsor/shader_clear_v.vpo (ux0:/app/PCSG01281/nsor/shader_clear_v.vpo), fd: 0x3
[11:47:03.400] |I| [export_sceIoOpen]: Opening file: app0:/nsor/shader_clear_f.fpo
[11:47:03.400] |T| [open_file]: sceIoOpen: Opening file app0:/nsor/shader_clear_f.fpo (ux0:/app/PCSG01281/nsor/shader_clear_f.fpo), fd: 0x4
[11:47:03.404] |T| [close_file]: sceIoClose: Closing file fd: 0x3
[11:47:03.406] |T| [close_file]: sceIoClose: Closing file fd: 0x4
[11:47:03.418] |I| [export_sceIoOpen]: Opening file: app0:/nsor/shader_expvertexshader_model.vpo
[11:47:03.419] |T| [open_file]: sceIoOpen: Opening file app0:/nsor/shader_expvertexshader_model.vpo (ux0:/app/PCSG01281/nsor/shader_expvertexshader_model.vpo), fd: 0x5
[11:47:03.420] |T| [close_file]: sceIoClose: Closing file fd: 0x5
[11:47:03.421] |I| [export_sceIoOpen]: Opening file: app0:/nsor/shader_expvertexshader_sprite.vpo
[11:47:03.421] |T| [open_file]: sceIoOpen: Opening file app0:/nsor/shader_expvertexshader_sprite.vpo (ux0:/app/PCSG01281/nsor/shader_expvertexshader_sprite.vpo), fd: 0x6
[11:47:03.422] |T| [close_file]: sceIoClose: Closing file fd: 0x6
[11:47:03.423] |I| [export_sceIoOpen]: Opening file: app0:/nsor/shader_expvertexshader_other.vpo
[11:47:03.423] |T| [open_file]: sceIoOpen: Opening file app0:/nsor/shader_expvertexshader_other.vpo (ux0:/app/PCSG01281/nsor/shader_expvertexshader_other.vpo), fd: 0x7
[11:47:03.424] |T| [close_file]: sceIoClose: Closing file fd: 0x7
[11:47:03.424] |I| [export_sceIoOpen]: Opening file: app0:/nsor/shader_expvertexshader_wipe.vpo
[11:47:03.424] |T| [open_file]: sceIoOpen: Opening file app0:/nsor/shader_expvertexshader_wipe.vpo (ux0:/app/PCSG01281/nsor/shader_expvertexshader_wipe.vpo), fd: 0x8
[11:47:03.425] |T| [close_file]: sceIoClose: Closing file fd: 0x8
[11:47:03.426] |I| [export_sceIoOpen]: Opening file: app0:/nsor/shader_expvs_tileshader.vpo
[11:47:03.426] |T| [open_file]: sceIoOpen: Opening file app0:/nsor/shader_expvs_tileshader.vpo (ux0:/app/PCSG01281/nsor/shader_expvs_tileshader.vpo), fd: 0x9
[11:47:03.427] |T| [close_file]: sceIoClose: Closing file fd: 0x9
[11:47:03.427] |I| [export_sceIoOpen]: Opening file: app0:/nsor/shader_expvertexshader_blursprite.vpo
[11:47:03.427] |T| [open_file]: sceIoOpen: Opening file app0:/nsor/shader_expvertexshader_blursprite.vpo (ux0:/app/PCSG01281/nsor/shader_expvertexshader_blursprite.vpo), fd: 0xa
[11:47:03.428] |T| [close_file]: sceIoClose: Closing file fd: 0xa
[11:47:03.429] |I| [export_sceIoOpen]: Opening file: app0:/nsor/shader_expvertexshader_modelinstance.vpo
[11:47:03.429] |T| [open_file]: sceIoOpen: Opening file app0:/nsor/shader_expvertexshader_modelinstance.vpo (ux0:/app/PCSG01281/nsor/shader_expvertexshader_modelinstance.vpo), fd: 0xb
[11:47:03.430] |T| [close_file]: sceIoClose: Closing file fd: 0xb
[11:47:03.432] |I| [export_sceIoOpen]: Opening file: app0:/nsor/shader_expvertexshader_spot.vpo
[11:47:03.432] |T| [open_file]: sceIoOpen: Opening file app0:/nsor/shader_expvertexshader_spot.vpo (ux0:/app/PCSG01281/nsor/shader_expvertexshader_spot.vpo), fd: 0xc
[11:47:03.433] |T| [close_file]: sceIoClose: Closing file fd: 0xc
[11:47:03.433] |I| [export_sceIoOpen]: Opening file: app0:/nsor/shader_expvertexshader_gausianv.vpo
[11:47:03.434] |T| [open_file]: sceIoOpen: Opening file app0:/nsor/shader_expvertexshader_gausianv.vpo (ux0:/app/PCSG01281/nsor/shader_expvertexshader_gausianv.vpo), fd: 0xd
[11:47:03.435] |T| [close_file]: sceIoClose: Closing file fd: 0xd
[11:47:03.435] |I| [export_sceIoOpen]: Opening file: app0:/nsor/shader_expvertexshader_gausianh.vpo
[11:47:03.435] |T| [open_file]: sceIoOpen: Opening file app0:/nsor/shader_expvertexshader_gausianh.vpo (ux0:/app/PCSG01281/nsor/shader_expvertexshader_gausianh.vpo), fd: 0xe
[11:47:03.436] |T| [close_file]: sceIoClose: Closing file fd: 0xe
[11:47:03.437] |I| [export_sceIoOpen]: Opening file: app0:/nsor/shader_expvertexshader_wipe.vpo
[11:47:03.437] |T| [open_file]: sceIoOpen: Opening file app0:/nsor/shader_expvertexshader_wipe.vpo (ux0:/app/PCSG01281/nsor/shader_expvertexshader_wipe.vpo), fd: 0xf
[11:47:03.438] |T| [close_file]: sceIoClose: Closing file fd: 0xf
[11:47:03.438] |I| [export_sceIoOpen]: Opening file: app0:/nsor/shader_expps_default.fpo
[11:47:03.439] |T| [open_file]: sceIoOpen: Opening file app0:/nsor/shader_expps_default.fpo (ux0:/app/PCSG01281/nsor/shader_expps_default.fpo), fd: 0x10
[11:47:03.440] |T| [close_file]: sceIoClose: Closing file fd: 0x10
[11:47:03.440] |I| [export_sceIoOpen]: Opening file: app0:/nsor/shader_expps_default_noblend.fpo
[11:47:03.441] |T| [open_file]: sceIoOpen: Opening file app0:/nsor/shader_expps_default_noblend.fpo (ux0:/app/PCSG01281/nsor/shader_expps_default_noblend.fpo), fd: 0x11
[11:47:03.442] |T| [close_file]: sceIoClose: Closing file fd: 0x11
[11:47:03.442] |I| [export_sceIoOpen]: Opening file: app0:/nsor/shader_expps_flash.fpo
[11:47:03.442] |T| [open_file]: sceIoOpen: Opening file app0:/nsor/shader_expps_flash.fpo (ux0:/app/PCSG01281/nsor/shader_expps_flash.fpo), fd: 0x12
[11:47:03.443] |T| [close_file]: sceIoClose: Closing file fd: 0x12
[11:47:03.444] |I| [export_sceIoOpen]: Opening file: app0:/nsor/shader_expps_flash_noblend.fpo
[11:47:03.444] |T| [open_file]: sceIoOpen: Opening file app0:/nsor/shader_expps_flash_noblend.fpo (ux0:/app/PCSG01281/nsor/shader_expps_flash_noblend.fpo), fd: 0x13
[11:47:03.445] |T| [close_file]: sceIoClose: Closing file fd: 0x13
[11:47:03.445] |I| [export_sceIoOpen]: Opening file: app0:/nsor/shader_expps_mono.fpo
[11:47:03.447] |T| [open_file]: sceIoOpen: Opening file app0:/nsor/shader_expps_mono.fpo (ux0:/app/PCSG01281/nsor/shader_expps_mono.fpo), fd: 0x14
[11:47:03.448] |T| [close_file]: sceIoClose: Closing file fd: 0x14
[11:47:03.448] |I| [export_sceIoOpen]: Opening file: app0:/nsor/shader_expps_mono_noblend.fpo
[11:47:03.448] |T| [open_file]: sceIoOpen: Opening file app0:/nsor/shader_expps_mono_noblend.fpo (ux0:/app/PCSG01281/nsor/shader_expps_mono_noblend.fpo), fd: 0x15
[11:47:03.449] |T| [close_file]: sceIoClose: Closing file fd: 0x15
[11:47:03.450] |I| [export_sceIoOpen]: Opening file: app0:/nsor/shader_expps_poli.fpo
[11:47:03.450] |T| [open_file]: sceIoOpen: Opening file app0:/nsor/shader_expps_poli.fpo (ux0:/app/PCSG01281/nsor/shader_expps_poli.fpo), fd: 0x16
[11:47:03.451] |T| [close_file]: sceIoClose: Closing file fd: 0x16
[11:47:03.451] |I| [export_sceIoOpen]: Opening file: app0:/nsor/shader_expps_poli_noblend.fpo
[11:47:03.451] |T| [open_file]: sceIoOpen: Opening file app0:/nsor/shader_expps_poli_noblend.fpo (ux0:/app/PCSG01281/nsor/shader_expps_poli_noblend.fpo), fd: 0x17
[11:47:03.452] |T| [close_file]: sceIoClose: Closing file fd: 0x17
[11:47:03.453] |I| [export_sceIoOpen]: Opening file: app0:/nsor/shader_expps_model.fpo
[11:47:03.453] |T| [open_file]: sceIoOpen: Opening file app0:/nsor/shader_expps_model.fpo (ux0:/app/PCSG01281/nsor/shader_expps_model.fpo), fd: 0x18
[11:47:03.454] |T| [close_file]: sceIoClose: Closing file fd: 0x18
[11:47:03.454] |I| [export_sceIoOpen]: Opening file: app0:/nsor/shader_expps_model_noblend.fpo
[11:47:03.454] |T| [open_file]: sceIoOpen: Opening file app0:/nsor/shader_expps_model_noblend.fpo (ux0:/app/PCSG01281/nsor/shader_expps_model_noblend.fpo), fd: 0x19
[11:47:03.455] |T| [close_file]: sceIoClose: Closing file fd: 0x19
[11:47:03.456] |I| [export_sceIoOpen]: Opening file: app0:/nsor/shader_expps_blursprite.fpo
[11:47:03.456] |T| [open_file]: sceIoOpen: Opening file app0:/nsor/shader_expps_blursprite.fpo (ux0:/app/PCSG01281/nsor/shader_expps_blursprite.fpo), fd: 0x1a
[11:47:03.457] |T| [close_file]: sceIoClose: Closing file fd: 0x1a
[11:47:03.457] |I| [export_sceIoOpen]: Opening file: app0:/nsor/shader_expps_spotlight.fpo
[11:47:03.457] |T| [open_file]: sceIoOpen: Opening file app0:/nsor/shader_expps_spotlight.fpo (ux0:/app/PCSG01281/nsor/shader_expps_spotlight.fpo), fd: 0x1b
[11:47:03.458] |T| [close_file]: sceIoClose: Closing file fd: 0x1b
[11:47:03.459] |I| [export_sceIoOpen]: Opening file: app0:/nsor/shader_expps_exspotlight.fpo
[11:47:03.459] |T| [open_file]: sceIoOpen: Opening file app0:/nsor/shader_expps_exspotlight.fpo (ux0:/app/PCSG01281/nsor/shader_expps_exspotlight.fpo), fd: 0x1c
[11:47:03.460] |T| [close_file]: sceIoClose: Closing file fd: 0x1c
[11:47:03.461] |I| [export_sceIoOpen]: Opening file: app0:/nsor/shader_expps_spotlightflash.fpo
[11:47:03.462] |T| [open_file]: sceIoOpen: Opening file app0:/nsor/shader_expps_spotlightflash.fpo (ux0:/app/PCSG01281/nsor/shader_expps_spotlightflash.fpo), fd: 0x1d
[11:47:03.463] |T| [close_file]: sceIoClose: Closing file fd: 0x1d
[11:47:03.464] |I| [export_sceIoOpen]: Opening file: app0:/nsor/shader_expps_exspotlightflash.fpo
[11:47:03.464] |T| [open_file]: sceIoOpen: Opening file app0:/nsor/shader_expps_exspotlightflash.fpo (ux0:/app/PCSG01281/nsor/shader_expps_exspotlightflash.fpo), fd: 0x1e
[11:47:03.465] |T| [close_file]: sceIoClose: Closing file fd: 0x1e
[11:47:03.465] |I| [export_sceIoOpen]: Opening file: app0:/nsor/shader_expps_spotlightnoblend.fpo
[11:47:03.465] |T| [open_file]: sceIoOpen: Opening file app0:/nsor/shader_expps_spotlightnoblend.fpo (ux0:/app/PCSG01281/nsor/shader_expps_spotlightnoblend.fpo), fd: 0x1f
[11:47:03.466] |T| [close_file]: sceIoClose: Closing file fd: 0x1f
[11:47:03.467] |I| [export_sceIoOpen]: Opening file: app0:/nsor/shader_expps_gausianfilter.fpo
[11:47:03.467] |T| [open_file]: sceIoOpen: Opening file app0:/nsor/shader_expps_gausianfilter.fpo (ux0:/app/PCSG01281/nsor/shader_expps_gausianfilter.fpo), fd: 0x20
[11:47:03.468] |T| [close_file]: sceIoClose: Closing file fd: 0x20
[11:47:03.468] |I| [export_sceIoOpen]: Opening file: app0:/nsor/shader_expps_wipe.fpo
[11:47:03.469] |T| [open_file]: sceIoOpen: Opening file app0:/nsor/shader_expps_wipe.fpo (ux0:/app/PCSG01281/nsor/shader_expps_wipe.fpo), fd: 0x21
[11:47:03.469] |T| [close_file]: sceIoClose: Closing file fd: 0x21
[11:47:03.470] |I| [export_sceIoOpen]: Opening file: app0:/nsor/shader_expps_wipereverse.fpo
[11:47:03.470] |T| [open_file]: sceIoOpen: Opening file app0:/nsor/shader_expps_wipereverse.fpo (ux0:/app/PCSG01281/nsor/shader_expps_wipereverse.fpo), fd: 0x22
[11:47:03.471] |T| [close_file]: sceIoClose: Closing file fd: 0x22
[11:47:03.471] |I| [export_sceIoOpen]: Opening file: app0:/nsor/shader_expps_wipe_noblend.fpo
[11:47:03.472] |T| [open_file]: sceIoOpen: Opening file app0:/nsor/shader_expps_wipe_noblend.fpo (ux0:/app/PCSG01281/nsor/shader_expps_wipe_noblend.fpo), fd: 0x23
[11:47:03.472] |T| [close_file]: sceIoClose: Closing file fd: 0x23
[11:47:03.473] |I| [export_sceIoOpen]: Opening file: app0:/nsor/shader_expps_wipereverse_noblend.fpo
[11:47:03.473] |T| [open_file]: sceIoOpen: Opening file app0:/nsor/shader_expps_wipereverse_noblend.fpo (ux0:/app/PCSG01281/nsor/shader_expps_wipereverse_noblend.fpo), fd: 0x24
[11:47:03.474] |T| [close_file]: sceIoClose: Closing file fd: 0x24
[11:47:03.474] |I| [export_sceIoOpen]: Opening file: app0:/nsor/shader_expps_filter.fpo
[11:47:03.475] |T| [open_file]: sceIoOpen: Opening file app0:/nsor/shader_expps_filter.fpo (ux0:/app/PCSG01281/nsor/shader_expps_filter.fpo), fd: 0x25
[11:47:03.475] |T| [close_file]: sceIoClose: Closing file fd: 0x25
[11:47:03.476] |I| [export_sceIoOpen]: Opening file: app0:/nsor/shader_expps_sepia.fpo
[11:47:03.476] |T| [open_file]: sceIoOpen: Opening file app0:/nsor/shader_expps_sepia.fpo (ux0:/app/PCSG01281/nsor/shader_expps_sepia.fpo), fd: 0x26
[11:47:03.479] |T| [close_file]: sceIoClose: Closing file fd: 0x26
[11:47:03.479] |I| [export_sceIoOpen]: Opening file: app0:/nsor/shader_expps_addition.fpo
[11:47:03.479] |T| [open_file]: sceIoOpen: Opening file app0:/nsor/shader_expps_addition.fpo (ux0:/app/PCSG01281/nsor/shader_expps_addition.fpo), fd: 0x27
[11:47:03.480] |T| [close_file]: sceIoClose: Closing file fd: 0x27
[11:47:03.481] |I| [export_sceIoOpen]: Opening file: app0:/nsor/shader_expps_silhouette.fpo
[11:47:03.481] |T| [open_file]: sceIoOpen: Opening file app0:/nsor/shader_expps_silhouette.fpo (ux0:/app/PCSG01281/nsor/shader_expps_silhouette.fpo), fd: 0x28
[11:47:03.482] |T| [close_file]: sceIoClose: Closing file fd: 0x28
[11:47:03.501] |I| [export_sceIoOpen]: Opening file: app0:/nsor/image.pac
[11:47:03.502] |T| [open_file]: sceIoOpen: Opening file app0:/nsor/image.pac (ux0:/app/PCSG01281/nsor/image.pac), fd: 0x29
[11:47:03.518] |T| [close_file]: sceIoClose: Closing file fd: 0x29
[11:47:03.523] |I| [export_sceIoOpen]: Opening file: app0:/nsor/image.pac
[11:47:03.523] |T| [open_file]: sceIoOpen: Opening file app0:/nsor/image.pac (ux0:/app/PCSG01281/nsor/image.pac), fd: 0x2a
[11:47:03.554] |I| [export_sceIoOpen]: Opening file: app0:/nsor/sound.pac
[11:47:03.554] |T| [open_file]: sceIoOpen: Opening file app0:/nsor/sound.pac (ux0:/app/PCSG01281/nsor/sound.pac), fd: 0x2b
[11:47:03.555] |T| [close_file]: sceIoClose: Closing file fd: 0x2b
[11:47:03.556] |I| [export_sceIoOpen]: Opening file: app0:/nsor/sound.pac
[11:47:03.556] |T| [open_file]: sceIoOpen: Opening file app0:/nsor/sound.pac (ux0:/app/PCSG01281/nsor/sound.pac), fd: 0x2c
[11:47:03.559] |I| [load_module]: Loading module ID: 0x13
[11:47:03.560] |I| [load_self]: sys/external/libsystemgesture.suprx: Skipping special segment 0x6fffff01...
[11:47:03.560] |I| [load_self]: Loaded module segment 0 @ [0x0633A000 - 0x0633D08C / 0x81000000] (size: 0x0000308C) of module sys/external/libsystemgesture.suprx
[11:47:03.560] |I| [load_self]: Loaded module segment 1 @ [0x0633E000 - 0x0633EBF0 / 0x81004000] (size: 0x00000BF0) of module sys/external/libsystemgesture.suprx
[11:47:03.561] |I| [load_self]: Linking SELF sys/external/libsystemgesture.suprx...
[11:47:03.561] |D| [load_var_exports]: 	NID 0x936c8a78 (SYSLYB) at 0x633d074
[11:47:03.562] |D| [load_var_exports]: 	NID 0x6c2224ba (NID_MODULE_INFO) at 0x633cbd4
[11:47:03.562] |I| [load_module]: Module SceSystemGesture (at "sys/external/libsystemgesture.suprx") loaded
[11:47:03.562] |D| [load_module]: Running module_start of module: SceSystemGesture
[11:47:03.563] |I| [load_module]: Module SceSystemGesture (at "sys/external/libsystemgesture.suprx") module_start returned 0x0
[11:47:03.563] |T| [log_import_call]: [LLE] TID: 7   FUNC: 0x6078a08b sceSystemGestureInitializePrimitiveTouchRecognizer at 0x2c24a0
[11:47:03.564] |W| [stubbed_impl]: Stubbed sceTouchGetPixelDensity2 import called. (Return constant values (22.0))
[11:47:03.565] |T| [log_import_call]: [LLE] TID: 7   FUNC: 0xc3367370 sceSystemGestureCreateTouchRecognizer at 0x2c24e0
[11:47:03.568] |W| [stubbed_impl]: Stubbed sceNetCtlInit import called. (Stub)
[11:47:03.568] |I| [load_module]: Loading module ID: 0x4
[11:47:03.572] |I| [load_self]: sys/external/libhttp.suprx: Skipping special segment 0x6fffff01...
[11:47:03.572] |I| [load_self]: Loaded module segment 0 @ [0x075DC000 - 0x075F9150 / 0x81000000] (size: 0x0001D150) of module sys/external/libhttp.suprx
[11:47:03.572] |I| [load_self]: Loaded module segment 1 @ [0x0633F000 - 0x0633F640 / 0x8101E000] (size: 0x00000640) of module sys/external/libhttp.suprx
[11:47:03.573] |I| [load_self]: Linking SELF sys/external/libhttp.suprx...
[11:47:03.573] |D| [load_var_exports]: 	NID 0x936c8a78 (SYSLYB) at 0x75f7e68
[11:47:03.574] |D| [load_var_exports]: 	NID 0x6c2224ba (NID_MODULE_INFO) at 0x75f4ca0
[11:47:03.574] |I| [load_module]: Module SceLibHttp (at "sys/external/libhttp.suprx") loaded
[11:47:03.574] |D| [load_module]: Running module_start of module: SceLibHttp
[11:47:03.575] |I| [load_module]: Module SceLibHttp (at "sys/external/libhttp.suprx") module_start returned 0x0
[11:47:03.587] |I| [load_self]: Loaded module segment 0 @ [0x08740000 - 0x087A6EA4 / 0x81000000] (size: 0x00066EA4) of module sys/external/libssl.suprx
[11:47:03.588] |I| [load_self]: Loaded module segment 1 @ [0x06542000 - 0x06547188 / 0x81067000] (size: 0x00005188) of module sys/external/libssl.suprx
[11:47:03.588] |I| [load_self]: Linking SELF sys/external/libssl.suprx...
[11:47:03.589] |D| [load_var_exports]: 	NID 0x936c8a78 (SYSLYB) at 0x87929b0
[11:47:03.589] |D| [load_var_exports]: 	NID 0x6c2224ba (NID_MODULE_INFO) at 0x878cc70
[11:47:03.589] |I| [load_module]: Module SceLibSsl (at "sys/external/libssl.suprx") loaded
[11:47:03.590] |T| [log_import_call]: [LLE] TID: 7   FUNC: 0x3c733316 sceSslInit at 0x2c2ad0
[11:47:03.593] |T| [log_import_call]: [LLE] TID: 7   FUNC: 0x214926d9 sceHttpInit at 0x2c2ab0
[11:47:03.595] |W| [unimplemented_impl]: Unimplemented sceNpLookupInit import called.
[11:47:03.597] |E| [stat_file]: Missing file at C:/vita/ux0/app/PCSG01281/nsor/table_layout.lod (target path: app0:/nsor/table_layout.lod)
[11:47:03.597] |W| [io_error_impl]: stat_file (_sceIoGetstat) returned 0x80010002
[11:47:03.650] |E| [stat_file]: Missing file at C:/vita/ux0/app/PCSG01281/nsor/table_texparts.lod (target path: app0:/nsor/table_texparts.lod)
[11:47:03.651] |W| [io_error_impl]: stat_file (_sceIoGetstat) returned 0x80010002
[11:47:03.687] |T| [log_import_call]: [LLE] TID: 7   FUNC: 0xdf4c665a sceSystemGestureUpdatePrimitiveTouchRecognizer at 0x2c24f0
[11:47:03.689] |T| [log_import_call]: [LLE] TID: 7   FUNC: 0x851fb144 sceSystemGestureUpdateTouchRecognizer at 0x2c24c0
[11:47:03.691] |T| [log_import_call]: [LLE] TID: 7   FUNC: 0x13ad2218 sceSystemGestureGetTouchEventsCount at 0x2c2480
[11:47:03.735] |W| [unimplemented_impl]: Unimplemented sceGxmSetBackVisibilityTestEnable import called.
[11:47:03.737] |C| [logging::exception_handler]: Exception EXCEPTION_ACCESS_VIOLATION (0xc0000005). 
[11:47:03.737] |C| [logging::exception_handler]: Read violation at address 0x10.
