[11:54:00.987] |I| [config::init_config]: backend-renderer: Vulkan
[11:54:00.990] |I| [config::init_config]: log-level: 0
[11:54:01.134] |I| [SDL_main]: Vita3K v0.1.8 3157-4280bea5
[11:54:01.135] |I| [SDL_main]: Number of logical CPU cores: 2
[11:54:01.135] |I| [SDL_main]: Available ram memory: 3959 MiB
[11:54:01.284] |I| [renderer::vulkan::VKState::create]: Enabling vulkan validation layers (has a performance impact but allows better error messages)
[11:54:01.533] |I| [renderer::vulkan::VKState::create]: Vulkan device: Intel(R) HD Graphics 500
[11:54:01.535] |I| [renderer::vulkan::VKState::create]: Driver version: 101.2111
[11:54:01.536] |I| [renderer::vulkan::VKState::create]: Memory mapping is enabled
[11:54:01.584] |I| [renderer::vulkan::ScreenRenderer::setup]: Present mode: Fifo
[11:54:02.809] |W| [compat::load_compat_app_db]: App with Title ID PCSE00374 has an issue but no status label. Please check GitHub issue 1469 and request a status label be added.
[11:54:02.810] |W| [compat::load_compat_app_db]: App with Title ID PCSE00963 has an issue but no status label. Please check GitHub issue 1466 and request a status label be added.
[11:54:03.298] |I| [compat::update_compat_app_db]: Applications compatibility database is up to date.
[11:54:07.120] |I| [load_app_impl]: cpu-backend: Dynarmic
[11:54:07.121] |I| [load_app_impl]: CPU Optimisation state: true
[11:54:07.121] |I| [load_app_impl]: ngs state: true
[11:54:07.121] |I| [load_app_impl]: Resolution multiplier: 1
[11:54:07.122] |I| [load_app_impl]: modules mode: Automatic
[11:54:07.122] |I| [load_app_impl]: Title: ARMY CORPS OF HELL
[11:54:07.122] |I| [load_app_impl]: Serial: PCSB00050
[11:54:07.122] |I| [load_app_impl]: Version: 1.00
[11:54:07.122] |I| [load_app_impl]: Category: gd
[11:54:07.186] |I| [load_self]: app0:sce_module/libc.suprx: Skipping special segment 0x6fffff01...
[11:54:07.187] |I| [load_self]: Loaded module segment 0 @ [0x00005000 - 0x00040F34 / 0x81000000] (size: 0x0003BF34) of module app0:sce_module/libc.suprx
[11:54:07.187] |I| [load_self]: Loaded module segment 1 @ [0x00041000 - 0x0004333C / 0x8103C000] (size: 0x0000233C) of module app0:sce_module/libc.suprx
[11:54:07.188] |I| [load_self]: Linking SELF app0:sce_module/libc.suprx...
[11:54:07.193] |D| [load_var_exports]: 	NID 0x6c2224ba (NID_MODULE_INFO) at 0x32a70
[11:54:07.194] |I| [pre_load_module]: Pre-load module SceLibc (at "sce_module/libc.suprx") loaded
[11:54:07.244] |I| [load_self]: app0:sce_module/libfios2.suprx: Skipping special segment 0x6fffff01...
[11:54:07.245] |I| [load_self]: Loaded module segment 0 @ [0x00044000 - 0x00064398 / 0x81000000] (size: 0x00020398) of module app0:sce_module/libfios2.suprx
[11:54:07.246] |I| [load_self]: Loaded module segment 1 @ [0x00065000 - 0x0006A1AC / 0x81021000] (size: 0x000051AC) of module app0:sce_module/libfios2.suprx
[11:54:07.249] |I| [load_self]: Linking SELF app0:sce_module/libfios2.suprx...
[11:54:07.250] |D| [load_var_exports]: 	NID 0x6c2224ba (NID_MODULE_INFO) at 0x5e35c
[11:54:07.253] |I| [pre_load_module]: Pre-load module SceLibFios2 (at "sce_module/libfios2.suprx") loaded
[11:54:07.282] |I| [load_self]: app0:sce_module/libult.suprx: Skipping special segment 0x6fffff01...
[11:54:07.283] |I| [load_self]: Loaded module segment 0 @ [0x0006B000 - 0x0007F68C / 0x81000000] (size: 0x0001468C) of module app0:sce_module/libult.suprx
[11:54:07.286] |I| [load_self]: Loaded module segment 1 @ [0x00080000 - 0x00080810 / 0x81015000] (size: 0x00000810) of module app0:sce_module/libult.suprx
[11:54:07.289] |I| [load_self]: Linking SELF app0:sce_module/libult.suprx...
[11:54:07.293] |D| [load_var_exports]: 	NID 0x6c2224ba (NID_MODULE_INFO) at 0x7c370
[11:54:07.294] |I| [pre_load_module]: Pre-load module SceUlt (at "sce_module/libult.suprx") loaded
[11:54:07.342] |I| [load_self]: Loaded module segment 0 @ [0x00081000 - 0x000D1F04 / 0x81000000] (size: 0x00050F04) of module vs0:sys/external/libSceFt2.suprx
[11:54:07.345] |I| [load_self]: Loaded module segment 1 @ [0x000D2000 - 0x000D22F4 / 0x81051000] (size: 0x000002F4) of module vs0:sys/external/libSceFt2.suprx
[11:54:07.352] |I| [load_self]: Linking SELF vs0:sys/external/libSceFt2.suprx...
[11:54:07.353] |D| [load_var_exports]: 	NID 0x936c8a78 (SYSLYB) at 0xbd7dc
[11:54:07.356] |D| [load_var_exports]: 	NID 0x6c2224ba (NID_MODULE_INFO) at 0xbcf10
[11:54:07.359] |I| [pre_load_module]: Pre-load module SceLibft2 (at "sys/external/libSceFt2.suprx") loaded
[11:54:07.385] |I| [load_self]: Loaded module segment 0 @ [0x000D3000 - 0x000E2F14 / 0x81000000] (size: 0x0000FF14) of module vs0:sys/external/libpvf.suprx
[11:54:07.393] |I| [load_self]: Loaded module segment 1 @ [0x000E3000 - 0x000E3008 / 0x81010000] (size: 0x00000008) of module vs0:sys/external/libpvf.suprx
[11:54:07.396] |I| [load_self]: Linking SELF vs0:sys/external/libpvf.suprx...
[11:54:07.398] |D| [load_var_exports]: 	NID 0x936c8a78 (SYSLYB) at 0xe1710
[11:54:07.400] |D| [load_var_exports]: 	NID 0x6c2224ba (NID_MODULE_INFO) at 0xe1300
[11:54:07.401] |I| [pre_load_module]: Pre-load module SceLibPvf (at "sys/external/libpvf.suprx") loaded
[11:54:07.708] |I| [load_self]: app0:eboot.bin: Skipping special segment 0x6fffff01...
[11:54:07.709] |I| [load_self]: Loaded module segment 0 @ [0x81000000 - 0x812A8560 / 0x81000000] (size: 0x002A8560) of module app0:eboot.bin
[11:54:07.711] |I| [load_self]: Loaded module segment 1 @ [0x812A9000 - 0x83BDA724 / 0x812A9000] (size: 0x02931724) of module app0:eboot.bin
[11:54:07.714] |I| [load_self]: Linking SELF app0:eboot.bin...
[11:54:07.716] |D| [load_var_exports]: 	NID 0x6c2224ba (NID_MODULE_INFO) at 0x81266434
[11:54:07.717] |D| [load_var_exports]: 	NID 0x70fba1e7 (SCE_PROC_PARAMS) at 0x812e4ac0
[11:54:07.719] |I| [load_app_impl]: Main executable jigoku_viewerNGP (eboot.bin) loaded
[11:54:07.796] |D| [run_app]: Running module_start of library: SceLibc at address 0x55e5
[11:54:07.908] |I| [export_sceIoOpen]: Opening file: tty0:
[11:54:07.909] |T| [open_file]: sceIoOpen: Opening terminal tty0:
[11:54:07.912] |I| [export_sceIoOpen]: Opening file: tty0:
[11:54:07.912] |T| [open_file]: sceIoOpen: Opening terminal tty0:
[11:54:07.914] |I| [export_sceIoOpen]: Opening file: tty1:
[11:54:07.915] |T| [open_file]: sceIoOpen: Opening terminal tty1:
[11:54:07.936] |I| [run_app]: Module SceLibc (at "app0:sce_module/libc.suprx") module_start returned 0x0
[11:54:07.946] |D| [run_app]: Running module_start of library: SceLibFios2 at address 0x44001
[11:54:08.013] |I| [run_app]: Module SceLibFios2 (at "app0:sce_module/libfios2.suprx") module_start returned 0x0
[11:54:08.025] |D| [run_app]: Running module_start of library: SceUlt at address 0x6ed59
[11:54:08.083] |I| [run_app]: Module SceUlt (at "app0:sce_module/libult.suprx") module_start returned 0x0
[11:54:08.279] |T| [write_file]: *** TTY: ACOH (EU) Nov 24 2011 14:56:54
[11:54:08.283] |T| [write_file]: *** TTY: main:1
[11:54:08.285] |T| [write_file]: *** TTY: init:1
[11:54:08.289] |T| [write_file]: *** TTY: NgpSysInit:1
[11:54:08.297] |T| [write_file]: *** TTY: NgpSysInit:2
[11:54:08.299] |T| [write_file]: *** TTY: NgpSysInit:3
[11:54:08.302] |T| [write_file]: *** TTY: NgpSysInit:4
[11:54:08.304] |T| [write_file]: *** TTY: NgpSysInit:5
[11:54:08.505] |W| [unimplemented_impl]: Unimplemented sceKernelChangeThreadVfpException import called.
[11:54:08.522] |W| [unimplemented_impl]: Unimplemented _sceFiosKernelOverlayThreadSetDisabled import called.
[11:54:08.737] |T| [write_file]: *** TTY: NgpSysInit:6
[11:54:08.740] |T| [write_file]: *** TTY: NgpSysInit:7
[11:54:08.749] |T| [write_file]: *** TTY: NgpSysInit:8
[11:54:08.753] |T| [write_file]: *** TTY: NgpSysInit:9
[11:54:08.756] |I| [load_module]: Loading module ID: 0x13
[11:54:08.787] |I| [load_self]: sys/external/libsystemgesture.suprx: Skipping special segment 0x6fffff01...
[11:54:08.788] |I| [load_self]: Loaded module segment 0 @ [0x03A33000 - 0x03A3608C / 0x81000000] (size: 0x0000308C) of module sys/external/libsystemgesture.suprx
[11:54:08.790] |I| [load_self]: Loaded module segment 1 @ [0x03A37000 - 0x03A37BF0 / 0x81004000] (size: 0x00000BF0) of module sys/external/libsystemgesture.suprx
[11:54:08.796] |I| [load_self]: Linking SELF sys/external/libsystemgesture.suprx...
[11:54:08.797] |D| [load_var_exports]: 	NID 0x936c8a78 (SYSLYB) at 0x3a36074
[11:54:08.798] |D| [load_var_exports]: 	NID 0x6c2224ba (NID_MODULE_INFO) at 0x3a35bd4
[11:54:08.800] |I| [load_module]: Module SceSystemGesture (at "sys/external/libsystemgesture.suprx") loaded
[11:54:08.801] |D| [load_module]: Running module_start of module: SceSystemGesture
[11:54:08.805] |I| [load_module]: Module SceSystemGesture (at "sys/external/libsystemgesture.suprx") module_start returned 0x0
[11:54:08.863] |T| [write_file]: *** TTY: NgpSysInit:10
[11:54:08.865] |W| [unimplemented_impl]: Unimplemented sceAppUtilInit import called.
[11:54:08.866] |T| [write_file]: *** TTY: NgpSysInit:11
[11:54:08.869] |W| [unimplemented_impl]: Unimplemented sceCommonDialogSetConfigParam import called.
[11:54:08.870] |T| [write_file]: *** TTY: NgpSysInit:12
[11:54:08.872] |T| [write_file]: *** TTY: NgpSysInit:13
[11:54:08.877] |W| [stubbed_impl]: Stubbed sceNetCtlInit import called. (Stub)
[11:54:08.881] |T| [write_file]: *** TTY: NgpSysInit:14
[11:54:08.883] |T| [write_file]: *** TTY: NgpSysInit:15
[11:54:08.885] |T| [open_file]: create_trophy_context: Opening file app0:/sce_sys/trophy/NPWR02927_00/TROPHY.TRP (ux0:/app/PCSB00050/sce_sys/trophy/NPWR02927_00/TROPHY.TRP), fd: 0x3
[11:54:08.888] |T| [open_file]: create_trophy_context: Opening file ux0:/user/00/trophy/data/NPWR02927_00/TROPUSR.DAT (ux0:/user/00/trophy/data/NPWR02927_00/TROPUSR.DAT), fd: 0x4
[11:54:08.895] |T| [open_file]: install_trophy_context: Opening file ux0:/user/00/trophy/conf/NPWR02927_00/TROPCONF.SFM (ux0:/user/00/trophy/conf/NPWR02927_00/TROPCONF.SFM), fd: 0x5
[11:54:08.897] |T| [write_file]: install_trophy_context: Writing to fd: 0x5, size: 2109
[11:54:08.899] |T| [close_file]: install_trophy_context: Closing file fd: 0x5
[11:54:08.921] |T| [open_file]: install_trophy_context: Opening file ux0:/user/00/trophy/conf/NPWR02927_00/TROP.SFM (ux0:/user/00/trophy/conf/NPWR02927_00/TROP.SFM), fd: 0x6
[11:54:08.924] |T| [write_file]: install_trophy_context: Writing to fd: 0x6, size: 5377
[11:54:08.928] |T| [close_file]: install_trophy_context: Closing file fd: 0x6
[11:54:08.943] |T| [open_file]: install_trophy_context: Opening file ux0:/user/00/trophy/conf/NPWR02927_00/TROP_01.SFM (ux0:/user/00/trophy/conf/NPWR02927_00/TROP_01.SFM), fd: 0x7
[11:54:08.951] |T| [write_file]: install_trophy_context: Writing to fd: 0x7, size: 5377
[11:54:08.952] |T| [close_file]: install_trophy_context: Closing file fd: 0x7
[11:54:08.965] |T| [open_file]: install_trophy_context: Opening file ux0:/user/00/trophy/conf/NPWR02927_00/TROP_02.SFM (ux0:/user/00/trophy/conf/NPWR02927_00/TROP_02.SFM), fd: 0x8
[11:54:08.968] |T| [write_file]: install_trophy_context: Writing to fd: 0x8, size: 5879
[11:54:08.968] |T| [close_file]: install_trophy_context: Closing file fd: 0x8
[11:54:08.983] |T| [open_file]: install_trophy_context: Opening file ux0:/user/00/trophy/conf/NPWR02927_00/TROP_03.SFM (ux0:/user/00/trophy/conf/NPWR02927_00/TROP_03.SFM), fd: 0x9
[11:54:08.985] |T| [write_file]: install_trophy_context: Writing to fd: 0x9, size: 5815
[11:54:08.986] |T| [close_file]: install_trophy_context: Closing file fd: 0x9
[11:54:08.996] |T| [open_file]: install_trophy_context: Opening file ux0:/user/00/trophy/conf/NPWR02927_00/TROP_04.SFM (ux0:/user/00/trophy/conf/NPWR02927_00/TROP_04.SFM), fd: 0xa
[11:54:08.998] |T| [write_file]: install_trophy_context: Writing to fd: 0xa, size: 5691
[11:54:08.999] |T| [close_file]: install_trophy_context: Closing file fd: 0xa
[11:54:09.013] |T| [open_file]: install_trophy_context: Opening file ux0:/user/00/trophy/conf/NPWR02927_00/TROP_05.SFM (ux0:/user/00/trophy/conf/NPWR02927_00/TROP_05.SFM), fd: 0xb
[11:54:09.016] |T| [write_file]: install_trophy_context: Writing to fd: 0xb, size: 5501
[11:54:09.016] |T| [close_file]: install_trophy_context: Closing file fd: 0xb
[11:54:09.030] |T| [open_file]: install_trophy_context: Opening file ux0:/user/00/trophy/conf/NPWR02927_00/ICON0.PNG (ux0:/user/00/trophy/conf/NPWR02927_00/ICON0.PNG), fd: 0xc
[11:54:09.429] |T| [write_file]: install_trophy_context: Writing to fd: 0xc, size: 101726
[11:54:09.468] |T| [close_file]: install_trophy_context: Closing file fd: 0xc
[11:54:09.502] |T| [open_file]: install_trophy_context: Opening file ux0:/user/00/trophy/conf/NPWR02927_00/ICON0_01.PNG (ux0:/user/00/trophy/conf/NPWR02927_00/ICON0_01.PNG), fd: 0xd
[11:54:09.537] |T| [write_file]: install_trophy_context: Writing to fd: 0xd, size: 101726
[11:54:09.539] |T| [close_file]: install_trophy_context: Closing file fd: 0xd
[11:54:09.566] |T| [open_file]: install_trophy_context: Opening file ux0:/user/00/trophy/conf/NPWR02927_00/ICON0_02.PNG (ux0:/user/00/trophy/conf/NPWR02927_00/ICON0_02.PNG), fd: 0xe
[11:54:09.615] |T| [write_file]: install_trophy_context: Writing to fd: 0xe, size: 101726
[11:54:09.617] |T| [close_file]: install_trophy_context: Closing file fd: 0xe
[11:54:09.656] |T| [open_file]: install_trophy_context: Opening file ux0:/user/00/trophy/conf/NPWR02927_00/ICON0_03.PNG (ux0:/user/00/trophy/conf/NPWR02927_00/ICON0_03.PNG), fd: 0xf
[11:54:09.700] |T| [write_file]: install_trophy_context: Writing to fd: 0xf, size: 101726
[11:54:09.702] |T| [close_file]: install_trophy_context: Closing file fd: 0xf
[11:54:09.769] |T| [open_file]: install_trophy_context: Opening file ux0:/user/00/trophy/conf/NPWR02927_00/ICON0_04.PNG (ux0:/user/00/trophy/conf/NPWR02927_00/ICON0_04.PNG), fd: 0x10
[11:54:09.784] |T| [write_file]: install_trophy_context: Writing to fd: 0x10, size: 101726
[11:54:09.788] |T| [close_file]: install_trophy_context: Closing file fd: 0x10
[11:54:09.821] |T| [open_file]: install_trophy_context: Opening file ux0:/user/00/trophy/conf/NPWR02927_00/ICON0_05.PNG (ux0:/user/00/trophy/conf/NPWR02927_00/ICON0_05.PNG), fd: 0x11
[11:54:09.830] |T| [write_file]: install_trophy_context: Writing to fd: 0x11, size: 101726
[11:54:09.834] |T| [close_file]: install_trophy_context: Closing file fd: 0x11
[11:54:09.843] |T| [open_file]: install_trophy_context: Opening file ux0:/user/00/trophy/conf/NPWR02927_00/TROP000.PNG (ux0:/user/00/trophy/conf/NPWR02927_00/TROP000.PNG), fd: 0x12
[11:54:10.141] |T| [write_file]: install_trophy_context: Writing to fd: 0x12, size: 90046
[11:54:10.157] |T| [close_file]: install_trophy_context: Closing file fd: 0x12
[11:54:10.178] |T| [open_file]: install_trophy_context: Opening file ux0:/user/00/trophy/conf/NPWR02927_00/TROP001.PNG (ux0:/user/00/trophy/conf/NPWR02927_00/TROP001.PNG), fd: 0x13
[11:54:10.183] |T| [write_file]: install_trophy_context: Writing to fd: 0x13, size: 94477
[11:54:10.183] |T| [close_file]: install_trophy_context: Closing file fd: 0x13
[11:54:10.188] |T| [open_file]: install_trophy_context: Opening file ux0:/user/00/trophy/conf/NPWR02927_00/TROP002.PNG (ux0:/user/00/trophy/conf/NPWR02927_00/TROP002.PNG), fd: 0x14
[11:54:10.192] |T| [write_file]: install_trophy_context: Writing to fd: 0x14, size: 85189
[11:54:10.198] |T| [close_file]: install_trophy_context: Closing file fd: 0x14
[11:54:10.219] |T| [open_file]: install_trophy_context: Opening file ux0:/user/00/trophy/conf/NPWR02927_00/TROP003.PNG (ux0:/user/00/trophy/conf/NPWR02927_00/TROP003.PNG), fd: 0x15
[11:54:10.224] |T| [write_file]: install_trophy_context: Writing to fd: 0x15, size: 63104
[11:54:10.230] |T| [close_file]: install_trophy_context: Closing file fd: 0x15
[11:54:10.292] |T| [open_file]: install_trophy_context: Opening file ux0:/user/00/trophy/conf/NPWR02927_00/TROP004.PNG (ux0:/user/00/trophy/conf/NPWR02927_00/TROP004.PNG), fd: 0x16
[11:54:10.298] |T| [write_file]: install_trophy_context: Writing to fd: 0x16, size: 62693
[11:54:10.301] |T| [close_file]: install_trophy_context: Closing file fd: 0x16
[11:54:10.324] |T| [open_file]: install_trophy_context: Opening file ux0:/user/00/trophy/conf/NPWR02927_00/TROP005.PNG (ux0:/user/00/trophy/conf/NPWR02927_00/TROP005.PNG), fd: 0x17
[11:54:10.333] |T| [write_file]: install_trophy_context: Writing to fd: 0x17, size: 57501
[11:54:10.337] |T| [close_file]: install_trophy_context: Closing file fd: 0x17
[11:54:10.487] |T| [open_file]: install_trophy_context: Opening file ux0:/user/00/trophy/conf/NPWR02927_00/TROP006.PNG (ux0:/user/00/trophy/conf/NPWR02927_00/TROP006.PNG), fd: 0x18
[11:54:10.493] |T| [write_file]: install_trophy_context: Writing to fd: 0x18, size: 93205
[11:54:10.497] |T| [close_file]: install_trophy_context: Closing file fd: 0x18
[11:54:10.553] |T| [open_file]: install_trophy_context: Opening file ux0:/user/00/trophy/conf/NPWR02927_00/TROP007.PNG (ux0:/user/00/trophy/conf/NPWR02927_00/TROP007.PNG), fd: 0x19
[11:54:10.558] |T| [write_file]: install_trophy_context: Writing to fd: 0x19, size: 111107
[11:54:10.631] |T| [close_file]: install_trophy_context: Closing file fd: 0x19
[11:54:10.665] |T| [open_file]: install_trophy_context: Opening file ux0:/user/00/trophy/conf/NPWR02927_00/TROP008.PNG (ux0:/user/00/trophy/conf/NPWR02927_00/TROP008.PNG), fd: 0x1a
[11:54:10.669] |T| [write_file]: install_trophy_context: Writing to fd: 0x1a, size: 106397
[11:54:10.670] |T| [close_file]: install_trophy_context: Closing file fd: 0x1a
[11:54:10.717] |T| [open_file]: install_trophy_context: Opening file ux0:/user/00/trophy/conf/NPWR02927_00/TROP009.PNG (ux0:/user/00/trophy/conf/NPWR02927_00/TROP009.PNG), fd: 0x1b
[11:54:10.740] |T| [write_file]: install_trophy_context: Writing to fd: 0x1b, size: 111477
[11:54:10.740] |T| [close_file]: install_trophy_context: Closing file fd: 0x1b
[11:54:10.745] |T| [open_file]: install_trophy_context: Opening file ux0:/user/00/trophy/conf/NPWR02927_00/TROP010.PNG (ux0:/user/00/trophy/conf/NPWR02927_00/TROP010.PNG), fd: 0x1c
[11:54:10.749] |T| [write_file]: install_trophy_context: Writing to fd: 0x1c, size: 106733
[11:54:10.749] |T| [close_file]: install_trophy_context: Closing file fd: 0x1c
[11:54:10.769] |T| [open_file]: install_trophy_context: Opening file ux0:/user/00/trophy/conf/NPWR02927_00/TROP011.PNG (ux0:/user/00/trophy/conf/NPWR02927_00/TROP011.PNG), fd: 0x1d
[11:54:10.802] |T| [write_file]: install_trophy_context: Writing to fd: 0x1d, size: 98038
[11:54:10.803] |T| [close_file]: install_trophy_context: Closing file fd: 0x1d
[11:54:10.843] |T| [open_file]: install_trophy_context: Opening file ux0:/user/00/trophy/conf/NPWR02927_00/TROP012.PNG (ux0:/user/00/trophy/conf/NPWR02927_00/TROP012.PNG), fd: 0x1e
[11:54:10.850] |T| [write_file]: install_trophy_context: Writing to fd: 0x1e, size: 79464
[11:54:10.853] |T| [close_file]: install_trophy_context: Closing file fd: 0x1e
[11:54:10.891] |T| [open_file]: install_trophy_context: Opening file ux0:/user/00/trophy/conf/NPWR02927_00/TROP013.PNG (ux0:/user/00/trophy/conf/NPWR02927_00/TROP013.PNG), fd: 0x1f
[11:54:11.321] |T| [write_file]: install_trophy_context: Writing to fd: 0x1f, size: 82826
[11:54:11.369] |T| [close_file]: install_trophy_context: Closing file fd: 0x1f
[11:54:11.374] |T| [open_file]: install_trophy_context: Opening file ux0:/user/00/trophy/conf/NPWR02927_00/TROP014.PNG (ux0:/user/00/trophy/conf/NPWR02927_00/TROP014.PNG), fd: 0x20
[11:54:11.385] |T| [write_file]: install_trophy_context: Writing to fd: 0x20, size: 67840
[11:54:11.386] |T| [close_file]: install_trophy_context: Closing file fd: 0x20
[11:54:11.409] |T| [open_file]: install_trophy_context: Opening file ux0:/user/00/trophy/conf/NPWR02927_00/TROP015.PNG (ux0:/user/00/trophy/conf/NPWR02927_00/TROP015.PNG), fd: 0x21
[11:54:11.422] |T| [write_file]: install_trophy_context: Writing to fd: 0x21, size: 96363
[11:54:11.425] |T| [close_file]: install_trophy_context: Closing file fd: 0x21
[11:54:11.429] |T| [open_file]: install_trophy_context: Opening file ux0:/user/00/trophy/conf/NPWR02927_00/TROP016.PNG (ux0:/user/00/trophy/conf/NPWR02927_00/TROP016.PNG), fd: 0x22
[11:54:11.436] |T| [write_file]: install_trophy_context: Writing to fd: 0x22, size: 102021
[11:54:11.458] |T| [close_file]: install_trophy_context: Closing file fd: 0x22
[11:54:11.465] |T| [open_file]: install_trophy_context: Opening file ux0:/user/00/trophy/conf/NPWR02927_00/TROP017.PNG (ux0:/user/00/trophy/conf/NPWR02927_00/TROP017.PNG), fd: 0x23
[11:54:11.469] |T| [write_file]: install_trophy_context: Writing to fd: 0x23, size: 108188
[11:54:11.472] |T| [close_file]: install_trophy_context: Closing file fd: 0x23
[11:54:11.474] |T| [open_file]: install_trophy_context: Opening file ux0:/user/00/trophy/conf/NPWR02927_00/TROP018.PNG (ux0:/user/00/trophy/conf/NPWR02927_00/TROP018.PNG), fd: 0x24
[11:54:11.486] |T| [write_file]: install_trophy_context: Writing to fd: 0x24, size: 111308
[11:54:11.486] |T| [close_file]: install_trophy_context: Closing file fd: 0x24
[11:54:11.513] |T| [open_file]: install_trophy_context: Opening file ux0:/user/00/trophy/conf/NPWR02927_00/TROP019.PNG (ux0:/user/00/trophy/conf/NPWR02927_00/TROP019.PNG), fd: 0x25
[11:54:11.519] |T| [write_file]: install_trophy_context: Writing to fd: 0x25, size: 116298
[11:54:11.519] |T| [close_file]: install_trophy_context: Closing file fd: 0x25
[11:54:11.524] |T| [open_file]: install_trophy_context: Opening file ux0:/user/00/trophy/conf/NPWR02927_00/TROP020.PNG (ux0:/user/00/trophy/conf/NPWR02927_00/TROP020.PNG), fd: 0x26
[11:54:11.533] |T| [write_file]: install_trophy_context: Writing to fd: 0x26, size: 98303
[11:54:11.536] |T| [close_file]: install_trophy_context: Closing file fd: 0x26
[11:54:11.542] |T| [open_file]: install_trophy_context: Opening file ux0:/user/00/trophy/conf/NPWR02927_00/TROP021.PNG (ux0:/user/00/trophy/conf/NPWR02927_00/TROP021.PNG), fd: 0x27
[11:54:11.548] |T| [write_file]: install_trophy_context: Writing to fd: 0x27, size: 125701
[11:54:11.549] |T| [close_file]: install_trophy_context: Closing file fd: 0x27
[11:54:11.554] |T| [open_file]: install_trophy_context: Opening file ux0:/user/00/trophy/conf/NPWR02927_00/TROP022.PNG (ux0:/user/00/trophy/conf/NPWR02927_00/TROP022.PNG), fd: 0x28
[11:54:11.557] |T| [write_file]: install_trophy_context: Writing to fd: 0x28, size: 78860
[11:54:11.558] |T| [close_file]: install_trophy_context: Closing file fd: 0x28
[11:54:11.563] |T| [open_file]: install_trophy_context: Opening file ux0:/user/00/trophy/conf/NPWR02927_00/TROP023.PNG (ux0:/user/00/trophy/conf/NPWR02927_00/TROP023.PNG), fd: 0x29
[11:54:11.578] |T| [write_file]: install_trophy_context: Writing to fd: 0x29, size: 107541
[11:54:11.585] |T| [close_file]: install_trophy_context: Closing file fd: 0x29
[11:54:11.599] |T| [open_file]: install_trophy_context: Opening file ux0:/user/00/trophy/conf/NPWR02927_00/TROP024.PNG (ux0:/user/00/trophy/conf/NPWR02927_00/TROP024.PNG), fd: 0x2a
[11:54:11.602] |T| [write_file]: install_trophy_context: Writing to fd: 0x2a, size: 110134
[11:54:11.604] |T| [close_file]: install_trophy_context: Closing file fd: 0x2a
[11:54:11.607] |T| [open_file]: install_trophy_context: Opening file ux0:/user/00/trophy/conf/NPWR02927_00/TROP025.PNG (ux0:/user/00/trophy/conf/NPWR02927_00/TROP025.PNG), fd: 0x2b
[11:54:11.615] |T| [write_file]: install_trophy_context: Writing to fd: 0x2b, size: 116872
[11:54:11.616] |T| [close_file]: install_trophy_context: Closing file fd: 0x2b
[11:54:11.624] |T| [open_file]: install_trophy_context: Opening file ux0:/user/00/trophy/conf/NPWR02927_00/TROP026.PNG (ux0:/user/00/trophy/conf/NPWR02927_00/TROP026.PNG), fd: 0x2c
[11:54:11.634] |T| [write_file]: install_trophy_context: Writing to fd: 0x2c, size: 88320
[11:54:11.704] |T| [close_file]: install_trophy_context: Closing file fd: 0x2c
[11:54:11.741] |T| [open_file]: install_trophy_context: Opening file ux0:/user/00/trophy/conf/NPWR02927_00/TROP027.PNG (ux0:/user/00/trophy/conf/NPWR02927_00/TROP027.PNG), fd: 0x2d
[11:54:11.756] |T| [write_file]: install_trophy_context: Writing to fd: 0x2d, size: 93805
[11:54:11.758] |T| [close_file]: install_trophy_context: Closing file fd: 0x2d
[11:54:11.765] |T| [open_file]: install_trophy_context: Opening file ux0:/user/00/trophy/conf/NPWR02927_00/TROP028.PNG (ux0:/user/00/trophy/conf/NPWR02927_00/TROP028.PNG), fd: 0x2e
[11:54:11.776] |T| [write_file]: install_trophy_context: Writing to fd: 0x2e, size: 95197
[11:54:11.781] |T| [close_file]: install_trophy_context: Closing file fd: 0x2e
[11:54:11.785] |T| [open_file]: install_trophy_context: Opening file ux0:/user/00/trophy/conf/NPWR02927_00/TROP029.PNG (ux0:/user/00/trophy/conf/NPWR02927_00/TROP029.PNG), fd: 0x2f
[11:54:11.805] |T| [write_file]: install_trophy_context: Writing to fd: 0x2f, size: 101711
[11:54:11.808] |T| [close_file]: install_trophy_context: Closing file fd: 0x2f
[11:54:11.811] |T| [close_file]: create_trophy_context: Closing file fd: 0x4
[11:54:11.814] |T| [export_sceNpTrophyCreateContext]: Trophy context for NPWR02927_00 create successfuly!
[11:54:11.817] |W| [stubbed_impl]: Stubbed sceNpTrophyCreateHandle import called. (Stubbed handle with 1)
[11:54:11.891] |T| [write_file]: *** TTY: NgpSysInit:16
[11:54:11.895] |T| [write_file]: *** TTY: init:2
[11:54:11.891] |E| [logging::ret_error_impl]: _sceKernelPollEventFlag returned SCE_KERNEL_ERROR_UNKNOWN_EVF_ID (0x800280e1)
[11:54:11.897] |T| [write_file]: *** TTY: init:3
[11:54:11.963] |C| [renderer::vulkan::VKState::map_memory]: No coherent memory available for memory mapping, this may be caused by an old driver!
[11:54:11.997] |W| [stubbed_impl]: Stubbed sceGxmMapFragmentUsseMemory import called. (always return success)
[11:54:12.064] |W| [stubbed_impl]: Stubbed sceGxmMapVertexUsseMemory import called. (always return success)
[11:54:12.371] |W| [stubbed_impl]: Stubbed sceKernelGetProcessId import called. (pid: 0)
[11:54:12.375] |W| [stubbed_impl]: Stubbed _sceFiosKernelOverlayResolveWithRangeSync import called. (Using strncpy)
[11:54:12.404] |W| [unimplemented_impl]: Unimplemented _sceFiosKernelOverlayGetRecommendedScheduler import called.
[11:54:12.420] |I| [export_sceIoOpen]: Opening file: app0:/pack/pack.psarc
[11:54:12.422] |T| [open_file]: sceIoOpen: Opening file app0:/pack/pack.psarc (ux0:/app/PCSB00050/pack/pack.psarc), fd: 0x30
[11:54:12.471] |T| [close_file]: sceIoClose: Closing file fd: 0x30
[11:54:12.492] |T| [write_file]: *** TTY: bufferBytes=152930
[11:54:12.500] |I| [export_sceIoOpen]: Opening file: app0:/pack/pack.psarc
[11:54:12.502] |T| [open_file]: sceIoOpen: Opening file app0:/pack/pack.psarc (ux0:/app/PCSB00050/pack/pack.psarc), fd: 0x31
[11:54:18.331] |T| [write_file]: *** TTY: SaveData size : sizeof(SaveDataEntity) = 29376 bytes
[11:54:18.640] |W| [unimplemented_impl]: Unimplemented sceGxmColorSurfaceSetDitherMode import called.
[11:54:19.365] |T| [ngs::simple::Atrac9VoiceDefinition::new_modules]: AT9 player voice definition stubbed
[11:54:19.370] |T| [ngs::simple::Atrac9VoiceDefinition::new_modules]: AT9 player voice definition stubbed
[11:54:19.373] |T| [ngs::simple::Atrac9VoiceDefinition::new_modules]: AT9 player voice definition stubbed
[11:54:19.375] |T| [ngs::simple::Atrac9VoiceDefinition::new_modules]: AT9 player voice definition stubbed
[11:54:19.381] |T| [ngs::simple::Atrac9VoiceDefinition::new_modules]: AT9 player voice definition stubbed
[11:54:19.384] |T| [ngs::simple::Atrac9VoiceDefinition::new_modules]: AT9 player voice definition stubbed
[11:54:19.386] |T| [ngs::simple::Atrac9VoiceDefinition::new_modules]: AT9 player voice definition stubbed
[11:54:19.388] |T| [ngs::simple::Atrac9VoiceDefinition::new_modules]: AT9 player voice definition stubbed
[11:54:19.389] |T| [ngs::simple::Atrac9VoiceDefinition::new_modules]: AT9 player voice definition stubbed
[11:54:19.394] |T| [export_sceNgsPatchCreateRouting]: Patching 0xAA1270:0:0 to 0xA9FAA8:0
[11:54:19.400] |T| [export_sceNgsPatchCreateRouting]: Patching 0xAA15FC:0:0 to 0xA9FAA8:0
[11:54:19.400] |T| [export_sceNgsPatchCreateRouting]: Patching 0xAA1988:0:0 to 0xA9FAA8:0
[11:54:19.403] |T| [export_sceNgsPatchCreateRouting]: Patching 0xAA1D14:0:0 to 0xA9FAA8:0
[11:54:19.411] |T| [export_sceNgsPatchCreateRouting]: Patching 0xAA20A0:0:0 to 0xA9FAA8:0
[11:54:19.420] |T| [export_sceNgsPatchCreateRouting]: Patching 0xAA242C:0:0 to 0xA9FAA8:0
[11:54:19.421] |T| [export_sceNgsPatchCreateRouting]: Patching 0xAA27B8:0:0 to 0xA9FAA8:0
[11:54:19.422] |T| [export_sceNgsPatchCreateRouting]: Patching 0xAA2B44:0:0 to 0xA9FAA8:0
[11:54:19.426] |T| [export_sceNgsPatchCreateRouting]: Patching 0xAA3570:0:0 to 0xA9FAA8:0
[11:54:19.428] |T| [export_sceNgsPatchCreateRouting]: Patching 0xAA38FC:0:0 to 0xA9FAA8:0
[11:54:19.433] |T| [export_sceNgsPatchCreateRouting]: Patching 0xAA3C88:0:0 to 0xA9FAA8:0
[11:54:19.435] |T| [export_sceNgsPatchCreateRouting]: Patching 0xAA4014:0:0 to 0xA9FAA8:0
[11:54:19.437] |T| [export_sceNgsPatchCreateRouting]: Patching 0xAA43A0:0:0 to 0xA9FAA8:0
[11:54:19.438] |T| [export_sceNgsPatchCreateRouting]: Patching 0xAA472C:0:0 to 0xA9FAA8:0
[11:54:19.442] |T| [export_sceNgsPatchCreateRouting]: Patching 0xAA4AB8:0:0 to 0xA9FAA8:0
[11:54:19.447] |T| [export_sceNgsPatchCreateRouting]: Patching 0xAA4E44:0:0 to 0xA9FAA8:0
[11:54:19.449] |T| [export_sceNgsPatchCreateRouting]: Patching 0xAA5870:0:0 to 0xA9FAA8:0
[11:54:19.450] |T| [export_sceNgsPatchCreateRouting]: Patching 0xAA5BFC:0:0 to 0xA9FAA8:0
[11:54:19.452] |T| [export_sceNgsPatchCreateRouting]: Patching 0xAA5F88:0:0 to 0xA9FAA8:0
[11:54:19.454] |T| [export_sceNgsPatchCreateRouting]: Patching 0xAA6314:0:0 to 0xA9FAA8:0
[11:54:19.459] |T| [export_sceNgsPatchCreateRouting]: Patching 0xAA66A0:0:0 to 0xA9FAA8:0
[11:54:19.460] |T| [export_sceNgsPatchCreateRouting]: Patching 0xAA6A2C:0:0 to 0xA9FAA8:0
[11:54:19.462] |T| [export_sceNgsPatchCreateRouting]: Patching 0xAA6DB8:0:0 to 0xA9FAA8:0
[11:54:19.465] |T| [export_sceNgsPatchCreateRouting]: Patching 0xAA7144:0:0 to 0xA9FAA8:0
[11:54:19.467] |T| [export_sceNgsPatchCreateRouting]: Patching 0xAA7B70:0:0 to 0xA9FAA8:0
[11:54:19.468] |T| [export_sceNgsPatchCreateRouting]: Patching 0xAA7EFC:0:0 to 0xA9FAA8:0
[11:54:19.471] |T| [export_sceNgsPatchCreateRouting]: Patching 0xAA8288:0:0 to 0xA9FAA8:0
[11:54:19.475] |T| [export_sceNgsPatchCreateRouting]: Patching 0xAA8614:0:0 to 0xA9FAA8:0
[11:54:19.476] |T| [export_sceNgsPatchCreateRouting]: Patching 0xAA89A0:0:0 to 0xA9FAA8:0
[11:54:19.477] |T| [export_sceNgsPatchCreateRouting]: Patching 0xAA8D2C:0:0 to 0xA9FAA8:0
[11:54:19.481] |T| [export_sceNgsPatchCreateRouting]: Patching 0xAA90B8:0:0 to 0xA9FAA8:0
[11:54:19.482] |T| [export_sceNgsPatchCreateRouting]: Patching 0xAA9444:0:0 to 0xA9FAA8:0
[11:54:19.484] |T| [export_sceNgsPatchCreateRouting]: Patching 0xAA9E70:0:0 to 0xA9FAA8:0
[11:54:19.488] |T| [export_sceNgsPatchCreateRouting]: Patching 0xAAA1FC:0:0 to 0xA9FAA8:0
[11:54:19.489] |T| [export_sceNgsPatchCreateRouting]: Patching 0xAAA588:0:0 to 0xA9FAA8:0
[11:54:19.491] |T| [export_sceNgsPatchCreateRouting]: Patching 0xAAA914:0:0 to 0xA9FAA8:0
[11:54:19.493] |T| [export_sceNgsPatchCreateRouting]: Patching 0xAAACA0:0:0 to 0xA9FAA8:0
[11:54:19.494] |T| [export_sceNgsPatchCreateRouting]: Patching 0xAAB02C:0:0 to 0xA9FAA8:0
[11:54:19.497] |T| [export_sceNgsPatchCreateRouting]: Patching 0xAAB3B8:0:0 to 0xA9FAA8:0
[11:54:19.498] |T| [export_sceNgsPatchCreateRouting]: Patching 0xAAB744:0:0 to 0xA9FAA8:0
[11:54:19.499] |T| [export_sceNgsPatchCreateRouting]: Patching 0xAAC170:0:0 to 0xA9FAA8:0
[11:54:19.501] |T| [export_sceNgsPatchCreateRouting]: Patching 0xAAC4FC:0:0 to 0xA9FAA8:0
[11:54:19.504] |T| [export_sceNgsPatchCreateRouting]: Patching 0xAAC888:0:0 to 0xA9FAA8:0
[11:54:19.505] |T| [export_sceNgsPatchCreateRouting]: Patching 0xAACC14:0:0 to 0xA9FAA8:0
[11:54:19.508] |T| [export_sceNgsPatchCreateRouting]: Patching 0xAACFA0:0:0 to 0xA9FAA8:0
[11:54:19.509] |T| [export_sceNgsPatchCreateRouting]: Patching 0xAAD32C:0:0 to 0xA9FAA8:0
[11:54:19.511] |T| [export_sceNgsPatchCreateRouting]: Patching 0xAAD6B8:0:0 to 0xA9FAA8:0
[11:54:19.514] |T| [export_sceNgsPatchCreateRouting]: Patching 0xAADA44:0:0 to 0xA9FAA8:0
[11:54:19.515] |T| [export_sceNgsPatchCreateRouting]: Patching 0xAAE470:0:0 to 0xA9FAA8:0
[11:54:19.517] |T| [export_sceNgsPatchCreateRouting]: Patching 0xAAE7FC:0:0 to 0xA9FAA8:0
[11:54:19.520] |T| [export_sceNgsPatchCreateRouting]: Patching 0xAAEB88:0:0 to 0xA9FAA8:0
[11:54:19.521] |T| [export_sceNgsPatchCreateRouting]: Patching 0xAAEF14:0:0 to 0xA9FAA8:0
[11:54:19.523] |T| [export_sceNgsPatchCreateRouting]: Patching 0xAAF2A0:0:0 to 0xA9FAA8:0
[11:54:19.525] |T| [export_sceNgsPatchCreateRouting]: Patching 0xAAF62C:0:0 to 0xA9FAA8:0
[11:54:19.527] |T| [export_sceNgsPatchCreateRouting]: Patching 0xAAF9B8:0:0 to 0xA9FAA8:0
[11:54:19.528] |T| [export_sceNgsPatchCreateRouting]: Patching 0xAAFD44:0:0 to 0xA9FAA8:0
[11:54:19.531] |T| [export_sceNgsPatchCreateRouting]: Patching 0xAB0770:0:0 to 0xA9FAA8:0
[11:54:19.531] |T| [export_sceNgsPatchCreateRouting]: Patching 0xAB0AFC:0:0 to 0xA9FAA8:0
[11:54:19.534] |T| [export_sceNgsPatchCreateRouting]: Patching 0xAB0E88:0:0 to 0xA9FAA8:0
[11:54:19.536] |T| [export_sceNgsPatchCreateRouting]: Patching 0xAB1214:0:0 to 0xA9FAA8:0
[11:54:19.538] |T| [export_sceNgsPatchCreateRouting]: Patching 0xAB15A0:0:0 to 0xA9FAA8:0
[11:54:19.541] |T| [export_sceNgsPatchCreateRouting]: Patching 0xAB192C:0:0 to 0xA9FAA8:0
[11:54:19.542] |T| [export_sceNgsPatchCreateRouting]: Patching 0xAB1CB8:0:0 to 0xA9FAA8:0
[11:54:19.543] |T| [export_sceNgsPatchCreateRouting]: Patching 0xAB2044:0:0 to 0xA9FAA8:0
[11:54:19.552] |T| [export_sceNgsPatchCreateRouting]: Patching 0xA9FC70:0:0 to 0xA9F970:0
[11:54:19.555] |T| [export_sceNgsPatchCreateRouting]: Patching 0xA9FFFC:0:0 to 0xA9F970:0
[11:54:19.558] |T| [export_sceNgsPatchCreateRouting]: Patching 0xAA0388:0:0 to 0xA9F970:0
[11:54:19.560] |T| [export_sceNgsPatchCreateRouting]: Patching 0xAA0714:0:0 to 0xA9F970:0
[11:54:19.577] |T| [export_sceNgsPatchCreateRouting]: Patching 0xAA0AA0:0:0 to 0xA9F970:0
[11:54:19.964] |T| [write_file]: *** TTY: init:4
[11:54:19.966] |T| [write_file]: *** TTY: init:5
[11:54:20.377] |W| [unimplemented_impl]: Unimplemented sceRudpInit import called.
[11:54:20.378] |W| [unimplemented_impl]: Unimplemented sceRudpSetEventHandler import called.
[11:54:20.439] |W| [unimplemented_impl]: Unimplemented sceRudpProcessEvents import called.
[11:54:20.479] |W| [stubbed_impl]: Stubbed sceNetCtlCheckCallback import called. (Stub)
[11:54:20.495] |T| [write_file]: *** TTY: init:6
[11:54:20.496] |T| [write_file]: *** TTY: init:7
[11:54:20.500] |W| [unimplemented_impl]: Unimplemented sceKernelGetGPI import called.
[11:54:20.501] |T| [write_file]: *** TTY: main:2
[11:54:20.504] |T| [write_file]: *** TTY: main:3
[11:54:20.505] |T| [write_file]: *** TTY: main:4
[11:54:20.507] |T| [write_file]: *** TTY: main:5
[11:54:20.545] |W| [stubbed_impl]: Stubbed sceNpCheckCallback import called. (Stub)
[11:54:20.567] |W| [unimplemented_impl]: Unimplemented sceGxmPushUserMarker import called.
[11:54:20.580] |W| [unimplemented_impl]: Unimplemented sceGxmPopUserMarker import called.
[11:54:20.671] |I| [renderer::vulkan::PipelineCache::retrieve_shader]: Generating vulkan spv shader b6f4823bdc5c59e0a2a3ac7ac2fc0ac474a731a640549e716816941bae5840b0
[11:54:20.675] |I| [renderer::load_shader_generic]: Generating vert.spv.txt shader b6f4823bdc5c59e0a2a3ac7ac2fc0ac474a731a640549e716816941bae5840b0
[11:54:20.683] |D| [shader::create_parameters]: [BUFFER0  + 0] pa0 = (float4) aPositionXyzw
[11:54:20.683] |D| [shader::create_parameters]: [BUFFER0  + 4] pa4 = (float4) aTexCoordXyzw
[11:54:20.686] |D| [shader::create_parameters]: [BUFFER0  + 8] pa8 = (float4) aColor
[11:54:20.689] |T| [shader::usse::USSERecompiler::compile_code_node]: Compiling code_0, size = 6
[11:54:20.905] |I| [renderer::vulkan::PipelineCache::retrieve_shader]: Generating vulkan spv shader bc0992e385f8208a6eedd87738ce15ebf625d252d9b6b8aac7c8022fcc689083
[11:54:20.910] |I| [renderer::load_shader_generic]: Generating frag.spv.txt shader bc0992e385f8208a6eedd87738ce15ebf625d252d9b6b8aac7c8022fcc689083
[11:54:20.917] |D| [shader::create_fragment_inputs]: Iterator: pa0 = (half4) v_Color0
[11:54:20.919] |T| [shader::usse::USSERecompiler::compile_code_node]: Compiling code_0, size = 1
[11:54:21.523] |E| [debug_callback]: Validation layer: Validation Error: [ VUID-VkSamplerCreateInfo-addressModeU-01079 ] Object 0: handle = 0x1d68a828880, type = VK_OBJECT_TYPE_DEVICE; | MessageID = 0x1aa95c2b | vkCreateSampler(): addressModeU is set to VK_SAMPLER_ADDRESS_MODE_MIRROR_CLAMP_TO_EDGE but the VK_KHR_sampler_mirror_clamp_to_edge extension or samplerMirrorClampToEdge feature has not been enabled. The Vulkan spec states: If samplerMirrorClampToEdge is not enabled, and if the VK_KHR_sampler_mirror_clamp_to_edge extension is not enabled, addressModeU, addressModeV and addressModeW must not be VK_SAMPLER_ADDRESS_MODE_MIRROR_CLAMP_TO_EDGE (https://vulkan.lunarg.com/doc/view/1.3.216.0/windows/1.3-extensions/vkspec.html#VUID-VkSamplerCreateInfo-addressModeU-01079)
[11:54:21.529] |I| [renderer::vulkan::PipelineCache::retrieve_shader]: Generating vulkan spv shader ca3adefa878b951a4e6d57e0cc52dd87905fca3b9fe7fc094c4b85cfefb3e38d
[11:54:21.534] |I| [renderer::load_shader_generic]: Generating vert.spv.txt shader ca3adefa878b951a4e6d57e0cc52dd87905fca3b9fe7fc094c4b85cfefb3e38d
[11:54:21.537] |D| [shader::create_parameters]: [BUFFER0  + 0] pa0 = (float4) aPosition
[11:54:21.538] |D| [shader::create_parameters]: [BUFFER0  + 4] pa4 = (float4) aTexCoord
[11:54:21.539] |T| [shader::usse::USSERecompiler::compile_code_node]: Compiling code_0, size = 6
[11:54:21.561] |I| [renderer::vulkan::PipelineCache::retrieve_shader]: Generating vulkan spv shader 97f49c1e53ad7d97a5b09044c831b90737a1779c2fe6c80fa884f55b622143f6
[11:54:21.566] |I| [renderer::load_shader_generic]: Generating frag.spv.txt shader 97f49c1e53ad7d97a5b09044c831b90737a1779c2fe6c80fa884f55b622143f6
[11:54:21.573] |T| [shader::create_fragment_inputs]: pa0 = tex2D<intX4>(tex, TEXCOORD0.xy)
[11:54:21.575] |T| [shader::usse::USSERecompiler::compile_code_node]: Compiling code_0, size = 2
[11:54:21.594] |E| [debug_callback]: Validation layer: Validation Error: [ VUID-VkSamplerCreateInfo-addressModeU-01079 ] Object 0: handle = 0x1d68a828880, type = VK_OBJECT_TYPE_DEVICE; | MessageID = 0x1aa95c2b | vkCreateSampler(): addressModeU is set to VK_SAMPLER_ADDRESS_MODE_MIRROR_CLAMP_TO_EDGE but the VK_KHR_sampler_mirror_clamp_to_edge extension or samplerMirrorClampToEdge feature has not been enabled. The Vulkan spec states: If samplerMirrorClampToEdge is not enabled, and if the VK_KHR_sampler_mirror_clamp_to_edge extension is not enabled, addressModeU, addressModeV and addressModeW must not be VK_SAMPLER_ADDRESS_MODE_MIRROR_CLAMP_TO_EDGE (https://vulkan.lunarg.com/doc/view/1.3.216.0/windows/1.3-extensions/vkspec.html#VUID-VkSamplerCreateInfo-addressModeU-01079)
[11:54:21.637] |I| [renderer::vulkan::PipelineCache::retrieve_shader]: Generating vulkan spv shader 143b76bb49070728604f324275d6583952a4c4f1e10e81e2bbf36bc273a6c1b1
[11:54:21.641] |I| [renderer::load_shader_generic]: Generating vert.spv.txt shader 143b76bb49070728604f324275d6583952a4c4f1e10e81e2bbf36bc273a6c1b1
[11:54:21.644] |D| [shader::create_parameters]: [BUFFER0  + 0] pa0 = (float4) aPosition
[11:54:21.645] |D| [shader::create_parameters]: [BUFFER0  + 4] pa4 = (float4) aTexCoord
[11:54:21.649] |T| [shader::usse::USSERecompiler::compile_code_node]: Compiling code_0, size = 21
[11:54:21.703] |I| [renderer::vulkan::PipelineCache::retrieve_shader]: Generating vulkan spv shader e212344eb10389bd8a2a00bc32d3cc587cf98a71e97650828bba3a448833c767
[11:54:21.706] |I| [renderer::load_shader_generic]: Generating frag.spv.txt shader e212344eb10389bd8a2a00bc32d3cc587cf98a71e97650828bba3a448833c767
[11:54:21.710] |D| [shader::create_parameters]: [BUFFER0  + 0] sa0 = (float4) fu_depthParam
[11:54:21.712] |D| [shader::create_parameters]: [BUFFER0  + 4] sa4 = (half4) fu_colorThresholdBias
[11:54:21.715] |D| [shader::create_parameters]: [BUFFER0  + 6] sa6 = (half4) fu_colorThresholdScale
[11:54:21.718] |D| [shader::create_parameters]: [BUFFER0  + 8] sa8 = (half4) fu_writebackColorScale
[11:54:21.719] |D| [shader::create_parameters]: [BUFFER0  + 10] sa10 = (half4) fu_gaussianCoef[5]
[11:54:21.722] |T| [shader::create_fragment_inputs]: pa0 = tex2D<half4>(tex, TEXCOORD0.xy)
[11:54:21.723] |T| [shader::create_fragment_inputs]: pa2 = tex2D<half4>(tex, TEXCOORD1.xy)
[11:54:21.724] |T| [shader::create_fragment_inputs]: pa4 = tex2D<half4>(tex, TEXCOORD2.xy)
[11:54:21.726] |T| [shader::create_fragment_inputs]: pa6 = tex2D<half4>(tex, TEXCOORD3.xy)
[11:54:21.727] |T| [shader::create_fragment_inputs]: pa8 = tex2D<half4>(tex, TEXCOORD4.xy)
[11:54:21.729] |T| [shader::create_fragment_inputs]: pa10 = tex2D<half4>(tex, TEXCOORD5.xy)
[11:54:21.734] |T| [shader::create_fragment_inputs]: pa12 = tex2D<half4>(tex, TEXCOORD6.xy)
[11:54:21.735] |T| [shader::create_fragment_inputs]: pa14 = tex2D<half4>(tex, TEXCOORD7.xy)
[11:54:21.737] |T| [shader::create_fragment_inputs]: pa16 = tex2D<half4>(tex, TEXCOORD8.xy)
[11:54:21.739] |T| [shader::usse::USSERecompiler::compile_code_node]: Compiling code_0, size = 3
[11:54:21.743] |T| [shader::usse::USSERecompiler::compile_code_node]: Compiling code_0, size = 13
[11:54:21.834] |E| [debug_callback]: Validation layer: Validation Error: [ VUID-VkSamplerCreateInfo-addressModeU-01079 ] Object 0: handle = 0x1d68a828880, type = VK_OBJECT_TYPE_DEVICE; | MessageID = 0x1aa95c2b | vkCreateSampler(): addressModeU is set to VK_SAMPLER_ADDRESS_MODE_MIRROR_CLAMP_TO_EDGE but the VK_KHR_sampler_mirror_clamp_to_edge extension or samplerMirrorClampToEdge feature has not been enabled. The Vulkan spec states: If samplerMirrorClampToEdge is not enabled, and if the VK_KHR_sampler_mirror_clamp_to_edge extension is not enabled, addressModeU, addressModeV and addressModeW must not be VK_SAMPLER_ADDRESS_MODE_MIRROR_CLAMP_TO_EDGE (https://vulkan.lunarg.com/doc/view/1.3.216.0/windows/1.3-extensions/vkspec.html#VUID-VkSamplerCreateInfo-addressModeU-01079)
[11:54:21.839] |I| [renderer::vulkan::PipelineCache::retrieve_shader]: Generating vulkan spv shader ce0e36384b840e814a12a5a87f16cc6698d3164f0021b711270eb06d29c9d0d0
[11:54:21.843] |I| [renderer::load_shader_generic]: Generating vert.spv.txt shader ce0e36384b840e814a12a5a87f16cc6698d3164f0021b711270eb06d29c9d0d0
[11:54:21.847] |D| [shader::create_parameters]: [BUFFER0  + 0] pa0 = (float4) aPositionUv
[11:54:21.849] |D| [shader::create_parameters]: [BUFFER0  + 4] pa4 = (float4) aTexCoord01
[11:54:21.850] |D| [shader::create_parameters]: [BUFFER0  + 8] pa8 = (float4) aTexCoord23
[11:54:21.857] |D| [shader::create_parameters]: [BUFFER0  + 12] pa12 = (float4) aTexCoord45
[11:54:21.859] |D| [shader::create_parameters]: [BUFFER0  + 16] pa16 = (float4) aTexCoord67
[11:54:21.881] |D| [shader::create_parameters]: [BUFFER0  + 20] pa20 = (float4) aTexCoord89
[11:54:21.907] |T| [shader::usse::USSERecompiler::compile_code_node]: Compiling code_0, size = 16
[11:54:21.954] |I| [renderer::vulkan::PipelineCache::retrieve_shader]: Generating vulkan spv shader e25490ddaafabe96358815290278d67771a55b6c712e801e076a2de51a3f3b48
[11:54:21.957] |I| [renderer::load_shader_generic]: Generating frag.spv.txt shader e25490ddaafabe96358815290278d67771a55b6c712e801e076a2de51a3f3b48
[11:54:21.962] |D| [shader::create_parameters]: [BUFFER0  + 0] sa0 = (float4) fu_depthParam
[11:54:21.963] |D| [shader::create_parameters]: [BUFFER0  + 4] sa4 = (half4) fu_colorThresholdBias
[11:54:21.969] |D| [shader::create_parameters]: [BUFFER0  + 6] sa6 = (half4) fu_colorThresholdScale
[11:54:21.974] |D| [shader::create_parameters]: [BUFFER0  + 8] sa8 = (half4) fu_writebackColorScale
[11:54:21.976] |D| [shader::create_parameters]: [BUFFER0  + 10] sa10 = (half4) fu_gaussianCoef[5]
[11:54:21.978] |T| [shader::create_fragment_inputs]: pa0 = tex2D<half4>(tex, TEXCOORD0.xy)
[11:54:21.983] |T| [shader::create_fragment_inputs]: pa2 = tex2D<half4>(tex, TEXCOORD2.xy)
[11:54:21.987] |T| [shader::create_fragment_inputs]: pa4 = tex2D<half4>(tex, TEXCOORD1.xy)
[11:54:21.989] |T| [shader::create_fragment_inputs]: pa6 = tex2D<half4>(tex, TEXCOORD3.xy)
[11:54:21.991] |T| [shader::create_fragment_inputs]: pa8 = tex2D<half4>(tex, TEXCOORD4.xy)
[11:54:21.993] |T| [shader::create_fragment_inputs]: pa10 = tex2D<half4>(tex, TEXCOORD5.xy)
[11:54:21.996] |T| [shader::create_fragment_inputs]: pa12 = tex2D<half4>(tex, TEXCOORD6.xy)
[11:54:21.996] |T| [shader::create_fragment_inputs]: pa14 = tex2D<half4>(tex, TEXCOORD7.xy)
[11:54:22.000] |T| [shader::create_fragment_inputs]: pa16 = tex2D<half4>(tex, TEXCOORD8.xy)
[11:54:22.003] |T| [shader::create_fragment_inputs]: pa18 = tex2D<half4>(tex, TEXCOORD9.xy)
[11:54:22.005] |T| [shader::usse::USSERecompiler::compile_code_node]: Compiling code_0, size = 5
[11:54:22.023] |T| [shader::usse::USSERecompiler::compile_code_node]: Compiling code_0, size = 13
[11:54:22.071] |I| [renderer::vulkan::PipelineCache::retrieve_shader]: Generating vulkan spv shader ae85881b6bf5cff6f5fb8b68763c7169d5e328c009ffe5d6c8113670ec956aa5
[11:54:22.073] |I| [renderer::load_shader_generic]: Generating vert.spv.txt shader ae85881b6bf5cff6f5fb8b68763c7169d5e328c009ffe5d6c8113670ec956aa5
[11:54:22.078] |D| [shader::create_parameters]: [BUFFER0  + 0] pa0 = (float4) aPositionUv
[11:54:22.079] |D| [shader::create_parameters]: [BUFFER0  + 4] pa4 = (float4) aTexCoord01
[11:54:22.084] |D| [shader::create_parameters]: [BUFFER0  + 8] pa8 = (float4) aTexCoord23
[11:54:22.085] |D| [shader::create_parameters]: [BUFFER0  + 12] pa12 = (float4) aTexCoord45
[11:54:22.087] |D| [shader::create_parameters]: [BUFFER0  + 16] pa16 = (float4) aTexCoord67
[11:54:22.092] |T| [shader::usse::USSERecompiler::compile_code_node]: Compiling code_0, size = 13
[11:54:22.150] |I| [renderer::vulkan::PipelineCache::retrieve_shader]: Generating vulkan spv shader 15552bea3c350ce04a2d3bb11c7db977a28b381b41d4dbdac725d9a25b6f5897
[11:54:22.153] |I| [renderer::load_shader_generic]: Generating frag.spv.txt shader 15552bea3c350ce04a2d3bb11c7db977a28b381b41d4dbdac725d9a25b6f5897
[11:54:22.159] |D| [shader::create_parameters]: [BUFFER0  + 0] sa0 = (float4) fu_depthParam
[11:54:22.160] |D| [shader::create_parameters]: [BUFFER0  + 4] sa4 = (half4) fu_colorThresholdBias
[11:54:22.161] |D| [shader::create_parameters]: [BUFFER0  + 6] sa6 = (half4) fu_colorThresholdScale
[11:54:22.162] |D| [shader::create_parameters]: [BUFFER0  + 8] sa8 = (half4) fu_writebackColorScale
[11:54:22.163] |D| [shader::create_parameters]: [BUFFER0  + 10] sa10 = (half4) fu_gaussianCoef[5]
[11:54:22.166] |T| [shader::create_fragment_inputs]: pa0 = tex2D<half4>(tex, TEXCOORD1.xy)
[11:54:22.169] |T| [shader::create_fragment_inputs]: pa2 = tex2D<half4>(tex, TEXCOORD0.xy)
[11:54:22.170] |T| [shader::create_fragment_inputs]: pa4 = tex2D<half4>(tex, TEXCOORD2.xy)
[11:54:22.173] |T| [shader::create_fragment_inputs]: pa6 = tex2D<half4>(tex, TEXCOORD3.xy)
[11:54:22.174] |T| [shader::create_fragment_inputs]: pa8 = tex2D<half4>(tex, TEXCOORD4.xy)
[11:54:22.175] |T| [shader::create_fragment_inputs]: pa10 = tex2D<half4>(tex, TEXCOORD5.xy)
[11:54:22.177] |T| [shader::create_fragment_inputs]: pa12 = tex2D<half4>(tex, TEXCOORD6.xy)
[11:54:22.179] |T| [shader::usse::USSERecompiler::compile_code_node]: Compiling code_0, size = 7
[11:54:22.205] |T| [shader::usse::USSERecompiler::compile_code_node]: Compiling code_0, size = 10
[11:54:22.304] |E| [debug_callback]: Validation layer: Validation Error: [ VUID-VkSamplerCreateInfo-addressModeU-01079 ] Object 0: handle = 0x1d68a828880, type = VK_OBJECT_TYPE_DEVICE; | MessageID = 0x1aa95c2b | vkCreateSampler(): addressModeU is set to VK_SAMPLER_ADDRESS_MODE_MIRROR_CLAMP_TO_EDGE but the VK_KHR_sampler_mirror_clamp_to_edge extension or samplerMirrorClampToEdge feature has not been enabled. The Vulkan spec states: If samplerMirrorClampToEdge is not enabled, and if the VK_KHR_sampler_mirror_clamp_to_edge extension is not enabled, addressModeU, addressModeV and addressModeW must not be VK_SAMPLER_ADDRESS_MODE_MIRROR_CLAMP_TO_EDGE (https://vulkan.lunarg.com/doc/view/1.3.216.0/windows/1.3-extensions/vkspec.html#VUID-VkSamplerCreateInfo-addressModeU-01079)
[11:54:22.309] |I| [renderer::vulkan::PipelineCache::retrieve_shader]: Generating vulkan spv shader 9e1a4fe782a96b2aec54c5adb111906cfd944575bdcbd6e63765681f0ed7a453
[11:54:22.312] |I| [renderer::load_shader_generic]: Generating frag.spv.txt shader 9e1a4fe782a96b2aec54c5adb111906cfd944575bdcbd6e63765681f0ed7a453
[11:54:22.317] |T| [shader::create_fragment_inputs]: pa0 = tex2D<intX4>(tex, TEXCOORD0.xy)
[11:54:22.319] |T| [shader::usse::USSERecompiler::compile_code_node]: Compiling code_0, size = 2
[11:54:22.463] |I| [renderer::vulkan::PipelineCache::retrieve_shader]: Generating vulkan spv shader 161d3e4ef34fd7ef498a4d8ce7ef6bc3f141dee9019575aea8db504edc69558f
[11:54:22.468] |I| [renderer::load_shader_generic]: Generating vert.spv.txt shader 161d3e4ef34fd7ef498a4d8ce7ef6bc3f141dee9019575aea8db504edc69558f
[11:54:22.473] |D| [shader::create_parameters]: [BUFFER0  + 0] pa0 = (float4) aPosition
[11:54:22.474] |D| [shader::create_parameters]: [BUFFER0  + 4] pa4 = (float4) aTexCoord
[11:54:22.477] |T| [shader::usse::USSERecompiler::compile_code_node]: Compiling code_0, size = 6
[11:54:22.502] |I| [renderer::vulkan::PipelineCache::retrieve_shader]: Generating vulkan spv shader 09658ed6231552345064a958816eca09a7e7fbaa269408c3b195bb1988e88969
[11:54:22.535] |I| [renderer::load_shader_generic]: Generating frag.spv.txt shader 09658ed6231552345064a958816eca09a7e7fbaa269408c3b195bb1988e88969
[11:54:22.538] |D| [shader::create_parameters]: [BUFFER0  + 0] sa0 = (float4) fu_depthParam
[11:54:22.539] |D| [shader::create_parameters]: [BUFFER0  + 4] sa4 = (half4) fu_colorThresholdBias
[11:54:22.542] |D| [shader::create_parameters]: [BUFFER0  + 6] sa6 = (half4) fu_colorThresholdScale
[11:54:22.543] |D| [shader::create_parameters]: [BUFFER0  + 8] sa8 = (half4) fu_writebackColorScale
[11:54:22.547] |D| [shader::create_parameters]: [BUFFER0  + 10] sa10 = (half4) fu_gaussianCoef[5]
[11:54:22.551] |T| [shader::create_fragment_inputs]: pa0 = tex2D<float4>(texDepth, TEXCOORD0.xy)
[11:54:22.553] |T| [shader::usse::USSERecompiler::compile_code_node]: Compiling code_0, size = 4
[11:54:22.562] |T| [shader::usse::USSERecompiler::compile_code_node]: Compiling code_0, size = 18
[11:54:22.644] |E| [debug_callback]: Validation layer: Validation Error: [ VUID-VkSamplerCreateInfo-addressModeU-01079 ] Object 0: handle = 0x1d68a828880, type = VK_OBJECT_TYPE_DEVICE; | MessageID = 0x1aa95c2b | vkCreateSampler(): addressModeU is set to VK_SAMPLER_ADDRESS_MODE_MIRROR_CLAMP_TO_EDGE but the VK_KHR_sampler_mirror_clamp_to_edge extension or samplerMirrorClampToEdge feature has not been enabled. The Vulkan spec states: If samplerMirrorClampToEdge is not enabled, and if the VK_KHR_sampler_mirror_clamp_to_edge extension is not enabled, addressModeU, addressModeV and addressModeW must not be VK_SAMPLER_ADDRESS_MODE_MIRROR_CLAMP_TO_EDGE (https://vulkan.lunarg.com/doc/view/1.3.216.0/windows/1.3-extensions/vkspec.html#VUID-VkSamplerCreateInfo-addressModeU-01079)
[11:54:22.649] |E| [debug_callback]: Validation layer: Validation Error: [ VUID-VkSamplerCreateInfo-addressModeU-01079 ] Object 0: handle = 0x1d68a828880, type = VK_OBJECT_TYPE_DEVICE; | MessageID = 0x1aa95c2b | vkCreateSampler(): addressModeU is set to VK_SAMPLER_ADDRESS_MODE_MIRROR_CLAMP_TO_EDGE but the VK_KHR_sampler_mirror_clamp_to_edge extension or samplerMirrorClampToEdge feature has not been enabled. The Vulkan spec states: If samplerMirrorClampToEdge is not enabled, and if the VK_KHR_sampler_mirror_clamp_to_edge extension is not enabled, addressModeU, addressModeV and addressModeW must not be VK_SAMPLER_ADDRESS_MODE_MIRROR_CLAMP_TO_EDGE (https://vulkan.lunarg.com/doc/view/1.3.216.0/windows/1.3-extensions/vkspec.html#VUID-VkSamplerCreateInfo-addressModeU-01079)
[11:54:22.652] |I| [renderer::vulkan::PipelineCache::retrieve_shader]: Generating vulkan spv shader 8614414b133266dfa35dfa6c001442efc58b7863338e0944871b8e5ffc35c612
[11:54:22.655] |I| [renderer::load_shader_generic]: Generating frag.spv.txt shader 8614414b133266dfa35dfa6c001442efc58b7863338e0944871b8e5ffc35c612
[11:54:22.662] |T| [shader::create_fragment_inputs]: pa0 = tex2D<half4>(reducedRawTex, TEXCOORD0.xy)
[11:54:22.663] |T| [shader::create_fragment_inputs]: pa2 = tex2D<half4>(reducedGradedTex, TEXCOORD0.xy)
[11:54:22.666] |T| [shader::usse::USSERecompiler::compile_code_node]: Compiling code_0, size = 10
[11:54:22.749] |E| [logging::ret_error_impl]: _sceKernelWaitEventFlagCB returned SCE_KERNEL_ERROR_WAIT_TIMEOUT (0x80028005)
[11:54:22.756] |I| [renderer::vulkan::PipelineCache::retrieve_shader]: Generating vulkan spv shader 4b98925a5b4d6ca9d49fa6fc2733a03ab603a5ee9c6ca3b80aa0a455d7655d37
[11:54:22.759] |I| [renderer::load_shader__generic]: Generating frag.spv.txt shader 4b98925a5b4d6ca9d49fa6fc2733a03ab603a5ee9c6ca3b80aa0a455d7655d37
[11:54:22.765] |T| [shader::create_fragment_inputs]: pa0 = tex2D<half4>(tex, TEXCOORD0.xy)
[11:54:22.769] |T| [shader::usse::USSERecompiler::compile_code_node]: Compiling code_0, size = 1
fa44070000000000: PHAS
[11:54:23.505] |I| [renderer::vulkan::PipelineCache::retrieve_shader]: Generating vulkan spv shader 87cde5cad32c5b7ac7df5022d6f7cf53acc192cd60378f6d7275b967027b14f4
[11:54:23.509] |I| [renderer::load_shader_generic]: Generating vert.spv.txt shader 87cde5cad32c5b7ac7df5022d6f7cf53acc192cd60378f6d7275b967027b14f4
[11:54:23.514] |D| [shader::create_parameters]: [BUFFER0  + 0] pa0 = (float4) aPositionUv
[11:54:23.516] |D| [shader::create_parameters]: [BUFFER0  + 4] pa4 = (float4) aColor
[11:54:23.518] |T| [shader::usse::USSERecompiler::compile_code_node]: Compiling code_0, size = 8
fa44070000000000: PHAS
fa10000201010e01: SMLSI  inc.1  inc.1 swizz.(2300)  inc.1
3880252183080000: VMOV.f32 o4.xy pa4.xy
3880252183080000: VMOV.f32 o6.xy pa6.xy
3880252183080000: VMOV.f32 o8.xy pa0.xy
fa14000001010101: SMLSI  inc.1  inc.1  inc.1  inc.1
08c51f889f240041: VMUL i0.xyzw pa2.xy11 c1.yyyy
3880052103000f00: VMOV.f32 o0.xy i0.xy
3880055903040f00: VMOV.f32 o2.xy i0.zw
fb275000a0200000: SPEC category: 2, special: false
[11:54:23.546] |I| [renderer::vulkan::PipelineCache::retrieve_shader]: Generating vulkan spv shader 25ae7f6beb87dc4ff1c152eea796e8acd2729966e2c1fccf19f4e81e33bf0fc2
[11:54:23.571] |I| [renderer::load_shader_generic]: Generating frag.spv.txt shader 25ae7f6beb87dc4ff1c152eea796e8acd2729966e2c1fccf19f4e81e33bf0fc2
[11:54:23.577] |D| [shader::create_fragment_inputs]: Iterator: pa0 = (half4) v_Color0
[11:54:23.580] |T| [shader::create_fragment_inputs]: pa2 = tex2D<half4>(tex, TEXCOORD0.xy)
[11:54:23.586] |T| [shader::usse::USSERecompiler::compile_code_node]: Compiling code_0, size = 2
fa44070000000000: PHAS
10a44782a0050001: VF16MUL pa0.xyzw pa0.zyxw pa2.xyzw
[11:54:23.895] |I| [renderer::vulkan::PipelineCache::retrieve_shader]: Generating vulkan spv shader 37ea352f7440f233f8997f5592c516d4c342fc1922e78b3d2c97fd2c079b122e
[11:54:23.904] |I| [renderer::load_shader_generic]: Generating vert.spv.txt shader 37ea352f7440f233f8997f5592c516d4c342fc1922e78b3d2c97fd2c079b122e
[11:54:23.909] |D| [shader::create_parameters]: [BUFFER0  + 0] pa0 = (float4) aPositionUv
[11:54:23.918] |D| [shader::create_parameters]: [BUFFER0  + 4] pa4 = (float4) aColor
[11:54:23.929] |T| [shader::usse::USSERecompiler::compile_code_node]: Compiling code_0, size = 9
fa44070000000000: PHAS
f800094000000000: NOP
08c51f889f240041: VMUL i0.xyzw pa2.xy11 c1.yyyy
3880052103000f00: VMOV.f32 o0.xy i0.xy
3880055903040f00: VMOV.f32 o2.xy i0.zw
40800d8da0810286: VPCKF32F32 o4.xy (pa4.zy pa6.xyzw) [noscale]
40800d8da0c30206: VPCKF32F32 o6.xy (pa4.xw pa6.xyzw) [noscale]
3880052183100000: VMOV.f32 o8.xy pa0.xy
fb275000a0200000: SPEC category: 2, special: false
[11:54:24.187] |I| [renderer::vulkan::PipelineCache::retrieve_shader]: Generating vulkan spv shader c76b79406fe69512de7f32b0fe696d3c482efe3aeeb44b9b1bd93a30cc49be79
[11:54:24.191] |I| [renderer::load_shader_generic]: Generating frag.spv.txt shader c76b79406fe69512de7f32b0fe696d3c482efe3aeeb44b9b1bd93a30cc49be79
[11:54:24.196] |D| [shader::create_fragment_inputs]: Iterator: pa0 = (half4) v_Color0
[11:54:24.198] |T| [shader::create_fragment_inputs]: pa2 = tex2D<float4>(tex, TEXCOORD0.xy)
[11:54:24.201] |T| [shader::usse::USSERecompiler::compile_code_node]: Compiling code_0, size = 4
fa44010000000000: PHAS
40810d4ea0810100: VPCKF16F32 pa4.xy pa2.xy [noscale]
10c020a8b0119001: VF16ADD r0.x -pa0.w sa2.z
48880a8580038100: CMP.gt.f16 p1 pa4.x r0.x
[11:54:24.266] |T| [shader::usse::USSERecompiler::compile_code_node]: Compiling code_4, size = 1
f9300406f0000102: KILL p1
[11:54:24.269] |T| [shader::usse::USSERecompiler::compile_code_node]: Compiling code_5, size = 6
f804014000000000: NOP
fa44070000000000: PHAS
10804b82a0248080: VF16MUL pa0.xyz pa4.yyy pa0.xyz
40c10b9caf818000: VPCKF32F16 i0.xyz pa0.xyz [noscale]
3880050088f00040: VMOV.f32 i0.---w pa2.---x
40810d7e2019bc00: VPCKF16F32 pa0.xyzw i0.xyzw [noscale]