[19:45:23.455] |I| [config::init]: input-vpk-path: E:\Games\Vita3K\Rom\Atelier Meruru Plus.vpk
[19:45:23.458] |I| [config::init]: log-level: 0
[19:45:23.459] |I| [config::init]: log-imports: false
[19:45:23.459] |I| [config::init]: log-exports: false
[19:45:23.460] |I| [config::init]: log-active-shaders: false
[19:45:23.460] |I| [config::init]: log-uniforms: false
[19:45:23.464] |I| [SDL_main]: Vita3K v0.1 1013-54f39b4
[19:45:24.055] |I| [init]: Swap interval = 0
[19:45:24.065] |W| [gui::init_font]: Could not find font file at "E:\Games\Vita3K\Rom\data\fonts\mplus-1mn-bold.ttf", falling back to default imgui font.
[19:45:24.181] |I| [install_vpk]: Extracting C:/Users/HorrorTroll2/AppData/Roaming/Vita3K/Vita3K//ux0/app/PCSE00296/mai_moe/eboot_origin.bin
[19:45:24.264] |I| [install_vpk]: Extracting C:/Users/HorrorTroll2/AppData/Roaming/Vita3K/Vita3K//ux0/app/PCSE00296/mai_moe/load_type.mai
[19:45:24.265] |I| [install_vpk]: Extracting C:/Users/HorrorTroll2/AppData/Roaming/Vita3K/Vita3K//ux0/app/PCSE00296/mai_moe/mai.suprx
[19:45:24.315] |I| [install_vpk]: Extracting C:/Users/HorrorTroll2/AppData/Roaming/Vita3K/Vita3K//ux0/app/PCSE00296/Res/movie/A13_prologue.mp4
[19:45:27.667] |I| [install_vpk]: Extracting C:/Users/HorrorTroll2/AppData/Roaming/Vita3K/Vita3K//ux0/app/PCSE00296/Res/movie/ending.mp4
[19:45:32.023] |I| [install_vpk]: Extracting C:/Users/HorrorTroll2/AppData/Roaming/Vita3K/Vita3K//ux0/app/PCSE00296/Res/movie/opening.mp4
[19:45:35.928] |I| [install_vpk]: Extracting C:/Users/HorrorTroll2/AppData/Roaming/Vita3K/Vita3K//ux0/app/PCSE00296/Res/saveload/icon_usr_data.png
[19:45:35.932] |I| [install_vpk]: Extracting C:/Users/HorrorTroll2/AppData/Roaming/Vita3K/Vita3K//ux0/app/PCSE00296/Res/saveload/system/icon_sys_data.png
[19:45:35.935] |I| [install_vpk]: Extracting C:/Users/HorrorTroll2/AppData/Roaming/Vita3K/Vita3K//ux0/app/PCSE00296/Res/screenshot/overlay.png
[19:45:35.939] |I| [install_vpk]: Extracting C:/Users/HorrorTroll2/AppData/Roaming/Vita3K/Vita3K//ux0/app/PCSE00296/Res/sound/PSVita/bgm/main.g1l
[19:45:57.025] |I| [install_vpk]: Extracting C:/Users/HorrorTroll2/AppData/Roaming/Vita3K/Vita3K//ux0/app/PCSE00296/Res/sound/PSVita/bgm/pack00.g1l
[19:45:57.879] |I| [install_vpk]: Extracting C:/Users/HorrorTroll2/AppData/Roaming/Vita3K/Vita3K//ux0/app/PCSE00296/Res/sound/PSVita/bgm/pack01.g1l
[19:46:24.409] |I| [install_vpk]: Extracting C:/Users/HorrorTroll2/AppData/Roaming/Vita3K/Vita3K//ux0/app/PCSE00296/Res/sound/PSVita/se/env.fp
[19:46:24.527] |I| [install_vpk]: Extracting C:/Users/HorrorTroll2/AppData/Roaming/Vita3K/Vita3K//ux0/app/PCSE00296/Res/sound/PSVita/se/sse.fp
[19:46:24.613] |I| [install_vpk]: Extracting C:/Users/HorrorTroll2/AppData/Roaming/Vita3K/Vita3K//ux0/app/PCSE00296/Res/sound/PSVita/voice/v00000.fp
[19:46:25.100] |I| [install_vpk]: Extracting C:/Users/HorrorTroll2/AppData/Roaming/Vita3K/Vita3K//ux0/app/PCSE00296/Res/sound/PSVita/voice/v01000.fp
[19:46:27.634] |I| [install_vpk]: Extracting C:/Users/HorrorTroll2/AppData/Roaming/Vita3K/Vita3K//ux0/app/PCSE00296/Res/sound/PSVita/voice/v02000.fp
[19:46:29.656] |I| [install_vpk]: Extracting C:/Users/HorrorTroll2/AppData/Roaming/Vita3K/Vita3K//ux0/app/PCSE00296/Res/sound/PSVita/voice/v03000.fp
[19:46:30.077] |I| [install_vpk]: Extracting C:/Users/HorrorTroll2/AppData/Roaming/Vita3K/Vita3K//ux0/app/PCSE00296/Res/sound/PSVita/voice/v04000.fp
[19:46:30.458] |I| [install_vpk]: Extracting C:/Users/HorrorTroll2/AppData/Roaming/Vita3K/Vita3K//ux0/app/PCSE00296/Res/sound/PSVita/voice/v05000.fp
[19:46:33.807] |I| [install_vpk]: Extracting C:/Users/HorrorTroll2/AppData/Roaming/Vita3K/Vita3K//ux0/app/PCSE00296/Res/sound/PSVita/voice/v06000.fp
[19:46:34.605] |I| [install_vpk]: Extracting C:/Users/HorrorTroll2/AppData/Roaming/Vita3K/Vita3K//ux0/app/PCSE00296/Res/sound/PSVita/voice/v07000.fp
[19:46:35.036] |I| [install_vpk]: Extracting C:/Users/HorrorTroll2/AppData/Roaming/Vita3K/Vita3K//ux0/app/PCSE00296/Res/sound/PSVita/voice/v08000.fp
[19:46:37.412] |I| [install_vpk]: Extracting C:/Users/HorrorTroll2/AppData/Roaming/Vita3K/Vita3K//ux0/app/PCSE00296/Res/sound/PSVita/voice/v09000.fp
[19:46:37.918] |I| [install_vpk]: Extracting C:/Users/HorrorTroll2/AppData/Roaming/Vita3K/Vita3K//ux0/app/PCSE00296/Res/sound/PSVita/voice/v10000.fp
[19:46:40.403] |I| [install_vpk]: Extracting C:/Users/HorrorTroll2/AppData/Roaming/Vita3K/Vita3K//ux0/app/PCSE00296/Res/sound/PSVita/voice/v11000.fp
[19:46:40.512] |I| [install_vpk]: Extracting C:/Users/HorrorTroll2/AppData/Roaming/Vita3K/Vita3K//ux0/app/PCSE00296/Res/sound/PSVita/voice/v12000.fp
[19:46:40.909] |I| [install_vpk]: Extracting C:/Users/HorrorTroll2/AppData/Roaming/Vita3K/Vita3K//ux0/app/PCSE00296/Res/sound/PSVita/voice/v13000.fp
[19:46:40.948] |I| [install_vpk]: Extracting C:/Users/HorrorTroll2/AppData/Roaming/Vita3K/Vita3K//ux0/app/PCSE00296/Res/sound/PSVita/voice/v14000.fp
[19:46:42.956] |I| [install_vpk]: Extracting C:/Users/HorrorTroll2/AppData/Roaming/Vita3K/Vita3K//ux0/app/PCSE00296/Res/sound/PSVita/voice_US/v00000.fp
[19:46:43.258] |I| [install_vpk]: Extracting C:/Users/HorrorTroll2/AppData/Roaming/Vita3K/Vita3K//ux0/app/PCSE00296/Res/sound/PSVita/voice_US/v01000.fp
[19:46:43.419] |I| [install_vpk]: Extracting C:/Users/HorrorTroll2/AppData/Roaming/Vita3K/Vita3K//ux0/app/PCSE00296/Res/sound/PSVita/voice_US/v02000.fp
[19:46:43.565] |I| [install_vpk]: Extracting C:/Users/HorrorTroll2/AppData/Roaming/Vita3K/Vita3K//ux0/app/PCSE00296/Res/sound/PSVita/voice_US/v03000.fp
[19:46:43.802] |I| [install_vpk]: Extracting C:/Users/HorrorTroll2/AppData/Roaming/Vita3K/Vita3K//ux0/app/PCSE00296/Res/sound/PSVita/voice_US/v04000.fp
[19:46:46.346] |I| [install_vpk]: Extracting C:/Users/HorrorTroll2/AppData/Roaming/Vita3K/Vita3K//ux0/app/PCSE00296/Res/sound/PSVita/voice_US/v05000.fp
[19:46:46.571] |I| [install_vpk]: Extracting C:/Users/HorrorTroll2/AppData/Roaming/Vita3K/Vita3K//ux0/app/PCSE00296/Res/sound/PSVita/voice_US/v06000.fp
[19:46:46.809] |I| [install_vpk]: Extracting C:/Users/HorrorTroll2/AppData/Roaming/Vita3K/Vita3K//ux0/app/PCSE00296/Res/sound/PSVita/voice_US/v07000.fp
[19:46:47.013] |I| [install_vpk]: Extracting C:/Users/HorrorTroll2/AppData/Roaming/Vita3K/Vita3K//ux0/app/PCSE00296/Res/sound/PSVita/voice_US/v08000.fp
[19:46:47.263] |I| [install_vpk]: Extracting C:/Users/HorrorTroll2/AppData/Roaming/Vita3K/Vita3K//ux0/app/PCSE00296/Res/sound/PSVita/voice_US/v09000.fp
[19:46:49.181] |I| [install_vpk]: Extracting C:/Users/HorrorTroll2/AppData/Roaming/Vita3K/Vita3K//ux0/app/PCSE00296/Res/sound/PSVita/voice_US/v10000.fp
[19:46:49.255] |I| [install_vpk]: Extracting C:/Users/HorrorTroll2/AppData/Roaming/Vita3K/Vita3K//ux0/app/PCSE00296/Res/sound/PSVita/voice_US/v11000.fp
[19:46:49.329] |I| [install_vpk]: Extracting C:/Users/HorrorTroll2/AppData/Roaming/Vita3K/Vita3K//ux0/app/PCSE00296/Res/sound/PSVita/voice_US/v12000.fp
[19:46:49.399] |I| [install_vpk]: Extracting C:/Users/HorrorTroll2/AppData/Roaming/Vita3K/Vita3K//ux0/app/PCSE00296/Res/sound/PSVita/voice_US/v13000.fp
[19:46:49.439] |I| [install_vpk]: Extracting C:/Users/HorrorTroll2/AppData/Roaming/Vita3K/Vita3K//ux0/app/PCSE00296/Res/sound/PSVita/voice_US/v14000.fp
[19:46:49.548] |I| [install_vpk]: Extracting C:/Users/HorrorTroll2/AppData/Roaming/Vita3K/Vita3K//ux0/app/PCSE00296/sce_module/libc.suprx
[19:46:49.593] |I| [install_vpk]: Extracting C:/Users/HorrorTroll2/AppData/Roaming/Vita3K/Vita3K//ux0/app/PCSE00296/sce_module/libc_m.suprx
[19:46:49.613] |I| [install_vpk]: Extracting C:/Users/HorrorTroll2/AppData/Roaming/Vita3K/Vita3K//ux0/app/PCSE00296/sce_module/libfios2.suprx
[19:46:49.625] |I| [install_vpk]: Extracting C:/Users/HorrorTroll2/AppData/Roaming/Vita3K/Vita3K//ux0/app/PCSE00296/sce_module/libfios2_m.suprx
[19:46:49.638] |I| [install_vpk]: Extracting C:/Users/HorrorTroll2/AppData/Roaming/Vita3K/Vita3K//ux0/app/PCSE00296/sce_module/libult.suprx
[19:46:49.691] |I| [install_vpk]: Extracting C:/Users/HorrorTroll2/AppData/Roaming/Vita3K/Vita3K//ux0/app/PCSE00296/sce_sys/about/right.suprx
[19:46:49.709] |I| [install_vpk]: Extracting C:/Users/HorrorTroll2/AppData/Roaming/Vita3K/Vita3K//ux0/app/PCSE00296/sce_sys/icon0.png
[19:46:49.713] |I| [install_vpk]: Extracting C:/Users/HorrorTroll2/AppData/Roaming/Vita3K/Vita3K//ux0/app/PCSE00296/sce_sys/livearea/contents/BG.png
[19:46:49.718] |I| [install_vpk]: Extracting C:/Users/HorrorTroll2/AppData/Roaming/Vita3K/Vita3K//ux0/app/PCSE00296/sce_sys/livearea/contents/img_gate.png
[19:46:49.721] |I| [install_vpk]: Extracting C:/Users/HorrorTroll2/AppData/Roaming/Vita3K/Vita3K//ux0/app/PCSE00296/sce_sys/livearea/contents/template.xml
[19:46:49.852] |I| [install_vpk]: Extracting C:/Users/HorrorTroll2/AppData/Roaming/Vita3K/Vita3K//ux0/app/PCSE00296/sce_sys/manual/001.png
[19:46:49.858] |I| [install_vpk]: Extracting C:/Users/HorrorTroll2/AppData/Roaming/Vita3K/Vita3K//ux0/app/PCSE00296/sce_sys/manual/002.png
[19:46:49.863] |I| [install_vpk]: Extracting C:/Users/HorrorTroll2/AppData/Roaming/Vita3K/Vita3K//ux0/app/PCSE00296/sce_sys/manual/003.png
[19:46:49.885] |I| [install_vpk]: Extracting C:/Users/HorrorTroll2/AppData/Roaming/Vita3K/Vita3K//ux0/app/PCSE00296/sce_sys/manual/004.png
[19:46:49.893] |I| [install_vpk]: Extracting C:/Users/HorrorTroll2/AppData/Roaming/Vita3K/Vita3K//ux0/app/PCSE00296/sce_sys/manual/005.png
[19:46:49.900] |I| [install_vpk]: Extracting C:/Users/HorrorTroll2/AppData/Roaming/Vita3K/Vita3K//ux0/app/PCSE00296/sce_sys/manual/006.png
[19:46:49.907] |I| [install_vpk]: Extracting C:/Users/HorrorTroll2/AppData/Roaming/Vita3K/Vita3K//ux0/app/PCSE00296/sce_sys/manual/007.png
[19:46:49.915] |I| [install_vpk]: Extracting C:/Users/HorrorTroll2/AppData/Roaming/Vita3K/Vita3K//ux0/app/PCSE00296/sce_sys/manual/008.png
[19:46:49.923] |I| [install_vpk]: Extracting C:/Users/HorrorTroll2/AppData/Roaming/Vita3K/Vita3K//ux0/app/PCSE00296/sce_sys/manual/009.png
[19:46:49.928] |I| [install_vpk]: Extracting C:/Users/HorrorTroll2/AppData/Roaming/Vita3K/Vita3K//ux0/app/PCSE00296/sce_sys/manual/010.png
[19:46:49.935] |I| [install_vpk]: Extracting C:/Users/HorrorTroll2/AppData/Roaming/Vita3K/Vita3K//ux0/app/PCSE00296/sce_sys/manual/011.png
[19:46:49.942] |I| [install_vpk]: Extracting C:/Users/HorrorTroll2/AppData/Roaming/Vita3K/Vita3K//ux0/app/PCSE00296/sce_sys/manual/012.png
[19:46:49.948] |I| [install_vpk]: Extracting C:/Users/HorrorTroll2/AppData/Roaming/Vita3K/Vita3K//ux0/app/PCSE00296/sce_sys/manual/013.png
[19:46:49.954] |I| [install_vpk]: Extracting C:/Users/HorrorTroll2/AppData/Roaming/Vita3K/Vita3K//ux0/app/PCSE00296/sce_sys/manual/014.png
[19:46:49.961] |I| [install_vpk]: Extracting C:/Users/HorrorTroll2/AppData/Roaming/Vita3K/Vita3K//ux0/app/PCSE00296/sce_sys/manual/015.png
[19:46:49.969] |I| [install_vpk]: Extracting C:/Users/HorrorTroll2/AppData/Roaming/Vita3K/Vita3K//ux0/app/PCSE00296/sce_sys/manual/016.png
[19:46:49.975] |I| [install_vpk]: Extracting C:/Users/HorrorTroll2/AppData/Roaming/Vita3K/Vita3K//ux0/app/PCSE00296/sce_sys/manual/017.png
[19:46:49.983] |I| [install_vpk]: Extracting C:/Users/HorrorTroll2/AppData/Roaming/Vita3K/Vita3K//ux0/app/PCSE00296/sce_sys/manual/018.png
[19:46:49.990] |I| [install_vpk]: Extracting C:/Users/HorrorTroll2/AppData/Roaming/Vita3K/Vita3K//ux0/app/PCSE00296/sce_sys/manual/019.png
[19:46:49.998] |I| [install_vpk]: Extracting C:/Users/HorrorTroll2/AppData/Roaming/Vita3K/Vita3K//ux0/app/PCSE00296/sce_sys/manual/020.png
[19:46:50.005] |I| [install_vpk]: Extracting C:/Users/HorrorTroll2/AppData/Roaming/Vita3K/Vita3K//ux0/app/PCSE00296/sce_sys/manual/021.png
[19:46:50.012] |I| [install_vpk]: Extracting C:/Users/HorrorTroll2/AppData/Roaming/Vita3K/Vita3K//ux0/app/PCSE00296/sce_sys/manual/022.png
[19:46:50.021] |I| [install_vpk]: Extracting C:/Users/HorrorTroll2/AppData/Roaming/Vita3K/Vita3K//ux0/app/PCSE00296/sce_sys/manual/023.png
[19:46:50.027] |I| [install_vpk]: Extracting C:/Users/HorrorTroll2/AppData/Roaming/Vita3K/Vita3K//ux0/app/PCSE00296/sce_sys/manual/024.png
[19:46:50.035] |I| [install_vpk]: Extracting C:/Users/HorrorTroll2/AppData/Roaming/Vita3K/Vita3K//ux0/app/PCSE00296/sce_sys/manual/025.png
[19:46:50.042] |I| [install_vpk]: Extracting C:/Users/HorrorTroll2/AppData/Roaming/Vita3K/Vita3K//ux0/app/PCSE00296/sce_sys/manual/026.png
[19:46:50.047] |I| [install_vpk]: Extracting C:/Users/HorrorTroll2/AppData/Roaming/Vita3K/Vita3K//ux0/app/PCSE00296/sce_sys/manual/027.png
[19:46:50.052] |I| [install_vpk]: Extracting C:/Users/HorrorTroll2/AppData/Roaming/Vita3K/Vita3K//ux0/app/PCSE00296/sce_sys/manual/028.png
[19:46:50.055] |I| [install_vpk]: Extracting C:/Users/HorrorTroll2/AppData/Roaming/Vita3K/Vita3K//ux0/app/PCSE00296/sce_sys/manual/029.png
[19:46:50.060] |I| [install_vpk]: Extracting C:/Users/HorrorTroll2/AppData/Roaming/Vita3K/Vita3K//ux0/app/PCSE00296/sce_sys/manual/030.png
[19:46:50.064] |I| [install_vpk]: Extracting C:/Users/HorrorTroll2/AppData/Roaming/Vita3K/Vita3K//ux0/app/PCSE00296/sce_sys/manual/031.png
[19:46:50.069] |I| [install_vpk]: Extracting C:/Users/HorrorTroll2/AppData/Roaming/Vita3K/Vita3K//ux0/app/PCSE00296/sce_sys/manual/032.png
[19:46:50.073] |I| [install_vpk]: Extracting C:/Users/HorrorTroll2/AppData/Roaming/Vita3K/Vita3K//ux0/app/PCSE00296/sce_sys/manual/033.png
[19:46:50.077] |I| [install_vpk]: Extracting C:/Users/HorrorTroll2/AppData/Roaming/Vita3K/Vita3K//ux0/app/PCSE00296/sce_sys/manual/034.png
[19:46:50.081] |I| [install_vpk]: Extracting C:/Users/HorrorTroll2/AppData/Roaming/Vita3K/Vita3K//ux0/app/PCSE00296/sce_sys/param.sfo
[19:46:50.125] |I| [install_vpk]: Extracting C:/Users/HorrorTroll2/AppData/Roaming/Vita3K/Vita3K//ux0/app/PCSE00296/sce_sys/pic0.png
[19:46:50.137] |I| [install_vpk]: Extracting C:/Users/HorrorTroll2/AppData/Roaming/Vita3K/Vita3K//ux0/app/PCSE00296/sce_sys/trophy/NPWR04988_00/TROPHY.TRP
[19:46:50.419] |I| [install_vpk]: Extracting C:/Users/HorrorTroll2/AppData/Roaming/Vita3K/Vita3K//ux0/app/PCSE00296/eboot.bin
[19:46:50.554] |I| [install_vpk]: Extracting C:/Users/HorrorTroll2/AppData/Roaming/Vita3K/Vita3K//ux0/app/PCSE00296/resources1.psarc
[19:47:11.645] |I| [install_vpk]: PCSE00296 installed succesfully!
[19:47:11.746] |I| [load_app_impl]: Title: Atelier Meruru Plus: The Apprentice of Arland
[19:47:11.747] |I| [load_app_impl]: Serial: PCSE00296
[19:47:11.748] |I| [load_app_impl]: Version: 01.00
[19:47:11.748] |I| [load_app_impl]: Category: gd
[19:47:11.808] |I| [load_self]: Loading symbols for SELF: app0:sce_module/libc.suprx
[19:47:11.817] |D| [load_var_exports]: 	NID 0x6C2224BA (NID_MODULE_INFO) at 0x37F30
[19:47:11.822] |W| [load_var_imports]: 	NID NOT FOUND 0x93B8AA67 (__stack_chk_guard) at 0x3BDF0, setting to stub value 0xDEADBEEF
[19:47:11.824] |W| [load_var_imports]: 	NID NOT FOUND 0xDF084DFA (UNRECOGNISED) at 0x3D4A4, setting to stub value 0xDEADBEEF
[19:47:11.825] |I| [load_app_impl]: Pre-load module SceLibc (at "sce_module/libc.suprx") loaded
[19:47:11.835] |I| [load_self]: Loading symbols for SELF: app0:sce_module/libfios2.suprx
[19:47:11.836] |D| [load_var_exports]: 	NID 0x6C2224BA (NID_MODULE_INFO) at 0x6DB64
[19:47:11.838] |I| [load_app_impl]: Pre-load module SceLibFios2 (at "sce_module/libfios2.suprx") loaded
[19:47:11.845] |I| [load_self]: Loading symbols for SELF: app0:sce_module/libult.suprx
[19:47:11.846] |D| [load_var_exports]: 	NID 0x6C2224BA (NID_MODULE_INFO) at 0x8C1CC
[19:47:11.863] |W| [load_var_imports]: 	NID NOT FOUND 0x936A5F31 (_pLibPerfCaptureFlagPtr) at 0x8CA00, setting to stub value 0xDEADBEEF
[19:47:11.865] |I| [load_app_impl]: Pre-load module SceUlt (at "sce_module/libult.suprx") loaded
[19:47:12.191] |I| [load_self]: Loading symbols for SELF: app0:eboot.bin
[19:47:12.191] |D| [load_var_exports]: 	NID 0x6C2224BA (NID_MODULE_INFO) at 0x8148B194
[19:47:12.192] |D| [load_var_exports]: 	NID 0x70FBA1E7 (SCE_PROC_PARAMS) at 0x818C83D4
[19:47:12.193] |I| [load_app_impl]: Main executable A13V_ReleaseUS (eboot.bin) loaded
[19:47:12.300] |D| [run_app]: Running module_start of library: SceLibc
[19:47:12.381] |T| [open_file]: sceKernelGetStdin: Opening file tty0: (tty0:)
[19:47:12.381] |T| [open_file]: sceKernelGetStdout: Opening file tty0: (tty0:)
[19:47:12.382] |T| [open_file]: sceKernelGetStderr: Opening file tty0: (tty0:)
[19:47:12.389] |I| [run_app]: Module SceLibc (at "app0:sce_module/libc.suprx") module_start returned 0x0
[19:47:12.391] |D| [run_app]: Running module_start of library: SceLibFios2
[19:47:12.403] |W| [stubbed_impl]: Stubbed sceKernelGetProcessId import called. (pid: 0)
[19:47:12.410] |W| [unimplemented_impl]: Unimplemented sceFiosOverlayGetList02 import called.
[19:47:12.411] |I| [run_app]: Module SceLibFios2 (at "app0:sce_module/libfios2.suprx") module_start returned 0x0
[19:47:12.413] |D| [run_app]: Running module_start of library: SceUlt
[19:47:12.418] |E| [call_import]: Import function for NID 0x50F2F2AA not found (thread name: SceUlt, thread ID: 36)
[19:47:12.419] |I| [run_app]: Module SceUlt (at "app0:sce_module/libult.suprx") module_start returned 0x0
[19:47:12.423] |T| [open_file]: sceKernelLoadStartModule: Opening file app0:mai_moe/mai.suprx (ux0:/app/PCSE00296/mai_moe/mai.suprx)
[19:47:12.505] |T| [seek_file]: sceKernelLoadStartModule: Seeking file: fd: 0x3 at offset: 0x0, whence: SCE_SEEK_END
[19:47:12.505] |T| [seek_file]: sceKernelLoadStartModule: Seeking file: fd: 0x3 at offset: 0x0, whence: SCE_SEEK_SET
[19:47:12.506] |T| [read_file]: sceKernelLoadStartModule: Reading file: fd: 0x3, size: 87056
[19:47:12.507] |I| [load_self]: Loading symbols for SELF: app0:mai_moe/mai.suprx
[19:47:12.507] |D| [load_var_exports]: 	NID 0x6C2224BA (NID_MODULE_INFO) at 0x3D7578
[19:47:12.508] |D| [load_var_exports]: 	NID 0x70FBA1E7 (SCE_PROC_PARAMS) at 0x3D75D4
[19:47:12.508] |T| [close_file]: sceKernelLoadStartModule: Closing file: fd: 0x3
[19:47:12.523] |W| [stubbed_impl]: Stubbed sceKernelDelayThread import called. (bad accuracy)
[19:47:12.523] |T| [stat_file]: sceIoGetstat: Statting file app0:mai_moe/load_type.mai (ux0:/app/PCSE00296/mai_moe/load_type.mai)
[19:47:12.526] |I| [export_sceIoOpen]: Opening file: app0:mai_moe/load_type.mai
[19:47:12.526] |T| [open_file]: sceIoOpen: Opening file app0:mai_moe/load_type.mai (ux0:/app/PCSE00296/mai_moe/load_type.mai)
[19:47:12.528] |T| [stat_file]: sceIoGetstat: Statting file app0:mai_moe/load_type.mai (ux0:/app/PCSE00296/mai_moe/load_type.mai)
[19:47:12.529] |T| [seek_file]: sceIoLseek: Seeking file: fd: 0x4 at offset: 0x0, whence: SCE_SEEK_SET
[19:47:12.530] |T| [read_file]: sceIoRead: Reading file: fd: 0x4, size: 1
[19:47:12.538] |T| [close_file]: sceIoClose: Closing file: fd: 0x4
[19:47:12.545] |I| [export_sceKernelLoadStartModule]: Module SceLibFios2 (at "app0:sce_module/libfios2.suprx") module_start returned 0x0
[19:47:12.549] |T| [open_file]: sceKernelLoadStartModule: Opening file app0:sce_module/libfios2_m.suprx (ux0:/app/PCSE00296/sce_module/libfios2_m.suprx)
[19:47:12.550] |T| [seek_file]: sceKernelLoadStartModule: Seeking file: fd: 0x5 at offset: 0x0, whence: SCE_SEEK_END
[19:47:12.550] |T| [seek_file]: sceKernelLoadStartModule: Seeking file: fd: 0x5 at offset: 0x0, whence: SCE_SEEK_SET
[19:47:12.551] |T| [read_file]: sceKernelLoadStartModule: Reading file: fd: 0x5, size: 226544
[19:47:12.553] |I| [load_self]: Loading symbols for SELF: app0:sce_module/libfios2_m.suprx
[19:47:12.553] |D| [load_var_exports]: 	NID 0x6C2224BA (NID_MODULE_INFO) at 0x47AB64
[19:47:12.554] |T| [close_file]: sceKernelLoadStartModule: Closing file: fd: 0x5
[19:47:12.562] |I| [export_sceKernelLoadStartModule]: Module mceLibFios2 (at "app0:sce_module/libfios2_m.suprx") module_start returned 0x0
[19:47:12.564] |T| [open_dir]: sceIoDopen: Opening dir ux0:plugins (ux0:plugins)
[19:47:12.564] |W| [io_error_impl]: open_dir (sceIoDopen) returned 0x80010002
[19:47:12.565] |T| [read_dir]: sceIoDread: Reading dir fd: 0x80010002
[19:47:12.565] |W| [io_error_impl]: read_dir (sceIoDread) returned 0x80010051
[19:47:12.566] |T| [close_dir]: sceIoDclose: Closing dir fd: 0x80010002
[19:47:12.567] |W| [io_error_impl]: close_dir (sceIoDclose) returned 0x80010051
[19:47:12.625] |I| [export_sceKernelLoadStartModule]: Module output/testprx.elf (at "app0:mai_moe/mai.suprx") module_start returned 0x0
[19:47:12.628] |W| [unimplemented_impl]: Unimplemented sceKernelGetModuleInfoByAddr import called.
[19:47:12.629] |W| [unimplemented_impl]: Unimplemented sceKernelRegisterThreadEventHandler import called.
[19:47:12.826] |I| [export_sceIoOpen]: Opening file: sampleArg.txt
[19:47:12.826] |T| [open_file]: sceIoOpen: Opening file sampleArg.txt (sampleArg.txt)
[19:47:12.827] |W| [io_error_impl]: open_file (sceIoOpen) returned 0xFFFFFFFF
[19:47:12.949] |W| [stubbed_impl]: Stubbed sceKernelLockLwMutexCB import called. (no CB)
[19:47:13.057] |W| [unimplemented_impl]: Unimplemented sceKernelGetLwMutexInfo import called.
[19:47:13.058] |W| [unimplemented_impl]: Unimplemented sceKernelCreateCallback import called.
[19:47:13.147] |W| [unimplemented_impl]: Unimplemented sceDisplayRegisterVblankStartCallback import called.
[19:47:13.159] |W| [unimplemented_impl]: Unimplemented sceGxmProgramParameterIsRegFormat import called.
[19:47:13.216] |I| [renderer::load_shader]: Generating vert shader c2dad1d16d2b1eb5b60fbcb98944dfe2e40be92c4948b9ea586edb5be548d63a
[19:47:13.243] |D| [shader::create_parameters]: [BUFFER0  + 0] pa0 = pos
[19:47:13.244] |D| [shader::create_parameters]: [DEFAULT  + 0] sa0 = color_depth[2]
[19:47:13.245] |W| [shader::create_parameters]: Container for literal not found, skipping creating literals!
[19:47:13.323] |D| [shader::spirv_disasm_print]: SPIR-V Disassembly:
// Module Version 10300
// Generated by (magic number): 1337000
// Id's are bound by 71

                              Capability Shader
              23:             ExtInstImport  "GLSL.std.450"
                              MemoryModel Logical GLSL450
                              EntryPoint Vertex 21  "main_vs" 5 13 14
               1:             String  "c2dad1d16d2b1eb5b60fbcb98944dfe2e40be92c4948b9ea586edb5be548d63a"
                              SourceExtension  "gxp"
                              Name 5  "pos"
                              Name 11  "color_depth"
                              Name 13  "v_Position"
                              Name 14  "v_Color0"
                              Name 16  "i0"
                              Name 17  "i1"
                              Name 18  "i2"
                              Name 21  "main_vs"
                              Name 36  "f32_2_2xf16"
                              Name 43  "twoXf16_2_f32"
                              Name 56  "sa4"
                              Decorate 13(v_Position) BuiltIn Position
               2:             TypeFloat 32
               3:             TypeVector 2(float) 2
               4:             TypePointer Input 3(fvec2)
          5(pos):      4(ptr) Variable Input
               6:             TypeVector 2(float) 4
               7:             TypeInt 32 0
               8:      7(int) Constant 2
               9:             TypeArray 6(fvec4) 8
              10:             TypePointer UniformConstant 9
 11(color_depth):     10(ptr) Variable UniformConstant
              12:             TypePointer Output 6(fvec4)
  13(v_Position):     12(ptr) Variable Output
    14(v_Color0):     12(ptr) Variable Output
              15:             TypePointer Private 6(fvec4)
          16(i0):     15(ptr) Variable Private
          17(i1):     15(ptr) Variable Private
          18(i2):     15(ptr) Variable Private
              19:             TypeVoid
              20:             TypeFunction 19
              24:    2(float) Constant 1056964608
              25:    2(float) Constant 0
              26:    2(float) Constant 1065353216
              27:    2(float) Constant 1073741824
              28:             TypeVector 2(float) 1
              29:    28(fvec) ConstantComposite 25
              30:    3(fvec2) ConstantComposite 25 25
              31:             TypeVector 2(float) 3
              32:   31(fvec3) ConstantComposite 25 25 25
              33:    6(fvec4) ConstantComposite 25 25 25 25
              34:             TypeFunction 3(fvec2) 2(float)
              41:             TypeFunction 2(float) 3(fvec2)
              48:             TypeInt 32 1
              49:     48(int) Constant 1
              53:    3(fvec2) ConstantComposite 26 26
         56(sa4):     15(ptr) Variable Private
              62:     48(int) Constant 0
     21(main_vs):          19 Function None 20
              22:             Label
              50:     15(ptr) AccessChain 11(color_depth) 49
              51:    3(fvec2) VectorShuffle 50 33 0 0
              52:    3(fvec2) VectorInsertDynamic 51 26 49
              54:    3(fvec2) FMul 52 53
              55:     15(ptr) AccessChain 11(color_depth) 49
              57:     15(ptr) AccessChain 11(color_depth) 49
              58:    6(fvec4) Load 57
                              Store 56(sa4) 58
              59:    6(fvec4) VectorShuffle 54 56(sa4) 2 3 0 1
                              Store 56(sa4) 59
                              Line 1 1 0
              60:    3(fvec2) Load 5(pos)
              61:    6(fvec4) VectorShuffle 60 13(v_Position) 0 1 4 5
                              Store 13(v_Position) 61
                              Line 1 3 0
              63:     15(ptr) AccessChain 11(color_depth) 62
              64:    3(fvec2) VectorShuffle 63 33 0 1
              65:    6(fvec4) VectorShuffle 64 14(v_Color0) 0 1 4 5
                              Store 14(v_Color0) 65
              66:     15(ptr) AccessChain 11(color_depth) 62
              67:    3(fvec2) VectorShuffle 66 33 2 3
              68:    6(fvec4) VectorShuffle 67 14(v_Color0) 2 3 0 1
                              Store 14(v_Color0) 68
              69:    3(fvec2) VectorShuffle 56(sa4) 33 2 3
              70:    6(fvec4) VectorShuffle 69 13(v_Position) 2 3 0 1
                              Store 13(v_Position) 70
                              Return
                              FunctionEnd
 36(f32_2_2xf16):    3(fvec2) Function None 34
              35:    2(float) FunctionParameter
              37:             Label
              38:      7(int) Bitcast 35
              39:    3(fvec2) ExtInst 23(GLSL.std.450) 61(UnpackUnorm2x16) 38
                              ReturnValue 39
                              FunctionEnd
43(twoXf16_2_f32):    2(float) Function None 41
              42:    3(fvec2) FunctionParameter
              44:             Label
              45:      7(int) ExtInst 23(GLSL.std.450) 57(PackUnorm2x16) 42
              46:    2(float) Bitcast 45
                              ReturnValue 46
                              FunctionEnd

[19:47:13.368] |D| [shader::convert_gxp_to_glsl]: Generated GLSL:
#version 410
#ifdef GL_ARB_shading_language_420pack
#extension GL_ARB_shading_language_420pack : require
#endif

uniform vec4 color_depth[2];

in vec2 pos;
out vec4 v_Color0;
vec4 i0;
vec4 i1;
vec4 i2;
vec4 sa4;

void main()
{
    vec2 _52 = color_depth[1].xx;
    _52.y = 1.0;
    vec2 _54 = _52 * vec2(1.0);
    sa4 = color_depth[1];
    sa4 = vec4(sa4.x, sa4.y, _54.x, _54.y);
    gl_Position = vec4(pos.x, pos.y, gl_Position.z, gl_Position.w);
    v_Color0 = vec4(color_depth[0].xy.x, color_depth[0].xy.y, v_Color0.z, v_Color0.w);
    v_Color0 = vec4(v_Color0.x, v_Color0.y, color_depth[0].zw.x, color_depth[0].zw.y);
    gl_Position = vec4(gl_Position.x, gl_Position.y, sa4.zw.x, sa4.zw.y);
}


[19:47:13.615] |I| [renderer::load_shader]: Generating vert shader 26eacbbf50019523e0cd8b3501b65967580e7d0f5606be2a3567d5a58759fba2
[19:47:13.617] |D| [shader::create_parameters]: [BUFFER0  + 0] pa0 = vi_pos
[19:47:13.618] |D| [shader::create_parameters]: [BUFFER0  + 2] pa2 = vi_clr
[19:47:13.619] |D| [shader::create_parameters]: [BUFFER0  + 4] pa4 = vi_tex
[19:47:13.620] |D| [shader::create_parameters]: [DEFAULT  + 0] sa0 = ktglViewport
[19:47:13.620] |D| [shader::create_parameters]: [DEFAULT  + 2] sa2 = ktglPointSize
[19:47:13.621] |T| [shader::create_parameters]: [LITERAL + 0] sa4 = 511 (0x43FF8000)
[19:47:13.622] |T| [shader::create_parameters]: [LITERAL + 1] sa5 = 1 (0x3F800000)
[19:47:13.635] |D| [shader::spirv_disasm_print]: SPIR-V Disassembly:
// Module Version 10300
// Generated by (magic number): 1337000
// Id's are bound by 153

                              Capability Shader
              36:             ExtInstImport  "GLSL.std.450"
                              MemoryModel Logical GLSL450
                              EntryPoint Vertex 34  "main_vs" 5 9 12 21 22 24 27
               1:             String  "26eacbbf50019523e0cd8b3501b65967580e7d0f5606be2a3567d5a58759fba2"
                              SourceExtension  "gxp"
                              Name 5  "vi_pos"
                              Name 9  "vi_clr"
                              Name 12  "vi_tex"
                              Name 14  "ktglViewport"
                              Name 16  "ktglPointSize"
                              Name 21  "v_Position"
                              Name 22  "v_Color0"
                              Name 24  "v_TexCoord0"
                              Name 27  "v_Psize"
                              Name 29  "i0"
                              Name 30  "i1"
                              Name 31  "i2"
                              Name 34  "main_vs"
                              Name 48  "f32_2_2xf16"
                              Name 55  "twoXf16_2_f32"
                              Name 63  "sa0"
                              Name 96  "pa0"
                              Decorate 21(v_Position) BuiltIn Position
               2:             TypeFloat 32
               3:             TypeVector 2(float) 4
               4:             TypePointer Input 3(fvec4)
       5(vi_pos):      4(ptr) Variable Input
               6:             TypeInt 8 0
               7:             TypeVector 6(int8_t) 4
               8:             TypePointer Input 7(i8vec4)
       9(vi_clr):      8(ptr) Variable Input
              10:             TypeVector 2(float) 2
              11:             TypePointer Input 10(fvec2)
      12(vi_tex):     11(ptr) Variable Input
              13:             TypePointer UniformConstant 3(fvec4)
14(ktglViewport):     13(ptr) Variable UniformConstant
              15:             TypePointer UniformConstant 2(float)
16(ktglPointSize):     15(ptr) Variable UniformConstant
              17:    2(float) Constant 1140817920
              18:    2(float) Constant 1065353216
              19:   10(fvec2) ConstantComposite 17 18
              20:             TypePointer Output 3(fvec4)
  21(v_Position):     20(ptr) Variable Output
    22(v_Color0):     20(ptr) Variable Output
              23:             TypePointer Output 10(fvec2)
 24(v_TexCoord0):     23(ptr) Variable Output
              25:             TypeVector 2(float) 1
              26:             TypePointer Output 25(fvec)
     27(v_Psize):     26(ptr) Variable Output
              28:             TypePointer Private 3(fvec4)
          29(i0):     28(ptr) Variable Private
          30(i1):     28(ptr) Variable Private
          31(i2):     28(ptr) Variable Private
              32:             TypeVoid
              33:             TypeFunction 32
              37:             TypeInt 32 0
              38:    2(float) Constant 1056964608
              39:    2(float) Constant 0
              40:    2(float) Constant 1073741824
              41:    25(fvec) ConstantComposite 39
              42:   10(fvec2) ConstantComposite 39 39
              43:             TypeVector 2(float) 3
              44:   43(fvec3) ConstantComposite 39 39 39
              45:    3(fvec4) ConstantComposite 39 39 39 39
              46:             TypeFunction 10(fvec2) 2(float)
              53:             TypeFunction 2(float) 10(fvec2)
         63(sa0):     28(ptr) Variable Private
              66:             TypeInt 32 1
              67:     66(int) Constant 2
              75:     66(int) Constant 0
              78:     66(int) Constant 1
         96(pa0):     28(ptr) Variable Private
             113:     66(int) Constant 3
             151:     37(int) Constant 0
     34(main_vs):          32 Function None 33
              35:             Label
              60:    2(float) VectorShuffle 14(ktglViewport) 45 2
              61:    2(float) VectorShuffle 19 45 1
              62:    2(float) ExtInst 36(GLSL.std.450) 40(FMax) 60 61
              64:    3(fvec4) Load 14(ktglViewport)
                              Store 63(sa0) 64
              65:    3(fvec4) Load 63(sa0)
              68:    3(fvec4) VectorInsertDynamic 65 62 67
                              Store 63(sa0) 68
                              Line 1 1 0
              69:    2(float) VectorShuffle 63(sa0) 45 2
              70:    2(float) VectorShuffle 19 45 0
              71:    2(float) ExtInst 36(GLSL.std.450) 37(FMin) 69 70
              72:    3(fvec4) Load 63(sa0)
              73:    3(fvec4) VectorInsertDynamic 72 71 67
                              Store 63(sa0) 73
              74:   10(fvec2) VectorShuffle 5(vi_pos) 45 0 1
              76:    2(float) VectorExtractDynamic 74 75
              77:   10(fvec2) FunctionCall 48(f32_2_2xf16) 76
              79:    2(float) VectorExtractDynamic 74 78
              80:   10(fvec2) FunctionCall 48(f32_2_2xf16) 79
              81:   10(fvec2) VectorShuffle 77 80 2 2
              82:   10(fvec2) VectorShuffle 63(sa0) 45 0 1
              83:    2(float) VectorExtractDynamic 82 75
              84:   10(fvec2) FunctionCall 48(f32_2_2xf16) 83
              85:    2(float) VectorExtractDynamic 82 78
              86:   10(fvec2) FunctionCall 48(f32_2_2xf16) 85
              87:   10(fvec2) VectorShuffle 84 86 2 2
              88:   10(fvec2) VectorShuffle 63(sa0) 45 0 1
              89:    2(float) VectorExtractDynamic 88 75
              90:   10(fvec2) FunctionCall 48(f32_2_2xf16) 89
              91:    2(float) VectorExtractDynamic 88 78
              92:   10(fvec2) FunctionCall 48(f32_2_2xf16) 91
              93:   10(fvec2) VectorShuffle 90 92 3 3
              94:   10(fvec2) FMul 81 87
              95:   10(fvec2) FAdd 94 93
              97:    3(fvec4) Load 5(vi_pos)
                              Store 96(pa0) 97
              98:    2(float) VectorExtractDynamic 96(pa0) 75
              99:   10(fvec2) FunctionCall 48(f32_2_2xf16) 98
             100:    2(float) VectorExtractDynamic 99 75
             101:    2(float) VectorExtractDynamic 99 78
             102:    2(float) VectorExtractDynamic 95 75
             103:    2(float) VectorExtractDynamic 95 78
             104:   10(fvec2) CompositeConstruct 100 101
             105:    2(float) FunctionCall 55(twoXf16_2_f32) 104
             106:   10(fvec2) CompositeConstruct 102 103
             107:    2(float) FunctionCall 55(twoXf16_2_f32) 106
             108:   10(fvec2) CompositeConstruct 105 107
             109:    3(fvec4) VectorShuffle 108 96(pa0) 0 1 4 5
                              Store 96(pa0) 109
                              Line 1 2 0
             110:    2(float) VectorShuffle 63(sa0) 45 0
             111:   10(fvec2) FunctionCall 48(f32_2_2xf16) 110
             112:   43(fvec3) VectorShuffle 111 111 0 1 0
             114:   43(fvec3) VectorInsertDynamic 112 39 113
             115:    2(float) VectorShuffle 96(pa0) 45 0
             116:   10(fvec2) FunctionCall 48(f32_2_2xf16) 115
             117:   43(fvec3) VectorShuffle 116 116 0 1 0
             118:   43(fvec3) VectorInsertDynamic 117 18 113
             119:   43(fvec3) FAdd 114 118
             120:    2(float) VectorExtractDynamic 119 75
             121:    2(float) VectorExtractDynamic 119 78
             122:    2(float) VectorExtractDynamic 96(pa0) 78
             123:   10(fvec2) FunctionCall 48(f32_2_2xf16) 122
             124:    2(float) VectorExtractDynamic 123 75
             125:    2(float) VectorExtractDynamic 119 67
             126:   10(fvec2) CompositeConstruct 120 121
             127:    2(float) FunctionCall 55(twoXf16_2_f32) 126
             128:   10(fvec2) CompositeConstruct 124 125
             129:    2(float) FunctionCall 55(twoXf16_2_f32) 128
             130:   10(fvec2) CompositeConstruct 127 129
             131:    3(fvec4) VectorShuffle 130 96(pa0) 0 1 4 5
                              Store 96(pa0) 131
                              Line 1 3 0
             132:    2(float) VectorShuffle 96(pa0) 45 0
             133:   10(fvec2) FunctionCall 48(f32_2_2xf16) 132
             134:   10(fvec2) VectorShuffle 133 133 0 1
             135:    3(fvec4) VectorShuffle 134 21(v_Position) 0 1 4 5
                              Store 21(v_Position) 135
                              Line 1 4 0
             136:   10(fvec2) VectorShuffle 96(pa0) 45 0 1
             137:    2(float) VectorExtractDynamic 136 75
             138:   10(fvec2) FunctionCall 48(f32_2_2xf16) 137
             139:    2(float) VectorExtractDynamic 136 78
             140:   10(fvec2) FunctionCall 48(f32_2_2xf16) 139
             141:   10(fvec2) VectorShuffle 138 140 2 3
             142:    3(fvec4) VectorShuffle 141 21(v_Position) 2 3 0 1
                              Store 21(v_Position) 142
                              Line 1 5 0
             143:   10(fvec2) VectorShuffle 96(pa0) 45 2 3
             144:    3(fvec4) VectorShuffle 143 22(v_Color0) 0 1 4 5
                              Store 22(v_Color0) 144
                              Line 1 6 0
             145:    3(fvec4) VectorShuffle 9(vi_clr) 45 0 1 2 3
             146:    3(fvec4) VectorShuffle 145 22(v_Color0) 4 5 0 1
                              Store 22(v_Color0) 146
                              Line 1 7 0
             147:    2(float) VectorShuffle 9(vi_clr) 45 2
             148:   10(fvec2) FunctionCall 48(f32_2_2xf16) 147
             149:   10(fvec2) VectorShuffle 148 148 0 1
                              Store 24(v_TexCoord0) 149
             150:    2(float) VectorShuffle 63(sa0) 45 2
             152:     37(int) BitwiseOr 150 151
                              Store 27(v_Psize) 152
                              Return
                              FunctionEnd
 48(f32_2_2xf16):   10(fvec2) Function None 46
              47:    2(float) FunctionParameter
              49:             Label
              50:     37(int) Bitcast 47
              51:   10(fvec2) ExtInst 36(GLSL.std.450) 61(UnpackUnorm2x16) 50
                              ReturnValue 51
                              FunctionEnd
55(twoXf16_2_f32):    2(float) Function None 53
              54:   10(fvec2) FunctionParameter
              56:             Label
              57:     37(int) ExtInst 36(GLSL.std.450) 57(PackUnorm2x16) 54
              58:    2(float) Bitcast 57
                              ReturnValue 58
                              FunctionEnd

[19:47:13.642] |D| [shader::convert_gxp_to_glsl]: Generated GLSL:
#version 410
#ifdef GL_ARB_shading_language_420pack
#extension GL_ARB_shading_language_420pack : require
#endif
#extension GL_EXT_shader_8bit_storage : require

uniform vec4 ktglViewport;
uniform float ktglPointSize;

in vec4 vi_pos;
in u8vec4 vi_clr;
in vec2 vi_tex;
out vec4 v_Color0;
out vec2 v_TexCoord0;
out float v_Psize;
vec4 i0;
vec4 i1;
vec4 i2;
vec4 sa0;
vec4 pa0;

vec2 f32_2_2xf16(float _47)
{
    return unpackUnorm2x16(floatBitsToUint(_47));
}

float twoXf16_2_f32(vec2 _54)
{
    return uintBitsToFloat(packUnorm2x16(_54));
}

void main()
{
    sa0 = ktglViewport;
    vec4 _68 = sa0;
    _68.z = max(ktglViewport.z, vec2(511.0, 1.0).y);
    sa0 = _68;
    vec4 _73 = sa0;
    _73.z = min(sa0.z, vec2(511.0, 1.0).x);
    sa0 = _73;
    vec2 _80 = f32_2_2xf16(vi_pos.xy.y);
    vec2 _86 = f32_2_2xf16(sa0.xy.y);
    vec2 _92 = f32_2_2xf16(sa0.xy.y);
    vec2 _95 = (vec2(_80.x, _80.x) * vec2(_86.x, _86.x)) + vec2(_92.y, _92.y);
    pa0 = vi_pos;
    vec2 _99 = f32_2_2xf16(pa0.x);
    vec2 _108 = vec2(twoXf16_2_f32(vec2(_99.x, _99.y)), twoXf16_2_f32(vec2(_95.x, _95.y)));
    pa0 = vec4(_108.x, _108.y, pa0.z, pa0.w);
    vec3 _114 = f32_2_2xf16(sa0.x).xyx;
    _114.w = 0.0;
    vec3 _118 = f32_2_2xf16(pa0.x).xyx;
    _118.w = 1.0;
    vec3 _119 = _114 + _118;
    vec2 _130 = vec2(twoXf16_2_f32(vec2(_119.x, _119.y)), twoXf16_2_f32(vec2(f32_2_2xf16(pa0.y).x, _119.z)));
    pa0 = vec4(_130.x, _130.y, pa0.z, pa0.w);
    vec2 _134 = f32_2_2xf16(pa0.x).xy;
    gl_Position = vec4(_134.x, _134.y, gl_Position.z, gl_Position.w);
    vec2 _140 = f32_2_2xf16(pa0.xy.y);
    vec2 _141 = vec2(_140.x, _140.y);
    gl_Position = vec4(gl_Position.x, gl_Position.y, _141.x, _141.y);
    v_Color0 = vec4(pa0.zw.x, pa0.zw.y, v_Color0.z, v_Color0.w);
    v_Color0 = vec4(v_Color0.x, v_Color0.y, vi_clr.xyzw.x, vi_clr.xyzw.y);
    v_TexCoord0 = f32_2_2xf16(vi_clr.z).xy;
    v_Psize = floatBitsToUint(sa0.z) | 0u;
}


[19:47:13.675] |W| [unimplemented_impl]: Unimplemented sceGxmColorSurfaceInitDisabled import called.
[19:47:13.675] |W| [unimplemented_impl]: Unimplemented sceGxmDepthStencilSurfaceInitDisabled import called.
[19:47:14.674] |I| [renderer::create]: GL_VERSION = 4.1.0 NVIDIA 430.64
[19:47:14.684] |I| [renderer::create]: GL_SHADING_LANGUAGE_VERSION = 4.10 NVIDIA via Cg compiler
[19:47:14.692] |W| [unimplemented_impl]: Unimplemented sceGxmColorSurfaceSetGammaMode import called.
[19:47:14.695] |E| [export_sceGxmTextureInitTiled]: Initialized texture with unsupported texture format: 0x15000000
[19:47:14.738] |C| [run]: Unicorn error 0x6 at: start PC: 0x816F3C39 error PC 0x811555FA LR: 0x6F0B
