[18:51:56.582] |I| [config::init_config]: backend-renderer: OpenGL
[18:51:56.584] |I| [config::init_config]: log-level: 0
[18:51:56.696] |I| [SDL_main]: Vita3K v0.1.6 2842-0a6ef4d9
[18:51:56.696] |I| [SDL_main]: Number of logical CPU cores: 8
[18:51:56.696] |I| [SDL_main]: Available ram memory: 16215 MiB
[18:51:57.005] |I| [renderer::gl::create]: GPU = NVIDIA GeForce RTX 3060 Laptop GPU/PCIe/SSE2
[18:51:57.005] |I| [renderer::gl::create]: GL_VERSION = 4.6.0 NVIDIA 516.94
[18:51:57.008] |I| [renderer::gl::create]: GL_SHADING_LANGUAGE_VERSION = 4.60 NVIDIA
[18:51:57.025] |I| [renderer::gl::create]: Your GPU supports shader interlock, some games that use programmable blending will have better performance.
[18:54:03.715] |I| [gui::set_vsync_state]: V-Sync state: true
[18:54:03.745] |I| [load_app_impl]: cpu-backend: Dynarmic
[18:54:03.746] |I| [load_app_impl]: CPU Optimisation state: true
[18:54:03.747] |I| [load_app_impl]: ngs state: true
[18:54:03.748] |I| [load_app_impl]: Resolution multiplier: 1
[18:54:03.748] |I| [load_app_impl]: modules mode: Automatic
[18:54:03.749] |I| [load_app_impl]: Title: 幕末Rock 超魂
[18:54:03.750] |I| [load_app_impl]: Serial: PCSG00425
[18:54:03.751] |I| [load_app_impl]: Version: 1.00
[18:54:03.751] |I| [load_app_impl]: Category: gd
[18:54:03.771] |I| [load_self]: app0:sce_module/libc.suprx: Skipping special segment 0x6FFFFF01...
[18:54:03.772] |I| [load_self]: Loaded module segment 0 @ [0x00004000 - 0x00053BD4 / 0x81000000] (size: 0x0004FBD4) of module app0:sce_module/libc.suprx
[18:54:03.772] |I| [load_self]: Loaded module segment 1 @ [0x00054000 - 0x00056688 / 0x81050000] (size: 0x00002688) of module app0:sce_module/libc.suprx
[18:54:03.773] |I| [load_self]: Linking SELF app0:sce_module/libc.suprx...
[18:54:03.773] |D| [load_var_exports]: 	NID 0x936C8A78 (SYSLYB) at 0x496C4
[18:54:03.774] |D| [load_var_exports]: 	NID 0x6C2224BA (NID_MODULE_INFO) at 0x3F488
[18:54:03.774] |W| [load_var_imports]: 	NID NOT FOUND 0x93B8AA67 (__stack_chk_guard) at 0x434A8, setting to stub value 0xDEADBEEF
[18:54:03.775] |W| [load_var_imports]: 	NID NOT FOUND 0xDF084DFA (UNRECOGNISED) at 0x4502C, setting to stub value 0xDEADBEEF
[18:54:03.776] |I| [pre_load_module]: Pre-load module SceLibc (at "sce_module/libc.suprx") loaded
[18:54:03.787] |I| [load_self]: app0:sce_module/libfios2.suprx: Skipping special segment 0x6FFFFF01...
[18:54:03.792] |I| [load_self]: Loaded module segment 0 @ [0x00059000 - 0x00083AA8 / 0x81000000] (size: 0x0002AAA8) of module app0:sce_module/libfios2.suprx
[18:54:03.797] |I| [load_self]: Loaded module segment 1 @ [0x00084000 - 0x0008923D / 0x8102B000] (size: 0x0000523D) of module app0:sce_module/libfios2.suprx
[18:54:03.799] |I| [load_self]: Linking SELF app0:sce_module/libfios2.suprx...
[18:54:03.800] |D| [load_var_exports]: 	NID 0x936C8A78 (SYSLYB) at 0x839B0
[18:54:03.804] |D| [load_var_exports]: 	NID 0x6C2224BA (NID_MODULE_INFO) at 0x7B138
[18:54:03.805] |I| [pre_load_module]: Pre-load module SceLibFios2 (at "sce_module/libfios2.suprx") loaded
[18:54:03.815] |I| [load_self]: app0:sce_module/libult.suprx: Skipping special segment 0x6FFFFF01...
[18:54:03.818] |I| [load_self]: Loaded module segment 0 @ [0x0008A000 - 0x0009D9C4 / 0x81000000] (size: 0x000139C4) of module app0:sce_module/libult.suprx
[18:54:03.824] |I| [load_self]: Loaded module segment 1 @ [0x0009E000 - 0x0009E814 / 0x81014000] (size: 0x00000814) of module app0:sce_module/libult.suprx
[18:54:03.825] |I| [load_self]: Linking SELF app0:sce_module/libult.suprx...
[18:54:03.826] |D| [load_var_exports]: 	NID 0x936C8A78 (SYSLYB) at 0x9C2F0
[18:54:03.826] |D| [load_var_exports]: 	NID 0x6C2224BA (NID_MODULE_INFO) at 0x99874
[18:54:03.827] |I| [pre_load_module]: Pre-load module SceUlt (at "sce_module/libult.suprx") loaded
[18:54:03.841] |I| [load_self]: Loaded module segment 0 @ [0x0009F000 - 0x000EFF04 / 0x81000000] (size: 0x00050F04) of module vs0:sys/external/libSceFt2.suprx
[18:54:03.842] |I| [load_self]: Loaded module segment 1 @ [0x000F0000 - 0x000F02F4 / 0x81051000] (size: 0x000002F4) of module vs0:sys/external/libSceFt2.suprx
[18:54:03.847] |I| [load_self]: Linking SELF vs0:sys/external/libSceFt2.suprx...
[18:54:03.851] |D| [load_var_exports]: 	NID 0x936C8A78 (SYSLYB) at 0xDB7DC
[18:54:03.854] |D| [load_var_exports]: 	NID 0x6C2224BA (NID_MODULE_INFO) at 0xDAF10
[18:54:03.855] |I| [pre_load_module]: Pre-load module SceLibft2 (at "sys/external/libSceFt2.suprx") loaded
[18:54:03.860] |I| [load_self]: Loaded module segment 0 @ [0x000F1000 - 0x00100F14 / 0x81000000] (size: 0x0000FF14) of module vs0:sys/external/libpvf.suprx
[18:54:03.862] |I| [load_self]: Loaded module segment 1 @ [0x00101000 - 0x00101008 / 0x81010000] (size: 0x00000008) of module vs0:sys/external/libpvf.suprx
[18:54:03.867] |I| [load_self]: Linking SELF vs0:sys/external/libpvf.suprx...
[18:54:03.870] |D| [load_var_exports]: 	NID 0x936C8A78 (SYSLYB) at 0xFF710
[18:54:03.871] |D| [load_var_exports]: 	NID 0x6C2224BA (NID_MODULE_INFO) at 0xFF300
[18:54:03.872] |I| [pre_load_module]: Pre-load module SceLibPvf (at "sys/external/libpvf.suprx") loaded
[18:54:03.956] |I| [load_self]: app0:eboot.bin: Skipping special segment 0x6FFFFF01...
[18:54:03.956] |I| [load_self]: Loaded module segment 0 @ [0x00102000 - 0x00293394 / 0x81000000] (size: 0x00191394) of module app0:eboot.bin
[18:54:03.958] |I| [load_self]: Loaded module segment 1 @ [0x00294000 - 0x005A7DB0 / 0x81192000] (size: 0x00313DB0) of module app0:eboot.bin
[18:54:03.960] |I| [load_self]: Linking SELF app0:eboot.bin...
[18:54:03.961] |D| [load_var_exports]: 	NID 0x6C2224BA (NID_MODULE_INFO) at 0x251ED8
[18:54:03.962] |D| [load_var_exports]: 	NID 0x70FBA1E7 (SCE_PROC_PARAMS) at 0x2B3E1C
[18:54:03.962] |D| [load_var_exports]: 	NID 0x936C8A78 (SYSLYB) at 0x26EE38
[18:54:03.963] |I| [load_app_impl]: Main executable Rock (eboot.bin) loaded
[18:54:03.987] |I| [renderer::gl::compile_shader]: frag shader compiled: 15971f8a9fc60f625dfc604222f782364b7f677387cf0076e759dab0f5932037
[18:54:03.992] |I| [renderer::gl::compile_shader]: vert shader compiled: 25a70d158e873bff23bb0e3accc0ac640c0b04c50e8480bab014ff6492b37a1c
[18:54:04.020] |E| [renderer::gl::compile_program]: Fragment info
-------------
0(30) : warning C7050: "pa[0].zw" might be used before being initialized


[18:54:04.023] |I| [renderer::gl::pre_compile_program]: Program Compiled 1/3
[18:54:04.031] |I| [renderer::gl::compile_shader]: frag shader compiled: 0901f030c56be4678f220865708ad1a0a2340b616bcdab7cc3d3c581be1e4fb5
[18:54:04.039] |I| [renderer::gl::compile_shader]: vert shader compiled: 5eac48abe7e89876a2613fcca46db814544d9adc6a71c72502b1a6f6484ff0f6
[18:54:04.050] |E| [renderer::gl::compile_program]: Fragment info
-------------
0(26) : warning C7050: "sa[0]" might be used before being initialized
0(28) : warning C7050: "r[0]" might be used before being initialized
0(25) : warning C7050: "pa[0].x" might be used before being initialized


[18:54:04.051] |I| [renderer::gl::pre_compile_program]: Program Compiled 2/3
[18:54:04.066] |I| [renderer::gl::compile_shader]: frag shader compiled: 1c3efd7b777a88e6c77bcbbf91ab3f8be77c776d1ef9c676d0185c66e83e9048
[18:54:04.071] |I| [renderer::gl::compile_shader]: vert shader compiled: 67c0882505401bab0ccf0e1ca42b8abf33873391c31f430f686e0bc07d837203
[18:54:04.092] |E| [renderer::gl::compile_program]: Vertex info
-----------
0(26) : warning C7050: "sa[0]" might be used before being initialized

Fragment info
-------------
0(34) : warning C7050: "internals[0]" might be used before being initialized
0(34) : warning C7050: "internals[1].w" might be used before being initialized


[18:54:04.115] |I| [renderer::gl::pre_compile_program]: Program Compiled 3/3
[18:54:04.144] |D| [run_app]: Running module_start of library: SceLibc at address 0x4805
[18:54:04.275] |T| [open_file]: sceKernelGetStdin: Opening terminal tty0:
[18:54:04.276] |T| [open_file]: sceKernelGetStdout: Opening terminal tty0:
[18:54:04.277] |T| [open_file]: sceKernelGetStderr: Opening terminal tty0:
[18:54:04.291] |I| [run_app]: Module SceLibc (at "app0:sce_module/libc.suprx") module_start returned 0x0
[18:54:04.298] |D| [run_app]: Running module_start of library: SceLibFios2 at address 0x59001
[18:54:04.321] |W| [stubbed_impl]: Stubbed sceKernelGetProcessId import called. (pid: 0)
[18:54:04.322] |I| [run_app]: Module SceLibFios2 (at "app0:sce_module/libfios2.suprx") module_start returned 0x0
[18:54:04.329] |D| [run_app]: Running module_start of library: SceUlt at address 0x8D771
[18:54:04.351] |W| [unimplemented_impl]: Unimplemented _sceUlobjMgrRegisterLibultProtocolRevision import called.
[18:54:04.352] |I| [run_app]: Module SceUlt (at "app0:sce_module/libult.suprx") module_start returned 0x0
[18:54:04.622] |W| [unimplemented_impl]: Unimplemented sceRtcGetAccumulativeTime import called.
[18:54:04.625] |W| [unimplemented_impl]: Unimplemented sceAppUtilInit import called.
[18:54:04.627] |W| [unimplemented_impl]: Unimplemented sceTouchEnableTouchForce import called.
[18:54:04.630] |W| [unimplemented_impl]: Unimplemented sceMotionSetAngleThreshold import called.
[18:54:04.632] |W| [unimplemented_impl]: Unimplemented sceCameraGetDeviceLocation import called.
[18:54:04.683] |W| [unimplemented_impl]: Unimplemented sceLocationInit import called.
[18:54:04.720] |W| [unimplemented_impl]: Unimplemented sceKernelChangeThreadVfpException import called.
[18:54:04.721] |W| [unimplemented_impl]: Unimplemented sceFiosOverlayThreadSetDisabled02 import called.
[18:54:04.883] |E| [stat_file]: Missing file at C:/Users/ Othmane/AppData/Roaming/Vita3K/Vita3K/ux0/app/PCSG00425/config.ini (target path: app0:/config.ini)
[18:54:04.885] |W| [io_error_impl]: stat_file (_sceIoGetstat) returned 0x80010002
[18:54:04.903] |I| [export_sceIoOpen]: Opening file: app0://NOINST.CPK
[18:54:04.904] |T| [open_file]: sceIoOpen: Opening file app0://NOINST.CPK (ux0:/app/PCSG00425/NOINST.CPK), fd: 0x3
[18:54:04.920] |T| [close_file]: sceIoClose: Closing file fd: 0x3
[18:54:04.935] |I| [export_sceIoOpen]: Opening file: app0://NOINST.CPK
[18:54:04.936] |T| [open_file]: sceIoOpen: Opening file app0://NOINST.CPK (ux0:/app/PCSG00425/NOINST.CPK), fd: 0x4
[18:54:05.017] |W| [stubbed_impl]: Stubbed sceGxmMapFragmentUsseMemory import called. (always return success)
[18:54:05.033] |W| [stubbed_impl]: Stubbed sceGxmMapVertexUsseMemory import called. (always return success)
[18:54:05.045] |W| [stubbed_impl]: Stubbed sceGxmGetRenderTargetMemSize import called. (2MiB emuenv mem)
[18:54:05.429] |E| [stat_file]: Cannot find device for path: /resource/texture/sys_white.gxt
[18:54:05.429] |W| [io_error_impl]: stat_file (_sceIoGetstat) returned 0x80010002
[18:54:05.438] |E| [stat_file]: Cannot find device for path: /resource/texture/sys_cube.gxt
[18:54:05.438] |W| [io_error_impl]: stat_file (_sceIoGetstat) returned 0x80010002
[18:54:05.453] |W| [ngs::create_voice_definition]: Missing voice definition for Buss Type 7, using passthrough.
[18:54:05.472] |T| [export_sceNgsPatchCreateRouting]: Patching 0x6025590:0:0 to 0x602A490:0
[18:54:05.639] |W| [unimplemented_impl]: Unimplemented sceNpActivityInit import called.
[18:54:05.671] |W| [unimplemented_impl]: Unimplemented sceNpAuthInit import called.
[18:54:05.672] |W| [unimplemented_impl]: Unimplemented sceNpCommerce2Init import called.
[18:54:05.673] |W| [stubbed_impl]: Stubbed sceNetCtlInit import called. (Stub)
[18:54:05.674] |W| [stubbed_impl]: Stubbed sceHttpInit import called. (ignore poolSize)
[18:54:05.675] |W| [stubbed_impl]: Stubbed sceSslInit import called. (ignore poolSize)
[18:54:05.680] |W| [unimplemented_impl]: Unimplemented sceHttpsLoadCert import called.
[18:54:05.681] |W| [unimplemented_impl]: Unimplemented sceNpCommerce2CreateCtx import called.
[18:54:05.683] |T| [open_file]: create_trophy_context: Opening file app0:/sce_sys/trophy/NPWR07015_00/TROPHY.TRP (ux0:/app/PCSG00425/sce_sys/trophy/NPWR07015_00/TROPHY.TRP), fd: 0x5
[18:54:05.685] |T| [open_file]: create_trophy_context: Opening file ux0:/user/00/trophy/data/NPWR07015_00/TROPUSR.DAT (ux0:/user/00/trophy/data/NPWR07015_00/TROPUSR.DAT), fd: 0x6
[18:54:05.687] |T| [open_file]: install_trophy_context: Opening file ux0:/user/00/trophy/conf/NPWR07015_00/TROPCONF.SFM (ux0:/user/00/trophy/conf/NPWR07015_00/TROPCONF.SFM), fd: 0x7
[18:54:05.689] |T| [write_file]: install_trophy_context: Writing to fd: 0x7, size: 2193
[18:54:05.690] |T| [close_file]: install_trophy_context: Closing file fd: 0x7
[18:54:05.691] |T| [open_file]: install_trophy_context: Opening file ux0:/user/00/trophy/conf/NPWR07015_00/TROP.SFM (ux0:/user/00/trophy/conf/NPWR07015_00/TROP.SFM), fd: 0x8
[18:54:05.692] |T| [write_file]: install_trophy_context: Writing to fd: 0x8, size: 5874
[18:54:05.702] |T| [close_file]: install_trophy_context: Closing file fd: 0x8
[18:54:05.703] |T| [open_file]: install_trophy_context: Opening file ux0:/user/00/trophy/conf/NPWR07015_00/ICON0.PNG (ux0:/user/00/trophy/conf/NPWR07015_00/ICON0.PNG), fd: 0x9
[18:54:05.707] |T| [write_file]: install_trophy_context: Writing to fd: 0x9, size: 188697
[18:54:05.707] |T| [close_file]: install_trophy_context: Closing file fd: 0x9
[18:54:05.709] |T| [open_file]: install_trophy_context: Opening file ux0:/user/00/trophy/conf/NPWR07015_00/TROP000.PNG (ux0:/user/00/trophy/conf/NPWR07015_00/TROP000.PNG), fd: 0xA
[18:54:05.709] |T| [write_file]: install_trophy_context: Writing to fd: 0xA, size: 65577
[18:54:05.710] |T| [close_file]: install_trophy_context: Closing file fd: 0xA
[18:54:05.711] |T| [open_file]: install_trophy_context: Opening file ux0:/user/00/trophy/conf/NPWR07015_00/TROP001.PNG (ux0:/user/00/trophy/conf/NPWR07015_00/TROP001.PNG), fd: 0xB
[18:54:05.712] |T| [write_file]: install_trophy_context: Writing to fd: 0xB, size: 83695
[18:54:05.713] |T| [close_file]: install_trophy_context: Closing file fd: 0xB
[18:54:05.714] |T| [open_file]: install_trophy_context: Opening file ux0:/user/00/trophy/conf/NPWR07015_00/TROP002.PNG (ux0:/user/00/trophy/conf/NPWR07015_00/TROP002.PNG), fd: 0xC
[18:54:05.715] |T| [write_file]: install_trophy_context: Writing to fd: 0xC, size: 83695
[18:54:05.716] |T| [close_file]: install_trophy_context: Closing file fd: 0xC
[18:54:05.718] |T| [open_file]: install_trophy_context: Opening file ux0:/user/00/trophy/conf/NPWR07015_00/TROP003.PNG (ux0:/user/00/trophy/conf/NPWR07015_00/TROP003.PNG), fd: 0xD
[18:54:05.721] |T| [write_file]: install_trophy_context: Writing to fd: 0xD, size: 83695
[18:54:05.722] |T| [close_file]: install_trophy_context: Closing file fd: 0xD
[18:54:05.723] |T| [open_file]: install_trophy_context: Opening file ux0:/user/00/trophy/conf/NPWR07015_00/TROP004.PNG (ux0:/user/00/trophy/conf/NPWR07015_00/TROP004.PNG), fd: 0xE
[18:54:05.741] |T| [write_file]: install_trophy_context: Writing to fd: 0xE, size: 83695
[18:54:05.742] |T| [close_file]: install_trophy_context: Closing file fd: 0xE
[18:54:05.743] |T| [open_file]: install_trophy_context: Opening file ux0:/user/00/trophy/conf/NPWR07015_00/TROP005.PNG (ux0:/user/00/trophy/conf/NPWR07015_00/TROP005.PNG), fd: 0xF
[18:54:05.744] |T| [write_file]: install_trophy_context: Writing to fd: 0xF, size: 83695
[18:54:05.745] |T| [close_file]: install_trophy_context: Closing file fd: 0xF
[18:54:05.746] |T| [open_file]: install_trophy_context: Opening file ux0:/user/00/trophy/conf/NPWR07015_00/TROP006.PNG (ux0:/user/00/trophy/conf/NPWR07015_00/TROP006.PNG), fd: 0x10
[18:54:05.747] |T| [write_file]: install_trophy_context: Writing to fd: 0x10, size: 83695
[18:54:05.748] |T| [close_file]: install_trophy_context: Closing file fd: 0x10
[18:54:05.749] |T| [open_file]: install_trophy_context: Opening file ux0:/user/00/trophy/conf/NPWR07015_00/TROP007.PNG (ux0:/user/00/trophy/conf/NPWR07015_00/TROP007.PNG), fd: 0x11
[18:54:05.750] |T| [write_file]: install_trophy_context: Writing to fd: 0x11, size: 83695
[18:54:05.752] |T| [close_file]: install_trophy_context: Closing file fd: 0x11
[18:54:05.763] |T| [open_file]: install_trophy_context: Opening file ux0:/user/00/trophy/conf/NPWR07015_00/TROP008.PNG (ux0:/user/00/trophy/conf/NPWR07015_00/TROP008.PNG), fd: 0x12
[18:54:05.766] |T| [write_file]: install_trophy_context: Writing to fd: 0x12, size: 83695
[18:54:05.767] |T| [close_file]: install_trophy_context: Closing file fd: 0x12
[18:54:05.771] |T| [open_file]: install_trophy_context: Opening file ux0:/user/00/trophy/conf/NPWR07015_00/TROP009.PNG (ux0:/user/00/trophy/conf/NPWR07015_00/TROP009.PNG), fd: 0x13
[18:54:05.772] |T| [write_file]: install_trophy_context: Writing to fd: 0x13, size: 83695
[18:54:05.773] |T| [close_file]: install_trophy_context: Closing file fd: 0x13
[18:54:05.774] |T| [open_file]: install_trophy_context: Opening file ux0:/user/00/trophy/conf/NPWR07015_00/TROP010.PNG (ux0:/user/00/trophy/conf/NPWR07015_00/TROP010.PNG), fd: 0x14
[18:54:05.775] |T| [write_file]: install_trophy_context: Writing to fd: 0x14, size: 83695
[18:54:05.776] |T| [close_file]: install_trophy_context: Closing file fd: 0x14
[18:54:05.777] |T| [open_file]: install_trophy_context: Opening file ux0:/user/00/trophy/conf/NPWR07015_00/TROP011.PNG (ux0:/user/00/trophy/conf/NPWR07015_00/TROP011.PNG), fd: 0x15
[18:54:05.778] |T| [write_file]: install_trophy_context: Writing to fd: 0x15, size: 83695
[18:54:05.779] |T| [close_file]: install_trophy_context: Closing file fd: 0x15
[18:54:05.780] |T| [open_file]: install_trophy_context: Opening file ux0:/user/00/trophy/conf/NPWR07015_00/TROP012.PNG (ux0:/user/00/trophy/conf/NPWR07015_00/TROP012.PNG), fd: 0x16
[18:54:05.782] |T| [write_file]: install_trophy_context: Writing to fd: 0x16, size: 83695
[18:54:05.782] |T| [close_file]: install_trophy_context: Closing file fd: 0x16
[18:54:05.783] |T| [open_file]: install_trophy_context: Opening file ux0:/user/00/trophy/conf/NPWR07015_00/TROP013.PNG (ux0:/user/00/trophy/conf/NPWR07015_00/TROP013.PNG), fd: 0x17
[18:54:05.785] |T| [write_file]: install_trophy_context: Writing to fd: 0x17, size: 82447
[18:54:05.797] |T| [close_file]: install_trophy_context: Closing file fd: 0x17
[18:54:05.798] |T| [open_file]: install_trophy_context: Opening file ux0:/user/00/trophy/conf/NPWR07015_00/TROP014.PNG (ux0:/user/00/trophy/conf/NPWR07015_00/TROP014.PNG), fd: 0x18
[18:54:05.801] |T| [write_file]: install_trophy_context: Writing to fd: 0x18, size: 82447
[18:54:05.805] |T| [close_file]: install_trophy_context: Closing file fd: 0x18
[18:54:05.806] |T| [open_file]: install_trophy_context: Opening file ux0:/user/00/trophy/conf/NPWR07015_00/TROP015.PNG (ux0:/user/00/trophy/conf/NPWR07015_00/TROP015.PNG), fd: 0x19
[18:54:05.807] |T| [write_file]: install_trophy_context: Writing to fd: 0x19, size: 82447
[18:54:05.808] |T| [close_file]: install_trophy_context: Closing file fd: 0x19
[18:54:05.809] |T| [open_file]: install_trophy_context: Opening file ux0:/user/00/trophy/conf/NPWR07015_00/TROP016.PNG (ux0:/user/00/trophy/conf/NPWR07015_00/TROP016.PNG), fd: 0x1A
[18:54:05.810] |T| [write_file]: install_trophy_context: Writing to fd: 0x1A, size: 80047
[18:54:05.810] |T| [close_file]: install_trophy_context: Closing file fd: 0x1A
[18:54:05.811] |T| [open_file]: install_trophy_context: Opening file ux0:/user/00/trophy/conf/NPWR07015_00/TROP017.PNG (ux0:/user/00/trophy/conf/NPWR07015_00/TROP017.PNG), fd: 0x1B
[18:54:05.813] |T| [write_file]: install_trophy_context: Writing to fd: 0x1B, size: 82447
[18:54:05.813] |T| [close_file]: install_trophy_context: Closing file fd: 0x1B
[18:54:05.814] |T| [open_file]: install_trophy_context: Opening file ux0:/user/00/trophy/conf/NPWR07015_00/TROP018.PNG (ux0:/user/00/trophy/conf/NPWR07015_00/TROP018.PNG), fd: 0x1C
[18:54:05.816] |T| [write_file]: install_trophy_context: Writing to fd: 0x1C, size: 82447
[18:54:05.816] |T| [close_file]: install_trophy_context: Closing file fd: 0x1C
[18:54:05.817] |T| [open_file]: install_trophy_context: Opening file ux0:/user/00/trophy/conf/NPWR07015_00/TROP019.PNG (ux0:/user/00/trophy/conf/NPWR07015_00/TROP019.PNG), fd: 0x1D
[18:54:05.830] |T| [write_file]: install_trophy_context: Writing to fd: 0x1D, size: 82447
[18:54:05.831] |T| [close_file]: install_trophy_context: Closing file fd: 0x1D
[18:54:05.833] |T| [open_file]: install_trophy_context: Opening file ux0:/user/00/trophy/conf/NPWR07015_00/TROP020.PNG (ux0:/user/00/trophy/conf/NPWR07015_00/TROP020.PNG), fd: 0x1E
[18:54:05.836] |T| [write_file]: install_trophy_context: Writing to fd: 0x1E, size: 80047
[18:54:05.837] |T| [close_file]: install_trophy_context: Closing file fd: 0x1E
[18:54:05.838] |T| [open_file]: install_trophy_context: Opening file ux0:/user/00/trophy/conf/NPWR07015_00/TROP021.PNG (ux0:/user/00/trophy/conf/NPWR07015_00/TROP021.PNG), fd: 0x1F
[18:54:05.840] |T| [write_file]: install_trophy_context: Writing to fd: 0x1F, size: 82447
[18:54:05.840] |T| [close_file]: install_trophy_context: Closing file fd: 0x1F
[18:54:05.841] |T| [open_file]: install_trophy_context: Opening file ux0:/user/00/trophy/conf/NPWR07015_00/TROP022.PNG (ux0:/user/00/trophy/conf/NPWR07015_00/TROP022.PNG), fd: 0x20
[18:54:05.842] |T| [write_file]: install_trophy_context: Writing to fd: 0x20, size: 82447
[18:54:05.843] |T| [close_file]: install_trophy_context: Closing file fd: 0x20
[18:54:05.844] |T| [open_file]: install_trophy_context: Opening file ux0:/user/00/trophy/conf/NPWR07015_00/TROP023.PNG (ux0:/user/00/trophy/conf/NPWR07015_00/TROP023.PNG), fd: 0x21
[18:54:05.845] |T| [write_file]: install_trophy_context: Writing to fd: 0x21, size: 80047
[18:54:05.846] |T| [close_file]: install_trophy_context: Closing file fd: 0x21
[18:54:05.847] |T| [open_file]: install_trophy_context: Opening file ux0:/user/00/trophy/conf/NPWR07015_00/TROP024.PNG (ux0:/user/00/trophy/conf/NPWR07015_00/TROP024.PNG), fd: 0x22
[18:54:05.848] |T| [write_file]: install_trophy_context: Writing to fd: 0x22, size: 83695
[18:54:05.858] |T| [close_file]: install_trophy_context: Closing file fd: 0x22
[18:54:05.860] |T| [open_file]: install_trophy_context: Opening file ux0:/user/00/trophy/conf/NPWR07015_00/TROP025.PNG (ux0:/user/00/trophy/conf/NPWR07015_00/TROP025.PNG), fd: 0x23
[18:54:05.862] |T| [write_file]: install_trophy_context: Writing to fd: 0x23, size: 82447
[18:54:05.863] |T| [close_file]: install_trophy_context: Closing file fd: 0x23
[18:54:05.865] |T| [open_file]: install_trophy_context: Opening file ux0:/user/00/trophy/conf/NPWR07015_00/TROP026.PNG (ux0:/user/00/trophy/conf/NPWR07015_00/TROP026.PNG), fd: 0x24
[18:54:05.866] |T| [write_file]: install_trophy_context: Writing to fd: 0x24, size: 82447
[18:54:05.867] |T| [close_file]: install_trophy_context: Closing file fd: 0x24
[18:54:05.868] |T| [open_file]: install_trophy_context: Opening file ux0:/user/00/trophy/conf/NPWR07015_00/TROP027.PNG (ux0:/user/00/trophy/conf/NPWR07015_00/TROP027.PNG), fd: 0x25
[18:54:05.872] |T| [write_file]: install_trophy_context: Writing to fd: 0x25, size: 80047
[18:54:05.873] |T| [close_file]: install_trophy_context: Closing file fd: 0x25
[18:54:05.874] |T| [open_file]: install_trophy_context: Opening file ux0:/user/00/trophy/conf/NPWR07015_00/TROP028.PNG (ux0:/user/00/trophy/conf/NPWR07015_00/TROP028.PNG), fd: 0x26
[18:54:05.875] |T| [write_file]: install_trophy_context: Writing to fd: 0x26, size: 83695
[18:54:05.876] |T| [close_file]: install_trophy_context: Closing file fd: 0x26
[18:54:05.877] |T| [open_file]: install_trophy_context: Opening file ux0:/user/00/trophy/conf/NPWR07015_00/TROP029.PNG (ux0:/user/00/trophy/conf/NPWR07015_00/TROP029.PNG), fd: 0x27
[18:54:05.878] |T| [write_file]: install_trophy_context: Writing to fd: 0x27, size: 82447
[18:54:05.878] |T| [close_file]: install_trophy_context: Closing file fd: 0x27
[18:54:05.879] |T| [open_file]: install_trophy_context: Opening file ux0:/user/00/trophy/conf/NPWR07015_00/TROP030.PNG (ux0:/user/00/trophy/conf/NPWR07015_00/TROP030.PNG), fd: 0x28
[18:54:05.891] |T| [write_file]: install_trophy_context: Writing to fd: 0x28, size: 80047
[18:54:05.893] |T| [close_file]: install_trophy_context: Closing file fd: 0x28
[18:54:05.894] |T| [close_file]: create_trophy_context: Closing file fd: 0x6
[18:54:05.895] |T| [export_sceNpTrophyCreateContext]: Trophy context for NPWR07015_00 create successfuly!
[18:54:05.897] |W| [unimplemented_impl]: Unimplemented sceScreenShotDisable import called.
[18:54:05.897] |W| [unimplemented_impl]: Unimplemented sceScreenShotSetParam import called.
[18:54:05.899] |W| [unimplemented_impl]: Unimplemented sceScreenShotSetOverlayImage import called.
[18:54:05.899] |W| [unimplemented_impl]: Unimplemented sceScreenShotEnable import called.
[18:54:05.906] |W| [unimplemented_impl]: Unimplemented sceStoreCheckoutDialogGetStatus import called.
[18:54:05.915] |W| [unimplemented_impl]: Unimplemented sceMotionGetState import called.
[18:54:05.931] |I| [export_sceIoOpen]: Opening file: app0://INST.CPK
[18:54:05.932] |T| [open_file]: sceIoOpen: Opening file app0://INST.CPK (ux0:/app/PCSG00425/INST.CPK), fd: 0x29
[18:54:05.934] |T| [close_file]: sceIoClose: Closing file fd: 0x29
[18:54:05.944] |I| [export_sceIoOpen]: Opening file: app0://INST.CPK
[18:54:05.945] |T| [open_file]: sceIoOpen: Opening file app0://INST.CPK (ux0:/app/PCSG00425/INST.CPK), fd: 0x2A
[18:54:06.480] |W| [unimplemented_impl]: Unimplemented sceCommonDialogUpdate import called.
[18:54:07.974] |T| [open_file]: sceAppUtilSaveDataSlotGetParam: Opening file savedata0:/SlotParam_0.bin (ux0:/user/00/savedata/PCSG00425/SlotParam_0.bin), fd: 0x2B
[18:54:07.976] |T| [close_file]: sceAppUtilSaveDataSlotGetParam: Closing file fd: 0x2B
[18:54:07.979] |I| [export_sceIoOpen]: Opening file: savedata0:/SYST00.dat
[18:54:07.980] |T| [open_file]: sceIoOpen: Opening file savedata0:/SYST00.dat (ux0:/user/00/savedata/PCSG00425/SYST00.dat), fd: 0x2C
[18:54:07.994] |T| [close_file]: sceIoClose: Closing file fd: 0x2C
[18:54:08.043] |T| [close_file]: sceIoClose: Closing file fd: 0x2A
[18:54:08.056] |I| [export_sceIoOpen]: Opening file: app0://INST.CPK
[18:54:08.057] |T| [open_file]: sceIoOpen: Opening file app0://INST.CPK (ux0:/app/PCSG00425/INST.CPK), fd: 0x2D
[18:54:08.059] |T| [close_file]: sceIoClose: Closing file fd: 0x2D
[18:54:08.070] |I| [export_sceIoOpen]: Opening file: app0://INST.CPK
[18:54:08.071] |T| [open_file]: sceIoOpen: Opening file app0://INST.CPK (ux0:/app/PCSG00425/INST.CPK), fd: 0x2E
[18:54:08.116] |I| [renderer::load_shader_generic]: Generating frag shader 5fb5ae6f731b7aab479e7ebbe651632ec15452fa4d5ac47f65a5d9ad78ce34c8
[18:54:08.118] |D| [shader::create_fragment_inputs]: Iterator: pa0 = (float4) v_Color0
[18:54:08.119] |T| [shader::create_fragment_inputs]: pa4 = tex2D<float4>(gSampler0, TEXCOORD0.xy)
[18:54:08.122] |T| [shader::usse::USSERecompiler::compile_code_node]: Compiling code_0, size = 5
[18:54:08.161] |I| [renderer::load_shader_generic]: Generating vert shader 76b83c2d4212343736af6a3b14c5a927ff42d96f52d3fb40a9657dc7eaa3d0ef
[18:54:08.164] |D| [shader::create_parameters]: [BUFFER0  + 0] pa0 = (float4) IN_position
[18:54:08.164] |D| [shader::create_parameters]: [BUFFER0  + 4] pa4 = (float4) IN_diffuse
[18:54:08.166] |D| [shader::create_parameters]: [BUFFER0  + 8] pa8 = (float4) IN_texcoord
[18:54:08.167] |D| [shader::create_parameters]: [DEFAULT  + 0] sa0 = (float4) gD2VPMatrix[4]
[18:54:08.169] |T| [shader::usse::USSERecompiler::compile_code_node]: Compiling code_0, size = 10
[18:54:08.232] |E| [renderer::gl::compile_program]: Vertex info
-----------
0(35) : warning C7050: "internals[0].w" might be used before being initialized
0(35) : warning C7050: "internals[1].w" might be used before being initialized


[18:54:08.265] |W| [stubbed_impl]: Stubbed _sceDisplaySetFrameBuf import called. (SCE_DISPLAY_SETBUF_IMMEDIATE is not supported)
[18:54:08.274] |W| [unimplemented_impl]: Unimplemented sceAppUtilBgdlGetStatus import called.
[18:54:08.275] |E| [open_dir]: Directory does not exist at: C:/Users/ Othmane/AppData/Roaming/Vita3K/Vita3K/ux0/addcont/PCSG00425// (target path: addcont0:)
[18:54:08.277] |W| [io_error_impl]: open_dir (_sceIoDopen) returned 0x80010002
[18:54:08.311] |E| [stat_file]: Cannot find device for path: /scene/graphics/adv_300_000.d2c
[18:54:08.311] |W| [io_error_impl]: stat_file (_sceIoGetstat) returned 0x80010002
[18:54:11.848] |I| [export_sceIoOpen]: Opening file: app0:movie/marvelous.usm
[18:54:11.849] |T| [open_file]: sceIoOpen: Opening file app0:movie/marvelous.usm (ux0:/app/PCSG00425/movie/marvelous.usm), fd: 0x2F
[18:54:12.113] |T| [export_sceNgsPatchCreateRouting]: Patching 0x60169F0:0:0 to 0x6025590:0
[18:54:12.154] |I| [ngs::player::Module::process]: The currently running game requests playback rate scaling when decoding audio. Audio might crackle.
[18:54:14.546] |T| [close_file]: sceIoClose: Closing file fd: 0x2F
[18:54:14.835] |I| [renderer::load_shader_generic]: Generating frag shader bd66623dc5a6ff4459de2daa3803a2e3c147dc0782b4b98ee5f44d3288a0953a
[18:54:14.836] |D| [shader::create_fragment_inputs]: Iterator: pa0 = (float4) v_Color0
[18:54:14.837] |T| [shader::usse::USSERecompiler::compile_code_node]: Compiling code_0, size = 2
[18:54:14.849] |I| [renderer::load_shader_generic]: Generating vert shader f4b54604c5ac6b24ce888cdc4666ac79249fc922b562adae5dc3bf62898f11fc
[18:54:14.853] |D| [shader::create_parameters]: [BUFFER0  + 0] pa0 = (float4) IN_position
[18:54:14.856] |D| [shader::create_parameters]: [BUFFER0  + 4] pa4 = (float4) IN_diffuse
[18:54:14.857] |D| [shader::create_parameters]: [DEFAULT  + 0] sa0 = (float4) gD2VPMatrix[4]
[18:54:14.860] |T| [shader::usse::USSERecompiler::compile_code_node]: Compiling code_0, size = 9
[18:54:14.897] |E| [renderer::gl::compile_program]: Vertex info
-----------
0(33) : warning C7050: "internals[0].w" might be used before being initialized


[18:54:19.281] |T| [export_sceNgsPatchCreateRouting]: Patching 0x601FAB4:0:0 to 0x6025590:0
[18:54:20.271] |T| [export_sceNgsPatchCreateRouting]: Patching 0x601EB60:0:0 to 0x6025590:0
[18:54:43.037] |T| [export_sceNgsPatchCreateRouting]: Patching 0x601FFD0:0:0 to 0x6025590:0
[18:54:45.766] |W| [stubbed_impl]: Stubbed sceAppUtilSaveDataSlotSearch import called. (No sort slot list)
[18:54:45.767] |E| [open_file]: Missing file at C:/Users/ Othmane/AppData/Roaming/Vita3K/Vita3K/ux0/user/00/savedata/PCSG00425/SlotParam_2.bin (target path: savedata0:/SlotParam_2.bin)
[18:54:45.768] |W| [io_error_impl]: open_file (sceAppUtilSaveDataSlotSearch) returned 0x80010002
[18:54:45.770] |E| [open_file]: Missing file at C:/Users/ Othmane/AppData/Roaming/Vita3K/Vita3K/ux0/user/00/savedata/PCSG00425/SlotParam_3.bin (target path: savedata0:/SlotParam_3.bin)
[18:54:45.773] |W| [io_error_impl]: open_file (sceAppUtilSaveDataSlotSearch) returned 0x80010002
[18:54:45.774] |E| [open_file]: Missing file at C:/Users/ Othmane/AppData/Roaming/Vita3K/Vita3K/ux0/user/00/savedata/PCSG00425/SlotParam_4.bin (target path: savedata0:/SlotParam_4.bin)
[18:54:45.776] |W| [io_error_impl]: open_file (sceAppUtilSaveDataSlotSearch) returned 0x80010002
[18:54:45.776] |E| [open_file]: Missing file at C:/Users/ Othmane/AppData/Roaming/Vita3K/Vita3K/ux0/user/00/savedata/PCSG00425/SlotParam_5.bin (target path: savedata0:/SlotParam_5.bin)
[18:54:45.777] |W| [io_error_impl]: open_file (sceAppUtilSaveDataSlotSearch) returned 0x80010002
[18:54:45.778] |E| [open_file]: Missing file at C:/Users/ Othmane/AppData/Roaming/Vita3K/Vita3K/ux0/user/00/savedata/PCSG00425/SlotParam_6.bin (target path: savedata0:/SlotParam_6.bin)
[18:54:45.779] |W| [io_error_impl]: open_file (sceAppUtilSaveDataSlotSearch) returned 0x80010002
[18:54:45.779] |E| [open_file]: Missing file at C:/Users/ Othmane/AppData/Roaming/Vita3K/Vita3K/ux0/user/00/savedata/PCSG00425/SlotParam_7.bin (target path: savedata0:/SlotParam_7.bin)
[18:54:45.780] |W| [io_error_impl]: open_file (sceAppUtilSaveDataSlotSearch) returned 0x80010002
[18:54:45.781] |E| [open_file]: Missing file at C:/Users/ Othmane/AppData/Roaming/Vita3K/Vita3K/ux0/user/00/savedata/PCSG00425/SlotParam_8.bin (target path: savedata0:/SlotParam_8.bin)
[18:54:45.790] |W| [io_error_impl]: open_file (sceAppUtilSaveDataSlotSearch) returned 0x80010002
[18:54:45.793] |E| [open_file]: Missing file at C:/Users/ Othmane/AppData/Roaming/Vita3K/Vita3K/ux0/user/00/savedata/PCSG00425/SlotParam_9.bin (target path: savedata0:/SlotParam_9.bin)
[18:54:45.794] |W| [io_error_impl]: open_file (sceAppUtilSaveDataSlotSearch) returned 0x80010002
[18:54:45.795] |E| [open_file]: Missing file at C:/Users/ Othmane/AppData/Roaming/Vita3K/Vita3K/ux0/user/00/savedata/PCSG00425/SlotParam_10.bin (target path: savedata0:/SlotParam_10.bin)
[18:54:45.797] |W| [io_error_impl]: open_file (sceAppUtilSaveDataSlotSearch) returned 0x80010002
[18:54:45.797] |E| [open_file]: Missing file at C:/Users/ Othmane/AppData/Roaming/Vita3K/Vita3K/ux0/user/00/savedata/PCSG00425/SlotParam_11.bin (target path: savedata0:/SlotParam_11.bin)
[18:54:45.798] |W| [io_error_impl]: open_file (sceAppUtilSaveDataSlotSearch) returned 0x80010002
[18:54:45.799] |E| [open_file]: Missing file at C:/Users/ Othmane/AppData/Roaming/Vita3K/Vita3K/ux0/user/00/savedata/PCSG00425/SlotParam_12.bin (target path: savedata0:/SlotParam_12.bin)
[18:54:45.803] |W| [io_error_impl]: open_file (sceAppUtilSaveDataSlotSearch) returned 0x80010002
[18:54:45.804] |E| [open_file]: Missing file at C:/Users/ Othmane/AppData/Roaming/Vita3K/Vita3K/ux0/user/00/savedata/PCSG00425/SlotParam_13.bin (target path: savedata0:/SlotParam_13.bin)
[18:54:45.805] |W| [io_error_impl]: open_file (sceAppUtilSaveDataSlotSearch) returned 0x80010002
[18:54:45.806] |E| [open_file]: Missing file at C:/Users/ Othmane/AppData/Roaming/Vita3K/Vita3K/ux0/user/00/savedata/PCSG00425/SlotParam_14.bin (target path: savedata0:/SlotParam_14.bin)
[18:54:45.806] |W| [io_error_impl]: open_file (sceAppUtilSaveDataSlotSearch) returned 0x80010002
[18:54:45.807] |E| [open_file]: Missing file at C:/Users/ Othmane/AppData/Roaming/Vita3K/Vita3K/ux0/user/00/savedata/PCSG00425/SlotParam_15.bin (target path: savedata0:/SlotParam_15.bin)
[18:54:45.808] |W| [io_error_impl]: open_file (sceAppUtilSaveDataSlotSearch) returned 0x80010002
[18:54:45.809] |E| [open_file]: Missing file at C:/Users/ Othmane/AppData/Roaming/Vita3K/Vita3K/ux0/user/00/savedata/PCSG00425/SlotParam_16.bin (target path: savedata0:/SlotParam_16.bin)
[18:54:45.810] |W| [io_error_impl]: open_file (sceAppUtilSaveDataSlotSearch) returned 0x80010002
[18:54:45.811] |E| [open_file]: Missing file at C:/Users/ Othmane/AppData/Roaming/Vita3K/Vita3K/ux0/user/00/savedata/PCSG00425/SlotParam_17.bin (target path: savedata0:/SlotParam_17.bin)
[18:54:45.812] |W| [io_error_impl]: open_file (sceAppUtilSaveDataSlotSearch) returned 0x80010002
[18:54:45.812] |E| [open_file]: Missing file at C:/Users/ Othmane/AppData/Roaming/Vita3K/Vita3K/ux0/user/00/savedata/PCSG00425/SlotParam_18.bin (target path: savedata0:/SlotParam_18.bin)
[18:54:45.823] |W| [io_error_impl]: open_file (sceAppUtilSaveDataSlotSearch) returned 0x80010002
[18:54:45.826] |E| [open_file]: Missing file at C:/Users/ Othmane/AppData/Roaming/Vita3K/Vita3K/ux0/user/00/savedata/PCSG00425/SlotParam_19.bin (target path: savedata0:/SlotParam_19.bin)
[18:54:45.828] |W| [io_error_impl]: open_file (sceAppUtilSaveDataSlotSearch) returned 0x80010002
[18:54:45.829] |E| [open_file]: Missing file at C:/Users/ Othmane/AppData/Roaming/Vita3K/Vita3K/ux0/user/00/savedata/PCSG00425/SlotParam_20.bin (target path: savedata0:/SlotParam_20.bin)
[18:54:45.830] |W| [io_error_impl]: open_file (sceAppUtilSaveDataSlotSearch) returned 0x80010002
[18:54:45.830] |E| [open_file]: Missing file at C:/Users/ Othmane/AppData/Roaming/Vita3K/Vita3K/ux0/user/00/savedata/PCSG00425/SlotParam_21.bin (target path: savedata0:/SlotParam_21.bin)
[18:54:45.831] |W| [io_error_impl]: open_file (sceAppUtilSaveDataSlotSearch) returned 0x80010002
[18:54:45.832] |E| [open_file]: Missing file at C:/Users/ Othmane/AppData/Roaming/Vita3K/Vita3K/ux0/user/00/savedata/PCSG00425/SlotParam_22.bin (target path: savedata0:/SlotParam_22.bin)
[18:54:45.833] |W| [io_error_impl]: open_file (sceAppUtilSaveDataSlotSearch) returned 0x80010002
[18:54:45.834] |E| [open_file]: Missing file at C:/Users/ Othmane/AppData/Roaming/Vita3K/Vita3K/ux0/user/00/savedata/PCSG00425/SlotParam_23.bin (target path: savedata0:/SlotParam_23.bin)
[18:54:45.836] |W| [io_error_impl]: open_file (sceAppUtilSaveDataSlotSearch) returned 0x80010002
[18:54:45.837] |E| [open_file]: Missing file at C:/Users/ Othmane/AppData/Roami