[15:14:28.477] |I| [config::init_config]: backend-renderer: Vulkan
[15:14:28.479] |I| [config::init_config]: log-level: 0
[15:14:28.566] |I| [SDL_main]: Vita3K v0.1.6 2853-a00d223e
[15:14:28.567] |I| [SDL_main]: Number of logical CPU cores: 6
[15:14:28.567] |I| [SDL_main]: Available ram memory: 16327 MiB
[15:14:28.664] |I| [renderer::vulkan::VKState::create]: Vulkan device: NVIDIA GeForce GTX 1070
[15:14:28.664] |I| [renderer::vulkan::VKState::create]: Driver version: 517.48.0.0
[15:14:28.948] |I| [renderer::vulkan::ScreenRenderer::setup]: Present mode: Mailbox
[15:14:51.137] |I| [load_app_impl]: cpu-backend: Dynarmic
[15:14:51.138] |I| [load_app_impl]: CPU Optimisation state: true
[15:14:51.138] |I| [load_app_impl]: ngs state: true
[15:14:51.138] |I| [load_app_impl]: Resolution multiplier: 4
[15:14:51.139] |I| [load_app_impl]: modules mode: Automatic
[15:14:51.139] |I| [load_app_impl]: Title: Ben 10™ Galactic Racing
[15:14:51.140] |I| [load_app_impl]: Serial: PCSE00024
[15:14:51.141] |I| [load_app_impl]: Version: 1.00
[15:14:51.141] |I| [load_app_impl]: Category: gd
[15:14:51.174] |I| [load_self]: app0:sce_module/libc.suprx: Skipping special segment 0x6FFFFF01...
[15:14:51.175] |I| [load_self]: Loaded module segment 0 @ [0x00004000 - 0x0003FF34 / 0x81000000] (size: 0x0003BF34) of module app0:sce_module/libc.suprx
[15:14:51.176] |I| [load_self]: Loaded module segment 1 @ [0x00040000 - 0x0004233C / 0x8103C000] (size: 0x0000233C) of module app0:sce_module/libc.suprx
[15:14:51.176] |I| [load_self]: Linking SELF app0:sce_module/libc.suprx...
[15:14:51.176] |D| [load_var_exports]: 	NID 0x6C2224BA (NID_MODULE_INFO) at 0x31A70
[15:14:51.177] |W| [load_var_imports]: 	NID NOT FOUND 0xDF084DFA (UNRECOGNISED) at 0x35220, setting to stub value 0xDEADBEEF
[15:14:51.178] |I| [pre_load_module]: Pre-load module SceLibc (at "sce_module/libc.suprx") loaded
[15:14:51.186] |I| [load_self]: app0:sce_module/libfios2.suprx: Skipping special segment 0x6FFFFF01...
[15:14:51.187] |I| [load_self]: Loaded module segment 0 @ [0x00044000 - 0x00065E94 / 0x81000000] (size: 0x00021E94) of module app0:sce_module/libfios2.suprx
[15:14:51.188] |I| [load_self]: Loaded module segment 1 @ [0x00066000 - 0x0006B22C / 0x81022000] (size: 0x0000522C) of module app0:sce_module/libfios2.suprx
[15:14:51.189] |I| [load_self]: Linking SELF app0:sce_module/libfios2.suprx...
[15:14:51.190] |D| [load_var_exports]: 	NID 0x6C2224BA (NID_MODULE_INFO) at 0x5F888
[15:14:51.190] |I| [pre_load_module]: Pre-load module SceLibFios2 (at "sce_module/libfios2.suprx") loaded
[15:14:51.253] |I| [load_self]: app0:sce_module/libult.suprx: Skipping special segment 0x6FFFFF01...
[15:14:51.253] |I| [load_self]: Loaded module segment 0 @ [0x0006C000 - 0x000806AC / 0x81000000] (size: 0x000146AC) of module app0:sce_module/libult.suprx
[15:14:51.254] |I| [load_self]: Loaded module segment 1 @ [0x00081000 - 0x00081810 / 0x81015000] (size: 0x00000810) of module app0:sce_module/libult.suprx
[15:14:51.255] |I| [load_self]: Linking SELF app0:sce_module/libult.suprx...
[15:14:51.256] |D| [load_var_exports]: 	NID 0x6C2224BA (NID_MODULE_INFO) at 0x7D390
[15:14:51.256] |I| [pre_load_module]: Pre-load module SceUlt (at "sce_module/libult.suprx") loaded
[15:14:51.427] |I| [load_self]: Loaded module segment 0 @ [0x00082000 - 0x000D2F04 / 0x81000000] (size: 0x00050F04) of module vs0:sys/external/libSceFt2.suprx
[15:14:51.430] |I| [load_self]: Loaded module segment 1 @ [0x000D3000 - 0x000D32F4 / 0x81051000] (size: 0x000002F4) of module vs0:sys/external/libSceFt2.suprx
[15:14:51.432] |I| [load_self]: Linking SELF vs0:sys/external/libSceFt2.suprx...
[15:14:51.432] |D| [load_var_exports]: 	NID 0x936C8A78 (SYSLYB) at 0xBE7DC
[15:14:51.434] |D| [load_var_exports]: 	NID 0x6C2224BA (NID_MODULE_INFO) at 0xBDF10
[15:14:51.435] |W| [load_var_imports]: 	NID NOT FOUND 0x93B8AA67 (__stack_chk_guard) at 0xD2EE0, setting to stub value 0xDEADBEEF
[15:14:51.436] |I| [pre_load_module]: Pre-load module SceLibft2 (at "sys/external/libSceFt2.suprx") loaded
[15:14:51.497] |I| [load_self]: Loaded module segment 0 @ [0x000D5000 - 0x000E4F14 / 0x81000000] (size: 0x0000FF14) of module vs0:sys/external/libpvf.suprx
[15:14:51.500] |I| [load_self]: Loaded module segment 1 @ [0x000E5000 - 0x000E5008 / 0x81010000] (size: 0x00000008) of module vs0:sys/external/libpvf.suprx
[15:14:51.502] |I| [load_self]: Linking SELF vs0:sys/external/libpvf.suprx...
[15:14:51.503] |D| [load_var_exports]: 	NID 0x936C8A78 (SYSLYB) at 0xE3710
[15:14:51.504] |D| [load_var_exports]: 	NID 0x6C2224BA (NID_MODULE_INFO) at 0xE3300
[15:14:51.505] |I| [pre_load_module]: Pre-load module SceLibPvf (at "sys/external/libpvf.suprx") loaded
[15:14:51.660] |I| [load_self]: app0:eboot.bin: Skipping special segment 0x6FFFFF01...
[15:14:51.660] |I| [load_self]: Loaded module segment 0 @ [0x81000000 - 0x81427F00 / 0x81000000] (size: 0x00427F00) of module app0:eboot.bin
[15:14:51.662] |I| [load_self]: Loaded module segment 1 @ [0x81428000 - 0x81565148 / 0x81428000] (size: 0x0013D148) of module app0:eboot.bin
[15:14:51.663] |I| [load_self]: Linking SELF app0:eboot.bin...
[15:14:51.664] |D| [load_var_exports]: 	NID 0x6C2224BA (NID_MODULE_INFO) at 0x813E8624
[15:14:51.665] |D| [load_var_exports]: 	NID 0x70FBA1E7 (SCE_PROC_PARAMS) at 0x8142E2B0
[15:14:51.665] |I| [load_app_impl]: Main executable Game_dvd (eboot.bin) loaded
[15:14:51.791] |I| [renderer::vulkan::VKState::precompile_shader]: Program Compiled 1/17
[15:14:51.864] |I| [renderer::vulkan::VKState::precompile_shader]: Program Compiled 2/17
[15:14:51.872] |I| [renderer::vulkan::VKState::precompile_shader]: Program Compiled 3/17
[15:14:51.922] |I| [renderer::vulkan::VKState::precompile_shader]: Program Compiled 4/17
[15:14:51.973] |I| [renderer::vulkan::VKState::precompile_shader]: Program Compiled 5/17
[15:14:51.976] |I| [renderer::vulkan::VKState::precompile_shader]: Program Compiled 6/17
[15:14:51.977] |I| [renderer::vulkan::VKState::precompile_shader]: Program Compiled 7/17
[15:14:51.979] |I| [renderer::vulkan::VKState::precompile_shader]: Program Compiled 8/17
[15:14:51.981] |I| [renderer::vulkan::VKState::precompile_shader]: Program Compiled 9/17
[15:14:51.982] |I| [renderer::vulkan::VKState::precompile_shader]: Program Compiled 10/17
[15:14:51.984] |I| [renderer::vulkan::VKState::precompile_shader]: Program Compiled 11/17
[15:14:52.024] |I| [renderer::vulkan::VKState::precompile_shader]: Program Compiled 12/17
[15:14:52.048] |I| [renderer::vulkan::VKState::precompile_shader]: Program Compiled 13/17
[15:14:52.051] |I| [renderer::vulkan::VKState::precompile_shader]: Program Compiled 14/17
[15:14:52.061] |I| [renderer::vulkan::VKState::precompile_shader]: Program Compiled 15/17
[15:14:52.063] |I| [renderer::vulkan::VKState::precompile_shader]: Program Compiled 16/17
[15:14:52.065] |I| [renderer::vulkan::VKState::precompile_shader]: Program Compiled 17/17
[15:14:52.131] |D| [run_app]: Running module_start of library: SceLibc at address 0x45E5
[15:14:52.237] |I| [export_sceIoOpen]: Opening file: tty0:
[15:14:52.238] |T| [open_file]: sceIoOpen: Opening terminal tty0:
[15:14:52.238] |I| [export_sceIoOpen]: Opening file: tty0:
[15:14:52.239] |T| [open_file]: sceIoOpen: Opening terminal tty0:
[15:14:52.239] |I| [export_sceIoOpen]: Opening file: tty1:
[15:14:52.240] |T| [open_file]: sceIoOpen: Opening terminal tty1:
[15:14:52.247] |I| [run_app]: Module SceLibc (at "app0:sce_module/libc.suprx") module_start returned 0x0
[15:14:52.253] |D| [run_app]: Running module_start of library: SceLibFios2 at address 0x44001
[15:14:52.272] |I| [run_app]: Module SceLibFios2 (at "app0:sce_module/libfios2.suprx") module_start returned 0x0
[15:14:52.278] |D| [run_app]: Running module_start of library: SceUlt at address 0x6FD69
[15:14:52.297] |I| [run_app]: Module SceUlt (at "app0:sce_module/libult.suprx") module_start returned 0x0
[15:14:52.574] |I| [export_sceIoOpen]: Opening file: app0:Configurations/0000000100000001.cfg
[15:14:52.576] |T| [open_file]: sceIoOpen: Opening file app0:Configurations/0000000100000001.cfg (ux0:/app/PCSE00024/Configurations/0000000100000001.cfg), fd: 0x3
[15:14:52.591] |T| [close_file]: sceIoClose: Closing file fd: 0x3
[15:14:52.595] |W| [unimplemented_impl]: Unimplemented sceAppUtilInit import called.
[15:14:52.623] |W| [stubbed_impl]: Stubbed sceGxmMapVertexUsseMemory import called. (always return success)
[15:14:52.623] |W| [stubbed_impl]: Stubbed sceGxmMapFragmentUsseMemory import called. (always return success)
[15:14:52.688] |W| [stubbed_impl]: Stubbed sceGxmGetRenderTargetMemSize import called. (2MiB emuenv mem)
[15:14:52.737] |I| [export_sceIoOpen]: Opening file: app0:RenderConfig/eng/0000000100000001.loc
[15:14:52.737] |T| [open_file]: sceIoOpen: Opening file app0:RenderConfig/eng/0000000100000001.loc (ux0:/app/PCSE00024/RenderConfig/eng/0000000100000001.loc), fd: 0x4
[15:14:52.738] |T| [close_file]: sceIoClose: Closing file fd: 0x4
[15:14:52.739] |I| [export_sceIoOpen]: Opening file: app0:RenderConfig/0000000100000001.rcfg
[15:14:52.744] |T| [open_file]: sceIoOpen: Opening file app0:RenderConfig/0000000100000001.rcfg (ux0:/app/PCSE00024/RenderConfig/0000000100000001.rcfg), fd: 0x5
[15:14:52.860] |E| [logging::ret_error_impl]: sceGxmTextureSetUAddrModeSafe returned SCE_GXM_ERROR_UNSUPPORTED (0x805B0009)
[15:14:52.864] |E| [logging::ret_error_impl]: sceGxmTextureSetVAddrModeSafe returned SCE_GXM_ERROR_UNSUPPORTED (0x805B0009)
[15:14:52.884] |T| [close_file]: sceIoClose: Closing file fd: 0x5
[15:14:52.914] |W| [unimplemented_impl]: Unimplemented sceMotionSetDeadband import called.
[15:14:52.915] |W| [unimplemented_impl]: Unimplemented sceMotionSetTiltCorrection import called.
[15:14:52.915] |W| [unimplemented_impl]: Unimplemented sceMotionSetGyroBiasCorrection import called.
[15:14:52.916] |W| [unimplemented_impl]: Unimplemented sceMotionMagnetometerOff import called.
[15:14:52.917] |W| [unimplemented_impl]: Unimplemented sceMotionReset import called.
[15:14:52.917] |W| [unimplemented_impl]: Unimplemented sceMotionStartSampling import called.
[15:14:52.919] |W| [unimplemented_impl]: Unimplemented sceTouchDisableTouchForce import called.
[15:14:52.951] |T| [open_file]: create_trophy_context: Opening file app0:/sce_sys/trophy/NPWR03007_00/TROPHY.TRP (ux0:/app/PCSE00024/sce_sys/trophy/NPWR03007_00/TROPHY.TRP), fd: 0x6
[15:14:52.971] |T| [open_file]: create_trophy_context: Opening file ux0:/user/00/trophy/data/NPWR03007_00/TROPUSR.DAT (ux0:/user/00/trophy/data/NPWR03007_00/TROPUSR.DAT), fd: 0x7
[15:14:53.032] |T| [open_file]: install_trophy_context: Opening file ux0:/user/00/trophy/conf/NPWR03007_00/TROPCONF.SFM (ux0:/user/00/trophy/conf/NPWR03007_00/TROPCONF.SFM), fd: 0x8
[15:14:53.035] |T| [write_file]: install_trophy_context: Writing to fd: 0x8, size: 3201
[15:14:53.035] |T| [close_file]: install_trophy_context: Closing file fd: 0x8
[15:14:53.047] |T| [open_file]: install_trophy_context: Opening file ux0:/user/00/trophy/conf/NPWR03007_00/TROP.SFM (ux0:/user/00/trophy/conf/NPWR03007_00/TROP.SFM), fd: 0x9
[15:14:53.048] |T| [write_file]: install_trophy_context: Writing to fd: 0x9, size: 10024
[15:14:53.049] |T| [close_file]: install_trophy_context: Closing file fd: 0x9
[15:14:53.052] |T| [open_file]: install_trophy_context: Opening file ux0:/user/00/trophy/conf/NPWR03007_00/TROP_02.SFM (ux0:/user/00/trophy/conf/NPWR03007_00/TROP_02.SFM), fd: 0xA
[15:14:53.053] |T| [write_file]: install_trophy_context: Writing to fd: 0xA, size: 10318
[15:14:53.055] |T| [close_file]: install_trophy_context: Closing file fd: 0xA
[15:14:53.090] |T| [open_file]: install_trophy_context: Opening file ux0:/user/00/trophy/conf/NPWR03007_00/TROP_03.SFM (ux0:/user/00/trophy/conf/NPWR03007_00/TROP_03.SFM), fd: 0xB
[15:14:53.099] |T| [write_file]: install_trophy_context: Writing to fd: 0xB, size: 10851
[15:14:53.101] |T| [close_file]: install_trophy_context: Closing file fd: 0xB
[15:14:53.127] |T| [open_file]: install_trophy_context: Opening file ux0:/user/00/trophy/conf/NPWR03007_00/TROP_04.SFM (ux0:/user/00/trophy/conf/NPWR03007_00/TROP_04.SFM), fd: 0xC
[15:14:53.129] |T| [write_file]: install_trophy_context: Writing to fd: 0xC, size: 10671
[15:14:53.130] |T| [close_file]: install_trophy_context: Closing file fd: 0xC
[15:14:53.153] |T| [open_file]: install_trophy_context: Opening file ux0:/user/00/trophy/conf/NPWR03007_00/TROP_05.SFM (ux0:/user/00/trophy/conf/NPWR03007_00/TROP_05.SFM), fd: 0xD
[15:14:53.155] |T| [write_file]: install_trophy_context: Writing to fd: 0xD, size: 10670
[15:14:53.155] |T| [close_file]: install_trophy_context: Closing file fd: 0xD
[15:14:53.183] |T| [open_file]: install_trophy_context: Opening file ux0:/user/00/trophy/conf/NPWR03007_00/ICON0.PNG (ux0:/user/00/trophy/conf/NPWR03007_00/ICON0.PNG), fd: 0xE
[15:14:53.187] |T| [write_file]: install_trophy_context: Writing to fd: 0xE, size: 94208
[15:14:53.187] |T| [close_file]: install_trophy_context: Closing file fd: 0xE
[15:14:53.198] |T| [open_file]: install_trophy_context: Opening file ux0:/user/00/trophy/conf/NPWR03007_00/TROP000.PNG (ux0:/user/00/trophy/conf/NPWR03007_00/TROP000.PNG), fd: 0xF
[15:14:53.199] |T| [write_file]: install_trophy_context: Writing to fd: 0xF, size: 39628
[15:14:53.200] |T| [close_file]: install_trophy_context: Closing file fd: 0xF
[15:14:53.221] |T| [open_file]: install_trophy_context: Opening file ux0:/user/00/trophy/conf/NPWR03007_00/TROP001.PNG (ux0:/user/00/trophy/conf/NPWR03007_00/TROP001.PNG), fd: 0x10
[15:14:53.222] |T| [write_file]: install_trophy_context: Writing to fd: 0x10, size: 49649
[15:14:53.222] |T| [close_file]: install_trophy_context: Closing file fd: 0x10
[15:14:53.240] |T| [open_file]: install_trophy_context: Opening file ux0:/user/00/trophy/conf/NPWR03007_00/TROP002.PNG (ux0:/user/00/trophy/conf/NPWR03007_00/TROP002.PNG), fd: 0x11
[15:14:53.244] |T| [write_file]: install_trophy_context: Writing to fd: 0x11, size: 76165
[15:14:53.244] |T| [close_file]: install_trophy_context: Closing file fd: 0x11
[15:14:53.253] |T| [open_file]: install_trophy_context: Opening file ux0:/user/00/trophy/conf/NPWR03007_00/TROP003.PNG (ux0:/user/00/trophy/conf/NPWR03007_00/TROP003.PNG), fd: 0x12
[15:14:53.255] |T| [write_file]: install_trophy_context: Writing to fd: 0x12, size: 69318
[15:14:53.256] |T| [close_file]: install_trophy_context: Closing file fd: 0x12
[15:14:53.309] |T| [open_file]: install_trophy_context: Opening file ux0:/user/00/trophy/conf/NPWR03007_00/TROP004.PNG (ux0:/user/00/trophy/conf/NPWR03007_00/TROP004.PNG), fd: 0x13
[15:14:53.341] |T| [write_file]: install_trophy_context: Writing to fd: 0x13, size: 68854
[15:14:53.341] |T| [close_file]: install_trophy_context: Closing file fd: 0x13
[15:14:53.376] |T| [open_file]: install_trophy_context: Opening file ux0:/user/00/trophy/conf/NPWR03007_00/TROP005.PNG (ux0:/user/00/trophy/conf/NPWR03007_00/TROP005.PNG), fd: 0x14
[15:14:53.379] |T| [write_file]: install_trophy_context: Writing to fd: 0x14, size: 67149
[15:14:53.379] |T| [close_file]: install_trophy_context: Closing file fd: 0x14
[15:14:53.387] |T| [open_file]: install_trophy_context: Opening file ux0:/user/00/trophy/conf/NPWR03007_00/TROP006.PNG (ux0:/user/00/trophy/conf/NPWR03007_00/TROP006.PNG), fd: 0x15
[15:14:53.388] |T| [write_file]: install_trophy_context: Writing to fd: 0x15, size: 50311
[15:14:53.389] |T| [close_file]: install_trophy_context: Closing file fd: 0x15
[15:14:53.484] |T| [open_file]: install_trophy_context: Opening file ux0:/user/00/trophy/conf/NPWR03007_00/TROP007.PNG (ux0:/user/00/trophy/conf/NPWR03007_00/TROP007.PNG), fd: 0x16
[15:14:53.486] |T| [write_file]: install_trophy_context: Writing to fd: 0x16, size: 46306
[15:14:53.486] |T| [close_file]: install_trophy_context: Closing file fd: 0x16
[15:14:53.520] |T| [open_file]: install_trophy_context: Opening file ux0:/user/00/trophy/conf/NPWR03007_00/TROP008.PNG (ux0:/user/00/trophy/conf/NPWR03007_00/TROP008.PNG), fd: 0x17
[15:14:53.523] |T| [write_file]: install_trophy_context: Writing to fd: 0x17, size: 69472
[15:14:53.523] |T| [close_file]: install_trophy_context: Closing file fd: 0x17
[15:14:53.565] |T| [open_file]: install_trophy_context: Opening file ux0:/user/00/trophy/conf/NPWR03007_00/TROP009.PNG (ux0:/user/00/trophy/conf/NPWR03007_00/TROP009.PNG), fd: 0x18
[15:14:53.570] |T| [write_file]: install_trophy_context: Writing to fd: 0x18, size: 90588
[15:14:53.570] |T| [close_file]: install_trophy_context: Closing file fd: 0x18
[15:14:53.572] |T| [open_file]: install_trophy_context: Opening file ux0:/user/00/trophy/conf/NPWR03007_00/TROP010.PNG (ux0:/user/00/trophy/conf/NPWR03007_00/TROP010.PNG), fd: 0x19
[15:14:53.573] |T| [write_file]: install_trophy_context: Writing to fd: 0x19, size: 75768
[15:14:53.573] |T| [close_file]: install_trophy_context: Closing file fd: 0x19
[15:14:53.576] |T| [open_file]: install_trophy_context: Opening file ux0:/user/00/trophy/conf/NPWR03007_00/TROP011.PNG (ux0:/user/00/trophy/conf/NPWR03007_00/TROP011.PNG), fd: 0x1A
[15:14:53.577] |T| [write_file]: install_trophy_context: Writing to fd: 0x1A, size: 93401
[15:14:53.577] |T| [close_file]: install_trophy_context: Closing file fd: 0x1A
[15:14:53.579] |T| [open_file]: install_trophy_context: Opening file ux0:/user/00/trophy/conf/NPWR03007_00/TROP012.PNG (ux0:/user/00/trophy/conf/NPWR03007_00/TROP012.PNG), fd: 0x1B
[15:14:53.580] |T| [write_file]: install_trophy_context: Writing to fd: 0x1B, size: 70196
[15:14:53.581] |T| [close_file]: install_trophy_context: Closing file fd: 0x1B
[15:14:53.583] |T| [open_file]: install_trophy_context: Opening file ux0:/user/00/trophy/conf/NPWR03007_00/TROP013.PNG (ux0:/user/00/trophy/conf/NPWR03007_00/TROP013.PNG), fd: 0x1C
[15:14:53.587] |T| [write_file]: install_trophy_context: Writing to fd: 0x1C, size: 98611
[15:14:53.587] |T| [close_file]: install_trophy_context: Closing file fd: 0x1C
[15:14:53.589] |T| [open_file]: install_trophy_context: Opening file ux0:/user/00/trophy/conf/NPWR03007_00/TROP014.PNG (ux0:/user/00/trophy/conf/NPWR03007_00/TROP014.PNG), fd: 0x1D
[15:14:53.590] |T| [write_file]: install_trophy_context: Writing to fd: 0x1D, size: 75094
[15:14:53.590] |T| [close_file]: install_trophy_context: Closing file fd: 0x1D
[15:14:53.593] |T| [open_file]: install_trophy_context: Opening file ux0:/user/00/trophy/conf/NPWR03007_00/TROP015.PNG (ux0:/user/00/trophy/conf/NPWR03007_00/TROP015.PNG), fd: 0x1E
[15:14:53.593] |T| [write_file]: install_trophy_context: Writing to fd: 0x1E, size: 60125
[15:14:53.594] |T| [close_file]: install_trophy_context: Closing file fd: 0x1E
[15:14:53.596] |T| [open_file]: install_trophy_context: Opening file ux0:/user/00/trophy/conf/NPWR03007_00/TROP016.PNG (ux0:/user/00/trophy/conf/NPWR03007_00/TROP016.PNG), fd: 0x1F
[15:14:53.597] |T| [write_file]: install_trophy_context: Writing to fd: 0x1F, size: 70584
[15:14:53.598] |T| [close_file]: install_trophy_context: Closing file fd: 0x1F
[15:14:53.603] |T| [open_file]: install_trophy_context: Opening file ux0:/user/00/trophy/conf/NPWR03007_00/TROP017.PNG (ux0:/user/00/trophy/conf/NPWR03007_00/TROP017.PNG), fd: 0x20
[15:14:53.604] |T| [write_file]: install_trophy_context: Writing to fd: 0x20, size: 62053
[15:14:53.605] |T| [close_file]: install_trophy_context: Closing file fd: 0x20
[15:14:53.607] |T| [open_file]: install_trophy_context: Opening file ux0:/user/00/trophy/conf/NPWR03007_00/TROP018.PNG (ux0:/user/00/trophy/conf/NPWR03007_00/TROP018.PNG), fd: 0x21
[15:14:53.608] |T| [write_file]: install_trophy_context: Writing to fd: 0x21, size: 57583
[15:14:53.608] |T| [close_file]: install_trophy_context: Closing file fd: 0x21
[15:14:53.611] |T| [open_file]: install_trophy_context: Opening file ux0:/user/00/trophy/conf/NPWR03007_00/TROP019.PNG (ux0:/user/00/trophy/conf/NPWR03007_00/TROP019.PNG), fd: 0x22
[15:14:53.612] |T| [write_file]: install_trophy_context: Writing to fd: 0x22, size: 73222
[15:14:53.613] |T| [close_file]: install_trophy_context: Closing file fd: 0x22
[15:14:53.615] |T| [open_file]: install_trophy_context: Opening file ux0:/user/00/trophy/conf/NPWR03007_00/TROP020.PNG (ux0:/user/00/trophy/conf/NPWR03007_00/TROP020.PNG), fd: 0x23
[15:14:53.618] |T| [write_file]: install_trophy_context: Writing to fd: 0x23, size: 59267
[15:14:53.618] |T| [close_file]: install_trophy_context: Closing file fd: 0x23
[15:14:53.621] |T| [open_file]: install_trophy_context: Opening file ux0:/user/00/trophy/conf/NPWR03007_00/TROP021.PNG (ux0:/user/00/trophy/conf/NPWR03007_00/TROP021.PNG), fd: 0x24
[15:14:53.622] |T| [write_file]: install_trophy_context: Writing to fd: 0x24, size: 46165
[15:14:53.622] |T| [close_file]: install_trophy_context: Closing file fd: 0x24
[15:14:53.624] |T| [open_file]: install_trophy_context: Opening file ux0:/user/00/trophy/conf/NPWR03007_00/TROP022.PNG (ux0:/user/00/trophy/conf/NPWR03007_00/TROP022.PNG), fd: 0x25
[15:14:53.625] |T| [write_file]: install_trophy_context: Writing to fd: 0x25, size: 45119
[15:14:53.625] |T| [close_file]: install_trophy_context: Closing file fd: 0x25
[15:14:53.628] |T| [open_file]: install_trophy_context: Opening file ux0:/user/00/trophy/conf/NPWR03007_00/TROP023.PNG (ux0:/user/00/trophy/conf/NPWR03007_00/TROP023.PNG), fd: 0x26
[15:14:53.628] |T| [write_file]: install_trophy_context: Writing to fd: 0x26, size: 47368
[15:14:53.629] |T| [close_file]: install_trophy_context: Closing file fd: 0x26
[15:14:53.632] |T| [open_file]: install_trophy_context: Opening file ux0:/user/00/trophy/conf/NPWR03007_00/TROP024.PNG (ux0:/user/00/trophy/conf/NPWR03007_00/TROP024.PNG), fd: 0x27
[15:14:53.636] |T| [write_file]: install_trophy_context: Writing to fd: 0x27, size: 68980
[15:14:53.636] |T| [close_file]: install_trophy_context: Closing file fd: 0x27
[15:14:53.638] |T| [open_file]: install_trophy_context: Opening file ux0:/user/00/trophy/conf/NPWR03007_00/TROP025.PNG (ux0:/user/00/trophy/conf/NPWR03007_00/TROP025.PNG), fd: 0x28
[15:14:53.639] |T| [write_file]: install_trophy_context: Writing to fd: 0x28, size: 57930
[15:14:53.640] |T| [close_file]: install_trophy_context: Closing file fd: 0x28
[15:14:53.642] |T| [open_file]: install_trophy_context: Opening file ux0:/user/00/trophy/conf/NPWR03007_00/TROP026.PNG (ux0:/user/00/trophy/conf/NPWR03007_00/TROP026.PNG), fd: 0x29
[15:14:53.643] |T| [write_file]: install_trophy_context: Writing to fd: 0x29, size: 60008
[15:14:53.644] |T| [close_file]: install_trophy_context: Closing file fd: 0x29
[15:14:53.650] |T| [open_file]: install_trophy_context: Opening file ux0:/user/00/trophy/conf/NPWR03007_00/TROP027.PNG (ux0:/user/00/trophy/conf/NPWR03007_00/TROP027.PNG), fd: 0x2A
[15:14:53.651] |T| [write_file]: install_trophy_context: Writing to fd: 0x2A, size: 48925
[15:14:53.651] |T| [close_file]: install_trophy_context: Closing file fd: 0x2A
[15:14:53.654] |T| [open_file]: install_trophy_context: Opening file ux0:/user/00/trophy/conf/NPWR03007_00/TROP028.PNG (ux0:/user/00/trophy/conf/NPWR03007_00/TROP028.PNG), fd: 0x2B
[15:14:53.656] |T| [write_file]: install_trophy_context: Writing to fd: 0x2B, size: 72748
[15:14:53.656] |T| [close_file]: install_trophy_context: Closing file fd: 0x2B
[15:14:53.658] |T| [open_file]: install_trophy_context: Opening file ux0:/user/00/trophy/conf/NPWR03007_00/TROP029.PNG (ux0:/user/00/trophy/conf/NPWR03007_00/TROP029.PNG), fd: 0x2C
[15:14:53.659] |T| [write_file]: install_trophy_context: Writing to fd: 0x2C, size: 73390
[15:14:53.660] |T| [close_file]: install_trophy_context: Closing file fd: 0x2C
[15:14:53.665] |T| [open_file]: install_trophy_context: Opening file ux0:/user/00/trophy/conf/NPWR03007_00/TROP030.PNG (ux0:/user/00/trophy/conf/NPWR03007_00/TROP030.PNG), fd: 0x2D
[15:14:53.667] |T| [write_file]: install_trophy_context: Writing to fd: 0x2D, size: 75661
[15:14:53.667] |T| [close_file]: install_trophy_context: Closing file fd: 0x2D
[15:14:53.670] |T| [open_file]: install_trophy_context: Opening file ux0:/user/00/trophy/conf/NPWR03007_00/TROP031.PNG (ux0:/user/00/trophy/conf/NPWR03007_00/TROP031.PNG), fd: 0x2E
[15:14:53.671] |T| [write_file]: install_trophy_context: Writing to fd: 0x2E, size: 57804
[15:14:53.671] |T| [close_file]: install_trophy_context: Closing file fd: 0x2E
[15:14:53.673] |T| [open_file]: install_trophy_context: Opening file ux0:/user/00/trophy/conf/NPWR03007_00/TROP032.PNG (ux0:/user/00/trophy/conf/NPWR03007_00/TROP032.PNG), fd: 0x2F
[15:14:53.674] |T| [write_file]: install_trophy_context: Writing to fd: 0x2F, size: 70518
[15:14:53.675] |T| [close_file]: install_trophy_context: Closing file fd: 0x2F
[15:14:53.677] |T| [open_file]: install_trophy_context: Opening file ux0:/user/00/trophy/conf/NPWR03007_00/TROP033.PNG (ux0:/user/00/trophy/conf/NPWR03007_00/TROP033.PNG), fd: 0x30
[15:14:53.679] |T| [write_file]: install_trophy_context: Writing to fd: 0x30, size: 63324
[15:14:53.680] |T| [close_file]: install_trophy_context: Closing file fd: 0x30
[15:14:53.682] |T| [open_file]: install_trophy_context: Opening file ux0:/user/00/trophy/conf/NPWR03007_00/TROP034.PNG (ux0:/user/00/trophy/conf/NPWR03007_00/TROP034.PNG), fd: 0x31
[15:14:53.683] |T| [write_file]: install_trophy_context: Writing to fd: 0x31, size: 53091
[15:14:53.683] |T| [close_file]: install_trophy_context: Closing file fd: 0x31
[15:14:53.686] |T| [open_file]: install_trophy_context: Opening file ux0:/user/00/trophy/conf/NPWR03007_00/TROP035.PNG (ux0:/user/00/trophy/conf/NPWR03007_00/TROP035.PNG), fd: 0x32
[15:14:53.687] |T| [write_file]: install_trophy_context: Writing to fd: 0x32, size: 62523
[15:14:53.687] |T| [close_file]: install_trophy_context: Closing file fd: 0x32
[15:14:53.690] |T| [open_file]: install_trophy_context: Opening file ux0:/user/00/trophy/conf/NPWR03007_00/TROP036.PNG (ux0:/user/00/trophy/conf/NPWR03007_00/TROP036.PNG), fd: 0x33
[15:14:53.690] |T| [write_file]: install_trophy_context: Writing to fd: 0x33, size: 48526
[15:14:53.691] |T| [close_file]: install_trophy_context: Closing file fd: 0x33
[15:14:53.694] |T| [open_file]: install_trophy_context: Opening file ux0:/user/00/trophy/conf/NPWR03007_00/TROP037.PNG (ux0:/user/00/trophy/conf/NPWR03007_00/TROP037.PNG), fd: 0x34
[15:14:53.698] |T| [write_file]: install_trophy_context: Writing to fd: 0x34, size: 53980
[15:14:53.699] |T| [close_file]: install_trophy_context: Closing file fd: 0x34
[15:14:53.701] |T| [open_file]: install_trophy_context: Opening file ux0:/user/00/trophy/conf/NPWR03007_00/TROP038.PNG (ux0:/user/00/trophy/conf/NPWR03007_00/TROP038.PNG), fd: 0x35
[15:14:53.701] |T| [write_file]: install_trophy_context: Writing to fd: 0x35, size: 56552
[15:14:53.702] |T| [close_file]: install_trophy_context: Closing file fd: 0x35
[15:14:53.705] |T| [open_file]: install_trophy_context: Opening file ux0:/user/00/trophy/conf/NPWR03007_00/TROP039.PNG (ux0:/user/00/trophy/conf/NPWR03007_00/TROP039.PNG), fd: 0x36
[15:14:53.705] |T| [write_file]: install_trophy_context: Writing to fd: 0x36, size: 56457
[15:14:53.706] |T| [close_file]: install_trophy_context: Closing file fd: 0x36
[15:14:53.708] |T| [open_file]: install_trophy_context: Opening file ux0:/user/00/trophy/conf/NPWR03007_00/TROP040.PNG (ux0:/user/00/trophy/conf/NPWR03007_00/TROP040.PNG), fd: 0x37
[15:14:53.712] |T| [write_file]: install_trophy_context: Writing to fd: 0x37, size: 56624
[15:14:53.712] |T| [close_file]: install_trophy_context: Closing file fd: 0x37
[15:14:53.717] |T| [open_file]: install_trophy_context: Opening file ux0:/user/00/trophy/conf/NPWR03007_00/TROP041.PNG (ux0:/user/00/trophy/conf/NPWR03007_00/TROP041.PNG), fd: 0x38
[15:14:53.718] |T| [write_file]: install_trophy_context: Writing to fd: 0x38, size: 56977
[15:14:53.718] |T| [close_file]: install_trophy_context: Closing file fd: 0x38
[15:14:53.721] |T| [open_file]: install_trophy_context: Opening file ux0:/user/00/trophy/conf/NPWR03007_00/TROP042.PNG (ux0:/user/00/trophy/conf/NPWR03007_00/TROP042.PNG), fd: 0x39
[15:14:53.721] |T| [write_file]: install_trophy_context: Writing to fd: 0x39, size: 51467
[15:14:53.722] |T| [close_file]: install_trophy_context: Closing file fd: 0x39
[15:14:53.724] |T| [open_file]: install_trophy_context: Opening file ux0:/user/00/trophy/conf/NPWR03007_00/TROP043.PNG (ux0:/user/00/trophy/conf/NPWR03007_00/TROP043.PNG), fd: 0x3A
[15:14:53.726] |T| [write_file]: install_trophy_context: Writing to fd: 0x3A, size: 63966
[15:14:53.727] |T| [close_file]: install_trophy_context: Closing file fd: 0x3A
[15:14:53.729] |T| [open_file]: install_trophy_context: Opening file ux0:/user/00/trophy/conf/NPWR03007_00/TROP044.PNG (ux0:/user/00/trophy/conf/NPWR03007_00/TROP044.PNG), fd: 0x3B
[15:14:53.730] |T| [write_file]: install_trophy_context: Writing to fd: 0x3B, size: 71853
[15:14:53.730] |T| [close_file]: install_trophy_context: Closing file fd: 0x3B
[15:14:53.733] |T| [open_file]: install_trophy_context: Opening file ux0:/user/00/trophy/conf/NPWR03007_00/TROP045.PNG (ux0:/user/00/trophy/conf/NPWR03007_00/TROP045.PNG), fd: 0x3C
[15:14:53.734] |T| [write_file]: install_trophy_context: Writing to fd: 0x3C, size: 43694
[15:14:53.734] |T| [close_file]: install_trophy_context: Closing file fd: 0x3C
[15:14:53.736] |T| [open_file]: install_trophy_context: Opening file ux0:/user/00/trophy/conf/NPWR03007_00/TROP046.PNG (ux0:/user/00/trophy/conf/NPWR03007_00/TROP046.PNG), fd: 0x3D
[15:14:53.738] |T| [write_file]: install_trophy_context: Writing to fd: 0x3D, size: 68787
[15:14:53.738] |T| [close_file]: install_trophy_context: Closing file fd: 0x3D
[15:14:53.806] |T| [open_file]: install_trophy_context: Opening file ux0:/user/00/trophy/conf/NPWR03007_00/TROP047.PNG (ux0:/user/00/trophy/conf/NPWR03007_00/TROP047.PNG), fd: 0x3E
[15:14:53.850] |T| [write_file]: install_trophy_context: Writing to fd: 0x3E, size: 66569
[15:14:53.851] |T| [close_file]: install_trophy_context: Closing file fd: 0x3E
[15:14:53.853] |T| [open_file]: install_trophy_context: Opening file ux0:/user/00/trophy/conf/NPWR03007_00/TROP048.PNG (ux0:/user/00/trophy/conf/NPWR03007_00/TROP048.PNG), fd: 0x3F
[15:14:53.856] |T| [write_file]: install_trophy_context: Writing to fd: 0x3F, size: 58333
[15:14:53.856] |T| [close_file]: install_trophy_context: Closing file fd: 0x3F
[15:14:53.858] |T| [open_file]: install_trophy_context: Opening file ux0:/user/00/trophy/conf/NPWR03007_00/TROP049.PNG (ux0:/user/00/trophy/conf/NPWR03007_00/TROP049.PNG), fd: 0x40
[15:14:53.859] |T| [write_file]: install_trophy_context: Writing to fd: 0x40, size: 49534
[15:14:53.859] |T| [close_file]: install_trophy_context: Closing file fd: 0x40
[15:14:53.861] |T| [open_file]: install_trophy_context: Opening file ux0:/user/00/trophy/conf/NPWR03007_00/TROP050.PNG (ux0:/user/00/trophy/conf/NPWR03007_00/TROP050.PNG), fd: 0x41
[15:14:53.864] |T| [write_file]: install_trophy_context: Writing to fd: 0x41, size: 66102
[15:14:53.865] |T| [close_file]: install_trophy_context: Closing file fd: 0x41
[15:14:53.909] |T| [close_file]: create_trophy_context: Closing file fd: 0x7
[15:14:53.910] |T| [export_sceNpTrophyCreateContext]: Trophy context for NPWR03007_00 create successfuly!
[15:14:53.926] |W| [unimplemented_impl]: Unimplemented sceCommonDialogSetConfigParam import called.
[15:14:54.023] |W| [stubbed_impl]: Stubbed _sceDisplaySetFrameBuf import called. (SCE_DISPLAY_SETBUF_IMMEDIATE is not supported)
[15:14:54.027] |W| [stubbed_impl]: Stubbed sceNgsVoiceInit import called. (Default preset not implemented)
[15:14:54.028] |T| [export_sceNgsPatchCreateRouting]: Patching 0x1303D0:0:0 to 0x130220:0
[15:14:54.028] |T| [export_sceNgsPatchCreateRouting]: Patching 0x1308E0:0:0 to 0x130220:0
[15:14:54.029] |T| [export_sceNgsPatchCreateRouting]: Patching 0x130DF0:0:0 to 0x130220:0
[15:14:54.029] |T| [export_sceNgsPatchCreateRouting]: Patching 0x131300:0:0 to 0x130220:0
[15:14:54.030] |T| [export_sceNgsPatchCreateRouting]: Patching 0x131810:0:0 to 0x130220:0
[15:14:54.030] |T| [export_sceNgsPatchCreateRouting]: Patching 0x131D20:0:0 to 0x130220:0
[15:14:54.030] |T| [export_sceNgsPatchCreateRouting]: Patching 0x132230:0:0 to 0x130220:0
[15:14:54.031] |T| [export_sceNgsPatchCreateRouting]: Patching 0x132740:0:0 to 0x130220:0
[15:14:54.032] |T| [export_sceNgsPatchCreateRouting]: Patching 0x132C50:0:0 to 0x130220:0
[15:14:54.032] |T| [export_sceNgsPatchCreateRouting]: Patching 0x133160:0:0 to 0x130220:0
[15:14:54.033] |T| [export_sceNgsPatchCreateRouting]: Patching 0x133670:0:0 to 0x130220:0
[15:14:54.033] |T| [export_sceNgsPatchCreateRouting]: Patching 0x133B80:0:0 to 0x130220:0
[15:14:54.036] |T| [export_sceNgsPatchCreateRouting]: Patching 0x134090:0:0 to 0x130220:0
[15:14:54.036] |T| [export_sceNgsPatchCreateRouting]: Patching 0x1345A0:0:0 to 0x130220:0
[15:14:54.037] |T| [export_sceNgsPatchCreateRouting]: Patching 0x134AB0:0:0 to 0x130220:0
[15:14:54.037] |T| [export_sceNgsPatchCreateRouting]: Patching 0x134FC0:0:0 to 0x130220:0
[15:14:54.038] |T| [export_sceNgsPatchCreateRouting]: Patching 0x1354D0:0:0 to 0x130220:0
[15:14:54.038] |T| [export_sceNgsPatchCreateRouting]: Patching 0x1359E0:0:0 to 0x130220:0
[15:14:54.039] |T| [export_sceNgsPatchCreateRouting]: Patching 0x135EF0:0:0 to 0x130220:0
[15:14:54.039] |T| [export_sceNgsPatchCreateRouting]: Patching 0x136400:0:0 to 0x130220:0
[15:14:54.040] |T| [export_sceNgsPatchCreateRouting]: Patching 0x136910:0:0 to 0x130220:0
[15:14:54.040] |T| [export_sceNgsPatchCreateRouting]: Patching 0x136E20:0:0 to 0x130220:0
[15:14:54.041] |T| [export_sceNgsPatchCreateRouting]: Patching 0x137330:0:0 to 0x130220:0
[15:14:54.041] |T| [export_sceNgsPatchCreateRouting]: Patching 0x137840:0:0 to 0x130220:0
[15:14:54.042] |T| [export_sceNgsPatchCreateRouting]: Patching 0x137D50:0:0 to 0x130220:0
[15:14:54.042] |T| [export_sceNgsPatchCreateRouting]: Patching 0x138260:0:0 to 0x130220:0
[15:14:54.042] |T| [export_sceNgsPatchCreateRouting]: Patching 0x138770:0:0 to 0x130220:0
[15:14:54.043] |T| [export_sceNgsPatchCreateRouting]: Patching 0x138C80:0:0 to 0x130220:0
[15:14:54.043] |T| [export_sceNgsPatchCreateRouting]: Patching 0x139190:0:0 to 0x130220:0
[15:14:54.044] |T| [export_sceNgsPatchCreateRouting]: Patching 0x1396A0:0:0 to 0x130220:0
[15:14:54.044] |T| [export_sceNgsPatchCreateRouting]: Patching 0x139BB0:0:0 to 0x130220:0
[15:14:54.045] |T| [export_sceNgsPatchCreateRouting]: Patching 0x13A0C0:0:0 to 0x130220:0
[15:14:54.117] |T| [export_sceNgsPatchCreateRouting]: Patching 0x13BE50:0:0 to 0x130220:0
[15:14:54.118] |T| [export_sceNgsPatchCreateRouting]: Patching 0x13C360:0:0 to 0x130220:0
[15:14:54.119] |T| [export_sceNgsPatchCreateRouting]: Patching 0x13C870:0:0 to 0x130220:0
[15:14:54.120] |T| [export_sceNgsPatchCreateRouting]: Patching 0x13CD80:0:0 to 0x130220:0
[15:14:54.140] |W| [stubbed_impl]: Stubbed sceNetCtlInit import called. (Stub)
[15:14:54.225] |W| [unimplemented_impl]: Unimplemented sceMotionGetState import called.
[15:14:54.301] |I| [export_sceIoOpen]: Opening file: app0:LoadingScreens/eng/0000000100000001.loc
[15:14:54.302] |T| [open_file]: sceIoOpen: Opening file app0:LoadingScreens/eng/0000000100000001.loc (ux0:/app/PCSE00024/LoadingScreens/eng/0000000100000001.loc), fd: 0x42
[15:14:54.316] |T| [close_file]: sceIoClose: Closing file fd: 0x42
[15:14:54.322] |I| [export_sceIoOpen]: Opening file: app0:LoadingScreens/0000000100000001.ls
[15:14:54.357] |T| [open_file]: sceIoOpen: Opening file app0:LoadingScreens/0000000100000001.ls (ux0:/app/PCSE00024/LoadingScreens/0000000100000001.ls), fd: 0x43
[15:14:54.464] |T| [close_file]: sceIoClose: Closing file fd: 0x43
[15:14:54.508] |I| [export_sceIoOpen]: Opening file: app0:Games/eng/0000000100000001.loc
[15:14:54.510] |T| [open_file]: sceIoOpen: Opening file app0:Games/eng/0000000100000001.loc (ux0:/app/PCSE00024/Games/eng/0000000100000001.loc), fd: 0x44
[15:14:54.527] |T| [close_file]: sceIoClose: Closing file fd: 0x44
[15:14:54.528] |I| [export_sceIoOpen]: Opening file: app0:Games/0000000100000001.gam
[15:14:54.543] |T| [open_file]: sceIoOpen: Opening file app0:Games/0000000100000001.gam (ux0:/app/PCSE00024/Games/0000000100000001.gam), fd: 0x45
[15:14:56.337] |T| [close_file]: sceIoClose: Closing file fd: 0x45
[15:15:05.090] |E| [stat_file]: Missing file at C:/Users/Takuarikushi/AppData/Roaming/Vita3K/Vita3K/ux0/app/PCSE00024/Movies/eng/CNi_logo.mp4 (target path: app0:Movies/eng/CNi_logo.mp4)
[15:15:05.092] |W| [io_error_impl]: stat_file (_sceIoGetstat) returned 0x80010002
[15:15:05.096] |I| [load_module]: Loading module ID: 0x2D
[15:15:05.103] |I| [load_self]: sys/external/libscemp4.suprx: Skipping special segment 0x6FFFFF01...
[15:15:05.104] |I| [load_self]: Loaded module segment 0 @ [0x01A28000 - 0x01A37D20 / 0x81000000] (size: 0x0000FD20) of module sys/external/libscemp4.suprx
[15:15:05.106] |I| [load_self]: Loaded module segment 1 @ [0x0133E000 - 0x0133E028 / 0x81010000] (size: 0x00000028) of module sys/external/libscemp4.suprx
[15:15:05.107] |I| [load_self]: Linking SELF sys/external/libscemp4.suprx...
[15:15:05.107] |D| [load_var_exports]: 	NID 0x936C8A78 (SYSLYB) at 0x1A379D0
[15:15:05.108] |D| [load_var_exports]: 	NID 0x6C2224BA (NID_MODULE_INFO) at 0x1A368C4
[15:15:05.109] |I| [load_module]: Module SceMp4 (at "sys/external/libscemp4.suprx") loaded
[15:15:05.112] |T| [log_import_call]: [LLE] TID: 7   FUNC: 0x5474AF0 sceMp4OpenFile at 0x813E7E68
[15:15:05.115] |I| [export_sceIoOpen]: Opening file: app0:Movies/CNi_logo.mp4
[15:15:05.211] |T| [open_file]: sceIoOpen: Opening file app0:Movies/CNi_logo.mp4 (ux0:/app/PCSE00024/Movies/CNi_logo.mp4), fd: 0x46
[15:15:05.253] |T| [log_import_call]: [LLE] TID: 123 FUNC: 0x30E49E4D sceMp4StartFileStreaming at 0x813E7E88
[15:15:05.290] |T| [log_import_call]: [LLE] TID: 123 FUNC: 0x8BE0E3D3 sceMp4GetStreamInfo at 0x813E7EF8
[15:15:05.293] |W| [unimplemented_impl]: Unimplemented sceKernelGetProcessTitleId import called.
[15:15:05.297] |E| [call_import]: Import function for NID 0xE340C1A2 not found (thread name: avPlayer Demux, thread ID: 123)
[15:15:05.307] |W| [stubbed_impl]: Stubbed sceVideodecQueryMemSize import called. (fake size)
[15:15:05.310] |W| [stubbed_impl]: Stubbed sceCodecEngineAllocMemoryFromUnmapMemBlock import called. (fake vaddr)
[15:15:05.522] |T| [log_import_call]: [LLE] TID: 123 FUNC: 0x609E57AD sceMp4EnableStream at 0x813E7EC8
[15:15:05.526] |W| [stubbed_impl]: Stubbed sceAudiodecGetContextSize import called. (fake size)
[15:15:05.641] |T| [log_import_call]: [LLE] TID: 123 FUNC: 0x20A01112 sceMp4GetNextUnit at 0x813E7E78
[15:15:05.650] |T| [log_import_call]: [LLE] TID: 123 FUNC: 0xD092A066 sceMp4GetNextUnitData at 0x813E7F68
[15:15:08.144] |W| [stubbed_impl]: Stubbed sceCodecEngineFreeMemoryFromUnmapMemBlock import called. (always return success)
[15:15:08.147] |W| [unimplemented_impl]: Unimplemented sceKernelCloseMutex import called.
[15:15:08.152] |T| [log_import_call]: [LLE] TID: 7   FUNC: 0x920623C8 sceMp4CloseFile at 0x813E7F08
[15:15:08.156] |T| [close_file]: sceIoClose: Closing file fd: 0x46
[15:15:08.163] |T| [log_import_call]: [LLE] TID: 7   FUNC: 0x7B4832FE sceMp4ReleaseBuffer at 0x813E7EE8
[15:15:08.167] |W| [unimplemented_impl]: Unimplemented sceSysmoduleUnloadModule import called.
[15:15:08.173] |E| [stat_file]: Missing file at C:/Users/Takuarikushi/AppData/Roaming/Vita3K/Vita3K/ux0/app/PCSE00024/Movies/eng/D3_logo.mp4 (target path: app0:Movies/eng/D3_logo.mp4)
[15:15:08.174] |W| [io_error_impl]: stat_file (_sceIoGetstat) returned 0x80010002
[15:15:08.176] |I| [export_sceIoOpen]: Opening file: app0:Movies/D3_logo.mp4
[15:15:08.284] |T| [open_file]: sceIoOpen: Opening file app0:Movies/D3_logo.mp4 (ux0:/app/PCSE00024/Movies/D3_logo.mp4), fd: 0x47
[15:15:10.096] |T| [close_file]: sceIoClose: Closing file fd: 0x47
[15:15:10.109] |E| [stat_file]: Missing file at C:/Users/Takuarikushi/AppData/Roaming/Vita3K/Vita3K/ux0/app/PCSE00024/Movies/eng/MBG_logo.mp4 (target path: app0:Movies/eng/MBG_logo.mp4)
[15:15:10.111] |W| [io_error_impl]: stat_file (_sceIoGetstat) returned 0x80010002
[15:15:10.113] |I| [export_sceIoOpen]: Opening file: app0:Movies/MBG_logo.mp4
[15:15:10.114] |T| [open_file]: sceIoOpen: Opening file app0:Movies/MBG_logo.mp4 (ux0:/app/PCSE00024/Movies/MBG_logo.mp4), fd: 0x48
[15:15:11.892] |T| [close_file]: sceIoClose: Closing file fd: 0x48
[15:15:11.909] |E| [stat_file]: Missing file at C:/Users/Takuarikushi/AppData/Roaming/Vita3K/Vita3K/ux0/app/PCSE00024/Movies/eng/VE_logo.mp4 (target path: app0:Movies/eng/VE_logo.mp4)
[15:15:11.910] |W| [io_error_impl]: stat_file (_sceIoGetstat) returned 0x80010002
[15:15:11.912] |I| [export_sceIoOpen]: Opening file: app0:Movies/VE_logo.mp4
[15:15:12.009] |T| [open_file]: sceIoOpen: Opening file app0:Movies/VE_logo.mp4 (ux0:/app/PCSE00024/Movies/VE_logo.mp4), fd: 0x49
[15:15:14.125] |T| [close_file]: sceIoClose: Closing