[08:10:24.924] |I| [config::init_config]: input-vpk-path: games\PCSG90096_BitterSmile.zip
[08:10:24.924] |I| [config::init_config]: backend-renderer: OpenGL
[08:10:24.924] |I| [config::init_config]: hardware-flip: enabled
[08:10:24.925] |I| [config::init_config]: log-level: 0
[08:10:24.926] |I| [SDL_main]: Vita3K v0.1 1315-5b070aac
[08:10:25.334] |I| [renderer::gl::create]: Swap interval = -1
[08:10:25.336] |I| [renderer::gl::create]: GPU = AMD Radeon HD 6700 Series
[08:10:25.336] |I| [renderer::gl::create]: GL_VERSION = 4.5.13399 Core Profile Context 15.200.1062.1004
[08:10:25.337] |I| [renderer::gl::create]: GL_SHADING_LANGUAGE_VERSION = 4.40
[08:10:25.337] |I| [renderer::gl::create]: Your GPU only supports texture barrier, performance may not be good on programmable blending games.
[08:10:25.337] |W| [renderer::gl::create]: Consider updating to GPU that has shader interlock.
[08:10:25.434] |I| [gui::init_icons]: Default icon found for title PETTANKO0, Pettanko Test.
[08:10:25.437] |I| [gui::init_icons]: Default icon found for title VITA2DTST, vita2dsample.
[08:10:25.438] |I| [gui::init_icons]: Default icon found for title VITATESTR, VitaTester.
[08:10:25.440] |I| [gui::init_icons]: Default icon found for title VSDK01337, SoLoud example.
[08:10:25.441] |I| [gui::init_icons]: Default icon found for title WF0000000, Test.
[08:10:25.442] |I| [gui::init_icons]: Default icon found for title WF0000011, Test.
[08:10:25.443] |I| [gui::init_icons]: Default icon found for title WF0000099, Tank test.
[08:11:59.631] |I| [install_vpk]: PCSG90096 already installed, launching application...
[08:11:59.632] |I| [load_app_impl]: Title: bitter smile. 体験版
[08:11:59.633] |I| [load_app_impl]: Serial: PCSG90096
[08:11:59.633] |I| [load_app_impl]: Version: 01.00
[08:11:59.633] |I| [load_app_impl]: Category: gd
[08:11:59.766] |I| [load_self]: Loaded module segment 0 @ [0x00001000 - 0x0004E3BC] (size: 0x0004D3BC) of module app0:sce_module/libc.suprx
[08:11:59.767] |I| [load_self]: Loaded module segment 1 @ [0x0004F000 - 0x000516F0] (size: 0x000026F0) of module app0:sce_module/libc.suprx
[08:11:59.767] |I| [load_self]: Loading symbols for SELF: app0:sce_module/libc.suprx
[08:11:59.768] |D| [load_var_exports]: 	NID 0x936C8A78 (SYSLYB) at 0x44164
[08:11:59.768] |D| [load_var_exports]: 	NID 0x6C2224BA (NID_MODULE_INFO) at 0x3A0FC
[08:11:59.768] |W| [load_var_imports]: 	NID NOT FOUND 0x93B8AA67 (__stack_chk_guard) at 0x3E0BC, setting to stub value 0xDEADBEEF
[08:11:59.769] |W| [load_var_imports]: 	NID NOT FOUND 0xDF084DFA (UNRECOGNISED) at 0x3FB70, setting to stub value 0xDEADBEEF
[08:11:59.769] |I| [load_app_impl]: Pre-load module SceLibc (at "sce_module/libc.suprx") loaded
[08:11:59.785] |I| [load_self]: Loaded module segment 0 @ [0x00054000 - 0x0007F12C] (size: 0x0002B12C) of module app0:sce_module/libfios2.suprx
[08:11:59.786] |I| [load_self]: Loaded module segment 1 @ [0x00080000 - 0x0008523D] (size: 0x0000523D) of module app0:sce_module/libfios2.suprx
[08:11:59.786] |I| [load_self]: Loading symbols for SELF: app0:sce_module/libfios2.suprx
[08:11:59.787] |D| [load_var_exports]: 	NID 0x936C8A78 (SYSLYB) at 0x7F034
[08:11:59.787] |D| [load_var_exports]: 	NID 0x6C2224BA (NID_MODULE_INFO) at 0x76548
[08:11:59.788] |I| [load_app_impl]: Pre-load module SceLibFios2 (at "sce_module/libfios2.suprx") loaded
[08:11:59.807] |I| [load_self]: Loaded module segment 0 @ [0x00086000 - 0x0009984C] (size: 0x0001384C) of module app0:sce_module/libult.suprx
[08:11:59.808] |I| [load_self]: Loaded module segment 1 @ [0x0009A000 - 0x0009A814] (size: 0x00000814) of module app0:sce_module/libult.suprx
[08:11:59.809] |I| [load_self]: Loading symbols for SELF: app0:sce_module/libult.suprx
[08:11:59.809] |D| [load_var_exports]: 	NID 0x936C8A78 (SYSLYB) at 0x981A8
[08:11:59.810] |D| [load_var_exports]: 	NID 0x6C2224BA (NID_MODULE_INFO) at 0x95738
[08:11:59.810] |W| [load_var_imports]: 	NID NOT FOUND 0x936A5F31 (_pLibPerfCaptureFlagPtr) at 0x95F94, setting to stub value 0xDEADBEEF
[08:11:59.810] |I| [load_app_impl]: Pre-load module SceUlt (at "sce_module/libult.suprx") loaded
[08:11:59.833] |I| [load_self]: Loaded module segment 0 @ [0x81000000 - 0x8103A9E0] (size: 0x0003A9E0) of module app0:eboot.bin
[08:11:59.834] |I| [load_self]: Loaded module segment 1 @ [0x8103B000 - 0x81041E28] (size: 0x00006E28) of module app0:eboot.bin
[08:11:59.834] |I| [load_self]: Loading symbols for SELF: app0:eboot.bin
[08:11:59.835] |D| [load_var_exports]: 	NID 0x6C2224BA (NID_MODULE_INFO) at 0x81030054
[08:11:59.835] |D| [load_var_exports]: 	NID 0x70FBA1E7 (SCE_PROC_PARAMS) at 0x8103B794
[08:11:59.835] |I| [load_app_impl]: Main executable BitterSmileTrial (eboot.bin) loaded
[08:11:59.840] |D| [run_app]: Running module_start of library: SceLibc at address 0x1809
[08:11:59.846] |T| [open_file]: sceKernelGetStdin: Opening terminal tty0:
[08:11:59.847] |T| [open_file]: sceKernelGetStdout: Opening terminal tty0:
[08:11:59.847] |T| [open_file]: sceKernelGetStderr: Opening terminal tty0:
[08:11:59.854] |I| [run_app]: Module SceLibc (at "app0:sce_module/libc.suprx") module_start returned 0x0
[08:11:59.856] |D| [run_app]: Running module_start of library: SceLibFios2 at address 0x54001
[08:11:59.861] |W| [stubbed_impl]: Stubbed sceKernelGetProcessId import called. (pid: 0)
[08:11:59.862] |W| [unimplemented_impl]: Unimplemented sceFiosOverlayGetList02 import called.
[08:11:59.862] |I| [run_app]: Module SceLibFios2 (at "app0:sce_module/libfios2.suprx") module_start returned 0x0
[08:11:59.863] |D| [run_app]: Running module_start of library: SceUlt at address 0x89661
[08:11:59.867] |W| [unimplemented_impl]: Unimplemented _sceUlobjMgrRegisterLibultProtocolRevision import called.
[08:11:59.868] |I| [run_app]: Module SceUlt (at "app0:sce_module/libult.suprx") module_start returned 0x0
[08:11:59.871] |T| [open_file]: sceKernelLoadStartModule: Opening file app0:mai_moe/mai.suprx (ux0:/app/PCSG90096/mai_moe/mai.suprx), fd: 0x3
[08:11:59.871] |T| [seek_file]: sceKernelLoadStartModule: Seeking fd: 0x3, offset: 0x0, whence: SCE_SEEK_END
[08:11:59.871] |T| [seek_file]: sceKernelLoadStartModule: Seeking fd: 0x3, offset: 0x0, whence: SCE_SEEK_SET
[08:11:59.902] |T| [read_file]: sceKernelLoadStartModule: Reading 87866 bytes of fd 0x3
[08:11:59.903] |I| [load_self]: Loaded module segment 0 @ [0x000DE000 - 0x000E0C24] (size: 0x00002C24) of module app0:mai_moe/mai.suprx
[08:11:59.904] |I| [load_self]: Loaded module segment 1 @ [0x000E1000 - 0x000E282C] (size: 0x0000182C) of module app0:mai_moe/mai.suprx
[08:11:59.904] |I| [load_self]: Loading symbols for SELF: app0:mai_moe/mai.suprx
[08:11:59.904] |D| [load_var_exports]: 	NID 0x6C2224BA (NID_MODULE_INFO) at 0xE07E4
[08:11:59.905] |D| [load_var_exports]: 	NID 0x70FBA1E7 (SCE_PROC_PARAMS) at 0xE0840
[08:11:59.905] |T| [close_file]: sceKernelLoadStartModule: Closing file fd: 0x3
[08:11:59.954] |T| [stat_file]: sceIoGetstat: Statting file: app0:mai_moe/load_type.mai (ux0:/app/PCSG90096/mai_moe/load_type.mai)
[08:11:59.956] |I| [export_sceIoOpen]: Opening file: app0:mai_moe/load_type.mai
[08:11:59.956] |T| [open_file]: sceIoOpen: Opening file app0:mai_moe/load_type.mai (ux0:/app/PCSG90096/mai_moe/load_type.mai), fd: 0x4
[08:11:59.957] |T| [stat_file]: sceIoGetstat: Statting file: app0:mai_moe/load_type.mai (ux0:/app/PCSG90096/mai_moe/load_type.mai)
[08:11:59.958] |T| [seek_file]: sceIoLseek: Seeking fd: 0x4, offset: 0x0, whence: SCE_SEEK_SET
[08:11:59.958] |T| [read_file]: sceIoRead: Reading 1 bytes of fd 0x4
[08:11:59.958] |T| [close_file]: sceIoClose: Closing file fd: 0x4
[08:11:59.962] |I| [export_sceKernelLoadStartModule]: Module SceLibFios2 (at "app0:sce_module/libfios2.suprx") module_start returned 0x0
[08:11:59.964] |T| [open_file]: sceKernelLoadStartModule: Opening file app0:sce_module/libfios2_m.suprx (ux0:/app/PCSG90096/sce_module/libfios2_m.suprx), fd: 0x5
[08:11:59.965] |T| [seek_file]: sceKernelLoadStartModule: Seeking fd: 0x5, offset: 0x0, whence: SCE_SEEK_END
[08:11:59.965] |T| [seek_file]: sceKernelLoadStartModule: Seeking fd: 0x5, offset: 0x0, whence: SCE_SEEK_SET
[08:11:59.991] |T| [read_file]: sceKernelLoadStartModule: Reading 261648 bytes of fd 0x5
[08:11:59.992] |I| [load_self]: Loaded module segment 0 @ [0x00163000 - 0x0018E12C] (size: 0x0002B12C) of module app0:sce_module/libfios2_m.suprx
[08:11:59.993] |I| [load_self]: Loaded module segment 1 @ [0x0018F000 - 0x0019423D] (size: 0x0000523D) of module app0:sce_module/libfios2_m.suprx
[08:11:59.993] |I| [load_self]: Loading symbols for SELF: app0:sce_module/libfios2_m.suprx
[08:11:59.993] |D| [load_var_exports]: 	NID 0x936C8A78 (SYSLYB) at 0x18E034
[08:11:59.994] |D| [load_var_exports]: 	NID 0x6C2224BA (NID_MODULE_INFO) at 0x185548
[08:11:59.994] |T| [close_file]: sceKernelLoadStartModule: Closing file fd: 0x5
[08:11:59.999] |I| [export_sceKernelLoadStartModule]: Module mceLibFios2 (at "app0:sce_module/libfios2_m.suprx") module_start returned 0x0
[08:12:00.000] |W| [io_error_impl]: open_dir (sceIoDopen) returned 0x80010002
[08:12:00.001] |W| [io_error_impl]: read_dir (sceIoDread) returned 0x80010051
[08:12:00.001] |W| [io_error_impl]: close_dir (sceIoDclose) returned 0x80010018
[08:12:00.029] |I| [export_sceKernelLoadStartModule]: Module output/testprx.elf (at "app0:mai_moe/mai.suprx") module_start returned 0x0
[08:12:00.056] |W| [stubbed_impl]: Stubbed sceDisplayWaitSetFrameBuf import called. (move after setframebuf)
[08:12:00.132] |W| [unimplemented_impl]: Unimplemented sceGxmTransferFill import called.
[08:12:00.133] |W| [unimplemented_impl]: Unimplemented sceGxmTransferFinish import called.
[08:12:00.158] |W| [unimplemented_impl]: Unimplemented sceCommonDialogUpdate import called.
[08:12:00.159] |W| [stubbed_impl]: Stubbed sceDisplayWaitVblankStart import called. (wait for vblank)
[08:12:00.166] |W| [unimplemented_impl]: Unimplemented sceJpegEncoderGetContextSize import called.
[08:12:00.168] |W| [unimplemented_impl]: Unimplemented sceJpegEncoderInitWithParam import called.
[08:12:00.201] |W| [unimplemented_impl]: Unimplemented scePvfNewLib import called.
[08:12:00.206] |T| [write_file]: *** TTY: PVF> Library instance ID = 0x00000000
[08:12:00.207] |W| [unimplemented_impl]: Unimplemented scePvfSetEM import called.
[08:12:00.208] |W| [unimplemented_impl]: Unimplemented scePvfSetResolution import called.
[08:12:00.208] |W| [unimplemented_impl]: Unimplemented scePvfFindOptimumFont import called.
[08:12:00.209] |T| [write_file]: *** TTY: PVF> targetFontIndex (JPN) = 0
[08:12:00.210] |W| [unimplemented_impl]: Unimplemented scePvfOpen import called.
[08:12:00.210] |W| [unimplemented_impl]: Unimplemented scePvfSetCharSize import called.
[08:12:00.210] |W| [unimplemented_impl]: Unimplemented scePvfSetSkewValue import called.
[08:12:00.210] |W| [unimplemented_impl]: Unimplemented scePvfSetEmboldenRate import called.
[08:12:00.213] |W| [unimplemented_impl]: Unimplemented sceAppUtilInit import called.
[08:12:00.214] |W| [unimplemented_impl]: Unimplemented sceSystemGestureInitializePrimitiveTouchRecognizer import called.
[08:12:00.215] |W| [unimplemented_impl]: Unimplemented sceSystemGestureCreateTouchRecognizer import called.
[08:12:00.215] |T| [write_file]: *** TTY: tap recognizer created (front : top-left)
[08:12:00.216] |T| [write_file]: *** TTY: tap and hold recognizer created (front : top-right)
[08:12:00.216] |T| [write_file]: *** TTY: multi-tap recognizer created (front : bottom-left)
[08:12:00.217] |T| [write_file]: *** TTY: drag recognizer created (front : bottomright)
[08:12:00.217] |T| [write_file]: *** TTY: pinch out/in recognizer created (front : top-left)
[08:12:00.218] |T| [write_file]: *** TTY: pinch out/in recognizer created (back : full-screen)
[08:12:00.218] |T| [write_file]: *** TTY: rotation recognizer created (front : bottom-left)
[08:12:00.219] |T| [write_file]: *** TTY: rotation recognizer created (back : full-screen)
[08:12:00.221] |W| [unimplemented_impl]: Unimplemented sceAtracQueryDecoderGroupMemSize import called.
[08:12:00.221] |W| [unimplemented_impl]: Unimplemented sceAtracCreateDecoderGroup import called.
[08:12:00.250] |I| [renderer::gl::load_shader]: Generating frag shader ac3018748cb616dd72bd05a58eac8fa6b2d7b5d01ec0af81895a908fcfb40899
[08:12:00.250] |D| [shader::create_parameters]: [DEFAULT  + 0] sa0 = (float1) a
[08:12:00.251] |T| [shader::create_parameters]: [LITERAL + 0] sa2 = -1 (0xBF800000)
[08:12:00.251] |T| [shader::create_fragment_inputs]: pa0 = tex2D<float4>(tex, TEXCOORD0.xy)
[08:12:00.251] |T| [shader::usse::USSERecompiler::get_or_recompile_block]: Recompiling block_0, size = 2, id = 99
[08:12:00.252] |T| [shader::usse::USSERecompiler::get_or_recompile_block]: Recompiling block_0, size = 3, id = 116
[08:12:00.264] |T| [shader::usse::USSERecompiler::get_or_recompile_block]: Recompiling block_8, size = 1, id = 128
[08:12:00.265] |T| [shader::usse::USSERecompiler::get_or_recompile_block]: Recompiling block_3, size = 2, id = 157
[08:12:00.265] |T| [shader::usse::USSERecompiler::get_or_recompile_block]: Recompiling block_7, size = 2, id = 166
[08:12:00.266] |T| [shader::usse::USSERecompiler::get_or_recompile_block]: Recompiling block_5, size = 2, id = 201
[08:12:00.267] |D| [shader::spirv_disasm_print]: SPIR-V Disassembly:
// Module Version 10400
// Generated by (magic number): 1337000
// Id's are bound by 223

                              Capability Shader
              73:             ExtInstImport  "GLSL.std.450"
              87:             ExtInstImport  "GLSL.std.450"
             141:             ExtInstImport  "GLSL.std.450"
                              MemoryModel Logical GLSL450
                              EntryPoint Fragment 4  "main_fs"
                              ExecutionMode 4 OriginLowerLeft
               1:             String  "ac3018748cb616dd72bd05a58eac8fa6b2d7b5d01ec0af81895a908fcfb40899"
                              SourceExtension  "gxp"
                              Name 4  "main_fs"
                              Name 23  "pa"
                              Name 24  "sa"
                              Name 26  "internals"
                              Name 28  "r"
                              Name 30  "p"
                              Name 32  "idx"
                              Name 34  "outs"
                              Name 36  "a"
                              Name 46  "tex"
                              Name 54  "v_TexCoord0"
                              Name 55  "frag_output_finalize"
                              Name 70  "unpack2xF16"
                              Name 85  "out_color"
                              Name 99  "block_sec_0"
                              Name 116  "block_prim_0"
                              Name 128  "block_prim_8"
                              Name 139  "pack2xF16"
                              Name 157  "block_prim_3"
                              Name 166  "block_prim_7"
                              Name 201  "block_prim_5"
                              Decorate 85(out_color) Location 0
               2:             TypeVoid
               3:             TypeFunction 2
               6:             TypeFloat 32
               7:             TypeInt 32 1
               8:             TypeBool
               9:             TypeVector 6(float) 4
              10:      7(int) Constant 32
              11:             TypeArray 9(fvec4) 10
              12:      7(int) Constant 3
              13:             TypeArray 9(fvec4) 12
              14:      7(int) Constant 20
              15:             TypeArray 9(fvec4) 14
              16:      7(int) Constant 2
              17:             TypeArray 7(int) 16
              18:      7(int) Constant 4
              19:             TypeArray 8(bool) 18
              20:      7(int) Constant 10
              21:             TypeArray 9(fvec4) 20
              22:             TypePointer Private 11
          23(pa):     22(ptr) Variable Private
          24(sa):     22(ptr) Variable Private
              25:             TypePointer Private 13
   26(internals):     25(ptr) Variable Private
              27:             TypePointer Private 15
           28(r):     27(ptr) Variable Private
              29:             TypePointer Private 19
           30(p):     29(ptr) Variable Private
              31:             TypePointer Private 17
         32(idx):     31(ptr) Variable Private
              33:             TypePointer Private 21
        34(outs):     33(ptr) Variable Private
              35:             TypePointer UniformConstant 6(float)
           36(a):     35(ptr) Variable UniformConstant
              38:             TypePointer Private 9(fvec4)
              39:      7(int) Constant 0
              43:             TypeImage 6(float) 2D sampled format:Unknown
              44:             TypeSampledImage 43
              45:             TypePointer UniformConstant 44
         46(tex):     45(ptr) Variable UniformConstant
              47:    6(float) Constant 3212836864
              48:             TypeVector 6(float) 1
              49:    48(fvec) ConstantComposite 47
              53:             TypePointer Input 9(fvec4)
 54(v_TexCoord0):     53(ptr) Variable Input
              62:      7(int) Constant 1
              64:             TypeVector 6(float) 2
              67:             TypeInt 32 0
              68:             TypeFunction 64(fvec2) 6(float)
              84:             TypePointer Output 9(fvec4)
   85(out_color):     84(ptr) Variable Output
              88:    6(float) Constant 1056964608
              89:    6(float) Constant 0
              90:    6(float) Constant 1065353216
              91:    6(float) Constant 1073741824
              92:    48(fvec) ConstantComposite 89
              93:   64(fvec2) ConstantComposite 89 89
              94:             TypeVector 6(float) 3
              95:   94(fvec3) ConstantComposite 89 89 89
              96:    9(fvec4) ConstantComposite 89 89 89 89
             118:     8(bool) ConstantTrue
             124:    48(fvec) ConstantComposite 90
             126:             TypePointer Private 8(bool)
             137:             TypeFunction 6(float) 64(fvec2)
      4(main_fs):           2 Function None 3
               5:             Label
              37:    6(float) Load 36(a)
              40:     38(ptr) AccessChain 24(sa) 39
              41:    9(fvec4) Load 40
              42:    9(fvec4) VectorInsertDynamic 41 37 39
                              Store 40 42
              50:     38(ptr) AccessChain 24(sa) 39
              51:    9(fvec4) Load 50
              52:    9(fvec4) VectorInsertDynamic 51 49 16
                              Store 50 52
              97:    9(fvec4) ImageSampleImplicitLod 46(tex) 54(v_TexCoord0)
              98:     38(ptr) AccessChain 23(pa) 39
                              Store 98 97
             115:           2 FunctionCall 99(block_sec_0)
             222:           2 FunctionCall 116(block_prim_0)
                              Return
                              FunctionEnd
55(frag_output_finalize):           2 Function None 3
              56:             Label
              57:     38(ptr) AccessChain 23(pa) 39
              58:     38(ptr) AccessChain 23(pa) 39
              59:    9(fvec4) Load 58
              60:    9(fvec4) Load 57
              61:    6(float) VectorExtractDynamic 60 39
              63:    6(float) VectorExtractDynamic 60 62
              65:   64(fvec2) CompositeConstruct 61 63
              66:    6(float) VectorExtractDynamic 65 39
              76:   64(fvec2) FunctionCall 70(unpack2xF16) 66
              77:    6(float) VectorExtractDynamic 65 62
              78:   64(fvec2) FunctionCall 70(unpack2xF16) 77
              79:    6(float) VectorExtractDynamic 76 39
              80:    6(float) VectorExtractDynamic 76 62
              81:    6(float) VectorExtractDynamic 78 39
              82:    6(float) VectorExtractDynamic 78 62
              83:    9(fvec4) CompositeConstruct 79 80 81 82
                              Store 85(out_color) 83
                              Return
                              FunctionEnd
 70(unpack2xF16):   64(fvec2) Function None 68
              69:    6(float) FunctionParameter
              71:             Label
              72:     67(int) Bitcast 69
              74:   64(fvec2) ExtInst 73(GLSL.std.450) 62(UnpackHalf2x16) 72
                              ReturnValue 74
                              FunctionEnd
 99(block_sec_0):           2 Function None 3
             100:             Label
             101:     38(ptr) AccessChain 24(sa) 39
             102:     38(ptr) AccessChain 24(sa) 62
             103:    9(fvec4) Load 102
             104:    9(fvec4) Load 101
             105:    6(float) VectorExtractDynamic 104 16
             106:     38(ptr) AccessChain 24(sa) 39
             107:     38(ptr) AccessChain 24(sa) 39
             108:    9(fvec4) Load 107
             109:    9(fvec4) Load 106
             110:    6(float) VectorExtractDynamic 109 39
             111:    6(float) FMul 105 110
             112:     38(ptr) AccessChain 24(sa) 39
             113:    9(fvec4) Load 112
             114:    9(fvec4) VectorInsertDynamic 113 111 16
                              Store 112 114
                              Return
                              FunctionEnd
116(block_prim_0):           2 Function None 3
             117:             Label
                              Line 1 1 0
             119:     38(ptr) AccessChain 24(sa) 39
             120:     38(ptr) AccessChain 24(sa) 39
             121:    9(fvec4) Load 120
             122:    9(fvec4) Load 119
             123:    6(float) VectorExtractDynamic 122 39
             125:     8(bool) FOrdEqual 123 124
             127:    126(ptr) AccessChain 30(p) 39
                              Store 127 125
                              Line 1 2 0
             155:    126(ptr) AccessChain 30(p) 39
             156:     8(bool) Load 155
                              SelectionMerge 218 None
                              BranchConditional 156 217 220
             217:               Label
             219:           2   FunctionCall 128(block_prim_8)
                                Branch 218
             220:               Label
             221:           2   FunctionCall 157(block_prim_3)
                                Branch 218
             218:             Label
                              Return
                              FunctionEnd
128(block_prim_8):           2 Function None 3
             129:             Label
                              Line 1 8 0
             130:     38(ptr) AccessChain 23(pa) 39
             131:     38(ptr) AccessChain 23(pa) 39
             132:    9(fvec4) Load 131
             133:    9(fvec4) Load 130
             134:    6(float) VectorExtractDynamic 133 39
             135:    6(float) VectorExtractDynamic 133 62
             136:   64(fvec2) CompositeConstruct 134 135
             145:    6(float) FunctionCall 139(pack2xF16) 136
             146:    6(float) VectorExtractDynamic 133 16
             147:    6(float) VectorExtractDynamic 133 12
             148:   64(fvec2) CompositeConstruct 146 147
             149:    6(float) FunctionCall 139(pack2xF16) 148
             150:   64(fvec2) CompositeConstruct 145 149
             151:     38(ptr) AccessChain 23(pa) 39
             152:    9(fvec4) Load 151
             153:    9(fvec4) VectorShuffle 152 150 4 5 2 3
                              Store 151 153
             154:           2 FunctionCall 55(frag_output_finalize)
                              Return
                              FunctionEnd
  139(pack2xF16):    6(float) Function None 137
             138:   64(fvec2) FunctionParameter
             140:             Label
             142:     67(int) ExtInst 141(GLSL.std.450) 58(PackHalf2x16) 138
             143:    6(float) Bitcast 142
                              ReturnValue 143
                              FunctionEnd
157(block_prim_3):           2 Function None 3
             158:             Label
                              Line 1 3 0
             159:     38(ptr) AccessChain 24(sa) 39
             160:     38(ptr) AccessChain 24(sa) 39
             161:    9(fvec4) Load 160
             162:    9(fvec4) Load 159
             163:    6(float) VectorExtractDynamic 162 39
             164:     8(bool) FOrdLessThan 163 92
             165:    126(ptr) AccessChain 30(p) 39
                              Store 165 164
                              Line 1 4 0
             199:    126(ptr) AccessChain 30(p) 39
             200:     8(bool) Load 199
                              SelectionMerge 213 None
                              BranchConditional 200 212 215
             212:               Label
             214:           2   FunctionCall 166(block_prim_7)
                                Branch 213
             215:               Label
             216:           2   FunctionCall 201(block_prim_5)
                                Branch 213
             213:             Label
                              Return
                              FunctionEnd
166(block_prim_7):           2 Function None 3
             167:             Label
                              Line 1 7 0
             168:     38(ptr) AccessChain 24(sa) 39
             169:     38(ptr) AccessChain 24(sa) 62
             170:    9(fvec4) Load 169
             171:    9(fvec4) Load 168
             172:    6(float) VectorExtractDynamic 171 16
             173:     38(ptr) AccessChain 23(pa) 39
             174:     38(ptr) AccessChain 23(pa) 62
             175:    9(fvec4) Load 174
             176:    9(fvec4) Load 173
             177:    6(float) VectorExtractDynamic 176 12
             178:    6(float) FMul 172 177
             179:     38(ptr) AccessChain 23(pa) 39
             180:    9(fvec4) Load 179
             181:    9(fvec4) VectorInsertDynamic 180 178 12
                              Store 179 181
                              Line 1 8 0
             182:     38(ptr) AccessChain 23(pa) 39
             183:     38(ptr) AccessChain 23(pa) 39
             184:    9(fvec4) Load 183
             185:    9(fvec4) Load 182
             186:    6(float) VectorExtractDynamic 185 39
             187:    6(float) VectorExtractDynamic 185 62
             188:   64(fvec2) CompositeConstruct 186 187
             189:    6(float) FunctionCall 139(pack2xF16) 188
             190:    6(float) VectorExtractDynamic 185 16
             191:    6(float) VectorExtractDynamic 185 12
             192:   64(fvec2) CompositeConstruct 190 191
             193:    6(float) FunctionCall 139(pack2xF16) 192
             194:   64(fvec2) CompositeConstruct 189 193
             195:     38(ptr) AccessChain 23(pa) 39
             196:    9(fvec4) Load 195
             197:    9(fvec4) VectorShuffle 196 194 4 5 2 3
                              Store 195 197
             198:           2 FunctionCall 55(frag_output_finalize)
                              Return
                              FunctionEnd
201(block_prim_5):           2 Function None 3
             202:             Label
                              Line 1 5 0
             203:     38(ptr) AccessChain 24(sa) 39
             204:     38(ptr) AccessChain 24(sa) 39
             205:    9(fvec4) Load 204
             206:    9(fvec4) Load 203
             207:    6(float) VectorExtractDynamic 206 39
             208:     38(ptr) AccessChain 23(pa) 39
             209:    9(fvec4) Load 208
             210:    9(fvec4) VectorInsertDynamic 209 207 12
                              Store 208 210
                              Line 1 6 0
             211:           2 FunctionCall 128(block_prim_8)
                              Return
                              FunctionEnd

[08:12:00.323] |D| [shader::convert_gxp_to_glsl]: Generated GLSL:
#version 420

uniform float a;
uniform sampler2D tex;

in vec4 v_TexCoord0;
layout(location = 0) out vec4 out_color;
vec4 pa[32];
vec4 sa[32];
vec4 internals[3];
vec4 r[20];
bool p[4];
int idx[2];
vec4 outs[10];

void block_sec_0()
{
    vec4 _114 = sa[0];
    _114.z = sa[0].z * sa[0].x;
    sa[0] = _114;
}

float pack2xF16(vec2 _138)
{
    return uintBitsToFloat(packHalf2x16(_138));
}

vec2 unpack2xF16(float _69)
{
    return unpackHalf2x16(floatBitsToUint(_69));
}

void frag_output_finalize()
{
    vec2 _65 = vec2(pa[0].x, pa[0].y);
    vec2 _76 = unpack2xF16(_65.x);
    vec2 _78 = unpack2xF16(_65.y);
    out_color = vec4(_76.x, _76.y, _78.x, _78.y);
}

void block_prim_8()
{
    vec2 _150 = vec2(pack2xF16(vec2(pa[0].x, pa[0].y)), pack2xF16(vec2(pa[0].z, pa[0].w)));
    pa[0] = vec4(_150.x, _150.y, pa[0].z, pa[0].w);
    frag_output_finalize();
}

void block_prim_7()
{
    vec4 _181 = pa[0];
    _181.w = sa[0].z * pa[0].w;
    pa[0] = _181;
    vec2 _194 = vec2(pack2xF16(vec2(pa[0].x, pa[0].y)), pack2xF16(vec2(pa[0].z, pa[0].w)));
    pa[0] = vec4(_194.x, _194.y, pa[0].z, pa[0].w);
    frag_output_finalize();
}

void block_prim_5()
{
    vec4 _210 = pa[0];
    _210.w = sa[0].x;
    pa[0] = _210;
    block_prim_8();
}

void block_prim_3()
{
    p[0] = sa[0].x < 0.0;
    if (p[0])
    {
        block_prim_7();
    }
    else
    {
        block_prim_5();
    }
}

void block_prim_0()
{
    p[0] = sa[0].x == 1.0;
    if (p[0])
    {
        block_prim_8();
    }
    else
    {
        block_prim_3();
    }
}

void main()
{
    vec4 _42 = sa[0];
    _42.x = a;
    sa[0] = _42;
    vec4 _52 = sa[0];
    _52.z = -1.0;
    sa[0] = _52;
    pa[0] = texture(tex, v_TexCoord0.xy);
    block_sec_0();
    block_prim_0();
}


[08:12:00.332] |T| [stat_file]: sceIoGetstat: Statting file: app0:resource\image\sys\sys_marker_first_read.png (ux0:/app/PCSG90096/resource/image/sys/sys_marker_first_read.png)
[08:12:00.344] |I| [export_sceIoOpen]: Opening file: app0:resource\image\sys\sys_marker_first_read.png
[08:12:00.345] |T| [open_file]: sceIoOpen: Opening file app0:resource\image\sys\sys_marker_first_read.png (ux0:/app/PCSG90096/resource/image/sys/sys_marker_first_read.png), fd: 0x6
[08:12:00.365] |T| [read_file]: sceIoRead: Reading 3866 bytes of fd 0x6
[08:12:00.366] |T| [close_file]: sceIoClose: Closing file fd: 0x6
[08:12:00.372] |T| [stat_file]: sceIoGetstat: Statting file: app0:resource\image\sys\sys_marker_not_first.png (ux0:/app/PCSG90096/resource/image/sys/sys_marker_not_first.png)
[08:12:00.373] |I| [export_sceIoOpen]: Opening file: app0:resource\image\sys\sys_marker_not_first.png
[08:12:00.373] |T| [open_file]: sceIoOpen: Opening file app0:resource\image\sys\sys_marker_not_first.png (ux0:/app/PCSG90096/resource/image/sys/sys_marker_not_first.png), fd: 0x7
[08:12:00.403] |T| [read_file]: sceIoRead: Reading 3728 bytes of fd 0x7
[08:12:00.404] |T| [close_file]: sceIoClose: Closing file fd: 0x7
[08:12:00.406] |T| [stat_file]: sceIoGetstat: Statting file: app0:resource\image\sys\sys_marker_skip.png (ux0:/app/PCSG90096/resource/image/sys/sys_marker_skip.png)
[08:12:00.407] |I| [export_sceIoOpen]: Opening file: app0:resource\image\sys\sys_marker_skip.png
[08:12:00.407] |T| [open_file]: sceIoOpen: Opening file app0:resource\image\sys\sys_marker_skip.png (ux0:/app/PCSG90096/resource/image/sys/sys_marker_skip.png), fd: 0x8
[08:12:00.440] |I| [renderer::gl::load_shader]: Generating vert shader 37daf49d9664cfe30430a0c91d5f910d28c3ee6b7cac8dbc43ca699c58e273a8
[08:12:00.442] |D| [shader::create_parameters]: [BUFFER0  + 0] pa0 = (float4) aPosition
[08:12:00.442] |D| [shader::create_parameters]: [BUFFER0  + 4] pa4 = (float4) aTexCoord
[08:12:00.442] |W| [shader::create_parameters]: Container for literal not found, skipping creating literals!
[08:12:00.442] |T| [shader::usse::USSERecompiler::get_or_recompile_block]: Recompiling block_0, size = 5, id = 75
[08:12:00.444] |D| [shader::spirv_disasm_print]: SPIR-V Disassembly:
// Module Version 10400
// Generated by (magic number): 1337000
// Id's are bound by 111

                              Capability Shader
              62:             ExtInstImport  "GLSL.std.450"
                              MemoryModel Logical GLSL450
                              EntryPoint Vertex 4  "main_vs"
               1:             String  "37daf49d9664cfe30430a0c91d5f910d28c3ee6b7cac8dbc43ca699c58e273a8"
                              SourceExtension  "gxp"
                              Name 4  "main_vs"
                              Name 23  "pa"
                              Name 24  "sa"
                              Name 26  "internals"
                              Name 28  "r"
                              Name 30  "p"
                              Name 32  "idx"
                              Name 34  "outs"
                              Name 36  "aPosition"
                              Name 41  "aTexCoord"
                              Name 46  "flip_vec"
                              Name 47  "vert_output_finalize"
                              Name 50  "v_Position"
                              Name 56  "v_TexCoord0"
                              Name 75  "block_prim_0"
                              Decorate 50(v_Position) BuiltIn Position
               2:             TypeVoid
               3:             TypeFunction 2
               6:             TypeFloat 32
               7:             TypeInt 32 1
               8:             TypeBool
               9:             TypeVector 6(float) 4
              10:      7(int) Constant 32
              11:             TypeArray 9(fvec4) 10
              12:      7(int) Constant 3
              13:             TypeArray 9(fvec4) 12
              14:      7(int) Constant 20
              15:             TypeArray 9(fvec4) 14
              16:      7(int) Constant 2
              17:             TypeArray 7(int) 16
              18:      7(int) Constant 4
              19:             TypeArray 8(bool) 18
              20:      7(int) Constant 10
              21:             TypeArray 9(fvec4) 20
              22:             TypePointer Private 11
          23(pa):     22(ptr) Variable Private
          24(sa):     22(ptr) Variable Private
              25:             TypePointer Private 13
   26(internals):     25(ptr) Variable Private
              27:             TypePointer Private 15
           28(r):     27(ptr) Variable Private
              29:             TypePointer Private 19
           30(p):     29(ptr) Variable Private
              31:             TypePointer Private 17
         32(idx):     31(ptr) Variable Private
              33:             TypePointer Private 21
        34(outs):     33(ptr) Variable Private
              35:             TypePointer Input 9(fvec4)
   36(aPosition):     35(ptr) Variable Input
              38:             TypePointer Private 9(fvec4)
              39:      7(int) Constant 0
   41(aTexCoord):     35(ptr) Variable Input
              43:      7(int) Constant 1
              45:             TypePointer UniformConstant 9(fvec4)
    46(flip_vec):     45(ptr) Variable UniformConstant
              49:             TypePointer Output 9(fvec4)
  50(v_Position):     49(ptr) Variable Output
 56(v_TexCoord0):     49(ptr) Variable Output
              63:             TypeInt 32 0
              64:    6(float) Constant 1056964608
              65:    6(float) Constant 0
              66:    6(float) Constant 1065353216
              67:    6(float) Constant 1073741824
              68:             TypeVector 6(float) 1
              69:    68(fvec) ConstantComposite 65
              70:             TypeVector 6(float) 2
              71:   70(fvec2) ConstantComposite 65 65
              72:             TypeVector 6(float) 3
              73:   72(fvec3) ConstantComposite 65 65 65
              74:    9(fvec4) ConstantComposite 65 65 65 65
              94:   70(fvec2) ConstantComposite 66 66
      4(main_vs):           2 Function None 3
               5:             Label
              37:    9(fvec4) Load 36(aPosition)
              40:     38(ptr) AccessChain 23(pa) 39
                              Store 40 37
              42:    9(fvec4) Load 41(aTexCoord)
              44:     38(ptr) AccessChain 23(pa) 43
                              Store 44 42
             110:           2 FunctionCall 75(block_prim_0)
                              Return
                              FunctionEnd
47(vert_output_finalize):           2 Function None 3
              48:             Label
              51:     38(ptr) AccessChain 34(outs) 39
              52:     38(ptr) AccessChain 34(outs) 39
              53:    9(fvec4) Load 52
              54:    9(fvec4) Load 51
              55:    9(fvec4) FMul 54 46(flip_vec)
                              Store 50(v_Position) 55
              57:     38(ptr) AccessChain 34(outs) 43
              58:     38(ptr) AccessChain 34(outs) 43
              59:    9(fvec4) Load 58
              60:    9(fvec4) Load 57
                              Store 56(v_TexCoord0) 60
                              Return
                              FunctionEnd
75(block_prim_0):           2 Function None 3
              76:             Label
                              Line 1 1 0
              77:     38(ptr) AccessChain 23(pa) 43
              78:     38(ptr) AccessChain 23(pa) 43
              79:    9(fvec4) Load 78
              80:    9(fvec4) Load 77
              81:    6(float) VectorExtractDynamic 80 39
              82:    6(float) VectorExtractDynamic 80 43
              83:   70(fvec2) CompositeConstruct 81 82
              84:     38(ptr) AccessChain 34(outs) 43
              85:    9(fvec4) Load 84
              86:    9(fvec4) VectorShuffle 85 83 4 5 2 3
                              Store 84 86
                              Line 1 2 0
              87:     38(ptr) AccessChain 23(pa) 39
              88:     38(ptr) AccessChain 23(pa) 39
              89:    9(fvec4) Load 88
              90:    9(fvec4) Load 87
              91:    6(float) VectorExtractDynamic 90 39
              92:    6(float) VectorExtractDynamic 90 43
              93:   70(fvec2) CompositeConstruct 91 92
              95:   70(fvec2) FMul 93 94
              96:     38(ptr) AccessChain 34(outs) 39
              97:    9(fvec4) Load 96
              98:    9(fvec4) VectorShuffle 97 95 4 5 2 3
                              Store 96 98
                              Line 1 3 0
              99:     38(ptr) AccessChain 23(pa) 39
             100:     38(ptr) AccessChain 23(pa) 43
             101:    9(fvec4) Load 100
             102:    9(fvec4) Load 99
             103:    6(float) VectorExtractDynamic 102 16
             104:   70(fvec2) CompositeConstruct 103 66
             105:   70(fvec2) FMul 104 94
             106:     38(ptr) AccessChain 34(outs) 39
             107:    9(fvec4) Load 106
             108:    9(fvec4) VectorShuffle 107 105 0 1 4 5
                              Store 106 108
             109:           2 FunctionCall 47(vert_output_finalize)
                              Return
                              FunctionEnd

[08:12:00.468] |D| [shader::convert_gxp_to_glsl]: Generated GLSL:
#version 420

uniform vec4 flip_vec;

in vec4 aPosition;
in vec4 aTexCoord;
out vec4 v_TexCoord0;
vec4 pa[32];
vec4 sa[32];
vec4 internals[3];
vec4 r[20];
bool p[4];
int idx[2];
vec4 outs[10];

void vert_output_finalize()
{
    gl_Position = outs[0] * flip_vec;
    v_TexCoord0 = outs[1];
}

void block_prim_0()
{
    vec2 _83 = vec2(pa[1].x, pa[1].y);
    outs[1] = vec4(_83.x, _83.y, outs[1].z, outs[1].w);
    vec2 _95 = vec2(pa[0].x, pa[0].y) * vec2(1.0);
    outs[0] = vec4(_95.x, _95.y, outs[0].z, outs[0].w);
    vec2 _105 = vec2(pa[0].z, 1.0) * vec2(1.0);
    outs[0] = vec4(outs[0].x, outs[0].y, _105.x, _105.y);
    vert_output_finalize();
}

void main()
{
    pa[0] = aPosition;
    pa[1] = aTexCoord;
    block_prim_0();
}


[08:12:00.635] |T| [read_file]: sceIoRead: Reading 4308 bytes of fd 0x8
[08:12:00.636] |T| [close_file]: sceIoClose: Closing file fd: 0x8
[08:12:00.638] |T| [stat_file]: sceIoGetstat: Statting file: app0:resource\image\sys\sys_marker_all_skip.png (ux0:/app/PCSG90096/resource/image/sys/sys_marker_all_skip.png)
[08:12:00.639] |I| [export_sceIoOpen]: Opening file: app0:resource\image\sys\sys_marker_all_skip.png
[08:12:00.639] |T| [open_file]: sceIoOpen: Opening file app0:resource\image\sys\sys_marker_all_skip.png (ux0:/app/PCSG90096/resource/image/sys/sys_marker_all_skip.png), fd: 0x9
[08:12:00.676] |T| [read_file]: sceIoRead: Reading 4043 bytes of fd 0x9
[08:12:00.677] |T| [close_file]: sceIoClose: Closing file fd: 0x9
[08:12:00.679] |T| [stat_file]: sceIoGetstat: Statting file: app0:resource\image\sys\sys_marker_auto.png (ux0:/app/PCSG90096/resource/image/sys/sys_marker_auto.png)
[08:12:00.679] |I| [export_sceIoOpen]: Opening file: app0:resource\image\sys\sys_marker_auto.png
[08:12:00.680] |T| [open_file]: sceIoOpen: Opening file app0:resource\image\sys\sys_marker_auto.png (ux0:/app/PCSG90096/resource/image/sys/sys_marker_auto.png), fd: 0xA
[08:12:00.714] |T| [read_file]: sceIoRead: Reading 3973 bytes of fd 0xA
[08:12:00.715] |T| [close_file]: sceIoClose: Closing file fd: 0xA
[08:12:00.717] |T| [stat_file]: sceIoGetstat: Statting file: app0:resource\image\sys\sys_marker_quick_save.png (ux0:/app/PCSG90096/resource/image/sys/sys_marker_quick_save.png)
[08:12:00.718] |I| [export_sceIoOpen]: Opening file: app0:resource\image\sys\sys_marker_quick_save.png
[08:12:00.719] |T| [open_file]: sceIoOpen: Opening file app0:resource\image\sys\sys_marker_quick_save.png (ux0:/app/PCSG90096/resource/image/sys/sys_marker_quick_save.png), fd: 0xB
[08:12:00.734] |T| [read_file]: sceIoRead: Reading 5440 bytes of fd 0xB
[08:12:00.734] |T| [close_file]: sceIoClose: Closing file fd: 0xB
[08:12:00.825] |T| [stat_file]: sceIoGetstat: Statting file: app0:resource\image\sysc\sysc_panel_button_base.png (ux0:/app/PCSG90096/resource/image/sysc/sysc_panel_button_base.png)
[08:12:00.826] |I| [export_sceIoOpen]: Opening file: app0:resource\image\sysc\sysc_panel_button_base.png
[08:12:00.827] |T| [open_file]: sceIoOpen: Opening file app0:resource\image\sysc\sysc_panel_button_base.png (ux0:/app/PCSG90096/resource/image/sysc/sysc_panel_button_base.png), fd: 0xC
[08:12:00.834] |T| [read_file]: sceIoRead: Reading 7125 bytes of fd 0xC
[08:12:00.835] |T| [close_file]: sceIoClose: Closing file fd: 0xC
[08:12:00.840] |T| [stat_file]: sceIoGetstat: Statting file: app0:resource\image\sysc\sysc_panel_button_mark.png (ux0:/app/PCSG90096/resource/image/sysc/sysc_panel_button_mark.png)
[08:12:00.841] |I| [export_sceIoOpen]: Opening file: app0:resource\image\sysc\sysc_panel_button_mark.png
[08:12:00.842] |T| [open_file]: sceIoOpen: Opening file app0:resource\image\sysc\sysc_panel_button_mark.png (ux0:/app/PCSG90096/resource/image/sysc/sysc_panel_button_mark.png), fd: 0xD
[08:12:00.852] |T| [read_file]: sceIoRead: Reading 8095 bytes of fd 0xD
[08:12:00.853] |T| [close_file]: sceIoClose: Closing file fd: 0xD
[08:12:00.869] |W| [unimplemented_impl]: Unimplemented scePvfGetFontInfo import called.
[08:12:00.869] |W| [unimplemented_impl]: Unimplemented scePvfGetCharInfo import called.
[08:12:00.870] |W| [unimplemented_impl]: Unimplemented scePvfGetCharGlyphImage_Clip import called.
[08:12:00.883] |T| [stat_file]: sceIoGetstat: Statting file: app0:resource\image\sysc\sysc_button_number.png (ux0:/app/PCSG90096/resource/image/sysc/sysc_button_number.png)
[08:12:00.884] |I| [export_sceIoOpen]: Opening file: app0:resource\image\sysc\sysc_button_number.png
[08:12:00.885] |T| [open_file]: sceIoOpen: Opening file app0:resource\image\sysc\sysc_button_number.png (ux0:/app/PCSG90096/resource/image/sysc/sysc_button_number.png), fd: 0xE
[08:12:00.886] |T| [read_file]: sceIoRead: Reading 4982 bytes of fd 0xE
[08:12:00.886] |T| [close_file]: sceIoClose: Closing file fd: 0xE
[08:12:00.918] |I| [export_sceIoOpen]: Opening file: savedata0:system.dat
[08:12:00.919] |W| [io_error_impl]: open_file (sceIoOpen) returned 0x80010002
[08:12:00.923] |T| [stat_file]: sceIoGetstat: Statting file: app0:resource\image\sys\sys_title_button_saisho.png (ux0:/app/PCSG90096/resource/image/sys/sys_title_button_saisho.png)
[08:12:00.924] |I| [export_sceIoOpen]: Opening file: app0:resource\image\sys\sys_title_button_saisho.png
[08:12:00.924] |T| [open_file]: sceIoOpen: Opening file app0:resource\image\sys\sys_title_button_saisho.png (ux0:/app/PCSG90096/resource/image/sys/sys_title_button_saisho.png), fd: 0xF
[08:12:00.952] |T| [read_file]: sceIoRead: Reading 28356 bytes of fd 0xF
[08:12:00.952] |T| [close_file]: sceIoClose: Closing file fd: 0xF
[08:12:00.967] |T| [stat_file]: sceIoGetstat: Statting file: app0:resource\image\sys\sys_title_button_tsuduki.png (ux0:/app/PCSG90096/resource/image/sys/sys_title_button_tsuduki.png)
[08:12:00.967] |I| [export_sceIoOpen]: Opening file: app0:resource\image\sys\sys_title_button_tsuduki.png
[08:12:00.968] |T| [open_file]: sceIoOpen: Opening file app0:resource\image\sys\sys_title_button_tsuduki.png (ux0:/app/PCSG90096/resource/image/sys/sys_title_button_tsuduki.png), fd: 0x10
[08:12:00.978] |T| [read_file]: sceIoRead: Reading 24012 bytes of fd 0x10
[08:12:00.979] |T| [close_file]: sceIoClose: Closing file fd: 0x10
[08:12:00.992] |T| [stat_file]: sceIoGetstat: Statting file: app0:resource\image\sys\sys_title_button_cg.png (ux0:/app/PCSG90096/resource/image/sys/sys_title_button_cg.png)
[08:12:00.993] |I| [export_sceIoOpen]: Opening file: app0:resource\image\sys\sys_title_button_cg.png
[08:12:00.994] |T| [open_file]: sceIoOpen: Opening file app0:resource\image\sys\sys_title_button_cg.png (ux0:/app/PCSG90096/resource/image/sys/sys_title_button_cg.png), fd: 0x11
[08:12:00.997] |T| [read_file]: sceIoRead: Reading 17807 bytes of fd 0x11
[08:12:00.998] |T| [close_file]: sceIoClose: Closing file fd: 0x11
[08:12:01.010] |T| [stat_file]: sceIoGetstat: Statting file: app0:resource\image\sys\sys_title_button_bgm.png (ux0:/app/PCSG90096/resource/image/sys/sys_title_button_bgm.png)
[08:12:01.011] |I| [export_sceIoOpen]: Opening file: app0:resource\image\sys\sys_title_button_bgm.png
[08:12:01.012] |T| [open_file]: sceIoOpen: Opening file app0:resource\image\sys\sys_title_button_bgm.png (ux0:/app/PCSG90096/resource/image/sys/sys_title_button_bgm.png), fd: 0x12
[08:12:01.022] |T| [read_file]: sceIoRead: Reading 19696 bytes of fd 0x12
[08:12:01.022] |T| [close_file]: sceIoClose: Closing file fd: 0x12
[08:12:01.040] |T| [stat_file]: sceIoGetstat: Statting file: app0:resource\image\sys\sys_title_base.jpg (ux0:/app/PCSG90096/resource/image/sys/sys_title_base.jpg)
[08:12:01.041] |I| [export_sceIoOpen]: Opening file: app0:resource\image\sys\sys_title_base.jpg
[08:12:01.042] |T| [open_file]: sceIoOpen: Opening file app0:resource\image\sys\sys_title_base.jpg (ux0:/app/PCSG90096/resource/image/sys/sys_title_base.jpg), fd: 0x13
[08:12:01.064] |T| [read_file]: sceIoRead: Reading 226246 bytes of fd 0x13
[08:12:01.065] |T| [close_file]: sceIoClose: Closing file fd: 0x13
[08:12:01.204] |I| [export_sceIoOpen]: Opening file: app0:resource\text\00\00_title.txt
[08:12:01.219] |T| [open_file]: sceIoOpen: Opening file app0:resource\text\00\00_title.txt (ux0:/app/PCSG90096/resource/text/00/00_title.txt), fd: 0x14
[08:12:01.223] |T| [read_file]: sceIoRead: Reading 548 bytes of fd 0x14
[08:12:01.228] |T| [read_file]: sceIoRead: Reading 0 bytes of fd 0x14
[08:12:01.230] |T| [close_file]: sceIoClose: Closing file fd: 0x14
[08:12:01.247] |T| [stat_file]: sceIoGetstat: Statting file: app0:resource\image\sys\sys_maker_logo.jpg (ux0:/app/PCSG90096/resource/image/sys/sys_maker_logo.jpg)
[08:12:01.248] |I| [export_sceIoOpen]: Opening file: app0:resource\image\sys\sys_maker_logo.jpg
[08:12:01.249] |T| [open_file]: sceIoOpen: Opening file app0:resource\image\sys\sys_maker_logo.jpg (ux0:/app/PCSG90096/resource/image/sys/sys_maker_logo.jpg), fd: 0x15
[08:12:01.291] |T| [read_file]: sceIoRead: Reading 29372 bytes of fd 0x15
[08:12:01.292] |T| [close_file]: sceIoClose: Closing file fd: 0x15
[08:12:01.310] |T| [write_file]: *** TTY: ## adv_template: INIT SUCCEEDED ##
[08:12:01.320] |W| [unimplemented_impl]: Unimplemented sceGxmTextureInitLinearStrided import called.
[08:12:01.333] |W| [renderer::gl::sync_texture]: Texture has null data.
[08:12:01.333] |W| [renderer::gl::sync_texture]: Texture has null data.
[08:12:01.819] |W| [unimplemented_impl]: Unimplemented sceKernelGetThreadExitStatus import called.
255
