[18:54:38.919] |I| [config::init_config]: backend-renderer: Vulkan
[18:54:38.919] |I| [config::init_config]: log-level: 0
[18:54:38.960] |I| [SDL_main]: Vita3K v0.1.6 2997-fedd4b3b
[18:54:38.961] |I| [SDL_main]: Number of logical CPU cores: 8
[18:54:38.961] |I| [SDL_main]: Available ram memory: 8037 MiB
[18:54:39.870] |I| [renderer::vulkan::VKState::create]: Vulkan device: NVIDIA GeForce MX250
[18:54:39.871] |I| [renderer::vulkan::VKState::create]: Driver version: 528.2.0.0
[18:54:40.100] |I| [renderer::vulkan::ScreenRenderer::setup]: Present mode: Mailbox
[18:54:49.979] |I| [load_app_impl]: cpu-backend: Dynarmic
[18:54:49.980] |I| [load_app_impl]: CPU Optimisation state: true
[18:54:49.981] |I| [load_app_impl]: ngs state: true
[18:54:49.981] |I| [load_app_impl]: Resolution multiplier: 1
[18:54:49.981] |I| [load_app_impl]: modules mode: Automatic
[18:54:49.981] |I| [load_app_impl]: Title: Cafe Cuillere ～カフェ キュイエール～
[18:54:49.981] |I| [load_app_impl]: Serial: PCSG01197
[18:54:49.981] |I| [load_app_impl]: Version: 1.00
[18:54:49.982] |I| [load_app_impl]: Category: gd
[18:54:49.998] |I| [load_self]: app0:sce_module/libc.suprx: Skipping special segment 0x6FFFFF01...
[18:54:49.999] |I| [load_self]: Loaded module segment 0 @ [0x00005000 - 0x000568A4 / 0x81000000] (size: 0x000518A4) of module app0:sce_module/libc.suprx
[18:54:50.000] |I| [load_self]: Loaded module segment 1 @ [0x00057000 - 0x000598A0 / 0x81052000] (size: 0x000028A0) of module app0:sce_module/libc.suprx
[18:54:50.000] |I| [load_self]: Linking SELF app0:sce_module/libc.suprx...
[18:54:50.001] |D| [load_var_exports]: 	NID 0x936C8A78 (SYSLYB) at 0x4C314
[18:54:50.001] |D| [load_var_exports]: 	NID 0x6C2224BA (NID_MODULE_INFO) at 0x414DC
[18:54:50.001] |I| [pre_load_module]: Pre-load module SceLibc (at "sce_module/libc.suprx") loaded
[18:54:50.009] |I| [load_self]: app0:sce_module/libfios2.suprx: Skipping special segment 0x6FFFFF01...
[18:54:50.011] |I| [load_self]: Loaded module segment 0 @ [0x0005A000 - 0x00086CBF / 0x81000000] (size: 0x0002CCBF) of module app0:sce_module/libfios2.suprx
[18:54:50.012] |I| [load_self]: Loaded module segment 1 @ [0x00087000 - 0x0008C255 / 0x8102D000] (size: 0x00005255) of module app0:sce_module/libfios2.suprx
[18:54:50.013] |I| [load_self]: Linking SELF app0:sce_module/libfios2.suprx...
[18:54:50.013] |D| [load_var_exports]: 	NID 0x936C8A78 (SYSLYB) at 0x86BC8
[18:54:50.014] |D| [load_var_exports]: 	NID 0x6C2224BA (NID_MODULE_INFO) at 0x7DF08
[18:54:50.014] |I| [pre_load_module]: Pre-load module SceLibFios2 (at "sce_module/libfios2.suprx") loaded
[18:54:50.020] |I| [load_self]: app0:sce_module/libult.suprx: Skipping special segment 0x6FFFFF01...
[18:54:50.020] |I| [load_self]: Loaded module segment 0 @ [0x0008D000 - 0x000A09BC / 0x81000000] (size: 0x000139BC) of module app0:sce_module/libult.suprx
[18:54:50.021] |I| [load_self]: Loaded module segment 1 @ [0x000A1000 - 0x000A1814 / 0x81014000] (size: 0x00000814) of module app0:sce_module/libult.suprx
[18:54:50.022] |I| [load_self]: Linking SELF app0:sce_module/libult.suprx...
[18:54:50.023] |D| [load_var_exports]: 	NID 0x936C8A78 (SYSLYB) at 0x9F2E8
[18:54:50.023] |D| [load_var_exports]: 	NID 0x6C2224BA (NID_MODULE_INFO) at 0x9C870
[18:54:50.024] |I| [pre_load_module]: Pre-load module SceUlt (at "sce_module/libult.suprx") loaded
[18:54:50.035] |I| [load_self]: Loaded module segment 0 @ [0x000A2000 - 0x000F2F04 / 0x81000000] (size: 0x00050F04) of module vs0:sys/external/libSceFt2.suprx
[18:54:50.036] |I| [load_self]: Loaded module segment 1 @ [0x000F3000 - 0x000F32F4 / 0x81051000] (size: 0x000002F4) of module vs0:sys/external/libSceFt2.suprx
[18:54:50.037] |I| [load_self]: Linking SELF vs0:sys/external/libSceFt2.suprx...
[18:54:50.037] |D| [load_var_exports]: 	NID 0x936C8A78 (SYSLYB) at 0xDE7DC
[18:54:50.038] |D| [load_var_exports]: 	NID 0x6C2224BA (NID_MODULE_INFO) at 0xDDF10
[18:54:50.038] |I| [pre_load_module]: Pre-load module SceLibft2 (at "sys/external/libSceFt2.suprx") loaded
[18:54:50.042] |I| [load_self]: Loaded module segment 0 @ [0x000F4000 - 0x00103F14 / 0x81000000] (size: 0x0000FF14) of module vs0:sys/external/libpvf.suprx
[18:54:50.043] |I| [load_self]: Loaded module segment 1 @ [0x00104000 - 0x00104008 / 0x81010000] (size: 0x00000008) of module vs0:sys/external/libpvf.suprx
[18:54:50.043] |I| [load_self]: Linking SELF vs0:sys/external/libpvf.suprx...
[18:54:50.044] |D| [load_var_exports]: 	NID 0x936C8A78 (SYSLYB) at 0x102710
[18:54:50.045] |D| [load_var_exports]: 	NID 0x6C2224BA (NID_MODULE_INFO) at 0x102300
[18:54:50.045] |I| [pre_load_module]: Pre-load module SceLibPvf (at "sys/external/libpvf.suprx") loaded
[18:54:50.070] |I| [load_self]: app0:eboot.bin: Skipping special segment 0x6FFFFF01...
[18:54:50.070] |I| [load_self]: Loaded module segment 0 @ [0x00105000 - 0x0016BE90 / 0x81000000] (size: 0x00066E90) of module app0:eboot.bin
[18:54:50.072] |I| [load_self]: Loaded module segment 1 @ [0x0016C000 - 0x009A21FC / 0x81067000] (size: 0x008361FC) of module app0:eboot.bin
[18:54:50.073] |I| [load_self]: Linking SELF app0:eboot.bin...
[18:54:50.074] |D| [load_var_exports]: 	NID 0x6C2224BA (NID_MODULE_INFO) at 0x15B6A0
[18:54:50.074] |D| [load_var_exports]: 	NID 0x70FBA1E7 (SCE_PROC_PARAMS) at 0x17F638
[18:54:50.075] |D| [load_var_exports]: 	NID 0x936C8A78 (SYSLYB) at 0x16BE5C
[18:54:50.075] |I| [load_app_impl]: Main executable test (eboot.bin) loaded
[18:54:50.077] |I| [renderer::vulkan::VKState::precompile_shader]: Program Compiled 1/4
[18:54:50.078] |I| [renderer::vulkan::VKState::precompile_shader]: Program Compiled 2/4
[18:54:50.079] |I| [renderer::vulkan::VKState::precompile_shader]: Program Compiled 3/4
[18:54:50.081] |I| [renderer::vulkan::VKState::precompile_shader]: Program Compiled 4/4
[18:54:50.105] |D| [run_app]: Running module_start of library: SceLibc at address 0x5871
[18:54:50.128] |T| [open_file]: sceKernelGetStdin: Opening terminal tty0:
[18:54:50.129] |T| [open_file]: sceKernelGetStdout: Opening terminal tty0:
[18:54:50.129] |T| [open_file]: sceKernelGetStderr: Opening terminal tty0:
[18:54:50.141] |I| [run_app]: Module SceLibc (at "app0:sce_module/libc.suprx") module_start returned 0x0
[18:54:50.146] |D| [run_app]: Running module_start of library: SceLibFios2 at address 0x5A001
[18:54:50.168] |W| [stubbed_impl]: Stubbed sceKernelGetProcessId import called. (pid: 0)
[18:54:50.170] |I| [run_app]: Module SceLibFios2 (at "app0:sce_module/libfios2.suprx") module_start returned 0x0
[18:54:50.175] |D| [run_app]: Running module_start of library: SceUlt at address 0x90771
[18:54:50.195] |W| [unimplemented_impl]: Unimplemented _sceUlobjMgrRegisterLibultProtocolRevision import called.
[18:54:50.196] |I| [run_app]: Module SceUlt (at "app0:sce_module/libult.suprx") module_start returned 0x0
[18:54:50.242] |W| [stubbed_impl]: Stubbed sceGxmMapFragmentUsseMemory import called. (always return success)
[18:54:50.550] |W| [unimplemented_impl]: Unimplemented sceAppUtilInit import called.
[18:54:50.551] |T| [open_file]: create_trophy_context: Opening file app0:/sce_sys/trophy/NPWR15241_00/TROPHY.TRP (ux0:/app/PCSG01197/sce_sys/trophy/NPWR15241_00/TROPHY.TRP), fd: 0x3
[18:54:50.551] |T| [open_file]: create_trophy_context: Opening file ux0:/user/00/trophy/data/NPWR15241_00/TROPUSR.DAT (ux0:/user/00/trophy/data/NPWR15241_00/TROPUSR.DAT), fd: 0x4
[18:54:50.552] |T| [open_file]: install_trophy_context: Opening file ux0:/user/00/trophy/conf/NPWR15241_00/TROPCONF.SFM (ux0:/user/00/trophy/conf/NPWR15241_00/TROPCONF.SFM), fd: 0x5
[18:54:50.552] |T| [write_file]: install_trophy_context: Writing to fd: 0x5, size: 1552
[18:54:50.553] |T| [close_file]: install_trophy_context: Closing file fd: 0x5
[18:54:50.553] |T| [open_file]: install_trophy_context: Opening file ux0:/user/00/trophy/conf/NPWR15241_00/TROP.SFM (ux0:/user/00/trophy/conf/NPWR15241_00/TROP.SFM), fd: 0x6
[18:54:50.553] |T| [write_file]: install_trophy_context: Writing to fd: 0x6, size: 3997
[18:54:50.554] |T| [close_file]: install_trophy_context: Closing file fd: 0x6
[18:54:50.554] |T| [open_file]: install_trophy_context: Opening file ux0:/user/00/trophy/conf/NPWR15241_00/ICON0.PNG (ux0:/user/00/trophy/conf/NPWR15241_00/ICON0.PNG), fd: 0x7
[18:54:50.555] |T| [write_file]: install_trophy_context: Writing to fd: 0x7, size: 107679
[18:54:50.555] |T| [close_file]: install_trophy_context: Closing file fd: 0x7
[18:54:50.555] |T| [open_file]: install_trophy_context: Opening file ux0:/user/00/trophy/conf/NPWR15241_00/TROP000.PNG (ux0:/user/00/trophy/conf/NPWR15241_00/TROP000.PNG), fd: 0x8
[18:54:50.556] |T| [write_file]: install_trophy_context: Writing to fd: 0x8, size: 50830
[18:54:50.556] |T| [close_file]: install_trophy_context: Closing file fd: 0x8
[18:54:50.556] |T| [open_file]: install_trophy_context: Opening file ux0:/user/00/trophy/conf/NPWR15241_00/TROP001.PNG (ux0:/user/00/trophy/conf/NPWR15241_00/TROP001.PNG), fd: 0x9
[18:54:50.557] |T| [write_file]: install_trophy_context: Writing to fd: 0x9, size: 118489
[18:54:50.557] |T| [close_file]: install_trophy_context: Closing file fd: 0x9
[18:54:50.557] |T| [open_file]: install_trophy_context: Opening file ux0:/user/00/trophy/conf/NPWR15241_00/TROP002.PNG (ux0:/user/00/trophy/conf/NPWR15241_00/TROP002.PNG), fd: 0xA
[18:54:50.558] |T| [write_file]: install_trophy_context: Writing to fd: 0xA, size: 74807
[18:54:50.558] |T| [close_file]: install_trophy_context: Closing file fd: 0xA
[18:54:50.558] |T| [open_file]: install_trophy_context: Opening file ux0:/user/00/trophy/conf/NPWR15241_00/TROP003.PNG (ux0:/user/00/trophy/conf/NPWR15241_00/TROP003.PNG), fd: 0xB
[18:54:50.560] |T| [write_file]: install_trophy_context: Writing to fd: 0xB, size: 101391
[18:54:50.560] |T| [close_file]: install_trophy_context: Closing file fd: 0xB
[18:54:50.561] |T| [open_file]: install_trophy_context: Opening file ux0:/user/00/trophy/conf/NPWR15241_00/TROP004.PNG (ux0:/user/00/trophy/conf/NPWR15241_00/TROP004.PNG), fd: 0xC
[18:54:50.561] |T| [write_file]: install_trophy_context: Writing to fd: 0xC, size: 59093
[18:54:50.562] |T| [close_file]: install_trophy_context: Closing file fd: 0xC
[18:54:50.562] |T| [open_file]: install_trophy_context: Opening file ux0:/user/00/trophy/conf/NPWR15241_00/TROP005.PNG (ux0:/user/00/trophy/conf/NPWR15241_00/TROP005.PNG), fd: 0xD
[18:54:50.562] |T| [write_file]: install_trophy_context: Writing to fd: 0xD, size: 109061
[18:54:50.563] |T| [close_file]: install_trophy_context: Closing file fd: 0xD
[18:54:50.563] |T| [open_file]: install_trophy_context: Opening file ux0:/user/00/trophy/conf/NPWR15241_00/TROP006.PNG (ux0:/user/00/trophy/conf/NPWR15241_00/TROP006.PNG), fd: 0xE
[18:54:50.563] |T| [write_file]: install_trophy_context: Writing to fd: 0xE, size: 77456
[18:54:50.564] |T| [close_file]: install_trophy_context: Closing file fd: 0xE
[18:54:50.564] |T| [open_file]: install_trophy_context: Opening file ux0:/user/00/trophy/conf/NPWR15241_00/TROP007.PNG (ux0:/user/00/trophy/conf/NPWR15241_00/TROP007.PNG), fd: 0xF
[18:54:50.565] |T| [write_file]: install_trophy_context: Writing to fd: 0xF, size: 119395
[18:54:50.565] |T| [close_file]: install_trophy_context: Closing file fd: 0xF
[18:54:50.566] |T| [open_file]: install_trophy_context: Opening file ux0:/user/00/trophy/conf/NPWR15241_00/TROP008.PNG (ux0:/user/00/trophy/conf/NPWR15241_00/TROP008.PNG), fd: 0x10
[18:54:50.566] |T| [write_file]: install_trophy_context: Writing to fd: 0x10, size: 78289
[18:54:50.567] |T| [close_file]: install_trophy_context: Closing file fd: 0x10
[18:54:50.567] |T| [open_file]: install_trophy_context: Opening file ux0:/user/00/trophy/conf/NPWR15241_00/TROP009.PNG (ux0:/user/00/trophy/conf/NPWR15241_00/TROP009.PNG), fd: 0x11
[18:54:50.568] |T| [write_file]: install_trophy_context: Writing to fd: 0x11, size: 126718
[18:54:50.568] |T| [close_file]: install_trophy_context: Closing file fd: 0x11
[18:54:50.568] |T| [open_file]: install_trophy_context: Opening file ux0:/user/00/trophy/conf/NPWR15241_00/TROP010.PNG (ux0:/user/00/trophy/conf/NPWR15241_00/TROP010.PNG), fd: 0x12
[18:54:50.569] |T| [write_file]: install_trophy_context: Writing to fd: 0x12, size: 79317
[18:54:50.569] |T| [close_file]: install_trophy_context: Closing file fd: 0x12
[18:54:50.569] |T| [open_file]: install_trophy_context: Opening file ux0:/user/00/trophy/conf/NPWR15241_00/TROP011.PNG (ux0:/user/00/trophy/conf/NPWR15241_00/TROP011.PNG), fd: 0x13
[18:54:50.570] |T| [write_file]: install_trophy_context: Writing to fd: 0x13, size: 95461
[18:54:50.570] |T| [close_file]: install_trophy_context: Closing file fd: 0x13
[18:54:50.571] |T| [open_file]: install_trophy_context: Opening file ux0:/user/00/trophy/conf/NPWR15241_00/TROP012.PNG (ux0:/user/00/trophy/conf/NPWR15241_00/TROP012.PNG), fd: 0x14
[18:54:50.571] |T| [write_file]: install_trophy_context: Writing to fd: 0x14, size: 73906
[18:54:50.571] |T| [close_file]: install_trophy_context: Closing file fd: 0x14
[18:54:50.572] |T| [open_file]: install_trophy_context: Opening file ux0:/user/00/trophy/conf/NPWR15241_00/TROP013.PNG (ux0:/user/00/trophy/conf/NPWR15241_00/TROP013.PNG), fd: 0x15
[18:54:50.572] |T| [write_file]: install_trophy_context: Writing to fd: 0x15, size: 93964
[18:54:50.572] |T| [close_file]: install_trophy_context: Closing file fd: 0x15
[18:54:50.573] |T| [open_file]: install_trophy_context: Opening file ux0:/user/00/trophy/conf/NPWR15241_00/TROP014.PNG (ux0:/user/00/trophy/conf/NPWR15241_00/TROP014.PNG), fd: 0x16
[18:54:50.573] |T| [write_file]: install_trophy_context: Writing to fd: 0x16, size: 67630
[18:54:50.574] |T| [close_file]: install_trophy_context: Closing file fd: 0x16
[18:54:50.574] |T| [open_file]: install_trophy_context: Opening file ux0:/user/00/trophy/conf/NPWR15241_00/TROP015.PNG (ux0:/user/00/trophy/conf/NPWR15241_00/TROP015.PNG), fd: 0x17
[18:54:50.575] |T| [write_file]: install_trophy_context: Writing to fd: 0x17, size: 82593
[18:54:50.576] |T| [close_file]: install_trophy_context: Closing file fd: 0x17
[18:54:50.576] |T| [open_file]: install_trophy_context: Opening file ux0:/user/00/trophy/conf/NPWR15241_00/TROP016.PNG (ux0:/user/00/trophy/conf/NPWR15241_00/TROP016.PNG), fd: 0x18
[18:54:50.577] |T| [write_file]: install_trophy_context: Writing to fd: 0x18, size: 63153
[18:54:50.577] |T| [close_file]: install_trophy_context: Closing file fd: 0x18
[18:54:50.577] |T| [open_file]: install_trophy_context: Opening file ux0:/user/00/trophy/conf/NPWR15241_00/TROP017.PNG (ux0:/user/00/trophy/conf/NPWR15241_00/TROP017.PNG), fd: 0x19
[18:54:50.578] |T| [write_file]: install_trophy_context: Writing to fd: 0x19, size: 50752
[18:54:50.578] |T| [close_file]: install_trophy_context: Closing file fd: 0x19
[18:54:50.579] |T| [open_file]: install_trophy_context: Opening file ux0:/user/00/trophy/conf/NPWR15241_00/TROP018.PNG (ux0:/user/00/trophy/conf/NPWR15241_00/TROP018.PNG), fd: 0x1A
[18:54:50.579] |T| [write_file]: install_trophy_context: Writing to fd: 0x1A, size: 48864
[18:54:50.579] |T| [close_file]: install_trophy_context: Closing file fd: 0x1A
[18:54:50.579] |T| [close_file]: create_trophy_context: Closing file fd: 0x4
[18:54:50.580] |T| [export_sceNpTrophyCreateContext]: Trophy context for NPWR15241_00 create successfuly!
[18:54:50.585] |W| [stubbed_impl]: Stubbed sceGxmMapVertexUsseMemory import called. (always return success)
[18:54:50.593] |I| [export_sceIoOpen]: Opening file: app0:data/FONTDATA.BIN
[18:54:50.593] |T| [open_file]: sceIoOpen: Opening file app0:data/FONTDATA.BIN (ux0:/app/PCSG01197/data/FONTDATA.BIN), fd: 0x1B
[18:54:50.595] |T| [close_file]: sceIoClose: Closing file fd: 0x1B
[18:54:50.599] |I| [export_sceIoOpen]: Opening file: app0:data/FONTDATA.ARC
[18:54:50.599] |T| [open_file]: sceIoOpen: Opening file app0:data/FONTDATA.ARC (ux0:/app/PCSG01197/data/FONTDATA.ARC), fd: 0x1C
[18:54:50.609] |T| [close_file]: sceIoClose: Closing file fd: 0x1C
[18:54:51.184] |I| [export_sceIoOpen]: Opening file: app0:data/FONTDATA.ARC
[18:54:51.185] |T| [open_file]: sceIoOpen: Opening file app0:data/FONTDATA.ARC (ux0:/app/PCSG01197/data/FONTDATA.ARC), fd: 0x1D
[18:54:51.186] |T| [close_file]: sceIoClose: Closing file fd: 0x1D
[18:54:51.194] |I| [export_sceIoOpen]: Opening file: app0:data/FONTDATA.ARC
[18:54:51.194] |T| [open_file]: sceIoOpen: Opening file app0:data/FONTDATA.ARC (ux0:/app/PCSG01197/data/FONTDATA.ARC), fd: 0x1E
[18:54:51.194] |T| [close_file]: sceIoClose: Closing file fd: 0x1E
[18:54:51.196] |I| [load_module]: Loading module ID: 0xD
[18:54:51.200] |I| [load_self]: Loaded module segment 0 @ [0x0124D000 - 0x01264244 / 0x81000000] (size: 0x00017244) of module sys/external/libsas.suprx
[18:54:51.201] |I| [load_self]: Loaded module segment 1 @ [0x00DAF000 - 0x00DAF038 / 0x81018000] (size: 0x00000038) of module sys/external/libsas.suprx
[18:54:51.202] |I| [load_self]: Linking SELF sys/external/libsas.suprx...
[18:54:51.202] |D| [load_var_exports]: 	NID 0x936C8A78 (SYSLYB) at 0x1261004
[18:54:51.203] |D| [load_var_exports]: 	NID 0x6C2224BA (NID_MODULE_INFO) at 0x1260BF0
[18:54:51.203] |I| [load_module]: Module SceSasUser (at "sys/external/libsas.suprx") loaded
[18:54:51.203] |T| [log_import_call]: [LLE] TID: 7   FUNC: 0x180C6824 sceSasGetNeededMemorySize at 0x15AFF0
[18:54:51.218] |T| [log_import_call]: [LLE] TID: 7   FUNC: 0x820D5F82 sceSasInitWithGrain at 0x15B070
[18:54:51.262] |I| [load_module]: Loading module ID: 0x30
[18:54:51.263] |I| [load_self]: sys/external/libatrac.suprx: Skipping special segment 0x6FFFFF01...
[18:54:51.264] |I| [load_self]: Loaded module segment 0 @ [0x00DEC000 - 0x00DEF55C / 0x81000000] (size: 0x0000355C) of module sys/external/libatrac.suprx
[18:54:51.264] |I| [load_self]: Loaded module segment 1 @ [0x00DC6000 - 0x00DC7038 / 0x81004000] (size: 0x00001038) of module sys/external/libatrac.suprx
[18:54:51.265] |I| [load_self]: Linking SELF sys/external/libatrac.suprx...
[18:54:51.266] |D| [load_var_exports]: 	NID 0x936C8A78 (SYSLYB) at 0xDEF558
[18:54:51.266] |D| [load_var_exports]: 	NID 0x6C2224BA (NID_MODULE_INFO) at 0xDEEDB4
[18:54:51.266] |I| [load_module]: Module SceAtrac (at "sys/external/libatrac.suprx") loaded
[18:54:51.267] |D| [load_module]: Running module_start of module: SceAtrac
[18:54:51.268] |I| [load_module]: Module SceAtrac (at "sys/external/libatrac.suprx") module_start returned 0x0
[18:54:51.268] |T| [log_import_call]: [LLE] TID: 7   FUNC: 0x1A34B331 sceAtracQueryDecoderGroupMemSize at 0x15AEC0
[18:54:51.269] |T| [log_import_call]: [LLE] TID: 7   FUNC: 0x1BFB98C sceAtracCreateDecoderGroup at 0x15AEA0
[18:54:51.350] |I| [load_module]: Loading module ID: 0x4C
[18:54:51.354] |I| [load_self]: sys/external/libsceavplayer.suprx: Skipping special segment 0x6FFFFF01...
[18:54:51.354] |I| [load_self]: Loaded module segment 0 @ [0x01265000 - 0x012799FC / 0x81000000] (size: 0x000149FC) of module sys/external/libsceavplayer.suprx
[18:54:51.355] |I| [load_self]: Loaded module segment 1 @ [0x0102C000 - 0x0102C06C / 0x81015000] (size: 0x0000006C) of module sys/external/libsceavplayer.suprx
[18:54:51.355] |I| [load_self]: Linking SELF sys/external/libsceavplayer.suprx...
[18:54:51.356] |D| [load_var_exports]: 	NID 0x936C8A78 (SYSLYB) at 0x1276D40
[18:54:51.356] |D| [load_var_exports]: 	NID 0x6C2224BA (NID_MODULE_INFO) at 0x1275548
[18:54:51.357] |I| [load_module]: Module SceAvPlayer (at "sys/external/libsceavplayer.suprx") loaded
[18:54:51.357] |D| [load_module]: Running module_start of module: SceAvPlayer
[18:54:51.357] |I| [load_module]: Module SceAvPlayer (at "sys/external/libsceavplayer.suprx") module_start returned 0x0
[18:54:51.359] |I| [load_self]: sys/external/libscemp4.suprx: Skipping special segment 0x6FFFFF01...
[18:54:51.360] |I| [load_self]: Loaded module segment 0 @ [0x014A4000 - 0x014B3D20 / 0x81000000] (size: 0x0000FD20) of module sys/external/libscemp4.suprx
[18:54:51.360] |I| [load_self]: Loaded module segment 1 @ [0x0102D000 - 0x0102D028 / 0x81010000] (size: 0x00000028) of module sys/external/libscemp4.suprx
[18:54:51.361] |I| [load_self]: Linking SELF sys/external/libscemp4.suprx...
[18:54:51.361] |D| [load_var_exports]: 	NID 0x936C8A78 (SYSLYB) at 0x14B39D0
[18:54:51.361] |D| [load_var_exports]: 	NID 0x6C2224BA (NID_MODULE_INFO) at 0x14B28C4
[18:54:51.361] |I| [load_module]: Module SceMp4 (at "sys/external/libscemp4.suprx") loaded
[18:54:51.362] |W| [unimplemented_impl]: Unimplemented sceCommonDialogUpdate import called.
[18:54:51.377] |W| [stubbed_impl]: Stubbed sceNpTrophyCreateHandle import called. (Stubbed handle with 1)
[18:54:51.379] |I| [export_sceIoOpen]: Opening file: app0:data/BMPDATA.BIN
[18:54:51.379] |T| [open_file]: sceIoOpen: Opening file app0:data/BMPDATA.BIN (ux0:/app/PCSG01197/data/BMPDATA.BIN), fd: 0x1F
[18:54:51.380] |T| [close_file]: sceIoClose: Closing file fd: 0x1F
[18:54:51.381] |E| [stat_file]: Missing file at D:/__easyHelper__/vita3k/games/ux0/app/PCSG01197/data/STANDDATA.ARC (target path: app0:data/STANDDATA.ARC)
[18:54:51.382] |W| [io_error_impl]: stat_file (_sceIoGetstat) returned 0x80010002
[18:54:51.388] |I| [export_sceIoOpen]: Opening file: app0:data/BMPDATA.ARC
[18:54:51.388] |T| [open_file]: sceIoOpen: Opening file app0:data/BMPDATA.ARC (ux0:/app/PCSG01197/data/BMPDATA.ARC), fd: 0x20
[18:54:51.389] |T| [close_file]: sceIoClose: Closing file fd: 0x20
[18:54:51.401] |I| [export_sceIoOpen]: Opening file: app0:data/BMPDATA.ARC
[18:54:51.402] |T| [open_file]: sceIoOpen: Opening file app0:data/BMPDATA.ARC (ux0:/app/PCSG01197/data/BMPDATA.ARC), fd: 0x21
[18:54:51.402] |T| [close_file]: sceIoClose: Closing file fd: 0x21
[18:54:51.408] |I| [export_sceIoOpen]: Opening file: app0:data/SCRDATA.BIN
[18:54:51.409] |T| [open_file]: sceIoOpen: Opening file app0:data/SCRDATA.BIN (ux0:/app/PCSG01197/data/SCRDATA.BIN), fd: 0x22
[18:54:51.409] |T| [close_file]: sceIoClose: Closing file fd: 0x22
[18:54:51.410] |I| [export_sceIoOpen]: Opening file: app0:data/SCRDATA.ARC
[18:54:51.411] |T| [open_file]: sceIoOpen: Opening file app0:data/SCRDATA.ARC (ux0:/app/PCSG01197/data/SCRDATA.ARC), fd: 0x23
[18:54:51.416] |T| [close_file]: sceIoClose: Closing file fd: 0x23
[18:54:51.419] |I| [export_sceIoOpen]: Opening file: app0:data/SYSDATA.BIN
[18:54:51.420] |T| [open_file]: sceIoOpen: Opening file app0:data/SYSDATA.BIN (ux0:/app/PCSG01197/data/SYSDATA.BIN), fd: 0x24
[18:54:51.420] |T| [close_file]: sceIoClose: Closing file fd: 0x24
[18:54:51.421] |I| [export_sceIoOpen]: Opening file: app0:data/WAVDATA.BIN
[18:54:51.422] |T| [open_file]: sceIoOpen: Opening file app0:data/WAVDATA.BIN (ux0:/app/PCSG01197/data/WAVDATA.BIN), fd: 0x25
[18:54:51.422] |T| [close_file]: sceIoClose: Closing file fd: 0x25
[18:54:51.427] |I| [export_sceIoOpen]: Opening file: app0:data/SE.BIN
[18:54:51.427] |T| [open_file]: sceIoOpen: Opening file app0:data/SE.BIN (ux0:/app/PCSG01197/data/SE.BIN), fd: 0x26
[18:54:51.428] |T| [close_file]: sceIoClose: Closing file fd: 0x26
[18:54:51.430] |I| [export_sceIoOpen]: Opening file: app0:data/FONTDATA.ARC
[18:54:51.430] |T| [open_file]: sceIoOpen: Opening file app0:data/FONTDATA.ARC (ux0:/app/PCSG01197/data/FONTDATA.ARC), fd: 0x27
[18:54:51.431] |T| [close_file]: sceIoClose: Closing file fd: 0x27
[18:54:51.440] |I| [export_sceIoOpen]: Opening file: app0:data/SE.ARC
[18:54:51.440] |T| [open_file]: sceIoOpen: Opening file app0:data/SE.ARC (ux0:/app/PCSG01197/data/SE.ARC), fd: 0x28
[18:54:51.440] |T| [close_file]: sceIoClose: Closing file fd: 0x28
[18:54:51.441] |I| [export_sceIoOpen]: Opening file: app0:data/SE.ARC
[18:54:51.442] |T| [open_file]: sceIoOpen: Opening file app0:data/SE.ARC (ux0:/app/PCSG01197/data/SE.ARC), fd: 0x29
[18:54:51.442] |T| [close_file]: sceIoClose: Closing file fd: 0x29
[18:54:51.443] |I| [export_sceIoOpen]: Opening file: app0:data/BMPDATA.ARC
[18:54:51.443] |T| [open_file]: sceIoOpen: Opening file app0:data/BMPDATA.ARC (ux0:/app/PCSG01197/data/BMPDATA.ARC), fd: 0x2A
[18:54:51.444] |T| [close_file]: sceIoClose: Closing file fd: 0x2A
[18:54:51.454] |I| [export_sceIoOpen]: Opening file: app0:data/BMPDATA.ARC
[18:54:51.454] |T| [open_file]: sceIoOpen: Opening file app0:data/BMPDATA.ARC (ux0:/app/PCSG01197/data/BMPDATA.ARC), fd: 0x2B
[18:54:51.455] |T| [close_file]: sceIoClose: Closing file fd: 0x2B
[18:54:51.458] |I| [export_sceIoOpen]: Opening file: app0:data/BMPDATA.ARC
[18:54:51.458] |T| [open_file]: sceIoOpen: Opening file app0:data/BMPDATA.ARC (ux0:/app/PCSG01197/data/BMPDATA.ARC), fd: 0x2C
[18:54:51.459] |T| [close_file]: sceIoClose: Closing file fd: 0x2C
[18:54:51.461] |I| [export_sceIoOpen]: Opening file: app0:data/BMPDATA.ARC
[18:54:51.461] |T| [open_file]: sceIoOpen: Opening file app0:data/BMPDATA.ARC (ux0:/app/PCSG01197/data/BMPDATA.ARC), fd: 0x2D
[18:54:51.462] |T| [close_file]: sceIoClose: Closing file fd: 0x2D
[18:54:51.467] |E| [renderer::vulkan::texture::translate_swizzle4]: Unknown swizzle mode 0x5000
[18:54:51.487] |E| [renderer::vulkan::texture::translate_swizzle4]: Unknown swizzle mode 0x5000
[18:54:51.672] |I| [export_sceIoOpen]: Opening file: app0:data/FONTDATA.ARC
[18:54:51.673] |T| [open_file]: sceIoOpen: Opening file app0:data/FONTDATA.ARC (ux0:/app/PCSG01197/data/FONTDATA.ARC), fd: 0x2E
[18:54:51.675] |T| [close_file]: sceIoClose: Closing file fd: 0x2E
[18:54:52.188] |I| [export_sceIoOpen]: Opening file: app0:data/SE.ARC
[18:54:52.189] |T| [open_file]: sceIoOpen: Opening file app0:data/SE.ARC (ux0:/app/PCSG01197/data/SE.ARC), fd: 0x2F
[18:54:52.189] |T| [close_file]: sceIoClose: Closing file fd: 0x2F
[18:54:52.191] |I| [export_sceIoOpen]: Opening file: app0:data/SE.ARC
[18:54:52.191] |T| [open_file]: sceIoOpen: Opening file app0:data/SE.ARC (ux0:/app/PCSG01197/data/SE.ARC), fd: 0x30
[18:54:52.191] |T| [close_file]: sceIoClose: Closing file fd: 0x30
[18:54:52.192] |I| [export_sceIoOpen]: Opening file: app0:data/SE.ARC
[18:54:52.192] |T| [open_file]: sceIoOpen: Opening file app0:data/SE.ARC (ux0:/app/PCSG01197/data/SE.ARC), fd: 0x31
[18:54:52.193] |T| [close_file]: sceIoClose: Closing file fd: 0x31
[18:54:52.193] |I| [export_sceIoOpen]: Opening file: app0:data/SE.ARC
[18:54:52.194] |T| [open_file]: sceIoOpen: Opening file app0:data/SE.ARC (ux0:/app/PCSG01197/data/SE.ARC), fd: 0x32
[18:54:52.194] |T| [close_file]: sceIoClose: Closing file fd: 0x32
[18:54:52.195] |I| [export_sceIoOpen]: Opening file: app0:data/SE.ARC
[18:54:52.195] |T| [open_file]: sceIoOpen: Opening file app0:data/SE.ARC (ux0:/app/PCSG01197/data/SE.ARC), fd: 0x33
[18:54:52.195] |T| [close_file]: sceIoClose: Closing file fd: 0x33
[18:54:52.196] |I| [export_sceIoOpen]: Opening file: app0:data/BMPDATA.ARC
[18:54:52.196] |T| [open_file]: sceIoOpen: Opening file app0:data/BMPDATA.ARC (ux0:/app/PCSG01197/data/BMPDATA.ARC), fd: 0x34
[18:54:52.196] |T| [close_file]: sceIoClose: Closing file fd: 0x34
[18:54:52.199] |I| [export_sceIoOpen]: Opening file: app0:data/BMPDATA.ARC
[18:54:52.199] |T| [open_file]: sceIoOpen: Opening file app0:data/BMPDATA.ARC (ux0:/app/PCSG01197/data/BMPDATA.ARC), fd: 0x35
[18:54:52.200] |T| [close_file]: sceIoClose: Closing file fd: 0x35
[18:54:52.210] |I| [export_sceIoOpen]: Opening file: app0:data/BMPDATA.ARC
[18:54:52.211] |T| [open_file]: sceIoOpen: Opening file app0:data/BMPDATA.ARC (ux0:/app/PCSG01197/data/BMPDATA.ARC), fd: 0x36
[18:54:52.212] |T| [close_file]: sceIoClose: Closing file fd: 0x36
[18:54:52.214] |I| [export_sceIoOpen]: Opening file: app0:data/BMPDATA.ARC
[18:54:52.214] |T| [open_file]: sceIoOpen: Opening file app0:data/BMPDATA.ARC (ux0:/app/PCSG01197/data/BMPDATA.ARC), fd: 0x37
[18:54:52.215] |T| [close_file]: sceIoClose: Closing file fd: 0x37
[18:54:52.225] |I| [export_sceIoOpen]: Opening file: app0:data/BMPDATA.ARC
[18:54:52.225] |T| [open_file]: sceIoOpen: Opening file app0:data/BMPDATA.ARC (ux0:/app/PCSG01197/data/BMPDATA.ARC), fd: 0x38
[18:54:52.226] |T| [close_file]: sceIoClose: Closing file fd: 0x38
[18:54:52.231] |T| [open_file]: sceAppUtilSaveDataSlotGetParam: Opening file savedata0:/SlotParam_0.bin (ux0:/user/00/savedata/PCSG01197/SlotParam_0.bin), fd: 0x39
[18:54:52.232] |T| [close_file]: sceAppUtilSaveDataSlotGetParam: Closing file fd: 0x39
[18:54:52.238] |I| [export_sceIoOpen]: Opening file: savedata0:SAVEDATA00.DAT
[18:54:52.238] |T| [open_file]: sceIoOpen: Opening file savedata0:SAVEDATA00.DAT (ux0:/user/00/savedata/PCSG01197/SAVEDATA00.DAT), fd: 0x3A
[18:54:52.239] |T| [close_file]: sceIoClose: Closing file fd: 0x3A
[18:54:56.138] |T| [log_import_call]: [LLE] TID: 7   FUNC: 0x2B75F9BC sceSasSetVoice at 0x15B010
[18:54:56.140] |T| [log_import_call]: [LLE] TID: 7   FUNC: 0x18A5EFA2 sceSasSetADSR at 0x15B000
[18:54:56.141] |T| [log_import_call]: [LLE] TID: 7   FUNC: 0xECCE0DB8 sceSasSetSimpleADSR at 0x15B090
[18:54:56.142] |T| [log_import_call]: [LLE] TID: 7   FUNC: 0xBE8204D sceSasSetVolume at 0x15AFE0
[18:54:56.143] |T| [log_import_call]: [LLE] TID: 7   FUNC: 0x2C48A08C sceSasSetPitch at 0x15B030
[18:54:56.144] |T| [log_import_call]: [LLE] TID: 7   FUNC: 0x5E42ADAB sceSasSetKeyOff at 0x15B050
[18:54:56.144] |T| [log_import_call]: [LLE] TID: 7   FUNC: 0xC838DB6F sceSasSetKeyOn at 0x15B080
[18:54:56.153] |T| [log_import_call]: [LLE] TID: 45  FUNC: 0x7E63E6 sceSasGetEndState at 0x15AFD0
[18:54:56.156] |T| [log_import_call]: [LLE] TID: 45  FUNC: 0x7A4672B2 sceSasCore at 0x15B060
[18:54:56.908] |I| [export_sceIoOpen]: Opening file: app0:data/BMPDATA.ARC
[18:54:56.909] |T| [open_file]: sceIoOpen: Opening file app0:data/BMPDATA.ARC (ux0:/app/PCSG01197/data/BMPDATA.ARC), fd: 0x3B
[18:54:56.910] |T| [close_file]: sceIoClose: Closing file fd: 0x3B
[18:54:56.918] |I| [export_sceIoOpen]: Opening file: app0:data/BMPDATA.ARC
[18:54:56.919] |T| [open_file]: sceIoOpen: Opening file app0:data/BMPDATA.ARC (ux0:/app/PCSG01197/data/BMPDATA.ARC), fd: 0x3C
[18:54:56.920] |T| [close_file]: sceIoClose: Closing file fd: 0x3C
[18:54:56.927] |I| [export_sceIoOpen]: Opening file: app0:data/BMPDATA.ARC
[18:54:56.927] |T| [open_file]: sceIoOpen: Opening file app0:data/BMPDATA.ARC (ux0:/app/PCSG01197/data/BMPDATA.ARC), fd: 0x3D
[18:54:56.928] |T| [close_file]: sceIoClose: Closing file fd: 0x3D
[18:54:56.931] |I| [export_sceIoOpen]: Opening file: app0:data/BMPDATA.ARC
[18:54:56.932] |T| [open_file]: sceIoOpen: Opening file app0:data/BMPDATA.ARC (ux0:/app/PCSG01197/data/BMPDATA.ARC), fd: 0x3E
[18:54:56.933] |T| [close_file]: sceIoClose: Closing file fd: 0x3E
[18:54:56.940] |I| [export_sceIoOpen]: Opening file: app0:data/BMPDATA.ARC
[18:54:56.942] |T| [open_file]: sceIoOpen: Opening file app0:data/BMPDATA.ARC (ux0:/app/PCSG01197/data/BMPDATA.ARC), fd: 0x3F
[18:54:56.943] |T| [close_file]: sceIoClose: Closing file fd: 0x3F
[18:54:56.947] |I| [export_sceIoOpen]: Opening file: app0:data/BMPDATA.ARC
[18:54:56.948] |T| [open_file]: sceIoOpen: Opening file app0:data/BMPDATA.ARC (ux0:/app/PCSG01197/data/BMPDATA.ARC), fd: 0x40
[18:54:56.949] |T| [close_file]: sceIoClose: Closing file fd: 0x40
[18:54:56.953] |I| [export_sceIoOpen]: Opening file: app0:data/BMPDATA.ARC
[18:54:56.953] |T| [open_file]: sceIoOpen: Opening file app0:data/BMPDATA.ARC (ux0:/app/PCSG01197/data/BMPDATA.ARC), fd: 0x41
[18:54:56.954] |T| [close_file]: sceIoClose: Closing file fd: 0x41
[18:54:56.956] |I| [export_sceIoOpen]: Opening file: app0:data/BMPDATA.ARC
[18:54:56.957] |T| [open_file]: sceIoOpen: Opening file app0:data/BMPDATA.ARC (ux0:/app/PCSG01197/data/BMPDATA.ARC), fd: 0x42
[18:54:56.958] |T| [close_file]: sceIoClose: Closing file fd: 0x42
[18:55:00.755] |I| [export_sceIoOpen]: Opening file: app0:data/BMPDATA.ARC
[18:55:00.756] |T| [open_file]: sceIoOpen: Opening file app0:data/BMPDATA.ARC (ux0:/app/PCSG01197/data/BMPDATA.ARC), fd: 0x43
[18:55:00.757] |T| [close_file]: sceIoClose: Closing file fd: 0x43
[18:55:01.023] |I| [export_sceIoOpen]: Opening file: app0:data/FONTDATA.ARC
[18:55:01.024] |T| [open_file]: sceIoOpen: Opening file app0:data/FONTDATA.ARC (ux0:/app/PCSG01197/data/FONTDATA.ARC), fd: 0x44
[18:55:01.026] |T| [close_file]: sceIoClose: Closing file fd: 0x44
[18:55:04.372] |T| [log_import_call]: [LLE] TID: 7   FUNC: 0x4C847ADF sceAvPlayerInit at 0x15B240
[18:55:04.398] |T| [log_import_call]: [LLE] TID: 7   FUNC: 0xBC83C8FD sceAvPlayerAddSource at 0x15B2A0
[18:55:04.402] |T| [log_import_call]: [LLE] TID: 7   FUNC: 0x5474AF0 sceMp4OpenFile at 0x12751A8
[18:55:04.403] |T| [log_import_call]: [LLE] TID: 48  FUNC: 0x2E4FF35F sceAvPlayerIsActive at 0x15B220
[18:55:04.403] |E| [call_import]: Import function for NID 0xE12FFF1C not found (thread name: SasThread, thread ID: 45)
[18:55:04.404] |T| [log_import_call]: [LLE] TID: 48  FUNC: 0xA10FC252 sceAvPlayer