[22:12:25.068] |I| [config::init_config]: backend-renderer: OpenGL
[22:12:25.073] |I| [config::init_config]: log-level: 0
[22:12:25.423] |I| [SDL_main]: Vita3K v0.1.5 2603-8daf6c6f
[22:12:25.423] |I| [SDL_main]: Number of logical CPU cores: 16
[22:12:25.423] |I| [SDL_main]: Available ram memory: 15725 mo
[22:12:26.288] |I| [renderer::gl::create]: Swap interval = -1
[22:12:26.291] |I| [renderer::gl::create]: GPU = AMD Radeon(TM) Graphics
[22:12:26.291] |I| [renderer::gl::create]: GL_VERSION = 4.6.14761 Core Profile Context 21.30.23.04 30.0.13023.4001
[22:12:26.291] |I| [renderer::gl::create]: GL_SHADING_LANGUAGE_VERSION = 4.60
[22:12:26.291] |I| [renderer::gl::create]: Your GPU only supports texture barrier, performance may not be good on programmable blending games.
[22:12:26.291] |W| [renderer::gl::create]: Consider updating to GPU that has shader interlock.
[22:12:40.315] |I| [load_app_impl]: cpu-backend: Dynarmic
[22:12:40.315] |I| [load_app_impl]: CPU Optimisation state: true
[22:12:40.315] |I| [load_app_impl]: at9 audio decoder state: true
[22:12:40.316] |I| [load_app_impl]: ngs experimental state: true
[22:12:40.322] |I| [load_app_impl]: 1 Controllers Connected
[22:12:40.322] |I| [load_app_impl]: Controller 0: Xbox 360 Controller
[22:12:40.322] |I| [load_app_impl]: modules mode: Automatic
[22:12:40.323] |I| [load_app_impl]: Title: 约会大作战 Twin Edition 凛绪轮回
[22:12:40.323] |I| [load_app_impl]: Serial: PCSG00599
[22:12:40.323] |I| [load_app_impl]: Version: 1.00
[22:12:40.323] |I| [load_app_impl]: Category: gd
[22:12:40.336] |I| [load_self]: Loaded module segment 0 @ [0x00007000 - 0x00056C54 / 0x81000000] (size: 0x0004FC54) of module app0:sce_module/libc.suprx
[22:12:40.337] |I| [load_self]: Loaded module segment 1 @ [0x00057000 - 0x00059688 / 0x81050000] (size: 0x00002688) of module app0:sce_module/libc.suprx
[22:12:40.338] |I| [load_self]: Loading symbols for SELF: app0:sce_module/libc.suprx
[22:12:40.341] |D| [load_var_exports]: 	NID 0x936C8A78 (SYSLYB) at 0x4C744
[22:12:40.341] |D| [load_var_exports]: 	NID 0x6C2224BA (NID_MODULE_INFO) at 0x424F8
[22:12:40.343] |W| [load_var_imports]: 	NID NOT FOUND 0x93B8AA67 (UNRECOGNISED) at 0x46520, setting to stub value 0xDEADBEEF
[22:12:40.345] |W| [load_var_imports]: 	NID NOT FOUND 0xDF084DFA (UNRECOGNISED) at 0x480A4, setting to stub value 0xDEADBEEF
[22:12:40.346] |I| [pre_load_module]: Pre-load module SceLibc (at "sce_module/libc.suprx") loaded
[22:12:40.353] |I| [load_self]: Loaded module segment 0 @ [0x0005C000 - 0x0008733C / 0x81000000] (size: 0x0002B33C) of module app0:sce_module/libfios2.suprx
[22:12:40.358] |I| [load_self]: Loaded module segment 1 @ [0x00088000 - 0x0008D23D / 0x8102C000] (size: 0x0000523D) of module app0:sce_module/libfios2.suprx
[22:12:40.361] |I| [load_self]: Loading symbols for SELF: app0:sce_module/libfios2.suprx
[22:12:40.362] |D| [load_var_exports]: 	NID 0x936C8A78 (SYSLYB) at 0x87244
[22:12:40.363] |D| [load_var_exports]: 	NID 0x6C2224BA (NID_MODULE_INFO) at 0x7E878
[22:12:40.364] |I| [pre_load_module]: Pre-load module SceLibFios2 (at "sce_module/libfios2.suprx") loaded
[22:12:40.370] |I| [load_self]: Loaded module segment 0 @ [0x0008E000 - 0x000A19A4 / 0x81000000] (size: 0x000139A4) of module app0:sce_module/libult.suprx
[22:12:40.372] |I| [load_self]: Loaded module segment 1 @ [0x000A2000 - 0x000A2814 / 0x81014000] (size: 0x00000814) of module app0:sce_module/libult.suprx
[22:12:40.374] |I| [load_self]: Loading symbols for SELF: app0:sce_module/libult.suprx
[22:12:40.375] |D| [load_var_exports]: 	NID 0x936C8A78 (SYSLYB) at 0xA02D0
[22:12:40.376] |D| [load_var_exports]: 	NID 0x6C2224BA (NID_MODULE_INFO) at 0x9D858
[22:12:40.377] |I| [pre_load_module]: Pre-load module SceUlt (at "sce_module/libult.suprx") loaded
[22:12:40.388] |I| [load_self]: Loaded module segment 0 @ [0x000A3000 - 0x000F3F04 / 0x81000000] (size: 0x00050F04) of module vs0:sys/external/libSceFt2.suprx
[22:12:40.389] |I| [load_self]: Loaded module segment 1 @ [0x000F4000 - 0x000F42F4 / 0x81051000] (size: 0x000002F4) of module vs0:sys/external/libSceFt2.suprx
[22:12:40.390] |I| [load_self]: Loading symbols for SELF: vs0:sys/external/libSceFt2.suprx
[22:12:40.391] |D| [load_var_exports]: 	NID 0x936C8A78 (SYSLYB) at 0xDF7DC
[22:12:40.392] |D| [load_var_exports]: 	NID 0x6C2224BA (NID_MODULE_INFO) at 0xDEF10
[22:12:40.394] |I| [pre_load_module]: Pre-load module SceLibft2 (at "sys/external/libSceFt2.suprx") loaded
[22:12:40.398] |I| [load_self]: Loaded module segment 0 @ [0x000F5000 - 0x00104F14 / 0x81000000] (size: 0x0000FF14) of module vs0:sys/external/libpvf.suprx
[22:12:40.398] |I| [load_self]: Loaded module segment 1 @ [0x00105000 - 0x00105008 / 0x81010000] (size: 0x00000008) of module vs0:sys/external/libpvf.suprx
[22:12:40.400] |I| [load_self]: Loading symbols for SELF: vs0:sys/external/libpvf.suprx
[22:12:40.401] |D| [load_var_exports]: 	NID 0x936C8A78 (SYSLYB) at 0x103710
[22:12:40.405] |D| [load_var_exports]: 	NID 0x6C2224BA (NID_MODULE_INFO) at 0x103300
[22:12:40.407] |I| [pre_load_module]: Pre-load module SceLibPvf (at "sys/external/libpvf.suprx") loaded
[22:12:40.423] |I| [load_self]: Loaded module segment 0 @ [0x00106000 - 0x001875A0 / 0x81000000] (size: 0x000815A0) of module app0:eboot.bin
[22:12:40.424] |I| [load_self]: Loaded module segment 1 @ [0x00188000 - 0x001D0B30 / 0x81085000] (size: 0x00048B30) of module app0:eboot.bin
[22:12:40.425] |I| [load_self]: Loading symbols for SELF: app0:eboot.bin
[22:12:40.426] |D| [load_var_exports]: 	NID 0x6C2224BA (NID_MODULE_INFO) at 0x173E7C
[22:12:40.426] |D| [load_var_exports]: 	NID 0x70FBA1E7 (SCE_PROC_PARAMS) at 0x189684
[22:12:40.427] |D| [load_var_exports]: 	NID 0x936C8A78 (SYSLYB) at 0x182D7C
[22:12:40.428] |I| [load_app_impl]: Main executable DalVita (eboot.bin) loaded
[22:12:40.439] |I| [renderer::gl::compile_shader]: frag shader compiled: 67e2e26a2a3c674c05a7d0e56d4efc5c3adf03d7987f9b6bd2ebc7274364804e
[22:12:40.443] |I| [renderer::gl::compile_shader]: vert shader compiled: 476318c3e8ebf0c3ffe43e9a84262079eb45a1213eb2ef2e150c28525a1c406f
[22:12:40.455] |I| [renderer::gl::pre_compile_program]: Program Compiled 1/2
[22:12:40.484] |I| [renderer::gl::compile_shader]: frag shader compiled: 721c1b3099746e5ffd83a7a922ecef1ec918da8bb96695382ec70f6f426db067
[22:12:40.489] |I| [renderer::gl::compile_shader]: vert shader compiled: 856e6a07b5a7b05c2d8c6abf4f92e15361dddd3ab2aa4504a00be27c79461576
[22:12:40.499] |I| [renderer::gl::pre_compile_program]: Program Compiled 2/2
[22:12:40.519] |D| [run_app]: Running module_start of library: SceLibc at address 0x7871
[22:12:40.590] |T| [open_file]: sceKernelGetStdin: Opening terminal tty0:
[22:12:40.591] |T| [open_file]: sceKernelGetStdout: Opening terminal tty0:
[22:12:40.592] |T| [open_file]: sceKernelGetStderr: Opening terminal tty0:
[22:12:40.604] |I| [run_app]: Module SceLibc (at "app0:sce_module/libc.suprx") module_start returned 0x0
[22:12:40.610] |D| [run_app]: Running module_start of library: SceLibFios2 at address 0x5C001
[22:12:40.624] |W| [stubbed_impl]: Stubbed sceKernelGetProcessId import called. (pid: 0)
[22:12:40.626] |W| [unimplemented_impl]: Unimplemented sceFiosOverlayGetList02 import called.
[22:12:40.627] |I| [run_app]: Module SceLibFios2 (at "app0:sce_module/libfios2.suprx") module_start returned 0x0
[22:12:40.632] |D| [run_app]: Running module_start of library: SceUlt at address 0x91769
[22:12:40.646] |W| [unimplemented_impl]: Unimplemented _sceUlobjMgrRegisterLibultProtocolRevision import called.
[22:12:40.647] |I| [run_app]: Module SceUlt (at "app0:sce_module/libult.suprx") module_start returned 0x0
[22:12:40.653] |T| [open_file]: _sceKernelLoadStartModule: Opening file app0:mai_moe/mai.suprx (ux0:/app/PCSG00599/mai_moe/mai.suprx), fd: 0x3
[22:12:40.654] |T| [seek_file]: _sceKernelLoadStartModule: Seeking fd: 0x3, offset: 0x0, whence: SCE_SEEK_END
[22:12:40.658] |T| [seek_file]: _sceKernelLoadStartModule: Seeking fd: 0x3, offset: 0x0, whence: SCE_SEEK_SET
[22:12:40.659] |T| [read_file]: _sceKernelLoadStartModule: Reading 87866 bytes of fd 0x3
[22:12:40.661] |I| [load_self]: Loaded module segment 0 @ [0x00213000 - 0x00215C24 / 0x00008000] (size: 0x00002C24) of module app0:mai_moe/mai.suprx
[22:12:40.661] |I| [load_self]: Loaded module segment 1 @ [0x0DE18000 - 0x0DE1982C / 0x00020000] (size: 0x0000182C) of module app0:mai_moe/mai.suprx
[22:12:40.662] |I| [load_self]: Loading symbols for SELF: app0:mai_moe/mai.suprx
[22:12:40.663] |D| [load_var_exports]: 	NID 0x6C2224BA (NID_MODULE_INFO) at 0x2157E4
[22:12:40.664] |D| [load_var_exports]: 	NID 0x70FBA1E7 (SCE_PROC_PARAMS) at 0x215840
[22:12:40.666] |T| [close_file]: _sceKernelLoadStartModule: Closing file fd: 0x3
[22:12:40.693] |E| [logging::ret_error_impl]: _sceAppMgrAppParamGetString returned SCE_APPMGR_ERROR_INVALID (0x8080201A)
[22:12:40.695] |T| [stat_file]: _sceIoGetstat: Statting file: app0:mai_moe/load_type.mai (ux0:/app/PCSG00599/mai_moe/load_type.mai)
[22:12:40.696] |I| [export_sceIoOpen]: Opening file: app0:mai_moe/load_type.mai
[22:12:40.697] |T| [open_file]: sceIoOpen: Opening file app0:mai_moe/load_type.mai (ux0:/app/PCSG00599/mai_moe/load_type.mai), fd: 0x4
[22:12:40.699] |T| [stat_file]: _sceIoGetstat: Statting file: app0:mai_moe/load_type.mai (ux0:/app/PCSG00599/mai_moe/load_type.mai)
[22:12:40.700] |T| [seek_file]: _sceIoLseek: Seeking fd: 0x4, offset: 0x0, whence: SCE_SEEK_SET
[22:12:40.700] |T| [read_file]: sceIoRead: Reading 1 bytes of fd 0x4
[22:12:40.701] |T| [close_file]: sceIoClose: Closing file fd: 0x4
[22:12:40.720] |I| [start_module]: Module SceLibFios2 (at "app0:sce_module/libfios2.suprx") module_start returned 0x0
[22:12:40.728] |T| [open_file]: _sceKernelLoadStartModule: Opening file app0:sce_module/libfios2_m.suprx (ux0:/app/PCSG00599/sce_module/libfios2_m.suprx), fd: 0x5
[22:12:40.732] |T| [seek_file]: _sceKernelLoadStartModule: Seeking fd: 0x5, offset: 0x0, whence: SCE_SEEK_END
[22:12:40.732] |T| [seek_file]: _sceKernelLoadStartModule: Seeking fd: 0x5, offset: 0x0, whence: SCE_SEEK_SET
[22:12:40.736] |T| [read_file]: _sceKernelLoadStartModule: Reading 257648 bytes of fd 0x5
[22:12:40.739] |I| [load_self]: Loaded module segment 0 @ [0x0DE9F000 - 0x0DECA33C / 0x81000000] (size: 0x0002B33C) of module app0:sce_module/libfios2_m.suprx
[22:12:40.740] |I| [load_self]: Loaded module segment 1 @ [0x0DECB000 - 0x0DED023D / 0x8102C000] (size: 0x0000523D) of module app0:sce_module/libfios2_m.suprx
[22:12:40.741] |I| [load_self]: Loading symbols for SELF: app0:sce_module/libfios2_m.suprx
[22:12:40.742] |D| [load_var_exports]: 	NID 0x936C8A78 (SYSLYB) at 0xDECA244
[22:12:40.742] |D| [load_var_exports]: 	NID 0x6C2224BA (NID_MODULE_INFO) at 0xDEC1878
[22:12:40.743] |T| [close_file]: _sceKernelLoadStartModule: Closing file fd: 0x5
[22:12:40.757] |I| [start_module]: Module mceLibFios2 (at "app0:sce_module/libfios2_m.suprx") module_start returned 0x0
[22:12:40.763] |E| [open_dir]: Directory does not exist at: G:/cache/vita3k/emu/ux0/plugins/ (target path: ux0:plugins)
[22:12:40.763] |W| [io_error_impl]: open_dir (_sceIoDopen) returned 0x80010002
[22:12:40.764] |W| [io_error_impl]: read_dir (_sceIoDread) returned 0x80010051
[22:12:40.765] |W| [io_error_impl]: close_dir (sceIoDclose) returned 0x80010018
[22:12:40.794] |I| [start_module]: Module output/testprx.elf (at "app0:mai_moe/mai.suprx") module_start returned 0x0
[22:12:40.805] |I| [load_module]: Loading module ID: 0x30
[22:12:40.807] |C| [load_self]: Unknown segment type 0x6FFFFF01
[22:12:40.807] |I| [load_self]: Loaded module segment 0 @ [0x0DED1000 - 0x0DED455C / 0x81000000] (size: 0x0000355C) of module sys/external/libatrac.suprx
[22:12:40.808] |I| [load_self]: Loaded module segment 1 @ [0x0DE1A000 - 0x0DE1B038 / 0x81004000] (size: 0x00001038) of module sys/external/libatrac.suprx
[22:12:40.810] |I| [load_self]: Loading symbols for SELF: sys/external/libatrac.suprx
[22:12:40.810] |D| [load_var_exports]: 	NID 0x936C8A78 (SYSLYB) at 0xDED4558
[22:12:40.811] |D| [load_var_exports]: 	NID 0x6C2224BA (NID_MODULE_INFO) at 0xDED3DB4
[22:12:40.812] |I| [load_module]: Module SceAtrac (at "sys/external/libatrac.suprx") loaded
[22:12:40.813] |D| [load_module]: Running module_start of module: SceAtrac
[22:12:40.814] |I| [load_module]: Module SceAtrac (at "sys/external/libatrac.suprx") module_start returned 0x0
[22:12:40.815] |I| [load_module]: Loading module ID: 0x4C
[22:12:40.818] |C| [load_self]: Unknown segment type 0x6FFFFF01
[22:12:40.819] |I| [load_self]: Loaded module segment 0 @ [0x0DED5000 - 0x0DEE99FC / 0x81000000] (size: 0x000149FC) of module sys/external/libsceavplayer.suprx
[22:12:40.819] |I| [load_self]: Loaded module segment 1 @ [0x0DE1C000 - 0x0DE1C06C / 0x81015000] (size: 0x0000006C) of module sys/external/libsceavplayer.suprx
[22:12:40.820] |I| [load_self]: Loading symbols for SELF: sys/external/libsceavplayer.suprx
[22:12:40.821] |D| [load_var_exports]: 	NID 0x936C8A78 (SYSLYB) at 0xDEE6D40
[22:12:40.822] |D| [load_var_exports]: 	NID 0x6C2224BA (NID_MODULE_INFO) at 0xDEE5548
[22:12:40.823] |I| [load_module]: Module SceAvPlayer (at "sys/external/libsceavplayer.suprx") loaded
[22:12:40.824] |D| [load_module]: Running module_start of module: SceAvPlayer
[22:12:40.828] |I| [load_module]: Module SceAvPlayer (at "sys/external/libsceavplayer.suprx") module_start returned 0x0
[22:12:40.834] |C| [load_self]: Unknown segment type 0x6FFFFF01
[22:12:40.834] |I| [load_self]: Loaded module segment 0 @ [0x0DEEA000 - 0x0DEF9D20 / 0x81000000] (size: 0x0000FD20) of module sys/external/libscemp4.suprx
[22:12:40.835] |I| [load_self]: Loaded module segment 1 @ [0x0DEFA000 - 0x0DEFA028 / 0x81010000] (size: 0x00000028) of module sys/external/libscemp4.suprx
[22:12:40.836] |I| [load_self]: Loading symbols for SELF: sys/external/libscemp4.suprx
[22:12:40.836] |D| [load_var_exports]: 	NID 0x936C8A78 (SYSLYB) at 0xDEF99D0
[22:12:40.837] |D| [load_var_exports]: 	NID 0x6C2224BA (NID_MODULE_INFO) at 0xDEF88C4
[22:12:40.838] |I| [load_module]: Module SceMp4 (at "sys/external/libscemp4.suprx") loaded
[22:12:40.927] |W| [stubbed_impl]: Stubbed sceGxmMapFragmentUsseMemory import called. (always return success)
[22:12:40.957] |W| [unimplemented_impl]: Unimplemented sceGxmColorSurfaceSetDitherMode import called.
[22:12:40.958] |W| [unimplemented_impl]: Unimplemented sceGxmColorSurfaceSetGammaMode import called.
[22:12:40.982] |E| [logging::ret_error_impl]: sceKernelTryLockLwMutex returned SCE_KERNEL_ERROR_LW_MUTEX_FAILED_TO_OWN (0x80028185)
[22:12:41.024] |W| [unimplemented_impl]: Unimplemented sceAudioOutSetAlcMode import called.
[22:12:41.025] |T| [log_import_call]: [LLE] TID: 8   FUNC: 0x1A34B331 sceAtracQueryDecoderGroupMemSize at 0x1731B0
[22:12:41.026] |T| [log_import_call]: [LLE] TID: 8   FUNC: 0x1BFB98C sceAtracCreateDecoderGroup at 0x173190
[22:12:41.053] |W| [unimplemented_impl]: Unimplemented sceTouchDisableTouchForce import called.
[22:12:41.054] |W| [unimplemented_impl]: Unimplemented sceAppUtilInit import called.
[22:12:41.056] |W| [unimplemented_impl]: Unimplemented sceMotionStopSampling import called.
[22:12:41.057] |W| [unimplemented_impl]: Unimplemented sceMotionMagnetometerOff import called.
[22:12:41.158] |W| [unimplemented_impl]: Unimplemented sceGxmSetWBufferEnable import called.
[22:12:41.167] |I| [export_sceIoOpen]: Opening file: app0:/Nowloading.tex
[22:12:41.168] |T| [open_file]: sceIoOpen: Opening file app0:/Nowloading.tex (ux0:/app/PCSG00599/Nowloading.tex), fd: 0x6
[22:12:41.168] |T| [stat_file]: sceIoGetstatByFd: Statting fd: 0x6
[22:12:41.173] |T| [seek_file]: sceIoPread: Seeking fd: 0x6, offset: 0x0, whence: SCE_SEEK_SET
[22:12:41.174] |T| [read_file]: sceIoPread: Reading 16384 bytes of fd 0x6
[22:12:41.174] |T| [seek_file]: sceIoPread: Seeking fd: 0x6, offset: 0x0, whence: SCE_SEEK_SET
[22:12:41.176] |T| [seek_file]: sceIoPread: Seeking fd: 0x6, offset: 0x4000, whence: SCE_SEEK_SET
[22:12:41.177] |T| [read_file]: sceIoPread: Reading 16384 bytes of fd 0x6
[22:12:41.177] |T| [seek_file]: sceIoPread: Seeking fd: 0x6, offset: 0x0, whence: SCE_SEEK_SET
[22:12:41.178] |T| [seek_file]: sceIoPread: Seeking fd: 0x6, offset: 0x8000, whence: SCE_SEEK_SET
[22:12:41.179] |T| [read_file]: sceIoPread: Reading 16384 bytes of fd 0x6
[22:12:41.179] |T| [seek_file]: sceIoPread: Seeking fd: 0x6, offset: 0x0, whence: SCE_SEEK_SET
[22:12:41.180] |T| [seek_file]: sceIoPread: Seeking fd: 0x6, offset: 0xC000, whence: SCE_SEEK_SET
[22:12:41.181] |T| [read_file]: sceIoPread: Reading 16384 bytes of fd 0x6
[22:12:41.181] |T| [seek_file]: sceIoPread: Seeking fd: 0x6, offset: 0x0, whence: SCE_SEEK_SET
[22:12:41.182] |T| [seek_file]: sceIoPread: Seeking fd: 0x6, offset: 0x10000, whence: SCE_SEEK_SET
[22:12:41.183] |T| [read_file]: sceIoPread: Reading 16384 bytes of fd 0x6
[22:12:41.183] |T| [seek_file]: sceIoPread: Seeking fd: 0x6, offset: 0x0, whence: SCE_SEEK_SET
[22:12:41.184] |T| [seek_file]: sceIoPread: Seeking fd: 0x6, offset: 0x14000, whence: SCE_SEEK_SET
[22:12:41.184] |T| [read_file]: sceIoPread: Reading 16384 bytes of fd 0x6
[22:12:41.185] |T| [seek_file]: sceIoPread: Seeking fd: 0x6, offset: 0x0, whence: SCE_SEEK_SET
[22:12:41.185] |T| [seek_file]: sceIoPread: Seeking fd: 0x6, offset: 0x18000, whence: SCE_SEEK_SET
[22:12:41.186] |T| [read_file]: sceIoPread: Reading 16384 bytes of fd 0x6
[22:12:41.187] |T| [seek_file]: sceIoPread: Seeking fd: 0x6, offset: 0x0, whence: SCE_SEEK_SET
[22:12:41.188] |T| [seek_file]: sceIoPread: Seeking fd: 0x6, offset: 0x1C000, whence: SCE_SEEK_SET
[22:12:41.189] |T| [read_file]: sceIoPread: Reading 16384 bytes of fd 0x6
[22:12:41.190] |T| [seek_file]: sceIoPread: Seeking fd: 0x6, offset: 0x0, whence: SCE_SEEK_SET
[22:12:41.191] |T| [seek_file]: sceIoPread: Seeking fd: 0x6, offset: 0x20000, whence: SCE_SEEK_SET
[22:12:41.193] |T| [read_file]: sceIoPread: Reading 16384 bytes of fd 0x6
[22:12:41.194] |T| [seek_file]: sceIoPread: Seeking fd: 0x6, offset: 0x0, whence: SCE_SEEK_SET
[22:12:41.194] |T| [seek_file]: sceIoPread: Seeking fd: 0x6, offset: 0x24000, whence: SCE_SEEK_SET
[22:12:41.195] |T| [read_file]: sceIoPread: Reading 16384 bytes of fd 0x6
[22:12:41.195] |T| [seek_file]: sceIoPread: Seeking fd: 0x6, offset: 0x0, whence: SCE_SEEK_SET
[22:12:41.196] |T| [seek_file]: sceIoPread: Seeking fd: 0x6, offset: 0x28000, whence: SCE_SEEK_SET
[22:12:41.197] |T| [read_file]: sceIoPread: Reading 16384 bytes of fd 0x6
[22:12:41.198] |T| [seek_file]: sceIoPread: Seeking fd: 0x6, offset: 0x0, whence: SCE_SEEK_SET
[22:12:41.198] |T| [seek_file]: sceIoPread: Seeking fd: 0x6, offset: 0x2C000, whence: SCE_SEEK_SET
[22:12:41.199] |T| [read_file]: sceIoPread: Reading 16384 bytes of fd 0x6
[22:12:41.199] |T| [seek_file]: sceIoPread: Seeking fd: 0x6, offset: 0x0, whence: SCE_SEEK_SET
[22:12:41.200] |T| [seek_file]: sceIoPread: Seeking fd: 0x6, offset: 0x30000, whence: SCE_SEEK_SET
[22:12:41.201] |T| [read_file]: sceIoPread: Reading 16384 bytes of fd 0x6
[22:12:41.201] |T| [seek_file]: sceIoPread: Seeking fd: 0x6, offset: 0x0, whence: SCE_SEEK_SET
[22:12:41.202] |T| [seek_file]: sceIoPread: Seeking fd: 0x6, offset: 0x34000, whence: SCE_SEEK_SET
[22:12:41.203] |T| [read_file]: sceIoPread: Reading 16384 bytes of fd 0x6
[22:12:41.203] |T| [seek_file]: sceIoPread: Seeking fd: 0x6, offset: 0x0, whence: SCE_SEEK_SET
[22:12:41.204] |T| [seek_file]: sceIoPread: Seeking fd: 0x6, offset: 0x38000, whence: SCE_SEEK_SET
[22:12:41.205] |T| [read_file]: sceIoPread: Reading 2336 bytes of fd 0x6
[22:12:41.206] |T| [seek_file]: sceIoPread: Seeking fd: 0x6, offset: 0x0, whence: SCE_SEEK_SET
[22:12:41.207] |T| [close_file]: sceIoClose: Closing file fd: 0x6
[22:12:41.223] |I| [export_sceIoOpen]: Opening file: app0:/Bgm.pck
[22:12:41.224] |T| [open_file]: sceIoOpen: Opening file app0:/Bgm.pck (ux0:/app/PCSG00599/Bgm.pck), fd: 0x7
[22:12:41.225] |T| [stat_file]: sceIoGetstatByFd: Statting fd: 0x7
[22:12:41.228] |T| [seek_file]: sceIoPread: Seeking fd: 0x7, offset: 0x0, whence: SCE_SEEK_SET
[22:12:41.229] |T| [read_file]: sceIoPread: Reading 12 bytes of fd 0x7
[22:12:41.229] |T| [seek_file]: sceIoPread: Seeking fd: 0x7, offset: 0x0, whence: SCE_SEEK_SET
[22:12:41.232] |T| [seek_file]: sceIoPread: Seeking fd: 0x7, offset: 0xC, whence: SCE_SEEK_SET
[22:12:41.233] |T| [read_file]: sceIoPread: Reading 784 bytes of fd 0x7
[22:12:41.233] |T| [seek_file]: sceIoPread: Seeking fd: 0x7, offset: 0x0, whence: SCE_SEEK_SET
[22:12:41.236] |T| [seek_file]: sceIoPread: Seeking fd: 0x7, offset: 0x31C, whence: SCE_SEEK_SET
[22:12:41.237] |T| [read_file]: sceIoPread: Reading 12 bytes of fd 0x7
[22:12:41.237] |T| [seek_file]: sceIoPread: Seeking fd: 0x7, offset: 0x0, whence: SCE_SEEK_SET
[22:12:41.240] |T| [seek_file]: sceIoPread: Seeking fd: 0x7, offset: 0x328, whence: SCE_SEEK_SET
[22:12:41.242] |T| [read_file]: sceIoPread: Reading 452 bytes of fd 0x7
[22:12:41.243] |T| [seek_file]: sceIoPread: Seeking fd: 0x7, offset: 0x0, whence: SCE_SEEK_SET
[22:12:41.246] |I| [export_sceIoOpen]: Opening file: app0:/Se.pck
[22:12:41.247] |T| [open_file]: sceIoOpen: Opening file app0:/Se.pck (ux0:/app/PCSG00599/Se.pck), fd: 0x8
[22:12:41.247] |T| [stat_file]: sceIoGetstatByFd: Statting fd: 0x8
[22:12:41.250] |T| [seek_file]: sceIoPread: Seeking fd: 0x8, offset: 0x0, whence: SCE_SEEK_SET
[22:12:41.251] |T| [read_file]: sceIoPread: Reading 12 bytes of fd 0x8
[22:12:41.251] |T| [seek_file]: sceIoPread: Seeking fd: 0x8, offset: 0x0, whence: SCE_SEEK_SET
[22:12:41.254] |T| [seek_file]: sceIoPread: Seeking fd: 0x8, offset: 0xC, whence: SCE_SEEK_SET
[22:12:41.257] |T| [read_file]: sceIoPread: Reading 7672 bytes of fd 0x8
[22:12:41.257] |T| [seek_file]: sceIoPread: Seeking fd: 0x8, offset: 0x0, whence: SCE_SEEK_SET
[22:12:41.262] |T| [seek_file]: sceIoPread: Seeking fd: 0x8, offset: 0x1E04, whence: SCE_SEEK_SET
[22:12:41.262] |T| [read_file]: sceIoPread: Reading 12 bytes of fd 0x8
[22:12:41.263] |T| [seek_file]: sceIoPread: Seeking fd: 0x8, offset: 0x0, whence: SCE_SEEK_SET
[22:12:41.266] |T| [seek_file]: sceIoPread: Seeking fd: 0x8, offset: 0x1E10, whence: SCE_SEEK_SET
[22:12:41.267] |T| [read_file]: sceIoPread: Reading 4724 bytes of fd 0x8
[22:12:41.267] |T| [seek_file]: sceIoPread: Seeking fd: 0x8, offset: 0x0, whence: SCE_SEEK_SET
[22:12:41.270] |I| [export_sceIoOpen]: Opening file: app0:/Voice.pck
[22:12:41.273] |T| [open_file]: sceIoOpen: Opening file app0:/Voice.pck (ux0:/app/PCSG00599/Voice.pck), fd: 0x9
[22:12:41.274] |T| [stat_file]: sceIoGetstatByFd: Statting fd: 0x9
[22:12:41.274] |E| [logging::ret_error_impl]: sceGxmPadHeartbeat returned SCE_GXM_ERROR_INVALID_POINTER (0x805B0004)
[22:12:41.276] |T| [seek_file]: sceIoPread: Seeking fd: 0x9, offset: 0x0, whence: SCE_SEEK_SET
[22:12:41.276] |T| [read_file]: sceIoPread: Reading 12 bytes of fd 0x9
[22:12:41.277] |T| [seek_file]: sceIoPread: Seeking fd: 0x9, offset: 0x0, whence: SCE_SEEK_SET
[22:12:41.280] |T| [seek_file]: sceIoPread: Seeking fd: 0x9, offset: 0xC, whence: SCE_SEEK_SET
[22:12:41.281] |T| [read_file]: sceIoPread: Reading 16372 bytes of fd 0x9
[22:12:41.281] |T| [seek_file]: sceIoPread: Seeking fd: 0x9, offset: 0x0, whence: SCE_SEEK_SET
[22:12:41.282] |T| [seek_file]: sceIoPread: Seeking fd: 0x9, offset: 0x4000, whence: SCE_SEEK_SET
[22:12:41.283] |T| [read_file]: sceIoPread: Reading 16384 bytes of fd 0x9
[22:12:41.283] |T| [seek_file]: sceIoPread: Seeking fd: 0x9, offset: 0x0, whence: SCE_SEEK_SET
[22:12:41.284] |T| [seek_file]: sceIoPread: Seeking fd: 0x9, offset: 0x8000, whence: SCE_SEEK_SET
[22:12:41.285] |T| [read_file]: sceIoPread: Reading 16384 bytes of fd 0x9
[22:12:41.288] |T| [seek_file]: sceIoPread: Seeking fd: 0x9, offset: 0x0, whence: SCE_SEEK_SET
[22:12:41.291] |T| [seek_file]: sceIoPread: Seeking fd: 0x9, offset: 0xC000, whence: SCE_SEEK_SET
[22:12:41.291] |T| [read_file]: sceIoPread: Reading 16384 bytes of fd 0x9
[22:12:41.299] |T| [seek_file]: sceIoPread: Seeking fd: 0x9, offset: 0x0, whence: SCE_SEEK_SET
[22:12:41.300] |T| [seek_file]: sceIoPread: Seeking fd: 0x9, offset: 0x10000, whence: SCE_SEEK_SET
[22:12:41.301] |T| [read_file]: sceIoPread: Reading 16384 bytes of fd 0x9
[22:12:41.302] |T| [seek_file]: sceIoPread: Seeking fd: 0x9, offset: 0x0, whence: SCE_SEEK_SET
[22:12:41.303] |T| [seek_file]: sceIoPread: Seeking fd: 0x9, offset: 0x14000, whence: SCE_SEEK_SET
[22:12:41.304] |T| [read_file]: sceIoPread: Reading 16384 bytes of fd 0x9
[22:12:41.305] |T| [seek_file]: sceIoPread: Seeking fd: 0x9, offset: 0x0, whence: SCE_SEEK_SET
[22:12:41.306] |T| [seek_file]: sceIoPread: Seeking fd: 0x9, offset: 0x18000, whence: SCE_SEEK_SET
[22:12:41.307] |T| [read_file]: sceIoPread: Reading 16384 bytes of fd 0x9
[22:12:41.308] |T| [seek_file]: sceIoPread: Seeking fd: 0x9, offset: 0x0, whence: SCE_SEEK_SET
[22:12:41.308] |T| [seek_file]: sceIoPread: Seeking fd: 0x9, offset: 0x1C000, whence: SCE_SEEK_SET
[22:12:41.309] |T| [read_file]: sceIoPread: Reading 16384 bytes of fd 0x9
[22:12:41.309] |T| [seek_file]: sceIoPread: Seeking fd: 0x9, offset: 0x0, whence: SCE_SEEK_SET
[22:12:41.310] |T| [seek_file]: sceIoPread: Seeking fd: 0x9, offset: 0x20000, whence: SCE_SEEK_SET
[22:12:41.311] |T| [read_file]: sceIoPread: Reading 16384 bytes of fd 0x9
[22:12:41.311] |T| [seek_file]: sceIoPread: Seeking fd: 0x9, offset: 0x0, whence: SCE_SEEK_SET
[22:12:41.312] |T| [seek_file]: sceIoPread: Seeking fd: 0x9, offset: 0x24000, whence: SCE_SEEK_SET
[22:12:41.313] |T| [read_file]: sceIoPread: Reading 16384 bytes of fd 0x9
[22:12:41.313] |T| [seek_file]: sceIoPread: Seeking fd: 0x9, offset: 0x0, whence: SCE_SEEK_SET
[22:12:41.314] |T| [seek_file]: sceIoPread: Seeking fd: 0x9, offset: 0x28000, whence: SCE_SEEK_SET
[22:12:41.315] |T| [read_file]: sceIoPread: Reading 16384 bytes of fd 0x9
[22:12:41.315] |T| [seek_file]: sceIoPread: Seeking fd: 0x9, offset: 0x0, whence: SCE_SEEK_SET
[22:12:41.316] |T| [seek_file]: sceIoPread: Seeking fd: 0x9, offset: 0x2C000, whence: SCE_SEEK_SET
[22:12:41.318] |T| [read_file]: sceIoPread: Reading 16384 bytes of fd 0x9
[22:12:41.319] |T| [seek_file]: sceIoPread: Seeking fd: 0x9, offset: 0x0, whence: SCE_SEEK_SET
[22:12:41.320] |T| [seek_file]: sceIoPread: Seeking fd: 0x9, offset: 0x30000, whence: SCE_SEEK_SET
[22:12:41.321] |T| [read_file]: sceIoPread: Reading 16384 bytes of fd 0x9
[22:12:41.322] |T| [seek_file]: sceIoPread: Seeking fd: 0x9, offset: 0x0, whence: SCE_SEEK_SET
[22:12:41.322] |T| [seek_file]: sceIoPread: Seeking fd: 0x9, offset: 0x34000, whence: SCE_SEEK_SET
[22:12:41.323] |T| [read_file]: sceIoPread: Reading 16384 bytes of fd 0x9
[22:12:41.323] |T| [seek_file]: sceIoPread: Seeking fd: 0x9, offset: 0x0, whence: SCE_SEEK_SET
[22:12:41.324] |T| [seek_file]: sceIoPread: Seeking fd: 0x9, offset: 0x38000, whence: SCE_SEEK_SET
[22:12:41.325] |T| [read_file]: sceIoPread: Reading 16384 bytes of fd 0x9
[22:12:41.325] |T| [seek_file]: sceIoPread: Seeking fd: 0x9, offset: 0x0, whence: SCE_SEEK_SET
[22:12:41.326] |T| [seek_file]: sceIoPread: Seeking fd: 0x9, offset: 0x3C000, whence: SCE_SEEK_SET
[22:12:41.328] |T| [read_file]: sceIoPread: Reading 16384 bytes of fd 0x9
[22:12:41.328] |T| [seek_file]: sceIoPread: Seeking fd: 0x9, offset: 0x0, whence: SCE_SEEK_SET
[22:12:41.330] |T| [seek_file]: sceIoPread: Seeking fd: 0x9, offset: 0x40000, whence: SCE_SEEK_SET
[22:12:41.330] |T| [read_file]: sceIoPread: Reading 16384 bytes of fd 0x9
[22:12:41.331] |T| [seek_file]: sceIoPread: Seeking fd: 0x9, offset: 0x0, whence: SCE_SEEK_SET
[22:12:41.332] |T| [seek_file]: sceIoPread: Seeking fd: 0x9, offset: 0x44000, whence: SCE_SEEK_SET
[22:12:41.335] |T| [read_file]: sceIoPread: Reading 16384 bytes of fd 0x9
[22:12:41.336] |T| [seek_file]: sceIoPread: Seeking fd: 0x9, offset: 0x0, whence: SCE_SEEK_SET
[22:12:41.337] |T| [seek_file]: sceIoPread: Seeking fd: 0x9, offset: 0x48000, whence: SCE_SEEK_SET
[22:12:41.338] |T| [read_file]: sceIoPread: Reading 16384 bytes of fd 0x9
[22:12:41.339] |T| [seek_file]: sceIoPread: Seeking fd: 0x9, offset: 0x0, whence: SCE_SEEK_SET
[22:12:41.340] |T| [seek_file]: sceIoPread: Seeking fd: 0x9, offset: 0x4C000, whence: SCE_SEEK_SET
[22:12:41.340] |T| [read_file]: sceIoPread: Reading 16384 bytes of fd 0x9
[22:12:41.341] |T| [seek_file]: sceIoPread: Seeking fd: 0x9, offset: 0x0, whence: SCE_SEEK_SET
[22:12:41.342] |T| [seek_file]: sceIoPread: Seeking fd: 0x9, offset: 0x50000, whence: SCE_SEEK_SET
[22:12:41.342] |T| [read_file]: sceIoPread: Reading 16384 bytes of fd 0x9
[22:12:41.343] |T| [seek_file]: sceIoPread: Seeking fd: 0x9, offset: 0x0, whence: SCE_SEEK_SET
[22:12:41.344] |T| [seek_file]: sceIoPread: Seeking fd: 0x9, offset: 0x54000, whence: SCE_SEEK_SET
[22:12:41.344] |T| [read_file]: sceIoPread: Reading 16384 bytes of fd 0x9
[22:12:41.345] |T| [seek_file]: sceIoPread: Seeking fd: 0x9, offset: 0x0, whence: SCE_SEEK_SET
[22:12:41.346] |T| [seek_file]: sceIoPread: Seeking fd: 0x9, offset: 0x58000, whence: SCE_SEEK_SET
[22:12:41.346] |T| [read_file]: sceIoPread: Reading 16384 bytes of fd 0x9
[22:12:41.347] |T| [seek_file]: sceIoPread: Seeking fd: 0x9, offset: 0x0, whence: SCE_SEEK_SET
[22:12:41.347] |T| [seek_file]: sceIoPread: Seeking fd: 0x9, offset: 0x5C000, whence: SCE_SEEK_SET
[22:12:41.348] |T| [read_file]: sceIoPread: Reading 16384 bytes of fd 0x9
[22:12:41.349] |T| [seek_file]: sceIoPread: Seeking fd: 0x9, offset: 0x0, whence: SCE_SEEK_SET
[22:12:41.357] |T| [seek_file]: sceIoPread: Seeking fd: 0x9, offset: 0x60000, whence: SCE_SEEK_SET
[22:12:41.358] |T| [read_file]: sceIoPread: Reading 16384 bytes of fd 0x9
[22:12:41.358] |T| [seek_file]: sceIoPread: Seeking fd: 0x9, offset: 0x0, whence: SCE_SEEK_SET
[22:12:41.359] |T| [seek_file]: sceIoPread: Seeking fd: 0x9, offset: 0x64000, whence: SCE_SEEK_SET
[22:12:41.360] |T| [read_file]: sceIoPread: Reading 16384 bytes of fd 0x9
[22:12:41.360] |T| [seek_file]: sceIoPread: Seeking fd: 0x9, offset: 0x0, whence: SCE_SEEK_SET
[22:12:41.361] |T| [seek_file]: sceIoPread: Seeking fd: 0x9, offset: 0x68000, whence: SCE_SEEK_SET
[22:12:41.362] |T| [read_file]: sceIoPread: Reading 16384 bytes of fd 0x9
[22:12:41.363] |T| [seek_file]: sceIoPread: Seeking fd: 0x9, offset: 0x0, whence: SCE_SEEK_SET
[22:12:41.364] |T| [seek_file]: sceIoPread: Seeking fd: 0x9, offset: 0x6C000, whence: SCE_SEEK_SET
[22:12:41.365] |T| [read_file]: sceIoPread: Reading 16384 bytes of fd 0x9
[22:12:41.367] |T| [seek_file]: sceIoPread: Seeking fd: 0x9, offset: 0x0, whence: SCE_SEEK_SET
[22:12:41.369] |T| [seek_file]: sceIoPread: Seeking fd: 0x9, offset: 0x70000, whence: SCE_SEEK_SET
[22:12:41.370] |T| [read_file]: sceIoPread: Reading 16384 bytes of fd 0x9
[22:12:41.371] |T| [seek_file]: sceIoPread: Seeking fd: 0x9, offset: 0x0, whence: SCE_SEEK_SET
[22:12:41.372] |T| [seek_file]: sceIoPread: Seeking fd: 0x9, offset: 0x74000, whence: SCE_SEEK_SET
[22:12:41.373] |T| [read_file]: sceIoPread: Reading 16384 bytes of fd 0x9
[22:12:41.373] |T| [seek_file]: sceIoPread: Seeking fd: 0x9, offset: 0x0, whence: SCE_SEEK_SET
[22:12:41.374] |T| [seek_file]: sceIoPread: Seeking fd: 0x9, offset: 0x78000, whence: SCE_SEEK_SET
[22:12:41.375] |T| [read_file]: sceIoPread: Reading 16384 bytes of fd 0x9
[22:12:41.375] |T| [seek_file]: sceIoPread: Seeking fd: 0x9, offset: 0x0, whence: SCE_SEEK_SET
[22:12:41.376] |T| [seek_file]: sceIoPread: Seeking fd: 0x9, offset: 0x7C000, whence: SCE_SEEK_SET
[22:12:41.376] |T| [read_file]: sceIoPread: Reading 7196 bytes of fd 0x9
[22:12:41.377] |T| [seek_file]: sceIoPread: Seeking fd: 0x9, offset: 0x0, whence: SCE_SEEK_SET
[22:12:41.378] |T| [seek_file]: sceIoPread: Seeking fd: 0x9, offset: 0x7DC1C, whence: SCE_SEEK_SET
[22:12:41.378] |T| [read_file]: sceIoPread: Reading 12 bytes of fd 0x9
[22:12:41.379] |T| [seek_file]: sceIoPread: Seeking fd: 0x9, offset: 0x0, whence: SCE_SEEK_SET
[22:12:41.380] |T| [seek_file]: sceIoPread: Seeking fd: 0x9, offset: 0x7DC28, whence: SCE_SEEK_SET
[22:12:41.380] |T| [read_file]: sceIoPread: Reading 9176 bytes of fd 0x9
[22:12:41.381] |T| [seek_file]: sceIoPread: Seeking fd: 0x9, offset: 0x0, whence: SCE_SEEK_SET
[22:12:41.387] |T| [seek_file]: sceIoPread: Seeking fd: 0x9, offset: 0x80000, whence: SCE_SEEK_SET
[22:12:41.387] |T| [read_file]: sceIoPread: Reading 16384 bytes of fd 0x9
[22:12:41.389] |T| [seek_file]: sceIoPread: Seeking fd: 0x9, offset: 0x0, whence: SCE_SEEK_SET
[22:12:41.391] |T| [seek_file]: sceIoPread: Seeking fd: 0x9, offset: 0x84000, whence: SCE_SEEK_SET
[22:12:41.394] |E| [logging::ret_error_impl]: sceGxmBeginCommandList returned SCE_GXM_ERROR_RESERVE_FAILED (0x805B000B)
[22:12:41.396] |T| [read_file]: sceIoPread: Reading 16384 bytes of fd 0x9
[22:12:41.403] |E| [logging::ret_error_impl]: sceGxmDraw returned SCE_GXM_ERROR_NOT_WITHIN_COMMAND_LIST (0x805B002D)
[22:12:41.405] |T| [seek_file]: sceIoPread: Seeking fd: 0x9, offset: 0x0, whence: SCE_SEEK_SET
[22:12:41.410] |E| [logging::ret_error_impl]: sceGxmEndCommandList returned SCE_GXM_ERROR_NOT_WITHIN_COMMAND_LIST (0x805B002D)
[22:12:41.412] |T| [seek_file]: sceIoPread: Seeking fd: 0x9, offset: 0x88000, whence: SCE_SEEK_SET
[22:12:41.415] |T| [read_file]: sceIoPread: Reading 16384 bytes of fd 0x9
[22:12:41.416] |T| [seek_file]: sceIoPread: Seeking fd: 0x9, offset: 0x0, whence: SCE_SEEK_SET
[22:12:41.417] |T| [seek_file]: sceIoPread: Seeking fd: 0x9, offset: 0x8C000, whence: SCE_SEEK_SET
[22:12:41.418] |T| [read_file]: sceIoPread: Reading 16384 bytes of fd 0x9
[22:12:41.419] |T| [seek_file]: sceIoPread: Seeking fd: 0x9, offset: 0x0, whence: SCE_SEEK_SET
[22:12:41.421] |T| [seek_file]: sceIoPread: Seeking fd: 0x9, offset: 0x90000, whence: SCE_SEEK_SET
[22:12:41.422] |T| [read_file]: sceIoPread: Reading 16384 bytes of fd 0x9
[22:12:41.423] |T| [seek_file]: sceIoPread: Seeking fd: 0x9, offset: 0x0, whence: SCE_SEEK_SET
[22:12:41.424] |T| [seek_file]: sceIoPread: Seeking fd: 0x9, offset: 0x94000, whence: SCE_SEEK_SET
[22:12:41.424] |T| [read_file]: sceIoPread: Reading 16384 bytes of fd 0x9
[22:12:41.425] |T| [seek_file]: sceIoPread: Seeking fd: 0x9, offset: 0x0, whence: SCE_SEEK_SET
[22:12:41.426] |T| [seek_file]: sceIoPread: Seeking fd: 0x9, offset: 0x98000, whence: SCE_SEEK_SET
[22:12:41.426] |T| [read_file]: sceIoPread: Reading 16384 bytes of fd 0x9
[22:12:41.427] |T| [seek_file]: sceIoPread: Seeking fd: 0x9, offset: 0x0, whence: SCE_SEEK_SET
[22:12:41.427] |T| [seek_file]: sceIoPread: Seeking fd: 0x9, offset: 0x9C000, whence: SCE_SEEK_SET
[22:12:41.428] |T| [read_file]: sceIoPread: Reading 16384 bytes of fd 0x9
[22:12:41.429] |T| [seek_file]: sceIoPread: Seeking fd: 0x9, offset: 0x0, whence: SCE_SEEK_SET
[22:12:41.433] |T| [seek_file]: sceIoPread: Seeking fd: 0x9, offset: 0xA0000, whence: SCE_SEEK_SET
[22:12:41.434] |T| [read_file]: sceIoPread: Reading 12164 bytes of fd 0x9
[22:12:41.434] |T| [seek_file]: sceIoPread: Seeking fd: 0x9, offset: 0x0, whence: SCE_SEEK_SET
[22:12:41.436] |I| [export_sceIoOpen]: Opening file: app0:/Venv.pck
[22:12:41.437] |T| [open_file]: sceIoOpen: Opening file app0:/Venv.pck (ux0:/app/PCSG00599/Venv.pck), fd: 0xA
[22:12:41.438] |T| [stat_file]: sceIoGetstatByFd: Statting fd: 0xA
[22:12:41.440] |T| [seek_file]: sceIoPread: Seeking fd: 0xA, offset: 0x0, whence: SCE_SEEK_SET
[22:12:41.441] |T| [read_file]: sceIoPread: Reading 16384 bytes of fd 0xA
[22:12:41.441] |T| [seek_file]: sceIoPread: Seeking fd: 0xA, offset: 0x0, whence: SCE_SEEK_SET
[22:12:41.442] |T| [seek_file]: sceIoPread: Seeking fd: 0xA, offset: 0x4000, whence: SCE_SEEK_SET
[22:12:41.443] |T| [read_file]: sceIoPread: Reading 16384 bytes of fd 0xA
[22:12:41.443] |T| [seek_file]: sceIoPread: Seeking fd: 0xA, offset: 0x0, whence: SCE_SEEK_SET
[22:12:41.444] |T| [seek_file]: sceIoPread: Seeking fd: 0xA, offset: 0x8000, whence: SCE_SEEK_SET
[22:12:41.445] |T| [read_file]: sceIoPread: Reading 16384 bytes of fd 0xA
[22:12:41.447] |T| [seek_file]: sceIoPread: Seeking fd: 0xA, offset: 0x0, whence: SCE_SEEK_SET
[22:12:41.448] |T| [seek_file]: sceIoPread: Seeking fd: 0xA, offset: 0xC000, whence: SCE_SEEK_SET
[22:12:41.449] |T| [read_file]: sceIoPread: Reading 16384 bytes of fd 0xA
[22:12:41.449] |T| [seek_file]: sceIoPread: Seeking fd: 0xA, offset: 0x0, whence: SCE_SEEK_SET
[22:12:41.451] |T| [seek_file]: sceIoPread: Seeking fd: 0xA, offset: 0x10000, whence: SCE_SEEK_SET
[22:12:41.451] |T| [read_file]: sceIoPread: Reading 16384 bytes of fd 0xA
[22:12:41.452] |T| [seek_file]: sceIoPread: Seeking fd: 0xA, offset: 0x0, whence: SCE_SEEK_SET
[22:12:41.453] |T| [seek_file]: sceIoPread: Seeking fd: 0xA, offset: 0x14000, whence: SCE_SEEK_SET
[22:12:41.455] |T| [read_file]: sceIoPread: Reading 16384 bytes of fd 0xA
[22:12:41.455] |T| [seek_file]: sceIoPread: Seeking fd: 0xA, offset: 0x0, whence: SCE_SEEK_SET
[22:12:41.457] |T| [seek_file]: sceIoPread: Seeking fd: 0xA, offset: 0x18000, whence: SCE_SEEK_SET
[22:12:41.458] |T| [read_file]: sceIoPread: Reading 16384 bytes of fd 0xA
[22:12:41.458] |T| [seek_file]: sceIoPread: Seeking fd: 0xA, offset: 0x0, whence: SCE_SEEK_SET
[22:12:41.459] |T| [seek_file]: sceIoPread: Seeking fd: 0xA, offset: 0x1C000, whence: SCE_SEEK_SET
[22:12:41.460] |T| [read_file]: sceIoPread: Reading 16384 bytes of fd 0xA
[22:12:41.460] |T| [seek_file]: sceIoPread: Seeking fd: 0xA, offset: 0x0, whence: SCE_SEEK_SET
[22:12:41.463] |T| [seek_file]: sceIoPread: Seeking fd: 0xA, offset: 0x20000, whence: SCE_SEEK_SET
[22:12:41.464] |T| [read_file]: sceIoPread: Reading 16384 bytes of fd 0xA
[22:12:41.465] |T| [seek_file]: sceIoPread: Seeking fd: 0xA, offset: 0x0, whence: SCE_SEEK_SET
[22:12:41.466] |T| [seek_file]: sceIoPread: Seeking fd: 0xA, offset: 0x24000, whence: SCE_SEEK_SET
[22:12:41.467] |T| [read_file]: sceIoPread: Reading 16384 bytes of fd 0xA
[22:12:41.467] |T| [seek_file]: sceIoPread: Seeking fd: 0xA, offset: 0x0, whence: SCE_SEEK_SET
[22:12:41.468] |T| [seek_file]: sceIoPread: Seeking fd: 0xA, offset: 0x28000, whence: SCE_SEEK_SET
[22:12:41.469] |T| [read_file]: sceIoPread: Reading 16384 bytes of fd 0xA
[22:12:41.469] |T| [seek_file]: sceIoPread: Seeking fd: 0xA, offset: 0x0, whence: SCE_SEEK_SET
[22:12:41.470] |T| [seek_file]: sceIoPread: Seeking fd: 0xA, offset: 0x2C000, whence: SCE_SEEK_SET
[22:12:41.471] |T| [read_file]: sceIoPread: Reading 16384 bytes of fd 0xA
[22:12:41.472] |T| [seek_file]: sceIoPread: Seeking fd: 0xA, offset: 0x0, whence: SCE_SEEK_SET
[22:12:41.473] |T| [seek_file]: sceIoPread: Seeking fd: 0xA, offset: 0x30000, whence: SCE_SEEK_SET
[22:12:41.474] |T| [read_file]: sceIoPread: Reading 16384 bytes of fd 0xA
[22:12:41.474] |T| [seek_file]: sceIoPread: Seeking fd: 0xA, offset: 0x0, whence: SCE_SEEK_SET
[22:12:41.475] |T| [seek_file]: sceIoPread: Seeking fd: 0xA, offset: 0x34000, whence: SCE_SEEK_SET
[22:12:41.475] |T| [read_file]: sceIoPread: Reading 16384 bytes of fd 0xA
[22:12:41.476] |T| [seek_file]: sceIoPread: Seeking fd: 0xA, offset: 0x0, whence: SCE_SEEK_SET
[22:12:41.477] |T| [seek_file]: sceIoPread: Seeking fd: 0xA, offset: 0x38000, whence: SCE_SEEK_SET
[22:12:41.484] |T| [read_file]: sceIoPread: Reading 16384 bytes of fd 0xA
[22:12:41.484] |T| [seek_file]: sceIoPread: Seeking fd: 0xA, offset: 0x0, whence: SCE_SEEK_SET
[22:12:41.485] |T| [seek_file]: sceIoPread: Seeking fd: 0xA, offset: 0x3C000, whence: SCE_SEEK_SET
[22:12:41.486] |T| [read_file]: sceIoPread: Reading 16384 bytes of fd 0xA
[22:12:41.487] |T| [seek_file]: sceIoPread: Seeking fd: 0xA, offset: 0x0, whence: SCE_SEEK_SET
[22:12:41.488] |T| [seek_file]: sceIoPread: Seeking fd: 0xA, offset: 0x40000, whence: SCE_SEEK_SET
[22:12:41.489] |T| [read_file]: sceIoPread: Reading 16384 bytes of fd 0xA
[22:12:41.489] |T| [seek_file]: sceIoPread: Seeking fd: 0xA, offset: 0x0, whence: SCE_SEEK_SET
[22:12:41.490] |T| [seek_file]: sceIoPread: Seeking fd: 0xA, offset: 0x44000, whence: SCE_SEEK_SET
[22:12:41.491] |T| [read_file]: sceIoPread: Reading 16384 bytes of fd 0xA
[22:12:41.491] |T| [seek_file]: sceIoPread: Seeking fd: 0xA, offset: 0x0, whence: SCE_SEEK_SET
[22:12:41.492] |T| [seek_file]: sceIoPread: Seeking fd: 0xA, offset: 0x48000, whence: SCE_SEEK_SET
[22:12:41.495] |T| [read_file]: sceIoPread: Reading 16384 bytes of fd 0xA
[22:12:41.495] |T| [seek_file]: sceIoPread: Seeking fd: 0xA, offset: 0x0, whence: SCE_SEEK_SET
[22:12:41.496] |T| [seek_file]: sceIoPread: Seeking fd: 0xA, offset: 0x4C000, whence: SCE_SEEK_SET
[22:12:41.497] |T| [read_file]: sceIoPread: Reading 16384 bytes of fd 0xA
[22:12:41.498] |T| [seek_file]: sceIoPread: Seeking fd: 0xA, offset: 0x0, whence: SCE_SEEK_SET
[22:12:41.499] |T| [seek_file]: sceIoPread: Seeking fd: 0xA, offset: 0x50000, whence: SCE_SEEK_SET
[22:12:41.499] |T| [read_file]: sceIoPread: Reading 16384 bytes of fd 0xA
[22:12:41.500] |T| [seek_file]: sceIoPread: Seeking fd: 0xA, offset: 0x0, whence: SCE_SEEK_SET
[22:12:41.501] |T| [seek_file]: sceIoPread: Seeking fd: 0xA, offset: 0x54000, whence: SCE_SEEK_SET
[22:12:41.502] |T| [read_file]: sceIoPread: Reading 16384 bytes of fd 0xA
[22:12:41.502] |T| [seek_file]: sceIoPread: Seeking fd: 0xA, offset: 0x0, whence: SCE_SEEK_SET
[22:12:41.503] |T| [seek_file]: sceIoPread: Seeking fd: 0xA, offset: 0x58000, whence: SCE_SEEK_SET
[22:12:41.505] |T| [read_file]: sceIoPread: Reading 16384 bytes of fd 0xA
[22:12:41.505] |T| [seek_file]: sceIoPread: Seeking fd: 0xA, offset: 0x0, whence: SCE_SEEK_SET
[22:12:41.506] |T| [seek_file]: sceIoPread: Seeking fd: 0xA, offset: 0x5C000, whence: SCE_SEEK_SET
[22:12:41.507] |T| [read_file]: sceIoPread: Reading 16384 bytes of fd 0xA
[22:12:41.507] |T| [seek_file]: sceIoPread: Seeking fd: 0xA, offset: 0x0, whence: SCE_SEEK_SET
[22:12:41.508] |T| [seek_file]: sceIoPread: Seeking fd: 0xA, offset: 0x60000, whence: SCE_SEEK_SET
[22:12:41.511] |T| [read_file]: sceIoPread: Reading 16384 bytes of fd 0xA
[22:12:41.511] |T| [seek_file]: sceIoPread: Seeking fd: 0xA, offset: 0x0, whence: SCE_SEEK_SET
[22:12:41.512] |T| [seek_file]: sceIoPread: Seeking fd: 0xA, offset: 0x64000, whence: SCE_SEEK_SET
[22:12:41.513] |T| [read_file]: sceIoPread: Reading 16384 bytes of fd 0xA
[22:12:41.513] |T| [seek_file]: sceIoPread: Seeking fd: 0xA, offset: 0x0, whence: SCE_SEEK_SET
[22:12:41.514] |T| [seek_file]: sceIoPread: Seeking fd: 0xA, offset: 0x68000, whence: SCE_SEEK_SET
[22:12:41.514] |T| [read_file]: sceIoPread: Reading 16384 bytes of fd 0xA
[22:12:41.515] |T| [seek_file]: sceIoPread: Seeking fd: 0xA, offset: 0x0, whence: SCE_SEEK_SET
[22:12:41.516] |T| [seek_file]: sceIoPread: Seeking fd: 0xA, offset: 0x6C000, whence: SCE_SEEK_SET
[22:12:41.516] |T| [read_file]: sceIoPread: Reading 16384 bytes of fd 0xA
[22:12:41.517] |T| [seek_file]: sceIoPread: Seeking fd: 0xA, offset: 0x0, whence: SCE_SEEK_SET
[22:12:41.518] |T| [seek_file]: sceIoPread: Seeking fd: 0xA, offset: 0x70000, whence: SCE_SEEK_SET
[22:12:41.518] |T| [read_file]: sceIoPread: Reading 16384 bytes of fd 0xA
[22:12:41.519] |T| [seek_file]: sceIoPread: Seeking fd: 0xA, offset: 0x0, whence: SCE_SEEK_SET
[22:12:41.520] |T| [seek_file]: sceIoPread: Seeking fd: 0xA, offset: 0x74000, whence: SCE_SEEK_SET
[22:12:41.521] |T| [read_file]: sceIoPread: Reading 16384 bytes of fd 0xA
[22:12:41.521] |T| [seek_file]: sceIoPread: Seeking fd: 0xA, offset: 0x0, whence: SCE_SEEK_SET
[22:12:41.522] |T| [seek_file]: sceIoPread: Seeking fd: 0xA, offset: 0x78000, whence: SCE_SEEK_SET
[22:12:41.523] |T| [read_file]: sceIoPread: Reading 16384 bytes of fd 0xA
[22:12:41.528] |T| [seek_file]: sceIoPread: Seeking fd: 0xA, offset: 0x0, whence: SCE_SEEK_SET
[22:12:41.530] |T| [seek_file]: sceIoPread: Seeking fd: 0xA, offset: 0x7C000, whence: SCE_SEEK_SET
[22:12:41.530] |T| [read_file]: sceIoPread: Reading 16384 bytes of fd 0xA
[22:12:41.531] |T| [seek_file]: sceIoPread: Seeking fd: 0xA, offset: 0x0, whence: SCE_SEEK_SET
[22:12:41.532] |T| [seek_file]: sceIoPread: Seeking fd: 0xA, offset: 0x80000, whence: SCE_SEEK_SET
[22:12:41.532] |T| [read_file]: sceIoPread: Reading 16384 bytes of fd 0xA
[22:12:41.533] |T| [seek_file]: sceIoPread: Seeking fd: 0xA, offset: 0x0, whence: SCE_SEEK_SET
[22:12:41.533] |T| [seek_file]: sceIoPread: Seeking fd: 0xA, offset: 0x84000, whence: SCE_SEEK_SET
[22:12:41.534] |T| [read_file]: sceIoPread: Reading 16384 bytes of fd 0xA
[22:12:41.535] |T| [seek_file]: sceIoPread: Seeking fd: 0xA, offset: 0x0, whence: SCE_SEEK_SET
[22:12:41.535] |T| [seek_file]: sceIoPread: Seeking fd: 0xA, offset: 0x88000, whence: SCE_SEEK_SET
[22:12:41.536] |T| [read_file]: sceIoPread: Reading 16384 bytes of fd 0xA
[22:12:41.537] |T| [seek_file]: sceIoPread: Seeking fd: 0xA, offset: 0x0, whence: SCE_SEEK_SET
[22:12:41.538] |T| [seek_file]: sceIoPread: Seeking fd: 0xA, offset: 0x8C000, whence: SCE_SEEK_SET
[22:12:41.541] |T| [read_file]: sceIoPread: Reading 16384 bytes of fd 0xA
[22:12:41.541] |T| [seek_file]: sceIoPread: Seeking fd: 0xA, offset: 0x0, whence: SCE_SEEK_SET
[22:12:41.542] |T| [seek_file]: sceIoPread: Seeking fd: 0xA, offset: 0x90000, whence: SCE_SEEK_SET
[22:12:41.543] |T| [read_file]: sceIoPread: Reading 16384 bytes of fd 0xA
[22:12:41.543] |T| [seek_file]: sceIoPread: Seeking fd: 0xA, offset: 0x0, whence: SCE_SEEK_SET
[22:12:41.544] |T| [seek_file]: sceIoPread: Seeking fd: 0xA, offset: 0x94000, whence: SCE_SEEK_SET
[22:12:41.545] |T| [read_file]: sceIoPread: Reading 16384 bytes of fd 0xA
[22:12:41.545] |T| [seek_file]: sceIoPread: Seeking fd: 0xA, offset: 0x0, whence: SCE_SEEK_SET
[22:12:41.546] |T| [seek_file]: sceIoPread: Seeking fd: 0xA, offset: 0x98000, whence: SCE_SEEK_SET
[22:12:41.547] |T| [read_file]: sceIoPread: Reading 16384 bytes of fd 0xA
[22:12:41.547] |T| [seek_file]: sceIoPread: Seeking fd: 0xA, offset: 0x0, whence: SCE_SEEK_SET
[22:12:41.548] |T| [seek_file]: sceIoPread: Seeking fd: 0xA, offset: 0x9C000, whence: SCE_SEEK_SET
[22:12:41.548] |T| [read_file]: sceIoPread: Reading 16384 bytes of fd 0xA
[22:12:41.549] |T| [seek_file]: sceIoPread: Seeking fd: 0xA, offset: 0x0, whence: SCE_SEEK_SET
[22:12:41.550] |T| [seek_file]: sceIoPread: Seeking fd: 0xA, offset: 0xA0000, whence: SCE_SEEK_SET
[22:12:41.550] |T| [read_file]: sceIoPread: Reading 16384 bytes of fd 0xA
[22:12:41.551] |T| [seek_file]: sceIoPread: Seeking fd: 0xA, offset: 0x0, whence: SCE_SEEK_SET
[22:12:41.552] |T| [seek_file]: sceIoPread: Seeking fd: 0xA, offset: 0xA4000, whence: SCE_SEEK_SET
[22:12:41.552] |T| [read_file]: sceIoPread: Reading 16384 bytes of fd 0xA
[22:12:41.553] |T| [seek_file]: sceIoPread: Seeking fd: 0xA, offset: 0x0, whence: SCE_SEEK_SET
[22:12:41.554] |T| [seek_file]: sceIoPread: Seeking fd: 0xA, offset: 0xA8000, whence: SCE_SEEK_SET
[22:12:41.557] |T| [read_file]: sceIoPread: Reading 16384 bytes of fd 0xA
[22:12:41.557] |T| [seek_file]: sceIoPread: Seeking fd: 0xA, offset: 0x0, whence: SCE_SEEK_SET
[22:12:41.558] |T| [seek_file]: sceIoPread: Seeking fd: 0xA, offset: 0xAC000, whence: SCE_SEEK_SET
[22:12:41.559] |T| [read_file]: sceIoPread: Reading 16384 bytes of fd 0xA
[22:12:41.559] |T| [seek_file]: sceIoPread: Seeking fd: 0xA, offset: 0x0, whence: SCE_SEEK_SET
[22:12:41.560] |T| [seek_file]: sceIoPread: Seeking fd: 0xA, offset: 0xB0000, whence: SCE_SEEK_SET
[22:12:41.561] |T| [read_file]: sceIoPread: Reading 16384 bytes of fd 0xA
[22:12:41.561] |T| [seek_file]: sceIoPread: Seeking fd: 0xA, offset: 0x0, whence: SCE_SEEK_SET
[22:12:41.562] |T| [seek_file]: sceIoPread: Seeking fd: 0xA, offset: 0xB4000, whence: SCE_SEEK_SET
[22:12:41.563] |T| [read_file]: sceIoPread: Reading 16384 bytes of fd 0xA
[22:12:41.563] |T| [seek_file]: sceIoPread: Seeking fd: 0xA, offset: 0x0, whence: SCE_SEEK_SET
[22:12:41.564] |T| [seek_file]: sceIoPread: Seeking fd: 0xA, offset: 0xB8000, whence: SCE_SEEK_SET
[22:12:41.565] |T| [read_file]: sceIoPread: Reading 16384 bytes of fd 0xA
[22:12:41.565] |T| [seek_file]: sceIoPread: Seeking fd: 0xA, offset: 0x0, whence: SCE_SEEK_SET
[22:12:41.566] |T| [seek_file]: sceIoPread: Seeking fd: 0xA, offset: 0xBC000, whence: SCE_SEEK_SET
[22:12:41.567] |T| [read_file]: sceIoPread: Reading 16384 bytes of fd 0xA
[22:12:41.567] |T| [seek_file]: sceIoPread: Seeking fd: 0xA, offset: 0x0, whence: SCE_SEEK_SET
[22:12:41.568] |T| [seek_file]: sceIoPread: Seeking fd: 0xA, offset: 0xC0000, whence: SCE_SEEK_SET
[22:12:41.568] |T| [read_file]: sceIoPread: Reading 16384 bytes of fd 0xA
[22:12:41.569] |T| [seek_file]: sceIoPread: Seeking fd: 0xA, offset: 0x0, whence: SCE_SEEK_SET
[22:12:41.570] |T| [seek_file]: sceIoPread: Seeking fd: 0xA, offset: 0xC4000, whence: SCE_SEEK_SET
[22:12:41.575] |T| [read_file]: sceIoPread: Reading 16384 bytes of fd 0xA
[22:12:41.575] |T| [seek_file]: sceIoPread: Seeking fd: 0xA, offset: 0x0, whence: SCE_SEEK_SET
[22:12:41.576] |T| [seek_file]: sceIoPread: Seeking fd: 0xA, offset: 0xC8000, whence: SCE_SEEK_SET
[22:12:41.577] |T| [read_file]: sceIoPread: Reading 16384 bytes of fd 0xA
[22:12:41.577] |T| [seek_file]: sceIoPread: Seeking fd: 0xA, offset: 0x0, whence: SCE_SEEK_SET
[22:12:41.578] |T| [seek_file]: sceIoPread: Seeking fd: 0xA, offset: 0xCC000, whence: SCE_SEEK_SET
[22:12:41.579] |T| [read_file]: sceIoPread: Reading 16384 bytes of fd 0xA
[22:12:41.580] |T| [seek_file]: sceIoPread: Seeking fd: 0xA, offset: 0x0, whence: SCE_SEEK_SET
[22:12:41.580] |T| [seek_file]: sceIoPread: Seeking fd: 0xA, offset: 0xD0000, whence: SCE_SEEK_SET
[22:12:41.581] |T| [read_file]: sceIoPread: Reading 16384 bytes of fd 0xA
[22:12:41.582] |T| [seek_file]: sceIoPread: Seeking fd: 0xA, offset: 0x0, whence: SCE_SEEK_SET
[22:12:41.583] |T| [seek_file]: sceIoPread: Seeking fd: 0xA, offset: 0xD4000, whence: SCE_SEEK_SET
[22:12:41.584] |T| [read_file]: sceIoPread: Reading 16384 bytes of fd 0xA
[22:12:41.584] |T| [seek_file]: sceIoPread: Seeking fd: 0xA, offset: 0x0, whence: SCE_SEEK_SET
[22:12:41.585] |T| [seek_file]: sceIoPread: Seeking fd: 0xA, offset: 0xD8000, whence: SCE_SEEK_SET
[22:12:41.585] |T| [read_file]: sceIoPread: Reading 16384 bytes of fd 0xA
[22:12:41.586] |T| [seek_file]: sceIoPread: Seeking fd: 0xA, offset: 0x0, whence: SCE_SEEK_SET
[22:12:41.589] |T| [seek_file]: sceIoPread: Seeking fd: 0xA, offset: 0xDC000, whence: SCE_SEEK_SET
[22:12:41.590] |T| [read_file]: sceIoPread: Reading 16384 bytes of fd 0xA
[22:12:41.590] |T| [seek_file]: sceIoPread: Seeking fd: 0xA, offset: 0x0, whence: SCE_SEEK_SET
[22:12:41.591] |T| [seek_file]: sceIoPread: Seeking fd: 0xA, offset: 0xE0000, whence: SCE_SEEK_SET
[22:12:41.592] |T| [read_file]: sceIoPread: Reading 16384 bytes of fd 0xA
[22:12:41.592] |T| [seek_file]: sceIoPread: Seeking fd: 0xA, offset: 0x0, whence: SCE_SEEK_SET
[22:12:41.593] |T| [seek_file]: sceIoPread: Seeking fd: 0xA, offset: 0xE4000, whence: SCE_SEEK_SET
[22:12:41.594] |T| [read_file]: sceIoPread: Reading 16384 bytes of fd 0xA
[22:12:41.594] |T| [seek_file]: sceIoPread: Seeking fd: 0xA, offset: 0x0, whence: SCE_SEEK_SET
[22:12:41.595] |T| [seek_file]: sceIoPread: Seeking fd: 0xA, offset: 0xE8000, whence: SCE_SEEK_SET
[22:12:41.596] |T| [read_file]: sceIoPread: Reading 16384 bytes of fd 0xA
[22:12:41.596] |T| [seek_file]: sceIoPread: Seeking fd: 0xA, offset: 0x0, whence: SCE_SEEK_SET
[22:12:41.597] |T| [seek_file]: sceIoPread: Seeking fd: 0xA, offset: 0xEC000, whence: SCE_SEEK_SET
[22:12:41.598] |T| [read_file]: sceIoPread: Reading 16384 bytes of fd 0xA
[22:12:41.598] |T| [seek_file]: sceIoPread: Seeking fd: 0xA, offset: 0x0, whence: SCE_SEEK_SET
[22:12:41.599] |T| [seek_file]: sceIoPread: Seeking fd: 0xA, offset: 0xF0000, whence: SCE_SEEK_SET
[22:12:41.600] |T| [read_file]: sceIoPread: Reading 16384 bytes of fd 0xA
[22:12:41.600] |T| [seek_file]: sceIoPread: Seeking fd: 0xA, offset: 0x0, whence: SCE_SEEK_SET
[22:12:41.601] |T| [seek_file]: sceIoPread: Seeking fd: 0xA, offset: 0xF4000, whence: SCE_SEEK_SET
[22:12:41.604] |T| [read_file]: sceIoPread: Reading 16384 bytes of fd 0xA
[22:12:41.605] |T| [seek_file]: sceIoPread: Seeking fd: 0xA, offset: 0x0, whence: SCE_SEEK_SET
[22:12:41.606] |T| [seek_file]: sceIoPread: Seeking fd: 0xA, offset: 0xF8000, whence: SCE_SEEK_SET
[22:12:41.607] |T| [read_file]: sceIoPread: Reading 16384 bytes of fd 0xA
[22:12:41.607] |T| [seek_file]: sceIoPread: Seeking fd: 0xA, offset: 0x0, whence: SCE_SEEK_SET
[22:12:41.608] |T| [seek_file]: sceIoPread: Seeking fd: 0xA, offset: 0xFC000, whence: SCE_SEEK_SET
[22:12:41.608] |T| [read_file]: sceIoPread: Reading 16384 bytes of fd 0xA
[22:12:41.609] |T| [seek_file]: sceIoPread: Seeking fd: 0xA, offset: 0x0, whence: SCE_SEEK_SET
[22:12:41.610] |T| [seek_file]: sceIoPread: Seeking fd: 0xA, offset: 0x100000, whence: SCE_SEEK_SET
[22:12:41.610] |T| [read_file]: sceIoPread: Reading 16384 bytes of fd 0xA
[22:12:41.611] |T| [seek_file]: sceIoPread: Seeking fd: 0xA, offset: 0x0, whence: SCE_SEEK_SET
[22:12:41.612] |T| [seek_file]: sceIoPread: Seeking fd: 0xA, offset: 0x104000, whence: SCE_SEEK_SET
[22:12:41.612] |T| [read_file]: sceIoPread: Reading 16384 bytes of fd 0xA
[22:12:41.613] |T| [seek_file]: sceIoPread: Seeking fd: 0xA, offset: 0x0, whence: SCE_SEEK_SET
[22:12:41.614] |T| [seek_file]: sceIoPread: Seeking fd: 0xA, offset: 0x108000, whence: SCE_SEEK_SET
[22:12:41.615] |T| [read_file]: sceIoPread: Reading 16384 bytes of fd 0xA
[22:12:41.615] |T| [seek_file]: sceIoPread: Seeking fd: 0xA, offset: 0x0, whence: SCE_SEEK_SET
[22:12:41.616] |T| [seek_file]: sceIoPread: Seeking fd: 0xA, offset: 0x10C000, whence: SCE_SEEK_SET
[22:12:41.617] |T| [read_file]: sceIoPread: Reading 16384 bytes of fd 0xA
[22:12:41.621] |T| [seek_file]: sceIoPread: Seeking fd: 0xA, offset: 0x0, whence: SCE_SEEK_SET
[22:12:41.621] |T| [seek_file]: sceIoPread: Seeking fd: 0xA, offset: 0x110000, whence: SCE_SEEK_SET
[22:12:41.621] |T| [read_file]: sceIoPread: Reading 16384 bytes of fd 0xA
[22:12:41.623] |T| [seek_file]: sceIoPread: Seeking fd: 0xA, offset: 0x0, whence: SCE_SEEK_SET
[22:12:41.624] |T| [seek_file]: sceIoPread: Seeking fd: 0xA, offset: 0x114000, whence: SCE_SEEK_SET
[22:12:41.625] |T| [read_file]: sceIoPread: Reading 16384 bytes of fd 0xA
[22:12:41.625] |T| [seek_file]: sceIoPread: Seeking fd: 0xA, offset: 0x0, whence: SCE_SEEK_SET
[22:12:41.626] |T| [seek_file]: sceIoPread: Seeking fd: 0xA, offset: 0x118000, whence: SCE_SEEK_SET
[22:12:41.627] |T| [read_file]: sceIoPread: Reading 16384 bytes of fd 0xA
[22:12:41.627] |T| [seek_file]: sceIoPread: Seeking fd: 0xA, offset: 0x0, whence: SCE_SEEK_SET
[22:12:41.628] |T| [seek_file]: sceIoPread: Seeking fd: 0xA, offset: 0x11C000, whence: SCE_SEEK_SET
[22:12:41.629] |T| [read_file]: sceIoPread: Reading 16384 bytes of fd 0xA
[22:12:41.629] |T| [seek_file]: sceIoPread: Seeking fd: 0xA, offset: 0x0, whence: SCE_SEEK_SET
[22:12:41.630] |T| [seek_file]: sceIoPread: Seeking fd: 0xA, offset: 0x120000, whence: SCE_SEEK_SET
[22:12:41.631] |T| [read_file]: sceIoPread: Reading 16384 bytes of fd 0xA
[22:12:41.631] |T| [seek_file]: sceIoPread: Seeking fd: 0xA, offset: 0x0, whence: SCE_SEEK_SET
[22:12:41.632] |T| [seek_file]: sceIoPread: Seeking fd: 0xA, offset: 0x124000, whence: SCE_SEEK_SET
[22:12:41.633] |T| [read_file]: sceIoPread: Reading 16384 bytes of fd 0xA
[22:12:41.633] |T| [seek_file]: sceIoPread: Seeking fd: 0xA, offset: 0x0, whence: SCE_SEEK_SET
[22:12:41.636] |T| [seek_file]: sceIoPread: Seeking fd: 0xA, offset: 0x128000, whence: SCE_SEEK_SET
[22:12:41.637] |T| [read_file]: sceIoPread: Reading 16384 bytes of fd 0xA
[22:12:41.637] |T| [seek_file]: sceIoPread: Seeking fd: 0xA, offset: 0x0, whence: SCE_SEEK_SET
[22:12:41.639] |T| [seek_file]: sceIoPread: Seeking fd: 0xA, offset: 0x12C000, whence: SCE_SEEK_SET
[22:12:41.640] |T| [read_file]: sceIoPread: Reading 16384 bytes of fd 0xA
[22:12:41.640] |T| [seek_file]: sceIoPread: Seeking fd: 0xA, offset: 0x0, whence: SCE_SEEK_SET
[22:12:41.640] |T| [seek_file]: sceIoPread: Seeking fd: 0xA, offset: 0x130000, whence: SCE_SEEK_SET
[22:12:41.640] |T| [read_file]: sceIoPread: Reading 16384 bytes of fd 0xA
[22:12:41.640] |T| [seek_file]: sceIoPread: Seeking fd: 0xA, offset: 0x0, whence: SCE_SEEK_SET
[22:12:41.640] |T| [seek_file]: sceIoPread: Seeking fd: 0xA, offset: 0x134000, whence: SCE_SEEK_SET
[22:12:41.640] |T| [read_file]: sceIoPread: Reading 16384 bytes of fd 0xA
[22:12:41.641] |T| [seek_file]: sceIoPread: Seeking fd: 0xA, offset: 0x0, whence: SCE_SEEK_SET
[22:12:41.641] |T| [seek_file]: sceIoPread: Seeking fd: 0xA, offset: 0x138000, whence: SCE_SEEK_SET
[22:12:41.641] |T| [read_file]: sceIoPread: Reading 16384 bytes of fd 0xA
[22:12:41.641] |T| [seek_file]: sceIoPread: Seeking fd: 0xA, offset: 0x0, whence: SCE_SEEK_SET
[22:12:41.641] |T| [seek_file]: sceIoPread: Seeking fd: 0xA, offset: 0x13C000, whence: SCE_SEEK_SET
[22:12:41.641] |T| [read_file]: sceIoPread: Reading 16384 bytes of fd 0xA
[22:12:41.642] |T| [seek_file]: sceIoPread: Seeking fd: 0xA, offset: 0x0, whence: SCE_SEEK_SET
[22:12:41.642] |T| [seek_file]: sceIoPread: Seeking fd: 0xA, offset: 0x140000, whence: SCE_SEEK_SET
[22:12:41.642] |T| [read_file]: sceIoPread: Reading 16384 bytes of fd 0xA
[22:12:41.642] |T| [seek_file]: sceIoPread: Seeking fd: 0xA, offset: 0x0, whence: SCE_SEEK_SET
[22:12:41.642] |T| [seek_file]: sceIoPread: Seeking fd: 0xA, offset: 0x144000, whence: SCE_SEEK_SET
[22:12:41.642] |T| [read_file]: sceIoPread: Reading 16384 bytes of fd 0xA
[22:12:41.642] |T| [seek_file]: sceIoPread: Seeking fd: 0xA, offset: 0x0, whence: SCE_SEEK_SET
[22:12:41.643] |T| [seek_file]: sceIoPread: Seeking fd: 0xA, offset: 0x148000, whence: SCE_SEEK_SET
[22:12:41.643] |T| [read_file]: sceIoPread: Reading 16384 bytes of fd 0xA
[22:12:41.643] |T| [seek_file]: sceIoPread: Seeking fd: 0xA, offset: 0x0, whence: SCE_SEEK_SET
[22:12:41.643] |T| [seek_file]: sceIoPread: Seeking fd: 0xA, offset: 0x14C000, whence: SCE_SEEK_SET
[22:12:41.643] |T| [read_file]: sceIoPread: Reading 16384 bytes of fd 0xA
[22:12:41.643] |T| [seek_file]: sceIoPread: Seeking fd: 0xA, offset: 0x0, whence: SCE_SEEK_SET
[22:12:41.644] |T| [seek_file]: sceIoPread: Seeking fd: 0xA, offset: 0x150000, whence: SCE_SEEK_SET
[22:12:41.644] |T| [read_file]: sceIoPread: Reading 16384 bytes of fd 0xA
[22:12:41.644] |T| [seek_file]: sceIoPread: Seeking fd: 0xA, offset: 0x0, whence: SCE_SEEK_SET
[22:12:41.644] |T| [seek_file]: sceIoPread: Seeking fd: 0xA, offset: 0x154000, whence: SCE_SEEK_SET
[22:12:41.644] |T| [read_file]: sceIoPread: Reading 16384 bytes of fd 0xA
[22:12:41.644] |T| [seek_file]: sceIoPread: Seeking fd: 0xA, offset: 0x0, whence: SCE_SEEK_SET
[22:12:41.645] |T| [seek_file]: sceIoPread: Seeking fd: 0xA, offset: 0x158000, whence: SCE_SEEK_SET
[22:12:41.645] |T| [read_file]: sceIoPread: Reading 16384 bytes of fd 0xA
[22:12:41.645] |T| [seek_file]: sceIoPread: Seeking fd: 0xA, offset: 0x0, whence: SCE_SEEK_SET
[22:12:41.645] |T| [seek_file]: sceIoPread: Seeking fd: 0xA, offset: 0x15C000, whence: SCE_SEEK_SET
[22:12:41.645] |T| [read_file]: sceIoPread: Reading 16384 bytes of fd 0xA
[22:12:41.645] |T| [seek_file]: sceIoPread: Seeking fd: 0xA, offset: 0x0, whence: SCE_SEEK_SET
[22:12:41.646] |T| [seek_file]: sceIoPread: Seeking fd: 0xA, offset: 0x160000, whence: SCE_SEEK_SET
[22:12:41.646] |T| [read_file]: sceIoPread: Reading 16384 bytes of fd 0xA
[22:12:41.646] |T| [seek_file]: sceIoPread: Seeking fd: 0xA, offset: 0x0, whence: SCE_SEEK_SET
[22:12:41.646] |T| [seek_file]: sceIoPread: Seeking fd: 0xA, offset: 0x164000, whence: SCE_SEEK_SET
[22:12:41.646] |T| [read_file]: sceIoPread: Reading 16384 bytes of fd 0xA
[22:12:41.646] |T| [seek_file]: sceIoPread: Seeking fd: 0xA, offset: 0x0, whence: SCE_SEEK_SET
[22:12:41.646] |T| [seek_file]: sceIoPread: Seeking fd: 0xA, offset: 0x168000, whence: SCE_SEEK_SET
[22:12:41.647] |T| [read_file]: sceIoPread: Reading 16384 bytes of fd 0xA
[22:12:41.647] |T| [seek_file]: sceIoPread: Seeking fd: 0xA, offset: 0x0, whence: SCE_SEEK_SET
[22:12:41.647] |T| [seek_file]: sceIoPread: Seeking fd: 0xA, offset: 0x16C000, whence: SCE_SEEK_SET
[22:12:41.647] |T| [read_file]: sceIoPread: Reading 16384 bytes of fd 0xA
[22:12:41.647] |T| [seek_file]: sceIoPread: Seeking fd: 0xA, offset: 0x0, whence: SCE_SEEK_SET
[22:12:41.647] |T| [seek_file]: sceIoPread: Seeking fd: 0xA, offset: 0x170000, whence: SCE_SEEK_SET
[22:12:41.648] |T| [read_file]: sceIoPread: Reading 16384 bytes of fd 0xA
[22:12:41.648] |T| [seek_file]: sceIoPread: Seeking fd: 0xA, offset: 0x0, whence: SCE_SEEK_SET
[22:12:41.648] |T| [seek_file]: sceIoPread: Seeking fd: 0xA, offset: 0x174000, whence: SCE_SEEK_SET
[22:12:41.648] |T| [read_file]: sceIoPread: Reading 16384 bytes of fd 0xA
[22:12:41.648] |T| [seek_file]: sceIoPread: Seeking fd: 0xA, offset: 0x0, whence: SCE_SEEK_SET
[22:12:41.648] |T| [seek_file]: sceIoPread: Seeking fd: 0xA, offset: 0x178000, whence: SCE_SEEK_SET
[22:12:41.649] |T| [read_file]: sceIoPread: Reading 16384 bytes of fd 0xA
[22:12:41.649] |T| [seek_file]: sceIoPread: Seeking fd: 0xA, offset: 0x0, whence: SCE_SEEK_SET
[22:12:41.649] |T| [seek_file]: sceIoPread: Seeking fd: 0xA, offset: 0x17C000, whence: SCE_SEEK_SET
[22:12:41.649] |T| [read_file]: sceIoPread: Reading 16384 bytes of fd 0xA
[22:12:41.649] |T| [seek_file]: sceIoPread: Seeking fd: 0xA, offset: 0x0, whence: SCE_SEEK_SET
[22:12:41.651] |T| [seek_file]: sceIoPread: Seeking fd: 0xA, offset: 0x180000, whence: SCE_SEEK_SET
[22:12:41.651] |T| [read_file]: sceIoPread: Reading 16384 bytes of fd 0xA
[22:12:41.651] |T| [seek_file]: sceIoPread: Seeking fd: 0xA, offset: 0x0, whence: SCE_SEEK_SET
[22:12:41.651] |T| [seek_file]: sceIoPread: Seeking fd: 0xA, offset: 0x184000, whence: SCE_SEEK_SET
[22:12:41.652] |T| [read_file]: sceIoPread: Reading 16384 bytes of fd 0xA
[22:12:41.652] |T| [seek_file]: sceIoPread: Seeking fd: 0xA, offset: 0x0, whence: SCE_SEEK_SET
[22:12:41.652] |T| [seek_file]: sceIoPread: Seeking fd: 0xA, offset: 0x188000, whence: SCE_SEEK_SET
[22:12:41.652] |T| [read_file]: sceIoPread: Reading 16384 bytes of fd 0xA
[22:12:41.652] |T| [seek_file]: sceIoPread: Seeking fd: 0xA, offset: 0x0, whence: SCE_SEEK_SET
[22:12:41.652] |T| [seek_file]: sceIoPread: Seeking fd: 0xA, offset: 0x18C000, whence: SCE_SEEK_SET
[22:12:41.653] |T| [read_file]: sceIoPread: Reading 16384 bytes of fd 0xA
[22:12:41.653] |T| [seek_file]: sceIoPread: Seeking fd: 0xA, offset: 0x0, whence: SCE_SEEK_SET
[22:12:41.653] |T| [seek_file]: sceIoPread: Seeking fd: 0xA, offset: 0x190000, whence: SCE_SEEK_SET
[22:12:41.653] |T| [read_file]: sceIoPread: Reading 16384 bytes of fd 0xA
[22:12:41.653] |T| [seek_file]: sceIoPread: Seeking fd: 0xA, offset: 0x0, whence: SCE_SEEK_SET
[22:12:41.654] |T| [seek_file]: sceIoPread: Seeking fd: 0xA, offset: 0x194000, whence: SCE_SEEK_SET
[22:12:41.654] |T| [read_file]: sceIoPread: Reading 16384 bytes of fd 0xA
[22:12:41.654] |T| [seek_file]: sceIoPread: Seeking fd: 0xA, offset: 0x0, whence: SCE_SEEK_SET
[22:12:41.654] |T| [seek_file]: sceIoPread: Seeking fd: 0xA, offset: 0x198000, whence: SCE_SEEK_SET
[22:12:41.654] |T| [read_file]: sceIoPread: Reading 16384 bytes of fd 0xA
[22:12:41.654] |T| [seek_file]: sceIoPread: Seeking fd: 0xA, offset: 0x0, whence: SCE_SEEK_SET
[22:12:41.655] |T| [seek_file]: sceIoPread: Seeking fd: 0xA, offset: 0x19C000, whence: SCE_SEEK_SET
[22:12:41.655] |T| [read_file]: sceIoPread: Reading 16384 bytes of fd 0xA
[22:12:41.655] |T| [seek_file]: sceIoPread: Seeking fd: 0xA, offset: 0x0, whence: SCE_SEEK_SET
[22:12:41.655] |T| [seek_file]: sceIoPread: Seeking fd: 0xA, offset: 0x1A0000, whence: SCE_SEEK_SET
[22:12:41.655] |T| [read_file]: sceIoPread: Reading 16384 bytes of fd 0xA
[22:12:41.655] |T| [seek_file]: sceIoPread: Seeking fd: 0xA, offset: 0x0, whence: SCE_SEEK_SET
[22:12:41.656] |T| [seek_file]: sceIoPread: Seeking fd: 0xA, offset: 0x1A4000, whence: SCE_SEEK_SET
[22:12:41.656] |T| [read_file]: sceIoPread: Reading 16384 bytes of fd 0xA
[22:12:41.656] |T| [seek_file]: sceIoPread: Seeking fd: 0xA, offset: 0x0, whence: SCE_SEEK_SET
[22:12:41.656] |T| [seek_file]: sceIoPread: Seeking fd: 0xA, offset: 0x1A8000, whence: SCE_SEEK_SET
[22:12:41.656] |T| [read_file]: sceIoPread: Reading 16384 bytes of fd 0xA
[22:12:41.656] |T| [seek_file]: sceIoPread: Seeking fd: 0xA, offset: 0x0, whence: SCE_SEEK_SET
[22:12:41.656] |T| [seek_file]: sceIoPread: Seeking fd: 0xA, offset: 0x1AC000, whence: SCE_SEEK_SET
[22:12:41.657] |T| [read_file]: sceIoPread: Reading 16384 bytes of fd 0xA
[22:12:41.657] |T| [seek_file]: sceIoPread: Seeking fd: 0xA, offset: 0x0, whence: SCE_SEEK_SET
[22:12:41.657] |T| [seek_file]: sceIoPread: Seeking fd: 0xA, offset: 0x1B0000, whence: SCE_SEEK_SET
[22:12:41.657] |T| [read_file]: sceIoPread: Reading 16384 bytes of fd 0xA
[22:12:41.657] |T| [seek_file]: sceIoPread: Seeking fd: 0xA, offset: 0x0, whence: SCE_SEEK_SET
[22:12:41.657] |T| [seek_file]: sceIoPread: Seeking fd: 0xA, offset: 0x1B4000, whence: SCE_SEEK_SET
[22:12:41.658] |T| [read_file]: sceIoPread: Reading 16384 bytes of fd 0xA
[22:12:41.658] |T| [seek_file]: sceIoPread: Seeking fd: 0xA, offset: 0x0, whence: SCE_SEEK_SET
[22:12:41.658] |T| [seek_file]: sceIoPread: Seeking fd: 0xA, offset: 0x1B8000, whence: SCE_SEEK_SET
[22:12:41.658] |T| [read_file]: sceIoPread: Reading 16384 bytes of fd 0xA
[22:12:41.658] |T| [seek_file]: sceIoPread: Seeking fd: 0xA, offset: 0x0, whence: SCE_SEEK_SET
[22:12:41.659] |T| [seek_file]: sceIoPread: Seeking fd: 0xA, offset: 0x1BC000, whence: SCE_SEEK_SET
[22:12:41.659] |T| [read_file]: sceIoPread: Reading 16384 bytes of fd 0xA
[22:12:41.659] |T| [seek_file]: sceIoPread: Seeking fd: 0xA, offset: 0x0, whence: SCE_SEEK_SET
[22:12:41.659] |T| [seek_file]: sceIoPread: Seeking fd: 0xA, offset: 0x1C0000, whence: SCE_SEEK_SET
[22:12:41.659] |T| [read_file]: sceIoPread: Reading 16384 bytes of fd 0xA
[22:12:41.659] |T| [seek_file]: sceIoPread: Seeking fd: 0xA, offset: 0x0, whence: SCE_SEEK_SET
[22:12:41.660] |T| [seek_file]: sceIoPread: Seeking fd: 0xA, offset: 0x1C4000, whence: SCE_SEEK_SET
[22:12:41.660] |T| [read_file]: sceIoPread: Reading 16384 bytes of fd 0xA
[22:12:41.660] |T| [seek_file]: sceIoPread: Seeking fd: 0xA, offset: 0x0, whence: SCE_SEEK_SET
[22:12:41.660] |T| [seek_file]: sceIoPread: Seeking fd: 0xA, offset: 0x1C8000, whence: SCE_SEEK_SET
[22:12:41.660] |T| [read_file]: sceIoPread: Reading 16384 bytes of fd 0xA
[22:12:41.660] |T| [seek_file]: sceIoPread: Seeking fd: 0xA, offset: 0x0, whence: SCE_SEEK_SET
[22:12:41.660] |T| [seek_file]: sceIoPread: Seeking fd: 0xA, offset: 0x1CC000, whence: SCE_SEEK_SET
[22:12:41.661] |T| [read_file]: sceIoPread: Reading 16384 bytes of fd 0xA
[22:12:41.661] |T| [seek_file]: sceIoPread: Seeking fd: 0xA, offset: 0x0, whence: SCE_SEEK_SET
[22:12:41.661] |T| [seek_file]: sceIoPread: Seeking fd: 0xA, offset: 0x1D0000, whence: SCE_SEEK_SET
[22:12:41.661] |T| [read_file]: sceIoPread: Reading 16384 bytes of fd 0xA
[22:12:41.661] |T| [seek_file]: sceIoPread: Seeking fd: 0xA, offset: 0x0, whence: SCE_SEEK_SET
[22:12:41.662] |T| [seek_file]: sceIoPread: Seeking fd: 0xA, offset: 0x1D4000, whence: SCE_SEEK_SET
[22:12:41.662] |T| [read_file]: sceIoPread: Reading 16384 bytes of fd 0xA
[22:12:41.662] |T| [seek_file]: sceIoPread: Seeking fd: 0xA, offset: 0x0, whence: SCE_SEEK_SET
[22:12:41.662] |T| [seek_file]: sceIoPread: Seeking fd: 0xA, offset: 0x1D8000, whence: SCE_SEEK_SET
[22:12:41.662] |T| [read_file]: sceIoPread: Reading 16384 bytes of fd 0xA
[22:12:41.663] |T| [seek_file]: sceIoPread: Seeking fd: 0xA, offset: 0x0, whence: SCE_SEEK_SET
[22:12:41.663] |T| [seek_file]: sceIoPread: Seeking fd: 0xA, offset: 0x1DC000, whence: SCE_SEEK_SET
[22:12:41.663] |T| [read_file]: sceIoPread: Reading 16384 bytes of fd 0xA
[22:12:41.663] |T| [seek_file]: sceIoPread: Seeking fd: 0xA, offset: 0x0, whence: SCE_SEEK_SET
[22:12:41.663] |T| [seek_file]: sceIoPread: Seeking fd: 0xA, offset: 0x1E0000, whence: SCE_SEEK_SET
[22:12:41.663] |T| [read_file]: sceIoPread: Reading 16384 bytes of fd 0xA
[22:12:41.664] |T| [seek_file]: sceIoPread: Seeking fd: 0xA, offset: 0x0, whence: SCE_SEEK_SET
[22:12:41.664] |T| [seek_file]: sceIoPread: Seeking fd: 0xA, offset: 0x1E4000, whence: SCE_SEEK_SET
[22:12:41.664] |T| [read_file]: sceIoPread: Reading 16384 bytes of fd 0xA
[22:12:41.664] |T| [seek_file]: sceIoPread: Seeking fd: 0xA, offset: 0x0, whence: SCE_SEEK_SET
[22:12:41.664] |T| [seek_file]: sceIoPread: Seeking fd: 0xA, offset: 0x1E8000, whence: SCE_SEEK_SET
[22:12:41.664] |T| [read_file]: sceIoPread: Reading 16384 bytes of fd 0xA
[22:12:41.665] |T| [seek_file]: sceIoPread: Seeking fd: 0xA, offset: 0x0, whence: SCE_SEEK_SET
[22:12:41.665] |T| [seek_file]: sceIoPread: Seeking fd: 0xA, offset: 0x1EC000, whence: SCE_SEEK_SET
[22:12:41.665] |T| [read_file]: sceIoPread: Reading 16384 bytes of fd 0xA
[22:12:41.665] |T| [seek_file]: sceIoPread: Seeking fd: 0xA, offset: 0x0, whence: SCE_SEEK_SET
[22:12:41.665] |T| [seek_file]: sceIoPread: Seeking fd: 0xA, offset: 0x1F0000, whence: SCE_SEEK_SET
[22:12:41.667] |T| [read_file]: sceIoPread: Reading 16384 bytes of fd 0xA
[22:12:41.668] |T| [seek_file]: sceIoPread: Seeking fd: 0xA, offset: 0x0, whence: SCE_SEEK_SET
[22:12:41.668] |T| [seek_file]: sceIoPread: Seeking fd: 0xA, offset: 0x1F4000, whence: SCE_SEEK_SET
[22:12:41.668] |T| [read_file]: sceIoPread: Reading 16384 bytes of fd 0xA
[22:12:41.668] |T| [seek_file]: sceIoPread: Seeking fd: 0xA, offset: 0x0, whence: SCE_SEEK_SET
[22:12:41.668] |T| [seek_file]: sceIoPread: Seeking fd: 0xA, offset: 0x1F8000, whence: SCE_SEEK_SET
[22:12:41.669] |T| [read_