[17:57:54.361] |I| [config::init_config]: backend-renderer: Vulkan
[17:57:54.416] |I| [config::init_config]: log-level: 0
[17:57:54.828] |I| [SDL_main]: Vita3K v0.1.8 3176-22f307df
[17:57:54.896] |I| [SDL_main]: Number of logical CPU cores: 2
[17:57:54.966] |I| [SDL_main]: Available ram memory: 3959 MiB
[17:57:55.769] |I| [renderer::vulkan::VKState::create]: Enabling vulkan validation layers (has a performance impact but allows better error messages)
[17:57:56.881] |I| [renderer::vulkan::VKState::create]: Vulkan device: Intel(R) HD Graphics 500
[17:57:56.884] |I| [renderer::vulkan::VKState::create]: Driver version: 101.2111
[17:57:56.886] |I| [renderer::vulkan::VKState::create]: Memory mapping is enabled
[17:57:57.098] |I| [renderer::vulkan::ScreenRenderer::setup]: Present mode: Fifo
[17:58:04.790] |I| [compat::update_compat_app_db]: Applications compatibility database is outdated, attempting to download latest updated at: 05-26-2023 14:48:38
[18:01:00.180] |I| [load_app_impl]: cpu-backend: Dynarmic
[18:01:00.187] |I| [load_app_impl]: CPU Optimisation state: true
[18:01:00.187] |I| [load_app_impl]: ngs state: true
[18:01:00.188] |I| [load_app_impl]: Resolution multiplier: 1
[18:01:00.188] |I| [load_app_impl]: modules mode: Auto & Manual
[18:01:00.189] |I| [load_app_impl]: lle-modules: libhttp
[18:01:00.189] |I| [load_app_impl]: Title: Desert Ashes
[18:01:00.189] |I| [load_app_impl]: Serial: PCSE00542
[18:01:00.189] |I| [load_app_impl]: Version: 1.00
[18:01:00.191] |I| [load_app_impl]: Category: gd
[18:01:00.371] |I| [load_self]: app0:sce_module/libc.suprx: Skipping special segment 0x6fffff01...
[18:01:00.372] |I| [load_self]: Loaded module segment 0 @ [0x00005000 - 0x00054C54 / 0x81000000] (size: 0x0004FC54) of module app0:sce_module/libc.suprx
[18:01:00.372] |I| [load_self]: Loaded module segment 1 @ [0x00055000 - 0x00057688 / 0x81050000] (size: 0x00002688) of module app0:sce_module/libc.suprx
[18:01:00.372] |I| [load_self]: Linking SELF app0:sce_module/libc.suprx...
[18:01:00.374] |D| [load_var_exports]: 	NID 0x936c8a78 (SYSLYB) at 0x4a744
[18:01:00.375] |D| [load_var_exports]: 	NID 0x6c2224ba (NID_MODULE_INFO) at 0x404f8
[18:01:00.403] |I| [pre_load_module]: Pre-load module SceLibc (at "sce_module/libc.suprx") loaded
[18:01:00.530] |I| [load_self]: app0:sce_module/libfios2.suprx: Skipping special segment 0x6fffff01...
[18:01:00.536] |I| [load_self]: Loaded module segment 0 @ [0x00058000 - 0x0008333C / 0x81000000] (size: 0x0002B33C) of module app0:sce_module/libfios2.suprx
[18:01:00.538] |I| [load_self]: Loaded module segment 1 @ [0x00084000 - 0x0008923D / 0x8102C000] (size: 0x0000523D) of module app0:sce_module/libfios2.suprx
[18:01:00.547] |I| [load_self]: Linking SELF app0:sce_module/libfios2.suprx...
[18:01:00.555] |D| [load_var_exports]: 	NID 0x936c8a78 (SYSLYB) at 0x83244
[18:01:00.565] |D| [load_var_exports]: 	NID 0x6c2224ba (NID_MODULE_INFO) at 0x7a878
[18:01:00.568] |I| [pre_load_module]: Pre-load module SceLibFios2 (at "sce_module/libfios2.suprx") loaded
[18:01:00.614] |I| [load_self]: app0:sce_module/libult.suprx: Skipping special segment 0x6fffff01...
[18:01:00.615] |I| [load_self]: Loaded module segment 0 @ [0x0008A000 - 0x0009D9A4 / 0x81000000] (size: 0x000139A4) of module app0:sce_module/libult.suprx
[18:01:00.618] |I| [load_self]: Loaded module segment 1 @ [0x0009E000 - 0x0009E814 / 0x81014000] (size: 0x00000814) of module app0:sce_module/libult.suprx
[18:01:00.620] |I| [load_self]: Linking SELF app0:sce_module/libult.suprx...
[18:01:00.622] |D| [load_var_exports]: 	NID 0x936c8a78 (SYSLYB) at 0x9c2d0
[18:01:00.625] |D| [load_var_exports]: 	NID 0x6c2224ba (NID_MODULE_INFO) at 0x99858
[18:01:00.628] |I| [pre_load_module]: Pre-load module SceUlt (at "sce_module/libult.suprx") loaded
[18:01:00.701] |I| [load_self]: Loaded module segment 0 @ [0x0009F000 - 0x000EFF04 / 0x81000000] (size: 0x00050F04) of module vs0:sys/external/libSceFt2.suprx
[18:01:00.708] |I| [load_self]: Loaded module segment 1 @ [0x000F0000 - 0x000F02F4 / 0x81051000] (size: 0x000002F4) of module vs0:sys/external/libSceFt2.suprx
[18:01:00.711] |I| [load_self]: Linking SELF vs0:sys/external/libSceFt2.suprx...
[18:01:00.713] |D| [load_var_exports]: 	NID 0x936c8a78 (SYSLYB) at 0xdb7dc
[18:01:00.715] |D| [load_var_exports]: 	NID 0x6c2224ba (NID_MODULE_INFO) at 0xdaf10
[18:01:00.716] |I| [pre_load_module]: Pre-load module SceLibft2 (at "sys/external/libSceFt2.suprx") loaded
[18:01:00.752] |I| [load_self]: Loaded module segment 0 @ [0x000F1000 - 0x00100F14 / 0x81000000] (size: 0x0000FF14) of module vs0:sys/external/libpvf.suprx
[18:01:00.755] |I| [load_self]: Loaded module segment 1 @ [0x00101000 - 0x00101008 / 0x81010000] (size: 0x00000008) of module vs0:sys/external/libpvf.suprx
[18:01:00.760] |I| [load_self]: Linking SELF vs0:sys/external/libpvf.suprx...
[18:01:00.762] |D| [load_var_exports]: 	NID 0x936c8a78 (SYSLYB) at 0xff710
[18:01:00.764] |D| [load_var_exports]: 	NID 0x6c2224ba (NID_MODULE_INFO) at 0xff300
[18:01:00.765] |I| [pre_load_module]: Pre-load module SceLibPvf (at "sys/external/libpvf.suprx") loaded
[18:01:01.118] |I| [load_self]: app0:eboot.bin: Skipping special segment 0x6fffff01...
[18:01:01.151] |I| [load_self]: Loaded module segment 0 @ [0x00102000 - 0x003598D4 / 0x81000000] (size: 0x002578D4) of module app0:eboot.bin
[18:01:01.154] |I| [load_self]: Loaded module segment 1 @ [0x0035A000 - 0x004EF964 / 0x81258000] (size: 0x00195964) of module app0:eboot.bin
[18:01:01.156] |I| [load_self]: Linking SELF app0:eboot.bin...
[18:01:01.163] |D| [load_var_exports]: 	NID 0x6c2224ba (NID_MODULE_INFO) at 0x2fdb18
[18:01:01.168] |D| [load_var_exports]: 	NID 0x70fba1e7 (SCE_PROC_PARAMS) at 0x35c588
[18:01:01.169] |D| [load_var_exports]: 	NID 0x936c8a78 (SYSLYB) at 0x344788
[18:01:01.234] |I| [load_app_impl]: Main executable DesertAshes (eboot.bin) loaded
[18:01:01.535] |D| [run_app]: Running module_start of library: SceLibc at address 0x5871
[18:01:01.946] |T| [open_file]: sceKernelGetStdin: Opening terminal tty0:
[18:01:01.953] |T| [open_file]: sceKernelGetStdout: Opening terminal tty0:
[18:01:01.955] |T| [open_file]: sceKernelGetStderr: Opening terminal tty0:
[18:01:02.009] |I| [run_app]: Module SceLibc (at "app0:sce_module/libc.suprx") module_start returned 0x0
[18:01:02.022] |D| [run_app]: Running module_start of library: SceLibFios2 at address 0x58001
[18:01:02.185] |W| [stubbed_impl]: Stubbed sceKernelGetProcessId import called. (pid: 0)
[18:01:02.189] |I| [run_app]: Module SceLibFios2 (at "app0:sce_module/libfios2.suprx") module_start returned 0x0
[18:01:02.207] |D| [run_app]: Running module_start of library: SceUlt at address 0x8d769
[18:01:02.291] |W| [unimplemented_impl]: Unimplemented _sceUlobjMgrRegisterLibultProtocolRevision import called.
[18:01:02.298] |I| [run_app]: Module SceUlt (at "app0:sce_module/libult.suprx") module_start returned 0x0
[18:01:02.820] |W| [stubbed_impl]: Stubbed sceKernelGetFreeMemorySize import called. (Single pool)
[18:01:03.004] |W| [unimplemented_impl]: Unimplemented sceKernelChangeThreadVfpException import called.
[18:01:03.034] |W| [unimplemented_impl]: Unimplemented sceFiosOverlayThreadSetDisabled02 import called.
[18:01:03.502] |I| [export_sceIoOpen]: Opening file: app0:/data.psarc
[18:01:03.726] |T| [open_file]: sceIoOpen: Opening file app0:/data.psarc (ux0:/app/PCSE00542/data.psarc), fd: 0x3
[18:01:03.829] |T| [close_file]: sceIoClose: Closing file fd: 0x3
[18:01:03.865] |I| [export_sceIoOpen]: Opening file: app0:/data.psarc
[18:01:03.870] |T| [open_file]: sceIoOpen: Opening file app0:/data.psarc (ux0:/app/PCSE00542/data.psarc), fd: 0x4
[18:01:04.565] |C| [renderer::vulkan::VKState::map_memory]: No coherent memory available for memory mapping, this may be caused by an old driver!
[18:01:04.688] |W| [stubbed_impl]: Stubbed sceGxmMapVertexUsseMemory import called. (always return success)
[18:01:04.974] |W| [stubbed_impl]: Stubbed sceGxmMapFragmentUsseMemory import called. (always return success)
[18:01:06.717] |I| [load_module]: Loading module ID: 0x30
[18:01:07.095] |E| [logging::ret_error_impl]: _sceKernelWaitCond returned SCE_KERNEL_ERROR_WAIT_TIMEOUT (0x80028005)
[18:01:08.097] |I| [load_self]: sys/external/libatrac.suprx: Skipping special segment 0x6fffff01...
[18:01:08.100] |I| [load_self]: Loaded module segment 0 @ [0x0669E000 - 0x066A155C / 0x81000000] (size: 0x0000355C) of module sys/external/libatrac.suprx
[18:01:08.103] |I| [load_self]: Loaded module segment 1 @ [0x066A2000 - 0x066A3038 / 0x81004000] (size: 0x00001038) of module sys/external/libatrac.suprx
[18:01:08.105] |I| [load_self]: Linking SELF sys/external/libatrac.suprx...
[18:01:08.106] |D| [load_var_exports]: 	NID 0x936c8a78 (SYSLYB) at 0x66a1558
[18:01:08.118] |D| [load_var_exports]: 	NID 0x6c2224ba (NID_MODULE_INFO) at 0x66a0db4
[18:01:08.119] |I| [load_module]: Module SceAtrac (at "sys/external/libatrac.suprx") loaded
[18:01:08.121] |D| [load_module]: Running module_start of module: SceAtrac
[18:01:08.125] |I| [load_module]: Module SceAtrac (at "sys/external/libatrac.suprx") module_start returned 0x0
[18:01:08.835] |T| [log_import_call]: [LLE] TID: 7   FUNC: 0x1a34b331 sceAtracQueryDecoderGroupMemSize at 0x2fb968
[18:01:08.837] |T| [log_import_call]: [LLE] TID: 7   FUNC: 0x1bfb98c sceAtracCreateDecoderGroup at 0x2fb948
[18:01:09.940] |T| [export_sceNgsPatchCreateRouting]: Patching 0x53F1B0:0:0 to 0x542700:0
[18:01:09.943] |T| [export_sceNgsPatchCreateRouting]: Patching 0x53F6C0:0:0 to 0x542700:0
[18:01:09.946] |T| [export_sceNgsPatchCreateRouting]: Patching 0x53FBD0:0:0 to 0x542700:0
[18:01:09.947] |T| [export_sceNgsPatchCreateRouting]: Patching 0x5400E0:0:0 to 0x542700:0
[18:01:09.948] |T| [export_sceNgsPatchCreateRouting]: Patching 0x5405F0:0:0 to 0x542700:0
[18:01:09.950] |T| [export_sceNgsPatchCreateRouting]: Patching 0x540B00:0:0 to 0x542700:0
[18:01:09.951] |T| [export_sceNgsPatchCreateRouting]: Patching 0x541010:0:0 to 0x542700:0
[18:01:09.953] |T| [export_sceNgsPatchCreateRouting]: Patching 0x541520:0:0 to 0x542700:0
[18:01:09.955] |T| [export_sceNgsPatchCreateRouting]: Patching 0x5420B0:0:0 to 0x542700:0
[18:01:10.201] |W| [unimplemented_impl]: Unimplemented sceAppUtilInit import called.
[18:01:10.359] |E| [logging::ret_error_impl]: sceSysmoduleIsLoaded returned SCE_SYSMODULE_ERROR_UNLOADED (0x805a1001)
[18:01:10.431] |W| [stubbed_impl]: Stubbed sceNetCtlInit import called. (Stub)
[18:01:10.438] |W| [stubbed_impl]: Stubbed sceNetCtlInetGetState import called. (state = SCE_NETCTL_STATE_CONNECTED)
[18:01:10.439] |I| [load_module]: Loading module ID: 0x4
[18:01:10.503] |I| [load_self]: sys/external/libhttp.suprx: Skipping special segment 0x6fffff01...
[18:01:10.505] |I| [load_self]: Loaded module segment 0 @ [0x08905000 - 0x08922150 / 0x81000000] (size: 0x0001D150) of module sys/external/libhttp.suprx
[18:01:10.508] |I| [load_self]: Loaded module segment 1 @ [0x066BE000 - 0x066BE640 / 0x8101E000] (size: 0x00000640) of module sys/external/libhttp.suprx
[18:01:10.510] |I| [load_self]: Linking SELF sys/external/libhttp.suprx...
[18:01:10.514] |D| [load_var_exports]: 	NID 0x936c8a78 (SYSLYB) at 0x8920e68
[18:01:10.515] |D| [load_var_exports]: 	NID 0x6c2224ba (NID_MODULE_INFO) at 0x891dca0
[18:01:10.516] |I| [load_module]: Module SceLibHttp (at "sys/external/libhttp.suprx") loaded
[18:01:10.518] |D| [load_module]: Running module_start of module: SceLibHttp
[18:01:10.520] |I| [load_module]: Module SceLibHttp (at "sys/external/libhttp.suprx") module_start returned 0x0
[18:01:10.762] |I| [load_self]: Loaded module segment 0 @ [0x08923000 - 0x08989EA4 / 0x81000000] (size: 0x00066EA4) of module sys/external/libssl.suprx
[18:01:10.817] |I| [load_self]: Loaded module segment 1 @ [0x0898A000 - 0x0898F188 / 0x81067000] (size: 0x00005188) of module sys/external/libssl.suprx
[18:01:10.820] |I| [load_self]: Linking SELF sys/external/libssl.suprx...
[18:01:10.827] |D| [load_var_exports]: 	NID 0x936c8a78 (SYSLYB) at 0x89759b0
[18:01:10.836] |D| [load_var_exports]: 	NID 0x6c2224ba (NID_MODULE_INFO) at 0x896fc70
[18:01:10.844] |I| [load_module]: Module SceLibSsl (at "sys/external/libssl.suprx") loaded
[18:01:10.893] |T| [log_import_call]: [LLE] TID: 86  FUNC: 0x214926d9 sceHttpInit at 0x2fc518
[18:01:10.956] |T| [log_import_call]: [LLE] TID: 86  FUNC: 0x3c733316 sceSslInit at 0x2fc4f8
[18:01:11.027] |W| [unimplemented_impl]: Unimplemented sceNpBasicInit import called.
[18:01:11.029] |I| [load_module]: Loading module ID: 0x55
[18:01:11.133] |I| [load_self]: sys/external/libSceJson.suprx: Skipping special segment 0x6fffff01...
[18:01:11.134] |I| [load_self]: Loaded module segment 0 @ [0x089FF000 - 0x08A05230 / 0x81000000] (size: 0x00006230) of module sys/external/libSceJson.suprx
[18:01:11.138] |I| [load_self]: Loaded module segment 1 @ [0x066BF000 - 0x066BF049 / 0x81007000] (size: 0x00000049) of module sys/external/libSceJson.suprx
[18:01:11.140] |I| [load_self]: Linking SELF sys/external/libSceJson.suprx...
[18:01:11.142] |D| [load_var_exports]: 	NID 0x936c8a78 (SYSLYB) at 0x8a050a8
[18:01:11.144] |D| [load_var_exports]: 	NID 0x6c2224ba (NID_MODULE_INFO) at 0x8a04020
[18:01:11.147] |I| [load_module]: Module SceLibJson (at "sys/external/libSceJson.suprx") loaded
[18:01:11.157] |W| [unimplemented_impl]: Unimplemented sceNpBasicRegisterHandler import called.
[18:01:11.199] |E| [logging::ret_error_impl]: sceKernelWaitLwCond returned SCE_KERNEL_ERROR_WAIT_TIMEOUT (0x80028005)
[18:01:11.209] |W| [stubbed_impl]: Stubbed sceNetCtlCheckCallback import called. (Stub)
[18:01:11.218] |W| [stubbed_impl]: Stubbed sceNpCheckCallback import called. (Stub)
[18:01:11.595] |T| [open_file]: create_trophy_context: Opening file app0:/sce_sys/trophy/NPWR07652_00/TROPHY.TRP (ux0:/app/PCSE00542/sce_sys/trophy/NPWR07652_00/TROPHY.TRP), fd: 0x5
[18:01:12.033] |T| [open_file]: create_trophy_context: Opening file ux0:/user/00/trophy/data/NPWR07652_00/TROPUSR.DAT (ux0:/user/00/trophy/data/NPWR07652_00/TROPUSR.DAT), fd: 0x6
[18:01:12.184] |T| [open_file]: install_trophy_context: Opening file ux0:/user/00/trophy/conf/NPWR07652_00/TROPCONF.SFM (ux0:/user/00/trophy/conf/NPWR07652_00/TROPCONF.SFM), fd: 0x7
[18:01:12.190] |T| [write_file]: install_trophy_context: Writing to fd: 0x7, size: 1129
[18:01:12.191] |T| [close_file]: install_trophy_context: Closing file fd: 0x7
[18:01:12.318] |T| [open_file]: install_trophy_context: Opening file ux0:/user/00/trophy/conf/NPWR07652_00/TROP.SFM (ux0:/user/00/trophy/conf/NPWR07652_00/TROP.SFM), fd: 0x8
[18:01:12.324] |T| [write_file]: install_trophy_context: Writing to fd: 0x8, size: 2212
[18:01:12.326] |T| [close_file]: install_trophy_context: Closing file fd: 0x8
[18:01:12.474] |T| [open_file]: install_trophy_context: Opening file ux0:/user/00/trophy/conf/NPWR07652_00/ICON0.PNG (ux0:/user/00/trophy/conf/NPWR07652_00/ICON0.PNG), fd: 0x9
[18:01:12.490] |T| [write_file]: install_trophy_context: Writing to fd: 0x9, size: 111771
[18:01:12.490] |T| [close_file]: install_trophy_context: Closing file fd: 0x9
[18:01:12.598] |T| [open_file]: install_trophy_context: Opening file ux0:/user/00/trophy/conf/NPWR07652_00/TROP000.PNG (ux0:/user/00/trophy/conf/NPWR07652_00/TROP000.PNG), fd: 0xa
[18:01:12.621] |T| [write_file]: install_trophy_context: Writing to fd: 0xa, size: 92010
[18:01:12.626] |T| [close_file]: install_trophy_context: Closing file fd: 0xa
[18:01:12.703] |T| [open_file]: install_trophy_context: Opening file ux0:/user/00/trophy/conf/NPWR07652_00/TROP001.PNG (ux0:/user/00/trophy/conf/NPWR07652_00/TROP001.PNG), fd: 0xb
[18:01:12.712] |T| [write_file]: install_trophy_context: Writing to fd: 0xb, size: 80068
[18:01:12.720] |T| [close_file]: install_trophy_context: Closing file fd: 0xb
[18:01:12.760] |T| [open_file]: install_trophy_context: Opening file ux0:/user/00/trophy/conf/NPWR07652_00/TROP002.PNG (ux0:/user/00/trophy/conf/NPWR07652_00/TROP002.PNG), fd: 0xc
[18:01:12.791] |T| [write_file]: install_trophy_context: Writing to fd: 0xc, size: 85561
[18:01:12.792] |T| [close_file]: install_trophy_context: Closing file fd: 0xc
[18:01:12.864] |T| [open_file]: install_trophy_context: Opening file ux0:/user/00/trophy/conf/NPWR07652_00/TROP003.PNG (ux0:/user/00/trophy/conf/NPWR07652_00/TROP003.PNG), fd: 0xd
[18:01:12.868] |T| [write_file]: install_trophy_context: Writing to fd: 0xd, size: 76857
[18:01:12.871] |T| [close_file]: install_trophy_context: Closing file fd: 0xd
[18:01:12.939] |T| [open_file]: install_trophy_context: Opening file ux0:/user/00/trophy/conf/NPWR07652_00/TROP004.PNG (ux0:/user/00/trophy/conf/NPWR07652_00/TROP004.PNG), fd: 0xe
[18:01:12.947] |T| [write_file]: install_trophy_context: Writing to fd: 0xe, size: 86916
[18:01:12.949] |T| [close_file]: install_trophy_context: Closing file fd: 0xe
[18:01:13.064] |T| [open_file]: install_trophy_context: Opening file ux0:/user/00/trophy/conf/NPWR07652_00/TROP005.PNG (ux0:/user/00/trophy/conf/NPWR07652_00/TROP005.PNG), fd: 0xf
[18:01:13.069] |T| [write_file]: install_trophy_context: Writing to fd: 0xf, size: 95996
[18:01:13.071] |T| [close_file]: install_trophy_context: Closing file fd: 0xf
[18:01:13.110] |T| [open_file]: install_trophy_context: Opening file ux0:/user/00/trophy/conf/NPWR07652_00/TROP006.PNG (ux0:/user/00/trophy/conf/NPWR07652_00/TROP006.PNG), fd: 0x10
[18:01:13.117] |T| [write_file]: install_trophy_context: Writing to fd: 0x10, size: 93599
[18:01:13.118] |T| [close_file]: install_trophy_context: Closing file fd: 0x10
[18:01:13.225] |T| [open_file]: install_trophy_context: Opening file ux0:/user/00/trophy/conf/NPWR07652_00/TROP007.PNG (ux0:/user/00/trophy/conf/NPWR07652_00/TROP007.PNG), fd: 0x11
[18:01:13.228] |T| [write_file]: install_trophy_context: Writing to fd: 0x11, size: 32366
[18:01:13.232] |T| [close_file]: install_trophy_context: Closing file fd: 0x11
[18:01:13.276] |T| [open_file]: install_trophy_context: Opening file ux0:/user/00/trophy/conf/NPWR07652_00/TROP008.PNG (ux0:/user/00/trophy/conf/NPWR07652_00/TROP008.PNG), fd: 0x12
[18:01:13.283] |T| [write_file]: install_trophy_context: Writing to fd: 0x12, size: 64039
[18:01:13.285] |T| [close_file]: install_trophy_context: Closing file fd: 0x12
[18:01:13.407] |T| [open_file]: install_trophy_context: Opening file ux0:/user/00/trophy/conf/NPWR07652_00/TROP009.PNG (ux0:/user/00/trophy/conf/NPWR07652_00/TROP009.PNG), fd: 0x13
[18:01:13.442] |T| [write_file]: install_trophy_context: Writing to fd: 0x13, size: 86143
[18:01:13.444] |T| [close_file]: install_trophy_context: Closing file fd: 0x13
[18:01:13.503] |T| [open_file]: install_trophy_context: Opening file ux0:/user/00/trophy/conf/NPWR07652_00/TROP010.PNG (ux0:/user/00/trophy/conf/NPWR07652_00/TROP010.PNG), fd: 0x14
[18:01:13.512] |T| [write_file]: install_trophy_context: Writing to fd: 0x14, size: 75013
[18:01:13.523] |T| [close_file]: install_trophy_context: Closing file fd: 0x14
[18:01:13.571] |T| [close_file]: create_trophy_context: Closing file fd: 0x6
[18:01:13.574] |T| [export_sceNpTrophyCreateContext]: Trophy context for NPWR07652_00 create successfuly!
[18:01:13.576] |W| [stubbed_impl]: Stubbed sceNpTrophyCreateHandle import called. (Stubbed handle with 1)
[18:01:15.844] |W| [unimplemented_impl]: Unimplemented sceGxmColorSurfaceSetClip import called.
[18:01:15.973] |W| [stubbed_impl]: Stubbed sceGxmMidSceneFlush import called. (Surfaces not flushed back to memory)
[18:01:16.265] |I| [renderer::vulkan::PipelineCache::retrieve_shader]: Generating vulkan spv shader 7fdae35b6630e12f474c7d150d4d2c5f45b0d31648adcf8e689094d2012010a9
[18:01:16.284] |I| [renderer::load_shader_generic]: Generating vert.spv.txt shader 7fdae35b6630e12f474c7d150d4d2c5f45b0d31648adcf8e689094d2012010a9
[18:01:16.296] |I| [export_sceIoOpen]: Opening file: savedata0:mnetdata_psn
[18:01:16.296] |E| [open_file]: Missing file at D:/GAMESANDEMULATORS/Vita3K/storage/ux0/user/00/savedata/PCSE00542/mnetdata_psn (target path: savedata0:mnetdata_psn)
[18:01:16.305] |W| [io_error_impl]: open_file (sceIoOpen) returned 0x80010002
[18:01:16.322] |E| [open_file]: Missing file at D:/GAMESANDEMULATORS/Vita3K/storage/ux0/user/00/savedata/PCSE00542/SlotParam_0.bin (target path: savedata0:/SlotParam_0.bin)
[18:01:16.333] |W| [io_error_impl]: open_file (sceAppUtilSaveDataSlotGetParam) returned 0x80010002
[18:01:16.335] |E| [logging::ret_error_impl]: sceAppUtilSaveDataSlotGetParam returned SCE_APPUTIL_ERROR_SAVEDATA_SLOT_NOT_FOUND (0x80100641)
[18:01:16.365] |T| [open_file]: sceAppUtilSaveDataDataSave: Opening file savedata0:/mnetdata_psn (ux0:/user/00/savedata/PCSE00542/mnetdata_psn), fd: 0x15
[18:01:16.369] |T| [write_file]: sceAppUtilSaveDataDataSave: Writing to fd: 0x15, size: 512
[18:01:16.371] |T| [close_file]: sceAppUtilSaveDataDataSave: Closing file fd: 0x15
[18:01:16.373] |T| [open_file]: sceAppUtilSaveDataDataSave: Opening file savedata0:/SlotParam_0.bin (ux0:/user/00/savedata/PCSE00542/SlotParam_0.bin), fd: 0x16
[18:01:16.379] |T| [write_file]: sceAppUtilSaveDataDataSave: Writing to fd: 0x16, size: 844
[18:01:16.383] |T| [close_file]: sceAppUtilSaveDataDataSave: Closing file fd: 0x16
[18:01:16.546] |I| [export_sceIoOpen]: Opening file: savedata0:options.sav
[18:01:16.548] |E| [open_file]: Missing file at D:/GAMESANDEMULATORS/Vita3K/storage/ux0/user/00/savedata/PCSE00542/options.sav (target path: savedata0:options.sav)
[18:01:16.559] |W| [io_error_impl]: open_file (sceIoOpen) returned 0x80010002
[18:01:16.639] |T| [log_import_call]: [LLE] TID: 107 FUNC: 0xd1997678 sceAtracSetDataAndAcquireHandle at 0x2fb9f8
[18:01:16.667] |D| [shader::create_parameters]: [BUFFER0  + 0] pa0 = (float4) pos
[18:01:16.673] |D| [shader::create_parameters]: [BUFFER0  + 4] pa4 = (float4) vc
[18:01:16.675] |D| [shader::create_parameters]: [DEFAULT  + 0] sa0 = (float4) mvp[4]
[18:01:16.735] |T| [shader::usse::USSERecompiler::compile_code_node]: Compiling code_0, size = 9
[18:01:16.751] |T| [log_import_call]: [LLE] TID: 107 FUNC: 0x722f5004 sceAtracIsSubBufferNeeded at 0x2fb9d8
[18:01:16.755] |T| [log_import_call]: [LLE] TID: 107 FUNC: 0x68dfc199 sceAtracGetContentInfo at 0x2fb9b8
[18:01:16.759] |T| [log_import_call]: [LLE] TID: 107 FUNC: 0x75b0c63 sceAtracSetOutputSamples at 0x2fb958
[18:01:16.761] |T| [log_import_call]: [LLE] TID: 107 FUNC: 0x5c22e927 sceAtracSetLoopNum at 0x2fb9a8
[18:01:16.821] |T| [log_import_call]: [LLE] TID: 109 FUNC: 0x29c74ee3 sceAtracDecode at 0x2fb988
[18:01:16.850] |T| [log_import_call]: [LLE] TID: 109 FUNC: 0x9bdb14f7 sceAtracGetVacantSize at 0x2fb9e8
[18:01:16.909] |I| [renderer::vulkan::PipelineCache::retrieve_shader]: Generating vulkan spv shader e87eea93b5c3d1c8ea7a970334d9cb49209cc68c2ae65eabd51f233c592562b8
[18:01:16.913] |I| [renderer::load_shader_generic]: Generating frag.spv.txt shader e87eea93b5c3d1c8ea7a970334d9cb49209cc68c2ae65eabd51f233c592562b8
[18:01:16.920] |D| [shader::create_fragment_inputs]: Iterator: pa0 = (float4) v_Color0
[18:01:16.920] |T| [shader::usse::USSERecompiler::compile_code_node]: Compiling code_0, size = 2
[18:01:18.671] |I| [renderer::vulkan::PipelineCache::retrieve_shader]: Generating vulkan spv shader e4bc883911abb442b623f0fd49ec6856c5028728f8c71075bf49bffd85f74129
[18:01:18.682] |I| [renderer::load_shader_generic]: Generating vert.spv.txt shader e4bc883911abb442b623f0fd49ec6856c5028728f8c71075bf49bffd85f74129
[18:01:18.695] |D| [shader::create_parameters]: [BUFFER0  + 0] pa0 = (float4) pos
[18:01:18.701] |D| [shader::create_parameters]: [BUFFER0  + 4] pa4 = (float4) tc
[18:01:18.703] |D| [shader::create_parameters]: [DEFAULT  + 0] sa0 = (float4) mvp[4]
[18:01:18.705] |T| [shader::usse::USSERecompiler::compile_code_node]: Compiling code_0, size = 9
[18:01:18.886] |I| [renderer::vulkan::PipelineCache::retrieve_shader]: Generating vulkan spv shader 38f28df88c01a94be8972e3bb167c5a8ec467bb8c747a31bf59729ba0fceaeed
[18:01:18.890] |I| [renderer::load_shader_generic]: Generating frag.spv.txt shader 38f28df88c01a94be8972e3bb167c5a8ec467bb8c747a31bf59729ba0fceaeed
[18:01:19.052] |T| [shader::create_fragment_inputs]: pa0 = tex2D<half4>(tex, TEXCOORD0.xy)
[18:01:19.056] |T| [shader::usse::USSERecompiler::compile_code_node]: Compiling code_0, size = 1
[18:01:19.243] |W| [unimplemented_impl]: Unimplemented sceCommonDialogUpdate import called.
[18:01:20.853] |T| [log_import_call]: [LLE] TID: 109 FUNC: 0xd9409e57 sceAtracGetStreamInfo at 0x2fba08
[18:01:21.272] |T| [log_import_call]: [LLE] TID: 109 FUNC: 0x53656f1c sceAtracAddStreamData at 0x2fb998
[18:01:21.792] |I| [renderer::vulkan::PipelineCache::retrieve_shader]: Generating vulkan spv shader 4bdbcfebaacd9b5046a6e7b80ab0aa658cfa95a39d79a3817918fcca8a898d27
[18:01:21.820] |I| [renderer::load_shader_generic]: Generating vert.spv.txt shader 4bdbcfebaacd9b5046a6e7b80ab0aa658cfa95a39d79a3817918fcca8a898d27
[18:01:21.825] |D| [shader::create_parameters]: [BUFFER0  + 0] pa0 = (float4) pos
[18:01:21.826] |D| [shader::create_parameters]: [BUFFER0  + 4] pa4 = (float4) tc
[18:01:21.828] |D| [shader::create_parameters]: [BUFFER0  + 8] pa8 = (float4) vc
[18:01:21.830] |D| [shader::create_parameters]: [DEFAULT  + 0] sa0 = (float4) mvp[4]
[18:01:21.831] |T| [shader::usse::USSERecompiler::compile_code_node]: Compiling code_0, size = 11
[18:01:21.889] |I| [export_sceIoOpen]: Opening file: savedata0:progress.sav
[18:01:21.921] |E| [open_file]: Missing file at D:/GAMESANDEMULATORS/Vita3K/storage/ux0/user/00/savedata/PCSE00542/progress.sav (target path: savedata0:progress.sav)
[18:01:21.928] |W| [io_error_impl]: open_file (sceIoOpen) returned 0x80010002
[18:01:21.958] |I| [renderer::vulkan::PipelineCache::retrieve_shader]: Generating vulkan spv shader 341b29d9823423f91a29ad5754d1aa34a902cf2b679e8c228c43eadccc1c053c
[18:01:21.960] |I| [renderer::load_shader_generic]: Generating frag.spv.txt shader 341b29d9823423f91a29ad5754d1aa34a902cf2b679e8c228c43eadccc1c053c
[18:01:21.974] |D| [shader::create_fragment_inputs]: Iterator: pa0 = (float4) v_Color0
[18:01:21.977] |T| [shader::create_fragment_inputs]: pa4 = tex2D<float4>(tex, TEXCOORD0.xy)
[18:01:21.978] |T| [shader::usse::USSERecompiler::compile_code_node]: Compiling code_0, size = 5
[18:01:22.232] |I| [export_sceIoOpen]: Opening file: savedata0:mnetdata_psn
[18:01:22.260] |T| [open_file]: sceIoOpen: Opening file savedata0:mnetdata_psn (ux0:/user/00/savedata/PCSE00542/mnetdata_psn), fd: 0x17
[18:01:22.264] |T| [close_file]: sceIoClose: Closing file fd: 0x17
[18:01:22.295] |T| [log_import_call]: [LLE] TID: 7   FUNC: 0xee681e1d sceFiosFHOpenWithModeSync at 0x404e8
[18:01:22.311] |I| [export_sceIoOpen]: Opening file: savedata0:/mnetdata_psn
[18:01:22.314] |T| [open_file]: sceIoOpen: Opening file savedata0:/mnetdata_psn (ux0:/user/00/savedata/PCSE00542/mnetdata_psn), fd: 0x18
[18:01:22.343] |T| [log_import_call]: [LLE] TID: 7   FUNC: 0xa75f3c4a sceFiosFHSeek at 0x40498
[18:01:22.362] |T| [log_import_call]: [LLE] TID: 7   FUNC: 0xb309e327 sceFiosIsValidHandle at 0x404b8
[18:01:22.364] |T| [log_import_call]: [LLE] TID: 7   FUNC: 0x76945919 sceFiosFHReadSync at 0x40478
[18:01:22.373] |T| [log_import_call]: [LLE] TID: 7   FUNC: 0x45182328 sceFiosFHCloseSync at 0x40458
[18:01:22.376] |T| [close_file]: sceIoClose: Closing file fd: 0x18
[18:01:22.416] |T| [open_file]: sceAppUtilSaveDataSlotGetParam: Opening file savedata0:/SlotParam_0.bin (ux0:/user/00/savedata/PCSE00542/SlotParam_0.bin), fd: 0x19
[18:01:22.523] |T| [close_file]: sceAppUtilSaveDataSlotGetParam: Closing file fd: 0x19
[18:01:22.529] |T| [open_file]: sceAppUtilSaveDataDataSave: Opening file savedata0:/mnetdata_psn (ux0:/user/00/savedata/PCSE00542/mnetdata_psn), fd: 0x1a
[18:01:22.538] |T| [write_file]: sceAppUtilSaveDataDataSave: Writing to fd: 0x1a, size: 512
[18:01:22.540] |T| [close_file]: sceAppUtilSaveDataDataSave: Closing file fd: 0x1a
[18:01:22.546] |T| [open_file]: sceAppUtilSaveDataDataSave: Opening file savedata0:/SlotParam_0.bin (ux0:/user/00/savedata/PCSE00542/SlotParam_0.bin), fd: 0x1b
[18:01:22.550] |T| [write_file]: sceAppUtilSaveDataDataSave: Writing to fd: 0x1b, size: 844
[18:01:22.623] |T| [close_file]: sceAppUtilSaveDataDataSave: Closing file fd: 0x1b
[18:01:32.610] |I| [export_sceIoOpen]: Opening file: savedata0:sgc01.sav
[18:01:32.618] |E| [open_file]: Missing file at D:/GAMESANDEMULATORS/Vita3K/storage/ux0/user/00/savedata/PCSE00542/sgc01.sav (target path: savedata0:sgc01.sav)
[18:01:32.621] |W| [io_error_impl]: open_file (sceIoOpen) returned 0x80010002
[18:01:32.631] |I| [export_sceIoOpen]: Opening file: savedata0:sgs01.sav
[18:01:32.632] |E| [open_file]: Missing file at D:/GAMESANDEMULATORS/Vita3K/storage/ux0/user/00/savedata/PCSE00542/sgs01.sav (target path: savedata0:sgs01.sav)
[18:01:32.645] |W| [io_error_impl]: open_file (sceIoOpen) returned 0x80010002
[18:01:32.646] |I| [export_sceIoOpen]: Opening file: savedata0:sgc02.sav
[18:01:32.650] |E| [open_file]: Missing file at D:/GAMESANDEMULATORS/Vita3K/storage/ux0/user/00/savedata/PCSE00542/sgc02.sav (target path: savedata0:sgc02.sav)
[18:01:32.654] |W| [io_error_impl]: open_file (sceIoOpen) returned 0x80010002
[18:01:32.662] |I| [export_sceIoOpen]: Opening file: savedata0:sgs02.sav
[18:01:32.663] |E| [open_file]: Missing file at D:/GAMESANDEMULATORS/Vita3K/storage/ux0/user/00/savedata/PCSE00542/sgs02.sav (target path: savedata0:sgs02.sav)
[18:01:32.670] |W| [io_error_impl]: open_file (sceIoOpen) returned 0x80010002
[18:01:32.678] |I| [export_sceIoOpen]: Opening file: savedata0:sgc03.sav
[18:01:32.680] |E| [open_file]: Missing file at D:/GAMESANDEMULATORS/Vita3K/storage/ux0/user/00/savedata/PCSE00542/sgc03.sav (target path: savedata0:sgc03.sav)
[18:01:32.682] |W| [io_error_impl]: open_file (sceIoOpen) returned 0x80010002
[18:01:32.685] |I| [export_sceIoOpen]: Opening file: savedata0:sgs03.sav
[18:01:32.687] |E| [open_file]: Missing file at D:/GAMESANDEMULATORS/Vita3K/storage/ux0/user/00/savedata/PCSE00542/sgs03.sav (target path: savedata0:sgs03.sav)
[18:01:32.695] |W| [io_error_impl]: open_file (sceIoOpen) returned 0x80010002
[18:01:32.696] |I| [export_sceIoOpen]: Opening file: savedata0:sgc04.sav
[18:01:32.698] |E| [open_file]: Missing file at D:/GAMESANDEMULATORS/Vita3K/storage/ux0/user/00/savedata/PCSE00542/sgc04.sav (target path: savedata0:sgc04.sav)
[18:01:32.710] |W| [io_error_impl]: open_file (sceIoOpen) returned 0x80010002
[18:01:32.711] |I| [export_sceIoOpen]: Opening file: savedata0:sgs04.sav
[18:01:32.714] |E| [open_file]: Missing file at D:/GAMESANDEMULATORS/Vita3K/storage/ux0/user/00/savedata/PCSE00542/sgs04.sav (target path: savedata0:sgs04.sav)
[18:01:32.720] |W| [io_error_impl]: open_file (sceIoOpen) returned 0x80010002
[18:01:32.727] |I| [export_sceIoOpen]: Opening file: savedata0:sgc05.sav
[18:01:32.730] |E| [open_file]: Missing file at D:/GAMESANDEMULATORS/Vita3K/storage/ux0/user/00/savedata/PCSE00542/sgc05.sav (target path: savedata0:sgc05.sav)
[18:01:32.735] |W| [io_error_impl]: open_file (sceIoOpen) returned 0x80010002
[18:01:32.742] |I| [export_sceIoOpen]: Opening file: savedata0:sgs05.sav
[18:01:32.745] |E| [open_file]: Missing file at D:/GAMESANDEMULATORS/Vita3K/storage/ux0/user/00/savedata/PCSE00542/sgs05.sav (target path: savedata0:sgs05.sav)
[18:01:32.748] |W| [io_error_impl]: open_file (sceIoOpen) returned 0x80010002
[18:01:33.900] |I| [renderer::vulkan::PipelineCache::retrieve_shader]: Generating vulkan spv shader eeab2b9f5f38c13057f7fc0076208c234c7970969523fd02d41060244021faef
[18:01:33.903] |I| [renderer::load_shader_generic]: Generating vert.spv.txt shader eeab2b9f5f38c13057f7fc0076208c234c7970969523fd02d41060244021faef
[18:01:33.910] |D| [shader::create_parameters]: [BUFFER0  + 0] pa0 = (float4) pos
[18:01:33.911] |D| [shader::create_parameters]: [BUFFER0  + 4] pa4 = (float4) tc
[18:01:33.913] |D| [shader::create_parameters]: [DEFAULT  + 0] sa0 = (float4) mvp[4]
[18:01:33.914] |D| [shader::create_parameters]: [DEFAULT  + 16] sa16 = (float4) vc
[18:01:33.916] |T| [shader::usse::USSERecompiler::compile_code_node]: Compiling code_0, size = 10
[18:01:33.954] |I| [renderer::vulkan::PipelineCache::retrieve_shader]: Generating vulkan spv shader b3860f8c7b833f83800ebea0e84ee440c239480eeb620de6a369c67c5c7c8b02
[18:01:33.959] |I| [renderer::load_shader_generic]: Generating frag.spv.txt shader b3860f8c7b833f83800ebea0e84ee440c239480eeb620de6a369c67c5c7c8b02
[18:01:33.963] |D| [shader::create_fragment_inputs]: Iterator: pa0 = (float4) v_Color0
[18:01:33.965] |T| [shader::create_fragment_inputs]: pa4 = tex2D<float4>(tex, TEXCOORD0.xy)
[18:01:33.966] |T| [shader::usse::USSERecompiler::compile_code_node]: Compiling code_0, size = 5
[18:01:39.648] |I| [export_sceIoOpen]: Opening file: savedata0:sgc01.sav
[18:01:39.661] |E| [open_file]: Missing file at D:/GAMESANDEMULATORS/Vita3K/storage/ux0/user/00/savedata/PCSE00542/sgc01.sav (target path: savedata0:sgc01.sav)
[18:01:39.664] |W| [io_error_impl]: open_file (sceIoOpen) returned 0x80010002
[18:01:41.767] |I| [export_sceIoOpen]: Opening file: savedata0:sgc01.sav
[18:01:41.769] |E| [open_file]: Missing file at D:/GAMESANDEMULATORS/Vita3K/storage/ux0/user/00/savedata/PCSE00542/sgc01.sav (target path: savedata0:sgc01.sav)
[18:01:41.773] |W| [io_error_impl]: open_file (sceIoOpen) returned 0x80010002
[18:01:42.762] |T| [open_file]: sceAppUtilSaveDataSlotGetParam: Opening file savedata0:/SlotParam_0.bin (ux0:/user/00/savedata/PCSE00542/SlotParam_0.bin), fd: 0x1c
[18:01:42.766] |T| [close_file]: sceAppUtilSaveDataSlotGetParam: Closing file fd: 0x1c
[18:01:42.769] |T| [open_file]: sceAppUtilSaveDataDataSave: Opening file savedata0:/sgc01.sav (ux0:/user/00/savedata/PCSE00542/sgc01.sav), fd: 0x1d
[18:01:42.775] |T| [write_file]: sceAppUtilSaveDataDataSave: Writing to fd: 0x1d, size: 5120
[18:01:42.777] |T| [close_file]: sceAppUtilSaveDataDataSave: Closing file fd: 0x1d
[18:01:42.779] |T| [open_file]: sceAppUtilSaveDataDataSave: Opening file savedata0:/SlotParam_0.bin (ux0:/user/00/savedata/PCSE00542/SlotParam_0.bin), fd: 0x1e
[18:01:42.782] |T| [write_file]: sceAppUtilSaveDataDataSave: Writing to fd: 0x1e, size: 844
[18:01:42.783] |T| [close_file]: sceAppUtilSaveDataDataSave: Closing file fd: 0x1e
[18:01:42.820] |T| [log_import_call]: [LLE] TID: 7   FUNC: 0x8ef251 sceAtracReleaseHandle at 0x2fb938
[18:01:44.454] |I| [ngs::player::Module::process]: The currently running game requests playback rate scaling when decoding audio. Audio might crackle.
[18:01:59.824] |T| [open_file]: sceAppUtilSaveDataSlotGetParam: Opening file savedata0:/SlotParam_0.bin (ux0:/user/00/savedata/PCSE00542/SlotParam_0.bin), fd: 0x1f
[18:01:59.828] |T| [close_file]: sceAppUtilSaveDataSlotGetParam: Closing file fd: 0x1f
[18:01:59.830] |T| [open_file]: sceAppUtilSaveDataDataSave: Opening file savedata0:/sgc01.sav (ux0:/user/00/savedata/PCSE00542/sgc01.sav), fd: 0x20
[18:01:59.837] |T| [write_file]: sceAppUtilSaveDataDataSave: Writing to fd: 0x20, size: 5632
[18:01:59.838] |T| [close_file]: sceAppUtilSaveDataDataSave: Closing file fd: 0x20
[18:01:59.841] |T| [open_file]: sceAppUtilSaveDataDataSave: Opening file savedata0:/SlotParam_0.bin (ux0:/user/00/savedata/PCSE00542/SlotParam_0.bin), fd: 0x21
[18:01:59.844] |T| [write_file]: sceAppUtilSaveDataDataSave: Writing to fd: 0x21, size: 844
[18:01:59.846] |T| [close_file]: sceAppUtilSaveDataDataSave: Closing file fd: 0x21
[18:02:03.105] |I| [renderer::vulkan::PipelineCache::save_pipeline_cache]: Saving pipeline cache...
[18:02:03.106] |I| [renderer::vulkan::PipelineCache::save_pipeline_cache]: Pipeline cache saved
[18:02:10.916] |T| [open_file]: sceAppUtilSaveDataSlotGetParam: Opening file savedata0:/SlotParam_0.bin (ux0:/user/00/savedata/PCSE00542/SlotParam_0.bin), fd: 0x22
[18:02:10.944] |T| [close_file]: sceAppUtilSaveDataSlotGetParam: Closing file fd: 0x22
[18:02:10.947] |T| [open_file]: sceAppUtilSaveDataDataSave: Opening file savedata0:/sgc01.sav (ux0:/user/00/savedata/PCSE00542/sgc01.sav), fd: 0x23
[18:02:10.949] |T| [write_file]: sceAppUtilSaveDataDataSave: Writing to fd: 0x23, size: 5632
[18:02:10.951] |T| [close_file]: sceAppUtilSaveDataDataSave: Closing file fd: 0x23
[18:02:10.953] |T| [open_file]: sceAppUtilSaveDataDataSave: Opening file savedata0:/SlotParam_0.bin (ux0:/user/00/savedata/PCSE00542/SlotParam_0.bin), fd: 0x24
[18:02:10.960] |T| [write_file]: sceAppUtilSaveDataDataSave: Writing to fd: 0x24, size: 844
[18:02:10.961] |T| [close_file]: sceAppUtilSaveDataDataSave: Closing file fd: 0x24
[18:02:21.717] |T| [open_file]: sceAppUtilSaveDataSlotGetParam: Opening file savedata0:/SlotParam_0.bin (ux0:/user/00/savedata/PCSE00542/SlotParam_0.bin), fd: 0x25
[18:02:21.731] |T| [close_file]: sceAppUtilSaveDataSlotGetParam: Closing file fd: 0x25
[18:02:21.735] |T| [open_file]: sceAppUtilSaveDataDataSave: Opening file savedata0:/progress.sav (ux0:/user/00/savedata/PCSE00542/progress.sav), fd: 0x26
[18:02:21.738] |T| [write_file]: sceAppUtilSaveDataDataSave: Writing to fd: 0x26, size: 512
[18:02:21.740] |T| [close_file]: sceAppUtilSaveDataDataSave: Closing file fd: 0x26
[18:02:21.742] |T| [open_file]: sceAppUtilSaveDataDataSave: Opening file savedata0:/SlotParam_0.bin (ux0:/user/00/savedata/PCSE00542/SlotParam_0.bin), fd: 0x27
[18:02:21.749] |T| [write_file]: sceAppUtilSaveDataDataSave: Writing to fd: 0x27, size: 844
[18:02:21.752] |T| [close_file]: sceAppUtilSaveDataDataSave: Closing file fd: 0x27
[18:02:22.347] |T| [open_file]: sceAppUtilSaveDataSlotGetParam: Opening file savedata0:/SlotParam_0.bin (ux0:/user/00/savedata/PCSE00542/SlotParam_0.bin), fd: 0x28
[18:02:22.370] |T| [close_file]: sceAppUtilSaveDataSlotGetParam: Closing file fd: 0x28
[18:02:22.373] |T| [open_file]: sceAppUtilSaveDataDataSave: Opening file savedata0:/sgc01.sav (ux0:/user/00/savedata/PCSE00542/sgc01.sav), fd: 0x29
[18:02:22.376] |T| [write_file]: sceAppUtilSaveDataDataSave: Writing to fd: 0x29, size: 5632
[18:02:22.379] |T| [close_file]: sceAppUtilSaveDataDataSave: Closing file fd: 0x29
[18:02:22.381] |T| [open_file]: sceAppUtilSaveDataDataSave: Opening file savedata0:/SlotParam_0.bin (ux0:/user/00/savedata/PCSE00542/SlotParam_0.bin), fd: 0x2a
[18:02:22.389] |T| [write_file]: sceAppUtilSaveDataDataSave: Writing to fd: 0x2a, size: 844
[18:02:22.390] |T| [close_file]: sceAppUtilSaveDataDataSave: Closing file fd: 0x2a
[18:02:34.154] |T| [open_file]: sceAppUtilSaveDataSlotGetParam: Opening file savedata0:/SlotParam_0.bin (ux0:/user/00/savedata/PCSE00542/SlotParam_0.bin), fd: 0x2b
[18:02:34.160] |T| [close_file]: sceAppUtilSaveDataSlotGetParam: Closing file fd: 0x2b
[18:02:34.163] |T| [open_file]: sceAppUtilSaveDataDataSave: Opening file savedata0:/sgc01.sav (ux0:/user/00/savedata/PCSE00542/sgc01.sav), fd: 0x2c
[18:02:34.168] |T| [write_file]: sceAppUtilSaveDataDataSave: Writing to fd: 0x2c, size: 5632
[18:02:34.169] |T| [close_file]: sceAppUtilSaveDataDataSave: Closing file fd: 0x2c
[18:02:34.172] |T| [open_file]: sceAppUtilSaveDataDataSave: Opening file savedata0:/SlotParam_0.bin (ux0:/user/00/savedata/PCSE00542/SlotParam_0.bin), fd: 0x2d
[18:02:34.186] |T| [write_file]: sceAppUtilSaveDataDataSave: Writing to fd: 0x2d, size: 844
[18:02:34.187] |T| [close_file]: sceAppUtilSaveDataDataSave: Closing file fd: 0x2d
[18:02:43.301] |W| [renderer::vulkan::VKContext::start_recording]: Render Target is using more scenes per frame than what was planned!
[18:03:07.430] |T| [open_file]: sceAppUtilSaveDataSlotGetParam: Opening file savedata0:/SlotParam_0.bin (ux0:/user/00/savedata/PCSE00542/SlotParam_0.bin), fd: 0x2e
[18:03:07.451] |T| [close_file]: sceAppUtilSaveDataSlotGetParam: Closing file fd: 0x2e
[18:03:07.454] |T| [open_file]: sceAppUtilSaveDataDataSave: Opening file savedata0:/progress.sav (ux0:/user/00/savedata/PCSE00542/progress.sav), fd: 0x2f
[18:03:07.457] |T| [write_file]: sceAppUtilSaveDataDataSave: Writing to fd: 0x2f, size: 512
[18:03:07.458] |T| [close_file]: sceAppUtilSaveDataDataSave: Closing file fd: 0x2f
[18:03:07.460] |T| [open_file]: sceAppUtilSaveDataDataSave: Opening file savedata0:/SlotParam_0.bin (ux0:/user/00/savedata/PCSE00542/SlotParam_0.bin), fd: 0x30
[18:03:07.467] |T| [write_file]: sceAppUtilSaveDataDataSave: Writing to fd: 0x30, size: 844
[18:03:07.469] |T| [close_file]: sceAppUtilSaveDataDataSave: Closing file fd: 0x30
[18:03:08.087] |T| [open_file]: sceAppUtilSaveDataSlotGetParam: Opening file savedata0:/SlotParam_0.bin (ux0:/user/00/savedata/PCSE00542/SlotParam_0.bin), fd: 0x31
[18:03:08.102] |T| [close_file]: sceAppUtilSaveDataSlotGetParam: Closing file fd: 0x31
[18:03:08.104] |T| [open_file]: sceAppUtilSaveDataDataSave: Opening file savedata0:/sgc01.sav (ux0:/user/00/savedata/PCSE00542/sgc01.sav), fd: 0x32
[18:03:08.119] |T| [write_file]: sceAppUtilSaveDataDataSave: Writing to fd: 0x32, size: 5632
[18:03:08.121] |T| [close_file]: sceAppUtilSaveDataDataSave: Closing file fd: 0x32
[18:03:08.124] |T| [open_file]: sceAppUtilSaveDataDataSave: Opening file savedata0:/SlotParam_0.bin (ux0:/user/00/savedata/PCSE00542/SlotParam_0.bin), fd: 0x33
[18:03:08.134] |T| [write_file]: sceAppUtilSaveDataDataSave: Writing to fd: 0x33, size: 844
[18:03:08.137] |T| [close_file]: sceAppUtilSaveDataDataSave: Closing file fd: 0x33
[18:04:14.951] |T| [open_file]: sceAppUtilSaveDataSlotGetParam: Opening file savedata0:/SlotParam_0.bin (ux0:/user/00/savedata/PCSE00542/SlotParam_0.bin), fd: 0x34
[18:04:14.985] |T| [close_file]: sceAppUtilSaveDataSlotGetParam: Closing file fd: 0x34
[18:04:14.987] |T| [open_file]: sceAppUtilSaveDataDataSave: Opening file savedata0:/sgc01.sav (ux0:/user/00/savedata/PCSE00542/sgc01.sav), fd: 0x35
[18:04:14.992] |T| [write_file]: sceAppUtilSaveDataDataSave: Writing to fd: 0x35, size: 5632
[18:04:14.994] |T| [close_file]: sceAppUtilSaveDataDataSave: Closing file fd: 0x35
[18:04:14.996] |T| [open_file]: sceAppUtilSaveDataDataSave: Opening file savedata0:/SlotParam_0.bin (ux0:/user/00/savedata/PCSE00542/SlotParam_0.bin), fd: 0x36
[18:04:15.001] |T| [write_file]: sceAppUtilSaveDataDataSave: Writing to fd: 0x36, size: 844
[18:04:15.004] |T| [close_file]: sceAppUtilSaveDataDataSave: Closing file fd: 0x36
[18:04:27.510] |T| [open_file]: sceAppUtilSaveDataSlotGetParam: Opening file savedata0:/SlotParam_0.bin (ux0:/user/00/savedata/PCSE00542/SlotParam_0.bin), fd: 0x37
[18:04:27.526] |T| [close_file]: sceAppUtilSaveDataSlotGetParam: Closing file fd: 0x37
[18:04:27.529] |T| [open_file]: sceAppUtilSaveDataDataSave: Opening file savedata0:/sgc01.sav (ux0:/user/00/savedata/PCSE00542/sgc01.sav), fd: 0x38
[18:04:27.532] |T| [write_file]: sceAppUtilSaveDataDataSave: Writing to fd: 0x38, size: 5632
[18:04:27.561] |T| [close_file]: sceAppUtilSaveDataDataSave: Closing file fd: 0x38
[18:04:27.562] |T| [open_file]: sceAppUtilSaveDataDataSave: Opening file savedata0:/SlotParam_0.bin (ux0:/user/00/savedata/PCSE00542/SlotParam_0.bin), fd: 0x39
[18:04:27.563] |T| [write_file]: sceAppUtilSaveDataDataSave: Writing to fd: 0x39, size: 844
[18:04:27.563] |T| [close_file]: sceAppUtilSaveDataDataSave: Closing file fd: 0x39
[18:04:35.817] |T| [open_file]: sceAppUtilSaveDataSlotGetParam: Opening file savedata0:/SlotParam_0.bin (ux0:/user/00/savedata/PCSE00542/SlotParam_0.bin), fd: 0x3a
[18:04:35.830] |T| [close_file]: sceAppUtilSaveDataSlotGetParam: Closing file fd: 0x3a
[18:04:35.834] |T| [open_file]: sceAppUtilSaveDataDataSave: Opening file savedata0:/sgc01.sav (ux0:/user/00/savedata/PCSE00542/sgc01.sav), fd: 0x3b
[18:04:35.840] |T| [write_file]: sceAppUtilSaveDataDataSave: Writing to fd: 0x3b, size: 5632
[18:04:35.842] |T| [close_file]: sceAppUtilSaveDataDataSave: Closing file fd: 0x3b
[18:04:35.844] |T| [open_file]: sceAppUtilSaveDataDataSave: Opening file savedata0:/SlotParam_0.bin (ux0:/user/00/savedata/PCSE00542/SlotParam_0.bin), fd: 0x3c
[18:04:35.849] |T| [write_file]: sceAppUtilSaveDataDataSave: Writing to fd: 0x3c, size: 844
[18:04:35.851] |T| [close_file]: sceAppUtilSaveDataDataSave: Closing file fd: 0x3c
[18:04:44.406] |T| [open_file]: sceAppUtilSaveDataSlotGetParam: Opening file savedata0:/SlotParam_0.bin (ux0:/user/00/savedata/PCSE00542/SlotParam_0.bin), fd: 0x3d
[18:04:44.415] |T| [close_file]: sceAppUtilSaveDataSlotGetParam: Closing file fd: 0x3d
[18:04:44.417] |T| [open_file]: sceAppUtilSaveDataDataSave: Opening file savedata0:/sgc01.sav (ux0:/user/00/savedata/PCSE00542/sgc01.sav), fd: 0x3e
[18:04:44.421] |T| [write_file]: sceAppUtilSaveDataDataSave: Writing to fd: 0x3e, size: 5632
[18:04:44.423] |T| [close_file]: sceAppUtilSaveDataDataSave: Closing file fd: 0x3e
[18:04:44.425] |T| [open_file]: sceAppUtilSaveDataDataSave: Opening file savedata0:/SlotParam_0.bin (ux0:/user/00/savedata/PCSE00542/SlotParam_0.bin), fd: 0x3f
[18:04:44.431] |T| [write_file]: sceAppUtilSaveDataDataSave: Writing to fd: 0x3f, size: 844
[18:04:44.434] |T| [close_file]: sceAppUtilSaveDataDataSave: Closing file fd: 0x3f
[18:04:55.590] |T| [open_file]: sceAppUtilSaveDataSlotGetPaaram: Opening file savedata0:/SlotParam_0.bin (ux0:/user/00/savedata/PCSE00542/SlotParam_0.bin), fd: 0x40
[18:04:55.605] |T| [close_file]: sceAppUtilSaveDataSlotGetParam: Closing file fd: 0x40
[18:04:55.607] |T| [open_file]: sceAppUtilSaveDataDataSave: Opening file savedata0:/sgc01.sav (ux0:/user/00/savedata/PCSE00542/sgc01.sav), fd: 0x41
[18:04:55.610] |T| [write_file]: sceAppUtilSaveDataDataSave: Writing to fd: 0x41, size: 5632
[18:04:55.611] |T| [close_file]: sceAppUtilSaveDataDataSave: Closing file fd: 0x41
[18:04:55.614] |T| [open_file]: sceAppUtilSaveDataDataSave: Opening file savedata0:/SlotParam_0.bin (ux0:/user/00/savedata/PCSE00542/SlotParam_0.bin), fd: 0x42
[18:04:55.619] |T| [write_file]: sceAppUtilSaveDataDataSave: Writing to fd: 0x42, size: 844
[18:04:55.621] |T| [close_file]: sceAppUtilSaveDataDataSave: Closing file fd: 0x42
[18:05:10.607] |T| [open_file]: sceAppUtilSaveDataSlotGetParam: Opening file savedata0:/SlotParam_0.bin (ux0:/user/00/savedata/PCSE00542/SlotParam_0.bin), fd: 0x43
[18:05:10.627] |T| [close_file]: sceAppUtilSaveDataSlotGetParam: Closing file fd: 0x43
[18:05:10.630] |T| [open_file]: sceAppUtilSaveDataDataSave: Opening file savedata0:/sgc01.sav (ux0:/user/00/savedata/PCSE00542/sgc01.sav), fd: 0x44
[18:05:10.634] |T| [write_file]: sceAppUtilSaveDataDataSave: Writing to fd: 0x44, size: 5632
[18:05:10.636] |T| [close_file]: sceAppUtilSaveDataDataSave: Closing file fd: 0x44
[18:05:10.640] |T| [open_file]: sceAppUtilSaveDataDataSave: Opening file savedata0:/SlotParam_0.bin (ux0:/user/00/savedata/PCSE00542/SlotParam_0.bin), fd: 0x45
[18:05:10.643] |T| [write_file]: sceAppUtilSaveDataDataSave: Writing to fd: 0x45, size: 844
[18:05:10.645] |T| [close_file]: sceAppUtilSaveDataDataSave: Closing file fd: 0x45
[18:05:30.687] |T| [open_file]: sceAppUtilSaveDataSlotGetParam: Opening file savedata0:/SlotParam_0.bin (ux0:/user/00/savedata/PCSE00542/SlotParam_0.bin), fd: 0x46
[18:05:30.690] |T| [close_file]: sceAppUtilSaveDataSlotGetParam: Closing file fd: 0x46
[18:05:30.692] |T| [open_file]: sceAppUtilSaveDataDataSave: Opening file savedata0:/sgc01.sav (ux0:/user/00/savedata/PCSE00542/sgc01.sav), fd: 0x47
[18:05:30.698] |T| [write_file]: sceAppUtilSaveDataDataSave: Writing to fd: 0x47, size: 5632
[18:05:30.700] |T| [close_file]: sceAppUtilSaveDataDataSave: Closing file fd: 0x47
[18:05:30.702] |T| [open_file]: sceAppUtilSaveDataDataSave: Opening file savedata0:/SlotParam_0.bin (ux0:/user/00/savedata/PCSE00542/SlotParam_0.bin), fd: 0x48
[18:05:30.719] |T| [write_file]: sceAppUtilSaveDataDataSave: Writing to fd: 0x48, size: 844
[18:05:30.721] |T| [close_file]: sceAppUtilSaveDataDataSave: Closing file fd: 0x48