ented_impl]: Unimplemented sceNetCheckDialogTerm import called.
[16:09:50.546] |E| [discordrpc::update_presence::<lambda_1>::operator ()]: Error updating Discord Rich Presence, err_code: 43
[16:09:50.547] |E| [discordrpc::update_presence::<lambda_1>::operator ()]: Error updating Discord Rich Presence, err_code: 43
[16:09:50.615] |I| [config::init_config]: input-installed-path: PCSG00212
[16:09:50.616] |I| [config::init_config]: backend-renderer: Vulkan
[16:09:50.616] |I| [config::init_config]: log-level: 0
[16:09:50.713] |I| [SDL_main]: Vita3K v0.1.8 3231-13abbd74
[16:09:50.713] |I| [SDL_main]: Number of logical CPU cores: 12
[16:09:50.713] |I| [SDL_main]: Available ram memory: 32655 MiB
[16:09:50.815] |I| [renderer::vulkan::VKState::create]: Vulkan device: NVIDIA GeForce RTX 3070
[16:09:50.816] |I| [renderer::vulkan::VKState::create]: Driver version: 536.23.0.0
[16:09:50.816] |I| [renderer::vulkan::VKState::create]: Memory mapping is enabled
[16:09:51.166] |I| [renderer::vulkan::ScreenRenderer::setup]: Present mode: Mailbox
[16:09:51.397] |W| [compat::load_compat_app_db]: App with Title ID PCSB01404 has an issue but no status label. Please check GitHub issue 1726 and request a status label be added.
[16:09:51.397] |I| [gui::load_app_icon]: Default icon found for App PCSB01124, [Dragons Online] in path PCSB01124.
[16:09:51.398] |W| [compat::load_compat_app_db]: App with Title ID PCSB00556 has an issue but no status label. Please check GitHub issue 1725 and request a status label be added.
[16:09:51.398] |W| [compat::load_compat_app_db]: App with Title ID PCSB01342 has an issue but no status label. Please check GitHub issue 1724 and request a status label be added.
[16:09:51.398] |W| [compat::load_compat_app_db]: App with Title ID PCSG00959 has an issue but no status label. Please check GitHub issue 1723 and request a status label be added.
[16:09:51.398] |W| [compat::load_compat_app_db]: App with Title ID PCSG01122 has an issue but no status label. Please check GitHub issue 1722 and request a status label be added.
[16:09:51.398] |W| [compat::load_compat_app_db]: App with Title ID PCSE00248 has an issue but no status label. Please check GitHub issue 1720 and request a status label be added.
[16:09:51.398] |W| [compat::load_compat_app_db]: App with Title ID PCSE00578 has an issue but no status label. Please check GitHub issue 1719 and request a status label be added.
[16:09:51.398] |W| [compat::load_compat_app_db]: App with Title ID PCSH10100 has an issue but no status label. Please check GitHub issue 1716 and request a status label be added.
[16:09:51.398] |W| [compat::load_compat_app_db]: App with Title ID PCSE00640 has an issue but no status label. Please check GitHub issue 1678 and request a status label be added.
[16:09:51.398] |W| [compat::load_compat_app_db]: App with Title ID PCSA00158 has an issue but no status label. Please check GitHub issue 1659 and request a status label be added.
[16:09:51.399] |W| [compat::load_compat_app_db]: App with Title ID PCSA00133 has an issue but no status label. Please check GitHub issue 1649 and request a status label be added.
[16:09:51.561] |I| [load_app_impl]: cpu-backend: Dynarmic
[16:09:51.561] |I| [load_app_impl]: CPU Optimisation state: true
[16:09:51.562] |I| [load_app_impl]: ngs state: true
[16:09:51.562] |I| [load_app_impl]: Resolution multiplier: 1
[16:09:51.562] |I| [load_app_impl]: modules mode: Automatic
[16:09:51.563] |I| [load_app_impl]: Title: ドラゴンズドグマ クエスト
[16:09:51.563] |I| [load_app_impl]: Serial: PCSG00212
[16:09:51.563] |I| [load_app_impl]: Version: 1.00
[16:09:51.564] |I| [load_app_impl]: Category: gd
[16:09:51.577] |I| [load_self]: app0:sce_module/libc.suprx: Skipping special segment 0x6fffff01...
[16:09:51.577] |I| [load_self]: Loaded module segment 0 @ [0x00005000 - 0x000523BC / 0x81000000] (size: 0x0004D3BC) of module app0:sce_module/libc.suprx
[16:09:51.578] |I| [load_self]: Loaded module segment 1 @ [0x00053000 - 0x000556F0 / 0x8104E000] (size: 0x000026F0) of module app0:sce_module/libc.suprx
[16:09:51.579] |I| [load_self]: Linking SELF app0:sce_module/libc.suprx...
[16:09:51.579] |D| [load_var_exports]: 	NID 0x936c8a78 (SYSLYB) at 0x48164
[16:09:51.579] |D| [load_var_exports]: 	NID 0x6c2224ba (NID_MODULE_INFO) at 0x3e0fc
[16:09:51.580] |I| [pre_load_module]: Pre-load module SceLibc (at "sce_module/libc.suprx") loaded
[16:09:51.588] |I| [load_self]: app0:sce_module/libfios2.suprx: Skipping special segment 0x6fffff01...
[16:09:51.588] |I| [load_self]: Loaded module segment 0 @ [0x00056000 - 0x0008112C / 0x81000000] (size: 0x0002B12C) of module app0:sce_module/libfios2.suprx
[16:09:51.589] |I| [load_self]: Loaded module segment 1 @ [0x00082000 - 0x0008723D / 0x8102C000] (size: 0x0000523D) of module app0:sce_module/libfios2.suprx
[16:09:51.589] |I| [load_self]: Linking SELF app0:sce_module/libfios2.suprx...
[16:09:51.590] |D| [load_var_exports]: 	NID 0x936c8a78 (SYSLYB) at 0x81034
[16:09:51.590] |D| [load_var_exports]: 	NID 0x6c2224ba (NID_MODULE_INFO) at 0x78548
[16:09:51.590] |I| [pre_load_module]: Pre-load module SceLibFios2 (at "sce_module/libfios2.suprx") loaded
[16:09:51.595] |I| [load_self]: app0:sce_module/libult.suprx: Skipping special segment 0x6fffff01...
[16:09:51.595] |I| [load_self]: Loaded module segment 0 @ [0x00088000 - 0x0009B84C / 0x81000000] (size: 0x0001384C) of module app0:sce_module/libult.suprx
[16:09:51.596] |I| [load_self]: Loaded module segment 1 @ [0x0009C000 - 0x0009C814 / 0x81014000] (size: 0x00000814) of module app0:sce_module/libult.suprx
[16:09:51.596] |I| [load_self]: Linking SELF app0:sce_module/libult.suprx...
[16:09:51.597] |D| [load_var_exports]: 	NID 0x936c8a78 (SYSLYB) at 0x9a1a8
[16:09:51.597] |D| [load_var_exports]: 	NID 0x6c2224ba (NID_MODULE_INFO) at 0x97738
[16:09:51.598] |I| [pre_load_module]: Pre-load module SceUlt (at "sce_module/libult.suprx") loaded
[16:09:51.607] |I| [load_self]: Loaded module segment 0 @ [0x0009D000 - 0x000EDF04 / 0x81000000] (size: 0x00050F04) of module vs0:sys/external/libSceFt2.suprx
[16:09:51.607] |I| [load_self]: Loaded module segment 1 @ [0x000EE000 - 0x000EE2F4 / 0x81051000] (size: 0x000002F4) of module vs0:sys/external/libSceFt2.suprx
[16:09:51.608] |I| [load_self]: Linking SELF vs0:sys/external/libSceFt2.suprx...
[16:09:51.608] |D| [load_var_exports]: 	NID 0x936c8a78 (SYSLYB) at 0xd97dc
[16:09:51.609] |D| [load_var_exports]: 	NID 0x6c2224ba (NID_MODULE_INFO) at 0xd8f10
[16:09:51.609] |I| [pre_load_module]: Pre-load module SceLibft2 (at "sys/external/libSceFt2.suprx") loaded
[16:09:51.612] |I| [load_self]: Loaded module segment 0 @ [0x000EF000 - 0x000FEF14 / 0x81000000] (size: 0x0000FF14) of module vs0:sys/external/libpvf.suprx
[16:09:51.613] |I| [load_self]: Loaded module segment 1 @ [0x000FF000 - 0x000FF008 / 0x81010000] (size: 0x00000008) of module vs0:sys/external/libpvf.suprx
[16:09:51.613] |I| [load_self]: Linking SELF vs0:sys/external/libpvf.suprx...
[16:09:51.614] |D| [load_var_exports]: 	NID 0x936c8a78 (SYSLYB) at 0xfd710
[16:09:51.614] |D| [load_var_exports]: 	NID 0x6c2224ba (NID_MODULE_INFO) at 0xfd300
[16:09:51.615] |I| [pre_load_module]: Pre-load module SceLibPvf (at "sys/external/libpvf.suprx") loaded
[16:09:51.833] |I| [compat::update_compat_app_db]: Applications compatibility database is up to date.
[16:09:53.490] |I| [load_self]: app0:eboot.bin: Skipping special segment 0x6fffff01...
[16:09:53.491] |I| [load_self]: Loaded module segment 0 @ [0x81000000 - 0x81A34048 / 0x81000000] (size: 0x00A34048) of module app0:eboot.bin
[16:09:53.492] |I| [load_self]: Loaded module segment 1 @ [0x81A35000 - 0x85AA2EF0 / 0x81A35000] (size: 0x0406DEF0) of module app0:eboot.bin
[16:09:53.492] |I| [load_self]: Linking SELF app0:eboot.bin...
[16:09:53.493] |D| [load_var_exports]: 	NID 0x6c2224ba (NID_MODULE_INFO) at 0x81855788
[16:09:53.493] |D| [load_var_exports]: 	NID 0x70fba1e7 (SCE_PROC_PARAMS) at 0x81a3c33c
[16:09:53.494] |I| [load_app_impl]: Main executable DDQ_VITA (eboot.bin) loaded
[16:09:53.500] |I| [renderer::vulkan::PipelineCache::read_pipeline_cache]: Found pipeline cache, reading...
[16:09:53.500] |I| [renderer::vulkan::PipelineCache::read_pipeline_cache]: Pipeline cache read and loaded
[16:09:53.511] |I| [renderer::vulkan::VKState::precompile_shader]: Program Compiled 1/12
[16:09:53.515] |I| [renderer::vulkan::VKState::precompile_shader]: Program Compiled 2/12
[16:09:53.516] |I| [renderer::vulkan::VKState::precompile_shader]: Program Compiled 3/12
[16:09:53.517] |I| [renderer::vulkan::VKState::precompile_shader]: Program Compiled 4/12
[16:09:53.517] |I| [renderer::vulkan::VKState::precompile_shader]: Program Compiled 5/12
[16:09:53.518] |I| [renderer::vulkan::VKState::precompile_shader]: Program Compiled 6/12
[16:09:53.519] |I| [renderer::vulkan::VKState::precompile_shader]: Program Compiled 7/12
[16:09:53.519] |I| [renderer::vulkan::VKState::precompile_shader]: Program Compiled 8/12
[16:09:53.520] |I| [renderer::vulkan::VKState::precompile_shader]: Program Compiled 9/12
[16:09:53.520] |I| [renderer::vulkan::VKState::precompile_shader]: Program Compiled 10/12
[16:09:53.521] |I| [renderer::vulkan::VKState::precompile_shader]: Program Compiled 11/12
[16:09:53.522] |I| [renderer::vulkan::VKState::precompile_shader]: Program Compiled 12/12
[16:09:53.537] |D| [run_app]: Running module_start of library: SceLibc at address 0x5809
[16:09:53.569] |T| [open_file]: sceKernelGetStdin: Opening terminal tty0:
[16:09:53.569] |T| [open_file]: sceKernelGetStdout: Opening terminal tty0:
[16:09:53.570] |T| [open_file]: sceKernelGetStderr: Opening terminal tty0:
[16:09:53.577] |I| [run_app]: Module SceLibc (at "app0:sce_module/libc.suprx") module_start returned 0x0
[16:09:53.580] |D| [run_app]: Running module_start of library: SceLibFios2 at address 0x56001
[16:09:53.594] |W| [stubbed_impl]: Stubbed sceKernelGetProcessId import called. (pid: 0)
[16:09:53.595] |I| [run_app]: Module SceLibFios2 (at "app0:sce_module/libfios2.suprx") module_start returned 0x0
[16:09:53.598] |D| [run_app]: Running module_start of library: SceUlt at address 0x8b661
[16:09:53.612] |W| [unimplemented_impl]: Unimplemented _sceUlobjMgrRegisterLibultProtocolRevision import called.
[16:09:53.612] |I| [run_app]: Module SceUlt (at "app0:sce_module/libult.suprx") module_start returned 0x0
[16:09:53.772] |W| [unimplemented_impl]: Unimplemented sceKernelChangeThreadVfpException import called.
[16:09:53.773] |W| [unimplemented_impl]: Unimplemented sceFiosOverlayThreadSetDisabled02 import called.
[16:09:53.855] |I| [export_sceIoOpen]: Opening file: app0:/JP/data.psarc
[16:09:53.855] |T| [open_file]: sceIoOpen: Opening file app0:/JP/data.psarc (ux0:/app/PCSG00212/JP/data.psarc), fd: 0x3
[16:09:53.871] |T| [close_file]: sceIoClose: Closing file fd: 0x3
[16:09:53.883] |I| [export_sceIoOpen]: Opening file: app0:/JP/data.psarc
[16:09:53.883] |T| [open_file]: sceIoOpen: Opening file app0:/JP/data.psarc (ux0:/app/PCSG00212/JP/data.psarc), fd: 0x4
[16:09:54.017] |I| [load_module]: Loading module ID: 0x4
[16:09:54.021] |I| [load_self]: sys/external/libhttp.suprx: Skipping special segment 0x6fffff01...
[16:09:54.021] |I| [load_self]: Loaded module segment 0 @ [0x0415F000 - 0x0417C150 / 0x81000000] (size: 0x0001D150) of module sys/external/libhttp.suprx
[16:09:54.022] |I| [load_self]: Loaded module segment 1 @ [0x0417D000 - 0x0417D640 / 0x8101E000] (size: 0x00000640) of module sys/external/libhttp.suprx
[16:09:54.022] |I| [load_self]: Linking SELF sys/external/libhttp.suprx...
[16:09:54.023] |D| [load_var_exports]: 	NID 0x936c8a78 (SYSLYB) at 0x417ae68
[16:09:54.023] |D| [load_var_exports]: 	NID 0x6c2224ba (NID_MODULE_INFO) at 0x4177ca0
[16:09:54.023] |I| [load_module]: Module SceLibHttp (at "sys/external/libhttp.suprx") loaded
[16:09:54.024] |D| [load_module]: Running module_start of module: SceLibHttp
[16:09:54.024] |I| [load_module]: Module SceLibHttp (at "sys/external/libhttp.suprx") module_start returned 0x0
[16:09:54.036] |I| [load_self]: Loaded module segment 0 @ [0x0417E000 - 0x041E4EA4 / 0x81000000] (size: 0x00066EA4) of module sys/external/libssl.suprx
[16:09:54.036] |I| [load_self]: Loaded module segment 1 @ [0x041E5000 - 0x041EA188 / 0x81067000] (size: 0x00005188) of module sys/external/libssl.suprx
[16:09:54.037] |I| [load_self]: Linking SELF sys/external/libssl.suprx...
[16:09:54.037] |D| [load_var_exports]: 	NID 0x936c8a78 (SYSLYB) at 0x41d09b0
[16:09:54.038] |D| [load_var_exports]: 	NID 0x6c2224ba (NID_MODULE_INFO) at 0x41cac70
[16:09:54.038] |I| [load_module]: Module SceLibSsl (at "sys/external/libssl.suprx") loaded
[16:09:54.039] |W| [unimplemented_impl]: Unimplemented sceAppUtilInit import called.
[16:09:54.041] |I| [load_module]: Loading module ID: 0x13
[16:09:54.042] |I| [load_self]: sys/external/libsystemgesture.suprx: Skipping special segment 0x6fffff01...
[16:09:54.042] |I| [load_self]: Loaded module segment 0 @ [0x041EB000 - 0x041EE08C / 0x81000000] (size: 0x0000308C) of module sys/external/libsystemgesture.suprx
[16:09:54.043] |I| [load_self]: Loaded module segment 1 @ [0x041EF000 - 0x041EFBF0 / 0x81004000] (size: 0x00000BF0) of module sys/external/libsystemgesture.suprx
[16:09:54.043] |I| [load_self]: Linking SELF sys/external/libsystemgesture.suprx...
[16:09:54.044] |D| [load_var_exports]: 	NID 0x936c8a78 (SYSLYB) at 0x41ee074
[16:09:54.044] |D| [load_var_exports]: 	NID 0x6c2224ba (NID_MODULE_INFO) at 0x41edbd4
[16:09:54.045] |I| [load_module]: Module SceSystemGesture (at "sys/external/libsystemgesture.suprx") loaded
[16:09:54.045] |D| [load_module]: Running module_start of module: SceSystemGesture
[16:09:54.045] |I| [load_module]: Module SceSystemGesture (at "sys/external/libsystemgesture.suprx") module_start returned 0x0
[16:09:54.046] |T| [log_import_call]: [LLE] TID: 7   FUNC: 0x6078a08b sceSystemGestureInitializePrimitiveTouchRecognizer at 0x81854418
[16:09:54.047] |W| [stubbed_impl]: Stubbed sceTouchGetPixelDensity2 import called. (Return constant values (22.0))
[16:09:54.048] |T| [log_import_call]: [LLE] TID: 7   FUNC: 0xc3367370 sceSystemGestureCreateTouchRecognizer at 0x81854448
[16:09:54.073] |W| [stubbed_impl]: Stubbed sceGxmMapFragmentUsseMemory import called. (always return success)
[16:09:54.076] |W| [stubbed_impl]: Stubbed sceGxmGetRenderTargetMemSize import called. (2MiB emuenv mem)
[16:09:54.101] |W| [stubbed_impl]: Stubbed sceGxmMapVertexUsseMemory import called. (always return success)
[16:09:54.176] |W| [stubbed_impl]: Stubbed sceNetCtlInit import called. (Stub)
[16:09:54.177] |T| [log_import_call]: [LLE] TID: 158 FUNC: 0x3c733316 sceSslInit at 0x81854818
[16:09:54.180] |T| [log_import_call]: [LLE] TID: 158 FUNC: 0x214926d9 sceHttpInit at 0x81854858
[16:09:54.182] |T| [log_import_call]: [LLE] TID: 158 FUNC: 0x9fbe2869 sceHttpsEnableOption at 0x81854928
[16:09:54.182] |W| [unimplemented_impl]: Unimplemented sceNpAuthInit import called.
[16:09:54.182] |W| [unimplemented_impl]: Unimplemented sceNpBasicInit import called.
[16:09:54.183] |W| [unimplemented_impl]: Unimplemented sceNpBasicRegisterHandler import called.
[16:09:54.183] |W| [unimplemented_impl]: Unimplemented sceNpLookupInit import called.
[16:09:54.267] |W| [stubbed_impl]: Stubbed __sceAppMgrGetAppState import called. (Set to 0.)
[16:09:54.292] |W| [unimplemented_impl]: Unimplemented sceCommonDialogUpdate import called.
[16:09:54.293] |W| [stubbed_impl]: Stubbed sceNetCtlCheckCallback import called. (Stub)
[16:09:54.293] |W| [stubbed_impl]: Stubbed sceNpCheckCallback import called. (Stub)
[16:09:54.293] |W| [unimplemented_impl]: Unimplemented sceNpBasicCheckCallback import called.
[16:09:54.295] |T| [open_file]: create_trophy_context: Opening file app0:/sce_sys/trophy/NPWR05449_00/TROPHY.TRP (ux0:/app/PCSG00212/sce_sys/trophy/NPWR05449_00/TROPHY.TRP), fd: 0x5
[16:09:54.296] |T| [open_file]: create_trophy_context: Opening file ux0:/user/00/trophy/data/NPWR05449_00/TROPUSR.DAT (ux0:/user/00/trophy/data/NPWR05449_00/TROPUSR.DAT), fd: 0x6
[16:09:54.296] |T| [open_file]: install_trophy_context: Opening file ux0:/user/00/trophy/conf/NPWR05449_00/TROPCONF.SFM (ux0:/user/00/trophy/conf/NPWR05449_00/TROPCONF.SFM), fd: 0x7
[16:09:54.297] |T| [write_file]: install_trophy_context: Writing to fd: 0x7, size: 1333
[16:09:54.297] |T| [close_file]: install_trophy_context: Closing file fd: 0x7
[16:09:54.298] |T| [open_file]: install_trophy_context: Opening file ux0:/user/00/trophy/conf/NPWR05449_00/TROP.SFM (ux0:/user/00/trophy/conf/NPWR05449_00/TROP.SFM), fd: 0x8
[16:09:54.299] |T| [write_file]: install_trophy_context: Writing to fd: 0x8, size: 2752
[16:09:54.299] |T| [close_file]: install_trophy_context: Closing file fd: 0x8
[16:09:54.300] |T| [open_file]: install_trophy_context: Opening file ux0:/user/00/trophy/conf/NPWR05449_00/TROP_00.SFM (ux0:/user/00/trophy/conf/NPWR05449_00/TROP_00.SFM), fd: 0x9
[16:09:54.300] |T| [write_file]: install_trophy_context: Writing to fd: 0x9, size: 3115
[16:09:54.301] |T| [close_file]: install_trophy_context: Closing file fd: 0x9
[16:09:54.301] |T| [open_file]: install_trophy_context: Opening file ux0:/user/00/trophy/conf/NPWR05449_00/ICON0.PNG (ux0:/user/00/trophy/conf/NPWR05449_00/ICON0.PNG), fd: 0xa
[16:09:54.302] |T| [write_file]: install_trophy_context: Writing to fd: 0xa, size: 139575
[16:09:54.302] |T| [close_file]: install_trophy_context: Closing file fd: 0xa
[16:09:54.302] |T| [open_file]: install_trophy_context: Opening file ux0:/user/00/trophy/conf/NPWR05449_00/TROP000.PNG (ux0:/user/00/trophy/conf/NPWR05449_00/TROP000.PNG), fd: 0xb
[16:09:54.303] |T| [write_file]: install_trophy_context: Writing to fd: 0xb, size: 80831
[16:09:54.303] |T| [close_file]: install_trophy_context: Closing file fd: 0xb
[16:09:54.304] |T| [open_file]: install_trophy_context: Opening file ux0:/user/00/trophy/conf/NPWR05449_00/TROP001.PNG (ux0:/user/00/trophy/conf/NPWR05449_00/TROP001.PNG), fd: 0xc
[16:09:54.304] |T| [write_file]: install_trophy_context: Writing to fd: 0xc, size: 86854
[16:09:54.304] |T| [close_file]: install_trophy_context: Closing file fd: 0xc
[16:09:54.305] |T| [open_file]: install_trophy_context: Opening file ux0:/user/00/trophy/conf/NPWR05449_00/TROP002.PNG (ux0:/user/00/trophy/conf/NPWR05449_00/TROP002.PNG), fd: 0xd
[16:09:54.305] |T| [write_file]: install_trophy_context: Writing to fd: 0xd, size: 78158
[16:09:54.306] |T| [close_file]: install_trophy_context: Closing file fd: 0xd
[16:09:54.306] |T| [open_file]: install_trophy_context: Opening file ux0:/user/00/trophy/conf/NPWR05449_00/TROP003.PNG (ux0:/user/00/trophy/conf/NPWR05449_00/TROP003.PNG), fd: 0xe
[16:09:54.307] |T| [write_file]: install_trophy_context: Writing to fd: 0xe, size: 85211
[16:09:54.307] |T| [close_file]: install_trophy_context: Closing file fd: 0xe
[16:09:54.308] |T| [open_file]: install_trophy_context: Opening file ux0:/user/00/trophy/conf/NPWR05449_00/TROP004.PNG (ux0:/user/00/trophy/conf/NPWR05449_00/TROP004.PNG), fd: 0xf
[16:09:54.308] |T| [write_file]: install_trophy_context: Writing to fd: 0xf, size: 85065
[16:09:54.309] |T| [close_file]: install_trophy_context: Closing file fd: 0xf
[16:09:54.309] |T| [open_file]: install_trophy_context: Opening file ux0:/user/00/trophy/conf/NPWR05449_00/TROP005.PNG (ux0:/user/00/trophy/conf/NPWR05449_00/TROP005.PNG), fd: 0x10
[16:09:54.310] |T| [write_file]: install_trophy_context: Writing to fd: 0x10, size: 88190
[16:09:54.311] |T| [close_file]: install_trophy_context: Closing file fd: 0x10
[16:09:54.311] |T| [open_file]: install_trophy_context: Opening file ux0:/user/00/trophy/conf/NPWR05449_00/TROP006.PNG (ux0:/user/00/trophy/conf/NPWR05449_00/TROP006.PNG), fd: 0x11
[16:09:54.312] |T| [write_file]: install_trophy_context: Writing to fd: 0x11, size: 87277
[16:09:54.312] |T| [close_file]: install_trophy_context: Closing file fd: 0x11
[16:09:54.313] |T| [open_file]: install_trophy_context: Opening file ux0:/user/00/trophy/conf/NPWR05449_00/TROP007.PNG (ux0:/user/00/trophy/conf/NPWR05449_00/TROP007.PNG), fd: 0x12
[16:09:54.315] |T| [write_file]: install_trophy_context: Writing to fd: 0x12, size: 93821
[16:09:54.315] |T| [close_file]: install_trophy_context: Closing file fd: 0x12
[16:09:54.316] |T| [open_file]: install_trophy_context: Opening file ux0:/user/00/trophy/conf/NPWR05449_00/TROP008.PNG (ux0:/user/00/trophy/conf/NPWR05449_00/TROP008.PNG), fd: 0x13
[16:09:54.316] |T| [write_file]: install_trophy_context: Writing to fd: 0x13, size: 88682
[16:09:54.317] |T| [close_file]: install_trophy_context: Closing file fd: 0x13
[16:09:54.317] |T| [open_file]: install_trophy_context: Opening file ux0:/user/00/trophy/conf/NPWR05449_00/TROP009.PNG (ux0:/user/00/trophy/conf/NPWR05449_00/TROP009.PNG), fd: 0x14
[16:09:54.318] |T| [write_file]: install_trophy_context: Writing to fd: 0x14, size: 90937
[16:09:54.318] |T| [close_file]: install_trophy_context: Closing file fd: 0x14
[16:09:54.318] |T| [open_file]: install_trophy_context: Opening file ux0:/user/00/trophy/conf/NPWR05449_00/TROP010.PNG (ux0:/user/00/trophy/conf/NPWR05449_00/TROP010.PNG), fd: 0x15
[16:09:54.319] |T| [write_file]: install_trophy_context: Writing to fd: 0x15, size: 91662
[16:09:54.319] |T| [close_file]: install_trophy_context: Closing file fd: 0x15
[16:09:54.320] |T| [open_file]: install_trophy_context: Opening file ux0:/user/00/trophy/conf/NPWR05449_00/TROP011.PNG (ux0:/user/00/trophy/conf/NPWR05449_00/TROP011.PNG), fd: 0x16
[16:09:54.321] |T| [write_file]: install_trophy_context: Writing to fd: 0x16, size: 91762
[16:09:54.321] |T| [close_file]: install_trophy_context: Closing file fd: 0x16
[16:09:54.321] |T| [open_file]: install_trophy_context: Opening file ux0:/user/00/trophy/conf/NPWR05449_00/TROP012.PNG (ux0:/user/00/trophy/conf/NPWR05449_00/TROP012.PNG), fd: 0x17
[16:09:54.322] |T| [write_file]: install_trophy_context: Writing to fd: 0x17, size: 101896
[16:09:54.322] |T| [close_file]: install_trophy_context: Closing file fd: 0x17
[16:09:54.323] |T| [open_file]: install_trophy_context: Opening file ux0:/user/00/trophy/conf/NPWR05449_00/TROP013.PNG (ux0:/user/00/trophy/conf/NPWR05449_00/TROP013.PNG), fd: 0x18
[16:09:54.323] |T| [write_file]: install_trophy_context: Writing to fd: 0x18, size: 95405
[16:09:54.324] |T| [close_file]: install_trophy_context: Closing file fd: 0x18
[16:09:54.324] |T| [open_file]: install_trophy_context: Opening file ux0:/user/00/trophy/conf/NPWR05449_00/TROP014.PNG (ux0:/user/00/trophy/conf/NPWR05449_00/TROP014.PNG), fd: 0x19
[16:09:54.325] |T| [write_file]: install_trophy_context: Writing to fd: 0x19, size: 106354
[16:09:54.325] |T| [close_file]: install_trophy_context: Closing file fd: 0x19
[16:09:54.325] |T| [close_file]: create_trophy_context: Closing file fd: 0x6
[16:09:54.326] |T| [export_sceNpTrophyCreateContext]: Trophy context for NPWR05449_00 create successfuly!
[16:09:54.326] |W| [stubbed_impl]: Stubbed sceNpTrophyCreateHandle import called. (Stubbed handle with 1)
[16:09:54.407] |T| [open_file]: sceAppUtilSaveDataSlotGetParam: Opening file savedata0:/SlotParam_0.bin (ux0:/user/00/savedata/PCSG00212/SlotParam_0.bin), fd: 0x1a
[16:09:54.408] |T| [close_file]: sceAppUtilSaveDataSlotGetParam: Closing file fd: 0x1a
[16:09:54.413] |I| [export_sceIoOpen]: Opening file: savedata0:data000.bin
[16:09:54.413] |T| [open_file]: sceIoOpen: Opening file savedata0:data000.bin (ux0:/user/00/savedata/PCSG00212/data000.bin), fd: 0x1b
[16:09:54.414] |T| [close_file]: sceIoClose: Closing file fd: 0x1b
[16:09:54.415] |T| [open_file]: sceAppUtilSaveDataSlotGetParam: Opening file savedata0:/SlotParam_1.bin (ux0:/user/00/savedata/PCSG00212/SlotParam_1.bin), fd: 0x1c
[16:09:54.415] |T| [close_file]: sceAppUtilSaveDataSlotGetParam: Closing file fd: 0x1c
[16:09:54.416] |I| [export_sceIoOpen]: Opening file: savedata0:data001.bin
[16:09:54.416] |T| [open_file]: sceIoOpen: Opening file savedata0:data001.bin (ux0:/user/00/savedata/PCSG00212/data001.bin), fd: 0x1d
[16:09:54.417] |T| [close_file]: sceIoClose: Closing file fd: 0x1d
[16:09:54.417] |E| [open_file]: Missing file at C:/vita/ux0/user/00/savedata/PCSG00212/SlotParam_2.bin (target path: savedata0:/SlotParam_2.bin)
[16:09:54.418] |W| [io_error_impl]: open_file (sceAppUtilSaveDataSlotGetParam) returned 0x80010002
[16:09:54.418] |E| [logging::ret_error_impl]: sceAppUtilSaveDataSlotGetParam returned SCE_APPUTIL_ERROR_SAVEDATA_SLOT_NOT_FOUND (0x80100641)
[16:09:54.419] |I| [export_sceIoOpen]: Opening file: savedata0:data002.bin
[16:09:54.419] |E| [open_file]: Missing file at C:/vita/ux0/user/00/savedata/PCSG00212/data002.bin (target path: savedata0:data002.bin)
[16:09:54.420] |W| [io_error_impl]: open_file (sceIoOpen) returned 0x80010002
[16:09:54.423] |T| [open_file]: sceAppUtilSaveDataSlotGetParam: Opening file savedata0:/SlotParam_0.bin (ux0:/user/00/savedata/PCSG00212/SlotParam_0.bin), fd: 0x1e
[16:09:54.423] |T| [close_file]: sceAppUtilSaveDataSlotGetParam: Closing file fd: 0x1e
[16:09:54.424] |I| [export_sceIoOpen]: Opening file: savedata0:data000.bin
[16:09:54.424] |T| [open_file]: sceIoOpen: Opening file savedata0:data000.bin (ux0:/user/00/savedata/PCSG00212/data000.bin), fd: 0x1f
[16:09:54.425] |T| [close_file]: sceIoClose: Closing file fd: 0x1f
[16:09:54.426] |T| [open_file]: sceAppUtilSaveDataSlotGetParam: Opening file savedata0:/SlotParam_0.bin (ux0:/user/00/savedata/PCSG00212/SlotParam_0.bin), fd: 0x20
[16:09:54.426] |T| [close_file]: sceAppUtilSaveDataSlotGetParam: Closing file fd: 0x20
[16:09:54.428] |T| [open_file]: sceAppUtilSaveDataSlotSetParam: Opening file savedata0:/SlotParam_0.bin (ux0:/user/00/savedata/PCSG00212/SlotParam_0.bin), fd: 0x21
[16:09:54.428] |T| [write_file]: sceAppUtilSaveDataSlotSetParam: Writing to fd: 0x21, size: 844
[16:09:54.428] |T| [close_file]: sceAppUtilSaveDataSlotSetParam: Closing file fd: 0x21
[16:09:54.429] |T| [open_file]: sceAppUtilSaveDataDataSave: Opening file savedata0:/data000.bin (ux0:/user/00/savedata/PCSG00212/data000.bin), fd: 0x22
[16:09:54.430] |T| [write_file]: sceAppUtilSaveDataDataSave: Writing to fd: 0x22, size: 6
[16:09:54.430] |T| [close_file]: sceAppUtilSaveDataDataSave: Closing file fd: 0x22
[16:09:54.431] |T| [open_file]: sceAppUtilSaveDataDataSave: Opening file savedata0:/SlotParam_0.bin (ux0:/user/00/savedata/PCSG00212/SlotParam_0.bin), fd: 0x23
[16:09:54.431] |T| [write_file]: sceAppUtilSaveDataDataSave: Writing to fd: 0x23, size: 844
[16:09:54.431] |T| [close_file]: sceAppUtilSaveDataDataSave: Closing file fd: 0x23
[16:09:54.437] |T| [open_file]: sceAppUtilSaveDataDataSave: Opening file savedata0:/data000.bin (ux0:/user/00/savedata/PCSG00212/data000.bin), fd: 0x24
[16:09:54.437] |T| [write_file]: sceAppUtilSaveDataDataSave: Writing to fd: 0x24, size: 400020
[16:09:54.439] |T| [close_file]: sceAppUtilSaveDataDataSave: Closing file fd: 0x24
[16:09:54.439] |T| [open_file]: sceAppUtilSaveDataDataSave: Opening file savedata0:/SlotParam_0.bin (ux0:/user/00/savedata/PCSG00212/SlotParam_0.bin), fd: 0x25
[16:09:54.440] |T| [write_file]: sceAppUtilSaveDataDataSave: Writing to fd: 0x25, size: 844
[16:09:54.440] |T| [close_file]: sceAppUtilSaveDataDataSave: Closing file fd: 0x25
[16:09:54.552] |W| [stubbed_impl]: Stubbed sceRtcGetAccumulativeTime import called. (sceRtcGetAccumulativeTime)
[16:09:54.713] |T| [open_file]: sceAppUtilSaveDataSlotGetParam: Opening file savedata0:/SlotParam_1.bin (ux0:/user/00/savedata/PCSG00212/SlotParam_1.bin), fd: 0x26
[16:09:54.714] |T| [close_file]: sceAppUtilSaveDataSlotGetParam: Closing file fd: 0x26
[16:09:54.714] |I| [export_sceIoOpen]: Opening file: savedata0:data001.bin
[16:09:54.715] |T| [open_file]: sceIoOpen: Opening file savedata0:data001.bin (ux0:/user/00/savedata/PCSG00212/data001.bin), fd: 0x27
[16:09:54.715] |T| [close_file]: sceIoClose: Closing file fd: 0x27
[16:09:54.717] |T| [open_file]: sceAppUtilSaveDataSlotGetParam: Opening file savedata0:/SlotParam_1.bin (ux0:/user/00/savedata/PCSG00212/SlotParam_1.bin), fd: 0x28
[16:09:54.717] |T| [close_file]: sceAppUtilSaveDataSlotGetParam: Closing file fd: 0x28
[16:09:54.718] |I| [export_sceIoOpen]: Opening file: savedata0:data001.bin
[16:09:54.718] |T| [open_file]: sceIoOpen: Opening file savedata0:data001.bin (ux0:/user/00/savedata/PCSG00212/data001.bin), fd: 0x29
[16:09:54.719] |T| [close_file]: sceIoClose: Closing file fd: 0x29
[16:09:54.720] |T| [open_file]: sceAppUtilSaveDataSlotGetParam: Opening file savedata0:/SlotParam_1.bin (ux0:/user/00/savedata/PCSG00212/SlotParam_1.bin), fd: 0x2a
[16:09:54.721] |T| [close_file]: sceAppUtilSaveDataSlotGetParam: Closing file fd: 0x2a
[16:09:54.721] |I| [export_sceIoOpen]: Opening file: savedata0:data001.bin
[16:09:54.721] |T| [open_file]: sceIoOpen: Opening file savedata0:data001.bin (ux0:/user/00/savedata/PCSG00212/data001.bin), fd: 0x2b
[16:09:54.722] |T| [close_file]: sceIoClose: Closing file fd: 0x2b
[16:09:54.723] |T| [open_file]: sceAppUtilSaveDataSlotGetParam: Opening file savedata0:/SlotParam_1.bin (ux0:/user/00/savedata/PCSG00212/SlotParam_1.bin), fd: 0x2c
[16:09:54.724] |T| [close_file]: sceAppUtilSaveDataSlotGetParam: Closing file fd: 0x2c
[16:09:54.724] |I| [export_sceIoOpen]: Opening file: savedata0:data001.bin
[16:09:54.724] |T| [open_file]: sceIoOpen: Opening file savedata0:data001.bin (ux0:/user/00/savedata/PCSG00212/data001.bin), fd: 0x2d
[16:09:54.725] |T| [close_file]: sceIoClose: Closing file fd: 0x2d
[16:09:54.730] |T| [open_file]: sceAppUtilSaveDataSlotGetParam: Opening file savedata0:/SlotParam_1.bin (ux0:/user/00/savedata/PCSG00212/SlotParam_1.bin), fd: 0x2e
[16:09:54.730] |T| [close_file]: sceAppUtilSaveDataSlotGetParam: Closing file fd: 0x2e
[16:09:54.730] |I| [export_sceIoOpen]: Opening file: savedata0:data001.bin
[16:09:54.731] |T| [open_file]: sceIoOpen: Opening file savedata0:data001.bin (ux0:/user/00/savedata/PCSG00212/data001.bin), fd: 0x2f
[16:09:54.731] |T| [close_file]: sceIoClose: Closing file fd: 0x2f
[16:09:55.166] |E| [logging::ret_error_impl]: sceKernelTryLockLwMutex returned SCE_KERNEL_ERROR_LW_MUTEX_FAILED_TO_OWN (0x80028185)
[16:09:55.442] |T| [log_import_call]: [LLE] TID: 173 FUNC: 0xdf4c665a sceSystemGestureUpdatePrimitiveTouchRecognizer at 0x81854458
[16:09:55.444] |T| [log_import_call]: [LLE] TID: 173 FUNC: 0x851fb144 sceSystemGestureUpdateTouchRecognizer at 0x81854438
[16:09:55.447] |T| [log_import_call]: [LLE] TID: 173 FUNC: 0x13ad2218 sceSystemGestureGetTouchEventsCount at 0x818543f8
[16:10:07.680] |W| [stubbed_impl]: Stubbed sceNetCtlInetGetState import called. (state = SCE_NETCTL_STATE_CONNECTED)
[16:10:07.683] |W| [unimplemented_impl]: Unimplemented sceCommonDialogIsRunning import called.
[16:10:07.743] |W| [unimplemented_impl]: Unimplemented sceNetCheckDialogInit import called.
[16:10:07.777] |W| [stubbed_impl]: Stubbed sceNetCheckDialogGetStatus import called. (SCE_COMMON_DIALOG_STATUS_FINISHED)
[16:10:07.778] |W| [stubbed_impl]: Stubbed sceNetCheckDialogGetResult import called. (result->result = 0)
[16:10:07.778] |W| [unimplemented_impl]: Unimplemented sceNetCheckDialogTerm import called.
[16:10:16.677] |T| [log_import_call]: [LLE] TID: 173 FUNC: 0x74724147 sceSystemGestureGetTouchEventByIndex at 0x81854428
[16:10:19.672] |I| [renderer::vulkan::PipelineCache::save_pipeline_cache]: Saving pipeline cache...
[16:10:19.672] |I| [renderer::vulkan::PipelineCache::save_pipeline_cache]: Pipeline cache saved
[16:10:19.673] |E| [discordrpc::update_presence::<lambda_1>::operator ()]: Error updating Discord Rich Presence, err_code: 43
[16:10:19.674] |E| [discordrpc::update_presence::<lambda_1>::operator ()]: Error updating Discord Rich Presence, err_code: 43
