[16:49:05.769] |I| [config::init_config]: backend-renderer: OpenGL
[16:49:05.771] |I| [config::init_config]: log-level: 1
[16:49:06.214] |I| [SDL_main]: Vita3K v0.1.2 1827-0f2aabb9
[16:49:06.476] |I| [renderer::gl::create]: Swap interval = -1
[16:49:06.477] |I| [renderer::gl::create]: GPU = GeForce RTX 2070 SUPER/PCIe/SSE2
[16:49:06.477] |I| [renderer::gl::create]: GL_VERSION = 4.5.0 NVIDIA 461.09
[16:49:06.477] |I| [renderer::gl::create]: GL_SHADING_LANGUAGE_VERSION = 4.50 NVIDIA
[16:49:06.478] |I| [renderer::gl::create]: Your GPU supports shader interlock, some games that use programmable blending will have better performance.
[16:49:06.735] |I| [gui::init_apps_icon]: Default icon found for title GXMFUN001, [GXMFUN001].
[16:49:07.299] |I| [gui::init_apps_icon]: Default icon found for title SKGTLSE12, [iTLS-Enso].
[16:49:07.300] |I| [gui::init_apps_icon]: Default icon found for title SKOG00001, [Snes9xVITA].
[16:49:07.304] |I| [gui::init_apps_icon]: Default icon found for title VITATESTR, [VitaTester].
[16:49:16.073] |I| [load_app_impl]: hardware-flip: enabled
[16:49:16.073] |I| [load_app_impl]: ngs experimental state: true
[16:49:16.073] |I| [load_app_impl]: Title: Duke Nukem 3D: Megaton Edition
[16:49:16.073] |I| [load_app_impl]: Serial: PCSB00437
[16:49:16.073] |I| [load_app_impl]: Version: 01.01
[16:49:16.073] |I| [load_app_impl]: Category: gp
[16:49:16.081] |C| [load_self]: Unknown segment type 0x6FFFFF01
[16:49:16.081] |I| [load_self]: Loaded module segment 0 @ [0x00004000 - 0x00053BD4 / 0x81000000] (size: 0x0004FBD4) of module app0:sce_module/libc.suprx
[16:49:16.082] |I| [load_self]: Loaded module segment 1 @ [0x00054000 - 0x00056688 / 0x81050000] (size: 0x00002688) of module app0:sce_module/libc.suprx
[16:49:16.082] |I| [load_self]: Loading symbols for SELF: app0:sce_module/libc.suprx
[16:49:16.082] |D| [load_var_exports]: 	NID 0x936C8A78 (SYSLYB) at 0x496C4
[16:49:16.082] |D| [load_var_exports]: 	NID 0x6C2224BA (NID_MODULE_INFO) at 0x3F488
[16:49:16.082] |W| [load_var_imports]: 	NID NOT FOUND 0x93B8AA67 (UNRECOGNISED) at 0x434A8, setting to stub value 0xDEADBEEF
[16:49:16.082] |W| [load_var_imports]: 	NID NOT FOUND 0xDF084DFA (UNRECOGNISED) at 0x4502C, setting to stub value 0xDEADBEEF
[16:49:16.083] |I| [pre_load_module]: Pre-load module SceLibc (at "sce_module/libc.suprx") loaded
[16:49:16.088] |C| [load_self]: Unknown segment type 0x6FFFFF01
[16:49:16.088] |I| [load_self]: Loaded module segment 0 @ [0x00059000 - 0x00083AA8 / 0x81000000] (size: 0x0002AAA8) of module app0:sce_module/libfios2.suprx
[16:49:16.091] |I| [load_self]: Loaded module segment 1 @ [0x00084000 - 0x0008923D / 0x8102B000] (size: 0x0000523D) of module app0:sce_module/libfios2.suprx
[16:49:16.092] |I| [load_self]: Loading symbols for SELF: app0:sce_module/libfios2.suprx
[16:49:16.093] |D| [load_var_exports]: 	NID 0x936C8A78 (SYSLYB) at 0x839B0
[16:49:16.093] |D| [load_var_exports]: 	NID 0x6C2224BA (NID_MODULE_INFO) at 0x7B138
[16:49:16.093] |I| [pre_load_module]: Pre-load module SceLibFios2 (at "sce_module/libfios2.suprx") loaded
[16:49:16.096] |C| [load_self]: Unknown segment type 0x6FFFFF01
[16:49:16.096] |I| [load_self]: Loaded module segment 0 @ [0x0008A000 - 0x0009D9C4 / 0x81000000] (size: 0x000139C4) of module app0:sce_module/libult.suprx
[16:49:16.097] |I| [load_self]: Loaded module segment 1 @ [0x0009E000 - 0x0009E814 / 0x81014000] (size: 0x00000814) of module app0:sce_module/libult.suprx
[16:49:16.098] |I| [load_self]: Loading symbols for SELF: app0:sce_module/libult.suprx
[16:49:16.098] |D| [load_var_exports]: 	NID 0x936C8A78 (SYSLYB) at 0x9C2F0
[16:49:16.098] |D| [load_var_exports]: 	NID 0x6C2224BA (NID_MODULE_INFO) at 0x99874
[16:49:16.099] |I| [pre_load_module]: Pre-load module SceUlt (at "sce_module/libult.suprx") loaded
[16:49:16.106] |I| [load_self]: Loaded module segment 0 @ [0x0009F000 - 0x000EFF04 / 0x81000000] (size: 0x00050F04) of module vs0:sys/external/libSceFt2.suprx
[16:49:16.107] |I| [load_self]: Loaded module segment 1 @ [0x000F0000 - 0x000F02F4 / 0x81051000] (size: 0x000002F4) of module vs0:sys/external/libSceFt2.suprx
[16:49:16.107] |I| [load_self]: Loading symbols for SELF: vs0:sys/external/libSceFt2.suprx
[16:49:16.108] |D| [load_var_exports]: 	NID 0x936C8A78 (SYSLYB) at 0xDB7DC
[16:49:16.108] |D| [load_var_exports]: 	NID 0x6C2224BA (NID_MODULE_INFO) at 0xDAF10
[16:49:16.109] |I| [pre_load_module]: Pre-load module SceLibft2 (at "sys/external/libSceFt2.suprx") loaded
[16:49:16.110] |I| [load_self]: Loaded module segment 0 @ [0x000F1000 - 0x00100F14 / 0x81000000] (size: 0x0000FF14) of module vs0:sys/external/libpvf.suprx
[16:49:16.111] |I| [load_self]: Loaded module segment 1 @ [0x00101000 - 0x00101008 / 0x81010000] (size: 0x00000008) of module vs0:sys/external/libpvf.suprx
[16:49:16.112] |I| [load_self]: Loading symbols for SELF: vs0:sys/external/libpvf.suprx
[16:49:16.112] |D| [load_var_exports]: 	NID 0x936C8A78 (SYSLYB) at 0xFF710
[16:49:16.112] |D| [load_var_exports]: 	NID 0x6C2224BA (NID_MODULE_INFO) at 0xFF300
[16:49:16.113] |I| [pre_load_module]: Pre-load module SceLibPvf (at "sys/external/libpvf.suprx") loaded
[16:49:16.211] |C| [load_self]: Unknown segment type 0x6FFFFF01
[16:49:16.212] |I| [load_self]: Loaded module segment 0 @ [0x00102000 - 0x00470410 / 0x81000000] (size: 0x0036E410) of module app0:eboot.bin
[16:49:16.213] |I| [load_self]: Loaded module segment 1 @ [0x00471000 - 0x0207379C / 0x8136F000] (size: 0x01C0279C) of module app0:eboot.bin
[16:49:16.214] |I| [load_self]: Loading symbols for SELF: app0:eboot.bin
[16:49:16.215] |D| [load_var_exports]: 	NID 0x6C2224BA (NID_MODULE_INFO) at 0x3CFB9C
[16:49:16.216] |D| [load_var_exports]: 	NID 0x70FBA1E7 (SCE_PROC_PARAMS) at 0x479C60
[16:49:16.216] |D| [load_var_exports]: 	NID 0x936C8A78 (SYSLYB) at 0x424330
[16:49:16.217] |I| [load_app_impl]: Main executable Duke3DPSP2 (eboot.bin) loaded
[16:49:16.221] |D| [run_app]: Running module_start of library: SceLibc at address 0x4805
[16:49:16.225] |I| [run_app]: Module SceLibc (at "app0:sce_module/libc.suprx") module_start returned 0x0
[16:49:16.225] |D| [run_app]: Running module_start of library: SceLibFios2 at address 0x59001
[16:49:16.228] |W| [stubbed_impl]: Stubbed sceKernelGetProcessId import called. (pid: 0)
[16:49:16.228] |W| [unimplemented_impl]: Unimplemented sceFiosOverlayGetList02 import called.
[16:49:16.230] |I| [run_app]: Module SceLibFios2 (at "app0:sce_module/libfios2.suprx") module_start returned 0x0
[16:49:16.231] |D| [run_app]: Running module_start of library: SceUlt at address 0x8D771
[16:49:16.233] |W| [unimplemented_impl]: Unimplemented _sceUlobjMgrRegisterLibultProtocolRevision import called.
[16:49:16.233] |I| [run_app]: Module SceUlt (at "app0:sce_module/libult.suprx") module_start returned 0x0
[16:49:16.254] |I| [load_module]: Loading module ID: 0x13
[16:49:16.255] |C| [load_self]: Unknown segment type 0x6FFFFF01
[16:49:16.255] |I| [load_self]: Loaded module segment 0 @ [0x020C9000 - 0x020CC08C / 0x81000000] (size: 0x0000308C) of module sys/external/libsystemgesture.suprx
[16:49:16.255] |I| [load_self]: Loaded module segment 1 @ [0x020B5000 - 0x020B5BF0 / 0x81004000] (size: 0x00000BF0) of module sys/external/libsystemgesture.suprx
[16:49:16.257] |I| [load_self]: Loading symbols for SELF: sys/external/libsystemgesture.suprx
[16:49:16.258] |D| [load_var_exports]: 	NID 0x936C8A78 (SYSLYB) at 0x20CC074
[16:49:16.258] |D| [load_var_exports]: 	NID 0x6C2224BA (NID_MODULE_INFO) at 0x20CBBD4
[16:49:16.259] |I| [load_module]: Module SceSystemGesture (at "sys/external/libsystemgesture.suprx") loaded
[16:49:16.261] |D| [load_module]: Running module_start of module: SceSystemGesture
[16:49:16.263] |I| [load_module]: Module SceSystemGesture (at "sys/external/libsystemgesture.suprx") module_start returned 0x0
[16:49:16.266] |W| [stubbed_impl]: Stubbed sceGxmMapMemory import called. (always return success)
[16:49:16.267] |W| [stubbed_impl]: Stubbed sceGxmMapFragmentUsseMemory import called. (always return success)
[16:49:16.289] |W| [stubbed_impl]: Stubbed sceGxmGetRenderTargetMemSize import called. (2MB host mem)
[16:49:16.316] |W| [unimplemented_impl]: Unimplemented sceAppUtilInit import called.
[16:49:16.378] |W| [unimplemented_impl]: Unimplemented sceGxmSetFrontFragmentProgramEnable import called.
[16:49:16.378] |W| [unimplemented_impl]: Unimplemented sceGxmSetBackFragmentProgramEnable import called.
[16:49:16.379] |W| [stubbed_impl]: Stubbed sceGxmMapVertexUsseMemory import called. (always return success)
[16:49:16.399] |E| [init_texture_base]: Initialized texture with unsupported texture format: 0x0
[16:49:16.400] |W| [unimplemented_impl]: Unimplemented sceKernelGetThreadCurrentPriority import called.
[16:49:16.400] |W| [stubbed_impl]: Stubbed sceKernelGetThreadCpuAffinityMask2 import called. (STUB)
[16:49:16.403] |W| [unimplemented_impl]: Unimplemented sceTouchEnableTouchForce import called.
[16:49:16.403] |W| [unimplemented_impl]: Unimplemented sceTouchGetPixelDensity2 import called.
[16:49:16.405] |W| [unimplemented_impl]: Unimplemented sceMotionSetDeadband import called.
[16:49:16.405] |W| [unimplemented_impl]: Unimplemented sceMotionSetTiltCorrection import called.
[16:49:16.406] |W| [unimplemented_impl]: Unimplemented sceMotionReset import called.
[16:49:16.406] |W| [unimplemented_impl]: Unimplemented sceMotionStartSampling import called.
[16:49:16.413] |W| [unimplemented_impl]: Unimplemented sceNetCtlInit import called.
[16:49:16.413] |W| [stubbed_impl]: Stubbed sceNetCtlInetGetState import called. (state = SCE_NETCTL_STATE_DISCONNECTED)
[16:49:16.414] |W| [unimplemented_impl]: Unimplemented sceHttpInit import called.
[16:49:16.414] |W| [unimplemented_impl]: Unimplemented sceSslInit import called.
[16:49:16.417] |W| [unimplemented_impl]: Unimplemented sceNpBasicInit import called.
[16:49:16.417] |W| [unimplemented_impl]: Unimplemented sceNpBasicRegisterHandler import called.
[16:49:16.419] |W| [unimplemented_impl]: Unimplemented sceAppMgrAcquireBgmPort import called.
[16:49:16.440] |I| [export_sceIoOpen]: Opening file: app0:GXM/duke_localization.bin
[16:49:16.451] |E| [logging::ret_error_impl]: sceKernelWaitLwCond returned SCE_KERNEL_ERROR_WAIT_TIMEOUT (0x80028005)
[16:49:16.505] |I| [export_sceIoOpen]: Opening file: app0:GXM/Assets/GXM/splash_fr.png.phyre
[16:49:16.519] |W| [unimplemented_impl]: Unimplemented sceNpBasicCheckCallback import called.
[16:49:16.555] |I| [export_sceIoOpen]: Opening file: app0:GXM/Shaders/Icon.cgfx.phyre
[16:49:16.595] |I| [export_sceIoOpen]: Opening file: app0:GXM/AssetScripts/savingAnimation.ags.phyre
[16:49:16.635] |W| [unimplemented_impl]: Unimplemented sceMotionGetState import called.
[16:49:16.641] |W| [unimplemented_impl]: Unimplemented sceNpProfileDialogGetStatus import called.
[16:49:16.641] |W| [stubbed_impl]: Stubbed _sceAppMgrGetAppState import called. (Set to 0.)
[16:49:16.648] |W| [unimplemented_impl]: Unimplemented sceCommonDialogUpdate import called.
[16:49:16.673] |I| [renderer::gl::load_shader]: Generating frag shader ab251e4cfe7719df6060bd4b69d195006ad135bee6f647da56e35fa89bfb1ce4
[16:49:16.675] |D| [shader::create_parameters]: [DEFAULT  + 0] sa0 = (half4) color
[16:49:16.677] |D| [shader::spirv_disasm_print]: SPIR-V Disassembly:
// Module Version 10500
// Generated by (magic number): 1337000
// Id's are bound by 216

                              Capability Shader
                              Capability Float16
                              Capability CapabilityFragmentShaderPixelInterlockEXT
                              Extension  "SPV_EXT_fragment_shader_interlock"
             119:             ExtInstImport  "GLSL.std.450"
             147:             ExtInstImport  "GLSL.std.450"
             176:             ExtInstImport  "GLSL.std.450"
                              MemoryModel Logical GLSL450
                              EntryPoint Fragment 4  "main_fs" 99 101 102
                              ExecutionMode 4 OriginLowerLeft
                              ExecutionMode 4 PixelInterlockOrderedEXT
               1:             String  "ab251e4cfe7719df6060bd4b69d195006ad135bee6f647da56e35fa89bfb1ce4"
                              SourceExtension  "gxp"
                              Name 4  "main_fs"
                              Name 23  "pa"
                              Name 24  "sa"
                              Name 26  "internals"
                              Name 28  "r"
                              Name 30  "p"
                              Name 32  "idx"
                              Name 34  "outs"
                              Name 36  "i"
                              Name 39  "frag_defaultUniformBuffer"
                              Name 41  "buffer0"
                              MemberName 39(frag_defaultUniformBuffer) 0  "data"
                              Name 63  "memory"
                              Name 99  "f_mask"
                              Name 101  "gl_FragCoord"
                              Name 102  "f_colorAttachment"
                              Name 117  "pack2xF16"
                              Name 132  "frag_output_finalize"
                              Name 144  "unpack2xF16"
                              Name 184  "block_prim_0"
                              Decorate 39(frag_defaultUniformBuffer) Block
                              Decorate 39(frag_defaultUniformBuffer) GLSLShared
                              Decorate 41(buffer0) Binding 15
                              MemberDecorate 39(frag_defaultUniformBuffer) 0 Offset 0
                              Decorate 38 ArrayStride 16
                              Decorate 99(f_mask) Binding 1
                              Decorate 102(f_colorAttachment) Binding 0
               2:             TypeVoid
               3:             TypeFunction 2
               6:             TypeFloat 32
               7:             TypeInt 32 1
               8:             TypeBool
               9:             TypeVector 6(float) 4
              10:      7(int) Constant 32
              11:             TypeArray 9(fvec4) 10
              12:      7(int) Constant 3
              13:             TypeArray 9(fvec4) 12
              14:      7(int) Constant 20
              15:             TypeArray 9(fvec4) 14
              16:      7(int) Constant 2
              17:             TypeArray 7(int) 16
              18:      7(int) Constant 4
              19:             TypeArray 8(bool) 18
              20:      7(int) Constant 12
              21:             TypeArray 9(fvec4) 20
              22:             TypePointer Private 11
          23(pa):     22(ptr) Variable Private
          24(sa):     22(ptr) Variable Private
              25:             TypePointer Private 13
   26(internals):     25(ptr) Variable Private
              27:             TypePointer Private 15
           28(r):     27(ptr) Variable Private
              29:             TypePointer Private 19
           30(p):     29(ptr) Variable Private
              31:             TypePointer Private 17
         32(idx):     31(ptr) Variable Private
              33:             TypePointer Private 21
        34(outs):     33(ptr) Variable Private
              35:             TypePointer Function 7(int)
              37:      7(int) Constant 1
              38:             TypeArray 9(fvec4) 37
39(frag_defaultUniformBuffer):             TypeStruct 38
              40:             TypePointer Uniform 39(frag_defaultUniformBuffer)
     41(buffer0):     40(ptr) Variable Uniform
              42:      7(int) Constant 0
              50:             TypePointer Uniform 9(fvec4)
              55:             TypePointer Private 9(fvec4)
              60:      7(int) Constant 5
              61:             TypeArray 6(float) 60
              62:             TypePointer Private 61
      63(memory):     62(ptr) Variable Private
              78:             TypePointer Private 6(float)
              97:             TypeImage 6(float) 2D nonsampled format:Rgba8
              98:             TypePointer UniformConstant 97
      99(f_mask):     98(ptr) Variable UniformConstant
             100:             TypePointer Input 9(fvec4)
101(gl_FragCoord):    100(ptr) Variable Input
102(f_colorAttachment):     98(ptr) Variable UniformConstant
             104:             TypeVector 7(int) 4
             106:             TypeVector 7(int) 2
             112:             TypeVector 6(float) 2
             114:             TypeInt 32 0
             115:             TypeFunction 6(float) 112(fvec2)
             142:             TypeFunction 112(fvec2) 6(float)
             168:    6(float) Constant 1056964608
             169:    9(fvec4) ConstantComposite 168 168 168 168
             177:    6(float) Constant 0
             178:    6(float) Constant 1065353216
             179:    6(float) Constant 1073741824
             180:  112(fvec2) ConstantComposite 177 177
             181:             TypeVector 6(float) 3
             182:  181(fvec3) ConstantComposite 177 177 177
             183:    9(fvec4) ConstantComposite 177 177 177 177
      4(main_fs):           2 Function None 3
               5:             Label
           36(i):     35(ptr) Variable Function
                              BeginInvocationInterlockEXT
                              Store 36(i) 42
                              Branch 43
              43:             Label
              47:      7(int) Load 36(i)
              48:     8(bool) SLessThan 47 37
                              LoopMerge 45 46 None
                              BranchConditional 48 44 45
              44:               Label
              49:      7(int)   Load 36(i)
              51:     50(ptr)   AccessChain 41(buffer0) 42 49
              52:      7(int)   Load 36(i)
              53:      7(int)   Load 36(i)
              54:      7(int)   IAdd 52 42
              56:     55(ptr)   AccessChain 24(sa) 54
              57:    9(fvec4)   Load 51
                                Store 56 57
              58:      7(int)   Load 36(i)
              59:      7(int)   IAdd 58 37
                                Store 36(i) 59
                                Branch 46
              46:               Label
                                Branch 43
              45:             Label
                              Store 36(i) 42
                              Branch 64
              64:             Label
              68:      7(int) Load 36(i)
              69:     8(bool) SLessThan 68 37
                              LoopMerge 66 67 None
                              BranchConditional 69 65 66
              65:               Label
              70:      7(int)   Load 36(i)
              71:     50(ptr)   AccessChain 41(buffer0) 42 70
              72:      7(int)   Load 36(i)
              73:      7(int)   IMul 18 72
              74:      7(int)   IAdd 73 42
              75:    9(fvec4)   Load 71
              76:    6(float)   VectorExtractDynamic 75 42
              77:      7(int)   IAdd 74 42
              79:     78(ptr)   AccessChain 63(memory) 77
                                Store 79 76
              80:      7(int)   IAdd 73 37
              81:    9(fvec4)   Load 71
              82:    6(float)   VectorExtractDynamic 81 37
              83:      7(int)   IAdd 80 42
              84:     78(ptr)   AccessChain 63(memory) 83
                                Store 84 82
              85:      7(int)   IAdd 73 16
              86:    9(fvec4)   Load 71
              87:    6(float)   VectorExtractDynamic 86 16
              88:      7(int)   IAdd 85 42
              89:     78(ptr)   AccessChain 63(memory) 88
                                Store 89 87
              90:      7(int)   IAdd 73 12
              91:    9(fvec4)   Load 71
              92:    6(float)   VectorExtractDynamic 91 12
              93:      7(int)   IAdd 90 42
              94:     78(ptr)   AccessChain 63(memory) 93
                                Store 94 92
              95:      7(int)   Load 36(i)
              96:      7(int)   IAdd 95 37
                                Store 36(i) 96
                                Branch 67
              67:               Label
                                Branch 64
              66:             Label
             103:    9(fvec4) Load 101(gl_FragCoord)
             105:  104(ivec4) ConvertFToS 103
             107:  106(ivec2) VectorShuffle 105 105 0 1
             108:          97 Load 102(f_colorAttachment)
             109:    9(fvec4) ImageRead 108 107
             110:    6(float) VectorExtractDynamic 109 42
             111:    6(float) VectorExtractDynamic 109 37
             113:  112(fvec2) CompositeConstruct 110 111
             123:    6(float) FunctionCall 117(pack2xF16) 113
             124:    6(float) VectorExtractDynamic 109 16
             125:    6(float) VectorExtractDynamic 109 12
             126:  112(fvec2) CompositeConstruct 124 125
             127:    6(float) FunctionCall 117(pack2xF16) 126
             128:  112(fvec2) CompositeConstruct 123 127
             129:     55(ptr) AccessChain 34(outs) 42
             130:    9(fvec4) Load 129
             131:    9(fvec4) VectorShuffle 130 128 4 5 2 3
                              Store 129 131
             215:           2 FunctionCall 184(block_prim_0)
                              EndInvocationInterlockEXT
                              Return
                              FunctionEnd
  117(pack2xF16):    6(float) Function None 115
             116:  112(fvec2) FunctionParameter
             118:             Label
             120:    114(int) ExtInst 119(GLSL.std.450) 58(PackHalf2x16) 116
             121:    6(float) Bitcast 120
                              ReturnValue 121
                              FunctionEnd
132(frag_output_finalize):           2 Function None 3
             133:             Label
             134:     55(ptr) AccessChain 34(outs) 42
             135:     55(ptr) AccessChain 34(outs) 42
             136:    9(fvec4) Load 135
             137:    9(fvec4) Load 134
             138:    6(float) VectorExtractDynamic 137 42
             139:    6(float) VectorExtractDynamic 137 37
             140:  112(fvec2) CompositeConstruct 138 139
             141:    6(float) VectorExtractDynamic 140 42
             150:  112(fvec2) FunctionCall 144(unpack2xF16) 141
             151:    6(float) VectorExtractDynamic 140 37
             152:  112(fvec2) FunctionCall 144(unpack2xF16) 151
             153:    6(float) VectorExtractDynamic 150 42
             154:    6(float) VectorExtractDynamic 150 37
             155:    6(float) VectorExtractDynamic 152 42
             156:    6(float) VectorExtractDynamic 152 37
             157:    9(fvec4) CompositeConstruct 153 154 155 156
             158:    9(fvec4) Load 101(gl_FragCoord)
             159:    6(float) AccessChain 158 16
             160:  104(ivec4) ConvertFToS 158
             161:  106(ivec2) VectorShuffle 160 160 0 1
             162:          97 Load 102(f_colorAttachment)
                              ImageWrite 162 161 157
             163:    9(fvec4) Load 101(gl_FragCoord)
             164:  104(ivec4) ConvertFToS 163
             165:  106(ivec2) VectorShuffle 164 164 0 1
             166:          97 Load 99(f_mask)
             167:    9(fvec4) ImageRead 166 165
             170:     8(bool) FOrdLessThan 167 169
             171:     8(bool) All 170
                              SelectionMerge 173 None
                              BranchConditional 171 172 173
             172:               Label
                                Kill
             173:             Label
                              Return
                              FunctionEnd
144(unpack2xF16):  112(fvec2) Function None 142
             143:    6(float) FunctionParameter
             145:             Label
             146:    114(int) Bitcast 143
             148:  112(fvec2) ExtInst 147(GLSL.std.450) 62(UnpackHalf2x16) 146
                              ReturnValue 148
                              FunctionEnd
184(block_prim_0):           2 Function None 3
             185:             Label
                              Line 1 1 0
             186:     55(ptr) AccessChain 24(sa) 42
             187:     55(ptr) AccessChain 24(sa) 42
             188:    9(fvec4) Load 187
             189:    9(fvec4) Load 186
             190:    6(float) VectorExtractDynamic 189 42
             191:    6(float) VectorExtractDynamic 189 37
             192:  112(fvec2) CompositeConstruct 190 191
             193:    6(float) VectorExtractDynamic 192 42
             194:  112(fvec2) FunctionCall 144(unpack2xF16) 193
             195:    6(float) VectorExtractDynamic 192 37
             196:  112(fvec2) FunctionCall 144(unpack2xF16) 195
             197:    6(float) VectorExtractDynamic 194 42
             198:    6(float) VectorExtractDynamic 194 37
             199:    6(float) VectorExtractDynamic 196 42
             200:    6(float) VectorExtractDynamic 196 37
             201:    9(fvec4) CompositeConstruct 197 198 199 200
             202:    6(float) VectorExtractDynamic 201 42
             203:    6(float) VectorExtractDynamic 201 37
             204:  112(fvec2) CompositeConstruct 202 203
             205:    6(float) FunctionCall 117(pack2xF16) 204
             206:    6(float) VectorExtractDynamic 201 16
             207:    6(float) VectorExtractDynamic 201 12
             208:  112(fvec2) CompositeConstruct 206 207
             209:    6(float) FunctionCall 117(pack2xF16) 208
             210:  112(fvec2) CompositeConstruct 205 209
             211:     55(ptr) AccessChain 34(outs) 42
             212:    9(fvec4) Load 211
             213:    9(fvec4) VectorShuffle 212 210 4 5 2 3
                              Store 211 213
             214:           2 FunctionCall 132(frag_output_finalize)
                              Return
                              FunctionEnd

[16:49:16.683] |D| [shader::convert_gxp_to_glsl]: Generated GLSL:
#version 420
#extension GL_ARB_fragment_shader_interlock : require
// Shader Name: ab251e4cfe7719df6060bd4b69d195006ad135bee6f647da56e35fa89bfb1ce4
layout(early_fragment_tests) in;

layout(pixel_interlock_ordered) in;

layout(binding = 15, std140) uniform frag_defaultUniformBuffer
{
    vec4 data[1];
} buffer0;

layout(binding = 1, rgba8) uniform readonly image2D f_mask;
layout(binding = 0, rgba8) uniform image2D f_colorAttachment;

vec4 pa[32];
vec4 sa[32];
vec4 internals[3];
vec4 r[20];
bool p[4];
int idx[2];
vec4 outs[12];
float memory[5];

float pack2xF16(vec2 _116)
{
    return uintBitsToFloat(packHalf2x16(_116));
}

vec2 unpack2xF16(float _143)
{
    return unpackHalf2x16(floatBitsToUint(_143));
}

void frag_output_finalize()
{
    vec2 _140 = vec2(outs[0].x, outs[0].y);
    vec2 _150 = unpack2xF16(_140.x);
    vec2 _152 = unpack2xF16(_140.y);
    imageStore(f_colorAttachment, ivec4(gl_FragCoord).xy, vec4(_150.x, _150.y, _152.x, _152.y));
    if (all(lessThan(imageLoad(f_mask, ivec4(gl_FragCoord).xy), vec4(0.5))))
    {
        discard;
    }
}

void block_prim_0()
{
    vec2 _192 = vec2(sa[0].x, sa[0].y);
    vec2 _194 = unpack2xF16(_192.x);
    vec2 _196 = unpack2xF16(_192.y);
    vec4 _201 = vec4(_194.x, _194.y, _196.x, _196.y);
    vec2 _210 = vec2(pack2xF16(vec2(_201.x, _201.y)), pack2xF16(vec2(_201.z, _201.w)));
    outs[0] = vec4(_210.x, _210.y, outs[0].z, outs[0].w);
    frag_output_finalize();
}

void main()
{
    beginInvocationInterlockARB();
    int i = 0;
    while (i < 1)
    {
        sa[i + 0] = buffer0.data[i];
        i++;
    }
    i = 0;
    while (i < 1)
    {
        int _73 = 4 * i;
        memory[(_73 + 0) + 0] = buffer0.data[i].x;
        memory[(_73 + 1) + 0] = buffer0.data[i].y;
        memory[(_73 + 2) + 0] = buffer0.data[i].z;
        memory[(_73 + 3) + 0] = buffer0.data[i].w;
        i++;
    }
    vec4 _109 = imageLoad(f_colorAttachment, ivec4(gl_FragCoord).xy);
    vec2 _128 = vec2(pack2xF16(vec2(_109.x, _109.y)), pack2xF16(vec2(_109.z, _109.w)));
    outs[0] = vec4(_128.x, _128.y, outs[0].z, outs[0].w);
    block_prim_0();
    endInvocationInterlockARB();
}


[16:49:16.685] |I| [renderer::gl::load_shader]: Generating vert shader 3269a9b15bcb6653956ef3b302d7bde0b27212f53c87f675ace590f1e15751e8
[16:49:16.687] |D| [shader::create_parameters]: [BUFFER0  + 0] pa0 = (float4) IN_position
[16:49:16.687] |D| [shader::create_parameters]: [DEFAULT  + 0] sa0 = (float1) depth
[16:49:16.690] |D| [shader::spirv_disasm_print]: SPIR-V Disassembly:
// Module Version 10500
// Generated by (magic number): 1337000
// Id's are bound by 189

                              Capability Shader
                              Capability Float16
             148:             ExtInstImport  "GLSL.std.450"
                              MemoryModel Logical GLSL450
                              EntryPoint Vertex 4  "main_vs" 98 108
               1:             String  "3269a9b15bcb6653956ef3b302d7bde0b27212f53c87f675ace590f1e15751e8"
                              SourceExtension  "gxp"
                              Name 4  "main_vs"
                              Name 23  "pa"
                              Name 24  "sa"
                              Name 26  "internals"
                              Name 28  "r"
                              Name 30  "p"
                              Name 32  "idx"
                              Name 34  "outs"
                              Name 36  "i"
                              Name 39  "vert_defaultUniformBuffer"
                              Name 41  "buffer0"
                              MemberName 39(vert_defaultUniformBuffer) 0  "data"
                              Name 63  "memory"
                              Name 98  "IN_position"
                              Name 100  "viewport_flag"
                              Name 101  "screen_width"
                              Name 102  "screen_height"
                              Name 104  "flip_vec"
                              Name 105  "vert_output_finalize"
                              Name 108  "v_Position"
                              Name 136  "i"
                              Name 154  "block_prim_0"
                              Decorate 39(vert_defaultUniformBuffer) Block
                              Decorate 39(vert_defaultUniformBuffer) GLSLShared
                              Decorate 41(buffer0) Binding 0
                              MemberDecorate 39(vert_defaultUniformBuffer) 0 Offset 0
                              Decorate 38 ArrayStride 16
                              Decorate 108(v_Position) BuiltIn Position
               2:             TypeVoid
               3:             TypeFunction 2
               6:             TypeFloat 32
               7:             TypeInt 32 1
               8:             TypeBool
               9:             TypeVector 6(float) 4
              10:      7(int) Constant 32
              11:             TypeArray 9(fvec4) 10
              12:      7(int) Constant 3
              13:             TypeArray 9(fvec4) 12
              14:      7(int) Constant 20
              15:             TypeArray 9(fvec4) 14
              16:      7(int) Constant 2
              17:             TypeArray 7(int) 16
              18:      7(int) Constant 4
              19:             TypeArray 8(bool) 18
              20:      7(int) Constant 12
              21:             TypeArray 9(fvec4) 20
              22:             TypePointer Private 11
          23(pa):     22(ptr) Variable Private
          24(sa):     22(ptr) Variable Private
              25:             TypePointer Private 13
   26(internals):     25(ptr) Variable Private
              27:             TypePointer Private 15
           28(r):     27(ptr) Variable Private
              29:             TypePointer Private 19
           30(p):     29(ptr) Variable Private
              31:             TypePointer Private 17
         32(idx):     31(ptr) Variable Private
              33:             TypePointer Private 21
        34(outs):     33(ptr) Variable Private
              35:             TypePointer Function 7(int)
              37:      7(int) Constant 1
              38:             TypeArray 9(fvec4) 37
39(vert_defaultUniformBuffer):             TypeStruct 38
              40:             TypePointer Uniform 39(vert_defaultUniformBuffer)
     41(buffer0):     40(ptr) Variable Uniform
              42:      7(int) Constant 0
              50:             TypePointer Uniform 9(fvec4)
              55:             TypePointer Private 9(fvec4)
              60:      7(int) Constant 5
              61:             TypeArray 6(float) 60
              62:             TypePointer Private 61
      63(memory):     62(ptr) Variable Private
              78:             TypePointer Private 6(float)
              97:             TypePointer Input 9(fvec4)
 98(IN_position):     97(ptr) Variable Input
              99:             TypePointer UniformConstant 6(float)
100(viewport_flag):     99(ptr) Variable UniformConstant
101(screen_width):     99(ptr) Variable UniformConstant
102(screen_height):     99(ptr) Variable UniformConstant
             103:             TypePointer UniformConstant 9(fvec4)
   104(flip_vec):    103(ptr) Variable UniformConstant
             107:             TypePointer Output 9(fvec4)
 108(v_Position):    107(ptr) Variable Output
             114:    6(float) Constant 1056964608
             115:    6(float) Constant 1065353216
             116:    6(float) Constant 3212836864
             117:    6(float) Constant 1073741824
             118:    6(float) Constant 3221225472
             119:    6(float) Constant 0
             137:    9(fvec4) ConstantComposite 119 119 119 119
             149:             TypeInt 32 0
             150:             TypeVector 6(float) 2
             151:  150(fvec2) ConstantComposite 119 119
             152:             TypeVector 6(float) 3
             153:  152(fvec3) ConstantComposite 119 119 119
             171:             TypeVector 149(int) 1
             173:    149(int) Constant 0
      4(main_vs):           2 Function None 3
               5:             Label
           36(i):     35(ptr) Variable Function
          136(i):     35(ptr) Variable Function
                              Store 36(i) 42
                              Branch 43
              43:             Label
              47:      7(int) Load 36(i)
              48:     8(bool) SLessThan 47 37
                              LoopMerge 45 46 None
                              BranchConditional 48 44 45
              44:               Label
              49:      7(int)   Load 36(i)
              51:     50(ptr)   AccessChain 41(buffer0) 42 49
              52:      7(int)   Load 36(i)
              53:      7(int)   Load 36(i)
              54:      7(int)   IAdd 52 42
              56:     55(ptr)   AccessChain 24(sa) 54
              57:    9(fvec4)   Load 51
                                Store 56 57
              58:      7(int)   Load 36(i)
              59:      7(int)   IAdd 58 37
                                Store 36(i) 59
                                Branch 46
              46:               Label
                                Branch 43
              45:             Label
                              Store 36(i) 42
                              Branch 64
              64:             Label
              68:      7(int) Load 36(i)
              69:     8(bool) SLessThan 68 37
                              LoopMerge 66 67 None
                              BranchConditional 69 65 66
              65:               Label
              70:      7(int)   Load 36(i)
              71:     50(ptr)   AccessChain 41(buffer0) 42 70
              72:      7(int)   Load 36(i)
              73:      7(int)   IMul 18 72
              74:      7(int)   IAdd 73 42
              75:    9(fvec4)   Load 71
              76:    6(float)   VectorExtractDynamic 75 42
              77:      7(int)   IAdd 74 42
              79:     78(ptr)   AccessChain 63(memory) 77
                                Store 79 76
              80:      7(int)   IAdd 73 37
              81:    9(fvec4)   Load 71
              82:    6(float)   VectorExtractDynamic 81 37
              83:      7(int)   IAdd 80 42
              84:     78(ptr)   AccessChain 63(memory) 83
                                Store 84 82
              85:      7(int)   IAdd 73 16
              86:    9(fvec4)   Load 71
              87:    6(float)   VectorExtractDynamic 86 16
              88:      7(int)   IAdd 85 42
              89:     78(ptr)   AccessChain 63(memory) 88
                                Store 89 87
              90:      7(int)   IAdd 73 12
              91:    9(fvec4)   Load 71
              92:    6(float)   VectorExtractDynamic 91 12
              93:      7(int)   IAdd 90 42
              94:     78(ptr)   AccessChain 63(memory) 93
                                Store 94 92
              95:      7(int)   Load 36(i)
              96:      7(int)   IAdd 95 37
                                Store 36(i) 96
                                Branch 67
              67:               Label
                                Branch 64
              66:             Label
             134:    9(fvec4) Load 98(IN_position)
             135:     55(ptr) AccessChain 23(pa) 42
                              Store 135 134
                              Store 136(i) 42
                              Branch 138
             138:             Label
             142:      7(int) Load 136(i)
             143:     8(bool) SLessThan 142 20
                              LoopMerge 140 141 None
                              BranchConditional 143 139 140
             139:               Label
             144:      7(int)   Load 136(i)
             145:     55(ptr)   AccessChain 34(outs) 144
                                Store 145 137
             146:      7(int)   Load 136(i)
             147:      7(int)   IAdd 146 37
                                Store 136(i) 147
                                Branch 141
             141:               Label
                                Branch 138
             140:             Label
             188:           2 FunctionCall 154(block_prim_0)
                              Return
                              FunctionEnd
105(vert_output_finalize):           2 Function None 3
             106:             Label
             109:     55(ptr) AccessChain 34(outs) 42
             110:     55(ptr) AccessChain 34(outs) 42
             111:    9(fvec4) Load 110
             112:    9(fvec4) Load 109
             113:    9(fvec4) FMul 112 104(flip_vec)
             120:    6(float) Load 100(viewport_flag)
             121:     8(bool) FOrdLessThan 120 114
                              SelectionMerge 123 None
                              BranchConditional 121 122 132
             122:               Label
             124:    6(float)   Load 101(screen_width)
             125:    6(float)   FDiv 117 124
             126:    6(float)   Load 102(screen_height)
             127:    6(float)   FDiv 118 126
             128:    9(fvec4)   CompositeConstruct 125 127 115 115
             129:    9(fvec4)   CompositeConstruct 116 115 119 119
             130:    9(fvec4)   FMul 113 128
             131:    9(fvec4)   FAdd 130 129
                                Store 108(v_Position) 131
                                Branch 123
             132:               Label
                                Store 108(v_Position) 113
                                Branch 123
             123:             Label
                              Return
                              FunctionEnd
154(block_prim_0):           2 Function None 3
             155:             Label
                              Line 1 1 0
             156:     55(ptr) AccessChain 23(pa) 42
             157:     55(ptr) AccessChain 23(pa) 42
             158:    9(fvec4) Load 157
             159:    9(fvec4) Load 156
             160:    6(float) VectorExtractDynamic 159 42
             161:    6(float) VectorExtractDynamic 159 37
             162:  150(fvec2) CompositeConstruct 160 161
             163:     55(ptr) AccessChain 34(outs) 42
             164:    9(fvec4) Load 163
             165:    9(fvec4) VectorShuffle 164 162 4 5 2 3
                              Store 163 165
             166:     55(ptr) AccessChain 23(pa) 42
             167:     55(ptr) AccessChain 23(pa) 37
             168:    9(fvec4) Load 167
             169:    9(fvec4) Load 166
             170:    6(float) VectorExtractDynamic 169 12
             172:   171(ivec) Bitcast 170
             174:    149(int) BitwiseOr 172 173
             175:    6(float) Bitcast 174
             176:     55(ptr) AccessChain 34(outs) 42
             177:    9(fvec4) Load 176
             178:    9(fvec4) VectorInsertDynamic 177 175 12
                              Store 176 178
                              Line 1 3 0
             179:     55(ptr) AccessChain 24(sa) 42
             180:     55(ptr) AccessChain 24(sa) 42
             181:    9(fvec4) Load 180
             182:    9(fvec4) Load 179
             183:    6(float) VectorExtractDynamic 182 42
             184:     55(ptr) AccessChain 34(outs) 42
             185:    9(fvec4) Load 184
             186:    9(fvec4) VectorInsertDynamic 185 183 16
                              Store 184 186
             187:           2 FunctionCall 105(vert_output_finalize)
                              Return
                              FunctionEnd

[16:49:16.693] |D| [shader::convert_gxp_to_glsl]: Generated GLSL:
#version 420
#extension GL_ARB_fragment_shader_interlock : require
// Shader Name: 3269a9b15bcb6653956ef3b302d7bde0b27212f53c87f675ace590f1e15751e8

layout(binding = 0, std140) uniform vert_defaultUniformBuffer
{
    vec4 data[1];
} buffer0;

uniform float viewport_flag;
uniform float screen_width;
uniform float screen_height;
uniform vec4 flip_vec;

in vec4 IN_position;
vec4 pa[32];
vec4 sa[32];
vec4 internals[3];
vec4 r[20];
bool p[4];
int idx[2];
vec4 outs[12];
float memory[5];

void vert_output_finalize()
{
    vec4 _113 = outs[0] * flip_vec;
    if (viewport_flag < 0.5)
    {
        gl_Position = (_113 * vec4(2.0 / screen_width, (-2.0) / screen_height, 1.0, 1.0)) + vec4(-1.0, 1.0, 0.0, 0.0);
    }
    else
    {
        gl_Position = _113;
    }
}

void block_prim_0()
{
    vec2 _162 = vec2(pa[0].x, pa[0].y);
    outs[0] = vec4(_162.x, _162.y, outs[0].z, outs[0].w);
    vec4 _178 = outs[0];
    _178.w = uintBitsToFloat(floatBitsToUint(pa[0].w) | 0u);
    outs[0] = _178;
    vec4 _186 = outs[0];
    _186.z = sa[0].x;
    outs[0] = _186;
    vert_output_finalize();
}

void main()
{
    int i = 0;
    while (i < 1)
    {
        sa[i + 0] = buffer0.data[i];
        i++;
    }
    i = 0;
    while (i < 1)
    {
        int _73 = 4 * i;
        memory[(_73 + 0) + 0] = buffer0.data[i].x;
        memory[(_73 + 1) + 0] = buffer0.data[i].y;
        memory[(_73 + 2) + 0] = buffer0.data[i].z;
        memory[(_73 + 3) + 0] = buffer0.data[i].w;
        i++;
    }
    pa[0] = IN_position;
    int i_1 = 0;
    while (i_1 < 12)
    {
        outs[i_1] = vec4(0.0);
        i_1++;
    }
    block_prim_0();
}


[16:49:16.699] |I| [renderer::gl::load_shader]: Generating frag shader c53a3e0d6209ccf7871f113382da8b12f32638efe470a36f13cf7a6a094f03b8
