[18:04:29.299] |I| [config::init_config]: backend-renderer: Vulkan
[18:04:29.300] |I| [config::init_config]: log-level: 0
[18:04:29.445] |I| [SDL_main]: Vita3K v0.1.6 2957-4343481c
[18:04:29.445] |I| [SDL_main]: Number of logical CPU cores: 12
[18:04:29.445] |I| [SDL_main]: Available ram memory: 16332 MiB
[18:04:29.596] |I| [renderer::vulkan::VKState::create]: Vulkan device: NVIDIA GeForce RTX 3060 Ti
[18:04:29.597] |I| [renderer::vulkan::VKState::create]: Driver version: 527.56.0.0
[18:04:30.054] |I| [renderer::vulkan::ScreenRenderer::setup]: Present mode: Mailbox
[18:04:39.728] |I| [load_app_impl]: cpu-backend: Dynarmic
[18:04:39.729] |I| [load_app_impl]: CPU Optimisation state: true
[18:04:39.729] |I| [load_app_impl]: ngs state: true
[18:04:39.729] |I| [load_app_impl]: Resolution multiplier: 1
[18:04:39.729] |I| [load_app_impl]: modules mode: Automatic
[18:04:39.729] |I| [load_app_impl]: Title: EA SPORTS™ FIFA Football Demo
[18:04:39.729] |I| [load_app_impl]: Serial: PCSB00086
[18:04:39.730] |I| [load_app_impl]: Version: 1.00
[18:04:39.730] |I| [load_app_impl]: Category: gd
[18:04:39.743] |I| [load_self]: app0:sce_module/libc.suprx: Skipping special segment 0x6FFFFF01...
[18:04:39.743] |I| [load_self]: Loaded module segment 0 @ [0x00004000 - 0x0003FF34 / 0x81000000] (size: 0x0003BF34) of module app0:sce_module/libc.suprx
[18:04:39.743] |I| [load_self]: Loaded module segment 1 @ [0x00040000 - 0x0004233C / 0x8103C000] (size: 0x0000233C) of module app0:sce_module/libc.suprx
[18:04:39.744] |I| [load_self]: Linking SELF app0:sce_module/libc.suprx...
[18:04:39.744] |D| [load_var_exports]: 	NID 0x6C2224BA (NID_MODULE_INFO) at 0x31A70
[18:04:39.744] |W| [load_var_imports]: 	NID NOT FOUND 0xDF084DFA (UNRECOGNISED) at 0x35220, setting to stub value 0xDEADBEEF
[18:04:39.745] |I| [pre_load_module]: Pre-load module SceLibc (at "sce_module/libc.suprx") loaded
[18:04:39.754] |I| [load_self]: app0:sce_module/libfios2.suprx: Skipping special segment 0x6FFFFF01...
[18:04:39.754] |I| [load_self]: Loaded module segment 0 @ [0x00044000 - 0x00065D98 / 0x81000000] (size: 0x00021D98) of module app0:sce_module/libfios2.suprx
[18:04:39.754] |I| [load_self]: Loaded module segment 1 @ [0x00066000 - 0x0006B22C / 0x81022000] (size: 0x0000522C) of module app0:sce_module/libfios2.suprx
[18:04:39.755] |I| [load_self]: Linking SELF app0:sce_module/libfios2.suprx...
[18:04:39.756] |D| [load_var_exports]: 	NID 0x6C2224BA (NID_MODULE_INFO) at 0x5F78C
[18:04:39.756] |I| [pre_load_module]: Pre-load module SceLibFios2 (at "sce_module/libfios2.suprx") loaded
[18:04:39.763] |I| [load_self]: app0:sce_module/libult.suprx: Skipping special segment 0x6FFFFF01...
[18:04:39.763] |I| [load_self]: Loaded module segment 0 @ [0x0006C000 - 0x000806AC / 0x81000000] (size: 0x000146AC) of module app0:sce_module/libult.suprx
[18:04:39.764] |I| [load_self]: Loaded module segment 1 @ [0x00081000 - 0x00081810 / 0x81015000] (size: 0x00000810) of module app0:sce_module/libult.suprx
[18:04:39.765] |I| [load_self]: Linking SELF app0:sce_module/libult.suprx...
[18:04:39.765] |D| [load_var_exports]: 	NID 0x6C2224BA (NID_MODULE_INFO) at 0x7D390
[18:04:39.766] |I| [pre_load_module]: Pre-load module SceUlt (at "sce_module/libult.suprx") loaded
[18:04:39.777] |I| [load_self]: Loaded module segment 0 @ [0x00082000 - 0x000D2F04 / 0x81000000] (size: 0x00050F04) of module vs0:sys/external/libSceFt2.suprx
[18:04:39.778] |I| [load_self]: Loaded module segment 1 @ [0x000D3000 - 0x000D32F4 / 0x81051000] (size: 0x000002F4) of module vs0:sys/external/libSceFt2.suprx
[18:04:39.779] |I| [load_self]: Linking SELF vs0:sys/external/libSceFt2.suprx...
[18:04:39.780] |D| [load_var_exports]: 	NID 0x936C8A78 (SYSLYB) at 0xBE7DC
[18:04:39.780] |D| [load_var_exports]: 	NID 0x6C2224BA (NID_MODULE_INFO) at 0xBDF10
[18:04:39.781] |W| [load_var_imports]: 	NID NOT FOUND 0x93B8AA67 (__stack_chk_guard) at 0xD2EE0, setting to stub value 0xDEADBEEF
[18:04:39.784] |I| [pre_load_module]: Pre-load module SceLibft2 (at "sys/external/libSceFt2.suprx") loaded
[18:04:39.788] |I| [load_self]: Loaded module segment 0 @ [0x000D5000 - 0x000E4F14 / 0x81000000] (size: 0x0000FF14) of module vs0:sys/external/libpvf.suprx
[18:04:39.788] |I| [load_self]: Loaded module segment 1 @ [0x000E5000 - 0x000E5008 / 0x81010000] (size: 0x00000008) of module vs0:sys/external/libpvf.suprx
[18:04:39.789] |I| [load_self]: Linking SELF vs0:sys/external/libpvf.suprx...
[18:04:39.790] |D| [load_var_exports]: 	NID 0x936C8A78 (SYSLYB) at 0xE3710
[18:04:39.790] |D| [load_var_exports]: 	NID 0x6C2224BA (NID_MODULE_INFO) at 0xE3300
[18:04:39.791] |I| [pre_load_module]: Pre-load module SceLibPvf (at "sys/external/libpvf.suprx") loaded
[18:04:40.380] |I| [load_self]: app0:eboot.bin: Skipping special segment 0x6FFFFF01...
[18:04:40.380] |I| [load_self]: Loaded module segment 0 @ [0x81000000 - 0x82414824 / 0x81000000] (size: 0x01414824) of module app0:eboot.bin
[18:04:40.381] |I| [load_self]: Loaded module segment 1 @ [0x82415000 - 0x826B56B0 / 0x82415000] (size: 0x002A06B0) of module app0:eboot.bin
[18:04:40.382] |I| [load_self]: Linking SELF app0:eboot.bin...
[18:04:40.383] |D| [load_var_exports]: 	NID 0x6C2224BA (NID_MODULE_INFO) at 0x820F5844
[18:04:40.383] |D| [load_var_exports]: 	NID 0x70FBA1E7 (SCE_PROC_PARAMS) at 0x82416EEC
[18:04:40.384] |I| [load_app_impl]: Main executable fifazf (eboot.bin) loaded
[18:04:40.406] |D| [run_app]: Running module_start of library: SceLibc at address 0x45E5
[18:04:40.429] |I| [export_sceIoOpen]: Opening file: tty0:
[18:04:40.429] |T| [open_file]: sceIoOpen: Opening terminal tty0:
[18:04:40.429] |I| [export_sceIoOpen]: Opening file: tty0:
[18:04:40.430] |T| [open_file]: sceIoOpen: Opening terminal tty0:
[18:04:40.430] |I| [export_sceIoOpen]: Opening file: tty1:
[18:04:40.431] |T| [open_file]: sceIoOpen: Opening terminal tty1:
[18:04:40.438] |I| [run_app]: Module SceLibc (at "app0:sce_module/libc.suprx") module_start returned 0x0
[18:04:40.443] |D| [run_app]: Running module_start of library: SceLibFios2 at address 0x44001
[18:04:40.462] |I| [run_app]: Module SceLibFios2 (at "app0:sce_module/libfios2.suprx") module_start returned 0x0
[18:04:40.468] |D| [run_app]: Running module_start of library: SceUlt at address 0x6FD69
[18:04:40.486] |I| [run_app]: Module SceUlt (at "app0:sce_module/libult.suprx") module_start returned 0x0
[18:04:41.257] |W| [unimplemented_impl]: Unimplemented sceAppUtilInit import called.
[18:04:41.260] |T| [log_import_call]: [LLE] TID: 7   FUNC: 0xEE681E1D sceFiosFHOpenWithModeSync at 0x31A64
[18:04:41.261] |I| [export_sceIoOpen]: Opening file: app0:/memoryfw.ini
[18:04:41.261] |E| [open_file]: Missing file at C:/Users/arthu/AppData/Roaming/Vita3K/Vita3K/ux0/app/PCSB00086/memoryfw.ini (target path: app0:/memoryfw.ini)
[18:04:41.262] |W| [io_error_impl]: open_file (sceIoOpen) returned 0x80010002
[18:04:41.415] |W| [stubbed_impl]: Stubbed sceSslInit import called. (ignore poolSize)
[18:04:41.416] |W| [stubbed_impl]: Stubbed sceHttpInit import called. (ignore poolSize)
[18:04:41.422] |W| [unimplemented_impl]: Unimplemented sceKernelGetMutexInfo import called.
[18:04:42.495] |E| [logging::ret_error_impl]: _sceKernelWaitSema returned SCE_KERNEL_ERROR_WAIT_TIMEOUT (0x80028005)
[18:04:42.496] |W| [unimplemented_impl]: Unimplemented sceKernelCancelSema import called.
[18:04:51.670] |I| [export_sceIoOpen]: Opening file: app0:/data0.big
[18:04:51.671] |T| [open_file]: sceIoOpen: Opening file app0:/data0.big (ux0:/app/PCSB00086/data0.big), fd: 0x3
[18:04:51.672] |T| [close_file]: sceIoClose: Closing file fd: 0x3
[18:04:56.745] |I| [export_sceIoOpen]: Opening file: app0:/data0.bh
[18:04:56.745] |T| [open_file]: sceIoOpen: Opening file app0:/data0.bh (ux0:/app/PCSB00086/data0.bh), fd: 0x4
[18:04:56.773] |T| [close_file]: sceIoClose: Closing file fd: 0x4
[18:05:01.796] |I| [export_sceIoOpen]: Opening file: app0:/data0.big
[18:05:01.796] |T| [open_file]: sceIoOpen: Opening file app0:/data0.big (ux0:/app/PCSB00086/data0.big), fd: 0x5
[18:05:06.822] |I| [export_sceIoOpen]: Opening file: app0:/data/loc/locale.big
[18:05:06.823] |T| [open_file]: sceIoOpen: Opening file app0:/data/loc/locale.big (ux0:/app/PCSB00086/data/loc/locale.big), fd: 0x6
[18:05:06.824] |T| [close_file]: sceIoClose: Closing file fd: 0x6
