[01:48:28.621] |I| [config::init_config]: backend-renderer: OpenGL
[01:48:28.623] |I| [config::init_config]: hardware-flip: enabled
[01:48:28.623] |I| [config::init_config]: lle-modules: libpgf,libpvf,libsas,libatrac
[01:48:28.623] |I| [config::init_config]: log-level: 0
[01:48:28.629] |I| [SDL_main]: Vita3K v0.1 1395-76189aa5
[01:48:29.485] |I| [renderer::gl::create]: Swap interval = -1
[01:48:29.487] |I| [renderer::gl::create]: GPU = Radeon (TM) 520
[01:48:29.487] |I| [renderer::gl::create]: GL_VERSION = 4.5.13587 Core Profile Context 20.4.1 26.20.15029.20013
[01:48:29.488] |I| [renderer::gl::create]: GL_SHADING_LANGUAGE_VERSION = 4.60
[01:48:29.488] |I| [renderer::gl::create]: Your GPU only supports texture barrier, performance may not be good on programmable blending games.
[01:48:29.488] |W| [renderer::gl::create]: Consider updating to GPU that has shader interlock.
[01:48:29.810] |I| [gui::init_icons]: Default icon found for title TESTEEEEE, TESTEEEEE.
[01:48:52.390] |I| [load_app_impl]: Title: Energy Invasion
[01:48:52.391] |I| [load_app_impl]: Serial: PCSE01192
[01:48:52.392] |I| [load_app_impl]: Version: 01.00
[01:48:52.393] |I| [load_app_impl]: Category: gd
[01:48:52.482] |C| [load_self]: Unknown segment type 0x6FFFFF01
[01:48:52.483] |I| [load_self]: Loaded module segment 0 @ [0x00001000 - 0x000528A4] (size: 0x000518A4) of module app0:sce_module/libc.suprx
[01:48:52.484] |I| [load_self]: Loaded module segment 1 @ [0x00053000 - 0x000558A0] (size: 0x000028A0) of module app0:sce_module/libc.suprx
[01:48:52.484] |I| [load_self]: Loading symbols for SELF: app0:sce_module/libc.suprx
[01:48:52.485] |D| [load_var_exports]: 	NID 0x936C8A78 (SYSLYB) at 0x48314
[01:48:52.486] |D| [load_var_exports]: 	NID 0x6C2224BA (NID_MODULE_INFO) at 0x3D4DC
[01:48:52.486] |W| [load_var_imports]: 	NID NOT FOUND 0x93B8AA67 (__stack_chk_guard) at 0x4163C, setting to stub value 0xDEADBEEF
[01:48:52.487] |W| [load_var_imports]: 	NID NOT FOUND 0xDF084DFA (UNRECOGNISED) at 0x431D0, setting to stub value 0xDEADBEEF
[01:48:52.487] |I| [load_app_impl]: Pre-load module SceLibc (at "sce_module/libc.suprx") loaded
[01:48:52.508] |C| [load_self]: Unknown segment type 0x6FFFFF01
[01:48:52.509] |I| [load_self]: Loaded module segment 0 @ [0x00058000 - 0x00084CBF] (size: 0x0002CCBF) of module app0:sce_module/libfios2.suprx
[01:48:52.510] |I| [load_self]: Loaded module segment 1 @ [0x00085000 - 0x0008A255] (size: 0x00005255) of module app0:sce_module/libfios2.suprx
[01:48:52.513] |I| [load_self]: Loading symbols for SELF: app0:sce_module/libfios2.suprx
[01:48:52.514] |D| [load_var_exports]: 	NID 0x936C8A78 (SYSLYB) at 0x84BC8
[01:48:52.515] |D| [load_var_exports]: 	NID 0x6C2224BA (NID_MODULE_INFO) at 0x7BF08
[01:48:52.516] |I| [load_app_impl]: Pre-load module SceLibFios2 (at "sce_module/libfios2.suprx") loaded
[01:48:52.548] |C| [load_self]: Unknown segment type 0x6FFFFF01
[01:48:52.549] |I| [load_self]: Loaded module segment 0 @ [0x0008B000 - 0x0009E9BC] (size: 0x000139BC) of module app0:sce_module/libult.suprx
[01:48:52.553] |I| [load_self]: Loaded module segment 1 @ [0x0009F000 - 0x0009F814] (size: 0x00000814) of module app0:sce_module/libult.suprx
[01:48:52.557] |I| [load_self]: Loading symbols for SELF: app0:sce_module/libult.suprx
[01:48:52.560] |D| [load_var_exports]: 	NID 0x936C8A78 (SYSLYB) at 0x9D2E8
[01:48:52.562] |D| [load_var_exports]: 	NID 0x6C2224BA (NID_MODULE_INFO) at 0x9A870
[01:48:52.564] |W| [load_var_imports]: 	NID NOT FOUND 0x936A5F31 (_pLibPerfCaptureFlagPtr) at 0x9B0BC, setting to stub value 0xDEADBEEF
[01:48:52.567] |I| [load_app_impl]: Pre-load module SceUlt (at "sce_module/libult.suprx") loaded
[01:48:53.691] |C| [load_self]: Unknown segment type 0x6FFFFF01
[01:48:53.692] |I| [load_self]: Loaded module segment 0 @ [0x000A1000 - 0x013B5834] (size: 0x01314834) of module app0:eboot.bin
[01:48:53.693] |I| [load_self]: Loaded module segment 1 @ [0x013B6000 - 0x014D45B0] (size: 0x0011E5B0) of module app0:eboot.bin
[01:48:53.695] |I| [load_self]: Loading symbols for SELF: app0:eboot.bin
[01:48:53.697] |D| [load_var_exports]: 	NID 0x6C2224BA (NID_MODULE_INFO) at 0x115DB30
[01:48:53.698] |D| [load_var_exports]: 	NID 0x70FBA1E7 (SCE_PROC_PARAMS) at 0x13CDF34
[01:48:53.699] |D| [load_var_exports]: 	NID 0x936C8A78 (SYSLYB) at 0x1308D14
[01:48:53.699] |W| [load_var_imports]: 	NID NOT FOUND 0x338B0BD1 (UNRECOGNISED) at 0x11BFEAC, setting to stub value 0xDEADBEEF
[01:48:53.701] |W| [load_var_imports]: 	NID NOT FOUND 0x3A451B91 (UNRECOGNISED) at 0x11BFE98, setting to stub value 0xDEADBEEF
[01:48:53.706] |W| [load_var_imports]: 	NID NOT FOUND 0x550DFE23 (UNRECOGNISED) at 0x11BFEC0, setting to stub value 0xDEADBEEF
[01:48:53.707] |W| [load_var_imports]: 	NID NOT FOUND 0x56354517 (UNRECOGNISED) at 0x11BFE60, setting to stub value 0xDEADBEEF
[01:48:53.708] |W| [load_var_imports]: 	NID NOT FOUND 0x5EF67445 (UNRECOGNISED) at 0x11BFF24, setting to stub value 0xDEADBEEF
[01:48:53.710] |W| [load_var_imports]: 	NID NOT FOUND 0x6ACA1D57 (UNRECOGNISED) at 0x11BFEE8, setting to stub value 0xDEADBEEF
[01:48:53.713] |W| [load_var_imports]: 	NID NOT FOUND 0x71A78083 (UNRECOGNISED) at 0x11BFE84, setting to stub value 0xDEADBEEF
[01:48:53.716] |W| [load_var_imports]: 	NID NOT FOUND 0x79F9DB75 (UNRECOGNISED) at 0x11BFED4, setting to stub value 0xDEADBEEF
[01:48:53.717] |W| [load_var_imports]: 	NID NOT FOUND 0xAA0340C3 (UNRECOGNISED) at 0x11BFEFC, setting to stub value 0xDEADBEEF
[01:48:53.719] |W| [load_var_imports]: 	NID NOT FOUND 0xF9A1DE92 (UNRECOGNISED) at 0x11BFF10, setting to stub value 0xDEADBEEF
[01:48:53.723] |W| [load_var_imports]: 	NID NOT FOUND 0x6EF1E48 (UNRECOGNISED) at 0x11BFF38, setting to stub value 0xDEADBEEF
[01:48:53.730] |I| [load_app_impl]: Main executable UnityPlayer_201711_Release (eboot.bin) loaded
[01:48:53.777] |D| [run_app]: Running module_start of library: SceLibc at address 0x1871
[01:48:53.789] |T| [open_file]: sceKernelGetStdin: Opening terminal tty0:
[01:48:53.790] |T| [open_file]: sceKernelGetStdout: Opening terminal tty0:
[01:48:53.791] |T| [open_file]: sceKernelGetStderr: Opening terminal tty0:
[01:48:53.806] |I| [run_app]: Module SceLibc (at "app0:sce_module/libc.suprx") module_start returned 0x0
[01:48:53.809] |D| [run_app]: Running module_start of library: SceLibFios2 at address 0x58001
[01:48:53.818] |W| [stubbed_impl]: Stubbed sceKernelGetProcessId import called. (pid: 0)
[01:48:53.819] |W| [unimplemented_impl]: Unimplemented sceFiosOverlayGetList02 import called.
[01:48:53.824] |I| [run_app]: Module SceLibFios2 (at "app0:sce_module/libfios2.suprx") module_start returned 0x0
[01:48:53.828] |D| [run_app]: Running module_start of library: SceUlt at address 0x8E771
[01:48:53.837] |W| [unimplemented_impl]: Unimplemented _sceUlobjMgrRegisterLibultProtocolRevision import called.
[01:48:53.838] |I| [run_app]: Module SceUlt (at "app0:sce_module/libult.suprx") module_start returned 0x0
[01:48:53.850] |W| [unimplemented_impl]: Unimplemented sceKernelRegisterThreadEventHandler import called.
[01:48:54.359] |W| [stubbed_impl]: Stubbed sceKernelGetFreeMemorySize import called. (Single pool)
[01:48:54.361] |W| [unimplemented_impl]: Unimplemented sceAppUtilInit import called.
[01:48:54.436] |T| [open_file]: sceKernelLoadStartModule: Opening file app0:/Media/Modules/pthread.suprx (ux0:/app/PCSE01192/Media/Modules/pthread.suprx), fd: 0x3
[01:48:54.446] |T| [seek_file]: sceKernelLoadStartModule: Seeking fd: 0x3, offset: 0x0, whence: SCE_SEEK_END
[01:48:54.451] |T| [seek_file]: sceKernelLoadStartModule: Seeking fd: 0x3, offset: 0x0, whence: SCE_SEEK_SET
[01:48:54.453] |T| [read_file]: sceKernelLoadStartModule: Reading 43872 bytes of fd 0x3
[01:48:54.459] |C| [load_self]: Unknown segment type 0x6FFFFF01
[01:48:54.462] |I| [load_self]: Loaded module segment 0 @ [0x01927000 - 0x0192DC9C] (size: 0x00006C9C) of module app0:/Media/Modules/pthread.suprx
[01:48:54.468] |I| [load_self]: Loaded module segment 1 @ [0x0192E000 - 0x01930178] (size: 0x00002178) of module app0:/Media/Modules/pthread.suprx
[01:48:54.477] |I| [load_self]: Loading symbols for SELF: app0:/Media/Modules/pthread.suprx
[01:48:54.480] |D| [load_var_exports]: 	NID 0x6C2224BA (NID_MODULE_INFO) at 0x192C7E4
[01:48:54.482] |D| [load_var_exports]: 	NID 0x936C8A78 (SYSLYB) at 0x192DC98
[01:48:54.486] |T| [close_file]: sceKernelLoadStartModule: Closing file fd: 0x3
[01:48:54.502] |I| [export_sceKernelLoadStartModule]: Module PTHREAD_PRX (at "app0:/Media/Modules/pthread.suprx") module_start returned 0x0
[01:48:54.533] |T| [open_file]: sceKernelLoadStartModule: Opening file app0:/Media/Modules/mono-vita.suprx (ux0:/app/PCSE01192/Media/Modules/mono-vita.suprx), fd: 0x4
[01:48:54.535] |T| [seek_file]: sceKernelLoadStartModule: Seeking fd: 0x4, offset: 0x0, whence: SCE_SEEK_END
[01:48:54.542] |T| [seek_file]: sceKernelLoadStartModule: Seeking fd: 0x4, offset: 0x0, whence: SCE_SEEK_SET
[01:48:54.591] |T| [read_file]: sceKernelLoadStartModule: Reading 3322428 bytes of fd 0x4
[01:48:54.600] |C| [load_self]: Unknown segment type 0x6FFFFF01
[01:48:54.602] |I| [load_self]: Loaded module segment 0 @ [0x01933000 - 0x01B87A34] (size: 0x00254A34) of module app0:/Media/Modules/mono-vita.suprx
[01:48:54.609] |I| [load_self]: Loaded module segment 1 @ [0x01B88000 - 0x01BEFD70] (size: 0x00067D70) of module app0:/Media/Modules/mono-vita.suprx
[01:48:54.615] |I| [load_self]: Loading symbols for SELF: app0:/Media/Modules/mono-vita.suprx
[01:48:54.619] |D| [load_var_exports]: 	NID 0x6C2224BA (NID_MODULE_INFO) at 0x1ACCF3C
[01:48:54.621] |D| [load_var_exports]: 	NID 0x936C8A78 (SYSLYB) at 0x1B6A54C
[01:48:54.627] |T| [close_file]: sceKernelLoadStartModule: Closing file fd: 0x4
[01:48:54.647] |I| [export_sceKernelLoadStartModule]: Module MONO (at "app0:/Media/Modules/mono-vita.suprx") module_start returned 0x0
[01:48:54.695] |T| [open_file]: sceKernelLoadStartModule: Opening file app0:/Media/Modules/MonoAssembliesPSP2.suprx (ux0:/app/PCSE01192/Media/Modules/MonoAssembliesPSP2.suprx), fd: 0x5
[01:48:54.700] |T| [seek_file]: sceKernelLoadStartModule: Seeking fd: 0x5, offset: 0x0, whence: SCE_SEEK_END
[01:48:54.708] |T| [seek_file]: sceKernelLoadStartModule: Seeking fd: 0x5, offset: 0x0, whence: SCE_SEEK_SET
[01:48:55.129] |T| [read_file]: sceKernelLoadStartModule: Reading 31735036 bytes of fd 0x5
[01:48:55.196] |C| [load_self]: Unknown segment type 0x6FFFFF01
[01:48:55.197] |I| [load_self]: Loaded module segment 0 @ [0x01BF1000 - 0x0348D940] (size: 0x0189C940) of module app0:/Media/Modules/MonoAssembliesPSP2.suprx
[01:48:55.200] |I| [load_self]: Loaded module segment 1 @ [0x0348E000 - 0x03869F10] (size: 0x003DBF10) of module app0:/Media/Modules/MonoAssembliesPSP2.suprx
[01:48:55.205] |I| [load_self]: Loading symbols for SELF: app0:/Media/Modules/MonoAssembliesPSP2.suprx
[01:48:55.210] |D| [load_var_exports]: 	NID 0x6C2224BA (NID_MODULE_INFO) at 0x3379474
[01:48:55.212] |D| [load_var_exports]: 	NID 0x936C8A78 (SYSLYB) at 0x348D93C
[01:48:55.214] |T| [close_file]: sceKernelLoadStartModule: Closing file fd: 0x5
[01:48:55.239] |I| [export_sceKernelLoadStartModule]: Module MonoAssembliesPSP2 (at "app0:/Media/Modules/MonoAssembliesPSP2.suprx") module_start returned 0x0
[01:48:55.272] |T| [open_file]: sceKernelLoadStartModule: Opening file app0:/Media/Modules/SUPRXManager.suprx (ux0:/app/PCSE01192/Media/Modules/SUPRXManager.suprx), fd: 0x6
[01:48:55.276] |T| [seek_file]: sceKernelLoadStartModule: Seeking fd: 0x6, offset: 0x0, whence: SCE_SEEK_END
[01:48:55.279] |T| [seek_file]: sceKernelLoadStartModule: Seeking fd: 0x6, offset: 0x0, whence: SCE_SEEK_SET
[01:48:55.281] |T| [read_file]: sceKernelLoadStartModule: Reading 29016 bytes of fd 0x6
[01:48:55.283] |C| [load_self]: Unknown segment type 0x6FFFFF01
[01:48:55.286] |I| [load_self]: Loaded module segment 0 @ [0x0386B000 - 0x038706E0] (size: 0x000056E0) of module app0:/Media/Modules/SUPRXManager.suprx
[01:48:55.292] |I| [load_self]: Loaded module segment 1 @ [0x01931000 - 0x01931044] (size: 0x00000044) of module app0:/Media/Modules/SUPRXManager.suprx
[01:48:55.297] |I| [load_self]: Loading symbols for SELF: app0:/Media/Modules/SUPRXManager.suprx
[01:48:55.298] |D| [load_var_exports]: 	NID 0x6C2224BA (NID_MODULE_INFO) at 0x386FFB8
[01:48:55.301] |D| [load_var_exports]: 	NID 0x936C8A78 (SYSLYB) at 0x3870624
[01:48:55.305] |T| [close_file]: sceKernelLoadStartModule: Closing file fd: 0x6
[01:48:55.330] |I| [export_sceKernelLoadStartModule]: Module SUPRXManager (at "app0:/Media/Modules/SUPRXManager.suprx") module_start returned 0x0
[01:48:55.561] |W| [unimplemented_impl]: Unimplemented sceKernelChangeThreadVfpException import called.
[01:48:55.562] |W| [unimplemented_impl]: Unimplemented sceFiosOverlayThreadSetDisabled02 import called.
[01:48:55.614] |W| [unimplemented_impl]: Unimplemented sceFiosOverlayGetRecommendedScheduler02 import called.
[01:48:55.621] |I| [export_sceIoOpen]: Opening file: app0:/archive.psarc
[01:48:55.622] |E| [open_file]: Missing file at G:/Vita3K/ux0/app/PCSE01192/archive.psarc (target path: app0:/archive.psarc)
[01:48:55.625] |W| [io_error_impl]: open_file (sceIoOpen) returned 0x80010002
[01:48:55.648] |I| [export_sceIoOpen]: Opening file: app0:/archive_patch.psarc
[01:48:55.649] |E| [open_file]: Missing file at G:/Vita3K/ux0/app/PCSE01192/archive_patch.psarc (target path: app0:/archive_patch.psarc)
[01:48:55.651] |W| [io_error_impl]: open_file (sceIoOpen) returned 0x80010002
[01:48:55.660] |T| [open_dir]: sceIoDopen: Opening dir app0:/Media (ux0:/app/PCSE01192/Media), fd: 0x7
[01:48:55.666] |T| [read_dir]: sceIoDread: Reading entry app0:/Media/boot.config of fd: 0x7
[01:48:55.668] |T| [stat_file]: sceIoDread: Statting file: app0:/Media/boot.config (ux0:/app/PCSE01192/Media/boot.config)
[01:48:55.677] |T| [read_dir]: sceIoDread: Reading entry app0:/Media/globalgamemanagers of fd: 0x7
[01:48:55.678] |T| [stat_file]: sceIoDread: Statting file: app0:/Media/globalgamemanagers (ux0:/app/PCSE01192/Media/globalgamemanagers)
[01:48:55.687] |T| [read_dir]: sceIoDread: Reading entry app0:/Media/globalgamemanagers.assets of fd: 0x7
[01:48:55.688] |T| [stat_file]: sceIoDread: Statting file: app0:/Media/globalgamemanagers.assets (ux0:/app/PCSE01192/Media/globalgamemanagers.assets)
[01:48:55.692] |T| [read_dir]: sceIoDread: Reading entry app0:/Media/level0 of fd: 0x7
[01:48:55.693] |T| [stat_file]: sceIoDread: Statting file: app0:/Media/level0 (ux0:/app/PCSE01192/Media/level0)
[01:48:55.695] |T| [read_dir]: sceIoDread: Reading entry app0:/Media/level0.resS of fd: 0x7
[01:48:55.696] |T| [stat_file]: sceIoDread: Statting file: app0:/Media/level0.resS (ux0:/app/PCSE01192/Media/level0.resS)
[01:48:55.701] |T| [read_dir]: sceIoDread: Reading entry app0:/Media/level1 of fd: 0x7
[01:48:55.702] |T| [stat_file]: sceIoDread: Statting file: app0:/Media/level1 (ux0:/app/PCSE01192/Media/level1)
[01:48:55.705] |T| [read_dir]: sceIoDread: Reading entry app0:/Media/level1.resS of fd: 0x7
[01:48:55.707] |T| [stat_file]: sceIoDread: Statting file: app0:/Media/level1.resS (ux0:/app/PCSE01192/Media/level1.resS)
[01:48:55.711] |T| [read_dir]: sceIoDread: Reading entry app0:/Media/level2 of fd: 0x7
[01:48:55.712] |T| [stat_file]: sceIoDread: Statting file: app0:/Media/level2 (ux0:/app/PCSE01192/Media/level2)
[01:48:55.715] |T| [read_dir]: sceIoDread: Reading entry app0:/Media/level3 of fd: 0x7
[01:48:55.716] |T| [stat_file]: sceIoDread: Statting file: app0:/Media/level3 (ux0:/app/PCSE01192/Media/level3)
[01:48:55.718] |T| [read_dir]: sceIoDread: Reading entry app0:/Media/level4 of fd: 0x7
[01:48:55.723] |T| [stat_file]: sceIoDread: Statting file: app0:/Media/level4 (ux0:/app/PCSE01192/Media/level4)
[01:48:55.726] |T| [read_dir]: sceIoDread: Reading entry app0:/Media/level5 of fd: 0x7
[01:48:55.727] |T| [stat_file]: sceIoDread: Statting file: app0:/Media/level5 (ux0:/app/PCSE01192/Media/level5)
[01:48:55.730] |T| [read_dir]: sceIoDread: Reading entry app0:/Media/level5.resS of fd: 0x7
[01:48:55.731] |T| [stat_file]: sceIoDread: Statting file: app0:/Media/level5.resS (ux0:/app/PCSE01192/Media/level5.resS)
[01:48:55.733] |T| [read_dir]: sceIoDread: Reading entry app0:/Media/Managed of fd: 0x7
[01:48:55.735] |T| [stat_file]: sceIoDread: Statting file: app0:/Media/Managed (ux0:/app/PCSE01192/Media/Managed)
[01:48:55.741] |T| [read_dir]: sceIoDread: Reading entry app0:/Media/Modules of fd: 0x7
[01:48:55.742] |T| [stat_file]: sceIoDread: Statting file: app0:/Media/Modules (ux0:/app/PCSE01192/Media/Modules)
[01:48:55.745] |T| [read_dir]: sceIoDread: Reading entry app0:/Media/Plugins of fd: 0x7
[01:48:55.746] |T| [stat_file]: sceIoDread: Statting file: app0:/Media/Plugins (ux0:/app/PCSE01192/Media/Plugins)
[01:48:55.748] |T| [read_dir]: sceIoDread: Reading entry app0:/Media/Resources of fd: 0x7
[01:48:55.750] |T| [stat_file]: sceIoDread: Statting file: app0:/Media/Resources (ux0:/app/PCSE01192/Media/Resources)
[01:48:55.752] |T| [read_dir]: sceIoDread: Reading entry app0:/Media/resources.assets of fd: 0x7
[01:48:55.754] |T| [stat_file]: sceIoDread: Statting file: app0:/Media/resources.assets (ux0:/app/PCSE01192/Media/resources.assets)
[01:48:55.760] |T| [read_dir]: sceIoDread: Reading entry app0:/Media/resources.assets.resS of fd: 0x7
[01:48:55.761] |T| [stat_file]: sceIoDread: Statting file: app0:/Media/resources.assets.resS (ux0:/app/PCSE01192/Media/resources.assets.resS)
[01:48:55.764] |T| [read_dir]: sceIoDread: Reading entry app0:/Media/resources.resource of fd: 0x7
[01:48:55.766] |T| [stat_file]: sceIoDread: Statting file: app0:/Media/resources.resource (ux0:/app/PCSE01192/Media/resources.resource)
[01:48:55.772] |T| [read_dir]: sceIoDread: Reading entry app0:/Media/sharedassets0.assets of fd: 0x7
[01:48:55.790] |T| [stat_file]: sceIoDread: Statting file: app0:/Media/sharedassets0.assets (ux0:/app/PCSE01192/Media/sharedassets0.assets)
[01:48:55.793] |T| [read_dir]: sceIoDread: Reading entry app0:/Media/sharedassets0.assets.resS of fd: 0x7
[01:48:55.794] |T| [stat_file]: sceIoDread: Statting file: app0:/Media/sharedassets0.assets.resS (ux0:/app/PCSE01192/Media/sharedassets0.assets.resS)
[01:48:55.798] |T| [read_dir]: sceIoDread: Reading entry app0:/Media/sharedassets0.resource of fd: 0x7
[01:48:55.798] |T| [stat_file]: sceIoDread: Statting file: app0:/Media/sharedassets0.resource (ux0:/app/PCSE01192/Media/sharedassets0.resource)
[01:48:55.801] |T| [read_dir]: sceIoDread: Reading entry app0:/Media/sharedassets1.assets of fd: 0x7
[01:48:55.804] |T| [stat_file]: sceIoDread: Statting file: app0:/Media/sharedassets1.assets (ux0:/app/PCSE01192/Media/sharedassets1.assets)
[01:48:55.809] |T| [read_dir]: sceIoDread: Reading entry app0:/Media/sharedassets1.assets.resS of fd: 0x7
[01:48:55.809] |T| [stat_file]: sceIoDread: Statting file: app0:/Media/sharedassets1.assets.resS (ux0:/app/PCSE01192/Media/sharedassets1.assets.resS)
[01:48:55.812] |T| [read_dir]: sceIoDread: Reading entry app0:/Media/sharedassets2.assets of fd: 0x7
[01:48:55.812] |T| [stat_file]: sceIoDread: Statting file: app0:/Media/sharedassets2.assets (ux0:/app/PCSE01192/Media/sharedassets2.assets)
[01:48:55.816] |T| [read_dir]: sceIoDread: Reading entry app0:/Media/sharedassets2.assets.resS of fd: 0x7
[01:48:55.819] |T| [stat_file]: sceIoDread: Statting file: app0:/Media/sharedassets2.assets.resS (ux0:/app/PCSE01192/Media/sharedassets2.assets.resS)
[01:48:55.823] |T| [read_dir]: sceIoDread: Reading entry app0:/Media/sharedassets2.resource of fd: 0x7
[01:48:55.825] |T| [stat_file]: sceIoDread: Statting file: app0:/Media/sharedassets2.resource (ux0:/app/PCSE01192/Media/sharedassets2.resource)
[01:48:55.829] |T| [read_dir]: sceIoDread: Reading entry app0:/Media/sharedassets3.assets of fd: 0x7
[01:48:55.830] |T| [stat_file]: sceIoDread: Statting file: app0:/Media/sharedassets3.assets (ux0:/app/PCSE01192/Media/sharedassets3.assets)
[01:48:55.832] |T| [read_dir]: sceIoDread: Reading entry app0:/Media/sharedassets3.assets.resS of fd: 0x7
[01:48:55.834] |T| [stat_file]: sceIoDread: Statting file: app0:/Media/sharedassets3.assets.resS (ux0:/app/PCSE01192/Media/sharedassets3.assets.resS)
[01:48:55.841] |T| [read_dir]: sceIoDread: Reading entry app0:/Media/sharedassets4.assets of fd: 0x7
[01:48:55.842] |T| [stat_file]: sceIoDread: Statting file: app0:/Media/sharedassets4.assets (ux0:/app/PCSE01192/Media/sharedassets4.assets)
[01:48:55.846] |T| [read_dir]: sceIoDread: Reading entry app0:/Media/sharedassets4.assets.resS of fd: 0x7
[01:48:55.848] |T| [stat_file]: sceIoDread: Statting file: app0:/Media/sharedassets4.assets.resS (ux0:/app/PCSE01192/Media/sharedassets4.assets.resS)
[01:48:55.850] |T| [read_dir]: sceIoDread: Reading entry app0:/Media/sharedassets5.assets of fd: 0x7
[01:48:55.851] |T| [stat_file]: sceIoDread: Statting file: app0:/Media/sharedassets5.assets (ux0:/app/PCSE01192/Media/sharedassets5.assets)
[01:48:55.858] |T| [read_dir]: sceIoDread: Reading entry app0:/Media/sharedassets5.assets.resS of fd: 0x7
[01:48:55.859] |T| [stat_file]: sceIoDread: Statting file: app0:/Media/sharedassets5.assets.resS (ux0:/app/PCSE01192/Media/sharedassets5.assets.resS)
[01:48:55.862] |T| [read_dir]: sceIoDread: Reading entry app0:/Media/StreamingAssets of fd: 0x7
[01:48:55.862] |T| [stat_file]: sceIoDread: Statting file: app0:/Media/StreamingAssets (ux0:/app/PCSE01192/Media/StreamingAssets)
[01:48:55.867] |T| [close_dir]: sceIoDclose: Closing dir fd: 0x7
[01:48:55.888] |T| [open_dir]: sceIoDopen: Opening dir app0:/Media/Managed (ux0:/app/PCSE01192/Media/Managed), fd: 0x8
[01:48:55.892] |T| [read_dir]: sceIoDread: Reading entry app0:/Media/Managed/Assembly-CSharp-firstpass.dll of fd: 0x8
[01:48:55.892] |T| [stat_file]: sceIoDread: Statting file: app0:/Media/Managed/Assembly-CSharp-firstpass.dll (ux0:/app/PCSE01192/Media/Managed/Assembly-CSharp-firstpass.dll)
[01:48:55.895] |T| [read_dir]: sceIoDread: Reading entry app0:/Media/Managed/Assembly-CSharp.dll of fd: 0x8
[01:48:55.896] |T| [stat_file]: sceIoDread: Statting file: app0:/Media/Managed/Assembly-CSharp.dll (ux0:/app/PCSE01192/Media/Managed/Assembly-CSharp.dll)
[01:48:55.898] |T| [read_dir]: sceIoDread: Reading entry app0:/Media/Managed/Assembly-UnityScript.dll of fd: 0x8
[01:48:55.900] |T| [stat_file]: sceIoDread: Statting file: app0:/Media/Managed/Assembly-UnityScript.dll (ux0:/app/PCSE01192/Media/Managed/Assembly-UnityScript.dll)
[01:48:55.907] |T| [read_dir]: sceIoDread: Reading entry app0:/Media/Managed/Boo.Lang.dll of fd: 0x8
[01:48:55.908] |T| [stat_file]: sceIoDread: Statting file: app0:/Media/Managed/Boo.Lang.dll (ux0:/app/PCSE01192/Media/Managed/Boo.Lang.dll)
[01:48:55.914] |T| [read_dir]: sceIoDread: Reading entry app0:/Media/Managed/ICallSummary.txt of fd: 0x8
[01:48:55.915] |T| [stat_file]: sceIoDread: Statting file: app0:/Media/Managed/ICallSummary.txt (ux0:/app/PCSE01192/Media/Managed/ICallSummary.txt)
[01:48:55.919] |T| [read_dir]: sceIoDread: Reading entry app0:/Media/Managed/mono of fd: 0x8
[01:48:55.924] |T| [stat_file]: sceIoDread: Statting file: app0:/Media/Managed/mono (ux0:/app/PCSE01192/Media/Managed/mono)
[01:48:55.926] |T| [read_dir]: sceIoDread: Reading entry app0:/Media/Managed/Mono.Posix.dll of fd: 0x8
[01:48:55.927] |T| [stat_file]: sceIoDread: Statting file: app0:/Media/Managed/Mono.Posix.dll (ux0:/app/PCSE01192/Media/Managed/Mono.Posix.dll)
[01:48:55.932] |T| [read_dir]: sceIoDread: Reading entry app0:/Media/Managed/Mono.Security.dll of fd: 0x8
[01:48:55.933] |T| [stat_file]: sceIoDread: Statting file: app0:/Media/Managed/Mono.Security.dll (ux0:/app/PCSE01192/Media/Managed/Mono.Security.dll)
[01:48:55.936] |T| [read_dir]: sceIoDread: Reading entry app0:/Media/Managed/mscorlib.dll of fd: 0x8
[01:48:55.940] |T| [stat_file]: sceIoDread: Statting file: app0:/Media/Managed/mscorlib.dll (ux0:/app/PCSE01192/Media/Managed/mscorlib.dll)
[01:48:55.945] |T| [read_dir]: sceIoDread: Reading entry app0:/Media/Managed/SonyNP.dll of fd: 0x8
[01:48:55.945] |T| [stat_file]: sceIoDread: Statting file: app0:/Media/Managed/SonyNP.dll (ux0:/app/PCSE01192/Media/Managed/SonyNP.dll)
[01:48:55.948] |T| [read_dir]: sceIoDread: Reading entry app0:/Media/Managed/SonyVitaSavedGames.dll of fd: 0x8
[01:48:55.950] |T| [stat_file]: sceIoDread: Statting file: app0:/Media/Managed/SonyVitaSavedGames.dll (ux0:/app/PCSE01192/Media/Managed/SonyVitaSavedGames.dll)
[01:48:55.958] |T| [read_dir]: sceIoDread: Reading entry app0:/Media/Managed/System.Configuration.dll of fd: 0x8
[01:48:55.960] |T| [stat_file]: sceIoDread: Statting file: app0:/Media/Managed/System.Configuration.dll (ux0:/app/PCSE01192/Media/Managed/System.Configuration.dll)
[01:48:55.965] |T| [read_dir]: sceIoDread: Reading entry app0:/Media/Managed/System.Core.dll of fd: 0x8
[01:48:55.965] |T| [stat_file]: sceIoDread: Statting file: app0:/Media/Managed/System.Core.dll (ux0:/app/PCSE01192/Media/Managed/System.Core.dll)
[01:48:55.968] |T| [read_dir]: sceIoDread: Reading entry app0:/Media/Managed/System.dll of fd: 0x8
[01:48:55.970] |T| [stat_file]: sceIoDread: Statting file: app0:/Media/Managed/System.dll (ux0:/app/PCSE01192/Media/Managed/System.dll)
[01:48:55.975] |T| [read_dir]: sceIoDread: Reading entry app0:/Media/Managed/System.Security.dll of fd: 0x8
[01:48:55.976] |T| [stat_file]: sceIoDread: Statting file: app0:/Media/Managed/System.Security.dll (ux0:/app/PCSE01192/Media/Managed/System.Security.dll)
[01:48:55.979] |T| [read_dir]: sceIoDread: Reading entry app0:/Media/Managed/System.Xml.dll of fd: 0x8
[01:48:55.981] |T| [stat_file]: sceIoDread: Statting file: app0:/Media/Managed/System.Xml.dll (ux0:/app/PCSE01192/Media/Managed/System.Xml.dll)
[01:48:55.985] |T| [read_dir]: sceIoDread: Reading entry app0:/Media/Managed/UnityEngine.dll of fd: 0x8
[01:48:55.986] |T| [stat_file]: sceIoDread: Statting file: app0:/Media/Managed/UnityEngine.dll (ux0:/app/PCSE01192/Media/Managed/UnityEngine.dll)
[01:48:55.992] |T| [read_dir]: sceIoDread: Reading entry app0:/Media/Managed/UnityEngine.dll.mdb of fd: 0x8
[01:48:55.993] |T| [stat_file]: sceIoDread: Statting file: app0:/Media/Managed/UnityEngine.dll.mdb (ux0:/app/PCSE01192/Media/Managed/UnityEngine.dll.mdb)
[01:48:55.997] |T| [read_dir]: sceIoDread: Reading entry app0:/Media/Managed/UnityEngine.Networking.dll of fd: 0x8
[01:48:55.997] |T| [stat_file]: sceIoDread: Statting file: app0:/Media/Managed/UnityEngine.Networking.dll (ux0:/app/PCSE01192/Media/Managed/UnityEngine.Networking.dll)
[01:48:56.000] |T| [read_dir]: sceIoDread: Reading entry app0:/Media/Managed/UnityEngine.Timeline.dll of fd: 0x8
[01:48:56.002] |T| [stat_file]: sceIoDread: Statting file: app0:/Media/Managed/UnityEngine.Timeline.dll (ux0:/app/PCSE01192/Media/Managed/UnityEngine.Timeline.dll)
[01:48:56.008] |T| [read_dir]: sceIoDread: Reading entry app0:/Media/Managed/UnityEngine.UI.dll of fd: 0x8
[01:48:56.009] |T| [stat_file]: sceIoDread: Statting file: app0:/Media/Managed/UnityEngine.UI.dll (ux0:/app/PCSE01192/Media/Managed/UnityEngine.UI.dll)
[01:48:56.014] |T| [read_dir]: sceIoDread: Reading entry app0:/Media/Managed/UnityScript.Lang.dll of fd: 0x8
[01:48:56.015] |T| [stat_file]: sceIoDread: Statting file: app0:/Media/Managed/UnityScript.Lang.dll (ux0:/app/PCSE01192/Media/Managed/UnityScript.Lang.dll)
[01:48:56.019] |T| [close_dir]: sceIoDclose: Closing dir fd: 0x8
[01:48:56.022] |T| [open_dir]: sceIoDopen: Opening dir app0:/Media/Managed/mono (ux0:/app/PCSE01192/Media/Managed/mono), fd: 0x9
[01:48:56.027] |T| [read_dir]: sceIoDread: Reading entry app0:/Media/Managed/mono/2.0 of fd: 0x9
[01:48:56.028] |T| [stat_file]: sceIoDread: Statting file: app0:/Media/Managed/mono/2.0 (ux0:/app/PCSE01192/Media/Managed/mono/2.0)
[01:48:56.032] |T| [close_dir]: sceIoDclose: Closing dir fd: 0x9
[01:48:56.033] |T| [open_dir]: sceIoDopen: Opening dir app0:/Media/Managed/mono/2.0 (ux0:/app/PCSE01192/Media/Managed/mono/2.0), fd: 0xA
[01:48:56.042] |T| [read_dir]: sceIoDread: Reading entry app0:/Media/Managed/mono/2.0/machine.config of fd: 0xA
[01:48:56.043] |T| [stat_file]: sceIoDread: Statting file: app0:/Media/Managed/mono/2.0/machine.config (ux0:/app/PCSE01192/Media/Managed/mono/2.0/machine.config)
[01:48:56.048] |T| [close_dir]: sceIoDclose: Closing dir fd: 0xA
[01:48:56.052] |T| [open_dir]: sceIoDopen: Opening dir app0:/Media/Modules (ux0:/app/PCSE01192/Media/Modules), fd: 0xB
[01:48:56.056] |T| [read_dir]: sceIoDread: Reading entry app0:/Media/Modules/mono-vita.suprx of fd: 0xB
[01:48:56.057] |T| [stat_file]: sceIoDread: Statting file: app0:/Media/Modules/mono-vita.suprx (ux0:/app/PCSE01192/Media/Modules/mono-vita.suprx)
[01:48:56.062] |T| [read_dir]: sceIoDread: Reading entry app0:/Media/Modules/MonoAssembliesPSP2.suprx of fd: 0xB
[01:48:56.063] |T| [stat_file]: sceIoDread: Statting file: app0:/Media/Modules/MonoAssembliesPSP2.suprx (ux0:/app/PCSE01192/Media/Modules/MonoAssembliesPSP2.suprx)
[01:48:56.066] |T| [read_dir]: sceIoDread: Reading entry app0:/Media/Modules/pthread.suprx of fd: 0xB
[01:48:56.068] |T| [stat_file]: sceIoDread: Statting file: app0:/Media/Modules/pthread.suprx (ux0:/app/PCSE01192/Media/Modules/pthread.suprx)
[01:48:56.076] |T| [read_dir]: sceIoDread: Reading entry app0:/Media/Modules/SUPRXManager.suprx of fd: 0xB
[01:48:56.076] |T| [stat_file]: sceIoDread: Statting file: app0:/Media/Modules/SUPRXManager.suprx (ux0:/app/PCSE01192/Media/Modules/SUPRXManager.suprx)
[01:48:56.083] |T| [close_dir]: sceIoDclose: Closing dir fd: 0xB
[01:48:56.141] |T| [open_dir]: sceIoDopen: Opening dir app0:/Media/Plugins (ux0:/app/PCSE01192/Media/Plugins), fd: 0xC
[01:48:56.143] |T| [read_dir]: sceIoDread: Reading entry app0:/Media/Plugins/SavedGames.suprx of fd: 0xC
[01:48:56.143] |T| [stat_file]: sceIoDread: Statting file: app0:/Media/Plugins/SavedGames.suprx (ux0:/app/PCSE01192/Media/Plugins/SavedGames.suprx)
[01:48:56.146] |T| [read_dir]: sceIoDread: Reading entry app0:/Media/Plugins/SavedGames.suprx.b.suprx of fd: 0xC
[01:48:56.157] |T| [stat_file]: sceIoDread: Statting file: app0:/Media/Plugins/SavedGames.suprx.b.suprx (ux0:/app/PCSE01192/Media/Plugins/SavedGames.suprx.b.suprx)
[01:48:56.159] |T| [read_dir]: sceIoDread: Reading entry app0:/Media/Plugins/SavedGames_stub.a of fd: 0xC
[01:48:56.159] |T| [stat_file]: sceIoDread: Statting file: app0:/Media/Plugins/SavedGames_stub.a (ux0:/app/PCSE01192/Media/Plugins/SavedGames_stub.a)
[01:48:56.162] |T| [read_dir]: sceIoDread: Reading entry app0:/Media/Plugins/UnityNpToolkit.suprx of fd: 0xC
[01:48:56.163] |T| [stat_file]: sceIoDread: Statting file: app0:/Media/Plugins/UnityNpToolkit.suprx (ux0:/app/PCSE01192/Media/Plugins/UnityNpToolkit.suprx)
[01:48:56.167] |T| [read_dir]: sceIoDread: Reading entry app0:/Media/Plugins/UnityNpToolkit.suprx.b.suprx of fd: 0xC
[01:48:56.167] |T| [stat_file]: sceIoDread: Statting file: app0:/Media/Plugins/UnityNpToolkit.suprx.b.suprx (ux0:/app/PCSE01192/Media/Plugins/UnityNpToolkit.suprx.b.suprx)
[01:48:56.172] |T| [read_dir]: sceIoDread: Reading entry app0:/Media/Plugins/UnityNpToolkit_stub.a of fd: 0xC
[01:48:56.267] |T| [stat_file]: sceIoDread: Statting file: app0:/Media/Plugins/UnityNpToolkit_stub.a (ux0:/app/PCSE01192/Media/Plugins/UnityNpToolkit_stub.a)
[01:48:56.280] |T| [close_dir]: sceIoDclose: Closing dir fd: 0xC
[01:48:56.285] |T| [open_dir]: sceIoDopen: Opening dir app0:/Media/Resources (ux0:/app/PCSE01192/Media/Resources), fd: 0xD
[01:48:56.299] |T| [read_dir]: sceIoDread: Reading entry app0:/Media/Resources/unity default resources of fd: 0xD
[01:48:56.300] |T| [stat_file]: sceIoDread: Statting file: app0:/Media/Resources/unity default resources (ux0:/app/PCSE01192/Media/Resources/unity default resources)
[01:48:56.312] |T| [read_dir]: sceIoDread: Reading entry app0:/Media/Resources/unity_builtin_extra of fd: 0xD
[01:48:56.314] |T| [stat_file]: sceIoDread: Statting file: app0:/Media/Resources/unity_builtin_extra (ux0:/app/PCSE01192/Media/Resources/unity_builtin_extra)
[01:48:56.324] |T| [close_dir]: sceIoDclose: Closing dir fd: 0xD
[01:48:56.328] |T| [open_dir]: sceIoDopen: Opening dir app0:/Media/StreamingAssets (ux0:/app/PCSE01192/Media/StreamingAssets), fd: 0xE
[01:48:56.335] |T| [read_dir]: sceIoDread: Reading entry app0:/Media/StreamingAssets/PS4SessionImage.jpg of fd: 0xE
[01:48:56.336] |T| [stat_file]: sceIoDread: Statting file: app0:/Media/StreamingAssets/PS4SessionImage.jpg (ux0:/app/PCSE01192/Media/StreamingAssets/PS4SessionImage.jpg)
[01:48:56.347] |T| [read_dir]: sceIoDread: Reading entry app0:/Media/StreamingAssets/PSP2SessionImage.jpg of fd: 0xE
[01:48:56.349] |T| [stat_file]: sceIoDread: Statting file: app0:/Media/StreamingAssets/PSP2SessionImage.jpg (ux0:/app/PCSE01192/Media/StreamingAssets/PSP2SessionImage.jpg)
[01:48:56.358] |T| [read_dir]: sceIoDread: Reading entry app0:/Media/StreamingAssets/SaveIcon.png of fd: 0xE
[01:48:56.360] |T| [stat_file]: sceIoDread: Statting file: app0:/Media/StreamingAssets/SaveIcon.png (ux0:/app/PCSE01192/Media/StreamingAssets/SaveIcon.png)
[01:48:56.365] |T| [read_dir]: sceIoDread: Reading entry app0:/Media/StreamingAssets/SaveIconEmpty.png of fd: 0xE
[01:48:56.368] |T| [stat_file]: sceIoDread: Statting file: app0:/Media/StreamingAssets/SaveIconEmpty.png (ux0:/app/PCSE01192/Media/StreamingAssets/SaveIconEmpty.png)
[01:48:56.379] |T| [read_dir]: sceIoDread: Reading entry app0:/Media/StreamingAssets/TweetUnity.png of fd: 0xE
[01:48:56.380] |T| [stat_file]: sceIoDread: Statting file: app0:/Media/StreamingAssets/TweetUnity.png (ux0:/app/PCSE01192/Media/StreamingAssets/TweetUnity.png)
[01:48:56.389] |T| [close_dir]: sceIoDclose: Closing dir fd: 0xE
[01:48:56.402] |E| [open_dir]: File does not exist at: G:/Vita3K/_INVALID/ (target path: /archive/mount/point)
[01:48:56.404] |W| [io_error_impl]: open_dir (sceIoDopen) returned 0x80010002
[01:48:56.411] |E| [open_dir]: File does not exist at: G:/Vita3K/ux0/user/00/savedata/PCSE01192/persistentdata/ (target path: savedata0:/persistentdata)
[01:48:56.413] |W| [io_error_impl]: open_dir (sceIoDopen) returned 0x80010002
[01:48:56.476] |I| [export_sceIoOpen]: Opening file: app0:/mono/etc/mono/config
[01:48:56.477] |E| [open_file]: Missing file at G:/Vita3K/ux0/app/PCSE01192/mono/etc/mono/config (target path: app0:/mono/etc/mono/config)
[01:48:56.480] |W| [io_error_impl]: open_file (sceIoOpen) returned 0x80010002
[01:48:56.484] |I| [export_sceIoOpen]: Opening file: app0:/.mono/config
[01:48:56.485] |E| [open_file]: Missing file at G:/Vita3K/ux0/app/PCSE01192/.mono/config (target path: app0:/.mono/config)
[01:48:56.491] |W| [io_error_impl]: open_file (sceIoOpen) returned 0x80010002
[01:48:56.531] |I| [export_sceIoOpen]: Opening file: /proc/cpuinfo
[01:48:56.532] |E| [open_file]: Cannot find device for path: /proc/cpuinfo
[01:48:56.535] |W| [io_error_impl]: open_file (sceIoOpen) returned 0x80010002
[01:48:56.615] |I| [export_sceIoOpen]: Opening file: app0:Media/Managed/mono/config
[01:48:56.616] |E| [open_file]: Missing file at G:/Vita3K/ux0/app/PCSE01192/Media/Managed/mono/config (target path: app0:Media/Managed/mono/config)
[01:48:56.618] |W| [io_error_impl]: open_file (sceIoOpen) returned 0x80010002
[01:48:56.625] |I| [export_sceIoOpen]: Opening file: app0:/.mono/config
[01:48:56.626] |E| [open_file]: Missing file at G:/Vita3K/ux0/app/PCSE01192/.mono/config (target path: app0:/.mono/config)
[01:48:56.630] |W| [io_error_impl]: open_file (sceIoOpen) returned 0x80010002
[01:48:56.667] |I| [export_sceIoOpen]: Opening file: /proc/cpuinfo
[01:48:56.668] |E| [open_file]: Cannot find device for path: /proc/cpuinfo
[01:48:56.672] |W| [io_error_impl]: open_file (sceIoOpen) returned 0x80010002
[01:48:56.715] |W| [stubbed_impl]: Stubbed sceKernelGetThreadInfo import called. (STUB)
[01:48:56.716] |T| [write_file]: *** TTY: entering exception wait...
[01:48:56.719] |E| [call_import]: Import function for NID 0x1BECC64C not found (thread name: ExceptionHandlerThread, thread ID: 171)
[01:48:56.730] |T| [write_file]: *** TTY: exception from thread 0xcccccccc
[01:48:56.731] |E| [call_import]: Import function for NID 0xAD210F16 not found (thread name: ExceptionHandlerThread, thread ID: 171)
[01:48:56.739] |T| [write_file]: *** TTY: gt fail:0xcccccccc
[01:48:56.741] |T| [write_file]: *** TTY: calling exception callback
[01:48:56.745] |T| [write_file]: *** TTY: psp2_get_thread_jit( cccccccc ), thread not found
[01:48:56.751] |W| [unimplemented_impl]: Unimplemented sceKernelLibcClock import called.
[01:48:56.757] |T| [write_file]: *** TTY: * Assertion at D:\UnityDev\unity-extra.mono-consoles.psp2\mono\mono\mini\exceptions-arm.c:582, condition `jit_tls' not met
[01:48:56.760] |T| [write_file]: *** TTY: 
[01:48:56.766] |W| [unimplemented_impl]: Unimplemented sceKernelCallAbortHandler import called.
[01:48:56.769] |W| [unimplemented_impl]: Unimplemented sceKernelCallModuleExit import called.
[01:48:56.777] |E| [log_error_details]: Unicorn error 0xA. Invalid instruction (UC_ERR_INSN_INVALID)
[01:48:56.779] |E| [log_error_details]: Executing: .byte 0xc0, 0xf2
[01:48:56.780] |E| [log_error_details]: PC: 0x000dd5a0,   SP: 0x04191a10,   LR: 0x00493455
[01:48:56.784] |E| [log_error_details]: r0 : 0x00000000   r6 : 0x015447f0
[01:48:56.785] |E| [log_error_details]: r1 : 0x00000001   r7 : 0x00000000
[01:48:56.791] |E| [log_error_details]: r2 : 0x00000010   r8 : 0x00000f2d
[01:48:56.792] |E| [log_error_details]: r3 : 0x00000001   r9 : 0x014d45ac
[01:48:56.796] |E| [log_error_details]: r4 : 0x00000000   r10: 0x00000000
[01:48:56.797] |E| [log_error_details]: r5 : 0x0470744b   r11: 0x00054ea0
[01:48:56.798] |E| [log_error_details]: r12: 0x000dd5a0
[01:48:56.801] |E| [run_thread]: Thread ExceptionHandlerThread experienced a unicorn error.
[01:48:56.818] |I| [export_sceIoOpen]: Opening file: app0:/app0/mscorlib.dll
[01:48:56.819] |E| [open_file]: Missing file at G:/Vita3K/ux0/app/PCSE01192/app0/mscorlib.dll (target path: app0:/app0/mscorlib.dll)
[01:48:56.828] |W| [io_error_impl]: open_file (sceIoOpen) returned 0x80010002
[01:48:56.836] |I| [export_sceIoOpen]: Opening file: app0:/Media/Managed/mscorlib.dll
[01:48:57.100] |T| [open_file]: sceIoOpen: Opening file app0:/Media/Managed/mscorlib.dll (ux0:/app/PCSE01192/Media/Managed/mscorlib.dll), fd: 0xF
[01:48:57.106] |T| [stat_file]: sceIoGetstat: Statting file: app0:/Media/Managed/mscorlib.dll (ux0:/app/PCSE01192/Media/Managed/mscorlib.dll)
[01:48:57.116] |T| [seek_file]: sceIoLseek: Seeking fd: 0xF, offset: 0x0, whence: SCE_SEEK_CUR
[01:48:57.117] |T| [seek_file]: sceIoLseek: Seeking fd: 0xF, offset: 0x0, whence: SCE_SEEK_SET
[01:48:57.157] |T| [read_file]: sceIoRead: Reading 2605056 bytes of fd 0xF
[01:48:57.159] |T| [seek_file]: sceIoLseek: Seeking fd: 0xF, offset: 0x0, whence: SCE_SEEK_SET
[01:48:57.163] |T| [close_file]: sceIoClose: Closing file fd: 0xF
[01:48:57.226] |I| [export_sceIoOpen]: Opening file: app0:Media/Managed/mono/gac/policy.2.0.mscorlib/0.0.0.0__b77a5c561934e089/policy.2.0.mscorlib.dll
[01:48:57.229] |E| [open_file]: Missing file at G:/Vita3K/ux0/app/PCSE01192/Media/Managed/mono/gac/policy.2.0.mscorlib/0.0.0.0__b77a5c561934e089/policy.2.0.mscorlib.dll (target path: app0:Media/Managed/mono/gac/policy.2.0.mscorlib/0.0.0.0__b77a5c561934e089/policy.2.0.mscorlib.dll)
[01:48:57.233] |W| [io_error_impl]: open_file (sceIoOpen) returned 0x80010002
[01:48:57.238] |I| [export_sceIoOpen]: Opening file: app0:/app0/mscorlib.dll
[01:48:57.240] |E| [open_file]: Missing file at G:/Vita3K/ux0/app/PCSE01192/app0/mscorlib.dll (target path: app0:/app0/mscorlib.dll)
[01:48:57.244] |W| [io_error_impl]: open_file (sceIoOpen) returned 0x80010002
[01:48:57.249] |I| [export_sceIoOpen]: Opening file: app0:/Media/Managed/mscorlib.dll.config
[01:48:57.250] |E| [open_file]: Missing file at G:/Vita3K/ux0/app/PCSE01192/Media/Managed/mscorlib.dll.config (target path: app0:/Media/Managed/mscorlib.dll.config)
[01:48:57.257] |W| [io_error_impl]: open_file (sceIoOpen) returned 0x80010002
[01:48:57.262] |I| [export_sceIoOpen]: Opening file: app0:Media/Managed/mono/assemblies/mscorlib/mscorlib.config
[01:48:57.263] |E| [open_file]: Missing file at G:/Vita3K/ux0/app/PCSE01192/Media/Managed/mono/assemblies/mscorlib/mscorlib.config (target path: app0:Media/Managed/mono/assemblies/mscorlib/mscorlib.config)
[01:48:57.266] |W| [io_error_impl]: open_file (sceIoOpen) returned 0x80010002
