[13:35:28.431] |I| [config::init_config]: backend-renderer: OpenGL
[13:35:28.434] |I| [config::init_config]: log-level: 0
[13:35:28.580] |I| [SDL_main]: Vita3K v0.1.5 2642-4e1e255a
[13:35:28.582] |I| [SDL_main]: Number of logical CPU cores: 2
[13:35:28.582] |I| [SDL_main]: Available ram memory: 3959 mo
[13:35:29.609] |I| [renderer::gl::create]: Swap interval = 1
[13:35:29.611] |I| [renderer::gl::create]: GPU = Intel(R) HD Graphics 500
[13:35:29.612] |I| [renderer::gl::create]: GL_VERSION = 4.6.0 - Build 30.0.101.1960
[13:35:29.612] |I| [renderer::gl::create]: GL_SHADING_LANGUAGE_VERSION = 4.60 - Build 30.0.101.1960
[13:35:29.613] |I| [renderer::gl::create]: Your GPU supports direct access to last fragment color. Your performance with programmable blending games will be optimized.
[13:35:39.978] |I| [install_archive_content]: Extracting D:/GAMESANDEMULATORS/vita3k/storage/ux0/app/PCSE01192/eboot.bin
[13:35:40.111] |I| [install_archive_content]: Extracting D:/GAMESANDEMULATORS/vita3k/storage/ux0/app/PCSE01192/Media/boot.config
[13:35:40.158] |I| [install_archive_content]: Extracting D:/GAMESANDEMULATORS/vita3k/storage/ux0/app/PCSE01192/Media/globalgamemanagers
[13:35:40.193] |I| [install_archive_content]: Extracting D:/GAMESANDEMULATORS/vita3k/storage/ux0/app/PCSE01192/Media/globalgamemanagers.assets
[13:35:40.216] |I| [install_archive_content]: Extracting D:/GAMESANDEMULATORS/vita3k/storage/ux0/app/PCSE01192/Media/level0
[13:35:40.231] |I| [install_archive_content]: Extracting D:/GAMESANDEMULATORS/vita3k/storage/ux0/app/PCSE01192/Media/level0.resS
[13:35:40.259] |I| [install_archive_content]: Extracting D:/GAMESANDEMULATORS/vita3k/storage/ux0/app/PCSE01192/Media/level1
[13:35:40.304] |I| [install_archive_content]: Extracting D:/GAMESANDEMULATORS/vita3k/storage/ux0/app/PCSE01192/Media/level1.resS
[13:35:40.331] |I| [install_archive_content]: Extracting D:/GAMESANDEMULATORS/vita3k/storage/ux0/app/PCSE01192/Media/level2
[13:35:40.492] |I| [install_archive_content]: Extracting D:/GAMESANDEMULATORS/vita3k/storage/ux0/app/PCSE01192/Media/level3
[13:35:40.515] |I| [install_archive_content]: Extracting D:/GAMESANDEMULATORS/vita3k/storage/ux0/app/PCSE01192/Media/level4
[13:35:40.535] |I| [install_archive_content]: Extracting D:/GAMESANDEMULATORS/vita3k/storage/ux0/app/PCSE01192/Media/level5
[13:35:40.561] |I| [install_archive_content]: Extracting D:/GAMESANDEMULATORS/vita3k/storage/ux0/app/PCSE01192/Media/level5.resS
[13:35:40.582] |I| [install_archive_content]: Extracting D:/GAMESANDEMULATORS/vita3k/storage/ux0/app/PCSE01192/Media/Managed/Assembly-CSharp-firstpass.dll
[13:35:40.591] |I| [install_archive_content]: Extracting D:/GAMESANDEMULATORS/vita3k/storage/ux0/app/PCSE01192/Media/Managed/Assembly-CSharp.dll
[13:35:40.602] |I| [install_archive_content]: Extracting D:/GAMESANDEMULATORS/vita3k/storage/ux0/app/PCSE01192/Media/Managed/Assembly-UnityScript.dll
[13:35:40.605] |I| [install_archive_content]: Extracting D:/GAMESANDEMULATORS/vita3k/storage/ux0/app/PCSE01192/Media/Managed/Boo.Lang.dll
[13:35:40.616] |I| [install_archive_content]: Extracting D:/GAMESANDEMULATORS/vita3k/storage/ux0/app/PCSE01192/Media/Managed/ICallSummary.txt
[13:35:40.642] |I| [install_archive_content]: Extracting D:/GAMESANDEMULATORS/vita3k/storage/ux0/app/PCSE01192/Media/Managed/mono/2.0/machine.config
[13:35:40.665] |I| [install_archive_content]: Extracting D:/GAMESANDEMULATORS/vita3k/storage/ux0/app/PCSE01192/Media/Managed/Mono.Posix.dll
[13:35:40.672] |I| [install_archive_content]: Extracting D:/GAMESANDEMULATORS/vita3k/storage/ux0/app/PCSE01192/Media/Managed/Mono.Security.dll
[13:35:40.685] |I| [install_archive_content]: Extracting D:/GAMESANDEMULATORS/vita3k/storage/ux0/app/PCSE01192/Media/Managed/mscorlib.dll
[13:35:40.707] |I| [install_archive_content]: Extracting D:/GAMESANDEMULATORS/vita3k/storage/ux0/app/PCSE01192/Media/Managed/SonyNP.dll
[13:35:40.721] |I| [install_archive_content]: Extracting D:/GAMESANDEMULATORS/vita3k/storage/ux0/app/PCSE01192/Media/Managed/SonyVitaSavedGames.dll
[13:35:40.733] |I| [install_archive_content]: Extracting D:/GAMESANDEMULATORS/vita3k/storage/ux0/app/PCSE01192/Media/Managed/System.Configuration.dll
[13:35:40.741] |I| [install_archive_content]: Extracting D:/GAMESANDEMULATORS/vita3k/storage/ux0/app/PCSE01192/Media/Managed/System.Core.dll
[13:35:40.753] |I| [install_archive_content]: Extracting D:/GAMESANDEMULATORS/vita3k/storage/ux0/app/PCSE01192/Media/Managed/System.dll
[13:35:40.922] |I| [install_archive_content]: Extracting D:/GAMESANDEMULATORS/vita3k/storage/ux0/app/PCSE01192/Media/Managed/System.Security.dll
[13:35:40.972] |I| [install_archive_content]: Extracting D:/GAMESANDEMULATORS/vita3k/storage/ux0/app/PCSE01192/Media/Managed/System.Xml.dll
[13:35:41.049] |I| [install_archive_content]: Extracting D:/GAMESANDEMULATORS/vita3k/storage/ux0/app/PCSE01192/Media/Managed/UnityEngine.dll
[13:35:41.066] |I| [install_archive_content]: Extracting D:/GAMESANDEMULATORS/vita3k/storage/ux0/app/PCSE01192/Media/Managed/UnityEngine.dll.mdb
[13:35:41.091] |I| [install_archive_content]: Extracting D:/GAMESANDEMULATORS/vita3k/storage/ux0/app/PCSE01192/Media/Managed/UnityEngine.Networking.dll
[13:35:41.103] |I| [install_archive_content]: Extracting D:/GAMESANDEMULATORS/vita3k/storage/ux0/app/PCSE01192/Media/Managed/UnityEngine.Timeline.dll
[13:35:41.114] |I| [install_archive_content]: Extracting D:/GAMESANDEMULATORS/vita3k/storage/ux0/app/PCSE01192/Media/Managed/UnityEngine.UI.dll
[13:35:41.122] |I| [install_archive_content]: Extracting D:/GAMESANDEMULATORS/vita3k/storage/ux0/app/PCSE01192/Media/Managed/UnityScript.Lang.dll
[13:35:41.133] |I| [install_archive_content]: Extracting D:/GAMESANDEMULATORS/vita3k/storage/ux0/app/PCSE01192/Media/Modules/mono-vita.suprx
[13:35:41.179] |I| [install_archive_content]: Extracting D:/GAMESANDEMULATORS/vita3k/storage/ux0/app/PCSE01192/Media/Modules/MonoAssembliesPSP2.suprx
[13:35:41.401] |I| [install_archive_content]: Extracting D:/GAMESANDEMULATORS/vita3k/storage/ux0/app/PCSE01192/Media/Modules/pthread.suprx
[13:35:41.435] |I| [install_archive_content]: Extracting D:/GAMESANDEMULATORS/vita3k/storage/ux0/app/PCSE01192/Media/Modules/SUPRXManager.suprx
[13:35:41.462] |I| [install_archive_content]: Extracting D:/GAMESANDEMULATORS/vita3k/storage/ux0/app/PCSE01192/Media/Plugins/SavedGames.suprx
[13:35:41.494] |I| [install_archive_content]: Extracting D:/GAMESANDEMULATORS/vita3k/storage/ux0/app/PCSE01192/Media/Plugins/SavedGames.suprx.b.suprx
[13:35:41.532] |I| [install_archive_content]: Extracting D:/GAMESANDEMULATORS/vita3k/storage/ux0/app/PCSE01192/Media/Plugins/SavedGames_stub.a
[13:35:41.586] |I| [install_archive_content]: Extracting D:/GAMESANDEMULATORS/vita3k/storage/ux0/app/PCSE01192/Media/Plugins/UnityNpToolkit.suprx
[13:35:41.630] |I| [install_archive_content]: Extracting D:/GAMESANDEMULATORS/vita3k/storage/ux0/app/PCSE01192/Media/Plugins/UnityNpToolkit.suprx.b.suprx
[13:35:41.651] |I| [install_archive_content]: Extracting D:/GAMESANDEMULATORS/vita3k/storage/ux0/app/PCSE01192/Media/Plugins/UnityNpToolkit_stub.a
[13:35:41.698] |I| [install_archive_content]: Extracting D:/GAMESANDEMULATORS/vita3k/storage/ux0/app/PCSE01192/Media/Resources/unity default resources
[13:35:41.869] |I| [install_archive_content]: Extracting D:/GAMESANDEMULATORS/vita3k/storage/ux0/app/PCSE01192/Media/Resources/unity_builtin_extra
[13:35:41.921] |I| [install_archive_content]: Extracting D:/GAMESANDEMULATORS/vita3k/storage/ux0/app/PCSE01192/Media/resources.assets
[13:35:41.955] |I| [install_archive_content]: Extracting D:/GAMESANDEMULATORS/vita3k/storage/ux0/app/PCSE01192/Media/resources.assets.resS
[13:35:42.402] |I| [install_archive_content]: Extracting D:/GAMESANDEMULATORS/vita3k/storage/ux0/app/PCSE01192/Media/resources.resource
[13:35:46.148] |I| [install_archive_content]: Extracting D:/GAMESANDEMULATORS/vita3k/storage/ux0/app/PCSE01192/Media/sharedassets0.assets
[13:35:46.484] |I| [install_archive_content]: Extracting D:/GAMESANDEMULATORS/vita3k/storage/ux0/app/PCSE01192/Media/sharedassets0.assets.resS
[13:35:46.514] |I| [install_archive_content]: Extracting D:/GAMESANDEMULATORS/vita3k/storage/ux0/app/PCSE01192/Media/sharedassets0.resource
[13:35:46.757] |I| [install_archive_content]: Extracting D:/GAMESANDEMULATORS/vita3k/storage/ux0/app/PCSE01192/Media/sharedassets1.assets
[13:35:46.801] |I| [install_archive_content]: Extracting D:/GAMESANDEMULATORS/vita3k/storage/ux0/app/PCSE01192/Media/sharedassets1.assets.resS
[13:35:46.900] |I| [install_archive_content]: Extracting D:/GAMESANDEMULATORS/vita3k/storage/ux0/app/PCSE01192/Media/sharedassets2.assets
[13:35:46.970] |I| [install_archive_content]: Extracting D:/GAMESANDEMULATORS/vita3k/storage/ux0/app/PCSE01192/Media/sharedassets2.assets.resS
[13:35:47.145] |I| [install_archive_content]: Extracting D:/GAMESANDEMULATORS/vita3k/storage/ux0/app/PCSE01192/Media/sharedassets2.resource
[13:35:47.169] |I| [install_archive_content]: Extracting D:/GAMESANDEMULATORS/vita3k/storage/ux0/app/PCSE01192/Media/sharedassets3.assets
[13:35:47.185] |I| [install_archive_content]: Extracting D:/GAMESANDEMULATORS/vita3k/storage/ux0/app/PCSE01192/Media/sharedassets3.assets.resS
[13:35:47.239] |I| [install_archive_content]: Extracting D:/GAMESANDEMULATORS/vita3k/storage/ux0/app/PCSE01192/Media/sharedassets4.assets
[13:35:47.256] |I| [install_archive_content]: Extracting D:/GAMESANDEMULATORS/vita3k/storage/ux0/app/PCSE01192/Media/sharedassets4.assets.resS
[13:35:47.278] |I| [install_archive_content]: Extracting D:/GAMESANDEMULATORS/vita3k/storage/ux0/app/PCSE01192/Media/sharedassets5.assets
[13:35:47.287] |I| [install_archive_content]: Extracting D:/GAMESANDEMULATORS/vita3k/storage/ux0/app/PCSE01192/Media/sharedassets5.assets.resS
[13:35:47.308] |I| [install_archive_content]: Extracting D:/GAMESANDEMULATORS/vita3k/storage/ux0/app/PCSE01192/Media/StreamingAssets/PS4SessionImage.jpg
[13:35:47.327] |I| [install_archive_content]: Extracting D:/GAMESANDEMULATORS/vita3k/storage/ux0/app/PCSE01192/Media/StreamingAssets/PSP2SessionImage.jpg
[13:35:47.350] |I| [install_archive_content]: Extracting D:/GAMESANDEMULATORS/vita3k/storage/ux0/app/PCSE01192/Media/StreamingAssets/SaveIcon.png
[13:35:47.372] |I| [install_archive_content]: Extracting D:/GAMESANDEMULATORS/vita3k/storage/ux0/app/PCSE01192/Media/StreamingAssets/SaveIconEmpty.png
[13:35:47.391] |I| [install_archive_content]: Extracting D:/GAMESANDEMULATORS/vita3k/storage/ux0/app/PCSE01192/Media/StreamingAssets/TweetUnity.png
[13:35:47.424] |I| [install_archive_content]: Extracting D:/GAMESANDEMULATORS/vita3k/storage/ux0/app/PCSE01192/sce_module/libc.suprx
[13:35:47.444] |I| [install_archive_content]: Extracting D:/GAMESANDEMULATORS/vita3k/storage/ux0/app/PCSE01192/sce_module/libface.suprx
[13:35:47.500] |I| [install_archive_content]: Extracting D:/GAMESANDEMULATORS/vita3k/storage/ux0/app/PCSE01192/sce_module/libfios2.suprx
[13:35:47.520] |I| [install_archive_content]: Extracting D:/GAMESANDEMULATORS/vita3k/storage/ux0/app/PCSE01192/sce_module/libsmart.suprx
[13:35:47.547] |I| [install_archive_content]: Extracting D:/GAMESANDEMULATORS/vita3k/storage/ux0/app/PCSE01192/sce_module/libult.suprx
[13:35:47.573] |I| [install_archive_content]: Extracting D:/GAMESANDEMULATORS/vita3k/storage/ux0/app/PCSE01192/sce_pfs/files.db
[13:35:47.771] |I| [install_archive_content]: Extracting D:/GAMESANDEMULATORS/vita3k/storage/ux0/app/PCSE01192/sce_pfs/pflist
[13:35:47.814] |I| [install_archive_content]: Extracting D:/GAMESANDEMULATORS/vita3k/storage/ux0/app/PCSE01192/sce_pfs/unicv.db
[13:35:48.357] |I| [install_archive_content]: Extracting D:/GAMESANDEMULATORS/vita3k/storage/ux0/app/PCSE01192/sce_sys/about/right.suprx
[13:35:48.390] |I| [install_archive_content]: Extracting D:/GAMESANDEMULATORS/vita3k/storage/ux0/app/PCSE01192/sce_sys/clearsign
[13:35:48.400] |I| [install_archive_content]: Extracting D:/GAMESANDEMULATORS/vita3k/storage/ux0/app/PCSE01192/sce_sys/icon0.png
[13:35:48.433] |I| [install_archive_content]: Extracting D:/GAMESANDEMULATORS/vita3k/storage/ux0/app/PCSE01192/sce_sys/keystone
[13:35:48.444] |I| [install_archive_content]: Extracting D:/GAMESANDEMULATORS/vita3k/storage/ux0/app/PCSE01192/sce_sys/livearea/contents/bg0.png
[13:35:48.465] |I| [install_archive_content]: Extracting D:/GAMESANDEMULATORS/vita3k/storage/ux0/app/PCSE01192/sce_sys/livearea/contents/default_gate.png
[13:35:48.481] |I| [install_archive_content]: Extracting D:/GAMESANDEMULATORS/vita3k/storage/ux0/app/PCSE01192/sce_sys/livearea/contents/template.xml
[13:35:48.489] |I| [install_archive_content]: Extracting D:/GAMESANDEMULATORS/vita3k/storage/ux0/app/PCSE01192/sce_sys/manual/001.png
[13:35:48.513] |I| [install_archive_content]: Extracting D:/GAMESANDEMULATORS/vita3k/storage/ux0/app/PCSE01192/sce_sys/manual/002.png
[13:35:48.568] |I| [install_archive_content]: Extracting D:/GAMESANDEMULATORS/vita3k/storage/ux0/app/PCSE01192/sce_sys/manual/003.png
[13:35:48.590] |I| [install_archive_content]: Extracting D:/GAMESANDEMULATORS/vita3k/storage/ux0/app/PCSE01192/sce_sys/nptitle.dat
[13:35:48.598] |I| [install_archive_content]: Extracting D:/GAMESANDEMULATORS/vita3k/storage/ux0/app/PCSE01192/sce_sys/package/body.bin
[13:35:48.619] |I| [install_archive_content]: Extracting D:/GAMESANDEMULATORS/vita3k/storage/ux0/app/PCSE01192/sce_sys/package/head.bin
[13:35:48.639] |I| [install_archive_content]: Extracting D:/GAMESANDEMULATORS/vita3k/storage/ux0/app/PCSE01192/sce_sys/package/stat.bin
[13:35:48.645] |I| [install_archive_content]: Extracting D:/GAMESANDEMULATORS/vita3k/storage/ux0/app/PCSE01192/sce_sys/package/tail.bin
[13:35:48.660] |I| [install_archive_content]: Extracting D:/GAMESANDEMULATORS/vita3k/storage/ux0/app/PCSE01192/sce_sys/package/temp.bin
[13:35:48.687] |I| [install_archive_content]: Extracting D:/GAMESANDEMULATORS/vita3k/storage/ux0/app/PCSE01192/sce_sys/package/work.bin
[13:35:48.719] |I| [install_archive_content]: Extracting D:/GAMESANDEMULATORS/vita3k/storage/ux0/app/PCSE01192/sce_sys/param.sfo
[13:35:48.725] |I| [install_archive_content]: Extracting D:/GAMESANDEMULATORS/vita3k/storage/ux0/app/PCSE01192/sce_sys/pic0.png
[13:35:48.748] |I| [install_archive_content]: Extracting D:/GAMESANDEMULATORS/vita3k/storage/ux0/app/PCSE01192/sce_sys/trophy/NPWR14536_00/TROPHY.TRP
[13:35:48.774] |I| [is_nonpdrm]: Decrypt layer: D:\GAMESANDEMULATORS\vita3k\storage/ux0\app\PCSE01192
[13:36:07.364] |I| [copy_license]: Success copy license file to: D:\GAMESANDEMULATORS\vita3k\storage/ux0/license\PCSE01192\UP1675-PCSE01192_00-SYPSVENERGYINVAS.rif
[13:36:09.288] |I| [decrypt_install_nonpdrm]: Decrypted D:\GAMESANDEMULATORS\vita3k\storage/ux0\app\PCSE01192\eboot.bin with klicensee a29c2734089fa3c76863ad7438f3f9ba
[13:36:09.584] |I| [decrypt_install_nonpdrm]: Decrypted D:\GAMESANDEMULATORS\vita3k\storage/ux0\app\PCSE01192\Media\Modules\mono-vita.suprx with klicensee a29c2734089fa3c76863ad7438f3f9ba
[13:36:11.196] |I| [decrypt_install_nonpdrm]: Decrypted D:\GAMESANDEMULATORS\vita3k\storage/ux0\app\PCSE01192\Media\Modules\MonoAssembliesPSP2.suprx with klicensee a29c2734089fa3c76863ad7438f3f9ba
[13:36:11.226] |I| [decrypt_install_nonpdrm]: Decrypted D:\GAMESANDEMULATORS\vita3k\storage/ux0\app\PCSE01192\Media\Modules\pthread.suprx with klicensee a29c2734089fa3c76863ad7438f3f9ba
[13:36:11.246] |I| [decrypt_install_nonpdrm]: Decrypted D:\GAMESANDEMULATORS\vita3k\storage/ux0\app\PCSE01192\Media\Modules\SUPRXManager.suprx with klicensee a29c2734089fa3c76863ad7438f3f9ba
[13:36:11.289] |I| [decrypt_install_nonpdrm]: Decrypted D:\GAMESANDEMULATORS\vita3k\storage/ux0\app\PCSE01192\Media\Plugins\SavedGames.suprx with klicensee a29c2734089fa3c76863ad7438f3f9ba
[13:36:11.314] |I| [decrypt_install_nonpdrm]: Decrypted D:\GAMESANDEMULATORS\vita3k\storage/ux0\app\PCSE01192\Media\Plugins\SavedGames.suprx.b.suprx with klicensee a29c2734089fa3c76863ad7438f3f9ba
[13:36:11.370] |I| [decrypt_install_nonpdrm]: Decrypted D:\GAMESANDEMULATORS\vita3k\storage/ux0\app\PCSE01192\Media\Plugins\UnityNpToolkit.suprx with klicensee a29c2734089fa3c76863ad7438f3f9ba
[13:36:11.400] |I| [decrypt_install_nonpdrm]: Decrypted D:\GAMESANDEMULATORS\vita3k\storage/ux0\app\PCSE01192\Media\Plugins\UnityNpToolkit.suprx.b.suprx with klicensee a29c2734089fa3c76863ad7438f3f9ba
[13:36:11.482] |I| [decrypt_install_nonpdrm]: Decrypted D:\GAMESANDEMULATORS\vita3k\storage/ux0\app\PCSE01192\sce_module\libc.suprx with klicensee a29c2734089fa3c76863ad7438f3f9ba
[13:36:11.527] |I| [decrypt_install_nonpdrm]: Decrypted D:\GAMESANDEMULATORS\vita3k\storage/ux0\app\PCSE01192\sce_module\libface.suprx with klicensee a29c2734089fa3c76863ad7438f3f9ba
[13:36:11.566] |I| [decrypt_install_nonpdrm]: Decrypted D:\GAMESANDEMULATORS\vita3k\storage/ux0\app\PCSE01192\sce_module\libfios2.suprx with klicensee a29c2734089fa3c76863ad7438f3f9ba
[13:36:11.662] |I| [decrypt_install_nonpdrm]: Decrypted D:\GAMESANDEMULATORS\vita3k\storage/ux0\app\PCSE01192\sce_module\libsmart.suprx with klicensee a29c2734089fa3c76863ad7438f3f9ba
[13:36:11.699] |I| [decrypt_install_nonpdrm]: Decrypted D:\GAMESANDEMULATORS\vita3k\storage/ux0\app\PCSE01192\sce_module\libult.suprx with klicensee a29c2734089fa3c76863ad7438f3f9ba
[13:36:11.736] |I| [decrypt_install_nonpdrm]: Decrypted D:\GAMESANDEMULATORS\vita3k\storage/ux0\app\PCSE01192\sce_sys\about\right.suprx with klicensee a29c2734089fa3c76863ad7438f3f9ba
[13:36:11.744] |I| [install_archive_content]: Energy Invasion (App) [PCSE01192] installed succesfully!
[13:36:14.506] |I| [load_app_impl]: cpu-backend: Dynarmic
[13:36:14.508] |I| [load_app_impl]: CPU Optimisation state: true
[13:36:14.509] |I| [load_app_impl]: ngs state: true
[13:36:14.511] |I| [load_app_impl]: Resolution multiplier: 1
[13:36:14.512] |I| [load_app_impl]: modules mode: Automatic
[13:36:14.514] |I| [load_app_impl]: Title: Energy Invasion
[13:36:14.515] |I| [load_app_impl]: Serial: PCSE01192
[13:36:14.517] |I| [load_app_impl]: Version: 1.00
[13:36:14.519] |I| [load_app_impl]: Category: gd
[13:36:14.560] |C| [load_self]: Unknown segment type 0x6FFFFF01
[13:36:14.561] |I| [load_self]: Loaded module segment 0 @ [0x00007000 - 0x000588A4 / 0x81000000] (size: 0x000518A4) of module app0:sce_module/libc.suprx
[13:36:14.564] |I| [load_self]: Loaded module segment 1 @ [0x00059000 - 0x0005B8A0 / 0x81052000] (size: 0x000028A0) of module app0:sce_module/libc.suprx
[13:36:14.567] |I| [load_self]: Loading symbols for SELF: app0:sce_module/libc.suprx
[13:36:14.570] |D| [load_var_exports]: 	NID 0x936C8A78 (SYSLYB) at 0x4E314
[13:36:14.571] |D| [load_var_exports]: 	NID 0x6C2224BA (NID_MODULE_INFO) at 0x434DC
[13:36:14.573] |W| [load_var_imports]: 	NID NOT FOUND 0x93B8AA67 (UNRECOGNISED) at 0x4763C, setting to stub value 0xDEADBEEF
[13:36:14.578] |W| [load_var_imports]: 	NID NOT FOUND 0xDF084DFA (UNRECOGNISED) at 0x491D0, setting to stub value 0xDEADBEEF
[13:36:14.580] |I| [pre_load_module]: Pre-load module SceLibc (at "sce_module/libc.suprx") loaded
[13:36:14.603] |C| [load_self]: Unknown segment type 0x6FFFFF01
[13:36:14.603] |I| [load_self]: Loaded module segment 0 @ [0x0005E000 - 0x0008ACBF / 0x81000000] (size: 0x0002CCBF) of module app0:sce_module/libfios2.suprx
[13:36:14.607] |I| [load_self]: Loaded module segment 1 @ [0x0008B000 - 0x00090255 / 0x8102D000] (size: 0x00005255) of module app0:sce_module/libfios2.suprx
[13:36:14.610] |I| [load_self]: Loading symbols for SELF: app0:sce_module/libfios2.suprx
[13:36:14.611] |D| [load_var_exports]: 	NID 0x936C8A78 (SYSLYB) at 0x8ABC8
[13:36:14.612] |D| [load_var_exports]: 	NID 0x6C2224BA (NID_MODULE_INFO) at 0x81F08
[13:36:14.615] |I| [pre_load_module]: Pre-load module SceLibFios2 (at "sce_module/libfios2.suprx") loaded
[13:36:14.630] |C| [load_self]: Unknown segment type 0x6FFFFF01
[13:36:14.631] |I| [load_self]: Loaded module segment 0 @ [0x00091000 - 0x000A49BC / 0x81000000] (size: 0x000139BC) of module app0:sce_module/libult.suprx
[13:36:14.634] |I| [load_self]: Loaded module segment 1 @ [0x000A5000 - 0x000A5814 / 0x81014000] (size: 0x00000814) of module app0:sce_module/libult.suprx
[13:36:14.637] |I| [load_self]: Loading symbols for SELF: app0:sce_module/libult.suprx
[13:36:14.640] |D| [load_var_exports]: 	NID 0x936C8A78 (SYSLYB) at 0xA32E8
[13:36:14.641] |D| [load_var_exports]: 	NID 0x6C2224BA (NID_MODULE_INFO) at 0xA0870
[13:36:14.642] |I| [pre_load_module]: Pre-load module SceUlt (at "sce_module/libult.suprx") loaded
[13:36:14.722] |I| [load_self]: Loaded module segment 0 @ [0x000A6000 - 0x000F6F04 / 0x81000000] (size: 0x00050F04) of module vs0:sys/external/libSceFt2.suprx
[13:36:14.725] |I| [load_self]: Loaded module segment 1 @ [0x000F7000 - 0x000F72F4 / 0x81051000] (size: 0x000002F4) of module vs0:sys/external/libSceFt2.suprx
[13:36:14.730] |I| [load_self]: Loading symbols for SELF: vs0:sys/external/libSceFt2.suprx
[13:36:14.733] |D| [load_var_exports]: 	NID 0x936C8A78 (SYSLYB) at 0xE27DC
[13:36:14.733] |D| [load_var_exports]: 	NID 0x6C2224BA (NID_MODULE_INFO) at 0xE1F10
[13:36:14.735] |I| [pre_load_module]: Pre-load module SceLibft2 (at "sys/external/libSceFt2.suprx") loaded
[13:36:14.787] |I| [load_self]: Loaded module segment 0 @ [0x000F8000 - 0x00107F14 / 0x81000000] (size: 0x0000FF14) of module vs0:sys/external/libpvf.suprx
[13:36:14.792] |I| [load_self]: Loaded module segment 1 @ [0x00108000 - 0x00108008 / 0x81010000] (size: 0x00000008) of module vs0:sys/external/libpvf.suprx
[13:36:14.794] |I| [load_self]: Loading symbols for SELF: vs0:sys/external/libpvf.suprx
[13:36:14.796] |D| [load_var_exports]: 	NID 0x936C8A78 (SYSLYB) at 0x106710
[13:36:14.798] |D| [load_var_exports]: 	NID 0x6C2224BA (NID_MODULE_INFO) at 0x106300
[13:36:14.799] |I| [pre_load_module]: Pre-load module SceLibPvf (at "sys/external/libpvf.suprx") loaded
[13:36:16.583] |C| [load_self]: Unknown segment type 0x6FFFFF01
[13:36:16.584] |I| [load_self]: Loaded module segment 0 @ [0x00109000 - 0x0141D834 / 0x81000000] (size: 0x01314834) of module app0:eboot.bin
[13:36:16.586] |I| [load_self]: Loaded module segment 1 @ [0x0141E000 - 0x0153C5B0 / 0x82315000] (size: 0x0011E5B0) of module app0:eboot.bin
[13:36:16.588] |I| [load_self]: Loading symbols for SELF: app0:eboot.bin
[13:36:16.591] |D| [load_var_exports]: 	NID 0x6C2224BA (NID_MODULE_INFO) at 0x11C5B30
[13:36:16.592] |D| [load_var_exports]: 	NID 0x70FBA1E7 (SCE_PROC_PARAMS) at 0x1435F34
[13:36:16.593] |D| [load_var_exports]: 	NID 0x936C8A78 (SYSLYB) at 0x1370D14
[13:36:16.597] |W| [load_var_imports]: 	NID NOT FOUND 0x338B0BD1 (UNRECOGNISED) at 0x1227EAC, setting to stub value 0xDEADBEEF
[13:36:16.602] |W| [load_var_imports]: 	NID NOT FOUND 0x3A451B91 (UNRECOGNISED) at 0x1227E98, setting to stub value 0xDEADBEEF
[13:36:16.607] |W| [load_var_imports]: 	NID NOT FOUND 0x550DFE23 (UNRECOGNISED) at 0x1227EC0, setting to stub value 0xDEADBEEF
[13:36:16.611] |W| [load_var_imports]: 	NID NOT FOUND 0x56354517 (UNRECOGNISED) at 0x1227E60, setting to stub value 0xDEADBEEF
[13:36:16.615] |W| [load_var_imports]: 	NID NOT FOUND 0x5EF67445 (UNRECOGNISED) at 0x1227F24, setting to stub value 0xDEADBEEF
[13:36:16.619] |W| [load_var_imports]: 	NID NOT FOUND 0x6ACA1D57 (UNRECOGNISED) at 0x1227EE8, setting to stub value 0xDEADBEEF
[13:36:16.623] |W| [load_var_imports]: 	NID NOT FOUND 0x71A78083 (UNRECOGNISED) at 0x1227E84, setting to stub value 0xDEADBEEF
[13:36:16.627] |W| [load_var_imports]: 	NID NOT FOUND 0x79F9DB75 (UNRECOGNISED) at 0x1227ED4, setting to stub value 0xDEADBEEF
[13:36:16.633] |W| [load_var_imports]: 	NID NOT FOUND 0xAA0340C3 (UNRECOGNISED) at 0x1227EFC, setting to stub value 0xDEADBEEF
[13:36:16.636] |W| [load_var_imports]: 	NID NOT FOUND 0xF9A1DE92 (UNRECOGNISED) at 0x1227F10, setting to stub value 0xDEADBEEF
[13:36:16.641] |W| [load_var_imports]: 	NID NOT FOUND 0x6EF1E48 (UNRECOGNISED) at 0x1227F38, setting to stub value 0xDEADBEEF
[13:36:16.651] |I| [load_app_impl]: Main executable UnityPlayer_201711_Release (eboot.bin) loaded
[13:36:16.692] |D| [run_app]: Running module_start of library: SceLibc at address 0x7871
[13:36:16.738] |T| [open_file]: sceKernelGetStdin: Opening terminal tty0:
[13:36:16.740] |T| [open_file]: sceKernelGetStdout: Opening terminal tty0:
[13:36:16.741] |T| [open_file]: sceKernelGetStderr: Opening terminal tty0:
[13:36:16.772] |I| [run_app]: Module SceLibc (at "app0:sce_module/libc.suprx") module_start returned 0x0
[13:36:16.786] |D| [run_app]: Running module_start of library: SceLibFios2 at address 0x5E001
[13:36:16.830] |W| [stubbed_impl]: Stubbed sceKernelGetProcessId import called. (pid: 0)
[13:36:16.832] |W| [unimplemented_impl]: Unimplemented sceFiosOverlayGetList02 import called.
[13:36:16.834] |I| [run_app]: Module SceLibFios2 (at "app0:sce_module/libfios2.suprx") module_start returned 0x0
[13:36:16.847] |D| [run_app]: Running module_start of library: SceUlt at address 0x94771
[13:36:16.884] |W| [unimplemented_impl]: Unimplemented _sceUlobjMgrRegisterLibultProtocolRevision import called.
[13:36:16.885] |I| [run_app]: Module SceUlt (at "app0:sce_module/libult.suprx") module_start returned 0x0
[13:36:16.922] |W| [unimplemented_impl]: Unimplemented sceKernelRegisterThreadEventHandler import called.
[13:36:20.034] |W| [stubbed_impl]: Stubbed sceKernelGetFreeMemorySize import called. (Single pool)
[13:36:20.083] |W| [unimplemented_impl]: Unimplemented sceAppUtilInit import called.
[13:36:20.085] |T| [open_file]: _sceKernelLoadStartModule: Opening file app0:/Media/Modules/pthread.suprx (ux0:/app/PCSE01192/Media/Modules/pthread.suprx), fd: 0x3
[13:36:20.089] |T| [seek_file]: _sceKernelLoadStartModule: Seeking fd: 0x3, offset: 0x0, whence: SCE_SEEK_END
[13:36:20.090] |T| [seek_file]: _sceKernelLoadStartModule: Seeking fd: 0x3, offset: 0x0, whence: SCE_SEEK_SET
[13:36:20.100] |T| [read_file]: _sceKernelLoadStartModule: Reading 43872 bytes of fd 0x3
[13:36:20.105] |C| [load_self]: Unknown segment type 0x6FFFFF01
[13:36:20.106] |I| [load_self]: Loaded module segment 0 @ [0x0198F000 - 0x01995C9C / 0x81000000] (size: 0x00006C9C) of module app0:/Media/Modules/pthread.suprx
[13:36:20.116] |I| [load_self]: Loaded module segment 1 @ [0x01996000 - 0x01998178 / 0x81007000] (size: 0x00002178) of module app0:/Media/Modules/pthread.suprx
[13:36:20.120] |I| [load_self]: Loading symbols for SELF: app0:/Media/Modules/pthread.suprx
[13:36:20.122] |D| [load_var_exports]: 	NID 0x6C2224BA (NID_MODULE_INFO) at 0x19947E4
[13:36:20.123] |D| [load_var_exports]: 	NID 0x936C8A78 (SYSLYB) at 0x1995C98
[13:36:20.133] |T| [close_file]: _sceKernelLoadStartModule: Closing file fd: 0x3
[13:36:20.194] |I| [start_module]: Module PTHREAD_PRX (at "app0:/Media/Modules/pthread.suprx") module_start returned 0x0
[13:36:20.216] |T| [log_import_call]: [LLE] TID: 8   FUNC: 0xDE0CECE6 UNRECOGNISED at 0x11C49F4
[13:36:20.219] |T| [log_import_call]: [LLE] TID: 8   FUNC: 0xD5FD9FFA UNRECOGNISED at 0x11C49E4
[13:36:20.222] |T| [open_file]: _sceKernelLoadStartModule: Opening file app0:/Media/Modules/mono-vita.suprx (ux0:/app/PCSE01192/Media/Modules/mono-vita.suprx), fd: 0x4
[13:36:20.228] |T| [seek_file]: _sceKernelLoadStartModule: Seeking fd: 0x4, offset: 0x0, whence: SCE_SEEK_END
[13:36:20.230] |T| [seek_file]: _sceKernelLoadStartModule: Seeking fd: 0x4, offset: 0x0, whence: SCE_SEEK_SET
[13:36:20.236] |T| [read_file]: _sceKernelLoadStartModule: Reading 3322428 bytes of fd 0x4
[13:36:20.255] |C| [load_self]: Unknown segment type 0x6FFFFF01
[13:36:20.257] |I| [load_self]: Loaded module segment 0 @ [0x01999000 - 0x01BEDA34 / 0x81000000] (size: 0x00254A34) of module app0:/Media/Modules/mono-vita.suprx
[13:36:20.265] |I| [load_self]: Loaded module segment 1 @ [0x01BEE000 - 0x01C55D70 / 0x81255000] (size: 0x00067D70) of module app0:/Media/Modules/mono-vita.suprx
[13:36:20.268] |I| [load_self]: Loading symbols for SELF: app0:/Media/Modules/mono-vita.suprx
[13:36:20.272] |D| [load_var_exports]: 	NID 0x6C2224BA (NID_MODULE_INFO) at 0x1B32F3C
[13:36:20.279] |D| [load_var_exports]: 	NID 0x936C8A78 (SYSLYB) at 0x1BD054C
[13:36:20.282] |T| [close_file]: _sceKernelLoadStartModule: Closing file fd: 0x4
[13:36:20.355] |I| [start_module]: Module MONO (at "app0:/Media/Modules/mono-vita.suprx") module_start returned 0x0
[13:36:20.373] |T| [open_file]: _sceKernelLoadStartModule: Opening file app0:/Media/Modules/MonoAssembliesPSP2.suprx (ux0:/app/PCSE01192/Media/Modules/MonoAssembliesPSP2.suprx), fd: 0x5
[13:36:20.378] |T| [seek_file]: _sceKernelLoadStartModule: Seeking fd: 0x5, offset: 0x0, whence: SCE_SEEK_END
[13:36:20.379] |T| 