[10:19:41.138] |I| [config::init_config]: backend-renderer: Vulkan
[10:19:41.140] |I| [config::init_config]: log-level: 0
[10:19:41.237] |I| [SDL_main]: Vita3K v0.1.8 3233-a6f64367
[10:19:41.237] |I| [SDL_main]: Number of logical CPU cores: 12
[10:19:41.237] |I| [SDL_main]: Available ram memory: 32655 MiB
[10:19:41.336] |I| [renderer::vulkan::VKState::create]: Vulkan device: NVIDIA GeForce RTX 3070
[10:19:41.337] |I| [renderer::vulkan::VKState::create]: Driver version: 536.23.0.0
[10:19:41.337] |I| [renderer::vulkan::VKState::create]: Memory mapping is enabled
[10:19:41.607] |I| [renderer::vulkan::ScreenRenderer::setup]: Present mode: Mailbox
[10:19:41.897] |W| [compat::load_compat_app_db]: App with Title ID PCSB01431 has an issue but no status label. Please check GitHub issue 1739 and request a status label be added.
[10:19:41.897] |W| [compat::load_compat_app_db]: App with Title ID PCSB00894 has an issue but no status label. Please check GitHub issue 1738 and request a status label be added.
[10:19:41.897] |W| [compat::load_compat_app_db]: App with Title ID PCSH10100 has an issue but no status label. Please check GitHub issue 1716 and request a status label be added.
[10:19:41.897] |W| [compat::load_compat_app_db]: App with Title ID PCSE00640 has an issue but no status label. Please check GitHub issue 1678 and request a status label be added.
[10:19:41.898] |W| [compat::load_compat_app_db]: App with Title ID PCSA00158 has an issue but no status label. Please check GitHub issue 1659 and request a status label be added.
[10:19:41.898] |W| [compat::load_compat_app_db]: App with Title ID PCSA00133 has an issue but no status label. Please check GitHub issue 1649 and request a status label be added.
[10:19:41.909] |I| [gui::load_app_icon]: Default icon found for App PCSB01124, [PCSB01124] in path PCSB01124.
[10:19:42.109] |I| [compat::update_compat_app_db]: Applications compatibility database is outdated, attempting to download latest updated at: 06-27-2023 08:07:22
[10:19:43.097] |W| [compat::load_compat_app_db]: App with Title ID PCSB01458 has an issue but no status label. Please check GitHub issue 1740 and request a status label be added.
[10:19:43.098] |W| [compat::load_compat_app_db]: App with Title ID PCSB01431 has an issue but no status label. Please check GitHub issue 1739 and request a status label be added.
[10:19:43.098] |W| [compat::load_compat_app_db]: App with Title ID PCSB00894 has an issue but no status label. Please check GitHub issue 1738 and request a status label be added.
[10:19:43.098] |W| [compat::load_compat_app_db]: App with Title ID PCSH10100 has an issue but no status label. Please check GitHub issue 1716 and request a status label be added.
[10:19:43.099] |W| [compat::load_compat_app_db]: App with Title ID PCSE00640 has an issue but no status label. Please check GitHub issue 1678 and request a status label be added.
[10:19:43.099] |W| [compat::load_compat_app_db]: App with Title ID PCSA00158 has an issue but no status label. Please check GitHub issue 1659 and request a status label be added.
[10:19:43.100] |W| [compat::load_compat_app_db]: App with Title ID PCSA00133 has an issue but no status label. Please check GitHub issue 1649 and request a status label be added.
[10:27:43.923] |I| [load_app_impl]: cpu-backend: Dynarmic
[10:27:43.923] |I| [load_app_impl]: CPU Optimisation state: true
[10:27:43.924] |I| [load_app_impl]: ngs state: true
[10:27:43.924] |I| [load_app_impl]: Resolution multiplier: 1
[10:27:43.924] |I| [load_app_impl]: 1 Controllers Connected
[10:27:43.925] |I| [load_app_impl]: Controller 0: Controller (Xbox One For Windows)
[10:27:43.925] |I| [load_app_impl]: modules mode: Automatic
[10:27:43.925] |I| [load_app_impl]: Title: EVE rebirth terror
[10:27:43.926] |I| [load_app_impl]: Serial: PCSG01249
[10:27:43.926] |I| [load_app_impl]: Version: 1.00
[10:27:43.926] |I| [load_app_impl]: Category: gd
[10:27:43.945] |I| [load_self]: app0:sce_module/libc.suprx: Skipping special segment 0x6fffff01...
[10:27:43.945] |I| [load_self]: Loaded module segment 0 @ [0x00005000 - 0x000568A4 / 0x81000000] (size: 0x000518A4) of module app0:sce_module/libc.suprx
[10:27:43.946] |I| [load_self]: Loaded module segment 1 @ [0x00057000 - 0x000598A0 / 0x81052000] (size: 0x000028A0) of module app0:sce_module/libc.suprx
[10:27:43.946] |I| [load_self]: Linking SELF app0:sce_module/libc.suprx...
[10:27:43.948] |D| [load_var_exports]: 	NID 0x936c8a78 (SYSLYB) at 0x4c314
[10:27:43.948] |D| [load_var_exports]: 	NID 0x6c2224ba (NID_MODULE_INFO) at 0x414dc
[10:27:43.948] |I| [pre_load_module]: Pre-load module SceLibc (at "sce_module/libc.suprx") loaded
[10:27:43.960] |I| [load_self]: app0:sce_module/libfios2.suprx: Skipping special segment 0x6fffff01...
[10:27:43.960] |I| [load_self]: Loaded module segment 0 @ [0x0005A000 - 0x00086CBF / 0x81000000] (size: 0x0002CCBF) of module app0:sce_module/libfios2.suprx
[10:27:43.961] |I| [load_self]: Loaded module segment 1 @ [0x00087000 - 0x0008C255 / 0x8102D000] (size: 0x00005255) of module app0:sce_module/libfios2.suprx
[10:27:43.961] |I| [load_self]: Linking SELF app0:sce_module/libfios2.suprx...
[10:27:43.962] |D| [load_var_exports]: 	NID 0x936c8a78 (SYSLYB) at 0x86bc8
[10:27:43.963] |D| [load_var_exports]: 	NID 0x6c2224ba (NID_MODULE_INFO) at 0x7df08
[10:27:43.963] |I| [pre_load_module]: Pre-load module SceLibFios2 (at "sce_module/libfios2.suprx") loaded
[10:27:43.971] |I| [load_self]: app0:sce_module/libult.suprx: Skipping special segment 0x6fffff01...
[10:27:43.971] |I| [load_self]: Loaded module segment 0 @ [0x0008D000 - 0x000A09BC / 0x81000000] (size: 0x000139BC) of module app0:sce_module/libult.suprx
[10:27:43.972] |I| [load_self]: Loaded module segment 1 @ [0x000A1000 - 0x000A1814 / 0x81014000] (size: 0x00000814) of module app0:sce_module/libult.suprx
[10:27:43.972] |I| [load_self]: Linking SELF app0:sce_module/libult.suprx...
[10:27:43.973] |D| [load_var_exports]: 	NID 0x936c8a78 (SYSLYB) at 0x9f2e8
[10:27:43.973] |D| [load_var_exports]: 	NID 0x6c2224ba (NID_MODULE_INFO) at 0x9c870
[10:27:43.974] |I| [pre_load_module]: Pre-load module SceUlt (at "sce_module/libult.suprx") loaded
[10:27:43.983] |I| [load_self]: Loaded module segment 0 @ [0x000A2000 - 0x000F2F04 / 0x81000000] (size: 0x00050F04) of module vs0:sys/external/libSceFt2.suprx
[10:27:43.983] |I| [load_self]: Loaded module segment 1 @ [0x000F3000 - 0x000F32F4 / 0x81051000] (size: 0x000002F4) of module vs0:sys/external/libSceFt2.suprx
[10:27:43.984] |I| [load_self]: Linking SELF vs0:sys/external/libSceFt2.suprx...
[10:27:43.985] |D| [load_var_exports]: 	NID 0x936c8a78 (SYSLYB) at 0xde7dc
[10:27:43.985] |D| [load_var_exports]: 	NID 0x6c2224ba (NID_MODULE_INFO) at 0xddf10
[10:27:43.985] |I| [pre_load_module]: Pre-load module SceLibft2 (at "sys/external/libSceFt2.suprx") loaded
[10:27:43.988] |I| [load_self]: Loaded module segment 0 @ [0x000F4000 - 0x00103F14 / 0x81000000] (size: 0x0000FF14) of module vs0:sys/external/libpvf.suprx
[10:27:43.988] |I| [load_self]: Loaded module segment 1 @ [0x00104000 - 0x00104008 / 0x81010000] (size: 0x00000008) of module vs0:sys/external/libpvf.suprx
[10:27:43.989] |I| [load_self]: Linking SELF vs0:sys/external/libpvf.suprx...
[10:27:43.989] |D| [load_var_exports]: 	NID 0x936c8a78 (SYSLYB) at 0x102710
[10:27:43.990] |D| [load_var_exports]: 	NID 0x6c2224ba (NID_MODULE_INFO) at 0x102300
[10:27:43.990] |I| [pre_load_module]: Pre-load module SceLibPvf (at "sys/external/libpvf.suprx") loaded
[10:27:44.018] |I| [load_self]: app0:eboot.bin: Skipping special segment 0x6fffff01...
[10:27:44.018] |I| [load_self]: Loaded module segment 0 @ [0x00105000 - 0x0018F34B / 0x81000000] (size: 0x0008A34B) of module app0:eboot.bin
[10:27:44.019] |I| [load_self]: Loaded module segment 1 @ [0x00190000 - 0x016147AC / 0x8108B000] (size: 0x014847AC) of module app0:eboot.bin
[10:27:44.019] |I| [load_self]: Linking SELF app0:eboot.bin...
[10:27:44.020] |D| [load_var_exports]: 	NID 0x6c2224ba (NID_MODULE_INFO) at 0x1768f8
[10:27:44.020] |D| [load_var_exports]: 	NID 0x70fba1e7 (SCE_PROC_PARAMS) at 0x19aa40
[10:27:44.020] |D| [load_var_exports]: 	NID 0x936c8a78 (SYSLYB) at 0x17f168
[10:27:44.021] |I| [load_app_impl]: Main executable RscAdvSystem (eboot.bin) loaded
[10:27:44.036] |D| [run_app]: Running module_start of library: SceLibc at address 0x5871
[10:27:44.088] |T| [open_file]: sceKernelGetStdin: Opening terminal tty0:
[10:27:44.088] |T| [open_file]: sceKernelGetStdout: Opening terminal tty0:
[10:27:44.089] |T| [open_file]: sceKernelGetStderr: Opening terminal tty0:
[10:27:44.097] |I| [run_app]: Module SceLibc (at "app0:sce_module/libc.suprx") module_start returned 0x0
[10:27:44.100] |D| [run_app]: Running module_start of library: SceLibFios2 at address 0x5a001
[10:27:44.114] |W| [stubbed_impl]: Stubbed sceKernelGetProcessId import called. (pid: 0)
[10:27:44.115] |I| [run_app]: Module SceLibFios2 (at "app0:sce_module/libfios2.suprx") module_start returned 0x0
[10:27:44.117] |D| [run_app]: Running module_start of library: SceUlt at address 0x90771
[10:27:44.131] |W| [unimplemented_impl]: Unimplemented _sceUlobjMgrRegisterLibultProtocolRevision import called.
[10:27:44.131] |I| [run_app]: Module SceUlt (at "app0:sce_module/libult.suprx") module_start returned 0x0
[10:27:44.139] |T| [open_file]: create_trophy_context: Opening file app0:/sce_sys/trophy/NPWR16789_00/TROPHY.TRP (ux0:/app/PCSG01249/sce_sys/trophy/NPWR16789_00/TROPHY.TRP), fd: 0x3
[10:27:44.140] |E| [open_file]: Missing file at C:/vita/ux0/user/00/trophy/data/NPWR16789_00/TROPUSR.DAT (target path: ux0:/user/00/trophy/data/NPWR16789_00/TROPUSR.DAT)
[10:27:44.140] |W| [io_error_impl]: open_file (create_trophy_context) returned 0x80010002
[10:27:44.141] |T| [open_file]: install_trophy_context: Opening file ux0:/user/00/trophy/conf/NPWR16789_00/TROPCONF.SFM (ux0:/user/00/trophy/conf/NPWR16789_00/TROPCONF.SFM), fd: 0x4
[10:27:44.142] |T| [write_file]: install_trophy_context: Writing to fd: 0x4, size: 2355
[10:27:44.142] |T| [close_file]: install_trophy_context: Closing file fd: 0x4
[10:27:44.143] |T| [open_file]: install_trophy_context: Opening file ux0:/user/00/trophy/conf/NPWR16789_00/TROP.SFM (ux0:/user/00/trophy/conf/NPWR16789_00/TROP.SFM), fd: 0x5
[10:27:44.143] |T| [write_file]: install_trophy_context: Writing to fd: 0x5, size: 6809
[10:27:44.144] |T| [close_file]: install_trophy_context: Closing file fd: 0x5
[10:27:44.145] |T| [open_file]: install_trophy_context: Opening file ux0:/user/00/trophy/conf/NPWR16789_00/TROP_00.SFM (ux0:/user/00/trophy/conf/NPWR16789_00/TROP_00.SFM), fd: 0x6
[10:27:44.146] |T| [write_file]: install_trophy_context: Writing to fd: 0x6, size: 6809
[10:27:44.146] |T| [close_file]: install_trophy_context: Closing file fd: 0x6
[10:27:44.148] |T| [open_file]: install_trophy_context: Opening file ux0:/user/00/trophy/conf/NPWR16789_00/ICON0.PNG (ux0:/user/00/trophy/conf/NPWR16789_00/ICON0.PNG), fd: 0x7
[10:27:44.150] |T| [write_file]: install_trophy_context: Writing to fd: 0x7, size: 78142
[10:27:44.150] |T| [close_file]: install_trophy_context: Closing file fd: 0x7
[10:27:44.151] |T| [open_file]: install_trophy_context: Opening file ux0:/user/00/trophy/conf/NPWR16789_00/TROP000.PNG (ux0:/user/00/trophy/conf/NPWR16789_00/TROP000.PNG), fd: 0x8
[10:27:44.151] |T| [write_file]: install_trophy_context: Writing to fd: 0x8, size: 110856
[10:27:44.151] |T| [close_file]: install_trophy_context: Closing file fd: 0x8
[10:27:44.152] |T| [open_file]: install_trophy_context: Opening file ux0:/user/00/trophy/conf/NPWR16789_00/TROP001.PNG (ux0:/user/00/trophy/conf/NPWR16789_00/TROP001.PNG), fd: 0x9
[10:27:44.153] |T| [write_file]: install_trophy_context: Writing to fd: 0x9, size: 114891
[10:27:44.153] |T| [close_file]: install_trophy_context: Closing file fd: 0x9
[10:27:44.154] |T| [open_file]: install_trophy_context: Opening file ux0:/user/00/trophy/conf/NPWR16789_00/TROP002.PNG (ux0:/user/00/trophy/conf/NPWR16789_00/TROP002.PNG), fd: 0xa
[10:27:44.155] |T| [write_file]: install_trophy_context: Writing to fd: 0xa, size: 97343
[10:27:44.155] |T| [close_file]: install_trophy_context: Closing file fd: 0xa
[10:27:44.156] |T| [open_file]: install_trophy_context: Opening file ux0:/user/00/trophy/conf/NPWR16789_00/TROP003.PNG (ux0:/user/00/trophy/conf/NPWR16789_00/TROP003.PNG), fd: 0xb
[10:27:44.156] |T| [write_file]: install_trophy_context: Writing to fd: 0xb, size: 114871
[10:27:44.156] |T| [close_file]: install_trophy_context: Closing file fd: 0xb
[10:27:44.157] |T| [open_file]: install_trophy_context: Opening file ux0:/user/00/trophy/conf/NPWR16789_00/TROP004.PNG (ux0:/user/00/trophy/conf/NPWR16789_00/TROP004.PNG), fd: 0xc
[10:27:44.158] |T| [write_file]: install_trophy_context: Writing to fd: 0xc, size: 97369
[10:27:44.158] |T| [close_file]: install_trophy_context: Closing file fd: 0xc
[10:27:44.159] |T| [open_file]: install_trophy_context: Opening file ux0:/user/00/trophy/conf/NPWR16789_00/TROP005.PNG (ux0:/user/00/trophy/conf/NPWR16789_00/TROP005.PNG), fd: 0xd
[10:27:44.159] |T| [write_file]: install_trophy_context: Writing to fd: 0xd, size: 114913
[10:27:44.160] |T| [close_file]: install_trophy_context: Closing file fd: 0xd
[10:27:44.160] |T| [open_file]: install_trophy_context: Opening file ux0:/user/00/trophy/conf/NPWR16789_00/TROP006.PNG (ux0:/user/00/trophy/conf/NPWR16789_00/TROP006.PNG), fd: 0xe
[10:27:44.161] |T| [write_file]: install_trophy_context: Writing to fd: 0xe, size: 97396
[10:27:44.161] |T| [close_file]: install_trophy_context: Closing file fd: 0xe
[10:27:44.162] |T| [open_file]: install_trophy_context: Opening file ux0:/user/00/trophy/conf/NPWR16789_00/TROP007.PNG (ux0:/user/00/trophy/conf/NPWR16789_00/TROP007.PNG), fd: 0xf
[10:27:44.163] |T| [write_file]: install_trophy_context: Writing to fd: 0xf, size: 114895
[10:27:44.163] |T| [close_file]: install_trophy_context: Closing file fd: 0xf
[10:27:44.164] |T| [open_file]: install_trophy_context: Opening file ux0:/user/00/trophy/conf/NPWR16789_00/TROP008.PNG (ux0:/user/00/trophy/conf/NPWR16789_00/TROP008.PNG), fd: 0x10
[10:27:44.166] |T| [write_file]: install_trophy_context: Writing to fd: 0x10, size: 97404
[10:27:44.166] |T| [close_file]: install_trophy_context: Closing file fd: 0x10
[10:27:44.167] |T| [open_file]: install_trophy_context: Opening file ux0:/user/00/trophy/conf/NPWR16789_00/TROP009.PNG (ux0:/user/00/trophy/conf/NPWR16789_00/TROP009.PNG), fd: 0x11
[10:27:44.167] |T| [write_file]: install_trophy_context: Writing to fd: 0x11, size: 114880
[10:27:44.168] |T| [close_file]: install_trophy_context: Closing file fd: 0x11
[10:27:44.168] |T| [open_file]: install_trophy_context: Opening file ux0:/user/00/trophy/conf/NPWR16789_00/TROP010.PNG (ux0:/user/00/trophy/conf/NPWR16789_00/TROP010.PNG), fd: 0x12
[10:27:44.169] |T| [write_file]: install_trophy_context: Writing to fd: 0x12, size: 97398
[10:27:44.169] |T| [close_file]: install_trophy_context: Closing file fd: 0x12
[10:27:44.170] |T| [open_file]: install_trophy_context: Opening file ux0:/user/00/trophy/conf/NPWR16789_00/TROP011.PNG (ux0:/user/00/trophy/conf/NPWR16789_00/TROP011.PNG), fd: 0x13
[10:27:44.171] |T| [write_file]: install_trophy_context: Writing to fd: 0x13, size: 114902
[10:27:44.171] |T| [close_file]: install_trophy_context: Closing file fd: 0x13
[10:27:44.172] |T| [open_file]: install_trophy_context: Opening file ux0:/user/00/trophy/conf/NPWR16789_00/TROP012.PNG (ux0:/user/00/trophy/conf/NPWR16789_00/TROP012.PNG), fd: 0x14
[10:27:44.172] |T| [write_file]: install_trophy_context: Writing to fd: 0x14, size: 97424
[10:27:44.173] |T| [close_file]: install_trophy_context: Closing file fd: 0x14
[10:27:44.173] |T| [open_file]: install_trophy_context: Opening file ux0:/user/00/trophy/conf/NPWR16789_00/TROP013.PNG (ux0:/user/00/trophy/conf/NPWR16789_00/TROP013.PNG), fd: 0x15
[10:27:44.174] |T| [write_file]: install_trophy_context: Writing to fd: 0x15, size: 106417
[10:27:44.174] |T| [close_file]: install_trophy_context: Closing file fd: 0x15
[10:27:44.175] |T| [open_file]: install_trophy_context: Opening file ux0:/user/00/trophy/conf/NPWR16789_00/TROP014.PNG (ux0:/user/00/trophy/conf/NPWR16789_00/TROP014.PNG), fd: 0x16
[10:27:44.176] |T| [write_file]: install_trophy_context: Writing to fd: 0x16, size: 111451
[10:27:44.176] |T| [close_file]: install_trophy_context: Closing file fd: 0x16
[10:27:44.177] |T| [open_file]: install_trophy_context: Opening file ux0:/user/00/trophy/conf/NPWR16789_00/TROP015.PNG (ux0:/user/00/trophy/conf/NPWR16789_00/TROP015.PNG), fd: 0x17
[10:27:44.177] |T| [write_file]: install_trophy_context: Writing to fd: 0x17, size: 106547
[10:27:44.178] |T| [close_file]: install_trophy_context: Closing file fd: 0x17
[10:27:44.179] |T| [open_file]: install_trophy_context: Opening file ux0:/user/00/trophy/conf/NPWR16789_00/TROP016.PNG (ux0:/user/00/trophy/conf/NPWR16789_00/TROP016.PNG), fd: 0x18
[10:27:44.181] |T| [write_file]: install_trophy_context: Writing to fd: 0x18, size: 115839
[10:27:44.181] |T| [close_file]: install_trophy_context: Closing file fd: 0x18
[10:27:44.182] |T| [open_file]: install_trophy_context: Opening file ux0:/user/00/trophy/conf/NPWR16789_00/TROP017.PNG (ux0:/user/00/trophy/conf/NPWR16789_00/TROP017.PNG), fd: 0x19
[10:27:44.182] |T| [write_file]: install_trophy_context: Writing to fd: 0x19, size: 97838
[10:27:44.182] |T| [close_file]: install_trophy_context: Closing file fd: 0x19
[10:27:44.184] |T| [open_file]: install_trophy_context: Opening file ux0:/user/00/trophy/conf/NPWR16789_00/TROP018.PNG (ux0:/user/00/trophy/conf/NPWR16789_00/TROP018.PNG), fd: 0x1a
[10:27:44.184] |T| [write_file]: install_trophy_context: Writing to fd: 0x1a, size: 86128
[10:27:44.184] |T| [close_file]: install_trophy_context: Closing file fd: 0x1a
[10:27:44.185] |T| [open_file]: install_trophy_context: Opening file ux0:/user/00/trophy/conf/NPWR16789_00/TROP019.PNG (ux0:/user/00/trophy/conf/NPWR16789_00/TROP019.PNG), fd: 0x1b
[10:27:44.186] |T| [write_file]: install_trophy_context: Writing to fd: 0x1b, size: 86127
[10:27:44.186] |T| [close_file]: install_trophy_context: Closing file fd: 0x1b
[10:27:44.187] |T| [open_file]: install_trophy_context: Opening file ux0:/user/00/trophy/conf/NPWR16789_00/TROP020.PNG (ux0:/user/00/trophy/conf/NPWR16789_00/TROP020.PNG), fd: 0x1c
[10:27:44.187] |T| [write_file]: install_trophy_context: Writing to fd: 0x1c, size: 83818
[10:27:44.188] |T| [close_file]: install_trophy_context: Closing file fd: 0x1c
[10:27:44.188] |T| [open_file]: install_trophy_context: Opening file ux0:/user/00/trophy/conf/NPWR16789_00/TROP021.PNG (ux0:/user/00/trophy/conf/NPWR16789_00/TROP021.PNG), fd: 0x1d
[10:27:44.189] |T| [write_file]: install_trophy_context: Writing to fd: 0x1d, size: 88688
[10:27:44.189] |T| [close_file]: install_trophy_context: Closing file fd: 0x1d
[10:27:44.190] |T| [open_file]: install_trophy_context: Opening file ux0:/user/00/trophy/conf/NPWR16789_00/TROP022.PNG (ux0:/user/00/trophy/conf/NPWR16789_00/TROP022.PNG), fd: 0x1e
[10:27:44.191] |T| [write_file]: install_trophy_context: Writing to fd: 0x1e, size: 86747
[10:27:44.191] |T| [close_file]: install_trophy_context: Closing file fd: 0x1e
[10:27:44.192] |T| [open_file]: install_trophy_context: Opening file ux0:/user/00/trophy/conf/NPWR16789_00/TROP023.PNG (ux0:/user/00/trophy/conf/NPWR16789_00/TROP023.PNG), fd: 0x1f
[10:27:44.192] |T| [write_file]: install_trophy_context: Writing to fd: 0x1f, size: 82129
[10:27:44.193] |T| [close_file]: install_trophy_context: Closing file fd: 0x1f
[10:27:44.193] |T| [open_file]: install_trophy_context: Opening file ux0:/user/00/trophy/conf/NPWR16789_00/TROP024.PNG (ux0:/user/00/trophy/conf/NPWR16789_00/TROP024.PNG), fd: 0x20
[10:27:44.194] |T| [write_file]: install_trophy_context: Writing to fd: 0x20, size: 86367
[10:27:44.194] |T| [close_file]: install_trophy_context: Closing file fd: 0x20
[10:27:44.196] |T| [open_file]: install_trophy_context: Opening file ux0:/user/00/trophy/conf/NPWR16789_00/TROP025.PNG (ux0:/user/00/trophy/conf/NPWR16789_00/TROP025.PNG), fd: 0x21
[10:27:44.197] |T| [write_file]: install_trophy_context: Writing to fd: 0x21, size: 84193
[10:27:44.197] |T| [close_file]: install_trophy_context: Closing file fd: 0x21
[10:27:44.198] |T| [open_file]: install_trophy_context: Opening file ux0:/user/00/trophy/conf/NPWR16789_00/TROP026.PNG (ux0:/user/00/trophy/conf/NPWR16789_00/TROP026.PNG), fd: 0x22
[10:27:44.199] |T| [write_file]: install_trophy_context: Writing to fd: 0x22, size: 81561
[10:27:44.199] |T| [close_file]: install_trophy_context: Closing file fd: 0x22
[10:27:44.200] |T| [open_file]: install_trophy_context: Opening file ux0:/user/00/trophy/conf/NPWR16789_00/TROP027.PNG (ux0:/user/00/trophy/conf/NPWR16789_00/TROP027.PNG), fd: 0x23
[10:27:44.200] |T| [write_file]: install_trophy_context: Writing to fd: 0x23, size: 108901
[10:27:44.200] |T| [close_file]: install_trophy_context: Closing file fd: 0x23
[10:27:44.201] |T| [open_file]: install_trophy_context: Opening file ux0:/user/00/trophy/conf/NPWR16789_00/TROP028.PNG (ux0:/user/00/trophy/conf/NPWR16789_00/TROP028.PNG), fd: 0x24
[10:27:44.202] |T| [write_file]: install_trophy_context: Writing to fd: 0x24, size: 113092
[10:27:44.202] |T| [close_file]: install_trophy_context: Closing file fd: 0x24
[10:27:44.203] |T| [open_file]: install_trophy_context: Opening file ux0:/user/00/trophy/conf/NPWR16789_00/TROP029.PNG (ux0:/user/00/trophy/conf/NPWR16789_00/TROP029.PNG), fd: 0x25
[10:27:44.203] |T| [write_file]: install_trophy_context: Writing to fd: 0x25, size: 106043
[10:27:44.204] |T| [close_file]: install_trophy_context: Closing file fd: 0x25
[10:27:44.205] |T| [open_file]: install_trophy_context: Opening file ux0:/user/00/trophy/conf/NPWR16789_00/TROP030.PNG (ux0:/user/00/trophy/conf/NPWR16789_00/TROP030.PNG), fd: 0x26
[10:27:44.205] |T| [write_file]: install_trophy_context: Writing to fd: 0x26, size: 113538
[10:27:44.205] |T| [close_file]: install_trophy_context: Closing file fd: 0x26
[10:27:44.206] |T| [open_file]: install_trophy_context: Opening file ux0:/user/00/trophy/conf/NPWR16789_00/TROP031.PNG (ux0:/user/00/trophy/conf/NPWR16789_00/TROP031.PNG), fd: 0x27
[10:27:44.207] |T| [write_file]: install_trophy_context: Writing to fd: 0x27, size: 108258
[10:27:44.207] |T| [close_file]: install_trophy_context: Closing file fd: 0x27
[10:27:44.208] |T| [open_file]: install_trophy_context: Opening file ux0:/user/00/trophy/conf/NPWR16789_00/TROP032.PNG (ux0:/user/00/trophy/conf/NPWR16789_00/TROP032.PNG), fd: 0x28
[10:27:44.208] |T| [write_file]: install_trophy_context: Writing to fd: 0x28, size: 106381
[10:27:44.208] |T| [close_file]: install_trophy_context: Closing file fd: 0x28
[10:27:44.209] |T| [open_file]: install_trophy_context: Opening file ux0:/user/00/trophy/conf/NPWR16789_00/TROP033.PNG (ux0:/user/00/trophy/conf/NPWR16789_00/TROP033.PNG), fd: 0x29
[10:27:44.210] |T| [write_file]: install_trophy_context: Writing to fd: 0x29, size: 103949
[10:27:44.212] |T| [close_file]: install_trophy_context: Closing file fd: 0x29
[10:27:44.213] |T| [open_file]: save_trophy_progress: Opening file ux0:/user/00/trophy/data/NPWR16789_00/TROPUSR.DAT (ux0:/user/00/trophy/data/NPWR16789_00/TROPUSR.DAT), fd: 0x2a
[10:27:44.213] |T| [write_file]: save_trophy_progress_file: Writing to fd: 0x2a, size: 4
[10:27:44.213] |T| [write_file]: save_trophy_progress_file: Writing to fd: 0x2a, size: 16
[10:27:44.214] |T| [write_file]: save_trophy_progress_file: Writing to fd: 0x2a, size: 16
[10:27:44.214] |T| [write_file]: save_trophy_progress_file: Writing to fd: 0x2a, size: 4
[10:27:44.214] |T| [write_file]: save_trophy_progress_file: Writing to fd: 0x2a, size: 4
[10:27:44.215] |T| [write_file]: save_trophy_progress_file: Writing to fd: 0x2a, size: 4
[10:27:44.215] |T| [write_file]: save_trophy_progress_file: Writing to fd: 0x2a, size: 64
[10:27:44.215] |T| [write_file]: save_trophy_progress_file: Writing to fd: 0x2a, size: 1024
[10:27:44.216] |T| [write_file]: save_trophy_progress_file: Writing to fd: 0x2a, size: 512
[10:27:44.216] |T| [close_file]: save_trophy_progress_file: Closing file fd: 0x2a
[10:27:44.216] |T| [export_sceNpTrophyCreateContext]: Trophy context for NPWR16789_00 create successfuly!
[10:27:44.237] |W| [stubbed_impl]: Stubbed sceGxmMapFragmentUsseMemory import called. (always return success)
[10:27:44.242] |W| [stubbed_impl]: Stubbed sceGxmMapVertexUsseMemory import called. (always return success)
[10:27:44.300] |W| [unimplemented_impl]: Unimplemented sceKernelChangeThreadVfpException import called.
[10:27:44.301] |W| [unimplemented_impl]: Unimplemented sceFiosOverlayThreadSetDisabled02 import called.
[10:27:44.385] |I| [export_sceIoOpen]: Opening file: app0:/data_eve2/data.psarc
[10:27:44.390] |T| [open_file]: sceIoOpen: Opening file app0:/data_eve2/data.psarc (ux0:/app/PCSG01249/data_eve2/data.psarc), fd: 0x2b
[10:27:44.407] |T| [close_file]: sceIoClose: Closing file fd: 0x2b
[10:27:44.417] |I| [export_sceIoOpen]: Opening file: app0:/data_eve2/data.psarc
[10:27:44.417] |T| [open_file]: sceIoOpen: Opening file app0:/data_eve2/data.psarc (ux0:/app/PCSG01249/data_eve2/data.psarc), fd: 0x2c
[10:27:45.335] |T| [write_file]: *** TTY: sceGxmShaderPatcherCreateVertexProgram() = 0(00000000)
[10:27:45.477] |I| [renderer::vulkan::PipelineCache::retrieve_shader]: Generating vulkan spv shader 6da37bcec8b85b126b26c1d04c559b64f8ddc9291538232a251c392216ab025e
[10:27:45.478] |I| [renderer::load_shader_generic]: Generating vert.spv.txt shader 6da37bcec8b85b126b26c1d04c559b64f8ddc9291538232a251c392216ab025e
[10:27:45.480] |D| [shader::create_parameters]: [BUFFER0  + 0] pa0 = (float4) aPosition
[10:27:45.480] |D| [shader::create_parameters]: [BUFFER0  + 4] pa4 = (float4) aTexCoord
[10:27:45.481] |D| [shader::create_parameters]: [DEFAULT  + 0] sa0 = (float4) wvp[4]
[10:27:45.481] |T| [shader::usse::USSERecompiler::compile_code_node]: Compiling code_0, size = 9
[10:27:45.486] |I| [renderer::vulkan::PipelineCache::retrieve_shader]: Generating vulkan spv shader 72f0b102c087043666ed98d66976bdb7dfd1248a3d2f9db8ca8aced4fd1df21b
[10:27:45.486] |I| [renderer::load_shader_generic]: Generating frag.spv.txt shader 72f0b102c087043666ed98d66976bdb7dfd1248a3d2f9db8ca8aced4fd1df21b
[10:27:45.488] |T| [shader::create_fragment_inputs]: pa0 = tex2D<half4>(tex, TEXCOORD0.xy)
[10:27:45.488] |T| [shader::usse::USSERecompiler::compile_code_node]: Compiling code_0, size = 1
[10:27:45.504] |I| [renderer::vulkan::PipelineCache::retrieve_shader]: Generating vulkan spv shader 287cc8e05a886884e70d172cb149ac23029f1b1e08c0ace2abe25015893fd9e5
[10:27:45.504] |I| [renderer::load_shader_generic]: Generating vert.spv.txt shader 287cc8e05a886884e70d172cb149ac23029f1b1e08c0ace2abe25015893fd9e5
[10:27:45.505] |D| [shader::create_parameters]: [BUFFER0  + 0] pa0 = (float4) aPosition
[10:27:45.505] |D| [shader::create_parameters]: [BUFFER0  + 4] pa4 = (float4) aColor
[10:27:45.506] |D| [shader::create_parameters]: [BUFFER0  + 8] pa8 = (float4) aTexCoord
[10:27:45.506] |D| [shader::create_parameters]: [DEFAULT  + 0] sa0 = (float4) wvp[4]
[10:27:45.506] |T| [shader::usse::USSERecompiler::compile_code_node]: Compiling code_0, size = 9
[10:27:45.511] |I| [renderer::vulkan::PipelineCache::retrieve_shader]: Generating vulkan spv shader fe5ec53a649c1d929616f60ee8fbc7fc6becce4bf81f4e74ebb8f64d53a2e268
[10:27:45.512] |I| [renderer::load_shader_generic]: Generating frag.spv.txt shader fe5ec53a649c1d929616f60ee8fbc7fc6becce4bf81f4e74ebb8f64d53a2e268
[10:27:45.514] |D| [shader::create_fragment_inputs]: Iterator: pa0 = (float4) v_Color0
[10:27:45.514] |T| [shader::create_fragment_inputs]: pa4 = tex2D<float4>(tex, TEXCOORD0.xy)
[10:27:45.515] |T| [shader::usse::USSERecompiler::compile_code_node]: Compiling code_0, size = 5
[10:27:45.673] |W| [unimplemented_impl]: Unimplemented sceCommonDialogUpdate import called.
[10:27:45.966] |E| [logging::ret_error_impl]: sceSysmoduleIsLoaded returned SCE_SYSMODULE_ERROR_UNLOADED (0x805a1001)
[10:27:45.966] |I| [load_module]: Loading module ID: 0xe
[10:27:45.973] |I| [load_self]: Loaded module segment 0 @ [0x0E3A0000 - 0x0E3A5CB4 / 0x81000000] (size: 0x00005CB4) of module sys/external/libpgf.suprx
[10:27:45.974] |I| [load_self]: Loaded module segment 1 @ [0x0A77F000 - 0x0A77FFE8 / 0x81006000] (size: 0x00000FE8) of module sys/external/libpgf.suprx
[10:27:45.974] |I| [load_self]: Linking SELF sys/external/libpgf.suprx...
[10:27:45.975] |D| [load_var_exports]: 	NID 0x936c8a78 (SYSLYB) at 0xe3a5a64
[10:27:45.975] |D| [load_var_exports]: 	NID 0x6c2224ba (NID_MODULE_INFO) at 0xe3a5810
[10:27:45.975] |I| [load_module]: Module SceLibPgf (at "sys/external/libpgf.suprx") loaded
[10:27:46.004] |I| [export_sceIoOpen]: Opening file: app0:data_eve2/font/NotoSansCJKjp-EVE_RT.otf
[10:27:46.008] |T| [open_file]: sceIoOpen: Opening file app0:data_eve2/font/NotoSansCJKjp-EVE_RT.otf (ux0:/app/PCSG01249/data_eve2/font/NotoSansCJKjp-EVE_RT.otf), fd: 0x2d
[10:27:46.009] |I| [export_sceClibPrintf]: LIBPVF>>> FILE: app0:data_eve2/font/NotoSansCJKjp-EVE_RT.otf

[10:27:46.010] |W| [unimplemented_impl]: Unimplemented sceIoIoctl import called.
[10:27:46.011] |T| [close_file]: sceIoClose: Closing file fd: 0x2d
[10:27:46.184] |I| [load_module]: Loading module ID: 0x4c
[10:27:46.192] |I| [load_self]: sys/external/libsceavplayer.suprx: Skipping special segment 0x6fffff01...
[10:27:46.192] |I| [load_self]: Loaded module segment 0 @ [0x0E769000 - 0x0E77D9FC / 0x81000000] (size: 0x000149FC) of module sys/external/libsceavplayer.suprx
[10:27:46.193] |I| [load_self]: Loaded module segment 1 @ [0x0AABF000 - 0x0AABF06C / 0x81015000] (size: 0x0000006C) of module sys/external/libsceavplayer.suprx
[10:27:46.193] |I| [load_self]: Linking SELF sys/external/libsceavplayer.suprx...
[10:27:46.194] |D| [load_var_exports]: 	NID 0x936c8a78 (SYSLYB) at 0xe77ad40
[10:27:46.195] |D| [load_var_exports]: 	NID 0x6c2224ba (NID_MODULE_INFO) at 0xe779548
[10:27:46.196] |I| [load_module]: Module SceAvPlayer (at "sys/external/libsceavplayer.suprx") loaded
[10:27:46.197] |D| [load_module]: Running module_start of module: SceAvPlayer
[10:27:46.197] |I| [load_module]: Module SceAvPlayer (at "sys/external/libsceavplayer.suprx") module_start returned 0x0
[10:27:46.204] |I| [load_self]: sys/external/libscemp4.suprx: Skipping special segment 0x6fffff01...
[10:27:46.204] |I| [load_self]: Loaded module segment 0 @ [0x0E77E000 - 0x0E78DD20 / 0x81000000] (size: 0x0000FD20) of module sys/external/libscemp4.suprx
[10:27:46.204] |I| [load_self]: Loaded module segment 1 @ [0x0ADFF000 - 0x0ADFF028 / 0x81010000] (size: 0x00000028) of module sys/external/libscemp4.suprx
[10:27:46.205] |I| [load_self]: Linking SELF sys/external/libscemp4.suprx...
[10:27:46.205] |D| [load_var_exports]: 	NID 0x936c8a78 (SYSLYB) at 0xe78d9d0
[10:27:46.206] |D| [load_var_exports]: 	NID 0x6c2224ba (NID_MODULE_INFO) at 0xe78c8c4
[10:27:46.206] |I| [load_module]: Module SceMp4 (at "sys/external/libscemp4.suprx") loaded
[10:27:46.215] |T| [write_file]: *** TTY: prepareAudioOut: sending output to audio port 1
[10:27:46.232] |T| [write_file]: *** TTY: _AudioUpdateThread running
[10:27:46.288] |W| [unimplemented_impl]: Unimplemented sceAppUtilInit import called.
[10:27:47.855] |W| [stubbed_impl]: Stubbed sceNpTrophyCreateHandle import called. (Stubbed handle with 1)
[10:27:47.922] |I| [export_sceIoOpen]: Opening file: savedata0:system00.bin
[10:27:47.922] |E| [open_file]: Missing file at C:/vita/ux0/user/00/savedata/PCSG01249/system00.bin (target path: savedata0:system00.bin)
[10:27:47.923] |W| [io_error_impl]: open_file (sceIoOpen) returned 0x80010002
[10:27:51.268] |E| [open_file]: Missing file at C:/vita/ux0/user/00/savedata/PCSG01249/SlotParam_0.bin (target path: savedata0:/SlotParam_0.bin)
[10:27:51.269] |W| [io_error_impl]: open_file (sceAppUtilSaveDataSlotGetParam) returned 0x80010002
[10:27:51.269] |E| [logging::ret_error_impl]: sceAppUtilSaveDataSlotGetParam returned SCE_APPUTIL_ERROR_SAVEDATA_SLOT_NOT_FOUND (0x80100641)
[10:27:51.270] |T| [open_file]: sceAppUtilSaveDataDataSave: Opening file savedata0:/EVE_RT.png (ux0:/user/00/savedata/PCSG01249/EVE_RT.png), fd: 0x2e
[10:27:51.271] |T| [write_file]: sceAppUtilSaveDataDataSave: Writing to fd: 0x2e, size: 15040
[10:27:51.271] |T| [close_file]: sceAppUtilSaveDataDataSave: Closing file fd: 0x2e
[10:27:51.274] |T| [open_file]: sceAppUtilSaveDataDataSave: Opening file savedata0:/SlotParam_0.bin (ux0:/user/00/savedata/PCSG01249/SlotParam_0.bin), fd: 0x2f
[10:27:51.274] |T| [write_file]: sceAppUtilSaveDataDataSave: Writing to fd: 0x2f, size: 844
[10:27:51.274] |T| [close_file]: sceAppUtilSaveDataDataSave: Closing file fd: 0x2f
[10:27:51.276] |T| [open_file]: sceAppUtilSaveDataDataSave: Opening file savedata0:/system00.bin (ux0:/user/00/savedata/PCSG01249/system00.bin), fd: 0x30
[10:27:51.276] |T| [write_file]: sceAppUtilSaveDataDataSave: Writing to fd: 0x30, size: 8512
[10:27:51.276] |T| [close_file]: sceAppUtilSaveDataDataSave: Closing file fd: 0x30
[10:27:51.281] |T| [open_file]: sceAppUtilSaveDataDataSave: Opening file savedata0:/SlotParam_0.bin (ux0:/user/00/savedata/PCSG01249/SlotParam_0.bin), fd: 0x31
[10:27:51.281] |T| [write_file]: sceAppUtilSaveDataDataSave: Writing to fd: 0x31, size: 844
[10:27:51.281] |T| [close_file]: sceAppUtilSaveDataDataSave: Closing file fd: 0x31
[10:27:51.342] |T| [open_file]: sceAppUtilSaveDataSlotGetParam: Opening file savedata0:/SlotParam_0.bin (ux0:/user/00/savedata/PCSG01249/SlotParam_0.bin), fd: 0x32
[10:27:51.343] |T| [close_file]: sceAppUtilSaveDataSlotGetParam: Closing file fd: 0x32
[10:27:51.344] |T| [open_file]: sceAppUtilSaveDataDataSave: Opening file savedata0:/data0000.bin (ux0:/user/00/savedata/PCSG01249/data0000.bin), fd: 0x33
[10:27:51.345] |T| [write_file]: sceAppUtilSaveDataDataSave: Writing to fd: 0x33, size: 956800
[10:27:51.345] |T| [close_file]: sceAppUtilSaveDataDataSave: Closing file fd: 0x33
[10:27:51.346] |T| [open_file]: sceAppUtilSaveDataDataSave: Opening file savedata0:/SlotParam_0.bin (ux0:/user/00/savedata/PCSG01249/SlotParam_0.bin), fd: 0x34
[10:27:51.346] |T| [write_file]: sceAppUtilSaveDataDataSave: Writing to fd: 0x34, size: 844
[10:27:51.347] |T| [close_file]: sceAppUtilSaveDataDataSave: Closing file fd: 0x34
[10:27:51.393] |T| [open_file]: sceAppUtilSaveDataSlotGetParam: Opening file savedata0:/SlotParam_0.bin (ux0:/user/00/savedata/PCSG01249/SlotParam_0.bin), fd: 0x35
[10:27:51.394] |T| [close_file]: sceAppUtilSaveDataSlotGetParam: Closing file fd: 0x35
[10:27:51.396] |T| [open_file]: sceAppUtilSaveDataDataSave: Opening file savedata0:/data0010.bin (ux0:/user/00/savedata/PCSG01249/data0010.bin), fd: 0x36
[10:27:51.397] |T| [write_file]: sceAppUtilSaveDataDataSave: Writing to fd: 0x36, size: 956800
[10:27:51.397] |T| [close_file]: sceAppUtilSaveDataDataSave: Closing file fd: 0x36
[10:27:51.397] |T| [open_file]: sceAppUtilSaveDataDataSave: Opening file savedata0:/SlotParam_0.bin (ux0:/user/00/savedata/PCSG01249/SlotParam_0.bin), fd: 0x37
[10:27:51.398] |T| [write_file]: sceAppUtilSaveDataDataSave: Writing to fd: 0x37, size: 844
[10:27:51.398] |T| [close_file]: sceAppUtilSaveDataDataSave: Closing file fd: 0x37
[10:27:51.442] |T| [open_file]: sceAppUtilSaveDataSlotGetParam: Opening file savedata0:/SlotParam_0.bin (ux0:/user/00/savedata/PCSG01249/SlotParam_0.bin), fd: 0x38
[10:27:51.443] |T| [close_file]: sceAppUtilSaveDataSlotGetParam: Closing file fd: 0x38
[10:27:51.445] |T| [open_file]: sceAppUtilSaveDataDataSave: Opening file savedata0:/data0020.bin (ux0:/user/00/savedata/PCSG01249/data0020.bin), fd: 0x39
[10:27:51.446] |T| [write_file]: sceAppUtilSaveDataDataSave: Writing to fd: 0x39, size: 956800
[10:27:51.446] |T| [close_file]: sceAppUtilSaveDataDataSave: Closing file fd: 0x39
[10:27:51.446] |T| [open_file]: sceAppUtilSaveDataDataSave: Opening file savedata0:/SlotParam_0.bin (ux0:/user/00/savedata/PCSG01249/SlotParam_0.bin), fd: 0x3a
[10:27:51.447] |T| [write_file]: sceAppUtilSaveDataDataSave: Writing to fd: 0x3a, size: 844
[10:27:51.447] |T| [close_file]: sceAppUtilSaveDataDataSave: Closing file fd: 0x3a
[10:27:51.493] |T| [open_file]: sceAppUtilSaveDataSlotGetParam: Opening file savedata0:/SlotParam_0.bin (ux0:/user/00/savedata/PCSG01249/SlotParam_0.bin), fd: 0x3b
[10:27:51.494] |T| [close_file]: sceAppUtilSaveDataSlotGetParam: Closing file fd: 0x3b
[10:27:51.495] |T| [open_file]: sceAppUtilSaveDataDataSave: Opening file savedata0:/data0030.bin (ux0:/user/00/savedata/PCSG01249/data0030.bin), fd: 0x3c
[10:27:51.496] |T| [write_file]: sceAppUtilSaveDataDataSave: Writing to fd: 0x3c, size: 956800
[10:27:51.496] |T| [close_file]: sceAppUtilSaveDataDataSave: Closing file fd: 0x3c
[10:27:51.496] |T| [open_file]: sceAppUtilSaveDataDataSave: Opening file savedata0:/SlotParam_0.bin (ux0:/user/00/savedata/PCSG01249/SlotParam_0.bin), fd: 0x3d
[10:27:51.497] |T| [write_file]: sceAppUtilSaveDataDataSave: Writing to fd: 0x3d, size: 844
[10:27:51.497] |T| [close_file]: sceAppUtilSaveDataDataSave: Closing file fd: 0x3d
[10:27:51.543] |T| [open_file]: sceAppUtilSaveDataSlotGetParam: Opening file savedata0:/SlotParam_0.bin (ux0:/user/00/savedata/PCSG01249/SlotParam_0.bin), fd: 0x3e
[10:27:51.544] |T| [close_file]: sceAppUtilSaveDataSlotGetParam: Closing file fd: 0x3e
[10:27:51.545] |T| [open_file]: sceAppUtilSaveDataDataSave: Opening file savedata0:/data0040.bin (ux0:/user/00/savedata/PCSG01249/data0040.bin), fd: 0x3f
[10:27:51.546] |T| [write_file]: sceAppUtilSaveDataDataSave: Writing to fd: 0x3f, size: 956800
[10:27:51.546] |T| [close_file]: sceAppUtilSaveDataDataSave: Closing file fd: 0x3f
[10:27:51.546] |T| [open_file]: sceAppUtilSaveDataDataSave: Opening file savedata0:/SlotParam_0.bin (ux0:/user/00/savedata/PCSG01249/SlotParam_0.bin), fd: 0x40
[10:27:51.547] |T| [write_file]: sceAppUtilSaveDataDataSave: Writing to fd: 0x40, size: 844
[10:27:51.547] |T| [close_file]: sceAppUtilSaveDataDataSave: Closing file fd: 0x40
[10:27:51.593] |T| [open_file]: sceAppUtilSaveDataSlotGetParam: Opening file savedata0:/SlotParam_0.bin (ux0:/user/00/savedata/PCSG01249/SlotParam_0.bin), fd: 0x41
[10:27:51.594] |T| [close_file]: sceAppUtilSaveDataSlotGetParam: Closing file fd: 0x41
[10:27:51.595] |T| [open_file]: sceAppUtilSaveDataDataSave: Opening file savedata0:/data0050.bin (ux0:/user/00/savedata/PCSG01249/data0050.bin), fd: 0x42
[10:27:51.596] |T| [write_file]: sceAppUtilSaveDataDataSave: Writing to fd: 0x42, size: 956800
[10:27:51.596] |T| [close_file]: sceAppUtilSaveDataDataSave: Closing file fd: 0x42
[10:27:51.597] |T| [open_file]: sceAppUtilSaveDataDataSave: Opening file savedata0:/SlotParam_0.bin (ux0:/user/00/savedata/PCSG01249/SlotParam_0.bin), fd: 0x43
[10:27:51.597] |T| [write_file]: sceAppUtilSaveDataDataSave: Writing to fd: 0x43, size: 844
[10:27:51.598] |T| [close_file]: sceAppUtilSaveDataDataSave: Closing file fd: 0x43
[10:27:51.643] |T| [open_file]: sceAppUtilSaveDataSlotGetParam: Opening file savedata0:/SlotParam_0.bin (ux0:/user/00/savedata/PCSG01249/SlotParam_0.bin), fd: 0x44
[10:27:51.644] |T| [close_file]: sceAppUtilSaveDataSlotGetParam: Closing file fd: 0x44
[10:27:51.645] |T| [open_file]: sceAppUtilSaveDataDataSave: Opening file savedata0:/data0060.bin (ux0:/user/00/savedata/PCSG01249/data0060.bin), fd: 0x45
[10:27:51.646] |T| [write_file]: sceAppUtilSaveDataDataSave: Writing to fd: 0x45, size: 956800
[10:27:51.646] |T| [close_file]: sceAppUtilSaveDataDataSave: Closing file fd: 0x45
[10:27:51.646] |T| [open_file]: sceAppUtilSaveDataDataSave: Opening file savedata0:/SlotParam_0.bin (ux0:/user/00/savedata/PCSG01249/SlotParam_0.bin), fd: 0x46
[10:27:51.647] |T| [write_file]: sceAppUtilSaveDataDataSave: Writing to fd: 0x46, size: 844
[10:27:51.647] |T| [close_file]: sceAppUtilSaveDataDataSave: Closing file fd: 0x46
[10:27:51.694] |T| [open_file]: sceAppUtilSaveDataSlotGetParam: Opening file savedata0:/SlotParam_0.bin (ux0:/user/00/savedata/PCSG01249/SlotParam_0.bin), fd: 0x47
[10:27:51.695] |T| [close_file]: sceAppUtilSaveDataSlotGetParam: Closing file fd: 0x47
[10:27:51.696] |T| [open_file]: sceAppUtilSaveDataDataSave: Opening file savedata0:/data0070.bin (ux0:/user/00/savedata/PCSG01249/data0070.bin), fd: 0x48
[10:27:51.697] |T| [write_file]: sceAppUtilSaveDataDataSave: Writing to fd: 0x48, size: 956800
[10:27:51.697] |T| [close_file]: sceAppUtilSaveDataDataSave: Closing file fd: 0x48
[10:27:51.698] |T| [open_file]: sceAppUtilSaveDataDataSave: Opening file savedata0:/SlotParam_0.bin (ux0:/user/00/savedata/PCSG01249/SlotParam_0.bin), fd: 0x49
[10:27:51.698] |T| [write_file]: sceAppUtilSaveDataDataSave: Writing to fd: 0x49, size: 844
[10:27:51.699] |T| [close_file]: sceAppUtilSaveDataDataSave: Closing file fd: 0x49
[10:27:51.743] |T| [open_file]: sceAppUtilSaveDataSlotGetParam: Opening file savedata0:/SlotParam_0.bin (ux0:/user/00/savedata/PCSG01249/SlotParam_0.bin), fd: 0x4a
[10:27:51.744] |T| [close_file]: sceAppUtilSaveDataSlotGetParam: Closing file fd: 0x4a
[10:27:51.745] |T| [open_file]: sceAppUtilSaveDataDataSave: Opening file savedata0:/data0080.bin (ux0:/user/00/savedata/PCSG01249/data0080.bin), fd: 0x4b
[10:27:51.746] |T| [write_file]: sceAppUtilSaveDataDataSave: Writing to fd: 0x4b, size: 956800
[10:27:51.746] |T| [close_file]: sceAppUtilSaveDataDataSave: Closing file fd: 0x4b
[10:27:51.747] |T| [open_file]: sceAppUtilSaveDataDataSave: Opening file savedata0:/SlotParam_0.bin (ux0:/user/00/savedata/PCSG01249/SlotParam_0.bin), fd: 0x4c
[10:27:51.747] |T| [write_file]: sceAppUtilSaveDataDataSave: Writing to fd: 0x4c, size: 844
[10:27:51.747] |T| [close_file]: sceAppUtilSaveDataDataSave: Closing file fd: 0x4c
[10:27:51.793] |T| [open_file]: sceAppUtilSaveDataSlotGetParam: Opening file savedata0:/SlotParam_0.bin (ux0:/user/00/savedata/PCSG01249/SlotParam_0.bin), fd: 0x4d
[10:27:51.794] |T| [close_file]: sceAppUtilSaveDataSlotGetParam: Closing file fd: 0x4d
[10:27:51.795] |T| [open_file]: sceAppUtilSaveDataDataSave: Opening file savedata0:/data0090.bin (ux0:/user/00/savedata/PCSG01249/data0090.bin), fd: 0x4e
[10:27:51.796] |T| [write_file]: sceAppUtilSaveDataDataSave: Writing to fd: 0x4e, size: 956800
[10:27:51.796] |T| [close_file]: sceAppUtilSaveDataDataSave: Closing file fd: 0x4e
[10:27:51.796] |T| [open_file]: sceAppUtilSaveDataDataSave: Opening file savedata0:/SlotParam_0.bin (ux0:/user/00/savedata/PCSG01249/SlotParam_0.bin), fd: 0x4f
[10:27:51.797] |T| [write_file]: sceAppUtilSaveDataDataSave: Writing to fd: 0x4f, size: 844
[10:27:51.797] |T| [close_file]: sceAppUtilSaveDataDataSave: Closing file fd: 0x4f
[10:27:51.843] |T| [open_file]: sceAppUtilSaveDataSlotGetParam: Opening file savedata0:/SlotParam_0.bin (ux0:/user/00/savedata/PCSG01249/SlotParam_0.bin), fd: 0x50
[10:27:51.844] |T| [close_file]: sceAppUtilSaveDataSlotGetParam: Closing file fd: 0x50
[10:27:51.845] |T| [open_file]: sceAppUtilSaveDataDataSave: Opening file savedata0:/quick0000.bin (ux0:/user/00/savedata/PCSG01249/quick0000.bin), fd: 0x51
[10:27:51.846] |T| [write_file]: sceAppUtilSaveDataDataSave: Writing to fd: 0x51, size: 956800
[10:27:51.846] |T| [close_file]: sceAppUtilSaveDataDataSave: Closing file fd: 0x51
[10:27:51.847] |T| [open_file]: sceAppUtilSaveDataDataSave: Opening file savedata0:/SlotParam_0.bin (ux0:/user/00/savedata/PCSG01249/SlotParam_0.bin), fd: 0x52
[10:27:51.847] |T| [write_file]: sceAppUtilSaveDataDataSave: Writing to fd: 0x52, size: 844
[10:27:51.848] |T| [close_file]: sceAppUtilSaveDataDataSave: Closing file fd: 0x52
[10:27:51.893] |T| [open_file]: sceAppUtilSaveDataSlotGetParam: Opening file savedata0:/SlotParam_0.bin (ux0:/user/00/savedata/PCSG01249/SlotParam_0.bin), fd: 0x53
[10:27:51.894] |T| [close_file]: sceAppUtilSaveDataSlotGetParam: Closing file fd: 0x53
[10:27:51.895] |T| [open_file]: sceAppUtilSaveDataDataSave: Opening file savedata0:/quick0010.bin (ux0:/user/00/savedata/PCSG01249/quick0010.bin), fd: 0x54
[10:27:51.896] |T| [write_file]: sceAppUtilSaveDataDataSave: Writing to fd: 0x54, size: 956800
[10:27:51.896] |T| [close_file]: sceAppUtilSaveDataDataSave: Closing file fd: 0x54
[10:27:51.896] |T| [open_file]: sceAppUtilSaveDataDataSave: Opening file savedata0:/SlotParam_0.bin (ux0:/user/00/savedata/PCSG01249/SlotParam_0.bin), fd: 0x55
[10:27:51.897] |T| [write_file]: sceAppUtilSaveDataDataSave: Writing to fd: 0x55, size: 844
[10:27:51.897] |T| [close_file]: sceAppUtilSaveDataDataSave: Closing file fd: 0x55
[10:27:51.942] |T| [open_file]: sceAppUtilSaveDataSlotGetParam: Opening file savedata0:/SlotParam_0.bin (ux0:/user/00/savedata/PCSG01249/SlotParam_0.bin), fd: 0x56
[10:27:51.943] |T| [close_file]: sceAppUtilSaveDataSlotGetParam: Closing file fd: 0x56
[10:27:51.944] |T| [open_file]: sceAppUtilSaveDataDataSave: Opening file savedata0:/quick0020.bin (ux0:/user/00/savedata/PCSG01249/quick0020.bin), fd: 0x57
[10:27:51.945] |T| [write_file]: sceAppUtilSaveDataDataSave: Writing to fd: 0x57, size: 956800
[10:27:51.945] |T| [close_file]: sceAppUtilSaveDataDataSave: Closing file fd: 0x57
[10:27:51.946] |T| [open_file]: sceAppUtilSaveDataDataSave: Opening file savedata0:/SlotParam_0.bin (ux0:/user/00/savedata/PCSG01249/SlotParam_0.bin), fd: 0x58
[10:27:51.946] |T| [write_file]: sceAppUtilSaveDataDataSave: Writing to fd: 0x58, size: 844
[10:27:51.947] |T| [close_file]: sceAppUtilSaveDataDataSave: Closing file fd: 0x58
[10:27:51.993] |T| [open_file]: sceAppUtilSaveDataSlotGetParam: Opening file savedata0:/SlotParam_0.bin (ux0:/user/00/savedata/PCSG01249/SlotParam_0.bin), fd: 0x59
[10:27:51.994] |T| [close_file]: sceAppUtilSaveDataSlotGetParam: Closing file fd: 0x59
[10:27:51.995] |T| [open_file]: sceAppUtilSaveDataDataSave: Opening file savedata0:/quick0030.bin (ux0:/user/00/savedata/PCSG01249/quick0030.bin), fd: 0x5a
[10:27:51.996] |T| [write_file]: sceAppUtilSaveDataDataSave: Writing to fd: 0x5a, size: 956800
[10:27:51.996] |T| [close_file]: sceAppUtilSaveDataDataSave: Closing file fd: 0x5a
[10:27:51.997] |T| [open_file]: sceAppUtilSaveDataDataSave: Opening file savedata0:/SlotParam_0.bin (ux0:/user/00/savedata/PCSG01249/SlotParam_0.bin), fd: 0x5b
[10:27:51.997] |T| [write_file]: sceAppUtilSaveDataDataSave: Writing to fd: 0x5b, size: 844
[10:27:51.997] |T| [close_file]: sceAppUtilSaveDataDataSave: Closing file fd: 0x5b
[10:27:52.042] |T| [open_file]: sceAppUtilSaveDataSlotGetParam: Opening file savedata0:/SlotParam_0.bin (ux0:/user/00/savedata/PCSG01249/SlotParam_0.bin), fd: 0x5c
[10:27:52.043] |T| [close_file]: sceAppUtilSaveDataSlotGetParam: Closing file fd: 0x5c
[10:27:52.045] |T| [open_file]: sceAppUtilSaveDataDataSave: Opening file savedata0:/quick0040.bin (ux0:/user/00/savedata/PCSG01249/quick0040.bin), fd: 0x5d
[10:27:52.046] |T| [write_file]: sceAppUtilSaveDataDataSave: Writing to fd: 0x5d, size: 956800
[10:27:52.046] |T| [close_file]: sceAppUtilSaveDataDataSave: Closing file fd: 0x5d
[10:27:52.046] |T| [open_file]: sceAppUtilSaveDataDataSave: Opening file savedata0:/SlotParam_0.bin (ux0:/user/00/savedata/PCSG01249/SlotParam_0.bin), fd: 0x5e
[10:27:52.047] |T| [write_file]: sceAppUtilSaveDataDataSave: Writing to fd: 0x5e, size: 844
[10:27:52.047] |T| [close_file]: sceAppUtilSaveDataDataSave: Closing file fd: 0x5e
[10:27:52.092] |T| [open_file]: sceAppUtilSaveDataSlotGetParam: Opening file savedata0:/SlotParam_0.bin (ux0:/user/00/savedata/PCSG01249/SlotParam_0.bin), fd: 0x5f
[10:27:52.093] |T| [close_file]: sceAppUtilSaveDataSlotGetParam: Closing file fd: 0x5f
[10:27:52.094] |T| [open_file]: sceAppUtilSaveDataDataSave: Opening file savedata0:/quick0050.bin (ux0:/user/00/savedata/PCSG01249/quick0050.bin), fd: 0x60
[10:27:52.095] |T| [write_file]: sceAppUtilSaveDataDataSave: Writing to fd: 0x60, size: 956800
[10:27:52.095] |T| [close_file]: sceAppUtilSaveDataDataSave: Closing file fd: 0x60
[10:27:52.096] |T| [open_file]: sceAppUtilSaveDataDataSave: Opening file savedata0:/SlotParam_0.bin (ux0:/user/00/savedata/PCSG01249/SlotParam_0.bin), fd: 0x61
[10:27:52.096] |T| [write_file]: sceAppUtilSaveDataDataSave: Writing to fd: 0x61, size: 844
[10:27:52.096] |T| [close_file]: sceAppUtilSaveDataDataSave: Closing file fd: 0x61
[10:27:52.142] |T| [open_file]: sceAppUtilSaveDataSlotGetParam: Opening file savedata0:/SlotParam_0.bin (ux0:/user/00/savedata/PCSG01249/SlotParam_0.bin), fd: 0x62
[10:27:52.143] |T| [close_file]: sceAppUtilSaveDataSlotGetParam: Closing file fd: 0x62
[10:27:52.144] |T| [open_file]: sceAppUtilSaveDataDataSave: Opening file savedata0:/quick0060.bin (ux0:/user/00/savedata/PCSG01249/quick0060.bin), fd: 0x63
[10:27:52.145] |T| [write_file]: sceAppUtilSaveDataDataSave: Writing to fd: 0x63, size: 956800
[10:27:52.146] |T| [close_file]: sceAppUtilSaveDataDataSave: Closing file fd: 0x63
[10:27:52.146] |T| [open_file]: sceAppUtilSaveDataDataSave: Opening file savedata0:/SlotParam_0.bin (ux0:/user/00/savedata/PCSG01249/SlotParam_0.bin), fd: 0x64
[10:27:52.147] |T| [write_file]: sceAppUtilSaveDataDataSave: Writing to fd: 0x64, size: 844
[10:27:52.148] |T| [close_file]: sceAppUtilSaveDataDataSave: Closing file fd: 0x64
[10:27:52.192] |T| [open_file]: sceAppUtilSaveDataSlotGetParam: Opening file savedata0:/SlotParam_0.bin (ux0:/user/00/savedata/PCSG01249/SlotParam_0.bin), fd: 0x65
[10:27:52.193] |T| [close_file]: sceAppUtilSaveDataSlotGetParam: Closing file fd: 0x65
[10:27:52.194] |T| [open_file]: sceAppUtilSaveDataDataSave: Opening file savedata0:/quick0070.bin (ux0:/user/00/savedata/PCSG01249/quick0070.bin), fd: 0x66
[10:27:52.195] |T| [write_file]: sceAppUtilSaveDataDataSave: Writing to fd: 0x66, size: 956800
[10:27:52.195] |T| [close_file]: sceAppUtilSaveDataDataSave: Closing file fd: 0x66
[10:27:52.196] |T| [open_file]: sceAppUtilSaveDataDataSave: Opening file savedata0:/SlotParam_0.bin (ux0:/user/00/savedata/PCSG01249/SlotParam_0.bin), fd: 0x67
[10:27:52.196] |T| [write_file]: sceAppUtilSaveDataDataSave: Writing to fd: 0x67, size: 844
[10:27:52.197] |T| [close_file]: sceAppUtilSaveDataDataSave: Closing file fd: 0x67
[10:27:52.242] |T| [open_file]: sceAppUtilSaveDataSlotGetParam: Opening file savedata0:/SlotParam_0.bin (ux0:/user/00/savedata/PCSG01249/SlotParam_0.bin), fd: 0x68
[10:27:52.243] |T| [close_file]: sceAppUtilSaveDataSlotGetParam: Closing file fd: 0x68
[10:27:52.245] |T| [open_file]: sceAppUtilSaveDataDataSave: Opening file savedata0:/quick0080.bin (ux0:/user/00/savedata/PCSG01249/quick0080.bin), fd: 0x69
[10:27:52.246] |T| [write_file]: sceAppUtilSaveDataDataSave: Writing to fd: 0x69, size: 956800
[10:27:52.246] |T| [close_file]: sceAppUtilSaveDataDataSave: Closing file fd: 0x69
[10:27:52.246] |T| [open_file]: sceAppUtilSaveDataDataSave: Opening file savedata0:/SlotParam_0.bin (ux0:/user/00/savedata/PCSG01249/SlotParam_0.bin), fd: 0x6a
[10:27:52.247] |T| [write_file]: sceAppUtilSaveDataDataSave: Writing to fd: 0x6a, size: 844
[10:27:52.247] |T| [close_file]: sceAppUtilSaveDataDataSave: Closing file fd: 0x6a
[10:27:52.292] |T| [open_file]: sceAppUtilSaveDataSlotGetParam: Opening file savedata0:/SlotParam_0.bin (ux0:/user/00/savedata/PCSG01249/SlotParam_0.bin), fd: 0x6b
[10:27:52.293] |T| [close_file]: sceAppUtilSaveDataSlotGetParam: Closing file fd: 0x6b
[10:27:52.294] |T| [open_file]: sceAppUtilSaveDataDataSave: Opening file savedata0:/quick0090.bin (ux0:/user/00/savedata/PCSG01249/quick0090.bin), fd: 0x6c
[10:27:52.295] |T| [write_file]: sceAppUtilSaveDataDataSave: Writing to fd: 0x6c, size: 956800
[10:27:52.295] |T| [close_file]: sceAppUtilSaveDataDataSave: Closing file fd: 0x6c
[10:27:52.296] |T| [open_file]: sceAppUtilSaveDataDataSave: Opening file savedata0:/SlotParam_0.bin (ux0:/user/00/savedata/PCSG01249/SlotParam_0.bin), fd: 0x6d
[10:27:52.296] |T| [write_file]: sceAppUtilSaveDataDataSave: Writing to fd: 0x6d, size: 844
[10:27:52.297] |T| [close_file]: sceAppUtilSaveDataDataSave: Closing file fd: 0x6d
[10:27:52.342] |T| [open_file]: sceAppUtilSaveDataSlotGetParam: Opening file savedata0:/SlotParam_0.bin (ux0:/user/00/savedata/PCSG01249/SlotParam_0.bin), fd: 0x6e
[10:27:52.343] |T| [close_file]: sceAppUtilSaveDataSlotGetParam: Closing file fd: 0x6e
[10:27:52.345] |T| [open_file]: sceAppUtilSaveDataDataSave: Opening file savedata0:/auto0000.bin (ux0:/user/00/savedata/PCSG01249/auto0000.bin), fd: 0x6f
[10:27:52.346] |T| [write_file]: sceAppUtilSaveDataDataSave: Writing to fd: 0x6f, size: 956800
[10:27:52.346] |T| [close_file]: sceAppUtilSaveDataDataSave: Closing file fd: 0x6f
[10:27:52.346] |T| [open_file]: sceAppUtilSaveDataDataSave: Opening file savedata0:/SlotParam_0.bin (ux0:/user/00/savedata/PCSG01249/SlotParam_0.bin), fd: 0x70
[10:27:52.347] |T| [write_file]: sceAppUtilSaveDataDataSave: Writing to fd: 0x70, size: 844
[10:27:52.347] |T| [close_file]: sceAppUtilSaveDataDataSave: Closing file fd: 0x70
[10:27:52.392] |T| [open_file]: sceAppUtilSaveDataSlotGetParam: Opening file savedata0:/SlotParam_0.bin (ux0:/user/00/savedata/PCSG01249/SlotParam_0.bin), fd: 0x71
[10:27:52.393] |T| [close_file]: sceAppUtilSaveDataSlotGetParam: Closing file fd: 0x71
[10:27:52.395] |T| [open_file]: sceAppUtilSaveDataDataSave: Opening file savedata0:/auto0010.bin (ux0:/user/00/savedata/PCSG01249/auto0010.bin), fd: 0x72
[10:27:52.396] |T| [write_file]: sceAppUtilSaveDataDataSave: Writing to fd: 0x72, size: 956800
[10:27:52.396] |T| [close_file]: sceAppUtilSaveDataDataSave: Closing file fd: 0x72
[10:27:52.396] |T| [open_file]: sceAppUtilSaveDataDataSave: Opening file savedata0:/SlotParam_0.bin (ux0:/user/00/savedata/PCSG01249/SlotParam_0.bin), fd: 0x73
[10:27:52.397] |T| [write_file]: sceAppUtilSaveDataDataSave: Writing to fd: 0x73, size: 844
[10:27:52.397] |T| [close_file]: sceAppUtilSaveDataDataSave: Closing file fd: 0x73
[10:28:05.421] |T| [log_import_call]: [LLE] TID: 7   FUNC: 0x4c847adf sceAvPlayerInit at 0x176288
[10:28:05.439] |T| [log_import_call]: [LLE] TID: 7   FUNC: 0xbc83c8fd sceAvPlayerAddSource at 0x1762c8
[10:28:05.442] |T| [log_import_call]: [LLE] TID: 7   FUNC: 0x5474af0 sceMp4OpenFile at 0xe7791a8
[10:28:05.444] |I| [export_sceIoOpen]: Opening file: app0:data_eve2/movie/logo.mp4
[10:28:05.453] |T| [open_file]: sceIoOpen: Opening file app0:data_eve2/movie/logo.mp4 (ux0:/app/PCSG01249/data_eve2/movie/logo.mp4), fd: 0x74
[10:28:05.473] |T| [log_import_call]: [LLE] TID: 102 FUNC: 0x30e49e4d sceMp4StartFileStreaming at 0xe7791c8
[10:28:05.488] |T| [log_import_call]: [LLE] TID: 7   FUNC: 0xec103adf sceAvPlayerSetLooping at 0x1762e8
[10:28:05.488] |T| [log_import_call]: [LLE] TID: 7   FUNC: 0x2e4ff35f sceAvPlayerIsActive at 0x176278
[10:28:05.489] |T| [log_import_call]: [LLE] TID: 7   FUNC: 0xa10fc252 sceAvPlayerGetAudioData at 0x1762b8
[10:28:05.489] |T| [log_import_call]: [LLE] TID: 7   FUNC: 0x8bc3221b sceAvPlayerGetVideoData at 0x1762a8
[10:28:05.692] |T| [log_import_call]: [LLE] TID: 102 FUNC: 0xd5b26179 UNRECOGNISED at 0xe7792c8
[10:28:05.710] |W| [stubbed_impl]: Stubbed sceVideodecQueryMemSize import called. (fake size)
[10:28:05.712] |W| [stubbed_impl]: Stubbed sceCodecEngineAllocMemoryFromUnmapMemBlock import called. (fake vaddr)
[10:28:05.713] |T| [log_import_call]: [LLE] TID: 102 FUNC: 0x609e57ad sceMp4EnableStream at 0xe779208
[10:28:05.718] |W| [stubbed_impl]: Stubbed sceAudiodecGetContextSize import called. (fake size)
[10:28:05.765] |T| [log_import_call]: [LLE] TID: 200 FUNC: 0x20a01112 sceMp4GetNextUnit at 0xe7791b8
[10:28:05.776] |T| [log_import_call]: [LLE] TID: 200 FUNC: 0xd092a066 sceMp4GetNextUnitData at 0xe7792a8
[10:28:05.780] |W| [H264DecoderState::receive]: Error receiving H264 frame: Requires Another Call (AVERROR(EAGAIN)).
[10:28:05.783] |W| [H264DecoderState::receive]: Error receiving H264 frame: Requires Another Call (AVERROR(EAGAIN)).
[10:28:05.784] |E| [logging::ret_error_impl]: _sceKernelWaitCond returned SCE_KERNEL_ERROR_WAIT_TIMEOUT (0x80028005)
[10:28:05.799] |I| [renderer::vulkan::PipelineCache::retrieve_shader]: Generating vulkan spv shader 24773de7a03484c7a882a52c024aeea524539d0fc19fdffe3a9c5441894a694d
[10:28:05.800] |I| [renderer::load_shader_generic]: Generating vert.spv.txt shader 24773de7a03484c7a882a52c024aeea524539d0fc19fdffe3a9c5441894a694d
[10:28:05.801] |D| [shader::create_parameters]: [BUFFER0  + 0] pa0 = (float4) aPosition
[10:28:05.801] |D| [shader::create_parameters]: [BUFFER0  + 4] pa4 = (float4) aTexCoord
[10:28:05.802] |D| [shader::create_parameters]: [DEFAULT  + 0] sa0 = (float4) wvp[4]
[10:28:05.802] |T| [shader::usse::USSERecompiler::compile_code_node]: Compiling code_0, size = 9
[10:28:05.808] |I| [renderer::vulkan::PipelineCache::retrieve_shader]: Generating vulkan spv shader 4709545e22e17a47060b1e93830b4fd67c71e24239945140a247a5b735121676
[10:28:05.809] |I| [renderer::load_shader_generic]: Generating frag.spv.txt shader 4709545e22e17a47060b1e93830b4fd67c71e24239945140a247a5b735121676
[10:28:05.810] |T| [shader::create_fragment_inputs]: pa0 = tex2D<half4>(tex, TEXCOORD0.xy)
[10:28:05.810] |T| [shader::usse::USSERecompiler::compile_code_node]: Compiling code_0, size = 1
[10:28:09.062] |T| [log_import_call]: [LLE] TID: 7   FUNC: 0xbd35e360 sceAvPlayerStop at 0x1762d8
[10:28:09.071] |T| [log_import_call]: [LLE] TID: 7   FUNC: 0xc05dff01 UNRECOGNISED at 0xe779288
[10:28:09.072] |T| [log_import_call]: [LLE] TID: 7   FUNC: 0x40351e1a sceMp4Reset at 0xe7791e8
[10:28:09.088] |T| [log_import_call]: [LLE] TID: 7   FUNC: 0x7aa29b2d sceAvPlayerClose at 0x176298
[10:28:09.090] |W| [stubbed_impl]: Stubbed sceCodecEngineFreeMemoryFromUnmapMemBlock import called. (always return success)
[10:28:09.094] |T| [log_import_call]: [LLE] TID: 7   FUNC: 0x920623c8 sceMp4CloseFile at 0xe779238
[10:28:09.098] |T| [close_file]: sceIoClose: Closing file fd: 0x74
[10:28:09.103] |T| [log_import_call]: [LLE] TID: 7   FUNC: 0x7b4832fe sceMp4ReleaseBuffer at 0xe779228
[10:28:10.268] |I| [export_sceIoOpen]: Opening file: app0:data_eve2/movie/demo_psv_2.mp4
[10:28:10.275] |T| [open_file]: sceIoOpen: Opening file app0:data_eve2/movie/demo_psv_2.mp4 (ux0:/app/PCSG01249/data_eve2/movie/demo_psv_2.mp4), fd: 0x75
[10:28:10.603] |W| [H264DecoderState::receive]: Error receiving H264 frame: Requires Another Call (AVERROR(EAGAIN)).
[10:28:10.606] |W| [H264DecoderState::receive]: Error receiving H264 frame: Requires Another Call (AVERROR(EAGAIN)).
[10:28:12.874] |T| [close_file]: sceIoClose: Closing file fd: 0x75
[10:28:35.007] |I| [renderer::vulkan::PipelineCache::save_pipeline_cache]: Saving pipeline cache...
[10:28:35.007] |I| [renderer::vulkan::PipelineCache::save_pipeline_cache]: Pipeline cache saved
[10:28:55.766] |I| [export_sceIoOpen]: Opening file: app0:data_eve2/movie/1201.mp4
[10:28:55.773] |T| [open_file]: sceIoOpen: Opening file app0:data_eve2/movie/1201.mp4 (ux0:/app/PCSG01249/data_eve2/movie/1201.mp4), fd: 0x76
[10:28:55.801] |E| [logging::ret_error_impl]: sceKernelTryLockLwMutex returned SCE_KERNEL_ERROR_LW_MUTEX_FAILED_TO_OWN (0x80028185)
[10:28:56.100] |W| [H264DecoderState::receive]: Error receiving H264 frame: Requires Another Call (AVERROR(EAGAIN)).
[10:28:56.102] |W| [H264DecoderState::receive]: Error receiving H264 frame: Requires Another Call (AVERROR(EAGAIN)).
[10:28:57.322] |T| [close_file]: sceIoClose: Closing file fd: 0x76
[10:29:10.619] |I| [float_to_half_init]: AVX+F16C instruction set is supported. Using fast f32 to f16 conversion
[10:29:10.621] |I| [renderer::vulkan::PipelineCache::retrieve_shader]: Generating vulkan spv shader db2fd19dbd38078a31f2b97fb39be63a5f79c540d6f2f1b9b922fad413c7ed61
[10:29:10.621] |I| [renderer::load_shader_generic]: Generating frag.spv.txt shader db2fd19dbd38078a31f2b97fb39be63a5f79c540d6f2f1b9b922fad413c7ed61
[10:29:10.622] |D| [shader::create_parameters]: [DEFAULT  + 0] sa0 = (half4) blendColor[2]
[10:29:10.622] |D| [shader::create_fragment_inputs]: Iterator: pa0 = (float4) v_Color0
[10:29:10.623] |D| [shader::create_fragment_inputs]: Iterator: pa4 = (float2) v_TexCoord0
[10:29:10.623] |T| [shader::usse::USSERecompiler::compile_code_node]: Compiling code_0, size = 13
[10:29:10.628] |T| [shader::usse::USSERecompiler::compile_code_node]: Compiling code_0, size = 2
[10:29:10.628] |T| [shader::usse::USSERecompiler::compile_code_node]: Compiling code_3, size = 6
[10:29:10.631] |T| [shader::usse::USSERecompiler::compile_code_node]: Compiling code_10, size = 1
[10:29:10.631] |T| [shader::usse::USSERecompiler::compile_code_node]: Compiling code_12, size = 1
[10:29:10.632] |T| [shader::usse::USSERecompiler::compile_code_node]: Compiling code_14, size = 1
[10:29:10.633] |T| [shader::usse::USSERecompiler::compile_code_node]: Compiling code_16, size = 1
[10:29:10.633] |T| [shader::usse::USSERecompiler::compile_code_node]: Compiling code_18, size = 1
[10:29:10.636] |T| [shader::usse::USSERecompiler::compile_code_node]: Compiling code_20, size = 1
[10:29:10.636] |T| [shader::usse::USSERecompiler::compile_code_node]: Compiling code_79, size = 4294967239
[10:29:10.637] |T| [shader::usse::USSERecompiler::compile_code_node]: Compiling code_22, size = 2
[10:29:10.638] |T| [shader::usse::USSERecompiler::compile_code_node]: Compiling code_24, size = 1
[10:29:10.639] |T| [shader::usse::USSERecompiler::compile_code_node]: Compiling code_25, size = 7
[10:29:10.641] |T| [shader::usse::USSERecompiler::compile_code_node]: Compiling code_32, size = 1
[10:29:10.642] |T| [shader::usse::USSERecompiler::compile_code_node]: Compiling code_33, size = 7
[10:29:10.644] |T| [shader::usse::USSERecompiler::compile_code_node]: Compiling code_40, size = 1
[10:29:10.645] |T| [shader::usse::USSERecompiler::compile_code_node]: Compiling code_41, size = 3
[10:29:10.646] |T| [shader::usse::USSERecompiler::compile_code_node]: Compiling code_79, size = 4294967262
[10:29:10.647] |T| [shader::usse::USSERecompiler::compile_code_node]: Compiling code_45, size = 7
[10:29:10.651] |T| [shader::usse::USSERecompiler::compile_code_node]: Compiling code_79, size = 4294967270
[10:29:10.651] |T| [shader::usse::USSERecompiler::compile_code_node]: Compiling code_53, size = 10
[10:29:10.654] |T| [shader::usse::USSERecompiler::compile_code_node]: Compiling code_79, size = 4294967281
[10:29:10.655] |T| [shader::usse::USSERecompiler::compile_code_node]: Compiling code_64, size = 7
[10:29:10.657] |T| [shader::usse::USSERecompiler::compile_code_node]: Compiling code_79, size = 4294967289
[10:29:10.658] |T| [shader::usse::USSERecompiler::compile_code_node]: Compiling code_72, size = 1
[10:29:10.658] |T| [shader::usse::USSERecompiler::compile_code_node]: Compiling code_79, size = 4294967291
[10:29:10.659] |T| [shader::usse::USSERecompiler::compile_code_node]: Compiling code_74, size = 5
[10:29:40.004] |I| [renderer::vulkan::PipelineCache::save_pipeline_cache]: Saving pipeline cache...
[10:29:40.004] |I| [renderer::vulkan::PipelineCache::save_pipeline_cache]: Pipeline cache saved
[10:39:22.560] |I| [renderer::vulkan::PipelineCache::save_pipeline_cache]: Saving pipeline cache...
[10:39:22.561] |I| [renderer::vulkan::PipelineCache::save_pipeline_cache]: Pipeline cache saved
[10:39:22.562] |E| [discordrpc::update_presence::<lambda_1>::operator ()]: Error updating Discord Rich Presence, err_code: 43
[10:39:22.630] |C| [logging::exception_handler]: Exception EXCEPTION_ACCESS_VIOLATION (0xc0000005). 
[10:39:22.631] |C| [logging::exception_handler]: Read violation at address 0x4001b3169.
[10:39:22.631] |E| [ArmDynarmicCallback::MemoryRead]: Invalid read of uint8_t at address: 0x1b3169
PC: 0x001373be,   SP: 0x0e8c2ff0,   LR: 0x0e8be001
r0 : 0x00000001   r6 : 0x00000000
r1 : 0x00000000   r7 : 0x00000000
r2 : 0x00000000   r8 : 0x00000000
r3 : 0x00000000   r9 : 0x00000000
r4 : 0x00000000   r10: 0x00000000
r5 : 0x00000000   r11: 0x00000000
r12: 0x00000000
Thumb: true

[10:39:22.632] |C| [logging::exception_handler]: Exception EXCEPTION_ACCESS_VIOLATION (0xc0000005). 
[10:39:22.632] |C| [logging::exception_handler]: Read violation at address 0x4001373bf.
