[17:02:56.875] |I| [config::init_config]: backend-renderer: Vulkan
[17:02:56.875] |I| [config::init_config]: log-level: 0
[17:02:56.907] |I| [SDL_main]: Vita3K v0.1.6 3101-8623b516
[17:02:56.908] |I| [SDL_main]: Number of logical CPU cores: 16
[17:02:56.908] |I| [SDL_main]: Available ram memory: 32701 MiB
[17:02:56.977] |I| [renderer::vulkan::VKState::create]: Vulkan device: NVIDIA GeForce GT 1030
[17:02:56.977] |I| [renderer::vulkan::VKState::create]: Driver version: 522.25.0.0
[17:02:56.978] |I| [renderer::vulkan::VKState::create]: Memory mapping is enabled
[17:02:57.176] |I| [renderer::vulkan::ScreenRenderer::setup]: Present mode: Mailbox
[17:02:57.683] |I| [compat::update_compat_app_db]: Applications compatibility database is up to date.
[17:03:05.184] |I| [load_app_impl]: cpu-backend: Dynarmic
[17:03:05.184] |I| [load_app_impl]: CPU Optimisation state: true
[17:03:05.184] |I| [load_app_impl]: ngs state: true
[17:03:05.184] |I| [load_app_impl]: Resolution multiplier: 1
[17:03:05.188] |I| [load_app_impl]: 1 Controllers Connected
[17:03:05.188] |I| [load_app_impl]: Controller 0: Xbox One S Controller
[17:03:05.188] |I| [load_app_impl]: modules mode: Automatic
[17:03:05.188] |I| [load_app_impl]: Title: Fallen Legion
[17:03:05.188] |I| [load_app_impl]: Serial: PCSE00955
[17:03:05.188] |I| [load_app_impl]: Version: 1.00
[17:03:05.188] |I| [load_app_impl]: Category: gd
[17:03:05.198] |I| [load_self]: app0:sce_module/libc.suprx: Skipping special segment 0x6FFFFF01...
[17:03:05.198] |I| [load_self]: Loaded module segment 0 @ [0x00005000 - 0x000568A4 / 0x81000000] (size: 0x000518A4) of module app0:sce_module/libc.suprx
[17:03:05.198] |I| [load_self]: Loaded module segment 1 @ [0x00057000 - 0x000598A0 / 0x81052000] (size: 0x000028A0) of module app0:sce_module/libc.suprx
[17:03:05.198] |I| [load_self]: Linking SELF app0:sce_module/libc.suprx...
[17:03:05.198] |D| [load_var_exports]: 	NID 0x936C8A78 (SYSLYB) at 0x4C314
[17:03:05.198] |D| [load_var_exports]: 	NID 0x6C2224BA (NID_MODULE_INFO) at 0x414DC
[17:03:05.198] |I| [pre_load_module]: Pre-load module SceLibc (at "sce_module/libc.suprx") loaded
[17:03:05.204] |I| [load_self]: app0:sce_module/libfios2.suprx: Skipping special segment 0x6FFFFF01...
[17:03:05.204] |I| [load_self]: Loaded module segment 0 @ [0x0005A000 - 0x00086CBF / 0x81000000] (size: 0x0002CCBF) of module app0:sce_module/libfios2.suprx
[17:03:05.208] |I| [load_self]: Loaded module segment 1 @ [0x00087000 - 0x0008C255 / 0x8102D000] (size: 0x00005255) of module app0:sce_module/libfios2.suprx
[17:03:05.209] |I| [load_self]: Linking SELF app0:sce_module/libfios2.suprx...
[17:03:05.209] |D| [load_var_exports]: 	NID 0x936C8A78 (SYSLYB) at 0x86BC8
[17:03:05.210] |D| [load_var_exports]: 	NID 0x6C2224BA (NID_MODULE_INFO) at 0x7DF08
[17:03:05.210] |I| [pre_load_module]: Pre-load module SceLibFios2 (at "sce_module/libfios2.suprx") loaded
[17:03:05.213] |I| [load_self]: app0:sce_module/libult.suprx: Skipping special segment 0x6FFFFF01...
[17:03:05.213] |I| [load_self]: Loaded module segment 0 @ [0x0008D000 - 0x000A09BC / 0x81000000] (size: 0x000139BC) of module app0:sce_module/libult.suprx
[17:03:05.215] |I| [load_self]: Loaded module segment 1 @ [0x000A1000 - 0x000A1814 / 0x81014000] (size: 0x00000814) of module app0:sce_module/libult.suprx
[17:03:05.216] |I| [load_self]: Linking SELF app0:sce_module/libult.suprx...
[17:03:05.217] |D| [load_var_exports]: 	NID 0x936C8A78 (SYSLYB) at 0x9F2E8
[17:03:05.217] |D| [load_var_exports]: 	NID 0x6C2224BA (NID_MODULE_INFO) at 0x9C870
[17:03:05.217] |I| [pre_load_module]: Pre-load module SceUlt (at "sce_module/libult.suprx") loaded
[17:03:05.225] |I| [load_self]: Loaded module segment 0 @ [0x000A2000 - 0x000F2F04 / 0x81000000] (size: 0x00050F04) of module vs0:sys/external/libSceFt2.suprx
[17:03:05.225] |I| [load_self]: Loaded module segment 1 @ [0x000F3000 - 0x000F32F4 / 0x81051000] (size: 0x000002F4) of module vs0:sys/external/libSceFt2.suprx
[17:03:05.226] |I| [load_self]: Linking SELF vs0:sys/external/libSceFt2.suprx...
[17:03:05.227] |D| [load_var_exports]: 	NID 0x936C8A78 (SYSLYB) at 0xDE7DC
[17:03:05.227] |D| [load_var_exports]: 	NID 0x6C2224BA (NID_MODULE_INFO) at 0xDDF10
[17:03:05.227] |I| [pre_load_module]: Pre-load module SceLibft2 (at "sys/external/libSceFt2.suprx") loaded
[17:03:05.230] |I| [load_self]: Loaded module segment 0 @ [0x000F4000 - 0x00103F14 / 0x81000000] (size: 0x0000FF14) of module vs0:sys/external/libpvf.suprx
[17:03:05.230] |I| [load_self]: Loaded module segment 1 @ [0x00104000 - 0x00104008 / 0x81010000] (size: 0x00000008) of module vs0:sys/external/libpvf.suprx
[17:03:05.232] |I| [load_self]: Linking SELF vs0:sys/external/libpvf.suprx...
[17:03:05.233] |D| [load_var_exports]: 	NID 0x936C8A78 (SYSLYB) at 0x102710
[17:03:05.233] |D| [load_var_exports]: 	NID 0x6C2224BA (NID_MODULE_INFO) at 0x102300
[17:03:05.233] |I| [pre_load_module]: Pre-load module SceLibPvf (at "sys/external/libpvf.suprx") loaded
[17:03:05.647] |I| [load_self]: app0:eboot.bin: Skipping special segment 0x6FFFFF01...
[17:03:05.648] |I| [load_self]: Loaded module segment 0 @ [0x00105000 - 0x010F15D0 / 0x81000000] (size: 0x00FEC5D0) of module app0:eboot.bin
[17:03:05.649] |I| [load_self]: Loaded module segment 1 @ [0x010F2000 - 0x0124FA10 / 0x81FED000] (size: 0x0015DA10) of module app0:eboot.bin
[17:03:05.650] |I| [load_self]: Linking SELF app0:eboot.bin...
[17:03:05.650] |D| [load_var_exports]: 	NID 0x6C2224BA (NID_MODULE_INFO) at 0xEE68C4
[17:03:05.650] |D| [load_var_exports]: 	NID 0x70FBA1E7 (SCE_PROC_PARAMS) at 0x111BF08
[17:03:05.651] |D| [load_var_exports]: 	NID 0x936C8A78 (SYSLYB) at 0x1043010
[17:03:05.651] |W| [load_var_imports]: 	NID NOT FOUND 0x338B0BD1 (UNRECOGNISED) at 0xF31DB4, setting to stub value 0xDEADBEEF
[17:03:05.652] |W| [load_var_imports]: 	NID NOT FOUND 0x3A451B91 (UNRECOGNISED) at 0xF31DA0, setting to stub value 0xDEADBEEF
[17:03:05.653] |W| [load_var_imports]: 	NID NOT FOUND 0x550DFE23 (UNRECOGNISED) at 0xF31DC8, setting to stub value 0xDEADBEEF
[17:03:05.654] |W| [load_var_imports]: 	NID NOT FOUND 0x56354517 (UNRECOGNISED) at 0xF31D68, setting to stub value 0xDEADBEEF
[17:03:05.654] |W| [load_var_imports]: 	NID NOT FOUND 0x5EF67445 (UNRECOGNISED) at 0xF31E2C, setting to stub value 0xDEADBEEF
[17:03:05.655] |W| [load_var_imports]: 	NID NOT FOUND 0x6ACA1D57 (UNRECOGNISED) at 0xF31DF0, setting to stub value 0xDEADBEEF
[17:03:05.656] |W| [load_var_imports]: 	NID NOT FOUND 0x71A78083 (UNRECOGNISED) at 0xF31D8C, setting to stub value 0xDEADBEEF
[17:03:05.659] |W| [load_var_imports]: 	NID NOT FOUND 0x79F9DB75 (UNRECOGNISED) at 0xF31DDC, setting to stub value 0xDEADBEEF
[17:03:05.662] |W| [load_var_imports]: 	NID NOT FOUND 0xAA0340C3 (UNRECOGNISED) at 0xF31E04, setting to stub value 0xDEADBEEF
[17:03:05.663] |W| [load_var_imports]: 	NID NOT FOUND 0xF9A1DE92 (UNRECOGNISED) at 0xF31E18, setting to stub value 0xDEADBEEF
[17:03:05.665] |I| [load_app_impl]: Main executable UnityPlayer_538_Release (eboot.bin) loaded
[17:03:05.681] |D| [run_app]: Running module_start of library: SceLibc at address 0x5871
[17:03:05.698] |T| [open_file]: sceKernelGetStdin: Opening terminal tty0:
[17:03:05.698] |T| [open_file]: sceKernelGetStdout: Opening terminal tty0:
[17:03:05.698] |T| [open_file]: sceKernelGetStderr: Opening terminal tty0:
[17:03:05.707] |I| [run_app]: Module SceLibc (at "app0:sce_module/libc.suprx") module_start returned 0x0
[17:03:05.710] |D| [run_app]: Running module_start of library: SceLibFios2 at address 0x5A001
[17:03:05.725] |W| [stubbed_impl]: Stubbed sceKernelGetProcessId import called. (pid: 0)
[17:03:05.726] |I| [run_app]: Module SceLibFios2 (at "app0:sce_module/libfios2.suprx") module_start returned 0x0
[17:03:05.728] |D| [run_app]: Running module_start of library: SceUlt at address 0x90771
[17:03:05.743] |W| [unimplemented_impl]: Unimplemented _sceUlobjMgrRegisterLibultProtocolRevision import called.
[17:03:05.743] |I| [run_app]: Module SceUlt (at "app0:sce_module/libult.suprx") module_start returned 0x0
[17:03:05.750] |W| [unimplemented_impl]: Unimplemented sceKernelRegisterThreadEventHandler import called.
[17:03:06.101] |W| [stubbed_impl]: Stubbed sceKernelGetFreeMemorySize import called. (Single pool)
[17:03:06.101] |W| [unimplemented_impl]: Unimplemented sceAppUtilInit import called.
[17:03:06.102] |T| [open_file]: _sceKernelLoadStartModule: Opening file app0:/Media/Modules/pthread.suprx (ux0:/app/PCSE00955/Media/Modules/pthread.suprx), fd: 0x3
[17:03:06.103] |I| [load_self]: app0:/Media/Modules/pthread.suprx: Skipping special segment 0x6FFFFF01...
[17:03:06.103] |I| [load_self]: Loaded module segment 0 @ [0x016BD000 - 0x016C3C9C / 0x81000000] (size: 0x00006C9C) of module app0:/Media/Modules/pthread.suprx
[17:03:06.104] |I| [load_self]: Loaded module segment 1 @ [0x0129C000 - 0x0129E178 / 0x81007000] (size: 0x00002178) of module app0:/Media/Modules/pthread.suprx
[17:03:06.104] |I| [load_self]: Linking SELF app0:/Media/Modules/pthread.suprx...
[17:03:06.105] |D| [load_var_exports]: 	NID 0x6C2224BA (NID_MODULE_INFO) at 0x16C27E4
[17:03:06.105] |D| [load_var_exports]: 	NID 0x936C8A78 (SYSLYB) at 0x16C3C98
[17:03:06.105] |T| [close_file]: _sceKernelLoadStartModule: Closing file fd: 0x3
[17:03:06.106] |I| [start_module]: Module PTHREAD_PRX (at "app0:/Media/Modules/pthread.suprx") module_start returned 0x0
[17:03:06.106] |T| [log_import_call]: [LLE] TID: 7   FUNC: 0xDE0CECE6 UNRECOGNISED at 0xEE5894
[17:03:06.112] |T| [log_import_call]: [LLE] TID: 7   FUNC: 0xD5FD9FFA UNRECOGNISED at 0xEE5884
[17:03:06.113] |I| [load_module]: Loading module ID: 0x55
[17:03:06.116] |I| [load_self]: sys/external/libSceJson.suprx: Skipping special segment 0x6FFFFF01...
[17:03:06.116] |I| [load_self]: Loaded module segment 0 @ [0x016C4000 - 0x016CA230 / 0x81000000] (size: 0x00006230) of module sys/external/libSceJson.suprx
[17:03:06.117] |I| [load_self]: Loaded module segment 1 @ [0x0129F000 - 0x0129F049 / 0x81007000] (size: 0x00000049) of module sys/external/libSceJson.suprx
[17:03:06.117] |I| [load_self]: Linking SELF sys/external/libSceJson.suprx...
[17:03:06.118] |D| [load_var_exports]: 	NID 0x936C8A78 (SYSLYB) at 0x16CA0A8
[17:03:06.118] |D| [load_var_exports]: 	NID 0x6C2224BA (NID_MODULE_INFO) at 0x16C9020
[17:03:06.118] |I| [load_module]: Module SceLibJson (at "sys/external/libSceJson.suprx") loaded
[17:03:06.119] |T| [log_import_call]: [LLE] TID: 7   FUNC: 0x748AF35F UNRECOGNISED at 0xEE5804
[17:03:06.120] |T| [log_import_call]: [LLE] TID: 7   FUNC: 0x854D84DE UNRECOGNISED at 0xEE5824
[17:03:06.120] |T| [log_import_call]: [LLE] TID: 7   FUNC: 0xCDC48B99 UNRECOGNISED at 0xEE5864
[17:03:06.120] |T| [log_import_call]: [LLE] TID: 7   FUNC: 0xF67A82D8 UNRECOGNISED at 0xEE58B4
[17:03:06.121] |T| [log_import_call]: [LLE] TID: 7   FUNC: 0xD4619B10 UNRECOGNISED at 0xEE5874
[17:03:06.123] |W| [stubbed_impl]: Stubbed _sceKernelGetThreadInfo import called. (STUB)
[17:03:06.144] |T| [log_import_call]: [LLE] TID: 7   FUNC: 0x10BF31A0 UNRECOGNISED at 0xEE57C4
[17:03:06.144] |T| [log_import_call]: [LLE] TID: 67  FUNC: 0xA3EAF86D UNRECOGNISED at 0xEE5844
[17:03:06.145] |T| [log_import_call]: [LLE] TID: 7   FUNC: 0x76FAB6F8 UNRECOGNISED at 0xEE5814
[17:03:06.146] |T| [log_import_call]: [LLE] TID: 7   FUNC: 0x213104F9 UNRECOGNISED at 0xEE57D4
[17:03:06.146] |T| [log_import_call]: [LLE] TID: 7   FUNC: 0xB970EDE3 UNRECOGNISED at 0xEE5854
[17:03:06.236] |T| [log_import_call]: [LLE] TID: 67  FUNC: 0x98F7E3DC UNRECOGNISED at 0xEE5834
[17:03:06.237] |T| [open_file]: _sceKernelLoadStartModule: Opening file app0:/Media/Modules/Il2CppAssemblies.suprx (ux0:/app/PCSE00955/Media/Modules/Il2CppAssemblies.suprx), fd: 0x4
[17:03:06.253] |I| [load_self]: app0:/Media/Modules/Il2CppAssemblies.suprx: Skipping special segment 0x6FFFFF01...
[17:03:06.253] |I| [load_self]: Loaded module segment 0 @ [0x01DE6000 - 0x02984E60 / 0x81000000] (size: 0x00B9EE60) of module app0:/Media/Modules/Il2CppAssemblies.suprx
[17:03:06.256] |I| [load_self]: Loaded module segment 1 @ [0x02985000 - 0x02A2BAC8 / 0x81B9F000] (size: 0x000A6AC8) of module app0:/Media/Modules/Il2CppAssemblies.suprx
[17:03:06.259] |I| [load_self]: Linking SELF app0:/Media/Modules/Il2CppAssemblies.suprx...
[17:03:06.262] |D| [load_var_exports]: Found previously not found variable. nid:0x338B0BD1, new_entry_point:0x299D4D0
[17:03:06.262] |D| [load_var_exports]: Found previously not found variable. nid:0x3A451B91, new_entry_point:0x29C5350
[17:03:06.263] |D| [load_var_exports]: Found previously not found variable. nid:0x550DFE23, new_entry_point:0x299D4DC
[17:03:06.263] |D| [load_var_exports]: Found previously not found variable. nid:0x56354517, new_entry_point:0x299D604
[17:03:06.264] |D| [load_var_exports]: Found previously not found variable. nid:0x5EF67445, new_entry_point:0x299D60C
[17:03:06.264] |D| [load_var_exports]: Found previously not found variable. nid:0x6ACA1D57, new_entry_point:0x299D5FC
[17:03:06.265] |D| [load_var_exports]: Found previously not found variable. nid:0x71A78083, new_entry_point:0x299D608
[17:03:06.266] |D| [load_var_exports]: Found previously not found variable. nid:0x79F9DB75, new_entry_point:0x299D55C
[17:03:06.267] |D| [load_var_exports]: Found previously not found variable. nid:0xAA0340C3, new_entry_point:0x299D600
[17:03:06.267] |D| [load_var_exports]: Found previously not found variable. nid:0xF9A1DE92, new_entry_point:0x29C5351
[17:03:06.268] |D| [load_var_exports]: 	NID 0x6C2224BA (NID_MODULE_INFO) at 0x278772C
[17:03:06.268] |D| [load_var_exports]: 	NID 0x936C8A78 (SYSLYB) at 0x293889C
[17:03:06.269] |T| [close_file]: _sceKernelLoadStartModule: Closing file fd: 0x4
[17:03:06.535] |I| [start_module]: Module Il2CppAssemblies (at "app0:/Media/Modules/Il2CppAssemblies.suprx") module_start returned 0x0
[17:03:06.536] |T| [log_import_call]: [LLE] TID: 67  FUNC: 0x2016A56B UNRECOGNISED at 0xEE5784
[17:03:06.541] |T| [log_import_call]: [LLE] TID: 67  FUNC: 0x46F3ED2C UNRECOGNISED at 0xEE5794
[17:03:06.545] |T| [log_import_call]: [LLE] TID: 67  FUNC: 0xF2FAAAB6 UNRECOGNISED at 0xEE57B4
[17:03:06.565] |W| [unimplemented_impl]: Unimplemented sceKernelChangeThreadVfpException import called.
[17:03:06.566] |W| [unimplemented_impl]: Unimplemented sceFiosOverlayThreadSetDisabled02 import called.
[17:03:06.640] |I| [export_sceIoOpen]: Opening file: app0:/archive.psarc
[17:03:06.640] |E| [open_file]: Missing file at D:/Launchbox/Emulators/Vita3K/settings/ux0/app/PCSE00955/archive.psarc (target path: app0:/archive.psarc)
[17:03:06.644] |W| [io_error_impl]: open_file (sceIoOpen) returned 0x80010002
[17:03:06.659] |I| [export_sceIoOpen]: Opening file: app0:/archive_patch.psarc
[17:03:06.660] |E| [open_file]: Missing file at D:/Launchbox/Emulators/Vita3K/settings/ux0/app/PCSE00955/archive_patch.psarc (target path: app0:/archive_patch.psarc)
[17:03:06.662] |W| [io_error_impl]: open_file (sceIoOpen) returned 0x80010002
[17:03:06.666] |T| [open_dir]: _sceIoDopen: Opening dir app0:/Media (ux0:/app/PCSE00955/Media), fd: 0x5
[17:03:06.672] |T| [read_dir]: _sceIoDread: Reading entry app0:/Media/globalgamemanagers of fd: 0x5
[17:03:06.674] |T| [read_dir]: _sceIoDread: Reading entry app0:/Media/globalgamemanagers.assets of fd: 0x5
[17:03:06.675] |T| [read_dir]: _sceIoDread: Reading entry app0:/Media/level0 of fd: 0x5
[17:03:06.675] |T| [read_dir]: _sceIoDread: Reading entry app0:/Media/level1 of fd: 0x5
[17:03:06.680] |T| [read_dir]: _sceIoDread: Reading entry app0:/Media/level2 of fd: 0x5
[17:03:06.680] |T| [read_dir]: _sceIoDread: Reading entry app0:/Media/level3 of fd: 0x5
[17:03:06.682] |T| [read_dir]: _sceIoDread: Reading entry app0:/Media/level4 of fd: 0x5
[17:03:06.682] |T| [read_dir]: _sceIoDread: Reading entry app0:/Media/level5 of fd: 0x5
[17:03:06.682] |T| [read_dir]: _sceIoDread: Reading entry app0:/Media/level6 of fd: 0x5
[17:03:06.683] |T| [read_dir]: _sceIoDread: Reading entry app0:/Media/level7 of fd: 0x5
[17:03:06.683] |T| [read_dir]: _sceIoDread: Reading entry app0:/Media/Metadata of fd: 0x5
[17:03:06.684] |T| [read_dir]: _sceIoDread: Reading entry app0:/Media/methods_pointedto_by_uievents.xml of fd: 0x5
[17:03:06.684] |T| [read_dir]: _sceIoDread: Reading entry app0:/Media/Modules of fd: 0x5
[17:03:06.685] |T| [read_dir]: _sceIoDread: Reading entry app0:/Media/platform_native_link.xml of fd: 0x5
[17:03:06.685] |T| [read_dir]: _sceIoDread: Reading entry app0:/Media/Plugins of fd: 0x5
[17:03:06.686] |T| [read_dir]: _sceIoDread: Reading entry app0:/Media/preserved_derived_types.xml of fd: 0x5
[17:03:06.686] |T| [read_dir]: _sceIoDread: Reading entry app0:/Media/Resources of fd: 0x5
[17:03:06.686] |T| [read_dir]: _sceIoDread: Reading entry app0:/Media/resources.assets of fd: 0x5
[17:03:06.687] |T| [read_dir]: _sceIoDread: Reading entry app0:/Media/resources.assets.resS of fd: 0x5
[17:03:06.687] |T| [read_dir]: _sceIoDread: Reading entry app0:/Media/resources.resource of fd: 0x5
[17:03:06.688] |T| [read_dir]: _sceIoDread: Reading entry app0:/Media/sharedassets0.assets of fd: 0x5
[17:03:06.689] |T| [read_dir]: _sceIoDread: Reading entry app0:/Media/sharedassets0.assets.resS of fd: 0x5
[17:03:06.689] |T| [read_dir]: _sceIoDread: Reading entry app0:/Media/sharedassets0.resource of fd: 0x5
[17:03:06.696] |T| [read_dir]: _sceIoDread: Reading entry app0:/Media/sharedassets1.assets of fd: 0x5
[17:03:06.696] |T| [read_dir]: _sceIoDread: Reading entry app0:/Media/sharedassets1.assets.resS of fd: 0x5
[17:03:06.696] |T| [read_dir]: _sceIoDread: Reading entry app0:/Media/sharedassets2.assets of fd: 0x5
[17:03:06.697] |T| [read_dir]: _sceIoDread: Reading entry app0:/Media/sharedassets2.assets.resS of fd: 0x5
[17:03:06.697] |T| [read_dir]: _sceIoDread: Reading entry app0:/Media/sharedassets3.assets of fd: 0x5
[17:03:06.698] |T| [read_dir]: _sceIoDread: Reading entry app0:/Media/sharedassets4.assets of fd: 0x5
[17:03:06.698] |T| [read_dir]: _sceIoDread: Reading entry app0:/Media/sharedassets4.assets.resS of fd: 0x5
[17:03:06.700] |T| [read_dir]: _sceIoDread: Reading entry app0:/Media/sharedassets5.assets of fd: 0x5
[17:03:06.700] |T| [read_dir]: _sceIoDread: Reading entry app0:/Media/sharedassets5.assets.resS of fd: 0x5
[17:03:06.701] |T| [read_dir]: _sceIoDread: Reading entry app0:/Media/sharedassets6.assets of fd: 0x5
[17:03:06.701] |T| [read_dir]: _sceIoDread: Reading entry app0:/Media/sharedassets6.assets.resS of fd: 0x5
[17:03:06.701] |T| [read_dir]: _sceIoDread: Reading entry app0:/Media/sharedassets7.assets of fd: 0x5
[17:03:06.702] |T| [read_dir]: _sceIoDread: Reading entry app0:/Media/SymbolMap of fd: 0x5
[17:03:06.703] |T| [close_dir]: sceIoDclose: Closing dir fd: 0x5
[17:03:06.705] |T| [open_dir]: _sceIoDopen: Opening dir app0:/Media/Metadata (ux0:/app/PCSE00955/Media/Metadata), fd: 0x6
[17:03:06.706] |T| [read_dir]: _sceIoDread: Reading entry app0:/Media/Metadata/global-metadata.dat of fd: 0x6
[17:03:06.707] |T| [close_dir]: sceIoDclose: Closing dir fd: 0x6
[17:03:06.708] |T| [open_dir]: _sceIoDopen: Opening dir app0:/Media/Modules (ux0:/app/PCSE00955/Media/Modules), fd: 0x7
[17:03:06.714] |T| [read_dir]: _sceIoDread: Reading entry app0:/Media/Modules/il2CppAssemblies.suprx of fd: 0x7
[17:03:06.714] |T| [read_dir]: _sceIoDread: Reading entry app0:/Media/Modules/pthread.suprx of fd: 0x7
[17:03:06.715] |T| [close_dir]: sceIoDclose: Closing dir fd: 0x7
[17:03:06.715] |T| [open_dir]: _sceIoDopen: Opening dir app0:/Media/Plugins (ux0:/app/PCSE00955/Media/Plugins), fd: 0x8
[17:03:06.716] |T| [read_dir]: _sceIoDread: Reading entry app0:/Media/Plugins/UnityNpToolkit.suprx of fd: 0x8
[17:03:06.716] |T| [read_dir]: _sceIoDread: Reading entry app0:/Media/Plugins/UnityNpToolkit.suprx.b.suprx of fd: 0x8
[17:03:06.717] |T| [read_dir]: _sceIoDread: Reading entry app0:/Media/Plugins/UnityNpToolkit_stub.a of fd: 0x8
[17:03:06.717] |T| [close_dir]: sceIoDclose: Closing dir fd: 0x8
[17:03:06.719] |T| [open_dir]: _sceIoDopen: Opening dir app0:/Media/Resources (ux0:/app/PCSE00955/Media/Resources), fd: 0x9
[17:03:06.720] |T| [read_dir]: _sceIoDread: Reading entry app0:/Media/Resources/mscorlib.dll-resources.dat of fd: 0x9
[17:03:06.720] |T| [read_dir]: _sceIoDread: Reading entry app0:/Media/Resources/unity default resources of fd: 0x9
[17:03:06.720] |T| [read_dir]: _sceIoDread: Reading entry app0:/Media/Resources/unity_builtin_extra of fd: 0x9
[17:03:06.721] |T| [close_dir]: sceIoDclose: Closing dir fd: 0x9
[17:03:06.723] |E| [open_dir]: Directory does not exist at: D:/Launchbox/Emulators/Vita3K/settings/_INVALID/ (target path: /archive/mount/point)
[17:03:06.724] |W| [io_error_impl]: open_dir (_sceIoDopen) returned 0x80010002
[17:03:06.725] |E| [open_dir]: Directory does not exist at: D:/Launchbox/Emulators/Vita3K/settings/ux0/user/00/savedata/PCSE00955/persistentdata/ (target path: savedata0:/persistentdata)
[17:03:06.729] |W| [io_error_impl]: open_dir (_sceIoDopen) returned 0x80010002
[17:03:06.749] |T| [open_file]: sceAppUtilLoadSafeMemory: Opening file savedata0:/sce_sys/safemem.dat (ux0:/user/00/savedata/PCSE00955/sce_sys/safemem.dat), fd: 0xA
[17:03:06.750] |T| [close_file]: sceAppUtilLoadSafeMemory: Closing file fd: 0xA
[17:03:06.753] |T| [log_import_call]: [LLE] TID: 67  FUNC: 0xA7C286AB UNRECOGNISED at 0xEE57A4
[17:03:06.817] |I| [export_sceIoOpen]: Opening file: app0:/Media/Metadata/global-metadata.dat
[17:03:06.818] |T| [open_file]: sceIoOpen: Opening file app0:/Media/Metadata/global-metadata.dat (ux0:/app/PCSE00955/Media/Metadata/global-metadata.dat), fd: 0xB
[17:03:06.822] |T| [close_file]: sceIoClose: Closing file fd: 0xB
[17:03:07.124] |W| [unimplemented_impl]: Unimplemented sceMotionSetDeadband import called.
[17:03:07.125] |W| [unimplemented_impl]: Unimplemented sceMotionSetTiltCorrection import called.
[17:03:07.125] |W| [unimplemented_impl]: Unimplemented sceMotionSetAngleThreshold import called.
[17:03:07.128] |W| [unimplemented_impl]: Unimplemented sceMotionStartSampling import called.
[17:03:07.240] |E| [stat_file]: Missing file at D:/Launchbox/Emulators/Vita3K/settings/ux0/app/PCSE00955/Media/globalgamemanagers.resG (target path: app0:/Media/globalgamemanagers.resG)
[17:03:07.240] |W| [io_error_impl]: stat_file (_sceIoGetstat) returned 0x80010002
[17:03:07.246] |E| [stat_file]: Missing file at D:/Launchbox/Emulators/Vita3K/settings/ux0/app/PCSE00955/Media/globalgamemanagers.res (target path: app0:/Media/globalgamemanagers.res)
[17:03:07.247] |W| [io_error_impl]: stat_file (_sceIoGetstat) returned 0x80010002
[17:03:07.247] |E| [stat_file]: Missing file at D:/Launchbox/Emulators/Vita3K/settings/ux0/app/PCSE00955/Media/globalgamemanagers.resS (target path: app0:/Media/globalgamemanagers.resS)
[17:03:07.248] |W| [io_error_impl]: stat_file (_sceIoGetstat) returned 0x80010002
[17:03:07.273] |I| [export_sceIoOpen]: Opening file: app0:/Media/globalgamemanagers
[17:03:07.273] |T| [open_file]: sceIoOpen: Opening file app0:/Media/globalgamemanagers (ux0:/app/PCSE00955/Media/globalgamemanagers), fd: 0xC
[17:03:07.351] |W| [unimplemented_impl]: Unimplemented sceAppMgrAcquireBgmPort import called.
[17:03:07.473] |W| [stubbed_impl]: Stubbed sceGxmMapFragmentUsseMemory import called. (always return success)
[17:03:07.526] |W| [stubbed_impl]: Stubbed sceGxmMapVertexUsseMemory import called. (always return success)
[17:03:07.533] |W| [stubbed_impl]: Stubbed sceGxmGetRenderTargetMemSize import called. (2MiB emuenv mem)
[17:03:07.592] |W| [unimplemented_impl]: Unimplemented sceGxmSetWClampEnable import called.
[17:03:07.592] |W| [unimplemented_impl]: Unimplemented sceGxmSetWClampValue import called.
[17:03:07.840] |E| [stat_file]: Missing file at D:/Launchbox/Emulators/Vita3K/settings/ux0/app/PCSE00955/Media/Resources/unity default resources.resG (target path: app0:/Media/Resources/unity default resources.resG)
[17:03:07.841] |W| [io_error_impl]: stat_file (_sceIoGetstat) returned 0x80010002
[17:03:07.842] |E| [stat_file]: Missing file at D:/Launchbox/Emulators/Vita3K/settings/ux0/app/PCSE00955/Media/Resources/unity default resources.res (target path: app0:/Media/Resources/unity default resources.res)
[17:03:07.843] |W| [io_error_impl]: stat_file (_sceIoGetstat) returned 0x80010002
[17:03:07.843] |E| [stat_file]: Missing file at D:/Launchbox/Emulators/Vita3K/settings/ux0/app/PCSE00955/Media/Resources/unity default resources.resS (target path: app0:/Media/Resources/unity default resources.resS)
[17:03:07.844] |W| [io_error_impl]: stat_file (_sceIoGetstat) returned 0x80010002
[17:03:07.846] |I| [export_sceIoOpen]: Opening file: app0:/Media/Resources/unity default resources
[17:03:07.846] |T| [open_file]: sceIoOpen: Opening file app0:/Media/Resources/unity default resources (ux0:/app/PCSE00955/Media/Resources/unity default resources), fd: 0xD
[17:03:07.972] |W| [unimplemented_impl]: Unimplemented sceSysmoduleUnloadModule import called.
[17:03:07.973] |T| [log_import_call]: [LLE] TID: 67  FUNC: 0x7341C2E6 UNRECOGNISED at 0xEE6844
[17:03:07.974] |W| [unimplemented_impl]: Unimplemented sceNgsSystemSetFlags import called.
[17:03:07.975] |T| [ngs::simple::PlayerVoiceDefinition::new_modules]: Simple player voice definition stubbed
[17:03:07.976] |T| [export_sceNgsPatchCreateRouting]: Patching 0x3BA1628:0:0 to 0x16542E8:0
[17:03:07.977] |T| [export_sceNgsPatchCreateRouting]: Patching 0x3BA19A8:0:0 to 0x16542E8:0
[17:03:07.977] |T| [export_sceNgsPatchCreateRouting]: Patching 0x3BA1D28:0:0 to 0x16542E8:0
[17:03:07.977] |T| [export_sceNgsPatchCreateRouting]: Patching 0x3BA20A8:0:0 to 0x16542E8:0
[17:03:07.978] |T| [export_sceNgsPatchCreateRouting]: Patching 0x3BA2428:0:0 to 0x16542E8:0
[17:03:07.978] |T| [export_sceNgsPatchCreateRouting]: Patching 0x3BA27A8:0:0 to 0x16542E8:0
[17:03:07.978] |T| [export_sceNgsPatchCreateRouting]: Patching 0x3BA2B28:0:0 to 0x16542E8:0
[17:03:07.979] |T| [export_sceNgsPatchCreateRouting]: Patching 0x3BA2EA8:0:0 to 0x16542E8:0
[17:03:07.979] |T| [export_sceNgsPatchCreateRouting]: Patching 0x3BA3228:0:0 to 0x16542E8:0
[17:03:07.979] |T| [export_sceNgsPatchCreateRouting]: Patching 0x3BA35A8:0:0 to 0x16542E8:0
[17:03:07.980] |T| [export_sceNgsPatchCreateRouting]: Patching 0x3BA3928:0:0 to 0x16542E8:0
[17:03:07.980] |T| [export_sceNgsPatchCreateRouting]: Patching 0x3BA3CA8:0:0 to 0x16542E8:0
[17:03:07.980] |T| [export_sceNgsPatchCreateRouting]: Patching 0x3BA4028:0:0 to 0x16542E8:0
[17:03:07.981] |T| [export_sceNgsPatchCreateRouting]: Patching 0x3BA43A8:0:0 to 0x16542E8:0
[17:03:07.982] |T| [export_sceNgsPatchCreateRouting]: Patching 0x3BA4728:0:0 to 0x16542E8:0
[17:03:07.982] |T| [export_sceNgsPatchCreateRouting]: Patching 0x3BA4AA8:0:0 to 0x16542E8:0
[17:03:07.984] |T| [export_sceNgsPatchCreateRouting]: Patching 0x3BA4E28:0:0 to 0x16542E8:0
[17:03:07.985] |T| [export_sceNgsPatchCreateRouting]: Patching 0x3BA51A8:0:0 to 0x16542E8:0
[17:03:07.985] |T| [export_sceNgsPatchCreateRouting]: Patching 0x3BA5528:0:0 to 0x16542E8:0
[17:03:07.985] |T| [export_sceNgsPatchCreateRouting]: Patching 0x3BA58A8:0:0 to 0x16542E8:0
[17:03:07.986] |T| [export_sceNgsPatchCreateRouting]: Patching 0x3BA5C28:0:0 to 0x16542E8:0
[17:03:07.986] |T| [export_sceNgsPatchCreateRouting]: Patching 0x3BA5FA8:0:0 to 0x16542E8:0
[17:03:07.986] |T| [export_sceNgsPatchCreateRouting]: Patching 0x3BA6328:0:0 to 0x16542E8:0
[17:03:07.987] |T| [export_sceNgsPatchCreateRouting]: Patching 0x3BA66A8:0:0 to 0x16542E8:0
[17:03:07.987] |T| [export_sceNgsPatchCreateRouting]: Patching 0x3BA6A28:0:0 to 0x16542E8:0
[17:03:07.987] |T| [export_sceNgsPatchCreateRouting]: Patching 0x3BA6DA8:0:0 to 0x16542E8:0
[17:03:07.988] |T| [export_sceNgsPatchCreateRouting]: Patching 0x3BA7128:0:0 to 0x16542E8:0
[17:03:07.988] |T| [export_sceNgsPatchCreateRouting]: Patching 0x3BA74A8:0:0 to 0x16542E8:0
[17:03:07.989] |T| [export_sceNgsPatchCreateRouting]: Patching 0x3BA7828:0:0 to 0x16542E8:0
[17:03:07.989] |T| [export_sceNgsPatchCreateRouting]: Patching 0x3BA7BA8:0:0 to 0x16542E8:0
[17:03:07.989] |T| [export_sceNgsPatchCreateRouting]: Patching 0x3BA7F28:0:0 to 0x16542E8:0
[17:03:07.990] |T| [export_sceNgsPatchCreateRouting]: Patching 0x3BA82A8:0:0 to 0x16542E8:0
[17:03:07.992] |T| [log_import_call]: [LLE] TID: 67  FUNC: 0x637EA8A5 UNRECOGNISED at 0xEE6824
[17:03:07.992] |T| [log_import_call]: [LLE] TID: 67  FUNC: 0x279651C1 UNRECOGNISED at 0xEE6804
[17:03:08.045] |T| [export_sceNgsPatchCreateRouting]: Patching 0x3BA8628:0:0 to 0x16542E8:0
[17:03:08.256] |T| [log_import_call]: [LLE] TID: 67  FUNC: 0xD0176286 UNRECOGNISED at 0xEE6894
[17:03:08.257] |T| [log_import_call]: [LLE] TID: 67  FUNC: 0xF03639D4 UNRECOGNISED at 0xEE68A4
[17:03:08.258] |T| [log_import_call]: [LLE] TID: 67  FUNC: 0x7564BC7E UNRECOGNISED at 0xEE6854
[17:03:08.259] |T| [log_import_call]: [LLE] TID: 67  FUNC: 0x5427DC47 UNRECOGNISED at 0xEE6814
[17:03:08.259] |T| [log_import_call]: [LLE] TID: 67  FUNC: 0x394D3B4 UNRECOGNISED at 0xEE67E4
[17:03:08.260] |T| [log_import_call]: [LLE] TID: 67  FUNC: 0x2532BE3B UNRECOGNISED at 0xEE67F4
[17:03:08.262] |T| [log_import_call]: [LLE] TID: 67  FUNC: 0xF24E8D3C UNRECOGNISED at 0xEE68B4
[17:03:08.279] |E| [stat_file]: Missing file at D:/Launchbox/Emulators/Vita3K/settings/ux0/app/PCSE00955/Media/globalgamemanagers.assets.resG (target path: app0:/Media/globalgamemanagers.assets.resG)
[17:03:08.280] |W| [io_error_impl]: stat_file (_sceIoGetstat) returned 0x80010002
[17:03:08.280] |E| [stat_file]: Missing file at D:/Launchbox/Emulators/Vita3K/settings/ux0/app/PCSE00955/Media/globalgamemanagers.assets.res (target path: app0:/Media/globalgamemanagers.assets.res)
[17:03:08.282] |W| [io_error_impl]: stat_file (_sceIoGetstat) returned 0x80010002
[17:03:08.283] |E| [stat_file]: Missing file at D:/Launchbox/Emulators/Vita3K/settings/ux0/app/PCSE00955/Media/globalgamemanagers.assets.resS (target path: app0:/Media/globalgamemanagers.assets.resS)
[17:03:08.283] |W| [io_error_impl]: stat_file (_sceIoGetstat) returned 0x80010002
[17:03:08.285] |I| [export_sceIoOpen]: Opening file: app0:/Media/globalgamemanagers.assets
[17:03:08.286] |T| [open_file]: sceIoOpen: Opening file app0:/Media/globalgamemanagers.assets (ux0:/app/PCSE00955/Media/globalgamemanagers.assets), fd: 0xE
[17:03:08.291] |E| [stat_file]: Missing file at D:/Launchbox/Emulators/Vita3K/settings/ux0/app/PCSE00955/Media/Resources/unity_builtin_extra.resG (target path: app0:/Media/Resources/unity_builtin_extra.resG)
[17:03:08.292] |W| [io_error_impl]: stat_file (_sceIoGetstat) returned 0x80010002
[17:03:08.293] |E| [stat_file]: Missing file at D:/Launchbox/Emulators/Vita3K/settings/ux0/app/PCSE00955/Media/Resources/unity_builtin_extra.res (target path: app0:/Media/Resources/unity_builtin_extra.res)
[17:03:08.294] |W| [io_error_impl]: stat_file (_sceIoGetstat) returned 0x80010002
[17:03:08.295] |E| [stat_file]: Missing file at D:/Launchbox/Emulators/Vita3K/settings/ux0/app/PCSE00955/Media/Resources/unity_builtin_extra.resS (target path: app0:/Media/Resources/unity_builtin_extra.resS)
[17:03:08.295] |W| [io_error_impl]: stat_file (_sceIoGetstat) returned 0x80010002
[17:03:08.296] |I| [export_sceIoOpen]: Opening file: app0:/Media/Resources/unity_builtin_extra
[17:03:08.296] |T| [open_file]: sceIoOpen: Opening file app0:/Media/Resources/unity_builtin_extra (ux0:/app/PCSE00955/Media/Resources/unity_builtin_extra), fd: 0xF
[17:03:08.679] |E| [stat_file]: Missing file at D:/Launchbox/Emulators/Vita3K/settings/ux0/app/PCSE00955/Media/sharedassets0.assets.resG (target path: app0:/Media/sharedassets0.assets.resG)
[17:03:08.680] |W| [io_error_impl]: stat_file (_sceIoGetstat) returned 0x80010002
[17:03:08.683] |E| [stat_file]: Missing file at D:/Launchbox/Emulators/Vita3K/settings/ux0/app/PCSE00955/Media/sharedassets0.assets.res (target path: app0:/Media/sharedassets0.assets.res)
[17:03:08.683] |W| [io_error_impl]: stat_file (_sceIoGetstat) returned 0x80010002
[17:03:08.692] |I| [export_sceIoOpen]: Opening file: app0:/Media/sharedassets0.assets
[17:03:08.692] |T| [open_file]: sceIoOpen: Opening file app0:/Media/sharedassets0.assets (ux0:/app/PCSE00955/Media/sharedassets0.assets), fd: 0x10
[17:03:08.719] |E| [stat_file]: Missing file at D:/Launchbox/Emulators/Vita3K/settings/ux0/app/PCSE00955/Media/level0.resG (target path: app0:/Media/level0.resG)
[17:03:08.720] |W| [io_error_impl]: stat_file (_sceIoGetstat) returned 0x80010002
[17:03:08.722] |E| [stat_file]: Missing file at D:/Launchbox/Emulators/Vita3K/settings/ux0/app/PCSE00955/Media/level0.res (target path: app0:/Media/level0.res)
[17:03:08.722] |W| [io_error_impl]: stat_file (_sceIoGetstat) returned 0x80010002
[17:03:08.723] |E| [stat_file]: Missing file at D:/Launchbox/Emulators/Vita3K/settings/ux0/app/PCSE00955/Media/level0.resS (target path: app0:/Media/level0.resS)
[17:03:08.723] |W| [io_error_impl]: stat_file (_sceIoGetstat) returned 0x80010002
[17:03:08.726] |T| [close_file]: sceIoClose: Closing file fd: 0xC
[17:03:08.730] |I| [export_sceIoOpen]: Opening file: app0:/Media/level0
[17:03:08.731] |T| [open_file]: sceIoOpen: Opening file app0:/Media/level0 (ux0:/app/PCSE00955/Media/level0), fd: 0x11
[17:03:08.759] |T| [close_file]: sceIoClose: Closing file fd: 0xE
[17:03:08.760] |I| [export_sceIoOpen]: Opening file: app0:/Media/sharedassets0.assets.resS
[17:03:08.760] |T| [open_file]: sceIoOpen: Opening file app0:/Media/sharedassets0.assets.resS (ux0:/app/PCSE00955/Media/sharedassets0.assets.resS), fd: 0x12
[17:03:08.770] |I| [export_sceIoOpen]: Opening file: app0:/Media/sharedassets0.resource
[17:03:08.770] |T| [open_file]: sceIoOpen: Opening file app0:/Media/sharedassets0.resource (ux0:/app/PCSE00955/Media/sharedassets0.resource), fd: 0x13
[17:03:08.781] |E| [logging::ret_error_impl]: sceKernelTryLockLwMutex returned SCE_KERNEL_ERROR_LW_MUTEX_FAILED_TO_OWN (0x80028185)
[17:03:08.800] |T| [close_file]: sceIoClose: Closing file fd: 0x13
[17:03:08.806] |I| [export_sceIoOpen]: Opening file: app0:/Media/sharedassets0.resource
[17:03:08.806] |T| [open_file]: sceIoOpen: Opening file app0:/Media/sharedassets0.resource (ux0:/app/PCSE00955/Media/sharedassets0.resource), fd: 0x14
[17:03:08.807] |T| [close_file]: sceIoClose: Closing file fd: 0x14
[17:03:08.808] |I| [export_sceIoOpen]: Opening file: app0:/Media/sharedassets0.resource
[17:03:08.808] |T| [open_file]: sceIoOpen: Opening file app0:/Media/sharedassets0.resource (ux0:/app/PCSE00955/Media/sharedassets0.resource), fd: 0x15
[17:03:08.811] |T| [close_file]: sceIoClose: Closing file fd: 0x15
[17:03:08.811] |I| [export_sceIoOpen]: Opening file: app0:/Media/sharedassets0.resource
[17:03:08.811] |T| [open_file]: sceIoOpen: Opening file app0:/Media/sharedassets0.resource (ux0:/app/PCSE00955/Media/sharedassets0.resource), fd: 0x16
[17:03:08.816] |T| [close_file]: sceIoClose: Closing file fd: 0x16
[17:03:08.817] |I| [export_sceIoOpen]: Opening file: app0:/Media/sharedassets0.resource
[17:03:08.817] |T| [open_file]: sceIoOpen: Opening file app0:/Media/sharedassets0.resource (ux0:/app/PCSE00955/Media/sharedassets0.resource), fd: 0x17
[17:03:08.819] |T| [close_file]: sceIoClose: Closing file fd: 0x17
[17:03:08.819] |I| [export_sceIoOpen]: Opening file: app0:/Media/sharedassets0.resource
[17:03:08.820] |T| [open_file]: sceIoOpen: Opening file app0:/Media/sharedassets0.resource (ux0:/app/PCSE00955/Media/sharedassets0.resource), fd: 0x18
[17:03:08.822] |T| [close_file]: sceIoClose: Closing file fd: 0x18
[17:03:08.823] |I| [export_sceIoOpen]: Opening file: app0:/Media/sharedassets0.resource
[17:03:08.823] |T| [open_file]: sceIoOpen: Opening file app0:/Media/sharedassets0.resource (ux0:/app/PCSE00955/Media/sharedassets0.resource), fd: 0x19
[17:03:08.825] |T| [close_file]: sceIoClose: Closing file fd: 0x19
[17:03:08.825] |I| [export_sceIoOpen]: Opening file: app0:/Media/sharedassets0.resource
[17:03:08.825] |T| [open_file]: sceIoOpen: Opening file app0:/Media/sharedassets0.resource (ux0:/app/PCSE00955/Media/sharedassets0.resource), fd: 0x1A
[17:03:08.827] |T| [close_file]: sceIoClose: Closing file fd: 0x1A
[17:03:08.827] |I| [export_sceIoOpen]: Opening file: app0:/Media/sharedassets0.resource
[17:03:08.828] |T| [open_file]: sceIoOpen: Opening file app0:/Media/sharedassets0.resource (ux0:/app/PCSE00955/Media/sharedassets0.resource), fd: 0x1B
[17:03:08.830] |T| [close_file]: sceIoClose: Closing file fd: 0x1B
[17:03:08.831] |I| [export_sceIoOpen]: Opening file: app0:/Media/sharedassets0.resource
[17:03:08.831] |T| [open_file]: sceIoOpen: Opening file app0:/Media/sharedassets0.resource (ux0:/app/PCSE00955/Media/sharedassets0.resource), fd: 0x1C
[17:03:08.833] |T| [close_file]: sceIoClose: Closing file fd: 0x1C
[17:03:08.834] |I| [export_sceIoOpen]: Opening file: app0:/Media/sharedassets0.resource
[17:03:08.834] |T| [open_file]: sceIoOpen: Opening file app0:/Media/sharedassets0.resource (ux0:/app/PCSE00955/Media/sharedassets0.resource), fd: 0x1D
[17:03:08.835] |T| [close_file]: sceIoClose: Closing file fd: 0x1D
[17:03:08.836] |I| [export_sceIoOpen]: Opening file: app0:/Media/sharedassets0.resource
[17:03:08.836] |T| [open_file]: sceIoOpen: Opening file app0:/Media/sharedassets0.resource (ux0:/app/PCSE00955/Media/sharedassets0.resource), fd: 0x1E
[17:03:08.837] |T| [close_file]: sceIoClose: Closing file fd: 0x1E
[17:03:08.838] |I| [export_sceIoOpen]: Opening file: app0:/Media/sharedassets0.resource
[17:03:08.838] |T| [open_file]: sceIoOpen: Opening file app0:/Media/sharedassets0.resource (ux0:/app/PCSE00955/Media/sharedassets0.resource), fd: 0x1F
[17:03:08.841] |T| [close_file]: sceIoClose: Closing file fd: 0x1F
[17:03:08.842] |I| [export_sceIoOpen]: Opening file: app0:/Media/sharedassets0.resource
[17:03:08.842] |T| [open_file]: sceIoOpen: Opening file app0:/Media/sharedassets0.resource (ux0:/app/PCSE00955/Media/sharedassets0.resource), fd: 0x20
[17:03:08.844] |T| [close_file]: sceIoClose: Closing file fd: 0x20
[17:03:08.845] |I| [export_sceIoOpen]: Opening file: app0:/Media/sharedassets0.resource
[17:03:08.845] |T| [open_file]: sceIoOpen: Opening file app0:/Media/sharedassets0.resource (ux0:/app/PCSE00955/Media/sharedassets0.resource), fd: 0x21
[17:03:08.847] |T| [close_file]: sceIoClose: Closing file fd: 0x21
[17:03:08.847] |I| [export_sceIoOpen]: Opening file: app0:/Media/sharedassets0.resource
[17:03:08.848] |T| [open_file]: sceIoOpen: Opening file app0:/Media/sharedassets0.resource (ux0:/app/PCSE00955/Media/sharedassets0.resource), fd: 0x22
[17:03:08.851] |T| [close_file]: sceIoClose: Closing file fd: 0x22
[17:03:08.851] |I| [export_sceIoOpen]: Opening file: app0:/Media/sharedassets0.resource
[17:03:08.851] |T| [open_file]: sceIoOpen: Opening file app0:/Media/sharedassets0.resource (ux0:/app/PCSE00955/Media/sharedassets0.resource), fd: 0x23
[17:03:08.853] |T| [close_file]: sceIoClose: Closing file fd: 0x23
[17:03:08.853] |I| [export_sceIoOpen]: Opening file: app0:/Media/sharedassets0.resource
[17:03:08.853] |T| [open_file]: sceIoOpen: Opening file app0:/Media/sharedassets0.resource (ux0:/app/PCSE00955/Media/sharedassets0.resource), fd: 0x24
[17:03:08.856] |T| [close_file]: sceIoClose: Closing file fd: 0x24
[17:03:08.856] |I| [export_sceIoOpen]: Opening file: app0:/Media/sharedassets0.resource
[17:03:08.856] |T| [open_file]: sceIoOpen: Opening file app0:/Media/sharedassets0.resource (ux0:/app/PCSE00955/Media/sharedassets0.resource), fd: 0x25
[17:03:08.859] |T| [close_file]: sceIoClose: Closing file fd: 0x25
[17:03:08.860] |I| [export_sceIoOpen]: Opening file: app0:/Media/sharedassets0.resource
[17:03:08.860] |T| [open_file]: sceIoOpen: Opening file app0:/Media/sharedassets0.resource (ux0:/app/PCSE00955/Media/sharedassets0.resource), fd: 0x26
[17:03:08.861] |T| [close_file]: sceIoClose: Closing file fd: 0x26
[17:03:08.862] |I| [export_sceIoOpen]: Opening file: app0:/Media/sharedassets0.resource
[17:03:08.862] |T| [open_file]: sceIoOpen: Opening file app0:/Media/sharedassets0.resource (ux0:/app/PCSE00955/Media/sharedassets0.resource), fd: 0x27
[17:03:08.863] |T| [close_file]: sceIoClose: Closing file fd: 0x27
[17:03:08.864] |I| [export_sceIoOpen]: Opening file: app0:/Media/sharedassets0.resource
[17:03:08.865] |T| [open_file]: sceIoOpen: Opening file app0:/Media/sharedassets0.resource (ux0:/app/PCSE00955/Media/sharedassets0.resource), fd: 0x28
[17:03:08.867] |T| [close_file]: sceIoClose: Closing file fd: 0x28
[17:03:08.868] |I| [export_sceIoOpen]: Opening file: app0:/Media/sharedassets0.resource
[17:03:08.868] |T| [open_file]: sceIoOpen: Opening file app0:/Media/sharedassets0.resource (ux0:/app/PCSE00955/Media/sharedassets0.resource), fd: 0x29
[17:03:08.869] |T| [close_file]: sceIoClose: Closing file fd: 0x29
[17:03:08.870] |I| [export_sceIoOpen]: Opening file: app0:/Media/sharedassets0.resource
[17:03:08.870] |T| [open_file]: sceIoOpen: Opening file app0:/Media/sharedassets0.resource (ux0:/app/PCSE00955/Media/sharedassets0.resource), fd: 0x2A
[17:03:08.871] |T| [close_file]: sceIoClose: Closing file fd: 0x2A
[17:03:08.871] |I| [export_sceIoOpen]: Opening file: app0:/Media/sharedassets0.resource
[17:03:08.872] |T| [open_file]: sceIoOpen: Opening file app0:/Media/sharedassets0.resource (ux0:/app/PCSE00955/Media/sharedassets0.resource), fd: 0x2B
[17:03:08.873] |T| [close_file]: sceIoClose: Closing file fd: 0x2B
[17:03:08.874] |I| [export_sceIoOpen]: Opening file: app0:/Media/sharedassets0.resource
[17:03:08.874] |T| [open_file]: sceIoOpen: Opening file app0:/Media/sharedassets0.resource (ux0:/app/PCSE00955/Media/sharedassets0.resource), fd: 0x2C
[17:03:08.878] |T| [close_file]: sceIoClose: Closing file fd: 0x2C
[17:03:08.878] |I| [export_sceIoOpen]: Opening file: app0:/Media/sharedassets0.resource
[17:03:08.879] |T| [open_file]: sceIoOpen: Opening file app0:/Media/sharedassets0.resource (ux0:/app/PCSE00955/Media/sharedassets0.resource), fd: 0x2D
[17:03:08.880] |T| [close_file]: sceIoClose: Closing file fd: 0x2D
[17:03:08.880] |I| [export_sceIoOpen]: Opening file: app0:/Media/sharedassets0.resource
[17:03:08.881] |T| [open_file]: sceIoOpen: Opening file app0:/Media/sharedassets0.resource (ux0:/app/PCSE00955/Media/sharedassets0.resource), fd: 0x2E
[17:03:08.882] |T| [close_file]: sceIoClose: Closing file fd: 0x2E
[17:03:08.882] |I| [export_sceIoOpen]: Opening file: app0:/Media/sharedassets0.resource
[17:03:08.883] |T| [open_file]: sceIoOpen: Opening file app0:/Media/sharedassets0.resource (ux0:/app/PCSE00955/Media/sharedassets0.resource), fd: 0x2F
[17:03:08.895] |T| [close_file]: sceIoClose: Closing file fd: 0x2F
[17:03:08.896] |I| [export_sceIoOpen]: Opening file: app0:/Media/sharedassets0.resource
[17:03:08.896] |T| [open_file]: sceIoOpen: Opening file app0:/Media/sharedassets0.resource (ux0:/app/PCSE00955/Media/sharedassets0.resource), fd: 0x30
[17:03:08.905] |T| [close_file]: sceIoClose: Closing file fd: 0x30
[17:03:08.906] |I| [export_sceIoOpen]: Opening file: app0:/Media/sharedassets0.resource
[17:03:08.906] |T| [open_file]: sceIoOpen: Opening file app0:/Media/sharedassets0.resource (ux0:/app/PCSE00955/Media/sharedassets0.resource), fd: 0x31
[17:03:08.909] |T| [close_file]: sceIoClose: Closing file fd: 0x31
[17:03:08.910] |I| [export_sceIoOpen]: Opening file: app0:/Media/sharedassets0.resource
[17:03:08.911] |T| [open_file]: sceIoOpen: Opening file app0:/Media/sharedassets0.resource (ux0:/app/PCSE00955/Media/sharedassets0.resource), fd: 0x32
[17:03:08.914] |T| [close_file]: sceIoClose: Closing file fd: 0x32
[17:03:08.914] |I| [export_sceIoOpen]: Opening file: app0:/Media/sharedassets0.resource
[17:03:08.914] |T| [open_file]: sceIoOpen: Opening file app0:/Media/sharedassets0.resource (ux0:/app/PCSE00955/Media/sharedassets0.resource), fd: 0x33
[17:03:08.915] |T| [close_file]: sceIoClose: Closing file fd: 0x33
[17:03:08.916] |I| [export_sceIoOpen]: Opening file: app0:/Media/sharedassets0.resource
[17:03:08.916] |T| [open_file]: sceIoOpen: Opening file app0:/Media/sharedassets0.resource (ux0:/app/PCSE00955/Media/sharedassets0.resource), fd: 0x34
[17:03:08.917] |T| [close_file]: sceIoClose: Closing file fd: 0x34
[17:03:08.918] |I| [export_sceIoOpen]: Opening file: app0:/Media/sharedassets0.resource
[17:03:08.918] |T| [open_file]: sceIoOpen: Opening file app0:/Media/sharedassets0.resource (ux0:/app/PCSE00955/Media/sharedassets0.resource), fd: 0x35
[17:03:08.919] |T| [close_file]: sceIoClose: Closing file fd: 0x35
[17:03:08.920] |I| [export_sceIoOpen]: Opening file: app0:/Media/sharedassets0.resource
[17:03:08.920] |T| [open_file]: sceIoOpen: Opening file app0:/Media/sharedassets0.resource (ux0:/app/PCSE00955/Media/sharedassets0.resource), fd: 0x36
[17:03:08.923] |T| [close_file]: sceIoClose: Closing file fd: 0x36
[17:03:08.924] |I| [export_sceIoOpen]: Opening file: app0:/Media/sharedassets0.resource
[17:03:08.924] |T| [open_file]: sceIoOpen: Opening file app0:/Media/sharedassets0.resource (ux0:/app/PCSE00955/Media/sharedassets0.resource), fd: 0x37
[17:03:08.925] |T| [close_file]: sceIoClose: Closing file fd: 0x37
[17:03:08.926] |I| [export_sceIoOpen]: Opening file: app0:/Media/sharedassets0.resource
[17:03:08.927] |T| [open_file]: sceIoOpen: Opening file app0:/Media/sharedassets0.resource (ux0:/app/PCSE00955/Media/sharedassets0.resource), fd: 0x38
[17:03:08.928] |T| [close_file]: sceIoClose: Closing file fd: 0x38
[17:03:08.929] |I| [export_sceIoOpen]: Opening file: app0:/Media/sharedassets0.resource
[17:03:08.929] |T| [open_file]: sceIoOpen: Opening file app0:/Media/sharedassets0.resource (ux0:/app/PCSE00955/Media/sharedassets0.resource), fd: 0x39
[17:03:08.932] |T| [close_file]: sceIoClose: Closing file fd: 0x39
[17:03:08.932] |I| [export_sceIoOpen]: Opening file: app0:/Media/sharedassets0.resource
[17:03:08.932] |T| [open_file]: sceIoOpen: Opening file app0:/Media/sharedassets0.resource (ux0:/app/PCSE00955/Media/sharedassets0.resource), fd: 0x3A
[17:03:08.934] |T| [close_file]: sceIoClose: Closing file fd: 0x3A
[17:03:08.934] |I| [export_sceIoOpen]: Opening file: app0:/Media/sharedassets0.resource
[17:03:08.934] |T| [open_file]: sceIoOpen: Opening file app0:/Media/sharedassets0.resource (ux0:/app/PCSE00955/Media/sharedassets0.resource), fd: 0x3B
[17:03:08.936] |T| [close_file]: sceIoClose: Closing file fd: 0x3B
[17:03:08.936] |I| [export_sceIoOpen]: Opening file: app0:/Media/sharedassets0.resource
[17:03:08.936] |T| [open_file]: sceIoOpen: Opening file app0:/Media/sharedassets0.resource (ux0:/app/PCSE00955/Media/sharedassets0.resource), fd: 0x3C
[17:03:08.937] |T| [close_file]: sceIoClose: Closing file fd: 0x3C
[17:03:08.938] |I| [export_sceIoOpen]: Opening file: app0:/Media/sharedassets0.resource
[17:03:08.938] |T| [open_file]: sceIoOpen: Opening file app0:/Media/sharedassets0.resource (ux0:/app/PCSE00955/Media/sharedassets0.resource), fd: 0x3D
[17:03:08.942] |T| [close_file]: sceIoClose: Closing file fd: 0x3D
[17:03:08.942] |I| [export_sceIoOpen]: Opening file: app0:/Media/sharedassets0.resource
[17:03:08.942] |T| [open_file]: sceIoOpen: Opening file app0:/Media/sharedassets0.resource (ux0:/app/PCSE00955/Media/sharedassets0.resource), fd: 0x3E
[17:03:08.944] |T| [close_file]: sceIoClose: Closing file fd: 0x3E
[17:03:08.944] |I| [export_sceIoOpen]: Opening file: app0:/Media/sharedassets0.resource
[17:03:08.944] |T| [open_file]: sceIoOpen: Opening file app0:/Media/sharedassets0.resource (ux0:/app/PCSE00955/Media/sharedassets0.resource), fd: 0x3F
[17:03:08.946] |T| [close_file]: sceIoClose: Closing file fd: 0x3F
[17:03:08.946] |I| [export_sceIoOpen]: Opening file: app0:/Media/sharedassets0.resource
[17:03:08.946] |T| [open_file]: sceIoOpen: Opening file app0:/Media/sharedassets0.resource (ux0:/app/PCSE00955/Media/sharedassets0.resource), fd: 0x40
[17:03:08.948] |T| [close_file]: sceIoClose: Closing file fd: 0x40
[17:03:08.949] |I| [export_sceIoOpen]: Opening file: app0:/Media/sharedassets0.resource
[17:03:08.950] |T| [open_file]: sceIoOpen: Opening file app0:/Media/sharedassets0.resource (ux0:/app/PCSE00955/Media/sharedassets0.resource), fd: 0x41
[17:03:08.951] |T| [close_file]: sceIoClose: Closing file fd: 0x41
[17:03:08.951] |I| [export_sceIoOpen]: Opening file: app0:/Media/sharedassets0.resource
[17:03:08.952] |T| [open_file]: sceIoOpen: Opening file app0:/Media/sharedassets0.resource (ux0:/app/PCSE00955/Media/sharedassets0.resource), fd: 0x42
[17:03:08.953] |T| [close_file]: sceIoClose: Closing file fd: 0x42
[17:03:08.953] |I| [export_sceIoOpen]: Opening file: app0:/Media/sharedassets0.resource
[17:03:08.954] |T| [open_file]: sceIoOpen: Opening file app0:/Media/sharedassets0.resource (ux0:/app/PCSE00955/Media/sharedassets0.resource), fd: 0x43
[17:03:08.955] |T| [close_file]: sceIoClose: Closing file fd: 0x43
[17:03:08.956] |I| [export_sceIoOpen]: Opening file: app0:/Media/sharedassets0.resource
[17:03:08.956] |T| [open_file]: sceIoOpen: Opening file app0:/Media/sharedassets0.resource (ux0:/app/PCSE00955/Media/sharedassets0.resource), fd: 0x44
[17:03:08.958] |T| [close_file]: sceIoClose: Closing file fd: 0x44
[17:03:08.960] |I| [export_sceIoOpen]: Opening file: app0:/Media/sharedassets0.resource
[17:03:08.961] |T| [open_file]: sceIoOpen: Opening file app0:/Media/sharedassets0.resource (ux0:/app/PCSE00955/Media/sharedassets0.resource), fd: 0x45
[17:03:08.962] |T| [close_file]: sceIoClose: Closing file fd: 0x45
[17:03:08.962] |I| [export_sceIoOpen]: Opening file: app0:/Media/sharedassets0.resource
[17:03:08.963] |T| [open_file]: sceIoOpen: Opening file app0:/Media/sharedassets0.resource (ux0:/app/PCSE00955/Media/sharedassets0.resource), fd: 0x46
[17:03:08.964] |T| [close_file]: sceIoClose: Closing file fd: 0x46
[17:03:08.964] |I| [export_sceIoOpen]: Opening file: app0:/Media/sharedassets0.resource
[17:03:08.965] |T| [open_file]: sceIoOpen: Opening file app0:/Media/sharedassets0.resource (ux0:/app/PCSE00955/Media/sharedassets0.resource), fd: 0x47
[17:03:08.967] |T| [close_file]: sceIoClose: Closing file fd: 0x47
[17:03:08.968] |I| [export_sceIoOpen]: Opening file: app0:/Media/sharedassets0.resource
[17:03:08.968] |T| [open_file]: sceIoOpen: Opening file app0:/Media/sharedassets0.resource (ux0:/app/PCSE00955/Media/sharedassets0.resource), fd: 0x48
[17:03:08.970] |T| [close_file]: sceIoClose: Closing file fd: 0x48
[17:03:08.970] |I| [export_sceIoOpen]: Opening file: app0:/Media/sharedassets0.resource
[17:03:08.970] |T| [open_file]: sceIoOpen: Opening file app0:/Media/sharedassets0.resource (ux0:/app/PCSE00955/Media/sharedassets0.resource), fd: 0x49
[17:03:08.972] |T| [close_file]: sceIoClose: Closing file fd: 0x49
[17:03:08.972] |I| [export_sceIoOpen]: Opening file: app0:/Media/sharedassets0.resource
[17:03:08.972] |T| [open_file]: sceIoOpen: Opening file app0:/Media/sharedassets0.resource (ux0:/app/PCSE00955/Media/sharedassets0.resource), fd: 0x4A
[17:03:08.973] |T| [close_file]: sceIoClose: Closing file fd: 0x4A
[17:03:08.974] |I| [export_sceIoOpen]: Opening file: app0:/Media/sharedassets0.resource
[17:03:08.975] |T| [open_file]: sceIoOpen: Opening file app0:/Media/sharedassets0.resource (ux0:/app/PCSE00955/Media/sharedassets0.resource), fd: 0x4B
[17:03:08.978] |T| [close_file]: sceIoClose: Closing file fd: 0x4B
[17:03:08.979] |I| [export_sceIoOpen]: Opening file: app0:/Media/sharedassets0.resource
[17:03:08.979] |T| [open_file]: sceIoOpen: Opening file app0:/Media/sharedassets0.resource (ux0:/app/PCSE00955/Media/sharedassets0.resource), fd: 0x4C
[17:03:08.980] |T| [close_file]: sceIoClose: Closing file fd: 0x4C
[17:03:08.981] |I| [export_sceIoOpen]: Opening file: app0:/Media/sharedassets0.resource
[17:03:08.981] |T| [open_file]: sceIoOpen: Opening file app0:/Media/sharedassets0.resource (ux0:/app/PCSE00955/Media/sharedassets0.resource), fd: 0x4D
[17:03:08.982] |T| [close_file]: sceIoClose: Closing file fd: 0x4D
[17:03:08.982] |I| [export_sceIoOpen]: Opening file: app0:/Media/sharedassets0.resource
[17:03:08.983] |T| [open_file]: sceIoOpen: Opening file app0:/Media/sharedassets0.resource (ux0:/app/PCSE00955/Media/sharedassets0.resource), fd: 0x4E
[17:03:08.985] |T| [close_file]: sceIoClose: Closing file fd: 0x4E
[17:03:08.986] |I| [export_sceIoOpen]: Opening file: app0:/Media/sharedassets0.resource
[17:03:08.986] |T| [open_file]: sceIoOpen: Opening file app0:/Media/sharedassets0.resource (ux0:/app/PCSE00955/Media/sharedassets0.resource), fd: 0x4F
[17:03:08.988] |T| [close_file]: sceIoClose: Closing file fd: 0x4F
[17:03:08.988] |I| [export_sceIoOpen]: Opening file: app0:/Media/sharedassets0.resource
[17:03:08.988] |T| [open_file]: sceIoOpen: Opening file app0:/Media/sharedassets0.resource (ux0:/app/PCSE00955/Media/sharedassets0.resource), fd: 0x50
[17:03:08.990] |T| [close_file]: sceIoClose: Closing file fd: 0x50
[17:03:08.990] |I| [export_sceIoOpen]: Opening file: app0:/Media/sharedassets0.resource
[17:03:08.990] |T| [open_file]: sceIoOpen: Opening file app0:/Media/sharedassets0.resource (ux0:/app/PCSE00955/Media/sharedassets0.resource), fd: 0x51
[17:03:08.992] |T| [close_file]: sceIoClose: Closing file fd: 0x51
[17:03:08.992] |I| [export_sceIoOpen]: Opening file: app0:/Media/sharedassets0.resource
[17:03:08.993] |T| [open_file]: sceIoOpen: Opening file app0:/Media/sharedassets0.resource (ux0:/app/PCSE00955/Media/sharedassets0.resource), fd: 0x52
[17:03:08.997] |T| [close_file]: sceIoClose: Closing file fd: 0x52
[17:03:08.997] |I| [export_sceIoOpen]: Opening file: app0:/Media/sharedassets0.resource
[17:03:08.997] |T| [open_file]: sceIoOpen: Opening file app0:/Media/sharedassets0.resource (ux0:/app/PCSE00955/Media/sharedassets0.resource), fd: 0x53
[17:03:08.999] |T| [close_file]: sceIoClose: Closing file fd: 0x53
[17:03:08.999] |I| [export_sceIoOpen]: Opening file: app0:/Media/sharedassets0.resource
[17:03:08.999] |T| [open_file]: sceIoOpen: Opening file app0:/Media/sharedassets0.resource (ux0:/app/PCSE00955/Media/sharedassets0.resource), fd: 0x54
[17:03:09.001] |T| [close_file]: sceIoClose: Closing file fd: 0x54
[17:03:09.001] |I| [export_sceIoOpen]: Opening file: app0:/Media/sharedassets0.resource
[17:03:09.001] |T| [open_file]: sceIoOpen: Opening file app0:/Media/sharedassets0.resource (ux0:/app/PCSE00955/Media/sharedassets0.resource), fd: 0x55
[17:03:09.003] |T| [close_file]: sceIoClose: Closing file fd: 0x55
[17:03:09.003] |I| [export_sceIoOpen]: Opening file: app0:/Media/sharedassets0.resource
[17:03:09.005] |T| [open_file]: sceIoOpen: Opening file app0:/Media/sharedassets0.resource (ux0:/app/PCSE00955/Media/sharedassets0.resource), fd: 0x56
[17:03:09.006] |T| [close_file]: sceIoClose: Closing file fd: 0x56
[17:03:09.007] |I| [export_sceIoOpen]: Opening file: app0:/Media/sharedassets0.resource
[17:03:09.007] |T| [open_file]: sceIoOpen: Opening file app0:/Media/sharedassets0.resource (ux0:/app/PCSE00955/Media/sharedassets0.resource), fd: 0x57
[17:03:09.008] |T| [close_file]: sceIoClose: Closing file fd: 0x57
[17:03:09.009] |I| [export_sceIoOpen]: Opening file: app0:/Media/sharedassets0.resource
[17:03:09.009] |T| [open_file]: sceIoOpen: Opening file app0:/Media/sharedassets0.resource (ux0:/app/PCSE00955/Media/sharedassets0.resource), fd: 0x58
[17:03:09.011] |T| [close_file]: sceIoClose: Closing file fd: 0x58
[17:03:09.012] |I| [export_sceIoOpen]: Opening file: app0:/Media/sharedassets0.resource
[17:03:09.012] |T| [open_file]: sceIoOpen: Opening file app0:/Media/sharedassets0.resource (ux0:/app/PCSE00955/Media/sharedassets0.resource), fd: 0x59
[17:03:09.015] |T| [close_file]: sceIoClose: Closing file fd: 0x59
[17:03:09.015] |I| [export_sceIoOpen]: Opening file: app0:/Media/sharedassets0.resource
[17:03:09.016] |T| [open_file]: sceIoOpen: Opening file app0:/Media/sharedassets0.resource (ux0:/app/PCSE00955/Media/sharedassets0.resource), fd: 0x5A
[17:03:09.017] |T| [close_file]: sceIoClose: Closing file fd: 0x5A
[17:03:09.017] |I| [export_sceIoOpen]: Opening file: app0:/Media/sharedassets0.resource
[17:03:09.018] |T| [open_file]: sceIoOpen: Opening file app0:/Media/sharedassets0.resource (ux0:/app/PCSE00955/Media/sharedassets0.resource), fd: 0x5B
[17:03:09.019] |T| [close_file]: sceIoClose: Closing file fd: 0x5B
[17:03:09.020] |I| [export_sceIoOpen]: Opening file: app0:/Media/sharedassets0.resource
[17:03:09.020] |T| [open_file]: sceIoOpen: Opening file app0:/Media/sharedassets0.resource (ux0:/app/PCSE00955/Media/sharedassets0.resource), fd: 0x5C
[17:03:09.022] |T| [close_file]: sceIoClose: Closing file fd: 0x5C
[17:03:09.023] |I| [export_sceIoOpen]: Opening file: app0:/Media/sharedassets0.resource
[17:03:09.023] |T| [open_file]: sceIoOpen: Opening file app0:/Media/sharedassets0.resource (ux0:/app/PCSE00955/Media/sharedassets0.resource), fd: 0x5D
[17:03:09.025] |T| [close_file]: sceIoClose: Closing file fd: 0x5D
[17:03:09.025] |I| [export_sceIoOpen]: Opening file: app0:/Media/sharedassets0.resource
[17:03:09.025] |T| [open_file]: sceIoOpen: Opening file app0:/Media/sharedassets0.resource (ux0:/app/PCSE00955/Media/sharedassets0.resource), fd: 0x5E
[17:03:09.027] |T| [close_file]: sceIoClose: Closing file fd: 0x5E
[17:03:09.027] |I| [export_sceIoOpen]: Opening file: app0:/Media/sharedassets0.resource
[17:03:09.028] |T| [open_file]: sceIoOpen: Opening file app0:/Media/sharedassets0.resource (ux0:/app/PCSE00955/Media/sharedassets0.resource), fd: 0x5F
[17:03:09.029] |T| [close_file]: sceIoClose: Closing file fd: 0x5F
[17:03:09.030] |I| [export_sceIoOpen]: Opening file: app0:/Media/sharedassets0.resource
[17:03:09.030] |T| [open_file]: sceIoOpen: Opening file app0:/Media/sharedassets0.resource (ux0:/app/PCSE00955/Media/sharedassets0.resource), fd: 0x60
[17:03:09.033] |T| [close_file]: sceIoClose: Closing file fd: 0x60
[17:03:09.033] |I| [export_sceIoOpen]: Opening file: app0:/Media/sharedassets0.resource
[17:03:09.034] |T| [open_file]: sceIoOpen: Opening file app0:/Media/sharedassets0.resource (ux0:/app/PCSE00955/Media/sharedassets0.resource), fd: 0x61
[17:03:09.035] |T| [close_file]: sceIoClose: Closing file fd: 0x61
[17:03:09.035] |I| [export_sceIoOpen]: Opening file: app0:/Media/sharedassets0.resource
[17:03:09.036] |T| [open_file]: sceIoOpen: Opening file app0:/Media/sharedassets0.resource (ux0:/app/PCSE00955/Media/sharedassets0.resource), fd: 0x62
[17:03:09.037] |T| [close_file]: sceIoClose: Closing file fd: 0x62
[17:03:09.037] |I| [export_sceIoOpen]: Opening file: app0:/Media/sharedassets0.resource
[17:03:09.038] |T| [open_file]: sceIoOpen: Opening file app0:/Media/sharedassets0.resource (ux0:/app/PCSE00955/Media/sharedassets0.resource), fd: 0x63
[17:03:09.040] |T| [close_file]: sceIoClose: Closing file fd: 0x63
[17:03:09.040] |I| [export_sceIoOpen]: Opening file: app0:/Media/sharedassets0.resource
[17:03:09.043] |T| [open_file]: sceIoOpen: Opening file app0:/Media/sharedassets0.resource (ux0:/app/PCSE00955/Media/sharedassets0.resource), fd: 0x64
[17:03:09.044] |T| [close_file]: sceIoClose: Closing file fd: 0x64
[17:03:09.044] |I| [export_sceIoOpen]: Opening file: app0:/Media/sharedassets0.resource
[17:03:09.045] |T| [open_file]: sceIoOpen: Opening file app0:/Media/sharedassets0.resource (ux0:/app/PCSE00955/Media/sharedassets0.resource), fd: 0x65
[17:03:09.046] |T| [close_file]: sceIoClose: Closing file fd: 0x65
[17:03:09.046] |I| [export_sceIoOpen]: Opening file: app0:/Media/sharedassets0.resource
[17:03:09.047] |T| [open_file]: sceIoOpen: Opening file app0:/Media/sharedassets0.resource (ux0:/app/PCSE00955/Media/sharedassets0.resource), fd: 0x66
[17:03:09.048] |T| [close_file]: sceIoClose: Closing file fd: 0x66
[17:03:09.049] |I| [export_sceIoOpen]: Opening file: app0:/Media/sharedassets0.resource
[17:03:09.049] |T| [open_file]: sceIoOpen: Opening file app0:/Media/sharedassets0.resource (ux0:/app/PCSE00955/Media/sharedassets0.resource), fd: 0x67
[17:03:09.052] |T| [close_file]: sceIoClose: Closing file fd: 0x67
[17:03:09.053] |I| [export_sceIoOpen]: Opening file: app0:/Media/sharedassets0.resource
[17:03:09.053] |T| [open_file]: sceIoOpen: Opening file app0:/Media/sharedassets0.resource (ux0:/app/PCSE00955/Media/sharedassets0.resource), fd: 0x68
[17:03:09.056] |T| [close_file]: sceIoClose: Closing file fd: 0x68
[17:03:09.056] |I| [export_sceIoOpen]: Opening file: app0:/Media/sharedassets0.resource
[17:03:09.056] |T| [open_file]: sceIoOpen: Opening file app0:/Media/sharedassets0.resource (ux0:/app/PCSE00955/Media/sharedassets0.resource), fd: 0x69
[17:03:09.059] |T| [close_file]: sceIoClose: Closing file fd: 0x69
[17:03:09.061] |I| [export_sceIoOpen]: Opening file: app0:/Media/sharedassets0.resource
[17:03:09.061] |T| [open_file]: sceIoOpen: Opening file app0:/Media/sharedassets0.resource (ux0:/app/PCSE00955/Media/sharedassets0.resource), fd: 0x6A
[17:03:09.063] |T| [close_file]: sceIoClose: Closing file fd: 0x6A
[17:03:09.063] |I| [export_sceIoOpen]: Opening file: app0:/Media/sharedassets0.resource
[17:03:09.063] |T| [open_file]: sceIoOpen: Opening file app0:/Media/sharedassets0.resource (ux0:/app/PCSE00955/Media/sharedassets0.resource), fd: 0x6B
[17:03:09.064] |T| [close_file]: sceIoClose: Closing file fd: 0x6B
[17:03:09.065] |I| [export_sceIoOpen]: Opening file: app0:/Media/sharedassets0.resource
[17:03:09.065] |T| [open_file]: sceIoOpen: Opening file app0:/Media/sharedassets0.resource (ux0:/app/PCSE00955/Media/sharedassets0.resource), fd: 0x6C
[17:03:09.067] |T| [close_file]: sceIoClose: Closing file fd: 0x6C
[17:03:09.067] |I| [export_sceIoOpen]: Opening file: app0:/Media/sharedassets0.resource
[17:03:09.067] |T| [open_file]: sceIoOpen: Opening file app0:/Media/sharedassets0.resource (ux0:/app/PCSE00955/Media/sharedassets0.resource), fd: 0x6D
[17:03:09.070] |T| [close_file]: sceIoClose: Closing file fd: 0x6D
[17:03:09.071] |I| [export_sceIoOpen]: Opening file: app0:/Media/sharedassets0.resource
[17:03:09.071] |T| [open_file]: sceIoOpen: Opening file app0:/Media/sharedassets0.resource (ux0:/app/PCSE00955/Media/sharedassets0.resource), fd: 0x6E
[17:03:09.072] |T| [close_file]: sceIoClose: Closing file fd: 0x6E
[17:03:09.073] |I| [export_sceIoOpen]: Opening file: app0:/Media/sharedassets0.resource
[17:03:09.073] |T| [open_file]: sceIoOpen: Opening file app0:/Media/sharedassets0.resource (ux0:/app/PCSE00955/Media/sharedassets0.resource), fd: 0x6F
[17:03:09.074] |T| [close_file]: sceIoClose: Closing file fd: 0x6F
[17:03:09.075] |I| [export_sceIoOpen]: Opening file: app0:/Media/sharedassets0.resource
[17:03:09.076] |T| [open_file]: sceIoOpen: Opening file app0:/Media/sharedassets0.resource (ux0:/app/PCSE00955/Media/sharedassets0.resource), fd: 0x70
[17:03:09.079] |T| [close_file]: sceIoClose: Closing file fd: 0x70
[17:03:09.079] |I| [export_sceIoOpen]: Opening file: app0:/Media/sharedassets0.resource
[17:03:09.080] |T| [open_file]: sceIoOpen: Opening file app0:/Media/sharedassets0.resource (ux0:/app/PCSE00955/Media/sharedassets0.resource), fd: 0x71
[17:03:09.081] |T| [close_file]: sceIoClose: Closing file fd: 0x71
[17:03:09.081] |I| [export_sceIoOpen]: Opening file: app0:/Media/sharedassets0.resource
[17:03:09.082] |T| [open_file]: sceIoOpen: Opening file app0:/Media/sharedassets0.resource (ux0:/app/PCSE00955/Media/sharedassets0.resource), fd: 0x72
[17:03:09.083] |T| [close_file]: sceIoClose: Closing file fd: 0x72
[17:03:09.083] |I| [export_sceIoOpen]: Opening file: app0:/Media/sharedassets0.resource
[17:03:09.083] |T| [open_file]: sceIoOpen: Opening file app0:/Media/sharedassets0.resource (ux0:/app/PCSE00955/Media/sharedassets0.resource), fd: 0x73
[17:03:09.085] |T| [close_file]: sceIoClose: Closing file fd: 0x73
[17:03:09.086] |I| [export_sceIoOpen]: Opening file: app0:/Media/sharedassets0.resource
[17:03:09.087] |T| [open_file]: sceIoOpen: Opening file app0:/Media/sharedassets0.resource (ux0:/app/PCSE00955/Media/sharedassets0.resource), fd: 0x74
[17:03:09.088] |T| [close_file]: sceIoClose: Closing file fd: 0x74
[17:03:09.089] |I| [export_sceIoOpen]: Opening file: app0:/Media/sharedassets0.resource
[17:03:09.089] |T| [open_file]: sceIoOpen: Opening file app0:/Media/sharedassets0.resource (ux0:/app/PCSE00955/Media/sharedassets0.resource), fd: 0x75
[17:03:09.090] |T| [close_file]: sceIoClose: Closing file fd: 0x75
[17:03:09.091] |I| [export_sceIoOpen]: Opening file: app0:/Media/sharedassets0.resource
[17:03:09.091] |T| [open_file]: sceIoOpen: Opening file app0:/Media/sharedassets0.resource (ux0:/app/PCSE00955/Media/sharedassets0.resource), fd: 0x76
[17:03:09.092] |T| [close_file]: sceIoClose: Closing file fd: 0x76
[17:03:09.093] |I| [export_sceIoOpen]: Opening file: app0:/Media/sharedassets0.resource
[17:03:09.094] |T| [open_file]: sceIoOpen: Opening file app0:/Media/sharedassets0.resource (ux0:/app/PCSE00955/Media/sharedassets0.resource), fd: 0x77
[17:03:09.097] |T| [close_file]: sceIoClose: Closing file fd: 0x77
[17:03:09.097] |I| [export_sceIoOpen]: Opening file: app0:/Media/sharedassets0.resource
[17:03:09.097] |T| [open_file]: sceIoOpen: Opening file app0:/Media/sharedassets0.resource (ux0:/app/PCSE00955/Media/sharedassets0.resource), fd: 0x78
[17:03:09.099] |T| [close_file]: sceIoClose: Closing file fd: 0x78
[17:03:09.099] |I| [export_sceIoOpen]: Opening file: app0:/Media/sharedassets0.resource
[17:03:09.099] |T| [open_file]: sceIoOpen: Opening file app0:/Media/sharedassets0.resource (ux0:/app/PCSE00955/Media/sharedassets0.resource), fd: 0x79
[17:03:09.101] |T| [close_file]: sceIoClose: Closing file fd: 0x79
[17:03:09.101] |I| [export_sceIoOpen]: Opening file: app0:/Media/sharedassets0.resource
[17:03:09.101] |T| [open_file]: sceIoOpen: Opening file app0:/Media/sharedassets0.resource (ux0:/app/PCSE00955/Media/sharedassets0.resource), fd: 0x7A
[17:03:09.103] |T| [close_file]: sceIoClose: Closing file fd: 0x7A
[17:03:09.103] |I| [export_sceIoOpen]: Opening file: app0:/Media/sharedassets0.resource
[17:03:09.103] |T| [open_file]: sceIoOpen: Opening file app0:/Media/sharedassets0.resource (ux0:/app/PCSE00955/Media/sharedassets0.resource), fd: 0x7B
[17:03:09.107] |T| [close_file]: sceIoClose: Closing file fd: 0x7B
[17:03:09.107] |I| [export_sceIoOpen]: Opening file: app0:/Media/sharedassets0.resource
[17:03:09.107] |T| [open_file]: sceIoOpen: Opening file app0:/Media/sharedassets0.resource (ux0:/app/PCSE00955/Media/sharedassets0.resource), fd: 0x7C
[17:03:09.146] |T| [close_file]: sceIoClose: Closing file fd: 0x7C
[17:03:09.146] |I| [export_sceIoOpen]: Opening file: app0:/Media/sharedassets0.resource
[17:03:09.146] |T| [open_file]: sceIoOpen: Opening file app0:/Media/sharedassets0.resource (ux0:/app/PCSE00955/Media/sharedassets0.resource), fd: 0x7D
[17:03:09.148] |T| [close_file]: sceIoClose: Closing file fd: 0x7D
[17:03:09.148] |I| [export_sceIoOpen]: Opening file: app0:/Media/sharedassets0.resource
[17:03:09.148] |T| [open_file]: sceIoOpen: Opening file app0:/Media/sharedassets0.resource (ux0:/app/PCSE00955/Media/sharedassets0.resource), fd: 0x7E
[17:03:09.150] |T| [close_file]: sceIoClose: Closing file fd: 0x7E
[17:03:09.150] |I| [export_sceIoOpen]: Opening file: app0:/Media/sharedassets0.resource
[17:03:09.150] |T| [open_file]: sceIoOpen: Opening file app0:/Media/sharedassets0.resource (ux0:/app/PCSE00955/Media/sharedassets0.resource), fd: 0x7F
[17:03:09.184] |T| [close_file]: sceIoClose: Closing file fd: 0x7F
[17:03:09.185] |I| [export_sceIoOpen]: Opening file: app0:/Media/sharedassets0.resource
[17:03:09.185] |T| [open_file]: sceIoOpen: Opening file app0:/Media/sharedassets0.resource (ux0:/app/PCSE00955/Media/sharedassets0.resource), fd: 0x80
[17:03:09.187] |T| [close_file]: sceIoClose: Closing file fd: 0x80
[17:03:09.187] |I| [export_sceIoOpen]: Opening file: app0:/Media/sharedassets0.resource
[17:03:09.187] |T| [open_file]: sceIoOpen: Opening file app0:/Media/sharedassets0.resource (ux0:/app/PCSE00955/Media/sharedassets0.resource), fd: 0x81
[17:03:09.189] |T| [close_file]: sceIoClose: Closing file fd: 0x81
[17:03:09.189] |I| [export_sceIoOpen]: Opening file: app0:/Media/sharedassets0.resource
[17:03:09.189] |T| [open_file]: sceIoOpen: Opening file app0:/Media/sharedassets0.resource (ux0:/app/PCSE00955/Media/sharedassets0.resource), fd: 0x82
[17:03:09.191] |T| [close_file]: sceIoClose: Closing file fd: 0x82
[17:03:09.191] |I| [export_sceIoOpen]: Opening file: app0:/Media/sharedassets0.resource
[17:03:09.191] |T| [open_file]: sceIoOpen: Opening file app0:/Media/sharedassets0.resource (ux0:/app/PCSE00955/Media/sharedassets0.resource), fd: 0x83
[17:03:09.194] |T| [close_file]: sceIoClose: Closing file fd: 0x83
[17:03:09.194] |I| [export_sceIoOpen]: Opening file: app0:/Media/sharedassets0.resource
[17:03:09.195] |T| [open_file]: sceIoOpen: Opening file app0:/Media/sharedassets0.resource (ux0:/app/PCSE00955/Media/sharedassets0.resource), fd: 0x84
[17:03:09.198] |T| [close_file]: sceIoClose: Closing file fd: 0x84
[17:03:09.198] |I| [export_sceIoOpen]: Opening file: app0:/Media/sharedassets0.resource
[17:03:09.198] |T| [open_file]: sceIoOpen: Opening file app0:/Media/sharedassets0.resource (ux0:/app/PCSE00955/Media/sharedassets0.resource), fd: 0x85
[17:03:09.199] |T| [close_file]: sceIoClose: Closing file fd: 0x85
[17:03:09.200] |I| [export_sceIoOpen]: Opening file: app0:/Media/sharedassets0.resource
[17:03:09.200] |T| [open_file]: sceIoOpen: Opening file app0:/Media/sharedassets0.resource (ux0:/app/PCSE00955/Media/sharedassets0.resource), fd: 0x86
[17:03:09.201] |T| [close_file]: sceIoClose: Closing file fd: 0x86
[17:03:09.202] |I| [export_sceIoOpen]: Opening file: app0:/Media/sharedassets0.resource
[17:03:09.202] |T| [open_file]: sceIoOpen: Opening file app0:/Media/sharedassets0.resource (ux0:/app/PCSE00955/Media/sharedassets0.resource), fd: 0x87
[17:03:09.203] |T| [close_file]: sceIoClose: Closing file fd: 0x87
[17:03:09.204] |I| [export_sceIoOpen]: Opening file: app0:/Media/sharedassets0.resource
[17:03:09.204] |T| [open_file]: sceIoOpen: Opening file app0:/Media/sharedassets0.resource (ux0:/app/PCSE00955/Media/sharedassets0.resource), fd: 0x88
[17:03:09.207] |T| [close_file]: sceIoClose: Closing file fd: 0x88
[17:03:09.208] |I| [export_sceIoOpen]: Opening file: app0:/Media/sharedassets0.resource
[17:03:09.208] |T| [open_file]: sceIoOpen: Opening file app0:/Media/sharedassets0.resource (ux0:/app/PCSE00955/Media/sharedassets0.resource), fd: 0x89
[17:03:09.210] |T| [close_file]: sceIoClose: Closing file fd: 0x89
[17:03:09.210] |I| [export_sceIoOpen]: Opening file: app0:/Media/sharedassets0.resource
[17:03:09.211] |T| [open_file]: sceIoOpen: Opening file app0:/Media/sharedassets0.resource (ux0:/app/PCSE00955/Media/sharedassets0.resource), fd: 0x8A
[17:03:09.212] |T| [close_file]: sceIoClose: Closing file fd: 0x8A
[17:03:09.213] |I| [export_sceIoOpen]: Opening file: app0:/Media/sharedassets0.resource
[17:03:09.213] |T| [open_file]: sceIoOpen: Opening file app0:/Media/sharedassets0.resource (ux0:/app/PCSE00955/Media/sharedassets0.resource), fd: 0x8B
[17:03:09.216] |T| [close_file]: sceIoClose: Closing file fd: 0x8B
[17:03:09.216] |I| [export_sceIoOpen]: Opening file: app0:/Media/sharedassets0.resource
[17:03:09.217] |T| [open_file]: sceIoOpen: Opening file app0:/Media/sharedassets0.resource (ux0:/app/PCSE00955/Media/sharedassets0.resource), fd: 0x8C
[17:03:09.218] |T| [close_file]: sceIoClose: Closing file fd: 0x8C
[17:03:09.218] |I| [export_sceIoOpen]: Opening file: app0:/Media/sharedassets0.resource
[17:03:09.218] |T| [open_file]: sceIoOpen: Opening file app0:/Media/sharedassets0.resource (ux0:/app/PCSE00955/Media/sharedassets0.resource), fd: 0x8D
[17:03:09.220] |T| [close_file]: sceIoClose: Closing file fd: 0x8D
[17:03:09.220] |I| [export_sceIoOpen]: Opening file: app0:/Media/sharedassets0.resource
[17:03:09.220] |T| [open_file]: sceIoOpen: Opening file app0:/Media/sharedassets0.resource (ux0:/app/PCSE00955/Media/sharedassets0.resource), fd: 0x8E
[17:03:09.221] |T| [close_file]: sceIoClose: Closing file fd: 0x8E
[17:03:09.222] |I| [export_sceIoOpen]: Opening file: app0:/Media/sharedassets0.resource
[17:03:09.222] |T| [open_file]: sceIoOpen: Opening file app0:/Media/sharedassets0.resource (ux0:/app/PCSE00955/Media/sharedassets0.resource), fd: 0x8F
[17:03:09.225] |T| [close_file]: sceIoClose: Closing file fd: 0x8F
[17:03:09.226] |I| [export_sceIoOpen]: Opening file: app0:/Media/sharedassets0.resource
[17:03:09.227] |T| [open_file]: sceIoOpen: Opening file app0:/Media/sharedassets0.resource (ux0:/app/PCSE00955/Media/sharedassets0.resource), fd: 0x90
[17:03:09.228] |T| [close_file]: sceIoClose: Closing file fd: 0x90
[17:03:09.229] |I| [export_sceIoOpen]: Opening file: app0:/Media/sharedassets0.resource
[17:03:09.229] |T| [open_file]: sceIoOpen: Opening file app0:/Media/sharedassets0.resource (ux0:/app/PCSE00955/Media/sharedassets0.resource), fd: 0x91
[17:03:09.231] |T| [close_file]: sceIoClose: Closing file fd: 0x91
[17:03:09.231] |I| [export_sceIoOpen]: Opening file: app0:/Media/sharedassets0.resource
[17:03:09.231] |T| [open_file]: sceIoOpen: Opening file app0:/Media/sharedassets0.resource (ux0:/app/PCSE00955/Media/sharedassets0.resource), fd: 0x92
[17:03:09.234] |T| [close_file]: sceIoClose: Closing file fd: 0x92
[17:03:09.234] |I| [export_sceIoOpen]: Opening file: app0:/Media/sharedassets0.resource
[17:03:09.235] |T| [open_file]: sceIoOpen: Opening file app0:/Media/sharedassets0.resource (ux0:/app/PCSE00955/Media/sharedassets0.resource), fd: 0x93
[17:03:09.236] |T| [close_file]: sceIoClose: Closing file fd: 0x93
[17:03:09.236] |I| [export_sceIoOpen]: Opening file: app0:/Media/sharedassets0.resource
[17:03:09.237] |T| [open_file]: sceIoOpen: Opening file app0:/Media/sharedassets0.resource (ux0:/app/PCSE00955/Media/sharedassets0.resource), fd: 0x94
[17:03:09.238] |T| [close_file]: sceIoClose: Closing file fd: 0x94
[17:03:09.238] |I| [export_sceIoOpen]: Opening file: app0:/Media/sharedassets0.resource
[17:03:09.238] |T| [open_file]: sceIoOpen: Opening file app0:/Media/sharedassets0.resource (ux0:/app/PCSE00955/Media/sharedassets0.resource), fd: 0x95
[17:03:09.240] |T| [close_file]: sceIoClose: Closing file fd: 0x95
[17:03:09.240] |I| [export_sceIoOpen]: Opening file: app0:/Media/sharedassets0.resource
[17:03:09.240] |T| [open_file]: sceIoOpen: Opening file app0:/Media/sharedassets0.resource (ux0:/app/PCSE00955/Media/sharedassets0.resource), fd: 0x96
[17:03:09.245] |T| [close_file]: sceIoClose: Closing file fd: 0x96
[17:03:09.245] |I| [export_sceIoOpen]: Opening file: app0:/Media/sharedassets0.resource
[17:03:09.245] |T| [open_file]: sceIoOpen: Opening file app0:/Media/sharedassets0.resource (ux0:/app/PCSE00955/Media/sharedassets0.resource), fd: 0x97
[17:03:09.247] |T| [close_file]: sceIoClose: Closing file fd: 0x97
[17:03:09.247] |I| [export_sceIoOpen]: Opening file: app0:/Media/sharedassets0.resource
[17:03:09.247] |T| [open_file]: sceIoOpen: Opening file app0:/Media/sharedassets0.resource (ux0:/app/PCSE00955/Media/sharedassets0.resource), fd: 0x98
[17:03:09.248] |T| [close_file]: sceIoClose: Closing file fd: 0x98
[17:03:09.249] |I| [export_sceIoOpen]: Opening file: app0:/Media/sharedassets0.resource
[17:03:09.249] |T| [open_file]: sceIoOpen: Opening file app0:/Media/sharedassets0.resource (ux0:/app/PCSE00955/Media/sharedassets0.resource), fd: 0x99
[17:03:09.252] |T| [close_file]: sceIoClose: Closing file fd: 0x99
[17:03:09.252] |I| [export_sceIoOpen]: Opening file: app0:/Media/sharedassets0.resource
[17:03:09.252] |T| [open_file]: sceIoOpen: Opening file app0:/Media/sharedassets0.resource (ux0:/app/PCSE00955/Media/sharedassets0.resource), fd: 0x9A
[17:03:09.254] |T| [close_file]: sceIoClose: Closing file fd: 0x9A
[17:03:09.254] |I| [export_sceIoOpen]: Opening file: app0:/Media/sharedassets0.resource
[17:03:09.254] |T| [open_file]: sceIoOpen: Opening file app0:/Media/sharedassets0.resource (ux0:/app/PCSE00955/Media/sharedassets0.resource), fd: 0x9B
[17:03:09.256] |T| [close_file]: sceIoClose: Closing file fd: 0x9B
[17:03:09.256] |I| [export_sceIoOpen]: Opening file: app0:/Media/sharedassets0.resource
[17:03:09.256] |T| [open_file]: sceIoOpen: Opening file app0:/Media/sharedassets0.resource (ux0:/app/PCSE00955/Media/sharedassets0.resource), fd: 0x9C
[17:03:09.259] |T| [close_file]: sceIoClose: Closing file fd: 0x9C
[17:03:09.259] |I| [export_sceIoOpen]: Opening file: app0:/Media/sharedassets0.resource
[17:03:09.259] |T| [open_file]: sceIoOpen: Opening file app0:/Media/sharedassets0.resource (ux0:/app/PCSE00955/Media/sharedassets0.resource), fd: 0x9D
[17:03:09.262] |T| [close_file]: sceIoClose: Closing file fd: 0x9D
[17:03:09.262] |I| [export_sceIoOpen]: Opening file: app0:/Media/sharedassets0.resource
[17:03:09.262] |T| [open_file]: sceIoOpen: Opening file app0:/Media/sharedassets0.resource (ux0:/app/PCSE00955/Media/sharedassets0.resource), fd: 0x9E
[17:03:09.264] |T| [close_file]: sceIoClose: Closing file fd: 0x9E
[17:03:09.264] |I| [export_sceIoOpen]: Opening file: app0:/Media/sharedassets0.resource
[17:03:09.264] |T| [open_file]: sceIoOpen: Opening file app0:/Media/sharedassets0.resource (ux0:/app/PCSE00955/Media/sharedassets0.resource), fd: 0x9F
[17:03:09.265] |T| [close_file]: sceIoClose: Closing file fd: 0x9F
[17:03:09.266] |I| [export_sceIoOpen]: Opening file: app0:/Media/sharedassets0.resource
[17:03:09.266] |T| [open_file]: sceIoOpen: Opening file app0:/Media/sharedassets0.resource (ux0:/app/PCSE00955/Media/sharedassets0.resource), fd: 0xA0
[17:03:09.268] |T| [close_file]: sceIoClose: Closing file fd: 0xA0
[17:03:09.269] |I| [export_sceIoOpen]: Opening file: app0:/Media/sharedassets0.resource
[17:03:09.270] |T| [open_file]: sceIoOpen: Opening file app0:/Media/sharedassets0.resource (ux0:/app/PCSE00955/Media/sharedassets0.resource), fd: 0xA1
[17:03:09.271] |T| [close_file]: sceIoClose: Closing file fd: 0xA1
[17:03:09.271] |I| [export_sceIoOpen]: Opening file: app0:/Media/sharedassets0.resource
[17:03:09.272] |T| [open_file]: sceIoOpen: Opening file app0:/Media/sharedassets0.resource (ux0:/app/PCSE00955/Media/sharedassets0.resource), fd: 0xA2
[17:03:09.273] |T| [close_file]: sceIoClose: Closing file fd: 0xA2
[17:03:09.273] |I| [export_sceIoOpen]: Opening file: app0:/Media/sharedassets0.resource
[17:03:09.274] |T| [open_file]: sceIoOpen: Opening file app0:/Media/sharedassets0.resource (ux0:/app/PCSE00955/Media/sharedassets0.resource), fd: 0xA3
[17:03:09.275] |T| [close_file]: sceIoClose: Closing file fd: 0xA3
[17:03:09.275] |I| [export_sceIoOpen]: Opening file: app0:/Media/sharedassets0.resource
[17:03:09.276] |T| [open_file]: sceIoOpen: Opening file app0:/Media/sharedassets0.resource (ux0:/app/PCSE00955/Media/sharedassets0.resource), fd: 0xA4
[17:03:09.280] |T| [close_file]: sceIoClose: Closing file fd: 0xA4
[17:03:09.280] |I| [export_sceIoOpen]: Opening file: app0:/Media/sharedassets0.resource
[17:03:09.280] |T| [open_file]: sceIoOpen: Opening file app0:/Media/sharedassets0.resource (ux0:/app/PCSE00955/Media/sharedassets0.resource), fd: 0xA5
[17:03:09.282] |T| [close_file]: sceIoClose: Closing file fd: 0xA5
[17:03:09.282] |I| [export_sceIoOpen]: Opening file: app0:/Media/sharedassets0.resource
[17:03:09.282] |T| [open_file]: sceIoOpen: Opening file app0:/Media/sharedassets0.resource (ux0:/app/PCSE00955/Media/sharedassets0.resource), fd: 0xA6
[17:03:09.284] |T| [close_file]: sceIoClose: Closing file fd: 0xA6
[17:03:09.284] |I| [export_sceIoOpen]: Opening file: app0:/Media/sharedassets0.resource
[17:03:09.284] |T| [open_file]: sceIoOpen: Opening file app0:/Media/sharedassets0.resource (ux0:/app/PCSE00955/Media/sharedassets0.resource), fd: 0xA7
[17:03:09.285] |T| [close_file]: sceIoClose: Closing file fd: 0xA7
[17:03:09.286] |I| [export_sceIoOpen]: Opening file: app0:/Media/sharedassets0.resource
[17:03:09.286] |T| [open_file]: sceIoOpen: Opening file app0:/Media/sharedassets0.resource (ux0:/app/PCSE00955/Media/sharedassets0.resource), fd: 0xA8
[17:03:09.289] |T| [close_file]: sceIoClose: Closing file fd: 0xA8
[17:03:09.290] |I| [export_sceIoOpen]: Opening file: app0:/Media/sharedassets0.resource
[17:03:09.290] |T| [open_file]: sceIoOpen: Opening file app0:/Media/sharedassets0.resource (ux0:/app/PCSE00955/Media/sharedassets0.resource), fd: 0xA9
[17:03:09.291] |T| [close_file]: sceIoClose: Closing file fd: 0xA9
[17:03:09.292] |I| [export_sceIoOpen]: Opening file: app0:/Media/sharedassets0.resource
[17:03:09.292] |T| [open_file]: sceIoOpen: Opening file app0:/Media/sharedassets0.resource (ux0:/app/PCSE00955/Media/sharedassets0.resource), fd: 0xAA
[17:03:09.294] |T| [close_file]: sceIoClose: Closing file fd: 0xAA
[17:03:09.294] |I| [export_sceIoOpen]: Opening file: app0:/Media/sharedassets0.resource
[17:03:09.295] |T| [open_file]: sceIoOpen: Opening file app0:/Media/sharedassets0.resource (ux0:/app/PCSE00955/Media/sharedassets0.resource), fd: 0xAB
[17:03:09.298] |T| [close_file]: sceIoClose: Closing file fd: 0xAB
[17:03:09.298] |I| [export_sceIoOpen]: Opening file: app0:/Media/sharedassets0.resource
[17:03:09.298] |T| [open_file]: sceIoOpen: Opening file app0:/Media/sharedassets0.resource (ux0:/app/PCSE00955/Media/sharedassets0.resource), fd: 0xAC
[17:03:09.300] |T| [close_file]: sceIoClose: Closing file fd: 0xAC
[17:03:09.300] |I| [export_sceIoOpen]: Opening file: app0:/Media/sharedassets0.resource
[17:03:09.301] |T| [open_file]: sceIoOpen: Opening file app0:/Media/sharedassets0.resource (ux0:/app/PCSE00955/Media/sharedassets0.resource), fd: 0xAD
[17:03:09.302] |T| [close_file]: sceIoClose: Closing file fd: 0xAD
[17:03:09.302] |I| [export_sceIoOpen]: Opening file: app0:/Media/sharedassets0.resource
[17:03:09.302] |T| [open_file]: sceIoOpen: Opening file app0:/Media/sharedassets0.resource (ux0:/app/PCSE00955/Media/sharedassets0.resource), fd: 0xAE
[17:03:09.304] |T| [close_file]: sceIoClose: Closing file fd: 0xAE
[17:03:09.304] |I| [export_sceIoOpen]: Opening file: app0:/Media/sharedassets0.resource
[17:03:09.305] |T| [open_file]: sceIoOpen: Opening file app0:/Media/sharedassets0.resource (ux0:/app/PCSE00955/Media/sharedassets0.resource), fd: 0xAF
[17:03:09.308] |T| [close_file]: sceIoClose: Closing file fd: 0xAF
[17:03:09.309] |I| [export_sceIoOpen]: Opening file: app0:/Media/sharedassets0.resource
[17:03:09.309] |T| [open_file]: sceIoOpen: Opening file app0:/Media/sharedassets0.resource (ux0:/app/PCSE00955/Media/sharedassets0.resource), fd: 0xB0
[17:03:09.310] |T| [close_file]: sceIoClose: Closing file fd: 0xB0
[17:03:09.310] |I| [export_sceIoOpen]: Opening file: app0:/Media/sharedassets0.resource
[17:03:09.311] |T| [open_file]: sceIoOpen: Opening file app0:/Media/sharedassets0.resource (ux0:/app/PCSE00955/Media/sharedassets0.resource), fd: 0xB1
[17:03:09.312] |T| [close_file]: sceIoClose: Closing file fd: 0xB1
[17:03:09.312] |I| [export_sceIoOpen]: Opening file: app0:/Media/sharedassets0.resource
[17:03:09.313] |T| [open_file]: sceIoOpen: Opening file app0:/Media/sharedassets0.resource (ux0:/app/PCSE00955/Media/sharedassets0.resource), fd: 0xB2
[17:03:09.316] |T| [close_file]: sceIoClose: Closing file fd: 0xB2
[17:03:09.317] |I| [export_sceIoOpen]: Opening file: app0:/Media/sharedassets0.resource
[17:03:09.317] |T| [open_file]: sceIoOpen: Opening file app0:/Media/sharedassets0.resource (ux0:/app/PCSE00955/Media/sharedassets0.resource), fd: 0xB3
[17:03:09.318] |T| [close_file]: sceIoClose: Closing file fd: 0xB3
[17:03:09.319] |I| [export_sceIoOpen]: Opening file: app0:/Media/sharedassets0.resource
[17:03:09.319] |T| [open_file]: sceIoOpen: Opening file app0:/Media/sharedassets0.resource (ux0:/app/PCSE00955/Media/sharedassets0.resource), fd: 0xB4
[17:03:09.321] |T| [close_file]: sceIoClose: Closing file fd: 0xB4
[17:03:09.321] |I| [export_sceIoOpen]: Opening file: app0:/Media/sharedassets0.resource
[17:03:09.322] |T| [open_file]: sceIoOpen: Opening file app0:/Media/sharedassets0.resource (ux0:/app/PCSE00955/Media/sharedassets0.resource), fd: 0xB5
[17:03:09.325] |T| [close_file]: sceIoClose: Closing file fd: 0xB5
[17:03:09.325] |I| [export_sceIoOpen]: Opening file: app0:/Media/sharedassets0.resource
[17:03:09.325] |T| [open_file]: sceIoOpen: Opening file app0:/Media/sharedassets0.resource (ux0:/app/PCSE00955/Media/sharedassets0.resource), fd: 0xB6
[17:03:09.327] |T| [close_file]: sceIoClose: Closing file fd: 0xB6
[17:03:09.327] |I| [export_sceIoOpen]: Opening file: app0:/Media/sharedassets0.resource
[17:03:09.327] |T| [open_file]: sceIoOpen: Opening file app0:/Media/sharedassets0.resource (ux0:/app/PCSE00955/Media/sharedassets0.resource), fd: 0xB7
[17:03:09.330] |T| [close_file]: sceIoClose: Closing file fd: 0xB7
[17:03:09.330] |I| [export_sceIoOpen]: Opening file: app0:/Media/sharedassets0.resource
[17:03:09.331] |T| [open_file]: sceIoOpen: Opening file app0:/Media/sharedassets0.resource (ux0:/app/PCSE00955/Media/sharedassets0.resource), fd: 0xB8
[17:03:09.334] |T| [close_file]: sceIoClose: Closing file fd: 0xB8
[17:03:09.334] |I| [export_sceIoOpen]: Opening file: app0:/Media/sharedassets0.resource
[17:03:09.334] |T| [open_file]: sceIoOpen: Opening file app0:/Media/sharedassets0.resource (ux0:/app/PCSE00955/Media/sharedassets0.resource), fd: 0xB9
[17:03:09.336] |T| [close_file]: sceIoClose: Closing file fd: 0xB9
[17:03:09.336] |I| [export_sceIoOpen]: Opening file: app0:/Media/sharedassets0.resource
[17:03:09.336] |T| [open_file]: sceIoOpen: Opening file app0:/Media/sharedassets0.resource (ux0:/app/PCSE00955/Media/sharedassets0.resource), fd: 0xBA
[17:03:09.337] |T| [close_file]: sceIoClose: Closing file fd: 0xBA
[17:03:09.338] |I| [export_sceIoOpen]: Opening file: app0:/Media/sharedassets0.resource
[17:03:09.338] |T| [open_file]: sceIoOpen: Opening file app0:/Media/sharedassets0.resource (ux0:/app/PCSE00955/Media/sharedassets0.resource), fd: 0xBB
[17:03:09.339] |T| [close_file]: sceIoClose: Closing file fd: 0xBB
[17:03:09.340] |I| [export_sceIoOpen]: Opening file: app0:/Media/sharedassets0.resource
[17:03