[12:37:58.381] |I| [config::init_config]: backend-renderer: Vulkan
[12:37:58.384] |I| [config::init_config]: log-level: 0
[12:37:58.457] |I| [SDL_main]: Vita3K v0.1.8 3178-dd4a96f8
[12:37:58.457] |I| [SDL_main]: Number of logical CPU cores: 12
[12:37:58.458] |I| [SDL_main]: Available ram memory: 6005 MiB
[12:37:58.541] |I| [renderer::vulkan::VKState::create]: Vulkan device: AMD Radeon(TM) Graphics
[12:37:58.541] |I| [renderer::vulkan::VKState::create]: Driver version: 2.0.262
[12:37:58.542] |I| [renderer::vulkan::VKState::create]: Memory mapping is enabled
[12:37:58.559] |I| [renderer::vulkan::ScreenRenderer::setup]: Present mode: FifoRelaxed
[12:37:58.991] |W| [compat::load_compat_app_db]: App with Title ID PCSE00789 has an issue but no status label. Please check GitHub issue 1534 and request a status label be added.
[12:37:58.992] |W| [compat::load_compat_app_db]: App with Title ID PCSG00766 has an issue but no status label. Please check GitHub issue 1533 and request a status label be added.
[12:37:58.993] |W| [compat::load_compat_app_db]: App with Title ID PCSB00345 has an issue but no status label. Please check GitHub issue 1532 and request a status label be added.
[12:37:58.993] |W| [compat::load_compat_app_db]: App with Title ID PCSE00789 already exists in compatibility database. Please check and close GitHub issue 1534.
[12:37:59.152] |I| [compat::update_compat_app_db]: Applications compatibility database is outdated, attempting to download latest updated at: 05-27-2023 04:36:22
[12:38:00.075] |W| [compat::load_compat_app_db]: App with Title ID PCSE00566 has an issue but no status label. Please check GitHub issue 1535 and request a status label be added.
[12:38:00.077] |W| [compat::load_compat_app_db]: App with Title ID PCSE00789 has an issue but no status label. Please check GitHub issue 1534 and request a status label be added.
[12:38:00.077] |W| [compat::load_compat_app_db]: App with Title ID PCSG00766 has an issue but no status label. Please check GitHub issue 1533 and request a status label be added.
[12:38:00.077] |W| [compat::load_compat_app_db]: App with Title ID PCSB00345 has an issue but no status label. Please check GitHub issue 1532 and request a status label be added.
[12:38:00.078] |W| [compat::load_compat_app_db]: App with Title ID PCSE00789 already exists in compatibility database. Please check and close GitHub issue 1534.
[12:38:24.854] |I| [load_app_impl]: cpu-backend: Dynarmic
[12:38:24.855] |I| [load_app_impl]: CPU Optimisation state: true
[12:38:24.856] |I| [load_app_impl]: ngs state: true
[12:38:24.856] |I| [load_app_impl]: Resolution multiplier: 2
[12:38:24.860] |I| [load_app_impl]: 1 Controllers Connected
[12:38:24.861] |I| [load_app_impl]: Controller 0: Controller (Wireless Gamepad F710)
[12:38:24.861] |I| [load_app_impl]: modules mode: Automatic
[12:38:24.862] |I| [load_app_impl]: Title: Final Horizon
[12:38:24.863] |I| [load_app_impl]: Serial: PCSE00504
[12:38:24.864] |I| [load_app_impl]: Version: 1.00
[12:38:24.865] |I| [load_app_impl]: Category: gd
[12:38:24.885] |I| [load_self]: app0:sce_module/libc.suprx: Skipping special segment 0x6fffff01...
[12:38:24.885] |I| [load_self]: Loaded module segment 0 @ [0x00005000 - 0x00054BD4 / 0x81000000] (size: 0x0004FBD4) of module app0:sce_module/libc.suprx
[12:38:24.887] |I| [load_self]: Loaded module segment 1 @ [0x00055000 - 0x00057688 / 0x81050000] (size: 0x00002688) of module app0:sce_module/libc.suprx
[12:38:24.890] |I| [load_self]: Linking SELF app0:sce_module/libc.suprx...
[12:38:24.891] |D| [load_var_exports]: 	NID 0x936c8a78 (SYSLYB) at 0x4a6c4
[12:38:24.892] |D| [load_var_exports]: 	NID 0x6c2224ba (NID_MODULE_INFO) at 0x40488
[12:38:24.893] |I| [pre_load_module]: Pre-load module SceLibc (at "sce_module/libc.suprx") loaded
[12:38:24.907] |I| [load_self]: app0:sce_module/libfios2.suprx: Skipping special segment 0x6fffff01...
[12:38:24.908] |I| [load_self]: Loaded module segment 0 @ [0x00058000 - 0x00082AA8 / 0x81000000] (size: 0x0002AAA8) of module app0:sce_module/libfios2.suprx
[12:38:24.910] |I| [load_self]: Loaded module segment 1 @ [0x00083000 - 0x0008823D / 0x8102B000] (size: 0x0000523D) of module app0:sce_module/libfios2.suprx
[12:38:24.911] |I| [load_self]: Linking SELF app0:sce_module/libfios2.suprx...
[12:38:24.912] |D| [load_var_exports]: 	NID 0x936c8a78 (SYSLYB) at 0x829b0
[12:38:24.913] |D| [load_var_exports]: 	NID 0x6c2224ba (NID_MODULE_INFO) at 0x7a138
[12:38:24.913] |I| [pre_load_module]: Pre-load module SceLibFios2 (at "sce_module/libfios2.suprx") loaded
[12:38:24.925] |I| [load_self]: app0:sce_module/libult.suprx: Skipping special segment 0x6fffff01...
[12:38:24.926] |I| [load_self]: Loaded module segment 0 @ [0x00089000 - 0x0009C9C4 / 0x81000000] (size: 0x000139C4) of module app0:sce_module/libult.suprx
[12:38:24.928] |I| [load_self]: Loaded module segment 1 @ [0x0009D000 - 0x0009D814 / 0x81014000] (size: 0x00000814) of module app0:sce_module/libult.suprx
[12:38:24.929] |I| [load_self]: Linking SELF app0:sce_module/libult.suprx...
[12:38:24.930] |D| [load_var_exports]: 	NID 0x936c8a78 (SYSLYB) at 0x9b2f0
[12:38:24.931] |D| [load_var_exports]: 	NID 0x6c2224ba (NID_MODULE_INFO) at 0x98874
[12:38:24.931] |I| [pre_load_module]: Pre-load module SceUlt (at "sce_module/libult.suprx") loaded
[12:38:24.940] |I| [load_self]: Loaded module segment 0 @ [0x0009E000 - 0x000EEF04 / 0x81000000] (size: 0x00050F04) of module vs0:sys/external/libSceFt2.suprx
[12:38:24.943] |I| [load_self]: Loaded module segment 1 @ [0x000EF000 - 0x000EF2F4 / 0x81051000] (size: 0x000002F4) of module vs0:sys/external/libSceFt2.suprx
[12:38:24.944] |I| [load_self]: Linking SELF vs0:sys/external/libSceFt2.suprx...
[12:38:24.945] |D| [load_var_exports]: 	NID 0x936c8a78 (SYSLYB) at 0xda7dc
[12:38:24.946] |D| [load_var_exports]: 	NID 0x6c2224ba (NID_MODULE_INFO) at 0xd9f10
[12:38:24.947] |I| [pre_load_module]: Pre-load module SceLibft2 (at "sys/external/libSceFt2.suprx") loaded
[12:38:24.951] |I| [load_self]: Loaded module segment 0 @ [0x000F0000 - 0x000FFF14 / 0x81000000] (size: 0x0000FF14) of module vs0:sys/external/libpvf.suprx
[12:38:24.952] |I| [load_self]: Loaded module segment 1 @ [0x00100000 - 0x00100008 / 0x81010000] (size: 0x00000008) of module vs0:sys/external/libpvf.suprx
[12:38:24.955] |I| [load_self]: Linking SELF vs0:sys/external/libpvf.suprx...
[12:38:24.955] |D| [load_var_exports]: 	NID 0x936c8a78 (SYSLYB) at 0xfe710
[12:38:24.956] |D| [load_var_exports]: 	NID 0x6c2224ba (NID_MODULE_INFO) at 0xfe300
[12:38:24.957] |I| [pre_load_module]: Pre-load module SceLibPvf (at "sys/external/libpvf.suprx") loaded
[12:38:25.003] |I| [load_self]: app0:eboot.bin: Skipping special segment 0x6fffff01...
[12:38:25.005] |I| [load_self]: Loaded module segment 0 @ [0x00101000 - 0x00249DE0 / 0x81000000] (size: 0x00148DE0) of module app0:eboot.bin
[12:38:25.007] |I| [load_self]: Loaded module segment 1 @ [0x0024A000 - 0x003529E8 / 0x81149000] (size: 0x001089E8) of module app0:eboot.bin
[12:38:25.008] |I| [load_self]: Linking SELF app0:eboot.bin...
[12:38:25.009] |D| [load_var_exports]: 	NID 0x6c2224ba (NID_MODULE_INFO) at 0x221a0c
[12:38:25.010] |D| [load_var_exports]: 	NID 0x70fba1e7 (SCE_PROC_PARAMS) at 0x24aef0
[12:38:25.011] |D| [load_var_exports]: 	NID 0x936c8a78 (SYSLYB) at 0x241b8c
[12:38:25.012] |I| [load_app_impl]: Main executable TowerDefence (eboot.bin) loaded
[12:38:25.029] |D| [run_app]: Running module_start of library: SceLibc at address 0x5805
[12:38:25.051] |T| [open_file]: sceKernelGetStdin: Opening terminal tty0:
[12:38:25.052] |T| [open_file]: sceKernelGetStdout: Opening terminal tty0:
[12:38:25.053] |T| [open_file]: sceKernelGetStderr: Opening terminal tty0:
[12:38:25.061] |I| [run_app]: Module SceLibc (at "app0:sce_module/libc.suprx") module_start returned 0x0
[12:38:25.065] |D| [run_app]: Running module_start of library: SceLibFios2 at address 0x58001
[12:38:25.082] |W| [stubbed_impl]: Stubbed sceKernelGetProcessId import called. (pid: 0)
[12:38:25.083] |I| [run_app]: Module SceLibFios2 (at "app0:sce_module/libfios2.suprx") module_start returned 0x0
[12:38:25.088] |D| [run_app]: Running module_start of library: SceUlt at address 0x8c771
[12:38:25.103] |W| [unimplemented_impl]: Unimplemented _sceUlobjMgrRegisterLibultProtocolRevision import called.
[12:38:25.105] |I| [run_app]: Module SceUlt (at "app0:sce_module/libult.suprx") module_start returned 0x0
[12:38:25.112] |W| [unimplemented_impl]: Unimplemented sceKernelRegisterThreadEventHandler import called.
[12:38:25.113] |W| [unimplemented_impl]: Unimplemented sceAppUtilInit import called.
[12:38:25.483] |W| [stubbed_impl]: Stubbed sceGxmMapFragmentUsseMemory import called. (always return success)
[12:38:25.507] |W| [stubbed_impl]: Stubbed sceGxmMapVertexUsseMemory import called. (always return success)
[12:38:25.546] |I| [export_sceIoOpen]: Opening file: app0:global.sar
[12:38:25.547] |E| [open_file]: Missing file at C:/Users/Sam/AppData/Roaming/Vita3K/Vita3K/ux0/app/PCSE00504/global.sar (target path: app0:global.sar)
[12:38:25.548] |W| [io_error_impl]: open_file (sceIoOpen) returned 0x80010002
[12:38:25.592] |W| [unimplemented_impl]: Unimplemented sceMotionStartSampling import called.
[12:38:25.596] |W| [ngs::create_voice_definition]: Missing voice definition for Buss Type 7, using passthrough.
[12:38:25.597] |T| [export_sceNgsPatchCreateRouting]: Patching 0xCFAA070:0:0 to 0xCFA9070:0
[12:38:25.599] |W| [ngs::create_voice_definition]: Missing voice definition for Buss Type 10, using passthrough.
[12:38:25.599] |T| [export_sceNgsPatchCreateRouting]: Patching 0xCFAA5C0:0:0 to 0xCFA9070:0
[12:38:25.600] |T| [export_sceNgsPatchCreateRouting]: Patching 0xCFAAB10:0:0 to 0xCFA9070:0
[12:38:25.601] |T| [export_sceNgsPatchCreateRouting]: Patching 0xCFAB070:0:0 to 0xCFA9070:0
[12:38:25.601] |T| [ngs::simple::Atrac9VoiceDefinition::new_modules]: AT9 player voice definition stubbed
[12:38:25.602] |T| [export_sceNgsPatchCreateRouting]: Patching 0xCFAC070:0:0 to 0xCFA9070:0
[12:38:25.603] |T| [export_sceNgsPatchCreateRouting]: Patching 0xCFAC3FC:1:1 to 0xCFA9070:0
[12:38:25.604] |T| [ngs::simple::PlayerVoiceDefinition::new_modules]: Simple player voice definition stubbed
[12:38:25.605] |T| [export_sceNgsPatchCreateRouting]: Patching 0xCA46E80:0:0 to 0xCFAA070:0
[12:38:25.605] |T| [export_sceNgsPatchCreateRouting]: Patching 0xCA47200:0:0 to 0xCFAA070:0
[12:38:25.606] |T| [export_sceNgsPatchCreateRouting]: Patching 0xCA47580:0:0 to 0xCFAA070:0
[12:38:25.607] |T| [export_sceNgsPatchCreateRouting]: Patching 0xCA47900:0:0 to 0xCFAA070:0
[12:38:25.607] |T| [export_sceNgsPatchCreateRouting]: Patching 0xCA47C80:0:0 to 0xCFAA070:0
[12:38:25.608] |T| [export_sceNgsPatchCreateRouting]: Patching 0xCA48000:0:0 to 0xCFAA070:0
[12:38:25.608] |T| [export_sceNgsPatchCreateRouting]: Patching 0xCA48380:0:0 to 0xCFAA070:0
[12:38:25.609] |T| [export_sceNgsPatchCreateRouting]: Patching 0xCA48700:0:0 to 0xCFAA070:0
[12:38:25.610] |T| [export_sceNgsPatchCreateRouting]: Patching 0xCA48A80:0:0 to 0xCFAA070:0
[12:38:25.610] |T| [export_sceNgsPatchCreateRouting]: Patching 0xCA48E00:0:0 to 0xCFAA070:0
[12:38:25.611] |T| [export_sceNgsPatchCreateRouting]: Patching 0xCA49180:0:0 to 0xCFAA070:0
[12:38:25.612] |T| [export_sceNgsPatchCreateRouting]: Patching 0xCA49500:0:0 to 0xCFAA070:0
[12:38:25.612] |T| [export_sceNgsPatchCreateRouting]: Patching 0xCA49880:0:0 to 0xCFAA070:0
[12:38:25.613] |T| [export_sceNgsPatchCreateRouting]: Patching 0xCA49C00:0:0 to 0xCFAA070:0
[12:38:25.614] |T| [export_sceNgsPatchCreateRouting]: Patching 0xCA49F80:0:0 to 0xCFAA070:0
[12:38:25.617] |T| [export_sceNgsPatchCreateRouting]: Patching 0xCA4A300:0:0 to 0xCFAA070:0
[12:38:25.618] |T| [export_sceNgsPatchCreateRouting]: Patching 0xCA4A680:0:0 to 0xCFAA070:0
[12:38:25.619] |T| [export_sceNgsPatchCreateRouting]: Patching 0xCA4AA00:0:0 to 0xCFAA070:0
[12:38:25.620] |T| [export_sceNgsPatchCreateRouting]: Patching 0xCA4AD80:0:0 to 0xCFAA070:0
[12:38:25.621] |T| [export_sceNgsPatchCreateRouting]: Patching 0xCA4B100:0:0 to 0xCFAA070:0
[12:38:25.621] |T| [export_sceNgsPatchCreateRouting]: Patching 0xCA4B480:0:0 to 0xCFAA070:0
[12:38:25.622] |T| [export_sceNgsPatchCreateRouting]: Patching 0xCA4B800:0:0 to 0xCFAA070:0
[12:38:25.623] |T| [export_sceNgsPatchCreateRouting]: Patching 0xCA4BB80:0:0 to 0xCFAA070:0
[12:38:25.623] |T| [export_sceNgsPatchCreateRouting]: Patching 0xCA4BF00:0:0 to 0xCFAA070:0
[12:38:25.624] |T| [export_sceNgsPatchCreateRouting]: Patching 0xCA4C280:0:0 to 0xCFAA070:0
[12:38:25.625] |T| [export_sceNgsPatchCreateRouting]: Patching 0xCA4C600:0:0 to 0xCFAA070:0
[12:38:25.625] |T| [export_sceNgsPatchCreateRouting]: Patching 0xCA4C980:0:0 to 0xCFAA070:0
[12:38:25.626] |T| [export_sceNgsPatchCreateRouting]: Patching 0xCA4CD00:0:0 to 0xCFAA070:0
[12:38:25.627] |T| [export_sceNgsPatchCreateRouting]: Patching 0xCA4D080:0:0 to 0xCFAA070:0
[12:38:25.627] |T| [export_sceNgsPatchCreateRouting]: Patching 0xCA4D400:0:0 to 0xCFAA070:0
[12:38:25.628] |T| [export_sceNgsPatchCreateRouting]: Patching 0xCA4D780:0:0 to 0xCFAA070:0
[12:38:25.629] |T| [export_sceNgsPatchCreateRouting]: Patching 0xCA4DB00:0:0 to 0xCFAA070:0
[12:38:25.629] |T| [export_sceNgsPatchCreateRouting]: Patching 0xCA4DE80:0:0 to 0xCFAA070:0
[12:38:25.630] |T| [export_sceNgsPatchCreateRouting]: Patching 0xCA4E200:0:0 to 0xCFAA070:0
[12:38:25.633] |T| [export_sceNgsPatchCreateRouting]: Patching 0xCA4E580:0:0 to 0xCFAA070:0
[12:38:25.634] |T| [export_sceNgsPatchCreateRouting]: Patching 0xCA4E900:0:0 to 0xCFAA070:0
[12:38:25.635] |T| [export_sceNgsPatchCreateRouting]: Patching 0xCA4EC80:0:0 to 0xCFAA070:0
[12:38:25.635] |T| [export_sceNgsPatchCreateRouting]: Patching 0xCA4F000:0:0 to 0xCFAA070:0
[12:38:25.636] |T| [export_sceNgsPatchCreateRouting]: Patching 0xCA4F380:0:0 to 0xCFAA070:0
[12:38:25.637] |T| [export_sceNgsPatchCreateRouting]: Patching 0xCA4F700:0:0 to 0xCFAA070:0
[12:38:25.637] |T| [export_sceNgsPatchCreateRouting]: Patching 0xCA4FA80:0:0 to 0xCFAA070:0
[12:38:25.638] |T| [export_sceNgsPatchCreateRouting]: Patching 0xCA4FE00:0:0 to 0xCFAA070:0
[12:38:25.639] |T| [export_sceNgsPatchCreateRouting]: Patching 0xCA50180:0:0 to 0xCFAA070:0
[12:38:25.639] |T| [export_sceNgsPatchCreateRouting]: Patching 0xCA50500:0:0 to 0xCFAA070:0
[12:38:25.640] |T| [export_sceNgsPatchCreateRouting]: Patching 0xCA50880:0:0 to 0xCFAA070:0
[12:38:25.641] |T| [export_sceNgsPatchCreateRouting]: Patching 0xCA50C00:0:0 to 0xCFAA070:0
[12:38:25.641] |T| [export_sceNgsPatchCreateRouting]: Patching 0xCA50F80:0:0 to 0xCFAA070:0
[12:38:25.642] |T| [export_sceNgsPatchCreateRouting]: Patching 0xCA51300:0:0 to 0xCFAA070:0
[12:38:25.961] |T| [open_file]: create_trophy_context: Opening file app0:/sce_sys/trophy/NPWR07138_00/TROPHY.TRP (ux0:/app/PCSE00504/sce_sys/trophy/NPWR07138_00/TROPHY.TRP), fd: 0x3
[12:38:25.965] |E| [open_file]: Missing file at C:/Users/Sam/AppData/Roaming/Vita3K/Vita3K/ux0/user/00/trophy/data/NPWR07138_00/TROPUSR.DAT (target path: ux0:/user/00/trophy/data/NPWR07138_00/TROPUSR.DAT)
[12:38:25.967] |W| [io_error_impl]: open_file (create_trophy_context) returned 0x80010002
[12:38:25.969] |T| [open_file]: install_trophy_context: Opening file ux0:/user/00/trophy/conf/NPWR07138_00/TROPCONF.SFM (ux0:/user/00/trophy/conf/NPWR07138_00/TROPCONF.SFM), fd: 0x4
[12:38:25.970] |T| [write_file]: install_trophy_context: Writing to fd: 0x4, size: 2991
[12:38:25.971] |T| [close_file]: install_trophy_context: Closing file fd: 0x4
[12:38:25.972] |T| [open_file]: install_trophy_context: Opening file ux0:/user/00/trophy/conf/NPWR07138_00/TROP.SFM (ux0:/user/00/trophy/conf/NPWR07138_00/TROP.SFM), fd: 0x5
[12:38:25.974] |T| [write_file]: install_trophy_context: Writing to fd: 0x5, size: 7674
[12:38:25.975] |T| [close_file]: install_trophy_context: Closing file fd: 0x5
[12:38:25.976] |T| [open_file]: install_trophy_context: Opening file ux0:/user/00/trophy/conf/NPWR07138_00/TROP_00.SFM (ux0:/user/00/trophy/conf/NPWR07138_00/TROP_00.SFM), fd: 0x6
[12:38:25.978] |T| [write_file]: install_trophy_context: Writing to fd: 0x6, size: 8366
[12:38:25.978] |T| [close_file]: install_trophy_context: Closing file fd: 0x6
[12:38:25.983] |T| [open_file]: install_trophy_context: Opening file ux0:/user/00/trophy/conf/NPWR07138_00/TROP_02.SFM (ux0:/user/00/trophy/conf/NPWR07138_00/TROP_02.SFM), fd: 0x7
[12:38:25.984] |T| [write_file]: install_trophy_context: Writing to fd: 0x7, size: 8218
[12:38:25.984] |T| [close_file]: install_trophy_context: Closing file fd: 0x7
[12:38:25.987] |T| [open_file]: install_trophy_context: Opening file ux0:/user/00/trophy/conf/NPWR07138_00/TROP_03.SFM (ux0:/user/00/trophy/conf/NPWR07138_00/TROP_03.SFM), fd: 0x8
[12:38:25.988] |T| [write_file]: install_trophy_context: Writing to fd: 0x8, size: 8197
[12:38:25.989] |T| [close_file]: install_trophy_context: Closing file fd: 0x8
[12:38:25.990] |T| [open_file]: install_trophy_context: Opening file ux0:/user/00/trophy/conf/NPWR07138_00/TROP_04.SFM (ux0:/user/00/trophy/conf/NPWR07138_00/TROP_04.SFM), fd: 0x9
[12:38:25.992] |T| [write_file]: install_trophy_context: Writing to fd: 0x9, size: 8131
[12:38:25.992] |T| [close_file]: install_trophy_context: Closing file fd: 0x9
[12:38:25.994] |T| [open_file]: install_trophy_context: Opening file ux0:/user/00/trophy/conf/NPWR07138_00/TROP_05.SFM (ux0:/user/00/trophy/conf/NPWR07138_00/TROP_05.SFM), fd: 0xa
[12:38:25.997] |T| [write_file]: install_trophy_context: Writing to fd: 0xa, size: 7939
[12:38:25.997] |T| [close_file]: install_trophy_context: Closing file fd: 0xa
[12:38:25.999] |T| [open_file]: install_trophy_context: Opening file ux0:/user/00/trophy/conf/NPWR07138_00/ICON0.PNG (ux0:/user/00/trophy/conf/NPWR07138_00/ICON0.PNG), fd: 0xb
[12:38:26.000] |T| [write_file]: install_trophy_context: Writing to fd: 0xb, size: 68833
[12:38:26.001] |T| [close_file]: install_trophy_context: Closing file fd: 0xb
[12:38:26.002] |T| [open_file]: install_trophy_context: Opening file ux0:/user/00/trophy/conf/NPWR07138_00/GR001.PNG (ux0:/user/00/trophy/conf/NPWR07138_00/GR001.PNG), fd: 0xc
[12:38:26.004] |T| [write_file]: install_trophy_context: Writing to fd: 0xc, size: 99692
[12:38:26.004] |T| [close_file]: install_trophy_context: Closing file fd: 0xc
[12:38:26.005] |T| [open_file]: install_trophy_context: Opening file ux0:/user/00/trophy/conf/NPWR07138_00/TROP000.PNG (ux0:/user/00/trophy/conf/NPWR07138_00/TROP000.PNG), fd: 0xd
[12:38:26.007] |T| [write_file]: install_trophy_context: Writing to fd: 0xd, size: 87934
[12:38:26.008] |T| [close_file]: install_trophy_context: Closing file fd: 0xd
[12:38:26.010] |T| [open_file]: install_trophy_context: Opening file ux0:/user/00/trophy/conf/NPWR07138_00/TROP001.PNG (ux0:/user/00/trophy/conf/NPWR07138_00/TROP001.PNG), fd: 0xe
[12:38:26.013] |T| [write_file]: install_trophy_context: Writing to fd: 0xe, size: 91257
[12:38:26.014] |T| [close_file]: install_trophy_context: Closing file fd: 0xe
[12:38:26.016] |T| [open_file]: install_trophy_context: Opening file ux0:/user/00/trophy/conf/NPWR07138_00/TROP002.PNG (ux0:/user/00/trophy/conf/NPWR07138_00/TROP002.PNG), fd: 0xf
[12:38:26.017] |T| [write_file]: install_trophy_context: Writing to fd: 0xf, size: 87572
[12:38:26.017] |T| [close_file]: install_trophy_context: Closing file fd: 0xf
[12:38:26.019] |T| [open_file]: install_trophy_context: Opening file ux0:/user/00/trophy/conf/NPWR07138_00/TROP003.PNG (ux0:/user/00/trophy/conf/NPWR07138_00/TROP003.PNG), fd: 0x10
[12:38:26.020] |T| [write_file]: install_trophy_context: Writing to fd: 0x10, size: 92327
[12:38:26.021] |T| [close_file]: install_trophy_context: Closing file fd: 0x10
[12:38:26.022] |T| [open_file]: install_trophy_context: Opening file ux0:/user/00/trophy/conf/NPWR07138_00/TROP004.PNG (ux0:/user/00/trophy/conf/NPWR07138_00/TROP004.PNG), fd: 0x11
[12:38:26.023] |T| [write_file]: install_trophy_context: Writing to fd: 0x11, size: 86320
[12:38:26.024] |T| [close_file]: install_trophy_context: Closing file fd: 0x11
[12:38:26.025] |T| [open_file]: install_trophy_context: Opening file ux0:/user/00/trophy/conf/NPWR07138_00/TROP005.PNG (ux0:/user/00/trophy/conf/NPWR07138_00/TROP005.PNG), fd: 0x12
[12:38:26.027] |T| [write_file]: install_trophy_context: Writing to fd: 0x12, size: 87849
[12:38:26.029] |T| [close_file]: install_trophy_context: Closing file fd: 0x12
[12:38:26.031] |T| [open_file]: install_trophy_context: Opening file ux0:/user/00/trophy/conf/NPWR07138_00/TROP006.PNG (ux0:/user/00/trophy/conf/NPWR07138_00/TROP006.PNG), fd: 0x13
[12:38:26.032] |T| [write_file]: install_trophy_context: Writing to fd: 0x13, size: 82882
[12:38:26.033] |T| [close_file]: install_trophy_context: Closing file fd: 0x13
[12:38:26.034] |T| [open_file]: install_trophy_context: Opening file ux0:/user/00/trophy/conf/NPWR07138_00/TROP007.PNG (ux0:/user/00/trophy/conf/NPWR07138_00/TROP007.PNG), fd: 0x14
[12:38:26.035] |T| [write_file]: install_trophy_context: Writing to fd: 0x14, size: 72232
[12:38:26.036] |T| [close_file]: install_trophy_context: Closing file fd: 0x14
[12:38:26.037] |T| [open_file]: install_trophy_context: Opening file ux0:/user/00/trophy/conf/NPWR07138_00/TROP008.PNG (ux0:/user/00/trophy/conf/NPWR07138_00/TROP008.PNG), fd: 0x15
[12:38:26.039] |T| [write_file]: install_trophy_context: Writing to fd: 0x15, size: 67025
[12:38:26.039] |T| [close_file]: install_trophy_context: Closing file fd: 0x15
[12:38:26.041] |T| [open_file]: install_trophy_context: Opening file ux0:/user/00/trophy/conf/NPWR07138_00/TROP009.PNG (ux0:/user/00/trophy/conf/NPWR07138_00/TROP009.PNG), fd: 0x16
[12:38:26.042] |T| [write_file]: install_trophy_context: Writing to fd: 0x16, size: 74633
[12:38:26.045] |T| [close_file]: install_trophy_context: Closing file fd: 0x16
[12:38:26.047] |T| [open_file]: install_trophy_context: Opening file ux0:/user/00/trophy/conf/NPWR07138_00/TROP010.PNG (ux0:/user/00/trophy/conf/NPWR07138_00/TROP010.PNG), fd: 0x17
[12:38:26.048] |T| [write_file]: install_trophy_context: Writing to fd: 0x17, size: 73463
[12:38:26.048] |T| [close_file]: install_trophy_context: Closing file fd: 0x17
[12:38:26.050] |T| [open_file]: install_trophy_context: Opening file ux0:/user/00/trophy/conf/NPWR07138_00/TROP011.PNG (ux0:/user/00/trophy/conf/NPWR07138_00/TROP011.PNG), fd: 0x18
[12:38:26.051] |T| [write_file]: install_trophy_context: Writing to fd: 0x18, size: 78192
[12:38:26.051] |T| [close_file]: install_trophy_context: Closing file fd: 0x18
[12:38:26.053] |T| [open_file]: install_trophy_context: Opening file ux0:/user/00/trophy/conf/NPWR07138_00/TROP012.PNG (ux0:/user/00/trophy/conf/NPWR07138_00/TROP012.PNG), fd: 0x19
[12:38:26.055] |T| [write_file]: install_trophy_context: Writing to fd: 0x19, size: 81166
[12:38:26.055] |T| [close_file]: install_trophy_context: Closing file fd: 0x19
[12:38:26.057] |T| [open_file]: install_trophy_context: Opening file ux0:/user/00/trophy/conf/NPWR07138_00/TROP013.PNG (ux0:/user/00/trophy/conf/NPWR07138_00/TROP013.PNG), fd: 0x1a
[12:38:26.058] |T| [write_file]: install_trophy_context: Writing to fd: 0x1a, size: 74602
[12:38:26.058] |T| [close_file]: install_trophy_context: Closing file fd: 0x1a
[12:38:26.062] |T| [open_file]: install_trophy_context: Opening file ux0:/user/00/trophy/conf/NPWR07138_00/TROP014.PNG (ux0:/user/00/trophy/conf/NPWR07138_00/TROP014.PNG), fd: 0x1b
[12:38:26.064] |T| [write_file]: install_trophy_context: Writing to fd: 0x1b, size: 94837
[12:38:26.065] |T| [close_file]: install_trophy_context: Closing file fd: 0x1b
[12:38:26.066] |T| [open_file]: install_trophy_context: Opening file ux0:/user/00/trophy/conf/NPWR07138_00/TROP015.PNG (ux0:/user/00/trophy/conf/NPWR07138_00/TROP015.PNG), fd: 0x1c
[12:38:26.067] |T| [write_file]: install_trophy_context: Writing to fd: 0x1c, size: 98686
[12:38:26.068] |T| [close_file]: install_trophy_context: Closing file fd: 0x1c
[12:38:26.069] |T| [open_file]: install_trophy_context: Opening file ux0:/user/00/trophy/conf/NPWR07138_00/TROP016.PNG (ux0:/user/00/trophy/conf/NPWR07138_00/TROP016.PNG), fd: 0x1d
[12:38:26.071] |T| [write_file]: install_trophy_context: Writing to fd: 0x1d, size: 98708
[12:38:26.071] |T| [close_file]: install_trophy_context: Closing file fd: 0x1d
[12:38:26.073] |T| [open_file]: install_trophy_context: Opening file ux0:/user/00/trophy/conf/NPWR07138_00/TROP017.PNG (ux0:/user/00/trophy/conf/NPWR07138_00/TROP017.PNG), fd: 0x1e
[12:38:26.074] |T| [write_file]: install_trophy_context: Writing to fd: 0x1e, size: 82252
[12:38:26.077] |T| [close_file]: install_trophy_context: Closing file fd: 0x1e
[12:38:26.078] |T| [open_file]: install_trophy_context: Opening file ux0:/user/00/trophy/conf/NPWR07138_00/TROP018.PNG (ux0:/user/00/trophy/conf/NPWR07138_00/TROP018.PNG), fd: 0x1f
[12:38:26.080] |T| [write_file]: install_trophy_context: Writing to fd: 0x1f, size: 88405
[12:38:26.080] |T| [close_file]: install_trophy_context: Closing file fd: 0x1f
[12:38:26.081] |T| [open_file]: install_trophy_context: Opening file ux0:/user/00/trophy/conf/NPWR07138_00/TROP019.PNG (ux0:/user/00/trophy/conf/NPWR07138_00/TROP019.PNG), fd: 0x20
[12:38:26.083] |T| [write_file]: install_trophy_context: Writing to fd: 0x20, size: 95128
[12:38:26.083] |T| [close_file]: install_trophy_context: Closing file fd: 0x20
[12:38:26.085] |T| [open_file]: install_trophy_context: Opening file ux0:/user/00/trophy/conf/NPWR07138_00/TROP020.PNG (ux0:/user/00/trophy/conf/NPWR07138_00/TROP020.PNG), fd: 0x21
[12:38:26.086] |T| [write_file]: install_trophy_context: Writing to fd: 0x21, size: 97757
[12:38:26.086] |T| [close_file]: install_trophy_context: Closing file fd: 0x21
[12:38:26.088] |T| [open_file]: install_trophy_context: Opening file ux0:/user/00/trophy/conf/NPWR07138_00/TROP021.PNG (ux0:/user/00/trophy/conf/NPWR07138_00/TROP021.PNG), fd: 0x22
[12:38:26.089] |T| [write_file]: install_trophy_context: Writing to fd: 0x22, size: 90618
[12:38:26.090] |T| [close_file]: install_trophy_context: Closing file fd: 0x22
[12:38:26.094] |T| [open_file]: install_trophy_context: Opening file ux0:/user/00/trophy/conf/NPWR07138_00/TROP022.PNG (ux0:/user/00/trophy/conf/NPWR07138_00/TROP022.PNG), fd: 0x23
[12:38:26.095] |T| [write_file]: install_trophy_context: Writing to fd: 0x23, size: 74786
[12:38:26.096] |T| [close_file]: install_trophy_context: Closing file fd: 0x23
[12:38:26.097] |T| [open_file]: install_trophy_context: Opening file ux0:/user/00/trophy/conf/NPWR07138_00/TROP023.PNG (ux0:/user/00/trophy/conf/NPWR07138_00/TROP023.PNG), fd: 0x24
[12:38:26.098] |T| [write_file]: install_trophy_context: Writing to fd: 0x24, size: 83120
[12:38:26.099] |T| [close_file]: install_trophy_context: Closing file fd: 0x24
[12:38:26.100] |T| [open_file]: install_trophy_context: Opening file ux0:/user/00/trophy/conf/NPWR07138_00/TROP024.PNG (ux0:/user/00/trophy/conf/NPWR07138_00/TROP024.PNG), fd: 0x25
[12:38:26.101] |T| [write_file]: install_trophy_context: Writing to fd: 0x25, size: 81094
[12:38:26.102] |T| [close_file]: install_trophy_context: Closing file fd: 0x25
[12:38:26.103] |T| [open_file]: install_trophy_context: Opening file ux0:/user/00/trophy/conf/NPWR07138_00/TROP025.PNG (ux0:/user/00/trophy/conf/NPWR07138_00/TROP025.PNG), fd: 0x26
[12:38:26.105] |T| [write_file]: install_trophy_context: Writing to fd: 0x26, size: 92080
[12:38:26.105] |T| [close_file]: install_trophy_context: Closing file fd: 0x26
[12:38:26.107] |T| [open_file]: install_trophy_context: Opening file ux0:/user/00/trophy/conf/NPWR07138_00/TROP026.PNG (ux0:/user/00/trophy/conf/NPWR07138_00/TROP026.PNG), fd: 0x27
[12:38:26.110] |T| [write_file]: install_trophy_context: Writing to fd: 0x27, size: 88132
[12:38:26.111] |T| [close_file]: install_trophy_context: Closing file fd: 0x27
[12:38:26.112] |T| [open_file]: install_trophy_context: Opening file ux0:/user/00/trophy/conf/NPWR07138_00/TROP027.PNG (ux0:/user/00/trophy/conf/NPWR07138_00/TROP027.PNG), fd: 0x28
[12:38:26.113] |T| [write_file]: install_trophy_context: Writing to fd: 0x28, size: 88578
[12:38:26.114] |T| [close_file]: install_trophy_context: Closing file fd: 0x28
[12:38:26.115] |T| [open_file]: install_trophy_context: Opening file ux0:/user/00/trophy/conf/NPWR07138_00/TROP028.PNG (ux0:/user/00/trophy/conf/NPWR07138_00/TROP028.PNG), fd: 0x29
[12:38:26.117] |T| [write_file]: install_trophy_context: Writing to fd: 0x29, size: 88306
[12:38:26.117] |T| [close_file]: install_trophy_context: Closing file fd: 0x29
[12:38:26.119] |T| [open_file]: install_trophy_context: Opening file ux0:/user/00/trophy/conf/NPWR07138_00/TROP029.PNG (ux0:/user/00/trophy/conf/NPWR07138_00/TROP029.PNG), fd: 0x2a
[12:38:26.120] |T| [write_file]: install_trophy_context: Writing to fd: 0x2a, size: 85194
[12:38:26.121] |T| [close_file]: install_trophy_context: Closing file fd: 0x2a
[12:38:26.122] |T| [open_file]: install_trophy_context: Opening file ux0:/user/00/trophy/conf/NPWR07138_00/TROP030.PNG (ux0:/user/00/trophy/conf/NPWR07138_00/TROP030.PNG), fd: 0x2b
[12:38:26.126] |T| [write_file]: install_trophy_context: Writing to fd: 0x2b, size: 75948
[12:38:26.126] |T| [close_file]: install_trophy_context: Closing file fd: 0x2b
[12:38:26.128] |T| [open_file]: install_trophy_context: Opening file ux0:/user/00/trophy/conf/NPWR07138_00/TROP031.PNG (ux0:/user/00/trophy/conf/NPWR07138_00/TROP031.PNG), fd: 0x2c
[12:38:26.129] |T| [write_file]: install_trophy_context: Writing to fd: 0x2c, size: 75254
[12:38:26.130] |T| [close_file]: install_trophy_context: Closing file fd: 0x2c
[12:38:26.131] |T| [open_file]: install_trophy_context: Opening file ux0:/user/00/trophy/conf/NPWR07138_00/TROP032.PNG (ux0:/user/00/trophy/conf/NPWR07138_00/TROP032.PNG), fd: 0x2d
[12:38:26.132] |T| [write_file]: install_trophy_context: Writing to fd: 0x2d, size: 74922
[12:38:26.133] |T| [close_file]: install_trophy_context: Closing file fd: 0x2d
[12:38:26.134] |T| [open_file]: install_trophy_context: Opening file ux0:/user/00/trophy/conf/NPWR07138_00/TROP033.PNG (ux0:/user/00/trophy/conf/NPWR07138_00/TROP033.PNG), fd: 0x2e
[12:38:26.136] |T| [write_file]: install_trophy_context: Writing to fd: 0x2e, size: 77942
[12:38:26.136] |T| [close_file]: install_trophy_context: Closing file fd: 0x2e
[12:38:26.138] |T| [open_file]: install_trophy_context: Opening file ux0:/user/00/trophy/conf/NPWR07138_00/TROP034.PNG (ux0:/user/00/trophy/conf/NPWR07138_00/TROP034.PNG), fd: 0x2f
[12:38:26.142] |T| [write_file]: install_trophy_context: Writing to fd: 0x2f, size: 81583
[12:38:26.143] |T| [close_file]: install_trophy_context: Closing file fd: 0x2f
[12:38:26.144] |T| [open_file]: install_trophy_context: Opening file ux0:/user/00/trophy/conf/NPWR07138_00/TROP035.PNG (ux0:/user/00/trophy/conf/NPWR07138_00/TROP035.PNG), fd: 0x30
[12:38:26.146] |T| [write_file]: install_trophy_context: Writing to fd: 0x30, size: 84875
[12:38:26.146] |T| [close_file]: install_trophy_context: Closing file fd: 0x30
[12:38:26.147] |T| [open_file]: install_trophy_context: Opening file ux0:/user/00/trophy/conf/NPWR07138_00/TROP036.PNG (ux0:/user/00/trophy/conf/NPWR07138_00/TROP036.PNG), fd: 0x31
[12:38:26.149] |T| [write_file]: install_trophy_context: Writing to fd: 0x31, size: 90035
[12:38:26.149] |T| [close_file]: install_trophy_context: Closing file fd: 0x31
[12:38:26.151] |T| [open_file]: install_trophy_context: Opening file ux0:/user/00/trophy/conf/NPWR07138_00/TROP037.PNG (ux0:/user/00/trophy/conf/NPWR07138_00/TROP037.PNG), fd: 0x32
[12:38:26.152] |T| [write_file]: install_trophy_context: Writing to fd: 0x32, size: 66992
[12:38:26.153] |T| [close_file]: install_trophy_context: Closing file fd: 0x32
[12:38:26.155] |T| [open_file]: install_trophy_context: Opening file ux0:/user/00/trophy/conf/NPWR07138_00/TROP038.PNG (ux0:/user/00/trophy/conf/NPWR07138_00/TROP038.PNG), fd: 0x33
[12:38:26.158] |T| [write_file]: install_trophy_context: Writing to fd: 0x33, size: 71849
[12:38:26.158] |T| [close_file]: install_trophy_context: Closing file fd: 0x33
[12:38:26.160] |T| [open_file]: install_trophy_context: Opening file ux0:/user/00/trophy/conf/NPWR07138_00/TROP039.PNG (ux0:/user/00/trophy/conf/NPWR07138_00/TROP039.PNG), fd: 0x34
[12:38:26.161] |T| [write_file]: install_trophy_context: Writing to fd: 0x34, size: 76377
[12:38:26.161] |T| [close_file]: install_trophy_context: Closing file fd: 0x34
[12:38:26.163] |T| [open_file]: install_trophy_context: Opening file ux0:/user/00/trophy/conf/NPWR07138_00/TROP040.PNG (ux0:/user/00/trophy/conf/NPWR07138_00/TROP040.PNG), fd: 0x35
[12:38:26.164] |T| [write_file]: install_trophy_context: Writing to fd: 0x35, size: 66769
[12:38:26.164] |T| [close_file]: install_trophy_context: Closing file fd: 0x35
[12:38:26.166] |T| [open_file]: install_trophy_context: Opening file ux0:/user/00/trophy/conf/NPWR07138_00/TROP041.PNG (ux0:/user/00/trophy/conf/NPWR07138_00/TROP041.PNG), fd: 0x36
[12:38:26.167] |T| [write_file]: install_trophy_context: Writing to fd: 0x36, size: 75858
[12:38:26.168] |T| [close_file]: install_trophy_context: Closing file fd: 0x36
[12:38:26.169] |T| [open_file]: install_trophy_context: Opening file ux0:/user/00/trophy/conf/NPWR07138_00/TROP042.PNG (ux0:/user/00/trophy/conf/NPWR07138_00/TROP042.PNG), fd: 0x37
[12:38:26.174] |T| [write_file]: install_trophy_context: Writing to fd: 0x37, size: 88872
[12:38:26.174] |T| [close_file]: install_trophy_context: Closing file fd: 0x37
[12:38:26.175] |T| [open_file]: install_trophy_context: Opening file ux0:/user/00/trophy/conf/NPWR07138_00/TROP043.PNG (ux0:/user/00/trophy/conf/NPWR07138_00/TROP043.PNG), fd: 0x38
[12:38:26.177] |T| [write_file]: install_trophy_context: Writing to fd: 0x38, size: 87801
[12:38:26.177] |T| [close_file]: install_trophy_context: Closing file fd: 0x38
[12:38:26.179] |T| [open_file]: install_trophy_context: Opening file ux0:/user/00/trophy/conf/NPWR07138_00/TROP044.PNG (ux0:/user/00/trophy/conf/NPWR07138_00/TROP044.PNG), fd: 0x39
[12:38:26.180] |T| [write_file]: install_trophy_context: Writing to fd: 0x39, size: 93662
[12:38:26.180] |T| [close_file]: install_trophy_context: Closing file fd: 0x39
[12:38:26.182] |T| [open_file]: save_trophy_progress: Opening file ux0:/user/00/trophy/data/NPWR07138_00/TROPUSR.DAT (ux0:/user/00/trophy/data/NPWR07138_00/TROPUSR.DAT), fd: 0x3a
[12:38:26.183] |T| [write_file]: save_trophy_progress_file: Writing to fd: 0x3a, size: 4
[12:38:26.184] |T| [write_file]: save_trophy_progress_file: Writing to fd: 0x3a, size: 16
[12:38:26.184] |T| [write_file]: save_trophy_progress_file: Writing to fd: 0x3a, size: 16
[12:38:26.185] |T| [write_file]: save_trophy_progress_file: Writing to fd: 0x3a, size: 4
[12:38:26.186] |T| [write_file]: save_trophy_progress_file: Writing to fd: 0x3a, size: 4
[12:38:26.188] |T| [write_file]: save_trophy_progress_file: Writing to fd: 0x3a, size: 4
[12:38:26.189] |T| [write_file]: save_trophy_progress_file: Writing to fd: 0x3a, size: 64
[12:38:26.190] |T| [write_file]: save_trophy_progress_file: Writing to fd: 0x3a, size: 1024
[12:38:26.191] |T| [write_file]: save_trophy_progress_file: Writing to fd: 0x3a, size: 512
[12:38:26.191] |T| [close_file]: save_trophy_progress_file: Closing file fd: 0x3a
[12:38:26.192] |T| [export_sceNpTrophyCreateContext]: Trophy context for NPWR07138_00 create successfuly!
[12:38:26.193] |W| [stubbed_impl]: Stubbed sceNpTrophyCreateHandle import called. (Stubbed handle with 1)
[12:38:26.194] |W| [unimplemented_impl]: Unimplemented sceNpTusInit import called.
[12:38:26.194] |W| [unimplemented_impl]: Unimplemented sceNpScoreInit import called.
[12:38:26.195] |W| [unimplemented_impl]: Unimplemented sceNpScoreCreateTitleCtx import called.
[12:38:26.195] |W| [unimplemented_impl]: Unimplemented sceNpBasicInit import called.
[12:38:26.204] |I| [load_module]: Loading module ID: 0x4
[12:38:26.209] |I| [load_self]: sys/external/libhttp.suprx: Skipping special segment 0x6fffff01...
[12:38:26.210] |I| [load_self]: Loaded module segment 0 @ [0x13602000 - 0x1361F150 / 0x81000000] (size: 0x0001D150) of module sys/external/libhttp.suprx
[12:38:26.212] |I| [load_self]: Loaded module segment 1 @ [0x13620000 - 0x13620640 / 0x8101E000] (size: 0x00000640) of module sys/external/libhttp.suprx
[12:38:26.213] |I| [load_self]: Linking SELF sys/external/libhttp.suprx...
[12:38:26.214] |D| [load_var_exports]: 	NID 0x936c8a78 (SYSLYB) at 0x1361de68
[12:38:26.215] |D| [load_var_exports]: 	NID 0x6c2224ba (NID_MODULE_INFO) at 0x1361aca0
[12:38:26.216] |I| [load_module]: Module SceLibHttp (at "sys/external/libhttp.suprx") loaded
[12:38:26.216] |D| [load_module]: Running module_start of module: SceLibHttp
[12:38:26.217] |I| [load_module]: Module SceLibHttp (at "sys/external/libhttp.suprx") module_start returned 0x0
[12:38:26.228] |I| [load_self]: Loaded module segment 0 @ [0x13621000 - 0x13687EA4 / 0x81000000] (size: 0x00066EA4) of module sys/external/libssl.suprx
[12:38:26.230] |I| [load_self]: Loaded module segment 1 @ [0x13688000 - 0x1368D188 / 0x81067000] (size: 0x00005188) of module sys/external/libssl.suprx
[12:38:26.232] |I| [load_self]: Linking SELF sys/external/libssl.suprx...
[12:38:26.232] |D| [load_var_exports]: 	NID 0x936c8a78 (SYSLYB) at 0x136739b0
[12:38:26.233] |D| [load_var_exports]: 	NID 0x6c2224ba (NID_MODULE_INFO) at 0x1366dc70
[12:38:26.234] |I| [load_module]: Module SceLibSsl (at "sys/external/libssl.suprx") loaded
[12:38:26.237] |W| [stubbed_impl]: Stubbed sceNetCtlInit import called. (Stub)
[12:38:26.238] |T| [log_import_call]: [LLE] TID: 7   FUNC: 0x3c733316 sceSslInit at 0x22104c
[12:38:26.241] |T| [log_import_call]: [LLE] TID: 7   FUNC: 0x214926d9 sceHttpInit at 0x220ffc
[12:38:26.244] |W| [stubbed_impl]: Stubbed sceNetCtlInetGetState import called. (state = SCE_NETCTL_STATE_CONNECTED)
[12:38:26.244] |W| [unimplemented_impl]: Unimplemented sceNpCommerce2Init import called.
[12:38:26.245] |W| [unimplemented_impl]: Unimplemented sceNpCommerce2CreateCtx import called.
[12:38:26.246] |W| [unimplemented_impl]: Unimplemented sceNpAuthInit import called.
[12:38:26.271] |T| [open_dir]: _sceIoDopen: Opening dir app0:. (ux0:/app/PCSE00504/.), fd: 0x3b
[12:38:26.273] |T| [read_dir]: _sceIoDread: Reading entry app0:./amb_desert_loop.at9 of fd: 0x3b
[12:38:26.275] |T| [read_dir]: _sceIoDread: Reading entry app0:./amb_hot_loop.at9 of fd: 0x3b
[12:38:26.276] |T| [read_dir]: _sceIoDread: Reading entry app0:./amb_ice_loop.at9 of fd: 0x3b
[12:38:26.277] |T| [read_dir]: _sceIoDread: Reading entry app0:./amb_vrmode_loop.at9 of fd: 0x3b
[12:38:26.278] |T| [read_dir]: _sceIoDread: Reading entry app0:./Boss_Level.at9 of fd: 0x3b
[12:38:26.278] |T| [read_dir]: _sceIoDread: Reading entry app0:./eboot.bin of fd: 0x3b
[12:38:26.279] |T| [read_dir]: _sceIoDread: Reading entry app0:./Ending.at9 of fd: 0x3b
[12:38:26.280] |T| [read_dir]: _sceIoDread: Reading entry app0:./FH_GamePlay.at9 of fd: 0x3b
[12:38:26.280] |T| [read_dir]: _sceIoDread: Reading entry app0:./Frozen_Horizon.at9 of fd: 0x3b
[12:38:26.281] |T| [read_dir]: _sceIoDread: Reading entry app0:./GoodbyeFaithfulKingdom.at9 of fd: 0x3b
[12:38:26.282] |T| [read_dir]: _sceIoDread: Reading entry app0:./icon.png of fd: 0x3b
[12:38:26.283] |T| [read_dir]: _sceIoDread: Reading entry app0:./icon_empty.png of fd: 0x3b
[12:38:26.285] |T| [read_dir]: _sceIoDread: Reading entry app0:./Jingle_Fail.at9 of fd: 0x3b
[12:38:26.286] |T| [read_dir]: _sceIoDread: Reading entry app0:./Jingle_Victory.at9 of fd: 0x3b
[12:38:26.286] |T| [read_dir]: _sceIoDread: Reading entry app0:./LDAT_DustOverlay.block of fd: 0x3b
[12:38:26.287] |T| [read_dir]: _sceIoDread: Reading entry app0:./LDAT_FrostLevel.block of fd: 0x3b
[12:38:26.288] |T| [read_dir]: _sceIoDread: Reading entry app0:./LDAT_Story_Beacon.block of fd: 0x3b
[12:38:26.289] |T| [read_dir]: _sceIoDread: Reading entry app0:./LDAT_Story_EscapePods.block of fd: 0x3b
[12:38:26.289] |T| [read_dir]: _sceIoDread: Reading entry app0:./LDAT_Story_FinalHorizon.block of fd: 0x3b
[12:38:26.290] |T| [read_dir]: _sceIoDread: Reading entry app0:./LDAT_Story_Overrun.block of fd: 0x3b
[12:38:26.291] |T| [read_dir]: _sceIoDread: Reading entry app0:./LVL_Acari_01.block of fd: 0x3b
[12:38:26.291] |T| [read_dir]: _sceIoDread: Reading entry app0:./LVL_Acari_02.block of fd: 0x3b
[12:38:26.292] |T| [read_dir]: _sceIoDread: Reading entry app0:./LVL_Boss_01.block of fd: 0x3b
[12:38:26.293] |T| [read_dir]: _sceIoDread: Reading entry app0:./LVL_Countdown_01.block of fd: 0x3b
[12:38:26.293] |T| [read_dir]: _sceIoDread: Reading entry app0:./LVL_Countdown_02.block of fd: 0x3b
[12:38:26.294] |T| [read_dir]: _sceIoDread: Reading entry app0:./LVL_Countdown_03.block of fd: 0x3b
[12:38:26.294] |T| [read_dir]: _sceIoDread: Reading entry app0:./LVL_Countdown_04.block of fd: 0x3b
[12:38:26.295] |T| [read_dir]: _sceIoDread: Reading entry app0:./LVL_Defence_01.block of fd: 0x3b
[12:38:26.296] |T| [read_dir]: _sceIoDread: Reading entry app0:./LVL_Defence_02.block of fd: 0x3b
[12:38:26.297] |T| [read_dir]: _sceIoDread: Reading entry app0:./LVL_Defence_03.block of fd: 0x3b
[12:38:26.297] |T| [read_dir]: _sceIoDread: Reading entry app0:./LVL_Defence_04.block of fd: 0x3b
[12:38:26.298] |T| [read_dir]: _sceIoDread: Reading entry app0:./LVL_Defence_05.block of fd: 0x3b
[12:38:26.299] |T| [read_dir]: _sceIoDread: Reading entry app0:./LVL_Defence_06.block of fd: 0x3b
[12:38:26.302] |T| [read_dir]: _sceIoDread: Reading entry app0:./LVL_Defence_07.block of fd: 0x3b
[12:38:26.303] |T| [read_dir]: _sceIoDread: Reading entry app0:./LVL_Defence_08.block of fd: 0x3b
[12:38:26.304] |T| [read_dir]: _sceIoDread: Reading entry app0:./LVL_Defence_09.block of fd: 0x3b
[12:38:26.304] |T| [read_dir]: _sceIoDread: Reading entry app0:./LVL_Defence_10.block of fd: 0x3b
[12:38:26.305] |T| [read_dir]: _sceIoDread: Reading entry app0:./LVL_Defence_11.block of fd: 0x3b
[12:38:26.306] |T| [read_dir]: _sceIoDread: Reading entry app0:./LVL_Defence_12.block of fd: 0x3b
[12:38:26.306] |T| [read_dir]: _sceIoDread: Reading entry app0:./LVL_Defence_13.block of fd: 0x3b
[12:38:26.307] |T| [read_dir]: _sceIoDread: Reading entry app0:./LVL_Defence_14.block of fd: 0x3b
[12:38:26.308] |T| [read_dir]: _sceIoDread: Reading entry app0:./LVL_Defence_15.block of fd: 0x3b
[12:38:26.308] |T| [read_dir]: _sceIoDread: Reading entry app0:./LVL_Defence_16.block of fd: 0x3b
[12:38:26.309] |T| [read_dir]: _sceIoDread: Reading entry app0:./LVL_Defence_17.block of fd: 0x3b
[12:38:26.310] |T| [read_dir]: _sceIoDread: Reading entry app0:./LVL_Defence_18.block of fd: 0x3b
[12:38:26.310] |T| [read_dir]: _sceIoDread: Reading entry app0:./LVL_Defence_19.block of fd: 0x3b
[12:38:26.311] |T| [read_dir]: _sceIoDread: Reading entry app0:./LVL_Defence_20.block of fd: 0x3b
[12:38:26.312] |T| [read_dir]: _sceIoDread: Reading entry app0:./LVL_Defence_21.block of fd: 0x3b
[12:38:26.312] |T| [read_dir]: _sceIoDread: Reading entry app0:./LVL_Defence_22.block of fd: 0x3b
[12:38:26.313] |T| [read_dir]: _sceIoDread: Reading entry app0:./LVL_Defence_23.block of fd: 0x3b
[12:38:26.313] |T| [read_dir]: _sceIoDread: Reading entry app0:./LVL_Defence_24.block of fd: 0x3b
[12:38:26.314] |T| [read_dir]: _sceIoDread: Reading entry app0:./LVL_Defence_25.block of fd: 0x3b
[12:38:26.317] |T| [read_dir]: _sceIoDread: Reading entry app0:./LVL_Defence_26.block of fd: 0x3b
[12:38:26.318] |T| [read_dir]: _sceIoDread: Reading entry app0:./LVL_Defence_27.block of fd: 0x3b
[12:38:26.319] |T| [read_dir]: _sceIoDread: Reading entry app0:./LVL_Defence_28.block of fd: 0x3b
[12:38:26.319] |T| [read_dir]: _sceIoDread: Reading entry app0:./LVL_EscapeVelocity_01.block of fd: 0x3b
[12:38:26.320] |T| [read_dir]: _sceIoDread: Reading entry app0:./LVL_EscapeVelocity_02.block of fd: 0x3b
[12:38:26.321] |T| [read_dir]: _sceIoDread: Reading entry app0:./LVL_EscapeVelocity_03.block of fd: 0x3b
[12:38:26.322] |T| [read_dir]: _sceIoDread: Reading entry app0:./LVL_EscapeVelocity_04.block of fd: 0x3b
[12:38:26.323] |T| [read_dir]: _sceIoDread: Reading entry app0:./LVL_EscapeVelocity_05.block of fd: 0x3b
[12:38:26.324] |T| [read_dir]: _sceIoDread: Reading entry app0:./LVL_EscapeVelocity_06.block of fd: 0x3b
[12:38:26.324] |T| [read_dir]: _sceIoDread: Reading entry app0:./LVL_EscapeVelocity_07.block of fd: 0x3b
[12:38:26.325] |T| [read_dir]: _sceIoDread: Reading entry app0:./LVL_EscapeVelocity_08.block of fd: 0x3b
[12:38:26.326] |T| [read_dir]: _sceIoDread: Reading entry app0:./LVL_EscapeVelocity_09.block of fd: 0x3b
[12:38:26.326] |T| [read_dir]: _sceIoDread: Reading entry app0:./LVL_Overwatch_01.block of fd: 0x3b
[12:38:26.327] |T| [read_dir]: _sceIoDread: Reading entry app0:./LVL_Overwatch_02.block of fd: 0x3b
[12:38:26.328] |T| [read_dir]: _sceIoDread: Reading entry app0:./LVL_Overwatch_03.block of fd: 0x3b
[12:38:26.328] |T| [read_dir]: _sceIoDread: Reading entry app0:./LVL_Overwatch_04.block of fd: 0x3b
[12:38:26.329] |T| [read_dir]: _sceIoDread: Reading entry app0:./LVL_Overwatch_05.block of fd: 0x3b
[12:38:26.330] |T| [read_dir]: _sceIoDread: Reading entry app0:./LVL_Overwatch_06.block of fd: 0x3b
[12:38:26.330] |T| [read_dir]: _sceIoDread: Reading entry app0:./LVL_Overwatch_07.block of fd: 0x3b
[12:38:26.334] |T| [read_dir]: _sceIoDread: Reading entry app0:./LVL_Overwatch_08.block of fd: 0x3b
[12:38:26.334] |T| [read_dir]: _sceIoDread: Reading entry app0:./LVL_Overwatch_09.block of fd: 0x3b
[12:38:26.335] |T| [read_dir]: _sceIoDread: Reading entry app0:./LVL_Prologue.block of fd: 0x3b
[12:38:26.335] |T| [read_dir]: _sceIoDread: Reading entry app0:./LVL_VR_01.block of fd: 0x3b
[12:38:26.336] |T| [read_dir]: _sceIoDread: Reading entry app0:./LVL_VR_02.block of fd: 0x3b
[12:38:26.337] |T| [read_dir]: _sceIoDread: Reading entry app0:./LVL_VR_03.block of fd: 0x3b
[12:38:26.338] |T| [read_dir]: _sceIoDread: Reading entry app0:./LVL_VR_04.block of fd: 0x3b
[12:38:26.338] |T| [read_dir]: _sceIoDread: Reading entry app0:./LVL_VR_05.block of fd: 0x3b
[12:38:26.339] |T| [read_dir]: _sceIoDread: Reading entry app0:./LVL_VR_06.block of fd: 0x3b
[12:38:26.340] |T| [read_dir]: _sceIoDread: Reading entry app0:./LVL_VR_07.block of fd: 0x3b
[12:38:26.340] |T| [read_dir]: _sceIoDread: Reading entry app0:./LVL_VR_08.block of fd: 0x3b
[12:38:26.341] |T| [read_dir]: _sceIoDread: Reading entry app0:./LVL_VR_09.block of fd: 0x3b
[12:38:26.341] |T| [read_dir]: _sceIoDread: Reading entry app0:./LVL_VR_10.block of fd: 0x3b
[12:38:26.342] |T| [read_dir]: _sceIoDread: Reading entry app0:./LVL_VR_11.block of fd: 0x3b
[12:38:26.343] |T| [read_dir]: _sceIoDread: Reading entry app0:./LVL_VR_12.block of fd: 0x3b
[12:38:26.344] |T| [read_dir]: _sceIoDread: Reading entry app0:./LVL_VR_13.block of fd: 0x3b
[12:38:26.344] |T| [read_dir]: _sceIoDread: Reading entry app0:./LVL_VR_14.block of fd: 0x3b
[12:38:26.345] |T| [read_dir]: _sceIoDread: Reading entry app0:./Main_Menu_FH1.at9 of fd: 0x3b
[12:38:26.346] |T| [read_dir]: _sceIoDread: Reading entry app0:./RES_Content_Main.block of fd: 0x3b
[12:38:26.346] |T| [read_dir]: _sceIoDread: Reading entry app0:./RES_Fonts_Euro.block of fd: 0x3b
[12:38:26.349] |T| [read_dir]: _sceIoDread: Reading entry app0:./RES_Fonts_Jap.block of fd: 0x3b
[12:38:26.350] |T| [read_dir]: _sceIoDread: Reading entry app0:./RES_Global_TD.block of fd: 0x3b
[12:38:26.351] |T| [read_dir]: _sceIoDread: Reading entry app0:./RES_LoadingScreen.block of fd: 0x3b
[12:38:26.351] |T| [read_dir]: _sceIoDread: Reading entry app0:./RES_SHADERS.block of fd: 0x3b
[12:38:26.352] |T| [read_dir]: _sceIoDread: Reading entry app0:./sce_module of fd: 0x3b
[12:38:26.353] |T| [read_dir]: _sceIoDread: Reading entry app0:./sce_sys of fd: 0x3b
[12:38:26.353] |T| [read_dir]: _sceIoDread: Reading entry app0:./SKY_StarField_01.block of fd: 0x3b
[12:38:26.354] |T| [read_dir]: _sceIoDread: Reading entry app0:./SKY_StarField_02.block of fd: 0x3b
[12:38:26.355] |T| [read_dir]: _sceIoDread: Reading entry app0:./SKY_StarField_03.block of fd: 0x3b
[12:38:26.356] |T| [read_dir]: _sceIoDread: Reading entry app0:./SKY_StarField_04.block of fd: 0x3b
[12:38:26.356] |T| [read_dir]: _sceIoDread: Reading entry app0:./SKY_StarField_05.block of fd: 0x3b
[12:38:26.357] |T| [read_dir]: _sceIoDread: Reading entry app0:./SKY_StarField_VR.block of fd: 0x3b
[12:38:26.357] |T| [read_dir]: _sceIoDread: Reading entry app0:./Spaceship_Ambient.at9 of fd: 0x3b
[12:38:26.358] |T| [read_dir]: _sceIoDread: Reading entry app0:./VR_Mode.at9 of fd: 0x3b
[12:38:26.359] |T| [close_dir]: sceIoDclose: Closing dir fd: 0x3b
[12:38:26.361] |I| [export_sceIoOpen]: Opening file: app0:RES_LoadingScreen.block
[12:38:26.368] |T| [open_file]: sceIoOpen: Opening file app0:RES_LoadingScreen.block (ux0:/app/PCSE00504/RES_LoadingScreen.block), fd: 0x3c
[12:38:26.371] |I| [export_sceIoOpen]: Opening file: app0:RES_SHADERS.block
[12:38:26.378] |T| [open_file]: sceIoOpen: Opening file app0:RES_SHADERS.block (ux0:/app/PCSE00504/RES_SHADERS.block), fd: 0x3d
[12:38:26.381] |I| [export_sceIoOpen]: Opening file: app0:RES_Content_Main.block
[12:38:26.388] |T| [open_file]: sceIoOpen: Opening file app0:RES_Content_Main.block (ux0:/app/PCSE00504/RES_Content_Main.block), fd: 0x3e
[12:38:26.390] |I| [export_sceIoOpen]: Opening file: app0:RES_Fonts_Euro.block
[12:38:26.397] |T| [open_file]: sceIoOpen: Opening file app0:RES_Fonts_Euro.block (ux0:/app/PCSE00504/RES_Fonts_Euro.block), fd: 0x3f
[12:38:26.399] |I| [export_sceIoOpen]: Opening file: app0:RES_Global_TD.block
[12:38:26.407] |T| [open_file]: sceIoOpen: Opening file app0:RES_Global_TD.block (ux0:/app/PCSE00504/RES_Global_TD.block), fd: 0x40
[12:38:26.408] |I| [export_sceIoOpen]: Opening file: app0:RES_Content_DLC1.block
[12:38:26.409] |E| [open_file]: Missing file at C:/Users/Sam/AppData/Roaming/Vita3K/Vita3K/ux0/app/PCSE00504/RES_Content_DLC1.block (target path: app0:RES_Content_DLC1.block)
[12:38:26.410] |W| [io_error_impl]: open_file (sceIoOpen) returned 0x80010002
[12:38:26.412] |I| [export_sceIoOpen]: Opening file: app0:SKY_StarField_03.block
[12:38:26.420] |T| [open_file]: sceIoOpen: Opening file app0:SKY_StarField_03.block (ux0:/app/PCSE00504/SKY_StarField_03.block), fd: 0x41
[12:38:26.422] |E| [logging::ret_error_impl]: _sceKernelWaitSemaCB returned SCE_KERNEL_ERROR_WAIT_TIMEOUT (0x80028005)
[12:38:26.500] |T| [close_file]: sceIoClose: Closing file fd: 0x3c
[12:38:26.509] |T| [close_file]: sceIoClose: Closing file fd: 0x3d
[12:38:26.535] |W| [stubbed_impl]: Stubbed sceMotionGetState import called. (Set value to zero)
[12:38:26.539] |W| [stubbed_impl]: Stubbed sceNetCtlCheckCallback import called. (Stub)
[12:38:26.540] |W| [stubbed_impl]: Stubbed sceNpCheckCallback import called. (Stub)
[12:38:26.557] |I| [float_to_half_init]: AVX+F16C instruction set is supported. Using fast f32 to f16 conversion
[12:38:26.564] |W| [unimplemented_impl]: Unimplemented sceCommonDialogUpdate import called.
[12:38:26.565] |I| [renderer::vulkan::PipelineCache::retrieve_shader]: Generating vulkan spv shader 47c261cf62808335545841fb61e3618fc3fa3df9d0dcb0be6475139e6b7c0913
[12:38:26.566] |I| [renderer::load_shader_generic]: Generating vert.spv.txt shader 47c261cf62808335545841fb61e3618fc3fa3df9d0dcb0be6475139e6b7c0913
[12:38:26.569] |D| [shader::create_parameters]: [BUFFER0  + 0] pa0 = (float4) aPosition
[12:38:26.569] |T| [shader::usse::USSERecompiler::compile_code_node]: Compiling code_0, size = 4
[12:38:26.579] |I| [renderer::vulkan::PipelineCache::retrieve_shader]: Generating vulkan spv shader 857a51234e4f34a639c1d208bf6ccd4c9d939581383e33b55a99786d62ad6de8
[12:38:26.580] |I| [renderer::load_shader_generic]: Generating frag.spv.txt shader 857a51234e4f34a639c1d208bf6ccd4c9d939581383e33b55a99786d62ad6de8
[12:38:26.583] |D| [shader::create_parameters]: [DEFAULT  + 0] sa0 = (half4) color
[12:38:26.583] |T| [shader::usse::USSERecompiler::compile_code_node]: Compiling code_0, size = 2
[12:38:26.604] |I| [renderer::vulkan::PipelineCache::retrieve_shader]: Generating vulkan spv shader 7479d79e4c875c23ea5fb5b835dfd3473f1d50b074bdb04bb6b52b766c4dd453
[12:38:26.606] |I| [renderer::load_shader_generic]: Generating vert.spv.txt shader 7479d79e4c875c23ea5fb5b835dfd3473f1d50b074bdb04bb6b52b766c4dd453
[12:38:26.610] |D| [shader::create_parameters]: [BUFFER0  + 0] pa0 = (float4) _in_Position0
[12:38:26.611] |D| [shader::create_parameters]: [BUFFER0  + 4] pa4 = (float4) _in_TexCoord0
[12:38:26.611] |D| [shader::create_parameters]: [BUFFER0  + 8] pa8 = (float4) _in_Color0
[12:38:26.612] |D| [shader::create_parameters]: [DEFAULT  + 0] sa0 = (float4) g_v4NormalisedCenter
[12:38:26.613] |T| [shader::usse::USSERecompiler::compile_code_node]: Compiling code_0, size = 6
[12:38:26.622] |I| [renderer::vulkan::PipelineCache::retrieve_shader]: Generating vulkan spv shader 238d6baf7909295e205dc69d66eb35dccd3e0552ea288a8f2ba9ed3554b8eec3
[12:38:26.623] |I| [renderer::load_shader_generic]: Generating frag.spv.txt shader 238d6baf7909295e205dc69d66eb35dccd3e0552ea288a8f2ba9ed3554b8eec3
[12:38:26.625] |D| [shader::create_fragment_inputs]: Iterator: pa0 = (float4) v_Color0
[12:38:26.625] |T| [shader::create_fragment_inputs]: pa4 = tex2D<float4>(g_Texture0, TEXCOORD0.xy)
[12:38:26.626] |T| [shader::usse::USSERecompiler::compile_code_node]: Compiling code_0, size = 5
[12:38:27.073] |T| [close_file]: sceIoClose: Closing file fd: 0x3e
[12:38:27.100] |T| [close_file]: sceIoClose: Closing file fd: 0x3f
[12:38:28.321] |T| [close_file]: sceIoClose: Closing file fd: 0x40
[12:38:28.809] |T| [close_file]: sceIoClose: Closing file fd: 0x41
[12:38:28.868] |E| [open_file]: Missing file at C:/Users/Sam/AppData/Roaming/Vita3K/Vita3K/ux0/user/00/savedata/PCSE00504/SlotParam_0.bin (target path: savedata0:/SlotParam_0.bin)
[12:38:28.871] |W| [io_error_impl]: open_file (sceAppUtilSaveDataSlotGetParam) returned 0x80010002
[12:38:28.873] |E| [logging::ret_error_impl]: sceAppUtilSaveDataSlotGetParam returned SCE_APPUTIL_ERROR_SAVEDATA_SLOT_NOT_FOUND (0x80100641)
[12:38:28.876] |I| [export_sceIoOpen]: Opening file: savedata0:SaveGame.bin
[12:38:28.876] |E| [open_file]: Missing file at C:/Users/Sam/AppData/Roaming/Vita3K/Vita3K/ux0/user/00/savedata/PCSE00504/SaveGame.bin (target path: savedata0:SaveGame.bin)
[12:38:28.878] |W| [io_error_impl]: open_file (sceIoOpen) returned 0x80010002
[12:38:28.916] |W| [unimplemented_impl]: Unimplemented sceNpCommerce2HidePsStoreIcon import called.
[12:38:28.917] |W| [unimplemented_impl]: Unimplemented sceNetCheckDialogInit import called.
[12:38:28.918] |W| [stubbed_impl]: Stubbed sceNetCheckDialogGetStatus import called. (SCE_COMMON_DIALOG_STATUS_FINISHED)
[12:38:28.920] |W| [stubbed_impl]: Stubbed sceNetCheckDialogGetResult import called. (result->result = 0)
[12:38:28.921] |W| [unimplemented_impl]: Unimplemented sceNetCheckDialogTerm import called.
[12:38:28.922] |W| [stubbed_impl]: Stubbed sceNpManagerGetContentRatingFlag import called. (isRestricted = 0; age = 21; return 0;)
[12:38:28.923] |W| [unimplemented_impl]: Unimplemented sceNpTusCreateTitleCtx import called.
[12:38:28.924] |W| [unimplemented_impl]: Unimplemented sceNpTusCreateRequest import called.
[12:38:28.924] |W| [unimplemented_impl]: Unimplemented sceNpTusGetData import called.
[12:38:29.096] |I| [renderer::vulkan::PipelineCache::retrieve_shader]: Generating vulkan spv shader f2f8595750d8d31205b92c09fd853aad5811fe46e627a63bee7c0d4189c56ff7
[12:38:29.099] |I| [renderer::load_shader_generic]: Generating vert.spv.txt shader f2f8595750d8d31205b92c09fd853aad5811fe46e627a63bee7c0d4189c56ff7
[12:38:29.102] |D| [shader::create_parameters]: [BUFFER0  + 0] pa0 = (float4) _in_Position0
[12:38:29.102] |D| [shader::create_parameters]: [BUFFER0  + 4] pa4 = (float4) _in_Color0
[12:38:29.103] |D| [shader::create_parameters]: [DEFAULT  + 0] sa0 = (float4) g_v4NormalisedCenter
[12:38:29.104] |T| [shader::usse::USSERecompiler::compile_code_node]: Compiling code_0, size = 4
[12:38:29.114] |I| [renderer::vulkan::PipelineCache::retrieve_shader]: Generating vulkan spv shader 43d5e70fc72e1d4d96496bc2c24f312e951e5a5b3a664e5409e17fbc75dd30f9
[12:38:29.116] |I| [renderer::load_shader_generic]: Generating frag.spv.txt shader 43d5e70fc72e1d4d96496bc2c24f312e951e5a5b3a664e5409e17fbc75dd30f9
[12:38:29.119] |D| [shader::create_fragment_inputs]: Iterator: pa0 = (float4) v_Color0
[12:38:29.119] |T| [shader::usse::USSERecompiler::compile_code_node]: Compiling code_0, size = 2
[12:38:29.582] |I| [export_sceIoOpen]: Opening file: app0:Spaceship_Ambient.at9
[12:38:29.592] |T| [open_file]: sceIoOpen: Opening file app0:Spaceship_Ambient.at9 (ux0:/app/PCSE00504/Spaceship_Ambient.at9), fd: 0x42
[12:38:29.601] |I| [export_sceIoOpen]: Opening file: app0:GoodbyeFaithfulKingdom.at9
[12:38:29.603] |E| [logging::ret_error_impl]: sceGxmTextureSetMinFilter returned SCE_GXM_ERROR_UNSUPPORTED (0x805b0009)
[12:38:29.608] |T| [open_file]: sceIoOpen: Opening file app0:GoodbyeFaithfulKingdom.at9 (ux0:/app/PCSE00504/GoodbyeFaithfulKingdom.at9), fd: 0x43
[12:38:29.614] |I| [renderer::vulkan::PipelineCache::retrieve_shader]: Generating vulkan spv shader dac7d64248be036aee2b4f7a6aa5ac9fa2dcedd19c9af2fb355da90586c38ada
[12:38:29.615] |I| [renderer::load_shader_generic]: Generating vert.spv.txt shader dac7d64248be036aee2b4f7a6aa5ac9fa2dcedd19c9af2fb355da90586c38ada
[12:38:29.619] |D| [shader::create_parameters]: [BUFFER0  + 0] pa0 = (float4) _in_Position0
[12:38:29.619] |D| [shader::create_parameters]: [BUFFER0  + 4] pa4 = (float4) _in_Normal0
[12:38:29.620] |D| [shader::create_parameters]: [BUFFER0  + 8] pa8 = (float4) _in_TexCoord0
[12:38:29.621] |D| [shader::create_parameters]: [BUFFER0  + 12] pa12 = (float4) _in_Color0
[12:38:29.622] |D| [shader::create_parameters]: [DEFAULT  + 0] sa0 = (float4) g_mCamera2Projection[4]
[12:38:29.622] |D| [shader::create_parameters]: [DEFAULT  + 16] sa16 = (float4) g_mObject2World[4]
[12:38:29.623] |D| [shader::create_parameters]: [DEFAULT  + 32] sa32 = (float4) g_mWorld2Camera[4]
[12:38:29.624] |T| [shader::usse::USSERecompiler::compile_code_node]: Compiling code_0, size = 52
[12:38:29.663] |T| [shader::usse::USSERecompiler::compile_code_node]: Compiling code_0, size = 14
[12:38:29.677] |I| [renderer::vulkan::PipelineCache::retrieve_shader]: Generating vulkan spv shader 9ca01dafdfe69785f68c80346983d525dba2683a3713dad24b912a48fd040259
[12:38:29.679] |I| [renderer::load_shader_generic]: Generating frag.spv.txt shader 9ca01dafdfe69785f68c80346983d525dba2683a3713dad24b912a48fd040259
[12:38:29.681] |D| [shader::create_parameters]: [DEFAULT  + 0] sa0 = (float4) g_v3AmbientDiffuse
[12:38:29.681] |D| [shader::create_fragment_inputs]: Iterator: pa0 = (float4) v_Color0
[12:38:29.682] |T| [shader::create_fragment_inputs]: pa4 = tex2D<float4>(g_Texture0, TEXCOORD0.xy)
[12:38:29.682] |T| [shader::usse::USSERecompiler::compile_code_node]: Compiling code_0, size = 6
[12:38:29.911] |I| [renderer::vulkan::PipelineCache::retrieve_shader]: Generating vulkan spv shader 49704852cd0ae100cffd598732d22d986e9871a457101f453bf52614457e1fdf
[12:38:29.914] |I| [renderer::load_shader_generic]: Generating vert.spv.txt shader 49704852cd0ae100cffd598732d22d986e9871a457101f453bf52614457e1fdf
[12:38:29.918] |D| [shader::create_parameters]: [BUFFER0  + 0] pa0 = (float4) _in_Position0
[12:38:29.918] |D| [shader::create_parameters]: [BUFFER0  + 4] pa4 = (float4) _in_Normal0
[12:38:29.919] |D| [shader::create_parameters]: [BUFFER0  + 8] pa8 = (float4) _in_Color0
[12:38:29.920] |D| [shader::create_parameters]: [DEFAULT  + 0] sa0 = (float4) g_mCamera2Projection[4]
[12:38:29.920] |D| [shader::create_parameters]: [DEFAULT  + 16] sa16 = (float4) g_mObject2World[4]
[12:38:29.921] |D| [shader::create_parameters]: [DEFAULT  + 32] sa32 = (float4) g_mWorld2Camera[4]
[12:38:29.922] |T| [shader::usse::USSERecompiler::compile_code_node]: Compiling code_0, size = 52
[12:38:29.958] |T| [shader::usse::USSERecompiler::compile_code_node]: Compiling code_0, size = 14
[12:38:29.977] |I| [renderer::vulkan::PipelineCache::retrieve_shader]: Generating vulkan spv shader cd2fcf0c10405a67d65092d913235e31e933804c952642f815da8554386a1a1e
[12:38:29.979] |I| [renderer::load_shader_generic]: Generating frag.spv.txt shader cd2fcf0c10405a67d65092d913235e31e933804c952642f815da8554386a1a1e
[12:38:29.981] |D| [shader::create_parameters]: [DEFAULT  + 0] sa0 = (float4) g_v3AmbientDiffuse
[12:38:29.982] |D| [shader::create_fragment_inputs]: Iterator: pa0 = (float4) v_Color0
[12:38:29.982] |T| [shader::usse::USSERecompiler::compile_code_node]: Compiling code_0, size = 5
[12:38:30.226] |I| [renderer::vulkan::PipelineCache::retrieve_shader]: Generating vulkan spv shader fe9ff05fabbdd2944b5e70e3dbc3ae0f0afeda16a5b9115cd15ba256a862454c
[12:38:30.230] |I| [renderer::load_shader_generic]: Generating vert.spv.txt shader fe9ff05fabbdd2944b5e70e3dbc3ae0f0afeda16a5b9115cd15ba256a862454c
[12:38:30.234] |D| [shader::create_parameters]: [BUFFER0  + 0] pa0 = (float4) aPosition
[12:38:30.235] |T| [shader::usse::USSERecompiler::compile_code_node]: Compiling code_0, size = 2
[12:38:30.237] |T| [shader::usse::USSERecompiler::compile_code_node]: Compiling code_0, size = 5
[12:38:30.243] |I| [renderer::vulkan::PipelineCache::retrieve_shader]: Generating vulkan spv shader 928b036c0eb2a83d54a3d214530b5a859568d6179015ba32972880d7ecd88890
[12:38:30.245] |I| [renderer::load_shader_generic]: Generating frag.spv.txt shader 928b036c0eb2a83d54a3d214530b5a859568d6179015ba32972880d7ecd88890
[12:38:30.250] |T| [shader::create_fragment_inputs]: pa0 = tex2D<half4>(s0, TEXCOORD0.xy)
[12:38:30.251] |T| [shader::usse::USSERecompiler::compile_code_node]: Compiling code_0, size = 1
[12:38:30.265] |I| [renderer::vulkan::PipelineCache::retrieve_shader]: Generating vulkan spv shader d9a4612d5e1eb4d011154271ca7260b906d8335c6b5b2409b2d66c8c93ba6570
[12:38:30.267] |I| [renderer::load_shader_generic]: Generating vert.spv.txt shader d9a4612d5e1eb4d011154271ca7260b906d8335c6b5b2409b2d66c8c93ba6570
[12:38:30.269] |D| [shader::create_parameters]: [BUFFER0  + 0] pa0 = (float4) aPosition
[12:38:30.269] |D| [shader::create_parameters]: [DEFAULT  + 0] sa0 = (half2) g_texelOffset
[12:38:30.270] |T| [shader::usse::USSERecompiler::compile_code_node]: Compiling code_0, size = 3
[12:38:30.272] |T| [shader::usse::USSERecompiler::compile_code_node]: Compiling code_0, size = 7
[12:38:30.280] |I| [renderer::vulkan::PipelineCache::retrieve_shader]: Generating vulkan spv shader d5ba20e0fd66886f12db1c2bc8bc4c6014134be6ebec00da4bb34aca7a01f67f
[12:38:30.282] |I| [renderer::load_shader_generic]: Generating frag.spv.txt shader d5ba20e0fd66886f12db1c2bc8bc4c6014134be6ebec00da4bb34aca7a01f67f
[12:38:30.284] |T| [shader::create_fragment_inputs]: pa0 = tex2D<float4>(s0, TEXCOORD0.xy)
[12:38:30.284] |T| [shader::create_fragment_inputs]: pa4 = tex2D<float4>(s0, TEXCOORD2.xy)
[12:38:30.285] |T| [shader::create_fragment_inputs]: pa8 = tex2D<float4>(s0, TEXCOORD1.xy)
[12:38:30.286] |T| [shader::usse::USSERecompiler::compile_code_node]: Compiling code_0, size = 7
[12:38:36.988] |T| [export_sceNgsPatchCreateRouting]: Patching 0xCA47580:0:0 to 0xCFAAB10:0
[12:38:40.450] |I| [export_sceIoOpen]: Opening file: app0:LDAT_Story_EscapePods.block
[12:38:40.464] |T| [open_file]: sceIoOpen: Opening file app0:LDAT_Story_EscapePods.block (ux0:/app/PCSE00504/LDAT_Story_EscapePods.block), fd: 0x44
[12:38:40.577] |T| [close_file]: sceIoClose: Closing file fd: 0x44
[12:38:41.290] |T| [close_file]: sceIoClose: Closing file fd: 0x42
[12:38:41.292] |I| [export_sceIoOpen]: Opening file: app0:Main_Menu_FH1.at9
[12:38:41.301] |T| [open_file]: sceIoOpen: Opening file app0:Main_Menu_FH1.at9 (ux0:/app/PCSE00504/Main_Menu_FH1.at9), fd: 0x45
[12:38:45.247] |T| [export_sceNgsPatchCreateRouting]: Patching 0xCA47200:0:0 to 0xCFAAB10:0
[12:39:00.011] |I| [renderer::vulkan::PipelineCache::save_pipeline_cache]: Saving pipeline cache...
[12:39:00.013] |I| [renderer::vulkan::PipelineCache::save_pipeline_cache]: Pipeline cache saved
[12:39:01.115] |I| [export_sceIoOpen]: Opening file: app0:SKY_StarField_01.block
[12:39:01.126] |T| [open_file]: sceIoOpen: Opening file app0:SKY_StarField_01.block (ux0:/app/PCSE00504/SKY_StarField_01.block), fd: 0x46
[12:39:01.129] |I| [export_sceIoOpen]: Opening file: app0:LVL_Prologue.block
[12:39:01.137] |T| [open_file]: sceIoOpen: Opening file app0:LVL_Prologue.block (ux0:/app/PCSE00504/LVL_Prologue.block), fd: 0x47
[12:39:01.488] |T| [close_file]: sceIoClose: Closing file fd: 0x46
[12:39:01.532] |T| [close_file]: sceIoClose: Closing file fd: 0x47
[12:39:02.206] |T| [export_sceNgsPatchCreateRouting]: Patching 0xCA47200:0:0 to 0xCFAA070:0
[12:39:02.208] |T| [export_sceNgsPatchCreateRouting]: Patching 0xCA47580:0:0 to 0xCFAA070:0
[12:39:02.211] |I| [ngs::player::Module::process]: The currently running game requests playback rate scaling when decoding audio. Audio might crackle.
[12:39:02.227] |T| [close_file]: sceIoClose: Closing file fd: 0x45
[12:39:02.227] |I| [export_sceIoOpen]: Opening file: app0:FH_GamePlay.at9
[12:39:02.237] |T| [open_file]: sceIoOpen: Opening file app0:FH_GamePlay.at9 (ux0:/app/PCSE00504/FH_GamePlay.at9), fd: 0x48
[12:39:02.240] |T| [close_file]: sceIoClose: Closing file fd: 0x43
[12:39:02.243] |I| [export_sceIoOpen]: Opening file: app0:amb_desert_loop.at9
[12:39:02.249] |T| [open_file]: sceIoOpen: Opening file app0:amb_desert_loop.at9 (ux0:/app/PCSE00504/amb_desert_loop.at9), fd: 0x49
[12:39:02.322] |I| [renderer::vulkan::PipelineCache::retrieve_shader]: Generating vulkan spv shader ed9e5dfccdaaf4ca683e71fbf9219dc2e549e78b3f43b68b25abecf92c39cbe9
[12:39:02.325] |I| [renderer::load_shader_generic]: Generating vert.spv.txt shader ed9e5dfccdaaf4ca683e71fbf9219dc2e549e78b3f43b68b25abecf92c39cbe9
[12:39:02.328] |D| [shader::create_parameters]: [BUFFER0  + 0] pa0 = (float4) _in_Position0
[12:39:02.329] |D| [shader::create_parameters]: [BUFFER0  + 4] pa4 = (float4) _in_Normal0
[12:39:02.330] |D| [shader::create_parameters]: [BUFFER0  + 8] pa8 = (float4) _in_TexCoord0
[12:39:02.330] |D| [shader::create_parameters]: [BUFFER0  + 12] pa12 = (float4) _in_Color0
[12:39:02.331] |D| [shader::create_parameters]: [DEFAULT  + 0] sa0 = (float4) g_mCamera2Projection[4]
[12:39:02.332] |D| [shader::create_parameters]: [DEFAULT  + 16] sa16 = (float4) g_mObject2World[4]
[12:39:02.332] |D| [shader::create_parameters]: [DEFAULT  + 32] sa32 = (float4) g_mWorld2Camera[4]
[12:39:02.333] |D| [shader::create_parameters]: [DEFAULT  + 48] sa48 = (float4) g_v4NormalisedCenter
[12:39:02.334] |D| [shader::create_parameters]: [DEFAULT  + 52] sa52 = (float4) g_v4NormalisedScale
[12:39:02.334] |T| [shader::usse::USSERecompiler::compile_code_node]: Compiling code_0, size = 52
[12:39:02.373] |T| [shader::usse::USSERecompiler::compile_code_node]: Compiling code_0, size = 18
[12:39:02.394] |I| [renderer::vulkan::PipelineCache::retrieve_shader]: Generating vulkan spv shader 4415bb6423e4dcdb90bf303144d257310bddad72d1806583915787d6cfc5d176
[12:39:02.396] |I| [renderer::load_shader_generic]: Generating frag.spv.txt shader 4415bb6423e4dcdb90bf303144d257310bddad72d1806583915787d6cfc5d176
[12:39:02.398] |D| [shader::create_parameters]: [DEFAULT  + 64] sa64 = (float4) g_v3AmbientDiffuse
[12:39:02.398] |D| [shader::create_parameters]: [DEFAULT  + 0] sa0 = (float4) g_avLightParam[16]
[12:39:02.399] |D| [shader::create_parameters]: [DEFAULT  + 68] sa68 = (float4) g_v4Diffuse
[12:39:02.401] |D| [shader::create_parameters]: [DEFAULT  + 72] sa72 = (float4) g_v4Specular
[12:39:02.402] |D| [shader::create_parameters]: [DEFAULT  + 76] sa76 = (float4) g_Parameter
[12:39:02.403] |D| [shader::create_fragment_inputs]: Iterator: pa0 = (float4) v_TexCoord5
[12:39:02.404] |T| [shader::create_fragment_inputs]: pa4 = tex2D<float4>(g_Texture0, TEXCOORD0.xy)
[12:39:02.405] |D| [shader::create_fragment_inputs]: Iterator: pa8 = (float4) v_TexCoord7
[12:39:02.405] |D| [shader::create_fragment_inputs]: Iterator: pa12 = (float4) v_Color0
[12:39:02.406] |T| [shader::usse::USSERecompiler::compile_code_node]: Compiling code_0, size = 30
[12:39:02.645] |I| [renderer::vulkan::PipelineCache::retrieve_shader]: Generating vulkan spv shader 43d848f67dbc1f7df0d1f1bd1e128427c2f9a3bd0732a5880c9e3ba69828acf2
[12:39:02.648] |I| [renderer::load_shader_generic]: Generating frag.spv.txt shader 43d848f67dbc1f7df0d1f1bd1e128427c2f9a3bd0732a5880c9e3ba69828acf2
[12:39:02.651] |D| [shader::create_parameters]: [DEFAULT  + 64] sa64 = (float4) g_v3AmbientDiffuse
[12:39:02.652] |D| [shader::create_parameters]: [DEFAULT  + 0] sa0 = (float4) g_avLightParam[16]
[12:39:02.653] |D| [shader::create_parameters]: [DEFAULT  + 68] sa68 = (float4) g_v4Diffuse
[12:39:02.653] |D| [shader::create_parameters]: [DEFAULT  + 72] sa72 = (float4) g_v4Specular
[12:39:02.654] |D| [shader::create_parameters]: [DEFAULT  + 76] sa76 = (float4) g_Parameter
[12:39:02.655] |D| [shader::create_fragment_inputs]: Iterator: pa0 = (float4) v_TexCoord5
[12:39:02.655] |T| [shader::create_fragment_inputs]: pa4 = tex2D<float4>(g_Texture0, TEXCOORD0.xy)
[12:39:02.656] |D| [shader::create_fragment_inputs]: Iterator: pa8 = (float4) v_TexCoord7
[12:39:02.657] |D| [shader::create_fragment_inputs]: Iterator: pa12 = (float4) v_Color0
[12:39:02.657] |T| [shader::usse::USSERecompiler::compile_code_node]: Compiling code_0, size = 30
[12:39:02.746] |I| [renderer::vulkan::PipelineCache::retrieve_shader]: Generating vulkan spv shader ee847c5e43bb3791abc43c418675cdb7595379ae8e121758d165b9094298a5a3
[12:39:02.749] |I| [renderer::load_shader_generic]: Generating vert.spv.txt shader ee847c5e43bb3791abc43c418675cdb7595379ae8e121758d165b9094298a5a3
[12:39:02.752] |D| [shader::create_parameters]: [BUFFER0  + 0] pa0 = (float4) _in_Position0
[12:39:02.753] |D| [shader::create_parameters]: [BUFFER0  + 4] pa4 = (float4) _in_Normal0
[12:39:02.753] |D| [shader::create_parameters]: [BUFFER0  + 8] pa8 = (float4) _in_TexCoord0
[12:39:02.754] |D| [shader::create_parameters]: [DEFAULT  + 0] sa0 = (float4) g_mCamera2Projection[4]
[12:39:02.755] |D| [shader::create_parameters]: [DEFAULT  + 16] sa16 = (float4) g_mObject2World[4]
[12:39:02.756] |D| [shader::create_parameters]: [DEFAULT  + 32] sa32 = (float4) g_mWorld2Camera[4]
[12:39:02.756] |D| [shader::create_parameters]: [DEFAULT  + 48] sa48 = (float4) g_v4NormalisedCenter
[12:39:02.757] |D| [shader::create_parameters]: [DEFAULT  + 52] sa52 = (float4) g_v4NormalisedScale
[12:39:02.758] |T| [shader::usse::USSERecompiler::compile_code_node]: Compiling code_0, size = 52
[12:39:02.797] |T| [shader::usse::USSERecompiler::compile_code_node]: Compiling code_0, size = 17
[12:39:02.814] |I| [renderer::vulkan::PipelineCache::retrieve_shader]: Generating vulkan spv shader 16c1105051a374f413ea478e1ddd25ea01d97b9bb8e366e08da728e6696fcdc4
[12:39:02.815] |I| [renderer::load_shader_generic]: Generating frag.spv.txt shader 16c1105051a374f413ea478e1ddd25ea01d97b9bb8e366e08da728e6696fcdc4
[12:39:02.818] |D| [shader::create_parameters]: [DEFAULT  + 64] sa64 = (float4) g_v3AmbientDiffuse
[12:39:02.818] |D| [shader::create_parameters]: [DEFAULT  + 0] sa0 = (float4) g_avLightParam[16]
[12:39:02.819] |D| [shader::create_parameters]: [DEFAULT  + 68] sa68 = (float4) g_v4Diffuse
[12:39:02.820] |D| [shader::create_parameters]: [DEFAULT  + 72] sa72 = (float4) g_v4Specular
[12:39:02.820] |D| [shader::create_parameters]: [DEFAULT  + 76] sa76 = (float4) g_Parameter
[12:39:02.821] |D| [shader::create_fragment_inputs]: Iterator: pa0 = (float4) v_TexCoord5
[12:39:02.822] |T| [shader::create_fragment_inputs]: pa4 = tex2D<float4>(g_Texture0, TEXCOORD0.xy)
[12:39:02.823] |D| [shader::create_fragment_inputs]: Iterator: pa8 = (float4) v_TexCoord7
[12:39:02.823] |T| [shader::usse::USSERecompiler::compile_code_node]: Compiling code_0, size = 30
[12:39:03.059] |I| [renderer::vulkan::PipelineCache::retrieve_shader]: Generating vulkan spv shader da205f2400c9ec0ec7d347051e5d077587b068018ba52b570c05c1d0a04f107c
[12:39:03.062] |I| [renderer::load_shader_generic]: Generating frag.spv.txt shader da205f2400c9ec0ec7d347051e5d077587b068018ba52b570c05c1d0a04f107c
[12:39:03.066] |D| [shader::create_parameters]: [DEFAULT  + 64] sa64 = (float4) g_v3AmbientDiffuse
[12:39:03.067] |D| [shader::create_parameters]: [DEFAULT  + 0] sa0 = (float4) g_avLightParam[16]
[12:39:03.067] |D| [shader::create_parameters]: [DEFAULT  + 68] sa68 = (float4) g_v4Diffuse
[12:39:03.068] |D| [shader::create_parameters]: [DEFAULT  + 72] sa72 = (float4) g_v4Specular
[12:39:03.069] |D| [shader::create_parameters]: [DEFAULT  + 76] sa76 = (float4) g_Parameter
[12:39:03.069] |D| [shader::create_fragment_inputs]: Iterator: pa0 = (float4) v_TexCoord5
[12:39:03.070] |T| [shader::create_fragment_inputs]: pa4 = tex2D<float4>(g_Texture0, TEXCOORD0.xy)
[12:39:03.071] |D| [shader::create_fragment_inputs]: Iterator: pa8 = (float4) v_TexCoord7
[12:39:03.071] |T| [shader::usse::USSERecompiler::compile_code_node]: Compiling code_0, size = 30
[12:39:03.399] |I| [renderer::vulkan::PipelineCache::retrieve_shader]: Generating vulkan spv shader ab343e3f51b0781533961e709ee1dc2d2bd170bb954e1c45df27d8665308e2ca
[12:39:03.403] |I| [renderer::load_shader_generic]: Generating frag.spv.txt shader ab343e3f51b0781533961e709ee1dc2d2bd170bb954e1c45df27d8665308e2ca
[12:39:03.406] |D| [shader::create_parameters]: [DEFAULT  + 0] sa0 = (float4) g_v3AmbientDiffuse
[12:39:03.406] |D| [shader::create_fragment_inputs]: Iterator: pa0 = (float4) v_Color0
[12:39:03.407] |T| [shader::create_fragment_inputs]: pa4 = tex2D<float4>(g_Texture0, TEXCOORD0.xy)
[12:39:03.408] |T| [shader::usse::USSERecompiler::compile_code_node]: Compiling code_0, size = 6
[12:39:03.609] |I| [renderer::vulkan::PipelineCache::retrieve_shader]: Generating vulkan spv shader a3059b96ee09e4d5a0cd50ae19747d969a92982dfaba0e92ecc657d88f88d755
[12:39:03.612] |I| [renderer::load_shader_generic]: Generating vert.spv.txt shader a3059b96ee09e4d5a0cd50ae19747d969a92982dfaba0e92ecc657d88f88d755
[12:39:03.615] |D| [shader::create_parameters]: [BUFFER0  + 0] pa0 = (float4) _in_Position0
[12:39:03.616] |D| [shader::create_parameters]: [BUFFER0  + 4] pa4 = (float4) _in_Normal0
[12:39:03.617] |D| [shader::create_parameters]: [BUFFER0  + 8] pa8 = (float4) _in_Color0
[12:39:03.617] |D| [shader::create_parameters]: [DEFAULT  + 0] sa0 = (float4) g_mCamera2Projection[4]
[12:39:03.618] |D| [shader::create_parameters]: [DEFAULT  + 16] sa16 = (float4) g_mObject2World[4]
[12:39:03.619] |D| [shader::create_parameters]: [DEFAULT  + 32] sa32 = (float4) g_mWorld2Camera[4]
[12:39:03.620] |D| [shader::create_parameters]: [DEFAULT  + 48] sa48 = (float4) g_v4NormalisedCenter
[12:39:03.620] |D| [shader::create_parameters]: [DEFAULT  + 52] sa52 = (float4) g_v4NormalisedScale
[12:39:03.621] |T| [shader::usse::USSERecompiler::compile_code_node]: Compiling code_0, size = 52
[12:39:03.658] |T| [shader::usse::USSERecompiler::compile_code_node]: Compiling code_0, size = 17
[12:39:03.679] |I| [renderer::vulkan::PipelineCache::retrieve_shader]: Generating vulkan spv shader 9e6fe27b6da61b9749d4c657be23ae3c77984ab2735a432fafe4c25e715d6495
[12:39:03.683] |I| [renderer::load_shader_generic]: Generating frag.spv.txt shader 9e6fe27b6da61b9749d4c657be23ae3c77984ab2735a432fafe4c25e715d6495
[12:39:03.685] |D| [shader::create_parameters]: [DEFAULT  + 64] sa64 = (float4) g_v3AmbientDiffuse
[12:39:03.686] |D| [shader::create_parameters]: [DEFAULT  + 0] sa0 = (float4) g_avLightParam[16]
[12:39:03.687] |D| [shader::create_parameters]: [DEFAULT  + 68] sa68 = (float4) g_v4Diffuse
[12:39:03.687] |D| [shader::create_parameters]: [DEFAULT  + 72] sa72 = (float4) g_v4Specular
[12:39:03.688] |D| [shader::create_parameters]: [DEFAULT  + 76] sa76 = (float4) g_Parameter
[12:39:03.689] |D| [shader::create_fragment_inputs]: Iterator: pa0 = (float4) v_TexCoord5
[12:39:03.689] |D| [shader::create_fragment_inputs]: Iterator: pa4 = (float4) v_TexCoord7
[12:39:03.690] |D| [shader::create_fragment_inputs]: Iterator: pa8 = (float4) v_Color0
[12:39:03.691] |T| [shader::usse::USSERecompiler::compile_code_node]: Compiling code_0, size = 28
[12:39:10.213] |T| [export_sceNgsPatchCreateRouting]: Patching 0xCA4B800:0:0 to 0xCFAAB10:0
[12:39:10.215] |T| [export_sceNgsPatchCreateRouting]: Patching 0xCA4CD00:0:0 to 0xCFAAB10:0
[12:39:11.101] |T| [export_sceNgsPatchCreateRouting]: Patching 0xCA4B800:0:0 to 0xCFAA070:0
[12:39:11.200] |T| [export_sceNgsPatchCreateRouting]: Patching 0xCA4CD00:0:0 to 0xCFAA070:0
[12:39:17.300] |T| [export_sceNgsPatchCreateRouting]: Patching 0xCA47580:0:0 to 0xCFAAB10:0
[12:39:17.302] |T| [export_sceNgsPatchCreateRouting]: Patching 0xCA48E00:0:0 to 0xCFAAB10:0
[12:39:17.667] |T| [export_sceNgsPatchCreateRouting]: Patching 0xCA48E00:0:0 to 0xCFAA070:0
[12:39:17.733] |T| [export_sceNgsPatchCreateRouting]: Patching 0xCA47580:0:0 to 0xCFAA070:0
[12:39:23.366] |T| [export_sceNgsPatchCreateRouting]: Patching 0xCA46E80:0:0 to 0xCFAAB10:0
[12:39:23.367] |T| [export_sceNgsPatchCreateRouting]: Patching 0xCA47200:0:0 to 0xCFAAB10:0
[12:39:30.666] |T| [export_sceNgsPatchCreateRouting]: Patching 0xCA46E80:0:0 to 0xCFAA070:0
[12:39:30.670] |T| [export_sceNgsPatchCreateRouting]: Patching 0xCA47580:0:0 to 0xCFAAB10:0
[12:39:31.699] |T| [export_sceNgsPatchCreateRouting]: Patching 0xCA46E80:0:0 to 0xCFAAB10:0
[12:39:33.030] |I| [renderer::vulkan::PipelineCache::save_pipeline_cache]: Saving pipeline cache...
[12:39:33.033] |I| [renderer::vulkan::PipelineCache::save_pipeline_cache]: Pipeline cache saved
[12:39:36.965] |T| [export_sceNgsPatchCreateRouting]: Patching 0xCA47200:0:0 to 0xCFAA070:0
[12:39:37.998] |T| [export_sceNgsPatchCreateRouting]: Patching 0xCA46E80:0:0 to 0xCFAA070:0
[12:39:39.065] |T| [export_sceNgsPatchCreateRouting]: Patching 0xCA47900:0:0 to 0xCFAAB10:0
[12:39:39.067] |T| [export_sceNgsPatchCreateRouting]: Patching 0xCA48A80:0:0 to 0xCFAAB10:0
[12:39:39.565] |T| [export_sceNgsPatchCreateRouting]: Patching 0xCA47900:0:0 to 0xCFAA070:0
[12:39:39.932] |T| [export_sceNgsPatchCreateRouting]: Patching 0xCA47580:0:0 to 0xCFAA070:0
[12:39:40.132] |T| [export_sceNgsPatchCreateRouting]: Patching 0xCA48A80:0:0 to 0xCFAA070:0
[12:40:00.266] |T| [export_sceNgsPatchCreateRouting]: Patching 0xCA49180:0:0 to 0xCFAAB10:0
[12:40:00.898] |T| [export_sceNgsPatchCreateRouting]: Patching 0xCA49180:0:0 to 0xCFAA070:0
[12:40:01.165] |T| [export_sceNgsPatchCreateRouting]: Patching 0xCA47580:0:0 to 0xCFAAB10:0
[12:40:01.766] |T| [export_sceNgsPatchCreateRouting]: Patching 0xCA47580:0:0 to 0xCFAA070:0
[12:40:04.764] |T| [export_sceNgsPatchCreateRouting]: Patching 0xCA4D080:0:0 to 0xCFAAB10:0
[12:40:05.331] |T| [export_sceNgsPatchCreateRouting]: Patching 0xCA4D080:0:0 to 0xCFAA070:0
[12:40:05.399] |T| [export_sceNgsPatchCreateRouting]: Patching 0xCA4CD00:0:0 to 0xCFAAB10:0
[12:40:05.400] |T| [export_sceNgsPatchCreateRouting]: Patching 0xCA4DB00:0:0 to 0xCFAAB10:0
[12:40:05.898] |T| [export_sceNgsPatchCreateRouting]: Patching 0xCA4DB00:0:0 to 0xCFAA070:0
[12:40:06.630] |T| [export_sceNgsPatchCreateRouting]: Patching 0xCA4CD00:0:0 to 0xCFAA070:0
[12:40:08.065] |T| [export_sceNgsPatchCreateRouting]: Patching 0xCA47900:0:0 to 0xCFAAB10:0
[12:40:08.067] |T| [export_sceNgsPatchCreateRouting]: Patching 0xCA48A80:0:0 to 0xCFAAB10:0
[12:40:08.665] |T| [export_sceNgsPatchCreateRouting]: Patching 0xCA47200:0:0 to 0xCFAAB10:0
[12:40:08.698] |T| [export_sceNgsPatchCreateRouting]: Patching 0xCA48A80:0:0 to 0xCFAA070:0
[12:40:08.932] |T| [export_sceNgsPatchCreateRouting]: Patching 0xCA47900:0:0 to 0xCFAA070:0
[12:40:09.200] |T| [export_sceNgsPatchCreateRouting]: Patching 0xCA47200:0:0 to 0xCFAA070:0
[12:40:09.599] |T| [export_sceNgsPatchCreateRouting]: Patching 0xCA47580:0:0 to 0xCFAAB10:0
[12:40:09.899] |T| [export_sceNgsPatchCreateRouting]: Patching 0xCA4B100:0:0 to 0xCFAAB10:0
[12:40:09.900] |T| [export_sceNgsPatchCreateRouting]: Patching 0xCA4E200:0:0 to 0xCFAAB10:0
[12:40:09.998] |T| [export_sceNgsPatchCreateRouting]: Patching 0xCA47580:0:0 to 0xCFAA070:0
[12:40:10.999] |T| [export_sceNgsPatchCreateRouting]: Patching 0xCA4E200:0:0 to 0xCFAA070:0
[12:40:11.298] |T| [export_sceNgsPatchCreateRouting]: Patching 0xCA4B100:0:0 to 0xCFAA070:0
[12:40:12.199] |T| [export_sceNgsPatchCreateRouting]: Patching 0xCA49880:0:0 to 0xCFAAB10:0
[12:40:12.732] |T| [export_sceNgsPatchCreateRouting]: Patching 0xCA49880:0:0 to 0xCFAA070:0
[12:40:13.265] |T| [export_sceNgsPatchCreateRouting]: Patching 0xCA4A300:0:0 to 0xCFAAB10:0
[12:40:13.664] |T| [export_sceNgsPatchCreateRouting]: Patching 0xCA4A300:0:0 to 0xCFAA070:0
[12:40:14.265] |T| [export_sceNgsPatchCreateRouting]: Patching 0xCA46E80:0:0 to 0xCFAAB10:0
[12:40:14.267] |T| [export_sceNgsPatchCreateRouting]: Patching 0xCA48E00:0:0 to 0xCFAAB10:0
[12:40:14.764] |T| [export_sceNgsPatchCreateRouting]: Patching 0xCA48E00:0:0 to 0xCFAA070:0
[12:40:15.298] |T| [export_sceNgsPatchCreateRouting]: Patching 0xCA46E80:0:0 to 0xCFAA070:0
[12:40:16.830] |T| [export_sceNgsPatchCreateRouting]: Patching 0xCA49C00:0:0 to 0xCFAAB10:0
[12:40:17.365] |T| [export_sceNgsPatchCreateRouting]: Patching 0xCA49C00:0:0 to 0xCFAA070:0
[12:40:18.264] |T| [export_sceNgsPatchCreateRouting]: Patching 0xCA4BF00:0:0 to 0xCFAAB10:0
[12:40:18.764] |T| [export_sceNgsPatchCreateRouting]: Patching 0xCA4BF00:0:0 to 0xCFAA070:0
[12:40:19.296] |T| [export_sceNgsPatchCreateRouting]: Patching 0xCA49180:0:0 to 0xCFAAB10:0
[12:40:19.298] |T| [export_sceNgsPatchCreateRouting]: Patching 0xCA49500:0:0 to 0xCFAAB10:0
[12:40:19.832] |T| [export_sceNgsPatchCreateRouting]: Patching 0xCA49500:0:0 to 0xCFAA070:0
[12:40:19.864] |T| [export_sceNgsPatchCreateRouting]: Patching 0xCA49180:0:0 to 0xCFAA070:0
[12:40:20.699] |T| [export_sceNgsPatchCreateRouting]: Patching 0xCA46E80:0:0 to 0xCFAAB10:0
[12:40:20.700] |T| [export_sceNgsPatchCreateRouting]: Patching 0xCA48A80:0:0 to 0xCFAAB10:0
[12:40:21.199] |T| [export_sceNgsPatchCreateRouting]: Patching 0xCA48A80:0:0 to 0xCFAA070:0
[12:40:21.764] |T| [export_sceNgsPatchCreateRouting]: Patching 0xCA46E80:0:0 to 0xCFAA070:0
[12:40:22.432] |T| [export_sceNgsPatchCreateRouting]: Patching 0xCA46E80:0:0 to 0xCFAAB10:0
[12:40:22.433] |T| [export_sceNgsPatchCreateRouting]: Patching 0xCA4C980:0:0 to 0xCFAAB10:0
[12:40:23.064] |T| [export_sceNgsPatchCreateRouting]: Patching 0xCA4C980:0:0 to 0xCFAA070:0
[12:40:23.329] |T| [export_sceNgsPatchCreateRouting]: Patching 0xCA46E80:0:0 to 0xCFAA070:0
[12:40:23.734] |E| [open_file]: Missing file at C:/Users/Sam/AppData/Roaming/Vita3K/Vita3K/ux0/user/00/savedata/PCSE00504/SlotParam_0.bin (target path: savedata0:/SlotParam_0.bin)
[12:40:23.736] |W| [io_error_impl]: open_file (sceAppUtilSaveDataSlotGetParam) returned 0x80010002
[12:40:23.755] |T| [open_file]: sceAppUtilSaveDataDataSave: Opening file savedata0:/SaveGame.bin (ux0:/user/00/savedata/PCSE00504/SaveGame.bin), fd: 0x4a
[12:40:23.757] |T| [write_file]: sceAppUtilSaveDataDataSave: Writing to fd: 0x4a, size: 12760
[12:40:23.758] |T| [close_file]: sceAppUtilSaveDataDataSave: Closing file fd: 0x4a
[12:40:23.760] |T| [open_file]: sceAppUtilSaveDataDataSave: Opening file savedata0:/SlotParam_0.bin (ux0:/user/00/savedata/PCSE00504/SlotParam_0.bin), fd: 0x4b
[12:40:23.761] |T| [write_file]: sceAppUtilSaveDataDataSave: Writing to fd: 0x4b, size: 844
[12:40:23.762] |T| [close_file]: sceAppUtilSaveDataDataSave: Closing file fd: 0x4b
[12:40:23.772] |T| [open_file]: sceAppUtilSaveDataSlotGetParam: Opening file savedata0:/SlotParam_0.bin (ux0:/user/00/savedata/PCSE00504/SlotParam_0.bin), fd: 0x4c
[12:40:23.780] |T| [close_file]: sceAppUtilSaveDataSlotGetParam: Closing file fd: 0x4c
[12:40:24.231] |T| [export_sceNgsPatchCreateRouting]: Patching 0xCA4B800:0:0 to 0xCFAAB10:0
[12:40:24.233] |T| [export_sceNgsPatchCreateRouting]: Patching 0xCA4BF00:0:0 to 0xCFAAB10:0
[12:40:24.531] |T| [export_sceNgsPatchCreateRouting]: Patching 0xCA4BF00:0:0 to 0xCFAA070:0
[12:40:25.129] |T| [export_sceNgsPatchCreateRouting]: Patching 0xCA4B800:0:0 to 0xCFAA070:0
[12:40:27.730] |T| [export_sceNgsPatchCreateRouting]: Patching 0xCA47200:0:0 to 0xCFAAB10:0
[12:40:27.731] |T| [export_sceNgsPatchCreateRouting]: Patching 0xCA49180:0:0 to 0xCFAAB10:0
[12:40:28.064] |T| [export_sceNgsPatchCreateRouting]: Patching 0xCA49180:0:0 to 0xCFAA070:0
[12:40:28.265] |T| [export_sceNgsPatchCreateRouting]: Patching 0xCA49880:0:0 to 0xCFAAB10:0
[12:40:28.266] |T| [export_sceNgsPatchCreateRouting]: Patching 0xCA4AD80:0:0 to 0xCFAAB10:0
[12:40:28.330] |T| [export_sceNgsPatchCreateRouting]: Patching 0xCA4B480:0:0 to 0xCFAAB10:0
[12:40:28.331] |T| [export_sceNgsPatchCreateRouting]: Patching 0xCA4C600:0:0 to 0xCFAAB10:0
[12:40:28.597] |T| [export_sceNgsPatchCreateRouting]: Patching 0xCA47200:0:0 to 0xCFAA070:0
[12:40:28.599] |T| [export_sceNgsPatchCreateRouting]: Patching 0xCA4AD80:0:0 to 0xCFAA070:0
[12:40:28.664] |T| [export_sceNgsPatchCreateRouting]: Patching 0xCA4C600:0:0 to 0xCFAA070:0
[12:40:29.264] |T| [export_sceNgsPatchCreateRouting]: Patching 0xCA49880:0:0 to 0xCFAA070:0
[12:40:29.330] |T| [export_sceNgsPatchCreateRouting]: Patching 0xCA4B480:0:0 to 0xCFAA070:0
[12:40:30.897] |I| [export_sceIoOpen]: Opening file: app0:SKY_StarField_03.block
[12:40:30.899] |T| [open_file]: sceIoOpen: Opening file app0:SKY_StarField_03.block (ux0:/app/PCSE00504/SKY_StarField_03.block), fd: 0x4d
[12:40:31.302] |T| [close_file]: sceIoClose: Closing file fd: 0x4d
[12:40:32.051] |T| [close_file]: sceIoClose: Closing file fd: 0x48
[12:40:32.052] |I| [export_sceIoOpen]: Opening file: app0:Spaceship_Ambient.at9
[12:40:32.054] |T| [open_file]: sceIoOpen: Opening file app0:Spaceship_Ambient.at9 (ux0:/app/PCSE00504/Spaceship_Ambient.at9), fd: 0x4e
[12:40:32.056] |T| [close_file]: sceIoClose: Closing file fd: 0x49
[12:40:32.057] |I| [export_sceIoOpen]: Opening file: app0:GoodbyeFaithfulKingdom.at9
[12:40:32.058] |T| [open_file]: sceIoOpen: Opening file app0:GoodbyeFaithfulKingdom.at9 (ux0:/app/PCSE00504/GoodbyeFaithfulKingdom.at9), fd: 0x4f
[12:40:39.962] |T| [export_sceNgsPatchCreateRouting]: Patching 0xCA47580:0:0 to 0xCFAAB10:0
[12:41:00.228] |T| [export_sceNgsPatchCreateRouting]: Patching 0xCA47900:0:0 to 0xCFAAB10:0
[12:41:06.261] |I| [export_sceIoOpen]: Opening file: app0:SKY_StarField_VR.block
[12:41:06.274] |T| [open_file]: sceIoOpen: Opening file app0:SKY_StarField_VR.block (ux0:/app/PCSE00504/SKY_StarField_VR.block), fd: 0x50
[12:41:06.276] |I| [export_sceIoOpen]: Opening file: app0:LVL_VR_01.block
[12:41:06.283] |T| [open_file]: sceIoOpen: Opening file app0:LVL_VR_01.block (ux0:/app/PCSE00504/LVL_VR_01.block), fd: 0x51
[12:41:06.286] |T| [close_file]: sceIoClose: Closing file fd: 0x50
[12:41:06.289] |T| [close_file]: sceIoClose: Closing file fd: 0x51
[12:41:06.900] |T| [export_sceNgsPatchCreateRouting]: Patching 0xCA47580:0:0 to 0xCFAA070:0
[12:41:06.977] |T| [close_file]: sceIoClose: Closing file fd: 0x4e
[12:41:06.979] |I| [export_sceIoOpen]: Opening file: app0:VR_Mode.at9
[12:41:06.992] |T| [open_file]: sceIoOpen: Opening file app0:VR_Mode.at9 (ux0:/app/PCSE00504/VR_Mode.at9), fd: 0x52
[12:41:06.995] |T| [close_file]: sceIoClose: Closing file fd: 0x4f
[12:41:06.995] |I| [export_sceIoOpen]: Opening file: app0:amb_vrmode_loop.at9
[12:41:07.004] |T| [open_file]: sceIoOpen: Opening file app0:amb_vrmode_loop.at9 (ux0:/app/PCSE00504/amb_vrmode_loop.at9), fd: 0x53
[12:41:07.924] |T| [export_sceNgsPatchCreateRouting]: Patching 0xCA47900:0:0 to 0xCFAA070:0
[12:41:12.926] |T| [export_sceNgsPatchCreateRouting]: Patching 0xCA47900:0:0 to 0xCFAAB10:0
[12:41:12.928] |T| [export_sceNgsPatchCreateRouting]: Patching 0xCA48000:0:0 to 0xCFAAB10:0
[12:41:18.027] |T| [export_sceNgsPatchCreateRouting]: Patching 0xCA47C80:0:0 to 0xCFAAB10:0
[12:41:20.093] |T| [export_sceNgsPatchCreateRouting]: Patching 0xCA48380:0:0 to 0xCFAAB10:0
[12:41:27.792] |T| [export_sceNgsPatchCreateRouting]: Patching 0xCA47900:0:0 to 0xCFAA070:0
[12:41:28.290] |T| [export_sceNgsPatchCreateRouting]: Patching 0xCA47C80:0:0 to 0xCFAA070:0
[12:41:28.691] |T| [export_sceNgsPatchCreateRouting]: Patching 0xCA48000:0:0 to 0xCFAA070:0
[12:41:28.693] |T| [export_sceNgsPatchCreateRouting]: Patching 0xCA48380:0:0 to 0xCFAA070:0
[12:41:41.724] |T| [export_sceNgsPatchCreateRouting]: Patching 0xCA47C80:0:0 to 0xCFAAB10:0
[12:41:42.126] |T| [export_sceNgsPatchCreateRouting]: Patching 0xCA48380:0:0 to 0xCFAAB10:0
[12:41:42.925] |T| [export_sceNgsPatchCreateRouting]: Patching 0xCA47900:0:0 to 0xCFAAB10:0
[12:41:43.557] |T| [export_sceNgsPatchCreateRouting]: Patching 0xCA47900:0:0 to 0xCFAA070:0
[12:41:43.657] |T| [export_sceNgsPatchCreateRouting]: Patching 0xCA48380:0:0 to 0xCFAA070:0
[12:41:44.423] |T| [export_sceNgsPatchCreateRouting]: Patching 0xCA47C80:0:0 to 0xCFAA070:0
[12:41:44.991] |T| [export_sceNgsPatchCreateRouting]: Patching 0xCA47900:0:0 to 0xCFAAB10:0
[12:41:44.993] |T| [export_sceNgsPatchCreateRouting]: Patching 0xCA48E00:0:0 to 0xCFAAB10:0
[12:41:45.524] |T| [export_sceNgsPatchCreateRouting]: Patching 0xCA47900:0:0 to 0xCFAA070:0
[12:41:46.057] |T| [export_sceNgsPatchCreateRouting]: Patching 0xCA47C80:0:0 to 0xCFAAB10:0
[12:41:46.092] |T| [export_sceNgsPatchCreateRouting]: Patching 0xCA48A80:0:0 to 0xCFAAB10:0
[12:41:46.093] |T| [export_sceNgsPatchCreateRouting]: Patching 0xCA49180:0:0 to 0xCFAAB10:0
[12:41:46.890] |T| [export_sceNgsPatchCreateRouting]: Patching 0xCA47C80:0:0 to 0xCFAA070:0
[12:41:50.323] |T| [export_sceNgsPatchCreateRouting]: Patching 0xCA48A80:0:0 to 0xCFAA070:0
[12:41:52.024] |T| [export_sceNgsPatchCreateRouting]: Patching 0xCA48E00:0:0 to 0xCFAA070:0
[12:41:52.026] |T| [export_sceNgsPatchCreateRouting]: Patching 0xCA49180:0:0 to 0xCFAA070:0
[12:41:54.124] |T| [export_sceNgsPatchCreateRouting]: Patching 0xCA48A80:0:0 to 0xCFAAB10:0
[12:41:55.091] |T| [export_sceNgsPatchCreateRouting]: Patching 0xCA48A80:0:0 to 0xCFAA070:0
[12:41:55.423] |T| [export_sceNgsPatchCreateRouting]: Patching 0xCA47C80:0:0 to 0xCFAAB10:0
[12:41:55.956] |T| [export_sceNgsPatchCreateRouting]: Patching 0xCA47C80:0:0 to 0xCFAA070:0
[12:41:56.157] |T| [export_sceNgsPatchCreateRouting]: Patching 0xCA48A80:0:0 to 0xCFAAB10:0
[12:41:56.158] |T| [export_sceNgsPatchCreateRouting]: Patching 0xCA48E00:0:0 to 0xCFAAB10:0
[12:41:56.857] |T| [export_sceNgsPatchCreateRouting]: Patching 0xCA48A80:0:0 to 0xCFAA070:0
[12:41:56.890] |T| [export_sceNgsPatchCreateRouting]: Patching 0xCA48E00:0:0 to 0xCFAA070:0
[12:41:57.191] |T| [export_sceNgsPatchCreateRouting]: Patching 0xCA48A80:0:0 to 0xCFAAB10:0
[12:41:58.190] |T| [export_sceNgsPatchCreateRouting]: Patching 0xCA48A80:0:0 to 0xCFAA070:0
[12:42:06.924] |T| [export_sceNgsPatchCreateRouting]: Patching 0xCA49500:0:0 to 0xCFAAB10:0
[12:42:06.925] |T| [export_sceNgsPatchCreateRouting]: Patching 0xCA49880:0:0 to 0xCFAAB10:0
[12:42:07.857] |T| [export_sceNgsPatchCreateRouting]: Patching 0xCA48700:0:0 to 0xCFAAB10:0
[12:42:08.056] |T| [export_sceNgsPatchCreateRouting]: Patching 0xCA49500:0:0 to 0xCFAA070:0
[12:42:08.058] |T| [export_sceNgsPatchCreateRouting]: Patching 0xCA49C00:0:0 to 0xCFAAB10:0
[12:42:08.256] |T| [export_sceNgsPatchCreateRouting]: Patching 0xCA48700:0:0 to 0xCFAA070:0
[12:42:08.656] |T| [export_sceNgsPatchCreateRouting]: Patching 0xCA49C00:0:0 to 0xCFAA070:0
[12:42:10.157] |T| [export_sceNgsPatchCreateRouting]: Patching 0xCA49500:0:0 to 0xCFAAB10:0
[12:42:10.159] |T| [export_sceNgsPatchCreateRouting]: Patching 0xCA49880:0:0 to 0xCFAA070:0
[12:42:10.758] |T| [export_sceNgsPatchCreateRouting]: Patching 0xCA49500:0:0 to 0xCFAA070:0
[12:42:10.890] |T| [export_sceNgsPatchCreateRouting]: Patching 0xCA47900:0:0 to 0xCFAAB10:0
[12:42:11.390] |T| [export_sceNgsPatchCreateRouting]: Patching 0xCA47900:0:0 to 0xCFAA070:0
[12:42:11.658] |T| [export_sceNgsPatchCreateRouting]: Patching 0xCA47C80:0:0 to 0xCFAAB10:0
[12:42:11.659] |T| [export_sceNgsPatchCreateRouting]: Patching 0xCA48000:0:0 to 0xCFAAB10:0
[12:42:11.660] |T| [export_sceNgsPatchCreateRouting]: Patching 0xCA48380:0:0 to 0xCFAAB10:0
[12:42:12.257] |T| [export_sceNgsPatchCreateRouting]: Patching 0xCA48000:0:0 to 0xCFAA070:0
[12:42:12.289] |T| [export_sceNgsPatchCreateRouting]: Patching 0xCA48380:0:0 to 0xCFAA070:0
[12:42:12.689] |T| [export_sceNgsPatchCreateRouting]: Patching 0xCA47C80:0:0 to 0xCFAA070:0
[12:42:23.956] |T| [export_sceNgsPatchCreateRouting]: Patching 0xCA48700:0:0 to 0xCFAAB10:0
[12:42:24.690] |T| [export_sceNgsPatchCreateRouting]: Patching 0xCA48700:0:0 to 0xCFAA070:0
[12:42:26.055] |T| [export_sceNgsPatchCreateRouting]: Patching 0xCA48A80:0:0 to 0xCFAAB10:0
[12:42:26.222] |T| [export_sceNgsPatchCreateRouting]: Patching 0xCA48000:0:0 to 0xCFAAB10:0
[12:42:26.223] |T| [export_sceNgsPatchCreateRouting]: Patching 0xCA48380:0:0 to 0xCFAAB10:0
[12:42:26.523] |T| [export_sceNgsPatchCreateRouting]: Patching 0xCA48A80:0:0 to 0xCFAA070:0
[12:42:26.790] |T| [export_sceNgsPatchCreateRouting]: Patching 0xCA48380:0:0 to 0xCFAA070:0
[12:42:27.421] |T| [export_sceNgsPatchCreateRouting]: Patching 0xCA48000:0:0 to 0xCFAA070:0
[12:42:31.024] |T| [export_sceNgsPatchCreateRouting]: Patching 0xCA47900:0:0 to 0xCFAAB10:0
[12:42:31.029] |T| [open_file]: sceAppUtilSaveDataSlotGetParam: Opening file savedata0:/SlotParam_0.bin (ux0:/user/00/savedata/PCSE00504/SlotParam_0.bin), fd: 0x54
[12:42:31.031] |T| [close_file]: sceAppUtilSaveDataSlotGetParam: Closing file fd: 0x54
[12:42:31.051] |T| [open_file]: sceAppUtilSaveDataDataSave: Opening file savedata0:/SaveGame.bin (ux0:/user/00/savedata/PCSE00504/SaveGame.bin), fd: 0x55
[12:42:31.055] |T| [write_file]: sceAppUtilSaveDataDataSave: Writing to fd: 0x55, size: 12760
[12:42:31.064] |T| [close_file]: sceAppUtilSaveDataDataSave: Closing file fd: 0x55
[12:42:31.065] |T| [open_file]: sceAppUtilSaveDataDataSave: Opening file savedata0:/SlotParam_0.bin (ux0:/user/00/savedata/PCSE00504/SlotParam_0.bin), fd: 0x56
[12:42:31.066] |T| [write_file]: sceAppUtilSaveDataDataSave: Writing to fd: 0x56, size: 844
[12:42:31.067] |T| [close_file]: sceAppUtilSaveDataDataSave: Closing file fd: 0x56
[12:42:31.078] |T| [open_file]: sceAppUtilSaveDataSlotGetParam: Opening file savedata0:/SlotParam_0.bin (ux0:/user/00/savedata/PCSE00504/SlotParam_0.bin), fd: 0x57
[12:42:31.080] |T| [close_file]: sceAppUtilSaveDataSlotGetParam: Closing file fd: 0x57
[12:42:36.185] |T| [close_file]: sceIoClose: Closing file fd: 0x52
[12:42:36.186] |I| [export_sceIoOpen]: Opening file: app0:Jingle_Victory.at9
[12:42:36.197] |T| [open_file]: sceIoOpen: Opening file app0:Jingle_Victory.at9 (ux0:/app/PCSE00504/Jingle_Victory.at9), fd: 0x58
[12:42:59.269] |I| [renderer::vulkan::PipelineCache::save_pipeline_cache]: Saving pipeline cache...
[12:42:59.271] |I| [renderer::vulkan::PipelineCache::save_pipeline_cache]: Pipeline cache saved
