[09:47:12.186] |I| [config::init_config]: backend-renderer: Vulkan
[09:47:12.207] |I| [config::init_config]: log-level: 0
[09:47:12.508] |I| [SDL_main]: Vita3K v0.1.8 3164-c453f24c
[09:47:12.602] |I| [SDL_main]: Number of logical CPU cores: 2
[09:47:12.605] |I| [SDL_main]: Available ram memory: 3959 MiB
[09:47:12.996] |I| [renderer::vulkan::VKState::create]: Enabling vulkan validation layers (has a performance impact but allows better error messages)
[09:47:13.592] |I| [renderer::vulkan::VKState::create]: Vulkan device: Intel(R) HD Graphics 500
[09:47:13.596] |I| [renderer::vulkan::VKState::create]: Driver version: 101.2111
[09:47:13.598] |I| [renderer::vulkan::VKState::create]: Memory mapping is enabled
[09:47:13.665] |I| [renderer::vulkan::ScreenRenderer::setup]: Present mode: Fifo
[09:47:15.080] |W| [compat::load_compat_app_db]: App with Title ID PCSE00339 has an issue but no status label. Please check GitHub issue 1510 and request a status label be added.
[09:47:15.120] |W| [compat::load_compat_app_db]: App with Title ID PCSE00447 has an issue but no status label. Please check GitHub issue 1508 and request a status label be added.
[09:47:15.121] |W| [compat::load_compat_app_db]: App with Title ID PCSE00873 has an issue but no status label. Please check GitHub issue 1507 and request a status label be added.
[09:47:15.121] |W| [compat::load_compat_app_db]: App with Title ID PCSE00103 has an issue but no status label. Please check GitHub issue 1506 and request a status label be added.
[09:47:15.543] |I| [compat::update_compat_app_db]: Applications compatibility database is up to date.
[09:49:55.187] |I| [load_app_impl]: cpu-backend: Dynarmic
[09:49:55.188] |I| [load_app_impl]: CPU Optimisation state: true
[09:49:55.188] |I| [load_app_impl]: ngs state: true
[09:49:55.189] |I| [load_app_impl]: Resolution multiplier: 1
[09:49:55.190] |I| [load_app_impl]: modules mode: Automatic
[09:49:55.191] |I| [load_app_impl]: Title: Halloween Forever
[09:49:55.191] |I| [load_app_impl]: Serial: PCSE01258
[09:49:55.192] |I| [load_app_impl]: Version: 1.00
[09:49:55.192] |I| [load_app_impl]: Category: gd
[09:49:55.416] |I| [load_self]: app0:sce_module/libc.suprx: Skipping special segment 0x6fffff01...
[09:49:55.418] |I| [load_self]: Loaded module segment 0 @ [0x00005000 - 0x0005691C / 0x81000000] (size: 0x0005191C) of module app0:sce_module/libc.suprx
[09:49:55.419] |I| [load_self]: Loaded module segment 1 @ [0x00057000 - 0x000598A0 / 0x81052000] (size: 0x000028A0) of module app0:sce_module/libc.suprx
[09:49:55.423] |I| [load_self]: Linking SELF app0:sce_module/libc.suprx...
[09:49:55.426] |D| [load_var_exports]: 	NID 0x936c8a78 (SYSLYB) at 0x4c38c
[09:49:55.427] |D| [load_var_exports]: 	NID 0x6c2224ba (NID_MODULE_INFO) at 0x41550
[09:49:55.440] |I| [pre_load_module]: Pre-load module SceLibc (at "sce_module/libc.suprx") loaded
[09:49:55.545] |I| [load_self]: app0:sce_module/libfios2.suprx: Skipping special segment 0x6fffff01...
[09:49:55.547] |I| [load_self]: Loaded module segment 0 @ [0x0005A000 - 0x00086CBF / 0x81000000] (size: 0x0002CCBF) of module app0:sce_module/libfios2.suprx
[09:49:55.551] |I| [load_self]: Loaded module segment 1 @ [0x00087000 - 0x0008C255 / 0x8102D000] (size: 0x00005255) of module app0:sce_module/libfios2.suprx
[09:49:55.552] |I| [load_self]: Linking SELF app0:sce_module/libfios2.suprx...
[09:49:55.553] |D| [load_var_exports]: 	NID 0x936c8a78 (SYSLYB) at 0x86bc8
[09:49:55.556] |D| [load_var_exports]: 	NID 0x6c2224ba (NID_MODULE_INFO) at 0x7df08
[09:49:55.559] |I| [pre_load_module]: Pre-load module SceLibFios2 (at "sce_module/libfios2.suprx") loaded
[09:49:55.656] |I| [load_self]: app0:sce_module/libult.suprx: Skipping special segment 0x6fffff01...
[09:49:55.659] |I| [load_self]: Loaded module segment 0 @ [0x0008D000 - 0x000A09BC / 0x81000000] (size: 0x000139BC) of module app0:sce_module/libult.suprx
[09:49:55.662] |I| [load_self]: Loaded module segment 1 @ [0x000A1000 - 0x000A1814 / 0x81014000] (size: 0x00000814) of module app0:sce_module/libult.suprx
[09:49:55.666] |I| [load_self]: Linking SELF app0:sce_module/libult.suprx...
[09:49:55.671] |D| [load_var_exports]: 	NID 0x936c8a78 (SYSLYB) at 0x9f2e8
[09:49:55.673] |D| [load_var_exports]: 	NID 0x6c2224ba (NID_MODULE_INFO) at 0x9c870
[09:49:55.677] |I| [pre_load_module]: Pre-load module SceUlt (at "sce_module/libult.suprx") loaded
[09:49:55.785] |I| [load_self]: Loaded module segment 0 @ [0x000A2000 - 0x000F2F04 / 0x81000000] (size: 0x00050F04) of module vs0:sys/external/libSceFt2.suprx
[09:49:55.789] |I| [load_self]: Loaded module segment 1 @ [0x000F3000 - 0x000F32F4 / 0x81051000] (size: 0x000002F4) of module vs0:sys/external/libSceFt2.suprx
[09:49:55.793] |I| [load_self]: Linking SELF vs0:sys/external/libSceFt2.suprx...
[09:49:55.795] |D| [load_var_exports]: 	NID 0x936c8a78 (SYSLYB) at 0xde7dc
[09:49:55.797] |D| [load_var_exports]: 	NID 0x6c2224ba (NID_MODULE_INFO) at 0xddf10
[09:49:55.798] |I| [pre_load_module]: Pre-load module SceLibft2 (at "sys/external/libSceFt2.suprx") loaded
[09:49:55.852] |I| [load_self]: Loaded module segment 0 @ [0x000F4000 - 0x00103F14 / 0x81000000] (size: 0x0000FF14) of module vs0:sys/external/libpvf.suprx
[09:49:55.856] |I| [load_self]: Loaded module segment 1 @ [0x00104000 - 0x00104008 / 0x81010000] (size: 0x00000008) of module vs0:sys/external/libpvf.suprx
[09:49:55.859] |I| [load_self]: Linking SELF vs0:sys/external/libpvf.suprx...
[09:49:55.861] |D| [load_var_exports]: 	NID 0x936c8a78 (SYSLYB) at 0x102710
[09:49:55.863] |D| [load_var_exports]: 	NID 0x6c2224ba (NID_MODULE_INFO) at 0x102300
[09:49:55.864] |I| [pre_load_module]: Pre-load module SceLibPvf (at "sys/external/libpvf.suprx") loaded
[09:49:56.413] |I| [load_self]: app0:eboot.bin: Skipping special segment 0x6fffff01...
[09:49:56.416] |I| [load_self]: Loaded module segment 0 @ [0x00105000 - 0x004279CC / 0x81000000] (size: 0x003229CC) of module app0:eboot.bin
[09:49:56.418] |I| [load_self]: Loaded module segment 1 @ [0x00428000 - 0x00898488 / 0x81323000] (size: 0x00470488) of module app0:eboot.bin
[09:49:56.422] |I| [load_self]: Linking SELF app0:eboot.bin...
[09:49:56.426] |D| [load_var_exports]: 	NID 0x6c2224ba (NID_MODULE_INFO) at 0x342428
[09:49:56.428] |D| [load_var_exports]: 	NID 0x70fba1e7 (SCE_PROC_PARAMS) at 0x4b1f8c
[09:49:56.432] |D| [load_var_exports]: 	NID 0x936c8a78 (SYSLYB) at 0x424e0c
[09:49:56.481] |I| [load_app_impl]: Main executable PSVitaRunner (eboot.bin) loaded
[09:49:56.697] |D| [run_app]: Running module_start of library: SceLibc at address 0x5871
[09:49:56.887] |T| [open_file]: sceKernelGetStdin: Opening terminal tty0:
[09:49:56.889] |T| [open_file]: sceKernelGetStdout: Opening terminal tty0:
[09:49:56.892] |T| [open_file]: sceKernelGetStderr: Opening terminal tty0:
[09:49:56.942] |I| [run_app]: Module SceLibc (at "app0:sce_module/libc.suprx") module_start returned 0x0
[09:49:56.956] |D| [run_app]: Running module_start of library: SceLibFios2 at address 0x5a001
[09:49:57.021] |W| [stubbed_impl]: Stubbed sceKernelGetProcessId import called. (pid: 0)
[09:49:57.030] |I| [run_app]: Module SceLibFios2 (at "app0:sce_module/libfios2.suprx") module_start returned 0x0
[09:49:57.053] |D| [run_app]: Running module_start of library: SceUlt at address 0x90771
[09:49:57.122] |W| [unimplemented_impl]: Unimplemented _sceUlobjMgrRegisterLibultProtocolRevision import called.
[09:49:57.126] |I| [run_app]: Module SceUlt (at "app0:sce_module/libult.suprx") module_start returned 0x0
[09:49:57.291] |W| [unimplemented_impl]: Unimplemented sceAppUtilInit import called.
[09:49:57.417] |C| [renderer::vulkan::VKState::map_memory]: No coherent memory available for memory mapping, this may be caused by an old driver!
[09:49:57.463] |W| [stubbed_impl]: Stubbed sceGxmMapFragmentUsseMemory import called. (always return success)
[09:49:57.645] |W| [stubbed_impl]: Stubbed sceGxmMapVertexUsseMemory import called. (always return success)
[09:49:57.747] |I| [load_module]: Loading module ID: 0x4
[09:49:57.779] |I| [load_self]: sys/external/libhttp.suprx: Skipping special segment 0x6fffff01...
[09:49:57.781] |I| [load_self]: Loaded module segment 0 @ [0x019D1000 - 0x019EE150 / 0x81000000] (size: 0x0001D150) of module sys/external/libhttp.suprx
[09:49:57.785] |I| [load_self]: Loaded module segment 1 @ [0x009E5000 - 0x009E5640 / 0x8101E000] (size: 0x00000640) of module sys/external/libhttp.suprx
[09:49:57.789] |I| [load_self]: Linking SELF sys/external/libhttp.suprx...
[09:49:57.803] |D| [load_var_exports]: 	NID 0x936c8a78 (SYSLYB) at 0x19ece68
[09:49:57.805] |D| [load_var_exports]: 	NID 0x6c2224ba (NID_MODULE_INFO) at 0x19e9ca0
[09:49:57.810] |I| [load_module]: Module SceLibHttp (at "sys/external/libhttp.suprx") loaded
[09:49:57.815] |D| [load_module]: Running module_start of module: SceLibHttp
[09:49:57.818] |I| [load_module]: Module SceLibHttp (at "sys/external/libhttp.suprx") module_start returned 0x0
[09:49:57.876] |I| [load_self]: Loaded module segment 0 @ [0x019EF000 - 0x01A55EA4 / 0x81000000] (size: 0x00066EA4) of module sys/external/libssl.suprx
[09:49:57.882] |I| [load_self]: Loaded module segment 1 @ [0x01821000 - 0x01826188 / 0x81067000] (size: 0x00005188) of module sys/external/libssl.suprx
[09:49:57.887] |I| [load_self]: Linking SELF sys/external/libssl.suprx...
[09:49:57.888] |D| [load_var_exports]: 	NID 0x936c8a78 (SYSLYB) at 0x1a419b0
[09:49:57.891] |D| [load_var_exports]: 	NID 0x6c2224ba (NID_MODULE_INFO) at 0x1a3bc70
[09:49:57.894] |I| [load_module]: Module SceLibSsl (at "sys/external/libssl.suprx") loaded
[09:49:57.930] |W| [stubbed_impl]: Stubbed sceNetCtlInit import called. (Stub)
[09:49:57.988] |T| [log_import_call]: [LLE] TID: 7   FUNC: 0x3c733316 sceSslInit at 0x341278
[09:49:58.009] |T| [write_file]: *** TTY: libnetctl event: Disconnected
[09:49:58.017] |W| [stubbed_impl]: Stubbed sceNetCtlInetGetState import called. (state = SCE_NETCTL_STATE_CONNECTED)
[09:49:58.018] |T| [log_import_call]: [LLE] TID: 7   FUNC: 0x214926d9 sceHttpInit at 0x3412c8
[09:49:58.022] |T| [write_file]: *** TTY: libnetctl event: Disconnected, state = IPObtained
[09:49:58.045] |T| [write_file]: *** TTY: PLATFORM_Init!
[09:49:58.049] |T| [write_file]: *** TTY: ***************************************
[09:49:58.055] |T| [write_file]: *** TTY: *     YoYo Games PSVita Runner V1.0    *
[09:49:58.061] |T| [write_file]: *** TTY: ***************************************	 
[09:49:58.075] |T| [write_file]: *** TTY: CommandLine: 
[09:49:58.083] |T| [write_file]: *** TTY: MemoryManager allocated: 2780064
[09:49:58.106] |T| [write_file]: *** TTY: libnetctl event: result = 0x0
[09:49:58.110] |W| [stubbed_impl]: Stubbed sceNetCtlCheckCallback import called. (Stub)
[09:49:58.279] |T| [write_file]: *** TTY: Finished Init
[09:49:58.294] |T| [log_import_call]: [LLE] TID: 7   FUNC: 0xee681e1d sceFiosFHOpenWithModeSync at 0x41530
[09:49:58.297] |I| [export_sceIoOpen]: Opening file: app0:/games/game.win
[09:49:58.415] |T| [open_file]: sceIoOpen: Opening file app0:/games/game.win (ux0:/app/PCSE01258/games/game.win), fd: 0x3
[09:49:58.423] |T| [log_import_call]: [LLE] TID: 7   FUNC: 0x45182328 sceFiosFHCloseSync at 0x41490
[09:49:58.426] |T| [close_file]: sceIoClose: Closing file fd: 0x3
[09:49:58.435] |I| [export_sceIoOpen]: Opening file: savedata0:/app0:/games/options.ini
[09:49:58.669] |T| [open_file]: sceIoOpen: Opening file savedata0:/app0:/games/options.ini (ux0:/app/PCSE01258/games/options.ini), fd: 0x4
[09:49:58.677] |T| [close_file]: sceIoClose: Closing file fd: 0x4
[09:49:58.680] |I| [export_sceIoOpen]: Opening file: savedata0:/app0:/games/options.ini
[09:49:58.684] |T| [open_file]: sceIoOpen: Opening file savedata0:/app0:/games/options.ini (ux0:/app/PCSE01258/games/options.ini), fd: 0x5
[09:49:58.689] |T| [close_file]: sceIoClose: Closing file fd: 0x5
[09:49:58.694] |I| [export_sceIoOpen]: Opening file: savedata0:/app0:/games/options.ini
[09:49:58.696] |T| [open_file]: sceIoOpen: Opening file savedata0:/app0:/games/options.ini (ux0:/app/PCSE01258/games/options.ini), fd: 0x6
[09:49:58.717] |T| [log_import_call]: [LLE] TID: 7   FUNC: 0xa75f3c4a sceFiosFHSeek at 0x414d0
[09:49:58.732] |T| [log_import_call]: [LLE] TID: 7   FUNC: 0xb309e327 sceFiosIsValidHandle at 0x414f0
[09:49:58.750] |T| [log_import_call]: [LLE] TID: 7   FUNC: 0x76945919 sceFiosFHReadSync at 0x414b0
[09:49:58.755] |T| [close_file]: sceIoClose: Closing file fd: 0x6
[09:49:58.777] |I| [export_sceIoOpen]: Opening file: app0:/games/game.yydebug
[09:49:58.780] |E| [open_file]: Missing file at D:/GAMESANDEMULATORS/Vita3K/storage/ux0/app/PCSE01258/games/game.yydebug (target path: app0:/games/game.yydebug)
[09:49:58.784] |W| [io_error_impl]: open_file (sceIoOpen) returned 0x80010002
[09:49:58.789] |I| [export_sceIoOpen]: Opening file: app0:/games/game.win
[09:49:58.794] |T| [open_file]: sceIoOpen: Opening file app0:/games/game.win (ux0:/app/PCSE01258/games/game.win), fd: 0x7
[09:49:59.025] |T| [close_file]: sceIoClose: Closing file fd: 0x7
[09:49:59.046] |I| [export_sceIoOpen]: Opening file: savedata0:/hiscore.dat
[09:49:59.049] |E| [open_file]: Missing file at D:/GAMESANDEMULATORS/Vita3K/storage/ux0/user/00/savedata/PCSE01258/hiscore.dat (target path: savedata0:/hiscore.dat)
[09:49:59.053] |W| [io_error_impl]: open_file (sceIoOpen) returned 0x80010002
[09:49:59.179] |T| [write_file]: *** TTY: Attempting to set gamepadcount to 1
[09:49:59.220] |I| [export_sceIoOpen]: Opening file: savedata0:/playerachievementcache.dat
[09:49:59.225] |E| [open_file]: Missing file at D:/GAMESANDEMULATORS/Vita3K/storage/ux0/user/00/savedata/PCSE01258/playerachievementcache.dat (target path: savedata0:/playerachievementcache.dat)
[09:49:59.230] |W| [io_error_impl]: open_file (sceIoOpen) returned 0x80010002
[09:49:59.301] |W| [stubbed_impl]: Stubbed sceKernelGetFreeMemorySize import called. (Single pool)
[09:49:59.308] |W| [unimplemented_impl]: Unimplemented sceGxmTextureValidate import called.
[09:49:59.773] |W| [unimplemented_impl]: Unimplemented sceAppMgrAcquireBgmPort import called.
[09:50:00.098] |I| [export_sceIoOpen]: Opening file: app0:/games/PSNSampleProj.ini
[09:50:00.100] |E| [open_file]: Missing file at D:/GAMESANDEMULATORS/Vita3K/storage/ux0/app/PCSE01258/games/PSNSampleProj.ini (target path: app0:/games/PSNSampleProj.ini)
[09:50:00.102] |W| [io_error_impl]: open_file (sceIoOpen) returned 0x80010002
[09:50:00.105] |I| [export_sceIoOpen]: Opening file: savedata0:/PSNSampleProj.ini
[09:50:00.106] |E| [open_file]: Missing file at D:/GAMESANDEMULATORS/Vita3K/storage/ux0/user/00/savedata/PCSE01258/PSNSampleProj.ini (target path: savedata0:/PSNSampleProj.ini)
[09:50:00.108] |W| [io_error_impl]: open_file (sceIoOpen) returned 0x80010002
[09:50:00.114] |I| [export_sceIoOpen]: Opening file: app0:/games/options.ini
[09:50:00.116] |T| [open_file]: sceIoOpen: Opening file app0:/games/options.ini (ux0:/app/PCSE01258/games/options.ini), fd: 0x8
[09:50:00.118] |T| [close_file]: sceIoClose: Closing file fd: 0x8
[09:50:00.121] |I| [export_sceIoOpen]: Opening file: savedata0:/options.ini
[09:50:00.122] |E| [open_file]: Missing file at D:/GAMESANDEMULATORS/Vita3K/storage/ux0/user/00/savedata/PCSE01258/options.ini (target path: savedata0:/options.ini)
[09:50:00.128] |W| [io_error_impl]: open_file (sceIoOpen) returned 0x80010002
[09:50:00.130] |I| [export_sceIoOpen]: Opening file: app0:/games/options.ini
[09:50:00.132] |T| [open_file]: sceIoOpen: Opening file app0:/games/options.ini (ux0:/app/PCSE01258/games/options.ini), fd: 0x9
[09:50:00.135] |T| [close_file]: sceIoClose: Closing file fd: 0x9
[09:50:00.140] |T| [write_file]: *** TTY: About to call psn_init_np_libs
[09:50:00.196] |W| [unimplemented_impl]: Unimplemented sceNpBasicInit import called.
[09:50:00.199] |W| [unimplemented_impl]: Unimplemented sceNpLookupInit import called.
[09:50:00.257] |T| [write_file]: *** TTY: Total memory used = 15440966(0x00eb9c46) bytes
[09:50:00.275] |W| [unimplemented_impl]: Unimplemented sceMotionReset import called.
[09:50:00.278] |W| [unimplemented_impl]: Unimplemented sceMotionStartSampling import called.
[09:50:00.282] |W| [stubbed_impl]: Stubbed __sceAppMgrGetAppState import called. (Set to 0.)
[09:50:00.356] |T| [write_file]: *** TTY: -obj_psn_init step
[09:50:00.359] |T| [write_file]: *** TTY: --obj_psn_init step vita
[09:50:00.427] |T| [open_file]: create_trophy_context: Opening file app0:/sce_sys/trophy/NPWR15905_00/TROPHY.TRP (ux0:/app/PCSE01258/sce_sys/trophy/NPWR15905_00/TROPHY.TRP), fd: 0xa
[09:50:00.460] |T| [open_file]: create_trophy_context: Opening file ux0:/user/00/trophy/data/NPWR15905_00/TROPUSR.DAT (ux0:/user/00/trophy/data/NPWR15905_00/TROPUSR.DAT), fd: 0xb
[09:50:00.531] |T| [open_file]: install_trophy_context: Opening file ux0:/user/00/trophy/conf/NPWR15905_00/TROPCONF.SFM (ux0:/user/00/trophy/conf/NPWR15905_00/TROPCONF.SFM), fd: 0xc
[09:50:00.538] |T| [write_file]: install_trophy_context: Writing to fd: 0xc, size: 2614
[09:50:00.539] |T| [close_file]: install_trophy_context: Closing file fd: 0xc
[09:50:00.646] |T| [open_file]: install_trophy_context: Opening file ux0:/user/00/trophy/conf/NPWR15905_00/TROP.SFM (ux0:/user/00/trophy/conf/NPWR15905_00/TROP.SFM), fd: 0xd
[09:50:00.653] |T| [write_file]: install_trophy_context: Writing to fd: 0xd, size: 7270
[09:50:00.654] |T| [close_file]: install_trophy_context: Closing file fd: 0xd
[09:50:00.754] |T| [open_file]: install_trophy_context: Opening file ux0:/user/00/trophy/conf/NPWR15905_00/ICON0.PNG (ux0:/user/00/trophy/conf/NPWR15905_00/ICON0.PNG), fd: 0xe
[09:50:00.764] |T| [write_file]: install_trophy_context: Writing to fd: 0xe, size: 29891
[09:50:00.765] |T| [close_file]: install_trophy_context: Closing file fd: 0xe
[09:50:00.887] |T| [open_file]: install_trophy_context: Opening file ux0:/user/00/trophy/conf/NPWR15905_00/TROP000.PNG (ux0:/user/00/trophy/conf/NPWR15905_00/TROP000.PNG), fd: 0xf
[09:50:00.893] |T| [write_file]: install_trophy_context: Writing to fd: 0xf, size: 175849
[09:50:00.894] |T| [close_file]: install_trophy_context: Closing file fd: 0xf
[09:50:00.967] |T| [open_file]: install_trophy_context: Opening file ux0:/user/00/trophy/conf/NPWR15905_00/TROP001.PNG (ux0:/user/00/trophy/conf/NPWR15905_00/TROP001.PNG), fd: 0x10
[09:50:00.982] |T| [write_file]: install_trophy_context: Writing to fd: 0x10, size: 188448
[09:50:00.987] |T| [close_file]: install_trophy_context: Closing file fd: 0x10
[09:50:01.061] |T| [open_file]: install_trophy_context: Opening file ux0:/user/00/trophy/conf/NPWR15905_00/TROP002.PNG (ux0:/user/00/trophy/conf/NPWR15905_00/TROP002.PNG), fd: 0x11
[09:50:01.070] |T| [write_file]: install_trophy_context: Writing to fd: 0x11, size: 188448
[09:50:01.071] |T| [close_file]: install_trophy_context: Closing file fd: 0x11
[09:50:01.143] |T| [open_file]: install_trophy_context: Opening file ux0:/user/00/trophy/conf/NPWR15905_00/TROP003.PNG (ux0:/user/00/trophy/conf/NPWR15905_00/TROP003.PNG), fd: 0x12
[09:50:01.150] |T| [write_file]: install_trophy_context: Writing to fd: 0x12, size: 188448
[09:50:01.154] |T| [close_file]: install_trophy_context: Closing file fd: 0x12
[09:50:01.236] |T| [open_file]: install_trophy_context: Opening file ux0:/user/00/trophy/conf/NPWR15905_00/TROP004.PNG (ux0:/user/00/trophy/conf/NPWR15905_00/TROP004.PNG), fd: 0x13
[09:50:01.253] |T| [write_file]: install_trophy_context: Writing to fd: 0x13, size: 188448
[09:50:01.256] |T| [close_file]: install_trophy_context: Closing file fd: 0x13
[09:50:01.297] |T| [open_file]: install_trophy_context: Opening file ux0:/user/00/trophy/conf/NPWR15905_00/TROP005.PNG (ux0:/user/00/trophy/conf/NPWR15905_00/TROP005.PNG), fd: 0x14
[09:50:01.303] |T| [write_file]: install_trophy_context: Writing to fd: 0x14, size: 188448
[09:50:01.307] |T| [close_file]: install_trophy_context: Closing file fd: 0x14
[09:50:01.340] |T| [open_file]: install_trophy_context: Opening file ux0:/user/00/trophy/conf/NPWR15905_00/TROP006.PNG (ux0:/user/00/trophy/conf/NPWR15905_00/TROP006.PNG), fd: 0x15
[09:50:01.348] |T| [write_file]: install_trophy_context: Writing to fd: 0x15, size: 188448
[09:50:01.350] |T| [close_file]: install_trophy_context: Closing file fd: 0x15
[09:50:01.444] |T| [open_file]: install_trophy_context: Opening file ux0:/user/00/trophy/conf/NPWR15905_00/TROP007.PNG (ux0:/user/00/trophy/conf/NPWR15905_00/TROP007.PNG), fd: 0x16
[09:50:01.451] |T| [write_file]: install_trophy_context: Writing to fd: 0x16, size: 188448
[09:50:01.452] |T| [close_file]: install_trophy_context: Closing file fd: 0x16
[09:50:01.553] |T| [open_file]: install_trophy_context: Opening file ux0:/user/00/trophy/conf/NPWR15905_00/TROP008.PNG (ux0:/user/00/trophy/conf/NPWR15905_00/TROP008.PNG), fd: 0x17
[09:50:01.562] |T| [write_file]: install_trophy_context: Writing to fd: 0x17, size: 188448
[09:50:01.563] |T| [close_file]: install_trophy_context: Closing file fd: 0x17
[09:50:01.606] |T| [open_file]: install_trophy_context: Opening file ux0:/user/00/trophy/conf/NPWR15905_00/TROP009.PNG (ux0:/user/00/trophy/conf/NPWR15905_00/TROP009.PNG), fd: 0x18
[09:50:01.614] |T| [write_file]: install_trophy_context: Writing to fd: 0x18, size: 188448
[09:50:01.617] |T| [close_file]: install_trophy_context: Closing file fd: 0x18
[09:50:01.684] |T| [open_file]: install_trophy_context: Opening file ux0:/user/00/trophy/conf/NPWR15905_00/TROP010.PNG (ux0:/user/00/trophy/conf/NPWR15905_00/TROP010.PNG), fd: 0x19
[09:50:01.691] |T| [write_file]: install_trophy_context: Writing to fd: 0x19, size: 188448
[09:50:01.694] |T| [close_file]: install_trophy_context: Closing file fd: 0x19
[09:50:01.732] |T| [open_file]: install_trophy_context: Opening file ux0:/user/00/trophy/conf/NPWR15905_00/TROP011.PNG (ux0:/user/00/trophy/conf/NPWR15905_00/TROP011.PNG), fd: 0x1a
[09:50:01.741] |T| [write_file]: install_trophy_context: Writing to fd: 0x1a, size: 188448
[09:50:01.750] |T| [close_file]: install_trophy_context: Closing file fd: 0x1a
[09:50:01.819] |T| [open_file]: install_trophy_context: Opening file ux0:/user/00/trophy/conf/NPWR15905_00/TROP012.PNG (ux0:/user/00/trophy/conf/NPWR15905_00/TROP012.PNG), fd: 0x1b
[09:50:01.826] |T| [write_file]: install_trophy_context: Writing to fd: 0x1b, size: 188448
[09:50:01.829] |T| [close_file]: install_trophy_context: Closing file fd: 0x1b
[09:50:01.925] |T| [open_file]: install_trophy_context: Opening file ux0:/user/00/trophy/conf/NPWR15905_00/TROP013.PNG (ux0:/user/00/trophy/conf/NPWR15905_00/TROP013.PNG), fd: 0x1c
[09:50:01.931] |T| [write_file]: install_trophy_context: Writing to fd: 0x1c, size: 188448
[09:50:01.934] |T| [close_file]: install_trophy_context: Closing file fd: 0x1c
[09:50:01.996] |T| [open_file]: install_trophy_context: Opening file ux0:/user/00/trophy/conf/NPWR15905_00/TROP014.PNG (ux0:/user/00/trophy/conf/NPWR15905_00/TROP014.PNG), fd: 0x1d
[09:50:02.005] |T| [write_file]: install_trophy_context: Writing to fd: 0x1d, size: 188448
[09:50:02.006] |T| [close_file]: install_trophy_context: Closing file fd: 0x1d
[09:50:02.083] |T| [open_file]: install_trophy_context: Opening file ux0:/user/00/trophy/conf/NPWR15905_00/TROP015.PNG (ux0:/user/00/trophy/conf/NPWR15905_00/TROP015.PNG), fd: 0x1e
[09:50:02.090] |T| [write_file]: install_trophy_context: Writing to fd: 0x1e, size: 188448
[09:50:02.092] |T| [close_file]: install_trophy_context: Closing file fd: 0x1e
[09:50:02.132] |T| [open_file]: install_trophy_context: Opening file ux0:/user/00/trophy/conf/NPWR15905_00/TROP016.PNG (ux0:/user/00/trophy/conf/NPWR15905_00/TROP016.PNG), fd: 0x1f
[09:50:02.141] |T| [write_file]: install_trophy_context: Writing to fd: 0x1f, size: 188448
[09:50:02.145] |T| [close_file]: install_trophy_context: Closing file fd: 0x1f
[09:50:02.190] |T| [open_file]: install_trophy_context: Opening file ux0:/user/00/trophy/conf/NPWR15905_00/TROP017.PNG (ux0:/user/00/trophy/conf/NPWR15905_00/TROP017.PNG), fd: 0x20
[09:50:02.198] |T| [write_file]: install_trophy_context: Writing to fd: 0x20, size: 188448
[09:50:02.199] |T| [close_file]: install_trophy_context: Closing file fd: 0x20
[09:50:02.286] |T| [open_file]: install_trophy_context: Opening file ux0:/user/00/trophy/conf/NPWR15905_00/TROP018.PNG (ux0:/user/00/trophy/conf/NPWR15905_00/TROP018.PNG), fd: 0x21
[09:50:02.290] |T| [write_file]: install_trophy_context: Writing to fd: 0x21, size: 188448
[09:50:02.291] |T| [close_file]: install_trophy_context: Closing file fd: 0x21
[09:50:02.336] |T| [open_file]: install_trophy_context: Opening file ux0:/user/00/trophy/conf/NPWR15905_00/TROP019.PNG (ux0:/user/00/trophy/conf/NPWR15905_00/TROP019.PNG), fd: 0x22
[09:50:02.340] |T| [write_file]: install_trophy_context: Writing to fd: 0x22, size: 188448
[09:50:02.342] |T| [close_file]: install_trophy_context: Closing file fd: 0x22
[09:50:02.424] |T| [open_file]: install_trophy_context: Opening file ux0:/user/00/trophy/conf/NPWR15905_00/TROP020.PNG (ux0:/user/00/trophy/conf/NPWR15905_00/TROP020.PNG), fd: 0x23
[09:50:02.431] |T| [write_file]: install_trophy_context: Writing to fd: 0x23, size: 188448
[09:50:02.433] |T| [close_file]: install_trophy_context: Closing file fd: 0x23
[09:50:02.493] |T| [open_file]: install_trophy_context: Opening file ux0:/user/00/trophy/conf/NPWR15905_00/TROP021.PNG (ux0:/user/00/trophy/conf/NPWR15905_00/TROP021.PNG), fd: 0x24
[09:50:02.498] |T| [write_file]: install_trophy_context: Writing to fd: 0x24, size: 188448
[09:50:02.501] |T| [close_file]: install_trophy_context: Closing file fd: 0x24
[09:50:02.563] |T| [open_file]: install_trophy_context: Opening file ux0:/user/00/trophy/conf/NPWR15905_00/TROP022.PNG (ux0:/user/00/trophy/conf/NPWR15905_00/TROP022.PNG), fd: 0x25
[09:50:02.569] |T| [write_file]: install_trophy_context: Writing to fd: 0x25, size: 188448
[09:50:02.571] |T| [close_file]: install_trophy_context: Closing file fd: 0x25
[09:50:02.692] |T| [open_file]: install_trophy_context: Opening file ux0:/user/00/trophy/conf/NPWR15905_00/TROP023.PNG (ux0:/user/00/trophy/conf/NPWR15905_00/TROP023.PNG), fd: 0x26
[09:50:02.700] |T| [write_file]: install_trophy_context: Writing to fd: 0x26, size: 188448
[09:50:02.703] |T| [close_file]: install_trophy_context: Closing file fd: 0x26
[09:50:02.773] |T| [open_file]: install_trophy_context: Opening file ux0:/user/00/trophy/conf/NPWR15905_00/TROP024.PNG (ux0:/user/00/trophy/conf/NPWR15905_00/TROP024.PNG), fd: 0x27
[09:50:02.783] |T| [write_file]: install_trophy_context: Writing to fd: 0x27, size: 188448
[09:50:02.785] |T| [close_file]: install_trophy_context: Closing file fd: 0x27
[09:50:02.816] |T| [open_file]: install_trophy_context: Opening file ux0:/user/00/trophy/conf/NPWR15905_00/TROP025.PNG (ux0:/user/00/trophy/conf/NPWR15905_00/TROP025.PNG), fd: 0x28
[09:50:02.821] |T| [write_file]: install_trophy_context: Writing to fd: 0x28, size: 188448
[09:50:02.825] |T| [close_file]: install_trophy_context: Closing file fd: 0x28
[09:50:02.876] |T| [open_file]: install_trophy_context: Opening file ux0:/user/00/trophy/conf/NPWR15905_00/TROP026.PNG (ux0:/user/00/trophy/conf/NPWR15905_00/TROP026.PNG), fd: 0x29
[09:50:02.883] |T| [write_file]: install_trophy_context: Writing to fd: 0x29, size: 188448
[09:50:02.887] |T| [close_file]: install_trophy_context: Closing file fd: 0x29
[09:50:02.928] |T| [open_file]: install_trophy_context: Opening file ux0:/user/00/trophy/conf/NPWR15905_00/TROP027.PNG (ux0:/user/00/trophy/conf/NPWR15905_00/TROP027.PNG), fd: 0x2a
[09:50:02.935] |T| [write_file]: install_trophy_context: Writing to fd: 0x2a, size: 188448
[09:50:02.938] |T| [close_file]: install_trophy_context: Closing file fd: 0x2a
[09:50:02.971] |T| [open_file]: install_trophy_context: Opening file ux0:/user/00/trophy/conf/NPWR15905_00/TROP028.PNG (ux0:/user/00/trophy/conf/NPWR15905_00/TROP028.PNG), fd: 0x2b
[09:50:02.980] |T| [write_file]: install_trophy_context: Writing to fd: 0x2b, size: 188448
[09:50:02.982] |T| [close_file]: install_trophy_context: Closing file fd: 0x2b
[09:50:03.019] |T| [open_file]: install_trophy_context: Opening file ux0:/user/00/trophy/conf/NPWR15905_00/TROP029.PNG (ux0:/user/00/trophy/conf/NPWR15905_00/TROP029.PNG), fd: 0x2c
[09:50:03.029] |T| [write_file]: install_trophy_context: Writing to fd: 0x2c, size: 188448
[09:50:03.030] |T| [close_file]: install_trophy_context: Closing file fd: 0x2c
[09:50:03.071] |T| [open_file]: install_trophy_context: Opening file ux0:/user/00/trophy/conf/NPWR15905_00/TROP030.PNG (ux0:/user/00/trophy/conf/NPWR15905_00/TROP030.PNG), fd: 0x2d
[09:50:03.078] |T| [write_file]: install_trophy_context: Writing to fd: 0x2d, size: 188448
[09:50:03.081] |T| [close_file]: install_trophy_context: Closing file fd: 0x2d
[09:50:03.135] |T| [open_file]: install_trophy_context: Opening file ux0:/user/00/trophy/conf/NPWR15905_00/TROP031.PNG (ux0:/user/00/trophy/conf/NPWR15905_00/TROP031.PNG), fd: 0x2e
[09:50:03.143] |T| [write_file]: install_trophy_context: Writing to fd: 0x2e, size: 188448
[09:50:03.147] |T| [close_file]: install_trophy_context: Closing file fd: 0x2e
[09:50:03.202] |T| [open_file]: install_trophy_context: Opening file ux0:/user/00/trophy/conf/NPWR15905_00/TROP032.PNG (ux0:/user/00/trophy/conf/NPWR15905_00/TROP032.PNG), fd: 0x2f
[09:50:03.208] |T| [write_file]: install_trophy_context: Writing to fd: 0x2f, size: 188448
[09:50:03.213] |T| [close_file]: install_trophy_context: Closing file fd: 0x2f
[09:50:03.251] |T| [open_file]: install_trophy_context: Opening file ux0:/user/00/trophy/conf/NPWR15905_00/TROP033.PNG (ux0:/user/00/trophy/conf/NPWR15905_00/TROP033.PNG), fd: 0x30
[09:50:03.259] |T| [write_file]: install_trophy_context: Writing to fd: 0x30, size: 188448
[09:50:03.263] |T| [close_file]: install_trophy_context: Closing file fd: 0x30
[09:50:03.373] |T| [open_file]: install_trophy_context: Opening file ux0:/user/00/trophy/conf/NPWR15905_00/TROP034.PNG (ux0:/user/00/trophy/conf/NPWR15905_00/TROP034.PNG), fd: 0x31
[09:50:03.382] |T| [write_file]: install_trophy_context: Writing to fd: 0x31, size: 188448
[09:50:03.384] |T| [close_file]: install_trophy_context: Closing file fd: 0x31
[09:50:03.415] |T| [open_file]: install_trophy_context: Opening file ux0:/user/00/trophy/conf/NPWR15905_00/TROP035.PNG (ux0:/user/00/trophy/conf/NPWR15905_00/TROP035.PNG), fd: 0x32
[09:50:03.421] |T| [write_file]: install_trophy_context: Writing to fd: 0x32, size: 188448
[09:50:03.425] |T| [close_file]: install_trophy_context: Closing file fd: 0x32
[09:50:03.467] |T| [open_file]: install_trophy_context: Opening file ux0:/user/00/trophy/conf/NPWR15905_00/TROP036.PNG (ux0:/user/00/trophy/conf/NPWR15905_00/TROP036.PNG), fd: 0x33
[09:50:03.476] |T| [write_file]: install_trophy_context: Writing to fd: 0x33, size: 188448
[09:50:03.479] |T| [close_file]: install_trophy_context: Closing file fd: 0x33
[09:50:03.510] |T| [open_file]: install_trophy_context: Opening file ux0:/user/00/trophy/conf/NPWR15905_00/TROP037.PNG (ux0:/user/00/trophy/conf/NPWR15905_00/TROP037.PNG), fd: 0x34
[09:50:03.519] |T| [write_file]: install_trophy_context: Writing to fd: 0x34, size: 188448
[09:50:03.520] |T| [close_file]: install_trophy_context: Closing file fd: 0x34
[09:50:03.552] |T| [open_file]: install_trophy_context: Opening file ux0:/user/00/trophy/conf/NPWR15905_00/TROP038.PNG (ux0:/user/00/trophy/conf/NPWR15905_00/TROP038.PNG), fd: 0x35
[09:50:03.559] |T| [write_file]: install_trophy_context: Writing to fd: 0x35, size: 188448
[09:50:03.562] |T| [close_file]: install_trophy_context: Closing file fd: 0x35
[09:50:03.584] |T| [close_file]: create_trophy_context: Closing file fd: 0xb
[09:50:03.586] |T| [export_sceNpTrophyCreateContext]: Trophy context for NPWR15905_00 create successfuly!
[09:50:03.589] |T| [write_file]: *** TTY: Trophy context success
[09:50:03.593] |T| [write_file]: *** TTY: Set up dialog successfully
[09:50:04.599] |I| [renderer::vulkan::PipelineCache::retrieve_shader]: Generating vulkan spv shader 1cfb9c432d8218c2203901a6845be95e9166cc82af857cd070673a10db592b61
[09:50:04.607] |I| [renderer::load_shader_generic]: Generating vert.spv.txt shader 1cfb9c432d8218c2203901a6845be95e9166cc82af857cd070673a10db592b61
[09:50:04.655] |D| [shader::create_parameters]: [BUFFER0  + 0] pa0 = (float4) aPosition
[09:50:04.657] |D| [shader::create_parameters]: [DEFAULT  + 0] sa0 = (float4) color
[09:50:04.664] |T| [shader::usse::USSERecompiler::compile_code_node]: Compiling code_0, size = 5
[09:50:04.759] |I| [renderer::vulkan::PipelineCache::retrieve_shader]: Generating vulkan spv shader 79895d73949938211f8a4258db6866661b8a7b4a31aeb4025d89e378ef6d2e89
[09:50:04.768] |I| [renderer::load_shader_generic]: Generating frag.spv.txt shader 79895d73949938211f8a4258db6866661b8a7b4a31aeb4025d89e378ef6d2e89
[09:50:04.775] |D| [shader::create_fragment_inputs]: Iterator: pa0 = (float4) v_Color0
[09:50:04.782] |T| [shader::usse::USSERecompiler::compile_code_node]: Compiling code_0, size = 2
[09:50:04.958] |I| [renderer::vulkan::PipelineCache::retrieve_shader]: Generating vulkan spv shader 7034422e26fd90a3547dd83d2c7c1f3c9bea2dab615dc3f4b69ddd7b0315fca8
[09:50:04.962] |I| [renderer::load_shader_generic]: Generating vert.spv.txt shader 7034422e26fd90a3547dd83d2c7c1f3c9bea2dab615dc3f4b69ddd7b0315fca8
[09:50:04.967] |D| [shader::create_parameters]: [BUFFER0  + 0] pa0 = (float4) input_aPosition
[09:50:04.967] |D| [shader::create_parameters]: [BUFFER0  + 4] pa4 = (float4) input_aColour
[09:50:04.970] |D| [shader::create_parameters]: [BUFFER0  + 8] pa8 = (float4) input_aTexCoord
[09:50:04.970] |D| [shader::create_parameters]: [DEFAULT  + 0] sa0 = (float4) gm_Matrices[20]
[09:50:04.973] |T| [shader::usse::USSERecompiler::compile_code_node]: Compiling code_0, size = 1
[09:50:04.975] |T| [shader::usse::USSERecompiler::compile_code_node]: Compiling code_0, size = 11
[09:50:05.012] |I| [renderer::vulkan::PipelineCache::retrieve_shader]: Generating vulkan spv shader 2442c70433b841510779a03fe521dc8e9013eab28153db3f92edf83e5ebd4470
[09:50:05.015] |I| [renderer::load_shader_generic]: Generating frag.spv.txt shader 2442c70433b841510779a03fe521dc8e9013eab28153db3f92edf83e5ebd4470
[09:50:05.019] |D| [shader::create_fragment_inputs]: Iterator: pa0 = (float4) v_Color0
[09:50:05.020] |T| [shader::create_fragment_inputs]: pa4 = tex2D<float4>(gm_BaseTexture, TEXCOORD0.xy)
[09:50:05.021] |T| [shader::usse::USSERecompiler::compile_code_node]: Compiling code_0, size = 5
[09:50:05.110] |W| [unimplemented_impl]: Unimplemented sceCommonDialogUpdate import called.
[09:50:05.121] |T| [write_file]: *** TTY: -obj_psn_init step
[09:50:05.122] |T| [write_file]: *** TTY: --obj_psn_init step vita
[09:50:05.125] |T| [write_file]: *** TTY:  sceNpTrophySetupDialogGetResult success
[09:50:05.198] |T| [write_file]: *** TTY: Created init trophy thread ok
[09:50:05.198] |W| [stubbed_impl]: Stubbed sceNpTrophyCreateHandle import called. (Stubbed handle with 1)
[09:50:05.202] |T| [write_file]: *** TTY: ---trophies complete
[09:50:05.226] |T| [write_file]: *** TTY: Received info for 39 trophies 
[09:50:05.232] |W| [stubbed_impl]: Stubbed sceNpTrophyDestroyHandle import called. (Stubbed with SCE_OK)
[09:50:05.232] |T| [write_file]: *** TTY: ****L O A D I N G
[09:50:05.248] |T| [write_file]: *** TTY: LOAD: checking file savefile.sav
[09:50:05.251] |I| [export_sceIoOpen]: Opening file: app0:/games/savefile.sav
[09:50:05.252] |E| [open_file]: Missing file at D:/GAMESANDEMULATORS/Vita3K/storage/ux0/app/PCSE01258/games/savefile.sav (target path: app0:/games/savefile.sav)
[09:50:05.258] |W| [io_error_impl]: open_file (sceIoOpen) returned 0x80010002
[09:50:05.262] |T| [write_file]: *** TTY: LOAD: numFiles 1, numBundleFiles 0
[09:50:05.269] |E| [open_file]: Missing file at D:/GAMESANDEMULATORS/Vita3K/storage/ux0/user/00/savedata/PCSE01258/SlotParam_0.bin (target path: savedata0:/SlotParam_0.bin)
[09:50:05.276] |W| [io_error_impl]: open_file (sceAppUtilSaveDataSlotGetParam) returned 0x80010002
[09:50:05.277] |E| [logging::ret_error_impl]: sceAppUtilSaveDataSlotGetParam returned SCE_APPUTIL_ERROR_SAVEDATA_SLOT_NOT_FOUND (0x80100641)
[09:50:05.308] |I| [export_sceIoOpen]: Opening file: savedata0:/savefile.sav
[09:50:05.319] |E| [open_file]: Missing file at D:/GAMESANDEMULATORS/Vita3K/storage/ux0/user/00/savedata/PCSE01258/savefile.sav (target path: savedata0:/savefile.sav)
[09:50:05.325] |W| [io_error_impl]: open_file (sceIoOpen) returned 0x80010002
[09:50:05.329] |I| [export_sceIoOpen]: Opening file: app0:/games/savefile.sav
[09:50:05.336] |E| [open_file]: Missing file at D:/GAMESANDEMULATORS/Vita3K/storage/ux0/app/PCSE01258/games/savefile.sav (target path: app0:/games/savefile.sav)
[09:50:05.340] |W| [io_error_impl]: open_file (sceIoOpen) returned 0x80010002
[09:50:05.572] |T| [write_file]: *** TTY: ****Found file
[09:50:05.584] |T| [write_file]: *** TTY: DEBUG: Found save file!
[09:50:05.620] |T| [write_file]: *** TTY: setting pad color to 0x1262aee
[09:50:08.748] |T| [write_file]: *** TTY: setting pad color to 0x1493100
[09:50:11.794] |T| [write_file]: *** TTY: DEBUG: DEBUG: standard
[09:50:11.800] |T| [write_file]: *** TTY: setting pad color to 0x1007fff
[09:50:11.850] |T| [write_file]: *** TTY: DEBUG: Number of Audio Listeners: 1
[09:50:35.079] |I| [renderer::vulkan::PipelineCache::save_pipeline_cache]: Saving pipeline cache...
[09:50:35.082] |I| [renderer::vulkan::PipelineCache::save_pipeline_cache]: Pipeline cache saved
[09:50:44.689] |T| [write_file]: *** TTY: DEBUG: Button Confirm pressed
[09:50:45.633] |T| [write_file]: *** TTY: DEBUG: Button Confirm pressed
[09:50:47.111] |T| [write_file]: *** TTY: DEBUG: Button Confirm pressed
[09:51:03.840] |T| [write_file]: *** TTY: ****S A V I N G
[09:51:03.863] |E| [open_file]: Missing file at D:/GAMESANDEMULATORS/Vita3K/storage/ux0/user/00/savedata/PCSE01258/SlotParam_0.bin (target path: savedata0:/SlotParam_0.bin)
[09:51:03.866] |W| [io_error_impl]: open_file (sceAppUtilSaveDataSlotGetParam) returned 0x80010002
[09:51:03.881] |T| [open_file]: sceAppUtilSaveDataDataSave: Opening file savedata0:/savefile.sav (ux0:/user/00/savedata/PCSE01258/savefile.sav), fd: 0x36
[09:51:03.886] |T| [write_file]: sceAppUtilSaveDataDataSave: Writing to fd: 0x36, size: 16384
[09:51:03.890] |T| [close_file]: sceAppUtilSaveDataDataSave: Closing file fd: 0x36
[09:51:03.894] |T| [open_file]: sceAppUtilSaveDataDataSave: Opening file savedata0:/savefile.sav (ux0:/user/00/savedata/PCSE01258/savefile.sav), fd: 0x37
[09:51:03.896] |T| [truncate_file]: sceAppUtilSaveDataDataSave: Truncating fd: 0x37, to size: 16384
[09:51:03.900] |T| [close_file]: sceAppUtilSaveDataDataSave: Closing file fd: 0x37
[09:51:03.902] |T| [open_file]: sceAppUtilSaveDataDataSave: Opening file savedata0:/SlotParam_0.bin (ux0:/user/00/savedata/PCSE01258/SlotParam_0.bin), fd: 0x38
[09:51:03.907] |T| [write_file]: sceAppUtilSaveDataDataSave: Writing to fd: 0x38, size: 844
[09:51:03.909] |T| [close_file]: sceAppUtilSaveDataDataSave: Closing file fd: 0x38
[09:51:03.932] |E| [logging::ret_error_impl]: sceSaveDataDialogProgressBarSetValue returned SCE_COMMON_DIALOG_ERROR_NOT_SUPPORTED (0x80020405)
[09:51:04.042] |T| [write_file]: *** TTY: ****Save Complete
[09:51:04.045] |T| [write_file]: *** TTY: DEBUG: Saved the game!
[09:51:07.377] |T| [write_file]: *** TTY: DEBUG: Button Confirm pressed