[12:36:10.280] |I| [load_app_impl]: cpu-backend: Dynarmic
[12:36:10.281] |I| [load_app_impl]: CPU Optimisation state: true
[12:36:10.283] |I| [load_app_impl]: ngs state: true
[12:36:10.283] |I| [load_app_impl]: Resolution multiplier: 1
[12:36:10.284] |I| [load_app_impl]: modules mode: Automatic
[12:36:10.287] |I| [load_app_impl]: Title: 遙かなる時空の中で３ Ultimate
[12:36:10.336] |I| [load_app_impl]: Serial: PCSG00992
[12:36:10.340] |I| [load_app_impl]: Version: 1.00
[12:36:10.343] |I| [load_app_impl]: Category: gd
[12:36:10.431] |I| [load_self]: app0:sce_module/libc.suprx: Skipping special segment 0x6fffff01...
[12:36:10.433] |I| [load_self]: Loaded module segment 0 @ [0x00005000 - 0x000568A4 / 0x81000000] (size: 0x000518A4) of module app0:sce_module/libc.suprx
[12:36:10.436] |I| [load_self]: Loaded module segment 1 @ [0x00057000 - 0x000598A0 / 0x81052000] (size: 0x000028A0) of module app0:sce_module/libc.suprx
[12:36:10.440] |I| [load_self]: Linking SELF app0:sce_module/libc.suprx...
[12:36:10.442] |D| [load_var_exports]: 	NID 0x936c8a78 (SYSLYB) at 0x4c314
[12:36:10.445] |D| [load_var_exports]: 	NID 0x6c2224ba (NID_MODULE_INFO) at 0x414dc
[12:36:10.457] |I| [pre_load_module]: Pre-load module SceLibc (at "sce_module/libc.suprx") loaded
[12:36:10.483] |I| [load_self]: app0:sce_module/libfios2.suprx: Skipping special segment 0x6fffff01...
[12:36:10.484] |I| [load_self]: Loaded module segment 0 @ [0x0005A000 - 0x00086CBF / 0x81000000] (size: 0x0002CCBF) of module app0:sce_module/libfios2.suprx
[12:36:10.487] |I| [load_self]: Loaded module segment 1 @ [0x00087000 - 0x0008C255 / 0x8102D000] (size: 0x00005255) of module app0:sce_module/libfios2.suprx
[12:36:10.491] |I| [load_self]: Linking SELF app0:sce_module/libfios2.suprx...
[12:36:10.495] |D| [load_var_exports]: 	NID 0x936c8a78 (SYSLYB) at 0x86bc8
[12:36:10.498] |D| [load_var_exports]: 	NID 0x6c2224ba (NID_MODULE_INFO) at 0x7df08
[12:36:10.499] |I| [pre_load_module]: Pre-load module SceLibFios2 (at "sce_module/libfios2.suprx") loaded
[12:36:10.516] |I| [load_self]: app0:sce_module/libult.suprx: Skipping special segment 0x6fffff01...
[12:36:10.517] |I| [load_self]: Loaded module segment 0 @ [0x0008D000 - 0x000A09BC / 0x81000000] (size: 0x000139BC) of module app0:sce_module/libult.suprx
[12:36:10.520] |I| [load_self]: Loaded module segment 1 @ [0x000A1000 - 0x000A1814 / 0x81014000] (size: 0x00000814) of module app0:sce_module/libult.suprx
[12:36:10.524] |I| [load_self]: Linking SELF app0:sce_module/libult.suprx...
[12:36:10.526] |D| [load_var_exports]: 	NID 0x936c8a78 (SYSLYB) at 0x9f2e8
[12:36:10.527] |D| [load_var_exports]: 	NID 0x6c2224ba (NID_MODULE_INFO) at 0x9c870
[12:36:10.531] |I| [pre_load_module]: Pre-load module SceUlt (at "sce_module/libult.suprx") loaded
[12:36:10.579] |I| [load_self]: Loaded module segment 0 @ [0x000A2000 - 0x000F2F04 / 0x81000000] (size: 0x00050F04) of module vs0:sys/external/libSceFt2.suprx
[12:36:10.582] |I| [load_self]: Loaded module segment 1 @ [0x000F3000 - 0x000F32F4 / 0x81051000] (size: 0x000002F4) of module vs0:sys/external/libSceFt2.suprx
[12:36:10.586] |I| [load_self]: Linking SELF vs0:sys/external/libSceFt2.suprx...
[12:36:10.588] |D| [load_var_exports]: 	NID 0x936c8a78 (SYSLYB) at 0xde7dc
[12:36:10.589] |D| [load_var_exports]: 	NID 0x6c2224ba (NID_MODULE_INFO) at 0xddf10
[12:36:10.591] |I| [pre_load_module]: Pre-load module SceLibft2 (at "sys/external/libSceFt2.suprx") loaded
[12:36:10.614] |I| [load_self]: Loaded module segment 0 @ [0x000F4000 - 0x00103F14 / 0x81000000] (size: 0x0000FF14) of module vs0:sys/external/libpvf.suprx
[12:36:10.616] |I| [load_self]: Loaded module segment 1 @ [0x00104000 - 0x00104008 / 0x81010000] (size: 0x00000008) of module vs0:sys/external/libpvf.suprx
[12:36:10.620] |I| [load_self]: Linking SELF vs0:sys/external/libpvf.suprx...
[12:36:10.622] |D| [load_var_exports]: 	NID 0x936c8a78 (SYSLYB) at 0x102710
[12:36:10.623] |D| [load_var_exports]: 	NID 0x6c2224ba (NID_MODULE_INFO) at 0x102300
[12:36:10.624] |I| [pre_load_module]: Pre-load module SceLibPvf (at "sys/external/libpvf.suprx") loaded
[12:36:10.809] |I| [load_self]: app0:eboot.bin: Skipping special segment 0x6fffff01...
[12:36:10.810] |I| [load_self]: Loaded module segment 0 @ [0x00105000 - 0x002C271C / 0x81000000] (size: 0x001BD71C) of module app0:eboot.bin
[12:36:10.812] |I| [load_self]: Loaded module segment 1 @ [0x002C3000 - 0x02A4CA60 / 0x811BE000] (size: 0x02789A60) of module app0:eboot.bin
[12:36:10.815] |I| [load_self]: Linking SELF app0:eboot.bin...
[12:36:10.817] |D| [load_var_exports]: 	NID 0x6c2224ba (NID_MODULE_INFO) at 0x26c0c0
[12:36:10.819] |D| [load_var_exports]: 	NID 0x70fba1e7 (SCE_PROC_PARAMS) at 0x2c9f70
[12:36:10.820] |D| [load_var_exports]: 	NID 0x936c8a78 (SYSLYB) at 0x2a01e8
[12:36:10.846] |I| [load_app_impl]: Main executable Haruka3_Vita_Release (eboot.bin) loaded
[12:36:11.012] |D| [run_app]: Running module_start of library: SceLibc at address 0x5871
[12:36:11.179] |T| [open_file]: sceKernelGetStdin: Opening terminal tty0:
[12:36:11.181] |T| [open_file]: sceKernelGetStdout: Opening terminal tty0:
[12:36:11.184] |T| [open_file]: sceKernelGetStderr: Opening terminal tty0:
[12:36:11.227] |I| [run_app]: Module SceLibc (at "app0:sce_module/libc.suprx") module_start returned 0x0
[12:36:11.239] |D| [run_app]: Running module_start of library: SceLibFios2 at address 0x5a001
[12:36:11.287] |W| [stubbed_impl]: Stubbed sceKernelGetProcessId import called. (pid: 0)
[12:36:11.292] |I| [run_app]: Module SceLibFios2 (at "app0:sce_module/libfios2.suprx") module_start returned 0x0
[12:36:11.301] |D| [run_app]: Running module_start of library: SceUlt at address 0x90771
[12:36:11.346] |W| [unimplemented_impl]: Unimplemented _sceUlobjMgrRegisterLibultProtocolRevision import called.
[12:36:11.349] |I| [run_app]: Module SceUlt (at "app0:sce_module/libult.suprx") module_start returned 0x0
[12:36:11.430] |I| [load_module]: Loading module ID: 0x30
[12:36:11.514] |I| [load_self]: sys/external/libatrac.suprx: Skipping special segment 0x6fffff01...
[12:36:11.516] |I| [load_self]: Loaded module segment 0 @ [0x02A8F000 - 0x02A9255C / 0x81000000] (size: 0x0000355C) of module sys/external/libatrac.suprx
[12:36:11.519] |I| [load_self]: Loaded module segment 1 @ [0x02A93000 - 0x02A94038 / 0x81004000] (size: 0x00001038) of module sys/external/libatrac.suprx
[12:36:11.521] |I| [load_self]: Linking SELF sys/external/libatrac.suprx...
[12:36:11.523] |D| [load_var_exports]: 	NID 0x936c8a78 (SYSLYB) at 0x2a92558
[12:36:11.525] |D| [load_var_exports]: 	NID 0x6c2224ba (NID_MODULE_INFO) at 0x2a91db4
[12:36:11.526] |I| [load_module]: Module SceAtrac (at "sys/external/libatrac.suprx") loaded
[12:36:11.529] |D| [load_module]: Running module_start of module: SceAtrac
[12:36:11.533] |I| [load_module]: Module SceAtrac (at "sys/external/libatrac.suprx") module_start returned 0x0
[12:36:11.534] |I| [load_module]: Loading module ID: 0x4c
[12:36:11.590] |I| [load_self]: sys/external/libsceavplayer.suprx: Skipping special segment 0x6fffff01...
[12:36:11.591] |I| [load_self]: Loaded module segment 0 @ [0x02ADA000 - 0x02AEE9FC / 0x81000000] (size: 0x000149FC) of module sys/external/libsceavplayer.suprx
[12:36:11.596] |I| [load_self]: Loaded module segment 1 @ [0x02A95000 - 0x02A9506C / 0x81015000] (size: 0x0000006C) of module sys/external/libsceavplayer.suprx
[12:36:11.598] |I| [load_self]: Linking SELF sys/external/libsceavplayer.suprx...
[12:36:11.600] |D| [load_var_exports]: 	NID 0x936c8a78 (SYSLYB) at 0x2aebd40
[12:36:11.602] |D| [load_var_exports]: 	NID 0x6c2224ba (NID_MODULE_INFO) at 0x2aea548
[12:36:11.604] |I| [load_module]: Module SceAvPlayer (at "sys/external/libsceavplayer.suprx") loaded
[12:36:11.605] |D| [load_module]: Running module_start of module: SceAvPlayer
[12:36:11.607] |I| [load_module]: Module SceAvPlayer (at "sys/external/libsceavplayer.suprx") module_start returned 0x0
[12:36:11.650] |I| [load_self]: sys/external/libscemp4.suprx: Skipping special segment 0x6fffff01...
[12:36:11.651] |I| [load_self]: Loaded module segment 0 @ [0x02AEF000 - 0x02AFED20 / 0x81000000] (size: 0x0000FD20) of module sys/external/libscemp4.suprx
[12:36:11.654] |I| [load_self]: Loaded module segment 1 @ [0x02A96000 - 0x02A96028 / 0x81010000] (size: 0x00000028) of module sys/external/libscemp4.suprx
[12:36:11.656] |I| [load_self]: Linking SELF sys/external/libscemp4.suprx...
[12:36:11.659] |D| [load_var_exports]: 	NID 0x936c8a78 (SYSLYB) at 0x2afe9d0
[12:36:11.662] |D| [load_var_exports]: 	NID 0x6c2224ba (NID_MODULE_INFO) at 0x2afd8c4
[12:36:11.665] |I| [load_module]: Module SceMp4 (at "sys/external/libscemp4.suprx") loaded
[12:36:11.667] |I| [load_module]: Loading module ID: 0x13
[12:36:11.717] |I| [load_self]: sys/external/libsystemgesture.suprx: Skipping special segment 0x6fffff01...
[12:36:11.719] |I| [load_self]: Loaded module segment 0 @ [0x02AFF000 - 0x02B0208C / 0x81000000] (size: 0x0000308C) of module sys/external/libsystemgesture.suprx
[12:36:11.721] |I| [load_self]: Loaded module segment 1 @ [0x02A97000 - 0x02A97BF0 / 0x81004000] (size: 0x00000BF0) of module sys/external/libsystemgesture.suprx
[12:36:11.723] |I| [load_self]: Linking SELF sys/external/libsystemgesture.suprx...
[12:36:11.726] |D| [load_var_exports]: 	NID 0x936c8a78 (SYSLYB) at 0x2b02074
[12:36:11.728] |D| [load_var_exports]: 	NID 0x6c2224ba (NID_MODULE_INFO) at 0x2b01bd4
[12:36:11.729] |I| [load_module]: Module SceSystemGesture (at "sys/external/libsystemgesture.suprx") loaded
[12:36:11.732] |D| [load_module]: Running module_start of module: SceSystemGesture
[12:36:11.734] |I| [load_module]: Module SceSystemGesture (at "sys/external/libsystemgesture.suprx") module_start returned 0x0
[12:36:11.736] |I| [load_module]: Loading module ID: 0x4
[12:36:11.809] |I| [load_self]: sys/external/libhttp.suprx: Skipping special segment 0x6fffff01...
[12:36:11.810] |I| [load_self]: Loaded module segment 0 @ [0x02B03000 - 0x02B20150 / 0x81000000] (size: 0x0001D150) of module sys/external/libhttp.suprx
[12:36:11.812] |I| [load_self]: Loaded module segment 1 @ [0x02B21000 - 0x02B21640 / 0x8101E000] (size: 0x00000640) of module sys/external/libhttp.suprx
[12:36:11.815] |I| [load_self]: Linking SELF sys/external/libhttp.suprx...
[12:36:11.817] |D| [load_var_exports]: 	NID 0x936c8a78 (SYSLYB) at 0x2b1ee68
[12:36:11.819] |D| [load_var_exports]: 	NID 0x6c2224ba (NID_MODULE_INFO) at 0x2b1bca0
[12:36:11.824] |I| [load_module]: Module SceLibHttp (at "sys/external/libhttp.suprx") loaded
[12:36:11.825] |D| [load_module]: Running module_start of module: SceLibHttp
[12:36:11.829] |I| [load_module]: Module SceLibHttp (at "sys/external/libhttp.suprx") module_start returned 0x0
[12:36:11.990] |I| [load_self]: Loaded module segment 0 @ [0x02B22000 - 0x02B88EA4 / 0x81000000] (size: 0x00066EA4) of module sys/external/libssl.suprx
[12:36:11.994] |I| [load_self]: Loaded module segment 1 @ [0x02B89000 - 0x02B8E188 / 0x81067000] (size: 0x00005188) of module sys/external/libssl.suprx
[12:36:11.997] |I| [load_self]: Linking SELF sys/external/libssl.suprx...
[12:36:11.999] |D| [load_var_exports]: 	NID 0x936c8a78 (SYSLYB) at 0x2b749b0
[12:36:12.001] |D| [load_var_exports]: 	NID 0x6c2224ba (NID_MODULE_INFO) at 0x2b6ec70
[12:36:12.003] |I| [load_module]: Module SceLibSsl (at "sys/external/libssl.suprx") loaded
[12:36:12.045] |W| [unimplemented_impl]: Unimplemented sceScreenShotDisable import called.
[12:36:12.048] |W| [unimplemented_impl]: Unimplemented sceScreenShotSetOverlayImage import called.
[12:36:12.049] |W| [unimplemented_impl]: Unimplemented sceScreenShotEnable import called.
[12:36:12.144] |W| [unimplemented_impl]: Unimplemented sceAppUtilInit import called.
[12:36:12.795] |W| [stubbed_impl]: Stubbed sceGxmMapVertexUsseMemory import called. (always return success)
[12:36:12.799] |W| [stubbed_impl]: Stubbed sceGxmMapFragmentUsseMemory import called. (always return success)
[12:36:12.885] |C| [renderer::vulkan::VKState::map_memory]: No coherent memory available for memory mapping, this may be caused by an old driver!
[12:36:13.345] |T| [log_import_call]: [LLE] TID: 7   FUNC: 0x6078a08b sceSystemGestureInitializePrimitiveTouchRecognizer at 0x26a5e0
[12:36:13.443] |W| [stubbed_impl]: Stubbed sceTouchGetPixelDensity2 import called. (Return constant values (22.0))
[12:36:13.446] |T| [log_import_call]: [LLE] TID: 7   FUNC: 0xc3367370 sceSystemGestureCreateTouchRecognizer at 0x26a620
[12:36:13.607] |I| [export_sceIoOpen]: Opening file: app0:DATA.BIN
[12:36:13.904] |T| [open_file]: sceIoOpen: Opening file app0:DATA.BIN (ux0:/app/PCSG00992/DATA.BIN), fd: 0x3
[12:36:13.949] |T| [close_file]: sceIoClose: Closing file fd: 0x3
[12:36:13.978] |I| [export_sceIoOpen]: Opening file: app0:DATA.BIN
[12:36:13.980] |T| [open_file]: sceIoOpen: Opening file app0:DATA.BIN (ux0:/app/PCSG00992/DATA.BIN), fd: 0x4
[12:36:13.999] |T| [close_file]: sceIoClose: Closing file fd: 0x4
[12:36:14.009] |I| [export_sceIoOpen]: Opening file: app0:DATA.BIN
[12:36:14.011] |T| [open_file]: sceIoOpen: Opening file app0:DATA.BIN (ux0:/app/PCSG00992/DATA.BIN), fd: 0x5
[12:36:14.297] |T| [close_file]: sceIoClose: Closing file fd: 0x5
[12:36:15.278] |T| [log_import_call]: [LLE] TID: 7   FUNC: 0xdf4c665a sceSystemGestureUpdatePrimitiveTouchRecognizer at 0x26a630
[12:36:15.290] |T| [log_import_call]: [LLE] TID: 7   FUNC: 0x851fb144 sceSystemGestureUpdateTouchRecognizer at 0x26a600
[12:36:15.394] |T| [log_import_call]: [LLE] TID: 7   FUNC: 0x13ad2218 sceSystemGestureGetTouchEventsCount at 0x26a5c0
[12:36:15.423] |W| [stubbed_impl]: Stubbed sceGxmGetRenderTargetMemSize import called. (2MiB emuenv mem)
[12:36:16.528] |W| [unimplemented_impl]: Unimplemented sceCommonDialogUpdate import called.
[12:36:16.975] |I| [renderer::vulkan::PipelineCache::retrieve_shader]: Generating vulkan spv shader ca45722b1ec804ea2f72c578effd24700a1a497d8528e07907518db7243e131d
[12:36:17.302] |I| [renderer::load_shader_generic]: Generating vert.spv.txt shader ca45722b1ec804ea2f72c578effd24700a1a497d8528e07907518db7243e131d
[12:36:17.311] |W| [unimplemented_impl]: Unimplemented sceAppMgrAcquireBgmPort import called.
[12:36:17.397] |D| [shader::create_parameters]: [BUFFER0  + 0] pa0 = (float2) pos
[12:36:17.400] |D| [shader::create_parameters]: [DEFAULT  + 0] sa0 = (float4) color_depth[2]
[12:36:17.433] |W| [ngs::ReverbModule::process]: Game is using unimplemented reverb audio module
[12:36:17.496] |T| [shader::usse::USSERecompiler::compile_code_node]: Compiling code_0, size = 2
[12:36:17.548] |I| [export_sceIoOpen]: Opening file: app0:bgm/Bgm.dat
[12:36:17.551] |T| [open_file]: sceIoOpen: Opening file app0:bgm/Bgm.dat (ux0:/app/PCSG00992/bgm/Bgm.dat), fd: 0x6
[12:36:17.622] |T| [shader::usse::USSERecompiler::compile_code_node]: Compiling code_0, size = 6
[12:36:17.680] |I| [export_sceIoOpen]: Opening file: app0:bgm/Voice.dat
[12:36:17.684] |T| [open_file]: sceIoOpen: Opening file app0:bgm/Voice.dat (ux0:/app/PCSG00992/bgm/Voice.dat), fd: 0x7
[12:36:17.714] |I| [renderer::vulkan::PipelineCache::retrieve_shader]: Generating vulkan spv shader ef21f9651ec150ea7e9adfe111fda503a24bb31a608427abd9dcf1b5235424af
[12:36:17.721] |I| [renderer::load_shader_generic]: Generating frag.spv.txt shader ef21f9651ec150ea7e9adfe111fda503a24bb31a608427abd9dcf1b5235424af
[12:36:17.727] |D| [shader::create_fragment_inputs]: Iterator: pa0 = (half4) v_Color0
[12:36:17.736] |W| [unimplemented_impl]: Unimplemented sceNgsSystemLock import called.
[12:36:17.743] |W| [unimplemented_impl]: Unimplemented sceNgsSystemUnlock import called.
[12:36:17.744] |T| [shader::usse::USSERecompiler::compile_code_node]: Compiling code_0, size = 1
[12:36:18.265] |I| [export_sceIoOpen]: Opening file: app0:bgm/SeLoopPbd.dat
[12:36:18.267] |T| [open_file]: sceIoOpen: Opening file app0:bgm/SeLoopPbd.dat (ux0:/app/PCSG00992/bgm/SeLoopPbd.dat), fd: 0x8
[12:36:18.314] |I| [export_sceIoOpen]: Opening file: app0:bgm/SeSSPbd.dat
[12:36:18.317] |T| [open_file]: sceIoOpen: Opening file app0:bgm/SeSSPbd.dat (ux0:/app/PCSG00992/bgm/SeSSPbd.dat), fd: 0x9
[12:36:18.357] |W| [stubbed_impl]: Stubbed sceNetCtlInit import called. (Stub)
[12:36:18.360] |T| [log_import_call]: [LLE] TID: 7   FUNC: 0x3c733316 sceSslInit at 0x26a840
[12:36:18.388] |T| [log_import_call]: [LLE] TID: 7   FUNC: 0x214926d9 sceHttpInit at 0x26a800
[12:36:18.429] |W| [unimplemented_impl]: Unimplemented sceNpCommerce2Init import called.
[12:36:18.431] |W| [unimplemented_impl]: Unimplemented sceNpCommerce2CreateCtx import called.
[12:36:18.435] |T| [open_file]: create_trophy_context: Opening file app0:/sce_sys/trophy/NPWR11890_00/TROPHY.TRP (ux0:/app/PCSG00992/sce_sys/trophy/NPWR11890_00/TROPHY.TRP), fd: 0xa
[12:36:18.460] |E| [open_file]: Missing file at D:/GAMESANDEMULATORS/Vita3K/storage/ux0/user/00/trophy/data/NPWR11890_00/TROPUSR.DAT (target path: ux0:/user/00/trophy/data/NPWR11890_00/TROPUSR.DAT)
[12:36:18.464] |W| [io_error_impl]: open_file (create_trophy_context) returned 0x80010002
[12:36:18.487] |T| [open_file]: install_trophy_context: Opening file ux0:/user/00/trophy/conf/NPWR11890_00/TROPCONF.SFM (ux0:/user/00/trophy/conf/NPWR11890_00/TROPCONF.SFM), fd: 0xb
[12:36:18.488] |T| [write_file]: install_trophy_context: Writing to fd: 0xb, size: 2150
[12:36:18.492] |T| [close_file]: install_trophy_context: Closing file fd: 0xb
[12:36:18.495] |T| [open_file]: install_trophy_context: Opening file ux0:/user/00/trophy/conf/NPWR11890_00/TROP.SFM (ux0:/user/00/trophy/conf/NPWR11890_00/TROP.SFM), fd: 0xc
[12:36:18.501] |T| [write_file]: install_trophy_context: Writing to fd: 0xc, size: 5816
[12:36:18.503] |T| [close_file]: install_trophy_context: Closing file fd: 0xc
[12:36:18.507] |T| [open_file]: install_trophy_context: Opening file ux0:/user/00/trophy/conf/NPWR11890_00/ICON0.PNG (ux0:/user/00/trophy/conf/NPWR11890_00/ICON0.PNG), fd: 0xd
[12:36:18.520] |T| [write_file]: install_trophy_context: Writing to fd: 0xd, size: 104587
[12:36:18.522] |T| [close_file]: install_trophy_context: Closing file fd: 0xd
[12:36:18.525] |T| [open_file]: install_trophy_context: Opening file ux0:/user/00/trophy/conf/NPWR11890_00/TROP000.PNG (ux0:/user/00/trophy/conf/NPWR11890_00/TROP000.PNG), fd: 0xe
[12:36:18.528] |T| [write_file]: install_trophy_context: Writing to fd: 0xe, size: 112407
[12:36:18.529] |T| [close_file]: install_trophy_context: Closing file fd: 0xe
[12:36:18.534] |T| [open_file]: install_trophy_context: Opening file ux0:/user/00/trophy/conf/NPWR11890_00/TROP001.PNG (ux0:/user/00/trophy/conf/NPWR11890_00/TROP001.PNG), fd: 0xf
[12:36:18.537] |T| [write_file]: install_trophy_context: Writing to fd: 0xf, size: 87932
[12:36:18.541] |T| [close_file]: install_trophy_context: Closing file fd: 0xf
[12:36:18.544] |T| [open_file]: install_trophy_context: Opening file ux0:/user/00/trophy/conf/NPWR11890_00/TROP002.PNG (ux0:/user/00/trophy/conf/NPWR11890_00/TROP002.PNG), fd: 0x10
[12:36:18.548] |T| [write_file]: install_trophy_context: Writing to fd: 0x10, size: 106418
[12:36:18.551] |T| [close_file]: install_trophy_context: Closing file fd: 0x10
[12:36:18.555] |T| [open_file]: install_trophy_context: Opening file ux0:/user/00/trophy/conf/NPWR11890_00/TROP003.PNG (ux0:/user/00/trophy/conf/NPWR11890_00/TROP003.PNG), fd: 0x11
[12:36:18.558] |T| [write_file]: install_trophy_context: Writing to fd: 0x11, size: 95450
[12:36:18.560] |T| [close_file]: install_trophy_context: Closing file fd: 0x11
[12:36:18.564] |T| [open_file]: install_trophy_context: Opening file ux0:/user/00/trophy/conf/NPWR11890_00/TROP004.PNG (ux0:/user/00/trophy/conf/NPWR11890_00/TROP004.PNG), fd: 0x12
[12:36:18.569] |T| [write_file]: install_trophy_context: Writing to fd: 0x12, size: 95147
[12:36:18.589] |T| [close_file]: install_trophy_context: Closing file fd: 0x12
[12:36:18.593] |T| [open_file]: install_trophy_context: Opening file ux0:/user/00/trophy/conf/NPWR11890_00/TROP005.PNG (ux0:/user/00/trophy/conf/NPWR11890_00/TROP005.PNG), fd: 0x13
[12:36:18.596] |T| [write_file]: install_trophy_context: Writing to fd: 0x13, size: 93441
[12:36:18.597] |T| [close_file]: install_trophy_context: Closing file fd: 0x13
[12:36:18.604] |T| [open_file]: install_trophy_context: Opening file ux0:/user/00/trophy/conf/NPWR11890_00/TROP006.PNG (ux0:/user/00/trophy/conf/NPWR11890_00/TROP006.PNG), fd: 0x14
[12:36:18.607] |T| [write_file]: install_trophy_context: Writing to fd: 0x14, size: 90360
[12:36:18.609] |T| [close_file]: install_trophy_context: Closing file fd: 0x14
[12:36:18.612] |T| [open_file]: install_trophy_context: Opening file ux0:/user/00/trophy/conf/NPWR11890_00/TROP007.PNG (ux0:/user/00/trophy/conf/NPWR11890_00/TROP007.PNG), fd: 0x15
[12:36:18.615] |T| [write_file]: install_trophy_context: Writing to fd: 0x15, size: 95092
[12:36:18.616] |T| [close_file]: install_trophy_context: Closing file fd: 0x15
[12:36:18.622] |T| [open_file]: install_trophy_context: Opening file ux0:/user/00/trophy/conf/NPWR11890_00/TROP008.PNG (ux0:/user/00/trophy/conf/NPWR11890_00/TROP008.PNG), fd: 0x16
[12:36:18.637] |T| [write_file]: install_trophy_context: Writing to fd: 0x16, size: 103513
[12:36:18.640] |T| [close_file]: install_trophy_context: Closing file fd: 0x16
[12:36:18.642] |T| [open_file]: install_trophy_context: Opening file ux0:/user/00/trophy/conf/NPWR11890_00/TROP009.PNG (ux0:/user/00/trophy/conf/NPWR11890_00/TROP009.PNG), fd: 0x17
[12:36:18.645] |T| [write_file]: install_trophy_context: Writing to fd: 0x17, size: 109691
[12:36:18.647] |T| [close_file]: install_trophy_context: Closing file fd: 0x17
[12:36:18.653] |T| [open_file]: install_trophy_context: Opening file ux0:/user/00/trophy/conf/NPWR11890_00/TROP010.PNG (ux0:/user/00/trophy/conf/NPWR11890_00/TROP010.PNG), fd: 0x18
[12:36:18.657] |T| [write_file]: install_trophy_context: Writing to fd: 0x18, size: 99564
[12:36:18.664] |T| [close_file]: install_trophy_context: Closing file fd: 0x18
[12:36:18.708] |T| [open_file]: install_trophy_context: Opening file ux0:/user/00/trophy/conf/NPWR11890_00/TROP011.PNG (ux0:/user/00/trophy/conf/NPWR11890_00/TROP011.PNG), fd: 0x19
[12:36:18.724] |T| [write_file]: install_trophy_context: Writing to fd: 0x19, size: 99542
[12:36:18.744] |T| [close_file]: install_trophy_context: Closing file fd: 0x19
[12:36:18.748] |T| [open_file]: install_trophy_context: Opening file ux0:/user/00/trophy/conf/NPWR11890_00/TROP012.PNG (ux0:/user/00/trophy/conf/NPWR11890_00/TROP012.PNG), fd: 0x1a
[12:36:18.753] |T| [write_file]: install_trophy_context: Writing to fd: 0x1a, size: 99808
[12:36:18.755] |T| [close_file]: install_trophy_context: Closing file fd: 0x1a
[12:36:18.760] |T| [open_file]: install_trophy_context: Opening file ux0:/user/00/trophy/conf/NPWR11890_00/TROP013.PNG (ux0:/user/00/trophy/conf/NPWR11890_00/TROP013.PNG), fd: 0x1b
[12:36:18.764] |T| [write_file]: install_trophy_context: Writing to fd: 0x1b, size: 105201
[12:36:18.773] |T| [close_file]: install_trophy_context: Closing file fd: 0x1b
[12:36:18.829] |T| [open_file]: install_trophy_context: Opening file ux0:/user/00/trophy/conf/NPWR11890_00/TROP014.PNG (ux0:/user/00/trophy/conf/NPWR11890_00/TROP014.PNG), fd: 0x1c
[12:36:18.841] |T| [write_file]: install_trophy_context: Writing to fd: 0x1c, size: 98979
[12:36:18.843] |T| [close_file]: install_trophy_context: Closing file fd: 0x1c
[12:36:18.847] |T| [open_file]: install_trophy_context: Opening file ux0:/user/00/trophy/conf/NPWR11890_00/TROP015.PNG (ux0:/user/00/trophy/conf/NPWR11890_00/TROP015.PNG), fd: 0x1d
[12:36:18.852] |T| [write_file]: install_trophy_context: Writing to fd: 0x1d, size: 103306
[12:36:18.855] |T| [close_file]: install_trophy_context: Closing file fd: 0x1d
[12:36:18.868] |T| [open_file]: install_trophy_context: Opening file ux0:/user/00/trophy/conf/NPWR11890_00/TROP016.PNG (ux0:/user/00/trophy/conf/NPWR11890_00/TROP016.PNG), fd: 0x1e
[12:36:18.907] |T| [write_file]: install_trophy_context: Writing to fd: 0x1e, size: 98754
[12:36:18.910] |T| [close_file]: install_trophy_context: Closing file fd: 0x1e
[12:36:18.913] |T| [open_file]: install_trophy_context: Opening file ux0:/user/00/trophy/conf/NPWR11890_00/TROP017.PNG (ux0:/user/00/trophy/conf/NPWR11890_00/TROP017.PNG), fd: 0x1f
[12:36:18.927] |T| [write_file]: install_trophy_context: Writing to fd: 0x1f, size: 94689
[12:36:18.929] |T| [close_file]: install_trophy_context: Closing file fd: 0x1f
[12:36:18.932] |T| [open_file]: install_trophy_context: Opening file ux0:/user/00/trophy/conf/NPWR11890_00/TROP018.PNG (ux0:/user/00/trophy/conf/NPWR11890_00/TROP018.PNG), fd: 0x20
[12:36:18.940] |T| [write_file]: install_trophy_context: Writing to fd: 0x20, size: 98297
[12:36:18.941] |T| [close_file]: install_trophy_context: Closing file fd: 0x20
[12:36:18.945] |T| [open_file]: install_trophy_context: Opening file ux0:/user/00/trophy/conf/NPWR11890_00/TROP019.PNG (ux0:/user/00/trophy/conf/NPWR11890_00/TROP019.PNG), fd: 0x21
[12:36:18.963] |T| [write_file]: install_trophy_context: Writing to fd: 0x21, size: 100132
[12:36:18.972] |T| [close_file]: install_trophy_context: Closing file fd: 0x21
[12:36:18.975] |T| [open_file]: install_trophy_context: Opening file ux0:/user/00/trophy/conf/NPWR11890_00/TROP020.PNG (ux0:/user/00/trophy/conf/NPWR11890_00/TROP020.PNG), fd: 0x22
[12:36:18.980] |T| [write_file]: install_trophy_context: Writing to fd: 0x22, size: 105701
[12:36:18.985] |T| [close_file]: install_trophy_context: Closing file fd: 0x22
[12:36:18.990] |T| [open_file]: install_trophy_context: Opening file ux0:/user/00/trophy/conf/NPWR11890_00/TROP021.PNG (ux0:/user/00/trophy/conf/NPWR11890_00/TROP021.PNG), fd: 0x23
[12:36:18.994] |T| [write_file]: install_trophy_context: Writing to fd: 0x23, size: 94556
[12:36:18.998] |T| [close_file]: install_trophy_context: Closing file fd: 0x23
[12:36:19.005] |T| [open_file]: install_trophy_context: Opening file ux0:/user/00/trophy/conf/NPWR11890_00/TROP022.PNG (ux0:/user/00/trophy/conf/NPWR11890_00/TROP022.PNG), fd: 0x24
[12:36:19.009] |T| [write_file]: install_trophy_context: Writing to fd: 0x24, size: 105577
[12:36:19.024] |T| [close_file]: install_trophy_context: Closing file fd: 0x24
[12:36:19.053] |T| [open_file]: install_trophy_context: Opening file ux0:/user/00/trophy/conf/NPWR11890_00/TROP023.PNG (ux0:/user/00/trophy/conf/NPWR11890_00/TROP023.PNG), fd: 0x25
[12:36:19.074] |T| [write_file]: install_trophy_context: Writing to fd: 0x25, size: 95661
[12:36:19.077] |T| [close_file]: install_trophy_context: Closing file fd: 0x25
[12:36:19.082] |T| [open_file]: install_trophy_context: Opening file ux0:/user/00/trophy/conf/NPWR11890_00/TROP024.PNG (ux0:/user/00/trophy/conf/NPWR11890_00/TROP024.PNG), fd: 0x26
[12:36:19.087] |T| [write_file]: install_trophy_context: Writing to fd: 0x26, size: 96950
[12:36:19.089] |T| [close_file]: install_trophy_context: Closing file fd: 0x26
[12:36:19.093] |T| [open_file]: install_trophy_context: Opening file ux0:/user/00/trophy/conf/NPWR11890_00/TROP025.PNG (ux0:/user/00/trophy/conf/NPWR11890_00/TROP025.PNG), fd: 0x27
[12:36:19.120] |T| [write_file]: install_trophy_context: Writing to fd: 0x27, size: 75735
[12:36:19.122] |T| [close_file]: install_trophy_context: Closing file fd: 0x27
[12:36:19.125] |T| [open_file]: install_trophy_context: Opening file ux0:/user/00/trophy/conf/NPWR11890_00/TROP026.PNG (ux0:/user/00/trophy/conf/NPWR11890_00/TROP026.PNG), fd: 0x28
[12:36:19.130] |T| [write_file]: install_trophy_context: Writing to fd: 0x28, size: 101543
[12:36:19.132] |T| [close_file]: install_trophy_context: Closing file fd: 0x28
[12:36:19.136] |T| [open_file]: install_trophy_context: Opening file ux0:/user/00/trophy/conf/NPWR11890_00/TROP027.PNG (ux0:/user/00/trophy/conf/NPWR11890_00/TROP027.PNG), fd: 0x29
[12:36:19.156] |T| [write_file]: install_trophy_context: Writing to fd: 0x29, size: 101798
[12:36:19.160] |T| [close_file]: install_trophy_context: Closing file fd: 0x29
[12:36:19.164] |T| [open_file]: install_trophy_context: Opening file ux0:/user/00/trophy/conf/NPWR11890_00/TROP028.PNG (ux0:/user/00/trophy/conf/NPWR11890_00/TROP028.PNG), fd: 0x2a
[12:36:19.177] |T| [write_file]: install_trophy_context: Writing to fd: 0x2a, size: 105637
[12:36:19.179] |T| [close_file]: install_trophy_context: Closing file fd: 0x2a
[12:36:19.183] |T| [open_file]: install_trophy_context: Opening file ux0:/user/00/trophy/conf/NPWR11890_00/TROP029.PNG (ux0:/user/00/trophy/conf/NPWR11890_00/TROP029.PNG), fd: 0x2b
[12:36:19.199] |T| [write_file]: install_trophy_context: Writing to fd: 0x2b, size: 113037
[12:36:19.202] |T| [close_file]: install_trophy_context: Closing file fd: 0x2b
[12:36:19.226] |T| [open_file]: save_trophy_progress: Opening file ux0:/user/00/trophy/data/NPWR11890_00/TROPUSR.DAT (ux0:/user/00/trophy/data/NPWR11890_00/TROPUSR.DAT), fd: 0x2c
[12:36:19.229] |T| [write_file]: save_trophy_progress_file: Writing to fd: 0x2c, size: 4
[12:36:19.231] |T| [write_file]: save_trophy_progress_file: Writing to fd: 0x2c, size: 16
[12:36:19.233] |T| [write_file]: save_trophy_progress_file: Writing to fd: 0x2c, size: 16
[12:36:19.238] |T| [write_file]: save_trophy_progress_file: Writing to fd: 0x2c, size: 4
[12:36:19.241] |T| [write_file]: save_trophy_progress_file: Writing to fd: 0x2c, size: 4
[12:36:19.243] |T| [write_file]: save_trophy_progress_file: Writing to fd: 0x2c, size: 4
[12:36:19.244] |T| [write_file]: save_trophy_progress_file: Writing to fd: 0x2c, size: 64
[12:36:19.246] |T| [write_file]: save_trophy_progress_file: Writing to fd: 0x2c, size: 1024
[12:36:19.247] |T| [write_file]: save_trophy_progress_file: Writing to fd: 0x2c, size: 512
[12:36:19.249] |T| [close_file]: save_trophy_progress_file: Closing file fd: 0x2c
[12:36:19.254] |T| [export_sceNpTrophyCreateContext]: Trophy context for NPWR11890_00 create successfuly!
[12:36:19.259] |W| [stubbed_impl]: Stubbed sceNpTrophyCreateHandle import called. (Stubbed handle with 1)
[12:36:19.299] |W| [stubbed_impl]: Stubbed sceNpCheckCallback import called. (Stub)
[12:36:20.589] |I| [export_sceIoOpen]: Opening file: app0:DATA.BIN
[12:36:20.591] |T| [open_file]: sceIoOpen: Opening file app0:DATA.BIN (ux0:/app/PCSG00992/DATA.BIN), fd: 0x2d
[12:36:20.664] |T| [close_file]: sceIoClose: Closing file fd: 0x2d
[12:36:20.705] |I| [export_sceIoOpen]: Opening file: app0:DATA.BIN
[12:36:20.707] |T| [open_file]: sceIoOpen: Opening file app0:DATA.BIN (ux0:/app/PCSG00992/DATA.BIN), fd: 0x2e
[12:36:20.730] |T| [close_file]: sceIoClose: Closing file fd: 0x2e
[12:36:20.740] |I| [export_sceIoOpen]: Opening file: app0:EV\EVENTREQ.DAT
[12:36:20.755] |T| [open_file]: sceIoOpen: Opening file app0:EV\EVENTREQ.DAT (ux0:/app/PCSG00992/EV/EVENTREQ.DAT), fd: 0x2f
[12:36:20.756] |T| [close_file]: sceIoClose: Closing file fd: 0x2f
[12:36:20.760] |I| [export_sceIoOpen]: Opening file: app0:EV\EVENTREQ.DAT
[12:36:20.762] |T| [open_file]: sceIoOpen: Opening file app0:EV\EVENTREQ.DAT (ux0:/app/PCSG00992/EV/EVENTREQ.DAT), fd: 0x30
[12:36:20.813] |T| [close_file]: sceIoClose: Closing file fd: 0x30
[12:36:20.817] |I| [export_sceIoOpen]: Opening file: app0:EV\EVENTHED.DAT
[12:36:20.820] |T| [open_file]: sceIoOpen: Opening file app0:EV\EVENTHED.DAT (ux0:/app/PCSG00992/EV/EVENTHED.DAT), fd: 0x31
[12:36:20.822] |T| [close_file]: sceIoClose: Closing file fd: 0x31
[12:36:20.824] |I| [export_sceIoOpen]: Opening file: app0:EV\EVENTHED.DAT
[12:36:20.826] |T| [open_file]: sceIoOpen: Opening file app0:EV\EVENTHED.DAT (ux0:/app/PCSG00992/EV/EVENTHED.DAT), fd: 0x32
[12:36:20.863] |T| [close_file]: sceIoClose: Closing file fd: 0x32
[12:36:20.906] |I| [export_sceIoOpen]: Opening file: app0:DATA.BIN
[12:36:20.910] |T| [open_file]: sceIoOpen: Opening file app0:DATA.BIN (ux0:/app/PCSG00992/DATA.BIN), fd: 0x33
[12:36:20.973] |T| [close_file]: sceIoClose: Closing file fd: 0x33
[12:36:20.987] |I| [export_sceIoOpen]: Opening file: app0:DATA.BIN
[12:36:20.988] |T| [open_file]: sceIoOpen: Opening file app0:DATA.BIN (ux0:/app/PCSG00992/DATA.BIN), fd: 0x34
[12:36:21.016] |T| [close_file]: sceIoClose: Closing file fd: 0x34
[12:36:21.104] |I| [export_sceIoOpen]: Opening file: app0:DATA.BIN
[12:36:21.108] |T| [open_file]: sceIoOpen: Opening file app0:DATA.BIN (ux0:/app/PCSG00992/DATA.BIN), fd: 0x35
[12:36:21.136] |T| [close_file]: sceIoClose: Closing file fd: 0x35
[12:36:21.147] |I| [export_sceIoOpen]: Opening file: app0:DATA.BIN
[12:36:21.150] |T| [open_file]: sceIoOpen: Opening file app0:DATA.BIN (ux0:/app/PCSG00992/DATA.BIN), fd: 0x36
[12:36:21.183] |T| [close_file]: sceIoClose: Closing file fd: 0x36
[12:36:21.198] |I| [export_sceIoOpen]: Opening file: app0:DATA.BIN
[12:36:21.200] |T| [open_file]: sceIoOpen: Opening file app0:DATA.BIN (ux0:/app/PCSG00992/DATA.BIN), fd: 0x37
[12:36:21.231] |T| [close_file]: sceIoClose: Closing file fd: 0x37
[12:36:21.248] |I| [export_sceIoOpen]: Opening file: app0:DATA.BIN
[12:36:21.253] |T| [open_file]: sceIoOpen: Opening file app0:DATA.BIN (ux0:/app/PCSG00992/DATA.BIN), fd: 0x38
[12:36:21.303] |T| [close_file]: sceIoClose: Closing file fd: 0x38
[12:36:21.315] |I| [export_sceIoOpen]: Opening file: app0:DATA.BIN
[12:36:21.317] |T| [open_file]: sceIoOpen: Opening file app0:DATA.BIN (ux0:/app/PCSG00992/DATA.BIN), fd: 0x39
[12:36:21.366] |T| [close_file]: sceIoClose: Closing file fd: 0x39
[12:36:21.382] |I| [export_sceIoOpen]: Opening file: app0:DATA.BIN
[12:36:21.385] |T| [open_file]: sceIoOpen: Opening file app0:DATA.BIN (ux0:/app/PCSG00992/DATA.BIN), fd: 0x3a
[12:36:21.417] |T| [close_file]: sceIoClose: Closing file fd: 0x3a
[12:36:21.431] |I| [export_sceIoOpen]: Opening file: app0:DATA.BIN
[12:36:21.433] |T| [open_file]: sceIoOpen: Opening file app0:DATA.BIN (ux0:/app/PCSG00992/DATA.BIN), fd: 0x3b
[12:36:21.465] |T| [close_file]: sceIoClose: Closing file fd: 0x3b
[12:36:21.481] |I| [export_sceIoOpen]: Opening file: app0:DATA.BIN
[12:36:21.484] |T| [open_file]: sceIoOpen: Opening file app0:DATA.BIN (ux0:/app/PCSG00992/DATA.BIN), fd: 0x3c
[12:36:21.515] |T| [close_file]: sceIoClose: Closing file fd: 0x3c
[12:36:21.532] |I| [export_sceIoOpen]: Opening file: app0:DATA.BIN
[12:36:21.534] |T| [open_file]: sceIoOpen: Opening file app0:DATA.BIN (ux0:/app/PCSG00992/DATA.BIN), fd: 0x3d
[12:36:21.566] |T| [close_file]: sceIoClose: Closing file fd: 0x3d
[12:36:21.582] |I| [export_sceIoOpen]: Opening file: app0:DATA.BIN
[12:36:21.584] |T| [open_file]: sceIoOpen: Opening file app0:DATA.BIN (ux0:/app/PCSG00992/DATA.BIN), fd: 0x3e
[12:36:21.616] |T| [close_file]: sceIoClose: Closing file fd: 0x3e
[12:36:21.633] |I| [export_sceIoOpen]: Opening file: app0:DATA.BIN
[12:36:21.637] |T| [open_file]: sceIoOpen: Opening file app0:DATA.BIN (ux0:/app/PCSG00992/DATA.BIN), fd: 0x3f
[12:36:21.665] |T| [close_file]: sceIoClose: Closing file fd: 0x3f
[12:36:21.681] |I| [export_sceIoOpen]: Opening file: app0:DATA.BIN
[12:36:21.683] |T| [open_file]: sceIoOpen: Opening file app0:DATA.BIN (ux0:/app/PCSG00992/DATA.BIN), fd: 0x40
[12:36:21.715] |T| [close_file]: sceIoClose: Closing file fd: 0x40
[12:36:21.731] |I| [export_sceIoOpen]: Opening file: app0:DATA.BIN
[12:36:21.733] |T| [open_file]: sceIoOpen: Opening file app0:DATA.BIN (ux0:/app/PCSG00992/DATA.BIN), fd: 0x41
[12:36:21.766] |T| [close_file]: sceIoClose: Closing file fd: 0x41
[12:36:21.781] |I| [export_sceIoOpen]: Opening file: app0:DATA.BIN
[12:36:21.784] |T| [open_file]: sceIoOpen: Opening file app0:DATA.BIN (ux0:/app/PCSG00992/DATA.BIN), fd: 0x42
[12:36:21.838] |T| [close_file]: sceIoClose: Closing file fd: 0x42
[12:36:21.849] |I| [export_sceIoOpen]: Opening file: app0:DATA.BIN
[12:36:21.850] |T| [open_file]: sceIoOpen: Opening file app0:DATA.BIN (ux0:/app/PCSG00992/DATA.BIN), fd: 0x43
[12:36:21.886] |T| [close_file]: sceIoClose: Closing file fd: 0x43
[12:36:21.899] |I| [export_sceIoOpen]: Opening file: app0:DATA.BIN
[12:36:21.901] |T| [open_file]: sceIoOpen: Opening file app0:DATA.BIN (ux0:/app/PCSG00992/DATA.BIN), fd: 0x44
[12:36:21.937] |T| [close_file]: sceIoClose: Closing file fd: 0x44
[12:36:21.948] |I| [export_sceIoOpen]: Opening file: app0:DATA.BIN
[12:36:21.951] |T| [open_file]: sceIoOpen: Opening file app0:DATA.BIN (ux0:/app/PCSG00992/DATA.BIN), fd: 0x45
[12:36:21.993] |T| [close_file]: sceIoClose: Closing file fd: 0x45
[12:36:21.999] |I| [export_sceIoOpen]: Opening file: app0:DATA.BIN
[12:36:22.001] |T| [open_file]: sceIoOpen: Opening file app0:DATA.BIN (ux0:/app/PCSG00992/DATA.BIN), fd: 0x46
[12:36:22.039] |T| [close_file]: sceIoClose: Closing file fd: 0x46
[12:36:22.048] |I| [export_sceIoOpen]: Opening file: app0:DATA.BIN
[12:36:22.051] |T| [open_file]: sceIoOpen: Opening file app0:DATA.BIN (ux0:/app/PCSG00992/DATA.BIN), fd: 0x47
[12:36:22.085] |T| [close_file]: sceIoClose: Closing file fd: 0x47
[12:36:22.098] |I| [export_sceIoOpen]: Opening file: app0:DATA.BIN
[12:36:22.101] |T| [open_file]: sceIoOpen: Opening file app0:DATA.BIN (ux0:/app/PCSG00992/DATA.BIN), fd: 0x48
[12:36:22.132] |T| [close_file]: sceIoClose: Closing file fd: 0x48
[12:36:22.148] |I| [export_sceIoOpen]: Opening file: app0:DATA.BIN
[12:36:22.150] |T| [open_file]: sceIoOpen: Opening file app0:DATA.BIN (ux0:/app/PCSG00992/DATA.BIN), fd: 0x49
[12:36:22.182] |T| [close_file]: sceIoClose: Closing file fd: 0x49
[12:36:22.198] |I| [export_sceIoOpen]: Opening file: app0:DATA.BIN
[12:36:22.200] |T| [open_file]: sceIoOpen: Opening file app0:DATA.BIN (ux0:/app/PCSG00992/DATA.BIN), fd: 0x4a
[12:36:22.243] |T| [close_file]: sceIoClose: Closing file fd: 0x4a
[12:36:22.248] |I| [export_sceIoOpen]: Opening file: app0:DATA.BIN
[12:36:22.250] |T| [open_file]: sceIoOpen: Opening file app0:DATA.BIN (ux0:/app/PCSG00992/DATA.BIN), fd: 0x4b
[12:36:22.282] |T| [close_file]: sceIoClose: Closing file fd: 0x4b
[12:36:22.299] |I| [export_sceIoOpen]: Opening file: app0:DATA.BIN
[12:36:22.300] |T| [open_file]: sceIoOpen: Opening file app0:DATA.BIN (ux0:/app/PCSG00992/DATA.BIN), fd: 0x4c
[12:36:22.332] |T| [close_file]: sceIoClose: Closing file fd: 0x4c
[12:36:22.348] |I| [export_sceIoOpen]: Opening file: app0:DATA.BIN
[12:36:22.350] |T| [open_file]: sceIoOpen: Opening file app0:DATA.BIN (ux0:/app/PCSG00992/DATA.BIN), fd: 0x4d
[12:36:22.383] |T| [close_file]: sceIoClose: Closing file fd: 0x4d
[12:36:22.398] |I| [export_sceIoOpen]: Opening file: app0:DATA.BIN
[12:36:22.400] |T| [open_file]: sceIoOpen: Opening file app0:DATA.BIN (ux0:/app/PCSG00992/DATA.BIN), fd: 0x4e
[12:36:22.432] |T| [close_file]: sceIoClose: Closing file fd: 0x4e
[12:36:22.448] |I| [export_sceIoOpen]: Opening file: app0:DATA.BIN
[12:36:22.450] |T| [open_file]: sceIoOpen: Opening file app0:DATA.BIN (ux0:/app/PCSG00992/DATA.BIN), fd: 0x4f
[12:36:22.500] |T| [close_file]: sceIoClose: Closing file fd: 0x4f
[12:36:22.514] |I| [export_sceIoOpen]: Opening file: app0:DATA.BIN
[12:36:22.517] |T| [open_file]: sceIoOpen: Opening file app0:DATA.BIN (ux0:/app/PCSG00992/DATA.BIN), fd: 0x50
[12:36:22.566] |T| [close_file]: sceIoClose: Closing file fd: 0x50
[12:36:22.582] |I| [export_sceIoOpen]: Opening file: app0:DATA.BIN
[12:36:22.584] |T| [open_file]: sceIoOpen: Opening file app0:DATA.BIN (ux0:/app/PCSG00992/DATA.BIN), fd: 0x51
[12:36:22.616] |T| [close_file]: sceIoClose: Closing file fd: 0x51
[12:36:22.631] |I| [export_sceIoOpen]: Opening file: app0:DATA.BIN
[12:36:22.634] |T| [open_file]: sceIoOpen: Opening file app0:DATA.BIN (ux0:/app/PCSG00992/DATA.BIN), fd: 0x52
[12:36:22.665] |T| [close_file]: sceIoClose: Closing file fd: 0x52
[12:36:22.683] |I| [export_sceIoOpen]: Opening file: app0:DATA.BIN
[12:36:22.684] |T| [open_file]: sceIoOpen: Opening file app0:DATA.BIN (ux0:/app/PCSG00992/DATA.BIN), fd: 0x53
[12:36:22.717] |T| [close_file]: sceIoClose: Closing file fd: 0x53
[12:36:22.732] |I| [export_sceIoOpen]: Opening file: app0:DATA.BIN
[12:36:22.734] |T| [open_file]: sceIoOpen: Opening file app0:DATA.BIN (ux0:/app/PCSG00992/DATA.BIN), fd: 0x54
[12:36:22.765] |T| [close_file]: sceIoClose: Closing file fd: 0x54
[12:36:22.783] |I| [export_sceIoOpen]: Opening file: app0:DATA.BIN
[12:36:22.784] |T| [open_file]: sceIoOpen: Opening file app0:DATA.BIN (ux0:/app/PCSG00992/DATA.BIN), fd: 0x55
[12:36:22.815] |T| [close_file]: sceIoClose: Closing file fd: 0x55
[12:36:22.832] |I| [export_sceIoOpen]: Opening file: app0:DATA.BIN
[12:36:22.833] |T| [open_file]: sceIoOpen: Opening file app0:DATA.BIN (ux0:/app/PCSG00992/DATA.BIN), fd: 0x56
[12:36:22.867] |T| [close_file]: sceIoClose: Closing file fd: 0x56
[12:36:22.882] |I| [export_sceIoOpen]: Opening file: app0:DATA.BIN
[12:36:22.884] |T| [open_file]: sceIoOpen: Opening file app0:DATA.BIN (ux0:/app/PCSG00992/DATA.BIN), fd: 0x57
[12:36:23.000] |T| [close_file]: sceIoClose: Closing file fd: 0x57
[12:36:23.015] |I| [export_sceIoOpen]: Opening file: app0:DATA.BIN
[12:36:23.017] |T| [open_file]: sceIoOpen: Opening file app0:DATA.BIN (ux0:/app/PCSG00992/DATA.BIN), fd: 0x58
[12:36:23.048] |T| [close_file]: sceIoClose: Closing file fd: 0x58
[12:36:23.064] |I| [export_sceIoOpen]: Opening file: app0:DATA.BIN
[12:36:23.066] |T| [open_file]: sceIoOpen: Opening file app0:DATA.BIN (ux0:/app/PCSG00992/DATA.BIN), fd: 0x59
[12:36:23.099] |T| [close_file]: sceIoClose: Closing file fd: 0x59
[12:36:23.114] |I| [export_sceIoOpen]: Opening file: app0:DATA.BIN
[12:36:23.116] |T| [open_file]: sceIoOpen: Opening file app0:DATA.BIN (ux0:/app/PCSG00992/DATA.BIN), fd: 0x5a
[12:36:23.150] |T| [close_file]: sceIoClose: Closing file fd: 0x5a
[12:36:23.164] |I| [export_sceIoOpen]: Opening file: app0:DATA.BIN
[12:36:23.166] |T| [open_file]: sceIoOpen: Opening file app0:DATA.BIN (ux0:/app/PCSG00992/DATA.BIN), fd: 0x5b
[12:36:23.198] |T| [close_file]: sceIoClose: Closing file fd: 0x5b
[12:36:23.216] |I| [export_sceIoOpen]: Opening file: app0:DATA.BIN
[12:36:23.218] |T| [open_file]: sceIoOpen: Opening file app0:DATA.BIN (ux0:/app/PCSG00992/DATA.BIN), fd: 0x5c
[12:36:23.251] |T| [close_file]: sceIoClose: Closing file fd: 0x5c
[12:36:23.264] |I| [export_sceIoOpen]: Opening file: app0:DATA.BIN
[12:36:23.267] |T| [open_file]: sceIoOpen: Opening file app0:DATA.BIN (ux0:/app/PCSG00992/DATA.BIN), fd: 0x5d
[12:36:23.301] |T| [close_file]: sceIoClose: Closing file fd: 0x5d
[12:36:23.315] |I| [export_sceIoOpen]: Opening file: app0:DATA.BIN
[12:36:23.321] |T| [open_file]: sceIoOpen: Opening file app0:DATA.BIN (ux0:/app/PCSG00992/DATA.BIN), fd: 0x5e
[12:36:23.349] |T| [close_file]: sceIoClose: Closing file fd: 0x5e
[12:36:23.364] |I| [export_sceIoOpen]: Opening file: app0:DATA.BIN
[12:36:23.366] |T| [open_file]: sceIoOpen: Opening file app0:DATA.BIN (ux0:/app/PCSG00992/DATA.BIN), fd: 0x5f
[12:36:23.400] |T| [close_file]: sceIoClose: Closing file fd: 0x5f
[12:36:23.414] |I| [export_sceIoOpen]: Opening file: app0:DATA.BIN
[12:36:23.416] |T| [open_file]: sceIoOpen: Opening file app0:DATA.BIN (ux0:/app/PCSG00992/DATA.BIN), fd: 0x60
[12:36:23.450] |T| [close_file]: sceIoClose: Closing file fd: 0x60
[12:36:23.464] |I| [export_sceIoOpen]: Opening file: app0:DATA.BIN
[12:36:23.467] |T| [open_file]: sceIoOpen: Opening file app0:DATA.BIN (ux0:/app/PCSG00992/DATA.BIN), fd: 0x61
[12:36:23.500] |T| [close_file]: sceIoClose: Closing file fd: 0x61
[12:36:23.515] |I| [export_sceIoOpen]: Opening file: app0:DATA.BIN
[12:36:23.517] |T| [open_file]: sceIoOpen: Opening file app0:DATA.BIN (ux0:/app/PCSG00992/DATA.BIN), fd: 0x62
[12:36:23.550] |T| [close_file]: sceIoClose: Closing file fd: 0x62
[12:36:23.566] |I| [export_sceIoOpen]: Opening file: app0:DATA.BIN
[12:36:23.568] |T| [open_file]: sceIoOpen: Opening file app0:DATA.BIN (ux0:/app/PCSG00992/DATA.BIN), fd: 0x63
[12:36:23.599] |T| [close_file]: sceIoClose: Closing file fd: 0x63
[12:36:23.615] |I| [export_sceIoOpen]: Opening file: app0:DATA.BIN
[12:36:23.617] |T| [open_file]: sceIoOpen: Opening file app0:DATA.BIN (ux0:/app/PCSG00992/DATA.BIN), fd: 0x64
[12:36:23.652] |T| [close_file]: sceIoClose: Closing file fd: 0x64
[12:36:23.665] |I| [export_sceIoOpen]: Opening file: app0:DATA.BIN
[12:36:23.667] |T| [open_file]: sceIoOpen: Opening file app0:DATA.BIN (ux0:/app/PCSG00992/DATA.BIN), fd: 0x65
[12:36:23.703] |T| [close_file]: sceIoClose: Closing file fd: 0x65
[12:36:23.715] |I| [export_sceIoOpen]: Opening file: app0:DATA.BIN
[12:36:23.718] |T| [open_file]: sceIoOpen: Opening file app0:DATA.BIN (ux0:/app/PCSG00992/DATA.BIN), fd: 0x66
[12:36:23.751] |T| [close_file]: sceIoClose: Closing file fd: 0x66
[12:36:23.766] |I| [export_sceIoOpen]: Opening file: app0:DATA.BIN
[12:36:23.768] |T| [open_file]: sceIoOpen: Opening file app0:DATA.BIN (ux0:/app/PCSG00992/DATA.BIN), fd: 0x67
[12:36:23.798] |T| [close_file]: sceIoClose: Closing file fd: 0x67
[12:36:23.814] |I| [export_sceIoOpen]: Opening file: app0:DATA.BIN
[12:36:23.817] |T| [open_file]: sceIoOpen: Opening file app0:DATA.BIN (ux0:/app/PCSG00992/DATA.BIN), fd: 0x68
[12:36:23.847] |T| [close_file]: sceIoClose: Closing file fd: 0x68
[12:36:23.865] |I| [export_sceIoOpen]: Opening file: app0:DATA.BIN
[12:36:23.867] |T| [open_file]: sceIoOpen: Opening file app0:DATA.BIN (ux0:/app/PCSG00992/DATA.BIN), fd: 0x69
[12:36:23.900] |T| [close_file]: sceIoClose: Closing file fd: 0x69
[12:36:23.915] |I| [export_sceIoOpen]: Opening file: app0:DATA.BIN
[12:36:23.919] |T| [open_file]: sceIoOpen: Opening file app0:DATA.BIN (ux0:/app/PCSG00992/DATA.BIN), fd: 0x6a
[12:36:23.949] |T| [close_file]: sceIoClose: Closing file fd: 0x6a
[12:36:23.965] |I| [export_sceIoOpen]: Opening file: app0:DATA.BIN
[12:36:23.968] |T| [open_file]: sceIoOpen: Opening file app0:DATA.BIN (ux0:/app/PCSG00992/DATA.BIN), fd: 0x6b
[12:36:24.000] |T| [close_file]: sceIoClose: Closing file fd: 0x6b
[12:36:24.015] |I| [export_sceIoOpen]: Opening file: app0:DATA.BIN
[12:36:24.017] |T| [open_file]: sceIoOpen: Opening file app0:DATA.BIN (ux0:/app/PCSG00992/DATA.BIN), fd: 0x6c
[12:36:24.048] |T| [close_file]: sceIoClose: Closing file fd: 0x6c
[12:36:24.065] |I| [export_sceIoOpen]: Opening file: app0:DATA.BIN
[12:36:24.066] |T| [open_file]: sceIoOpen: Opening file app0:DATA.BIN (ux0:/app/PCSG00992/DATA.BIN), fd: 0x6d
[12:36:24.099] |T| [close_file]: sceIoClose: Closing file fd: 0x6d
[12:36:24.115] |I| [export_sceIoOpen]: Opening file: app0:DATA.BIN
[12:36:24.117] |T| [open_file]: sceIoOpen: Opening file app0:DATA.BIN (ux0:/app/PCSG00992/DATA.BIN), fd: 0x6e
[12:36:24.149] |T| [close_file]: sceIoClose: Closing file fd: 0x6e
[12:36:24.165] |I| [export_sceIoOpen]: Opening file: app0:DATA.BIN
[12:36:24.167] |T| [open_file]: sceIoOpen: Opening file app0:DATA.BIN (ux0:/app/PCSG00992/DATA.BIN), fd: 0x6f
[12:36:24.198] |T| [close_file]: sceIoClose: Closing file fd: 0x6f
[12:36:24.215] |I| [export_sceIoOpen]: Opening file: app0:DATA.BIN
[12:36:24.217] |T| [open_file]: sceIoOpen: Opening file app0:DATA.BIN (ux0:/app/PCSG00992/DATA.BIN), fd: 0x70
[12:36:24.248] |T| [close_file]: sceIoClose: Closing file fd: 0x70
[12:36:24.265] |I| [export_sceIoOpen]: Opening file: app0:DATA.BIN
[12:36:24.266] |T| [open_file]: sceIoOpen: Opening file app0:DATA.BIN (ux0:/app/PCSG00992/DATA.BIN), fd: 0x71
[12:36:24.351] |T| [close_file]: sceIoClose: Closing file fd: 0x71
[12:36:24.364] |I| [export_sceIoOpen]: Opening file: app0:DATA.BIN
[12:36:24.367] |T| [open_file]: sceIoOpen: Opening file app0:DATA.BIN (ux0:/app/PCSG00992/DATA.BIN), fd: 0x72
[12:36:24.398] |T| [close_file]: sceIoClose: Closing file fd: 0x72
[12:36:24.414] |I| [export_sceIoOpen]: Opening file: app0:DATA.BIN
[12:36:24.416] |T| [open_file]: sceIoOpen: Opening file app0:DATA.BIN (ux0:/app/PCSG00992/DATA.BIN), fd: 0x73
[12:36:24.447] |T| [close_file]: sceIoClose: Closing file fd: 0x73
[12:36:24.466] |I| [export_sceIoOpen]: Opening file: app0:DATA.BIN
[12:36:24.468] |T| [open_file]: sceIoOpen: Opening file app0:DATA.BIN (ux0:/app/PCSG00992/DATA.BIN), fd: 0x74
[12:36:24.498] |T| [close_file]: sceIoClose: Closing file fd: 0x74
[12:36:24.515] |I| [export_sceIoOpen]: Opening file: app0:DATA.BIN
[12:36:24.517] |T| [open_file]: sceIoOpen: Opening file app0:DATA.BIN (ux0:/app/PCSG00992/DATA.BIN), fd: 0x75
[12:36:24.549] |T| [close_file]: sceIoClose: Closing file fd: 0x75
[12:36:24.565] |I| [export_sceIoOpen]: Opening file: app0:DATA.BIN
[12:36:24.567] |T| [open_file]: sceIoOpen: Opening file app0:DATA.BIN (ux0:/app/PCSG00992/DATA.BIN), fd: 0x76
[12:36:24.601] |T| [close_file]: sceIoClose: Closing file fd: 0x76
[12:36:24.614] |I| [export_sceIoOpen]: Opening file: app0:DATA.BIN
[12:36:24.617] |T| [open_file]: sceIoOpen: Opening file app0:DATA.BIN (ux0:/app/PCSG00992/DATA.BIN), fd: 0x77
[12:36:24.651] |T| [close_file]: sceIoClose: Closing file fd: 0x77
[12:36:24.664] |I| [export_sceIoOpen]: Opening file: app0:DATA.BIN
[12:36:24.672] |T| [open_file]: sceIoOpen: Opening file app0:DATA.BIN (ux0:/app/PCSG00992/DATA.BIN), fd: 0x78
[12:36:24.701] |T| [close_file]: sceIoClose: Closing file fd: 0x78
[12:36:24.717] |I| [export_sceIoOpen]: Opening file: app0:DATA.BIN
[12:36:24.720] |T| [open_file]: sceIoOpen: Opening file app0:DATA.BIN (ux0:/app/PCSG00992/DATA.BIN), fd: 0x79
[12:36:24.762] |T| [close_file]: sceIoClose: Closing file fd: 0x79
[12:36:24.782] |I| [export_sceIoOpen]: Opening file: app0:DATA.BIN
[12:36:24.794] |T| [open_file]: sceIoOpen: Opening file app0:DATA.BIN (ux0:/app/PCSG00992/DATA.BIN), fd: 0x7a
[12:36:24.832] |T| [close_file]: sceIoClose: Closing file fd: 0x7a
[12:36:24.849] |I| [export_sceIoOpen]: Opening file: app0:DATA.BIN
[12:36:24.853] |T| [open_file]: sceIoOpen: Opening file app0:DATA.BIN (ux0:/app/PCSG00992/DATA.BIN), fd: 0x7b
[12:36:24.915] |T| [close_file]: sceIoClose: Closing file fd: 0x7b
[12:36:24.935] |I| [export_sceIoOpen]: Opening file: app0:DATA.BIN
[12:36:24.941] |T| [open_file]: sceIoOpen: Opening file app0:DATA.BIN (ux0:/app/PCSG00992/DATA.BIN), fd: 0x7c
[12:36:24.980] |T| [close_file]: sceIoClose: Closing file fd: 0x7c
[12:36:24.984] |I| [export_sceIoOpen]: Opening file: app0:DATA.BIN
[12:36:24.985] |T| [open_file]: sceIoOpen: Opening file app0:DATA.BIN (ux0:/app/PCSG00992/DATA.BIN), fd: 0x7d
[12:36:25.030] |T| [close_file]: sceIoClose: Closing file fd: 0x7d
[12:36:25.037] |I| [export_sceIoOpen]: Opening file: app0:DATA.BIN
[12:36:25.040] |T| [open_file]: sceIoOpen: Opening file app0:DATA.BIN (ux0:/app/PCSG00992/DATA.BIN), fd: 0x7e
[12:36:25.235] |T| [close_file]: sceIoClose: Closing file fd: 0x7e
[12:36:25.240] |I| [export_sceIoOpen]: Opening file: app0:DATA.BIN
[12:36:25.240] |T| [open_file]: sceIoOpen: Opening file app0:DATA.BIN (ux0:/app/PCSG00992/DATA.BIN), fd: 0x7f
[12:36:25.266] |T| [close_file]: sceIoClose: Closing file fd: 0x7f
[12:36:25.266] |I| [float_to_half_init]: AVX+F16C instruction set is not supported. Using basic f32 to f16 conversion
[12:36:25.281] |I| [export_sceIoOpen]: Opening file: app0:DATA.BIN
[12:36:25.284] |T| [open_file]: sceIoOpen: Opening file app0:DATA.BIN (ux0:/app/PCSG00992/DATA.BIN), fd: 0x80
[12:36:25.297] |I| [renderer::vulkan::PipelineCache::retrieve_shader]: Generating vulkan spv shader 52dee496996285d28898a5ea4b0ad76845dee75f029f940e7a336507bfda9274
[12:36:25.300] |I| [renderer::load_shader_generic]: Generating vert.spv.txt shader 52dee496996285d28898a5ea4b0ad76845dee75f029f940e7a336507bfda9274
[12:36:25.306] |D| [shader::create_parameters]: [BUFFER0  + 0] pa0 = (half4) vi_pos
[12:36:25.307] |D| [shader::create_parameters]: [BUFFER0  + 2] pa2 = (uchar4) vi_clr
[12:36:25.309] |D| [shader::create_parameters]: [BUFFER0  + 4] pa4 = (half2) vi_tex
[12:36:25.312] |D| [shader::create_parameters]: [DEFAULT  + 0] sa0 = (half4) ktglViewport
[12:36:25.314] |D| [shader::create_parameters]: [DEFAULT  + 2] sa2 = (float1) ktglPointSize
[12:36:25.316] |T| [shader::usse::USSERecompiler::compile_code_node]: Compiling code_0, size = 3
[12:36:25.326] |T| [shader::usse::USSERecompiler::compile_code_node]: Compiling code_0, size = 10
[12:36:25.365] |I| [renderer::vulkan::PipelineCache::retrieve_shader]: Generating vulkan spv shader a84b0a75a707e217cbe25d4541ac6a5283f63dece32fb9988c164209c4c6dae2
[12:36:25.372] |I| [renderer::load_shader_generic]: Generating frag.spv.txt shader a84b0a75a707e217cbe25d4541ac6a5283f63dece32fb9988c164209c4c6dae2
[12:36:25.383] |D| [shader::create_fragment_inputs]: Iterator: pa0 = (float4) v_Color0
[12:36:25.385] |T| [shader::create_fragment_inputs]: pa4 = tex2D<float4>(s0, TEXCOORD0.xy)
[12:36:25.388] |T| [shader::usse::USSERecompiler::compile_code_node]: Compiling code_0, size = 5
[12:36:25.522] |T| [close_file]: sceIoClose: Closing file fd: 0x80
[12:36:25.582] |I| [export_sceIoOpen]: Opening file: app0:DATA.BIN
[12:36:25.584] |T| [open_file]: sceIoOpen: Opening file app0:DATA.BIN (ux0:/app/PCSG00992/DATA.BIN), fd: 0x81
[12:36:25.631] |T| [close_file]: sceIoClose: Closing file fd: 0x81
[12:36:25.635] |I| [export_sceIoOpen]: Opening file: app0:DATA.BIN
[12:36:25.638] |T| [open_file]: sceIoOpen: Opening file app0:DATA.BIN (ux0:/app/PCSG00992/DATA.BIN), fd: 0x82
[12:36:25.697] |T| [close_file]: sceIoClose: Closing file fd: 0x82
[12:36:25.701] |I| [export_sceIoOpen]: Opening file: app0:DATA.BIN
[12:36:25.702] |T| [open_file]: sceIoOpen: Opening file app0:DATA.BIN (ux0:/app/PCSG00992/DATA.BIN), fd: 0x83
[12:36:25.748] |T| [close_file]: sceIoClose: Closing file fd: 0x83
[12:36:25.767] |E| [open_file]: Missing file at D:/GAMESANDEMULATORS/Vita3K/storage/ux0/user/00/savedata/PCSG00992/SlotParam_0.bin (target path: savedata0:/SlotParam_0.bin)
[12:36:25.773] |W| [io_error_impl]: open_file (sceAppUtilSaveDataSlotGetParam) returned 0x80010002
[12:36:25.774] |E| [logging::ret_error_impl]: sceAppUtilSaveDataSlotGetParam returned SCE_APPUTIL_ERROR_SAVEDATA_SLOT_NOT_FOUND (0x80100641)
[12:36:25.810] |I| [export_sceIoOpen]: Opening file: savedata0:./DATA.BIN
[12:36:25.813] |E| [open_file]: Missing file at D:/GAMESANDEMULATORS/Vita3K/storage/ux0/user/00/savedata/PCSG00992/./DATA.BIN (target path: savedata0:./DATA.BIN)
[12:36:25.815] |W| [io_error_impl]: open_file (sceIoOpen) returned 0x80010002
[12:36:26.993] |I| [export_sceIoOpen]: Opening file: app0:DATA.BIN
[12:36:26.995] |T| [open_file]: sceIoOpen: Opening file app0:DATA.BIN (ux0:/app/PCSG00992/DATA.BIN), fd: 0x84
[12:36:27.070] |T| [close_file]: sceIoClose: Closing file fd: 0x84
[12:36:27.081] |I| [export_sceIoOpen]: Opening file: app0:DATA.BIN
[12:36:27.083] |T| [open_file]: sceIoOpen: Opening file app0:DATA.BIN (ux0:/app/PCSG00992/DATA.BIN), fd: 0x85
[12:36:27.120] |T| [close_file]: sceIoClose: Closing file fd: 0x85
[12:36:27.133] |I| [export_sceIoOpen]: Opening file: app0:DATA.BIN
[12:36:27.134] |T| [open_file]: sceIoOpen: Opening file app0:DATA.BIN (ux0:/app/PCSG00992/DATA.BIN), fd: 0x86
[12:36:27.168] |T| [close_file]: sceIoClose: Closing file fd: 0x86
[12:36:27.181] |I| [export_sceIoOpen]: Opening file: app0:DATA.BIN
[12:36:27.184] |T| [open_file]: sceIoOpen: Opening file app0:DATA.BIN (ux0:/app/PCSG00992/DATA.BIN), fd: 0x87
[12:36:27.218] |T| [close_file]: sceIoClose: Closing file fd: 0x87
[12:36:27.253] |I| [renderer::vulkan::PipelineCache::retrieve_shader]: Generating vulkan spv shader b314464315201680d24667fa03cc747ef1ce7614a46a0cf1e48f972d0018b0a0
[12:36:27.258] |I| [renderer::load_shader_generic]: Generating frag.spv.txt shader b314464315201680d24667fa03cc747ef1ce7614a46a0cf1e48f972d0018b0a0
[12:36:27.265] |D| [shader::create_fragment_inputs]: Iterator: pa0 = (half4) v_Color0
[12:36:27.267] |T| [shader::usse::USSERecompiler::compile_code_node]: Compiling code_0, size = 1
[12:36:46.087] |T| [log_import_call]: [LLE] TID: 7   FUNC: 0x4c847adf sceAvPlayerInit at 0x26b760
[12:36:46.171] |T| [log_import_call]: [LLE] TID: 7   FUNC: 0xbc83c8fd sceAvPlayerAddSource at 0x26b7d0
[12:36:46.193] |T| [log_import_call]: [LLE] TID: 7   FUNC: 0x5474af0 sceMp4OpenFile at 0x2aea1a8
[12:36:46.203] |I| [export_sceIoOpen]: Opening file: app0:./movie/title.mp4
[12:36:46.204] |T| [open_file]: sceIoOpen: Opening file app0:./movie/title.mp4 (ux0:/app/PCSG00992/./movie/title.mp4), fd: 0x88
[12:36:46.267] |T| [log_import_call]: [LLE] TID: 184 FUNC: 0x30e49e4d sceMp4StartFileStreaming at 0x2aea1c8
[12:36:46.493] |E| [logging::ret_error_impl]: sceKernelTryLockLwMutex returned SCE_KERNEL_ERROR_LW_MUTEX_FAILED_TO_OWN (0x80028185)
[12:36:46.695] |T| [log_import_call]: [LLE] TID: 184 FUNC: 0x2cd86fd6 sceAvPlayerStreamCount at 0x26b720
[12:36:46.699] |T| [log_import_call]: [LLE] TID: 184 FUNC: 0xd5b26179 UNRECOGNISED at 0x2aea2c8
[12:36:46.731] |T| [log_import_call]: [LLE] TID: 184 FUNC: 0x34e2d370 sceAvPlayerGetStreamInfo at 0x26b740
[12:36:46.737] |T| [log_import_call]: [LLE] TID: 184 FUNC: 0x70127ab8 sceAvPlayerEnableStream at 0x26b780
[12:36:46.764] |W| [stubbed_impl]: Stubbed sceAudiodecGetContextSize import called. (fake size)
[12:36:46.783] |W| [stubbed_impl]: Stubbed sceCodecEngineAllocMemoryFromUnmapMemBlock import called. (fake vaddr)
[12:36:46.901] |T| [log_import_call]: [LLE] TID: 184 FUNC: 0x609e57ad sceMp4EnableStream at 0x2aea208
[12:36:46.931] |W| [stubbed_impl]: Stubbed sceVideodecQueryMemSize import called. (fake size)
[12:36:46.973] |T| [log_import_call]: [LLE] TID: 7   FUNC: 0x2e4ff35f sceAvPlayerIsActive at 0x26b730
[12:36:46.988] |T| [log_import_call]: [LLE] TID: 7   FUNC: 0xec103adf sceAvPlayerSetLooping at 0x26b7f0
[12:36:46.991] |T| [log_import_call]: [LLE] TID: 7   FUNC: 0x2acb4217 sceAvPlayerStart at 0x26b710
[12:36:47.139] |T| [log_import_call]: [LLE] TID: 7   FUNC: 0x804dcecd sceAvPlayerCurrentTime at 0x26b7a0
[12:36:47.140] |T| [log_import_call]: [LLE] TID: 280 FUNC: 0x20a01112 sceMp4GetNextUnit at 0x2aea1b8
[12:36:47.144] |T| [log_import_call]: [LLE] TID: 172 FUNC: 0xa10fc252 sceAvPlayerGetAudioData at 0x26b7c0
[12:36:47.183] |T| [log_import_call]: [LLE] TID: 7   FUNC: 0x8bc3221b sceAvPlayerGetVideoData at 0x26b7b0
[12:36:47.201] |T| [log_import_call]: [LLE] TID: 280 FUNC: 0xd092a066 sceMp4GetNextUnitData at 0x2aea2a8
[12:36:47.225] |E| [logging::ret_error_impl]: _sceKernelWaitCond returned SCE_KERNEL_ERROR_WAIT_TIMEOUT (0x80028005)
[12:36:57.025] |I| [renderer::vulkan::PipelineCache::save_pipeline_cache]: Saving pipeline cache...
[12:36:57.027] |I| [renderer::vulkan::PipelineCache::save_pipeline_cache]: Pipeline cache saved
[12:37:02.895] |T| [log_import_call]: [LLE] TID: 7   FUNC: 0x7aa29b2d sceAvPlayerClose at 0x26b790
[12:37:02.925] |T| [log_import_call]: [LLE] TID: 7   FUNC: 0xc05dff01 UNRECOGNISED at 0x2aea288
[12:37:02.928] |T| [log_import_call]: [LLE] TID: 7   FUNC: 0x40351e1a sceMp4Reset at 0x2aea1e8
[12:37:02.941] |W| [stubbed_impl]: Stubbed sceCodecEngineFreeMemoryFromUnmapMemBlock import called. (always return success)
[12:37:03.027] |T| [log_import_call]: [LLE] TID: 7   FUNC: 0x920623c8 sceMp4CloseFile at 0x2aea238
[12:37:03.042] |T| [close_file]: sceIoClose: Closing file fd: 0x88
[12:37:03.076] |T| [log_import_call]: [LLE] TID: 7   FUNC: 0x7b4832fe sceMp4ReleaseBuffer at 0x2aea228
[12:37:03.153] |I| [export_sceIoOpen]: Opening file: app0:DATA.BIN
[12:37:03.157] |T| [open_file]: sceIoOpen: Opening file app0:DATA.BIN (ux0:/app/PCSG00992/DATA.BIN), fd: 0x89
[12:37:03.360] |T| [close_file]: sceIoClose: Closing file fd: 0x89
[12:37:03.383] |I| [export_sceIoOpen]: Opening file: app0:DATA.BIN
[12:37:03.395] |T| [open_file]: sceIoOpen: Opening file app0:DATA.BIN (ux0:/app/PCSG00992/DATA.BIN), fd: 0x8a
[12:37:03.473] |T| [close_file]: sceIoClose: Closing file fd: 0x8a
[12:37:03.483] |I| [export_sceIoOpen]: Opening file: app0:DATA.BIN
[12:37:03.494] |T| [open_file]: sceIoOpen: Opening file app0:DATA.BIN (ux0:/app/PCSG00992/DATA.BIN), fd: 0x8b
[12:37:03.605] |T| [close_file]: sceIoClose: Closing file fd: 0x8b
[12:37:03.626] |I| [export_sceIoOpen]: Opening file: app0:DATA.BIN
[12:37:03.630] |T| [open_file]: sceIoOpen: Opening file app0:DATA.BIN (ux0:/app/PCSG00992/DATA.BIN), fd: 0x8c
[12:37:03.692] |T| [close_file]: sceIoClose: Closing file fd: 0x8c
[12:37:03.876] |I| [export_sceIoOpen]: Opening file: app0:DATA.BIN
[12:37:04.093] |T| [open_file]: sceIoOpen: Opening file app0:DATA.BIN (ux0:/app/PCSG00992/DATA.BIN), fd: 0x8d
[12:37:04.209] |T| [close_file]: sceIoClose: Closing file fd: 0x8d
[12:37:04.244] |I| [export_sceIoOpen]: Opening file: app0:DATA.BIN
[12:37:04.246] |T| [open_file]: sceIoOpen: Opening file app0:DATA.BIN (ux0:/app/PCSG00992/DATA.BIN), fd: 0x8e
[12:37:04.301] |T| [close_file]: sceIoClose: Closing file fd: 0x8e
[12:37:04.346] |I| [export_sceIoOpen]: Opening file: app0:DATA.BIN
[12:37:04.352] |T| [open_file]: sceIoOpen: Opening file app0:DATA.BIN (ux0:/app/PCSG00992/DATA.BIN), fd: 0x8f
[12:37:04.403] |T| [close_file]: sceIoClose: Closing file fd: 0x8f
[12:37:04.426] |I| [export_sceIoOpen]: Opening file: app0:DATA.BIN
[12:37:04.442] |T| [open_file]: sceIoOpen: Opening file app0:DATA.BIN (ux0:/app/PCSG00992/DATA.BIN), fd: 0x90
[12:37:04.501] |T| [close_file]: sceIoClose: Closing file fd: 0x90
[12:37:04.534] |I| [export_sceIoOpen]: Opening file: app0:DATA.BIN
[12:37:04.543] |T| [open_file]: sceIoOpen: Opening file app0:DATA.BIN (ux0:/app/PCSG00992/DATA.BIN), fd: 0x91
[12:37:04.610] |T| [close_file]: sceIoClose: Closing file fd: 0x91
[12:37:04.636] |I| [export_sceIoOpen]: Opening file: app0:DATA.BIN
[12:37:04.645] |T| [open_file]: sceIoOpen: Opening file app0:DATA.BIN (ux0:/app/PCSG00992/DATA.BIN), fd: 0x92
[12:37:04.753] |T| [close_file]: sceIoClose: Closing file fd: 0x92
[12:37:04.769] |I| [export_sceIoOpen]: Opening file: app0:DATA.BIN
[12:37:04.775] |T| [open_file]: sceIoOpen: Opening file app0:DATA.BIN (ux0:/app/PCSG00992/DATA.BIN), fd: 0x93
[12:37:04.830] |T| [close_file]: sceIoClose: Closing file fd: 0x93
[12:37:04.852] |I| [export_sceIoOpen]: Opening file: app0:DATA.BIN
[12:37:04.853] |T| [open_file]: sceIoOpen: Opening file app0:DATA.BIN (ux0:/app/PCSG00992/DATA.BIN), fd: 0x94
[12:37:05.001] |T| [close_file]: sceIoClose: Closing file fd: 0x94
[12:37:05.015] |I| [export_sceIoOpen]: Opening file: app0:DATA.BIN
[12:37:05.017] |T| [open_file]: sceIoOpen: Opening file app0:DATA.BIN (ux0:/app/PCSG00992/DATA.BIN), fd: 0x95
[12:37:05.050] |T| [close_file]: sceIoClose: Closing file fd: 0x95
[12:37:05.063] |I| [export_sceIoOpen]: Opening file: app0:DATA.BIN
[12:37:05.066] |T| [open_file]: sceIoOpen: Opening file app0:DATA.BIN (ux0:/app/PCSG00992/DATA.BIN), fd: 0x96
[12:37:05.113] |T| [close_file]: sceIoClose: Closing file fd: 0x96
[12:37:05.116] |I| [export_sceIoOpen]: Opening file: app0:DATA.BIN
[12:37:05.117] |T| [open_file]: sceIoOpen: Opening file app0:DATA.BIN (ux0:/app/PCSG00992/DATA.BIN), fd: 0x97
[12:37:05.163] |T| [close_file]: sceIoClose: Closing file fd: 0x97
[12:37:05.252] |E| [logging::ret_error_impl]: sceKernelWaitEventFlag returned SCE_KERNEL_ERROR_WAIT_TIMEOUT (0x80028005)
[12:37:05.336] |E| [export___sce_aeabi_idiv0]: Division by zero
[12:37:05.337] |W| [unimplemented_impl]: Unimplemented __sce_aeabi_idiv0 import called.
[12:37:05.347] |C| [logging::exception_handler]: Exception EXCEPTION_ACCESS_VIOLATION (0xc0000005). 
[12:37:05.350] |C| [logging::exception_handler]: Read violation at address 0x0.
