[11:35:05.348] |I| [config::init_config]: backend-renderer: Vulkan
[11:35:05.349] |I| [config::init_config]: log-level: 0
[11:35:05.421] |I| [SDL_main]: Vita3K v0.1.8 3193-9837745e
[11:35:05.422] |I| [SDL_main]: Number of logical CPU cores: 12
[11:35:05.423] |I| [SDL_main]: Available ram memory: 6005 MiB
[11:35:05.510] |I| [renderer::vulkan::VKState::create]: Vulkan device: AMD Radeon(TM) Graphics
[11:35:05.511] |I| [renderer::vulkan::VKState::create]: Driver version: 2.0.262
[11:35:05.511] |I| [renderer::vulkan::VKState::create]: Memory mapping is enabled
[11:35:05.529] |I| [renderer::vulkan::ScreenRenderer::setup]: Present mode: FifoRelaxed
[11:35:06.125] |I| [compat::update_compat_app_db]: Applications compatibility database is up to date.
[11:35:18.558] |I| [gui::delete_app]: Application successfully deleted 'PCSE00033 [Guacamelee!]'.
[11:37:29.629] |I| [gui::delete_app]: Application successfully deleted 'PCSA00126 [God of War® Collection]'.
[11:39:09.454] |I| [gui::delete_app]: Application successfully deleted 'PCSE00434 [Hatsune Miku: PJ DIVA F 2nd]'.
[11:39:33.191] |I| [gui::delete_app]: Application successfully deleted 'PCSE00867 [Hatsune Miku: Project DIVA X]'.
[11:39:51.030] |I| [load_app_impl]: cpu-backend: Dynarmic
[11:39:51.031] |I| [load_app_impl]: CPU Optimisation state: true
[11:39:51.031] |I| [load_app_impl]: ngs state: true
[11:39:51.031] |I| [load_app_impl]: Resolution multiplier: 2
[11:39:51.035] |I| [load_app_impl]: 1 Controllers Connected
[11:39:51.035] |I| [load_app_impl]: Controller 0: Controller (Wireless Gamepad F710)
[11:39:51.035] |I| [load_app_impl]: modules mode: Automatic
[11:39:51.035] |I| [load_app_impl]: Title: Heroes of Loot
[11:39:51.036] |I| [load_app_impl]: Serial: PCSE00666
[11:39:51.036] |I| [load_app_impl]: Version: 1.00
[11:39:51.036] |I| [load_app_impl]: Category: gd
[11:39:51.055] |I| [load_self]: app0:sce_module/libc.suprx: Skipping special segment 0x6fffff01...
[11:39:51.056] |I| [load_self]: Loaded module segment 0 @ [0x00005000 - 0x000568A4 / 0x81000000] (size: 0x000518A4) of module app0:sce_module/libc.suprx
[11:39:51.056] |I| [load_self]: Loaded module segment 1 @ [0x00057000 - 0x000598A0 / 0x81052000] (size: 0x000028A0) of module app0:sce_module/libc.suprx
[11:39:51.057] |I| [load_self]: Linking SELF app0:sce_module/libc.suprx...
[11:39:51.058] |D| [load_var_exports]: 	NID 0x936c8a78 (SYSLYB) at 0x4c314
[11:39:51.059] |D| [load_var_exports]: 	NID 0x6c2224ba (NID_MODULE_INFO) at 0x414dc
[11:39:51.060] |I| [pre_load_module]: Pre-load module SceLibc (at "sce_module/libc.suprx") loaded
[11:39:51.075] |I| [load_self]: app0:sce_module/libfios2.suprx: Skipping special segment 0x6fffff01...
[11:39:51.076] |I| [load_self]: Loaded module segment 0 @ [0x0005A000 - 0x00086CBF / 0x81000000] (size: 0x0002CCBF) of module app0:sce_module/libfios2.suprx
[11:39:51.077] |I| [load_self]: Loaded module segment 1 @ [0x00087000 - 0x0008C255 / 0x8102D000] (size: 0x00005255) of module app0:sce_module/libfios2.suprx
[11:39:51.079] |I| [load_self]: Linking SELF app0:sce_module/libfios2.suprx...
[11:39:51.081] |D| [load_var_exports]: 	NID 0x936c8a78 (SYSLYB) at 0x86bc8
[11:39:51.082] |D| [load_var_exports]: 	NID 0x6c2224ba (NID_MODULE_INFO) at 0x7df08
[11:39:51.083] |I| [pre_load_module]: Pre-load module SceLibFios2 (at "sce_module/libfios2.suprx") loaded
[11:39:51.095] |I| [load_self]: app0:sce_module/libult.suprx: Skipping special segment 0x6fffff01...
[11:39:51.096] |I| [load_self]: Loaded module segment 0 @ [0x0008D000 - 0x000A09A4 / 0x81000000] (size: 0x000139A4) of module app0:sce_module/libult.suprx
[11:39:51.098] |I| [load_self]: Loaded module segment 1 @ [0x000A1000 - 0x000A1814 / 0x81014000] (size: 0x00000814) of module app0:sce_module/libult.suprx
[11:39:51.100] |I| [load_self]: Linking SELF app0:sce_module/libult.suprx...
[11:39:51.100] |D| [load_var_exports]: 	NID 0x936c8a78 (SYSLYB) at 0x9f2d0
[11:39:51.101] |D| [load_var_exports]: 	NID 0x6c2224ba (NID_MODULE_INFO) at 0x9c858
[11:39:51.102] |I| [pre_load_module]: Pre-load module SceUlt (at "sce_module/libult.suprx") loaded
[11:39:51.110] |I| [load_self]: Loaded module segment 0 @ [0x000A2000 - 0x000F2F04 / 0x81000000] (size: 0x00050F04) of module vs0:sys/external/libSceFt2.suprx
[11:39:51.113] |I| [load_self]: Loaded module segment 1 @ [0x000F3000 - 0x000F32F4 / 0x81051000] (size: 0x000002F4) of module vs0:sys/external/libSceFt2.suprx
[11:39:51.115] |I| [load_self]: Linking SELF vs0:sys/external/libSceFt2.suprx...
[11:39:51.116] |D| [load_var_exports]: 	NID 0x936c8a78 (SYSLYB) at 0xde7dc
[11:39:51.117] |D| [load_var_exports]: 	NID 0x6c2224ba (NID_MODULE_INFO) at 0xddf10
[11:39:51.117] |I| [pre_load_module]: Pre-load module SceLibft2 (at "sys/external/libSceFt2.suprx") loaded
[11:39:51.120] |I| [load_self]: Loaded module segment 0 @ [0x000F4000 - 0x00103F14 / 0x81000000] (size: 0x0000FF14) of module vs0:sys/external/libpvf.suprx
[11:39:51.122] |I| [load_self]: Loaded module segment 1 @ [0x00104000 - 0x00104008 / 0x81010000] (size: 0x00000008) of module vs0:sys/external/libpvf.suprx
[11:39:51.123] |I| [load_self]: Linking SELF vs0:sys/external/libpvf.suprx...
[11:39:51.124] |D| [load_var_exports]: 	NID 0x936c8a78 (SYSLYB) at 0x102710
[11:39:51.124] |D| [load_var_exports]: 	NID 0x6c2224ba (NID_MODULE_INFO) at 0x102300
[11:39:51.125] |I| [pre_load_module]: Pre-load module SceLibPvf (at "sys/external/libpvf.suprx") loaded
[11:39:51.210] |I| [load_self]: app0:eboot.bin: Skipping special segment 0x6fffff01...
[11:39:51.211] |I| [load_self]: Loaded module segment 0 @ [0x00105000 - 0x003599F4 / 0x81000000] (size: 0x002549F4) of module app0:eboot.bin
[11:39:51.212] |I| [load_self]: Loaded module segment 1 @ [0x0035A000 - 0x01BD4EE4 / 0x81255000] (size: 0x0187AEE4) of module app0:eboot.bin
[11:39:51.214] |I| [load_self]: Linking SELF app0:eboot.bin...
[11:39:51.215] |D| [load_var_exports]: 	NID 0x6c2224ba (NID_MODULE_INFO) at 0x2dfc80
[11:39:51.215] |D| [load_var_exports]: 	NID 0x70fba1e7 (SCE_PROC_PARAMS) at 0x35a19c
[11:39:51.216] |D| [load_var_exports]: 	NID 0x936c8a78 (SYSLYB) at 0x300fe8
[11:39:51.217] |I| [load_app_impl]: Main executable HeroesOfLootPSP2 (eboot.bin) loaded
[11:39:51.235] |D| [run_app]: Running module_start of library: SceLibc at address 0x5871
[11:39:51.283] |T| [open_file]: sceKernelGetStdin: Opening terminal tty0:
[11:39:51.284] |T| [open_file]: sceKernelGetStdout: Opening terminal tty0:
[11:39:51.285] |T| [open_file]: sceKernelGetStderr: Opening terminal tty0:
[11:39:51.294] |I| [run_app]: Module SceLibc (at "app0:sce_module/libc.suprx") module_start returned 0x0
[11:39:51.299] |D| [run_app]: Running module_start of library: SceLibFios2 at address 0x5a001
[11:39:51.345] |W| [stubbed_impl]: Stubbed sceKernelGetProcessId import called. (pid: 0)
[11:39:51.346] |I| [run_app]: Module SceLibFios2 (at "app0:sce_module/libfios2.suprx") module_start returned 0x0
[11:39:51.350] |D| [run_app]: Running module_start of library: SceUlt at address 0x90769
[11:39:51.392] |W| [unimplemented_impl]: Unimplemented _sceUlobjMgrRegisterLibultProtocolRevision import called.
[11:39:51.393] |I| [run_app]: Module SceUlt (at "app0:sce_module/libult.suprx") module_start returned 0x0
[11:39:51.412] |I| [load_module]: Loading module ID: 0x2
[11:39:51.417] |I| [load_self]: sys/external/libhttp.suprx: Skipping special segment 0x6fffff01...
[11:39:51.417] |I| [load_self]: Loaded module segment 0 @ [0x01C2F000 - 0x01C4C150 / 0x81000000] (size: 0x0001D150) of module sys/external/libhttp.suprx
[11:39:51.419] |I| [load_self]: Loaded module segment 1 @ [0x01C17000 - 0x01C17640 / 0x8101E000] (size: 0x00000640) of module sys/external/libhttp.suprx
[11:39:51.423] |I| [load_self]: Linking SELF sys/external/libhttp.suprx...
[11:39:51.424] |D| [load_var_exports]: 	NID 0x936c8a78 (SYSLYB) at 0x1c4ae68
[11:39:51.425] |D| [load_var_exports]: 	NID 0x6c2224ba (NID_MODULE_INFO) at 0x1c47ca0
[11:39:51.426] |I| [load_module]: Module SceLibHttp (at "sys/external/libhttp.suprx") loaded
[11:39:51.426] |D| [load_module]: Running module_start of module: SceLibHttp
[11:39:51.427] |I| [load_module]: Module SceLibHttp (at "sys/external/libhttp.suprx") module_start returned 0x0
[11:39:51.429] |I| [load_module]: Loading module ID: 0x4
[11:39:51.433] |I| [load_self]: sys/external/libhttp.suprx: Skipping special segment 0x6fffff01...
[11:39:51.434] |I| [load_self]: Loaded module segment 0 @ [0x01C4D000 - 0x01C6A150 / 0x81000000] (size: 0x0001D150) of module sys/external/libhttp.suprx
[11:39:51.435] |I| [load_self]: Loaded module segment 1 @ [0x01C6B000 - 0x01C6B640 / 0x8101E000] (size: 0x00000640) of module sys/external/libhttp.suprx
[11:39:51.440] |I| [load_self]: Linking SELF sys/external/libhttp.suprx...
[11:39:51.441] |D| [load_var_exports]: 	NID 0x936c8a78 (SYSLYB) at 0x1c68e68
[11:39:51.442] |D| [load_var_exports]: 	NID 0x6c2224ba (NID_MODULE_INFO) at 0x1c65ca0
[11:39:51.443] |I| [load_module]: Module SceLibHttp (at "sys/external/libhttp.suprx") loaded
[11:39:51.444] |D| [load_module]: Running module_start of module: SceLibHttp
[11:39:51.445] |I| [load_module]: Module SceLibHttp (at "sys/external/libhttp.suprx") module_start returned 0x0
[11:39:51.456] |I| [load_self]: Loaded module segment 0 @ [0x01C6C000 - 0x01CD2EA4 / 0x81000000] (size: 0x00066EA4) of module sys/external/libssl.suprx
[11:39:51.457] |I| [load_self]: Loaded module segment 1 @ [0x01CD3000 - 0x01CD8188 / 0x81067000] (size: 0x00005188) of module sys/external/libssl.suprx
[11:39:51.459] |I| [load_self]: Linking SELF sys/external/libssl.suprx...
[11:39:51.460] |D| [load_var_exports]: 	NID 0x936c8a78 (SYSLYB) at 0x1cbe9b0
[11:39:51.461] |D| [load_var_exports]: 	NID 0x6c2224ba (NID_MODULE_INFO) at 0x1cb8c70
[11:39:51.462] |I| [load_module]: Module SceLibSsl (at "sys/external/libssl.suprx") loaded
[11:39:51.555] |I| [load_module]: Loading module ID: 0x13
[11:39:51.567] |I| [load_self]: sys/external/libsystemgesture.suprx: Skipping special segment 0x6fffff01...
[11:39:51.568] |I| [load_self]: Loaded module segment 0 @ [0x01CD9000 - 0x01CDC08C / 0x81000000] (size: 0x0000308C) of module sys/external/libsystemgesture.suprx
[11:39:51.569] |I| [load_self]: Loaded module segment 1 @ [0x01CDD000 - 0x01CDDBF0 / 0x81004000] (size: 0x00000BF0) of module sys/external/libsystemgesture.suprx
[11:39:51.570] |I| [load_self]: Linking SELF sys/external/libsystemgesture.suprx...
[11:39:51.573] |D| [load_var_exports]: 	NID 0x936c8a78 (SYSLYB) at 0x1cdc074
[11:39:51.574] |D| [load_var_exports]: 	NID 0x6c2224ba (NID_MODULE_INFO) at 0x1cdbbd4
[11:39:51.575] |I| [load_module]: Module SceSystemGesture (at "sys/external/libsystemgesture.suprx") loaded
[11:39:51.577] |D| [load_module]: Running module_start of module: SceSystemGesture
[11:39:51.579] |I| [load_module]: Module SceSystemGesture (at "sys/external/libsystemgesture.suprx") module_start returned 0x0
[11:39:51.580] |I| [load_module]: Loading module ID: 0x4c
[11:39:51.584] |I| [load_self]: sys/external/libsceavplayer.suprx: Skipping special segment 0x6fffff01...
[11:39:51.584] |I| [load_self]: Loaded module segment 0 @ [0x01CDE000 - 0x01CF29FC / 0x81000000] (size: 0x000149FC) of module sys/external/libsceavplayer.suprx
[11:39:51.586] |I| [load_self]: Loaded module segment 1 @ [0x01CF3000 - 0x01CF306C / 0x81015000] (size: 0x0000006C) of module sys/external/libsceavplayer.suprx
[11:39:51.588] |I| [load_self]: Linking SELF sys/external/libsceavplayer.suprx...
[11:39:51.589] |D| [load_var_exports]: 	NID 0x936c8a78 (SYSLYB) at 0x1cefd40
[11:39:51.590] |D| [load_var_exports]: 	NID 0x6c2224ba (NID_MODULE_INFO) at 0x1cee548
[11:39:51.590] |I| [load_module]: Module SceAvPlayer (at "sys/external/libsceavplayer.suprx") loaded
[11:39:51.593] |D| [load_module]: Running module_start of module: SceAvPlayer
[11:39:51.594] |I| [load_module]: Module SceAvPlayer (at "sys/external/libsceavplayer.suprx") module_start returned 0x0
[11:39:51.598] |I| [load_self]: sys/external/libscemp4.suprx: Skipping special segment 0x6fffff01...
[11:39:51.598] |I| [load_self]: Loaded module segment 0 @ [0x01CF4000 - 0x01D03D20 / 0x81000000] (size: 0x0000FD20) of module sys/external/libscemp4.suprx
[11:39:51.600] |I| [load_self]: Loaded module segment 1 @ [0x01D04000 - 0x01D04028 / 0x81010000] (size: 0x00000028) of module sys/external/libscemp4.suprx
[11:39:51.601] |I| [load_self]: Linking SELF sys/external/libscemp4.suprx...
[11:39:51.602] |D| [load_var_exports]: 	NID 0x936c8a78 (SYSLYB) at 0x1d039d0
[11:39:51.602] |D| [load_var_exports]: 	NID 0x6c2224ba (NID_MODULE_INFO) at 0x1d028c4
[11:39:51.603] |I| [load_module]: Module SceMp4 (at "sys/external/libscemp4.suprx") loaded
[11:39:51.674] |W| [stubbed_impl]: Stubbed sceGxmMapFragmentUsseMemory import called. (always return success)
[11:39:51.707] |W| [stubbed_impl]: Stubbed sceGxmGetRenderTargetMemSize import called. (2MiB emuenv mem)
[11:39:51.739] |W| [unimplemented_impl]: Unimplemented sceAppUtilInit import called.
[11:39:52.108] |W| [stubbed_impl]: Stubbed sceGxmMapVertexUsseMemory import called. (always return success)
[11:39:52.158] |T| [log_import_call]: [LLE] TID: 7   FUNC: 0x6078a08b sceSystemGestureInitializePrimitiveTouchRecognizer at 0x2df800
[11:39:52.161] |W| [stubbed_impl]: Stubbed sceTouchGetPixelDensity2 import called. (Return constant values (22.0))
[11:39:52.164] |T| [log_import_call]: [LLE] TID: 7   FUNC: 0xc3367370 sceSystemGestureCreateTouchRecognizer at 0x2df840
[11:39:52.165] |W| [unimplemented_impl]: Unimplemented sceMotionSetDeadband import called.
[11:39:52.165] |W| [unimplemented_impl]: Unimplemented sceMotionSetTiltCorrection import called.
[11:39:52.166] |W| [unimplemented_impl]: Unimplemented sceMotionReset import called.
[11:39:52.167] |W| [unimplemented_impl]: Unimplemented sceMotionStartSampling import called.
[11:39:52.168] |W| [unimplemented_impl]: Unimplemented sceNpTusInit import called.
[11:39:52.169] |W| [stubbed_impl]: Stubbed sceNetCtlInit import called. (Stub)
[11:39:52.170] |T| [log_import_call]: [LLE] TID: 7   FUNC: 0x214926d9 sceHttpInit at 0x2de5f0
[11:39:52.172] |T| [log_import_call]: [LLE] TID: 7   FUNC: 0x3c733316 sceSslInit at 0x2de620
[11:39:52.176] |W| [unimplemented_impl]: Unimplemented sceNpScoreInit import called.
[11:39:52.176] |W| [unimplemented_impl]: Unimplemented sceAppMgrAcquireBgmPort import called.
[11:39:52.185] |W| [unimplemented_impl]: Unimplemented sceNpActivityInit import called.
[11:39:52.189] |I| [export_sceIoOpen]: Opening file: app0:GXM/heroesofloot_localization.bin
[11:39:52.200] |T| [open_file]: sceIoOpen: Opening file app0:GXM/heroesofloot_localization.bin (ux0:/app/PCSE00666/GXM/heroesofloot_localization.bin), fd: 0x3
[11:39:52.206] |T| [close_file]: sceIoClose: Closing file fd: 0x3
[11:39:52.211] |I| [export_sceIoOpen]: Opening file: app0:Assets/Trophies/Trophies.ini
[11:39:52.218] |T| [open_file]: sceIoOpen: Opening file app0:Assets/Trophies/Trophies.ini (ux0:/app/PCSE00666/Assets/Trophies/Trophies.ini), fd: 0x4
[11:39:52.220] |T| [close_file]: sceIoClose: Closing file fd: 0x4
[11:39:52.233] |T| [open_file]: create_trophy_context: Opening file app0:/sce_sys/trophy/NPWR08546_00/TROPHY.TRP (ux0:/app/PCSE00666/sce_sys/trophy/NPWR08546_00/TROPHY.TRP), fd: 0x5
[11:39:52.236] |E| [open_file]: Missing file at C:/Users/Sam/AppData/Roaming/Vita3K/Vita3K/ux0/user/00/trophy/data/NPWR08546_00/TROPUSR.DAT (target path: ux0:/user/00/trophy/data/NPWR08546_00/TROPUSR.DAT)
[11:39:52.237] |W| [io_error_impl]: open_file (create_trophy_context) returned 0x80010002
[11:39:52.238] |T| [open_file]: install_trophy_context: Opening file ux0:/user/00/trophy/conf/NPWR08546_00/TROPCONF.SFM (ux0:/user/00/trophy/conf/NPWR08546_00/TROPCONF.SFM), fd: 0x6
[11:39:52.239] |T| [write_file]: install_trophy_context: Writing to fd: 0x6, size: 1330
[11:39:52.240] |T| [close_file]: install_trophy_context: Closing file fd: 0x6
[11:39:52.241] |T| [open_file]: install_trophy_context: Opening file ux0:/user/00/trophy/conf/NPWR08546_00/TROP.SFM (ux0:/user/00/trophy/conf/NPWR08546_00/TROP.SFM), fd: 0x7
[11:39:52.244] |T| [write_file]: install_trophy_context: Writing to fd: 0x7, size: 2706
[11:39:52.245] |T| [close_file]: install_trophy_context: Closing file fd: 0x7
[11:39:52.247] |T| [open_file]: install_trophy_context: Opening file ux0:/user/00/trophy/conf/NPWR08546_00/TROP_02.SFM (ux0:/user/00/trophy/conf/NPWR08546_00/TROP_02.SFM), fd: 0x8
[11:39:52.248] |T| [write_file]: install_trophy_context: Writing to fd: 0x8, size: 2859
[11:39:52.248] |T| [close_file]: install_trophy_context: Closing file fd: 0x8
[11:39:52.250] |T| [open_file]: install_trophy_context: Opening file ux0:/user/00/trophy/conf/NPWR08546_00/TROP_03.SFM (ux0:/user/00/trophy/conf/NPWR08546_00/TROP_03.SFM), fd: 0x9
[11:39:52.251] |T| [write_file]: install_trophy_context: Writing to fd: 0x9, size: 2855
[11:39:52.251] |T| [close_file]: install_trophy_context: Closing file fd: 0x9
[11:39:52.253] |T| [open_file]: install_trophy_context: Opening file ux0:/user/00/trophy/conf/NPWR08546_00/TROP_04.SFM (ux0:/user/00/trophy/conf/NPWR08546_00/TROP_04.SFM), fd: 0xa
[11:39:52.254] |T| [write_file]: install_trophy_context: Writing to fd: 0xa, size: 2903
[11:39:52.255] |T| [close_file]: install_trophy_context: Closing file fd: 0xa
[11:39:52.257] |T| [open_file]: install_trophy_context: Opening file ux0:/user/00/trophy/conf/NPWR08546_00/TROP_08.SFM (ux0:/user/00/trophy/conf/NPWR08546_00/TROP_08.SFM), fd: 0xb
[11:39:52.260] |T| [write_file]: install_trophy_context: Writing to fd: 0xb, size: 3323
[11:39:52.262] |T| [close_file]: install_trophy_context: Closing file fd: 0xb
[11:39:52.263] |T| [open_file]: install_trophy_context: Opening file ux0:/user/00/trophy/conf/NPWR08546_00/TROP_16.SFM (ux0:/user/00/trophy/conf/NPWR08546_00/TROP_16.SFM), fd: 0xc
[11:39:52.264] |T| [write_file]: install_trophy_context: Writing to fd: 0xc, size: 2739
[11:39:52.265] |T| [close_file]: install_trophy_context: Closing file fd: 0xc
[11:39:52.266] |T| [open_file]: install_trophy_context: Opening file ux0:/user/00/trophy/conf/NPWR08546_00/TROP_17.SFM (ux0:/user/00/trophy/conf/NPWR08546_00/TROP_17.SFM), fd: 0xd
[11:39:52.267] |T| [write_file]: install_trophy_context: Writing to fd: 0xd, size: 2806
[11:39:52.267] |T| [close_file]: install_trophy_context: Closing file fd: 0xd
[11:39:52.269] |T| [open_file]: install_trophy_context: Opening file ux0:/user/00/trophy/conf/NPWR08546_00/ICON0.PNG (ux0:/user/00/trophy/conf/NPWR08546_00/ICON0.PNG), fd: 0xe
[11:39:52.270] |T| [write_file]: install_trophy_context: Writing to fd: 0xe, size: 39898
[11:39:52.271] |T| [close_file]: install_trophy_context: Closing file fd: 0xe
[11:39:52.273] |T| [open_file]: install_trophy_context: Opening file ux0:/user/00/trophy/conf/NPWR08546_00/TROP000.PNG (ux0:/user/00/trophy/conf/NPWR08546_00/TROP000.PNG), fd: 0xf
[11:39:52.276] |T| [write_file]: install_trophy_context: Writing to fd: 0xf, size: 23175
[11:39:52.277] |T| [close_file]: install_trophy_context: Closing file fd: 0xf
[11:39:52.279] |T| [open_file]: install_trophy_context: Opening file ux0:/user/00/trophy/conf/NPWR08546_00/TROP001.PNG (ux0:/user/00/trophy/conf/NPWR08546_00/TROP001.PNG), fd: 0x10
[11:39:52.280] |T| [write_file]: install_trophy_context: Writing to fd: 0x10, size: 10749
[11:39:52.280] |T| [close_file]: install_trophy_context: Closing file fd: 0x10
[11:39:52.281] |T| [open_file]: install_trophy_context: Opening file ux0:/user/00/trophy/conf/NPWR08546_00/TROP002.PNG (ux0:/user/00/trophy/conf/NPWR08546_00/TROP002.PNG), fd: 0x11
[11:39:52.283] |T| [write_file]: install_trophy_context: Writing to fd: 0x11, size: 12162
[11:39:52.283] |T| [close_file]: install_trophy_context: Closing file fd: 0x11
[11:39:52.285] |T| [open_file]: install_trophy_context: Opening file ux0:/user/00/trophy/conf/NPWR08546_00/TROP003.PNG (ux0:/user/00/trophy/conf/NPWR08546_00/TROP003.PNG), fd: 0x12
[11:39:52.286] |T| [write_file]: install_trophy_context: Writing to fd: 0x12, size: 22882
[11:39:52.286] |T| [close_file]: install_trophy_context: Closing file fd: 0x12
[11:39:52.288] |T| [open_file]: install_trophy_context: Opening file ux0:/user/00/trophy/conf/NPWR08546_00/TROP004.PNG (ux0:/user/00/trophy/conf/NPWR08546_00/TROP004.PNG), fd: 0x13
[11:39:52.291] |T| [write_file]: install_trophy_context: Writing to fd: 0x13, size: 12596
[11:39:52.292] |T| [close_file]: install_trophy_context: Closing file fd: 0x13
[11:39:52.294] |T| [open_file]: install_trophy_context: Opening file ux0:/user/00/trophy/conf/NPWR08546_00/TROP005.PNG (ux0:/user/00/trophy/conf/NPWR08546_00/TROP005.PNG), fd: 0x14
[11:39:52.295] |T| [write_file]: install_trophy_context: Writing to fd: 0x14, size: 10528
[11:39:52.295] |T| [close_file]: install_trophy_context: Closing file fd: 0x14
[11:39:52.297] |T| [open_file]: install_trophy_context: Opening file ux0:/user/00/trophy/conf/NPWR08546_00/TROP006.PNG (ux0:/user/00/trophy/conf/NPWR08546_00/TROP006.PNG), fd: 0x15
[11:39:52.298] |T| [write_file]: install_trophy_context: Writing to fd: 0x15, size: 30350
[11:39:52.298] |T| [close_file]: install_trophy_context: Closing file fd: 0x15
[11:39:52.300] |T| [open_file]: install_trophy_context: Opening file ux0:/user/00/trophy/conf/NPWR08546_00/TROP007.PNG (ux0:/user/00/trophy/conf/NPWR08546_00/TROP007.PNG), fd: 0x16
[11:39:52.301] |T| [write_file]: install_trophy_context: Writing to fd: 0x16, size: 16427
[11:39:52.301] |T| [close_file]: install_trophy_context: Closing file fd: 0x16
[11:39:52.303] |T| [open_file]: install_trophy_context: Opening file ux0:/user/00/trophy/conf/NPWR08546_00/TROP008.PNG (ux0:/user/00/trophy/conf/NPWR08546_00/TROP008.PNG), fd: 0x17
[11:39:52.307] |T| [write_file]: install_trophy_context: Writing to fd: 0x17, size: 24437
[11:39:52.308] |T| [close_file]: install_trophy_context: Closing file fd: 0x17
[11:39:52.309] |T| [open_file]: install_trophy_context: Opening file ux0:/user/00/trophy/conf/NPWR08546_00/TROP009.PNG (ux0:/user/00/trophy/conf/NPWR08546_00/TROP009.PNG), fd: 0x18
[11:39:52.310] |T| [write_file]: install_trophy_context: Writing to fd: 0x18, size: 18591
[11:39:52.311] |T| [close_file]: install_trophy_context: Closing file fd: 0x18
[11:39:52.312] |T| [open_file]: install_trophy_context: Opening file ux0:/user/00/trophy/conf/NPWR08546_00/TROP010.PNG (ux0:/user/00/trophy/conf/NPWR08546_00/TROP010.PNG), fd: 0x19
[11:39:52.313] |T| [write_file]: install_trophy_context: Writing to fd: 0x19, size: 11118
[11:39:52.314] |T| [close_file]: install_trophy_context: Closing file fd: 0x19
[11:39:52.315] |T| [open_file]: install_trophy_context: Opening file ux0:/user/00/trophy/conf/NPWR08546_00/TROP011.PNG (ux0:/user/00/trophy/conf/NPWR08546_00/TROP011.PNG), fd: 0x1a
[11:39:52.316] |T| [write_file]: install_trophy_context: Writing to fd: 0x1a, size: 36975
[11:39:52.317] |T| [close_file]: install_trophy_context: Closing file fd: 0x1a
[11:39:52.318] |T| [open_file]: install_trophy_context: Opening file ux0:/user/00/trophy/conf/NPWR08546_00/TROP012.PNG (ux0:/user/00/trophy/conf/NPWR08546_00/TROP012.PNG), fd: 0x1b
[11:39:52.322] |T| [write_file]: install_trophy_context: Writing to fd: 0x1b, size: 18190
[11:39:52.322] |T| [close_file]: install_trophy_context: Closing file fd: 0x1b
[11:39:52.324] |T| [open_file]: install_trophy_context: Opening file ux0:/user/00/trophy/conf/NPWR08546_00/TROP013.PNG (ux0:/user/00/trophy/conf/NPWR08546_00/TROP013.PNG), fd: 0x1c
[11:39:52.326] |T| [write_file]: install_trophy_context: Writing to fd: 0x1c, size: 12396
[11:39:52.327] |T| [close_file]: install_trophy_context: Closing file fd: 0x1c
[11:39:52.328] |T| [open_file]: install_trophy_context: Opening file ux0:/user/00/trophy/conf/NPWR08546_00/TROP014.PNG (ux0:/user/00/trophy/conf/NPWR08546_00/TROP014.PNG), fd: 0x1d
[11:39:52.329] |T| [write_file]: install_trophy_context: Writing to fd: 0x1d, size: 9776
[11:39:52.330] |T| [close_file]: install_trophy_context: Closing file fd: 0x1d
[11:39:52.331] |T| [open_file]: save_trophy_progress: Opening file ux0:/user/00/trophy/data/NPWR08546_00/TROPUSR.DAT (ux0:/user/00/trophy/data/NPWR08546_00/TROPUSR.DAT), fd: 0x1e
[11:39:52.332] |T| [write_file]: save_trophy_progress_file: Writing to fd: 0x1e, size: 4
[11:39:52.333] |T| [write_file]: save_trophy_progress_file: Writing to fd: 0x1e, size: 16
[11:39:52.334] |T| [write_file]: save_trophy_progress_file: Writing to fd: 0x1e, size: 16
[11:39:52.336] |T| [write_file]: save_trophy_progress_file: Writing to fd: 0x1e, size: 4
[11:39:52.337] |T| [write_file]: save_trophy_progress_file: Writing to fd: 0x1e, size: 4
[11:39:52.338] |T| [write_file]: save_trophy_progress_file: Writing to fd: 0x1e, size: 4
[11:39:52.339] |T| [write_file]: save_trophy_progress_file: Writing to fd: 0x1e, size: 64
[11:39:52.339] |T| [write_file]: save_trophy_progress_file: Writing to fd: 0x1e, size: 1024
[11:39:52.340] |T| [write_file]: save_trophy_progress_file: Writing to fd: 0x1e, size: 512
[11:39:52.340] |T| [close_file]: save_trophy_progress_file: Closing file fd: 0x1e
[11:39:52.341] |T| [export_sceNpTrophyCreateContext]: Trophy context for NPWR08546_00 create successfuly!
[11:39:52.342] |W| [stubbed_impl]: Stubbed sceNpTrophyCreateHandle import called. (Stubbed handle with 1)
[11:39:52.361] |I| [export_sceIoOpen]: Opening file: app0:GXM/Shaders/Sprite.cgfx.phyre
[11:39:52.369] |T| [open_file]: sceIoOpen: Opening file app0:GXM/Shaders/Sprite.cgfx.phyre (ux0:/app/PCSE00666/GXM/Shaders/Sprite.cgfx.phyre), fd: 0x1f
[11:39:52.406] |T| [close_file]: sceIoClose: Closing file fd: 0x1f
[11:39:52.412] |I| [export_sceIoOpen]: Opening file: app0:GXM/Shaders/Circle.cgfx.phyre
[11:39:52.419] |T| [open_file]: sceIoOpen: Opening file app0:GXM/Shaders/Circle.cgfx.phyre (ux0:/app/PCSE00666/GXM/Shaders/Circle.cgfx.phyre), fd: 0x20
[11:39:52.424] |T| [close_file]: sceIoClose: Closing file fd: 0x20
[11:39:52.427] |I| [export_sceIoOpen]: Opening file: app0:GXM/Shaders/Quad.cgfx.phyre
[11:39:52.433] |T| [open_file]: sceIoOpen: Opening file app0:GXM/Shaders/Quad.cgfx.phyre (ux0:/app/PCSE00666/GXM/Shaders/Quad.cgfx.phyre), fd: 0x21
[11:39:52.436] |T| [close_file]: sceIoClose: Closing file fd: 0x21
[11:39:52.440] |I| [export_sceIoOpen]: Opening file: app0:GXM/Assets/GXM/AGLOGO.png.phyre
[11:39:52.449] |T| [open_file]: sceIoOpen: Opening file app0:GXM/Assets/GXM/AGLOGO.png.phyre (ux0:/app/PCSE00666/GXM/Assets/GXM/AGLOGO.png.phyre), fd: 0x22
[11:39:52.455] |T| [close_file]: sceIoClose: Closing file fd: 0x22
[11:39:52.456] |I| [export_sceIoOpen]: Opening file: app0:GXM/Shaders/Icon.cgfx.phyre
[11:39:52.464] |T| [open_file]: sceIoOpen: Opening file app0:GXM/Shaders/Icon.cgfx.phyre (ux0:/app/PCSE00666/GXM/Shaders/Icon.cgfx.phyre), fd: 0x23
[11:39:52.467] |T| [close_file]: sceIoClose: Closing file fd: 0x23
[11:39:52.471] |I| [export_sceIoOpen]: Opening file: app0:GXM/Assets/GXM/SaveNotice_EN.png.phyre
[11:39:52.480] |T| [open_file]: sceIoOpen: Opening file app0:GXM/Assets/GXM/SaveNotice_EN.png.phyre (ux0:/app/PCSE00666/GXM/Assets/GXM/SaveNotice_EN.png.phyre), fd: 0x24
[11:39:52.483] |T| [close_file]: sceIoClose: Closing file fd: 0x24
[11:39:52.484] |I| [export_sceIoOpen]: Opening file: app0:GXM/AssetScripts/savingAnimation.ags.phyre
[11:39:52.490] |T| [open_file]: sceIoOpen: Opening file app0:GXM/AssetScripts/savingAnimation.ags.phyre (ux0:/app/PCSE00666/GXM/AssetScripts/savingAnimation.ags.phyre), fd: 0x25
[11:39:52.496] |T| [close_file]: sceIoClose: Closing file fd: 0x25
[11:39:52.507] |T| [log_import_call]: [LLE] TID: 7   FUNC: 0xdf4c665a sceSystemGestureUpdatePrimitiveTouchRecognizer at 0x2df850
[11:39:52.512] |W| [stubbed_impl]: Stubbed sceMotionGetState import called. (Set value to zero)
[11:39:52.514] |T| [log_import_call]: [LLE] TID: 7   FUNC: 0x851fb144 sceSystemGestureUpdateTouchRecognizer at 0x2df820
[11:39:52.517] |T| [log_import_call]: [LLE] TID: 7   FUNC: 0x13ad2218 sceSystemGestureGetTouchEventsCount at 0x2df7e0
[11:39:52.522] |W| [stubbed_impl]: Stubbed sceNpCheckCallback import called. (Stub)
[11:39:52.542] |W| [stubbed_impl]: Stubbed __sceAppMgrGetAppState import called. (Set to 0.)
[11:39:52.557] |I| [export_sceIoOpen]: Opening file: savedata0:SaveGame.sav
[11:39:52.558] |E| [open_file]: Missing file at C:/Users/Sam/AppData/Roaming/Vita3K/Vita3K/ux0/user/00/savedata/PCSE00666/SaveGame.sav (target path: savedata0:SaveGame.sav)
[11:39:52.560] |W| [io_error_impl]: open_file (sceIoOpen) returned 0x80010002
[11:39:52.562] |I| [export_sceIoOpen]: Opening file: savedata0:SaveGame.sav
[11:39:52.562] |E| [open_file]: Missing file at C:/Users/Sam/AppData/Roaming/Vita3K/Vita3K/ux0/user/00/savedata/PCSE00666/SaveGame.sav (target path: savedata0:SaveGame.sav)
[11:39:52.563] |W| [io_error_impl]: open_file (sceIoOpen) returned 0x80010002
[11:39:52.576] |W| [unimplemented_impl]: Unimplemented sceCommonDialogUpdate import called.
[11:39:52.577] |I| [renderer::vulkan::PipelineCache::retrieve_shader]: Generating vulkan spv shader c109c81c41a746fc09e4b401f2df6f8809e55342ef5373087629b7d271929d45
[11:39:52.579] |I| [renderer::load_shader_generic]: Generating vert.spv.txt shader c109c81c41a746fc09e4b401f2df6f8809e55342ef5373087629b7d271929d45
[11:39:52.581] |D| [shader::create_parameters]: [BUFFER0  + 0] pa0 = (float4) IN_position
[11:39:52.581] |D| [shader::create_parameters]: [DEFAULT  + 0] sa0 = (float1) depth
[11:39:52.582] |T| [shader::usse::USSERecompiler::compile_code_node]: Compiling code_0, size = 5
[11:39:52.582] |T| [open_file]: sceAppUtilSaveDataDataSave: Opening file savedata0:/SaveGame.sav (ux0:/user/00/savedata/PCSE00666/SaveGame.sav), fd: 0x26
[11:39:52.590] |T| [write_file]: sceAppUtilSaveDataDataSave: Writing to fd: 0x26, size: 2048
[11:39:52.591] |T| [close_file]: sceAppUtilSaveDataDataSave: Closing file fd: 0x26
[11:39:52.594] |T| [open_file]: sceAppUtilSaveDataDataSave: Opening file savedata0:/SlotParam_0.bin (ux0:/user/00/savedata/PCSE00666/SlotParam_0.bin), fd: 0x27
[11:39:52.595] |T| [write_file]: sceAppUtilSaveDataDataSave: Writing to fd: 0x27, size: 844
[11:39:52.596] |T| [close_file]: sceAppUtilSaveDataDataSave: Closing file fd: 0x27
[11:39:52.596] |I| [renderer::vulkan::PipelineCache::retrieve_shader]: Generating vulkan spv shader 72cfa7e5b3fd5a18d9cb372e5cb56d63d66334d86efe56469d466ecabf99bd9b
[11:39:52.601] |I| [renderer::load_shader_generic]: Generating frag.spv.txt shader 72cfa7e5b3fd5a18d9cb372e5cb56d63d66334d86efe56469d466ecabf99bd9b
[11:39:52.605] |D| [shader::create_parameters]: [DEFAULT  + 0] sa0 = (half4) color
[11:39:52.606] |T| [shader::usse::USSERecompiler::compile_code_node]: Compiling code_0, size = 2
[11:39:52.609] |T| [write_file]: *** TTY: ...sceNgsSystemInit() OK
[11:39:52.612] |T| [export_sceNgsPatchCreateRouting]: Patching 0x837D5D0:0:0 to 0x8378F20:0
[11:39:52.613] |T| [export_sceNgsPatchCreateRouting]: Patching 0x837DAE0:0:0 to 0x8378F20:0
[11:39:52.613] |T| [export_sceNgsPatchCreateRouting]: Patching 0x837DFF0:0:0 to 0x8378F20:0
[11:39:52.616] |T| [export_sceNgsPatchCreateRouting]: Patching 0x837E500:0:0 to 0x8378F20:0
[11:39:52.617] |T| [export_sceNgsPatchCreateRouting]: Patching 0x837EA10:0:0 to 0x8378F20:0
[11:39:52.619] |T| [export_sceNgsPatchCreateRouting]: Patching 0x837EF20:0:0 to 0x8378F20:0
[11:39:52.620] |T| [export_sceNgsPatchCreateRouting]: Patching 0x837F430:0:0 to 0x8378F20:0
[11:39:52.621] |T| [export_sceNgsPatchCreateRouting]: Patching 0x837F940:0:0 to 0x8378F20:0
[11:39:52.621] |T| [export_sceNgsPatchCreateRouting]: Patching 0x837FE50:0:0 to 0x8378F20:0
[11:39:52.622] |T| [export_sceNgsPatchCreateRouting]: Patching 0x8380360:0:0 to 0x8378F20:0
[11:39:52.623] |T| [export_sceNgsPatchCreateRouting]: Patching 0x8380870:0:0 to 0x8378F20:0
[11:39:52.623] |T| [export_sceNgsPatchCreateRouting]: Patching 0x8380D80:0:0 to 0x8378F20:0
[11:39:52.624] |T| [export_sceNgsPatchCreateRouting]: Patching 0x8381290:0:0 to 0x8378F20:0
[11:39:52.624] |T| [export_sceNgsPatchCreateRouting]: Patching 0x83817A0:0:0 to 0x8378F20:0
[11:39:52.625] |T| [export_sceNgsPatchCreateRouting]: Patching 0x8381CB0:0:0 to 0x8378F20:0
[11:39:52.626] |T| [export_sceNgsPatchCreateRouting]: Patching 0x83821C0:0:0 to 0x8378F20:0
[11:39:52.626] |I| [renderer::vulkan::PipelineCache::retrieve_shader]: Generating vulkan spv shader b5f03679a4681fa4d42421b64ccc56402e7dd978014a0f62d4ff425d4901f0a9
[11:39:52.627] |T| [export_sceNgsPatchCreateRouting]: Patching 0x8383350:0:0 to 0x8378F20:0
[11:39:52.628] |I| [renderer::load_shader_generic]: Generating vert.spv.txt shader b5f03679a4681fa4d42421b64ccc56402e7dd978014a0f62d4ff425d4901f0a9
[11:39:52.629] |T| [export_sceNgsPatchCreateRouting]: Patching 0x838386C:0:0 to 0x8378F20:0
[11:39:52.633] |I| [shader::create_parameters]: Shader stripped all symbols, trying to use hint attributes
[11:39:52.634] |T| [shader::usse::USSERecompiler::compile_code_node]: Compiling code_0, size = 3
[11:39:52.636] |T| [shader::usse::USSERecompiler::compile_code_node]: Compiling code_0, size = 8
[11:39:52.646] |I| [renderer::vulkan::PipelineCache::retrieve_shader]: Generating vulkan spv shader 917cd28bab310729a2c060365990618ec3f29349afb91026c4ea0da8b5108e00
[11:39:52.648] |I| [renderer::load_shader_generic]: Generating frag.spv.txt shader 917cd28bab310729a2c060365990618ec3f29349afb91026c4ea0da8b5108e00
[11:39:52.650] |I| [shader::create_fragment_inputs]: Sample symbol stripped, using anonymous name
[11:39:52.651] |T| [shader::create_fragment_inputs]: pa0 = tex2D<half4>(anonymousTexture0, TEXCOORD0.xy)
[11:39:52.652] |T| [shader::usse::USSERecompiler::compile_code_node]: Compiling code_0, size = 1
[11:39:52.689] |T| [open_file]: sceAppUtilSaveDataDataSave: Opening file savedata0:/SaveGame.sav (ux0:/user/00/savedata/PCSE00666/SaveGame.sav), fd: 0x28
[11:39:52.692] |T| [write_file]: sceAppUtilSaveDataDataSave: Writing to fd: 0x28, size: 2048
[11:39:52.695] |T| [close_file]: sceAppUtilSaveDataDataSave: Closing file fd: 0x28
[11:39:52.697] |T| [open_file]: sceAppUtilSaveDataDataSave: Opening file savedata0:/SlotParam_0.bin (ux0:/user/00/savedata/PCSE00666/SlotParam_0.bin), fd: 0x29
[11:39:52.698] |T| [write_file]: sceAppUtilSaveDataDataSave: Writing to fd: 0x29, size: 844
[11:39:52.699] |T| [close_file]: sceAppUtilSaveDataDataSave: Closing file fd: 0x29
[11:39:52.931] |T| [write_file]: *** TTY: prepareAudioOut: sending output to audio port 1
[11:39:52.948] |T| [write_file]: *** TTY: startAudioUpdateThread: started AudioUpdateThread
[11:39:52.951] |T| [write_file]: *** TTY: _AudioUpdateThread running
[11:39:52.968] |I| [export_sceIoOpen]: Opening file: app0:GXM/heroesofloot_sounds.bin
[11:39:52.974] |T| [open_file]: sceIoOpen: Opening file app0:GXM/heroesofloot_sounds.bin (ux0:/app/PCSE00666/GXM/heroesofloot_sounds.bin), fd: 0x2a
[11:39:52.980] |T| [close_file]: sceIoClose: Closing file fd: 0x2a
[11:39:52.984] |I| [export_sceIoOpen]: Opening file: app0:/Sounds/fxsplash.wav
[11:39:52.993] |T| [open_file]: sceIoOpen: Opening file app0:/Sounds/fxsplash.wav (ux0:/app/PCSE00666/Sounds/fxsplash.wav), fd: 0x2b
[11:39:52.999] |T| [close_file]: sceIoClose: Closing file fd: 0x2b
[11:39:53.000] |I| [export_sceIoOpen]: Opening file: app0:/Sounds/FX_PICKUP.wav
[11:39:53.007] |T| [open_file]: sceIoOpen: Opening file app0:/Sounds/FX_PICKUP.wav (ux0:/app/PCSE00666/Sounds/FX_PICKUP.wav), fd: 0x2c
[11:39:53.009] |T| [close_file]: sceIoClose: Closing file fd: 0x2c
[11:39:53.012] |I| [export_sceIoOpen]: Opening file: app0:/Sounds/FX_PICKUP2.wav
[11:39:53.018] |T| [open_file]: sceIoOpen: Opening file app0:/Sounds/FX_PICKUP2.wav (ux0:/app/PCSE00666/Sounds/FX_PICKUP2.wav), fd: 0x2d
[11:39:53.021] |T| [close_file]: sceIoClose: Closing file fd: 0x2d
[11:39:53.022] |I| [export_sceIoOpen]: Opening file: app0:/Sounds/FX_PICKUP3.wav
[11:39:53.029] |T| [open_file]: sceIoOpen: Opening file app0:/Sounds/FX_PICKUP3.wav (ux0:/app/PCSE00666/Sounds/FX_PICKUP3.wav), fd: 0x2e
[11:39:53.032] |T| [close_file]: sceIoClose: Closing file fd: 0x2e
[11:39:53.032] |I| [export_sceIoOpen]: Opening file: app0:/Sounds/FX_SHOOT.wav
[11:39:53.039] |T| [open_file]: sceIoOpen: Opening file app0:/Sounds/FX_SHOOT.wav (ux0:/app/PCSE00666/Sounds/FX_SHOOT.wav), fd: 0x2f
[11:39:53.041] |T| [close_file]: sceIoClose: Closing file fd: 0x2f
[11:39:53.042] |I| [export_sceIoOpen]: Opening file: app0:/Sounds/FX_HIT.wav
[11:39:53.049] |T| [open_file]: sceIoOpen: Opening file app0:/Sounds/FX_HIT.wav (ux0:/app/PCSE00666/Sounds/FX_HIT.wav), fd: 0x30
[11:39:53.051] |T| [close_file]: sceIoClose: Closing file fd: 0x30
[11:39:53.052] |I| [export_sceIoOpen]: Opening file: app0:/Sounds/FX_POTION.wav
[11:39:53.060] |T| [open_file]: sceIoOpen: Opening file app0:/Sounds/FX_POTION.wav (ux0:/app/PCSE00666/Sounds/FX_POTION.wav), fd: 0x31
[11:39:53.062] |T| [close_file]: sceIoClose: Closing file fd: 0x31
[11:39:53.062] |I| [export_sceIoOpen]: Opening file: app0:/Sounds/FX_SPAWN.wav
[11:39:53.068] |T| [open_file]: sceIoOpen: Opening file app0:/Sounds/FX_SPAWN.wav (ux0:/app/PCSE00666/Sounds/FX_SPAWN.wav), fd: 0x32
[11:39:53.070] |T| [close_file]: sceIoClose: Closing file fd: 0x32
[11:39:53.071] |I| [export_sceIoOpen]: Opening file: app0:/Sounds/FX_LEVELUP.wav
[11:39:53.079] |T| [open_file]: sceIoOpen: Opening file app0:/Sounds/FX_LEVELUP.wav (ux0:/app/PCSE00666/Sounds/FX_LEVELUP.wav), fd: 0x33
[11:39:53.080] |T| [close_file]: sceIoClose: Closing file fd: 0x33
[11:39:53.088] |I| [export_sceIoOpen]: Opening file: app0:/Sounds/FX_ORB.wav
[11:39:53.095] |T| [open_file]: sceIoOpen: Opening file app0:/Sounds/FX_ORB.wav (ux0:/app/PCSE00666/Sounds/FX_ORB.wav), fd: 0x34
[11:39:53.097] |T| [close_file]: sceIoClose: Closing file fd: 0x34
[11:39:53.099] |I| [export_sceIoOpen]: Opening file: app0:/Sounds/FX_TELEPORT.wav
[11:39:53.110] |T| [open_file]: sceIoOpen: Opening file app0:/Sounds/FX_TELEPORT.wav (ux0:/app/PCSE00666/Sounds/FX_TELEPORT.wav), fd: 0x35
[11:39:53.112] |T| [close_file]: sceIoClose: Closing file fd: 0x35
[11:39:53.113] |I| [export_sceIoOpen]: Opening file: app0:/Sounds/FX_EXPLODEBIG.wav
[11:39:53.121] |T| [open_file]: sceIoOpen: Opening file app0:/Sounds/FX_EXPLODEBIG.wav (ux0:/app/PCSE00666/Sounds/FX_EXPLODEBIG.wav), fd: 0x36
[11:39:53.123] |T| [close_file]: sceIoClose: Closing file fd: 0x36
[11:39:53.123] |I| [export_sceIoOpen]: Opening file: app0:/Sounds/FX_COIN.wav
[11:39:53.130] |T| [open_file]: sceIoOpen: Opening file app0:/Sounds/FX_COIN.wav (ux0:/app/PCSE00666/Sounds/FX_COIN.wav), fd: 0x37
[11:39:53.133] |T| [close_file]: sceIoClose: Closing file fd: 0x37
[11:39:53.134] |I| [export_sceIoOpen]: Opening file: app0:/Sounds/FX_VANISH.wav
[11:39:53.142] |T| [open_file]: sceIoOpen: Opening file app0:/Sounds/FX_VANISH.wav (ux0:/app/PCSE00666/Sounds/FX_VANISH.wav), fd: 0x38
[11:39:53.143] |T| [close_file]: sceIoClose: Closing file fd: 0x38
[11:39:53.147] |I| [export_sceIoOpen]: Opening file: app0:/Sounds/FX_EXPLODE.wav
[11:39:53.157] |T| [open_file]: sceIoOpen: Opening file app0:/Sounds/FX_EXPLODE.wav (ux0:/app/PCSE00666/Sounds/FX_EXPLODE.wav), fd: 0x39
[11:39:53.159] |T| [close_file]: sceIoClose: Closing file fd: 0x39
[11:39:53.159] |I| [export_sceIoOpen]: Opening file: app0:/Sounds/FX_CHAT.wav
[11:39:53.166] |T| [open_file]: sceIoOpen: Opening file app0:/Sounds/FX_CHAT.wav (ux0:/app/PCSE00666/Sounds/FX_CHAT.wav), fd: 0x3a
[11:39:53.168] |T| [close_file]: sceIoClose: Closing file fd: 0x3a
[11:39:53.169] |I| [export_sceIoOpen]: Opening file: app0:/Sounds/FX_SECRET.wav
[11:39:53.176] |T| [open_file]: sceIoOpen: Opening file app0:/Sounds/FX_SECRET.wav (ux0:/app/PCSE00666/Sounds/FX_SECRET.wav), fd: 0x3b
[11:39:53.179] |T| [close_file]: sceIoClose: Closing file fd: 0x3b
[11:39:53.184] |I| [export_sceIoOpen]: Opening file: app0:/Sounds/FX_ACHIEVE.wav
[11:39:53.192] |T| [open_file]: sceIoOpen: Opening file app0:/Sounds/FX_ACHIEVE.wav (ux0:/app/PCSE00666/Sounds/FX_ACHIEVE.wav), fd: 0x3c
[11:39:53.195] |T| [close_file]: sceIoClose: Closing file fd: 0x3c
[11:39:53.199] |I| [export_sceIoOpen]: Opening file: app0:/Sounds/FX_QUEST.wav
[11:39:53.206] |T| [open_file]: sceIoOpen: Opening file app0:/Sounds/FX_QUEST.wav (ux0:/app/PCSE00666/Sounds/FX_QUEST.wav), fd: 0x3d
[11:39:53.210] |T| [close_file]: sceIoClose: Closing file fd: 0x3d
[11:39:53.210] |I| [export_sceIoOpen]: Opening file: app0:/Sounds/FX_LIGHTNING.wav
[11:39:53.219] |T| [open_file]: sceIoOpen: Opening file app0:/Sounds/FX_LIGHTNING.wav (ux0:/app/PCSE00666/Sounds/FX_LIGHTNING.wav), fd: 0x3e
[11:39:53.221] |T| [close_file]: sceIoClose: Closing file fd: 0x3e
[11:39:53.222] |I| [export_sceIoOpen]: Opening file: app0:/Sounds/FX_FIRE.wav
[11:39:53.228] |T| [open_file]: sceIoOpen: Opening file app0:/Sounds/FX_FIRE.wav (ux0:/app/PCSE00666/Sounds/FX_FIRE.wav), fd: 0x3f
[11:39:53.230] |T| [close_file]: sceIoClose: Closing file fd: 0x3f
[11:39:53.231] |I| [export_sceIoOpen]: Opening file: app0:/Sounds/FX_SWITCH.wav
[11:39:53.237] |T| [open_file]: sceIoOpen: Opening file app0:/Sounds/FX_SWITCH.wav (ux0:/app/PCSE00666/Sounds/FX_SWITCH.wav), fd: 0x40
[11:39:53.240] |T| [close_file]: sceIoClose: Closing file fd: 0x40
[11:39:53.241] |I| [export_sceIoOpen]: Opening file: app0:/Sounds/FX_BLIP.wav
[11:39:53.248] |T| [open_file]: sceIoOpen: Opening file app0:/Sounds/FX_BLIP.wav (ux0:/app/PCSE00666/Sounds/FX_BLIP.wav), fd: 0x41
[11:39:53.250] |T| [close_file]: sceIoClose: Closing file fd: 0x41
[11:39:53.251] |I| [export_sceIoOpen]: Opening file: app0:/Sounds/FX_CHAT1.wav
[11:39:53.257] |T| [open_file]: sceIoOpen: Opening file app0:/Sounds/FX_CHAT1.wav (ux0:/app/PCSE00666/Sounds/FX_CHAT1.wav), fd: 0x42
[11:39:53.259] |T| [close_file]: sceIoClose: Closing file fd: 0x42
[11:39:53.260] |I| [export_sceIoOpen]: Opening file: app0:/Sounds/FX_CHAT2.wav
[11:39:53.266] |T| [open_file]: sceIoOpen: Opening file app0:/Sounds/FX_CHAT2.wav (ux0:/app/PCSE00666/Sounds/FX_CHAT2.wav), fd: 0x43
[11:39:53.268] |T| [close_file]: sceIoClose: Closing file fd: 0x43
[11:39:53.269] |I| [export_sceIoOpen]: Opening file: app0:/Sounds/FX_SHINE.wav
[11:39:53.276] |T| [open_file]: sceIoOpen: Opening file app0:/Sounds/FX_SHINE.wav (ux0:/app/PCSE00666/Sounds/FX_SHINE.wav), fd: 0x44
[11:39:53.279] |T| [close_file]: sceIoClose: Closing file fd: 0x44
[11:39:53.280] |I| [export_sceIoOpen]: Opening file: app0:/Sounds/FX_GHOULSHOOT.wav
[11:39:53.287] |T| [open_file]: sceIoOpen: Opening file app0:/Sounds/FX_GHOULSHOOT.wav (ux0:/app/PCSE00666/Sounds/FX_GHOULSHOOT.wav), fd: 0x45
[11:39:53.289] |T| [close_file]: sceIoClose: Closing file fd: 0x45
[11:39:53.290] |I| [export_sceIoOpen]: Opening file: app0:/Sounds/FX_GHOULSHOOT2.wav
[11:39:53.297] |T| [open_file]: sceIoOpen: Opening file app0:/Sounds/FX_GHOULSHOOT2.wav (ux0:/app/PCSE00666/Sounds/FX_GHOULSHOOT2.wav), fd: 0x46
[11:39:53.299] |T| [close_file]: sceIoClose: Closing file fd: 0x46
[11:39:53.300] |I| [export_sceIoOpen]: Opening file: app0:/Sounds/FX_ELFTODIE.wav
[11:39:53.306] |T| [open_file]: sceIoOpen: Opening file app0:/Sounds/FX_ELFTODIE.wav (ux0:/app/PCSE00666/Sounds/FX_ELFTODIE.wav), fd: 0x47
[11:39:53.309] |T| [close_file]: sceIoClose: Closing file fd: 0x47
[11:39:53.313] |I| [export_sceIoOpen]: Opening file: app0:/Sounds/FX_WARRIORTODIE.wav
[11:39:53.321] |T| [open_file]: sceIoOpen: Opening file app0:/Sounds/FX_WARRIORTODIE.wav (ux0:/app/PCSE00666/Sounds/FX_WARRIORTODIE.wav), fd: 0x48
[11:39:53.324] |T| [close_file]: sceIoClose: Closing file fd: 0x48
[11:39:53.324] |I| [export_sceIoOpen]: Opening file: app0:/Sounds/FX_WIZARDTODIE.wav
[11:39:53.331] |T| [open_file]: sceIoOpen: Opening file app0:/Sounds/FX_WIZARDTODIE.wav (ux0:/app/PCSE00666/Sounds/FX_WIZARDTODIE.wav), fd: 0x49
[11:39:53.334] |T| [close_file]: sceIoClose: Closing file fd: 0x49
[11:39:53.335] |I| [export_sceIoOpen]: Opening file: app0:/Sounds/FX_VALKYRIETODIE.wav
[11:39:53.342] |T| [open_file]: sceIoOpen: Opening file app0:/Sounds/FX_VALKYRIETODIE.wav (ux0:/app/PCSE00666/Sounds/FX_VALKYRIETODIE.wav), fd: 0x4a
[11:39:53.344] |T| [close_file]: sceIoClose: Closing file fd: 0x4a
[11:39:53.349] |I| [export_sceIoOpen]: Opening file: app0:/Sounds/FX_OUCH1.wav
[11:39:53.356] |T| [open_file]: sceIoOpen: Opening file app0:/Sounds/FX_OUCH1.wav (ux0:/app/PCSE00666/Sounds/FX_OUCH1.wav), fd: 0x4b
[11:39:53.359] |T| [close_file]: sceIoClose: Closing file fd: 0x4b
[11:39:53.359] |I| [export_sceIoOpen]: Opening file: app0:/Sounds/FX_OUCH2.wav
[11:39:53.366] |T| [open_file]: sceIoOpen: Opening file app0:/Sounds/FX_OUCH2.wav (ux0:/app/PCSE00666/Sounds/FX_OUCH2.wav), fd: 0x4c
[11:39:53.367] |T| [close_file]: sceIoClose: Closing file fd: 0x4c
[11:39:53.368] |I| [export_sceIoOpen]: Opening file: app0:/Sounds/FX_FOUCH1.wav
[11:39:53.374] |T| [open_file]: sceIoOpen: Opening file app0:/Sounds/FX_FOUCH1.wav (ux0:/app/PCSE00666/Sounds/FX_FOUCH1.wav), fd: 0x4d
[11:39:53.376] |T| [close_file]: sceIoClose: Closing file fd: 0x4d
[11:39:53.383] |I| [export_sceIoOpen]: Opening file: app0:/Sounds/FX_FOUCH2.wav
[11:39:53.389] |T| [open_file]: sceIoOpen: Opening file app0:/Sounds/FX_FOUCH2.wav (ux0:/app/PCSE00666/Sounds/FX_FOUCH2.wav), fd: 0x4e
[11:39:53.392] |T| [close_file]: sceIoClose: Closing file fd: 0x4e
[11:39:53.393] |I| [export_sceIoOpen]: Opening file: app0:/Sounds/FX_ELFSECRET.wav
[11:39:53.401] |T| [open_file]: sceIoOpen: Opening file app0:/Sounds/FX_ELFSECRET.wav (ux0:/app/PCSE00666/Sounds/FX_ELFSECRET.wav), fd: 0x4f
[11:39:53.403] |T| [close_file]: sceIoClose: Closing file fd: 0x4f
[11:39:53.404] |I| [export_sceIoOpen]: Opening file: app0:/Sounds/FX_WARRIORSECRET.wav
[11:39:53.410] |T| [open_file]: sceIoOpen: Opening file app0:/Sounds/FX_WARRIORSECRET.wav (ux0:/app/PCSE00666/Sounds/FX_WARRIORSECRET.wav), fd: 0x50
[11:39:53.414] |T| [close_file]: sceIoClose: Closing file fd: 0x50
[11:39:53.414] |I| [export_sceIoOpen]: Opening file: app0:/Sounds/FX_WIZARDSECRET.wav
[11:39:53.421] |T| [open_file]: sceIoOpen: Opening file app0:/Sounds/FX_WIZARDSECRET.wav (ux0:/app/PCSE00666/Sounds/FX_WIZARDSECRET.wav), fd: 0x51
[11:39:53.423] |T| [close_file]: sceIoClose: Closing file fd: 0x51
[11:39:53.424] |I| [export_sceIoOpen]: Opening file: app0:/Sounds/FX_VALSECRET.wav
[11:39:53.431] |T| [open_file]: sceIoOpen: Opening file app0:/Sounds/FX_VALSECRET.wav (ux0:/app/PCSE00666/Sounds/FX_VALSECRET.wav), fd: 0x52
[11:39:53.434] |T| [close_file]: sceIoClose: Closing file fd: 0x52
[11:39:53.434] |I| [export_sceIoOpen]: Opening file: app0:/Sounds/FX_BAT.wav
[11:39:53.440] |T| [open_file]: sceIoOpen: Opening file app0:/Sounds/FX_BAT.wav (ux0:/app/PCSE00666/Sounds/FX_BAT.wav), fd: 0x53
[11:39:53.443] |T| [close_file]: sceIoClose: Closing file fd: 0x53
[11:39:53.447] |I| [export_sceIoOpen]: Opening file: app0:/Sounds/FX_GHOST.wav
[11:39:53.454] |T| [open_file]: sceIoOpen: Opening file app0:/Sounds/FX_GHOST.wav (ux0:/app/PCSE00666/Sounds/FX_GHOST.wav), fd: 0x54
[11:39:53.455] |T| [close_file]: sceIoClose: Closing file fd: 0x54
[11:39:53.458] |I| [export_sceIoOpen]: Opening file: app0:/Sounds/FX_STATUE.wav
[11:39:53.464] |T| [open_file]: sceIoOpen: Opening file app0:/Sounds/FX_STATUE.wav (ux0:/app/PCSE00666/Sounds/FX_STATUE.wav), fd: 0x55
[11:39:53.467] |T| [close_file]: sceIoClose: Closing file fd: 0x55
[11:39:53.467] |I| [export_sceIoOpen]: Opening file: app0:/Sounds/FX_DIED.wav
[11:39:53.474] |T| [open_file]: sceIoOpen: Opening file app0:/Sounds/FX_DIED.wav (ux0:/app/PCSE00666/Sounds/FX_DIED.wav), fd: 0x56
[11:39:53.479] |T| [close_file]: sceIoClose: Closing file fd: 0x56
[11:39:53.482] |I| [export_sceIoOpen]: Opening file: app0:/Sounds/FX_FUELEMPTY.wav
[11:39:53.489] |T| [open_file]: sceIoOpen: Opening file app0:/Sounds/FX_FUELEMPTY.wav (ux0:/app/PCSE00666/Sounds/FX_FUELEMPTY.wav), fd: 0x57
[11:39:53.491] |T| [close_file]: sceIoClose: Closing file fd: 0x57
[11:39:53.496] |I| [export_sceIoOpen]: Opening file: app0:Fonts/CourierNew12.fnt
[11:39:53.506] |T| [open_file]: sceIoOpen: Opening file app0:Fonts/CourierNew12.fnt (ux0:/app/PCSE00666/Fonts/CourierNew12.fnt), fd: 0x58
[11:39:53.509] |T| [close_file]: sceIoClose: Closing file fd: 0x58
[11:39:53.642] |I| [export_sceIoOpen]: Opening file: app0:GXM/Fonts/CourierNew12_0.png.phyre
[11:39:53.650] |T| [open_file]: sceIoOpen: Opening file app0:GXM/Fonts/CourierNew12_0.png.phyre (ux0:/app/PCSE00666/GXM/Fonts/CourierNew12_0.png.phyre), fd: 0x59
[11:39:53.679] |T| [close_file]: sceIoClose: Closing file fd: 0x59
[11:39:53.680] |I| [export_sceIoOpen]: Opening file: app0:GXM/Shaders/Font.cgfx.phyre
[11:39:53.686] |T| [open_file]: sceIoOpen: Opening file app0:GXM/Shaders/Font.cgfx.phyre (ux0:/app/PCSE00666/GXM/Shaders/Font.cgfx.phyre), fd: 0x5a
[11:39:53.698] |T| [close_file]: sceIoClose: Closing file fd: 0x5a
[11:40:06.411] |I| [export_sceIoOpen]: Opening file: app0:GXM/Original Bitmaps/spl2.png.phyre
[11:40:06.420] |T| [open_file]: sceIoOpen: Opening file app0:GXM/Original Bitmaps/spl2.png.phyre (ux0:/app/PCSE00666/GXM/Original Bitmaps/spl2.png.phyre), fd: 0x5b
[11:40:06.424] |T| [close_file]: sceIoClose: Closing file fd: 0x5b
[11:40:06.438] |I| [export_sceIoOpen]: Opening file: app0:GXM/Original Bitmaps/shaderbig.png.phyre
[11:40:06.447] |T| [open_file]: sceIoOpen: Opening file app0:GXM/Original Bitmaps/shaderbig.png.phyre (ux0:/app/PCSE00666/GXM/Original Bitmaps/shaderbig.png.phyre), fd: 0x5c
[11:40:06.449] |T| [close_file]: sceIoClose: Closing file fd: 0x5c
[11:40:06.451] |I| [export_sceIoOpen]: Opening file: app0:GXM/Original Bitmaps/fx.png.phyre
[11:40:06.460] |T| [open_file]: sceIoOpen: Opening file app0:GXM/Original Bitmaps/fx.png.phyre (ux0:/app/PCSE00666/GXM/Original Bitmaps/fx.png.phyre), fd: 0x5d
[11:40:06.462] |T| [close_file]: sceIoClose: Closing file fd: 0x5d
[11:40:06.464] |I| [export_sceIoOpen]: Opening file: app0:GXM/Original Bitmaps/t02.png.phyre
[11:40:06.469] |T| [open_file]: sceIoOpen: Opening file app0:GXM/Original Bitmaps/t02.png.phyre (ux0:/app/PCSE00666/GXM/Original Bitmaps/t02.png.phyre), fd: 0x5e
[11:40:06.473] |T| [close_file]: sceIoClose: Closing file fd: 0x5e
[11:40:06.474] |I| [export_sceIoOpen]: Opening file: app0:GXM/Original Bitmaps/a01.png.phyre
[11:40:06.481] |T| [open_file]: sceIoOpen: Opening file app0:GXM/Original Bitmaps/a01.png.phyre (ux0:/app/PCSE00666/GXM/Original Bitmaps/a01.png.phyre), fd: 0x5f
[11:40:06.483] |T| [close_file]: sceIoClose: Closing file fd: 0x5f
[11:40:06.484] |I| [export_sceIoOpen]: Opening file: app0:GXM/Original Bitmaps/joystick.png.phyre
[11:40:06.490] |T| [open_file]: sceIoOpen: Opening file app0:GXM/Original Bitmaps/joystick.png.phyre (ux0:/app/PCSE00666/GXM/Original Bitmaps/joystick.png.phyre), fd: 0x60
[11:40:06.492] |T| [close_file]: sceIoClose: Closing file fd: 0x60
[11:40:06.493] |I| [export_sceIoOpen]: Opening file: app0:GXM/Original Bitmaps/speech.png.phyre
[11:40:06.500] |T| [open_file]: sceIoOpen: Opening file app0:GXM/Original Bitmaps/speech.png.phyre (ux0:/app/PCSE00666/GXM/Original Bitmaps/speech.png.phyre), fd: 0x61
[11:40:06.502] |T| [close_file]: sceIoClose: Closing file fd: 0x61
[11:40:06.504] |I| [export_sceIoOpen]: Opening file: app0:GXM/Original Bitmaps/m01.png.phyre
[11:40:06.511] |T| [open_file]: sceIoOpen: Opening file app0:GXM/Original Bitmaps/m01.png.phyre (ux0:/app/PCSE00666/GXM/Original Bitmaps/m01.png.phyre), fd: 0x62
[11:40:06.513] |T| [close_file]: sceIoClose: Closing file fd: 0x62
[11:40:06.514] |I| [export_sceIoOpen]: Opening file: app0:GXM/Original Bitmaps/m02.png.phyre
[11:40:06.520] |T| [open_file]: sceIoOpen: Opening file app0:GXM/Original Bitmaps/m02.png.phyre (ux0:/app/PCSE00666/GXM/Original Bitmaps/m02.png.phyre), fd: 0x63
[11:40:06.522] |T| [close_file]: sceIoClose: Closing file fd: 0x63
[11:40:06.523] |I| [export_sceIoOpen]: Opening file: app0:GXM/Original Bitmaps/m03.png.phyre
[11:40:06.530] |T| [open_file]: sceIoOpen: Opening file app0:GXM/Original Bitmaps/m03.png.phyre (ux0:/app/PCSE00666/GXM/Original Bitmaps/m03.png.phyre), fd: 0x64
[11:40:06.533] |T| [close_file]: sceIoClose: Closing file fd: 0x64
[11:40:06.534] |I| [export_sceIoOpen]: Opening file: app0:GXM/Original Bitmaps/m04.png.phyre
[11:40:06.540] |T| [open_file]: sceIoOpen: Opening file app0:GXM/Original Bitmaps/m04.png.phyre (ux0:/app/PCSE00666/GXM/Original Bitmaps/m04.png.phyre), fd: 0x65
[11:40:06.543] |T| [close_file]: sceIoClose: Closing file fd: 0x65
[11:40:06.543] |I| [export_sceIoOpen]: Opening file: app0:GXM/Original Bitmaps/m01b.png.phyre
[11:40:06.549] |T| [open_file]: sceIoOpen: Opening file app0:GXM/Original Bitmaps/m01b.png.phyre (ux0:/app/PCSE00666/GXM/Original Bitmaps/m01b.png.phyre), fd: 0x66
[11:40:06.551] |T| [close_file]: sceIoClose: Closing file fd: 0x66
[11:40:06.552] |I| [export_sceIoOpen]: Opening file: app0:GXM/Original Bitmaps/m05.png.phyre
[11:40:06.558] |T| [open_file]: sceIoOpen: Opening file app0:GXM/Original Bitmaps/m05.png.phyre (ux0:/app/PCSE00666/GXM/Original Bitmaps/m05.png.phyre), fd: 0x67
[11:40:06.561] |T| [close_file]: sceIoClose: Closing file fd: 0x67
[11:40:06.562] |I| [export_sceIoOpen]: Opening file: app0:GXM/Original Bitmaps/player.png.phyre
[11:40:06.567] |T| [open_file]: sceIoOpen: Opening file app0:GXM/Original Bitmaps/player.png.phyre (ux0:/app/PCSE00666/GXM/Original Bitmaps/player.png.phyre), fd: 0x68
[11:40:06.570] |T| [close_file]: sceIoClose: Closing file fd: 0x68
[11:40:06.571] |I| [export_sceIoOpen]: Opening file: app0:GXM/Original Bitmaps/playerknight.png.phyre
[11:40:06.577] |T| [open_file]: sceIoOpen: Opening file app0:GXM/Original Bitmaps/playerknight.png.phyre (ux0:/app/PCSE00666/GXM/Original Bitmaps/playerknight.png.phyre), fd: 0x69
[11:40:06.579] |T| [close_file]: sceIoClose: Closing file fd: 0x69
[11:40:06.583] |I| [export_sceIoOpen]: Opening file: app0:GXM/Original Bitmaps/playerrogue.png.phyre
[11:40:06.588] |T| [open_file]: sceIoOpen: Opening file app0:GXM/Original Bitmaps/playerrogue.png.phyre (ux0:/app/PCSE00666/GXM/Original Bitmaps/playerrogue.png.phyre), fd: 0x6a
[11:40:06.591] |T| [close_file]: sceIoClose: Closing file fd: 0x6a
[11:40:06.592] |I| [export_sceIoOpen]: Opening file: app0:GXM/Original Bitmaps/playerwiz.png.phyre
[11:40:06.597] |T| [open_file]: sceIoOpen: Opening file app0:GXM/Original Bitmaps/playerwiz.png.phyre (ux0:/app/PCSE00666/GXM/Original Bitmaps/playerwiz.png.phyre), fd: 0x6b
[11:40:06.600] |T| [close_file]: sceIoClose: Closing file fd: 0x6b
[11:40:06.600] |I| [export_sceIoOpen]: Opening file: app0:GXM/Original Bitmaps/playercloacked.png.phyre
[11:40:06.606] |T| [open_file]: sceIoOpen: Opening file app0:GXM/Original Bitmaps/playercloacked.png.phyre (ux0:/app/PCSE00666/GXM/Original Bitmaps/playercloacked.png.phyre), fd: 0x6c
[11:40:06.608] |T| [close_file]: sceIoClose: Closing file fd: 0x6c
[11:40:06.609] |I| [export_sceIoOpen]: Opening file: app0:GXM/Original Bitmaps/uiachievements.png.phyre
[11:40:06.617] |T| [open_file]: sceIoOpen: Opening file app0:GXM/Original Bitmaps/uiachievements.png.phyre (ux0:/app/PCSE00666/GXM/Original Bitmaps/uiachievements.png.phyre), fd: 0x6d
[11:40:06.619] |T| [close_file]: sceIoClose: Closing file fd: 0x6d
[11:40:06.621] |I| [export_sceIoOpen]: Opening file: app0:GXM/Original Bitmaps/uigame.png.phyre
[11:40:06.628] |T| [open_file]: sceIoOpen: Opening file app0:GXM/Original Bitmaps/uigame.png.phyre (ux0:/app/PCSE00666/GXM/Original Bitmaps/uigame.png.phyre), fd: 0x6e
[11:40:06.630] |T| [close_file]: sceIoClose: Closing file fd: 0x6e
[11:40:06.631] |I| [export_sceIoOpen]: Opening file: app0:GXM/Original Bitmaps/logo.png.phyre
[11:40:06.637] |T| [open_file]: sceIoOpen: Opening file app0:GXM/Original Bitmaps/logo.png.phyre (ux0:/app/PCSE00666/GXM/Original Bitmaps/logo.png.phyre), fd: 0x6f
[11:40:06.640] |T| [close_file]: sceIoClose: Closing file fd: 0x6f
[11:40:06.640] |I| [export_sceIoOpen]: Opening file: app0:GXM/Original Bitmaps/uiback.png.phyre
[11:40:06.648] |T| [open_file]: sceIoOpen: Opening file app0:GXM/Original Bitmaps/uiback.png.phyre (ux0:/app/PCSE00666/GXM/Original Bitmaps/uiback.png.phyre), fd: 0x70
[11:40:06.650] |T| [close_file]: sceIoClose: Closing file fd: 0x70
[11:40:06.651] |I| [export_sceIoOpen]: Opening file: app0:GXM/Original Bitmaps/leaderboard.png.phyre
[11:40:06.658] |T| [open_file]: sceIoOpen: Opening file app0:GXM/Original Bitmaps/leaderboard.png.phyre (ux0:/app/PCSE00666/GXM/Original Bitmaps/leaderboard.png.phyre), fd: 0x71
[11:40:06.660] |T| [close_file]: sceIoClose: Closing file fd: 0x71
[11:40:06.673] |I| [renderer::vulkan::PipelineCache::retrieve_shader]: Generating vulkan spv shader a6eb2e22499781a26dd4d9f2883576a40b93a780912a71ee668e756c2b94cf19
[11:40:06.673] |I| [ngs::player::Module::process]: The currently running game requests playback rate scaling when decoding audio. Audio might crackle.
[11:40:06.675] |I| [renderer::load_shader_generic]: Generating vert.spv.txt shader a6eb2e22499781a26dd4d9f2883576a40b93a780912a71ee668e756c2b94cf19
[11:40:06.679] |I| [shader::create_parameters]: Shader stripped all symbols, trying to use hint attributes
[11:40:06.679] |T| [shader::usse::USSERecompiler::compile_code_node]: Compiling code_0, size = 5
[11:40:06.687] |I| [renderer::vulkan::PipelineCache::retrieve_shader]: Generating vulkan spv shader b57b2c5708ed1e759219e72069a01fc2d8257ebed90e3c085b9b1cfec73657d9
[11:40:06.691] |I| [renderer::load_shader_generic]: Generating frag.spv.txt shader b57b2c5708ed1e759219e72069a01fc2d8257ebed90e3c085b9b1cfec73657d9
[11:40:06.693] |D| [shader::create_fragment_inputs]: Iterator: pa0 = (float4) v_TexCoord0
[11:40:06.694] |T| [shader::usse::USSERecompiler::compile_code_node]: Compiling code_0, size = 2
[11:40:06.713] |I| [renderer::vulkan::PipelineCache::retrieve_shader]: Generating vulkan spv shader f756adfc56e87a2777769cc15669fc84cacd8d1bc48cdd4fbd1c183aa3ad8bfc
[11:40:06.715] |I| [renderer::load_shader_generic]: Generating vert.spv.txt shader f756adfc56e87a2777769cc15669fc84cacd8d1bc48cdd4fbd1c183aa3ad8bfc
[11:40:06.717] |I| [shader::create_parameters]: Shader stripped all symbols, trying to use hint attributes
[11:40:06.719] |T| [shader::usse::USSERecompiler::compile_code_node]: Compiling code_0, size = 6
[11:40:06.729] |I| [renderer::vulkan::PipelineCache::retrieve_shader]: Generating vulkan spv shader 4a66191d1533feebe4ceec68e740355f4ce123958a6d7c63c40bddb359ce637c
[11:40:06.731] |I| [renderer::load_shader_generic]: Generating frag.spv.txt shader 4a66191d1533feebe4ceec68e740355f4ce123958a6d7c63c40bddb359ce637c
[11:40:06.733] |D| [shader::create_fragment_inputs]: Iterator: pa0 = (float4) v_TexCoord1
[11:40:06.736] |I| [shader::create_fragment_inputs]: Sample symbol stripped, using anonymous name
[11:40:06.736] |T| [shader::create_fragment_inputs]: pa4 = tex2D<float4>(anonymousTexture0, TEXCOORD0.xy)
[11:40:06.738] |T| [shader::usse::USSERecompiler::compile_code_node]: Compiling code_0, size = 5
[11:40:08.260] |I| [export_sceIoOpen]: Opening file: app0:GXM/Music/tune2.at9
[11:40:08.269] |T| [open_file]: sceIoOpen: Opening file app0:GXM/Music/tune2.at9 (ux0:/app/PCSE00666/GXM/Music/tune2.at9), fd: 0x72
[11:40:08.293] |T| [open_file]: sceAppUtilSaveDataDataSave: Opening file savedata0:/SaveGame.sav (ux0:/user/00/savedata/PCSE00666/SaveGame.sav), fd: 0x73
[11:40:08.295] |T| [write_file]: sceAppUtilSaveDataDataSave: Writing to fd: 0x73, size: 2048
[11:40:08.297] |T| [close_file]: sceAppUtilSaveDataDataSave: Closing file fd: 0x73
[11:40:08.298] |T| [open_file]: sceAppUtilSaveDataDataSave: Opening file savedata0:/SlotParam_0.bin (ux0:/user/00/savedata/PCSE00666/SlotParam_0.bin), fd: 0x74
[11:40:08.300] |T| [write_file]: sceAppUtilSaveDataDataSave: Writing to fd: 0x74, size: 844
[11:40:08.301] |T| [close_file]: sceAppUtilSaveDataDataSave: Closing file fd: 0x74
[11:40:08.343] |T| [close_file]: sceIoClose: Closing file fd: 0x72
[11:40:23.192] |T| [open_file]: sceAppUtilSaveDataDataSave: Opening file savedata0:/SaveGame.sav (ux0:/user/00/savedata/PCSE00666/SaveGame.sav), fd: 0x75
[11:40:23.195] |T| [write_file]: sceAppUtilSaveDataDataSave: Writing to fd: 0x75, size: 2048
[11:40:23.196] |T| [close_file]: sceAppUtilSaveDataDataSave: Closing file fd: 0x75
[11:40:23.197] |T| [open_file]: sceAppUtilSaveDataDataSave: Opening file savedata0:/SlotParam_0.bin (ux0:/user/00/savedata/PCSE00666/SlotParam_0.bin), fd: 0x76
[11:40:23.198] |T| [write_file]: sceAppUtilSaveDataDataSave: Writing to fd: 0x76, size: 844
[11:40:23.199] |T| [close_file]: sceAppUtilSaveDataDataSave: Closing file fd: 0x76
[11:40:30.309] |T| [log_import_call]: [LLE] TID: 7   FUNC: 0x74724147 sceSystemGestureGetTouchEventByIndex at 0x2df810
[11:40:30.318] |T| [log_import_call]: [LLE] TID: 7   FUNC: 0x5570b83e sceSystemGestureGetTouchEventByEventID at 0x2df7f0
[11:40:36.008] |I| [renderer::vulkan::PipelineCache::save_pipeline_cache]: Saving pipeline cache...
[11:40:36.010] |I| [renderer::vulkan::PipelineCache::save_pipeline_cache]: Pipeline cache saved
[11:41:03.246] |I| [export_sceIoOpen]: Opening file: app0:GXM/Original Bitmaps/playerrogue2.png.phyre
[11:41:03.256] |T| [open_file]: sceIoOpen: Opening file app0:GXM/Original Bitmaps/playerrogue2.png.phyre (ux0:/app/PCSE00666/GXM/Original Bitmaps/playerrogue2.png.phyre), fd: 0x77
[11:41:03.258] |T| [close_file]: sceIoClose: Closing file fd: 0x77
[11:41:03.324] |T| [open_file]: sceAppUtilSaveDataDataSave: Opening file savedata0:/SaveGame.sav (ux0:/user/00/savedata/PCSE00666/SaveGame.sav), fd: 0x78
[11:41:03.326] |T| [write_file]: sceAppUtilSaveDataDataSave: Writing to fd: 0x78, size: 2048
[11:41:03.327] |T| [close_file]: sceAppUtilSaveDataDataSave: Closing file fd: 0x78
[11:41:03.328] |T| [open_file]: sceAppUtilSaveDataDataSave: Opening file savedata0:/SlotParam_0.bin (ux0:/user/00/savedata/PCSE00666/SlotParam_0.bin), fd: 0x79
[11:41:03.329] |T| [write_file]: sceAppUtilSaveDataDataSave: Writing to fd: 0x79, size: 844
[11:41:03.330] |T| [close_file]: sceAppUtilSaveDataDataSave: Closing file fd: 0x79
[11:41:11.289] |T| [open_file]: sceAppUtilSaveDataDataSave: Opening file savedata0:/SaveGame.sav (ux0:/user/00/savedata/PCSE00666/SaveGame.sav), fd: 0x7a
[11:41:11.292] |T| [write_file]: sceAppUtilSaveDataDataSave: Writing to fd: 0x7a, size: 2048
[11:41:11.293] |T| [close_file]: sceAppUtilSaveDataDataSave: Closing file fd: 0x7a
[11:41:11.294] |T| [open_file]: sceAppUtilSaveDataDataSave: Opening file savedata0:/SlotParam_0.bin (ux0:/user/00/savedata/PCSE00666/SlotParam_0.bin), fd: 0x7b
[11:41:11.295] |T| [write_file]: sceAppUtilSaveDataDataSave: Writing to fd: 0x7b, size: 844
[11:41:11.295] |T| [close_file]: sceAppUtilSaveDataDataSave: Closing file fd: 0x7b
[11:41:11.472] |I| [export_sceIoOpen]: Opening file: app0:GXM/Music/tune1.at9
[11:41:11.485] |T| [open_file]: sceIoOpen: Opening file app0:GXM/Music/tune1.at9 (ux0:/app/PCSE00666/GXM/Music/tune1.at9), fd: 0x7c
[11:41:11.612] |T| [close_file]: sceIoClose: Closing file fd: 0x7c
[11:41:21.760] |W| [unimplemented_impl]: Unimplemented sceNetCheckDialogInit import called.
[11:41:21.761] |W| [stubbed_impl]: Stubbed sceNetCheckDialogGetStatus import called. (SCE_COMMON_DIALOG_STATUS_FINISHED)
[11:41:21.763] |W| [stubbed_impl]: Stubbed sceNetCheckDialogGetResult import called. (result->result = 0)
[11:41:21.764] |W| [unimplemented_impl]: Unimplemented sceNetCheckDialogTerm import called.
[11:41:21.765] |W| [stubbed_impl]: Stubbed sceNpManagerGetContentRatingFlag import called. (isRestricted = 0; age = 21; return 0;)
[11:41:21.767] |W| [unimplemented_impl]: Unimplemented sceNpScoreCreateTitleCtx import called.
[11:41:21.767] |W| [unimplemented_impl]: Unimplemented sceNpScoreCreateRequest import called.
[11:41:21.768] |W| [unimplemented_impl]: Unimplemented sceNpScoreRecordScoreAsync import called.
[11:41:21.788] |T| [open_file]: sceAppUtilSaveDataDataSave: Opening file savedata0:/SaveGame.sav (ux0:/user/00/savedata/PCSE00666/SaveGame.sav), fd: 0x7d
[11:41:21.791] |T| [write_file]: sceAppUtilSaveDataDataSave: Writing to fd: 0x7d, size: 2048
[11:41:21.792] |T| [close_file]: sceAppUtilSaveDataDataSave: Closing file fd: 0x7d
[11:41:21.793] |T| [open_file]: sceAppUtilSaveDataDataSave: Opening file savedata0:/SlotParam_0.bin (ux0:/user/00/savedata/PCSE00666/SlotParam_0.bin), fd: 0x7e
[11:41:21.795] |T| [write_file]: sceAppUtilSaveDataDataSave: Writing to fd: 0x7e, size: 844
[11:41:21.796] |T| [close_file]: sceAppUtilSaveDataDataSave: Closing file fd: 0x7e
[11:41:29.323] |T| [open_file]: sceAppUtilSaveDataDataSave: Opening file savedata0:/SaveGame.sav (ux0:/user/00/savedata/PCSE00666/SaveGame.sav), fd: 0x7f
[11:41:29.326] |T| [write_file]: sceAppUtilSaveDataDataSave: Writing to fd: 0x7f, size: 2048
[11:41:29.327] |T| [close_file]: sceAppUtilSaveDataDataSave: Closing file fd: 0x7f
[11:41:29.328] |T| [open_file]: sceAppUtilSaveDataDataSave: Opening file savedata0:/SlotParam_0.bin (ux0:/user/00/savedata/PCSE00666/SlotParam_0.bin), fd: 0x80
[11:41:29.329] |T| [write_file]: sceAppUtilSaveDataDataSave: Writing to fd: 0x80, size: 844
[11:41:29.330] |T| [close_file]: sceAppUtilSaveDataDataSave: Closing file fd: 0x80
[11:41:33.688] |I| [export_sceIoOpen]: Opening file: app0:GXM/Original Bitmaps/t01.png.phyre
[11:41:33.689] |T| [open_file]: sceAppUtilSaveDataDataSave: Opening file savedata0:/SaveGame.sav (ux0:/user/00/savedata/PCSE00666/SaveGame.sav), fd: 0x81
[11:41:33.691] |T| [write_file]: sceAppUtilSaveDataDataSave: Writing to fd: 0x81, size: 2048
[11:41:33.692] |T| [close_file]: sceAppUtilSaveDataDataSave: Closing file fd: 0x81
[11:41:33.693] |T| [open_file]: sceAppUtilSaveDataDataSave: Opening file savedata0:/SlotParam_0.bin (ux0:/user/00/savedata/PCSE00666/SlotParam_0.bin), fd: 0x82
[11:41:33.694] |T| [write_file]: sceAppUtilSaveDataDataSave: Writing to fd: 0x82, size: 844
[11:41:33.695] |T| [close_file]: sceAppUtilSaveDataDataSave: Closing file fd: 0x82
[11:41:33.698] |T| [open_file]: sceIoOpen: Opening file app0:GXM/Original Bitmaps/t01.png.phyre (ux0:/app/PCSE00666/GXM/Original Bitmaps/t01.png.phyre), fd: 0x83
[11:41:33.700] |T| [close_file]: sceIoClose: Closing file fd: 0x83
[11:42:42.788] |T| [open_file]: sceAppUtilSaveDataDataSave: Opening file savedata0:/SaveGame.sav (ux0:/user/00/savedata/PCSE00666/SaveGame.sav), fd: 0x84
[11:42:42.791] |T| [write_file]: sceAppUtilSaveDataDataSave: Writing to fd: 0x84, size: 2048
[11:42:42.792] |T| [close_file]: sceAppUtilSaveDataDataSave: Closing file fd: 0x84
[11:42:42.793] |T| [open_file]: sceAppUtilSaveDataDataSave: Opening file savedata0:/SlotParam_0.bin (ux0:/user/00/savedata/PCSE00666/SlotParam_0.bin), fd: 0x85
[11:42:42.794] |T| [write_file]: sceAppUtilSaveDataDataSave: Writing to fd: 0x85, size: 844
[11:42:42.795] |T| [close_file]: sceAppUtilSaveDataDataSave: Closing file fd: 0x85
[11:43:36.870] |I| [export_sceIoOpen]: Opening file: app0:GXM/Original Bitmaps/t64.png.phyre
[11:43:36.917] |T| [open_file]: sceIoOpen: Opening file app0:GXM/Original Bitmaps/t64.png.phyre (ux0:/app/PCSE00666/GXM/Original Bitmaps/t64.png.phyre), fd: 0x86
[11:43:36.921] |T| [close_file]: sceIoClose: Closing file fd: 0x86
[11:43:50.850] |T| [open_file]: sceAppUtilSaveDataDataSave: Opening file savedata0:/SaveGame.sav (ux0:/user/00/savedata/PCSE00666/SaveGame.sav), fd: 0x87
[11:43:50.853] |T| [write_file]: sceAppUtilSaveDataDataSave: Writing to fd: 0x87, size: 2048
[11:43:50.854] |T| [close_file]: sceAppUtilSaveDataDataSave: Closing file fd: 0x87
[11:43:50.855] |T| [open_file]: sceAppUtilSaveDataDataSave: Opening file savedata0:/SlotParam_0.bin (ux0:/user/00/savedata/PCSE00666/SlotParam_0.bin), fd: 0x88
[11:43:50.856] |T| [write_file]: sceAppUtilSaveDataDataSave: Writing to fd: 0x88, size: 844
[11:43:50.857] |T| [close_file]: sceAppUtilSaveDataDataSave: Closing file fd: 0x88
[11:45:26.846] |T| [open_file]: sceAppUtilSaveDataDataSave: Opening file savedata0:/SaveGame.sav (ux0:/user/00/savedata/PCSE00666/SaveGame.sav), fd: 0x89
[11:45:26.848] |T| [write_file]: sceAppUtilSaveDataDataSave: Writing to fd: 0x89, size: 2048
[11:45:26.849] |T| [close_file]: sceAppUtilSaveDataDataSave: Closing file fd: 0x89
[11:45:26.850] |T| [open_file]: sceAppUtilSaveDataDataSave: Opening file savedata0:/SlotParam_0.bin (ux0:/user/00/savedata/PCSE00666/SlotParam_0.bin), fd: 0x8a
[11:45:26.851] |T| [write_file]: sceAppUtilSaveDataDataSave: Writing to fd: 0x8a, size: 844
[11:45:26.852] |T| [close_file]: sceAppUtilSaveDataDataSave: Closing file fd: 0x8a
[11:47:16.109] |T| [open_file]: sceAppUtilSaveDataDataSave: Opening file savedata0:/SaveGame.sav (ux0:/user/00/savedata/PCSE00666/SaveGame.sav), fd: 0x8b
[11:47:16.112] |T| [write_file]: sceAppUtilSaveDataDataSave: Writing to fd: 0x8b, size: 2048
[11:47:16.113] |T| [close_file]: sceAppUtilSaveDataDataSave: Closing file fd: 0x8b
[11:47:16.114] |T| [open_file]: sceAppUtilSaveDataDataSave: Opening file savedata0:/SlotParam_0.bin (ux0:/user/00/savedata/PCSE00666/SlotParam_0.bin), fd: 0x8c
[11:47:16.115] |T| [write_file]: sceAppUtilSaveDataDataSave: Writing to fd: 0x8c, size: 844
[11:47:16.116] |T| [close_file]: sceAppUtilSaveDataDataSave: Closing file fd: 0x8c
[11:48:09.925] |I| [export_sceIoOpen]: Opening file: app0:GXM/Original Bitmaps/t63.png.phyre
[11:48:09.935] |T| [open_file]: sceIoOpen: Opening file app0:GXM/Original Bitmaps/t63.png.phyre (ux0:/app/PCSE00666/GXM/Original Bitmaps/t63.png.phyre), fd: 0x8d
[11:48:09.937] |T| [close_file]: sceIoClose: Closing file fd: 0x8d
[11:48:19.908] |T| [open_file]: sceAppUtilSaveDataDataSave: Opening file savedata0:/SaveGame.sav (ux0:/user/00/savedata/PCSE00666/SaveGame.sav), fd: 0x8e
[11:48:19.910] |T| [write_file]: sceAppUtilSaveDataDataSave: Writing to fd: 0x8e, size: 2048
[11:48:19.911] |T| [close_file]: sceAppUtilSaveDataDataSave: Closing file fd: 0x8e
[11:48:19.912] |T| [open_file]: sceAppUtilSaveDataDataSave: Opening file savedata0:/SlotParam_0.bin (ux0:/user/00/savedata/PCSE00666/SlotParam_0.bin), fd: 0x8f
[11:48:19.913] |T| [write_file]: sceAppUtilSaveDataDataSave: Writing to fd: 0x8f, size: 844
[11:48:19.914] |T| [close_file]: sceAppUtilSaveDataDataSave: Closing file fd: 0x8f
[11:49:13.304] |T| [open_file]: sceAppUtilSaveDataDataSave: Opening file savedata0:/SaveGame.sav (ux0:/user/00/savedata/PCSE00666/SaveGame.sav), fd: 0x90
[11:49:13.307] |T| [write_file]: sceAppUtilSaveDataDataSave: Writing to fd: 0x90, size: 2048
[11:49:13.309] |T| [close_file]: sceAppUtilSaveDataDataSave: Closing file fd: 0x90
[11:49:13.310] |T| [open_file]: sceAppUtilSaveDataDataSave: Opening file savedata0:/SlotParam_0.bin (ux0:/user/00/savedata/PCSE00666/SlotParam_0.bin), fd: 0x91
[11:49:13.311] |T| [write_file]: sceAppUtilSaveDataDataSave: Writing to fd: 0x91, size: 844
[11:49:13.312] |T| [close_file]: sceAppUtilSaveDataDataSave: Closing file fd: 0x91
[11:49:27.271] |T| [open_file]: sceAppUtilSaveDataDataSave: Opening file savedata0:/SaveGame.sav (ux0:/user/00/savedata/PCSE00666/SaveGame.sav), fd: 0x92
[11:49:27.273] |T| [write_file]: sceAppUtilSaveDataDataSave: Writing to fd: 0x92, size: 2048
[11:49:27.274] |T| [close_file]: sceAppUtilSaveDataDataSave: Closing file fd: 0x92
[11:49:27.275] |T| [open_file]: sceAppUtilSaveDataDataSave: Opening file savedata0:/SlotParam_0.bin (ux0:/user/00/savedata/PCSE00666/SlotParam_0.bin), fd: 0x93
[11:49:27.276] |T| [write_file]: sceAppUtilSaveDataDataSave: Writing to fd: 0x93, size: 844
[11:49:27.277] |T| [close_file]: sceAppUtilSaveDataDataSave: Closing file fd: 0x93
[11:49:27.302] |T| [open_file]: sceAppUtilSaveDataDataSave: Opening file savedata0:/SaveGame.sav (ux0:/user/00/savedata/PCSE00666/SaveGame.sav), fd: 0x94
[11:49:27.304] |T| [write_file]: sceAppUtilSaveDataDataSave: Writing to fd: 0x94, size: 2048
[11:49:27.305] |T| [close_file]: sceAppUtilSaveDataDataSave: Closing file fd: 0x94
[11:49:27.306] |T| [open_file]: sceAppUtilSaveDataDataSave: Opening file savedata0:/SlotParam_0.bin (ux0:/user/00/savedata/PCSE00666/SlotParam_0.bin), fd: 0x95
[11:49:27.307] |T| [write_file]: sceAppUtilSaveDataDataSave: Writing to fd: 0x95, size: 844
[11:49:27.307] |T| [close_file]: sceAppUtilSaveDataDataSave: Closing file fd: 0x95
[11:49:27.426] |T| [open_file]: save_trophy_progress: Opening file ux0:/user/00/trophy/data/NPWR08546_00/TROPUSR.DAT (ux0:/user/00/trophy/data/NPWR08546_00/TROPUSR.DAT), fd: 0x96
[11:49:27.429] |T| [write_file]: save_trophy_progress_file: Writing to fd: 0x96, size: 4
[11:49:27.430] |T| [write_file]: save_trophy_progress_file: Writing to fd: 0x96, size: 16
[11:49:27.431] |T| [write_file]: save_trophy_progress_file: Writing to fd: 0x96, size: 16
[11:49:27.431] |T| [write_file]: save_trophy_progress_file: Writing to fd: 0x96, size: 4
[11:49:27.432] |T| [write_file]: save_trophy_progress_file: Writing to fd: 0x96, size: 4
[11:49:27.432] |T| [write_file]: save_trophy_progress_file: Writing to fd: 0x96, size: 4
[11:49:27.433] |T| [write_file]: save_trophy_progress_file: Writing to fd: 0x96, size: 64
[11:49:27.434] |T| [write_file]: save_trophy_progress_file: Writing to fd: 0x96, size: 1024
[11:49:27.434] |T| [write_file]: save_trophy_progress_file: Writing to fd: 0x96, size: 512
[11:49:27.435] |T| [close_file]: save_trophy_progress_file: Closing file fd: 0x96
[11:49:27.436] |I| [do_trophy_callback]: Trophy unlocked, name: Upgrade the dungeon, detail: Upgrade the difficulty of the dungeon, id = 0
[11:49:27.442] |T| [open_file]: sceAppUtilSaveDataDataSave: Opening file savedata0:/SaveGame.sav (ux0:/user/00/savedata/PCSE00666/SaveGame.sav), fd: 0x97
[11:49:27.443] |T| [write_file]: sceAppUtilSaveDataDataSave: Writing to fd: 0x97, size: 2048
[11:49:27.444] |T| [close_file]: sceAppUtilSaveDataDataSave: Closing file fd: 0x97
[11:49:27.445] |T| [open_file]: sceAppUtilSaveDataDataSave: Opening file savedata0:/SlotParam_0.bin (ux0:/user/00/savedata/PCSE00666/SlotParam_0.bin), fd: 0x98
[11:49:27.446] |T| [write_file]: sceAppUtilSaveDataDataSave: Writing to fd: 0x98, size: 844
[11:49:27.446] |T| [close_file]: sceAppUtilSaveDataDataSave: Closing file fd: 0x98
[11:50:35.900] |T| [open_file]: save_trophy_progress: Opening file ux0:/user/00/trophy/data/NPWR08546_00/TROPUSR.DAT (ux0:/user/00/trophy/data/NPWR08546_00/TROPUSR.DAT), fd: 0x99
[11:50:35.903] |T| [write_file]: save_trophy_progress_file: Writing to fd: 0x99, size: 4
[11:50:35.904] |T| [write_file]: save_trophy_progress_file: Writing to fd: 0x99, size: 16
[11:50:35.905] |T| [write_file]: save_trophy_progress_file: Writing to fd: 0x99, size: 16
[11:50:35.906] |T| [write_file]: save_trophy_progress_file: Writing to fd: 0x99, size: 4
[11:50:35.907] |T| [write_file]: save_trophy_progress_file: Writing to fd: 0x99, size: 4
[11:50:35.907] |T| [write_file]: save_trophy_progress_file: Writing to fd: 0x99, size: 4
[11:50:35.908] |T| [write_file]: save_trophy_progress_file: Writing to fd: 0x99, size: 64
[11:50:35.908] |T| [write_file]: save_trophy_progress_file: Writing to fd: 0x99, size: 1024
[11:50:35.909] |T| [write_file]: save_trophy_progress_file: Writing to fd: 0x99, size: 512
[11:50:35.910] |T| [close_file]: save_trophy_progress_file: Closing file fd: 0x99
[11:50:35.911] |I| [do_trophy_callback]: Trophy unlocked, name: Buy a titanium shield, detail: Buy a titanium shield, id = 10
[11:50:35.932] |T| [open_file]: sceAppUtilSaveDataDataSave: Opening file savedata0:/SaveGame.sav (ux0:/user/00/savedata/PCSE00666/SaveGame.sav), fd: 0x9a
[11:50:35.934] |T| [write_file]: sceAppUtilSaveDataDataSave: Writing to fd: 0x9a, size: 2048
[11:50:35.935] |T| [close_file]: sceAppUtilSaveDataDataSave: Closing file fd: 0x9a
[11:50:35.936] |T| [open_file]: sceAppUtilSaveDataDataSave: Opening file savedata0:/SlotParam_0.bin (ux0:/user/00/savedata/PCSE00666/SlotParam_0.bin), fd: 0x9b
[11:50:35.937] |T| [write_file]: sceAppUtilSaveDataDataSave: Writing to fd: 0x9b, size: 844
[11:50:35.938] |T| [close_file]: sceAppUtilSaveDataDataSave: Closing file fd: 0x9b
[11:50:52.334] |T| [open_file]: sceAppUtilSaveDataDataSave: Opening file savedata0:/SaveGame.sav (ux0:/user/00/savedata/PCSE00666/SaveGame.sav), fd: 0x9c
[11:50:52.337] |T| [write_file]: sceAppUtilSaveDataDataSave: Writing to fd: 0x9c, size: 2048
[11:50:52.337] |T| [close_file]: sceAppUtilSaveDataDataSave: Closing file fd: 0x9c
[11:50:52.338] |T| [open_file]: sceAppUtilSaveDataDataSave: Opening file savedata0:/SlotParam_0.bin (ux0:/user/00/savedata/PCSE00666/SlotParam_0.bin), fd: 0x9d
[11:50:52.339] |T| [write_file]: sceAppUtilSaveDataDataSave: Writing to fd: 0x9d, size: 844
[11:50:52.340] |T| [close_file]: sceAppUtilSaveDataDataSave: Closing file fd: 0x9d
[11:51:01.998] |I| [export_sceIoOpen]: Opening file: app0:GXM/Original Bitmaps/t04.png.phyre
[11:51:01.999] |T| [open_file]: sceAppUtilSaveDataDataSave: Opening file savedata0:/SaveGame.sav (ux0:/user/00/savedata/PCSE00666/SaveGame.sav), fd: 0x9e
[11:51:02.002] |T| [write_file]: sceAppUtilSaveDataDataSave: Writing to fd: 0x9e, size: 2048
[11:51:02.002] |T| [close_file]: sceAppUtilSaveDataDataSave: Closing file fd: 0x9e
[11:51:02.003] |T| [open_file]: sceAppUtilSaveDataDataSave: Opening file savedata0:/SlotParam_0.bin (ux0:/user/00/savedata/PCSE00666/SlotParam_0.bin), fd: 0x9f
[11:51:02.005] |T| [write_file]: sceAppUtilSaveDataDataSave: Writing to fd: 0x9f, size: 844
[11:51:02.005] |T| [close_file]: sceAppUtilSaveDataDataSave: Closing file fd: 0x9f
[11:51:02.009] |T| [open_file]: sceIoOpen: Opening file app0:GXM/Original Bitmaps/t04.png.phyre (ux0:/app/PCSE00666/GXM/Original Bitmaps/t04.png.phyre), fd: 0xa0
[11:51:02.012] |T| [close_file]: sceIoClose: Closing file fd: 0xa0
[11:51:10.633] |T| [open_file]: sceAppUtilSaveDataDataSave: Opening file savedata0:/SaveGame.sav (ux0:/user/00/savedata/PCSE00666/SaveGame.sav), fd: 0xa1
[11:51:10.635] |T| [write_file]: sceAppUtilSaveDataDataSave: Writing to fd: 0xa1, size: 2048
[11:51:10.637] |T| [close_file]: sceAppUtilSaveDataDataSave: Closing file fd: 0xa1
[11:51:10.638] |T| [open_file]: sceAppUtilSaveDataDataSave: Opening file savedata0:/SlotParam_0.bin (ux0:/user/00/savedata/PCSE00666/SlotParam_0.bin), fd: 0xa2
[11:51:10.639] |T| [write_file]: sceAppUtilSaveDataDataSave: Writing to fd: 0xa2, size: 844
[11:51:10.640] |T| [close_file]: sceAppUtilSaveDataDataSave: Closing file fd: 0xa2
[11:52:37.329] |T| [open_file]: sceAppUtilSaveDataDataSave: Opening file savedata0:/SaveGame.sav (ux0:/user/00/savedata/PCSE00666/SaveGame.sav), fd: 0xa3
[11:52:37.333] |T| [write_file]: sceAppUtilSaveDataDataSave: Writing to fd: 0xa3, size: 2048
[11:52:37.334] |T| [close_file]: sceAppUtilSaveDataDataSave: Closing file fd: 0xa3
[11:52:37.335] |T| [open_file]: sceAppUtilSaveDataDataSave: Opening file savedata0:/SlotParam_0.bin (ux0:/user/00/savedata/PCSE00666/SlotParam_0.bin), fd: 0xa4
[11:52:37.336] |T| [write_file]: sceAppUtilSaveDataDataSave: Writing to fd: 0xa4, size: 844
[11:52:37.337] |T| [close_file]: sceAppUtilSaveDataDataSave: Closing file fd: 0xa4
[11:52:51.295] |T| [open_file]: sceAppUtilSaveDataDataSave: Opening file savedata0:/SaveGame.sav (ux0:/user/00/savedata/PCSE00666/SaveGame.sav), fd: 0xa5
[11:52:51.298] |T| [write_file]: sceAppUtilSaveDataDataSave: Writing to fd: 0xa5, size: 2048
[11:52:51.300] |T| [close_file]: sceAppUtilSaveDataDataSave: Closing file fd: 0xa5
[11:52:51.301] |T| [open_file]: sceAppUtilSaveDataDataSave: Opening file savedata0:/SlotParam_0.bin (ux0:/user/00/savedata/PCSE00666/SlotParam_0.bin), fd: 0xa6
[11:52:51.303] |T| [write_file]: sceAppUtilSaveDataDataSave: Writing to fd: 0xa6, size: 844
[11:52:51.303] |T| [close_file]: sceAppUtilSaveDataDataSave: Closing file fd: 0xa6
[11:53:27.128] |T| [open_file]: save_trophy_progress: Opening file ux0:/user/00/trophy/data/NPWR08546_00/TROPUSR.DAT (ux0:/user/00/trophy/data/NPWR08546_00/TROPUSR.DAT), fd: 0xa7
[11:53:27.133] |T| [write_file]: save_trophy_progress_file: Writing to fd: 0xa7, size: 4
[11:53:27.134] |T| [write_file]: save_trophy_progress_file: Writing to fd: 0xa7, size: 16
[11:53:27.135] |T| [write_file]: save_trophy_progress_file: Writing to fd: 0xa7, size: 16
[11:53:27.136] |T| [write_file]: save_trophy_progress_file: Writing to fd: 0xa7, size: 4
[11:53:27.136] |T| [write_file]: save_trophy_progress_file: Writing to fd: 0xa7, size: 4
[11:53:27.137] |T| [write_file]: save_trophy_progress_file: Writing to fd: 0xa7, size: 4
[11:53:27.138] |T| [write_file]: save_trophy_progress_file: Writing to fd: 0xa7, size: 64
[11:53:27.139] |T| [write_file]: save_trophy_progress_file: Writing to fd: 0xa7, size: 1024
[11:53:27.139] |T| [write_file]: save_trophy_progress_file: Writing to fd: 0xa7, size: 512
[11:53:27.140] |T| [close_file]: save_trophy_progress_file: Closing file fd: 0xa7
[11:53:27.141] |I| [do_trophy_callback]: Trophy unlocked, name: Save a lost soul, detail: Save a lost soul, id = 5
[11:53:27.158] |T| [open_file]: sceAppUtilSaveDataDataSave: Opening file savedata0:/SaveGame.sav (ux0:/user/00/savedata/PCSE00666/SaveGame.sav), fd: 0xa8
[11:53:27.160] |T| [write_file]: sceAppUtilSaveDataDataSave: Writing to fd: 0xa8, size: 2048
[11:53:27.161] |T| [close_file]: sceAppUtilSaveDataDataSave: Closing file fd: 0xa8
[11:53:27.165] |T| [open_file]: sceAppUtilSaveDataDataSave: Opening file savedata0:/SlotParam_0.bin (ux0:/user/00/savedata/PCSE00666/SlotParam_0.bin), fd: 0xa9
[11:53:27.166] |T| [write_file]: sceAppUtilSaveDataDataSave: Writing to fd: 0xa9, size: 844
[11:53:27.167] |T| [close_file]: sceAppUtilSaveDataDataSave: Closing file fd: 0xa9
[11:54:13.406] |I| [renderer::vulkan::PipelineCache::save_pipeline_cache]: Saving pipeline cache...
[11:54:13.407] |I| [renderer::vulkan::PipelineCache::save_pipeline_cache]: Pipeline cache saved
[11:54:13.453] |C| [logging::exception_handler]: Exception EXCEPTION_ACCESS_VIOLATION (0xc0000005). 
[11:54:13.455] |C| [logging::exception_handler]: DEP violation at address 0x23ab131eac0.
