[03:21:15.112] |I| [config::init_config]: backend-renderer: OpenGL
[03:21:15.113] |I| [config::init_config]: log-level: 1
[03:21:15.115] |I| [SDL_main]: Vita3K v0.1 1575-66c566a3
[03:21:15.462] |I| [renderer::gl::create]: Swap interval = -1
[03:21:15.463] |I| [renderer::gl::create]: GPU = GeForce RTX 2070 SUPER/PCIe/SSE2
[03:21:15.463] |I| [renderer::gl::create]: GL_VERSION = 4.5.0 NVIDIA 451.67
[03:21:15.463] |I| [renderer::gl::create]: GL_SHADING_LANGUAGE_VERSION = 4.50 NVIDIA
[03:21:15.464] |I| [renderer::gl::create]: Your GPU supports shader interlock, some games that use programmable blending will have better performance.
[03:21:15.682] |I| [gui::init_apps_icon]: Default icon found for title GXMFUN001, GXMFUN001.
[03:21:16.150] |I| [gui::init_apps_icon]: Default icon found for title SKGCBSMGR, Custom Boot Splash Manager.
[03:21:16.150] |I| [gui::init_apps_icon]: Default icon found for title SKGTLSE12, iTLS-Enso.
[03:21:16.151] |I| [gui::init_apps_icon]: Default icon found for title SKOG00001, Snes9xVITA.
[03:21:16.155] |I| [gui::init_apps_icon]: Default icon found for title VITATESTR, VitaTester.
[03:21:16.156] |I| [gui::init_apps_icon]: Default icon found for title VSDK00009, Microphone Sample.
[03:21:33.998] |I| [load_app_impl]: hardware-flip: enabled
[03:21:33.998] |I| [load_app_impl]: Title: Home - A Unique Horror Adventure
[03:21:33.999] |I| [load_app_impl]: Serial: PCSB00687
[03:21:33.999] |I| [load_app_impl]: Version: 01.02
[03:21:33.999] |I| [load_app_impl]: Category: gp
[03:21:34.022] |C| [load_self]: Unknown segment type 0x6FFFFF01
[03:21:34.022] |I| [load_self]: Loaded module segment 0 @ [0x00004000 - 0x000558A4 / 0x81000000] (size: 0x000518A4) of module app0:sce_module/libc.suprx
[03:21:34.022] |I| [load_self]: Loaded module segment 1 @ [0x00056000 - 0x000588A0 / 0x81052000] (size: 0x000028A0) of module app0:sce_module/libc.suprx
[03:21:34.022] |I| [load_self]: Loading symbols for SELF: app0:sce_module/libc.suprx
[03:21:34.023] |D| [load_var_exports]: 	NID 0x936C8A78 (SYSLYB) at 0x4B314
[03:21:34.023] |D| [load_var_exports]: 	NID 0x6C2224BA (NID_MODULE_INFO) at 0x404DC
[03:21:34.023] |W| [load_var_imports]: 	NID NOT FOUND 0x93B8AA67 (__stack_chk_guard) at 0x4463C, setting to stub value 0xDEADBEEF
[03:21:34.023] |W| [load_var_imports]: 	NID NOT FOUND 0xDF084DFA (UNRECOGNISED) at 0x461D0, setting to stub value 0xDEADBEEF
[03:21:34.024] |I| [pre_load_module]: Pre-load module SceLibc (at "sce_module/libc.suprx") loaded
[03:21:34.029] |C| [load_self]: Unknown segment type 0x6FFFFF01
[03:21:34.029] |I| [load_self]: Loaded module segment 0 @ [0x0005B000 - 0x00087CBF / 0x81000000] (size: 0x0002CCBF) of module app0:sce_module/libfios2.suprx
[03:21:34.030] |I| [load_self]: Loaded module segment 1 @ [0x00088000 - 0x0008D255 / 0x8102D000] (size: 0x00005255) of module app0:sce_module/libfios2.suprx
[03:21:34.030] |I| [load_self]: Loading symbols for SELF: app0:sce_module/libfios2.suprx
[03:21:34.031] |D| [load_var_exports]: 	NID 0x936C8A78 (SYSLYB) at 0x87BC8
[03:21:34.031] |D| [load_var_exports]: 	NID 0x6C2224BA (NID_MODULE_INFO) at 0x7EF08
[03:21:34.032] |I| [pre_load_module]: Pre-load module SceLibFios2 (at "sce_module/libfios2.suprx") loaded
[03:21:34.034] |C| [load_self]: Unknown segment type 0x6FFFFF01
[03:21:34.034] |I| [load_self]: Loaded module segment 0 @ [0x0008E000 - 0x000A19BC / 0x81000000] (size: 0x000139BC) of module app0:sce_module/libult.suprx
[03:21:34.035] |I| [load_self]: Loaded module segment 1 @ [0x000A2000 - 0x000A2814 / 0x81014000] (size: 0x00000814) of module app0:sce_module/libult.suprx
[03:21:34.036] |I| [load_self]: Loading symbols for SELF: app0:sce_module/libult.suprx
[03:21:34.036] |D| [load_var_exports]: 	NID 0x936C8A78 (SYSLYB) at 0xA02E8
[03:21:34.037] |D| [load_var_exports]: 	NID 0x6C2224BA (NID_MODULE_INFO) at 0x9D870
[03:21:34.037] |I| [pre_load_module]: Pre-load module SceUlt (at "sce_module/libult.suprx") loaded
[03:21:34.043] |I| [load_self]: Loaded module segment 0 @ [0x000A3000 - 0x000F3F04 / 0x81000000] (size: 0x00050F04) of module vs0:sys/external/libSceFt2.suprx
[03:21:34.044] |I| [load_self]: Loaded module segment 1 @ [0x000F4000 - 0x000F42F4 / 0x81051000] (size: 0x000002F4) of module vs0:sys/external/libSceFt2.suprx
[03:21:34.045] |I| [load_self]: Loading symbols for SELF: vs0:sys/external/libSceFt2.suprx
[03:21:34.046] |D| [load_var_exports]: 	NID 0x936C8A78 (SYSLYB) at 0xDF7DC
[03:21:34.046] |D| [load_var_exports]: 	NID 0x6C2224BA (NID_MODULE_INFO) at 0xDEF10
[03:21:34.047] |I| [pre_load_module]: Pre-load module SceLibft2 (at "sys/external/libSceFt2.suprx") loaded
[03:21:34.048] |I| [load_self]: Loaded module segment 0 @ [0x000F5000 - 0x00104F14 / 0x81000000] (size: 0x0000FF14) of module vs0:sys/external/libpvf.suprx
[03:21:34.049] |I| [load_self]: Loaded module segment 1 @ [0x00105000 - 0x00105008 / 0x81010000] (size: 0x00000008) of module vs0:sys/external/libpvf.suprx
[03:21:34.049] |I| [load_self]: Loading symbols for SELF: vs0:sys/external/libpvf.suprx
[03:21:34.050] |D| [load_var_exports]: 	NID 0x936C8A78 (SYSLYB) at 0x103710
[03:21:34.050] |D| [load_var_exports]: 	NID 0x6C2224BA (NID_MODULE_INFO) at 0x103300
[03:21:34.051] |I| [pre_load_module]: Pre-load module SceLibPvf (at "sys/external/libpvf.suprx") loaded
[03:21:34.125] |C| [load_self]: Unknown segment type 0x6FFFFF01
[03:21:34.125] |I| [load_self]: Loaded module segment 0 @ [0x00106000 - 0x003FAEE4 / 0x81000000] (size: 0x002F4EE4) of module app0:eboot.bin
[03:21:34.126] |I| [load_self]: Loaded module segment 1 @ [0x003FB000 - 0x00858108 / 0x812F5000] (size: 0x0045D108) of module app0:eboot.bin
[03:21:34.127] |I| [load_self]: Loading symbols for SELF: app0:eboot.bin
[03:21:34.127] |D| [load_var_exports]: 	NID 0x6C2224BA (NID_MODULE_INFO) at 0x31D6D4
[03:21:34.127] |D| [load_var_exports]: 	NID 0x70FBA1E7 (SCE_PROC_PARAMS) at 0x483C60
[03:21:34.128] |D| [load_var_exports]: 	NID 0x936C8A78 (SYSLYB) at 0x3F8598
[03:21:34.128] |I| [load_app_impl]: Main executable PSVitaRunner (eboot.bin) loaded
[03:21:34.131] |D| [run_app]: Running module_start of library: SceLibc at address 0x4871
[03:21:34.137] |I| [run_app]: Module SceLibc (at "app0:sce_module/libc.suprx") module_start returned 0x0
[03:21:34.138] |D| [run_app]: Running module_start of library: SceLibFios2 at address 0x5B001
[03:21:34.139] |W| [stubbed_impl]: Stubbed sceKernelGetProcessId import called. (pid: 0)
[03:21:34.140] |W| [unimplemented_impl]: Unimplemented sceFiosOverlayGetList02 import called.
[03:21:34.140] |I| [run_app]: Module SceLibFios2 (at "app0:sce_module/libfios2.suprx") module_start returned 0x0
[03:21:34.141] |D| [run_app]: Running module_start of library: SceUlt at address 0x91771
[03:21:34.142] |W| [unimplemented_impl]: Unimplemented _sceUlobjMgrRegisterLibultProtocolRevision import called.
[03:21:34.142] |I| [run_app]: Module SceUlt (at "app0:sce_module/libult.suprx") module_start returned 0x0
[03:21:34.154] |W| [unimplemented_impl]: Unimplemented sceAppUtilInit import called.
[03:21:34.156] |W| [stubbed_impl]: Stubbed sceGxmMapMemory import called. (always return success)
[03:21:34.157] |W| [stubbed_impl]: Stubbed sceGxmMapFragmentUsseMemory import called. (always return success)
[03:21:34.210] |W| [stubbed_impl]: Stubbed sceGxmMapVertexUsseMemory import called. (always return success)
[03:21:34.241] |W| [unimplemented_impl]: Unimplemented sceNetCtlInit import called.
[03:21:34.244] |W| [unimplemented_impl]: Unimplemented sceSslInit import called.
[03:21:34.244] |W| [unimplemented_impl]: Unimplemented sceHttpInit import called.
[03:21:34.246] |W| [stubbed_impl]: Stubbed sceNetCtlInetGetState import called. (state = SCE_NETCTL_STATE_DISCONNECTED)
[03:21:34.306] |I| [export_sceIoOpen]: Opening file: app0:/games/game.win
[03:21:34.309] |I| [export_sceIoOpen]: Opening file: savedata0:/app0:/games/options.ini
[03:21:34.312] |I| [export_sceIoOpen]: Opening file: savedata0:/app0:/games/options.ini
[03:21:34.315] |I| [export_sceIoOpen]: Opening file: savedata0:/app0:/games/options.ini
[03:21:34.324] |I| [export_sceIoOpen]: Opening file: app0:/games/game.yydebug
[03:21:34.324] |E| [open_file]: Missing file at D:/Emulateurs/Vita3K/mc/ux0/app/PCSB00687/games/game.yydebug (target path: app0:/games/game.yydebug)
[03:21:34.325] |W| [io_error_impl]: open_file (sceIoOpen) returned 0x80010002
[03:21:34.328] |I| [export_sceIoOpen]: Opening file: app0:/games/game.win
[03:21:35.020] |I| [export_sceIoOpen]: Opening file: savedata0:/hiscore.dat
[03:21:35.020] |E| [open_file]: Missing file at D:/Emulateurs/Vita3K/mc/ux0/user/00/savedata/PCSB00687/hiscore.dat (target path: savedata0:/hiscore.dat)
[03:21:35.021] |W| [io_error_impl]: open_file (sceIoOpen) returned 0x80010002
[03:21:35.046] |I| [export_sceIoOpen]: Opening file: savedata0:/playerachievementcache.dat
[03:21:35.046] |E| [open_file]: Missing file at D:/Emulateurs/Vita3K/mc/ux0/user/00/savedata/PCSB00687/playerachievementcache.dat (target path: savedata0:/playerachievementcache.dat)
[03:21:35.046] |W| [io_error_impl]: open_file (sceIoOpen) returned 0x80010002
[03:21:35.075] |W| [stubbed_impl]: Stubbed sceKernelGetFreeMemorySize import called. (Single pool)
[03:21:35.075] |W| [unimplemented_impl]: Unimplemented sceGxmTextureValidate import called.
[03:21:35.302] |W| [unimplemented_impl]: Unimplemented sceAudioOutSetVolume import called.
[03:21:35.302] |W| [unimplemented_impl]: Unimplemented sceAppMgrAcquireBgmPort import called.
[03:21:35.676] |W| [unimplemented_impl]: Unimplemented sceMotionReset import called.
[03:21:35.676] |W| [unimplemented_impl]: Unimplemented sceMotionStartSampling import called.
[03:21:35.677] |W| [stubbed_impl]: Stubbed _sceAppMgrGetAppState import called. (Set to 0.)
[03:21:35.677] |W| [unimplemented_impl]: Unimplemented sceCtrlGetWirelessControllerInfo import called.
[03:21:35.711] |W| [unimplemented_impl]: Unimplemented sceMotionGetState import called.
[03:21:36.539] |W| [unimplemented_impl]: Unimplemented sceCommonDialogUpdate import called.
[03:21:36.542] |I| [export_sceIoOpen]: Opening file: app0:/games/home_save01.sav
[03:21:36.542] |E| [open_file]: Missing file at D:/Emulateurs/Vita3K/mc/ux0/app/PCSB00687/games/home_save01.sav (target path: app0:/games/home_save01.sav)
[03:21:36.543] |W| [io_error_impl]: open_file (sceIoOpen) returned 0x80010002
[03:21:36.565] |I| [renderer::gl::load_shader]: Generating frag shader 79895d73949938211f8a4258db6866661b8a7b4a31aeb4025d89e378ef6d2e89
[03:21:36.566] |W| [shader::create_parameters]: Container for literal not found, skipping creating literals!
[03:21:36.566] |D| [shader::create_fragment_inputs]: Iterator: pa0 = (float4) v_Color0
[03:21:36.568] |D| [shader::spirv_disasm_print]: SPIR-V Disassembly:
// Module Version 10500
// Generated by (magic number): 1337000
// Id's are bound by 129

                              Capability Shader
                              Capability Float16
              63:             ExtInstImport  "GLSL.std.450"
              93:             ExtInstImport  "GLSL.std.450"
             114:             ExtInstImport  "GLSL.std.450"
                              MemoryModel Logical GLSL450
                              EntryPoint Fragment 4  "main_fs" 38 41 42 75
                              ExecutionMode 4 OriginLowerLeft
               1:             String  "79895d73949938211f8a4258db6866661b8a7b4a31aeb4025d89e378ef6d2e89"
                              SourceExtension  "gxp"
                              Name 4  "main_fs"
                              Name 23  "pa"
                              Name 24  "sa"
                              Name 26  "internals"
                              Name 28  "r"
                              Name 30  "p"
                              Name 32  "idx"
                              Name 34  "outs"
                              Name 36  "i"
                              Name 38  "v_Color0"
                              Name 41  "f_mask"
                              Name 42  "gl_FragCoord"
                              Name 43  "frag_output_finalize"
                              Name 60  "unpack2xF16"
                              Name 75  "out_color"
                              Name 101  "block_prim_0"
                              Name 112  "pack2xF16"
                              Decorate 41(f_mask) Binding 1
                              Decorate 75(out_color) Location 0
               2:             TypeVoid
               3:             TypeFunction 2
               6:             TypeFloat 32
               7:             TypeInt 32 1
               8:             TypeBool
               9:             TypeVector 6(float) 4
              10:      7(int) Constant 32
              11:             TypeArray 9(fvec4) 10
              12:      7(int) Constant 3
              13:             TypeArray 9(fvec4) 12
              14:      7(int) Constant 20
              15:             TypeArray 9(fvec4) 14
              16:      7(int) Constant 2
              17:             TypeArray 7(int) 16
              18:      7(int) Constant 4
              19:             TypeArray 8(bool) 18
              20:      7(int) Constant 11
              21:             TypeArray 9(fvec4) 20
              22:             TypePointer Private 11
          23(pa):     22(ptr) Variable Private
          24(sa):     22(ptr) Variable Private
              25:             TypePointer Private 13
   26(internals):     25(ptr) Variable Private
              27:             TypePointer Private 15
           28(r):     27(ptr) Variable Private
              29:             TypePointer Private 19
           30(p):     29(ptr) Variable Private
              31:             TypePointer Private 17
         32(idx):     31(ptr) Variable Private
              33:             TypePointer Private 21
        34(outs):     33(ptr) Variable Private
              35:             TypePointer Function 7(int)
              37:             TypePointer Input 9(fvec4)
    38(v_Color0):     37(ptr) Variable Input
              39:             TypeImage 6(float) 2D nonsampled format:Rgba8
              40:             TypePointer UniformConstant 39
      41(f_mask):     40(ptr) Variable UniformConstant
42(gl_FragCoord):     37(ptr) Variable Input
              45:             TypePointer Private 9(fvec4)
              46:      7(int) Constant 0
              52:      7(int) Constant 1
              54:             TypeVector 6(float) 2
              57:             TypeInt 32 0
              58:             TypeFunction 54(fvec2) 6(float)
              74:             TypePointer Output 9(fvec4)
   75(out_color):     74(ptr) Variable Output
              77:             TypeVector 7(int) 4
              79:             TypeVector 7(int) 2
              83:    6(float) Constant 1056964608
              84:    9(fvec4) ConstantComposite 83 83 83 83
              94:    6(float) Constant 0
              95:    6(float) Constant 1065353216
              96:    6(float) Constant 1073741824
              97:   54(fvec2) ConstantComposite 94 94
              98:             TypeVector 6(float) 3
              99:   98(fvec3) ConstantComposite 94 94 94
             100:    9(fvec4) ConstantComposite 94 94 94 94
             110:             TypeFunction 6(float) 54(fvec2)
      4(main_fs):           2 Function None 3
               5:             Label
           36(i):     35(ptr) Variable Function
              91:    9(fvec4) Load 38(v_Color0)
              92:     45(ptr) AccessChain 23(pa) 46
                              Store 92 91
             128:           2 FunctionCall 101(block_prim_0)
                              Return
                              FunctionEnd
43(frag_output_finalize):           2 Function None 3
              44:             Label
              47:     45(ptr) AccessChain 23(pa) 46
              48:     45(ptr) AccessChain 23(pa) 46
              49:    9(fvec4) Load 48
              50:    9(fvec4) Load 47
              51:    6(float) VectorExtractDynamic 50 46
              53:    6(float) VectorExtractDynamic 50 52
              55:   54(fvec2) CompositeConstruct 51 53
              56:    6(float) VectorExtractDynamic 55 46
              66:   54(fvec2) FunctionCall 60(unpack2xF16) 56
              67:    6(float) VectorExtractDynamic 55 52
              68:   54(fvec2) FunctionCall 60(unpack2xF16) 67
              69:    6(float) VectorExtractDynamic 66 46
              70:    6(float) VectorExtractDynamic 66 52
              71:    6(float) VectorExtractDynamic 68 46
              72:    6(float) VectorExtractDynamic 68 52
              73:    9(fvec4) CompositeConstruct 69 70 71 72
                              Store 75(out_color) 73
              76:    9(fvec4) Load 42(gl_FragCoord)
              78:   77(ivec4) ConvertFToS 76
              80:   79(ivec2) VectorShuffle 78 78 0 1
              81:          39 Load 41(f_mask)
              82:    9(fvec4) ImageRead 81 80
              85:     8(bool) FOrdLessThan 82 84
              86:     8(bool) All 85
                              SelectionMerge 88 None
                              BranchConditional 86 87 88
              87:               Label
                                Kill
              88:             Label
                              Return
                              FunctionEnd
 60(unpack2xF16):   54(fvec2) Function None 58
              59:    6(float) FunctionParameter
              61:             Label
              62:     57(int) Bitcast 59
              64:   54(fvec2) ExtInst 63(GLSL.std.450) 62(UnpackHalf2x16) 62
                              ReturnValue 64
                              FunctionEnd
101(block_prim_0):           2 Function None 3
             102:             Label
                              Line 1 1 0
             103:     45(ptr) AccessChain 23(pa) 46
             104:     45(ptr) AccessChain 23(pa) 46
             105:    9(fvec4) Load 104
             106:    9(fvec4) Load 103
             107:    6(float) VectorExtractDynamic 106 46
             108:    6(float) VectorExtractDynamic 106 52
             109:   54(fvec2) CompositeConstruct 107 108
             118:    6(float) FunctionCall 112(pack2xF16) 109
             119:    6(float) VectorExtractDynamic 106 16
             120:    6(float) VectorExtractDynamic 106 12
             121:   54(fvec2) CompositeConstruct 119 120
             122:    6(float) FunctionCall 112(pack2xF16) 121
             123:   54(fvec2) CompositeConstruct 118 122
             124:     45(ptr) AccessChain 23(pa) 46
             125:    9(fvec4) Load 124
             126:    9(fvec4) VectorShuffle 125 123 4 5 2 3
                              Store 124 126
             127:           2 FunctionCall 43(frag_output_finalize)
                              Return
                              FunctionEnd
  112(pack2xF16):    6(float) Function None 110
             111:   54(fvec2) FunctionParameter
             113:             Label
             115:     57(int) ExtInst 114(GLSL.std.450) 58(PackHalf2x16) 111
             116:    6(float) Bitcast 115
                              ReturnValue 116
                              FunctionEnd

[03:21:36.570] |D| [shader::convert_gxp_to_glsl]: Generated GLSL:
#version 420
#extension GL_ARB_fragment_shader_interlock : require

layout(binding = 1, rgba8) uniform readonly image2D f_mask;

in vec4 v_Color0;
layout(location = 0) out vec4 out_color;
vec4 pa[32];
vec4 sa[32];
vec4 internals[3];
vec4 r[20];
bool p[4];
int idx[2];
vec4 outs[11];

float pack2xF16(vec2 _111)
{
    return uintBitsToFloat(packHalf2x16(_111));
}

vec2 unpack2xF16(float _59)
{
    return unpackHalf2x16(floatBitsToUint(_59));
}

void frag_output_finalize()
{
    vec2 _55 = vec2(pa[0].x, pa[0].y);
    vec2 _66 = unpack2xF16(_55.x);
    vec2 _68 = unpack2xF16(_55.y);
    out_color = vec4(_66.x, _66.y, _68.x, _68.y);
    if (all(lessThan(imageLoad(f_mask, ivec4(gl_FragCoord).xy), vec4(0.5))))
    {
        discard;
    }
}

void block_prim_0()
{
    vec2 _123 = vec2(pack2xF16(vec2(pa[0].x, pa[0].y)), pack2xF16(vec2(pa[0].z, pa[0].w)));
    pa[0] = vec4(_123.x, _123.y, pa[0].z, pa[0].w);
    frag_output_finalize();
}

void main()
{
    pa[0] = v_Color0;
    block_prim_0();
}


[03:21:36.575] |I| [renderer::gl::load_shader]: Generating vert shader 1cfb9c432d8218c2203901a6845be95e9166cc82af857cd070673a10db592b61
[03:21:36.576] |D| [shader::create_parameters]: [BUFFER0  + 0] pa0 = (float4) aPosition
[03:21:36.576] |D| [shader::create_parameters]: [DEFAULT  + 0] sa0 = (float4) color
[03:21:36.577] |W| [shader::create_parameters]: Container for literal not found, skipping creating literals!
[03:21:36.580] |D| [shader::spirv_disasm_print]: SPIR-V Disassembly:
// Module Version 10500
// Generated by (magic number): 1337000
// Id's are bound by 133

                              Capability Shader
                              Capability Float16
              81:             ExtInstImport  "GLSL.std.450"
                              MemoryModel Logical GLSL450
                              EntryPoint Vertex 4  "main_vs" 38 67 73
               1:             String  "1cfb9c432d8218c2203901a6845be95e9166cc82af857cd070673a10db592b61"
                              SourceExtension  "gxp"
                              Name 4  "main_vs"
                              Name 23  "pa"
                              Name 24  "sa"
                              Name 26  "internals"
                              Name 28  "r"
                              Name 30  "p"
                              Name 32  "idx"
                              Name 34  "outs"
                              Name 36  "i"
                              Name 38  "aPosition"
                              Name 41  "vert_defaultUniformBuffer"
                              Name 43  "buffer0"
                              MemberName 41(vert_defaultUniformBuffer) 0  "data"
                              Name 63  "flip_vec"
                              Name 64  "vert_output_finalize"
                              Name 67  "v_Position"
                              Name 73  "v_Color0"
                              Name 92  "block_prim_0"
                              Decorate 41(vert_defaultUniformBuffer) Block
                              Decorate 41(vert_defaultUniformBuffer) GLSLShared
                              Decorate 43(buffer0) Binding 0
                              MemberDecorate 41(vert_defaultUniformBuffer) 0 Offset 0
                              Decorate 40 ArrayStride 16
                              Decorate 67(v_Position) BuiltIn Position
               2:             TypeVoid
               3:             TypeFunction 2
               6:             TypeFloat 32
               7:             TypeInt 32 1
               8:             TypeBool
               9:             TypeVector 6(float) 4
              10:      7(int) Constant 32
              11:             TypeArray 9(fvec4) 10
              12:      7(int) Constant 3
              13:             TypeArray 9(fvec4) 12
              14:      7(int) Constant 20
              15:             TypeArray 9(fvec4) 14
              16:      7(int) Constant 2
              17:             TypeArray 7(int) 16
              18:      7(int) Constant 4
              19:             TypeArray 8(bool) 18
              20:      7(int) Constant 11
              21:             TypeArray 9(fvec4) 20
              22:             TypePointer Private 11
          23(pa):     22(ptr) Variable Private
          24(sa):     22(ptr) Variable Private
              25:             TypePointer Private 13
   26(internals):     25(ptr) Variable Private
              27:             TypePointer Private 15
           28(r):     27(ptr) Variable Private
              29:             TypePointer Private 19
           30(p):     29(ptr) Variable Private
              31:             TypePointer Private 17
         32(idx):     31(ptr) Variable Private
              33:             TypePointer Private 21
        34(outs):     33(ptr) Variable Private
              35:             TypePointer Function 7(int)
              37:             TypePointer Input 9(fvec4)
   38(aPosition):     37(ptr) Variable Input
              39:      7(int) Constant 1
              40:             TypeArray 9(fvec4) 39
41(vert_defaultUniformBuffer):             TypeStruct 40
              42:             TypePointer Uniform 41(vert_defaultUniformBuffer)
     43(buffer0):     42(ptr) Variable Uniform
              44:      7(int) Constant 0
              52:             TypePointer Uniform 9(fvec4)
              57:             TypePointer Private 9(fvec4)
              62:             TypePointer UniformConstant 9(fvec4)
    63(flip_vec):     62(ptr) Variable UniformConstant
              66:             TypePointer Output 9(fvec4)
  67(v_Position):     66(ptr) Variable Output
    73(v_Color0):     66(ptr) Variable Output
              82:             TypeInt 32 0
              83:    6(float) Constant 1056964608
              84:    6(float) Constant 0
              85:    6(float) Constant 1065353216
              86:    6(float) Constant 1073741824
              87:             TypeVector 6(float) 2
              88:   87(fvec2) ConstantComposite 84 84
              89:             TypeVector 6(float) 3
              90:   89(fvec3) ConstantComposite 84 84 84
              91:    9(fvec4) ConstantComposite 84 84 84 84
             121:   87(fvec2) ConstantComposite 85 85
      4(main_vs):           2 Function None 3
               5:             Label
           36(i):     35(ptr) Variable Function
                              Store 36(i) 44
                              Branch 45
              45:             Label
              49:      7(int) Load 36(i)
              50:     8(bool) SLessThan 49 39
                              LoopMerge 47 48 None
                              BranchConditional 50 46 47
              46:               Label
              51:      7(int)   Load 36(i)
              53:     52(ptr)   AccessChain 43(buffer0) 44 51
              54:      7(int)   Load 36(i)
              55:      7(int)   Load 36(i)
              56:      7(int)   IAdd 54 44
              58:     57(ptr)   AccessChain 24(sa) 56
              59:    9(fvec4)   Load 53
                                Store 58 59
              60:      7(int)   Load 36(i)
              61:      7(int)   IAdd 60 39
                                Store 36(i) 61
                                Branch 48
              48:               Label
                                Branch 45
              47:             Label
              79:    9(fvec4) Load 38(aPosition)
              80:     57(ptr) AccessChain 23(pa) 44
                              Store 80 79
             132:           2 FunctionCall 92(block_prim_0)
                              Return
                              FunctionEnd
64(vert_output_finalize):           2 Function None 3
              65:             Label
              68:     57(ptr) AccessChain 34(outs) 44
              69:     57(ptr) AccessChain 34(outs) 44
              70:    9(fvec4) Load 69
              71:    9(fvec4) Load 68
              72:    9(fvec4) FMul 71 63(flip_vec)
                              Store 67(v_Position) 72
              74:     57(ptr) AccessChain 34(outs) 39
              75:     57(ptr) AccessChain 34(outs) 39
              76:    9(fvec4) Load 75
              77:    9(fvec4) Load 74
                              Store 73(v_Color0) 77
                              Return
                              FunctionEnd
92(block_prim_0):           2 Function None 3
              93:             Label
                              Line 1 1 0
              94:     57(ptr) AccessChain 24(sa) 44
              95:     57(ptr) AccessChain 24(sa) 44
              96:    9(fvec4) Load 95
              97:    9(fvec4) Load 94
              98:    6(float) VectorExtractDynamic 97 44
              99:    6(float) VectorExtractDynamic 97 39
             100:   87(fvec2) CompositeConstruct 98 99
             101:     57(ptr) AccessChain 34(outs) 39
             102:    9(fvec4) Load 101
             103:    9(fvec4) VectorShuffle 102 100 4 5 2 3
                              Store 101 103
             104:     57(ptr) AccessChain 24(sa) 44
             105:     57(ptr) AccessChain 24(sa) 39
             106:    9(fvec4) Load 105
             107:    9(fvec4) Load 104
             108:    6(float) VectorExtractDynamic 107 16
             109:    6(float) VectorExtractDynamic 107 12
             110:   87(fvec2) CompositeConstruct 108 109
             111:     57(ptr) AccessChain 34(outs) 39
             112:    9(fvec4) Load 111
             113:    9(fvec4) VectorShuffle 112 110 0 1 4 5
                              Store 111 113
                              Line 1 2 0
             114:     57(ptr) AccessChain 23(pa) 44
             115:     57(ptr) AccessChain 23(pa) 44
             116:    9(fvec4) Load 115
             117:    9(fvec4) Load 114
             118:    6(float) VectorExtractDynamic 117 44
             119:    6(float) VectorExtractDynamic 117 39
             120:   87(fvec2) CompositeConstruct 118 119
             122:   87(fvec2) FMul 120 121
             123:     57(ptr) AccessChain 34(outs) 44
             124:    9(fvec4) Load 123
             125:    9(fvec4) VectorShuffle 124 122 4 5 2 3
                              Store 123 125
                              Line 1 3 0
             126:   87(fvec2) CompositeConstruct 85 85
             127:   87(fvec2) FMul 126 121
             128:     57(ptr) AccessChain 34(outs) 44
             129:    9(fvec4) Load 128
             130:    9(fvec4) VectorShuffle 129 127 0 1 4 5
                              Store 128 130
             131:           2 FunctionCall 64(vert_output_finalize)
                              Return
                              FunctionEnd

[03:21:36.582] |D| [shader::convert_gxp_to_glsl]: Generated GLSL:
#version 420
#extension GL_ARB_fragment_shader_interlock : require

layout(binding = 0, std140) uniform vert_defaultUniformBuffer
{
    vec4 data[1];
} buffer0;

uniform vec4 flip_vec;

in vec4 aPosition;
out vec4 v_Color0;
vec4 pa[32];
vec4 sa[32];
vec4 internals[3];
vec4 r[20];
bool p[4];
int idx[2];
vec4 outs[11];

void vert_output_finalize()
{
    gl_Position = outs[0] * flip_vec;
    v_Color0 = outs[1];
}

void block_prim_0()
{
    vec2 _100 = vec2(sa[0].x, sa[0].y);
    outs[1] = vec4(_100.x, _100.y, outs[1].z, outs[1].w);
    vec2 _110 = vec2(sa[0].z, sa[0].w);
    outs[1] = vec4(outs[1].x, outs[1].y, _110.x, _110.y);
    vec2 _122 = vec2(pa[0].x, pa[0].y) * vec2(1.0);
    outs[0] = vec4(_122.x, _122.y, outs[0].z, outs[0].w);
    vec2 _127 = vec2(1.0) * vec2(1.0);
    outs[0] = vec4(outs[0].x, outs[0].y, _127.x, _127.y);
    vert_output_finalize();
}

void main()
{
    int i = 0;
    while (i < 1)
    {
        sa[i + 0] = buffer0.data[i];
        i++;
    }
    pa[0] = aPosition;
    block_prim_0();
}


[03:21:36.585] |E| [renderer::gl::compile_program]: Vertex info
-----------
0(19) : warning C7050: "outs[0].zw" might be used before being initialized
0(19) : warning C7050: "outs[1].zw" might be used before being initialized


[03:21:36.591] |I| [renderer::gl::load_shader]: Generating frag shader 2442c70433b841510779a03fe521dc8e9013eab28153db3f92edf83e5ebd4470
[03:21:36.591] |W| [shader::create_parameters]: Container for literal not found, skipping creating literals!
[03:21:36.592] |D| [shader::create_fragment_inputs]: Iterator: pa0 = (float4) v_Color0
[03:21:36.594] |D| [shader::spirv_disasm_print]: SPIR-V Disassembly:
// Module Version 10500
// Generated by (magic number): 1337000
// Id's are bound by 153

                              Capability Shader
                              Capability Float16
              68:             ExtInstImport  "GLSL.std.450"
              98:             ExtInstImport  "GLSL.std.450"
             138:             ExtInstImport  "GLSL.std.450"
                              MemoryModel Logical GLSL450
                              EntryPoint Fragment 4  "main_fs" 42 43 46 47 80
                              ExecutionMode 4 OriginLowerLeft
               1:             String  "2442c70433b841510779a03fe521dc8e9013eab28153db3f92edf83e5ebd4470"
                              SourceExtension  "gxp"
                              Name 4  "main_fs"
                              Name 23  "pa"
                              Name 24  "sa"
                              Name 26  "internals"
                              Name 28  "r"
                              Name 30  "p"
                              Name 32  "idx"
                              Name 34  "outs"
                              Name 36  "i"
                              Name 40  "gm_BaseTexture"
                              Name 42  "v_Color0"
                              Name 43  "v_TexCoord0"
                              Name 46  "f_mask"
                              Name 47  "gl_FragCoord"
                              Name 48  "frag_output_finalize"
                              Name 65  "unpack2xF16"
                              Name 80  "out_color"
                              Name 110  "block_prim_0"
                              Name 136  "pack2xF16"
                              Decorate 40(gm_BaseTexture) Binding 0
                              Decorate 46(f_mask) Binding 1
                              Decorate 80(out_color) Location 0
               2:             TypeVoid
               3:             TypeFunction 2
               6:             TypeFloat 32
               7:             TypeInt 32 1
               8:             TypeBool
               9:             TypeVector 6(float) 4
              10:      7(int) Constant 32
              11:             TypeArray 9(fvec4) 10
              12:      7(int) Constant 3
              13:             TypeArray 9(fvec4) 12
              14:      7(int) Constant 20
              15:             TypeArray 9(fvec4) 14
              16:      7(int) Constant 2
              17:             TypeArray 7(int) 16
              18:      7(int) Constant 4
              19:             TypeArray 8(bool) 18
              20:      7(int) Constant 11
              21:             TypeArray 9(fvec4) 20
              22:             TypePointer Private 11
          23(pa):     22(ptr) Variable Private
          24(sa):     22(ptr) Variable Private
              25:             TypePointer Private 13
   26(internals):     25(ptr) Variable Private
              27:             TypePointer Private 15
           28(r):     27(ptr) Variable Private
              29:             TypePointer Private 19
           30(p):     29(ptr) Variable Private
              31:             TypePointer Private 17
         32(idx):     31(ptr) Variable Private
              33:             TypePointer Private 21
        34(outs):     33(ptr) Variable Private
              35:             TypePointer Function 7(int)
              37:             TypeImage 6(float) 2D sampled format:Unknown
              38:             TypeSampledImage 37
              39:             TypePointer UniformConstant 38
40(gm_BaseTexture):     39(ptr) Variable UniformConstant
              41:             TypePointer Input 9(fvec4)
    42(v_Color0):     41(ptr) Variable Input
 43(v_TexCoord0):     41(ptr) Variable Input
              44:             TypeImage 6(float) 2D nonsampled format:Rgba8
              45:             TypePointer UniformConstant 44
      46(f_mask):     45(ptr) Variable UniformConstant
47(gl_FragCoord):     41(ptr) Variable Input
              50:             TypePointer Private 9(fvec4)
              51:      7(int) Constant 0
              57:      7(int) Constant 1
              59:             TypeVector 6(float) 2
              62:             TypeInt 32 0
              63:             TypeFunction 59(fvec2) 6(float)
              79:             TypePointer Output 9(fvec4)
   80(out_color):     79(ptr) Variable Output
              82:             TypeVector 7(int) 4
              84:             TypeVector 7(int) 2
              88:    6(float) Constant 1056964608
              89:    9(fvec4) ConstantComposite 88 88 88 88
              99:    6(float) Constant 0
             100:    6(float) Constant 1065353216
             101:    6(float) Constant 1073741824
             102:   59(fvec2) ConstantComposite 99 99
             103:             TypeVector 6(float) 3
             104:  103(fvec3) ConstantComposite 99 99 99
             105:    9(fvec4) ConstantComposite 99 99 99 99
             134:             TypeFunction 6(float) 59(fvec2)
      4(main_fs):           2 Function None 3
               5:             Label
           36(i):     35(ptr) Variable Function
              96:    9(fvec4) Load 42(v_Color0)
              97:     50(ptr) AccessChain 23(pa) 51
                              Store 97 96
             106:    9(fvec4) Load 43(v_TexCoord0)
             107:          38 Load 40(gm_BaseTexture)
             108:    9(fvec4) ImageSampleImplicitLod 107 106
             109:     50(ptr) AccessChain 23(pa) 57
                              Store 109 108
             152:           2 FunctionCall 110(block_prim_0)
                              Return
                              FunctionEnd
48(frag_output_finalize):           2 Function None 3
              49:             Label
              52:     50(ptr) AccessChain 23(pa) 51
              53:     50(ptr) AccessChain 23(pa) 51
              54:    9(fvec4) Load 53
              55:    9(fvec4) Load 52
              56:    6(float) VectorExtractDynamic 55 51
              58:    6(float) VectorExtractDynamic 55 57
              60:   59(fvec2) CompositeConstruct 56 58
              61:    6(float) VectorExtractDynamic 60 51
              71:   59(fvec2) FunctionCall 65(unpack2xF16) 61
              72:    6(float) VectorExtractDynamic 60 57
              73:   59(fvec2) FunctionCall 65(unpack2xF16) 72
              74:    6(float) VectorExtractDynamic 71 51
              75:    6(float) VectorExtractDynamic 71 57
              76:    6(float) VectorExtractDynamic 73 51
              77:    6(float) VectorExtractDynamic 73 57
              78:    9(fvec4) CompositeConstruct 74 75 76 77
                              Store 80(out_color) 78
              81:    9(fvec4) Load 47(gl_FragCoord)
              83:   82(ivec4) ConvertFToS 81
              85:   84(ivec2) VectorShuffle 83 83 0 1
              86:          44 Load 46(f_mask)
              87:    9(fvec4) ImageRead 86 85
              90:     8(bool) FOrdLessThan 87 89
              91:     8(bool) All 90
                              SelectionMerge 93 None
                              BranchConditional 91 92 93
              92:               Label
                                Kill
              93:             Label
                              Return
                              FunctionEnd
 65(unpack2xF16):   59(fvec2) Function None 63
              64:    6(float) FunctionParameter
              66:             Label
              67:     62(int) Bitcast 64
              69:   59(fvec2) ExtInst 68(GLSL.std.450) 62(UnpackHalf2x16) 67
                              ReturnValue 69
                              FunctionEnd
110(block_prim_0):           2 Function None 3
             111:             Label
                              Line 1 2 0
             112:     50(ptr) AccessChain 23(pa) 51
             113:     50(ptr) AccessChain 23(pa) 51
             114:    9(fvec4) Load 113
             115:    9(fvec4) Load 112
             116:     50(ptr) AccessChain 26(internals) 51
                              Store 116 115
                              Line 1 3 0
             117:     50(ptr) AccessChain 23(pa) 57
             118:     50(ptr) AccessChain 23(pa) 57
             119:    9(fvec4) Load 118
             120:    9(fvec4) Load 117
             121:     50(ptr) AccessChain 26(internals) 57
                              Store 121 120
                              Line 1 4 0
             122:     50(ptr) AccessChain 26(internals) 57
             123:     50(ptr) AccessChain 26(internals) 57
             124:    9(fvec4) Load 123
             125:    9(fvec4) Load 122
             126:     50(ptr) AccessChain 26(internals) 51
             127:     50(ptr) AccessChain 26(internals) 51
             128:    9(fvec4) Load 127
             129:    9(fvec4) Load 126
             130:    9(fvec4) FMul 125 129
             131:    6(float) VectorExtractDynamic 130 51
             132:    6(float) VectorExtractDynamic 130 57
             133:   59(fvec2) CompositeConstruct 131 132
             142:    6(float) FunctionCall 136(pack2xF16) 133
             143:    6(float) VectorExtractDynamic 130 16
             144:    6(float) VectorExtractDynamic 130 12
             145:   59(fvec2) CompositeConstruct 143 144
             146:    6(float) FunctionCall 136(pack2xF16) 145
             147:   59(fvec2) CompositeConstruct 142 146
             148:     50(ptr) AccessChain 23(pa) 51
             149:    9(fvec4) Load 148
             150:    9(fvec4) VectorShuffle 149 147 4 5 2 3
                              Store 148 150
             151:           2 FunctionCall 48(frag_output_finalize)
                              Return
                              FunctionEnd
  136(pack2xF16):    6(float) Function None 134
             135:   59(fvec2) FunctionParameter
             137:             Label
             139:     62(int) ExtInst 138(GLSL.std.450) 58(PackHalf2x16) 135
             140:    6(float) Bitcast 139
                              ReturnValue 140
                              FunctionEnd

[03:21:36.597] |D| [shader::convert_gxp_to_glsl]: Generated GLSL:
#version 420
#extension GL_ARB_fragment_shader_interlock : require

layout(binding = 0) uniform sampler2D gm_BaseTexture;
layout(binding = 1, rgba8) uniform readonly image2D f_mask;

in vec4 v_Color0;
in vec4 v_TexCoord0;
layout(location = 0) out vec4 out_color;
vec4 pa[32];
vec4 sa[32];
vec4 internals[3];
vec4 r[20];
bool p[4];
int idx[2];
vec4 outs[11];

float pack2xF16(vec2 _135)
{
    return uintBitsToFloat(packHalf2x16(_135));
}

vec2 unpack2xF16(float _64)
{
    return unpackHalf2x16(floatBitsToUint(_64));
}

void frag_output_finalize()
{
    vec2 _60 = vec2(pa[0].x, pa[0].y);
    vec2 _71 = unpack2xF16(_60.x);
    vec2 _73 = unpack2xF16(_60.y);
    out_color = vec4(_71.x, _71.y, _73.x, _73.y);
    if (all(lessThan(imageLoad(f_mask, ivec4(gl_FragCoord).xy), vec4(0.5))))
    {
        discard;
    }
}

void block_prim_0()
{
    internals[0] = pa[0];
    internals[1] = pa[1];
    vec4 _130 = internals[1] * internals[0];
    vec2 _147 = vec2(pack2xF16(vec2(_130.x, _130.y)), pack2xF16(vec2(_130.z, _130.w)));
    pa[0] = vec4(_147.x, _147.y, pa[0].z, pa[0].w);
    frag_output_finalize();
}

void main()
{
    pa[0] = v_Color0;
    pa[1] = texture(gm_BaseTexture, v_TexCoord0.xy);
    block_prim_0();
}


[03:21:36.599] |I| [renderer::gl::load_shader]: Generating vert shader 3b388a2e25b060dbb7f704c44253584f8381f2379751dd8da4d631d5e098df35
[03:21:36.600] |D| [shader::create_parameters]: [BUFFER0  + 0] pa0 = (float4) input_aPosition
[03:21:36.600] |D| [shader::create_parameters]: [BUFFER0  + 4] pa4 = (float4) input_aColour
[03:21:36.600] |D| [shader::create_parameters]: [BUFFER0  + 8] pa8 = (float4) input_aTexCoord
[03:21:36.601] |D| [shader::create_parameters]: [DEFAULT  + 0] sa0 = (float4) gm_Matrices[20]
[03:21:36.604] |W| [shader::create_parameters]: Container for literal not found, skipping creating literals!
[03:21:36.611] |D| [shader::spirv_disasm_print]: SPIR-V Disassembly:
// Module Version 10500
// Generated by (magic number): 1337000
// Id's are bound by 288

                              Capability Shader
                              Capability Float16
             113:             ExtInstImport  "GLSL.std.450"
                              MemoryModel Logical GLSL450
                              EntryPoint Vertex 4  "main_vs" 38 39 40 72 78 83 88 100
               1:             String  "3b388a2e25b060dbb7f704c44253584f8381f2379751dd8da4d631d5e098df35"
                              SourceExtension  "gxp"
                              Name 4  "main_vs"
                              Name 23  "pa"
                              Name 24  "sa"
                              Name 26  "internals"
                              Name 28  "r"
                              Name 30  "p"
                              Name 32  "idx"
                              Name 34  "outs"
                              Name 36  "i"
                              Name 38  "input_aPosition"
                              Name 39  "input_aColour"
                              Name 40  "input_aTexCoord"
                              Name 45  "vert_defaultUniformBuffer"
                              Name 47  "buffer0"
                              MemberName 45(vert_defaultUniformBuffer) 0  "data"
                              Name 68  "flip_vec"
                              Name 69  "vert_output_finalize"
                              Name 72  "v_Position"
                              Name 78  "v_Color0"
                              Name 83  "v_TexCoord0"
                              Name 88  "v_TexCoord1"
                              Name 100  "v_Psize"
                              Name 123  "block_sec_0"
                              Name 129  "block_prim_0"
                              Decorate 45(vert_defaultUniformBuffer) Block
                              Decorate 45(vert_defaultUniformBuffer) GLSLShared
                              Decorate 47(buffer0) Binding 0
                              MemberDecorate 45(vert_defaultUniformBuffer) 0 Offset 0
                              Decorate 44 ArrayStride 16
                              Decorate 72(v_Position) BuiltIn Position
               2:             TypeVoid
               3:             TypeFunction 2
               6:             TypeFloat 32
               7:             TypeInt 32 1
               8:             TypeBool
               9:             TypeVector 6(float) 4
              10:      7(int) Constant 32
              11:             TypeArray 9(fvec4) 10
              12:      7(int) Constant 3
              13:             TypeArray 9(fvec4) 12
              14:      7(int) Constant 20
              15:             TypeArray 9(fvec4) 14
              16:      7(int) Constant 2
              17:             TypeArray 7(int) 16
              18:      7(int) Constant 4
              19:             TypeArray 8(bool) 18
              20:      7(int) Constant 11
              21:             TypeArray 9(fvec4) 20
              22:             TypePointer Private 11
          23(pa):     22(ptr) Variable Private
          24(sa):     22(ptr) Variable Private
              25:             TypePointer Private 13
   26(internals):     25(ptr) Variable Private
              27:             TypePointer Private 15
           28(r):     27(ptr) Variable Private
              29:             TypePointer Private 19
           30(p):     29(ptr) Variable Private
              31:             TypePointer Private 17
         32(idx):     31(ptr) Variable Private
              33:             TypePointer Private 21
        34(outs):     33(ptr) Variable Private
              35:             TypePointer Function 7(int)
              37:             TypePointer Input 9(fvec4)
38(input_aPosition):     37(ptr) Variable Input
39(input_aColour):     37(ptr) Variable Input
40(input_aTexCoord):     37(ptr) Variable Input
              41:             TypeInt 32 0
              42:     41(int) Constant 20
              43:             TypeArray 9(fvec4) 42
              44:             TypeArray 9(fvec4) 14
45(vert_defaultUniformBuffer):             TypeStruct 44
              46:             TypePointer Uniform 45(vert_defaultUniformBuffer)
     47(buffer0):     46(ptr) Variable Uniform
              48:      7(int) Constant 0
              56:             TypePointer Uniform 9(fvec4)
              61:             TypePointer Private 9(fvec4)
              64:      7(int) Constant 1
              67:             TypePointer UniformConstant 9(fvec4)
    68(flip_vec):     67(ptr) Variable UniformConstant
              71:             TypePointer Output 9(fvec4)
  72(v_Position):     71(ptr) Variable Output
    78(v_Color0):     71(ptr) Variable Output
 83(v_TexCoord0):     71(ptr) Variable Output
 88(v_TexCoord1):     71(ptr) Variable Output
              98:             TypeVector 6(float) 1
              99:             TypePointer Output 98(fvec)
    100(v_Psize):     99(ptr) Variable Output
             114:    6(float) Constant 1056964608
             115:    6(float) Constant 0
             116:    6(float) Constant 1065353216
             117:    6(float) Constant 1073741824
             118:             TypeVector 6(float) 2
             119:  118(fvec2) ConstantComposite 115 115
             120:             TypeVector 6(float) 3
             121:  120(fvec3) ConstantComposite 115 115 115
             122:    9(fvec4) ConstantComposite 115 115 115 115
             172:      7(int) Constant 19
             187:      7(int) Constant 18
             208:      7(int) Constant 17
             227:      7(int) Constant 16
      4(main_vs):           2 Function None 3
               5:             Label
           36(i):     35(ptr) Variable Function
                              Store 36(i) 48
                              Branch 49
              49:             Label
              53:      7(int) Load 36(i)
              54:     8(bool) SLessThan 53 14
                              LoopMerge 51 52 None
                              BranchConditional 54 50 51
              50:               Label
              55:      7(int)   Load 36(i)
              57:     56(ptr)   AccessChain 47(buffer0) 48 55
              58:      7(int)   Load 36(i)
              59:      7(int)   Load 36(i)
              60:      7(int)   IAdd 58 48
              62:     61(ptr)   AccessChain 24(sa) 60
              63:    9(fvec4)   Load 57
                                Store 62 63
              65:      7(int)   Load 36(i)
              66:      7(int)   IAdd 65 64
                                Store 36(i) 66
                                Branch 52
              52:               Label
                                Branch 49
              51:             Label
             107:    9(fvec4) Load 38(input_aPosition)
             108:     61(ptr) AccessChain 23(pa) 48
                              Store 108 107
             109:    9(fvec4) Load 39(input_aColour)
             110:     61(ptr) AccessChain 23(pa) 64
                              Store 110 109
             111:    9(fvec4) Load 40(input_aTexCoord)
             112:     61(ptr) AccessChain 23(pa) 16
                              Store 112 111
             128:           2 FunctionCall 123(block_sec_0)
             287:           2 FunctionCall 129(block_prim_0)
                              Return
                              FunctionEnd
69(vert_output_finalize):           2 Function None 3
              70:             Label
              73:     61(ptr) AccessChain 34(outs) 48
              74:     61(ptr) AccessChain 34(outs) 48
              75:    9(fvec4) Load 74
              76:    9(fvec4) Load 73
              77:    9(fvec4) FMul 76 68(flip_vec)
                              Store 72(v_Position) 77
              79:     61(ptr) AccessChain 34(outs) 64
              80:     61(ptr) AccessChain 34(outs) 64
              81:    9(fvec4) Load 80
              82:    9(fvec4) Load 79
                              Store 78(v_Color0) 82
              84:     61(ptr) AccessChain 34(outs) 16
              85:     61(ptr) AccessChain 34(outs) 16
              86:    9(fvec4) Load 85
              87:    9(fvec4) Load 84
                              Store 83(v_TexCoord0) 87
              89:     61(ptr) AccessChain 34(outs) 16
              90:     61(ptr) AccessChain 34(outs) 12
              91:    9(fvec4) Load 90
              92:    9(fvec4) Load 89
              93:    6(float) VectorExtractDynamic 92 16
              94:    6(float) VectorExtractDynamic 92 12
              95:    6(float) VectorExtractDynamic 91 48
              96:    6(float) VectorExtractDynamic 91 64
              97:    9(fvec4) CompositeConstruct 93 94 95 96
                              Store 88(v_TexCoord1) 97
             101:     61(ptr) AccessChain 34(outs) 12
             102:     61(ptr) AccessChain 34(outs) 12
             103:    9(fvec4) Load 102
             104:    9(fvec4) Load 101
             105:    6(float) VectorExtractDynamic 104 48
                              Store 100(v_Psize) 105
                              Return
                              FunctionEnd
123(block_sec_0):           2 Function None 3
             124:             Label
             125:     61(ptr) AccessChain 24(sa) 48
             126:    9(fvec4) Load 125
             127:    9(fvec4) VectorInsertDynamic 126 115 48
                              Store 125 127
                              Return
                              FunctionEnd
129(block_prim_0):           2 Function None 3
             130:             Label
                              Line 1 1 0
             131:     61(ptr) AccessChain 23(pa) 64
             132:     61(ptr) AccessChain 23(pa) 64
             133:    9(fvec4) Load 132
             134:    9(fvec4) Load 131
             135:    6(float) VectorExtractDynamic 134 48
             136:    6(float) VectorExtractDynamic 134 64
             137:  118(fvec2) CompositeConstruct 135 136
             138:     61(ptr) AccessChain 34(outs) 64
             139:    9(fvec4) Load 138
             140:    9(fvec4) VectorShuffle 139 137 4 5 2 3
                              Store 138 140
             141:     61(ptr) AccessChain 23(pa) 64
             142:     61(ptr) AccessChain 23(pa) 16
             143:    9(fvec4) Load 142
             144:    9(fvec4) Load 141
             145:    6(float) VectorExtractDynamic 144 16
             146:    6(float) VectorExtractDynamic 144 12
             147:  118(fvec2) CompositeConstruct 145 146
             148:     61(ptr) AccessChain 34(outs) 64
             149:    9(fvec4) Load 148
             150:    9(fvec4) VectorShuffle 149 147 0 1 4 5
                              Store 148 150
             151:     61(ptr) AccessChain 23(pa) 16
             152:     61(ptr) AccessChain 23(pa) 16
             153:    9(fvec4) Load 152
             154:    9(fvec4) Load 151
             155:    6(float) VectorExtractDynamic 154 48
             156:    6(float) VectorExtractDynamic 154 64
             157:  118(fvec2) CompositeConstruct 155 156
             158:     61(ptr) AccessChain 34(outs) 16
             159:    9(fvec4) Load 158
             160:    9(fvec4) VectorShuffle 159 157 4 5 2 3
                              Store 158 160
                              Line 1 2 0
             161:     61(ptr) AccessChain 23(pa) 48
             162:     61(ptr) AccessChain 23(pa) 48
             163:    9(fvec4) Load 162
             164:    9(fvec4) Load 161
             165:    6(float) VectorExtractDynamic 164 48
             166:    6(float) VectorExtractDynamic 164 64
             167:    6(float) VectorExtractDynamic 164 16
             168:  120(fvec3) CompositeConstruct 165 166 167
             169:     61(ptr) AccessChain 26(internals) 48
             170:    9(fvec4) Load 169
             171:    9(fvec4) VectorShuffle 170 168 4 5 6 3
                              Store 169 171
                              Line 1 3 0
             173:     61(ptr) AccessChain 24(sa) 172
             174:     61(ptr) AccessChain 24(sa) 172
             175:    9(fvec4) Load 174
             176:    9(fvec4) Load 173
             177:     61(ptr) AccessChain 26(internals) 64
                              Store 177 176
                              Line 1 4 0
             178:     61(ptr) AccessChain 26(internals) 48
             179:     61(ptr) AccessChain 26(internals) 48
             180:    9(fvec4) Load 179
             181:    9(fvec4) Load 178
             182:    6(float) VectorExtractDynamic 181 16
             183:    6(float) VectorExtractDynamic 181 16
             184:    6(float) VectorExtractDynamic 181 16
             185:    6(float) VectorExtractDynamic 181 16
             186:    9(fvec4) CompositeConstruct 182 183 184 185
             188:     61(ptr) AccessChain 24(sa) 187
             189:     61(ptr) AccessChain 24(sa) 187
             190:    9(fvec4) Load 189
             191:    9(fvec4) Load 188
             192:     61(ptr) AccessChain 26(internals) 64
             193:     61(ptr) AccessChain 26(internals) 64
             194:    9(fvec4) Load 193
             195:    9(fvec4) Load 192
             196:    9(fvec4) FMul 186 191
             197:    9(fvec4) FAdd 196 195
             198:     61(ptr) AccessChain 26(internals) 64
                              Store 198 197
                              Line 1 5 0
             199:     61(ptr) AccessChain 26(internals) 48
             200:     61(ptr) AccessChain 26(internals) 48
             201:    9(fvec4) Load 200
             202:    9(fvec4) Load 199
             203:    6(float) VectorExtractDynamic 202 64
             204:    6(float) VectorExtractDynamic 202 64
             205:    6(float) VectorExtractDynamic 202 64
             206:    6(float) VectorExtractDynamic 202 64
             207:    9(fvec4) CompositeConstruct 203 204 205 206
             209:     61(ptr) AccessChain 24(sa) 208
             210:     61(ptr) AccessChain 24(sa) 208
             211:    9(fvec4) Load 210
             212:    9(fvec4) Load 209
             213:     61(ptr) AccessChain 26(internals) 64
             214:     61(ptr) AccessChain 26(internals) 64
             215:    9(fvec4) Load 214
             216:    9(fvec4) Load 213
             217:    9(fvec4) FMul 207 212
             218:    9(fvec4) FAdd 217 216
             219:     61(ptr) AccessChain 26(internals) 64
                              Store 219 218
                              Line 1 6 0
             220:     61(ptr) AccessChain 26(internals) 48
             221:     61(ptr) AccessChain 26(internals) 48
             222:    9(fvec4) Load 221
             223:    9(fvec4) Load 220
             224:    6(float) VectorExtractDynamic 223 48
             225:    6(float) VectorExtractDynamic 223 48
             226:  118(fvec2) CompositeConstruct 224 225
             228:     61(ptr) AccessChain 24(sa) 227
             229:     61(ptr) AccessChain 24(sa) 227
             230:    9(fvec4) Load 229
             231:    9(fvec4) Load 228
             232:    6(float) VectorExtractDynamic 231 48
             233:    6(float) VectorExtractDynamic 231 64
             234:  118(fvec2) CompositeConstruct 232 233
             235:     61(ptr) AccessChain 26(internals) 64
             236:     61(ptr) AccessChain 26(internals) 64
             237:    9(fvec4) Load 236
             238:    9(fvec4) Load 235
             239:    6(float) VectorExtractDynamic 238 48
             240:    6(float) VectorExtractDynamic 238 64
             241:  118(fvec2) CompositeConstruct 239 240
             242:  118(fvec2) FMul 226 234
             243:  118(fvec2) FAdd 242 241
             244:     61(ptr) AccessChain 34(outs) 48
             245:    9(fvec4) Load 244
             246:    9(fvec4) VectorShuffle 245 243 4 5 2 3
                              Store 244 246
                              Line 1 7 0
             247:     61(ptr) AccessChain 26(internals) 48
             248:     61(ptr) AccessChain 26(internals) 48
             249:    9(fvec4) Load 248
             250:    9(fvec4) Load 247
             251:    6(float) VectorExtractDynamic 250 48
             252:    6(float) VectorExtractDynamic 250 48
             253:  118(fvec2) CompositeConstruct 251 252
             254:     61(ptr) AccessChain 24(sa) 227
             255:     61(ptr) AccessChain 24(sa) 208
             256:    9(fvec4) Load 255
             257:    9(fvec4) Load 254
             258:    6(float) VectorExtractDynamic 257 16
             259:    6(float) VectorExtractDynamic 257 12
             260:  118(fvec2) CompositeConstruct 258 259
             261:     61(ptr) AccessChain 26(internals) 64
             262:     61(ptr) AccessChain 26(internals) 64
             263:    9(fvec4) Load 262
             264:    9(fvec4) Load 261
             265:    6(float) VectorExtractDynamic 264 16
             266:    6(float) VectorExtractDynamic 264 12
             267:  118(fvec2) CompositeConstruct 265 266
             268:  118(fvec2) FMul 253 260
             269:  118(fvec2) FAdd 268 267
             270:     61(ptr) AccessChain 34(outs) 48
             271:    9(fvec4) Load 270
             272:    9(fvec4) VectorShuffle 271 269 0 1 4 5
                              Store 270 272
                              Line 1 8 0
             273:     61(ptr) AccessChain 34(outs) 12
             274:    9(fvec4) Load 273
             275:    9(fvec4) VectorInsertDynamic 274 116 48
                              Store 273 275
                              Line 1 9 0
             276:     61(ptr) AccessChain 24(sa) 48
             277:     61(ptr) AccessChain 24(sa) 48
             278:    9(fvec4) Load 277
             279:    9(fvec4) Load 276
             280:    6(float) VectorExtractDynamic 279 48
             281:    6(float) VectorExtractDynamic 279 64
             282:  118(fvec2) CompositeConstruct 280 281
             283:     61(ptr) AccessChain 34(outs) 16
             284:    9(fvec4) Load 283
             285:    9(fvec4) VectorShuffle 284 282 0 1 4 5
                              Store 283 285
             286:           2 FunctionCall 69(vert_output_finalize)
                              Return
                              FunctionEnd

[03:21:36.615] |D| [shader::convert_gxp_to_glsl]: Generated GLSL:
#version 420
#extension GL_ARB_fragment_shader_interlock : require

layout(binding = 0, std140) uniform vert_defaultUniformBuffer
{
    vec4 data[20];
} buffer0;

uniform vec4 flip_vec;

in vec4 input_aPosition;
in vec4 input_aColour;
in vec4 input_aTexCoord;
out vec4 v_Color0;
out vec4 v_TexCoord0;
out vec4 v_TexCoord1;
out float v_Psize;
vec4 pa[32];
vec4 sa[32];
vec4 internals[3];
vec4 r[20];
bool p[4];
int idx[2];
vec4 outs[11];

void block_sec_0()
{
    vec4 _127 = sa[0];
    _127.x = 0.0;
    sa[0] = _127;
}

void vert_output_finalize()
{
    gl_Position = outs[0] * flip_vec;
    v_Color0 = outs[1];
    v_TexCoord0 = outs[2];
    v_TexCoord1 = vec4(outs[2].z, outs[2].w, outs[3].x, outs[3].y);
    v_Psize = outs[3].x;
}

void block_prim_0()
{
    vec2 _137 = vec2(pa[1].x, pa[1].y);
    outs[1] = vec4(_137.x, _137.y, outs[1].z, outs[1].w);
    vec2 _147 = vec2(pa[1].z, pa[1].w);
    outs[1] = vec4(outs[1].x, outs[1].y, _147.x, _147.y);
    vec2 _157 = vec2(pa[2].x, pa[2].y);
    outs[2] = vec4(_157.x, _157.y, outs[2].z, outs[2].w);
    vec3 _168 = vec3(pa[0].x, pa[0].y, pa[0].z);
    internals[0] = vec4(_168.x, _168.y, _168.z, internals[0].w);
    internals[1] = sa[19];
    internals[1] = (vec4(internals[0].z, internals[0].z, internals[0].z, internals[0].z) * sa[18]) + internals[1];
    internals[1] = (vec4(internals[0].y, internals[0].y, internals[0].y, internals[0].y) * sa[17]) + internals[1];
    vec2 _243 = (vec2(internals[0].x, internals[0].x) * vec2(sa[16].x, sa[16].y)) + vec2(internals[1].x, internals[1].y);
    outs[0] = vec4(_243.x, _243.y, outs[0].z, outs[0].w);
    vec2 _269 = (vec2(internals[0].x, internals[0].x) * vec2(sa[16].z, sa[16].w)) + vec2(internals[1].z, internals[1].w);
    outs[0] = vec4(outs[0].x, outs[0].y, _269.x, _269.y);
    vec4 _275 = outs[3];
    _275.x = 1.0;
    outs[3] = _275;
    vec2 _282 = vec2(sa[0].x, sa[0].y);
    outs[2] = vec4(outs[2].x, outs[2].y, _282.x, _282.y);
    vert_output_finalize();
}

void main()
{
    int i = 0;
    while (i < 20)
    {
        sa[i + 0] = buffer0.data[i];
        i++;
    }
    pa[0] = input_aPosition;
    pa[1] = input_aColour;
    pa[2] = input_aTexCoord;
    block_sec_0();
    block_prim_0();
}


[03:21:36.618] |E| [renderer::gl::compile_program]: Vertex info
-----------
0(24) : warning C7050: "outs[0].zw" might be used before being initialized
0(24) : warning C7050: "outs[1].zw" might be used before being initialized
0(24) : warning C7050: "outs[2].zw" might be used before being initialized
0(24) : warning C7050: "outs[3]" might be used before being initialized
0(20) : warning C7050: "internals[0].w" might be used before being initialized


[03:21:36.619] |I| [export_sceIoOpen]: Opening file: savedata0:/home_save01.sav
[03:21:36.624] |I| [export_sceIoOpen]: Opening file: savedata0:/home_save01.sav
[03:21:36.635] |W| [stubbed_impl]: Stubbed sceDisplayWaitVblankStart import called. (wait for vblank)
[03:21:42.536] |I| [export_sceIoOpen]: Opening file: app0:/games/sndAMBHome.ogg
[03:21:42.546] |I| [export_sceIoOpen]: Opening file: app0:/games/sndAMBHome.ogg
[03:21:43.661] |I| [export_sceIoOpen]: Opening file: app0:/games/home_v151.ini
[03:21:43.666] |I| [export_sceIoOpen]: Opening file: savedata0:/home_v151.ini
[03:21:43.666] |E| [open_file]: Missing file at D:/Emulateurs/Vita3K/mc/ux0/user/00/savedata/PCSB00687/home_v151.ini (target path: savedata0:/home_v151.ini)
[03:21:43.667] |W| [io_error_impl]: open_file (sceIoOpen) returned 0x80010002
[03:21:43.670] |I| [export_sceIoOpen]: Opening file: app0:/games/home_v151.ini
[03:21:43.684] |W| [unimplemented_impl]: Unimplemented sceNpBasicInit import called.
[03:21:43.684] |W| [unimplemented_impl]: Unimplemented sceNpLookupInit import called.
[03:21:43.688] |W| [unimplemented_impl]: Unimplemented sceNpLookupCreateTitleCtx import called.
[03:21:43.734] |W| [stubbed_impl]: Stubbed sceNpTrophyCreateHandle import called. (Stubbed handle with 1)
[03:21:43.737] |W| [stubbed_impl]: Stubbed sceNpTrophyDestroyHandle import called. (Stubbed with SCE_OK)
[03:21:43.788] |W| [unimplemented_impl]: Unimplemented sceNpGetServiceState import called.
[03:21:48.563] |W| [stubbed_impl]: Stubbed sceNpCheckCallback import called. (Stub)
[03:21:52.631] |I| [export_sceIoOpen]: Opening file: app0:/games/BGMtest2.ogg
[03:21:52.641] |I| [export_sceIoOpen]: Opening file: app0:/games/BGMtest2.ogg
[03:22:28.831] |E| [logging::ret_error_impl]: sceSaveDataDialogProgressBarSetValue returned SCE_COMMON_DIALOG_ERROR_NOT_SUPPORTED (0x80020405)
[03:24:52.639] |W| [stubbed_impl]: Stubbed sceNetCtlCheckCallback import called. (Stub)
