[12:38:36.244] |I| [config::init_config]: backend-renderer: OpenGL
[12:38:36.248] |I| [config::init_config]: log-level: 0
[12:38:36.434] |I| [SDL_main]: Vita3K v0.1.6 2957-4343481c
[12:38:36.435] |I| [SDL_main]: Number of logical CPU cores: 8
[12:38:36.435] |I| [SDL_main]: Available ram memory: 16304 MiB
[12:38:36.774] |I| [renderer::gl::create]: GPU = NVIDIA GeForce RTX 2060/PCIe/SSE2
[12:38:36.774] |I| [renderer::gl::create]: GL_VERSION = 4.6.0 NVIDIA 527.56
[12:38:36.774] |I| [renderer::gl::create]: GL_SHADING_LANGUAGE_VERSION = 4.60 NVIDIA
[12:38:36.777] |I| [renderer::gl::create]: Your GPU supports shader interlock, some games that use programmable blending will have better performance.
[12:38:43.446] |I| [gui::set_vsync_state]: V-Sync state: true
[12:38:43.458] |I| [load_app_impl]: cpu-backend: Dynarmic
[12:38:43.459] |I| [load_app_impl]: CPU Optimisation state: true
[12:38:43.459] |I| [load_app_impl]: ngs state: true
[12:38:43.459] |I| [load_app_impl]: Resolution multiplier: 4
[12:38:43.463] |I| [load_app_impl]: 1 Controllers Connected
[12:38:43.464] |I| [load_app_impl]: Controller 0: Controller (Xbox One For Windows)
[12:38:43.464] |I| [load_app_impl]: modules mode: Automatic
[12:38:43.464] |I| [load_app_impl]: Title: Jak 3
[12:38:43.465] |I| [load_app_impl]: Serial: PCSF00250
[12:38:43.466] |I| [load_app_impl]: Version: 1.00
[12:38:43.466] |I| [load_app_impl]: Category: gd
[12:38:43.480] |I| [load_self]: Loaded module segment 0 @ [0x00004000 - 0x0003FC2C / 0x81000000] (size: 0x0003BC2C) of module app0:sce_module/libc.suprx
[12:38:43.481] |I| [load_self]: Loaded module segment 1 @ [0x00040000 - 0x00042380 / 0x8103C000] (size: 0x00002380) of module app0:sce_module/libc.suprx
[12:38:43.481] |I| [load_self]: Linking SELF app0:sce_module/libc.suprx...
[12:38:43.482] |D| [load_var_exports]: 	NID 0x6C2224BA (NID_MODULE_INFO) at 0x31540
[12:38:43.482] |W| [load_var_imports]: 	NID NOT FOUND 0xDF084DFA (UNRECOGNISED) at 0x34D88, setting to stub value 0xDEADBEEF
[12:38:43.484] |I| [pre_load_module]: Pre-load module SceLibc (at "sce_module/libc.suprx") loaded
[12:38:43.494] |I| [load_self]: Loaded module segment 0 @ [0x00044000 - 0x000653BC / 0x81000000] (size: 0x000213BC) of module app0:sce_module/libfios2.suprx
[12:38:43.496] |I| [load_self]: Loaded module segment 1 @ [0x00066000 - 0x0006B1B8 / 0x81022000] (size: 0x000051B8) of module app0:sce_module/libfios2.suprx
[12:38:43.497] |I| [load_self]: Linking SELF app0:sce_module/libfios2.suprx...
[12:38:43.498] |D| [load_var_exports]: 	NID 0x6C2224BA (NID_MODULE_INFO) at 0x5ED84
[12:38:43.498] |I| [pre_load_module]: Pre-load module SceLibFios2 (at "sce_module/libfios2.suprx") loaded
[12:38:43.505] |I| [load_self]: Loaded module segment 0 @ [0x0006C000 - 0x0007F474 / 0x81000000] (size: 0x00013474) of module app0:sce_module/libult.suprx
[12:38:43.506] |I| [load_self]: Loaded module segment 1 @ [0x00080000 - 0x00080814 / 0x81014000] (size: 0x00000814) of module app0:sce_module/libult.suprx
[12:38:43.507] |I| [load_self]: Linking SELF app0:sce_module/libult.suprx...
[12:38:43.508] |D| [load_var_exports]: 	NID 0x6C2224BA (NID_MODULE_INFO) at 0x7B714
[12:38:43.509] |I| [pre_load_module]: Pre-load module SceUlt (at "sce_module/libult.suprx") loaded
[12:38:43.522] |I| [load_self]: Loaded module segment 0 @ [0x00081000 - 0x000D1F04 / 0x81000000] (size: 0x00050F04) of module vs0:sys/external/libSceFt2.suprx
[12:38:43.523] |I| [load_self]: Loaded module segment 1 @ [0x000D2000 - 0x000D22F4 / 0x81051000] (size: 0x000002F4) of module vs0:sys/external/libSceFt2.suprx
[12:38:43.526] |I| [load_self]: Linking SELF vs0:sys/external/libSceFt2.suprx...
[12:38:43.528] |D| [load_var_exports]: 	NID 0x936C8A78 (SYSLYB) at 0xBD7DC
[12:38:43.529] |D| [load_var_exports]: 	NID 0x6C2224BA (NID_MODULE_INFO) at 0xBCF10
[12:38:43.530] |W| [load_var_imports]: 	NID NOT FOUND 0x93B8AA67 (__stack_chk_guard) at 0xD1EE0, setting to stub value 0xDEADBEEF
[12:38:43.531] |I| [pre_load_module]: Pre-load module SceLibft2 (at "sys/external/libSceFt2.suprx") loaded
[12:38:43.537] |I| [load_self]: Loaded module segment 0 @ [0x000D4000 - 0x000E3F14 / 0x81000000] (size: 0x0000FF14) of module vs0:sys/external/libpvf.suprx
[12:38:43.538] |I| [load_self]: Loaded module segment 1 @ [0x000E4000 - 0x000E4008 / 0x81010000] (size: 0x00000008) of module vs0:sys/external/libpvf.suprx
[12:38:43.539] |I| [load_self]: Linking SELF vs0:sys/external/libpvf.suprx...
[12:38:43.540] |D| [load_var_exports]: 	NID 0x936C8A78 (SYSLYB) at 0xE2710
[12:38:43.540] |D| [load_var_exports]: 	NID 0x6C2224BA (NID_MODULE_INFO) at 0xE2300
[12:38:43.541] |I| [pre_load_module]: Pre-load module SceLibPvf (at "sys/external/libpvf.suprx") loaded
[12:38:44.064] |I| [load_self]: Loaded module segment 0 @ [0x81000000 - 0x81EA3B60 / 0x81000000] (size: 0x00EA3B60) of module app0:eboot.bin
[12:38:44.066] |I| [load_self]: Loaded module segment 1 @ [0x81EA4000 - 0x8274689C / 0x81EA4000] (size: 0x008A289C) of module app0:eboot.bin
[12:38:44.067] |I| [load_self]: Linking SELF app0:eboot.bin...
[12:38:44.068] |D| [load_var_exports]: 	NID 0x6C2224BA (NID_MODULE_INFO) at 0x81E563A8
[12:38:44.069] |D| [load_var_exports]: 	NID 0x70FBA1E7 (SCE_PROC_PARAMS) at 0x81EC5694
[12:38:44.070] |I| [load_app_impl]: Main executable Jak3_retail_psp2 (eboot.bin) loaded
[12:38:44.074] |I| [renderer::gl::compile_shader]: frag shader compiled: 497ca1682200ad7c79bc056a49c64754b1c2b11810d76115f43aa2574e0ced8b
[12:38:44.078] |I| [renderer::gl::compile_shader]: vert shader compiled: cdde842434f6578b25680a82b294ebf8190845f387194fdd46a08b388d85157a
[12:38:44.079] |I| [renderer::gl::pre_compile_program]: Program Compiled 1/2
[12:38:44.115] |I| [renderer::gl::compile_shader]: frag shader compiled: c678512414233e0d58812ab9f2ad1349e128e16581029761ad84027b9a1fb41f
[12:38:44.120] |I| [renderer::gl::compile_shader]: vert shader compiled: f103c7b9826d6d857df1dc1db0e283142bf5732cd1152cbeed7a2feadb899e11
[12:38:44.152] |I| [renderer::gl::pre_compile_program]: Program Compiled 2/2
[12:38:44.181] |D| [run_app]: Running module_start of library: SceLibc at address 0x45B1
[12:38:44.296] |T| [open_file]: sceKernelGetStdin: Opening terminal tty0:
[12:38:44.297] |T| [open_file]: sceKernelGetStdout: Opening terminal tty0:
[12:38:44.298] |T| [open_file]: sceKernelGetStderr: Opening terminal tty0:
[12:38:44.305] |I| [run_app]: Module SceLibc (at "app0:sce_module/libc.suprx") module_start returned 0x0
[12:38:44.312] |D| [run_app]: Running module_start of library: SceLibFios2 at address 0x44001
[12:38:44.335] |W| [stubbed_impl]: Stubbed sceKernelGetProcessId import called. (pid: 0)
[12:38:44.336] |W| [unimplemented_impl]: Unimplemented _sceFiosKernelOverlayGetList import called.
[12:38:44.337] |I| [run_app]: Module SceLibFios2 (at "app0:sce_module/libfios2.suprx") module_start returned 0x0
[12:38:44.344] |D| [run_app]: Running module_start of library: SceUlt at address 0x6F95D
[12:38:44.367] |W| [unimplemented_impl]: Unimplemented _sceUlobjMgrRegisterLibultProtocolRevision import called.
[12:38:44.367] |I| [run_app]: Module SceUlt (at "app0:sce_module/libult.suprx") module_start returned 0x0
[12:38:44.376] |T| [open_file]: _sceKernelLoadStartModule: Opening file app0:mai_moe/mai.suprx (ux0:/app/PCSF00250/mai_moe/mai.suprx), fd: 0x3
[12:38:44.378] |I| [load_self]: Loaded module segment 0 @ [0x00127000 - 0x00129C24 / 0x00008000] (size: 0x00002C24) of module app0:mai_moe/mai.suprx
[12:38:44.381] |I| [load_self]: Loaded module segment 1 @ [0x0012A000 - 0x0012B82C / 0x00020000] (size: 0x0000182C) of module app0:mai_moe/mai.suprx
[12:38:44.383] |I| [load_self]: Linking SELF app0:mai_moe/mai.suprx...
[12:38:44.384] |D| [load_var_exports]: 	NID 0x6C2224BA (NID_MODULE_INFO) at 0x1297E4
[12:38:44.385] |D| [load_var_exports]: 	NID 0x70FBA1E7 (SCE_PROC_PARAMS) at 0x129840
[12:38:44.388] |T| [close_file]: _sceKernelLoadStartModule: Closing file fd: 0x3
[12:38:44.411] |E| [logging::ret_error_impl]: _sceAppMgrAppParamGetString returned SCE_APPMGR_ERROR_INVALID (0x8080201A)
[12:38:44.413] |I| [export_sceIoOpen]: Opening file: app0:mai_moe/load_type.mai
[12:38:44.414] |T| [open_file]: sceIoOpen: Opening file app0:mai_moe/load_type.mai (ux0:/app/PCSF00250/mai_moe/load_type.mai), fd: 0x4
[12:38:44.417] |T| [close_file]: sceIoClose: Closing file fd: 0x4
[12:38:44.418] |I| [start_module]: Module SceLibFios2 (at "app0:sce_module/libfios2.suprx") module_start returned 0x0
[12:38:44.420] |T| [open_file]: _sceKernelLoadStartModule: Opening file app0:sce_module/libfios2_m.suprx (ux0:/app/PCSF00250/sce_module/libfios2_m.suprx), fd: 0x5
[12:38:44.423] |I| [load_self]: Loaded module segment 0 @ [0x001AE000 - 0x001CF3BC / 0x81000000] (size: 0x000213BC) of module app0:sce_module/libfios2_m.suprx
[12:38:44.424] |I| [load_self]: Loaded module segment 1 @ [0x001D0000 - 0x001D51B8 / 0x81022000] (size: 0x000051B8) of module app0:sce_module/libfios2_m.suprx
[12:38:44.425] |I| [load_self]: Linking SELF app0:sce_module/libfios2_m.suprx...
[12:38:44.426] |D| [load_var_exports]: 	NID 0x6C2224BA (NID_MODULE_INFO) at 0x1C8D84
[12:38:44.427] |T| [close_file]: _sceKernelLoadStartModule: Closing file fd: 0x5
[12:38:44.429] |I| [start_module]: Module mceLibFios2 (at "app0:sce_module/libfios2_m.suprx") module_start returned 0x0
[12:38:44.430] |E| [open_dir]: Directory does not exist at: G:/My Passport Backup/1 Emulator Gaming/PSVita Emulator/ux0/plugins/ (target path: ux0:plugins)
[12:38:44.433] |W| [io_error_impl]: open_dir (_sceIoDopen) returned 0x80010002
[12:38:44.434] |W| [io_error_impl]: read_dir (_sceIoDread) returned 0x80010051
[12:38:44.435] |W| [io_error_impl]: close_dir (sceIoDclose) returned 0x80010018
[12:38:44.512] |I| [start_module]: Module output/testprx.elf (at "app0:mai_moe/mai.suprx") module_start returned 0x0
[12:38:44.515] |W| [unimplemented_impl]: Unimplemented sceKernelRegisterThreadEventHandler import called.
[12:38:44.542] |T| [write_file]: *** TTY: Jak 3: Starting...
[12:38:44.545] |T| [open_file]: _sceKernelLoadStartModule: Opening file app0:JakConfig.suprx (ux0:/app/PCSF00250/JakConfig.suprx), fd: 0x6
[12:38:44.546] |I| [load_self]: Loaded module segment 0 @ [0x001D6000 - 0x001D6464 / 0x81000000] (size: 0x00000464) of module app0:JakConfig.suprx
[12:38:44.548] |I| [load_self]: Loaded module segment 1 @ [0x001D7000 - 0x001D700C / 0x81001000] (size: 0x0000000C) of module app0:JakConfig.suprx
[12:38:44.550] |I| [load_self]: Linking SELF app0:JakConfig.suprx...
[12:38:44.551] |D| [load_var_exports]: 	NID 0x6C2224BA (NID_MODULE_INFO) at 0x1D62AC
[12:38:44.553] |T| [close_file]: _sceKernelLoadStartModule: Closing file fd: 0x6
[12:38:44.554] |I| [start_module]: Module JakConfig (at "app0:JakConfig.suprx") module_start returned 0x0
[12:38:44.555] |T| [log_import_call]: [LLE] TID: 7   FUNC: 0xC8D8C4B5 UNRECOGNISED at 0x81E5585C
[12:38:44.556] |T| [write_file]: *** TTY: Title ID: PCSF00250
[12:38:44.557] |T| [write_file]: *** TTY: SKU: SKU_EUR
[12:38:44.557] |W| [unimplemented_impl]: Unimplemented sceAppUtilInit import called.
[12:38:44.590] |W| [unimplemented_impl]: Unimplemented sceKernelChangeThreadVfpException import called.
[12:38:44.591] |W| [unimplemented_impl]: Unimplemented _sceFiosKernelOverlayThreadSetDisabled import called.
[12:38:44.669] |W| [unimplemented_impl]: Unimplemented sceNgsSystemSetFlags import called.
[12:38:44.670] |W| [ngs::create_voice_definition]: Missing voice definition for Buss Type 1, using passthrough.
[12:38:44.671] |W| [stubbed_impl]: Stubbed sceNgsVoiceInit import called. (Default preset not implemented)
[12:38:44.672] |T| [write_file]: *** TTY: # Audio out thread started
[12:38:44.673] |I| [ngs::scream::PlayerVoiceDefinition::new_modules]: Scream player voice definition stubbed
[12:38:44.674] |I| [ngs::scream::PlayerVoiceDefinition::new_modules]: Scream player voice definition stubbed
[12:38:44.675] |I| [ngs::scream::Atrac9VoiceDefinition::new_modules]: Scream Atrac9 voice definition stubbed
[12:38:44.676] |I| [ngs::scream::PlayerVoiceDefinition::new_modules]: Scream player voice definition stubbed
[12:38:44.676] |I| [ngs::scream::PlayerVoiceDefinition::new_modules]: Scream player voice definition stubbed
[12:38:44.677] |I| [ngs::scream::Atrac9VoiceDefinition::new_modules]: Scream Atrac9 voice definition stubbed
[12:38:44.678] |W| [ngs::create_voice_definition]: Missing voice definition for Buss Type 10, using passthrough.
[12:38:44.683] |T| [export_sceNgsPatchCreateRouting]: Patching 0x4345F90:0:0 to 0x4314640:0
[12:38:44.688] |T| [export_sceNgsPatchCreateRouting]: Patching 0x4314640:0:0 to 0x4314AF0:0
[12:38:44.691] |T| [export_sceNgsPatchCreateRouting]: Patching 0x4314CB0:1:1 to 0x4345F90:0
[12:38:44.692] |T| [export_sceNgsPatchCreateRouting]: Patching 0x4315030:1:1 to 0x4345F90:0
[12:38:44.693] |T| [export_sceNgsPatchCreateRouting]: Patching 0x43153B0:1:1 to 0x4345F90:0
[12:38:44.694] |T| [export_sceNgsPatchCreateRouting]: Patching 0x4315730:1:1 to 0x4345F90:0
[12:38:44.695] |T| [export_sceNgsPatchCreateRouting]: Patching 0x4315AB0:1:1 to 0x4345F90:0
[12:38:44.696] |T| [export_sceNgsPatchCreateRouting]: Patching 0x4315E30:1:1 to 0x4345F90:0
[12:38:44.696] |T| [export_sceNgsPatchCreateRouting]: Patching 0x43161B0:1:1 to 0x4345F90:0
[12:38:44.697] |T| [export_sceNgsPatchCreateRouting]: Patching 0x4316530:1:1 to 0x4345F90:0
[12:38:44.698] |T| [export_sceNgsPatchCreateRouting]: Patching 0x43168B0:1:1 to 0x4345F90:0
[12:38:44.699] |T| [export_sceNgsPatchCreateRouting]: Patching 0x4316C30:1:1 to 0x4345F90:0
[12:38:44.700] |T| [export_sceNgsPatchCreateRouting]: Patching 0x4316FB0:1:1 to 0x4345F90:0
[12:38:44.703] |T| [export_sceNgsPatchCreateRouting]: Patching 0x4317330:1:1 to 0x4345F90:0
[12:38:44.703] |T| [export_sceNgsPatchCreateRouting]: Patching 0x43176B0:1:1 to 0x4345F90:0
[12:38:44.704] |T| [export_sceNgsPatchCreateRouting]: Patching 0x4317A30:1:1 to 0x4345F90:0
[12:38:44.705] |T| [export_sceNgsPatchCreateRouting]: Patching 0x4317DB0:1:1 to 0x4345F90:0
[12:38:44.706] |T| [export_sceNgsPatchCreateRouting]: Patching 0x4318130:1:1 to 0x4345F90:0
[12:38:44.707] |T| [export_sceNgsPatchCreateRouting]: Patching 0x433D3B0:1:1 to 0x4345F90:0
[12:38:44.708] |T| [export_sceNgsPatchCreateRouting]: Patching 0x433D730:1:1 to 0x4345F90:0
[12:38:44.708] |T| [export_sceNgsPatchCreateRouting]: Patching 0x433DAB0:1:1 to 0x4345F90:0
[12:38:44.709] |T| [export_sceNgsPatchCreateRouting]: Patching 0x433DE30:1:1 to 0x4345F90:0
[12:38:44.710] |T| [export_sceNgsPatchCreateRouting]: Patching 0x433E1B0:1:1 to 0x4345F90:0
[12:38:44.710] |T| [export_sceNgsPatchCreateRouting]: Patching 0x433E530:1:1 to 0x4345F90:0
[12:38:44.713] |T| [export_sceNgsPatchCreateRouting]: Patching 0x433E8B0:1:1 to 0x4345F90:0
[12:38:44.714] |T| [export_sceNgsPatchCreateRouting]: Patching 0x433EC30:1:1 to 0x4345F90:0
[12:38:44.717] |T| [export_sceNgsPatchCreateRouting]: Patching 0x431A930:1:1 to 0x4345F90:0
[12:38:44.718] |T| [export_sceNgsPatchCreateRouting]: Patching 0x431ACB0:1:1 to 0x4345F90:0
[12:38:44.718] |T| [export_sceNgsPatchCreateRouting]: Patching 0x431B030:1:1 to 0x4345F90:0
[12:38:44.719] |T| [export_sceNgsPatchCreateRouting]: Patching 0x431B3B0:1:1 to 0x4345F90:0
[12:38:44.719] |T| [export_sceNgsPatchCreateRouting]: Patching 0x431B730:1:1 to 0x4345F90:0
[12:38:44.720] |T| [export_sceNgsPatchCreateRouting]: Patching 0x431BAB0:1:1 to 0x4345F90:0
[12:38:44.721] |T| [export_sceNgsPatchCreateRouting]: Patching 0x431BE30:1:1 to 0x4345F90:0
[12:38:44.723] |T| [export_sceNgsPatchCreateRouting]: Patching 0x431C1B0:1:1 to 0x4345F90:0
[12:38:44.723] |T| [export_sceNgsPatchCreateRouting]: Patching 0x431C530:1:1 to 0x4345F90:0
[12:38:44.724] |T| [export_sceNgsPatchCreateRouting]: Patching 0x431C8B0:1:1 to 0x4345F90:0
[12:38:44.725] |T| [export_sceNgsPatchCreateRouting]: Patching 0x431CC30:1:1 to 0x4345F90:0
[12:38:44.725] |T| [export_sceNgsPatchCreateRouting]: Patching 0x431CFB0:1:1 to 0x4345F90:0
[12:38:44.726] |T| [export_sceNgsPatchCreateRouting]: Patching 0x431D330:1:1 to 0x4345F90:0
[12:38:44.727] |T| [export_sceNgsPatchCreateRouting]: Patching 0x431D6B0:1:1 to 0x4345F90:0
[12:38:44.727] |T| [export_sceNgsPatchCreateRouting]: Patching 0x431DA30:1:1 to 0x4345F90:0
[12:38:44.728] |T| [export_sceNgsPatchCreateRouting]: Patching 0x431DDB0:1:1 to 0x4345F90:0
[12:38:44.728] |T| [export_sceNgsPatchCreateRouting]: Patching 0x431E130:1:1 to 0x4345F90:0
[12:38:44.729] |T| [export_sceNgsPatchCreateRouting]: Patching 0x431E4B0:1:1 to 0x4345F90:0
[12:38:44.730] |T| [export_sceNgsPatchCreateRouting]: Patching 0x431E830:1:1 to 0x4345F90:0
[12:38:44.730] |T| [export_sceNgsPatchCreateRouting]: Patching 0x431EBB0:1:1 to 0x4345F90:0
[12:38:44.731] |T| [export_sceNgsPatchCreateRouting]: Patching 0x431EF30:1:1 to 0x4345F90:0
[12:38:44.735] |T| [export_sceNgsPatchCreateRouting]: Patching 0x431F2B0:1:1 to 0x4345F90:0
[12:38:44.736] |T| [export_sceNgsPatchCreateRouting]: Patching 0x431F630:1:1 to 0x4345F90:0
[12:38:44.737] |T| [export_sceNgsPatchCreateRouting]: Patching 0x431F9B0:1:1 to 0x4345F90:0
[12:38:44.737] |T| [export_sceNgsPatchCreateRouting]: Patching 0x431FD30:1:1 to 0x4345F90:0
[12:38:44.738] |T| [export_sceNgsPatchCreateRouting]: Patching 0x43200B0:1:1 to 0x4345F90:0
[12:38:44.738] |T| [export_sceNgsPatchCreateRouting]: Patching 0x4320430:1:1 to 0x4345F90:0
[12:38:44.739] |T| [export_sceNgsPatchCreateRouting]: Patching 0x43207B0:1:1 to 0x4345F90:0
[12:38:44.739] |T| [export_sceNgsPatchCreateRouting]: Patching 0x4320B30:1:1 to 0x4345F90:0
[12:38:44.740] |T| [export_sceNgsPatchCreateRouting]: Patching 0x4320EB0:1:1 to 0x4345F90:0
[12:38:44.740] |T| [export_sceNgsPatchCreateRouting]: Patching 0x4321230:1:1 to 0x4345F90:0
[12:38:44.741] |T| [export_sceNgsPatchCreateRouting]: Patching 0x43215B0:1:1 to 0x4345F90:0
[12:38:44.742] |T| [export_sceNgsPatchCreateRouting]: Patching 0x4321930:1:1 to 0x4345F90:0
[12:38:44.743] |T| [export_sceNgsPatchCreateRouting]: Patching 0x4321CB0:1:1 to 0x4345F90:0
[12:38:44.743] |T| [export_sceNgsPatchCreateRouting]: Patching 0x4322030:1:1 to 0x4345F90:0
[12:38:44.747] |T| [export_sceNgsPatchCreateRouting]: Patching 0x43223B0:1:1 to 0x4345F90:0
[12:38:44.748] |T| [export_sceNgsPatchCreateRouting]: Patching 0x4322730:1:1 to 0x4345F90:0
[12:38:44.749] |T| [export_sceNgsPatchCreateRouting]: Patching 0x4322AB0:1:1 to 0x4345F90:0
[12:38:44.750] |T| [export_sceNgsPatchCreateRouting]: Patching 0x4322E30:1:1 to 0x4345F90:0
[12:38:44.751] |T| [export_sceNgsPatchCreateRouting]: Patching 0x43231B0:1:1 to 0x4345F90:0
[12:38:44.752] |T| [export_sceNgsPatchCreateRouting]: Patching 0x4323530:1:1 to 0x4345F90:0
[12:38:44.753] |T| [export_sceNgsPatchCreateRouting]: Patching 0x43238B0:1:1 to 0x4345F90:0
[12:38:44.753] |T| [export_sceNgsPatchCreateRouting]: Patching 0x4323C30:1:1 to 0x4345F90:0
[12:38:44.754] |T| [export_sceNgsPatchCreateRouting]: Patching 0x4323FB0:1:1 to 0x4345F90:0
[12:38:44.754] |T| [export_sceNgsPatchCreateRouting]: Patching 0x4324330:1:1 to 0x4345F90:0
[12:38:44.755] |T| [export_sceNgsPatchCreateRouting]: Patching 0x43246B0:1:1 to 0x4345F90:0
[12:38:44.755] |T| [export_sceNgsPatchCreateRouting]: Patching 0x4324A30:1:1 to 0x4345F90:0
[12:38:44.758] |T| [export_sceNgsPatchCreateRouting]: Patching 0x4324DB0:1:1 to 0x4345F90:0
[12:38:44.759] |T| [export_sceNgsPatchCreateRouting]: Patching 0x4325130:1:1 to 0x4345F90:0
[12:38:44.759] |T| [export_sceNgsPatchCreateRouting]: Patching 0x43254B0:1:1 to 0x4345F90:0
[12:38:44.760] |T| [export_sceNgsPatchCreateRouting]: Patching 0x4325830:1:1 to 0x4345F90:0
[12:38:44.762] |T| [export_sceNgsPatchCreateRouting]: Patching 0x4325BB0:1:1 to 0x4345F90:0
[12:38:44.763] |T| [export_sceNgsPatchCreateRouting]: Patching 0x4325F30:1:1 to 0x4345F90:0
[12:38:44.763] |T| [export_sceNgsPatchCreateRouting]: Patching 0x43262B0:1:1 to 0x4345F90:0
[12:38:44.764] |T| [export_sceNgsPatchCreateRouting]: Patching 0x4326630:1:1 to 0x4345F90:0
[12:38:44.765] |T| [export_sceNgsPatchCreateRouting]: Patching 0x43269B0:1:1 to 0x4345F90:0
[12:38:44.767] |T| [export_sceNgsPatchCreateRouting]: Patching 0x4326D30:1:1 to 0x4345F90:0
[12:38:44.768] |T| [export_sceNgsPatchCreateRouting]: Patching 0x43270B0:1:1 to 0x4345F90:0
[12:38:44.768] |T| [export_sceNgsPatchCreateRouting]: Patching 0x4327430:1:1 to 0x4345F90:0
[12:38:44.769] |T| [export_sceNgsPatchCreateRouting]: Patching 0x43277B0:1:1 to 0x4345F90:0
[12:38:44.770] |T| [export_sceNgsPatchCreateRouting]: Patching 0x4327B30:1:1 to 0x4345F90:0
[12:38:44.770] |T| [export_sceNgsPatchCreateRouting]: Patching 0x4327EB0:1:1 to 0x4345F90:0
[12:38:44.771] |T| [export_sceNgsPatchCreateRouting]: Patching 0x4328230:1:1 to 0x4345F90:0
[12:38:44.772] |T| [export_sceNgsPatchCreateRouting]: Patching 0x43285B0:1:1 to 0x4345F90:0
[12:38:44.773] |T| [export_sceNgsPatchCreateRouting]: Patching 0x4340230:1:1 to 0x4345F90:0
[12:38:44.773] |T| [export_sceNgsPatchCreateRouting]: Patching 0x43405B0:1:1 to 0x4345F90:0
[12:38:44.773] |T| [export_sceNgsPatchCreateRouting]: Patching 0x4340930:1:1 to 0x4345F90:0
[12:38:44.774] |T| [export_sceNgsPatchCreateRouting]: Patching 0x4340CB0:1:1 to 0x4345F90:0
[12:38:44.775] |T| [export_sceNgsPatchCreateRouting]: Patching 0x4341030:1:1 to 0x4345F90:0
[12:38:44.778] |T| [export_sceNgsPatchCreateRouting]: Patching 0x43413B0:1:1 to 0x4345F90:0
[12:38:44.779] |T| [export_sceNgsPatchCreateRouting]: Patching 0x4341730:1:1 to 0x4345F90:0
[12:38:44.780] |T| [export_sceNgsPatchCreateRouting]: Patching 0x4341AB0:1:1 to 0x4345F90:0
[12:38:44.782] |T| [export_sceNgsPatchCreateRouting]: Patching 0x43319B0:1:1 to 0x4345F90:0
[12:38:44.783] |T| [export_sceNgsPatchCreateRouting]: Patching 0x4331D3C:1:1 to 0x4345F90:0
[12:38:44.783] |T| [export_sceNgsPatchCreateRouting]: Patching 0x43320C8:1:1 to 0x4345F90:0
[12:38:44.784] |T| [export_sceNgsPatchCreateRouting]: Patching 0x4332454:1:1 to 0x4345F90:0
[12:38:44.784] |T| [export_sceNgsPatchCreateRouting]: Patching 0x43327E0:1:1 to 0x4345F90:0
[12:38:44.785] |T| [export_sceNgsPatchCreateRouting]: Patching 0x4332B6C:1:1 to 0x4345F90:0
[12:38:44.786] |T| [export_sceNgsPatchCreateRouting]: Patching 0x4332EF8:1:1 to 0x4345F90:0
[12:38:44.786] |T| [export_sceNgsPatchCreateRouting]: Patching 0x4333284:1:1 to 0x4345F90:0
[12:38:44.788] |T| [export_sceNgsPatchCreateRouting]: Patching 0x4333610:1:1 to 0x4345F90:0
[12:38:44.789] |T| [export_sceNgsPatchCreateRouting]: Patching 0x433399C:1:1 to 0x4345F90:0
[12:38:44.790] |T| [export_sceNgsPatchCreateRouting]: Patching 0x4333D28:1:1 to 0x4345F90:0
[12:38:44.791] |T| [export_sceNgsPatchCreateRouting]: Patching 0x43340B4:1:1 to 0x4345F90:0
[12:38:44.791] |T| [export_sceNgsPatchCreateRouting]: Patching 0x4334440:1:1 to 0x4345F90:0
[12:38:44.792] |T| [export_sceNgsPatchCreateRouting]: Patching 0x43347CC:1:1 to 0x4345F90:0
[12:38:44.793] |T| [export_sceNgsPatchCreateRouting]: Patching 0x4334B58:1:1 to 0x4345F90:0
[12:38:44.794] |T| [export_sceNgsPatchCreateRouting]: Patching 0x4334EE4:1:1 to 0x4345F90:0
[12:38:44.796] |T| [export_sceNgsPatchCreateRouting]: Patching 0x4335270:1:1 to 0x4345F90:0
[12:38:44.798] |T| [export_sceNgsPatchCreateRouting]: Patching 0x43355FC:1:1 to 0x4345F90:0
[12:38:44.799] |T| [export_sceNgsPatchCreateRouting]: Patching 0x4335988:1:1 to 0x4345F90:0
[12:38:44.800] |T| [export_sceNgsPatchCreateRouting]: Patching 0x4335D14:1:1 to 0x4345F90:0
[12:38:44.800] |T| [export_sceNgsPatchCreateRouting]: Patching 0x43360A0:1:1 to 0x4345F90:0
[12:38:44.801] |T| [export_sceNgsPatchCreateRouting]: Patching 0x433642C:1:1 to 0x4345F90:0
[12:38:44.801] |T| [export_sceNgsPatchCreateRouting]: Patching 0x43367B8:1:1 to 0x4345F90:0
[12:38:44.802] |T| [export_sceNgsPatchCreateRouting]: Patching 0x4336B44:1:1 to 0x4345F90:0
[12:38:44.803] |T| [export_sceNgsPatchCreateRouting]: Patching 0x4336ED0:1:1 to 0x4345F90:0
[12:38:44.803] |T| [export_sceNgsPatchCreateRouting]: Patching 0x433725C:1:1 to 0x4345F90:0
[12:38:44.804] |T| [export_sceNgsPatchCreateRouting]: Patching 0x43375E8:1:1 to 0x4345F90:0
[12:38:44.804] |T| [export_sceNgsPatchCreateRouting]: Patching 0x4337974:1:1 to 0x4345F90:0
[12:38:44.805] |T| [export_sceNgsPatchCreateRouting]: Patching 0x4337D00:1:1 to 0x4345F90:0
[12:38:44.806] |T| [export_sceNgsPatchCreateRouting]: Patching 0x433808C:1:1 to 0x4345F90:0
[12:38:44.808] |T| [export_sceNgsPatchCreateRouting]: Patching 0x4338418:1:1 to 0x4345F90:0
[12:38:44.810] |T| [export_sceNgsPatchCreateRouting]: Patching 0x43387A4:1:1 to 0x4345F90:0
[12:38:44.811] |T| [export_sceNgsPatchCreateRouting]: Patching 0x43430B0:1:1 to 0x4345F90:0
[12:38:44.812] |T| [export_sceNgsPatchCreateRouting]: Patching 0x434343C:1:1 to 0x4345F90:0
[12:38:44.813] |T| [export_sceNgsPatchCreateRouting]: Patching 0x43437C8:1:1 to 0x4345F90:0
[12:38:44.814] |T| [export_sceNgsPatchCreateRouting]: Patching 0x4343B54:1:1 to 0x4345F90:0
[12:38:44.815] |T| [export_sceNgsPatchCreateRouting]: Patching 0x4343EE0:1:1 to 0x4345F90:0
[12:38:44.815] |T| [export_sceNgsPatchCreateRouting]: Patching 0x434426C:1:1 to 0x4345F90:0
[12:38:44.817] |T| [export_sceNgsPatchCreateRouting]: Patching 0x43445F8:1:1 to 0x4345F90:0
[12:38:44.819] |T| [export_sceNgsPatchCreateRouting]: Patching 0x4344984:1:1 to 0x4345F90:0
[12:38:44.880] |E| [logging::ret_error_impl]: sceKernelWaitLwCond returned SCE_KERNEL_ERROR_WAIT_TIMEOUT (0x80028005)
[12:38:44.892] |W| [unimplemented_impl]: Unimplemented _sceFiosKernelOverlayGetRecommendedScheduler import called.
[12:38:44.896] |I| [export_sceIoOpen]: Opening file: app0:/Jak3/jak3.psarc
[12:38:44.897] |T| [open_file]: sceIoOpen: Opening file app0:/Jak3/jak3.psarc (ux0:/app/PCSF00250/Jak3/jak3.psarc), fd: 0x7
[12:38:44.961] |I| [export_sceIoOpen]: Opening file: app0:/Jak3/jak3.psarc
[12:38:44.963] |T| [open_file]: sceIoOpen: Opening file app0:/Jak3/jak3.psarc (ux0:/app/PCSF00250/Jak3/jak3.psarc), fd: 0x8
[12:38:44.986] |T| [close_file]: sceIoClose: Closing file fd: 0x8
[12:38:44.996] |I| [export_sceIoOpen]: Opening file: app0:/Jak3/jak3.psarc
[12:38:44.997] |T| [open_file]: sceIoOpen: Opening file app0:/Jak3/jak3.psarc (ux0:/app/PCSF00250/Jak3/jak3.psarc), fd: 0x9
[12:38:45.414] |W| [stubbed_impl]: Stubbed sceGxmMapVertexUsseMemory import called. (always return success)
[12:38:45.415] |W| [stubbed_impl]: Stubbed sceGxmMapFragmentUsseMemory import called. (always return success)
[12:38:45.536] |W| [stubbed_impl]: Stubbed sceGxmSetVisibilityBuffer import called. (Set all visible)
[12:38:45.568] |T| [write_file]: *** TTY: ModelBlock MemPool created. Size Main = 5242880, Size Video = 29360128, Size Uncached = 44040192
[12:38:45.679] |T| [open_file]: sceAppUtilSaveDataSlotGetParam: Opening file savedata0:/SlotParam_0.bin (ux0:/user/00/savedata/PCSF00250/SlotParam_0.bin), fd: 0xA
[12:38:45.682] |T| [close_file]: sceAppUtilSaveDataSlotGetParam: Closing file fd: 0xA
[12:38:45.688] |I| [export_sceIoOpen]: Opening file: savedata0:jak3_savedata_0.dat
[12:38:45.689] |T| [open_file]: sceIoOpen: Opening file savedata0:jak3_savedata_0.dat (ux0:/user/00/savedata/PCSF00250/jak3_savedata_0.dat), fd: 0xB
[12:38:45.690] |T| [close_file]: sceIoClose: Closing file fd: 0xB
[12:38:45.692] |I| [export_sceIoOpen]: Opening file: savedata0:jak3_savedata_1.dat
[12:38:45.693] |T| [open_file]: sceIoOpen: Opening file savedata0:jak3_savedata_1.dat (ux0:/user/00/savedata/PCSF00250/jak3_savedata_1.dat), fd: 0xC
[12:38:45.693] |T| [close_file]: sceIoClose: Closing file fd: 0xC
[12:38:45.694] |I| [export_sceIoOpen]: Opening file: savedata0:jak3_savedata_2.dat
[12:38:45.695] |T| [open_file]: sceIoOpen: Opening file savedata0:jak3_savedata_2.dat (ux0:/user/00/savedata/PCSF00250/jak3_savedata_2.dat), fd: 0xD
[12:38:45.696] |T| [close_file]: sceIoClose: Closing file fd: 0xD
[12:38:45.697] |I| [export_sceIoOpen]: Opening file: savedata0:jak3_savedata_3.dat
[12:38:45.698] |T| [open_file]: sceIoOpen: Opening file savedata0:jak3_savedata_3.dat (ux0:/user/00/savedata/PCSF00250/jak3_savedata_3.dat), fd: 0xE
[12:38:45.700] |T| [close_file]: sceIoClose: Closing file fd: 0xE
[12:38:45.703] |W| [stubbed_impl]: Stubbed sceNpTrophyCreateHandle import called. (Stubbed handle with 1)
[12:38:45.703] |I| [export_sceIoOpen]: Opening file: savedata0:jak3_savedata_0.dat
[12:38:45.704] |T| [open_file]: create_trophy_context: Opening file app0:/sce_sys/trophy/NPWR03920_00/TROPHY.TRP (ux0:/app/PCSF00250/sce_sys/trophy/NPWR03920_00/TROPHY.TRP), fd: 0xF
[12:38:45.704] |T| [open_file]: sceIoOpen: Opening file savedata0:jak3_savedata_0.dat (ux0:/user/00/savedata/PCSF00250/jak3_savedata_0.dat), fd: 0x10
[12:38:45.705] |T| [open_file]: create_trophy_context: Opening file ux0:/user/00/trophy/data/NPWR03920_00/TROPUSR.DAT (ux0:/user/00/trophy/data/NPWR03920_00/TROPUSR.DAT), fd: 0x11
[12:38:45.706] |T| [close_file]: sceIoClose: Closing file fd: 0x10
[12:38:45.709] |I| [export_sceIoOpen]: Opening file: savedata0:jak3_savedata_1.dat
[12:38:45.709] |T| [open_file]: install_trophy_context: Opening file ux0:/user/00/trophy/conf/NPWR03920_00/TROPCONF.SFM (ux0:/user/00/trophy/conf/NPWR03920_00/TROPCONF.SFM), fd: 0x12
[12:38:45.709] |T| [open_file]: sceIoOpen: Opening file savedata0:jak3_savedata_1.dat (ux0:/user/00/savedata/PCSF00250/jak3_savedata_1.dat), fd: 0x13
[12:38:45.710] |T| [write_file]: install_trophy_context: Writing to fd: 0x12, size: 3008
[12:38:45.717] |T| [close_file]: install_trophy_context: Closing file fd: 0x12
[12:38:45.716] |T| [close_file]: sceIoClose: Closing file fd: 0x13
[12:38:45.718] |T| [open_file]: install_trophy_context: Opening file ux0:/user/00/trophy/conf/NPWR03920_00/TROP.SFM (ux0:/user/00/trophy/conf/NPWR03920_00/TROP.SFM), fd: 0x14
[12:38:45.718] |I| [export_sceIoOpen]: Opening file: savedata0:jak3_savedata_2.dat
[12:38:45.720] |T| [write_file]: install_trophy_context: Writing to fd: 0x14, size: 7207
[12:38:45.721] |T| [open_file]: sceIoOpen: Opening file savedata0:jak3_savedata_2.dat (ux0:/user/00/savedata/PCSF00250/jak3_savedata_2.dat), fd: 0x15
[12:38:45.721] |T| [close_file]: install_trophy_context: Closing file fd: 0x14
[12:38:45.722] |T| [close_file]: sceIoClose: Closing file fd: 0x15
[12:38:45.723] |T| [open_file]: install_trophy_context: Opening file ux0:/user/00/trophy/conf/NPWR03920_00/TROP_01.SFM (ux0:/user/00/trophy/conf/NPWR03920_00/TROP_01.SFM), fd: 0x16
[12:38:45.723] |I| [export_sceIoOpen]: Opening file: savedata0:jak3_savedata_3.dat
[12:38:45.727] |T| [write_file]: install_trophy_context: Writing to fd: 0x16, size: 7204
[12:38:45.728] |T| [open_file]: sceIoOpen: Opening file savedata0:jak3_savedata_3.dat (ux0:/user/00/savedata/PCSF00250/jak3_savedata_3.dat), fd: 0x17
[12:38:45.729] |T| [close_file]: install_trophy_context: Closing file fd: 0x16
[12:38:45.730] |T| [close_file]: sceIoClose: Closing file fd: 0x17
[12:38:45.732] |T| [open_file]: install_trophy_context: Opening file ux0:/user/00/trophy/conf/NPWR03920_00/TROP_02.SFM (ux0:/user/00/trophy/conf/NPWR03920_00/TROP_02.SFM), fd: 0x18
[12:38:45.733] |T| [write_file]: install_trophy_context: Writing to fd: 0x18, size: 7707
[12:38:45.734] |T| [close_file]: install_trophy_context: Closing file fd: 0x18
[12:38:45.735] |T| [open_file]: install_trophy_context: Opening file ux0:/user/00/trophy/conf/NPWR03920_00/TROP_03.SFM (ux0:/user/00/trophy/conf/NPWR03920_00/TROP_03.SFM), fd: 0x19
[12:38:45.737] |T| [write_file]: install_trophy_context: Writing to fd: 0x19, size: 7714
[12:38:45.738] |T| [close_file]: install_trophy_context: Closing file fd: 0x19
[12:38:45.740] |T| [open_file]: install_trophy_context: Opening file ux0:/user/00/trophy/conf/NPWR03920_00/TROP_04.SFM (ux0:/user/00/trophy/conf/NPWR03920_00/TROP_04.SFM), fd: 0x1A
[12:38:45.741] |T| [write_file]: install_trophy_context: Writing to fd: 0x1A, size: 7741
[12:38:45.741] |T| [close_file]: install_trophy_context: Closing file fd: 0x1A
[12:38:45.743] |T| [open_file]: install_trophy_context: Opening file ux0:/user/00/trophy/conf/NPWR03920_00/TROP_05.SFM (ux0:/user/00/trophy/conf/NPWR03920_00/TROP_05.SFM), fd: 0x1B
[12:38:45.745] |T| [write_file]: install_trophy_context: Writing to fd: 0x1B, size: 7753
[12:38:45.745] |T| [close_file]: install_trophy_context: Closing file fd: 0x1B
[12:38:45.749] |T| [open_file]: install_trophy_context: Opening file ux0:/user/00/trophy/conf/NPWR03920_00/TROP_07.SFM (ux0:/user/00/trophy/conf/NPWR03920_00/TROP_07.SFM), fd: 0x1C
[12:38:45.751] |T| [write_file]: install_trophy_context: Writing to fd: 0x1C, size: 7539
[12:38:45.752] |T| [close_file]: install_trophy_context: Closing file fd: 0x1C
[12:38:45.753] |T| [open_file]: install_trophy_context: Opening file ux0:/user/00/trophy/conf/NPWR03920_00/TROP_08.SFM (ux0:/user/00/trophy/conf/NPWR03920_00/TROP_08.SFM), fd: 0x1D
[12:38:45.754] |T| [write_file]: install_trophy_context: Writing to fd: 0x1D, size: 9587
[12:38:45.755] |T| [close_file]: install_trophy_context: Closing file fd: 0x1D
[12:38:45.757] |T| [open_file]: install_trophy_context: Opening file ux0:/user/00/trophy/conf/NPWR03920_00/TROP_09.SFM (ux0:/user/00/trophy/conf/NPWR03920_00/TROP_09.SFM), fd: 0x1E
[12:38:45.760] |T| [write_file]: install_trophy_context: Writing to fd: 0x1E, size: 8386
[12:38:45.761] |T| [close_file]: install_trophy_context: Closing file fd: 0x1E
[12:38:45.762] |T| [open_file]: install_trophy_context: Opening file ux0:/user/00/trophy/conf/NPWR03920_00/ICON0.PNG (ux0:/user/00/trophy/conf/NPWR03920_00/ICON0.PNG), fd: 0x1F
[12:38:45.764] |T| [write_file]: install_trophy_context: Writing to fd: 0x1F, size: 54667
[12:38:45.764] |T| [close_file]: install_trophy_context: Closing file fd: 0x1F
[12:38:45.766] |T| [open_file]: install_trophy_context: Opening file ux0:/user/00/trophy/conf/NPWR03920_00/TROP000.PNG (ux0:/user/00/trophy/conf/NPWR03920_00/TROP000.PNG), fd: 0x20
[12:38:45.767] |T| [write_file]: install_trophy_context: Writing to fd: 0x20, size: 91038
[12:38:45.770] |T| [close_file]: install_trophy_context: Closing file fd: 0x20
[12:38:45.771] |T| [open_file]: install_trophy_context: Opening file ux0:/user/00/trophy/conf/NPWR03920_00/TROP001.PNG (ux0:/user/00/trophy/conf/NPWR03920_00/TROP001.PNG), fd: 0x21
[12:38:45.772] |T| [write_file]: install_trophy_context: Writing to fd: 0x21, size: 85777
[12:38:45.773] |T| [close_file]: install_trophy_context: Closing file fd: 0x21
[12:38:45.774] |T| [open_file]: install_trophy_context: Opening file ux0:/user/00/trophy/conf/NPWR03920_00/TROP002.PNG (ux0:/user/00/trophy/conf/NPWR03920_00/TROP002.PNG), fd: 0x22
[12:38:45.775] |T| [write_file]: install_trophy_context: Writing to fd: 0x22, size: 94107
[12:38:45.776] |T| [close_file]: install_trophy_context: Closing file fd: 0x22
[12:38:45.778] |T| [open_file]: install_trophy_context: Opening file ux0:/user/00/trophy/conf/NPWR03920_00/TROP003.PNG (ux0:/user/00/trophy/conf/NPWR03920_00/TROP003.PNG), fd: 0x23
[12:38:45.782] |T| [write_file]: install_trophy_context: Writing to fd: 0x23, size: 100816
[12:38:45.783] |T| [close_file]: install_trophy_context: Closing file fd: 0x23
[12:38:45.784] |T| [open_file]: install_trophy_context: Opening file ux0:/user/00/trophy/conf/NPWR03920_00/TROP004.PNG (ux0:/user/00/trophy/conf/NPWR03920_00/TROP004.PNG), fd: 0x24
[12:38:45.785] |T| [write_file]: install_trophy_context: Writing to fd: 0x24, size: 84824
[12:38:45.786] |T| [close_file]: install_trophy_context: Closing file fd: 0x24
[12:38:45.787] |T| [open_file]: install_trophy_context: Opening file ux0:/user/00/trophy/conf/NPWR03920_00/TROP005.PNG (ux0:/user/00/trophy/conf/NPWR03920_00/TROP005.PNG), fd: 0x25
[12:38:45.788] |T| [write_file]: install_trophy_context: Writing to fd: 0x25, size: 82247
[12:38:45.788] |T| [close_file]: install_trophy_context: Closing file fd: 0x25
[12:38:45.791] |T| [open_file]: install_trophy_context: Opening file ux0:/user/00/trophy/conf/NPWR03920_00/TROP006.PNG (ux0:/user/00/trophy/conf/NPWR03920_00/TROP006.PNG), fd: 0x26
[12:38:45.792] |T| [write_file]: install_trophy_context: Writing to fd: 0x26, size: 91331
[12:38:45.793] |T| [close_file]: install_trophy_context: Closing file fd: 0x26
[12:38:45.794] |T| [open_file]: install_trophy_context: Opening file ux0:/user/00/trophy/conf/NPWR03920_00/TROP007.PNG (ux0:/user/00/trophy/conf/NPWR03920_00/TROP007.PNG), fd: 0x27
[12:38:45.795] |T| [write_file]: install_trophy_context: Writing to fd: 0x27, size: 89624
[12:38:45.795] |T| [close_file]: install_trophy_context: Closing file fd: 0x27
[12:38:45.797] |T| [open_file]: install_trophy_context: Opening file ux0:/user/00/trophy/conf/NPWR03920_00/TROP008.PNG (ux0:/user/00/trophy/conf/NPWR03920_00/TROP008.PNG), fd: 0x28
[12:38:45.798] |T| [write_file]: install_trophy_context: Writing to fd: 0x28, size: 85721
[12:38:45.801] |T| [close_file]: install_trophy_context: Closing file fd: 0x28
[12:38:45.803] |T| [open_file]: install_trophy_context: Opening file ux0:/user/00/trophy/conf/NPWR03920_00/TROP009.PNG (ux0:/user/00/trophy/conf/NPWR03920_00/TROP009.PNG), fd: 0x29
[12:38:45.804] |T| [write_file]: install_trophy_context: Writing to fd: 0x29, size: 85184
[12:38:45.805] |T| [close_file]: install_trophy_context: Closing file fd: 0x29
[12:38:45.806] |T| [open_file]: install_trophy_context: Opening file ux0:/user/00/trophy/conf/NPWR03920_00/TROP010.PNG (ux0:/user/00/trophy/conf/NPWR03920_00/TROP010.PNG), fd: 0x2A
[12:38:45.807] |T| [write_file]: install_trophy_context: Writing to fd: 0x2A, size: 76401
[12:38:45.807] |T| [close_file]: install_trophy_context: Closing file fd: 0x2A
[12:38:45.809] |T| [open_file]: install_trophy_context: Opening file ux0:/user/00/trophy/conf/NPWR03920_00/TROP011.PNG (ux0:/user/00/trophy/conf/NPWR03920_00/TROP011.PNG), fd: 0x2B
[12:38:45.813] |T| [write_file]: install_trophy_context: Writing to fd: 0x2B, size: 90964
[12:38:45.813] |T| [close_file]: install_trophy_context: Closing file fd: 0x2B
[12:38:45.815] |T| [open_file]: install_trophy_context: Opening file ux0:/user/00/trophy/conf/NPWR03920_00/TROP012.PNG (ux0:/user/00/trophy/conf/NPWR03920_00/TROP012.PNG), fd: 0x2C
[12:38:45.816] |T| [write_file]: install_trophy_context: Writing to fd: 0x2C, size: 92494
[12:38:45.817] |T| [close_file]: install_trophy_context: Closing file fd: 0x2C
[12:38:45.818] |T| [open_file]: install_trophy_context: Opening file ux0:/user/00/trophy/conf/NPWR03920_00/TROP013.PNG (ux0:/user/00/trophy/conf/NPWR03920_00/TROP013.PNG), fd: 0x2D
[12:38:45.819] |T| [write_file]: install_trophy_context: Writing to fd: 0x2D, size: 88586
[12:38:45.820] |T| [close_file]: install_trophy_context: Closing file fd: 0x2D
[12:38:45.823] |T| [open_file]: install_trophy_context: Opening file ux0:/user/00/trophy/conf/NPWR03920_00/TROP014.PNG (ux0:/user/00/trophy/conf/NPWR03920_00/TROP014.PNG), fd: 0x2E
[12:38:45.824] |T| [write_file]: install_trophy_context: Writing to fd: 0x2E, size: 93153
[12:38:45.826] |T| [close_file]: install_trophy_context: Closing file fd: 0x2E
[12:38:45.827] |T| [open_file]: install_trophy_context: Opening file ux0:/user/00/trophy/conf/NPWR03920_00/TROP015.PNG (ux0:/user/00/trophy/conf/NPWR03920_00/TROP015.PNG), fd: 0x2F
[12:38:45.828] |T| [write_file]: install_trophy_context: Writing to fd: 0x2F, size: 83494
[12:38:45.829] |T| [close_file]: install_trophy_context: Closing file fd: 0x2F
[12:38:45.830] |T| [open_file]: install_trophy_context: Opening file ux0:/user/00/trophy/conf/NPWR03920_00/TROP016.PNG (ux0:/user/00/trophy/conf/NPWR03920_00/TROP016.PNG), fd: 0x30
[12:38:45.834] |T| [write_file]: install_trophy_context: Writing to fd: 0x30, size: 87398
[12:38:45.834] |T| [close_file]: install_trophy_context: Closing file fd: 0x30
[12:38:45.835] |T| [open_file]: install_trophy_context: Opening file ux0:/user/00/trophy/conf/NPWR03920_00/TROP017.PNG (ux0:/user/00/trophy/conf/NPWR03920_00/TROP017.PNG), fd: 0x31
[12:38:45.836] |T| [write_file]: install_trophy_context: Writing to fd: 0x31, size: 96655
[12:38:45.837] |T| [close_file]: install_trophy_context: Closing file fd: 0x31
[12:38:45.837] |T| [open_file]: install_trophy_context: Opening file ux0:/user/00/trophy/conf/NPWR03920_00/TROP018.PNG (ux0:/user/00/trophy/conf/NPWR03920_00/TROP018.PNG), fd: 0x32
[12:38:45.838] |T| [write_file]: install_trophy_context: Writing to fd: 0x32, size: 87015
[12:38:45.839] |T| [close_file]: install_trophy_context: Closing file fd: 0x32
[12:38:45.840] |T| [open_file]: install_trophy_context: Opening file ux0:/user/00/trophy/conf/NPWR03920_00/TROP019.PNG (ux0:/user/00/trophy/conf/NPWR03920_00/TROP019.PNG), fd: 0x33
[12:38:45.841] |T| [write_file]: install_trophy_context: Writing to fd: 0x33, size: 84102
[12:38:45.844] |T| [close_file]: install_trophy_context: Closing file fd: 0x33
[12:38:45.846] |T| [open_file]: install_trophy_context: Opening file ux0:/user/00/trophy/conf/NPWR03920_00/TROP020.PNG (ux0:/user/00/trophy/conf/NPWR03920_00/TROP020.PNG), fd: 0x34
[12:38:45.847] |T| [write_file]: install_trophy_context: Writing to fd: 0x34, size: 84480
[12:38:45.847] |T| [close_file]: install_trophy_context: Closing file fd: 0x34
[12:38:45.848] |T| [open_file]: install_trophy_context: Opening file ux0:/user/00/trophy/conf/NPWR03920_00/TROP021.PNG (ux0:/user/00/trophy/conf/NPWR03920_00/TROP021.PNG), fd: 0x35
[12:38:45.849] |T| [write_file]: install_trophy_context: Writing to fd: 0x35, size: 99311
[12:38:45.850] |T| [close_file]: install_trophy_context: Closing file fd: 0x35
[12:38:45.851] |T| [open_file]: install_trophy_context: Opening file ux0:/user/00/trophy/conf/NPWR03920_00/TROP022.PNG (ux0:/user/00/trophy/conf/NPWR03920_00/TROP022.PNG), fd: 0x36
[12:38:45.852] |T| [write_file]: install_trophy_context: Writing to fd: 0x36, size: 90076
[12:38:45.852] |T| [close_file]: install_trophy_context: Closing file fd: 0x36
[12:38:45.855] |T| [open_file]: install_trophy_context: Opening file ux0:/user/00/trophy/conf/NPWR03920_00/TROP023.PNG (ux0:/user/00/trophy/conf/NPWR03920_00/TROP023.PNG), fd: 0x37
[12:38:45.857] |T| [write_file]: install_trophy_context: Writing to fd: 0x37, size: 102082
[12:38:45.857] |T| [close_file]: install_trophy_context: Closing file fd: 0x37
[12:38:45.858] |T| [open_file]: install_trophy_context: Opening file ux0:/user/00/trophy/conf/NPWR03920_00/TROP024.PNG (ux0:/user/00/trophy/conf/NPWR03920_00/TROP024.PNG), fd: 0x38
[12:38:45.859] |T| [write_file]: install_trophy_context: Writing to fd: 0x38, size: 87074
[12:38:45.860] |T| [close_file]: install_trophy_context: Closing file fd: 0x38
[12:38:45.861] |T| [open_file]: install_trophy_context: Opening file ux0:/user/00/trophy/conf/NPWR03920_00/TROP025.PNG (ux0:/user/00/trophy/conf/NPWR03920_00/TROP025.PNG), fd: 0x39
[12:38:45.862] |T| [write_file]: install_trophy_context: Writing to fd: 0x39, size: 71454
[12:38:45.863] |T| [close_file]: install_trophy_context: Closing file fd: 0x39
[12:38:45.866] |T| [open_file]: install_trophy_context: Opening file ux0:/user/00/trophy/conf/NPWR03920_00/TROP026.PNG (ux0:/user/00/trophy/conf/NPWR03920_00/TROP026.PNG), fd: 0x3A
[12:38:45.868] |T| [write_file]: install_trophy_context: Writing to fd: 0x3A, size: 93225
[12:38:45.868] |T| [close_file]: install_trophy_context: Closing file fd: 0x3A
[12:38:45.869] |T| [open_file]: install_trophy_context: Opening file ux0:/user/00/trophy/conf/NPWR03920_00/TROP027.PNG (ux0:/user/00/trophy/conf/NPWR03920_00/TROP027.PNG), fd: 0x3B
[12:38:45.870] |T| [write_file]: install_trophy_context: Writing to fd: 0x3B, size: 88079
[12:38:45.870] |T| [close_file]: install_trophy_context: Closing file fd: 0x3B
[12:38:45.871] |T| [open_file]: install_trophy_context: Opening file ux0:/user/00/trophy/conf/NPWR03920_00/TROP028.PNG (ux0:/user/00/trophy/conf/NPWR03920_00/TROP028.PNG), fd: 0x3C
[12:38:45.872] |T| [write_file]: install_trophy_context: Writing to fd: 0x3C, size: 73668
[12:38:45.873] |T| [close_file]: install_trophy_context: Closing file fd: 0x3C
[12:38:45.874] |T| [open_file]: install_trophy_context: Opening file ux0:/user/00/trophy/conf/NPWR03920_00/TROP029.PNG (ux0:/user/00/trophy/conf/NPWR03920_00/TROP029.PNG), fd: 0x3D
[12:38:45.878] |T| [write_file]: install_trophy_context: Writing to fd: 0x3D, size: 82778
[12:38:45.878] |T| [close_file]: install_trophy_context: Closing file fd: 0x3D
[12:38:45.879] |T| [open_file]: install_trophy_context: Opening file ux0:/user/00/trophy/conf/NPWR03920_00/TROP030.PNG (ux0:/user/00/trophy/conf/NPWR03920_00/TROP030.PNG), fd: 0x3E
[12:38:45.880] |T| [write_file]: install_trophy_context: Writing to fd: 0x3E, size: 84491
[12:38:45.881] |T| [close_file]: install_trophy_context: Closing file fd: 0x3E
[12:38:45.882] |T| [open_file]: install_trophy_context: Opening file ux0:/user/00/trophy/conf/NPWR03920_00/TROP031.PNG (ux0:/user/00/trophy/conf/NPWR03920_00/TROP031.PNG), fd: 0x3F
[12:38:45.883] |T| [write_file]: install_trophy_context: Writing to fd: 0x3F, size: 86435
[12:38:45.884] |T| [close_file]: install_trophy_context: Closing file fd: 0x3F
[12:38:45.885] |T| [open_file]: install_trophy_context: Opening file ux0:/user/00/trophy/conf/NPWR03920_00/TROP032.PNG (ux0:/user/00/trophy/conf/NPWR03920_00/TROP032.PNG), fd: 0x40
[12:38:45.886] |T| [write_file]: install_trophy_context: Writing to fd: 0x40, size: 74886
[12:38:45.888] |T| [close_file]: install_trophy_context: Closing file fd: 0x40
[12:38:45.889] |T| [open_file]: install_trophy_context: Opening file ux0:/user/00/trophy/conf/NPWR03920_00/TROP033.PNG (ux0:/user/00/trophy/conf/NPWR03920_00/TROP033.PNG), fd: 0x41
[12:38:45.890] |T| [write_file]: install_trophy_context: Writing to fd: 0x41, size: 76169
[12:38:45.891] |T| [close_file]: install_trophy_context: Closing file fd: 0x41
[12:38:45.892] |T| [open_file]: install_trophy_context: Opening file ux0:/user/00/trophy/conf/NPWR03920_00/TROP034.PNG (ux0:/user/00/trophy/conf/NPWR03920_00/TROP034.PNG), fd: 0x42
[12:38:45.893] |T| [write_file]: install_trophy_context: Writing to fd: 0x42, size: 83961
[12:38:45.894] |T| [close_file]: install_trophy_context: Closing file fd: 0x42
[12:38:45.895] |T| [open_file]: install_trophy_context: Opening file ux0:/user/00/trophy/conf/NPWR03920_00/TROP035.PNG (ux0:/user/00/trophy/conf/NPWR03920_00/TROP035.PNG), fd: 0x43
[12:38:45.896] |T| [write_file]: install_trophy_context: Writing to fd: 0x43, size: 86746
[12:38:45.896] |T| [close_file]: install_trophy_context: Closing file fd: 0x43
[12:38:45.901] |T| [open_file]: install_trophy_context: Opening file ux0:/user/00/trophy/conf/NPWR03920_00/TROP036.PNG (ux0:/user/00/trophy/conf/NPWR03920_00/TROP036.PNG), fd: 0x44
[12:38:45.902] |T| [write_file]: install_trophy_context: Writing to fd: 0x44, size: 98388
[12:38:45.902] |T| [close_file]: install_trophy_context: Closing file fd: 0x44
[12:38:45.903] |T| [open_file]: install_trophy_context: Opening file ux0:/user/00/trophy/conf/NPWR03920_00/TROP037.PNG (ux0:/user/00/trophy/conf/NPWR03920_00/TROP037.PNG), fd: 0x45
[12:38:45.904] |T| [write_file]: install_trophy_context: Writing to fd: 0x45, size: 84574
[12:38:45.905] |T| [close_file]: install_trophy_context: Closing file fd: 0x45
[12:38:45.906] |T| [open_file]: install_trophy_context: Opening file ux0:/user/00/trophy/conf/NPWR03920_00/TROP038.PNG (ux0:/user/00/trophy/conf/NPWR03920_00/TROP038.PNG), fd: 0x46
[12:38:45.907] |T| [write_file]: install_trophy_context: Writing to fd: 0x46, size: 82634
[12:38:45.908] |T| [close_file]: install_trophy_context: Closing file fd: 0x46
[12:38:45.909] |T| [open_file]: install_trophy_context: Opening file ux0:/user/00/trophy/conf/NPWR03920_00/TROP039.PNG (ux0:/user/00/trophy/conf/NPWR03920_00/TROP039.PNG), fd: 0x47
[12:38:45.912] |T| [write_file]: install_trophy_context: Writing to fd: 0x47, size: 87654
[12:38:45.912] |T| [close_file]: install_trophy_context: Closing file fd: 0x47
[12:38:45.914] |T| [open_file]: install_trophy_context: Opening file ux0:/user/00/trophy/conf/NPWR03920_00/TROP040.PNG (ux0:/user/00/trophy/conf/NPWR03920_00/TROP040.PNG), fd: 0x48
[12:38:45.914] |T| [write_file]: install_trophy_context: Writing to fd: 0x48, size: 92772
[12:38:45.915] |T| [close_file]: install_trophy_context: Closing file fd: 0x48
[12:38:45.916] |T| [open_file]: install_trophy_context: Opening file ux0:/user/00/trophy/conf/NPWR03920_00/TROP041.PNG (ux0:/user/00/trophy/conf/NPWR03920_00/TROP041.PNG), fd: 0x49
[12:38:45.917] |T| [write_file]: install_trophy_context: Writing to fd: 0x49, size: 82383
[12:38:45.918] |T| [close_file]: install_trophy_context: Closing file fd: 0x49
[12:38:45.918] |T| [open_file]: install_trophy_context: Opening file ux0:/user/00/trophy/conf/NPWR03920_00/TROP042.PNG (ux0:/user/00/trophy/conf/NPWR03920_00/TROP042.PNG), fd: 0x4A
[12:38:45.919] |T| [write_file]: install_trophy_context: Writing to fd: 0x4A, size: 92376
[12:38:45.920] |T| [close_file]: install_trophy_context: Closing file fd: 0x4A
[12:38:45.923] |T| [open_file]: install_trophy_context: Opening file ux0:/user/00/trophy/conf/NPWR03920_00/TROP043.PNG (ux0:/user/00/trophy/conf/NPWR03920_00/TROP043.PNG), fd: 0x4B
[12:38:45.923] |T| [write_file]: install_trophy_context: Writing to fd: 0x4B, size: 87339
