[13:08:56.732] |I| [config::init_config]: backend-renderer: Vulkan
[13:08:56.733] |I| [config::init_config]: log-level: 0
[13:08:56.819] |I| [SDL_main]: Vita3K v0.1.6 3020-a4ded14b
[13:08:56.819] |I| [SDL_main]: Number of logical CPU cores: 4
[13:08:56.820] |I| [SDL_main]: Available ram memory: 8077 MiB
[13:08:56.925] |I| [renderer::vulkan::VKState::create]: Vulkan device: NVIDIA GeForce GTX 650
[13:08:56.926] |I| [renderer::vulkan::VKState::create]: Driver version: 472.98.0.0
[13:08:56.927] |I| [renderer::vulkan::VKState::create]: Memory mapping is enabled
[13:08:57.238] |I| [renderer::vulkan::ScreenRenderer::setup]: Present mode: Mailbox
[13:08:57.821] |W| [compat::load_compat_app_db]: App with title ID PCSH00143 has an issue but no status label. Please check GitHub issue 1218 and request a status label to be added.
[13:08:57.821] |W| [compat::load_compat_app_db]: App with title ID PCSG00600 has an issue but no status label. Please check GitHub issue 1210 and request a status label to be added.
[13:08:57.853] |I| [gui::load_app_icon]: Default icon found for App Sound backup neptune, [Sound backup neptune] in path Sound backup neptune.
[13:09:01.189] |I| [compat::update_compat_app_db]: Applications compatibility database is up to date.
[13:09:17.689] |I| [load_app_impl]: cpu-backend: Dynarmic
[13:09:17.689] |I| [load_app_impl]: CPU Optimisation state: true
[13:09:17.690] |I| [load_app_impl]: ngs state: true
[13:09:17.690] |I| [load_app_impl]: Resolution multiplier: 2
[13:09:17.691] |I| [load_app_impl]: 1 Controllers Connected
[13:09:17.691] |I| [load_app_impl]: Controller 0: PS4 Controller
[13:09:17.691] |I| [load_app_impl]: modules mode: Automatic
[13:09:17.691] |I| [load_app_impl]: Title: Jak and Daxter Collection
[13:09:17.691] |I| [load_app_impl]: Serial: PCSA00080
[13:09:17.691] |I| [load_app_impl]: Version: 1.00
[13:09:17.692] |I| [load_app_impl]: Category: gd
[13:09:17.707] |I| [load_self]: app0:sce_module/libc.suprx: Skipping special segment 0x6FFFFF01...
[13:09:17.707] |I| [load_self]: Loaded module segment 0 @ [0x00005000 - 0x00040C2C / 0x81000000] (size: 0x0003BC2C) of module app0:sce_module/libc.suprx
[13:09:17.708] |I| [load_self]: Loaded module segment 1 @ [0x00041000 - 0x00043380 / 0x8103C000] (size: 0x00002380) of module app0:sce_module/libc.suprx
[13:09:17.709] |I| [load_self]: Linking SELF app0:sce_module/libc.suprx...
[13:09:17.710] |D| [load_var_exports]: 	NID 0x6C2224BA (NID_MODULE_INFO) at 0x32540
[13:09:17.711] |I| [pre_load_module]: Pre-load module SceLibc (at "sce_module/libc.suprx") loaded
[13:09:17.721] |I| [load_self]: app0:sce_module/libfios2.suprx: Skipping special segment 0x6FFFFF01...
[13:09:17.721] |I| [load_self]: Loaded module segment 0 @ [0x00044000 - 0x000653BC / 0x81000000] (size: 0x000213BC) of module app0:sce_module/libfios2.suprx
[13:09:17.723] |I| [load_self]: Loaded module segment 1 @ [0x00066000 - 0x0006B1B8 / 0x81022000] (size: 0x000051B8) of module app0:sce_module/libfios2.suprx
[13:09:17.724] |I| [load_self]: Linking SELF app0:sce_module/libfios2.suprx...
[13:09:17.724] |D| [load_var_exports]: 	NID 0x6C2224BA (NID_MODULE_INFO) at 0x5ED84
[13:09:17.725] |I| [pre_load_module]: Pre-load module SceLibFios2 (at "sce_module/libfios2.suprx") loaded
[13:09:17.731] |I| [load_self]: app0:sce_module/libult.suprx: Skipping special segment 0x6FFFFF01...
[13:09:17.732] |I| [load_self]: Loaded module segment 0 @ [0x0006C000 - 0x0007F474 / 0x81000000] (size: 0x00013474) of module app0:sce_module/libult.suprx
[13:09:17.733] |I| [load_self]: Loaded module segment 1 @ [0x00080000 - 0x00080814 / 0x81014000] (size: 0x00000814) of module app0:sce_module/libult.suprx
[13:09:17.734] |I| [load_self]: Linking SELF app0:sce_module/libult.suprx...
[13:09:17.736] |D| [load_var_exports]: 	NID 0x6C2224BA (NID_MODULE_INFO) at 0x7B714
[13:09:17.737] |I| [pre_load_module]: Pre-load module SceUlt (at "sce_module/libult.suprx") loaded
[13:09:17.751] |I| [load_self]: Loaded module segment 0 @ [0x00081000 - 0x000D1F04 / 0x81000000] (size: 0x00050F04) of module vs0:sys/external/libSceFt2.suprx
[13:09:17.753] |I| [load_self]: Loaded module segment 1 @ [0x000D2000 - 0x000D22F4 / 0x81051000] (size: 0x000002F4) of module vs0:sys/external/libSceFt2.suprx
[13:09:17.755] |I| [load_self]: Linking SELF vs0:sys/external/libSceFt2.suprx...
[13:09:17.755] |D| [load_var_exports]: 	NID 0x936C8A78 (SYSLYB) at 0xBD7DC
[13:09:17.756] |D| [load_var_exports]: 	NID 0x6C2224BA (NID_MODULE_INFO) at 0xBCF10
[13:09:17.757] |I| [pre_load_module]: Pre-load module SceLibft2 (at "sys/external/libSceFt2.suprx") loaded
[13:09:17.762] |I| [load_self]: Loaded module segment 0 @ [0x000D3000 - 0x000E2F14 / 0x81000000] (size: 0x0000FF14) of module vs0:sys/external/libpvf.suprx
[13:09:17.762] |I| [load_self]: Loaded module segment 1 @ [0x000E3000 - 0x000E3008 / 0x81010000] (size: 0x00000008) of module vs0:sys/external/libpvf.suprx
[13:09:17.764] |I| [load_self]: Linking SELF vs0:sys/external/libpvf.suprx...
[13:09:17.764] |D| [load_var_exports]: 	NID 0x936C8A78 (SYSLYB) at 0xE1710
[13:09:17.765] |D| [load_var_exports]: 	NID 0x6C2224BA (NID_MODULE_INFO) at 0xE1300
[13:09:17.766] |I| [pre_load_module]: Pre-load module SceLibPvf (at "sys/external/libpvf.suprx") loaded
[13:09:17.824] |I| [load_self]: app0:eboot.bin: Skipping special segment 0x6FFFFF01...
[13:09:17.825] |I| [load_self]: Loaded module segment 0 @ [0x81000000 - 0x811ABFAC / 0x81000000] (size: 0x001ABFAC) of module app0:eboot.bin
[13:09:17.826] |I| [load_self]: Loaded module segment 1 @ [0x811AC000 - 0x81255EEC / 0x811AC000] (size: 0x000A9EEC) of module app0:eboot.bin
[13:09:17.827] |I| [load_self]: Linking SELF app0:eboot.bin...
[13:09:17.828] |D| [load_var_exports]: 	NID 0x6C2224BA (NID_MODULE_INFO) at 0x8118A720
[13:09:17.829] |D| [load_var_exports]: 	NID 0x70FBA1E7 (SCE_PROC_PARAMS) at 0x811AD5B4
[13:09:17.829] |I| [load_app_impl]: Main executable JakCollection_psp2 (eboot.bin) loaded
[13:09:17.832] |I| [renderer::vulkan::VKState::precompile_shader]: Program Compiled 1/4
[13:09:17.833] |I| [renderer::vulkan::VKState::precompile_shader]: Program Compiled 2/4
[13:09:17.834] |I| [renderer::vulkan::VKState::precompile_shader]: Program Compiled 3/4
[13:09:17.837] |I| [renderer::vulkan::VKState::precompile_shader]: Program Compiled 4/4
[13:09:17.862] |D| [run_app]: Running module_start of library: SceLibc at address 0x55B1
[13:09:17.943] |T| [open_file]: sceKernelGetStdin: Opening terminal tty0:
[13:09:17.944] |T| [open_file]: sceKernelGetStdout: Opening terminal tty0:
[13:09:17.945] |T| [open_file]: sceKernelGetStderr: Opening terminal tty0:
[13:09:17.953] |I| [run_app]: Module SceLibc (at "app0:sce_module/libc.suprx") module_start returned 0x0
[13:09:17.960] |D| [run_app]: Running module_start of library: SceLibFios2 at address 0x44001
[13:09:17.983] |W| [stubbed_impl]: Stubbed sceKernelGetProcessId import called. (pid: 0)
[13:09:17.984] |W| [unimplemented_impl]: Unimplemented _sceFiosKernelOverlayGetList import called.
[13:09:17.985] |I| [run_app]: Module SceLibFios2 (at "app0:sce_module/libfios2.suprx") module_start returned 0x0
[13:09:17.992] |D| [run_app]: Running module_start of library: SceUlt at address 0x6F95D
[13:09:18.015] |W| [unimplemented_impl]: Unimplemented _sceUlobjMgrRegisterLibultProtocolRevision import called.
[13:09:18.016] |I| [run_app]: Module SceUlt (at "app0:sce_module/libult.suprx") module_start returned 0x0
[13:09:18.025] |W| [unimplemented_impl]: Unimplemented sceKernelRegisterThreadEventHandler import called.
[13:09:18.045] |T| [write_file]: *** TTY: Jak Collection main...
[13:09:18.048] |T| [open_file]: _sceKernelLoadStartModule: Opening file app0:JakConfig.suprx (ux0:/app/PCSA00080/JakConfig.suprx), fd: 0x3
[13:09:18.050] |I| [load_self]: app0:JakConfig.suprx: Skipping special segment 0x6FFFFF01...
[13:09:18.051] |I| [load_self]: Loaded module segment 0 @ [0x00126000 - 0x00126464 / 0x81000000] (size: 0x00000464) of module app0:JakConfig.suprx
[13:09:18.056] |I| [load_self]: Loaded module segment 1 @ [0x00127000 - 0x0012700C / 0x81001000] (size: 0x0000000C) of module app0:JakConfig.suprx
[13:09:18.061] |I| [load_self]: Linking SELF app0:JakConfig.suprx...
[13:09:18.065] |D| [load_var_exports]: 	NID 0x6C2224BA (NID_MODULE_INFO) at 0x1262AC
[13:09:18.065] |T| [close_file]: _sceKernelLoadStartModule: Closing file fd: 0x3
[13:09:18.071] |I| [start_module]: Module JakConfig (at "app0:JakConfig.suprx") module_start returned 0x0
[13:09:18.079] |T| [log_import_call]: [LLE] TID: 7   FUNC: 0xC8D8C4B5 UNRECOGNISED at 0x81189B70
[13:09:18.082] |T| [write_file]: *** TTY: Title ID: PCSA00080
[13:09:18.083] |W| [unimplemented_impl]: Unimplemented sceAppUtilInit import called.
[13:09:18.117] |W| [unimplemented_impl]: Unimplemented sceKernelChangeThreadVfpException import called.
[13:09:18.118] |W| [unimplemented_impl]: Unimplemented _sceFiosKernelOverlayThreadSetDisabled import called.
[13:09:18.190] |W| [unimplemented_impl]: Unimplemented _sceFiosKernelOverlayGetRecommendedScheduler import called.
[13:09:18.196] |I| [export_sceIoOpen]: Opening file: app0:/JakCollection/jc.psarc
[13:09:18.196] |T| [open_file]: sceIoOpen: Opening file app0:/JakCollection/jc.psarc (ux0:/app/PCSA00080/JakCollection/jc.psarc), fd: 0x4
[13:09:18.267] |I| [export_sceIoOpen]: Opening file: app0:/JakCollection/jc.psarc
[13:09:18.268] |T| [open_file]: sceIoOpen: Opening file app0:/JakCollection/jc.psarc (ux0:/app/PCSA00080/JakCollection/jc.psarc), fd: 0x5
[13:09:18.293] |T| [close_file]: sceIoClose: Closing file fd: 0x5
[13:09:18.301] |I| [export_sceIoOpen]: Opening file: app0:/JakCollection/jc.psarc
[13:09:18.302] |T| [open_file]: sceIoOpen: Opening file app0:/JakCollection/jc.psarc (ux0:/app/PCSA00080/JakCollection/jc.psarc), fd: 0x6
[13:09:18.451] |W| [stubbed_impl]: Stubbed sceGxmMapVertexUsseMemory import called. (always return success)
[13:09:18.452] |W| [stubbed_impl]: Stubbed sceGxmMapFragmentUsseMemory import called. (always return success)
[13:09:18.515] |W| [stubbed_impl]: Stubbed sceGxmSetVisibilityBuffer import called. (Set all visible)
[13:09:18.539] |T| [write_file]: *** TTY: m_SelfPath = app0:   m_DataPath = /
[13:09:18.678] |W| [unimplemented_impl]: Unimplemented sceNgsSystemSetFlags import called.
[13:09:18.679] |W| [ngs::create_voice_definition]: Missing voice definition for Buss Type 1, using passthrough.
[13:09:18.680] |W| [stubbed_impl]: Stubbed sceNgsVoiceInit import called. (Default preset not implemented)
[13:09:18.681] |T| [write_file]: *** TTY: # Audio out thread started
[13:09:18.681] |I| [ngs::scream::PlayerVoiceDefinition::new_modules]: Scream player voice definition stubbed
[13:09:18.682] |I| [ngs::scream::PlayerVoiceDefinition::new_modules]: Scream player voice definition stubbed
[13:09:18.683] |I| [ngs::scream::Atrac9VoiceDefinition::new_modules]: Scream Atrac9 voice definition stubbed
[13:09:18.684] |I| [ngs::scream::PlayerVoiceDefinition::new_modules]: Scream player voice definition stubbed
[13:09:18.685] |I| [ngs::scream::PlayerVoiceDefinition::new_modules]: Scream player voice definition stubbed
[13:09:18.685] |I| [ngs::scream::Atrac9VoiceDefinition::new_modules]: Scream Atrac9 voice definition stubbed
[13:09:18.686] |W| [ngs::create_voice_definition]: Missing voice definition for Buss Type 10, using passthrough.
[13:09:18.687] |T| [export_sceNgsPatchCreateRouting]: Patching 0xA56EE0:0:0 to 0xA254B0:0
[13:09:18.693] |T| [export_sceNgsPatchCreateRouting]: Patching 0xA254B0:0:0 to 0xA25970:0
[13:09:18.695] |T| [export_sceNgsPatchCreateRouting]: Patching 0xA25B40:1:1 to 0xA56EE0:0
[13:09:18.696] |T| [export_sceNgsPatchCreateRouting]: Patching 0xA25EC0:1:1 to 0xA56EE0:0
[13:09:18.696] |T| [export_sceNgsPatchCreateRouting]: Patching 0xA26240:1:1 to 0xA56EE0:0
[13:09:18.697] |T| [export_sceNgsPatchCreateRouting]: Patching 0xA265C0:1:1 to 0xA56EE0:0
[13:09:18.698] |T| [export_sceNgsPatchCreateRouting]: Patching 0xA26940:1:1 to 0xA56EE0:0
[13:09:18.699] |T| [export_sceNgsPatchCreateRouting]: Patching 0xA26CC0:1:1 to 0xA56EE0:0
[13:09:18.699] |T| [export_sceNgsPatchCreateRouting]: Patching 0xA27040:1:1 to 0xA56EE0:0
[13:09:18.700] |T| [export_sceNgsPatchCreateRouting]: Patching 0xA273C0:1:1 to 0xA56EE0:0
[13:09:18.700] |T| [export_sceNgsPatchCreateRouting]: Patching 0xA27740:1:1 to 0xA56EE0:0
[13:09:18.701] |T| [export_sceNgsPatchCreateRouting]: Patching 0xA27AC0:1:1 to 0xA56EE0:0
[13:09:18.701] |T| [export_sceNgsPatchCreateRouting]: Patching 0xA27E40:1:1 to 0xA56EE0:0
[13:09:18.702] |T| [export_sceNgsPatchCreateRouting]: Patching 0xA281C0:1:1 to 0xA56EE0:0
[13:09:18.703] |T| [export_sceNgsPatchCreateRouting]: Patching 0xA28540:1:1 to 0xA56EE0:0
[13:09:18.703] |T| [export_sceNgsPatchCreateRouting]: Patching 0xA288C0:1:1 to 0xA56EE0:0
[13:09:18.704] |T| [export_sceNgsPatchCreateRouting]: Patching 0xA28C40:1:1 to 0xA56EE0:0
[13:09:18.704] |T| [export_sceNgsPatchCreateRouting]: Patching 0xA28FC0:1:1 to 0xA56EE0:0
[13:09:18.705] |T| [export_sceNgsPatchCreateRouting]: Patching 0xA4E2A0:1:1 to 0xA56EE0:0
[13:09:18.707] |T| [export_sceNgsPatchCreateRouting]: Patching 0xA4E620:1:1 to 0xA56EE0:0
[13:09:18.708] |T| [export_sceNgsPatchCreateRouting]: Patching 0xA4E9A0:1:1 to 0xA56EE0:0
[13:09:18.708] |T| [export_sceNgsPatchCreateRouting]: Patching 0xA4ED20:1:1 to 0xA56EE0:0
[13:09:18.709] |T| [export_sceNgsPatchCreateRouting]: Patching 0xA4F0A0:1:1 to 0xA56EE0:0
[13:09:18.710] |T| [export_sceNgsPatchCreateRouting]: Patching 0xA4F420:1:1 to 0xA56EE0:0
[13:09:18.710] |T| [export_sceNgsPatchCreateRouting]: Patching 0xA4F7A0:1:1 to 0xA56EE0:0
[13:09:18.711] |T| [export_sceNgsPatchCreateRouting]: Patching 0xA4FB20:1:1 to 0xA56EE0:0
[13:09:18.712] |T| [export_sceNgsPatchCreateRouting]: Patching 0xA2B7E0:1:1 to 0xA56EE0:0
[13:09:18.713] |T| [export_sceNgsPatchCreateRouting]: Patching 0xA2BB60:1:1 to 0xA56EE0:0
[13:09:18.713] |T| [export_sceNgsPatchCreateRouting]: Patching 0xA2BEE0:1:1 to 0xA56EE0:0
[13:09:18.714] |T| [export_sceNgsPatchCreateRouting]: Patching 0xA2C260:1:1 to 0xA56EE0:0
[13:09:18.714] |T| [export_sceNgsPatchCreateRouting]: Patching 0xA2C5E0:1:1 to 0xA56EE0:0
[13:09:18.715] |T| [export_sceNgsPatchCreateRouting]: Patching 0xA2C960:1:1 to 0xA56EE0:0
[13:09:18.715] |T| [export_sceNgsPatchCreateRouting]: Patching 0xA2CCE0:1:1 to 0xA56EE0:0
[13:09:18.716] |T| [export_sceNgsPatchCreateRouting]: Patching 0xA2D060:1:1 to 0xA56EE0:0
[13:09:18.716] |T| [export_sceNgsPatchCreateRouting]: Patching 0xA2D3E0:1:1 to 0xA56EE0:0
[13:09:18.717] |T| [export_sceNgsPatchCreateRouting]: Patching 0xA2D760:1:1 to 0xA56EE0:0
[13:09:18.717] |T| [export_sceNgsPatchCreateRouting]: Patching 0xA2DAE0:1:1 to 0xA56EE0:0
[13:09:18.718] |T| [export_sceNgsPatchCreateRouting]: Patching 0xA2DE60:1:1 to 0xA56EE0:0
[13:09:18.719] |T| [export_sceNgsPatchCreateRouting]: Patching 0xA2E1E0:1:1 to 0xA56EE0:0
[13:09:18.719] |T| [export_sceNgsPatchCreateRouting]: Patching 0xA2E560:1:1 to 0xA56EE0:0
[13:09:18.720] |T| [export_sceNgsPatchCreateRouting]: Patching 0xA2E8E0:1:1 to 0xA56EE0:0
[13:09:18.720] |T| [export_sceNgsPatchCreateRouting]: Patching 0xA2EC60:1:1 to 0xA56EE0:0
[13:09:18.721] |T| [export_sceNgsPatchCreateRouting]: Patching 0xA2EFE0:1:1 to 0xA56EE0:0
[13:09:18.721] |T| [export_sceNgsPatchCreateRouting]: Patching 0xA2F360:1:1 to 0xA56EE0:0
[13:09:18.724] |T| [export_sceNgsPatchCreateRouting]: Patching 0xA2F6E0:1:1 to 0xA56EE0:0
[13:09:18.725] |T| [export_sceNgsPatchCreateRouting]: Patching 0xA2FA60:1:1 to 0xA56EE0:0
[13:09:18.725] |T| [export_sceNgsPatchCreateRouting]: Patching 0xA2FDE0:1:1 to 0xA56EE0:0
[13:09:18.726] |T| [export_sceNgsPatchCreateRouting]: Patching 0xA30160:1:1 to 0xA56EE0:0
[13:09:18.726] |T| [export_sceNgsPatchCreateRouting]: Patching 0xA304E0:1:1 to 0xA56EE0:0
[13:09:18.727] |T| [export_sceNgsPatchCreateRouting]: Patching 0xA30860:1:1 to 0xA56EE0:0
[13:09:18.727] |T| [export_sceNgsPatchCreateRouting]: Patching 0xA30BE0:1:1 to 0xA56EE0:0
[13:09:18.728] |T| [export_sceNgsPatchCreateRouting]: Patching 0xA30F60:1:1 to 0xA56EE0:0
[13:09:18.728] |T| [export_sceNgsPatchCreateRouting]: Patching 0xA312E0:1:1 to 0xA56EE0:0
[13:09:18.729] |T| [export_sceNgsPatchCreateRouting]: Patching 0xA31660:1:1 to 0xA56EE0:0
[13:09:18.730] |T| [export_sceNgsPatchCreateRouting]: Patching 0xA319E0:1:1 to 0xA56EE0:0
[13:09:18.730] |T| [export_sceNgsPatchCreateRouting]: Patching 0xA31D60:1:1 to 0xA56EE0:0
[13:09:18.731] |T| [export_sceNgsPatchCreateRouting]: Patching 0xA320E0:1:1 to 0xA56EE0:0
[13:09:18.731] |T| [export_sceNgsPatchCreateRouting]: Patching 0xA32460:1:1 to 0xA56EE0:0
[13:09:18.732] |T| [export_sceNgsPatchCreateRouting]: Patching 0xA327E0:1:1 to 0xA56EE0:0
[13:09:18.732] |T| [export_sceNgsPatchCreateRouting]: Patching 0xA32B60:1:1 to 0xA56EE0:0
[13:09:18.733] |T| [export_sceNgsPatchCreateRouting]: Patching 0xA32EE0:1:1 to 0xA56EE0:0
[13:09:18.734] |T| [export_sceNgsPatchCreateRouting]: Patching 0xA33260:1:1 to 0xA56EE0:0
[13:09:18.734] |T| [export_sceNgsPatchCreateRouting]: Patching 0xA335E0:1:1 to 0xA56EE0:0
[13:09:18.735] |T| [export_sceNgsPatchCreateRouting]: Patching 0xA33960:1:1 to 0xA56EE0:0
[13:09:18.735] |T| [export_sceNgsPatchCreateRouting]: Patching 0xA33CE0:1:1 to 0xA56EE0:0
[13:09:18.736] |T| [export_sceNgsPatchCreateRouting]: Patching 0xA34060:1:1 to 0xA56EE0:0
[13:09:18.736] |T| [export_sceNgsPatchCreateRouting]: Patching 0xA343E0:1:1 to 0xA56EE0:0
[13:09:18.737] |T| [export_sceNgsPatchCreateRouting]: Patching 0xA34760:1:1 to 0xA56EE0:0
[13:09:18.740] |T| [export_sceNgsPatchCreateRouting]: Patching 0xA34AE0:1:1 to 0xA56EE0:0
[13:09:18.740] |T| [export_sceNgsPatchCreateRouting]: Patching 0xA34E60:1:1 to 0xA56EE0:0
[13:09:18.741] |T| [export_sceNgsPatchCreateRouting]: Patching 0xA351E0:1:1 to 0xA56EE0:0
[13:09:18.741] |T| [export_sceNgsPatchCreateRouting]: Patching 0xA35560:1:1 to 0xA56EE0:0
[13:09:18.742] |T| [export_sceNgsPatchCreateRouting]: Patching 0xA358E0:1:1 to 0xA56EE0:0
[13:09:18.742] |T| [export_sceNgsPatchCreateRouting]: Patching 0xA35C60:1:1 to 0xA56EE0:0
[13:09:18.743] |T| [export_sceNgsPatchCreateRouting]: Patching 0xA35FE0:1:1 to 0xA56EE0:0
[13:09:18.743] |T| [export_sceNgsPatchCreateRouting]: Patching 0xA36360:1:1 to 0xA56EE0:0
[13:09:18.744] |T| [export_sceNgsPatchCreateRouting]: Patching 0xA366E0:1:1 to 0xA56EE0:0
[13:09:18.744] |T| [export_sceNgsPatchCreateRouting]: Patching 0xA36A60:1:1 to 0xA56EE0:0
[13:09:18.745] |T| [export_sceNgsPatchCreateRouting]: Patching 0xA36DE0:1:1 to 0xA56EE0:0
[13:09:18.745] |T| [export_sceNgsPatchCreateRouting]: Patching 0xA37160:1:1 to 0xA56EE0:0
[13:09:18.746] |T| [export_sceNgsPatchCreateRouting]: Patching 0xA374E0:1:1 to 0xA56EE0:0
[13:09:18.746] |T| [export_sceNgsPatchCreateRouting]: Patching 0xA37860:1:1 to 0xA56EE0:0
[13:09:18.747] |T| [export_sceNgsPatchCreateRouting]: Patching 0xA37BE0:1:1 to 0xA56EE0:0
[13:09:18.747] |T| [export_sceNgsPatchCreateRouting]: Patching 0xA37F60:1:1 to 0xA56EE0:0
[13:09:18.748] |T| [export_sceNgsPatchCreateRouting]: Patching 0xA382E0:1:1 to 0xA56EE0:0
[13:09:18.748] |T| [export_sceNgsPatchCreateRouting]: Patching 0xA38660:1:1 to 0xA56EE0:0
[13:09:18.749] |T| [export_sceNgsPatchCreateRouting]: Patching 0xA389E0:1:1 to 0xA56EE0:0
[13:09:18.749] |T| [export_sceNgsPatchCreateRouting]: Patching 0xA38D60:1:1 to 0xA56EE0:0
[13:09:18.749] |T| [export_sceNgsPatchCreateRouting]: Patching 0xA390E0:1:1 to 0xA56EE0:0
[13:09:18.750] |T| [export_sceNgsPatchCreateRouting]: Patching 0xA39460:1:1 to 0xA56EE0:0
[13:09:18.751] |T| [export_sceNgsPatchCreateRouting]: Patching 0xA51140:1:1 to 0xA56EE0:0
[13:09:18.752] |T| [export_sceNgsPatchCreateRouting]: Patching 0xA514C0:1:1 to 0xA56EE0:0
[13:09:18.752] |T| [export_sceNgsPatchCreateRouting]: Patching 0xA51840:1:1 to 0xA56EE0:0
[13:09:18.753] |T| [export_sceNgsPatchCreateRouting]: Patching 0xA51BC0:1:1 to 0xA56EE0:0
[13:09:18.753] |T| [export_sceNgsPatchCreateRouting]: Patching 0xA51F40:1:1 to 0xA56EE0:0
[13:09:18.756] |T| [export_sceNgsPatchCreateRouting]: Patching 0xA522C0:1:1 to 0xA56EE0:0
[13:09:18.756] |T| [export_sceNgsPatchCreateRouting]: Patching 0xA52640:1:1 to 0xA56EE0:0
[13:09:18.757] |T| [export_sceNgsPatchCreateRouting]: Patching 0xA529C0:1:1 to 0xA56EE0:0
[13:09:18.759] |T| [export_sceNgsPatchCreateRouting]: Patching 0xA42880:1:1 to 0xA56EE0:0
[13:09:18.759] |T| [export_sceNgsPatchCreateRouting]: Patching 0xA42C0C:1:1 to 0xA56EE0:0
[13:09:18.760] |T| [export_sceNgsPatchCreateRouting]: Patching 0xA42F98:1:1 to 0xA56EE0:0
[13:09:18.760] |T| [export_sceNgsPatchCreateRouting]: Patching 0xA43324:1:1 to 0xA56EE0:0
[13:09:18.761] |T| [export_sceNgsPatchCreateRouting]: Patching 0xA436B0:1:1 to 0xA56EE0:0
[13:09:18.761] |T| [export_sceNgsPatchCreateRouting]: Patching 0xA43A3C:1:1 to 0xA56EE0:0
[13:09:18.761] |T| [export_sceNgsPatchCreateRouting]: Patching 0xA43DC8:1:1 to 0xA56EE0:0
[13:09:18.762] |T| [export_sceNgsPatchCreateRouting]: Patching 0xA44154:1:1 to 0xA56EE0:0
[13:09:18.763] |T| [export_sceNgsPatchCreateRouting]: Patching 0xA444E0:1:1 to 0xA56EE0:0
[13:09:18.763] |T| [export_sceNgsPatchCreateRouting]: Patching 0xA4486C:1:1 to 0xA56EE0:0
[13:09:18.763] |T| [export_sceNgsPatchCreateRouting]: Patching 0xA44BF8:1:1 to 0xA56EE0:0
[13:09:18.764] |T| [export_sceNgsPatchCreateRouting]: Patching 0xA44F84:1:1 to 0xA56EE0:0
[13:09:18.764] |T| [export_sceNgsPatchCreateRouting]: Patching 0xA45310:1:1 to 0xA56EE0:0
[13:09:18.765] |T| [export_sceNgsPatchCreateRouting]: Patching 0xA4569C:1:1 to 0xA56EE0:0
[13:09:18.765] |T| [export_sceNgsPatchCreateRouting]: Patching 0xA45A28:1:1 to 0xA56EE0:0
[13:09:18.766] |T| [export_sceNgsPatchCreateRouting]: Patching 0xA45DB4:1:1 to 0xA56EE0:0
[13:09:18.766] |T| [export_sceNgsPatchCreateRouting]: Patching 0xA46140:1:1 to 0xA56EE0:0
[13:09:18.767] |T| [export_sceNgsPatchCreateRouting]: Patching 0xA464CC:1:1 to 0xA56EE0:0
[13:09:18.767] |T| [export_sceNgsPatchCreateRouting]: Patching 0xA46858:1:1 to 0xA56EE0:0
[13:09:18.768] |T| [export_sceNgsPatchCreateRouting]: Patching 0xA46BE4:1:1 to 0xA56EE0:0
[13:09:18.768] |T| [export_sceNgsPatchCreateRouting]: Patching 0xA46F70:1:1 to 0xA56EE0:0
[13:09:18.769] |T| [export_sceNgsPatchCreateRouting]: Patching 0xA472FC:1:1 to 0xA56EE0:0
[13:09:18.771] |T| [export_sceNgsPatchCreateRouting]: Patching 0xA47688:1:1 to 0xA56EE0:0
[13:09:18.772] |T| [export_sceNgsPatchCreateRouting]: Patching 0xA47A14:1:1 to 0xA56EE0:0
[13:09:18.772] |T| [export_sceNgsPatchCreateRouting]: Patching 0xA47DA0:1:1 to 0xA56EE0:0
[13:09:18.773] |T| [export_sceNgsPatchCreateRouting]: Patching 0xA4812C:1:1 to 0xA56EE0:0
[13:09:18.774] |T| [export_sceNgsPatchCreateRouting]: Patching 0xA484B8:1:1 to 0xA56EE0:0
[13:09:18.774] |T| [export_sceNgsPatchCreateRouting]: Patching 0xA48844:1:1 to 0xA56EE0:0
[13:09:18.775] |T| [export_sceNgsPatchCreateRouting]: Patching 0xA48BD0:1:1 to 0xA56EE0:0
[13:09:18.775] |T| [export_sceNgsPatchCreateRouting]: Patching 0xA48F5C:1:1 to 0xA56EE0:0
[13:09:18.776] |T| [export_sceNgsPatchCreateRouting]: Patching 0xA492E8:1:1 to 0xA56EE0:0
[13:09:18.776] |T| [export_sceNgsPatchCreateRouting]: Patching 0xA49674:1:1 to 0xA56EE0:0
[13:09:18.777] |T| [export_sceNgsPatchCreateRouting]: Patching 0xA53FE0:1:1 to 0xA56EE0:0
[13:09:18.778] |T| [export_sceNgsPatchCreateRouting]: Patching 0xA5436C:1:1 to 0xA56EE0:0
[13:09:18.778] |T| [export_sceNgsPatchCreateRouting]: Patching 0xA546F8:1:1 to 0xA56EE0:0
[13:09:18.779] |T| [export_sceNgsPatchCreateRouting]: Patching 0xA54A84:1:1 to 0xA56EE0:0
[13:09:18.779] |T| [export_sceNgsPatchCreateRouting]: Patching 0xA54E10:1:1 to 0xA56EE0:0
[13:09:18.780] |T| [export_sceNgsPatchCreateRouting]: Patching 0xA5519C:1:1 to 0xA56EE0:0
[13:09:18.780] |T| [export_sceNgsPatchCreateRouting]: Patching 0xA55528:1:1 to 0xA56EE0:0
[13:09:18.781] |T| [export_sceNgsPatchCreateRouting]: Patching 0xA558B4:1:1 to 0xA56EE0:0
[13:09:18.788] |T| [write_file]: *** TTY: FluxIO WITH FIOS MUST BE INITIALIZED BEFORE AUDIO or you will only get SFX.
[13:09:18.838] |T| [write_file]: *** TTY: SCREAM streaming intialized.
[13:09:18.846] |E| [logging::ret_error_impl]: sceKernelWaitLwCond returned SCE_KERNEL_ERROR_WAIT_TIMEOUT (0x80028005)
[13:09:19.264] |T| [write_file]: *** TTY: Music delayed since it is played via SCREAM and bank is not loaded yet...
[13:09:19.264] |T| [write_file]: *** TTY: Starting main loop...
[13:09:19.269] |T| [write_file]: *** TTY: Starting load threads...
[13:09:19.321] |T| [write_file]: *** TTY: MBB initVideo l