[21:58:09.727] |I| [config::init_config]: input-installed-path: PCSG01213
[21:58:09.727] |I| [config::init_config]: backend-renderer: Vulkan
[21:58:09.727] |I| [config::init_config]: log-level: 0
[21:58:09.830] |I| [SDL_main]: Vita3K v0.1.8 3242-32b607cb
[21:58:09.830] |I| [SDL_main]: Number of logical CPU cores: 12
[21:58:09.830] |I| [SDL_main]: Available ram memory: 32655 MiB
[21:58:09.921] |I| [renderer::vulkan::VKState::create]: Vulkan device: NVIDIA GeForce RTX 3070
[21:58:09.922] |I| [renderer::vulkan::VKState::create]: Driver version: 536.23.0.0
[21:58:09.922] |I| [renderer::vulkan::VKState::create]: Memory mapping is enabled
[21:58:10.228] |I| [renderer::vulkan::ScreenRenderer::setup]: Present mode: Mailbox
[21:58:10.450] |W| [compat::load_compat_app_db]: App with Title ID PCSG00742 has an issue but no status label. Please check GitHub issue 1823 and request a status label be added.
[21:58:10.451] |W| [compat::load_compat_app_db]: App with Title ID PCSG01182 has an issue but no status label. Please check GitHub issue 1822 and request a status label be added.
[21:58:10.451] |W| [compat::load_compat_app_db]: App with Title ID PCSG00381 has an issue but no status label. Please check GitHub issue 1821 and request a status label be added.
[21:58:10.451] |W| [compat::load_compat_app_db]: App with Title ID PCSG00501 has an issue but no status label. Please check GitHub issue 1820 and request a status label be added.
[21:58:10.451] |W| [compat::load_compat_app_db]: App with Title ID PCSG01265 has an issue but no status label. Please check GitHub issue 1819 and request a status label be added.
[21:58:10.451] |W| [compat::load_compat_app_db]: App with Title ID PCSG01007 has an issue but no status label. Please check GitHub issue 1818 and request a status label be added.
[21:58:10.451] |W| [compat::load_compat_app_db]: App with Title ID PCSH10100 has an issue but no status label. Please check GitHub issue 1716 and request a status label be added.
[21:58:10.451] |W| [compat::load_compat_app_db]: App with Title ID PCSE00640 has an issue but no status label. Please check GitHub issue 1678 and request a status label be added.
[21:58:10.451] |W| [compat::load_compat_app_db]: App with Title ID PCSA00158 has an issue but no status label. Please check GitHub issue 1659 and request a status label be added.
[21:58:10.452] |W| [compat::load_compat_app_db]: App with Title ID PCSA00133 has an issue but no status label. Please check GitHub issue 1649 and request a status label be added.
[21:58:10.594] |I| [compat::update_compat_app_db]: Applications compatibility database is up to date.
[21:58:10.800] |I| [load_app_impl]: cpu-backend: Dynarmic
[21:58:10.800] |I| [load_app_impl]: CPU Optimisation state: true
[21:58:10.800] |I| [load_app_impl]: ngs state: true
[21:58:10.801] |I| [load_app_impl]: Resolution multiplier: 1
[21:58:10.801] |I| [load_app_impl]: modules mode: Automatic
[21:58:10.802] |I| [load_app_impl]: Title: 古書店街の橋姫 々
[21:58:10.802] |I| [load_app_impl]: Serial: PCSG01213
[21:58:10.802] |I| [load_app_impl]: Version: 1.00
[21:58:10.803] |I| [load_app_impl]: Category: gd
[21:58:10.813] |I| [load_self]: app0:sce_module/libc.suprx: Skipping special segment 0x6fffff01...
[21:58:10.813] |I| [load_self]: Loaded module segment 0 @ [0x00005000 - 0x0005691C / 0x81000000] (size: 0x0005191C) of module app0:sce_module/libc.suprx
[21:58:10.814] |I| [load_self]: Loaded module segment 1 @ [0x00057000 - 0x000598A0 / 0x81052000] (size: 0x000028A0) of module app0:sce_module/libc.suprx
[21:58:10.815] |I| [load_self]: Linking SELF app0:sce_module/libc.suprx...
[21:58:10.815] |D| [load_var_exports]: 	NID 0x936c8a78 (SYSLYB) at 0x4c38c
[21:58:10.815] |D| [load_var_exports]: 	NID 0x6c2224ba (NID_MODULE_INFO) at 0x41550
[21:58:10.816] |I| [pre_load_module]: Pre-load module SceLibc (at "sce_module/libc.suprx") loaded
[21:58:10.822] |I| [load_self]: app0:sce_module/libfios2.suprx: Skipping special segment 0x6fffff01...
[21:58:10.822] |I| [load_self]: Loaded module segment 0 @ [0x0005A000 - 0x00086CBF / 0x81000000] (size: 0x0002CCBF) of module app0:sce_module/libfios2.suprx
[21:58:10.823] |I| [load_self]: Loaded module segment 1 @ [0x00087000 - 0x0008C255 / 0x8102D000] (size: 0x00005255) of module app0:sce_module/libfios2.suprx
[21:58:10.823] |I| [load_self]: Linking SELF app0:sce_module/libfios2.suprx...
[21:58:10.824] |D| [load_var_exports]: 	NID 0x936c8a78 (SYSLYB) at 0x86bc8
[21:58:10.824] |D| [load_var_exports]: 	NID 0x6c2224ba (NID_MODULE_INFO) at 0x7df08
[21:58:10.824] |I| [pre_load_module]: Pre-load module SceLibFios2 (at "sce_module/libfios2.suprx") loaded
[21:58:10.828] |I| [load_self]: app0:sce_module/libult.suprx: Skipping special segment 0x6fffff01...
[21:58:10.828] |I| [load_self]: Loaded module segment 0 @ [0x0008D000 - 0x000A09BC / 0x81000000] (size: 0x000139BC) of module app0:sce_module/libult.suprx
[21:58:10.829] |I| [load_self]: Loaded module segment 1 @ [0x000A1000 - 0x000A1814 / 0x81014000] (size: 0x00000814) of module app0:sce_module/libult.suprx
[21:58:10.830] |I| [load_self]: Linking SELF app0:sce_module/libult.suprx...
[21:58:10.830] |D| [load_var_exports]: 	NID 0x936c8a78 (SYSLYB) at 0x9f2e8
[21:58:10.830] |D| [load_var_exports]: 	NID 0x6c2224ba (NID_MODULE_INFO) at 0x9c870
[21:58:10.831] |I| [pre_load_module]: Pre-load module SceUlt (at "sce_module/libult.suprx") loaded
[21:58:10.839] |I| [load_self]: Loaded module segment 0 @ [0x000A2000 - 0x000F2F04 / 0x81000000] (size: 0x00050F04) of module vs0:sys/external/libSceFt2.suprx
[21:58:10.839] |I| [load_self]: Loaded module segment 1 @ [0x000F3000 - 0x000F32F4 / 0x81051000] (size: 0x000002F4) of module vs0:sys/external/libSceFt2.suprx
[21:58:10.840] |I| [load_self]: Linking SELF vs0:sys/external/libSceFt2.suprx...
[21:58:10.840] |D| [load_var_exports]: 	NID 0x936c8a78 (SYSLYB) at 0xde7dc
[21:58:10.840] |D| [load_var_exports]: 	NID 0x6c2224ba (NID_MODULE_INFO) at 0xddf10
[21:58:10.841] |I| [pre_load_module]: Pre-load module SceLibft2 (at "sys/external/libSceFt2.suprx") loaded
[21:58:10.843] |I| [load_self]: Loaded module segment 0 @ [0x000F4000 - 0x00103F14 / 0x81000000] (size: 0x0000FF14) of module vs0:sys/external/libpvf.suprx
[21:58:10.844] |I| [load_self]: Loaded module segment 1 @ [0x00104000 - 0x00104008 / 0x81010000] (size: 0x00000008) of module vs0:sys/external/libpvf.suprx
[21:58:10.845] |I| [load_self]: Linking SELF vs0:sys/external/libpvf.suprx...
[21:58:10.845] |D| [load_var_exports]: 	NID 0x936c8a78 (SYSLYB) at 0x102710
[21:58:10.845] |D| [load_var_exports]: 	NID 0x6c2224ba (NID_MODULE_INFO) at 0x102300
[21:58:10.846] |I| [pre_load_module]: Pre-load module SceLibPvf (at "sys/external/libpvf.suprx") loaded
[21:58:10.857] |I| [load_self]: app0:eboot.bin: Skipping special segment 0x6fffff01...
[21:58:10.857] |I| [load_self]: Loaded module segment 0 @ [0x00105000 - 0x00166034 / 0x81000000] (size: 0x00061034) of module app0:eboot.bin
[21:58:10.857] |I| [load_self]: Loaded module segment 1 @ [0x00167000 - 0x001BEEEC / 0x81062000] (size: 0x00057EEC) of module app0:eboot.bin
[21:58:10.859] |I| [load_self]: Linking SELF app0:eboot.bin...
[21:58:10.859] |D| [load_var_exports]: 	NID 0x6c2224ba (NID_MODULE_INFO) at 0x1409f4
[21:58:10.860] |D| [load_var_exports]: 	NID 0x70fba1e7 (SCE_PROC_PARAMS) at 0x16a4ac
[21:58:10.860] |D| [load_var_exports]: 	NID 0x936c8a78 (SYSLYB) at 0x1509c8
[21:58:10.860] |I| [load_app_impl]: Main executable Hashihime (eboot.bin) loaded
[21:58:10.876] |D| [run_app]: Running module_start of library: SceLibc at address 0x5871
[21:58:10.905] |T| [open_file]: sceKernelGetStdin: Opening terminal tty0:
[21:58:10.905] |T| [open_file]: sceKernelGetStdout: Opening terminal tty0:
[21:58:10.906] |T| [open_file]: sceKernelGetStderr: Opening terminal tty0:
[21:58:10.913] |I| [run_app]: Module SceLibc (at "app0:sce_module/libc.suprx") module_start returned 0x0
[21:58:10.916] |D| [run_app]: Running module_start of library: SceLibFios2 at address 0x5a001
[21:58:10.930] |W| [stubbed_impl]: Stubbed sceKernelGetProcessId import called. (pid: 0)
[21:58:10.930] |I| [run_app]: Module SceLibFios2 (at "app0:sce_module/libfios2.suprx") module_start returned 0x0
[21:58:10.933] |D| [run_app]: Running module_start of library: SceUlt at address 0x90771
[21:58:10.946] |W| [unimplemented_impl]: Unimplemented _sceUlobjMgrRegisterLibultProtocolRevision import called.
[21:58:10.947] |I| [run_app]: Module SceUlt (at "app0:sce_module/libult.suprx") module_start returned 0x0
[21:58:11.003] |W| [stubbed_impl]: Stubbed sceGxmMapVertexUsseMemory import called. (always return success)
[21:58:11.003] |W| [stubbed_impl]: Stubbed sceGxmMapFragmentUsseMemory import called. (always return success)
[21:58:11.026] |T| [write_file]: *** TTY: ...sceNgsSystemInit() OK
[21:58:11.048] |W| [unimplemented_impl]: Unimplemented sceKernelChangeThreadVfpException import called.
[21:58:11.049] |W| [unimplemented_impl]: Unimplemented sceFiosOverlayThreadSetDisabled02 import called.
[21:58:11.120] |I| [export_sceIoOpen]: Opening file: app0:/data/dummy.at9
[21:58:11.121] |T| [open_file]: sceIoOpen: Opening file app0:/data/dummy.at9 (ux0:/app/PCSG01213/data/dummy.at9), fd: 0x3
[21:58:11.133] |I| [export_sceIoOpen]: Opening file: app0:/data/dummy.vag
[21:58:11.133] |T| [open_file]: sceIoOpen: Opening file app0:/data/dummy.vag (ux0:/app/PCSG01213/data/dummy.vag), fd: 0x4
[21:58:11.135] |I| [export_sceIoOpen]: Opening file: app0:/data/dummy.vag
[21:58:11.135] |T| [open_file]: sceIoOpen: Opening file app0:/data/dummy.vag (ux0:/app/PCSG01213/data/dummy.vag), fd: 0x5
[21:58:11.136] |I| [export_sceIoOpen]: Opening file: app0:/data/dummy.vag
[21:58:11.137] |T| [open_file]: sceIoOpen: Opening file app0:/data/dummy.vag (ux0:/app/PCSG01213/data/dummy.vag), fd: 0x6
[21:58:11.138] |I| [export_sceIoOpen]: Opening file: app0:/data/dummy.vag
[21:58:11.138] |T| [open_file]: sceIoOpen: Opening file app0:/data/dummy.vag (ux0:/app/PCSG01213/data/dummy.vag), fd: 0x7
[21:58:11.139] |I| [export_sceIoOpen]: Opening file: app0:/data/dummy.vag
[21:58:11.139] |T| [open_file]: sceIoOpen: Opening file app0:/data/dummy.vag (ux0:/app/PCSG01213/data/dummy.vag), fd: 0x8
[21:58:11.140] |I| [export_sceIoOpen]: Opening file: app0:/data/dummy.vag
[21:58:11.140] |T| [open_file]: sceIoOpen: Opening file app0:/data/dummy.vag (ux0:/app/PCSG01213/data/dummy.vag), fd: 0x9
[21:58:11.144] |T| [write_file]: *** TTY: prepareAudioOut: sending output to audio port 1
[21:58:11.158] |T| [write_file]: *** TTY: startAudioUpdateThread: started AudioUpdateThread
[21:58:11.160] |T| [write_file]: *** TTY: _AudioUpdateThread running
[21:58:11.172] |T| [write_file]: *** TTY: startAudioDataThread: started AudioDataThread
[21:58:11.173] |W| [unimplemented_impl]: Unimplemented sceAppUtilInit import called.
[21:58:11.173] |W| [unimplemented_impl]: Unimplemented sceAppMgrSetInfobarState import called.
[21:58:11.174] |T| [write_file]: *** TTY: _AudioDataThread running
[21:58:11.179] |I| [export_sceIoOpen]: Opening file: app0:/data/bgm.psarc
[21:58:11.179] |T| [open_file]: sceIoOpen: Opening file app0:/data/bgm.psarc (ux0:/app/PCSG01213/data/bgm.psarc), fd: 0xa
[21:58:11.194] |T| [close_file]: sceIoClose: Closing file fd: 0xa
[21:58:11.198] |I| [export_sceIoOpen]: Opening file: app0:/data/bgm.psarc
[21:58:11.199] |T| [open_file]: sceIoOpen: Opening file app0:/data/bgm.psarc (ux0:/app/PCSG01213/data/bgm.psarc), fd: 0xb
[21:58:11.214] |I| [export_sceIoOpen]: Opening file: app0:/data/se.psarc
[21:58:11.214] |T| [open_file]: sceIoOpen: Opening file app0:/data/se.psarc (ux0:/app/PCSG01213/data/se.psarc), fd: 0xc
[21:58:11.215] |T| [close_file]: sceIoClose: Closing file fd: 0xc
[21:58:11.222] |I| [export_sceIoOpen]: Opening file: app0:/data/se.psarc
[21:58:11.222] |T| [open_file]: sceIoOpen: Opening file app0:/data/se.psarc (ux0:/app/PCSG01213/data/se.psarc), fd: 0xd
[21:58:11.250] |I| [export_sceIoOpen]: Opening file: app0:/data/bgimage.psarc
[21:58:11.250] |T| [open_file]: sceIoOpen: Opening file app0:/data/bgimage.psarc (ux0:/app/PCSG01213/data/bgimage.psarc), fd: 0xe
[21:58:11.251] |T| [close_file]: sceIoClose: Closing file fd: 0xe
[21:58:11.253] |I| [export_sceIoOpen]: Opening file: app0:/data/bgimage.psarc
[21:58:11.253] |T| [open_file]: sceIoOpen: Opening file app0:/data/bgimage.psarc (ux0:/app/PCSG01213/data/bgimage.psarc), fd: 0xf
[21:58:11.271] |I| [export_sceIoOpen]: Opening file: app0:/data/fgimage.psarc
[21:58:11.271] |T| [open_file]: sceIoOpen: Opening file app0:/data/fgimage.psarc (ux0:/app/PCSG01213/data/fgimage.psarc), fd: 0x10
[21:58:11.272] |T| [close_file]: sceIoClose: Closing file fd: 0x10
[21:58:11.274] |I| [export_sceIoOpen]: Opening file: app0:/data/fgimage.psarc
[21:58:11.274] |T| [open_file]: sceIoOpen: Opening file app0:/data/fgimage.psarc (ux0:/app/PCSG01213/data/fgimage.psarc), fd: 0x11
[21:58:11.283] |I| [export_sceIoOpen]: Opening file: app0:/data/image.psarc
[21:58:11.283] |T| [open_file]: sceIoOpen: Opening file app0:/data/image.psarc (ux0:/app/PCSG01213/data/image.psarc), fd: 0x12
[21:58:11.284] |T| [close_file]: sceIoClose: Closing file fd: 0x12
[21:58:11.285] |I| [export_sceIoOpen]: Opening file: app0:/data/image.psarc
[21:58:11.286] |T| [open_file]: sceIoOpen: Opening file app0:/data/image.psarc (ux0:/app/PCSG01213/data/image.psarc), fd: 0x13
[21:58:11.292] |I| [export_sceIoOpen]: Opening file: app0:/data/others.psarc
[21:58:11.293] |T| [open_file]: sceIoOpen: Opening file app0:/data/others.psarc (ux0:/app/PCSG01213/data/others.psarc), fd: 0x14
[21:58:11.294] |T| [close_file]: sceIoClose: Closing file fd: 0x14
[21:58:11.294] |I| [export_sceIoOpen]: Opening file: app0:/data/others.psarc
[21:58:11.295] |T| [open_file]: sceIoOpen: Opening file app0:/data/others.psarc (ux0:/app/PCSG01213/data/others.psarc), fd: 0x15
[21:58:11.297] |I| [export_sceIoOpen]: Opening file: app0:/data/rule.psarc
[21:58:11.297] |T| [open_file]: sceIoOpen: Opening file app0:/data/rule.psarc (ux0:/app/PCSG01213/data/rule.psarc), fd: 0x16
[21:58:11.298] |T| [close_file]: sceIoClose: Closing file fd: 0x16
[21:58:11.298] |I| [export_sceIoOpen]: Opening file: app0:/data/rule.psarc
[21:58:11.298] |T| [open_file]: sceIoOpen: Opening file app0:/data/rule.psarc (ux0:/app/PCSG01213/data/rule.psarc), fd: 0x17
[21:58:11.300] |I| [export_sceIoOpen]: Opening file: app0:/data/script.psarc
[21:58:11.300] |T| [open_file]: sceIoOpen: Opening file app0:/data/script.psarc (ux0:/app/PCSG01213/data/script.psarc), fd: 0x18
[21:58:11.301] |T| [close_file]: sceIoClose: Closing file fd: 0x18
[21:58:11.301] |I| [export_sceIoOpen]: Opening file: app0:/data/script.psarc
[21:58:11.301] |T| [open_file]: sceIoOpen: Opening file app0:/data/script.psarc (ux0:/app/PCSG01213/data/script.psarc), fd: 0x19
[21:58:11.303] |I| [export_sceIoOpen]: Opening file: app0:/data/movie.psarc
[21:58:11.303] |T| [open_file]: sceIoOpen: Opening file app0:/data/movie.psarc (ux0:/app/PCSG01213/data/movie.psarc), fd: 0x1a
[21:58:11.304] |T| [close_file]: sceIoClose: Closing file fd: 0x1a
[21:58:11.304] |I| [export_sceIoOpen]: Opening file: app0:/data/movie.psarc
[21:58:11.304] |T| [open_file]: sceIoOpen: Opening file app0:/data/movie.psarc (ux0:/app/PCSG01213/data/movie.psarc), fd: 0x1b
[21:58:11.307] |T| [open_file]: create_trophy_context: Opening file app0:/sce_sys/trophy/NPWR15758_00/TROPHY.TRP (ux0:/app/PCSG01213/sce_sys/trophy/NPWR15758_00/TROPHY.TRP), fd: 0x1c
[21:58:11.307] |T| [open_file]: create_trophy_context: Opening file ux0:/user/00/trophy/data/NPWR15758_00/TROPUSR.DAT (ux0:/user/00/trophy/data/NPWR15758_00/TROPUSR.DAT), fd: 0x1d
[21:58:11.310] |T| [open_file]: install_trophy_context: Opening file ux0:/user/00/trophy/conf/NPWR15758_00/TROPCONF.SFM (ux0:/user/00/trophy/conf/NPWR15758_00/TROPCONF.SFM), fd: 0x1e
[21:58:11.311] |T| [write_file]: install_trophy_context: Writing to fd: 0x1e, size: 1728
[21:58:11.311] |T| [close_file]: install_trophy_context: Closing file fd: 0x1e
[21:58:11.312] |T| [open_file]: install_trophy_context: Opening file ux0:/user/00/trophy/conf/NPWR15758_00/TROP.SFM (ux0:/user/00/trophy/conf/NPWR15758_00/TROP.SFM), fd: 0x1f
[21:58:11.312] |T| [write_file]: install_trophy_context: Writing to fd: 0x1f, size: 4987
[21:58:11.312] |T| [close_file]: install_trophy_context: Closing file fd: 0x1f
[21:58:11.313] |T| [open_file]: install_trophy_context: Opening file ux0:/user/00/trophy/conf/NPWR15758_00/ICON0.PNG (ux0:/user/00/trophy/conf/NPWR15758_00/ICON0.PNG), fd: 0x20
[21:58:11.314] |T| [write_file]: install_trophy_context: Writing to fd: 0x20, size: 82946
[21:58:11.314] |T| [close_file]: install_trophy_context: Closing file fd: 0x20
[21:58:11.314] |T| [open_file]: install_trophy_context: Opening file ux0:/user/00/trophy/conf/NPWR15758_00/TROP000.PNG (ux0:/user/00/trophy/conf/NPWR15758_00/TROP000.PNG), fd: 0x21
[21:58:11.315] |T| [write_file]: install_trophy_context: Writing to fd: 0x21, size: 101742
[21:58:11.315] |T| [close_file]: install_trophy_context: Closing file fd: 0x21
[21:58:11.316] |T| [open_file]: install_trophy_context: Opening file ux0:/user/00/trophy/conf/NPWR15758_00/TROP001.PNG (ux0:/user/00/trophy/conf/NPWR15758_00/TROP001.PNG), fd: 0x22
[21:58:11.316] |T| [write_file]: install_trophy_context: Writing to fd: 0x22, size: 111494
[21:58:11.317] |T| [close_file]: install_trophy_context: Closing file fd: 0x22
[21:58:11.317] |T| [open_file]: install_trophy_context: Opening file ux0:/user/00/trophy/conf/NPWR15758_00/TROP002.PNG (ux0:/user/00/trophy/conf/NPWR15758_00/TROP002.PNG), fd: 0x23
[21:58:11.318] |T| [write_file]: install_trophy_context: Writing to fd: 0x23, size: 105213
[21:58:11.318] |T| [close_file]: install_trophy_context: Closing file fd: 0x23
[21:58:11.319] |T| [open_file]: install_trophy_context: Opening file ux0:/user/00/trophy/conf/NPWR15758_00/TROP003.PNG (ux0:/user/00/trophy/conf/NPWR15758_00/TROP003.PNG), fd: 0x24
[21:58:11.319] |T| [write_file]: install_trophy_context: Writing to fd: 0x24, size: 92520
[21:58:11.320] |T| [close_file]: install_trophy_context: Closing file fd: 0x24
[21:58:11.320] |T| [open_file]: install_trophy_context: Opening file ux0:/user/00/trophy/conf/NPWR15758_00/TROP004.PNG (ux0:/user/00/trophy/conf/NPWR15758_00/TROP004.PNG), fd: 0x25
[21:58:11.321] |T| [write_file]: install_trophy_context: Writing to fd: 0x25, size: 78296
[21:58:11.321] |T| [close_file]: install_trophy_context: Closing file fd: 0x25
[21:58:11.322] |T| [open_file]: install_trophy_context: Opening file ux0:/user/00/trophy/conf/NPWR15758_00/TROP005.PNG (ux0:/user/00/trophy/conf/NPWR15758_00/TROP005.PNG), fd: 0x26
[21:58:11.322] |T| [write_file]: install_trophy_context: Writing to fd: 0x26, size: 98890
[21:58:11.323] |T| [close_file]: install_trophy_context: Closing file fd: 0x26
[21:58:11.325] |T| [open_file]: install_trophy_context: Opening file ux0:/user/00/trophy/conf/NPWR15758_00/TROP006.PNG (ux0:/user/00/trophy/conf/NPWR15758_00/TROP006.PNG), fd: 0x27
[21:58:11.326] |T| [write_file]: install_trophy_context: Writing to fd: 0x27, size: 77904
[21:58:11.326] |T| [close_file]: install_trophy_context: Closing file fd: 0x27
[21:58:11.327] |T| [open_file]: install_trophy_context: Opening file ux0:/user/00/trophy/conf/NPWR15758_00/TROP007.PNG (ux0:/user/00/trophy/conf/NPWR15758_00/TROP007.PNG), fd: 0x28
[21:58:11.328] |T| [write_file]: install_trophy_context: Writing to fd: 0x28, size: 106532
[21:58:11.328] |T| [close_file]: install_trophy_context: Closing file fd: 0x28
[21:58:11.329] |T| [open_file]: install_trophy_context: Opening file ux0:/user/00/trophy/conf/NPWR15758_00/TROP008.PNG (ux0:/user/00/trophy/conf/NPWR15758_00/TROP008.PNG), fd: 0x29
[21:58:11.329] |T| [write_file]: install_trophy_context: Writing to fd: 0x29, size: 95715
[21:58:11.329] |T| [close_file]: install_trophy_context: Closing file fd: 0x29
[21:58:11.330] |T| [open_file]: install_trophy_context: Opening file ux0:/user/00/trophy/conf/NPWR15758_00/TROP009.PNG (ux0:/user/00/trophy/conf/NPWR15758_00/TROP009.PNG), fd: 0x2a
[21:58:11.331] |T| [write_file]: install_trophy_context: Writing to fd: 0x2a, size: 98177
[21:58:11.331] |T| [close_file]: install_trophy_context: Closing file fd: 0x2a
[21:58:11.332] |T| [open_file]: install_trophy_context: Opening file ux0:/user/00/trophy/conf/NPWR15758_00/TROP010.PNG (ux0:/user/00/trophy/conf/NPWR15758_00/TROP010.PNG), fd: 0x2b
[21:58:11.332] |T| [write_file]: install_trophy_context: Writing to fd: 0x2b, size: 97061
[21:58:11.333] |T| [close_file]: install_trophy_context: Closing file fd: 0x2b
[21:58:11.333] |T| [open_file]: install_trophy_context: Opening file ux0:/user/00/trophy/conf/NPWR15758_00/TROP011.PNG (ux0:/user/00/trophy/conf/NPWR15758_00/TROP011.PNG), fd: 0x2c
[21:58:11.334] |T| [write_file]: install_trophy_context: Writing to fd: 0x2c, size: 97437
[21:58:11.334] |T| [close_file]: install_trophy_context: Closing file fd: 0x2c
[21:58:11.335] |T| [open_file]: install_trophy_context: Opening file ux0:/user/00/trophy/conf/NPWR15758_00/TROP012.PNG (ux0:/user/00/trophy/conf/NPWR15758_00/TROP012.PNG), fd: 0x2d
[21:58:11.336] |T| [write_file]: install_trophy_context: Writing to fd: 0x2d, size: 98157
[21:58:11.336] |T| [close_file]: install_trophy_context: Closing file fd: 0x2d
[21:58:11.337] |T| [open_file]: install_trophy_context: Opening file ux0:/user/00/trophy/conf/NPWR15758_00/TROP013.PNG (ux0:/user/00/trophy/conf/NPWR15758_00/TROP013.PNG), fd: 0x2e
[21:58:11.337] |T| [write_file]: install_trophy_context: Writing to fd: 0x2e, size: 94823
[21:58:11.338] |T| [close_file]: install_trophy_context: Closing file fd: 0x2e
[21:58:11.338] |T| [open_file]: install_trophy_context: Opening file ux0:/user/00/trophy/conf/NPWR15758_00/TROP014.PNG (ux0:/user/00/trophy/conf/NPWR15758_00/TROP014.PNG), fd: 0x2f
[21:58:11.340] |T| [write_file]: install_trophy_context: Writing to fd: 0x2f, size: 94292
[21:58:11.341] |T| [close_file]: install_trophy_context: Closing file fd: 0x2f
[21:58:11.341] |T| [open_file]: install_trophy_context: Opening file ux0:/user/00/trophy/conf/NPWR15758_00/TROP015.PNG (ux0:/user/00/trophy/conf/NPWR15758_00/TROP015.PNG), fd: 0x30
[21:58:11.342] |T| [write_file]: install_trophy_context: Writing to fd: 0x30, size: 89202
[21:58:11.342] |T| [close_file]: install_trophy_context: Closing file fd: 0x30
[21:58:11.343] |T| [open_file]: install_trophy_context: Opening file ux0:/user/00/trophy/conf/NPWR15758_00/TROP016.PNG (ux0:/user/00/trophy/conf/NPWR15758_00/TROP016.PNG), fd: 0x31
[21:58:11.343] |T| [write_file]: install_trophy_context: Writing to fd: 0x31, size: 83242
[21:58:11.344] |T| [close_file]: install_trophy_context: Closing file fd: 0x31
[21:58:11.344] |T| [open_file]: install_trophy_context: Opening file ux0:/user/00/trophy/conf/NPWR15758_00/TROP017.PNG (ux0:/user/00/trophy/conf/NPWR15758_00/TROP017.PNG), fd: 0x32
[21:58:11.345] |T| [write_file]: install_trophy_context: Writing to fd: 0x32, size: 92973
[21:58:11.345] |T| [close_file]: install_trophy_context: Closing file fd: 0x32
[21:58:11.346] |T| [open_file]: install_trophy_context: Opening file ux0:/user/00/trophy/conf/NPWR15758_00/TROP018.PNG (ux0:/user/00/trophy/conf/NPWR15758_00/TROP018.PNG), fd: 0x33
[21:58:11.346] |T| [write_file]: install_trophy_context: Writing to fd: 0x33, size: 77782
[21:58:11.347] |T| [close_file]: install_trophy_context: Closing file fd: 0x33
[21:58:11.347] |T| [open_file]: install_trophy_context: Opening file ux0:/user/00/trophy/conf/NPWR15758_00/TROP019.PNG (ux0:/user/00/trophy/conf/NPWR15758_00/TROP019.PNG), fd: 0x34
[21:58:11.348] |T| [write_file]: install_trophy_context: Writing to fd: 0x34, size: 100710
[21:58:11.348] |T| [close_file]: install_trophy_context: Closing file fd: 0x34
[21:58:11.349] |T| [open_file]: install_trophy_context: Opening file ux0:/user/00/trophy/conf/NPWR15758_00/TROP020.PNG (ux0:/user/00/trophy/conf/NPWR15758_00/TROP020.PNG), fd: 0x35
[21:58:11.349] |T| [write_file]: install_trophy_context: Writing to fd: 0x35, size: 94394
[21:58:11.350] |T| [close_file]: install_trophy_context: Closing file fd: 0x35
[21:58:11.350] |T| [open_file]: install_trophy_context: Opening file ux0:/user/00/trophy/conf/NPWR15758_00/TROP021.PNG (ux0:/user/00/trophy/conf/NPWR15758_00/TROP021.PNG), fd: 0x36
[21:58:11.351] |T| [write_file]: install_trophy_context: Writing to fd: 0x36, size: 96967
[21:58:11.351] |T| [close_file]: install_trophy_context: Closing file fd: 0x36
[21:58:11.352] |T| [close_file]: create_trophy_context: Closing file fd: 0x1d
[21:58:11.352] |T| [export_sceNpTrophyCreateContext]: Trophy context for NPWR15758_00 create successfuly!
[21:58:11.352] |W| [stubbed_impl]: Stubbed sceNpTrophyCreateHandle import called. (Stubbed handle with 1)
[21:58:11.354] |I| [export_sceIoOpen]: Opening file: app0:data/font/font_1.fnt
[21:58:11.356] |T| [open_file]: sceIoOpen: Opening file app0:data/font/font_1.fnt (ux0:/app/PCSG01213/data/font/font_1.fnt), fd: 0x37
[21:58:11.357] |T| [close_file]: sceIoClose: Closing file fd: 0x37
[21:58:11.360] |I| [export_sceIoOpen]: Opening file: app0:data/font/font_2.fnt
[21:58:11.360] |T| [open_file]: sceIoOpen: Opening file app0:data/font/font_2.fnt (ux0:/app/PCSG01213/data/font/font_2.fnt), fd: 0x38
[21:58:11.361] |T| [close_file]: sceIoClose: Closing file fd: 0x38
[21:58:11.363] |I| [export_sceIoOpen]: Opening file: app0:data/font/font_3.fnt
[21:58:11.363] |T| [open_file]: sceIoOpen: Opening file app0:data/font/font_3.fnt (ux0:/app/PCSG01213/data/font/font_3.fnt), fd: 0x39
[21:58:11.364] |T| [close_file]: sceIoClose: Closing file fd: 0x39
[21:58:11.366] |I| [export_sceIoOpen]: Opening file: app0:data/font/font_log.fnt
[21:58:11.366] |T| [open_file]: sceIoOpen: Opening file app0:data/font/font_log.fnt (ux0:/app/PCSG01213/data/font/font_log.fnt), fd: 0x3a
[21:58:11.367] |T| [close_file]: sceIoClose: Closing file fd: 0x3a
[21:58:11.371] |E| [open_file]: Missing file at C:/vita/ux0/user/00/savedata/PCSG01213/SlotParam_0.bin (target path: savedata0:/SlotParam_0.bin)
[21:58:11.372] |W| [io_error_impl]: open_file (sceAppUtilSaveDataSlotGetParam) returned 0x80010002
[21:58:11.372] |E| [logging::ret_error_impl]: sceAppUtilSaveDataSlotGetParam returned SCE_APPUTIL_ERROR_SAVEDATA_SLOT_NOT_FOUND (0x80100641)
[21:58:11.374] |W| [unimplemented_impl]: Unimplemented sceGxmColorSurfaceSetClip import called.
[21:58:11.375] |C| [logging::exception_handler]: Exception EXCEPTION_ACCESS_VIOLATION (0xc0000005). 
[21:58:11.376] |C| [logging::exception_handler]: Read violation at address 0x10.
