[06:38:35.399] |I| [config::init]: log-level: 0
[06:38:35.401] |I| [config::init]: log-imports: false
[06:38:35.401] |I| [config::init]: log-exports: false
[06:38:35.401] |I| [config::init]: log-active-shaders: false
[06:38:35.401] |I| [config::init]: log-uniforms: false
[06:38:35.419] |I| [SDL_main]: Vita3K v0.1 1026-ece68df
[06:38:36.045] |I| [init]: Swap interval = -1
[06:38:36.109] |I| [gui::init_icons]: Default icon found for title ACTI00000, Vita Activator.
[06:38:36.150] |I| [gui::init_icons]: Default icon found for title BIRD00000, flappybird.
[06:38:36.154] |I| [gui::init_icons]: Default icon found for title BUBBLE000, bubbleride.
[06:38:36.225] |I| [gui::init_icons]: Default icon found for title dumper_e, イースVIII -Lacrimosa of DANA-.
[06:38:36.405] |I| [gui::init_icons]: Default icon found for title SHDW00001, advremap.
[06:38:36.406] |I| [gui::init_icons]: Default icon found for title SKOG00001, Snes9xVITA.
[06:38:36.462] |I| [gui::init_icons]: Default icon found for title VDEC00001, French American Games Decrypter.
[06:38:36.469] |I| [gui::init_icons]: Default icon found for title VITATESTR, VitaTester.
[06:38:36.478] |I| [gui::init_icons]: Default icon found for title XYZZ00001, button-swapper.
[06:38:41.038] |I| [load_app_impl]: Title: LittleBigPlanet™ PlayStation®Vita
[06:38:41.038] |I| [load_app_impl]: Serial: PCSF00021
[06:38:41.038] |I| [load_app_impl]: Version: 01.00
[06:38:41.038] |I| [load_app_impl]: Category: gd
[06:38:41.047] |I| [load_self]: Loading symbols for SELF: app0:sce_module/libc.suprx
[06:38:41.047] |D| [load_var_exports]: 	NID 0x6C2224BA (NID_MODULE_INFO) at 0x2F220
[06:38:41.048] |W| [load_var_imports]: 	NID NOT FOUND 0xDF084DFA (UNRECOGNISED) at 0x329F0, setting to stub value 0xDEADBEEF
[06:38:41.048] |I| [load_app_impl]: Pre-load module SceLibc (at "sce_module/libc.suprx") loaded
[06:38:41.054] |I| [load_self]: Loading symbols for SELF: app0:sce_module/libfios2.suprx
[06:38:41.054] |D| [load_var_exports]: 	NID 0x6C2224BA (NID_MODULE_INFO) at 0x5DCB0
[06:38:41.054] |I| [load_app_impl]: Pre-load module SceLibFios2 (at "sce_module/libfios2.suprx") loaded
[06:38:41.058] |I| [load_self]: Loading symbols for SELF: app0:sce_module/libult.suprx
[06:38:41.058] |D| [load_var_exports]: 	NID 0x6C2224BA (NID_MODULE_INFO) at 0x7BB68
[06:38:41.059] |W| [load_var_imports]: 	NID NOT FOUND 0x936A5F31 (_pLibPerfCaptureFlagPtr) at 0x7BFF0, setting to stub value 0xDEADBEEF
[06:38:41.060] |I| [load_app_impl]: Pre-load module SceUlt (at "sce_module/libult.suprx") loaded
[06:38:41.305] |I| [load_self]: Loading symbols for SELF: app0:eboot.bin
[06:38:41.306] |D| [load_var_exports]: 	NID 0x6C2224BA (NID_MODULE_INFO) at 0x81766468
[06:38:41.306] |D| [load_var_exports]: 	NID 0x70FBA1E7 (SCE_PROC_PARAMS) at 0x818613A0
[06:38:41.307] |I| [load_app_impl]: Main executable LBP2_Final (eboot.bin) loaded
[06:38:41.319] |D| [run_app]: Running module_start of library: SceLibc
[06:38:41.415] |I| [export_sceIoOpen]: Opening file: tty0:
[06:38:41.416] |T| [open_file]: sceIoOpen: Opening file tty0: (tty0:)
[06:38:41.416] |I| [export_sceIoOpen]: Opening file: tty0:
[06:38:41.417] |T| [open_file]: sceIoOpen: Opening file tty0: (tty0:)
[06:38:41.417] |I| [export_sceIoOpen]: Opening file: tty1:
[06:38:41.418] |T| [open_file]: sceIoOpen: Opening file tty1: (tty1:)
[06:38:41.422] |I| [run_app]: Module SceLibc (at "app0:sce_module/libc.suprx") module_start returned 0x0
[06:38:41.423] |D| [run_app]: Running module_start of library: SceLibFios2
[06:38:41.428] |W| [stubbed_impl]: Stubbed sceKernelGetProcessId import called. (pid: 0)
[06:38:41.429] |E| [call_import]: Import function for NID 0x9379E2D5 not found (thread name: SceLibFios2, thread ID: 18)
[06:38:41.430] |I| [run_app]: Module SceLibFios2 (at "app0:sce_module/libfios2.suprx") module_start returned 0x0
[06:38:41.431] |D| [run_app]: Running module_start of library: SceUlt
[06:38:41.435] |I| [run_app]: Module SceUlt (at "app0:sce_module/libult.suprx") module_start returned 0x0
[06:38:41.438] |T| [open_file]: sceKernelLoadStartModule: Opening file app0:mai_moe/mai.suprx (ux0:/app/PCSF00021/mai_moe/mai.suprx)
[06:38:41.439] |T| [seek_file]: sceKernelLoadStartModule: Seeking file: fd: 0x3 at offset: 0x0, whence: SCE_SEEK_END
[06:38:41.440] |T| [seek_file]: sceKernelLoadStartModule: Seeking file: fd: 0x3 at offset: 0x0, whence: SCE_SEEK_SET
[06:38:41.441] |T| [read_file]: sceKernelLoadStartModule: Reading file: fd: 0x3, size: 87866
[06:38:41.441] |I| [load_self]: Loading symbols for SELF: app0:mai_moe/mai.suprx
[06:38:41.442] |D| [load_var_exports]: 	NID 0x6C2224BA (NID_MODULE_INFO) at 0xB4C67E4
[06:38:41.443] |D| [load_var_exports]: 	NID 0x70FBA1E7 (SCE_PROC_PARAMS) at 0xB4C6840
[06:38:41.445] |T| [close_file]: sceKernelLoadStartModule: Closing file: fd: 0x3
[06:38:41.455] |W| [stubbed_impl]: Stubbed sceKernelDelayThread import called. (bad accuracy)
[06:38:41.455] |T| [stat_file]: sceIoGetstat: Statting file app0:mai_moe/load_type.mai (ux0:/app/PCSF00021/mai_moe/load_type.mai)
[06:38:41.457] |I| [export_sceIoOpen]: Opening file: app0:mai_moe/load_type.mai
[06:38:41.458] |T| [open_file]: sceIoOpen: Opening file app0:mai_moe/load_type.mai (ux0:/app/PCSF00021/mai_moe/load_type.mai)
[06:38:41.459] |T| [stat_file]: sceIoGetstat: Statting file app0:mai_moe/load_type.mai (ux0:/app/PCSF00021/mai_moe/load_type.mai)
[06:38:41.461] |T| [seek_file]: sceIoLseek: Seeking file: fd: 0x4 at offset: 0x0, whence: SCE_SEEK_SET
[06:38:41.462] |T| [read_file]: sceIoRead: Reading file: fd: 0x4, size: 1
[06:38:41.464] |T| [close_file]: sceIoClose: Closing file: fd: 0x4
[06:38:41.475] |I| [export_sceKernelLoadStartModule]: Module SceLibFios2 (at "app0:sce_module/libfios2.suprx") module_start returned 0x0
[06:38:41.478] |T| [open_file]: sceKernelLoadStartModule: Opening file app0:sce_module/libfios2_m.suprx (ux0:/app/PCSF00021/sce_module/libfios2_m.suprx)
[06:38:41.479] |T| [seek_file]: sceKernelLoadStartModule: Seeking file: fd: 0x5 at offset: 0x0, whence: SCE_SEEK_END
[06:38:41.479] |T| [seek_file]: sceKernelLoadStartModule: Seeking file: fd: 0x5 at offset: 0x0, whence: SCE_SEEK_SET
[06:38:41.480] |T| [read_file]: sceKernelLoadStartModule: Reading file: fd: 0x5, size: 223760
[06:38:41.481] |I| [load_self]: Loading symbols for SELF: app0:sce_module/libfios2_m.suprx
[06:38:41.482] |D| [load_var_exports]: 	NID 0x6C2224BA (NID_MODULE_INFO) at 0xB564CB0
[06:38:41.482] |T| [close_file]: sceKernelLoadStartModule: Closing file: fd: 0x5
[06:38:41.488] |I| [export_sceKernelLoadStartModule]: Module mceLibFios2 (at "app0:sce_module/libfios2_m.suprx") module_start returned 0x0
[06:38:41.490] |T| [open_dir]: sceIoDopen: Opening dir ux0:plugins (ux0:plugins)
[06:38:41.490] |T| [read_dir]: sceIoDread: Reading dir fd: 0x6
[06:38:41.492] |T| [read_dir]: sceIoDread: Reading dir fd: 0x6
[06:38:41.492] |T| [read_dir]: sceIoDread: Reading dir fd: 0x6
[06:38:41.493] |T| [close_dir]: sceIoDclose: Closing dir fd: 0x6
[06:38:41.556] |I| [export_sceKernelLoadStartModule]: Module output/testprx.elf (at "app0:mai_moe/mai.suprx") module_start returned 0x0
[06:38:41.568] |C| [run]: Unicorn error 0x6 at: start PC: 0x8185FB19 error PC 0x8100EA6C LR: 0x81543829
