[21:25:25.805] |I| [config::init_config]: backend-renderer: OpenGL
[21:25:25.806] |I| [config::init_config]: log-level: 0
[21:25:26.007] |I| [SDL_main]: Vita3K v0.1.4 2416-aa0ce2b0
[21:25:26.008] |I| [SDL_main]: Number of logical CPU cores: 8
[21:25:26.008] |I| [SDL_main]: Available ram memory: 7998 mo
[21:25:26.196] |I| [renderer::gl::create]: Swap interval = 1
[21:25:26.197] |I| [renderer::gl::create]: GPU = Intel(R) UHD Graphics 620
[21:25:26.197] |I| [renderer::gl::create]: GL_VERSION = 4.5.0 - Build 27.20.100.9664
[21:25:26.197] |I| [renderer::gl::create]: GL_SHADING_LANGUAGE_VERSION = 4.50 - Build 27.20.100.9664
[21:25:26.197] |I| [renderer::gl::create]: Your GPU supports direct access to last fragment color. Your performance with programmable blending games will be optimized.
[21:25:31.090] |I| [load_app_impl]: cpu-backend: Dynarmic
[21:25:31.091] |I| [load_app_impl]: CPU Optimisation state: true
[21:25:31.092] |I| [load_app_impl]: at9 audio decoder state: true
[21:25:31.092] |I| [load_app_impl]: ngs experimental state: true
[21:25:31.092] |I| [load_app_impl]: video player state: true
[21:25:31.092] |I| [load_app_impl]: modules mode: Automatic
[21:25:31.092] |I| [load_app_impl]: Title: Lost Dimension
[21:25:31.092] |I| [load_app_impl]: Serial: PCSE00673
[21:25:31.092] |I| [load_app_impl]: Version: 1.00
[21:25:31.092] |I| [load_app_impl]: Category: gd
[21:25:31.111] |C| [load_self]: Unknown segment type 0x6FFFFF01
[21:25:31.112] |I| [load_self]: Loaded module segment 0 @ [0x00007000 - 0x000543BC / 0x81000000] (size: 0x0004D3BC) of module app0:sce_module/libc.suprx
[21:25:31.112] |I| [load_self]: Loaded module segment 1 @ [0x00055000 - 0x000576F0 / 0x8104E000] (size: 0x000026F0) of module app0:sce_module/libc.suprx
[21:25:31.112] |I| [load_self]: Loading symbols for SELF: app0:sce_module/libc.suprx
[21:25:31.113] |D| [load_var_exports]: 	NID 0x936C8A78 (SYSLYB) at 0x4A164
[21:25:31.113] |D| [load_var_exports]: 	NID 0x6C2224BA (NID_MODULE_INFO) at 0x400FC
[21:25:31.113] |W| [load_var_imports]: 	NID NOT FOUND 0x93B8AA67 (UNRECOGNISED) at 0x440BC, setting to stub value 0xDEADBEEF
[21:25:31.115] |W| [load_var_imports]: 	NID NOT FOUND 0xDF084DFA (UNRECOGNISED) at 0x45B70, setting to stub value 0xDEADBEEF
[21:25:31.117] |I| [pre_load_module]: Pre-load module SceLibc (at "sce_module/libc.suprx") loaded
[21:25:31.128] |C| [load_self]: Unknown segment type 0x6FFFFF01
[21:25:31.129] |I| [load_self]: Loaded module segment 0 @ [0x0005A000 - 0x0008512C / 0x81000000] (size: 0x0002B12C) of module app0:sce_module/libfios2.suprx
[21:25:31.130] |I| [load_self]: Loaded module segment 1 @ [0x00086000 - 0x0008B23D / 0x8102C000] (size: 0x0000523D) of module app0:sce_module/libfios2.suprx
[21:25:31.132] |I| [load_self]: Loading symbols for SELF: app0:sce_module/libfios2.suprx
[21:25:31.133] |D| [load_var_exports]: 	NID 0x936C8A78 (SYSLYB) at 0x85034
[21:25:31.134] |D| [load_var_exports]: 	NID 0x6C2224BA (NID_MODULE_INFO) at 0x7C548
[21:25:31.135] |I| [pre_load_module]: Pre-load module SceLibFios2 (at "sce_module/libfios2.suprx") loaded
[21:25:31.143] |C| [load_self]: Unknown segment type 0x6FFFFF01
[21:25:31.144] |I| [load_self]: Loaded module segment 0 @ [0x0008C000 - 0x0009FA9C / 0x81000000] (size: 0x00013A9C) of module app0:sce_module/libult.suprx
[21:25:31.145] |I| [load_self]: Loaded module segment 1 @ [0x000A0000 - 0x000A0814 / 0x81014000] (size: 0x00000814) of module app0:sce_module/libult.suprx
[21:25:31.146] |I| [load_self]: Loading symbols for SELF: app0:sce_module/libult.suprx
[21:25:31.147] |D| [load_var_exports]: 	NID 0x936C8A78 (SYSLYB) at 0x9E3C8
[21:25:31.148] |D| [load_var_exports]: 	NID 0x6C2224BA (NID_MODULE_INFO) at 0x9B944
[21:25:31.149] |I| [pre_load_module]: Pre-load module SceUlt (at "sce_module/libult.suprx") loaded
[21:25:31.162] |I| [load_self]: Loaded module segment 0 @ [0x000A1000 - 0x000F1F04 / 0x81000000] (size: 0x00050F04) of module vs0:sys/external/libSceFt2.suprx
[21:25:31.163] |I| [load_self]: Loaded module segment 1 @ [0x000F2000 - 0x000F22F4 / 0x81051000] (size: 0x000002F4) of module vs0:sys/external/libSceFt2.suprx
[21:25:31.165] |I| [load_self]: Loading symbols for SELF: vs0:sys/external/libSceFt2.suprx
[21:25:31.165] |D| [load_var_exports]: 	NID 0x936C8A78 (SYSLYB) at 0xDD7DC
[21:25:31.166] |D| [load_var_exports]: 	NID 0x6C2224BA (NID_MODULE_INFO) at 0xDCF10
[21:25:31.167] |I| [pre_load_module]: Pre-load module SceLibft2 (at "sys/external/libSceFt2.suprx") loaded
[21:25:31.172] |I| [load_self]: Loaded module segment 0 @ [0x000F3000 - 0x00102F14 / 0x81000000] (size: 0x0000FF14) of module vs0:sys/external/libpvf.suprx
[21:25:31.176] |I| [load_self]: Loaded module segment 1 @ [0x00103000 - 0x00103008 / 0x81010000] (size: 0x00000008) of module vs0:sys/external/libpvf.suprx
[21:25:31.178] |I| [load_self]: Loading symbols for SELF: vs0:sys/external/libpvf.suprx
[21:25:31.179] |D| [load_var_exports]: 	NID 0x936C8A78 (SYSLYB) at 0x101710
[21:25:31.180] |D| [load_var_exports]: 	NID 0x6C2224BA (NID_MODULE_INFO) at 0x101300
[21:25:31.180] |I| [pre_load_module]: Pre-load module SceLibPvf (at "sys/external/libpvf.suprx") loaded
[21:25:31.533] |C| [load_self]: Unknown segment type 0x6FFFFF01
[21:25:31.534] |I| [load_self]: Loaded module segment 0 @ [0x00104000 - 0x008B7C90 / 0x81000000] (size: 0x007B3C90) of module app0:eboot.bin
[21:25:31.535] |I| [load_self]: Loaded module segment 1 @ [0x008B8000 - 0x00AA3700 / 0x817B4000] (size: 0x001EB700) of module app0:eboot.bin
[21:25:31.536] |I| [load_self]: Loading symbols for SELF: app0:eboot.bin
[21:25:31.537] |D| [load_var_exports]: 	NID 0x6C2224BA (NID_MODULE_INFO) at 0x724060
[21:25:31.538] |D| [load_var_exports]: 	NID 0x70FBA1E7 (SCE_PROC_PARAMS) at 0x8C5CB0
[21:25:31.539] |I| [load_app_impl]: Main executable og (eboot.bin) loaded
[21:25:31.551] |I| [renderer::gl::compile_shader]: frag shader compiled: 381b40feb48b556f16e7609cfe23f062ed422ab5dc23a5b4e9be21f634175f5e
[21:25:31.553] |I| [renderer::gl::compile_shader]: vert shader compiled: 0ff563d4f9a32e06367b9119aa56e7e2881d93ebfd042e09d692a2eba8ce1c42
[21:25:31.603] |I| [renderer::gl::pre_compile_program]: Program Compiled 1/1
[21:25:31.621] |D| [run_app]: Running module_start of library: SceLibc at address 0x7809
[21:25:31.723] |T| [open_file]: sceKernelGetStdin: Opening terminal tty0:
[21:25:31.724] |T| [open_file]: sceKernelGetStdout: Opening terminal tty0:
[21:25:31.725] |T| [open_file]: sceKernelGetStderr: Opening terminal tty0:
[21:25:31.735] |I| [run_app]: Module SceLibc (at "app0:sce_module/libc.suprx") module_start returned 0x0
[21:25:31.741] |D| [run_app]: Running module_start of library: SceLibFios2 at address 0x5A001
[21:25:31.754] |W| [stubbed_impl]: Stubbed sceKernelGetProcessId import called. (pid: 0)
[21:25:31.755] |W| [unimplemented_impl]: Unimplemented sceFiosOverlayGetList02 import called.
[21:25:31.756] |I| [run_app]: Module SceLibFios2 (at "app0:sce_module/libfios2.suprx") module_start returned 0x0
[21:25:31.767] |D| [run_app]: Running module_start of library: SceUlt at address 0x8F769
[21:25:31.780] |W| [unimplemented_impl]: Unimplemented _sceUlobjMgrRegisterLibultProtocolRevision import called.
[21:25:31.780] |I| [run_app]: Module SceUlt (at "app0:sce_module/libult.suprx") module_start returned 0x0
[21:25:31.796] |W| [stubbed_impl]: Stubbed sceKernelLockLwMutexCB import called. (no CB)
[21:25:32.022] |I| [load_module]: Loading module ID: 0x13
[21:25:32.033] |C| [load_self]: Unknown segment type 0x6FFFFF01
[21:25:32.034] |I| [load_self]: Loaded module segment 0 @ [0x0BAE9000 - 0x0BAEC08C / 0x81000000] (size: 0x0000308C) of module sys/external/libsystemgesture.suprx
[21:25:32.035] |I| [load_self]: Loaded module segment 1 @ [0x00AE6000 - 0x00AE6BF0 / 0x81004000] (size: 0x00000BF0) of module sys/external/libsystemgesture.suprx
[21:25:32.036] |I| [load_self]: Loading symbols for SELF: sys/external/libsystemgesture.suprx
[21:25:32.036] |D| [load_var_exports]: 	NID 0x936C8A78 (SYSLYB) at 0xBAEC074
[21:25:32.037] |D| [load_var_exports]: 	NID 0x6C2224BA (NID_MODULE_INFO) at 0xBAEBBD4
[21:25:32.037] |I| [load_module]: Module SceSystemGesture (at "sys/external/libsystemgesture.suprx") loaded
[21:25:32.042] |D| [load_module]: Running module_start of module: SceSystemGesture
[21:25:32.046] |I| [load_module]: Module SceSystemGesture (at "sys/external/libsystemgesture.suprx") module_start returned 0x0
[21:25:32.068] |W| [stubbed_impl]: Stubbed sceGxmMapMemory import called. (always return success)
[21:25:32.075] |W| [stubbed_impl]: Stubbed sceGxmMapFragmentUsseMemory import called. (always return success)
[21:25:32.092] |W| [stubbed_impl]: Stubbed sceGxmGetRenderTargetMemSize import called. (2MB host mem)
[21:25:32.163] |W| [unimplemented_impl]: Unimplemented sceAppUtilInit import called.
[21:25:32.740] |W| [stubbed_impl]: Stubbed sceGxmMapVertexUsseMemory import called. (always return success)
[21:25:32.823] |W| [unimplemented_impl]: Unimplemented sceKernelGetThreadCurrentPriority import called.
[21:25:32.825] |W| [stubbed_impl]: Stubbed sceKernelGetThreadCpuAffinityMask2 import called. (STUB)
[21:25:32.846] |W| [unimplemented_impl]: Unimplemented sceTouchEnableTouchForce import called.
[21:25:32.847] |T| [log_import_call]: [LLE] TID: 8   FUNC: 0x6078A08B sceSystemGestureInitializePrimitiveTouchRecognizer at 0x723E34
[21:25:32.851] |W| [unimplemented_impl]: Unimplemented sceTouchGetPixelDensity2 import called.
[21:25:32.853] |T| [log_import_call]: [LLE] TID: 8   FUNC: 0xC3367370 sceSystemGestureCreateTouchRecognizer at 0x723E74
[21:25:32.854] |E| [call_import]: Import function for NID 0xE340CBAE not found (thread name: PCSE00673, thread ID: 8)
[21:25:32.855] |W| [unimplemented_impl]: Unimplemented sceMotionSetDeadband import called.
[21:25:32.856] |W| [unimplemented_impl]: Unimplemented sceMotionSetTiltCorrection import called.
[21:25:32.856] |W| [unimplemented_impl]: Unimplemented sceMotionReset import called.
[21:25:32.861] |W| [unimplemented_impl]: Unimplemented sceMotionStartSampling import called.
[21:25:32.895] |W| [unimplemented_impl]: Unimplemented sceKernelChangeThreadVfpException import called.
[21:25:32.896] |W| [unimplemented_impl]: Unimplemented sceFiosOverlayThreadSetDisabled02 import called.
[21:25:32.932] |I| [export_sceClibPrintf]: sceFiosInitialize: WARNING: FIOS has already been initialized. Updating parameters with new values.

[21:25:32.998] |W| [unimplemented_impl]: Unimplemented sceFiosOverlayGetRecommendedScheduler02 import called.
[21:25:33.004] |I| [export_sceIoOpen]: Opening file: app0:/pack.psarc
[21:25:33.005] |T| [open_file]: sceIoOpen: Opening file app0:/pack.psarc (ux0:/app/PCSE00673/pack.psarc), fd: 0x3
[21:25:33.006] |T| [stat_file]: _sceIoGetstat: Statting file: app0:/pack.psarc (ux0:/app/PCSE00673/pack.psarc)
[21:25:33.014] |T| [seek_file]: sceIoPread: Seeking fd: 0x3, offset: 0x0, whence: SCE_SEEK_SET
[21:25:33.015] |T| [read_file]: sceIoPread: Reading 48 bytes of fd 0x3
[21:25:33.015] |T| [seek_file]: sceIoPread: Seeking fd: 0x3, offset: 0x0, whence: SCE_SEEK_SET
[21:25:33.052] |T| [seek_file]: sceIoPread: Seeking fd: 0x3, offset: 0x20, whence: SCE_SEEK_SET
[21:25:33.052] |T| [read_file]: sceIoPread: Reading 30 bytes of fd 0x3
[21:25:33.053] |T| [seek_file]: sceIoPread: Seeking fd: 0x3, offset: 0x0, whence: SCE_SEEK_SET
[21:25:33.057] |T| [close_file]: sceIoClose: Closing file fd: 0x3
[21:25:33.078] |I| [export_sceIoOpen]: Opening file: app0:/pack.psarc
[21:25:33.079] |T| [open_file]: sceIoOpen: Opening file app0:/pack.psarc (ux0:/app/PCSE00673/pack.psarc), fd: 0x4
[21:25:33.080] |T| [stat_file]: _sceIoGetstat: Statting file: app0:/pack.psarc (ux0:/app/PCSE00673/pack.psarc)
[21:25:33.081] |T| [stat_file]: sceIoGetstatByFd: Statting fd: 0x4
[21:25:33.082] |T| [seek_file]: sceIoPread: Seeking fd: 0x4, offset: 0x0, whence: SCE_SEEK_SET
[21:25:33.082] |T| [read_file]: sceIoPread: Reading 48 bytes of fd 0x4
[21:25:33.083] |T| [seek_file]: sceIoPread: Seeking fd: 0x4, offset: 0x0, whence: SCE_SEEK_SET
[21:25:33.085] |T| [seek_file]: sceIoPread: Seeking fd: 0x4, offset: 0x20, whence: SCE_SEEK_SET
[21:25:33.086] |T| [read_file]: sceIoPread: Reading 305836 bytes of fd 0x4
[21:25:33.086] |T| [seek_file]: sceIoPread: Seeking fd: 0x4, offset: 0x0, whence: SCE_SEEK_SET
[21:25:33.166] |T| [seek_file]: sceIoPread: Seeking fd: 0x4, offset: 0x4AA00, whence: SCE_SEEK_SET
[21:25:33.166] |T| [read_file]: sceIoPread: Reading 6656 bytes of fd 0x4
[21:25:33.168] |T| [seek_file]: sceIoPread: Seeking fd: 0x4, offset: 0x0, whence: SCE_SEEK_SET
[21:25:33.169] |T| [seek_file]: sceIoPread: Seeking fd: 0x4, offset: 0x4C200, whence: SCE_SEEK_SET
[21:25:33.169] |T| [read_file]: sceIoPread: Reading 4608 bytes of fd 0x4
[21:25:33.170] |T| [seek_file]: sceIoPread: Seeking fd: 0x4, offset: 0x0, whence: SCE_SEEK_SET
[21:25:33.171] |T| [seek_file]: sceIoPread: Seeking fd: 0x4, offset: 0x4D200, whence: SCE_SEEK_SET
[21:25:33.172] |T| [read_file]: sceIoPread: Reading 5632 bytes of fd 0x4
[21:25:33.172] |T| [seek_file]: sceIoPread: Seeking fd: 0x4, offset: 0x0, whence: SCE_SEEK_SET
[21:25:33.185] |T| [seek_file]: sceIoPread: Seeking fd: 0x4, offset: 0x4E600, whence: SCE_SEEK_SET
[21:25:33.185] |T| [read_file]: sceIoPread: Reading 6656 bytes of fd 0x4
[21:25:33.186] |T| [seek_file]: sceIoPread: Seeking fd: 0x4, offset: 0x0, whence: SCE_SEEK_SET
[21:25:33.189] |T| [seek_file]: sceIoPread: Seeking fd: 0x4, offset: 0x4FE00, whence: SCE_SEEK_SET
[21:25:33.189] |T| [read_file]: sceIoPread: Reading 9216 bytes of fd 0x4
[21:25:33.190] |T| [seek_file]: sceIoPread: Seeking fd: 0x4, offset: 0x0, whence: SCE_SEEK_SET
[21:25:33.192] |T| [seek_file]: sceIoPread: Seeking fd: 0x4, offset: 0x52000, whence: SCE_SEEK_SET
[21:25:33.197] |T| [read_file]: sceIoPread: Reading 16384 bytes of fd 0x4
[21:25:33.197] |T| [seek_file]: sceIoPread: Seeking fd: 0x4, offset: 0x0, whence: SCE_SEEK_SET
[21:25:33.201] |T| [seek_file]: sceIoPread: Seeking fd: 0x4, offset: 0x55E00, whence: SCE_SEEK_SET
[21:25:33.201] |T| [read_file]: sceIoPread: Reading 1536 bytes of fd 0x4
[21:25:33.202] |T| [seek_file]: sceIoPread: Seeking fd: 0x4, offset: 0x0, whence: SCE_SEEK_SET
[21:25:33.390] |E| [logging::ret_error_impl]: _sceKernelLockLwMutex returned SCE_KERNEL_ERROR_LW_MUTEX_RECURSIVE (0x80028182)
[21:25:33.399] |W| [stubbed_impl]: Stubbed sceNetCtlInit import called. (Stub)
[21:25:33.400] |W| [stubbed_impl]: Stubbed sceNetCtlInetGetState import called. (state = SCE_NETCTL_STATE_DISCONNECTED)
[21:25:33.401] |W| [unimplemented_impl]: Unimplemented sceHttpInit import called.
[21:25:33.402] |W| [unimplemented_impl]: Unimplemented sceSslInit import called.
[21:25:33.405] |W| [unimplemented_impl]: Unimplemented sceNpBasicInit import called.
[21:25:33.406] |W| [unimplemented_impl]: Unimplemented sceNpBasicRegisterHandler import called.
[21:25:33.413] |W| [unimplemented_impl]: Unimplemented sceRtcGetAccumulativeTime import called.
[21:25:33.444] |E| [logging::ret_error_impl]: sceKernelWaitLwCond returned SCE_KERNEL_ERROR_WAIT_TIMEOUT (0x80028005)
[21:25:33.446] |W| [stubbed_impl]: Stubbed sceNetCtlCheckCallback import called. (Stub)
[21:25:33.447] |W| [stubbed_impl]: Stubbed sceNetCtlInetGetResult import called. (errorCode = SCE_NET_CTL_ERROR_FLIGHT_MODE_ENABLED)
[21:25:33.450] |W| [stubbed_impl]: Stubbed sceNpCheckCallback import called. (Stub)
[21:25:33.682] |I| [export_sceClibPrintf]: sceFiosInitialize: WARNING: FIOS has already been initialized. Updating parameters with new values.

[21:25:34.090] |I| [export_sceIoOpen]: Opening file: app0:/Shader.idt
[21:25:34.092] |E| [open_file]: Missing file at C:/Users/cassi/Documents/3k/ux0/app/PCSE00673/Shader.idt (target path: app0:/Shader.idt)
[21:25:34.094] |W| [io_error_impl]: open_file (sceIoOpen) returned 0x80010002
[21:25:34.103] |I| [export_sceIoOpen]: Opening file: Shader.idt
[21:25:34.104] |E| [open_file]: Cannot find device for path: Shader.idt
[21:25:34.105] |W| [io_error_impl]: open_file (sceIoOpen) returned 0x80010002
[21:25:34.110] |I| [export_sceIoOpen]: Opening file: app0:Shader.idt
[21:25:34.112] |E| [open_file]: Missing file at C:/Users/cassi/Documents/3k/ux0/app/PCSE00673/Shader.idt (target path: app0:Shader.idt)
[21:25:34.113] |W| [io_error_impl]: open_file (sceIoOpen) returned 0x80010002
[21:25:34.115] |I| [export_sceIoOpen]: Opening file: app0:/Shader.idt
[21:25:34.115] |E| [open_file]: Missing file at C:/Users/cassi/Documents/3k/ux0/app/PCSE00673/Shader.idt (target path: app0:/Shader.idt)
[21:25:34.116] |W| [io_error_impl]: open_file (sceIoOpen) returned 0x80010002
[21:25:34.117] |I| [export_sceIoOpen]: Opening file: Shader.idt
[21:25:34.119] |E| [open_file]: Cannot find device for path: Shader.idt
[21:25:34.120] |W| [io_error_impl]: open_file (sceIoOpen) returned 0x80010002
[21:25:34.123] |I| [export_sceIoOpen]: Opening file: app0:Shader.idt
[21:25:34.123] |E| [open_file]: Missing file at C:/Users/cassi/Documents/3k/ux0/app/PCSE00673/Shader.idt (target path: app0:Shader.idt)
[21:25:34.125] |W| [io_error_impl]: open_file (sceIoOpen) returned 0x80010002
[21:25:34.136] |W| [ngs::create_voice_definition]: Missing voice definition for Buss Type 7, using passthrough.
[21:25:34.136] |W| [unimplemented_impl]: Unimplemented sceNgsSystemRelease import called.
[21:25:34.167] |W| [stubbed_impl]: Stubbed sceKernelWaitEventFlagCB import called. (no CB)
[21:25:34.237] |T| [export_sceNgsPatchCreateRouting]: Patching 0xBAAD000:0:0 to 0xBAB1E80:0
[21:25:34.262] |W| [unimplemented_impl]: Unimplemented sceAudioOutGetAdopt import called.
[21:25:34.330] |E| [stat_file]: Missing file at C:/Users/cassi/Documents/3k/ux0/app/PCSE00673/Sound/Cri/og_project.acf (target path: app0:/Sound/Cri/og_project.acf)
[21:25:34.331] |W| [io_error_impl]: stat_file (_sceIoGetstat) returned 0x80010002
[21:25:34.354] |I| [export_sceIoOpen]: Opening file: app0:/Sound/Cri/og_project.acf
[21:25:34.355] |E| [open_file]: Missing file at C:/Users/cassi/Documents/3k/ux0/app/PCSE00673/Sound/Cri/og_project.acf (target path: app0:/Sound/Cri/og_project.acf)
[21:25:34.360] |W| [io_error_impl]: open_file (sceIoOpen) returned 0x80010002
[21:25:34.380] |I| [export_sceIoOpen]: Opening file: app0:/Sound/Cri/og_project.acf
[21:25:34.380] |E| [open_file]: Missing file at C:/Users/cassi/Documents/3k/ux0/app/PCSE00673/Sound/Cri/og_project.acf (target path: app0:/Sound/Cri/og_project.acf)
[21:25:34.382] |W| [io_error_impl]: open_file (sceIoOpen) returned 0x80010002
[21:25:34.402] |T| [seek_file]: sceIoPread: Seeking fd: 0x4, offset: 0x27C26800, whence: SCE_SEEK_SET
[21:25:34.409] |T| [read_file]: sceIoPread: Reading 2048 bytes of fd 0x4
[21:25:34.410] |T| [seek_file]: sceIoPread: Seeking fd: 0x4, offset: 0x0, whence: SCE_SEEK_SET
[21:25:34.461] |E| [stat_file]: Missing file at C:/Users/cassi/Documents/3k/ux0/app/PCSE00673/Sound/Cri/SE_COM.acb (target path: app0:/Sound/Cri/SE_COM.acb)
[21:25:34.463] |W| [io_error_impl]: stat_file (_sceIoGetstat) returned 0x80010002
[21:25:34.466] |E| [stat_file]: Missing file at C:/Users/cassi/Documents/3k/ux0/app/PCSE00673/Sound/Cri/SE_COM.acb (target path: app0:/Sound/Cri/SE_COM.acb)
[21:25:34.468] |W| [io_error_impl]: stat_file (_sceIoGetstat) returned 0x80010002
[21:25:34.470] |I| [export_sceIoOpen]: Opening file: app0:/Sound/Cri/SE_COM.acb
[21:25:34.470] |E| [open_file]: Missing file at C:/Users/cassi/Documents/3k/ux0/app/PCSE00673/Sound/Cri/SE_COM.acb (target path: app0:/Sound/Cri/SE_COM.acb)
[21:25:34.471] |W| [io_error_impl]: open_file (sceIoOpen) returned 0x80010002
[21:25:34.488] |I| [export_sceIoOpen]: Opening file: app0:/Sound/Cri/SE_COM.acb
[21:25:34.489] |E| [open_file]: Missing file at C:/Users/cassi/Documents/3k/ux0/app/PCSE00673/Sound/Cri/SE_COM.acb (target path: app0:/Sound/Cri/SE_COM.acb)
[21:25:34.498] |W| [io_error_impl]: open_file (sceIoOpen) returned 0x80010002
[21:25:34.506] |T| [seek_file]: sceIoPread: Seeking fd: 0x4, offset: 0x27C26E00, whence: SCE_SEEK_SET
[21:25:34.508] |T| [read_file]: sceIoPread: Reading 37888 bytes of fd 0x4
[21:25:34.513] |T| [seek_file]: sceIoPread: Seeking fd: 0x4, offset: 0x0, whence: SCE_SEEK_SET
[21:25:34.516] |T| [seek_file]: sceIoPread: Seeking fd: 0x4, offset: 0x27C30000, whence: SCE_SEEK_SET
[21:25:34.517] |T| [read_file]: sceIoPread: Reading 60928 bytes of fd 0x4
[21:25:34.518] |T| [seek_file]: sceIoPread: Seeking fd: 0x4, offset: 0x0, whence: SCE_SEEK_SET
[21:25:34.519] |T| [seek_file]: sceIoPread: Seeking fd: 0x4, offset: 0x27C3EC00, whence: SCE_SEEK_SET
[21:25:34.519] |T| [read_file]: sceIoPread: Reading 54272 bytes of fd 0x4
[21:25:34.519] |T| [seek_file]: sceIoPread: Seeking fd: 0x4, offset: 0x0, whence: SCE_SEEK_SET
[21:25:34.520] |T| [seek_file]: sceIoPread: Seeking fd: 0x4, offset: 0x27C5A600, whence: SCE_SEEK_SET
[21:25:34.521] |T| [read_file]: sceIoPread: Reading 54784 bytes of fd 0x4
[21:25:34.521] |T| [seek_file]: sceIoPread: Seeking fd: 0x4, offset: 0x0, whence: SCE_SEEK_SET
[21:25:34.524] |T| [seek_file]: sceIoPread: Seeking fd: 0x4, offset: 0x27C67A00, whence: SCE_SEEK_SET
[21:25:34.528] |T| [read_file]: sceIoPread: Reading 55808 bytes of fd 0x4
[21:25:34.529] |T| [seek_file]: sceIoPread: Seeking fd: 0x4, offset: 0x0, whence: SCE_SEEK_SET
[21:25:34.531] |T| [seek_file]: sceIoPread: Seeking fd: 0x4, offset: 0x27C75200, whence: SCE_SEEK_SET
[21:25:34.532] |T| [read_file]: sceIoPread: Reading 55296 bytes of fd 0x4
[21:25:34.532] |T| [seek_file]: sceIoPread: Seeking fd: 0x4, offset: 0x0, whence: SCE_SEEK_SET
[21:25:34.533] |T| [seek_file]: sceIoPread: Seeking fd: 0x4, offset: 0x27C90200, whence: SCE_SEEK_SET
[21:25:34.534] |T| [read_file]: sceIoPread: Reading 59904 bytes of fd 0x4
[21:25:34.534] |T| [seek_file]: sceIoPread: Seeking fd: 0x4, offset: 0x0, whence: SCE_SEEK_SET
[21:25:34.535] |T| [seek_file]: sceIoPread: Seeking fd: 0x4, offset: 0x27C9EA00, whence: SCE_SEEK_SET
[21:25:34.536] |T| [read_file]: sceIoPread: Reading 59904 bytes of fd 0x4
[21:25:34.536] |T| [seek_file]: sceIoPread: Seeking fd: 0x4, offset: 0x0, whence: SCE_SEEK_SET
[21:25:34.537] |T| [seek_file]: sceIoPread: Seeking fd: 0x4, offset: 0x27CAD200, whence: SCE_SEEK_SET
[21:25:34.537] |T| [read_file]: sceIoPread: Reading 59392 bytes of fd 0x4
[21:25:34.537] |T| [seek_file]: sceIoPread: Seeking fd: 0x4, offset: 0x0, whence: SCE_SEEK_SET
[21:25:34.544] |T| [seek_file]: sceIoPread: Seeking fd: 0x4, offset: 0x27CC9600, whence: SCE_SEEK_SET
[21:25:34.547] |T| [read_file]: sceIoPread: Reading 55808 bytes of fd 0x4
[21:25:34.548] |T| [seek_file]: sceIoPread: Seeking fd: 0x4, offset: 0x0, whence: SCE_SEEK_SET
[21:25:34.550] |T| [seek_file]: sceIoPread: Seeking fd: 0x4, offset: 0x27CD6E00, whence: SCE_SEEK_SET
[21:25:34.551] |T| [read_file]: sceIoPread: Reading 43520 bytes of fd 0x4
[21:25:34.552] |T| [seek_file]: sceIoPread: Seeking fd: 0x4, offset: 0x0, whence: SCE_SEEK_SET
[21:25:34.552] |T| [seek_file]: sceIoPread: Seeking fd: 0x4, offset: 0x27CE1600, whence: SCE_SEEK_SET
[21:25:34.554] |T| [read_file]: sceIoPread: Reading 61952 bytes of fd 0x4
[21:25:34.555] |T| [seek_file]: sceIoPread: Seeking fd: 0x4, offset: 0x0, whence: SCE_SEEK_SET
[21:25:34.558] |T| [seek_file]: sceIoPread: Seeking fd: 0x4, offset: 0x27C4BE00, whence: SCE_SEEK_SET
[21:25:34.561] |T| [read_file]: sceIoPread: Reading 59904 bytes of fd 0x4
[21:25:34.562] |T| [seek_file]: sceIoPread: Seeking fd: 0x4, offset: 0x0, whence: SCE_SEEK_SET
[21:25:34.564] |T| [seek_file]: sceIoPread: Seeking fd: 0x4, offset: 0x27C82800, whence: SCE_SEEK_SET
[21:25:34.565] |T| [read_file]: sceIoPread: Reading 56320 bytes of fd 0x4
[21:25:34.565] |T| [seek_file]: sceIoPread: Seeking fd: 0x4, offset: 0x0, whence: SCE_SEEK_SET
[21:25:34.566] |T| [seek_file]: sceIoPread: Seeking fd: 0x4, offset: 0x27CBB800, whence: SCE_SEEK_SET
[21:25:34.567] |T| [read_file]: sceIoPread: Reading 57344 bytes of fd 0x4
[21:25:34.567] |T| [seek_file]: sceIoPread: Seeking fd: 0x4, offset: 0x0, whence: SCE_SEEK_SET
[21:25:34.568] |T| [seek_file]: sceIoPread: Seeking fd: 0x4, offset: 0x27CF0600, whence: SCE_SEEK_SET
[21:25:34.568] |T| [read_file]: sceIoPread: Reading 61440 bytes of fd 0x4
[21:25:34.568] |T| [seek_file]: sceIoPread: Seeking fd: 0x4, offset: 0x0, whence: SCE_SEEK_SET
[21:25:34.578] |T| [seek_file]: sceIoPread: Seeking fd: 0x4, offset: 0x27CFF400, whence: SCE_SEEK_SET
[21:25:34.578] |T| [read_file]: sceIoPread: Reading 59392 bytes of fd 0x4
[21:25:34.579] |T| [seek_file]: sceIoPread: Seeking fd: 0x4, offset: 0x0, whence: SCE_SEEK_SET
[21:25:34.580] |T| [seek_file]: sceIoPread: Seeking fd: 0x4, offset: 0x27D0DA00, whence: SCE_SEEK_SET
[21:25:34.581] |T| [read_file]: sceIoPread: Reading 58368 bytes of fd 0x4
[21:25:34.581] |T| [seek_file]: sceIoPread: Seeking fd: 0x4, offset: 0x0, whence: SCE_SEEK_SET
[21:25:34.582] |T| [seek_file]: sceIoPread: Seeking fd: 0x4, offset: 0x27D1BC00, whence: SCE_SEEK_SET
[21:25:34.582] |T| [read_file]: sceIoPread: Reading 59392 bytes of fd 0x4
[21:25:34.582] |T| [seek_file]: sceIoPread: Seeking fd: 0x4, offset: 0x0, whence: SCE_SEEK_SET
[21:25:34.584] |T| [seek_file]: sceIoPread: Seeking fd: 0x4, offset: 0x27D33A00, whence: SCE_SEEK_SET
[21:25:34.586] |T| [read_file]: sceIoPread: Reading 60416 bytes of fd 0x4
[21:25:34.586] |T| [seek_file]: sceIoPread: Seeking fd: 0x4, offset: 0x0, whence: SCE_SEEK_SET
[21:25:34.589] |T| [seek_file]: sceIoPread: Seeking fd: 0x4, offset: 0x27D42400, whence: SCE_SEEK_SET
[21:25:34.590] |T| [read_file]: sceIoPread: Reading 59904 bytes of fd 0x4
[21:25:34.590] |T| [seek_file]: sceIoPread: Seeking fd: 0x4, offset: 0x0, whence: SCE_SEEK_SET
[21:25:34.592] |T| [seek_file]: sceIoPread: Seeking fd: 0x4, offset: 0x27D50C00, whence: SCE_SEEK_SET
[21:25:34.594] |T| [read_file]: sceIoPread: Reading 59904 bytes of fd 0x4
[21:25:34.595] |T| [seek_file]: sceIoPread: Seeking fd: 0x4, offset: 0x0, whence: SCE_SEEK_SET
[21:25:34.596] |T| [seek_file]: sceIoPread: Seeking fd: 0x4, offset: 0x27D6D400, whence: SCE_SEEK_SET
[21:25:34.596] |T| [read_file]: sceIoPread: Reading 58368 bytes of fd 0x4
[21:25:34.597] |T| [seek_file]: sceIoPread: Seeking fd: 0x4, offset: 0x0, whence: SCE_SEEK_SET
[21:25:34.598] |T| [seek_file]: sceIoPread: Seeking fd: 0x4, offset: 0x27D7B600, whence: SCE_SEEK_SET
[21:25:34.599] |T| [read_file]: sceIoPread: Reading 60928 bytes of fd 0x4
[21:25:34.599] |T| [seek_file]: sceIoPread: Seeking fd: 0x4, offset: 0x0, whence: SCE_SEEK_SET
[21:25:34.604] |T| [seek_file]: sceIoPread: Seeking fd: 0x4, offset: 0x27D8A200, whence: SCE_SEEK_SET
[21:25:34.606] |T| [read_file]: sceIoPread: Reading 60928 bytes of fd 0x4
[21:25:34.607] |T| [seek_file]: sceIoPread: Seeking fd: 0x4, offset: 0x0, whence: SCE_SEEK_SET
[21:25:34.609] |T| [seek_file]: sceIoPread: Seeking fd: 0x4, offset: 0x27DA7200, whence: SCE_SEEK_SET
[21:25:34.611] |T| [read_file]: sceIoPread: Reading 59392 bytes of fd 0x4
[21:25:34.612] |T| [seek_file]: sceIoPread: Seeking fd: 0x4, offset: 0x0, whence: SCE_SEEK_SET
[21:25:34.613] |T| [seek_file]: sceIoPread: Seeking fd: 0x4, offset: 0x27DB5800, whence: SCE_SEEK_SET
[21:25:34.614] |T| [read_file]: sceIoPread: Reading 59904 bytes of fd 0x4
[21:25:34.615] |T| [seek_file]: sceIoPread: Seeking fd: 0x4, offset: 0x0, whence: SCE_SEEK_SET
[21:25:34.615] |T| [seek_file]: sceIoPread: Seeking fd: 0x4, offset: 0x27DC4000, whence: SCE_SEEK_SET
[21:25:34.619] |T| [read_file]: sceIoPread: Reading 58368 bytes of fd 0x4
[21:25:34.620] |T| [seek_file]: sceIoPread: Seeking fd: 0x4, offset: 0x0, whence: SCE_SEEK_SET
[21:25:34.622] |T| [seek_file]: sceIoPread: Seeking fd: 0x4, offset: 0x27D2A200, whence: SCE_SEEK_SET
[21:25:34.623] |T| [read_file]: sceIoPread: Reading 39424 bytes of fd 0x4
[21:25:34.623] |T| [seek_file]: sceIoPread: Seeking fd: 0x4, offset: 0x0, whence: SCE_SEEK_SET
[21:25:34.624] |T| [seek_file]: sceIoPread: Seeking fd: 0x4, offset: 0x27D5F400, whence: SCE_SEEK_SET
[21:25:34.628] |T| [read_file]: sceIoPread: Reading 57856 bytes of fd 0x4
[21:25:34.628] |T| [seek_file]: sceIoPread: Seeking fd: 0x4, offset: 0x0, whence: SCE_SEEK_SET
[21:25:34.629] |T| [seek_file]: sceIoPread: Seeking fd: 0x4, offset: 0x27D98E00, whence: SCE_SEEK_SET
[21:25:34.630] |T| [read_file]: sceIoPread: Reading 58880 bytes of fd 0x4
[21:25:34.630] |T| [seek_file]: sceIoPread: Seeking fd: 0x4, offset: 0x0, whence: SCE_SEEK_SET
[21:25:34.631] |T| [seek_file]: sceIoPread: Seeking fd: 0x4, offset: 0x27DD2200, whence: SCE_SEEK_SET
[21:25:34.631] |T| [read_file]: sceIoPread: Reading 56832 bytes of fd 0x4
[21:25:34.634] |T| [seek_file]: sceIoPread: Seeking fd: 0x4, offset: 0x0, whence: SCE_SEEK_SET
[21:25:34.639] |T| [seek_file]: sceIoPread: Seeking fd: 0x4, offset: 0x27DDFE00, whence: SCE_SEEK_SET
[21:25:34.640] |T| [read_file]: sceIoPread: Reading 51712 bytes of fd 0x4
[21:25:34.641] |T| [seek_file]: sceIoPread: Seeking fd: 0x4, offset: 0x0, whence: SCE_SEEK_SET
[21:25:34.644] |T| [seek_file]: sceIoPread: Seeking fd: 0x4, offset: 0x27DEC600, whence: SCE_SEEK_SET
[21:25:34.645] |T| [read_file]: sceIoPread: Reading 31232 bytes of fd 0x4
[21:25:34.646] |T| [seek_file]: sceIoPread: Seeking fd: 0x4, offset: 0x0, whence: SCE_SEEK_SET
[21:25:34.647] |T| [seek_file]: sceIoPread: Seeking fd: 0x4, offset: 0x27DF3E00, whence: SCE_SEEK_SET
[21:25:34.650] |T| [read_file]: sceIoPread: Reading 53248 bytes of fd 0x4
[21:25:34.651] |T| [seek_file]: sceIoPread: Seeking fd: 0x4, offset: 0x0, whence: SCE_SEEK_SET
[21:25:34.653] |T| [seek_file]: sceIoPread: Seeking fd: 0x4, offset: 0x27E0F400, whence: SCE_SEEK_SET
[21:25:34.654] |T| [read_file]: sceIoPread: Reading 57344 bytes of fd 0x4
[21:25:34.654] |T| [seek_file]: sceIoPread: Seeking fd: 0x4, offset: 0x0, whence: SCE_SEEK_SET
[21:25:34.655] |T| [seek_file]: sceIoPread: Seeking fd: 0x4, offset: 0x27E1D200, whence: SCE_SEEK_SET
[21:25:34.655] |T| [read_file]: sceIoPread: Reading 57344 bytes of fd 0x4
[21:25:34.656] |T| [seek_file]: sceIoPread: Seeking fd: 0x4, offset: 0x0, whence: SCE_SEEK_SET
[21:25:34.657] |T| [seek_file]: sceIoPread: Seeking fd: 0x4, offset: 0x27E2B000, whence: SCE_SEEK_SET
[21:25:34.658] |T| [read_file]: sceIoPread: Reading 53760 bytes of fd 0x4
[21:25:34.659] |T| [seek_file]: sceIoPread: Seeking fd: 0x4, offset: 0x0, whence: SCE_SEEK_SET
[21:25:34.661] |T| [seek_file]: sceIoPread: Seeking fd: 0x4, offset: 0x27E47000, whence: SCE_SEEK_SET
[21:25:34.661] |T| [read_file]: sceIoPread: Reading 60928 bytes of fd 0x4
[21:25:34.662] |T| [seek_file]: sceIoPread: Seeking fd: 0x4, offset: 0x0, whence: SCE_SEEK_SET
[21:25:34.662] |T| [seek_file]: sceIoPread: Seeking fd: 0x4, offset: 0x27E55C00, whence: SCE_SEEK_SET
[21:25:34.663] |T| [read_file]: sceIoPread: Reading 58880 bytes of fd 0x4
[21:25:34.666] |T| [seek_file]: sceIoPread: Seeking fd: 0x4, offset: 0x0, whence: SCE_SEEK_SET
[21:25:34.666] |T| [seek_file]: sceIoPread: Seeking fd: 0x4, offset: 0x27E64000, whence: SCE_SEEK_SET
[21:25:34.668] |T| [read_file]: sceIoPread: Reading 57856 bytes of fd 0x4
[21:25:34.668] |T| [seek_file]: sceIoPread: Seeking fd: 0x4, offset: 0x0, whence: SCE_SEEK_SET
[21:25:34.668] |T| [seek_file]: sceIoPread: Seeking fd: 0x4, offset: 0x27E7F800, whence: SCE_SEEK_SET
[21:25:34.669] |T| [read_file]: sceIoPread: Reading 53760 bytes of fd 0x4
[21:25:34.669] |T| [seek_file]: sceIoPread: Seeking fd: 0x4, offset: 0x0, whence: SCE_SEEK_SET
[21:25:34.670] |T| [seek_file]: sceIoPread: Seeking fd: 0x4, offset: 0x27E8C800, whence: SCE_SEEK_SET
[21:25:34.670] |T| [read_file]: sceIoPread: Reading 53248 bytes of fd 0x4
[21:25:34.671] |T| [seek_file]: sceIoPread: Seeking fd: 0x4, offset: 0x0, whence: SCE_SEEK_SET
[21:25:34.672] |T| [seek_file]: sceIoPread: Seeking fd: 0x4, offset: 0x27E99600, whence: SCE_SEEK_SET
[21:25:34.673] |T| [read_file]: sceIoPread: Reading 57856 bytes of fd 0x4
[21:25:34.673] |T| [seek_file]: sceIoPread: Seeking fd: 0x4, offset: 0x0, whence: SCE_SEEK_SET
[21:25:34.674] |T| [seek_file]: sceIoPread: Seeking fd: 0x4, offset: 0x27E00C00, whence: SCE_SEEK_SET
[21:25:34.676] |T| [read_file]: sceIoPread: Reading 59904 bytes of fd 0x4
[21:25:34.678] |T| [seek_file]: sceIoPread: Seeking fd: 0x4, offset: 0x0, whence: SCE_SEEK_SET
[21:25:34.681] |T| [seek_file]: sceIoPread: Seeking fd: 0x4, offset: 0x27E38000, whence: SCE_SEEK_SET
[21:25:34.681] |T| [read_file]: sceIoPread: Reading 61952 bytes of fd 0x4
[21:25:34.682] |T| [seek_file]: sceIoPread: Seeking fd: 0x4, offset: 0x0, whence: SCE_SEEK_SET
[21:25:34.683] |T| [seek_file]: sceIoPread: Seeking fd: 0x4, offset: 0x27E72000, whence: SCE_SEEK_SET
[21:25:34.683] |T| [read_file]: sceIoPread: Reading 55808 bytes of fd 0x4
[21:25:34.684] |T| [seek_file]: sceIoPread: Seeking fd: 0x4, offset: 0x0, whence: SCE_SEEK_SET
[21:25:34.685] |T| [seek_file]: sceIoPread: Seeking fd: 0x4, offset: 0x27EA7600, whence: SCE_SEEK_SET
[21:25:34.686] |T| [read_file]: sceIoPread: Reading 60416 bytes of fd 0x4
[21:25:34.686] |T| [seek_file]: sceIoPread: Seeking fd: 0x4, offset: 0x0, whence: SCE_SEEK_SET
[21:25:34.693] |T| [seek_file]: sceIoPread: Seeking fd: 0x4, offset: 0x27EB6000, whence: SCE_SEEK_SET
[21:25:34.696] |T| [read_file]: sceIoPread: Reading 53248 bytes of fd 0x4
[21:25:34.697] |T| [seek_file]: sceIoPread: Seeking fd: 0x4, offset: 0x0, whence: SCE_SEEK_SET
[21:25:34.698] |T| [seek_file]: sceIoPread: Seeking fd: 0x4, offset: 0x27EC2E00, whence: SCE_SEEK_SET
[21:25:34.699] |T| [read_file]: sceIoPread: Reading 59392 bytes of fd 0x4
[21:25:34.699] |T| [seek_file]: sceIoPread: Seeking fd: 0x4, offset: 0x0, whence: SCE_SEEK_SET
[21:25:34.700] |T| [seek_file]: sceIoPread: Seeking fd: 0x4, offset: 0x27ED1400, whence: SCE_SEEK_SET
[21:25:34.701] |T| [read_file]: sceIoPread: Reading 56320 bytes of fd 0x4
[21:25:34.701] |T| [seek_file]: sceIoPread: Seeking fd: 0x4, offset: 0x0, whence: SCE_SEEK_SET
[21:25:34.702] |T| [seek_file]: sceIoPread: Seeking fd: 0x4, offset: 0x27EE8400, whence: SCE_SEEK_SET
[21:25:34.702] |T| [read_file]: sceIoPread: Reading 61440 bytes of fd 0x4
[21:25:34.702] |T| [seek_file]: sceIoPread: Seeking fd: 0x4, offset: 0x0, whence: SCE_SEEK_SET
[21:25:34.704] |T| [seek_file]: sceIoPread: Seeking fd: 0x4, offset: 0x27EF7200, whence: SCE_SEEK_SET
[21:25:34.704] |T| [read_file]: sceIoPread: Reading 61440 bytes of fd 0x4
[21:25:34.704] |T| [seek_file]: sceIoPread: Seeking fd: 0x4, offset: 0x0, whence: SCE_SEEK_SET
[21:25:34.705] |T| [seek_file]: sceIoPread: Seeking fd: 0x4, offset: 0x27F06000, whence: SCE_SEEK_SET
[21:25:34.705] |T| [read_file]: sceIoPread: Reading 60928 bytes of fd 0x4
[21:25:34.706] |T| [seek_file]: sceIoPread: Seeking fd: 0x4, offset: 0x0, whence: SCE_SEEK_SET
[21:25:34.708] |T| [seek_file]: sceIoPread: Seeking fd: 0x4, offset: 0x27F23600, whence: SCE_SEEK_SET
[21:25:34.714] |T| [read_file]: sceIoPread: Reading 60416 bytes of fd 0x4
[21:25:34.715] |T| [seek_file]: sceIoPread: Seeking fd: 0x4, offset: 0x0, whence: SCE_SEEK_SET
[21:25:34.716] |T| [seek_file]: sceIoPread: Seeking fd: 0x4, offset: 0x27F32000, whence: SCE_SEEK_SET
[21:25:34.717] |T| [read_file]: sceIoPread: Reading 58368 bytes of fd 0x4
[21:25:34.717] |T| [seek_file]: sceIoPread: Seeking fd: 0x4, offset: 0x0, whence: SCE_SEEK_SET
[21:25:34.718] |T| [seek_file]: sceIoPread: Seeking fd: 0x4, offset: 0x27F40200, whence: SCE_SEEK_SET
[21:25:34.718] |T| [read_file]: sceIoPread: Reading 59904 bytes of fd 0x4
[21:25:34.718] |T| [seek_file]: sceIoPread: Seeking fd: 0x4, offset: 0x0, whence: SCE_SEEK_SET
[21:25:34.720] |T| [seek_file]: sceIoPread: Seeking fd: 0x4, offset: 0x27F5C400, whence: SCE_SEEK_SET
[21:25:34.720] |T| [read_file]: sceIoPread: Reading 59904 bytes of fd 0x4
[21:25:34.721] |T| [seek_file]: sceIoPread: Seeking fd: 0x4, offset: 0x0, whence: SCE_SEEK_SET
[21:25:34.721] |T| [seek_file]: sceIoPread: Seeking fd: 0x4, offset: 0x27F6AC00, whence: SCE_SEEK_SET
[21:25:34.722] |T| [read_file]: sceIoPread: Reading 52736 bytes of fd 0x4
[21:25:34.722] |T| [seek_file]: sceIoPread: Seeking fd: 0x4, offset: 0x0, whence: SCE_SEEK_SET
[21:25:34.724] |T| [seek_file]: sceIoPread: Seeking fd: 0x4, offset: 0x27F77800, whence: SCE_SEEK_SET
[21:25:34.730] |T| [read_file]: sceIoPread: Reading 56320 bytes of fd 0x4
[21:25:34.731] |T| [seek_file]: sceIoPread: Seeking fd: 0x4, offset: 0x0, whence: SCE_SEEK_SET
[21:25:34.732] |T| [seek_file]: sceIoPread: Seeking fd: 0x4, offset: 0x27EDEE00, whence: SCE_SEEK_SET
[21:25:34.733] |T| [read_file]: sceIoPread: Reading 38912 bytes of fd 0x4
[21:25:34.733] |T| [seek_file]: sceIoPread: Seeking fd: 0x4, offset: 0x0, whence: SCE_SEEK_SET
[21:25:34.734] |T| [seek_file]: sceIoPread: Seeking fd: 0x4, offset: 0x27F14C00, whence: SCE_SEEK_SET
[21:25:34.735] |T| [read_file]: sceIoPread: Reading 60416 bytes of fd 0x4
[21:25:34.735] |T| [seek_file]: sceIoPread: Seeking fd: 0x4, offset: 0x0, whence: SCE_SEEK_SET
[21:25:34.737] |T| [seek_file]: sceIoPread: Seeking fd: 0x4, offset: 0x27F4EA00, whence: SCE_SEEK_SET
[21:25:34.737] |T| [read_file]: sceIoPread: Reading 56320 bytes of fd 0x4
[21:25:34.737] |T| [seek_file]: sceIoPread: Seeking fd: 0x4, offset: 0x0, whence: SCE_SEEK_SET
[21:25:34.738] |T| [seek_file]: sceIoPread: Seeking fd: 0x4, offset: 0x27F85200, whence: SCE_SEEK_SET
[21:25:34.739] |T| [read_file]: sceIoPread: Reading 56320 bytes of fd 0x4
[21:25:34.739] |T| [seek_file]: sceIoPread: Seeking fd: 0x4, offset: 0x0, whence: SCE_SEEK_SET
[21:25:34.746] |T| [seek_file]: sceIoPread: Seeking fd: 0x4, offset: 0x27F92C00, whence: SCE_SEEK_SET
[21:25:34.746] |T| [read_file]: sceIoPread: Reading 59392 bytes of fd 0x4
[21:25:34.746] |T| [seek_file]: sceIoPread: Seeking fd: 0x4, offset: 0x0, whence: SCE_SEEK_SET
[21:25:34.748] |T| [seek_file]: sceIoPread: Seeking fd: 0x4, offset: 0x27FA1200, whence: SCE_SEEK_SET
[21:25:34.748] |T| [read_file]: sceIoPread: Reading 56320 bytes of fd 0x4
[21:25:34.748] |T| [seek_file]: sceIoPread: Seeking fd: 0x4, offset: 0x0, whence: SCE_SEEK_SET
[21:25:34.749] |T| [seek_file]: sceIoPread: Seeking fd: 0x4, offset: 0x27FAEC00, whence: SCE_SEEK_SET
[21:25:34.749] |T| [read_file]: sceIoPread: Reading 59392 bytes of fd 0x4
[21:25:34.750] |T| [seek_file]: sceIoPread: Seeking fd: 0x4, offset: 0x0, whence: SCE_SEEK_SET
[21:25:34.751] |T| [seek_file]: sceIoPread: Seeking fd: 0x4, offset: 0x27FCB000, whence: SCE_SEEK_SET
[21:25:34.751] |T| [read_file]: sceIoPread: Reading 58880 bytes of fd 0x4
[21:25:34.752] |T| [seek_file]: sceIoPread: Seeking fd: 0x4, offset: 0x0, whence: SCE_SEEK_SET
[21:25:34.752] |T| [seek_file]: sceIoPread: Seeking fd: 0x4, offset: 0x27FD9400, whence: SCE_SEEK_SET
[21:25:34.753] |T| [read_file]: sceIoPread: Reading 58880 bytes of fd 0x4
[21:25:34.753] |T| [seek_file]: sceIoPread: Seeking fd: 0x4, offset: 0x0, whence: SCE_SEEK_SET
[21:25:34.755] |T| [seek_file]: sceIoPread: Seeking fd: 0x4, offset: 0x27FE7800, whence: SCE_SEEK_SET
[21:25:34.755] |T| [read_file]: sceIoPread: Reading 57344 bytes of fd 0x4
[21:25:34.755] |T| [seek_file]: sceIoPread: Seeking fd: 0x4, offset: 0x0, whence: SCE_SEEK_SET
[21:25:34.756] |T| [seek_file]: sceIoPread: Seeking fd: 0x4, offset: 0x28003800, whence: SCE_SEEK_SET
[21:25:34.762] |T| [read_file]: sceIoPread: Reading 58368 bytes of fd 0x4
[21:25:34.763] |T| [seek_file]: sceIoPread: Seeking fd: 0x4, offset: 0x0, whence: SCE_SEEK_SET
[21:25:34.764] |T| [seek_file]: sceIoPread: Seeking fd: 0x4, offset: 0x28011A00, whence: SCE_SEEK_SET
[21:25:34.764] |T| [read_file]: sceIoPread: Reading 60416 bytes of fd 0x4
[21:25:34.765] |T| [seek_file]: sceIoPread: Seeking fd: 0x4, offset: 0x0, whence: SCE_SEEK_SET
[21:25:34.765] |T| [seek_file]: sceIoPread: Seeking fd: 0x4, offset: 0x28020400, whence: SCE_SEEK_SET
[21:25:34.766] |T| [read_file]: sceIoPread: Reading 58368 bytes of fd 0x4
[21:25:34.766] |T| [seek_file]: sceIoPread: Seeking fd: 0x4, offset: 0x0, whence: SCE_SEEK_SET
[21:25:34.767] |T| [seek_file]: sceIoPread: Seeking fd: 0x4, offset: 0x2803D000, whence: SCE_SEEK_SET
[21:25:34.768] |T| [read_file]: sceIoPread: Reading 60416 bytes of fd 0x4
[21:25:34.768] |T| [seek_file]: sceIoPread: Seeking fd: 0x4, offset: 0x0, whence: SCE_SEEK_SET
[21:25:34.769] |T| [seek_file]: sceIoPread: Seeking fd: 0x4, offset: 0x2804BA00, whence: SCE_SEEK_SET
[21:25:34.769] |T| [read_file]: sceIoPread: Reading 59392 bytes of fd 0x4
[21:25:34.769] |T| [seek_file]: sceIoPread: Seeking fd: 0x4, offset: 0x0, whence: SCE_SEEK_SET
[21:25:34.770] |T| [seek_file]: sceIoPread: Seeking fd: 0x4, offset: 0x2805A000, whence: SCE_SEEK_SET
[21:25:34.771] |T| [read_file]: sceIoPread: Reading 55808 bytes of fd 0x4
[21:25:34.771] |T| [seek_file]: sceIoPread: Seeking fd: 0x4, offset: 0x0, whence: SCE_SEEK_SET
[21:25:34.773] |T| [seek_file]: sceIoPread: Seeking fd: 0x4, offset: 0x27FBD200, whence: SCE_SEEK_SET
[21:25:34.778] |T| [read_file]: sceIoPread: Reading 57344 bytes of fd 0x4
[21:25:34.779] |T| [seek_file]: sceIoPread: Seeking fd: 0x4, offset: 0x0, whence: SCE_SEEK_SET
[21:25:34.780] |T| [seek_file]: sceIoPread: Seeking fd: 0x4, offset: 0x27FF5600, whence: SCE_SEEK_SET
[21:25:34.780] |T| [read_file]: sceIoPread: Reading 58368 bytes of fd 0x4
[21:25:34.780] |T| [seek_file]: sceIoPread: Seeking fd: 0x4, offset: 0x0, whence: SCE_SEEK_SET
[21:25:34.781] |T| [seek_file]: sceIoPread: Seeking fd: 0x4, offset: 0x2802E600, whence: SCE_SEEK_SET
[21:25:34.781] |T| [read_file]: sceIoPread: Reading 60416 bytes of fd 0x4
[21:25:34.782] |T| [seek_file]: sceIoPread: Seeking fd: 0x4, offset: 0x0, whence: SCE_SEEK_SET
[21:25:34.783] |T| [seek_file]: sceIoPread: Seeking fd: 0x4, offset: 0x28067800, whence: SCE_SEEK_SET
[21:25:34.783] |T| [read_file]: sceIoPread: Reading 58880 bytes of fd 0x4
[21:25:34.784] |T| [seek_file]: sceIoPread: Seeking fd: 0x4, offset: 0x0, whence: SCE_SEEK_SET
[21:25:34.788] |T| [seek_file]: sceIoPread: Seeking fd: 0x4, offset: 0x28075C00, whence: SCE_SEEK_SET
[21:25:34.792] |T| [read_file]: sceIoPread: Reading 59904 bytes of fd 0x4
[21:25:34.794] |T| [seek_file]: sceIoPread: Seeking fd: 0x4, offset: 0x0, whence: SCE_SEEK_SET
[21:25:34.796] |T| [seek_file]: sceIoPread: Seeking fd: 0x4, offset: 0x28084400, whence: SCE_SEEK_SET
[21:25:34.796] |T| [read_file]: sceIoPread: Reading 56320 bytes of fd 0x4
[21:25:34.797] |T| [seek_file]: sceIoPread: Seeking fd: 0x4, offset: 0x0, whence: SCE_SEEK_SET
[21:25:34.797] |T| [seek_file]: sceIoPread: Seeking fd: 0x4, offset: 0x28091E00, whence: SCE_SEEK_SET
[21:25:34.797] |T| [read_file]: sceIoPread: Reading 53248 bytes of fd 0x4
[21:25:34.798] |T| [seek_file]: sceIoPread: Seeking fd: 0x4, offset: 0x0, whence: SCE_SEEK_SET
[21:25:34.799] |T| [seek_file]: sceIoPread: Seeking fd: 0x4, offset: 0x280ADA00, whence: SCE_SEEK_SET
[21:25:34.799] |T| [read_file]: sceIoPread: Reading 59392 bytes of fd 0x4
[21:25:34.800] |T| [seek_file]: sceIoPread: Seeking fd: 0x4, offset: 0x0, whence: SCE_SEEK_SET
[21:25:34.800] |T| [seek_file]: sceIoPread: Seeking fd: 0x4, offset: 0x280BC000, whence: SCE_SEEK_SET
[21:25:34.801] |T| [read_file]: sceIoPread: Reading 51200 bytes of fd 0x4
[21:25:34.801] |T| [seek_file]: sceIoPread: Seeking fd: 0x4, offset: 0x0, whence: SCE_SEEK_SET
[21:25:34.803] |T| [seek_file]: sceIoPread: Seeking fd: 0x4, offset: 0x280C8600, whence: SCE_SEEK_SET
[21:25:34.803] |T| [read_file]: sceIoPread: Reading 60928 bytes of fd 0x4
[21:25:34.803] |T| [seek_file]: sceIoPread: Seeking fd: 0x4, offset: 0x0, whence: SCE_SEEK_SET
[21:25:34.809] |T| [seek_file]: sceIoPread: Seeking fd: 0x4, offset: 0x280E5A00, whence: SCE_SEEK_SET
[21:25:34.811] |T| [read_file]: sceIoPread: Reading 59904 bytes of fd 0x4
[21:25:34.812] |T| [seek_file]: sceIoPread: Seeking fd: 0x4, offset: 0x0, whence: SCE_SEEK_SET
[21:25:34.812] |T| [seek_file]: sceIoPread: Seeking fd: 0x4, offset: 0x280F4200, whence: SCE_SEEK_SET
[21:25:34.813] |T| [read_file]: sceIoPread: Reading 59392 bytes of fd 0x4
[21:25:34.813] |T| [seek_file]: sceIoPread: Seeking fd: 0x4, offset: 0x0, whence: SCE_SEEK_SET
[21:25:34.814] |T| [seek_file]: sceIoPread: Seeking fd: 0x4, offset: 0x28102800, whence: SCE_SEEK_SET
[21:25:34.814] |T| [read_file]: sceIoPread: Reading 58880 bytes of fd 0x4
[21:25:34.815] |T| [seek_file]: sceIoPread: Seeking fd: 0x4, offset: 0x0, whence: SCE_SEEK_SET
[21:25:34.816] |T| [seek_file]: sceIoPread: Seeking fd: 0x4, offset: 0x2811E200, whence: SCE_SEEK_SET
[21:25:34.817] |T| [read_file]: sceIoPread: Reading 57856 bytes of fd 0x4
[21:25:34.817] |T| [seek_file]: sceIoPread: Seeking fd: 0x4, offset: 0x0, whence: SCE_SEEK_SET
[21:25:34.817] |T| [seek_file]: sceIoPread: Seeking fd: 0x4, offset: 0x2812C200, whence: SCE_SEEK_SET
[21:25:34.818] |T| [read_file]: sceIoPread: Reading 58880 bytes of fd 0x4
[21:25:34.818] |T| [seek_file]: sceIoPread: Seeking fd: 0x4, offset: 0x0, whence: SCE_SEEK_SET
[21:25:34.820] |T| [seek_file]: sceIoPread: Seeking fd: 0x4, offset: 0x2813A600, whence: SCE_SEEK_SET
[21:25:34.821] |T| [read_file]: sceIoPread: Reading 56320 bytes of fd 0x4
[21:25:34.822] |T| [seek_file]: sceIoPread: Seeking fd: 0x4, offset: 0x0, whence: SCE_SEEK_SET
[21:25:34.823] |T| [seek_file]: sceIoPread: Seeking fd: 0x4, offset: 0x2809EC00, whence: SCE_SEEK_SET
[21:25:34.824] |T| [read_file]: sceIoPread: Reading 61440 bytes of fd 0x4
[21:25:34.827] |T| [seek_file]: sceIoPread: Seeking fd: 0x4, offset: 0x0, whence: SCE_SEEK_SET
[21:25:34.828] |T| [seek_file]: sceIoPread: Seeking fd: 0x4, offset: 0x280D7200, whence: SCE_SEEK_SET
[21:25:34.828] |T| [read_file]: sceIoPread: Reading 59904 bytes of fd 0x4
[21:25:34.828] |T| [seek_file]: sceIoPread: Seeking fd: 0x4, offset: 0x0, whence: SCE_SEEK_SET
[21:25:34.829] |T| [seek_file]: sceIoPread: Seeking fd: 0x4, offset: 0x28110C00, whence: SCE_SEEK_SET
[21:25:34.829] |T| [read_file]: sceIoPread: Reading 55296 bytes of fd 0x4
[21:25:34.829] |T| [seek_file]: sceIoPread: Seeking fd: 0x4, offset: 0x0, whence: SCE_SEEK_SET
[21:25:34.831] |T| [seek_file]: sceIoPread: Seeking fd: 0x4, offset: 0x28148000, whence: SCE_SEEK_SET
[21:25:34.831] |T| [read_file]: sceIoPread: Reading 57856 bytes of fd 0x4
[21:25:34.831] |T| [seek_file]: sceIoPread: Seeking fd: 0x4, offset: 0x0, whence: SCE_SEEK_SET
[21:25:34.836] |T| [seek_file]: sceIoPread: Seeking fd: 0x4, offset: 0x28156000, whence: SCE_SEEK_SET
[21:25:34.838] |T| [read_file]: sceIoPread: Reading 54784 bytes of fd 0x4
[21:25:34.839] |T| [seek_file]: sceIoPread: Seeking fd: 0x4, offset: 0x0, whence: SCE_SEEK_SET
[21:25:34.840] |T| [seek_file]: sceIoPread: Seeking fd: 0x4, offset: 0x28163400, whence: SCE_SEEK_SET
[21:25:34.842] |T| [read_file]: sceIoPread: Reading 59392 bytes of fd 0x4
[21:25:34.845] |T| [seek_file]: sceIoPread: Seeking fd: 0x4, offset: 0x0, whence: SCE_SEEK_SET
[21:25:34.846] |T| [seek_file]: sceIoPread: Seeking fd: 0x4, offset: 0x28171A00, whence: SCE_SEEK_SET
[21:25:34.846] |T| [read_file]: sceIoPread: Reading 57344 bytes of fd 0x4
[21:25:34.847] |T| [seek_file]: sceIoPread: Seeking fd: 0x4, offset: 0x0, whence: SCE_SEEK_SET
[21:25:34.847] |T| [seek_file]: sceIoPread: Seeking fd: 0x4, offset: 0x2818CC00, whence: SCE_SEEK_SET
[21:25:34.847] |T| [read_file]: sceIoPread: Reading 59904 bytes of fd 0x4
[21:25:34.848] |T| [seek_file]: sceIoPread: Seeking fd: 0x4, offset: 0x0, whence: SCE_SEEK_SET
[21:25:34.849] |T| [seek_file]: sceIoPread: Seeking fd: 0x4, offset: 0x2819B400, whence: SCE_SEEK_SET
[21:25:34.849] |T| [read_file]: sceIoPread: Reading 58368 bytes of fd 0x4
[21:25:34.850] |T| [seek_file]: sceIoPread: Seeking fd: 0x4, offset: 0x0, whence: SCE_SEEK_SET
[21:25:34.851] |T| [seek_file]: sceIoPread: Seeking fd: 0x4, offset: 0x281A9600, whence: SCE_SEEK_SET
[21:25:34.853] |T| [read_file]: sceIoPread: Reading 59392 bytes of fd 0x4
[21:25:34.853] |T| [seek_file]: sceIoPread: Seeking fd: 0x4, offset: 0x0, whence: SCE_SEEK_SET
[21:25:34.854] |T| [seek_file]: sceIoPread: Seeking fd: 0x4, offset: 0x281C5C00, whence: SCE_SEEK_SET
[21:25:34.855] |T| [read_file]: sceIoPread: Reading 59392 bytes of fd 0x4
[21:25:34.855] |T| [seek_file]: sceIoPread: Seeking fd: 0x4, offset: 0x0, whence: SCE_SEEK_SET
[21:25:34.856] |T| [seek_file]: sceIoPread: Seeking fd: 0x4, offset: 0x281D4200, whence: SCE_SEEK_SET
[21:25:34.856] |T| [read_file]: sceIoPread: Reading 58880 bytes of fd 0x4
[21:25:34.857] |T| [seek_file]: sceIoPread: Seeking fd: 0x4, offset: 0x0, whence: SCE_SEEK_SET
[21:25:34.859] |T| [seek_file]: sceIoPread: Seeking fd: 0x4, offset: 0x281E2600, whence: SCE_SEEK_SET
[21:25:34.860] |T| [read_file]: sceIoPread: Reading 58368 bytes of fd 0x4
[21:25:34.861] |T| [seek_file]: sceIoPread: Seeking fd: 0x4, offset: 0x0, whence: SCE_SEEK_SET
[21:25:34.861] |T| [seek_file]: sceIoPread: Seeking fd: 0x4, offset: 0x281FF600, whence: SCE_SEEK_SET
[21:25:34.862] |T| [read_file]: sceIoPread: Reading 56832 bytes of fd 0x4
[21:25:34.862] |T| [seek_file]: sceIoPread: Seeking fd: 0x4, offset: 0x0, whence: SCE_SEEK_SET
[21:25:34.862] |T| [seek_file]: sceIoPread: Seeking fd: 0x4, offset: 0x2820D200, whence: SCE_SEEK_SET
[21:25:34.863] |T| [read_file]: sceIoPread: Reading 48640 bytes of fd 0x4
[21:25:34.863] |T| [seek_file]: sceIoPread: Seeking fd: 0x4, offset: 0x0, whence: SCE_SEEK_SET
[21:25:34.865] |T| [seek_file]: sceIoPread: Seeking fd: 0x4, offset: 0x28218E00, whence: SCE_SEEK_SET
[21:25:34.865] |T| [read_file]: sceIoPread: Reading 54272 bytes of fd 0x4
[21:25:34.865] |T| [seek_file]: sceIoPread: Seeking fd: 0x4, offset: 0x0, whence: SCE_SEEK_SET
[21:25:34.866] |T| [seek_file]: sceIoPread: Seeking fd: 0x4, offset: 0x2817F800, whence: SCE_SEEK_SET
[21:25:34.866] |T| [read_file]: sceIoPread: Reading 54784 bytes of fd 0x4
[21:25:34.870] |T| [seek_file]: sceIoPread: Seeking fd: 0x4, offset: 0x0, whence: SCE_SEEK_SET
[21:25:34.871] |T| [seek_file]: sceIoPread: Seeking fd: 0x4, offset: 0x281B7C00, whence: SCE_SEEK_SET
[21:25:34.872] |T| [read_file]: sceIoPread: Reading 57856 bytes of fd 0x4
[21:25:34.872] |T| [seek_file]: sceIoPread: Seeking fd: 0x4, offset: 0x0, whence: SCE_SEEK_SET
[21:25:34.872] |T| [seek_file]: sceIoPread: Seeking fd: 0x4, offset: 0x281F0800, whence: SCE_SEEK_SET
[21:25:34.873] |T| [read_file]: sceIoPread: Reading 61440 bytes of fd 0x4
[21:25:34.873] |T| [seek_file]: sceIoPread: Seeking fd: 0x4, offset: 0x0, whence: SCE_SEEK_SET
[21:25:34.875] |T| [seek_file]: sceIoPread: Seeking fd: 0x4, offset: 0x28226000, whence: SCE_SEEK_SET
[21:25:34.877] |T| [read_file]: sceIoPread: Reading 60928 bytes of fd 0x4
[21:25:34.877] |T| [seek_file]: sceIoPread: Seeking fd: 0x4, offset: 0x0, whence: SCE_SEEK_SET
[21:25:34.881] |T| [seek_file]: sceIoPread: Seeking fd: 0x4, offset: 0x28234C00, whence: SCE_SEEK_SET
[21:25:34.881] |T| [read_file]: sceIoPread: Reading 55808 bytes of fd 0x4
[21:25:34.881] |T| [seek_file]: sceIoPread: Seeking fd: 0x4, offset: 0x0, whence: SCE_SEEK_SET
[21:25:34.884] |T| [seek_file]: sceIoPread: Seeking fd: 0x4, offset: 0x28242400, whence: SCE_SEEK_SET
[21:25:34.884] |T| [read_file]: sceIoPread: Reading 50688 bytes of fd 0x4
[21:25:34.886] |T| [seek_file]: sceIoPread: Seeking fd: 0x4, offset: 0x0, whence: SCE_SEEK_SET
[21:25:34.886] |T| [seek_file]: sceIoPread: Seeking fd: 0x4, offset: 0x2824E800, whence: SCE_SEEK_SET
[21:25:34.887] |T| [read_file]: sceIoPread: Reading 56320 bytes of fd 0x4
[21:25:34.887] |T| [seek_file]: sceIoPread: Seeking fd: 0x4, offset: 0x0, whence: SCE_SEEK_SET
[21:25:34.888] |T| [seek_file]: sceIoPread: Seeking fd: 0x4, offset: 0x2826A800, whence: SCE_SEEK_SET
[21:25:34.889] |T| [read_file]: sceIoPread: Reading 59904 bytes of fd 0x4
[21:25:34.889] |T| [seek_file]: sceIoPread: Seeking fd: 0x4, offset: 0x0, whence: SCE_SEEK_SET
[21:25:34.890] |T| [seek_file]: sceIoPread: Seeking fd: 0x4, offset: 0x28279000, whence: SCE_SEEK_SET
[21:25:34.892] |T| [read_file]: sceIoPread: Reading 57344 bytes of fd 0x4
[21:25:34.893] |T| [seek_file]: sceIoPread: Seeking fd: 0x4, offset: 0x0, whence: SCE_SEEK_SET
[21:25:34.894] |T| [seek_file]: sceIoPread: Seeking fd: 0x4, offset: 0x28286E00, whence: SCE_SEEK_SET
[21:25:34.895] |T| [read_file]: sceIoPread: Reading 58880 bytes of fd 0x4
[21:25:34.895] |T| [seek_file]: sceIoPread: Seeking fd: 0x4, offset: 0x0, whence: SCE_SEEK_SET
[21:25:34.895] |T| [seek_file]: sceIoPread: Seeking fd: 0x4, offset: 0x282A3800, whence: SCE_SEEK_SET
[21:25:34.896] |T| [read_file]: sceIoPread: Reading 58880 bytes of fd 0x4
[21:25:34.896] |T| [seek_file]: sceIoPread: Seeking fd: 0x4, offset: 0x0, whence: SCE_SEEK_SET
[21:25:34.898] |T| [seek_file]: sceIoPread: Seeking fd: 0x4, offset: 0x282B1C00, whence: SCE_SEEK_SET
[21:25:34.901] |T| [read_file]: sceIoPread: Reading 56832 bytes of fd 0x4
[21:25:34.902] |T| [seek_file]: sceIoPread: Seeking fd: 0x4, offset: 0x0, whence: SCE_SEEK_SET
[21:25:34.903] |T| [seek_file]: sceIoPread: Seeking fd: 0x4, offset: 0x282BF800, whence: SCE_SEEK_SET
[21:25:34.903] |T| [read_file]: sceIoPread: Reading 52224 bytes of fd 0x4
[21:25:34.903] |T| [seek_file]: sceIoPread: Seeking fd: 0x4, offset: 0x0, whence: SCE_SEEK_SET
[21:25:34.904] |T| [seek_file]: sceIoPread: Seeking fd: 0x4, offset: 0x282D3A00, whence: SCE_SEEK_SET
[21:25:34.904] |T| [read_file]: sceIoPread: Reading 41472 bytes of fd 0x4
[21:25:34.904] |T| [seek_file]: sceIoPread: Seeking fd: 0x4, offset: 0x0, whence: SCE_SEEK_SET
[21:25:34.906] |T| [seek_file]: sceIoPread: Seeking fd: 0x4, offset: 0x282DDA00, whence: SCE_SEEK_SET
[21:25:34.907] |T| [read_file]: sceIoPread: Reading 57344 bytes of fd 0x4
[21:25:34.909] |T| [seek_file]: sceIoPread: Seeking fd: 0x4, offset: 0x0, whence: SCE_SEEK_SET
[21:25:34.910] |T| [seek_file]: sceIoPread: Seeking fd: 0x4, offset: 0x282EB800, whence: SCE_SEEK_SET
[21:25:34.911] |T| [read_file]: sceIoPread: Reading 61952 bytes of fd 0x4
[21:25:34.911] |T| [seek_file]: sceIoPread: Seeking fd: 0x4, offset: 0x0, whence: SCE_SEEK_SET
[21:25:34.911] |T| [seek_file]: sceIoPread: Seeking fd: 0x4, offset: 0x2825C200, whence: SCE_SEEK_SET
[21:25:34.912] |T| [read_file]: sceIoPread: Reading 59392 bytes of fd 0x4
[21:25:34.912] |T| [seek_file]: sceIoPread: Seeking fd: 0x4, offset: 0x0, whence: SCE_SEEK_SET
[21:25:34.913] |T| [seek_file]: sceIoPread: Seeking fd: 0x4, offset: 0x28295200, whence: SCE_SEEK_SET
[21:25:34.913] |T| [read_file]: sceIoPread: Reading 59392 bytes of fd 0x4
[21:25:34.917] |T| [seek_file]: sceIoPread: Seeking fd: 0x4, offset: 0x0, whence: SCE_SEEK_SET
[21:25:34.917] |T| [seek_file]: sceIoPread: Seeking fd: 0x4, offset: 0x282CC200, whence: SCE_SEEK_SET
[21:25:34.918] |T| [read_file]: sceIoPread: Reading 31232 bytes of fd 0x4
[21:25:34.918] |T| [seek_file]: sceIoPread: Seeking fd: 0x4, offset: 0x0, whence: SCE_SEEK_SET
[21:25:34.919] |T| [seek_file]: sceIoPread: Seeking fd: 0x4, offset: 0x282FA800, whence: SCE_SEEK_SET
[21:25:34.919] |T| [read_file]: sceIoPread: Reading 57856 bytes of fd 0x4
[21:25:34.919] |T| [seek_file]: sceIoPread: Seeking fd: 0x4, offset: 0x0, whence: SCE_SEEK_SET
[21:25:34.925] |T| [seek_file]: sceIoPread: Seeking fd: 0x4, offset: 0x28308800, whence: SCE_SEEK_SET
[21:25:34.926] |T| [read_file]: sceIoPread: Reading 58880 bytes of fd 0x4
[21:25:34.926] |T| [seek_file]: sceIoPread: Seeking fd: 0x4, offset: 0x0, whence: SCE_SEEK_SET
[21:25:34.927] |T| [seek_file]: sceIoPread: Seeking fd: 0x4, offset: 0x28316C00, whence: SCE_SEEK_SET
[21:25:34.927] |T| [read_file]: sceIoPread: Reading 57344 bytes of fd 0x4
[21:25:34.928] |T| [seek_file]: sceIoPread: Seeking fd: 0x4, offset: 0x0, whence: SCE_SEEK_SET
[21:25:34.928] |T| [seek_file]: sceIoPread: Seeking fd: 0x4, offset: 0x28324A00, whence: SCE_SEEK_SET
[21:25:34.928] |T| [read_file]: sceIoPread: Reading 53760 bytes of fd 0x4
[21:25:34.929] |T| [seek_file]: sceIoPread: Seeking fd: 0x4, offset: 0x0, whence: SCE_SEEK_SET
[21:25:34.931] |T| [seek_file]: sceIoPread: Seeking fd: 0x4, offset: 0x2833FA00, whence: SCE_SEEK_SET
[21:25:34.933] |T| [read_file]: sceIoPread: Reading 58880 bytes of fd 0x4
[21:25:34.933] |T| [seek_file]: sceIoPread: Seeking fd: 0x4, offset: 0x0, whence: SCE_SEEK_SET
[21:25:34.934] |T| [seek_file]: sceIoPread: Seeking fd: 0x4, offset: 0x2834DE00, whence: SCE_SEEK_SET
[21:25:34.935] |T| [read_file]: sceIoPread: Reading 53760 bytes of fd 0x4
[21:25:34.935] |T| [seek_file]: sceIoPread: Seeking fd: 0x4, offset: 0x0, whence: SCE_SEEK_SET
[21:25:34.936] |T| [seek_file]: sceIoPread: Seeking fd: 0x4, offset: 0x2835AE00, whence: SCE_SEEK_SET
[21:25:34.936] |T| [read_file]: sceIoPread: Reading 58880 bytes of fd 0x4
[21:25:34.936] |T| [seek_file]: sceIoPread: Seeking fd: 0x4, offset: 0x0, whence: SCE_SEEK_SET
[21:25:34.938] |T| [seek_file]: sceIoPread: Seeking fd: 0x4, offset: 0x28377000, whence: SCE_SEEK_SET
[21:25:34.938] |T| [read_file]: sceIoPread: Reading 59392 bytes of fd 0x4
[21:25:34.938] |T| [seek_file]: sceIoPread: Seeking fd: 0x4, offset: 0x0, whence: SCE_SEEK_SET
[21:25:34.939] |T| [seek_file]: sceIoPread: Seeking fd: 0x4, offset: 0x28385600, whence: SCE_SEEK_SET
[21:25:34.939] |T| [read_file]: sceIoPread: Reading 53760 bytes of fd 0x4
[21:25:34.940] |T| [seek_file]: sceIoPread: Seeking fd: 0x4, offset: 0x0, whence: SCE_SEEK_SET
[21:25:34.942] |T| [seek_file]: sceIoPread: Seeking fd: 0x4, offset: 0x28392600, whence: SCE_SEEK_SET
[21:25:34.944] |T| [read_file]: sceIoPread: Reading 59904 bytes of fd 0x4
[21:25:34.944] |T| [seek_file]: sceIoPread: Seeking fd: 0x4, offset: 0x0, whence: SCE_SEEK_SET
[21:25:34.945] |T| [seek_file]: sceIoPread: Seeking fd: 0x4, offset: 0x283AEC00, whence: SCE_SEEK_SET
[21:25:34.948] |T| [read_file]: sceIoPread: Reading 54784 bytes of fd 0x4
[21:25:34.949] |T| [seek_file]: sceIoPread: Seeking fd: 0x4, offset: 0x0, whence: SCE_SEEK_SET
[21:25:34.950] |T| [seek_file]: sceIoPread: Seeking fd: 0x4, offset: 0x283BC000, whence: SCE_SEEK_SET
[21:25:34.950] |T| [read_file]: sceIoPread: Reading 60928 bytes of fd 0x4
[21:25:34.950] |T| [seek_file]: sceIoPread: Seeking fd: 0x4, offset: 0x0, whence: SCE_SEEK_SET
[21:25:34.951] |T| [seek_file]: sceIoPread: Seeking fd: 0x4, offset: 0x283CAC00, whence: SCE_SEEK_SET
[21:25:34.951] |T| [read_file]: sceIoPread: Reading 56832 bytes of fd 0x4
[21:25:34.951] |T| [seek_file]: sceIoPread: Seeking fd: 0x4, offset: 0x0, whence: SCE_SEEK_SET
[21:25:34.953] |T| [seek_file]: sceIoPread: Seeking fd: 0x4, offset: 0x28331A00, whence: SCE_SEEK_SET
[21:25:34.953] |T| [read_file]: sceIoPread: Reading 57856 bytes of fd 0x4
[21:25:34.953] |T| [seek_file]: sceIoPread: Seeking fd: 0x4, offset: 0x0, whence: SCE_SEEK_SET
[21:25:34.954] |T| [seek_file]: sceIoPread: Seeking fd: 0x4, offset: 0x28369200, whence: SCE_SEEK_SET
[21:25:34.955] |T| [read_file]: sceIoPread: Reading 57344 bytes of fd 0x4
[21:25:34.955] |T| [seek_file]: sceIoPread: Seeking fd: 0x4, offset: 0x0, whence: SCE_SEEK_SET
[21:25:34.957] |T| [seek_file]: sceIoPread: Seeking fd: 0x4, offset: 0x283A0E00, whence: SCE_SEEK_SET
[21:25:34.957] |T| [read_file]: sceIoPread: Reading 57344 bytes of fd 0x4
[21:25:34.959] |T| [seek_file]: sceIoPread: Seeking fd: 0x4, offset: 0x0, whence: SCE_SEEK_SET
[21:25:34.960] |T| [seek_file]: sceIoPread: Seeking fd: 0x4, offset: 0x283D8800, whence: SCE_SEEK_SET
[21:25:34.964] |T| [read_file]: sceIoPread: Reading 58368 bytes of fd 0x4
[21:25:34.964] |T| [seek_file]: sceIoPread: Seeking fd: 0x4, offset: 0x0, whence: SCE_SEEK_SET
[21:25:34.968] |T| [seek_file]: sceIoPread: Seeking fd: 0x4, offset: 0x283E6A00, whence: SCE_SEEK_SET
[21:25:34.969] |T| [read_file]: sceIoPread: Reading 59392 bytes of fd 0x4
[21:25:34.969] |T| [seek_file]: sceIoPread: Seeking fd: 0x4, offset: 0x0, whence: SCE_SEEK_SET
[21:25:34.969] |T| [seek_file]: sceIoPread: Seeking fd: 0x4, offset: 0x283F5000, whence: SCE_SEEK_SET
[21:25:34.970] |T| [read_file]: sceIoPread: Reading 58368 bytes of fd 0x4
[21:25:34.970] |T| [seek_file]: sceIoPread: Seeking fd: 0x4, offset: 0x0, whence: SCE_SEEK_SET
[21:25:34.971] |T| [seek_file]: sceIoPread: Seeking fd: 0x4, offset: 0x28403200, whence: SCE_SEEK_SET
[21:25:34.971] |T| [read_file]: sceIoPread: Reading 57856 bytes of fd 0x4
[21:25:34.971] |T| [seek_file]: sceIoPread: Seeking fd: 0x4, offset: 0x0, whence: SCE_SEEK_SET
[21:25:34.974] |T| [seek_file]: sceIoPread: Seeking fd: 0x4, offset: 0x2841CC00, whence: SCE_SEEK_SET
[21:25:34.975] |T| [read_file]: sceIoPread: Reading 50688 bytes of fd 0x4
[21:25:34.979] |T| [seek_file]: sceIoPread: Seeking fd: 0x4, offset: 0x0, whence: SCE_SEEK_SET
[21:25:34.980] |T| [seek_file]: sceIoPread: Seeking fd: 0x4, offset: 0x28429000, whence: SCE_SEEK_SET
[21:25:34.982] |T| [read_file]: sceIoPread: Reading 49152 bytes of fd 0x4
[21:25:34.982] |T| [seek_file]: sceIoPread: Seeking fd: 0x4, offset: 0x0, whence: SCE_SEEK_SET
[21:25:34.983] |T| [seek_file]: sceIoPread: Seeking fd: 0x4, offset: 0x28434E00, whence: SCE_SEEK_SET
[21:25:34.983] |T| [read_file]: sceIoPread: Reading 25600 bytes of fd 0x4
[21:25:34.983] |T| [seek_file]: sceIoPread: Seeking fd: 0x4, offset: 0x0, whence: SCE_SEEK_SET
[21:25:34.984] |T| [seek_file]: sceIoPread: Seeking fd: 0x4, offset: 0x28449200, whence: SCE_SEEK_SET
[21:25:34.984] |T| [read_file]: sceIoPread: Reading 58368 bytes of fd 0x4
[21:25:34.985] |T| [seek_file]: sceIoPread: Seeking fd: 0x4, offset: 0x0, whence: SCE_SEEK_SET
[21:25:34.985] |T| [seek_file]: sceIoPread: Seeking fd: 0x4, offset: 0x28457400, whence: SCE_SEEK_SET
[21:25:34.986] |T| [read_file]: sceIoPread: Reading 59392 bytes of fd 0x4
[21:25:34.986] |T| [seek_file]: sceIoPread: Seeking fd: 0x4, offset: 0x0, whence: SCE_SEEK_SET
[21:25:34.986] |T| [seek_file]: sceIoPread: Seeking fd: 0x4, offset: 0x28465A00, whence: SCE_SEEK_SET
[21:25:34.987] |T| [read_file]: sceIoPread: Reading 56832 bytes of fd 0x4
[21:25:34.987] |T| [seek_file]: sceIoPread: Seeking fd: 0x4, offset: 0x0, whence: SCE_SEEK_SET
[21:25:34.989] |T| [seek_file]: sceIoPread: Seeking fd: 0x4, offset: 0x28482000, whence: SCE_SEEK_SET
[21:25:34.989] |T| [read_file]: sceIoPread: Reading 57856 bytes of fd 0x4
[21:25:34.989] |T| [seek_file]: sceIoPread: Seeking fd: 0x4, offset: 0x0, whence: SCE_SEEK_SET
[21:25:34.990] |T| [seek_file]: sceIoPread: Seeking fd: 0x4, offset: 0x28490000, whence: SCE_SEEK_SET
[21:25:34.997] |T| [read_file]: sceIoPread: Reading 56832 bytes of fd 0x4
[21:25:34.998] |T| [seek_file]: sceIoPread: Seeking fd: 0x4, offset: 0x0, whence: SCE_SEEK_SET
[21:25:34.998] |T| [seek_file]: sceIoPread: Seeking fd: 0x4, offset: 0x2849DC00, whence: SCE_SEEK_SET
[21:25:34.999] |T| [read_file]: sceIoPread: Reading 57856 bytes of fd 0x4
[21:25:34.999] |T| [seek_file]: sceIoPread: Seeking fd: 0x4, offset: 0x0, whence: SCE_SEEK_SET
[21:25:35.000] |T| [seek_file]: sceIoPread: Seeking fd: 0x4, offset: 0x28411200, whence: SCE_SEEK_SET
[21:25:35.000] |T| [read_file]: sceIoPread: Reading 48128 bytes of fd 0x4
[21:25:35.000] |T| [seek_file]: sceIoPread: Seeking fd: 0x4, offset: 0x0, whence: SCE_SEEK_SET
[21:25:35.002] |T| [seek_file]: sceIoPread: Seeking fd: 0x4, offset: 0x2843B000, whence: SCE_SEEK_SET
[21:25:35.002] |T| [read_file]: sceIoPread: Reading 58368 bytes of fd 0x4
[21:25:35.002] |T| [seek_file]: sceIoPread: Seeking fd: 0x4, offset: 0x0, whence: SCE_SEEK_SET
[21:25:35.003] |T| [seek_file]: sceIoPread: Seeking fd: 0x4, offset: 0x28473600, whence: SCE_SEEK_SET
[21:25:35.003] |T| [read_file]: sceIoPread: Reading 60416 bytes of fd 0x4
[21:25:35.004] |T| [seek_file]: sceIoPread: Seeking fd: 0x4, offset: 0x0, whence: SCE_SEEK_SET
[21:25:35.005] |T| [seek_file]: sceIoPread: Seeking fd: 0x4, offset: 0x284ABC00, whence: SCE_SEEK_SET
[21:25:35.005] |T| [read_file]: sceIoPread: Reading 60416 bytes of fd 0x4
[21:25:35.006] |T| [seek_file]: sceIoPread: Seeking fd: 0x4, offset: 0x0, whence: SCE_SEEK_SET
[21:25:35.012] |T| [seek_file]: sceIoPread: Seeking fd: 0x4, offset: 0x284BA600, whence: SCE_SEEK_SET
[21:25:35.014] |T| [read_file]: sceIoPread: Reading 58368 bytes of fd 0x4
[21:25:35.014] |T| [seek_file]: sceIoPread: Seeking fd: 0x4, offset: 0x0, whence: SCE_SEEK_SET
[21:25:35.015] |T| [seek_file]: sceIoPread: Seeking fd: 0x4, offset: 0x284C8800, whence: SCE_SEEK_SET
[21:25:35.016] |T| [read_file]: sceIoPread: Reading 60416 bytes of fd 0x4
[21:25:35.016] |T| [seek_file]: sceIoPread: Seeking fd: 0x4, offset: 0x0, whence: SCE_SEEK_SET
[21:25:35.017] |T| [seek_file]: sceIoPread: Seeking fd: 0x4, offset: 0x284D7200, whence: SCE_SEEK_SET
[21:25:35.017] |T| [read_file]: sceIoPread: Reading 47616 bytes of fd 0x4
[21:25:35.018] |T| [seek_file]: sceIoPread: Seeking fd: 0x4, offset: 0x0, whence: SCE_SEEK_SET
[21:25:35.019] |T| [seek_file]: sceIoPread: Seeking fd: 0x4, offset: 0x284F1200, whence: SCE_SEEK_SET
[21:25:35.019] |T| [read_file]: sceIoPread: Reading 57344 bytes of fd 0x4
[21:25:35.019] |T| [seek_file]: sceIoPread: Seeking fd: 0x4, offset: 0x0, whence: SCE_SEEK_SET
[21:25:35.020] |T| [seek_file]: sceIoPread: Seeking fd: 0x4, offset: 0x284FF000, whence: SCE_SEEK_SET
[21:25:35.021] |T| [read_file]: sceIoPread: Reading 60928 bytes of fd 0x4
[21:25:35.021] |T| [seek_file]: sceIoPread: Seeking fd: 0x4, offset: 0x0, whence: SCE_SEEK_SET
[21:25:35.022] |T| [seek_file]: sceIoPread: Seeking fd: 0x4, offset: 0x2850DC00, whence: SCE_SEEK_SET
[21:25:35.022] |T| [read_file]: sceIoPread: Reading 60928 bytes of fd 0x4
[21:25:35.023] |T| [seek_file]: sceIoPread: Seeking fd: 0x4, offset: 0x0, whence: SCE_SEEK_SET
[21:25:35.025] |T| [seek_file]: sceIoPread: Seeking fd: 0x4, offset: 0x2852B200, whence: SCE_SEEK_SET
[21:25:35.030] |T| [read_file]: sceIoPread: Reading 59904 bytes of fd 0x4
[21:25:35.031] |T| [seek_file]: sceIoPread: Seeking fd: 0x4, offset: 0x0, whence: SCE_SEEK_SET
[21:25:35.032] |T| [seek_file]: sceIoPread: Seeking fd: 0x4, offset: 0x28539A00, whence: SCE_SEEK_SET
[21:25:35.032] |T| [read_file]: sceIoPread: Reading 58880 bytes of fd 0x4
[21:25:35.032] |T| [seek_file]: sceIoPread: Seeking fd: 0x4, offset: 0x0, whence: SCE_SEEK_SET
[21:25:35.033] |T| [seek_file]: sceIoPread: Seeking fd: 0x4, offset: 0x28547E00, whence: SCE_SEEK_SET
[21:25:35.033] |T| [read_file]: sceIoPread: Reading 55808 bytes of fd 0x4
[21:25:35.033] |T| [seek_file]: sceIoPread: Seeking fd: 0x4, offset: 0x0, whence: SCE_SEEK_SET
[21:25:35.036] |T| [seek_file]: sceIoPread: Seeking fd: 0x4, offset: 0x28564400, whence: SCE_SEEK_SET
[21:25:35.036] |T| [read_file]: sceIoPread: Reading 61440 bytes of fd 0x4
[21:25:35.036] |T| [seek_file]: sceIoPread: Seeking fd: 0x4, offset: 0x0, whence: SCE_SEEK_SET
[21:25:35.037] |T| [seek_file]: sceIoPread: Seeking fd: 0x4, offset: 0x28573200, whence: SCE_SEEK_SET
[21:25:35.037] |T| [read_file]: sceIoPread: Reading 60928 bytes of fd 0x4
[21:25:35.038] |T| [seek_file]: sceIoPread: Seeking fd: 0x4, offset: 0x0, whence: SCE_SEEK_SET
[21:25:35.040] |T| [seek_file]: sceIoPread: Seeking fd: 0x4, offset: 0x28581E00, whence: SCE_SEEK_SET
[21:25:35.045] |T| [read_file]: sceIoPread: Reading 59392 bytes of fd 0x4
[21:25:35.046] |T| [seek_file]: sceIoPread: Seeking fd: 0x4, offset: 0x0, whence: SCE_SEEK_SET
[21:25:35.047] |T| [seek_file]: sceIoPread: Seeking fd: 0x4, offset: 0x284E2A00, whence: SCE_SEEK_SET
[21:25:35.048] |T| [read_file]: sceIoPread: Reading 59904 bytes of fd 0x4
[21:25:35.048] |T| [seek_file]: sceIoPread: Seeking fd: 0x4, offset: 0x0, whence: SCE_SEEK_SET
[21:25:35.048] |T| [seek_file]: sceIoPread: Seeking fd: 0x4, offset: 0x2851C800, whence: SCE_SEEK_SET
[21:25:35.049] |T| [read_file]: sceIoPread: Reading 60416 bytes of fd 0x4
[21:25:35.049] |T| [seek_file]: sceIoPread: Seeking fd: 0x4, offset: 0x0, whence: SCE_SEEK_SET
[21:25:35.051] |T| [seek_file]: sceIoPread: Seeking fd: 0x4, offset: 0x28555600, whence: SCE_SEEK_SET
[21:25:35.051] |T| [read_file]: sceIoPread: Reading 61440 bytes of fd 0x4
[21:25:35.051] |T| [seek_file]: sceIoPread: Seeking fd: 0x4, offset: 0x0, whence: SCE_SEEK_SET
[21:25:35.052] |T| [seek_file]: sceIoPread: Seeking fd: 0x4, offset: 0x28590400, whence: SCE_SEEK_SET
[21:25:35.052] |T| [read_file]: sceIoPread: Reading 57856 bytes of fd 0x4
[21:25:35.052] |T| [seek_file]: sceIoPread: Seeking fd: 0x4, offset: 0x0, whence: SCE_SEEK_SET
[21:25:35.059] |T| [seek_file]: sceIoPread: Seeking fd: 0x4, offset: 0x2859E400, whence: SCE_SEEK_SET
[21:25:35.060] |T| [read_file]: sceIoPread: Reading 52736 bytes of fd 0x4
[21:25:35.061] |T| [seek_file]: sceIoPread: Seeking fd: 0x4, offset: 0x0, whence: SCE_SEEK_SET
[21:25:35.062] |T| [seek_file]: sceIoPread: Seeking fd: 0x4, offset: 0x285AB000, whence: SCE_SEEK_SET
[21:25:35.062] |T| [read_file]: sceIoPread: Reading 61440 bytes of fd 0x4
[21:25:35.062] |T| [seek_file]: sceIoPread: Seeking fd: 0x4, offset: 0x0, whence: SCE_SEEK_SET
[21:25:35.063] |T| [seek_file]: sceIoPread: Seeking fd: 0x4, offset: 0x285B9E00, whence: SCE_SEEK_SET
[21:25:35.063] |T| [read_file]: sceIoPread: Reading 60416 bytes of fd 0x4
[21:25:35.063] |T| [seek_file]: sceIoPread: Seeking fd: 0x4, offset: 0x0, whence: SCE_SEEK_SET
[21:25:35.065] |T| [seek_file]: sceIoPread: Seeking fd: 0x4, offset: 0x285D6800, whence: SCE_SEEK_SET
[21:25:35.065] |T| [read_file]: sceIoPread: Reading 59392 bytes of fd 0x4
[21:25:35.065] |T| [seek_file]: sceIoPread: Seeking fd: 0x4, offset: 0x0, whence: SCE_SEEK_SET
[21:25:35.066] |T| [seek_file]: sceIoPread: Seeking fd: 0x4, offset: 0x285E4E00, whence: SCE_SEEK_SET
[21:25:35.067] |T| [read_file]: sceIoPread: Reading 59904 bytes of fd 0x4
[21:25:35.067] |T| [seek_file]: sceIoPread: Seeking fd: 0x4, offset: 0x0, whence: SCE_SEEK_SET
[21:25:35.068] |T| [seek_file]: sceIoPread: Seeking fd: 0x4, offset: 0x285F3600, whence: SCE_SEEK_SET
[21:25:35.069] |T| [read_file]: sceIoPread: Reading 59392 bytes of fd 0x4
[21:25:35.069] |T| [seek_file]: sceIoPread: Seeking fd: 0x4, offset: 0x0, whence: SCE_SEEK_SET
[21:25:35.070] |T| [seek_file]: sceIoPread: Seeking fd: 0x4, offset: 0x2860FC00, whence: SCE_SEEK_SET
[21:25:35.073] |T| [read_file]: sceIoPread: Reading 56320 bytes of fd 0x4
[21:25:35.074] |T| [seek_file]: sceIoPread: Seeking fd: 0x4, offset: 0x0, whence: SCE_SEEK_SET
[21:25:35.076] |T| [seek_file]: sceIoPread: Seeking fd: 0x4, offset: 0x2861D600, whence: SCE_SEEK_SET
[21:25:35.078] |T| [read_file]: sceIoPread: Reading 56832 bytes of fd 0x4
[21:25:35.079] |T| [seek_file]: sceIoPread: Seeking fd: 0x4, offset: 0x0, whence: SCE_SEEK_SET
[21:25:35.079] |T| [seek_file]: sceIoPread: Seeking fd: 0x4, offset: 0x2862B200, whence: SCE_SEEK_SET
[21:25:35.080] |T| [read_file]: sceIoPread: Reading 59904 bytes of fd 0x4
[21:25:35.080] |T| [seek_file]: sceIoPread: Seeking fd: 0x4, offset: 0x0, whence: SCE_SEEK_SET
[21:25:35.081] |T| [seek_file]: sceIoPread: Seeking fd: 0x4, offset: 0x28647200, whence: SCE_SEEK_SET
[21:25:35.081] |T| [read_file]: sceIoPread: Reading 57856 bytes of fd 0x4
[21:25:35.082] |T| [seek_file]: sceIoPread: Seeking fd: 0x4, offset: 0x0, whence: SCE_SEEK_SET
[21:25:35.083] |T| [seek_file]: sceIoPread: Seeking fd: 0x4, offset: 0x28655200, whence: SCE_SEEK_SET
[21:25:35.084] |T| [read_file]: sceIoPread: Reading 44544 bytes of fd 0x4
[21:25:35.084] |T| [seek_file]: sceIoPread: Seeking fd: 0x4, offset: 0x0, whence: SCE_SEEK_SET
[21:25:35.084] |T| [seek_file]: sceIoPread: Seeking fd: 0x4, offset: 0x2865FE00, whence: SCE_SEEK_SET
[21:25:35.085] |T| [read_file]: sceIoPread: Reading 59904 bytes of fd 0x4
[21:25:35.085] |T| [seek_file]: sceIoPread: Seeking fd: 0x4, offset: 0x0, whence: SCE_SEEK_SET
[21:25:35.089] |T| [seek_file]: sceIoPread: Seeking fd: 0x4, offset: 0x285C8800, whence: SCE_SEEK_SET
[21:25:35.090] |T| [read_file]: sceIoPread: Reading 57856 bytes of fd 0x4
[21:25:35.090] |T| [seek_file]: sceIoPread: Seeking fd: 0x4, offset: 0x0, whence: SCE_SEEK_SET
[21:25:35.091] |T| [seek_file]: sceIoPread: Seeking fd: 0x4, offset: 0x28601C00, whence: SCE_SEEK_SET
[21:25:35.094] |T| [read_file]: sceIoPread: Reading 57856 bytes of fd 0x4
[21:25:35.094] |T| [seek_file]: sceIoPread: Seeking fd: 0x4, offset: 0x0, whence: SCE_SEEK_SET
[21:25:35.095] |T| [seek_file]: sceIoPread: Seeking fd: 0x4, offset: 0x28639A00, whence: SCE_SEEK_SET
[21:25:35.095] |T| [read_file]: sceIoPread: Reading 55808 bytes of fd 0x4
[21:25:35.096] |T| [seek_file]: sceIoPread: Seeking fd: 0x4, offset: 0x0, whence: SCE_SEEK_SET
[21:25:35.096] |T| [seek_file]: sceIoPread: Seeking fd: 0x4, offset: 0x2866E600, whence: SCE_SEEK_SET
[21:25:35.096] |T| [read_file]: sceIoPread: Reading 56832 bytes of fd 0x4
[21:25:35.097] |T| [seek_file]: sceIoPread: Seeking fd: 0x4, offset: 0x0, whence: SCE_SEEK_SET
[21:25:35.103] |T| [seek_file]: sceIoPread: Seeking fd: 0x4, offset: 0x2867C200, whence: SCE_SEEK_SET
[21:25:35.103] |T| [read_file]: sceIoPread: Reading 58368 bytes of fd 0x4
[21:25:35.104] |T| [seek_file]: sceIoPread: Seeking fd: 0x4, offset: 0x0, whence: SCE_SEEK_SET
[21:25:35.106] |T| [seek_file]: sceIoPread: Seeking fd: 0x4, offset: 0x2868A400, whence: SCE_SEEK_SET
[21:25:35.107] |T| [read_file]: sceIoPread: Reading 60928 bytes of fd 0x4
[21:25:35.107] |T| [seek_file]: sceIoPread: Seeking fd: 0x4, offset: 0x0, whence: SCE_SEEK_SET
[21:25:35.109] |T| [seek_file]: sceIoPread: Seeking fd: 0x4, offset: 0x28699000, whence: SCE_SEEK_SET
[21:25:35.110] |T| [read_file]: sceIoPread: Reading 58880 bytes of fd 0x4
[21:25:35.111] |T| [seek_file]: sceIoPread: Seeking fd: 0x4, offset: 0x0, whence: SCE_SEEK_SET
[21:25:35.111] |T| [seek_file]: sceIoPread: Seeking fd: 0x4, offset: 0x286B4A00, whence: SCE_SEEK_SET
[21:25:35.112] |T| [read_file]: sceIoPread: Reading 57344 bytes of fd 0x4
[21:25:35.112] |T| [seek_file]: sceIoPread: Seeking fd: 0x4, offset: 0x0, whence: SCE_SEEK_SET
[21:25:35.113] |T| [seek_file]: sceIoPread: Seeking fd: 0x4, offset: 0x286C2800, whence: SCE_SEEK_SET
[21:25:35.113] |T| [read_file]: sceIoPread: Reading 56832 bytes of fd 0x4
[21:25:35.114] |T| [seek_file]: sceIoPread: Seeking fd: 0x4, offset: 0x0, whence: SCE_SEEK_SET
[21:25:35.115] |T| [seek_file]: sceIoPread: Seeking fd: 0x4, offset: 0x286D0400, whence: SCE_SEEK_SET
[21:25:35.115] |T| [read_file]: sceIoPread: Reading 57344 bytes of fd 0x4
[21:25:35.115] |T| [seek_file]: sceIoPread: Seeking fd: 0x4, offset: 0x0, whence: SCE_SEEK_SET
[21:25:35.117] |T| [seek_file]: sceIoPread: Seeking fd: 0x4, offset: 0x286EBA00, whence: SCE_SEEK_SET
[21:25:35.119] |T| [read_file]: sceIoPread: Reading 57856 bytes of fd 0x4
[21:25:35.119] |T| [seek_file]: sceIoPread: Seeking fd: 0x4, offset: 0x0, whence: SCE_SEEK_SET
[21:25:35.120] |T| [seek_file]: sceIoPread: Seeking fd: 0x4, offset: 0x286F9A00, whence: SCE_SEEK_SET
[21:25:35.121] |T| [read_file]: sceIoPread: Reading 57856 bytes of fd 0x4
[21:25:35.121] |T| [seek_file]: sceIoPread: Seeking fd: 0x4, offset: 0x0, whence: SCE_SEEK_SET
[21:25:35.121] |T| [seek_file]: sceIoPread: Seeking fd: 0x4, offset: 0x28707A00, whence: SCE_SEEK_SET
[21:25:35.122] |T| [read_file]: sceIoPread: Reading 55296 bytes of fd 0x4
[21:25:35.122] |T| [seek_file]: sceIoPread: Seeking fd: 0x4, offset: 0x0, whence: SCE_SEEK_SET
[21:25:35.125] |T| [seek_file]: sceIoPread: Seeking fd: 0x4, offset: 0x28722600, whence: SCE_SEEK_SET
[21:25:35.126] |T| [read_file]: sceIoPread: Reading 58880 bytes of fd 0x4
[21:25:35.127] |T| [seek_file]: sceIoPread: Seeking fd: 0x4, offset: 0x0, whence: SCE_SEEK_SET
[21:25:35.128] |T| [seek_file]: sceIoPread: Seeking fd: 0x4, offset: 0x28730A00, whence: SCE_SEEK_SET
[21:25:35.128] |T| [read_file]: sceIoPread: Reading 58368 bytes of fd 0x4
[21:25:35.129] |T| [seek_file]: sceIoPread: Seeking fd: 0x4, offset: 0x0, whence: SCE_SEEK_SET
[21:25:35.129] |T| [seek_file]: sceIoPread: Seeking fd: 0x4, offset: 0x2873EC00, whence: SCE_SEEK_SET
[21:25:35.129] |T| [read_file]: sceIoPread: Reading 59904 bytes of fd 0x4
[21:25:35.130] |T| [seek_file]: sceIoPread: Seeking fd: 0x4, offset: 0x0, whence: SCE_SEEK_SET
[21:25:35.131] |T| [seek_file]: sceIoPread: Seeking fd: 0x4, offset: 0x286A7400, whence: SCE_SEEK_SET
[21:25:35.132] |T| [read_file]: sceIoPread: Reading 55296 bytes of fd 0x4
[21:25:35.136] |T| [seek_file]: sceIoPread: Seeking fd: 0x4, offset: 0x0, whence: SCE_SEEK_SET
[21:25:35.136] |T| [seek_file]: sceIoPread: Seeking fd: 0x4, offset: 0x286DE200, whence: SCE_SEEK_SET
[21:25:35.137] |T| [read_file]: sceIoPread: Reading 55808 bytes of fd 0x4
[21:25:35.137] |T| [seek_file]: sceIoPread: Seeking fd: 0x4, offset: 0x0, whence: SCE_SEEK_SET
[21:25:35.138] |T| [seek_file]: sceIoPread: Seeking fd: 0x4, offset: 0x28715000, whence: SCE_SEEK_SET
[21:25:35.138] |T| [read_file]: sceIoPread: Reading 55296 bytes of fd 0x4
[21:25:35.139] |T| [seek_file]: sceIoPread: Seeking fd: 0x4, offset: 0x0, whence: SCE_SEEK_SET
[21:25:35.141] |T| [seek_file]: sceIoPread: Seeking fd: 0x4, offset: 0x2874D400, whence: SCE_SEEK_SET
[21:25:35.141] |T| [read_file]: sceIoPread: Reading 60928 bytes of fd 0x4
[21:25:35.143] |T| [seek_file]: sceIoPread: Seeking fd: 0x4, offset: 0x0, whence: SCE_SEEK_SET
[21:25:35.147] |T| [seek_file]: sceIoPread: Seeking fd: 0x4, offset: 0x2875C000, whence: SCE_SEEK_SET
[21:25:35.150] |T| [read_file]: sceIoPread: Reading 46592 bytes of fd 0x4
[21:25:35.150] |T| [seek_file]: sceIoPread: Seeking fd: 0x4, offset: 0x0, whence: SCE_SEEK_SET
[21:25:35.188] |E| [stat_file]: Missing file at C:/Users/cassi/Documents/3k/ux0/app/PCSE00673/Sound/Cri/BGM.acb (target path: app0:/Sound/Cri/BGM.acb)
[21:25:35.192] |W| [io_error_impl]: stat_file (_sceIoGetstat) returned 0x80010002
[21:25:35.195] |I| [export_sceIoOpen]: Opening file: app0:/Sound/Cri/BGM.acb
[21:25:35.195] |E| [open_file]: Missing file at C:/Users/cassi/Documents/3k/ux0/app/PCSE00673/Sound/Cri/BGM.acb (target path: app0:/Sound/Cri/BGM.acb)
[21:25:35.196] |W| [io_error_impl]: open_file (sceIoOpen) returned 0x80010002
[21:25:35.200] |I| [export_sceIoOpen]: Opening file: app0:/Sound/Cri/BGM.acb
[21:25:35.201] |E| [open_file]: Missing file at C:/Users/cassi/Documents/3k/ux0/app/PCSE00673/Sound/Cri/BGM.acb (target path: app0:/Sound/Cri/BGM.acb)
[21:25:35.203] |W| [io_error_impl]: open_file (sceIoOpen) returned 0x80010002
[21:25:35.205] |T| [seek_file]: sceIoPread: Seeking fd: 0x4, offset: 0x1DE70E00, whence: SCE_SEEK_SET
[21:25:35.207] |T| [read_file]: sceIoPread: Reading 3584 bytes of fd 0x4
[21:25:35.208] |T| [seek_file]: sceIoPread: Seeking fd: 0x4, offset: 0x0, whence: SCE_SEEK_SET
[21:25:35.235] |I| [export_sceIoOpen]: Opening file: app0:/Sound/Cri/BGM.awb
[21:25:35.235] |E| [open_file]: Missing file at C:/Users/cassi/Documents/3k/ux0/app/PCSE00673/Sound/Cri/BGM.awb (target path: app0:/Sound/Cri/BGM.awb)
[21:25:35.238] |W| [io_error_impl]: open_file (sceIoOpen) returned 0x80010002
[21:25:35.268] |W| [unimplemented_impl]: Unimplemented sceNgsVoiceBypassModule import called.
[21:25:35.319] |I| [export_sceIoOpen]: Opening file: app0:/Shaders/LcsPhyreSampling.cgfx.GXM.phyre
[21:25:35.320] |E| [open_file]: Missing file at C:/Users/cassi/Documents/3k/ux0/app/PCSE00673/Shaders/LcsPhyreSampling.cgfx.GXM.phyre (target path: app0:/Shaders/LcsPhyreSampling.cgfx.GXM.phyre)
[21:25:35.323] |W| [io_error_impl]: open_file (sceIoOpen) returned 0x80010002
[21:25:35.346] |T| [seek_file]: sceIoPread: Seeking fd: 0x4, offset: 0x11473400, whence: SCE_SEEK_SET
[21:25:35.353] |T| [read_file]: sceIoPread: Reading 9728 bytes of fd 0x4
[21:25:35.354] |T| [seek_file]: sceIoPread: Seeking fd: 0x4, offset: 0x0, whence: SCE_SEEK_SET
[21:25:35.362] |T| [seek_file]: sceIoPread: Seeking fd: 0x4, offset: 0x11473400, whence: SCE_SEEK_SET
[21:25:35.362] |T| [read_file]: sceIoPread: Reading 9728 bytes of fd 0x4
[21:25:35.363] |T| [seek_file]: sceIoPread: Seeking fd: 0x4, offset: 0x0, whence: SCE_SEEK_SET
[21:25:35.366] |T| [seek_file]: sceIoPread: Seeking fd: 0x4, offset: 0x11473400, whence: SCE_SEEK_SET
[21:25:35.367] |T| [read_file]: sceIoPread: Reading 9728 bytes of fd 0x4
[21:25:35.368] |T| [seek_file]: sceIoPread: Seeking fd: 0x4, offset: 0x0, whence: SCE_SEEK_SET
[21:25:35.371] |T| [seek_file]: sceIoPread: Seeking fd: 0x4, offset: 0x11473400, whence: SCE_SEEK_SET
[21:25:35.372] |T| [read_file]: sceIoPread: Reading 9728 bytes of fd 0x4
[21:25:35.372] |T| [seek_file]: sceIoPread: Seeking fd: 0x4, offset: 0x0, whence: SCE_SEEK_SET
[21:25:35.376] |T| [seek_file]: sceIoPread: Seeking fd: 0x4, offset: 0x11473400, whence: SCE_SEEK_SET
[21:25:35.377] |T| [read_file]: sceIoPread: Reading 9728 bytes of fd 0x4
[21:25:35.378] |T| [seek_file]: sceIoPread: Seeking fd: 0x4, offset: 0x0, whence: SCE_SEEK_SET
[21:25:35.380] |T| [seek_file]: sceIoPread: Seeking fd: 0x4, offset: 0x11473400, whence: SCE_SEEK_SET
[21:25:35.380] |T| [read_file]: sceIoPread: Reading 9728 bytes of fd 0x4
[21:25:35.381] |T| [seek_file]: sceIoPread: Seeking fd: 0x4, offset: 0x0, whence: SCE_SEEK_SET
[21:25:35.387] |T| [write_file]: *** TTY: PNamedSemanticDynamic::FindOrCreateDynamic : Performance warning - allocating freelist on demand for 'LcsCopyBufferTest2'.
[21:25:35.389] |T| [seek_file]: sceIoPread: Seeking fd: 0x4, offset: 0x11473400, whence: SCE_SEEK_SET
[21:25:35.390] |T| [read_file]: sceIoPread: Reading 9728 bytes of fd 0x4
[21:25:35.393] |T| [seek_file]: sceIoPread: Seeking fd: 0x4, offset: 0x0, whence: SCE_SEEK_SET
[21:25:35.395] |T| [seek_file]: sceIoPread: Seeking fd: 0x4, offset: 0x11473400, whence: SCE_SEEK_SET
[21:25:35.396] |T| [read_file]: sceIoPread: Reading 9728 bytes of fd 0x4
[21:25:35.398] |T| [seek_file]: sceIoPread: Seeking fd: 0x4, offset: 0x0, whence: SCE_SEEK_SET
[21:25:35.400] |T| [seek_file]: sceIoPread: Seeking fd: 0x4, offset: 0x11473400, whence: SCE_SEEK_SET
[21:25:35.401] |T| [read_file]: sceIoPread: Reading 9728 bytes of fd 0x4
[21:25:35.402] |T| [seek_file]: sceIoPread: Seeking fd: 0x4, offset: 0x0, whence: SCE_SEEK_SET
[21:25:35.403] |T| [seek_file]: sceIoPread: Seeking fd: 0x4, offset: 0x11473400, whence: SCE_SEEK_SET
[21:25:35.404] |T| [read_file]: sceIoPread: Reading 9728 bytes of fd 0x4
[21:25:35.404] |T| [seek_file]: sceIoPread: Seeking fd: 0x4, offset: 0x0, whence: SCE_SEEK_SET
[21:25:35.412] |T| [seek_file]: sceIoPread: Seeking fd: 0x4, offset: 0x11473400, whence: SCE_SEEK_SET
[21:25:35.414] |T| [read_file]: sceIoPread: Reading 9728 bytes of fd 0x4
[21:25:35.415] |T| [seek_file]: sceIoPread: Seeking fd: 0x4, offset: 0x0, whence: SCE_SEEK_SET
[21:25:35.421] |I| [export_sceIoOpen]: Opening file: app0:/Shaders/Video.cgfx.GXM.phyre
[21:25:35.422] |E| [open_file]: Missing file at C:/Users/cassi/Documents/3k/ux0/app/PCSE00673/Shaders/Video.cgfx.GXM.phyre (target path: app0:/Shaders/Video.cgfx.GXM.phyre)
[21:25:35.424] |W| [io_error_impl]: open_file (sceIoOpen) returned 0x80010002
[21:25:35.430] |T| [seek_file]: sceIoPread: Seeking fd: 0x4, offset: 0x12B84E00, whence: SCE_SEEK_SET
[21:25:35.438] |T| [read_file]: sceIoPread: Reading 4608 bytes of fd 0x4
[21:25:35.439] |T| [seek_file]: sceIoPread: Seeking fd: 0x4, offset: 0x0, whence: SCE_SEEK_SET
[21:25:35.441] |T| [seek_file]: sceIoPread: Seeking fd: 0x4, offset: 0x12B84E00, whence: SCE_SEEK_SET
[21:25:35.442] |T| [read_file]: sceIoPread: Reading 4608 bytes of fd 0x4
[21:25:35.445] |T| [seek_file]: sceIoPread: Seeking fd: 0x4, offset: 0x0, whence: SCE_SEEK_SET
[21:25:35.448] |T| [seek_file]: sceIoPread: Seeking fd: 0x4, offset: 0x12B84E00, whence: SCE_SEEK_SET
[21:25:35.448] |T| [read_file]: sceIoPread: Reading 4608 bytes of fd 0x4
[21:25:35.449] |T| [seek_file]: sceIoPread: Seeking fd: 0x4, offset: 0x0, whence: SCE_SEEK_SET
[21:25:35.451] |T| [seek_file]: sceIoPread: Seeking fd: 0x4, offset: 0x12B84E00, whence: SCE_SEEK_SET
[21:25:35.452] |T| [read_file]: sceIoPread: Reading 4608 bytes of fd 0x4
[21:25:35.452] |T| [seek_file]: sceIoPread: Seeking fd: 0x4, offset: 0x0, whence: SCE_SEEK_SET
[21:25:35.454] |T| [seek_file]: sceIoPread: Seeking fd: 0x4, offset: 0x12B84E00, whence: SCE_SEEK_SET
[21:25:35.454] |T| [read_file]: sceIoPread: Reading 4608 bytes of fd 0x4
[21:25:35.455] |T| [seek_file]: sceIoPread: Seeking fd: 0x4, offset: 0x0, whence: SCE_SEEK_SET
[21:25:35.456] |T| [seek_file]: sceIoPread: Seeking fd: 0x4, offset: 0x12B84E00, whence: SCE_SEEK_SET
[21:25:35.457] |T| [read_file]: sceIoPread: Reading 4608 bytes of fd 0x4
[21:25:35.463] |T| [seek_file]: sceIoPread: Seeking fd: 0x4, offset: 0x0, whence: SCE_SEEK_SET
[21:25:35.466] |T| [seek_file]: sceIoPread: Seeking fd: 0x4, offset: 0x12B84E00, whence: SCE_SEEK_SET
[21:25:35.466] |T| [read_file]: sceIoPread: Reading 4608 bytes of fd 0x4
[21:25:35.467] |T| [seek_file]: sceIoPread: Seeking fd: 0x4, offset: 0x0, whence: SCE_SEEK_SET
[21:25:35.468] |T| [seek_file]: sceIoPread: Seeking fd: 0x4, offset: 0x12B84E00, whence: SCE_SEEK_SET
[21:25:35.468] |T| [read_file]: sceIoPread: Reading 4608 bytes of fd 0x4
[21:25:35.469] |T| [seek_file]: sceIoPread: Seeking fd: 0x4, offset: 0x0, whence: SCE_SEEK_SET
[21:25:35.470] |T| [seek_file]: sceIoPread: Seeking fd: 0x4, offset: 0x12B84E00, whence: SCE_SEEK_SET
[21:25:35.471] |T| [read_file]: sceIoPread: Reading 4608 bytes of fd 0x4
[21:25:35.471] |T| [seek_file]: sceIoPread: Seeking fd: 0x4, offset: 0x0, whence: SCE_SEEK_SET
[21:25:35.473] |T| [seek_file]: sceIoPread: Seeking fd: 0x4, offset: 0x12B84E00, whence: SCE_SEEK_SET
[21:25:35.473] |T| [read_file]: sceIoPread: Reading 4608 bytes of fd 0x4
[21:25:35.478] |T| [seek_file]: sceIoPread: Seeking fd: 0x4, offset: 0x0, whence: SCE_SEEK_SET
[21:25:35.481] |T| [seek_file]: sceIoPread: Seeking fd: 0x4, offset: 0x12B84E00, whence: SCE_SEEK_SET
[21:25:35.482] |T| [read_file]: sceIoPread: Reading 4608 bytes of fd 0x4
[21:25:35.482] |T| [seek_file]: sceIoPread: Seeking fd: 0x4, offset: 0x0, whence: SCE_SEEK_SET
[21:25:35.567] |E| [stat_file]: Missing file at C:/Users/cassi/Documents/3k/ux0/app/PCSE00673/Table/Posteffect/PE.tbb (target path: app0:/Table/Posteffect/PE.tbb)
[21:25:35.569] |W| [io_error_impl]: stat_file (_sceIoGetstat) returned 0x80010002
[21:25:35.596] |I| [export_sceIoOpen]: Opening file: app0:/Table/Posteffect/PE.tbb
[21:25:35.597] |E| [open_file]