[23:14:12.327] |I| [config::init_config]: backend-renderer: OpenGL
[23:14:12.330] |I| [config::init_config]: log-level: 0
[23:14:12.405] |I| [SDL_main]: Vita3K v0.1.6 3020-a4ded14b
[23:14:12.407] |I| [SDL_main]: Number of logical CPU cores: 12
[23:14:12.409] |I| [SDL_main]: Available ram memory: 12067 MiB
[23:14:13.540] |I| [renderer::gl::create]: GPU = NVIDIA GeForce GTX 1650/PCIe/SSE2
[23:14:13.542] |I| [renderer::gl::create]: GL_VERSION = 4.6.0 NVIDIA 528.02
[23:14:13.543] |I| [renderer::gl::create]: GL_SHADING_LANGUAGE_VERSION = 4.60 NVIDIA
[23:14:13.545] |I| [renderer::gl::create]: Your GPU supports shader interlock, some games that use programmable blending will have better performance.
[23:14:15.315] |I| [compat::update_compat_app_db]: Applications compatibility database is up to date.
[23:14:17.935] |I| [gui::set_vsync_state]: V-Sync state: true
[23:14:17.954] |I| [load_app_impl]: cpu-backend: Dynarmic
[23:14:17.955] |I| [load_app_impl]: CPU Optimisation state: true
[23:14:17.956] |I| [load_app_impl]: ngs state: true
[23:14:17.956] |I| [load_app_impl]: Resolution multiplier: 1
[23:14:17.957] |I| [load_app_impl]: modules mode: Automatic
[23:14:17.960] |I| [load_app_impl]: Title: ラブライブ！ School idol paradise Vol.2 BiBi
[23:14:17.961] |I| [load_app_impl]: Serial: PCSG00423
[23:14:17.962] |I| [load_app_impl]: Version: 1.00
[23:14:17.963] |I| [load_app_impl]: Category: gd
[23:14:17.977] |I| [load_self]: Loaded module segment 0 @ [0x00005000 - 0x00054BD4 / 0x81000000] (size: 0x0004FBD4) of module app0:sce_module/libc.suprx
[23:14:17.978] |I| [load_self]: Loaded module segment 1 @ [0x00055000 - 0x00057688 / 0x81050000] (size: 0x00002688) of module app0:sce_module/libc.suprx
[23:14:17.980] |I| [load_self]: Linking SELF app0:sce_module/libc.suprx...
[23:14:17.981] |D| [load_var_exports]: 	NID 0x936C8A78 (SYSLYB) at 0x4A6C4
[23:14:17.982] |D| [load_var_exports]: 	NID 0x6C2224BA (NID_MODULE_INFO) at 0x40488
[23:14:17.983] |I| [pre_load_module]: Pre-load module SceLibc (at "sce_module/libc.suprx") loaded
[23:14:17.992] |I| [load_self]: Loaded module segment 0 @ [0x00058000 - 0x00082AA8 / 0x81000000] (size: 0x0002AAA8) of module app0:sce_module/libfios2.suprx
[23:14:17.994] |I| [load_self]: Loaded module segment 1 @ [0x00083000 - 0x0008823D / 0x8102B000] (size: 0x0000523D) of module app0:sce_module/libfios2.suprx
[23:14:17.997] |I| [load_self]: Linking SELF app0:sce_module/libfios2.suprx...
[23:14:17.998] |D| [load_var_exports]: 	NID 0x936C8A78 (SYSLYB) at 0x829B0
[23:14:18.000] |D| [load_var_exports]: 	NID 0x6C2224BA (NID_MODULE_INFO) at 0x7A138
[23:14:18.002] |I| [pre_load_module]: Pre-load module SceLibFios2 (at "sce_module/libfios2.suprx") loaded
[23:14:18.009] |I| [load_self]: Loaded module segment 0 @ [0x00089000 - 0x0009C9C4 / 0x81000000] (size: 0x000139C4) of module app0:sce_module/libult.suprx
[23:14:18.012] |I| [load_self]: Loaded module segment 1 @ [0x0009D000 - 0x0009D814 / 0x81014000] (size: 0x00000814) of module app0:sce_module/libult.suprx
[23:14:18.015] |I| [load_self]: Linking SELF app0:sce_module/libult.suprx...
[23:14:18.016] |D| [load_var_exports]: 	NID 0x936C8A78 (SYSLYB) at 0x9B2F0
[23:14:18.019] |D| [load_var_exports]: 	NID 0x6C2224BA (NID_MODULE_INFO) at 0x98874
[23:14:18.023] |I| [pre_load_module]: Pre-load module SceUlt (at "sce_module/libult.suprx") loaded
[23:14:18.036] |I| [load_self]: Loaded module segment 0 @ [0x0009E000 - 0x000EBB54 / 0x81000000] (size: 0x0004DB54) of module vs0:sys/external/libSceFt2.suprx
[23:14:18.039] |I| [load_self]: Loaded module segment 1 @ [0x000EC000 - 0x000EC2F4 / 0x8104E000] (size: 0x000002F4) of module vs0:sys/external/libSceFt2.suprx
[23:14:18.045] |I| [load_self]: Linking SELF vs0:sys/external/libSceFt2.suprx...
[23:14:18.046] |D| [load_var_exports]: 	NID 0x936C8A78 (SYSLYB) at 0xD7480
[23:14:18.048] |D| [load_var_exports]: 	NID 0x6C2224BA (NID_MODULE_INFO) at 0xD6B90
[23:14:18.050] |I| [pre_load_module]: Pre-load module SceLibft2 (at "sys/external/libSceFt2.suprx") loaded
[23:14:18.060] |I| [load_self]: Loaded module segment 0 @ [0x000ED000 - 0x000F9F24 / 0x81000000] (size: 0x0000CF24) of module vs0:sys/external/libpvf.suprx
[23:14:18.064] |I| [load_self]: Loaded module segment 1 @ [0x000FA000 - 0x000FA008 / 0x8100D000] (size: 0x00000008) of module vs0:sys/external/libpvf.suprx
[23:14:18.066] |I| [load_self]: Linking SELF vs0:sys/external/libpvf.suprx...
[23:14:18.068] |D| [load_var_exports]: 	NID 0x936C8A78 (SYSLYB) at 0xF8770
[23:14:18.072] |D| [load_var_exports]: 	NID 0x6C2224BA (NID_MODULE_INFO) at 0xF8320
[23:14:18.073] |I| [pre_load_module]: Pre-load module SceLibPvf (at "sys/external/libpvf.suprx") loaded
[23:14:18.141] |I| [load_self]: Loaded module segment 0 @ [0x000FB000 - 0x002D89B0 / 0x81000000] (size: 0x001DD9B0) of module app0:eboot.bin
[23:14:18.144] |I| [load_self]: Loaded module segment 1 @ [0x002D9000 - 0x003F9970 / 0x811E1000] (size: 0x00120970) of module app0:eboot.bin
[23:14:18.147] |I| [load_self]: Linking SELF app0:eboot.bin...
[23:14:18.148] |D| [load_var_exports]: 	NID 0x6C2224BA (NID_MODULE_INFO) at 0x275328
[23:14:18.149] |D| [load_var_exports]: 	NID 0x70FBA1E7 (SCE_PROC_PARAMS) at 0x2E93C4
[23:14:18.151] |D| [load_var_exports]: 	NID 0x936C8A78 (SYSLYB) at 0x2AA8EC
[23:14:18.153] |I| [load_app_impl]: Main executable LL_Master (eboot.bin) loaded
[23:14:18.177] |D| [run_app]: Running module_start of library: SceLibc at address 0x5805
[23:14:18.205] |T| [open_file]: sceKernelGetStdin: Opening terminal tty0:
[23:14:18.206] |T| [open_file]: sceKernelGetStdout: Opening terminal tty0:
[23:14:18.208] |T| [open_file]: sceKernelGetStderr: Opening terminal tty0:
[23:14:18.219] |I| [run_app]: Module SceLibc (at "app0:sce_module/libc.suprx") module_start returned 0x0
[23:14:18.225] |D| [run_app]: Running module_start of library: SceLibFios2 at address 0x58001
[23:14:18.255] |W| [stubbed_impl]: Stubbed sceKernelGetProcessId import called. (pid: 0)
[23:14:18.257] |I| [run_app]: Module SceLibFios2 (at "app0:sce_module/libfios2.suprx") module_start returned 0x0
[23:14:18.268] |D| [run_app]: Running module_start of library: SceUlt at address 0x8C771
[23:14:18.290] |W| [unimplemented_impl]: Unimplemented _sceUlobjMgrRegisterLibultProtocolRevision import called.
[23:14:18.292] |I| [run_app]: Module SceUlt (at "app0:sce_module/libult.suprx") module_start returned 0x0
[23:14:18.305] |T| [open_file]: _sceKernelLoadStartModule: Opening file app0:mai_moe/mai.suprx (ux0:/app/PCSG00423/mai_moe/mai.suprx), fd: 0x3
[23:14:18.310] |I| [load_self]: Loaded module segment 0 @ [0x0043C000 - 0x0043EC4C / 0x00008000] (size: 0x00002C4C) of module app0:mai_moe/mai.suprx
[23:14:18.337] |I| [load_self]: Loaded module segment 1 @ [0x00547000 - 0x00548828 / 0x00020000] (size: 0x00001828) of module app0:mai_moe/mai.suprx
[23:14:18.341] |I| [load_self]: Linking SELF app0:mai_moe/mai.suprx...
[23:14:18.341] |D| [load_var_exports]: 	NID 0x6C2224BA (NID_MODULE_INFO) at 0x43E80C
[23:14:18.343] |D| [load_var_exports]: 	NID 0x70FBA1E7 (SCE_PROC_PARAMS) at 0x43E868
[23:14:18.343] |T| [close_file]: _sceKernelLoadStartModule: Closing file fd: 0x3
[23:14:18.381] |E| [logging::ret_error_impl]: _sceAppMgrAppParamGetString returned SCE_APPMGR_ERROR_INVALID (0x8080201A)
[23:14:18.383] |I| [export_sceIoOpen]: Opening file: app0:mai_moe/load_type.mai
[23:14:18.384] |T| [open_file]: sceIoOpen: Opening file app0:mai_moe/load_type.mai (ux0:/app/PCSG00423/mai_moe/load_type.mai), fd: 0x4
[23:14:18.387] |T| [close_file]: sceIoClose: Closing file fd: 0x4
[23:14:18.391] |I| [start_module]: Module SceLibFios2 (at "app0:sce_module/libfios2.suprx") module_start returned 0x0
[23:14:18.393] |T| [open_file]: _sceKernelLoadStartModule: Opening file app0:sce_module/libfios2_m.suprx (ux0:/app/PCSG00423/sce_module/libfios2_m.suprx), fd: 0x5
[23:14:18.397] |I| [load_self]: Loaded module segment 0 @ [0x005CA000 - 0x005F4AA8 / 0x81000000] (size: 0x0002AAA8) of module app0:sce_module/libfios2_m.suprx
[23:14:18.399] |I| [load_self]: Loaded module segment 1 @ [0x005F5000 - 0x005FA23D / 0x8102B000] (size: 0x0000523D) of module app0:sce_module/libfios2_m.suprx
[23:14:18.404] |I| [load_self]: Linking SELF app0:sce_module/libfios2_m.suprx...
[23:14:18.418] |D| [load_var_exports]: 	NID 0x936C8A78 (SYSLYB) at 0x5F49B0
[23:14:18.443] |D| [load_var_exports]: 	NID 0x6C2224BA (NID_MODULE_INFO) at 0x5EC138
[23:14:18.449] |T| [close_file]: _sceKernelLoadStartModule: Closing file fd: 0x5
[23:14:18.453] |I| [start_module]: Module mceLibFios2 (at "app0:sce_module/libfios2_m.suprx") module_start returned 0x0
[23:14:18.454] |E| [open_dir]: Directory does not exist at: D:/Vita3K/storage/ux0/plugins/ (target path: ux0:plugins)
[23:14:18.454] |W| [io_error_impl]: open_dir (_sceIoDopen) returned 0x80010002
[23:14:18.456] |W| [io_error_impl]: read_dir (_sceIoDread) returned 0x80010051
[23:14:18.457] |W| [io_error_impl]: close_dir (sceIoDclose) returned 0x80010018
[23:14:18.481] |I| [start_module]: Module output/testprx.elf (at "app0:mai_moe/mai.suprx") module_start returned 0x0
[23:14:18.562] |E| [call_import]: Import function for NID 0xD7F0F610 not found (thread name: PCSG00423, thread ID: 7)
[23:14:19.157] |W| [stubbed_impl]: Stubbed sceGxmMapFragmentUsseMemory import called. (always return success)
[23:14:19.169] |W| [stubbed_impl]: Stubbed sceGxmMapVertexUsseMemory import called. (always return success)
[23:14:19.252] |W| [unimplemented_impl]: Unimplemented sceGxmColorSurfaceSetClip import called.
[23:14:19.262] |W| [unimplemented_impl]: Unimplemented sceAppUtilInit import called.
[23:14:19.262] |W| [unimplemented_impl]: Unimplemented sceGxmSetWarningEnabled import called.
[23:14:19.263] |W| [unimplemented_impl]: Unimplemented sceScreenShotDisable import called.
[23:14:19.270] |W| [unimplemented_impl]: Unimplemented sceScreenShotSetOverlayImage import called.
[23:14:19.272] |W| [unimplemented_impl]: Unimplemented sceScreenShotSetParam import called.
[23:14:19.273] |W| [unimplemented_impl]: Unimplemented sceScreenShotEnable import called.
[23:14:19.433] |I| [export_sceIoOpen]: Opening file: app0:media/afs/COMMON_LIST.cpk
[23:14:19.434] |T| [open_file]: sceIoOpen: Opening file app0:media/afs/COMMON_LIST.cpk (ux0:/app/PCSG00423/media/afs/COMMON_LIST.cpk), fd: 0x6
[23:14:19.453] |T| [close_file]: sceIoClose: Closing file fd: 0x6
[23:14:19.469] |I| [export_sceIoOpen]: Opening file: app0:media/afs/COMMON_LIST.cpk
[23:14:19.469] |T| [open_file]: sceIoOpen: Opening file app0:media/afs/COMMON_LIST.cpk (ux0:/app/PCSG00423/media/afs/COMMON_LIST.cpk), fd: 0x7
[23:14:19.587] |E| [open_dir]: Directory does not exist at: D:/Vita3K/storage/ux0/addcont/PCSG00422// (target path: addcont0:)
[23:14:19.588] |W| [io_error_impl]: open_dir (_sceIoDopen) returned 0x80010002
[23:14:19.616] |W| [ngs::create_voice_definition]: Missing voice definition for Buss Type 7, using passthrough.
[23:14:19.630] |T| [export_sceNgsPatchCreateRouting]: Patching 0x13861660:0:0 to 0x13866560:0
[23:14:19.722] |T| [export_sceNgsPatchCreateRouting]: Patching 0x1384D9C0:0:0 to 0x13861660:0
[23:14:19.732] |T| [export_sceNgsPatchCreateRouting]: Patching 0x1384DED0:0:0 to 0x13861660:0
[23:14:19.733] |T| [export_sceNgsPatchCreateRouting]: Patching 0x1384E3E0:0:0 to 0x13861660:0
[23:14:19.734] |T| [export_sceNgsPatchCreateRouting]: Patching 0x1384E8F0:0:0 to 0x13861660:0
[23:14:19.735] |T| [export_sceNgsPatchCreateRouting]: Patching 0x1384EE00:0:0 to 0x13861660:0
[23:14:19.736] |T| [export_sceNgsPatchCreateRouting]: Patching 0x1384F310:0:0 to 0x13861660:0
[23:14:19.736] |T| [export_sceNgsPatchCreateRouting]: Patching 0x1384F820:0:0 to 0x13861660:0
[23:14:19.737] |T| [export_sceNgsPatchCreateRouting]: Patching 0x1384FD30:0:0 to 0x13861660:0
[23:14:19.758] |I| [export_sceIoOpen]: Opening file: app0:media/sound/LOV.acf
[23:14:19.759] |T| [open_file]: sceIoOpen: Opening file app0:media/sound/LOV.acf (ux0:/app/PCSG00423/media/sound/LOV.acf), fd: 0x8
[23:14:19.762] |T| [close_file]: sceIoClose: Closing file fd: 0x8
[23:14:19.765] |I| [export_sceIoOpen]: Opening file: app0:media/sound/LOV.acf
[23:14:19.765] |T| [open_file]: sceIoOpen: Opening file app0:media/sound/LOV.acf (ux0:/app/PCSG00423/media/sound/LOV.acf), fd: 0x9
[23:14:19.766] |T| [close_file]: sceIoClose: Closing file fd: 0x9
[23:14:19.798] |I| [export_sceIoOpen]: Opening file: app0:media/sound/BGM/BGM.acb
[23:14:19.799] |T| [open_file]: sceIoOpen: Opening file app0:media/sound/BGM/BGM.acb (ux0:/app/PCSG00423/media/sound/BGM/BGM.acb), fd: 0xA
[23:14:19.802] |T| [close_file]: sceIoClose: Closing file fd: 0xA
[23:14:19.805] |I| [export_sceIoOpen]: Opening file: app0:media/sound/BGM/BGM.acb
[23:14:19.805] |T| [open_file]: sceIoOpen: Opening file app0:media/sound/BGM/BGM.acb (ux0:/app/PCSG00423/media/sound/BGM/BGM.acb), fd: 0xB
[23:14:19.806] |T| [close_file]: sceIoClose: Closing file fd: 0xB
[23:14:19.846] |I| [export_sceIoOpen]: Opening file: app0:media/sound/BGM/BGM.awb
[23:14:19.847] |T| [open_file]: sceIoOpen: Opening file app0:media/sound/BGM/BGM.awb (ux0:/app/PCSG00423/media/sound/BGM/BGM.awb), fd: 0xC
[23:14:19.859] |I| [export_sceIoOpen]: Opening file: app0:media/sound/SE/SE.acb
[23:14:19.859] |T| [open_file]: sceIoOpen: Opening file app0:media/sound/SE/SE.acb (ux0:/app/PCSG00423/media/sound/SE/SE.acb), fd: 0xD
[23:14:19.863] |T| [close_file]: sceIoClose: Closing file fd: 0xD
[23:14:19.866] |I| [export_sceIoOpen]: Opening file: app0:media/sound/SE/SE.acb
[23:14:19.867] |T| [open_file]: sceIoOpen: Opening file app0:media/sound/SE/SE.acb (ux0:/app/PCSG00423/media/sound/SE/SE.acb), fd: 0xE
[23:14:19.872] |T| [close_file]: sceIoClose: Closing file fd: 0xE
[23:14:20.083] |I| [renderer::load_shader_generic]: Generating frag shader 462e3a56389fa80932f22e3bc9533027a5754a968c510489ffc83643052a83cf
[23:14:20.088] |D| [shader::create_parameters]: [DEFAULT  + 0] sa0 = (float4) aColor
[23:14:20.089] |T| [shader::usse::USSERecompiler::compile_code_node]: Compiling code_0, size = 1
[23:14:20.092] |T| [shader::usse::USSERecompiler::compile_code_node]: Compiling code_0, size = 2
[23:14:20.104] |I| [renderer::load_shader_generic]: Generating vert shader 848802b077485d6b4a5ebf8b55ca2ed848647b2e5e9606412942d0af2104209d
[23:14:20.105] |D| [shader::create_parameters]: [BUFFER0  + 0] pa0 = (float4) aPosition
[23:14:20.106] |T| [shader::usse::USSERecompiler::compile_code_node]: Compiling code_0, size = 6
[23:14:20.113] |E| [renderer::gl::compile_program]: Fragment info
-------------
0(30) : warning C7050: "pa[0]" might be used before being initialized


[23:14:20.223] |I| [export_sceIoOpen]: Opening file: app0:media/texture_info.bin
[23:14:20.224] |T| [open_file]: sceIoOpen: Opening file app0:media/texture_info.bin (ux0:/app/PCSG00423/media/texture_info.bin), fd: 0xF
[23:14:20.226] |T| [close_file]: sceIoClose: Closing file fd: 0xF
[23:14:20.229] |I| [export_sceIoOpen]: Opening file: app0:media/texture_info.bin
[23:14:20.229] |T| [open_file]: sceIoOpen: Opening file app0:media/texture_info.bin (ux0:/app/PCSG00423/media/texture_info.bin), fd: 0x10
[23:14:20.231] |T| [close_file]: sceIoClose: Closing file fd: 0x10
[23:14:20.241] |I| [renderer::load_shader_generic]: Generating frag shader d47ee4c3ed65c056dab44181062916f760c354c1591f9dbe8f40c63c3a506b44
[23:14:20.244] |D| [shader::create_fragment_inputs]: Iterator: pa0 = (float4) v_Color0
[23:14:20.247] |D| [shader::create_fragment_inputs]: Iterator: pa4 = (float4) v_Color1
[23:14:20.247] |T| [shader::usse::USSERecompiler::compile_code_node]: Compiling code_0, size = 4
[23:14:20.254] |I| [renderer::load_shader_generic]: Generating vert shader f1234bcb4af40d70fda874047cb18d5ebac7fa1c088bbd1e4480855925a76b57
[23:14:20.255] |D| [shader::create_parameters]: [BUFFER0  + 0] pa0 = (float4) aPosition
[23:14:20.255] |D| [shader::create_parameters]: [BUFFER0  + 4] pa4 = (float4) aColor
[23:14:20.256] |D| [shader::create_parameters]: [DEFAULT  + 0] sa0 = (float4) wvp[4]
[23:14:20.256] |D| [shader::create_parameters]: [DEFAULT  + 16] sa16 = (float4) color
[23:14:20.259] |T| [shader::usse::USSERecompiler::compile_code_node]: Compiling code_0, size = 23
[23:14:20.274] |E| [renderer::gl::compile_program]: Vertex info
-----------
0(42) : warning C7050: "internals[0].w" might be used before being initialized


[23:14:20.324] |I| [export_sceIoOpen]: Opening file: app0:media/sprite_info.bin
[23:14:20.325] |T| [open_file]: sceIoOpen: Opening file app0:media/sprite_info.bin (ux0:/app/PCSG00423/media/sprite_info.bin), fd: 0x11
[23:14:20.328] |T| [close_file]: sceIoClose: Closing file fd: 0x11
[23:14:20.330] |I| [export_sceIoOpen]: Opening file: app0:media/sprite_info.bin
[23:14:20.331] |T| [open_file]: sceIoOpen: Opening file app0:media/sprite_info.bin (ux0:/app/PCSG00423/media/sprite_info.bin), fd: 0x12
[23:14:20.332] |T| [close_file]: sceIoClose: Closing file fd: 0x12
[23:14:20.348] |I| [export_sceIoOpen]: Opening file: app0:media/lock_.bin
[23:14:20.349] |T| [open_file]: sceIoOpen: Opening file app0:media/lock_.bin (ux0:/app/PCSG00423/media/lock_.bin), fd: 0x13
[23:14:20.352] |T| [close_file]: sceIoClose: Closing file fd: 0x13
[23:14:20.354] |I| [export_sceIoOpen]: Opening file: app0:media/lock_.bin
[23:14:20.354] |T| [open_file]: sceIoOpen: Opening file app0:media/lock_.bin (ux0:/app/PCSG00423/media/lock_.bin), fd: 0x14
[23:14:20.356] |T| [close_file]: sceIoClose: Closing file fd: 0x14
[23:14:20.374] |I| [export_sceIoOpen]: Opening file: app0:media/animation.bin
[23:14:20.375] |T| [open_file]: sceIoOpen: Opening file app0:media/animation.bin (ux0:/app/PCSG00423/media/animation.bin), fd: 0x15
[23:14:20.380] |T| [close_file]: sceIoClose: Closing file fd: 0x15
[23:14:20.382] |I| [export_sceIoOpen]: Opening file: app0:media/animation.bin
[23:14:20.382] |T| [open_file]: sceIoOpen: Opening file app0:media/animation.bin (ux0:/app/PCSG00423/media/animation.bin), fd: 0x16
[23:14:20.384] |T| [close_file]: sceIoClose: Closing file fd: 0x16
[23:14:20.401] |I| [export_sceIoOpen]: Opening file: app0:media/afs/sprite_list.cpk
[23:14:20.402] |T| [open_file]: sceIoOpen: Opening file app0:media/afs/sprite_list.cpk (ux0:/app/PCSG00423/media/afs/sprite_list.cpk), fd: 0x17
[23:14:20.407] |T| [close_file]: sceIoClose: Closing file fd: 0x17
[23:14:20.418] |I| [export_sceIoOpen]: Opening file: app0:media/afs/sprite_list.cpk
[23:14:20.419] |T| [open_file]: sceIoOpen: Opening file app0:media/afs/sprite_list.cpk (ux0:/app/PCSG00423/media/afs/sprite_list.cpk), fd: 0x18
[23:14:20.645] |I| [renderer::load_shader_generic]: Generating frag shader 3874ac4cbd94e69bb798b6ef47b0704399a26d5b5846ba13d37a325b439b2b81
[23:14:20.648] |D| [shader::create_fragment_inputs]: Iterator: pa0 = (float4) v_Color0
[23:14:20.649] |T| [shader::create_fragment_inputs]: pa4 = tex2D<float4>(tex, TEXCOORD0.xy)
[23:14:20.650] |T| [shader::usse::USSERecompiler::compile_code_node]: Compiling code_0, size = 6
[23:14:20.657] |I| [renderer::load_shader_generic]: Generating vert shader bbb395ae09841ed0f547ffe9c203618bfc0adf915af713ec5b722623fa0615cf
[23:14:20.658] |D| [shader::create_parameters]: [BUFFER0  + 0] pa0 = (float4) aPosition
[23:14:20.660] |D| [shader::create_parameters]: [BUFFER0  + 4] pa4 = (float4) aCoord1
[23:14:20.660] |D| [shader::create_parameters]: [DEFAULT  + 0] sa0 = (float4) wvp[4]
[23:14:20.661] |D| [shader::create_parameters]: [DEFAULT  + 16] sa16 = (float4) color
[23:14:20.661] |D| [shader::create_parameters]: [DEFAULT  + 20] sa20 = (float4) uv_scroll
[23:14:20.662] |T| [shader::usse::USSERecompiler::compile_code_node]: Compiling code_0, size = 19
[23:14:20.671] |T| [shader::usse::USSERecompiler::compile_code_node]: Compiling code_0, size = 27
[23:14:20.688] |E| [renderer::gl::compile_program]: Vertex info
-----------
0(41) : warning C7050: "internals[0]" might be used before being initialized
0(41) : warning C7050: "internals[1]" might be used before being initialized
0(41) : warning C7050: "internals[2]" might be used before being initialized
0(42) : warning C7050: "r[0].zw" might be used before being initialized

Fragment info
-------------
0(30) : warning C7050: "internals[1]" might be used before being initialized


[23:14:43.587] |W| [unimplemented_impl]: Unimplemented sceCommonDialogUpdate import called.
[23:14:43.589] |I| [export_sceIoOpen]: Opening file: savedata0:system.bin
[23:14:43.590] |T| [open_file]: sceIoOpen: Opening file savedata0:system.bin (ux0:/user/00/savedata/PCSG00422/system.bin), fd: 0x19
[23:14:43.592] |T| [close_file]: sceIoClose: Closing file fd: 0x19
[23:14:43.594] |T| [open_file]: sceAppUtilSaveDataSlotGetParam: Opening file savedata0:/SlotParam_100.bin (ux0:/user/00/savedata/PCSG00422/SlotParam_100.bin), fd: 0x1A
[23:14:43.595] |T| [close_file]: sceAppUtilSaveDataSlotGetParam: Closing file fd: 0x1A
[23:14:43.597] |I| [export_sceIoOpen]: Opening file: savedata0:system.bin
[23:14:43.598] |T| [open_file]: sceIoOpen: Opening file savedata0:system.bin (ux0:/user/00/savedata/PCSG00422/system.bin), fd: 0x1B
[23:14:43.600] |T| [close_file]: sceIoClose: Closing file fd: 0x1B
[23:14:44.721] |T| [open_file]: create_trophy_context: Opening file app0:/sce_sys/trophy/NPWR06978_00/TROPHY.TRP (ux0:/app/PCSG00423/sce_sys/trophy/NPWR06978_00/TROPHY.TRP), fd: 0x1C
[23:14:44.725] |T| [open_file]: create_trophy_context: Opening file ux0:/user/00/trophy/data/NPWR06978_00/TROPUSR.DAT (ux0:/user/00/trophy/data/NPWR06978_00/TROPUSR.DAT), fd: 0x1D
[23:14:44.728] |T| [open_file]: install_trophy_context: Opening file ux0:/user/00/trophy/conf/NPWR06978_00/TROPCONF.SFM (ux0:/user/00/trophy/conf/NPWR06978_00/TROPCONF.SFM), fd: 0x1E
[23:14:44.729] |T| [write_file]: install_trophy_context: Writing to fd: 0x1E, size: 2253
[23:14:44.730] |T| [close_file]: install_trophy_context: Closing file fd: 0x1E
[23:14:44.732] |T| [open_file]: install_trophy_context: Opening file ux0:/user/00/trophy/conf/NPWR06978_00/TROP.SFM (ux0:/user/00/trophy/conf/NPWR06978_00/TROP.SFM), fd: 0x1F
[23:14:44.737] |T| [write_file]: install_trophy_context: Writing to fd: 0x1F, size: 6404
[23:14:44.738] |T| [close_file]: install_trophy_context: Closing file fd: 0x1F
[23:14:44.740] |T| [open_file]: install_trophy_context: Opening file ux0:/user/00/trophy/conf/NPWR06978_00/ICON0.PNG (ux0:/user/00/trophy/conf/NPWR06978_00/ICON0.PNG), fd: 0x20
[23:14:44.742] |T| [write_file]: install_trophy_context: Writing to fd: 0x20, size: 73789
[23:14:44.743] |T| [close_file]: install_trophy_context: Closing file fd: 0x20
[23:14:44.748] |T| [open_file]: install_trophy_context: Opening file ux0:/user/00/trophy/conf/NPWR06978_00/TROP000.PNG (ux0:/user/00/trophy/conf/NPWR06978_00/TROP000.PNG), fd: 0x21
[23:14:44.749] |T| [write_file]: install_trophy_context: Writing to fd: 0x21, size: 124047
[23:14:44.750] |T| [close_file]: install_trophy_context: Closing file fd: 0x21
[23:14:44.752] |T| [open_file]: install_trophy_context: Opening file ux0:/user/00/trophy/conf/NPWR06978_00/TROP001.PNG (ux0:/user/00/trophy/conf/NPWR06978_00/TROP001.PNG), fd: 0x22
[23:14:44.753] |T| [write_file]: install_trophy_context: Writing to fd: 0x22, size: 53916
[23:14:44.754] |T| [close_file]: install_trophy_context: Closing file fd: 0x22
[23:14:44.756] |T| [open_file]: install_trophy_context: Opening file ux0:/user/00/trophy/conf/NPWR06978_00/TROP002.PNG (ux0:/user/00/trophy/conf/NPWR06978_00/TROP002.PNG), fd: 0x23
[23:14:44.757] |T| [write_file]: install_trophy_context: Writing to fd: 0x23, size: 53916
[23:14:44.758] |T| [close_file]: install_trophy_context: Closing file fd: 0x23
[23:14:44.759] |T| [open_file]: install_trophy_context: Opening file ux0:/user/00/trophy/conf/NPWR06978_00/TROP003.PNG (ux0:/user/00/trophy/conf/NPWR06978_00/TROP003.PNG), fd: 0x24
[23:14:44.762] |T| [write_file]: install_trophy_context: Writing to fd: 0x24, size: 53916
[23:14:44.763] |T| [close_file]: install_trophy_context: Closing file fd: 0x24
[23:14:44.764] |T| [open_file]: install_trophy_context: Opening file ux0:/user/00/trophy/conf/NPWR06978_00/TROP004.PNG (ux0:/user/00/trophy/conf/NPWR06978_00/TROP004.PNG), fd: 0x25
[23:14:44.766] |T| [write_file]: install_trophy_context: Writing to fd: 0x25, size: 53916
[23:14:44.766] |T| [close_file]: install_trophy_context: Closing file fd: 0x25
[23:14:44.768] |T| [open_file]: install_trophy_context: Opening file ux0:/user/00/trophy/conf/NPWR06978_00/TROP005.PNG (ux0:/user/00/trophy/conf/NPWR06978_00/TROP005.PNG), fd: 0x26
[23:14:44.769] |T| [write_file]: install_trophy_context: Writing to fd: 0x26, size: 50653
[23:14:44.769] |T| [close_file]: install_trophy_context: Closing file fd: 0x26
[23:14:44.771] |T| [open_file]: install_trophy_context: Opening file ux0:/user/00/trophy/conf/NPWR06978_00/TROP006.PNG (ux0:/user/00/trophy/conf/NPWR06978_00/TROP006.PNG), fd: 0x27
[23:14:44.771] |T| [write_file]: install_trophy_context: Writing to fd: 0x27, size: 50653
[23:14:44.772] |T| [close_file]: install_trophy_context: Closing file fd: 0x27
[23:14:44.774] |T| [open_file]: install_trophy_context: Opening file ux0:/user/00/trophy/conf/NPWR06978_00/TROP007.PNG (ux0:/user/00/trophy/conf/NPWR06978_00/TROP007.PNG), fd: 0x28
[23:14:44.778] |T| [write_file]: install_trophy_context: Writing to fd: 0x28, size: 50653
[23:14:44.779] |T| [close_file]: install_trophy_context: Closing file fd: 0x28
[23:14:44.780] |T| [open_file]: install_trophy_context: Opening file ux0:/user/00/trophy/conf/NPWR06978_00/TROP008.PNG (ux0:/user/00/trophy/conf/NPWR06978_00/TROP008.PNG), fd: 0x29
[23:14:44.782] |T| [write_file]: install_trophy_context: Writing to fd: 0x29, size: 50653
[23:14:44.783] |T| [close_file]: install_trophy_context: Closing file fd: 0x29
[23:14:44.784] |T| [open_file]: install_trophy_context: Opening file ux0:/user/00/trophy/conf/NPWR06978_00/TROP009.PNG (ux0:/user/00/trophy/conf/NPWR06978_00/TROP009.PNG), fd: 0x2A
[23:14:44.785] |T| [write_file]: install_trophy_context: Writing to fd: 0x2A, size: 50653
[23:14:44.786] |T| [close_file]: install_trophy_context: Closing file fd: 0x2A
[23:14:44.787] |T| [open_file]: install_trophy_context: Opening file ux0:/user/00/trophy/conf/NPWR06978_00/TROP010.PNG (ux0:/user/00/trophy/conf/NPWR06978_00/TROP010.PNG), fd: 0x2B
[23:14:44.788] |T| [write_file]: install_trophy_context: Writing to fd: 0x2B, size: 50653
[23:14:44.789] |T| [close_file]: install_trophy_context: Closing file fd: 0x2B
[23:14:44.790] |T| [open_file]: install_trophy_context: Opening file ux0:/user/00/trophy/conf/NPWR06978_00/TROP011.PNG (ux0:/user/00/trophy/conf/NPWR06978_00/TROP011.PNG), fd: 0x2C
[23:14:44.791] |T| [write_file]: install_trophy_context: Writing to fd: 0x2C, size: 50653
[23:14:44.793] |T| [close_file]: install_trophy_context: Closing file fd: 0x2C
[23:14:44.795] |T| [open_file]: install_trophy_context: Opening file ux0:/user/00/trophy/conf/NPWR06978_00/TROP012.PNG (ux0:/user/00/trophy/conf/NPWR06978_00/TROP012.PNG), fd: 0x2D
[23:14:44.797] |T| [write_file]: install_trophy_context: Writing to fd: 0x2D, size: 50653
[23:14:44.798] |T| [close_file]: install_trophy_context: Closing file fd: 0x2D
[23:14:44.799] |T| [open_file]: install_trophy_context: Opening file ux0:/user/00/trophy/conf/NPWR06978_00/TROP013.PNG (ux0:/user/00/trophy/conf/NPWR06978_00/TROP013.PNG), fd: 0x2E
[23:14:44.799] |T| [write_file]: install_trophy_context: Writing to fd: 0x2E, size: 50653
[23:14:44.800] |T| [close_file]: install_trophy_context: Closing file fd: 0x2E
[23:14:44.801] |T| [open_file]: install_trophy_context: Opening file ux0:/user/00/trophy/conf/NPWR06978_00/TROP014.PNG (ux0:/user/00/trophy/conf/NPWR06978_00/TROP014.PNG), fd: 0x2F
[23:14:44.802] |T| [write_file]: install_trophy_context: Writing to fd: 0x2F, size: 50653
[23:14:44.803] |T| [close_file]: install_trophy_context: Closing file fd: 0x2F
[23:14:44.804] |T| [open_file]: install_trophy_context: Opening file ux0:/user/00/trophy/conf/NPWR06978_00/TROP015.PNG (ux0:/user/00/trophy/conf/NPWR06978_00/TROP015.PNG), fd: 0x30
[23:14:44.804] |T| [write_file]: install_trophy_context: Writing to fd: 0x30, size: 50653
[23:14:44.805] |T| [close_file]: install_trophy_context: Closing file fd: 0x30
[23:14:44.806] |T| [open_file]: install_trophy_context: Opening file ux0:/user/00/trophy/conf/NPWR06978_00/TROP016.PNG (ux0:/user/00/trophy/conf/NPWR06978_00/TROP016.PNG), fd: 0x31
[23:14:44.809] |T| [write_file]: install_trophy_context: Writing to fd: 0x31, size: 50653
[23:14:44.810] |T| [close_file]: install_trophy_context: Closing file fd: 0x31
[23:14:44.811] |T| [open_file]: install_trophy_context: Opening file ux0:/user/00/trophy/conf/NPWR06978_00/TROP017.PNG (ux0:/user/00/trophy/conf/NPWR06978_00/TROP017.PNG), fd: 0x32
[23:14:44.813] |T| [write_file]: install_trophy_context: Writing to fd: 0x32, size: 50653
[23:14:44.813] |T| [close_file]: install_trophy_context: Closing file fd: 0x32
[23:14:44.814] |T| [open_file]: install_trophy_context: Opening file ux0:/user/00/trophy/conf/NPWR06978_00/TROP018.PNG (ux0:/user/00/trophy/conf/NPWR06978_00/TROP018.PNG), fd: 0x33
[23:14:44.816] |T| [write_file]: install_trophy_context: Writing to fd: 0x33, size: 50653
[23:14:44.817] |T| [close_file]: install_trophy_context: Closing file fd: 0x33
[23:14:44.819] |T| [open_file]: install_trophy_context: Opening file ux0:/user/00/trophy/conf/NPWR06978_00/TROP019.PNG (ux0:/user/00/trophy/conf/NPWR06978_00/TROP019.PNG), fd: 0x34
[23:14:44.820] |T| [write_file]: install_trophy_context: Writing to fd: 0x34, size: 53290
[23:14:44.823] |T| [close_file]: install_trophy_context: Closing file fd: 0x34
[23:14:44.825] |T| [open_file]: install_trophy_context: Opening file ux0:/user/00/trophy/conf/NPWR06978_00/TROP020.PNG (ux0:/user/00/trophy/conf/NPWR06978_00/TROP020.PNG), fd: 0x35
[23:14:44.826] |T| [write_file]: install_trophy_context: Writing to fd: 0x35, size: 53290
[23:14:44.827] |T| [close_file]: install_trophy_context: Closing file fd: 0x35
[23:14:44.829] |T| [open_file]: install_trophy_context: Opening file ux0:/user/00/trophy/conf/NPWR06978_00/TROP021.PNG (ux0:/user/00/trophy/conf/NPWR06978_00/TROP021.PNG), fd: 0x36
[23:14:44.830] |T| [write_file]: install_trophy_context: Writing to fd: 0x36, size: 53290
[23:14:44.830] |T| [close_file]: install_trophy_context: Closing file fd: 0x36
[23:14:44.834] |T| [open_file]: install_trophy_context: Opening file ux0:/user/00/trophy/conf/NPWR06978_00/TROP022.PNG (ux0:/user/00/trophy/conf/NPWR06978_00/TROP022.PNG), fd: 0x37
[23:14:44.836] |T| [write_file]: install_trophy_context: Writing to fd: 0x37, size: 50653
[23:14:44.838] |T| [close_file]: install_trophy_context: Closing file fd: 0x37
[23:14:44.840] |T| [open_file]: install_trophy_context: Opening file ux0:/user/00/trophy/conf/NPWR06978_00/TROP023.PNG (ux0:/user/00/trophy/conf/NPWR06978_00/TROP023.PNG), fd: 0x38
[23:14:44.841] |T| [write_file]: install_trophy_context: Writing to fd: 0x38, size: 50653
[23:14:44.842] |T| [close_file]: install_trophy_context: Closing file fd: 0x38
[23:14:44.843] |T| [open_file]: install_trophy_context: Opening file ux0:/user/00/trophy/conf/NPWR06978_00/TROP024.PNG (ux0:/user/00/trophy/conf/NPWR06978_00/TROP024.PNG), fd: 0x39
[23:14:44.845] |T| [write_file]: install_trophy_context: Writing to fd: 0x39, size: 50653
[23:14:44.845] |T| [close_file]: install_trophy_context: Closing file fd: 0x39
[23:14:44.846] |T| [open_file]: install_trophy_context: Opening file ux0:/user/00/trophy/conf/NPWR06978_00/TROP025.PNG (ux0:/user/00/trophy/conf/NPWR06978_00/TROP025.PNG), fd: 0x3A
[23:14:44.848] |T| [write_file]: install_trophy_context: Writing to fd: 0x3A, size: 50653
[23:14:44.848] |T| [close_file]: install_trophy_context: Closing file fd: 0x3A
[23:14:44.849] |T| [open_file]: install_trophy_context: Opening file ux0:/user/00/trophy/conf/NPWR06978_00/TROP026.PNG (ux0:/user/00/trophy/conf/NPWR06978_00/TROP026.PNG), fd: 0x3B
[23:14:44.851] |T| [write_file]: install_trophy_context: Writing to fd: 0x3B, size: 50653
[23:14:44.855] |T| [close_file]: install_trophy_context: Closing file fd: 0x3B
[23:14:44.858] |T| [open_file]: install_trophy_context: Opening file ux0:/user/00/trophy/conf/NPWR06978_00/TROP027.PNG (ux0:/user/00/trophy/conf/NPWR06978_00/TROP027.PNG), fd: 0x3C
[23:14:44.860] |T| [write_file]: install_trophy_context: Writing to fd: 0x3C, size: 50653
[23:14:44.861] |T| [close_file]: install_trophy_context: Closing file fd: 0x3C
[23:14:44.863] |T| [open_file]: install_trophy_context: Opening file ux0:/user/00/trophy/conf/NPWR06978_00/TROP028.PNG (ux0:/user/00/trophy/conf/NPWR06978_00/TROP028.PNG), fd: 0x3D
[23:14:44.864] |T| [write_file]: install_trophy_context: Writing to fd: 0x3D, size: 53916
[23:14:44.866] |T| [close_file]: install_trophy_context: Closing file fd: 0x3D
[23:14:44.868] |T| [open_file]: install_trophy_context: Opening file ux0:/user/00/trophy/conf/NPWR06978_00/TROP029.PNG (ux0:/user/00/trophy/conf/NPWR06978_00/TROP029.PNG), fd: 0x3E
[23:14:44.871] |T| [write_file]: install_trophy_context: Writing to fd: 0x3E, size: 53916
[23:14:44.872] |T| [close_file]: install_trophy_context: Closing file fd: 0x3E
[23:14:44.874] |T| [open_file]: install_trophy_context: Opening file ux0:/user/00/trophy/conf/NPWR06978_00/TROP030.PNG (ux0:/user/00/trophy/conf/NPWR06978_00/TROP030.PNG), fd: 0x3F
[23:14:44.875] |T| [write_file]: install_trophy_context: Writing to fd: 0x3F, size: 53916
[23:14:44.876] |T| [close_file]: install_trophy_context: Closing file fd: 0x3F
[23:14:44.878] |T| [open_file]: install_trophy_context: Opening file ux0:/user/00/trophy/conf/NPWR06978_00/TROP031.PNG (ux0:/user/00/trophy/conf/NPWR06978_00/TROP031.PNG), fd: 0x40
[23:14:44.879] |T| [write_file]: install_trophy_context: Writing to fd: 0x40, size: 53916
[23:14:44.880] |T| [close_file]: install_trophy_context: Closing file fd: 0x40
[23:14:44.882] |T| [close_file]: create_trophy_context: Closing file fd: 0x1D
[23:14:44.883] |T| [export_sceNpTrophyCreateContext]: Trophy context for NPWR06978_00 create successfuly!
[23:14:44.938] |I| [export_sceIoOpen]: Opening file: app0:media/tune_.bin
[23:14:44.939] |T| [open_file]: sceIoOpen: Opening file app0:media/tune_.bin (ux0:/app/PCSG00423/media/tune_.bin), fd: 0x41
[23:14:44.942] |T| [close_file]: sceIoClose: Closing file fd: 0x41
[23:14:44.944] |I| [export_sceIoOpen]: Opening file: app0:media/tune_.bin
[23:14:44.946] |T| [open_file]: sceIoOpen: Opening file app0:media/tune_.bin (ux0:/app/PCSG00423/media/tune_.bin), fd: 0x42
[23:14:44.951] |T| [close_file]: sceIoClose: Closing file fd: 0x42
[23:14:44.972] |I| [export_sceIoOpen]: Opening file: app0:media/costume_.bin
[23:14:44.974] |T| [open_file]: sceIoOpen: Opening file app0:media/costume_.bin (ux0:/app/PCSG00423/media/costume_.bin), fd: 0x43
[23:14:44.977] |T| [close_file]: sceIoClose: Closing file fd: 0x43
[23:14:44.979] |I| [export_sceIoOpen]: Opening file: app0:media/costume_.bin
[23:14:44.984] |T| [open_file]: sceIoOpen: Opening file app0:media/costume_.bin (ux0:/app/PCSG00423/media/costume_.bin), fd: 0x44
[23:14:44.987] |T| [close_file]: sceIoClose: Closing file fd: 0x44
[23:14:45.007] |I| [export_sceIoOpen]: Opening file: app0:media/stage_base_.bin
[23:14:45.009] |T| [open_file]: sceIoOpen: Opening file app0:media/stage_base_.bin (ux0:/app/PCSG00423/media/stage_base_.bin), fd: 0x45
[23:14:45.014] |T| [close_file]: sceIoClose: Closing file fd: 0x45
[23:14:45.016] |I| [export_sceIoOpen]: Opening file: app0:media/stage_base_.bin
[23:14:45.018] |T| [open_file]: sceIoOpen: Opening file app0:media/stage_base_.bin (ux0:/app/PCSG00423/media/stage_base_.bin), fd: 0x46
[23:14:45.020] |T| [close_file]: sceIoClose: Closing file fd: 0x46
[23:14:45.040] |I| [export_sceIoOpen]: Opening file: app0:media/stage_part_.bin
[23:14:45.041] |T| [open_file]: sceIoOpen: Opening file app0:media/stage_part_.bin (ux0:/app/PCSG00423/media/stage_part_.bin), fd: 0x47
[23:14:45.047] |T| [close_file]: sceIoClose: Closing file fd: 0x47
[23:14:45.049] |I| [export_sceIoOpen]: Opening file: app0:media/stage_part_.bin
[23:14:45.051] |T| [open_file]: sceIoOpen: Opening file app0:media/stage_part_.bin (ux0:/app/PCSG00423/media/stage_part_.bin), fd: 0x48
[23:14:45.053] |T| [close_file]: sceIoClose: Closing file fd: 0x48
[23:14:45.069] |I| [export_sceIoOpen]: Opening file: app0:media/gimmick_.bin
[23:14:45.070] |T| [open_file]: sceIoOpen: Opening file app0:media/gimmick_.bin (ux0:/app/PCSG00423/media/gimmick_.bin), fd: 0x49
[23:14:45.074] |T| [close_file]: sceIoClose: Closing file fd: 0x49
[23:14:45.080] |I| [export_sceIoOpen]: Opening file: app0:media/gimmick_.bin
[23:14:45.082] |T| [open_file]: sceIoOpen: Opening file app0:media/gimmick_.bin (ux0:/app/PCSG00423/media/gimmick_.bin), fd: 0x4A
[23:14:45.086] |T| [close_file]: sceIoClose: Closing file fd: 0x4A
[23:14:45.373] |I| [export_sceIoOpen]: Opening file: app0:media/afs/costume.cpk
[23:14:45.375] |T| [open_file]: sceIoOpen: Opening file app0:media/afs/costume.cpk (ux0:/app/PCSG00423/media/afs/costume.cpk), fd: 0x4B
[23:14:45.380] |T| [close_file]: sceIoClose: Closing file fd: 0x4B
[23:14:45.391] |I| [export_sceIoOpen]: Opening file: app0:media/afs/costume.cpk
[23:14:45.392] |T| [open_file]: sceIoOpen: Opening file app0:media/afs/costume.cpk (ux0:/app/PCSG00423/media/afs/costume.cpk), fd: 0x4C
[23:14:45.657] |I| [export_sceIoOpen]: Opening file: app0:media/afs/motion.cpk
[23:14:45.659] |T| [open_file]: sceIoOpen: Opening file app0:media/afs/motion.cpk (ux0:/app/PCSG00423/media/afs/motion.cpk), fd: 0x4D
[23:14:45.661] |T| [close_file]: sceIoClose: Closing file fd: 0x4D
[23:14:45.672] |I| [export_sceIoOpen]: Opening file: app0:media/afs/motion.cpk
[23:14:45.675] |T| [open_file]: sceIoOpen: Opening file app0:media/afs/motion.cpk (ux0:/app/PCSG00423/media/afs/motion.cpk), fd: 0x4E
[23:14:46.066] |E| [open_file]: Missing file at D:/Vita3K/storage/ux0/user/00/savedata/PCSG00422/SlotParam_10.bin (target path: savedata0:/SlotParam_10.bin)
[23:14:46.069] |W| [io_error_impl]: open_file (sceAppUtilSaveDataSlotGetParam) returned 0x80010002
[23:14:46.075] |E| [logging::ret_error_impl]: sceAppUtilSaveDataSlotGetParam returned SCE_APPUTIL_ERROR_SAVEDATA_SLOT_NOT_FOUND (0x80100641)
[23:14:46.078] |E| [open_file]: Missing file at D:/Vita3K/storage/ux0/user/00/savedata/PCSG00422/SlotParam_11.bin (target path: savedata0:/SlotParam_11.bin)
[23:14:46.080] |W| [io_error_impl]: open_file (sceAppUtilSaveDataSlotGetParam) returned 0x80010002
[23:14:46.081] |E| [open_file]: Missing file at D:/Vita3K/storage/ux0/user/00/savedata/PCSG00422/SlotParam_12.bin (target path: savedata0:/SlotParam_12.bin)
[23:14:46.085] |W| [io_error_impl]: open_file (sceAppUtilSaveDataSlotGetParam) returned 0x80010002
[23:14:46.087] |E| [open_file]: Missing file at D:/Vita3K/storage/ux0/user/00/savedata/PCSG00422/SlotParam_13.bin (target path: savedata0:/SlotParam_13.bin)
[23:14:46.088] |W| [io_error_impl]: open_file (sceAppUtilSaveDataSlotGetParam) returned 0x80010002
[23:14:46.090] |E| [open_file]: Missing file at D:/Vita3K/storage/ux0/user/00/savedata/PCSG00422/SlotParam_14.bin (target path: savedata0:/SlotParam_14.bin)
[23:14:46.092] |W| [io_error_impl]: open_file (sceAppUtilSaveDataSlotGetParam) returned 0x80010002
[23:14:46.094] |E| [open_file]: Missing file at D:/Vita3K/storage/ux0/user/00/savedata/PCSG00422/SlotParam_15.bin (target path: savedata0:/SlotParam_15.bin)
[23:14:46.097] |W| [io_error_impl]: open_file (sceAppUtilSaveDataSlotGetParam) returned 0x80010002
[23:14:46.099] |E| [open_file]: Missing file at D:/Vita3K/storage/ux0/user/00/savedata/PCSG00422/SlotParam_16.bin (target path: savedata0:/SlotParam_16.bin)
[23:14:46.102] |W| [io_error_impl]: open_file (sceAppUtilSaveDataSlotGetParam) returned 0x80010002
[23:14:46.110] |E| [open_file]: Missing file at D:/Vita3K/storage/ux0/user/00/savedata/PCSG00422/SlotParam_17.bin (target path: savedata0:/SlotParam_17.bin)
[23:14:46.112] |W| [io_error_impl]: open_file (sceAppUtilSaveDataSlotGetParam) returned 0x80010002
[23:14:46.114] |E| [open_file]: Missing file at D:/Vita3K/storage/ux0/user/00/savedata/PCSG00422/SlotParam_18.bin (target path: savedata0:/SlotParam_18.bin)
[23:14:46.125] |W| [io_error_impl]: open_file (sceAppUtilSaveDataSlotGetParam) returned 0x80010002
[23:14:46.141] |E| [open_file]: Missing file at D:/Vita3K/storage/ux0/user/00/savedata/PCSG00422/SlotParam_19.bin (target path: savedata0:/SlotParam_19.bin)
[23:14:46.144] |W| [io_error_impl]: open_file (sceAppUtilSaveDataSlotGetParam) returned 0x80010002
[23:14:46.154] |I| [export_sceIoOpen]: Opening file: app0:media/sound/VOICE/SYSTEM/05NIK.acb
[23:14:46.155] |T| [open_file]: sceIoOpen: Opening file app0:media/sound/VOICE/SYSTEM/05NIK.acb (ux0:/app/PCSG00423/media/sound/VOICE/SYSTEM/05NIK.acb), fd: 0x4F
[23:14:46.161] |T| [close_file]: sceIoClose: Closing file fd: 0x4F
[23:14:46.165] |I| [export_sceIoOpen]: Opening file: app0:media/sound/VOICE/SYSTEM/05NIK.acb
[23:14:46.171] |T| [open_file]: sceIoOpen: Opening file app0:media/sound/VOICE/SYSTEM/05NIK.acb (ux0:/app/PCSG00423/media/sound/VOICE/SYSTEM/05NIK.acb), fd: 0x50
[23:14:46.178] |T| [close_file]: sceIoClose: Closing file fd: 0x50
[23:14:46.189] |I| [export_sceIoOpen]: Opening file: app0:media/sound/VOICE/SYSTEM/05NIK.awb
[23:14:46.190] |T| [open_file]: sceIoOpen: Opening file app0:media/sound/VOICE/SYSTEM/05NIK.awb (ux0:/app/PCSG00423/media/sound/VOICE/SYSTEM/05NIK.awb), fd: 0x51
[23:14:48.998] |W| [stubbed_impl]: Stubbed sceNpTrophyCreateHandle import called. (Stubbed handle with 1)
[23:14:49.001] |W| [stubbed_impl]: Stubbed sceNpTrophyDestroyHandle import called. (Stubbed with SCE_OK)
[23:14:49.025] |I| [renderer::load_shader_generic]: Generating frag shader 8bf18af885ab361d3d0836cbc8effd0e21e277fab9418ca6fd15523b629bffae
[23:14:49.034] |D| [shader::create_fragment_inputs]: Iterator: pa0 = (float4) v_Color0
[23:14:49.035] |T| [shader::create_fragment_inputs]: pa4 = tex2D<float4>(tex, TEXCOORD0.xy)
[23:14:49.038] |D| [shader::create_fragment_inputs]: Iterator: pa8 = (float4) v_Color1
[23:14:49.040] |T| [shader::usse::USSERecompiler::compile_code_node]: Compiling code_0, size = 7
[23:14:49.053] |I| [renderer::load_shader_generic]: Generating vert shader 10eb53ae5bbdcfeebabb6e862a4510a31807c0e25217cd2050692cf5f53427a2
[23:14:49.056] |D| [shader::create_parameters]: [BUFFER0  + 0] pa0 = (float4) aPosition
[23:14:49.057] |D| [shader::create_parameters]: [BUFFER0  + 4] pa4 = (float4) aColor
[23:14:49.059] |D| [shader::create_parameters]: [BUFFER0  + 8] pa8 = (float4) aCoord1
[23:14:49.061] |D| [shader::create_parameters]: [DEFAULT  + 0] sa0 = (float4) wvp[4]
[23:14:49.064] |D| [shader::create_parameters]: [DEFAULT  + 16] sa16 = (float4) color
[23:14:49.066] |D| [shader::create_parameters]: [DEFAULT  + 20] sa20 = (float4) uv_scroll
[23:14:49.068] |T| [shader::usse::USSERecompiler::compile_code_node]: Compiling code_0, size = 19
[23:14:49.087] |T| [shader::usse::USSERecompiler::compile_code_node]: Compiling code_0, size = 29
[23:14:49.141] |E| [renderer::gl::compile_program]: Vertex info
-----------
0(43) : warning C7050: "internals[0]" might be used before being initialized
0(43) : warning C7050: "internals[1]" might be used before being initialized
0(43) : warning C7050: "internals[2]" might be used before being initialized
0(44) : warning C7050: "r[0].zw" might be used before being initialized

Fragment info
-------------
0(31) : warning C7050: "internals[1].w" might be used before being initialized


[23:14:49.228] |I| [renderer::load_shader_generic]: Generating frag shader c2d7ae2598562864df0a5eee037831aca722601f0ecb45484387e3476eecd2e3
[23:14:49.232] |D| [shader::create_fragment_inputs]: Iterator: pa0 = (float4) v_TexCoord1
[23:14:49.233] |T| [shader::usse::USSERecompiler::compile_code_node]: Compiling code_0, size = 4
[23:14:49.242] |I| [renderer::load_shader_generic]: Generating vert shader 726f560fa4a42fae355629a9debe3a39ef22b59968c321f54685e3e0f3fef2b9
[23:14:49.245] |D| [shader::create_parameters]: [BUFFER0  + 0] pa0 = (float4) aPosition
[23:14:49.245] |D| [shader::create_parameters]: [BUFFER0  + 4] pa4 = (float4) aNormal
[23:14:49.246] |D| [shader::create_parameters]: [BUFFER0  + 8] pa8 = (float4) aColor
[23:14:49.251] |D| [shader::create_parameters]: [BUFFER0  + 12] pa12 = (float4) aCoord1
[23:14:49.255] |D| [shader::create_parameters]: [DEFAULT  + 0] sa0 = (float4) wvp[4]
[23:14:49.263] |D| [shader::create_parameters]: [DEFAULT  + 16] sa16 = (float4) outline[4]
[23:14:49.266] |T| [shader::usse::USSERecompiler::compile_code_node]: Compiling code_0, size = 2
[23:14:49.272] |T| [shader::usse::USSERecompiler::compile_code_node]: Compiling code_0, size = 20
[23:14:49.294] |E| [renderer::gl::compile_program]: Vertex info
-----------
0(37) : warning C7050: "internals[0].w" might be used before being initialized
0(37) : warning C7050: "internals[2].w" might be used before being initialized


[23:14:49.307] |I| [renderer::load_shader_generic]: Generating frag shader f700e01e27ce27494c61a3cf1754f7aed4e96a7afb3c0422e1a456953591fef7
[23:14:49.308] |D| [shader::create_fragment_inputs]: Iterator: pa0 = (float4) v_Color0
[23:14:49.308] |T| [shader::create_fragment_inputs]: pa4 = tex2D<float4>(tex, TEXCOORD0.xy)
[23:14:49.310] |D| [shader::create_fragment_inputs]: Iterator: pa8 = (float4) v_Color1
[23:14:49.311] |T| [shader::create_fragment_inputs]: pa12 = tex2D<half4>(tex, TEXCOORD1.xy)
[23:14:49.312] |D| [shader::create_fragment_inputs]: Iterator: pa14 = (half4) v_TexCoord2
[23:14:49.314] |D| [shader::create_fragment_inputs]: Iterator: pa16 = (half4) v_TexCoord4
[23:14:49.316] |T| [shader::usse::USSERecompiler::compile_code_node]: Compiling code_0, size = 16
[23:14:49.369] |I| [renderer::load_shader_generic]: Generating vert shader 2c616e3c7b70eb5dec7c0d7e110d5055cbab02806d55efff723bd7711d18b441
[23:14:49.371] |D| [shader::create_parameters]: [BUFFER0  + 0] pa0 = (float4) aPosition
[23:14:49.372] |D| [shader::create_parameters]: [BUFFER0  + 4] pa4 = (float4) aNormal
[23:14:49.376] |D| [shader::create_parameters]: [BUFFER0  + 8] pa8 = (float4) aColor
[23:14:49.378] |D| [shader::create_parameters]: [BUFFER0  + 12] pa12 = (float4) aCoord1
[23:14:49.379] |D| [shader::create_parameters]: [DEFAULT  + 0] sa0 = (float4) wvp[4]
[23:14:49.380] |D| [shader::create_parameters]: [DEFAULT  + 16] sa16 = (float4) world[4]
[23:14:49.380] |D| [shader::create_parameters]: [DEFAULT  + 48] sa48 = (float4) color
[23:14:49.382] |D| [shader::create_parameters]: [DEFAULT  + 32] sa32 = (float4) light_dir_0[4]
[23:14:49.384] |D| [shader::create_parameters]: [DEFAULT  + 52] sa52 = (float4) light_ambient
[23:14:49.386] |D| [shader::create_parameters]: [DEFAULT  + 56] sa56 = (float4) uv_scroll
[23:14:49.387] |D| [shader::create_parameters]: [DEFAULT  + 60] sa60 = (float4) specular_param
[23:14:49.391] |T| [shader::usse::USSERecompiler::compile_code_node]: Compiling code_0, size = 26
[23:14:49.425] |T| [shader::usse::USSERecompiler::compile_code_node]: Compiling code_0, size = 44
[23:14:49.466] |E| [renderer::gl::compile_program]: Vertex info
-----------
0(44) : warning C7050: "internals[0]" might be used before being initialized
0(44) : warning C7050: "internals[1]" might be used before being initialized
0(44) : warning C7050: "internals[2]" might be used before being initialized

Fragment info
-------------
0(33) : warning C7050: "sa[1].w" might be used before being initialized
0(32) : warning C7050: "pa[3].xy" might be used before being initialized
0(32) : warning C7050: "pa[4].zw" might be used before being initialized
0(35) : warning C7050: "r[0].zw" might be used before being initialized
0(34) : warning C7050: "internals[0]" might be used before being initialized
0(34) : warning C7050: "internals[1]" might be used before being initialized
0(34) : warning C7050: "internals[2].z" might be used before being initialized


[23:15:02.134] |E| [discordrpc::update_presence::<lambda_1>::operator ()]: Error updating discord rich presence, err_code: 43
