[15:32:13.080] |I| [config::init_config]: backend-renderer: Vulkan
[15:32:13.080] |I| [config::init_config]: log-level: 0
[15:32:13.178] |I| [SDL_main]: Vita3K v0.1.8 3242-32b607cb
[15:32:13.178] |I| [SDL_main]: Number of logical CPU cores: 12
[15:32:13.178] |I| [SDL_main]: Available ram memory: 32655 MiB
[15:32:13.273] |I| [renderer::vulkan::VKState::create]: Vulkan device: NVIDIA GeForce RTX 3070
[15:32:13.273] |I| [renderer::vulkan::VKState::create]: Driver version: 536.23.0.0
[15:32:13.273] |I| [renderer::vulkan::VKState::create]: Memory mapping is enabled
[15:32:13.570] |I| [renderer::vulkan::ScreenRenderer::setup]: Present mode: Mailbox
[15:32:13.858] |W| [compat::load_compat_app_db]: App with Title ID PCSE00838 has an issue but no status label. Please check GitHub issue 1873 and request a status label be added.
[15:32:13.859] |W| [compat::load_compat_app_db]: Title ID Titan is invalid. Please check GitHub issue 1872 and verify it!
[15:32:13.859] |W| [compat::load_compat_app_db]: App with Title ID PCSH10100 has an issue but no status label. Please check GitHub issue 1716 and request a status label be added.
[15:32:13.859] |W| [compat::load_compat_app_db]: App with Title ID PCSE00640 has an issue but no status label. Please check GitHub issue 1678 and request a status label be added.
[15:32:13.859] |W| [compat::load_compat_app_db]: App with Title ID PCSA00158 has an issue but no status label. Please check GitHub issue 1659 and request a status label be added.
[15:32:13.859] |W| [compat::load_compat_app_db]: App with Title ID PCSA00133 has an issue but no status label. Please check GitHub issue 1649 and request a status label be added.
[15:32:14.057] |I| [compat::update_compat_app_db]: Applications compatibility database is outdated, attempting to download latest updated at: 06-30-2023 13:28:05
[15:32:16.096] |W| [compat::load_compat_app_db]: App with Title ID PCSE00838 has an issue but no status label. Please check GitHub issue 1873 and request a status label be added.
[15:32:16.096] |W| [compat::load_compat_app_db]: App with Title ID PCSH10100 has an issue but no status label. Please check GitHub issue 1716 and request a status label be added.
[15:32:16.096] |W| [compat::load_compat_app_db]: App with Title ID PCSE00640 has an issue but no status label. Please check GitHub issue 1678 and request a status label be added.
[15:32:16.096] |W| [compat::load_compat_app_db]: App with Title ID PCSA00158 has an issue but no status label. Please check GitHub issue 1659 and request a status label be added.
[15:32:16.097] |W| [compat::load_compat_app_db]: App with Title ID PCSA00133 has an issue but no status label. Please check GitHub issue 1649 and request a status label be added.
[15:34:48.656] |I| [load_app_impl]: cpu-backend: Dynarmic
[15:34:48.656] |I| [load_app_impl]: CPU Optimisation state: true
[15:34:48.656] |I| [load_app_impl]: ngs state: true
[15:34:48.657] |I| [load_app_impl]: Resolution multiplier: 1
[15:34:48.657] |I| [load_app_impl]: 1 Controllers Connected
[15:34:48.657] |I| [load_app_impl]: Controller 0: Controller (Xbox One For Windows)
[15:34:48.658] |I| [load_app_impl]: modules mode: Automatic
[15:34:48.658] |I| [load_app_impl]: Title: らぶおぶ恋愛皇帝 of LOVE!
[15:34:48.658] |I| [load_app_impl]: Serial: PCSG01004
[15:34:48.659] |I| [load_app_impl]: Version: 1.00
[15:34:48.659] |I| [load_app_impl]: Category: gd
[15:34:48.675] |I| [load_self]: app0:sce_module/libc.suprx: Skipping special segment 0x6fffff01...
[15:34:48.676] |I| [load_self]: Loaded module segment 0 @ [0x00005000 - 0x000568A4 / 0x81000000] (size: 0x000518A4) of module app0:sce_module/libc.suprx
[15:34:48.676] |I| [load_self]: Loaded module segment 1 @ [0x00057000 - 0x000598A0 / 0x81052000] (size: 0x000028A0) of module app0:sce_module/libc.suprx
[15:34:48.678] |I| [load_self]: Linking SELF app0:sce_module/libc.suprx...
[15:34:48.678] |D| [load_var_exports]: 	NID 0x936c8a78 (SYSLYB) at 0x4c314
[15:34:48.678] |D| [load_var_exports]: 	NID 0x6c2224ba (NID_MODULE_INFO) at 0x414dc
[15:34:48.679] |I| [pre_load_module]: Pre-load module SceLibc (at "sce_module/libc.suprx") loaded
[15:34:48.689] |I| [load_self]: app0:sce_module/libfios2.suprx: Skipping special segment 0x6fffff01...
[15:34:48.690] |I| [load_self]: Loaded module segment 0 @ [0x0005A000 - 0x00086CBF / 0x81000000] (size: 0x0002CCBF) of module app0:sce_module/libfios2.suprx
[15:34:48.690] |I| [load_self]: Loaded module segment 1 @ [0x00087000 - 0x0008C255 / 0x8102D000] (size: 0x00005255) of module app0:sce_module/libfios2.suprx
[15:34:48.691] |I| [load_self]: Linking SELF app0:sce_module/libfios2.suprx...
[15:34:48.691] |D| [load_var_exports]: 	NID 0x936c8a78 (SYSLYB) at 0x86bc8
[15:34:48.692] |D| [load_var_exports]: 	NID 0x6c2224ba (NID_MODULE_INFO) at 0x7df08
[15:34:48.693] |I| [pre_load_module]: Pre-load module SceLibFios2 (at "sce_module/libfios2.suprx") loaded
[15:34:48.701] |I| [load_self]: app0:sce_module/libult.suprx: Skipping special segment 0x6fffff01...
[15:34:48.701] |I| [load_self]: Loaded module segment 0 @ [0x0008D000 - 0x000A09BC / 0x81000000] (size: 0x000139BC) of module app0:sce_module/libult.suprx
[15:34:48.702] |I| [load_self]: Loaded module segment 1 @ [0x000A1000 - 0x000A1814 / 0x81014000] (size: 0x00000814) of module app0:sce_module/libult.suprx
[15:34:48.702] |I| [load_self]: Linking SELF app0:sce_module/libult.suprx...
[15:34:48.703] |D| [load_var_exports]: 	NID 0x936c8a78 (SYSLYB) at 0x9f2e8
[15:34:48.703] |D| [load_var_exports]: 	NID 0x6c2224ba (NID_MODULE_INFO) at 0x9c870
[15:34:48.703] |I| [pre_load_module]: Pre-load module SceUlt (at "sce_module/libult.suprx") loaded
[15:34:48.711] |I| [load_self]: Loaded module segment 0 @ [0x000A2000 - 0x000F2F04 / 0x81000000] (size: 0x00050F04) of module vs0:sys/external/libSceFt2.suprx
[15:34:48.711] |I| [load_self]: Loaded module segment 1 @ [0x000F3000 - 0x000F32F4 / 0x81051000] (size: 0x000002F4) of module vs0:sys/external/libSceFt2.suprx
[15:34:48.712] |I| [load_self]: Linking SELF vs0:sys/external/libSceFt2.suprx...
[15:34:48.712] |D| [load_var_exports]: 	NID 0x936c8a78 (SYSLYB) at 0xde7dc
[15:34:48.713] |D| [load_var_exports]: 	NID 0x6c2224ba (NID_MODULE_INFO) at 0xddf10
[15:34:48.713] |I| [pre_load_module]: Pre-load module SceLibft2 (at "sys/external/libSceFt2.suprx") loaded
[15:34:48.716] |I| [load_self]: Loaded module segment 0 @ [0x000F4000 - 0x00103F14 / 0x81000000] (size: 0x0000FF14) of module vs0:sys/external/libpvf.suprx
[15:34:48.716] |I| [load_self]: Loaded module segment 1 @ [0x00104000 - 0x00104008 / 0x81010000] (size: 0x00000008) of module vs0:sys/external/libpvf.suprx
[15:34:48.716] |I| [load_self]: Linking SELF vs0:sys/external/libpvf.suprx...
[15:34:48.717] |D| [load_var_exports]: 	NID 0x936c8a78 (SYSLYB) at 0x102710
[15:34:48.717] |D| [load_var_exports]: 	NID 0x6c2224ba (NID_MODULE_INFO) at 0x102300
[15:34:48.717] |I| [pre_load_module]: Pre-load module SceLibPvf (at "sys/external/libpvf.suprx") loaded
[15:34:48.758] |I| [load_self]: app0:eboot.bin: Skipping special segment 0x6fffff01...
[15:34:48.758] |I| [load_self]: Loaded module segment 0 @ [0x00105000 - 0x0018334C / 0x81000000] (size: 0x0007E34C) of module app0:eboot.bin
[15:34:48.759] |I| [load_self]: Loaded module segment 1 @ [0x00184000 - 0x04C1544C / 0x8107F000] (size: 0x04A9144C) of module app0:eboot.bin
[15:34:48.759] |I| [load_self]: Linking SELF app0:eboot.bin...
[15:34:48.760] |D| [load_var_exports]: 	NID 0x6c2224ba (NID_MODULE_INFO) at 0x1652f8
[15:34:48.760] |D| [load_var_exports]: 	NID 0x70fba1e7 (SCE_PROC_PARAMS) at 0x1865dc
[15:34:48.760] |D| [load_var_exports]: 	NID 0x936c8a78 (SYSLYB) at 0x170804
[15:34:48.761] |I| [load_app_impl]: Main executable PSVita_Project9 (eboot.bin) loaded
[15:34:48.777] |D| [run_app]: Running module_start of library: SceLibc at address 0x5871
[15:34:48.794] |T| [open_file]: sceKernelGetStdin: Opening terminal tty0:
[15:34:48.795] |T| [open_file]: sceKernelGetStdout: Opening terminal tty0:
[15:34:48.795] |T| [open_file]: sceKernelGetStderr: Opening terminal tty0:
[15:34:48.803] |I| [run_app]: Module SceLibc (at "app0:sce_module/libc.suprx") module_start returned 0x0
[15:34:48.806] |D| [run_app]: Running module_start of library: SceLibFios2 at address 0x5a001
[15:34:48.820] |W| [stubbed_impl]: Stubbed sceKernelGetProcessId import called. (pid: 0)
[15:34:48.820] |I| [run_app]: Module SceLibFios2 (at "app0:sce_module/libfios2.suprx") module_start returned 0x0
[15:34:48.823] |D| [run_app]: Running module_start of library: SceUlt at address 0x90771
[15:34:48.836] |W| [unimplemented_impl]: Unimplemented _sceUlobjMgrRegisterLibultProtocolRevision import called.
[15:34:48.836] |I| [run_app]: Module SceUlt (at "app0:sce_module/libult.suprx") module_start returned 0x0
[15:34:48.844] |I| [load_module]: Loading module ID: 0x4c
[15:34:48.847] |I| [load_self]: sys/external/libsceavplayer.suprx: Skipping special segment 0x6fffff01...
[15:34:48.847] |I| [load_self]: Loaded module segment 0 @ [0x04CA3000 - 0x04CB79FC / 0x81000000] (size: 0x000149FC) of module sys/external/libsceavplayer.suprx
[15:34:48.848] |I| [load_self]: Loaded module segment 1 @ [0x04C58000 - 0x04C5806C / 0x81015000] (size: 0x0000006C) of module sys/external/libsceavplayer.suprx
[15:34:48.848] |I| [load_self]: Linking SELF sys/external/libsceavplayer.suprx...
[15:34:48.849] |D| [load_var_exports]: 	NID 0x936c8a78 (SYSLYB) at 0x4cb4d40
[15:34:48.849] |D| [load_var_exports]: 	NID 0x6c2224ba (NID_MODULE_INFO) at 0x4cb3548
[15:34:48.849] |I| [load_module]: Module SceAvPlayer (at "sys/external/libsceavplayer.suprx") loaded
[15:34:48.850] |D| [load_module]: Running module_start of module: SceAvPlayer
[15:34:48.850] |I| [load_module]: Module SceAvPlayer (at "sys/external/libsceavplayer.suprx") module_start returned 0x0
[15:34:48.852] |I| [load_self]: sys/external/libscemp4.suprx: Skipping special segment 0x6fffff01...
[15:34:48.852] |I| [load_self]: Loaded module segment 0 @ [0x04CB8000 - 0x04CC7D20 / 0x81000000] (size: 0x0000FD20) of module sys/external/libscemp4.suprx
[15:34:48.853] |I| [load_self]: Loaded module segment 1 @ [0x04C59000 - 0x04C59028 / 0x81010000] (size: 0x00000028) of module sys/external/libscemp4.suprx
[15:34:48.854] |I| [load_self]: Linking SELF sys/external/libscemp4.suprx...
[15:34:48.854] |D| [load_var_exports]: 	NID 0x936c8a78 (SYSLYB) at 0x4cc79d0
[15:34:48.854] |D| [load_var_exports]: 	NID 0x6c2224ba (NID_MODULE_INFO) at 0x4cc68c4
[15:34:48.855] |I| [load_module]: Module SceMp4 (at "sys/external/libscemp4.suprx") loaded
[15:34:48.877] |W| [unimplemented_impl]: Unimplemented sceKernelChangeThreadVfpException import called.
[15:34:48.877] |W| [unimplemented_impl]: Unimplemented sceFiosOverlayThreadSetDisabled02 import called.
[15:34:48.960] |I| [export_sceIoOpen]: Opening file: app0:/data/DATA.psarc
[15:34:48.966] |T| [open_file]: sceIoOpen: Opening file app0:/data/DATA.psarc (ux0:/app/PCSG01004/data/DATA.psarc), fd: 0x3
[15:34:48.980] |T| [close_file]: sceIoClose: Closing file fd: 0x3
[15:34:48.986] |I| [export_sceIoOpen]: Opening file: app0:/data/DATA.psarc
[15:34:48.987] |T| [open_file]: sceIoOpen: Opening file app0:/data/DATA.psarc (ux0:/app/PCSG01004/data/DATA.psarc), fd: 0x4
[15:34:49.019] |I| [export_sceIoOpen]: Opening file: app0:/data/VOICE.psarc
[15:34:49.024] |T| [open_file]: sceIoOpen: Opening file app0:/data/VOICE.psarc (ux0:/app/PCSG01004/data/VOICE.psarc), fd: 0x5
[15:34:49.025] |T| [close_file]: sceIoClose: Closing file fd: 0x5
[15:34:49.030] |I| [export_sceIoOpen]: Opening file: app0:/data/VOICE.psarc
[15:34:49.030] |T| [open_file]: sceIoOpen: Opening file app0:/data/VOICE.psarc (ux0:/app/PCSG01004/data/VOICE.psarc), fd: 0x6
[15:34:49.073] |I| [export_sceIoOpen]: Opening file: app0:/data/system_se/0.vag
[15:34:49.151] |T| [open_file]: sceIoOpen: Opening file app0:/data/system_se/0.vag (ux0:/app/PCSG01004/data/system_se/0.vag), fd: 0x7
[15:34:49.160] |T| [close_file]: sceIoClose: Closing file fd: 0x7
[15:34:49.161] |I| [export_sceIoOpen]: Opening file: app0:/data/system_se/1.vag
[15:34:49.165] |T| [open_file]: sceIoOpen: Opening file app0:/data/system_se/1.vag (ux0:/app/PCSG01004/data/system_se/1.vag), fd: 0x8
[15:34:49.166] |T| [close_file]: sceIoClose: Closing file fd: 0x8
[15:34:49.166] |I| [export_sceIoOpen]: Opening file: app0:/data/system_se/2.vag
[15:34:49.170] |T| [open_file]: sceIoOpen: Opening file app0:/data/system_se/2.vag (ux0:/app/PCSG01004/data/system_se/2.vag), fd: 0x9
[15:34:49.171] |T| [close_file]: sceIoClose: Closing file fd: 0x9
[15:34:49.191] |W| [stubbed_impl]: Stubbed sceGxmMapFragmentUsseMemory import called. (always return success)
[15:34:49.197] |W| [stubbed_impl]: Stubbed sceGxmMapVertexUsseMemory import called. (always return success)
[15:34:49.304] |T| [open_file]: create_trophy_context: Opening file app0:/sce_sys/trophy/NPWR11726_00/TROPHY.TRP (ux0:/app/PCSG01004/sce_sys/trophy/NPWR11726_00/TROPHY.TRP), fd: 0xa
[15:34:49.306] |E| [open_file]: Missing file at C:/vita/ux0/user/00/trophy/data/NPWR11726_00/TROPUSR.DAT (target path: ux0:/user/00/trophy/data/NPWR11726_00/TROPUSR.DAT)
[15:34:49.306] |W| [io_error_impl]: open_file (create_trophy_context) returned 0x80010002
[15:34:49.307] |T| [open_file]: install_trophy_context: Opening file ux0:/user/00/trophy/conf/NPWR11726_00/TROPCONF.SFM (ux0:/user/00/trophy/conf/NPWR11726_00/TROPCONF.SFM), fd: 0xb
[15:34:49.308] |T| [write_file]: install_trophy_context: Writing to fd: 0xb, size: 1675
[15:34:49.308] |T| [close_file]: install_trophy_context: Closing file fd: 0xb
[15:34:49.309] |T| [open_file]: install_trophy_context: Opening file ux0:/user/00/trophy/conf/NPWR11726_00/TROP.SFM (ux0:/user/00/trophy/conf/NPWR11726_00/TROP.SFM), fd: 0xc
[15:34:49.309] |T| [write_file]: install_trophy_context: Writing to fd: 0xc, size: 4056
[15:34:49.309] |T| [close_file]: install_trophy_context: Closing file fd: 0xc
[15:34:49.311] |T| [open_file]: install_trophy_context: Opening file ux0:/user/00/trophy/conf/NPWR11726_00/ICON0.PNG (ux0:/user/00/trophy/conf/NPWR11726_00/ICON0.PNG), fd: 0xd
[15:34:49.312] |T| [write_file]: install_trophy_context: Writing to fd: 0xd, size: 134081
[15:34:49.312] |T| [close_file]: install_trophy_context: Closing file fd: 0xd
[15:34:49.313] |T| [open_file]: install_trophy_context: Opening file ux0:/user/00/trophy/conf/NPWR11726_00/TROP000.PNG (ux0:/user/00/trophy/conf/NPWR11726_00/TROP000.PNG), fd: 0xe
[15:34:49.314] |T| [write_file]: install_trophy_context: Writing to fd: 0xe, size: 95621
[15:34:49.314] |T| [close_file]: install_trophy_context: Closing file fd: 0xe
[15:34:49.315] |T| [open_file]: install_trophy_context: Opening file ux0:/user/00/trophy/conf/NPWR11726_00/TROP001.PNG (ux0:/user/00/trophy/conf/NPWR11726_00/TROP001.PNG), fd: 0xf
[15:34:49.315] |T| [write_file]: install_trophy_context: Writing to fd: 0xf, size: 90293
[15:34:49.315] |T| [close_file]: install_trophy_context: Closing file fd: 0xf
[15:34:49.317] |T| [open_file]: install_trophy_context: Opening file ux0:/user/00/trophy/conf/NPWR11726_00/TROP002.PNG (ux0:/user/00/trophy/conf/NPWR11726_00/TROP002.PNG), fd: 0x10
[15:34:49.317] |T| [write_file]: install_trophy_context: Writing to fd: 0x10, size: 63790
[15:34:49.317] |T| [close_file]: install_trophy_context: Closing file fd: 0x10
[15:34:49.318] |T| [open_file]: install_trophy_context: Opening file ux0:/user/00/trophy/conf/NPWR11726_00/TROP003.PNG (ux0:/user/00/trophy/conf/NPWR11726_00/TROP003.PNG), fd: 0x11
[15:34:49.319] |T| [write_file]: install_trophy_context: Writing to fd: 0x11, size: 66727
[15:34:49.319] |T| [close_file]: install_trophy_context: Closing file fd: 0x11
[15:34:49.320] |T| [open_file]: install_trophy_context: Opening file ux0:/user/00/trophy/conf/NPWR11726_00/TROP004.PNG (ux0:/user/00/trophy/conf/NPWR11726_00/TROP004.PNG), fd: 0x12
[15:34:49.321] |T| [write_file]: install_trophy_context: Writing to fd: 0x12, size: 67402
[15:34:49.321] |T| [close_file]: install_trophy_context: Closing file fd: 0x12
[15:34:49.322] |T| [open_file]: install_trophy_context: Opening file ux0:/user/00/trophy/conf/NPWR11726_00/TROP005.PNG (ux0:/user/00/trophy/conf/NPWR11726_00/TROP005.PNG), fd: 0x13
[15:34:49.323] |T| [write_file]: install_trophy_context: Writing to fd: 0x13, size: 62133
[15:34:49.323] |T| [close_file]: install_trophy_context: Closing file fd: 0x13
[15:34:49.324] |T| [open_file]: install_trophy_context: Opening file ux0:/user/00/trophy/conf/NPWR11726_00/TROP006.PNG (ux0:/user/00/trophy/conf/NPWR11726_00/TROP006.PNG), fd: 0x14
[15:34:49.324] |T| [write_file]: install_trophy_context: Writing to fd: 0x14, size: 61622
[15:34:49.324] |T| [close_file]: install_trophy_context: Closing file fd: 0x14
[15:34:49.325] |T| [open_file]: install_trophy_context: Opening file ux0:/user/00/trophy/conf/NPWR11726_00/TROP007.PNG (ux0:/user/00/trophy/conf/NPWR11726_00/TROP007.PNG), fd: 0x15
[15:34:49.326] |T| [write_file]: install_trophy_context: Writing to fd: 0x15, size: 57717
[15:34:49.326] |T| [close_file]: install_trophy_context: Closing file fd: 0x15
[15:34:49.327] |T| [open_file]: install_trophy_context: Opening file ux0:/user/00/trophy/conf/NPWR11726_00/TROP008.PNG (ux0:/user/00/trophy/conf/NPWR11726_00/TROP008.PNG), fd: 0x16
[15:34:49.329] |T| [write_file]: install_trophy_context: Writing to fd: 0x16, size: 76129
[15:34:49.329] |T| [close_file]: install_trophy_context: Closing file fd: 0x16
[15:34:49.330] |T| [open_file]: install_trophy_context: Opening file ux0:/user/00/trophy/conf/NPWR11726_00/TROP009.PNG (ux0:/user/00/trophy/conf/NPWR11726_00/TROP009.PNG), fd: 0x17
[15:34:49.331] |T| [write_file]: install_trophy_context: Writing to fd: 0x17, size: 72211
[15:34:49.331] |T| [close_file]: install_trophy_context: Closing file fd: 0x17
[15:34:49.332] |T| [open_file]: install_trophy_context: Opening file ux0:/user/00/trophy/conf/NPWR11726_00/TROP010.PNG (ux0:/user/00/trophy/conf/NPWR11726_00/TROP010.PNG), fd: 0x18
[15:34:49.332] |T| [write_file]: install_trophy_context: Writing to fd: 0x18, size: 66719
[15:34:49.333] |T| [close_file]: install_trophy_context: Closing file fd: 0x18
[15:34:49.333] |T| [open_file]: install_trophy_context: Opening file ux0:/user/00/trophy/conf/NPWR11726_00/TROP011.PNG (ux0:/user/00/trophy/conf/NPWR11726_00/TROP011.PNG), fd: 0x19
[15:34:49.334] |T| [write_file]: install_trophy_context: Writing to fd: 0x19, size: 69934
[15:34:49.334] |T| [close_file]: install_trophy_context: Closing file fd: 0x19
[15:34:49.335] |T| [open_file]: install_trophy_context: Opening file ux0:/user/00/trophy/conf/NPWR11726_00/TROP012.PNG (ux0:/user/00/trophy/conf/NPWR11726_00/TROP012.PNG), fd: 0x1a
[15:34:49.336] |T| [write_file]: install_trophy_context: Writing to fd: 0x1a, size: 65728
[15:34:49.336] |T| [close_file]: install_trophy_context: Closing file fd: 0x1a
[15:34:49.337] |T| [open_file]: install_trophy_context: Opening file ux0:/user/00/trophy/conf/NPWR11726_00/TROP013.PNG (ux0:/user/00/trophy/conf/NPWR11726_00/TROP013.PNG), fd: 0x1b
[15:34:49.337] |T| [write_file]: install_trophy_context: Writing to fd: 0x1b, size: 87142
[15:34:49.338] |T| [close_file]: install_trophy_context: Closing file fd: 0x1b
[15:34:49.339] |T| [open_file]: install_trophy_context: Opening file ux0:/user/00/trophy/conf/NPWR11726_00/TROP014.PNG (ux0:/user/00/trophy/conf/NPWR11726_00/TROP014.PNG), fd: 0x1c
[15:34:49.339] |T| [write_file]: install_trophy_context: Writing to fd: 0x1c, size: 90833
[15:34:49.340] |T| [close_file]: install_trophy_context: Closing file fd: 0x1c
[15:34:49.341] |T| [open_file]: install_trophy_context: Opening file ux0:/user/00/trophy/conf/NPWR11726_00/TROP015.PNG (ux0:/user/00/trophy/conf/NPWR11726_00/TROP015.PNG), fd: 0x1d
[15:34:49.341] |T| [write_file]: install_trophy_context: Writing to fd: 0x1d, size: 84336
[15:34:49.341] |T| [close_file]: install_trophy_context: Closing file fd: 0x1d
[15:34:49.342] |T| [open_file]: install_trophy_context: Opening file ux0:/user/00/trophy/conf/NPWR11726_00/TROP016.PNG (ux0:/user/00/trophy/conf/NPWR11726_00/TROP016.PNG), fd: 0x1e
[15:34:49.344] |T| [write_file]: install_trophy_context: Writing to fd: 0x1e, size: 87315
[15:34:49.344] |T| [close_file]: install_trophy_context: Closing file fd: 0x1e
[15:34:49.345] |T| [open_file]: install_trophy_context: Opening file ux0:/user/00/trophy/conf/NPWR11726_00/TROP017.PNG (ux0:/user/00/trophy/conf/NPWR11726_00/TROP017.PNG), fd: 0x1f
[15:34:49.346] |T| [write_file]: install_trophy_context: Writing to fd: 0x1f, size: 102088
[15:34:49.346] |T| [close_file]: install_trophy_context: Closing file fd: 0x1f
[15:34:49.347] |T| [open_file]: install_trophy_context: Opening file ux0:/user/00/trophy/conf/NPWR11726_00/TROP018.PNG (ux0:/user/00/trophy/conf/NPWR11726_00/TROP018.PNG), fd: 0x20
[15:34:49.348] |T| [write_file]: install_trophy_context: Writing to fd: 0x20, size: 97404
[15:34:49.348] |T| [close_file]: install_trophy_context: Closing file fd: 0x20
[15:34:49.348] |T| [open_file]: install_trophy_context: Opening file ux0:/user/00/trophy/conf/NPWR11726_00/TROP019.PNG (ux0:/user/00/trophy/conf/NPWR11726_00/TROP019.PNG), fd: 0x21
[15:34:49.349] |T| [write_file]: install_trophy_context: Writing to fd: 0x21, size: 94775
[15:34:49.349] |T| [close_file]: install_trophy_context: Closing file fd: 0x21
[15:34:49.350] |T| [open_file]: install_trophy_context: Opening file ux0:/user/00/trophy/conf/NPWR11726_00/TROP020.PNG (ux0:/user/00/trophy/conf/NPWR11726_00/TROP020.PNG), fd: 0x22
[15:34:49.351] |T| [write_file]: install_trophy_context: Writing to fd: 0x22, size: 85314
[15:34:49.351] |T| [close_file]: install_trophy_context: Closing file fd: 0x22
[15:34:49.352] |T| [open_file]: save_trophy_progress: Opening file ux0:/user/00/trophy/data/NPWR11726_00/TROPUSR.DAT (ux0:/user/00/trophy/data/NPWR11726_00/TROPUSR.DAT), fd: 0x23
[15:34:49.352] |T| [write_file]: save_trophy_progress_file: Writing to fd: 0x23, size: 4
[15:34:49.353] |T| [write_file]: save_trophy_progress_file: Writing to fd: 0x23, size: 16
[15:34:49.353] |T| [write_file]: save_trophy_progress_file: Writing to fd: 0x23, size: 16
[15:34:49.354] |T| [write_file]: save_trophy_progress_file: Writing to fd: 0x23, size: 4
[15:34:49.354] |T| [write_file]: save_trophy_progress_file: Writing to fd: 0x23, size: 4
[15:34:49.354] |T| [write_file]: save_trophy_progress_file: Writing to fd: 0x23, size: 4
[15:34:49.355] |T| [write_file]: save_trophy_progress_file: Writing to fd: 0x23, size: 64
[15:34:49.355] |T| [write_file]: save_trophy_progress_file: Writing to fd: 0x23, size: 1024
[15:34:49.355] |T| [write_file]: save_trophy_progress_file: Writing to fd: 0x23, size: 512
[15:34:49.356] |T| [close_file]: save_trophy_progress_file: Closing file fd: 0x23
[15:34:49.356] |T| [export_sceNpTrophyCreateContext]: Trophy context for NPWR11726_00 create successfuly!
[15:34:49.358] |W| [unimplemented_impl]: Unimplemented sceAppUtilInit import called.
[15:34:49.360] |W| [unimplemented_impl]: Unimplemented sceScreenShotDisable import called.
[15:34:49.360] |W| [unimplemented_impl]: Unimplemented sceScreenShotSetOverlayImage import called.
[15:34:49.360] |W| [unimplemented_impl]: Unimplemented sceScreenShotEnable import called.
[15:34:49.407] |I| [float_to_half_init]: AVX+F16C instruction set is supported. Using fast f32 to f16 conversion
[15:34:49.411] |I| [renderer::vulkan::PipelineCache::retrieve_shader]: Generating vulkan spv shader aa281e58109ac27c30c1530f5e21a1d09ca421630b4b269c7746825ff21bc25d
[15:34:49.411] |I| [renderer::load_shader_generic]: Generating vert.spv.txt shader aa281e58109ac27c30c1530f5e21a1d09ca421630b4b269c7746825ff21bc25d
[15:34:49.413] |D| [shader::create_parameters]: [BUFFER0  + 0] pa0 = (float4) aPosition
[15:34:49.413] |T| [shader::usse::USSERecompiler::compile_code_node]: Compiling code_0, size = 4
[15:34:49.416] |I| [renderer::vulkan::PipelineCache::retrieve_shader]: Generating vulkan spv shader fb121fec9f0b7604944271e93ab80b5094c434eb703b722b16f6f5b14279d898
[15:34:49.417] |I| [renderer::load_shader_generic]: Generating frag.spv.txt shader fb121fec9f0b7604944271e93ab80b5094c434eb703b722b16f6f5b14279d898
[15:34:49.418] |D| [shader::create_parameters]: [DEFAULT  + 0] sa0 = (half4) color
[15:34:49.418] |T| [shader::usse::USSERecompiler::compile_code_node]: Compiling code_0, size = 2
[15:34:49.471] |C| [renderer::vulkan::PipelineCache::retrieve_shader]: Mask not implemented in the vulkan renderer!
[15:34:49.472] |I| [renderer::vulkan::PipelineCache::retrieve_shader]: Generating vulkan spv shader 0a384bee0480f68b4f4413b1f96f47afdb0fbce67a0752b69eaed1648de0f70c
[15:34:49.473] |I| [renderer::load_shader_generic]: Generating vert.spv.txt shader 0a384bee0480f68b4f4413b1f96f47afdb0fbce67a0752b69eaed1648de0f70c
[15:34:49.474] |D| [shader::create_parameters]: [DEFAULT  + 0] sa0 = (float4) coords
[15:34:49.475] |C| [renderer::vulkan::PipelineCache::retrieve_shader]: Mask not implemented in the vulkan renderer!
[15:34:49.475] |I| [renderer::vulkan::PipelineCache::retrieve_shader]: Generating vulkan spv shader 9f8f4953a7a8e8cd5f99b798477a08396ab9555daf6275056d51c2a90851643a
[15:34:49.476] |I| [renderer::load_shader_generic]: Generating frag.spv.txt shader 9f8f4953a7a8e8cd5f99b798477a08396ab9555daf6275056d51c2a90851643a
[15:34:49.477] |D| [shader::create_parameters]: [DEFAULT  + 0] sa0 = (float1) mask
[15:34:49.486] |I| [renderer::vulkan::PipelineCache::retrieve_shader]: Generating vulkan spv shader 810cb13f21ad3c8b6d3b21db66dd77f04267f292a87dd3d75c40d9d1c1128e16
[15:34:49.487] |I| [renderer::load_shader_generic]: Generating vert.spv.txt shader 810cb13f21ad3c8b6d3b21db66dd77f04267f292a87dd3d75c40d9d1c1128e16
[15:34:49.488] |D| [shader::create_parameters]: [BUFFER0  + 0] pa0 = (float4) aPosition
[15:34:49.488] |D| [shader::create_parameters]: [BUFFER0  + 4] pa4 = (float4) aTexCoord
[15:34:49.489] |D| [shader::create_parameters]: [DEFAULT  + 0] sa0 = (float4) wvp[4]
[15:34:49.489] |D| [shader::create_parameters]: [DEFAULT  + 16] sa16 = (float1) crop[4]
[15:34:49.489] |T| [shader::usse::USSERecompiler::compile_code_node]: Compiling code_0, size = 5
[15:34:49.491] |T| [shader::usse::USSERecompiler::compile_code_node]: Compiling code_0, size = 12
[15:34:49.496] |I| [renderer::vulkan::PipelineCache::retrieve_shader]: Generating vulkan spv shader 6fa9ccb3249f352fde0140f759db51d2bf7c473a318b04bd2bf3b203d153a091
[15:34:49.496] |I| [renderer::load_shader_generic]: Generating frag.spv.txt shader 6fa9ccb3249f352fde0140f759db51d2bf7c473a318b04bd2bf3b203d153a091
[15:34:49.497] |D| [shader::create_parameters]: [DEFAULT  + 8] sa8 = (float1) tme
[15:34:49.499] |D| [shader::create_parameters]: [DEFAULT  + 9] sa9 = (float1) tfunc
[15:34:49.500] |D| [shader::create_parameters]: [DEFAULT  + 0] sa0 = (float4) vColor
[15:34:49.500] |D| [shader::create_parameters]: [DEFAULT  + 4] sa4 = (float1) data[4]
[15:34:49.501] |D| [shader::create_fragment_inputs]: Iterator: pa0 = (float2) v_TexCoord0
[15:34:49.501] |T| [shader::usse::USSERecompiler::compile_code_node]: Compiling code_0, size = 22
[15:34:49.508] |T| [shader::usse::USSERecompiler::compile_code_node]: Compiling code_0, size = 2
[15:34:49.509] |T| [shader::usse::USSERecompiler::compile_code_node]: Compiling code_3, size = 1
[15:34:49.509] |T| [shader::usse::USSERecompiler::compile_code_node]: Compiling code_5, size = 1
[15:34:49.510] |T| [shader::usse::USSERecompiler::compile_code_node]: Compiling code_7, size = 4
[15:34:49.512] |T| [shader::usse::USSERecompiler::compile_code_node]: Compiling code_12, size = 28
[15:34:49.522] |T| [shader::usse::USSERecompiler::compile_code_node]: Compiling code_136, size = 4294967201
[15:34:49.522] |T| [shader::usse::USSERecompiler::compile_code_node]: Compiling code_41, size = 33
[15:34:49.534] |T| [shader::usse::USSERecompiler::compile_code_node]: Compiling code_136, size = 4294967235
[15:34:49.534] |T| [shader::usse::USSERecompiler::compile_code_node]: Compiling code_75, size = 3
[15:34:49.535] |T| [shader::usse::USSERecompiler::compile_code_node]: Compiling code_79, size = 1
[15:34:49.536] |T| [shader::usse::USSERecompiler::compile_code_node]: Compiling code_81, size = 3
[15:34:49.537] |T| [shader::usse::USSERecompiler::compile_code_node]: Compiling code_85, size = 3
[15:34:49.542] |T| [shader::usse::USSERecompiler::compile_code_node]: Compiling code_103, size = 4294967282
[15:34:49.542] |T| [shader::usse::USSERecompiler::compile_code_node]: Compiling code_89, size = 7
[15:34:49.546] |T| [shader::usse::USSERecompiler::compile_code_node]: Compiling code_103, size = 4294967290
[15:34:49.547] |T| [shader::usse::USSERecompiler::compile_code_node]: Compiling code_97, size = 6
[15:34:49.549] |T| [shader::usse::USSERecompiler::compile_code_node]: Compiling code_103, size = 1
[15:34:49.550] |T| [shader::usse::USSERecompiler::compile_code_node]: Compiling code_105, size = 1
[15:34:49.550] |T| [shader::usse::USSERecompiler::compile_code_node]: Compiling code_107, size = 22
[15:34:49.557] |T| [shader::usse::USSERecompiler::compile_code_node]: Compiling code_136, size = 4294967290
[15:34:49.558] |T| [shader::usse::USSERecompiler::compile_code_node]: Compiling code_130, size = 6
[15:34:49.562] |T| [shader::usse::USSERecompiler::compile_code_node]: Compiling code_136, size = 1
[15:34:51.963] |E| [open_file]: Missing file at C:/vita/ux0/user/00/savedata/PCSG01004/SlotParam_32.bin (target path: savedata0:/SlotParam_32.bin)
[15:34:51.964] |W| [io_error_impl]: open_file (sceAppUtilSaveDataSlotGetParam) returned 0x80010002
[15:34:51.964] |E| [logging::ret_error_impl]: sceAppUtilSaveDataSlotGetParam returned SCE_APPUTIL_ERROR_SAVEDATA_SLOT_NOT_FOUND (0x80100641)
[15:34:51.970] |I| [export_sceIoOpen]: Opening file: savedata0:data0032.bin
[15:34:51.970] |E| [open_file]: Missing file at C:/vita/ux0/user/00/savedata/PCSG01004/data0032.bin (target path: savedata0:data0032.bin)
[15:34:51.971] |W| [io_error_impl]: open_file (sceIoOpen) returned 0x80010002
[15:34:52.033] |W| [unimplemented_impl]: Unimplemented sceCommonDialogUpdate import called.
[15:34:52.549] |T| [log_import_call]: [LLE] TID: 7   FUNC: 0x4c847adf sceAvPlayerInit at 0x164b88
[15:34:52.567] |T| [log_import_call]: [LLE] TID: 7   FUNC: 0xbc83c8fd sceAvPlayerAddSource at 0x164bd8
[15:34:52.570] |T| [log_import_call]: [LLE] TID: 7   FUNC: 0x5474af0 sceMp4OpenFile at 0x4cb31a8
[15:34:52.573] |I| [export_sceIoOpen]: Opening file: app0:data/movie/logo_dat.mp4
[15:34:52.580] |T| [open_file]: sceIoOpen: Opening file app0:data/movie/logo_dat.mp4 (ux0:/app/PCSG01004/data/movie/logo_dat.mp4), fd: 0x24
[15:34:52.600] |T| [log_import_call]: [LLE] TID: 74  FUNC: 0x30e49e4d sceMp4StartFileStreaming at 0x4cb31c8
[15:34:52.610] |T| [log_import_call]: [LLE] TID: 7   FUNC: 0x2e4ff35f sceAvPlayerIsActive at 0x164b68
[15:34:52.610] |T| [log_import_call]: [LLE] TID: 7   FUNC: 0x8bc3221b sceAvPlayerGetVideoData at 0x164bb8
[15:34:52.611] |T| [log_import_call]: [LLE] TID: 87  FUNC: 0xa10fc252 sceAvPlayerGetAudioData at 0x164bc8
[15:34:52.625] |T| [log_import_call]: [LLE] TID: 74  FUNC: 0x2cd86fd6 sceAvPlayerStreamCount at 0x164b58
[15:34:52.625] |T| [log_import_call]: [LLE] TID: 74  FUNC: 0xd5b26179 UNRECOGNISED at 0x4cb32c8
[15:34:52.630] |T| [log_import_call]: [LLE] TID: 74  FUNC: 0x34e2d370 sceAvPlayerGetStreamInfo at 0x164b78
[15:34:52.632] |T| [log_import_call]: [LLE] TID: 74  FUNC: 0x70127ab8 sceAvPlayerEnableStream at 0x164b98
[15:34:52.639] |W| [stubbed_impl]: Stubbed sceVideodecQueryMemSize import called. (fake size)
[15:34:52.643] |W| [stubbed_impl]: Stubbed sceCodecEngineAllocMemoryFromUnmapMemBlock import called. (fake vaddr)
[15:34:52.644] |T| [log_import_call]: [LLE] TID: 74  FUNC: 0x609e57ad sceMp4EnableStream at 0x4cb3208
[15:34:52.646] |T| [log_import_call]: [LLE] TID: 74  FUNC: 0x2acb4217 sceAvPlayerStart at 0x164b48
[15:34:52.678] |T| [log_import_call]: [LLE] TID: 136 FUNC: 0x20a01112 sceMp4GetNextUnit at 0x4cb31b8
[15:34:52.688] |T| [log_import_call]: [LLE] TID: 136 FUNC: 0xd092a066 sceMp4GetNextUnitData at 0x4cb32a8
[15:34:52.692] |W| [H264DecoderState::receive]: Error receiving H264 frame: Requires Another Call (AVERROR(EAGAIN)).
[15:34:52.700] |E| [logging::ret_error_impl]: _sceKernelWaitCond returned SCE_KERNEL_ERROR_WAIT_TIMEOUT (0x80028005)
[15:34:52.721] |I| [renderer::vulkan::PipelineCache::retrieve_shader]: Generating vulkan spv shader 0ac1596d96903cf5a6965ceafd89274842be5d21df5b91917a3673cd5a4484d5
[15:34:52.722] |I| [renderer::load_shader_generic]: Generating vert.spv.txt shader 0ac1596d96903cf5a6965ceafd89274842be5d21df5b91917a3673cd5a4484d5
[15:34:52.724] |D| [shader::create_parameters]: [BUFFER0  + 0] pa0 = (float4) aPosition
[15:34:52.724] |D| [shader::create_parameters]: [BUFFER0  + 4] pa4 = (float4) aTexCoord
[15:34:52.724] |D| [shader::create_parameters]: [DEFAULT  + 0] sa0 = (float4) wvp[4]
[15:34:52.725] |T| [shader::usse::USSERecompiler::compile_code_node]: Compiling code_0, size = 9
[15:34:52.729] |I| [renderer::vulkan::PipelineCache::retrieve_shader]: Generating vulkan spv shader 7b5eb16c8907becf3a773f281668c4e02b84d8848cce41ec297c2560991072c5
[15:34:52.730] |I| [renderer::load_shader_generic]: Generating frag.spv.txt shader 7b5eb16c8907becf3a773f281668c4e02b84d8848cce41ec297c2560991072c5
[15:34:52.731] |T| [shader::create_fragment_inputs]: pa0 = tex2D<half4>(tex, TEXCOORD0.xy)
[15:34:52.731] |T| [shader::usse::USSERecompiler::compile_code_node]: Compiling code_0, size = 1
[15:34:52.747] |C| [renderer::vulkan::PipelineCache::retrieve_shader]: Mask not implemented in the vulkan renderer!
[15:34:52.748] |C| [renderer::vulkan::PipelineCache::retrieve_shader]: Mask not implemented in the vulkan renderer!
[15:34:57.833] |T| [log_import_call]: [LLE] TID: 7   FUNC: 0x7aa29b2d sceAvPlayerClose at 0x164ba8
[15:34:57.834] |T| [log_import_call]: [LLE] TID: 7   FUNC: 0x15365ece sceAvPlayerDisableStream at 0x164b38
[15:34:57.840] |T| [log_import_call]: [LLE] TID: 7   FUNC: 0xc05dff01 UNRECOGNISED at 0x4cb3288
[15:34:57.840] |T| [log_import_call]: [LLE] TID: 7   FUNC: 0x40351e1a sceMp4Reset at 0x4cb31e8
[15:34:57.843] |W| [stubbed_impl]: Stubbed sceCodecEngineFreeMemoryFromUnmapMemBlock import called. (always return success)
[15:34:57.846] |T| [log_import_call]: [LLE] TID: 7   FUNC: 0x920623c8 sceMp4CloseFile at 0x4cb3238
[15:34:57.848] |T| [close_file]: sceIoClose: Closing file fd: 0x24
[15:34:57.853] |T| [log_import_call]: [LLE] TID: 7   FUNC: 0x7b4832fe sceMp4ReleaseBuffer at 0x4cb3228
[15:35:04.670] |I| [ngs::PlayerModule::process]: The currently running game requests playback rate scaling when decoding audio. Audio might crackle.
[15:35:14.355] |I| [renderer::vulkan::PipelineCache::retrieve_shader]: Generating vulkan spv shader 23e7463d5b9b81235914c77f1ac2aca1844c6aaf7d79284888dbc8d58bcf980f
[15:35:14.355] |I| [renderer::load_shader_generic]: Generating vert.spv.txt shader 23e7463d5b9b81235914c77f1ac2aca1844c6aaf7d79284888dbc8d58bcf980f
[15:35:14.357] |D| [shader::create_parameters]: [BUFFER0  + 0] pa0 = (float4) aPosition
[15:35:14.357] |D| [shader::create_parameters]: [BUFFER0  + 4] pa4 = (float4) aTexCoord
[15:35:14.357] |D| [shader::create_parameters]: [DEFAULT  + 0] sa0 = (float4) wvp[4]
[15:35:14.357] |D| [shader::create_parameters]: [DEFAULT  + 16] sa16 = (float2) size
[15:35:14.358] |D| [shader::create_parameters]: [DEFAULT  + 18] sa18 = (float1) edge
[15:35:14.358] |T| [shader::usse::USSERecompiler::compile_code_node]: Compiling code_0, size = 5
[15:35:14.360] |T| [shader::usse::USSERecompiler::compile_code_node]: Compiling code_0, size = 3
[15:35:14.361] |T| [shader::usse::USSERecompiler::compile_code_node]: Compiling code_4, size = 1
[15:35:14.362] |T| [shader::usse::USSERecompiler::compile_code_node]: Compiling code_5, size = 8
[15:35:14.366] |I| [renderer::vulkan::PipelineCache::retrieve_shader]: Generating vulkan spv shader ea99c136e2ebe3439ca6ebd827e941b2e630701a9bc9c1ea09b2aba750b8ab16
[15:35:14.366] |I| [renderer::load_shader_generic]: Generating frag.spv.txt shader ea99c136e2ebe3439ca6ebd827e941b2e630701a9bc9c1ea09b2aba750b8ab16
[15:35:14.367] |D| [shader::create_parameters]: [DEFAULT  + 0] sa0 = (float4) rgba
[15:35:14.368] |D| [shader::create_parameters]: [DEFAULT  + 4] sa4 = (float2) size
[15:35:14.368] |D| [shader::create_parameters]: [DEFAULT  + 6] sa6 = (float4) edge
[15:35:14.368] |D| [shader::create_parameters]: [DEFAULT  + 10] sa10 = (float1) rev
[15:35:14.369] |D| [shader::create_fragment_inputs]: Iterator: pa0 = (float2) v_TexCoord0
[15:35:14.369] |I| [shader::make_frag_finalize_function]: Non zero pa offset: 2 at ea99c136e2ebe3439ca6ebd827e941b2e630701a9bc9c1ea09b2aba750b8ab16
[15:35:14.370] |T| [shader::usse::USSERecompiler::compile_code_node]: Compiling code_0, size = 28
[15:35:14.379] |T| [shader::usse::USSERecompiler::compile_code_node]: Compiling code_0, size = 2
[15:35:14.381] |T| [shader::usse::USSERecompiler::compile_code_node]: Compiling code_3, size = 6
[15:35:14.383] |T| [shader::usse::USSERecompiler::compile_code_node]: Compiling code_9, size = 1
[15:35:14.384] |T| [shader::usse::USSERecompiler::compile_code_node]: Compiling code_10, size = 1
[15:35:14.384] |T| [shader::usse::USSERecompiler::compile_code_node]: Compiling code_11, size = 1
[15:35:14.385] |T| [shader::usse::USSERecompiler::compile_code_node]: Compiling code_13, size = 2
[15:35:14.386] |T| [shader::usse::USSERecompiler::compile_code_node]: Compiling code_16, size = 5
[15:35:14.388] |T| [shader::usse::USSERecompiler::compile_code_node]: Compiling code_21, size = 1
[15:35:14.389] |T| [shader::usse::USSERecompiler::compile_code_node]: Compiling code_23, size = 2
[15:35:14.390] |T| [shader::usse::USSERecompiler::compile_code_node]: Compiling code_26, size = 2
[15:35:14.391] |T| [shader::usse::USSERecompiler::compile_code_node]: Compiling code_28, size = 1
[15:35:14.391] |T| [shader::usse::USSERecompiler::compile_code_node]: Compiling code_30, size = 1
[15:35:14.392] |T| [shader::usse::USSERecompiler::compile_code_node]: Compiling code_34, size = 5
[15:35:14.394] |T| [shader::usse::USSERecompiler::compile_code_node]: Compiling code_39, size = 1
[15:35:14.394] |T| [shader::usse::USSERecompiler::compile_code_node]: Compiling code_42, size = 3
[15:35:14.397] |T| [shader::usse::USSERecompiler::compile_code_node]: Compiling code_47, size = 2
[15:35:14.398] |T| [shader::usse::USSERecompiler::compile_code_node]: Compiling code_50, size = 2
[15:35:14.399] |T| [shader::usse::USSERecompiler::compile_code_node]: Compiling code_54, size = 14
[15:35:14.403] |T| [shader::usse::USSERecompiler::compile_code_node]: Compiling code_68, size = 1
[15:35:14.404] |T| [shader::usse::USSERecompiler::compile_code_node]: Compiling code_70, size = 1
[15:35:14.404] |T| [shader::usse::USSERecompiler::compile_code_node]: Compiling code_71, size = 1
[15:35:14.405] |T| [shader::usse::USSERecompiler::compile_code_node]: Compiling code_72, size = 1
[15:35:14.406] |T| [shader::usse::USSERecompiler::compile_code_node]: Compiling code_73, size = 1
[15:35:14.406] |T| [shader::usse::USSERecompiler::compile_code_node]: Compiling code_74, size = 1
[15:35:14.407] |T| [shader::usse::USSERecompiler::compile_code_node]: Compiling code_75, size = 8
[15:35:14.410] |T| [shader::usse::USSERecompiler::compile_code_node]: Compiling code_84, size = 1
[15:35:14.412] |T| [shader::usse::USSERecompiler::compile_code_node]: Compiling code_85, size = 1
[15:35:14.412] |T| [shader::usse::USSERecompiler::compile_code_node]: Compiling code_86, size = 1
[15:35:14.413] |T| [shader::usse::USSERecompiler::compile_code_node]: Compiling code_87, size = 1
[15:35:14.413] |T| [shader::usse::USSERecompiler::compile_code_node]: Compiling code_88, size = 1
[15:35:14.414] |T| [shader::usse::USSERecompiler::compile_code_node]: Compiling code_89, size = 6
[15:35:14.416] |T| [shader::usse::USSERecompiler::compile_code_node]: Compiling code_96, size = 1
[15:35:14.417] |T| [shader::usse::USSERecompiler::compile_code_node]: Compiling code_97, size = 1
[15:35:14.418] |T| [shader::usse::USSERecompiler::compile_code_node]: Compiling code_98, size = 1
[15:35:14.418] |T| [shader::usse::USSERecompiler::compile_code_node]: Compiling code_99, size = 1
[15:35:14.419] |T| [shader::usse::USSERecompiler::compile_code_node]: Compiling code_100, size = 1
[15:35:14.419] |T| [shader::usse::USSERecompiler::compile_code_node]: Compiling code_101, size = 6
[15:35:14.422] |T| [shader::usse::USSERecompiler::compile_code_node]: Compiling code_108, size = 1
[15:35:14.422] |T| [shader::usse::USSERecompiler::compile_code_node]: Compiling code_109, size = 1
[15:35:14.423] |T| [shader::usse::USSERecompiler::compile_code_node]: Compiling code_110, size = 1
[15:35:14.423] |T| [shader::usse::USSERecompiler::compile_code_node]: Compiling code_111, size = 1
[15:35:14.424] |T| [shader::usse::USSERecompiler::compile_code_node]: Compiling code_112, size = 1
[15:35:14.425] |T| [shader::usse::USSERecompiler::compile_code_node]: Compiling code_113, size = 7
[15:35:14.429] |T| [shader::usse::USSERecompiler::compile_code_node]: Compiling code_121, size = 1
[15:35:14.429] |T| [shader::usse::USSERecompiler::compile_code_node]: Compiling code_122, size = 1
[15:35:14.430] |T| [shader::usse::USSERecompiler::compile_code_node]: Compiling code_123, size = 1
[15:35:14.431] |T| [shader::usse::USSERecompiler::compile_code_node]: Compiling code_124, size = 1
[15:35:14.431] |T| [shader::usse::USSERecompiler::compile_code_node]: Compiling code_125, size = 1
[15:35:14.432] |T| [shader::usse::USSERecompiler::compile_code_node]: Compiling code_126, size = 6
[15:35:14.434] |T| [shader::usse::USSERecompiler::compile_code_node]: Compiling code_133, size = 1
[15:35:14.435] |T| [shader::usse::USSERecompiler::compile_code_node]: Compiling code_134, size = 1
[15:35:14.436] |T| [shader::usse::USSERecompiler::compile_code_node]: Compiling code_135, size = 1
[15:35:14.436] |T| [shader::usse::USSERecompiler::compile_code_node]: Compiling code_136, size = 1
[15:35:14.437] |T| [shader::usse::USSERecompiler::compile_code_node]: Compiling code_137, size = 1
[15:35:14.438] |T| [shader::usse::USSERecompiler::compile_code_node]: Compiling code_138, size = 7
[15:35:14.440] |T| [shader::usse::USSERecompiler::compile_code_node]: Compiling code_146, size = 1
[15:35:14.441] |T| [shader::usse::USSERecompiler::compile_code_node]: Compiling code_147, size = 1
[15:35:14.442] |T| [shader::usse::USSERecompiler::compile_code_node]: Compiling code_148, size = 1
[15:35:14.443] |T| [shader::usse::USSERecompiler::compile_code_node]: Compiling code_149, size = 1
[15:35:14.444] |T| [shader::usse::USSERecompiler::compile_code_node]: Compiling code_150, size = 1
[15:35:14.444] |T| [shader::usse::USSERecompiler::compile_code_node]: Compiling code_151, size = 7
[15:35:14.447] |T| [shader::usse::USSERecompiler::compile_code_node]: Compiling code_159, size = 1
[15:35:14.447] |T| [shader::usse::USSERecompiler::compile_code_node]: Compiling code_160, size = 1
[15:35:14.448] |T| [shader::usse::USSERecompiler::compile_code_node]: Compiling code_161, size = 1
[15:35:14.449] |T| [shader::usse::USSERecompiler::compile_code_node]: Compiling code_162, size = 1
[15:35:14.449] |T| [shader::usse::USSERecompiler::compile_code_node]: Compiling code_163, size = 1
[15:35:14.450] |T| [shader::usse::USSERecompiler::compile_code_node]: Compiling code_164, size = 5
[15:35:14.452] |T| [shader::usse::USSERecompiler::compile_code_node]: Compiling code_183, size = 4294967283
[15:35:14.452] |T| [shader::usse::USSERecompiler::compile_code_node]: Compiling code_170, size = 5
[15:35:14.454] |T| [shader::usse::USSERecompiler::compile_code_node]: Compiling code_175, size = 1
[15:35:14.454] |T| [shader::usse::USSERecompiler::compile_code_node]: Compiling code_178, size = 4
[15:35:16.458] |I| [renderer::vulkan::PipelineCache::retrieve_shader]: Generating vulkan spv shader f7a020b266041494f36113651c3cab64ce51ac00859e4d258537630959b96790
[15:35:16.459] |I| [renderer::load_shader_generic]: Generating vert.spv.txt shader f7a020b266041494f36113651c3cab64ce51ac00859e4d258537630959b96790
[15:35:16.461] |D| [shader::create_parameters]: [BUFFER0  + 0] pa0 = (float4) aPosition
[15:35:16.461] |D| [shader::create_parameters]: [BUFFER0  + 4] pa4 = (float4) aTexCoord
[15:35:16.461] |D| [shader::create_parameters]: [DEFAULT  + 0] sa0 = (float4) wvp[4]
[15:35:16.461] |D| [shader::create_parameters]: [DEFAULT  + 16] sa16 = (float1) crop[4]
[15:35:16.462] |T| [shader::usse::USSERecompiler::compile_code_node]: Compiling code_0, size = 5
[15:35:16.463] |T| [shader::usse::USSERecompiler::compile_code_node]: Compiling code_0, size = 12
[15:35:16.469] |I| [renderer::vulkan::PipelineCache::retrieve_shader]: Generating vulkan spv shader 064f14bec0fde1f1265d104681b7ca40c3e999207b31128c7b399489b2b25c11
[15:35:16.469] |I| [renderer::load_shader_generic]: Generating frag.spv.txt shader 064f14bec0fde1f1265d104681b7ca40c3e999207b31128c7b399489b2b25c11
[15:35:16.470] |D| [shader::create_parameters]: [DEFAULT  + 7] sa7 = (float1) tme
[15:35:16.470] |D| [shader::create_parameters]: [DEFAULT  + 8] sa8 = (float1) tfunc
[15:35:16.471] |D| [shader::create_parameters]: [DEFAULT  + 0] sa0 = (float4) vColor
[15:35:16.471] |D| [shader::create_parameters]: [DEFAULT  + 4] sa4 = (float3) data
[15:35:16.472] |D| [shader::create_fragment_inputs]: Iterator: pa0 = (float2) v_TexCoord0
[15:35:16.474] |T| [shader::create_fragment_inputs]: pa2 = tex2D<float4>(testTex, TEXCOORD0.xy)
[15:35:16.474] |T| [shader::usse::USSERecompiler::compile_code_node]: Compiling code_0, size = 15
[15:35:16.479] |T| [shader::usse::USSERecompiler::compile_code_node]: Compiling code_0, size = 2
[15:35:16.480] |T| [shader::usse::USSERecompiler::compile_code_node]: Compiling code_3, size = 1
[15:35:16.480] |T| [shader::usse::USSERecompiler::compile_code_node]: Compiling code_5, size = 1
[15:35:16.481] |T| [shader::usse::USSERecompiler::compile_code_node]: Compiling code_7, size = 1
[15:35:16.481] |T| [shader::usse::USSERecompiler::compile_code_node]: Compiling code_9, size = 1
[15:35:16.482] |T| [shader::usse::USSERecompiler::compile_code_node]: Compiling code_11, size = 1
[15:35:16.483] |T| [shader::usse::USSERecompiler::compile_code_node]: Compiling code_13, size = 1
[15:35:16.483] |T| [shader::usse::USSERecompiler::compile_code_node]: Compiling code_15, size = 2
[15:35:16.484] |T| [shader::usse::USSERecompiler::compile_code_node]: Compiling code_18, size = 13
[15:35:16.491] |T| [shader::usse::USSERecompiler::compile_code_node]: Compiling code_72, size = 4294967256
[15:35:16.491] |T| [shader::usse::USSERecompiler::compile_code_node]: Compiling code_32, size = 41
[15:35:16.494] |E| [shader::usse::USSETranslatorVisitor::br]: Branch instruction should not be recompiled here!
[15:35:16.495] |E| [shader::usse::USSETranslatorVisitor::br]: Branch instruction should not be recompiled here!
[15:35:16.498] |E| [shader::usse::USSETranslatorVisitor::br]: Branch instruction should not be recompiled here!
[15:35:16.506] |T| [shader::usse::USSERecompiler::compile_code_node]: Compiling code_74, size = 1
[15:35:16.506] |T| [shader::usse::USSERecompiler::compile_code_node]: Compiling code_76, size = 2
[15:35:16.507] |T| [shader::usse::USSERecompiler::compile_code_node]: Compiling code_85, size = 4294967290
[15:35:16.508] |T| [shader::usse::USSERecompiler::compile_code_node]: Compiling code_79, size = 6
[15:35:16.510] |T| [shader::usse::USSERecompiler::compile_code_node]: Compiling code_85, size = 1
[15:35:16.510] |T| [shader::usse::USSERecompiler::compile_code_node]: Compiling code_147, size = 4294967189
[15:35:16.511] |T| [shader::usse::USSERecompiler::compile_code_node]: Compiling code_40, size = 3
[15:35:16.512] |T| [shader::usse::USSERecompiler::compile_code_node]: Compiling code_44, size = 7
[15:35:16.514] |T| [shader::usse::USSERecompiler::compile_code_node]: Compiling code_51, size = 4
[15:35:16.516] |T| [shader::usse::USSERecompiler::compile_code_node]: Compiling code_56, size = 9
[15:35:16.520] |T| [shader::usse::USSERecompiler::compile_code_node]: Compiling code_65, size = 3
[15:35:16.522] |T| [shader::usse::USSERecompiler::compile_code_node]: Compiling code_68, size = 1
[15:35:16.523] |T| [shader::usse::USSERecompiler::compile_code_node]: Compiling code_69, size = 3
[15:35:16.524] |T| [shader::usse::USSERecompiler::compile_code_node]: Compiling code_72, size = 1
[15:35:16.525] |T| [shader::usse::USSERecompiler::compile_code_node]: Compiling code_74, size = 1
[15:35:16.525] |T| [shader::usse::USSERecompiler::compile_code_node]: Compiling code_76, size = 2
[15:35:16.527] |T| [shader::usse::USSERecompiler::compile_code_node]: Compiling code_85, size = 4294967290
[15:35:16.527] |T| [shader::usse::USSERecompiler::compile_code_node]: Compiling code_79, size = 6
[15:35:16.529] |T| [shader::usse::USSERecompiler::compile_code_node]: Compiling code_85, size = 1
[15:35:16.530] |T| [shader::usse::USSERecompiler::compile_code_node]: Compiling code_87, size = 10
[15:35:16.534] |T| [shader::usse::USSERecompiler::compile_code_node]: Compiling code_147, size = 4294967247
[15:35:16.535] |T| [shader::usse::USSERecompiler::compile_code_node]: Compiling code_98, size = 6
[15:35:16.538] |T| [shader::usse::USSERecompiler::compile_code_node]: Compiling code_104, size = 1
[15:35:16.539] |T| [shader::usse::USSERecompiler::compile_code_node]: Compiling code_105, size = 5
[15:35:16.541] |T| [shader::usse::USSERecompiler::compile_code_node]: Compiling code_147, size = 4294967260
[15:35:16.541] |T| [shader::usse::USSERecompiler::compile_code_node]: Compiling code_111, size = 12
[15:35:16.545] |T| [shader::usse::USSERecompiler::compile_code_node]: Compiling code_123, size = 1
[15:35:16.546] |T| [shader::usse::USSERecompiler::compile_code_node]: Compiling code_124, size = 3
[15:35:16.548] |T| [shader::usse::USSERecompiler::compile_code_node]: Compiling code_147, size = 4294967277
[15:35:16.548] |T| [shader::usse::USSERecompiler::compile_code_node]: Compiling code_128, size = 4
[15:35:16.555] |T| [shader::usse::USSERecompiler::compile_code_node]: Compiling code_133, size = 3
[15:35:16.556] |T| [shader::usse::USSERecompiler::compile_code_node]: Compiling code_137, size = 1
[15:35:16.557] |T| [shader::usse::USSERecompiler::compile_code_node]: Compiling code_138, size = 9
[15:35:46.014] |I| [renderer::vulkan::PipelineCache::save_pipeline_cache]: Saving pipeline cache...
[15:35:46.015] |I| [renderer::vulkan::PipelineCache::save_pipeline_cache]: Pipeline cache saved
[15:36:45.245] |W| [stubbed_impl]: Stubbed sceNpTrophyCreateHandle import called. (Stubbed handle with 1)
[15:36:45.260] |T| [open_file]: save_trophy_progress: Opening file ux0:/user/00/trophy/data/NPWR11726_00/TROPUSR.DAT (ux0:/user/00/trophy/data/NPWR11726_00/TROPUSR.DAT), fd: 0x25
[15:36:45.261] |T| [write_file]: save_trophy_progress_file: Writing to fd: 0x25, size: 4
[15:36:45.261] |T| [write_file]: save_trophy_progress_file: Writing to fd: 0x25, size: 16
[15:36:45.262] |T| [write_file]: save_trophy_progress_file: Writing to fd: 0x25, size: 16
[15:36:45.262] |T| [write_file]: save_trophy_progress_file: Writing to fd: 0x25, size: 4
[15:36:45.262] |T| [write_file]: save_trophy_progress_file: Writing to fd: 0x25, size: 4
[15:36:45.263] |T| [write_file]: save_trophy_progress_file: Writing to fd: 0x25, size: 4
[15:36:45.263] |T| [write_file]: save_trophy_progress_file: Writing to fd: 0x25, size: 64
[15:36:45.263] |T| [write_file]: save_trophy_progress_file: Writing to fd: 0x25, size: 1024
[15:36:45.264] |T| [write_file]: save_trophy_progress_file: Writing to fd: 0x25, size: 512
[15:36:45.264] |T| [close_file]: save_trophy_progress_file: Closing file fd: 0x25
[15:36:45.265] |I| [do_trophy_callback]: Trophy unlocked, name: 中嶋と遭遇, detail: 「中嶋」と出会った, id = 5
[15:36:45.278] |W| [stubbed_impl]: Stubbed sceNpTrophyDestroyHandle import called. (Stubbed with SCE_OK)
[15:37:53.843] |T| [open_file]: save_trophy_progress: Opening file ux0:/user/00/trophy/data/NPWR11726_00/TROPUSR.DAT (ux0:/user/00/trophy/data/NPWR11726_00/TROPUSR.DAT), fd: 0x26
[15:37:53.844] |T| [write_file]: save_trophy_progress_file: Writing to fd: 0x26, size: 4
[15:37:53.844] |T| [write_file]: save_trophy_progress_file: Writing to fd: 0x26, size: 16
[15:37:53.845] |T| [write_file]: save_trophy_progress_file: Writing to fd: 0x26, size: 16
[15:37:53.845] |T| [write_file]: save_trophy_progress_file: Writing to fd: 0x26, size: 4
[15:37:53.846] |T| [write_file]: save_trophy_progress_file: Writing to fd: 0x26, size: 4
[15:37:53.846] |T| [write_file]: save_trophy_progress_file: Writing to fd: 0x26, size: 4
[15:37:53.846] |T| [write_file]: save_trophy_progress_file: Writing to fd: 0x26, size: 64
[15:37:53.847] |T| [write_file]: save_trophy_progress_file: Writing to fd: 0x26, size: 1024
[15:37:53.847] |T| [write_file]: save_trophy_progress_file: Writing to fd: 0x26, size: 512
[15:37:53.847] |T| [close_file]: save_trophy_progress_file: Closing file fd: 0x26
[15:37:53.848] |I| [do_trophy_callback]: Trophy unlocked, name: イサミと遭遇, detail: 「榊原イサミ」と出会った, id = 2
[15:38:43.557] |I| [renderer::vulkan::PipelineCache::save_pipeline_cache]: Saving pipeline cache...
[15:38:43.557] |I| [renderer::vulkan::PipelineCache::save_pipeline_cache]: Pipeline cache saved
[15:38:43.558] |E| [discordrpc::update_presence::<lambda_1>::operator ()]: Error updating Discord Rich Presence, err_code: 43
[15:38:43.649] |C| [logging::exception_handler]: Exception EXCEPTION_ACCESS_VIOLATION (0xc0000005). 
[15:38:43.649] |C| [logging::exception_handler]: Read violation at address 0x4049fd7ec.
[15:38:43.650] |E| [ArmDynarmicCallback::MemoryRead]: Invalid read of uint32_t at address: 0x49fd7ec
PC: 0x00138a82,   SP: 0x050a4fe8,   LR: 0x00000000
r0 : 0x00000000   r6 : 0x0000bfc0
r1 : 0x0deadbee   r7 : 0x00000000
r2 : 0x0deadbee   r8 : 0x049fd4e4
r3 : 0x08000000   r9 : 0x00000000
r4 : 0x049d36ec   r10: 0x00000000
r5 : 0x00150a40   r11: 0x00000000
r12: 0x00000000
Thumb: true

[15:38:43.651] |C| [logging::exception_handler]: Exception EXCEPTION_ACCESS_VIOLATION (0xc0000005). 
[15:38:43.651] |C| [logging::exception_handler]: Read violation at address 0x400138a83.
