[13:53:42.751] |I| [config::init_config]: backend-renderer: Vulkan
[13:53:42.752] |I| [config::init_config]: log-level: 1
[13:53:43.013] |I| [SDL_main]: Vita3K v0.1.9 3339-da428857
[13:53:43.013] |I| [SDL_main]: Number of logical CPU cores: 24
[13:53:43.014] |I| [SDL_main]: Available ram memory: 16304 MiB
[13:53:43.092] |I| [renderer::vulkan::VKState::create]: Enabling vulkan validation layers (has a performance impact but allows better error messages)
[13:53:43.149] |I| [renderer::vulkan::VKState::create]: Vulkan device: NVIDIA GeForce RTX 2070 SUPER
[13:53:43.149] |I| [renderer::vulkan::VKState::create]: Driver version: 536.99.0.0
[13:53:43.150] |I| [renderer::vulkan::VKState::create]: Memory mapping is enabled
[13:53:43.150] |I| [renderer::vulkan::VKState::create]: Using shader interlock for accurate framebuffer fetch emulation
[13:53:43.557] |I| [renderer::vulkan::ScreenRenderer::setup]: Present mode: Mailbox
[13:53:43.813] |W| [compat::load_compat_app_db]: App with Title ID PCSG00213 has an issue but no status label. Please check GitHub issue 2335 and request a status label be added.
[13:53:43.813] |W| [compat::load_compat_app_db]: App with Title ID PCSE00508 has an issue but no status label. Please check GitHub issue 2333 and request a status label be added.
[13:53:43.814] |I| [gui::load_app_icon]: Default icon found for App VSDK00010, [Motion example] in path VSDK00010.
[13:53:44.010] |I| [compat::update_compat_app_db]: Applications compatibility database is outdated, attempting to download latest updated at: 08-29-2023 11:44:26
[13:53:44.134] |I| [gui::load_app_icon]: Default icon found for App INITIALSTP, [INITIALSTP] in path INITIALSTP.
[13:53:44.193] |I| [gui::load_app_icon]: Default icon found for App GDOT00002, [GDOT00002] in path GDOT00002.
[13:53:44.195] |I| [gui::load_app_icon]: Default icon found for App GXMFUN001, [GXMFUN001] in path GXMFUN001.
[13:53:44.197] |I| [gui::load_app_icon]: Default icon found for App IME000001, [IME000001] in path IME000001.
[13:53:44.198] |I| [gui::load_app_icon]: Default icon found for App IPAV00001, [IPAV00001] in path IPAV00001.
[13:53:44.407] |I| [gui::load_app_icon]: Default icon found for App VITACUBE, [VITACUBE] in path VITACUBE.
[13:53:44.408] |I| [gui::load_app_icon]: Default icon found for App VITATESTR, [VitaTester] in path VITATESTR.
[13:55:58.321] |I| [load_app_impl]: cpu-backend: Dynarmic
[13:55:58.321] |I| [load_app_impl]: CPU Optimisation state: true
[13:55:58.322] |I| [load_app_impl]: ngs state: true
[13:55:58.322] |I| [load_app_impl]: Resolution multiplier: 1
[13:55:58.322] |I| [load_app_impl]: modules mode: Automatic
[13:55:58.322] |I| [load_app_impl]: Title: Mary Skelter: Nightmares
[13:55:58.322] |I| [load_app_impl]: Serial: PCSB01059
[13:55:58.322] |I| [load_app_impl]: Version: 1.00
[13:55:58.322] |I| [load_app_impl]: Category: gd
[13:55:58.324] |I| [load_module]: Loading module "app0:eboot.bin"
[13:55:58.437] |I| [load_self]: app0:eboot.bin: Skipping special segment 0x6fffff01...
[13:55:58.437] |I| [load_self]: Loaded module segment 0 @ [0x00005000 - 0x00367BA8 / 0x81000000] (size: 0x00362BA8) of module app0:eboot.bin
[13:55:58.437] |I| [load_self]: Loaded module segment 1 @ [0x00368000 - 0x02415BF8 / 0x81363000] (size: 0x020ADBF8) of module app0:eboot.bin
[13:55:58.437] |I| [load_self]: Linking SELF app0:eboot.bin...
[13:55:58.437] |D| [load_var_exports]: 	NID 0x6c2224ba (NID_MODULE_INFO) at 0x2de7c0
[13:55:58.437] |D| [load_var_exports]: 	NID 0x70fba1e7 (SCE_PROC_PARAMS) at 0x373b10
[13:55:58.438] |D| [load_var_exports]: 	NID 0x936c8a78 (SYSLYB) at 0x322720
[13:55:58.438] |W| [load_var_imports]: 	NID NOT FOUND 0x36878958 (UNRECOGNISED) at 0x2ebeb8, setting to stub value 0xdeadbeef
[13:55:58.438] |W| [load_var_imports]: 	NID NOT FOUND 0xddf9bb09 (UNRECOGNISED) at 0x2ebefc, setting to stub value 0xdeadbeef
[13:55:58.439] |I| [load_module]: Module EBOOT100_EU_MASTER (at "app0:eboot.bin") loaded
[13:55:58.439] |I| [load_app_impl]: Main executable EBOOT100_EU_MASTER (eboot.bin) loaded
[13:55:58.440] |I| [load_module]: Loading module "app0:sce_module/libc.suprx"
[13:55:58.456] |I| [load_self]: app0:sce_module/libc.suprx: Skipping special segment 0x6fffff01...
[13:55:58.456] |I| [load_self]: Loaded module segment 0 @ [0x02418000 - 0x024698A4 / 0x81000000] (size: 0x000518A4) of module app0:sce_module/libc.suprx
[13:55:58.457] |I| [load_self]: Loaded module segment 1 @ [0x0246A000 - 0x0246C8A0 / 0x81052000] (size: 0x000028A0) of module app0:sce_module/libc.suprx
[13:55:58.457] |I| [load_self]: Linking SELF app0:sce_module/libc.suprx...
[13:55:58.457] |D| [load_var_exports]: Found previously not found variable. nid:0x36878958, new_entry_point:0x24613f0
[13:55:58.457] |D| [load_var_exports]: Found previously not found variable. nid:0xddf9bb09, new_entry_point:0x246a5b0
[13:55:58.457] |D| [load_var_exports]: 	NID 0x936c8a78 (SYSLYB) at 0x245f314
[13:55:58.457] |D| [load_var_exports]: 	NID 0x6c2224ba (NID_MODULE_INFO) at 0x24544dc
[13:55:58.457] |I| [load_module]: Module SceLibc (at "app0:sce_module/libc.suprx") loaded
[13:55:58.458] |I| [load_module]: Loading module "app0:sce_module/libfios2.suprx"
[13:55:58.484] |I| [load_self]: app0:sce_module/libfios2.suprx: Skipping special segment 0x6fffff01...
[13:55:58.484] |I| [load_self]: Loaded module segment 0 @ [0x0246D000 - 0x02499CBF / 0x81000000] (size: 0x0002CCBF) of module app0:sce_module/libfios2.suprx
[13:55:58.484] |I| [load_self]: Loaded module segment 1 @ [0x0249A000 - 0x0249F255 / 0x8102D000] (size: 0x00005255) of module app0:sce_module/libfios2.suprx
[13:55:58.484] |I| [load_self]: Linking SELF app0:sce_module/libfios2.suprx...
[13:55:58.485] |D| [load_var_exports]: 	NID 0x936c8a78 (SYSLYB) at 0x2499bc8
[13:55:58.485] |D| [load_var_exports]: 	NID 0x6c2224ba (NID_MODULE_INFO) at 0x2490f08
[13:55:58.485] |I| [load_module]: Module SceLibFios2 (at "app0:sce_module/libfios2.suprx") loaded
[13:55:58.485] |I| [load_module]: Loading module "vs0:sys/external/libSceFt2.suprx"
[13:55:58.520] |I| [load_self]: Loaded module segment 0 @ [0x024A0000 - 0x024F0F04 / 0x81000000] (size: 0x00050F04) of module vs0:sys/external/libSceFt2.suprx
[13:55:58.520] |I| [load_self]: Loaded module segment 1 @ [0x02416000 - 0x024162F4 / 0x81051000] (size: 0x000002F4) of module vs0:sys/external/libSceFt2.suprx
[13:55:58.521] |I| [load_self]: Linking SELF vs0:sys/external/libSceFt2.suprx...
[13:55:58.521] |D| [load_var_exports]: 	NID 0x936c8a78 (SYSLYB) at 0x24dc7dc
[13:55:58.521] |D| [load_var_exports]: 	NID 0x6c2224ba (NID_MODULE_INFO) at 0x24dbf10
[13:55:58.521] |I| [load_module]: Module SceLibft2 (at "vs0:sys/external/libSceFt2.suprx") loaded
[13:55:58.521] |I| [load_module]: Loading module "vs0:sys/external/libpvf.suprx"
[13:55:58.548] |I| [load_self]: Loaded module segment 0 @ [0x024F1000 - 0x02500F14 / 0x81000000] (size: 0x0000FF14) of module vs0:sys/external/libpvf.suprx
[13:55:58.548] |I| [load_self]: Loaded module segment 1 @ [0x02417000 - 0x02417008 / 0x81010000] (size: 0x00000008) of module vs0:sys/external/libpvf.suprx
[13:55:58.548] |I| [load_self]: Linking SELF vs0:sys/external/libpvf.suprx...
[13:55:58.548] |D| [load_var_exports]: 	NID 0x936c8a78 (SYSLYB) at 0x24ff710
[13:55:58.548] |D| [load_var_exports]: 	NID 0x6c2224ba (NID_MODULE_INFO) at 0x24ff300
[13:55:58.548] |I| [load_module]: Module SceLibPvf (at "vs0:sys/external/libpvf.suprx") loaded
[13:55:58.614] |I| [renderer::vulkan::VKState::precompile_shader]: Program Compiled 1/8
[13:55:58.642] |I| [renderer::vulkan::VKState::precompile_shader]: Program Compiled 2/8
[13:55:58.646] |I| [renderer::vulkan::VKState::precompile_shader]: Program Compiled 3/8
[13:55:58.654] |I| [renderer::vulkan::VKState::precompile_shader]: Program Compiled 4/8
[13:55:58.662] |I| [renderer::vulkan::VKState::precompile_shader]: Program Compiled 5/8
[13:55:58.671] |I| [renderer::vulkan::VKState::precompile_shader]: Program Compiled 6/8
[13:55:58.678] |I| [renderer::vulkan::VKState::precompile_shader]: Program Compiled 7/8
[13:55:58.686] |I| [renderer::vulkan::VKState::precompile_shader]: Program Compiled 8/8
[13:55:58.700] |D| [start_module]: Running module_start of library: SceLibc at address 0x2418871
[13:55:58.739] |I| [start_module]: Module SceLibc (at "app0:sce_module/libc.suprx") module_start returned 0x0
[13:55:58.742] |D| [start_module]: Running module_start of library: SceLibFios2 at address 0x246d001
[13:55:58.754] |W| [stubbed_impl]: Stubbed sceKernelGetProcessId import called. (pid: 0)
[13:55:58.755] |I| [start_module]: Module SceLibFios2 (at "app0:sce_module/libfios2.suprx") module_start returned 0x0
[13:55:58.805] |W| [unimplemented_impl]: Unimplemented sceAppUtilInit import called.
[13:55:58.805] |I| [export_sceSysmoduleLoadModule]: Loading module ID: SCE_SYSMODULE_NP
[13:55:58.866] |I| [export_sceSysmoduleLoadModule]: Loading module ID: SCE_SYSMODULE_ULT
[13:55:58.866] |I| [load_module]: Loading module "app0:sce_module/libult.suprx"
[13:55:58.895] |I| [load_self]: app0:sce_module/libult.suprx: Skipping special segment 0x6fffff01...
[13:55:58.895] |I| [load_self]: Loaded module segment 0 @ [0x02543000 - 0x025569BC / 0x81000000] (size: 0x000139BC) of module app0:sce_module/libult.suprx
[13:55:58.895] |I| [load_self]: Loaded module segment 1 @ [0x02557000 - 0x02557814 / 0x81014000] (size: 0x00000814) of module app0:sce_module/libult.suprx
[13:55:58.895] |I| [load_self]: Linking SELF app0:sce_module/libult.suprx...
[13:55:58.895] |D| [load_var_exports]: 	NID 0x936c8a78 (SYSLYB) at 0x25552e8
[13:55:58.895] |D| [load_var_exports]: 	NID 0x6c2224ba (NID_MODULE_INFO) at 0x2552870
[13:55:58.895] |I| [load_module]: Module SceUlt (at "app0:sce_module/libult.suprx") loaded
[13:55:58.895] |D| [start_module]: Running module_start of library: SceUlt at address 0x2546771
[13:55:58.909] |W| [unimplemented_impl]: Unimplemented _sceUlobjMgrRegisterLibultProtocolRevision import called.
[13:55:58.909] |I| [start_module]: Module SceUlt (at "app0:sce_module/libult.suprx") module_start returned 0x0
[13:55:58.930] |W| [stubbed_impl]: Stubbed _sceKernelGetThreadInfo import called. (STUB)
[13:55:58.969] |E| [call_import]: Import function for NID 0xd7f0f610 not found (thread name: PCSB01059, thread ID: 6)
[13:55:58.971] |W| [stubbed_impl]: Stubbed _sceKernelWaitSignal import called. (sceKernelWaitSignal)
[13:55:58.982] |I| [export_sceSysmoduleLoadModule]: Loading module ID: SCE_SYSMODULE_SYSTEM_GESTURE
[13:55:58.982] |I| [load_module]: Loading module "vs0:sys/external/libsystemgesture.suprx"
[13:55:58.987] |I| [load_self]: vs0:sys/external/libsystemgesture.suprx: Skipping special segment 0x6fffff01...
[13:55:58.987] |I| [load_self]: Loaded module segment 0 @ [0x02568000 - 0x0256B08C / 0x81000000] (size: 0x0000308C) of module vs0:sys/external/libsystemgesture.suprx
[13:55:58.987] |I| [load_self]: Loaded module segment 1 @ [0x0256C000 - 0x0256CBF0 / 0x81004000] (size: 0x00000BF0) of module vs0:sys/external/libsystemgesture.suprx
[13:55:58.988] |I| [load_self]: Linking SELF vs0:sys/external/libsystemgesture.suprx...
[13:55:58.988] |D| [load_var_exports]: 	NID 0x936c8a78 (SYSLYB) at 0x256b074
[13:55:58.988] |D| [load_var_exports]: 	NID 0x6c2224ba (NID_MODULE_INFO) at 0x256abd4
[13:55:58.988] |I| [load_module]: Module SceSystemGesture (at "vs0:sys/external/libsystemgesture.suprx") loaded
[13:55:58.988] |D| [start_module]: Running module_start of library: SceSystemGesture at address 0x2568001
[13:55:59.002] |I| [start_module]: Module SceSystemGesture (at "vs0:sys/external/libsystemgesture.suprx") module_start returned 0x0
[13:55:59.006] |W| [stubbed_impl]: Stubbed sceTouchGetPixelDensity2 import called. (Return constant values (22.0))
[13:55:59.007] |W| [unimplemented_impl]: Unimplemented sceMotionStartSampling import called.
[13:55:59.007] |W| [unimplemented_impl]: Unimplemented sceMotionReset import called.
[13:55:59.007] |W| [unimplemented_impl]: Unimplemented sceMotionMagnetometerOn import called.
[13:55:59.114] |W| [stubbed_impl]: Stubbed sceGxmMapFragmentUsseMemory import called. (always return success)
[13:55:59.118] |W| [stubbed_impl]: Stubbed sceGxmGetRenderTargetMemSize import called. (2MiB emuenv mem)
[13:55:59.134] |W| [stubbed_impl]: Stubbed sceGxmMapVertexUsseMemory import called. (always return success)
[13:55:59.147] |W| [unimplemented_impl]: Unimplemented sceGxmSetWClampEnable import called.
[13:55:59.147] |W| [unimplemented_impl]: Unimplemented sceGxmSetWClampValue import called.
[13:55:59.148] |W| [unimplemented_impl]: Unimplemented sceGxmSetWBufferEnable import called.
[13:55:59.148] |I| [export_sceSysmoduleLoadModule]: Loading module ID: SCE_SYSMODULE_SCREEN_SHOT
[13:55:59.148] |W| [unimplemented_impl]: Unimplemented sceScreenShotSetParam import called.
[13:55:59.148] |W| [unimplemented_impl]: Unimplemented sceScreenShotSetOverlayImage import called.
[13:55:59.148] |W| [unimplemented_impl]: Unimplemented sceScreenShotEnable import called.
[13:55:59.153] |E| [logging::ret_error_impl]: sceSysmoduleIsLoaded returned SCE_SYSMODULE_ERROR_UNLOADED (0x805a1001)
[13:55:59.153] |I| [export_sceSysmoduleLoadModule]: Loading module ID: SCE_SYSMODULE_NGS
[13:55:59.154] |W| [unimplemented_impl]: Unimplemented sceSysmoduleUnloadModule import called.
[13:55:59.326] |W| [unimplemented_impl]: Unimplemented sceKernelChangeThreadVfpException import called.
[13:55:59.327] |W| [unimplemented_impl]: Unimplemented sceFiosOverlayThreadSetDisabled02 import called.
[13:55:59.581] |E| [logging::ret_error_impl]: sceAppUtilDrmClose returned SCE_APPUTIL_ERROR_NOT_MOUNTED (0x80100604)
[13:55:59.807] |I| [float_to_half_init]: AVX+F16C instruction set is supported. Using fast f32 to f16 conversion
[13:55:59.807] |I| [export_sceIoOpen]: Opening file: app0:/data/SYSTEM.cpk
[13:55:59.815] |W| [unimplemented_impl]: Unimplemented sceCommonDialogUpdate import called.
[13:55:59.821] |W| [stubbed_impl]: Stubbed sceMotionGetState import called. (Set value to zero)
[13:55:59.878] |I| [export_sceIoOpen]: Opening file: app0:/data/SYSTEM.cpk
[13:55:59.905] |I| [export_sceIoOpen]: Opening file: app0:/data/GAME.cpk
[13:55:59.942] |I| [export_sceIoOpen]: Opening file: app0:/data/GAME.cpk
[13:55:59.985] |I| [export_sceIoOpen]: Opening file: app0:/data/MOVIE.cpk
[13:56:00.012] |I| [export_sceIoOpen]: Opening file: app0:/data/MOVIE.cpk
[13:56:00.055] |I| [export_sceIoOpen]: Opening file: app0:/data/SOUND.cpk
[13:56:00.073] |I| [export_sceIoOpen]: Opening file: app0:/data/SOUND.cpk
[13:56:00.126] |I| [export_sceIoOpen]: Opening file: app0:/data/PATCH.cpk
[13:56:00.126] |E| [open_file]: Missing file at D:/Emulateurs/Vita3K/psvita/ux0/app/PCSB01059/data/PATCH.cpk (target path: app0:/data/PATCH.cpk)
[13:56:00.126] |W| [io_error_impl]: open_file (sceIoOpen) returned 0x80010002
[13:56:00.128] |I| [export_sceIoOpen]: Opening file: app0:/data/PATCH.cpk
[13:56:00.128] |E| [open_file]: Missing file at D:/Emulateurs/Vita3K/psvita/ux0/app/PCSB01059/data/PATCH.cpk (target path: app0:/data/PATCH.cpk)
[13:56:00.128] |W| [io_error_impl]: open_file (sceIoOpen) returned 0x80010002
[13:56:00.141] |I| [export_sceIoOpen]: Opening file: app0:/data/TTM.cpk
[13:56:00.162] |I| [export_sceIoOpen]: Opening file: app0:/data/TTM.cpk
[13:56:00.205] |I| [export_sceIoOpen]: Opening file: app0:/data/MA.cpk
[13:56:00.226] |I| [export_sceIoOpen]: Opening file: app0:/data/MA.cpk
[13:56:00.269] |I| [export_sceIoOpen]: Opening file: app0:/data/SCRIPT.cpk
[13:56:00.298] |I| [export_sceIoOpen]: Opening file: app0:/data/SCRIPT.cpk
[13:56:00.341] |I| [export_sceIoOpen]: Opening file: app0:/data/SCRATCH.cpk
[13:56:00.369] |I| [export_sceIoOpen]: Opening file: app0:/data/SCRATCH.cpk
[13:56:00.621] |W| [stubbed_impl]: Stubbed sceKernelSendSignal import called. (sceKernelSendSignal)
[13:56:01.761] |I| [export_sceSysmoduleLoadModule]: Loading module ID: SCE_SYSMODULE_NP_TROPHY
[13:56:06.926] |W| [unimplemented_impl]: Unimplemented sceAppMgrAcquireBgmPort import called.
[13:56:07.021] |E| [logging::ret_error_impl]: sceNgsVoiceResume returned SCE_NGS_ERROR_INVALID_STATE (0x804a0010)
[13:56:07.059] |I| [ngs::PlayerModule::process]: The currently running game requests playback rate scaling when decoding audio. Audio might crackle.
[13:56:07.059] |W| [ngs::EqualizerModule::process]: Game is using unimplemented equalizer audio module
[13:56:07.060] |W| [ngs::EnvelopeModule::process]: Game is using unimplemented envelope audio module
[13:56:14.173] |W| [unimplemented_impl]: Unimplemented sceAppMgrReleaseBgmPort import called.
[13:56:16.951] |E| [logging::ret_error_impl]: _sceKernelLockLwMutex returned SCE_KERNEL_ERROR_LW_MUTEX_RECURSIVE (0x80028182)
[13:56:20.633] |W| [unimplemented_impl]: Unimplemented sceKernelGetGPI import called.
[13:56:24.732] |I| [export_sceIoOpen]: Opening file: addcont0:/ADDCONTENTDLC000/DLCINFO/DLCinfo000.enc
[13:56:24.819] |I| [export_sceIoOpen]: Opening file: addcont0:/ADDCONTENTDLC004/DLCINFO/DLCinfo004.enc
[13:56:24.886] |I| [export_sceIoOpen]: Opening file: addcont0:/ADDCONTENTDLC005/DLCINFO/DLCinfo005.enc
[13:56:25.237] |E| [stat_file]: Missing file at D:/Emulateurs/Vita3K/psvita/ux0/user/00/savedata/PCSB01059/SaveData_0001.sav (target path: savedata0:SaveData_0001.sav)
[13:56:25.238] |W| [io_error_impl]: stat_file (_sceIoGetstat) returned 0x80010002
[13:56:25.269] |E| [stat_file]: Missing file at D:/Emulateurs/Vita3K/psvita/ux0/user/00/savedata/PCSB01059/SaveData_0002.sav (target path: savedata0:SaveData_0002.sav)
[13:56:25.269] |W| [io_error_impl]: stat_file (_sceIoGetstat) returned 0x80010002
[13:56:25.287] |E| [stat_file]: Missing file at D:/Emulateurs/Vita3K/psvita/ux0/user/00/savedata/PCSB01059/SaveData_0003.sav (target path: savedata0:SaveData_0003.sav)
[13:56:25.287] |W| [io_error_impl]: stat_file (_sceIoGetstat) returned 0x80010002
[13:56:25.320] |E| [stat_file]: Missing file at D:/Emulateurs/Vita3K/psvita/ux0/user/00/savedata/PCSB01059/SaveData_0004.sav (target path: savedata0:SaveData_0004.sav)
[13:56:25.320] |W| [io_error_impl]: stat_file (_sceIoGetstat) returned 0x80010002
[13:56:25.351] |E| [stat_file]: Missing file at D:/Emulateurs/Vita3K/psvita/ux0/user/00/savedata/PCSB01059/SaveData_0005.sav (target path: savedata0:SaveData_0005.sav)
[13:56:25.352] |W| [io_error_impl]: stat_file (_sceIoGetstat) returned 0x80010002
[13:56:25.385] |E| [stat_file]: Missing file at D:/Emulateurs/Vita3K/psvita/ux0/user/00/savedata/PCSB01059/SaveData_0006.sav (target path: savedata0:SaveData_0006.sav)
[13:56:25.385] |W| [io_error_impl]: stat_file (_sceIoGetstat) returned 0x80010002
[13:56:25.404] |E| [stat_file]: Missing file at D:/Emulateurs/Vita3K/psvita/ux0/user/00/savedata/PCSB01059/SaveData_0007.sav (target path: savedata0:SaveData_0007.sav)
[13:56:25.404] |W| [io_error_impl]: stat_file (_sceIoGetstat) returned 0x80010002
[13:56:25.437] |E| [stat_file]: Missing file at D:/Emulateurs/Vita3K/psvita/ux0/user/00/savedata/PCSB01059/SaveData_0008.sav (target path: savedata0:SaveData_0008.sav)
[13:56:25.437] |W| [io_error_impl]: stat_file (_sceIoGetstat) returned 0x80010002
[13:56:25.468] |E| [stat_file]: Missing file at D:/Emulateurs/Vita3K/psvita/ux0/user/00/savedata/PCSB01059/SaveData_0009.sav (target path: savedata0:SaveData_0009.sav)
[13:56:25.468] |W| [io_error_impl]: stat_file (_sceIoGetstat) returned 0x80010002
[13:56:25.487] |E| [stat_file]: Missing file at D:/Emulateurs/Vita3K/psvita/ux0/user/00/savedata/PCSB01059/SaveData_0010.sav (target path: savedata0:SaveData_0010.sav)
[13:56:25.487] |W| [io_error_impl]: stat_file (_sceIoGetstat) returned 0x80010002
[13:56:25.520] |E| [stat_file]: Missing file at D:/Emulateurs/Vita3K/psvita/ux0/user/00/savedata/PCSB01059/SaveData_0011.sav (target path: savedata0:SaveData_0011.sav)
[13:56:25.520] |W| [io_error_impl]: stat_file (_sceIoGetstat) returned 0x80010002
[13:56:25.553] |E| [stat_file]: Missing file at D:/Emulateurs/Vita3K/psvita/ux0/user/00/savedata/PCSB01059/SaveData_0012.sav (target path: savedata0:SaveData_0012.sav)
[13:56:25.553] |W| [io_error_impl]: stat_file (_sceIoGetstat) returned 0x80010002
[13:56:25.586] |E| [stat_file]: Missing file at D:/Emulateurs/Vita3K/psvita/ux0/user/00/savedata/PCSB01059/SaveData_0013.sav (target path: savedata0:SaveData_0013.sav)
[13:56:25.586] |W| [io_error_impl]: stat_file (_sceIoGetstat) returned 0x80010002
[13:56:25.619] |E| [stat_file]: Missing file at D:/Emulateurs/Vita3K/psvita/ux0/user/00/savedata/PCSB01059/SaveData_0014.sav (target path: savedata0:SaveData_0014.sav)
[13:56:25.619] |W| [io_error_impl]: stat_file (_sceIoGetstat) returned 0x80010002
[13:56:25.637] |E| [stat_file]: Missing file at D:/Emulateurs/Vita3K/psvita/ux0/user/00/savedata/PCSB01059/SaveData_0015.sav (target path: savedata0:SaveData_0015.sav)
[13:56:25.637] |W| [io_error_impl]: stat_file (_sceIoGetstat) returned 0x80010002
[13:56:25.670] |E| [stat_file]: Missing file at D:/Emulateurs/Vita3K/psvita/ux0/user/00/savedata/PCSB01059/SaveData_0016.sav (target path: savedata0:SaveData_0016.sav)
[13:56:25.670] |W| [io_error_impl]: stat_file (_sceIoGetstat) returned 0x80010002
[13:56:25.703] |E| [stat_file]: Missing file at D:/Emulateurs/Vita3K/psvita/ux0/user/00/savedata/PCSB01059/SaveData_0017.sav (target path: savedata0:SaveData_0017.sav)
[13:56:25.703] |W| [io_error_impl]: stat_file (_sceIoGetstat) returned 0x80010002
[13:56:25.738] |E| [stat_file]: Missing file at D:/Emulateurs/Vita3K/psvita/ux0/user/00/savedata/PCSB01059/SaveData_0018.sav (target path: savedata0:SaveData_0018.sav)
[13:56:25.738] |W| [io_error_impl]: stat_file (_sceIoGetstat) returned 0x80010002
[13:56:25.770] |E| [stat_file]: Missing file at D:/Emulateurs/Vita3K/psvita/ux0/user/00/savedata/PCSB01059/SaveData_0019.sav (target path: savedata0:SaveData_0019.sav)
[13:56:25.770] |W| [io_error_impl]: stat_file (_sceIoGetstat) returned 0x80010002
[13:56:25.803] |E| [stat_file]: Missing file at D:/Emulateurs/Vita3K/psvita/ux0/user/00/savedata/PCSB01059/SaveData_0020.sav (target path: savedata0:SaveData_0020.sav)
[13:56:25.804] |W| [io_error_impl]: stat_file (_sceIoGetstat) returned 0x80010002
[13:56:25.836] |E| [stat_file]: Missing file at D:/Emulateurs/Vita3K/psvita/ux0/user/00/savedata/PCSB01059/SaveData_0021.sav (target path: savedata0:SaveData_0021.sav)
[13:56:25.836] |W| [io_error_impl]: stat_file (_sceIoGetstat) returned 0x80010002
[13:56:25.869] |E| [stat_file]: Missing file at D:/Emulateurs/Vita3K/psvita/ux0/user/00/savedata/PCSB01059/SaveData_0022.sav (target path: savedata0:SaveData_0022.sav)
[13:56:25.869] |W| [io_error_impl]: stat_file (_sceIoGetstat) returned 0x80010002
[13:56:25.887] |E| [stat_file]: Missing file at D:/Emulateurs/Vita3K/psvita/ux0/user/00/savedata/PCSB01059/SaveData_0023.sav (target path: savedata0:SaveData_0023.sav)
[13:56:25.887] |W| [io_error_impl]: stat_file (_sceIoGetstat) returned 0x80010002
[13:56:25.919] |E| [stat_file]: Missing file at D:/Emulateurs/Vita3K/psvita/ux0/user/00/savedata/PCSB01059/SaveData_0024.sav (target path: savedata0:SaveData_0024.sav)
[13:56:25.920] |W| [io_error_impl]: stat_file (_sceIoGetstat) returned 0x80010002
[13:56:25.953] |E| [stat_file]: Missing file at D:/Emulateurs/Vita3K/psvita/ux0/user/00/savedata/PCSB01059/SaveData_0025.sav (target path: savedata0:SaveData_0025.sav)
[13:56:25.953] |W| [io_error_impl]: stat_file (_sceIoGetstat) returned 0x80010002
[13:56:25.985] |E| [stat_file]: Missing file at D:/Emulateurs/Vita3K/psvita/ux0/user/00/savedata/PCSB01059/SaveData_0026.sav (target path: savedata0:SaveData_0026.sav)
[13:56:25.986] |W| [io_error_impl]: stat_file (_sceIoGetstat) returned 0x80010002
[13:56:26.004] |E| [stat_file]: Missing file at D:/Emulateurs/Vita3K/psvita/ux0/user/00/savedata/PCSB01059/SaveData_0027.sav (target path: savedata0:SaveData_0027.sav)
[13:56:26.004] |W| [io_error_impl]: stat_file (_sceIoGetstat) returned 0x80010002
[13:56:26.037] |E| [stat_file]: Missing file at D:/Emulateurs/Vita3K/psvita/ux0/user/00/savedata/PCSB01059/SaveData_0028.sav (target path: savedata0:SaveData_0028.sav)
[13:56:26.037] |W| [io_error_impl]: stat_file (_sceIoGetstat) returned 0x80010002
[13:56:26.071] |E| [stat_file]: Missing file at D:/Emulateurs/Vita3K/psvita/ux0/user/00/savedata/PCSB01059/SaveData_0029.sav (target path: savedata0:SaveData_0029.sav)
[13:56:26.071] |W| [io_error_impl]: stat_file (_sceIoGetstat) returned 0x80010002
[13:56:26.103] |E| [stat_file]: Missing file at D:/Emulateurs/Vita3K/psvita/ux0/user/00/savedata/PCSB01059/SaveData_0030.sav (target path: savedata0:SaveData_0030.sav)
[13:56:26.103] |W| [io_error_impl]: stat_file (_sceIoGetstat) returned 0x80010002
[13:56:26.137] |E| [stat_file]: Missing file at D:/Emulateurs/Vita3K/psvita/ux0/user/00/savedata/PCSB01059/SaveData_0031.sav (target path: savedata0:SaveData_0031.sav)
[13:56:26.138] |W| [io_error_impl]: stat_file (_sceIoGetstat) returned 0x80010002
[13:56:26.169] |E| [stat_file]: Missing file at D:/Emulateurs/Vita3K/psvita/ux0/user/00/savedata/PCSB01059/SaveData_0032.sav (target path: savedata0:SaveData_0032.sav)
[13:56:26.169] |W| [io_error_impl]: stat_file (_sceIoGetstat) returned 0x80010002
[13:56:26.187] |E| [stat_file]: Missing file at D:/Emulateurs/Vita3K/psvita/ux0/user/00/savedata/PCSB01059/SaveData_0033.sav (target path: savedata0:SaveData_0033.sav)
[13:56:26.187] |W| [io_error_impl]: stat_file (_sceIoGetstat) returned 0x80010002
[13:56:26.220] |E| [stat_file]: Missing file at D:/Emulateurs/Vita3K/psvita/ux0/user/00/savedata/PCSB01059/SaveData_0034.sav (target path: savedata0:SaveData_0034.sav)
[13:56:26.220] |W| [io_error_impl]: stat_file (_sceIoGetstat) returned 0x80010002
[13:56:26.252] |E| [stat_file]: Missing file at D:/Emulateurs/Vita3K/psvita/ux0/user/00/savedata/PCSB01059/SaveData_0035.sav (target path: savedata0:SaveData_0035.sav)
[13:56:26.252] |W| [io_error_impl]: stat_file (_sceIoGetstat) returned 0x80010002
[13:56:26.270] |E| [stat_file]: Missing file at D:/Emulateurs/Vita3K/psvita/ux0/user/00/savedata/PCSB01059/SaveData_0036.sav (target path: savedata0:SaveData_0036.sav)
[13:56:26.271] |W| [io_error_impl]: stat_file (_sceIoGetstat) returned 0x80010002
[13:56:26.303] |E| [stat_file]: Missing file at D:/Emulateurs/Vita3K/psvita/ux0/user/00/savedata/PCSB01059/SaveData_0037.sav (target path: savedata0:SaveData_0037.sav)
[13:56:26.303] |W| [io_error_impl]: stat_file (_sceIoGetstat) returned 0x80010002
[13:56:26.338] |E| [stat_file]: Missing file at D:/Emulateurs/Vita3K/psvita/ux0/user/00/savedata/PCSB01059/SaveData_0038.sav (target path: savedata0:SaveData_0038.sav)
[13:56:26.338] |W| [io_error_impl]: stat_file (_sceIoGetstat) returned 0x80010002
[13:56:26.371] |E| [stat_file]: Missing file at D:/Emulateurs/Vita3K/psvita/ux0/user/00/savedata/PCSB01059/SaveData_0039.sav (target path: savedata0:SaveData_0039.sav)
[13:56:26.371] |W| [io_error_impl]: stat_file (_sceIoGetstat) returned 0x80010002
[13:56:26.402] |E| [stat_file]: Missing file at D:/Emulateurs/Vita3K/psvita/ux0/user/00/savedata/PCSB01059/SaveData_0040.sav (target path: savedata0:SaveData_0040.sav)
[13:56:26.403] |W| [io_error_impl]: stat_file (_sceIoGetstat) returned 0x80010002
[13:56:26.437] |E| [stat_file]: Missing file at D:/Emulateurs/Vita3K/psvita/ux0/user/00/savedata/PCSB01059/SaveData_0041.sav (target path: savedata0:SaveData_0041.sav)
[13:56:26.437] |W| [io_error_impl]: stat_file (_sceIoGetstat) returned 0x80010002
[13:56:26.471] |E| [stat_file]: Missing file at D:/Emulateurs/Vita3K/psvita/ux0/user/00/savedata/PCSB01059/SaveData_0042.sav (target path: savedata0:SaveData_0042.sav)
[13:56:26.471] |W| [io_error_impl]: stat_file (_sceIoGetstat) returned 0x80010002
[13:56:26.503] |E| [stat_file]: Missing file at D:/Emulateurs/Vita3K/psvita/ux0/user/00/savedata/PCSB01059/SaveData_0043.sav (target path: savedata0:SaveData_0043.sav)
[13:56:26.503] |W| [io_error_impl]: stat_file (_sceIoGetstat) returned 0x80010002
[13:56:26.537] |E| [stat_file]: Missing file at D:/Emulateurs/Vita3K/psvita/ux0/user/00/savedata/PCSB01059/SaveData_0044.sav (target path: savedata0:SaveData_0044.sav)
[13:56:26.538] |W| [io_error_impl]: stat_file (_sceIoGetstat) returned 0x80010002
[13:56:26.570] |E| [stat_file]: Missing file at D:/Emulateurs/Vita3K/psvita/ux0/user/00/savedata/PCSB01059/SaveData_0045.sav (target path: savedata0:SaveData_0045.sav)
[13:56:26.570] |W| [io_error_impl]: stat_file (_sceIoGetstat) returned 0x80010002
[13:56:26.603] |E| [stat_file]: Missing file at D:/Emulateurs/Vita3K/psvita/ux0/user/00/savedata/PCSB01059/SaveData_0046.sav (target path: savedata0:SaveData_0046.sav)
[