[16:24:59.868] |I| [config::init_config]: backend-renderer: Vulkan
[16:24:59.872] |I| [config::init_config]: log-level: 0
[16:25:00.186] |I| [SDL_main]: Vita3K v0.1.6 2995-81eb58b2
[16:25:00.187] |I| [SDL_main]: Number of logical CPU cores: 2
[16:25:00.187] |I| [SDL_main]: Available ram memory: 3959 MiB
[16:25:00.900] |I| [renderer::vulkan::VKState::create]: Enabling vulkan validation layers (has a performance impact but allows better error messages)
[16:25:01.149] |I| [renderer::vulkan::VKState::create]: Vulkan device: Intel(R) HD Graphics 500
[16:25:01.152] |I| [renderer::vulkan::VKState::create]: Driver version: 101.2111
[16:25:01.197] |I| [renderer::vulkan::ScreenRenderer::setup]: Present mode: Fifo
[16:27:01.761] |I| [load_app_impl]: cpu-backend: Dynarmic
[16:27:01.762] |I| [load_app_impl]: CPU Optimisation state: true
[16:27:01.764] |I| [load_app_impl]: ngs state: true
[16:27:01.764] |I| [load_app_impl]: Resolution multiplier: 1
[16:27:01.809] |I| [load_app_impl]: modules mode: Automatic
[16:27:01.811] |I| [load_app_impl]: Title: Miles & Kilo
[16:27:01.812] |I| [load_app_impl]: Serial: PCSB01393
[16:27:01.813] |I| [load_app_impl]: Version: 1.00
[16:27:01.813] |I| [load_app_impl]: Category: gd
[16:27:02.096] |I| [load_self]: app0:sce_module/libc.suprx: Skipping special segment 0x6FFFFF01...
[16:27:02.125] |I| [load_self]: Loaded module segment 0 @ [0x00005000 - 0x0005691C / 0x81000000] (size: 0x0005191C) of module app0:sce_module/libc.suprx
[16:27:02.126] |I| [load_self]: Loaded module segment 1 @ [0x00057000 - 0x000598A0 / 0x81052000] (size: 0x000028A0) of module app0:sce_module/libc.suprx
[16:27:02.127] |I| [load_self]: Linking SELF app0:sce_module/libc.suprx...
[16:27:02.130] |D| [load_var_exports]:  NID 0x936C8A78 (SYSLYB) at 0x4C38C
[16:27:02.159] |D| [load_var_exports]:  NID 0x6C2224BA (NID_MODULE_INFO) at 0x41550
[16:27:02.160] |I| [pre_load_module]: Pre-load module SceLibc (at "sce_module/libc.suprx") loaded
[16:27:02.602] |I| [load_self]: app0:sce_module/libfios2.suprx: Skipping special segment 0x6FFFFF01...
[16:27:02.604] |I| [load_self]: Loaded module segment 0 @ [0x0005A000 - 0x00086CBF / 0x81000000] (size: 0x0002CCBF) of module app0:sce_module/libfios2.suprx
[16:27:02.607] |I| [load_self]: Loaded module segment 1 @ [0x00087000 - 0x0008C255 / 0x8102D000] (size: 0x00005255) of module app0:sce_module/libfios2.suprx
[16:27:02.615] |I| [load_self]: Linking SELF app0:sce_module/libfios2.suprx...
[16:27:02.617] |D| [load_var_exports]:  NID 0x936C8A78 (SYSLYB) at 0x86BC8
[16:27:02.621] |D| [load_var_exports]:  NID 0x6C2224BA (NID_MODULE_INFO) at 0x7DF08
[16:27:02.626] |I| [pre_load_module]: Pre-load module SceLibFios2 (at "sce_module/libfios2.suprx") loaded
[16:27:02.703] |I| [load_self]: app0:sce_module/libult.suprx: Skipping special segment 0x6FFFFF01...
[16:27:02.705] |I| [load_self]: Loaded module segment 0 @ [0x0008D000 - 0x000A09BC / 0x81000000] (size: 0x000139BC) of module app0:sce_module/libult.suprx
[16:27:02.707] |I| [load_self]: Loaded module segment 1 @ [0x000A1000 - 0x000A1814 / 0x81014000] (size: 0x00000814) of module app0:sce_module/libult.suprx
[16:27:02.709] |I| [load_self]: Linking SELF app0:sce_module/libult.suprx...
[16:27:02.713] |D| [load_var_exports]:  NID 0x936C8A78 (SYSLYB) at 0x9F2E8
[16:27:02.716] |D| [load_var_exports]:  NID 0x6C2224BA (NID_MODULE_INFO) at 0x9C870
[16:27:02.722] |I| [pre_load_module]: Pre-load module SceUlt (at "sce_module/libult.suprx") loaded
[16:27:02.821] |I| [load_self]: Loaded module segment 0 @ [0x000A2000 - 0x000F2F04 / 0x81000000] (size: 0x00050F04) of module vs0:sys/external/libSceFt2.suprx
[16:27:02.828] |I| [load_self]: Loaded module segment 1 @ [0x000F3000 - 0x000F32F4 / 0x81051000] (size: 0x000002F4) of module vs0:sys/external/libSceFt2.suprx
[16:27:02.833] |I| [load_self]: Linking SELF vs0:sys/external/libSceFt2.suprx...
[16:27:02.836] |D| [load_var_exports]:  NID 0x936C8A78 (SYSLYB) at 0xDE7DC
[16:27:02.838] |D| [load_var_exports]:  NID 0x6C2224BA (NID_MODULE_INFO) at 0xDDF10
[16:27:02.840] |I| [pre_load_module]: Pre-load module SceLibft2 (at "sys/external/libSceFt2.suprx") loaded
[16:27:02.916] |I| [load_self]: Loaded module segment 0 @ [0x000F4000 - 0x00103F14 / 0x81000000] (size: 0x0000FF14) of module vs0:sys/external/libpvf.suprx
[16:27:02.920] |I| [load_self]: Loaded module segment 1 @ [0x00104000 - 0x00104008 / 0x81010000] (size: 0x00000008) of module vs0:sys/external/libpvf.suprx
[16:27:02.923] |I| [load_self]: Linking SELF vs0:sys/external/libpvf.suprx...
[16:27:02.927] |D| [load_var_exports]:  NID 0x936C8A78 (SYSLYB) at 0x102710
[16:27:02.932] |D| [load_var_exports]:  NID 0x6C2224BA (NID_MODULE_INFO) at 0x102300
[16:27:02.935] |I| [pre_load_module]: Pre-load module SceLibPvf (at "sys/external/libpvf.suprx") loaded
[16:27:03.034] |I| [load_self]: app0:eboot.bin: Skipping special segment 0x6FFFFF01...
[16:27:03.037] |I| [load_self]: Loaded module segment 0 @ [0x00105000 - 0x0018EBE4 / 0x81000000] (size: 0x00089BE4) of module app0:eboot.bin
[16:27:03.041] |I| [load_self]: Loaded module segment 1 @ [0x0018F000 - 0x001AA0E8 / 0x8108A000] (size: 0x0001B0E8) of module app0:eboot.bin
[16:27:03.050] |I| [load_self]: Linking SELF app0:eboot.bin...
[16:27:03.057] |D| [load_var_exports]:  NID 0x6C2224BA (NID_MODULE_INFO) at 0x1779BC
[16:27:03.059] |D| [load_var_exports]:  NID 0x70FBA1E7 (SCE_PROC_PARAMS) at 0x18F09C
[16:27:03.061] |D| [load_var_exports]:  NID 0x936C8A78 (SYSLYB) at 0x182530
[16:27:03.071] |I| [load_app_impl]: Main executable milesAndKiloExe (eboot.bin) loaded
[16:27:03.558] |D| [run_app]: Running module_start of library: SceLibc at address 0x5871
[16:27:04.275] |T| [open_file]: sceKernelGetStdin: Opening terminal tty0:
[16:27:04.277] |T| [open_file]: sceKernelGetStdout: Opening terminal tty0:
[16:27:04.282] |T| [open_file]: sceKernelGetStderr: Opening terminal tty0:
[16:27:04.396] |I| [run_app]: Module SceLibc (at "app0:sce_module/libc.suprx") module_start returned 0x0
[16:27:04.410] |D| [run_app]: Running module_start of library: SceLibFios2 at address 0x5A001
[16:27:04.522] |W| [stubbed_impl]: Stubbed sceKernelGetProcessId import called. (pid: 0)
[16:27:04.603] |I| [run_app]: Module SceLibFios2 (at "app0:sce_module/libfios2.suprx") module_start returned 0x0
[16:27:04.619] |D| [run_app]: Running module_start of library: SceUlt at address 0x90771
[16:27:04.710] |W| [unimplemented_impl]: Unimplemented _sceUlobjMgrRegisterLibultProtocolRevision import called.
[16:27:04.715] |I| [run_app]: Module SceUlt (at "app0:sce_module/libult.suprx") module_start returned 0x0
[16:27:04.908] |W| [unimplemented_impl]: Unimplemented sceAppUtilInit import called.
[16:27:05.686] |W| [unimplemented_impl]: Unimplemented sceKernelChangeThreadVfpException import called.
[16:27:05.689] |W| [unimplemented_impl]: Unimplemented sceFiosOverlayThreadSetDisabled02 import called.
[16:27:06.611] |T| [export_sceNgsPatchCreateRouting]: Patching 0x1F04F0:0:0 to 0x207FC0:0
[16:27:06.616] |T| [export_sceNgsPatchCreateRouting]: Patching 0x1F0A00:0:0 to 0x207FC0:0
[16:27:06.618] |T| [export_sceNgsPatchCreateRouting]: Patching 0x1F0F10:0:0 to 0x207FC0:0
[16:27:06.620] |T| [export_sceNgsPatchCreateRouting]: Patching 0x1F1420:0:0 to 0x207FC0:0
[16:27:06.623] |T| [export_sceNgsPatchCreateRouting]: Patching 0x1F1930:0:0 to 0x207FC0:0
[16:27:06.626] |T| [export_sceNgsPatchCreateRouting]: Patching 0x1F1E40:0:0 to 0x207FC0:0
[16:27:06.629] |T| [export_sceNgsPatchCreateRouting]: Patching 0x1F2350:0:0 to 0x207FC0:0
[16:27:06.636] |T| [export_sceNgsPatchCreateRouting]: Patching 0x1F2860:0:0 to 0x207FC0:0
[16:27:06.639] |T| [export_sceNgsPatchCreateRouting]: Patching 0x1F2D70:0:0 to 0x207FC0:0
[16:27:06.641] |T| [export_sceNgsPatchCreateRouting]: Patching 0x1F3280:0:0 to 0x207FC0:0
[16:27:06.645] |T| [export_sceNgsPatchCreateRouting]: Patching 0x1F3790:0:0 to 0x207FC0:0
[16:27:06.652] |T| [export_sceNgsPatchCreateRouting]: Patching 0x1F3CA0:0:0 to 0x207FC0:0
[16:27:06.655] |T| [export_sceNgsPatchCreateRouting]: Patching 0x1F41B0:0:0 to 0x207FC0:0
[16:27:06.656] |T| [export_sceNgsPatchCreateRouting]: Patching 0x1F46C0:0:0 to 0x207FC0:0
[16:27:06.659] |T| [export_sceNgsPatchCreateRouting]: Patching 0x1F4BD0:0:0 to 0x207FC0:0
[16:27:06.661] |T| [export_sceNgsPatchCreateRouting]: Patching 0x1F50E0:0:0 to 0x207FC0:0
[16:27:06.669] |T| [export_sceNgsPatchCreateRouting]: Patching 0x1F55F0:0:0 to 0x207FC0:0
[16:27:06.672] |T| [export_sceNgsPatchCreateRouting]: Patching 0x1F5B00:0:0 to 0x207FC0:0
[16:27:06.673] |T| [export_sceNgsPatchCreateRouting]: Patching 0x1F6010:0:0 to 0x207FC0:0
[16:27:06.676] |T| [export_sceNgsPatchCreateRouting]: Patching 0x1F6520:0:0 to 0x207FC0:0
[16:27:06.678] |T| [export_sceNgsPatchCreateRouting]: Patching 0x1F6A30:0:0 to 0x207FC0:0
[16:27:06.685] |T| [export_sceNgsPatchCreateRouting]: Patching 0x1F6F40:0:0 to 0x207FC0:0
[16:27:06.686] |T| [export_sceNgsPatchCreateRouting]: Patching 0x1F7450:0:0 to 0x207FC0:0
[16:27:06.688] |T| [export_sceNgsPatchCreateRouting]: Patching 0x1F7960:0:0 to 0x207FC0:0
[16:27:06.690] |T| [export_sceNgsPatchCreateRouting]: Patching 0x1F7E70:0:0 to 0x207FC0:0
[16:27:06.693] |T| [export_sceNgsPatchCreateRouting]: Patching 0x1F8380:0:0 to 0x207FC0:0
[16:27:06.696] |T| [export_sceNgsPatchCreateRouting]: Patching 0x1F8890:0:0 to 0x207FC0:0
[16:27:06.703] |T| [export_sceNgsPatchCreateRouting]: Patching 0x1F8DA0:0:0 to 0x207FC0:0
[16:27:06.706] |T| [export_sceNgsPatchCreateRouting]: Patching 0x1F92B0:0:0 to 0x207FC0:0
[16:27:06.707] |T| [export_sceNgsPatchCreateRouting]: Patching 0x1F97C0:0:0 to 0x207FC0:0
[16:27:06.710] |T| [export_sceNgsPatchCreateRouting]: Patching 0x1F9CD0:0:0 to 0x207FC0:0
[16:27:06.712] |T| [export_sceNgsPatchCreateRouting]: Patching 0x1FA1E0:0:0 to 0x207FC0:0
[16:27:06.719] |T| [export_sceNgsPatchCreateRouting]: Patching 0x1FA6F0:0:0 to 0x207FC0:0
[16:27:06.721] |T| [export_sceNgsPatchCreateRouting]: Patching 0x1FAC00:0:0 to 0x207FC0:0
[16:27:06.723] |T| [export_sceNgsPatchCreateRouting]: Patching 0x1FB110:0:0 to 0x207FC0:0
[16:27:06.726] |T| [export_sceNgsPatchCreateRouting]: Patching 0x1FB620:0:0 to 0x207FC0:0
[16:27:06.728] |T| [export_sceNgsPatchCreateRouting]: Patching 0x1FBB30:0:0 to 0x207FC0:0
[16:27:06.735] |T| [export_sceNgsPatchCreateRouting]: Patching 0x1FC040:0:0 to 0x207FC0:0
[16:27:06.736] |T| [export_sceNgsPatchCreateRouting]: Patching 0x1FC550:0:0 to 0x207FC0:0
[16:27:06.738] |T| [export_sceNgsPatchCreateRouting]: Patching 0x1FCA60:0:0 to 0x207FC0:0
[16:27:06.739] |T| [export_sceNgsPatchCreateRouting]: Patching 0x1FCF70:0:0 to 0x207FC0:0
[16:27:06.745] |T| [export_sceNgsPatchCreateRouting]: Patching 0x1FD480:0:0 to 0x207FC0:0
[16:27:06.750] |T| [export_sceNgsPatchCreateRouting]: Patching 0x1FD990:0:0 to 0x207FC0:0
[16:27:06.752] |T| [export_sceNgsPatchCreateRouting]: Patching 0x1FDEA0:0:0 to 0x207FC0:0
[16:27:06.753] |T| [export_sceNgsPatchCreateRouting]: Patching 0x1FE3B0:0:0 to 0x207FC0:0
[16:27:06.756] |T| [export_sceNgsPatchCreateRouting]: Patching 0x1FE8C0:0:0 to 0x207FC0:0
[16:27:06.759] |T| [export_sceNgsPatchCreateRouting]: Patching 0x1FEDD0:0:0 to 0x207FC0:0
[16:27:06.762] |T| [export_sceNgsPatchCreateRouting]: Patching 0x1FF2E0:0:0 to 0x207FC0:0
[16:27:06.767] |T| [export_sceNgsPatchCreateRouting]: Patching 0x1FF7F0:0:0 to 0x207FC0:0
[16:27:06.769] |T| [export_sceNgsPatchCreateRouting]: Patching 0x1FFD00:0:0 to 0x207FC0:0
[16:27:06.771] |T| [export_sceNgsPatchCreateRouting]: Patching 0x200210:0:0 to 0x207FC0:0
[16:27:06.775] |T| [export_sceNgsPatchCreateRouting]: Patching 0x200720:0:0 to 0x207FC0:0
[16:27:06.776] |T| [export_sceNgsPatchCreateRouting]: Patching 0x200C30:0:0 to 0x207FC0:0
[16:27:06.778] |T| [export_sceNgsPatchCreateRouting]: Patching 0x201140:0:0 to 0x207FC0:0
[16:27:06.782] |T| [export_sceNgsPatchCreateRouting]: Patching 0x201650:0:0 to 0x207FC0:0
[16:27:06.785] |T| [export_sceNgsPatchCreateRouting]: Patching 0x201B60:0:0 to 0x207FC0:0
[16:27:06.787] |T| [export_sceNgsPatchCreateRouting]: Patching 0x202070:0:0 to 0x207FC0:0
[16:27:06.790] |T| [export_sceNgsPatchCreateRouting]: Patching 0x202580:0:0 to 0x207FC0:0
[16:27:06.792] |T| [export_sceNgsPatchCreateRouting]: Patching 0x202A90:0:0 to 0x207FC0:0
[16:27:06.795] |T| [export_sceNgsPatchCreateRouting]: Patching 0x202FA0:0:0 to 0x207FC0:0
[16:27:06.796] |T| [export_sceNgsPatchCreateRouting]: Patching 0x2034B0:0:0 to 0x207FC0:0
[16:27:06.800] |T| [export_sceNgsPatchCreateRouting]: Patching 0x2039C0:0:0 to 0x207FC0:0
[16:27:06.802] |T| [export_sceNgsPatchCreateRouting]: Patching 0x203ED0:0:0 to 0x207FC0:0
[16:27:06.806] |T| [export_sceNgsPatchCreateRouting]: Patching 0x2043E0:0:0 to 0x207FC0:0
[16:27:06.808] |T| [export_sceNgsPatchCreateRouting]: Patching 0x207970:0:0 to 0x2080F8:0
[16:27:07.263] |T| [open_file]: create_trophy_context: Opening file app0:/sce_sys/trophy/NPWR19195_00/TROPHY.TRP (ux0:/app/PCSB01393/sce_sys/trophy/NPWR19195_00/TROPHY.TRP), fd: 0x3
[16:27:07.275] |E| [open_file]: Missing file at D:/GAMESANDEMULATORS/vita3k/stronge/ux0/user/00/trophy/data/NPWR19195_00/TROPUSR.DAT (target path: ux0:/user/00/trophy/data/NPWR19195_00/TROPUSR.DAT)
[16:27:07.277] |W| [io_error_impl]: open_file (create_trophy_context) returned 0x80010002
[16:27:07.479] |T| [open_file]: install_trophy_context: Opening file ux0:/user/00/trophy/conf/NPWR19195_00/TROPCONF.SFM (ux0:/user/00/trophy/conf/NPWR19195_00/TROPCONF.SFM), fd: 0x4
[16:27:07.487] |T| [write_file]: install_trophy_context: Writing to fd: 0x4, size: 1656
[16:27:07.489] |T| [close_file]: install_trophy_context: Closing file fd: 0x4
[16:27:07.509] |T| [open_file]: install_trophy_context: Opening file ux0:/user/00/trophy/conf/NPWR19195_00/TROP.SFM (ux0:/user/00/trophy/conf/NPWR19195_00/TROP.SFM), fd: 0x5
[16:27:07.511] |T| [write_file]: install_trophy_context: Writing to fd: 0x5, size: 3731
[16:27:07.511] |T| [close_file]: install_trophy_context: Closing file fd: 0x5
[16:27:07.563] |T| [open_file]: install_trophy_context: Opening file ux0:/user/00/trophy/conf/NPWR19195_00/TROP_02.SFM (ux0:/user/00/trophy/conf/NPWR19195_00/TROP_02.SFM), fd: 0x6
[16:27:07.571] |T| [write_file]: install_trophy_context: Writing to fd: 0x6, size: 3846
[16:27:07.574] |T| [close_file]: install_trophy_context: Closing file fd: 0x6
[16:27:07.617] |T| [open_file]: install_trophy_context: Opening file ux0:/user/00/trophy/conf/NPWR19195_00/TROP_03.SFM (ux0:/user/00/trophy/conf/NPWR19195_00/TROP_03.SFM), fd: 0x7
[16:27:07.622] |T| [write_file]: install_trophy_context: Writing to fd: 0x7, size: 3982
[16:27:07.625] |T| [close_file]: install_trophy_context: Closing file fd: 0x7
[16:27:07.810] |T| [open_file]: install_trophy_context: Opening file ux0:/user/00/trophy/conf/NPWR19195_00/TROP_04.SFM (ux0:/user/00/trophy/conf/NPWR19195_00/TROP_04.SFM), fd: 0x8
[16:27:07.820] |T| [write_file]: install_trophy_context: Writing to fd: 0x8, size: 4069
[16:27:07.823] |T| [close_file]: install_trophy_context: Closing file fd: 0x8
[16:27:07.887] |T| [open_file]: install_trophy_context: Opening file ux0:/user/00/trophy/conf/NPWR19195_00/TROP_05.SFM (ux0:/user/00/trophy/conf/NPWR19195_00/TROP_05.SFM), fd: 0x9
[16:27:07.892] |T| [write_file]: install_trophy_context: Writing to fd: 0x9, size: 3829
[16:27:07.894] |T| [close_file]: install_trophy_context: Closing file fd: 0x9
[16:27:07.995] |T| [open_file]: install_trophy_context: Opening file ux0:/user/00/trophy/conf/NPWR19195_00/TROP_06.SFM (ux0:/user/00/trophy/conf/NPWR19195_00/TROP_06.SFM), fd: 0xA
[16:27:08.005] |T| [write_file]: install_trophy_context: Writing to fd: 0xA, size: 3734
[16:27:08.007] |T| [close_file]: install_trophy_context: Closing file fd: 0xA
[16:27:08.054] |T| [open_file]: install_trophy_context: Opening file ux0:/user/00/trophy/conf/NPWR19195_00/TROP_07.SFM (ux0:/user/00/trophy/conf/NPWR19195_00/TROP_07.SFM), fd: 0xB
[16:27:08.058] |T| [write_file]: install_trophy_context: Writing to fd: 0xB, size: 3911
[16:27:08.061] |T| [close_file]: install_trophy_context: Closing file fd: 0xB
[16:27:08.099] |T| [open_file]: install_trophy_context: Opening file ux0:/user/00/trophy/conf/NPWR19195_00/TROP_08.SFM (ux0:/user/00/trophy/conf/NPWR19195_00/TROP_08.SFM), fd: 0xC
[16:27:08.130] |T| [write_file]: install_trophy_context: Writing to fd: 0xC, size: 4588
[16:27:08.137] |T| [close_file]: install_trophy_context: Closing file fd: 0xC
[16:27:08.155] |T| [open_file]: install_trophy_context: Opening file ux0:/user/00/trophy/conf/NPWR19195_00/ICON0.PNG (ux0:/user/00/trophy/conf/NPWR19195_00/ICON0.PNG), fd: 0xD
[16:27:08.158] |T| [write_file]: install_trophy_context: Writing to fd: 0xD, size: 4062
[16:27:08.160] |T| [close_file]: install_trophy_context: Closing file fd: 0xD
[16:27:08.222] |T| [open_file]: install_trophy_context: Opening file ux0:/user/00/trophy/conf/NPWR19195_00/TROP000.PNG (ux0:/user/00/trophy/conf/NPWR19195_00/TROP000.PNG), fd: 0xE
[16:27:08.227] |T| [write_file]: install_trophy_context: Writing to fd: 0xE, size: 1511
[16:27:08.229] |T| [close_file]: install_trophy_context: Closing file fd: 0xE
[16:27:08.348] |T| [open_file]: install_trophy_context: Opening file ux0:/user/00/trophy/conf/NPWR19195_00/TROP001.PNG (ux0:/user/00/trophy/conf/NPWR19195_00/TROP001.PNG), fd: 0xF
[16:27:08.358] |T| [write_file]: install_trophy_context: Writing to fd: 0xF, size: 1311
[16:27:08.360] |T| [close_file]: install_trophy_context: Closing file fd: 0xF
[16:27:08.445] |T| [open_file]: install_trophy_context: Opening file ux0:/user/00/trophy/conf/NPWR19195_00/TROP002.PNG (ux0:/user/00/trophy/conf/NPWR19195_00/TROP002.PNG), fd: 0x10
[16:27:08.452] |T| [write_file]: install_trophy_context: Writing to fd: 0x10, size: 1237
[16:27:08.455] |T| [close_file]: install_trophy_context: Closing file fd: 0x10
[16:27:08.996] |T| [open_file]: install_trophy_context: Opening file ux0:/user/00/trophy/conf/NPWR19195_00/TROP003.PNG (ux0:/user/00/trophy/conf/NPWR19195_00/TROP003.PNG), fd: 0x11
[16:27:09.005] |T| [write_file]: install_trophy_context: Writing to fd: 0x11, size: 1273
[16:27:09.007] |T| [close_file]: install_trophy_context: Closing file fd: 0x11
[16:27:09.481] |T| [open_file]: install_trophy_context: Opening file ux0:/user/00/trophy/conf/NPWR19195_00/TROP004.PNG (ux0:/user/00/trophy/conf/NPWR19195_00/TROP004.PNG), fd: 0x12
[16:27:09.495] |T| [write_file]: install_trophy_context: Writing to fd: 0x12, size: 1410
[16:27:09.497] |T| [close_file]: install_trophy_context: Closing file fd: 0x12
[16:27:09.757] |T| [open_file]: install_trophy_context: Opening file ux0:/user/00/trophy/conf/NPWR19195_00/TROP005.PNG (ux0:/user/00/trophy/conf/NPWR19195_00/TROP005.PNG), fd: 0x13
[16:27:09.776] |T| [write_file]: install_trophy_context: Writing to fd: 0x13, size: 1246
[16:27:09.778] |T| [close_file]: install_trophy_context: Closing file fd: 0x13
[16:27:09.842] |T| [open_file]: install_trophy_context: Opening file ux0:/user/00/trophy/conf/NPWR19195_00/TROP006.PNG (ux0:/user/00/trophy/conf/NPWR19195_00/TROP006.PNG), fd: 0x14
[16:27:09.847] |T| [write_file]: install_trophy_context: Writing to fd: 0x14, size: 1196
[16:27:09.851] |T| [close_file]: install_trophy_context: Closing file fd: 0x14
[16:27:09.954] |T| [open_file]: install_trophy_context: Opening file ux0:/user/00/trophy/conf/NPWR19195_00/TROP007.PNG (ux0:/user/00/trophy/conf/NPWR19195_00/TROP007.PNG), fd: 0x15
[16:27:09.959] |T| [write_file]: install_trophy_context: Writing to fd: 0x15, size: 1148
[16:27:09.961] |T| [close_file]: install_trophy_context: Closing file fd: 0x15
[16:27:10.077] |T| [open_file]: install_trophy_context: Opening file ux0:/user/00/trophy/conf/NPWR19195_00/TROP008.PNG (ux0:/user/00/trophy/conf/NPWR19195_00/TROP008.PNG), fd: 0x16
[16:27:10.086] |T| [write_file]: install_trophy_context: Writing to fd: 0x16, size: 1420
[16:27:10.091] |T| [close_file]: install_trophy_context: Closing file fd: 0x16
[16:27:10.207] |T| [open_file]: install_trophy_context: Opening file ux0:/user/00/trophy/conf/NPWR19195_00/TROP009.PNG (ux0:/user/00/trophy/conf/NPWR19195_00/TROP009.PNG), fd: 0x17
[16:27:10.221] |T| [write_file]: install_trophy_context: Writing to fd: 0x17, size: 1172
[16:27:10.222] |T| [close_file]: install_trophy_context: Closing file fd: 0x17
[16:27:10.278] |T| [open_file]: install_trophy_context: Opening file ux0:/user/00/trophy/conf/NPWR19195_00/TROP010.PNG (ux0:/user/00/trophy/conf/NPWR19195_00/TROP010.PNG), fd: 0x18
[16:27:10.285] |T| [write_file]: install_trophy_context: Writing to fd: 0x18, size: 1152
[16:27:10.288] |T| [close_file]: install_trophy_context: Closing file fd: 0x18
[16:27:10.307] |T| [open_file]: install_trophy_context: Opening file ux0:/user/00/trophy/conf/NPWR19195_00/TROP011.PNG (ux0:/user/00/trophy/conf/NPWR19195_00/TROP011.PNG), fd: 0x19
[16:27:10.310] |T| [write_file]: install_trophy_context: Writing to fd: 0x19, size: 1121
[16:27:10.310] |T| [close_file]: install_trophy_context: Closing file fd: 0x19
[16:27:10.362] |T| [open_file]: install_trophy_context: Opening file ux0:/user/00/trophy/conf/NPWR19195_00/TROP012.PNG (ux0:/user/00/trophy/conf/NPWR19195_00/TROP012.PNG), fd: 0x1A
[16:27:10.371] |T| [write_file]: install_trophy_context: Writing to fd: 0x1A, size: 1288
[16:27:10.371] |T| [close_file]: install_trophy_context: Closing file fd: 0x1A
[16:27:10.419] |T| [open_file]: install_trophy_context: Opening file ux0:/user/00/trophy/conf/NPWR19195_00/TROP013.PNG (ux0:/user/00/trophy/conf/NPWR19195_00/TROP013.PNG), fd: 0x1B
[16:27:10.424] |T| [write_file]: install_trophy_context: Writing to fd: 0x1B, size: 1298
[16:27:10.425] |T| [close_file]: install_trophy_context: Closing file fd: 0x1B
[16:27:10.464] |T| [open_file]: install_trophy_context: Opening file ux0:/user/00/trophy/conf/NPWR19195_00/TROP014.PNG (ux0:/user/00/trophy/conf/NPWR19195_00/TROP014.PNG), fd: 0x1C
[16:27:10.471] |T| [write_file]: install_trophy_context: Writing to fd: 0x1C, size: 1403
[16:27:10.475] |T| [close_file]: install_trophy_context: Closing file fd: 0x1C
[16:27:10.521] |T| [open_file]: install_trophy_context: Opening file ux0:/user/00/trophy/conf/NPWR19195_00/TROP015.PNG (ux0:/user/00/trophy/conf/NPWR19195_00/TROP015.PNG), fd: 0x1D
[16:27:10.526] |T| [write_file]: install_trophy_context: Writing to fd: 0x1D, size: 1225
[16:27:10.528] |T| [close_file]: install_trophy_context: Closing file fd: 0x1D
[16:27:10.559] |T| [open_file]: install_trophy_context: Opening file ux0:/user/00/trophy/conf/NPWR19195_00/TROP016.PNG (ux0:/user/00/trophy/conf/NPWR19195_00/TROP016.PNG), fd: 0x1E
[16:27:10.563] |T| [write_file]: install_trophy_context: Writing to fd: 0x1E, size: 1153
[16:27:10.564] |T| [close_file]: install_trophy_context: Closing file fd: 0x1E
[16:27:10.573] |T| [open_file]: install_trophy_context: Opening file ux0:/user/00/trophy/conf/NPWR19195_00/TROP017.PNG (ux0:/user/00/trophy/conf/NPWR19195_00/TROP017.PNG), fd: 0x1F
[16:27:10.577] |T| [write_file]: install_trophy_context: Writing to fd: 0x1F, size: 1103
[16:27:10.578] |T| [close_file]: install_trophy_context: Closing file fd: 0x1F
[16:27:10.630] |T| [open_file]: install_trophy_context: Opening file ux0:/user/00/trophy/conf/NPWR19195_00/TROP018.PNG (ux0:/user/00/trophy/conf/NPWR19195_00/TROP018.PNG), fd: 0x20
[16:27:10.642] |T| [write_file]: install_trophy_context: Writing to fd: 0x20, size: 1122
[16:27:10.643] |T| [close_file]: install_trophy_context: Closing file fd: 0x20
[16:27:10.654] |T| [open_file]: install_trophy_context: Opening file ux0:/user/00/trophy/conf/NPWR19195_00/TROP019.PNG (ux0:/user/00/trophy/conf/NPWR19195_00/TROP019.PNG), fd: 0x21
[16:27:10.659] |T| [write_file]: install_trophy_context: Writing to fd: 0x21, size: 1321
[16:27:10.664] |T| [close_file]: install_trophy_context: Closing file fd: 0x21
[16:27:10.675] |T| [open_file]: install_trophy_context: Opening file ux0:/user/00/trophy/conf/NPWR19195_00/TROP020.PNG (ux0:/user/00/trophy/conf/NPWR19195_00/TROP020.PNG), fd: 0x22
[16:27:10.677] |T| [write_file]: install_trophy_context: Writing to fd: 0x22, size: 1244
[16:27:10.679] |T| [close_file]: install_trophy_context: Closing file fd: 0x22
[16:27:10.740] |T| [open_file]: save_trophy_progress: Opening file ux0:/user/00/trophy/data/NPWR19195_00/TROPUSR.DAT (ux0:/user/00/trophy/data/NPWR19195_00/TROPUSR.DAT), fd: 0x23
[16:27:10.745] |T| [write_file]: save_trophy_progress_file: Writing to fd: 0x23, size: 4
[16:27:10.747] |T| [write_file]: save_trophy_progress_file: Writing to fd: 0x23, size: 16
[16:27:10.750] |T| [write_file]: save_trophy_progress_file: Writing to fd: 0x23, size: 16
[16:27:10.755] |T| [write_file]: save_trophy_progress_file: Writing to fd: 0x23, size: 4
[16:27:10.756] |T| [write_file]: save_trophy_progress_file: Writing to fd: 0x23, size: 4
[16:27:10.758] |T| [write_file]: save_trophy_progress_file: Writing to fd: 0x23, size: 4
[16:27:10.760] |T| [write_file]: save_trophy_progress_file: Writing to fd: 0x23, size: 64
[16:27:10.762] |T| [write_file]: save_trophy_progress_file: Writing to fd: 0x23, size: 1024
[16:27:10.764] |T| [write_file]: save_trophy_progress_file: Writing to fd: 0x23, size: 512
[16:27:10.770] |T| [close_file]: save_trophy_progress_file: Closing file fd: 0x23
[16:27:10.775] |T| [export_sceNpTrophyCreateContext]: Trophy context for NPWR19195_00 create successfuly!
[16:27:11.790] |W| [stubbed_impl]: Stubbed sceGxmMapVertexUsseMemory import called. (always return success)
[16:27:11.792] |W| [stubbed_impl]: Stubbed sceGxmMapFragmentUsseMemory import called. (always return success)
[16:27:14.876] |I| [export_sceIoOpen]: Opening file: app0:/strings/English.txt
[16:27:14.881] |T| [open_file]: sceIoOpen: Opening file app0:/strings/English.txt (ux0:/app/PCSB01393/strings/English.txt), fd: 0x24
[16:27:15.032] |T| [close_file]: sceIoClose: Closing file fd: 0x24
[16:27:15.170] |I| [export_sceIoOpen]: Opening file: app0:/mkaudio/sfx/balloonpop.wav
[16:27:15.245] |T| [open_file]: sceIoOpen: Opening file app0:/mkaudio/sfx/balloonpop.wav (ux0:/app/PCSB01393/mkaudio/sfx/balloonpop.wav), fd: 0x25
[16:27:15.350] |T| [close_file]: sceIoClose: Closing file fd: 0x25
[16:27:15.389] |I| [export_sceIoOpen]: Opening file: app0:/mkaudio/sfx/bark.wav
[16:27:15.391] |T| [open_file]: sceIoOpen: Opening file app0:/mkaudio/sfx/bark.wav (ux0:/app/PCSB01393/mkaudio/sfx/bark.wav), fd: 0x26
[16:27:15.458] |T| [close_file]: sceIoClose: Closing file fd: 0x26
[16:27:15.461] |I| [export_sceIoOpen]: Opening file: app0:/mkaudio/sfx/blipc.wav
[16:27:15.465] |T| [open_file]: sceIoOpen: Opening file app0:/mkaudio/sfx/blipc.wav (ux0:/app/PCSB01393/mkaudio/sfx/blipc.wav), fd: 0x27
[16:27:15.493] |T| [close_file]: sceIoClose: Closing file fd: 0x27
[16:27:15.497] |I| [export_sceIoOpen]: Opening file: app0:/mkaudio/sfx/blipg.wav
[16:27:15.499] |T| [open_file]: sceIoOpen: Opening file app0:/mkaudio/sfx/blipg.wav (ux0:/app/PCSB01393/mkaudio/sfx/blipg.wav), fd: 0x28
[16:27:15.512] |T| [close_file]: sceIoClose: Closing file fd: 0x28
[16:27:15.515] |I| [export_sceIoOpen]: Opening file: app0:/mkaudio/sfx/bliplowc.wav
[16:27:15.519] |T| [open_file]: sceIoOpen: Opening file app0:/mkaudio/sfx/bliplowc.wav (ux0:/app/PCSB01393/mkaudio/sfx/bliplowc.wav), fd: 0x29
[16:27:15.555] |T| [close_file]: sceIoClose: Closing file fd: 0x29
[16:27:15.558] |I| [export_sceIoOpen]: Opening file: app0:/mkaudio/sfx/boing.wav
[16:27:15.561] |T| [open_file]: sceIoOpen: Opening file app0:/mkaudio/sfx/boing.wav (ux0:/app/PCSB01393/mkaudio/sfx/boing.wav), fd: 0x2A
[16:27:15.579] |T| [close_file]: sceIoClose: Closing file fd: 0x2A
[16:27:15.581] |I| [export_sceIoOpen]: Opening file: app0:/mkaudio/sfx/clack.wav
[16:27:15.583] |T| [open_file]: sceIoOpen: Opening file app0:/mkaudio/sfx/clack.wav (ux0:/app/PCSB01393/mkaudio/sfx/clack.wav), fd: 0x2B
[16:27:15.612] |T| [close_file]: sceIoClose: Closing file fd: 0x2B
[16:27:15.614] |I| [export_sceIoOpen]: Opening file: app0:/mkaudio/sfx/coin.wav
[16:27:15.616] |T| [open_file]: sceIoOpen: Opening file app0:/mkaudio/sfx/coin.wav (ux0:/app/PCSB01393/mkaudio/sfx/coin.wav), fd: 0x2C
[16:27:15.649] |T| [close_file]: sceIoClose: Closing file fd: 0x2C
[16:27:15.652] |I| [export_sceIoOpen]: Opening file: app0:/mkaudio/sfx/crumble.wav
[16:27:15.657] |T| [open_file]: sceIoOpen: Opening file app0:/mkaudio/sfx/crumble.wav (ux0:/app/PCSB01393/mkaudio/sfx/crumble.wav), fd: 0x2D
[16:27:15.679] |T| [close_file]: sceIoClose: Closing file fd: 0x2D
[16:27:15.681] |I| [export_sceIoOpen]: Opening file: app0:/mkaudio/sfx/explosion.wav
[16:27:15.683] |T| [open_file]: sceIoOpen: Opening file app0:/mkaudio/sfx/explosion.wav (ux0:/app/PCSB01393/mkaudio/sfx/explosion.wav), fd: 0x2E
[16:27:15.711] |T| [close_file]: sceIoClose: Closing file fd: 0x2E
[16:27:15.713] |I| [export_sceIoOpen]: Opening file: app0:/mkaudio/sfx/fall.wav
[16:27:15.716] |T| [open_file]: sceIoOpen: Opening file app0:/mkaudio/sfx/fall.wav (ux0:/app/PCSB01393/mkaudio/sfx/fall.wav), fd: 0x2F
[16:27:15.753] |T| [close_file]: sceIoClose: Closing file fd: 0x2F
[16:27:15.757] |I| [export_sceIoOpen]: Opening file: app0:/mkaudio/sfx/falling-bomb.wav
[16:27:15.759] |T| [open_file]: sceIoOpen: Opening file app0:/mkaudio/sfx/falling-bomb.wav (ux0:/app/PCSB01393/mkaudio/sfx/falling-bomb.wav), fd: 0x30
[16:27:15.783] |T| [close_file]: sceIoClose: Closing file fd: 0x30
[16:27:15.787] |I| [export_sceIoOpen]: Opening file: app0:/mkaudio/sfx/fireballshoot.wav
[16:27:15.791] |T| [open_file]: sceIoOpen: Opening file app0:/mkaudio/sfx/fireballshoot.wav (ux0:/app/PCSB01393/mkaudio/sfx/fireballshoot.wav), fd: 0x31
[16:27:15.836] |T| [close_file]: sceIoClose: Closing file fd: 0x31
[16:27:15.840] |I| [export_sceIoOpen]: Opening file: app0:/mkaudio/sfx/flame.wav
[16:27:15.845] |T| [open_file]: sceIoOpen: Opening file app0:/mkaudio/sfx/flame.wav (ux0:/app/PCSB01393/mkaudio/sfx/flame.wav), fd: 0x32
[16:27:15.875] |T| [close_file]: sceIoClose: Closing file fd: 0x32
[16:27:15.877] |I| [export_sceIoOpen]: Opening file: app0:/mkaudio/sfx/fruit.wav
[16:27:15.879] |T| [open_file]: sceIoOpen: Opening file app0:/mkaudio/sfx/fruit.wav (ux0:/app/PCSB01393/mkaudio/sfx/fruit.wav), fd: 0x33
[16:27:16.052] |T| [close_file]: sceIoClose: Closing file fd: 0x33
[16:27:16.127] |I| [export_sceIoOpen]: Opening file: app0:/mkaudio/sfx/hit.wav
[16:27:16.223] |T| [open_file]: sceIoOpen: Opening file app0:/mkaudio/sfx/hit.wav (ux0:/app/PCSB01393/mkaudio/sfx/hit.wav), fd: 0x34
[16:27:16.361] |T| [close_file]: sceIoClose: Closing file fd: 0x34
[16:27:16.383] |I| [export_sceIoOpen]: Opening file: app0:/mkaudio/sfx/jump.wav
[16:27:16.396] |T| [open_file]: sceIoOpen: Opening file app0:/mkaudio/sfx/jump.wav (ux0:/app/PCSB01393/mkaudio/sfx/jump.wav), fd: 0x35
[16:27:16.424] |T| [close_file]: sceIoClose: Closing file fd: 0x35
[16:27:16.427] |I| [export_sceIoOpen]: Opening file: app0:/mkaudio/sfx/jump2.wav
[16:27:16.429] |T| [open_file]: sceIoOpen: Opening file app0:/mkaudio/sfx/jump2.wav (ux0:/app/PCSB01393/mkaudio/sfx/jump2.wav), fd: 0x36
[16:27:16.441] |T| [close_file]: sceIoClose: Closing file fd: 0x36
[16:27:16.442] |I| [export_sceIoOpen]: Opening file: app0:/mkaudio/sfx/keyget.wav
[16:27:16.445] |T| [open_file]: sceIoOpen: Opening file app0:/mkaudio/sfx/keyget.wav (ux0:/app/PCSB01393/mkaudio/sfx/keyget.wav), fd: 0x37
[16:27:16.467] |T| [close_file]: sceIoClose: Closing file fd: 0x37
[16:27:16.472] |I| [export_sceIoOpen]: Opening file: app0:/mkaudio/sfx/land.wav
[16:27:16.490] |T| [open_file]: sceIoOpen: Opening file app0:/mkaudio/sfx/land.wav (ux0:/app/PCSB01393/mkaudio/sfx/land.wav), fd: 0x38
[16:27:16.511] |T| [close_file]: sceIoClose: Closing file fd: 0x38
[16:27:16.513] |I| [export_sceIoOpen]: Opening file: app0:/mkaudio/sfx/laser.wav
[16:27:16.516] |T| [open_file]: sceIoOpen: Opening file app0:/mkaudio/sfx/laser.wav (ux0:/app/PCSB01393/mkaudio/sfx/laser.wav), fd: 0x39
[16:27:16.539] |T| [close_file]: sceIoClose: Closing file fd: 0x39
[16:27:16.541] |I| [export_sceIoOpen]: Opening file: app0:/mkaudio/sfx/lasercharge.wav
[16:27:16.545] |T| [open_file]: sceIoOpen: Opening file app0:/mkaudio/sfx/lasercharge.wav (ux0:/app/PCSB01393/mkaudio/sfx/lasercharge.wav), fd: 0x3A
[16:27:16.566] |T| [close_file]: sceIoClose: Closing file fd: 0x3A
[16:27:16.579] |I| [export_sceIoOpen]: Opening file: app0:/mkaudio/sfx/lose.wav
[16:27:16.581] |T| [open_file]: sceIoOpen: Opening file app0:/mkaudio/sfx/lose.wav (ux0:/app/PCSB01393/mkaudio/sfx/lose.wav), fd: 0x3B
[16:27:16.595] |T| [close_file]: sceIoClose: Closing file fd: 0x3B
[16:27:16.596] |I| [export_sceIoOpen]: Opening file: app0:/mkaudio/sfx/menublip.wav
[16:27:16.598] |T| [open_file]: sceIoOpen: Opening file app0:/mkaudio/sfx/menublip.wav (ux0:/app/PCSB01393/mkaudio/sfx/menublip.wav), fd: 0x3C
[16:27:16.667] |T| [close_file]: sceIoClose: Closing file fd: 0x3C
[16:27:16.669] |I| [export_sceIoOpen]: Opening file: app0:/mkaudio/sfx/minecart.wav
[16:27:16.672] |T| [open_file]: sceIoOpen: Opening file app0:/mkaudio/sfx/minecart.wav (ux0:/app/PCSB01393/mkaudio/sfx/minecart.wav), fd: 0x3D
[16:27:16.710] |T| [close_file]: sceIoClose: Closing file fd: 0x3D
[16:27:16.712] |I| [export_sceIoOpen]: Opening file: app0:/mkaudio/sfx/pistol.wav
[16:27:16.715] |T| [open_file]: sceIoOpen: Opening file app0:/mkaudio/sfx/pistol.wav (ux0:/app/PCSB01393/mkaudio/sfx/pistol.wav), fd: 0x3E
[16:27:16.755] |T| [close_file]: sceIoClose: Closing file fd: 0x3E
[16:27:16.758] |I| [export_sceIoOpen]: Opening file: app0:/mkaudio/sfx/pow.wav
[16:27:16.760] |T| [open_file]: sceIoOpen: Opening file app0:/mkaudio/sfx/pow.wav (ux0:/app/PCSB01393/mkaudio/sfx/pow.wav), fd: 0x3F
[16:27:16.795] |T| [close_file]: sceIoClose: Closing file fd: 0x3F
[16:27:16.798] |I| [export_sceIoOpen]: Opening file: app0:/mkaudio/sfx/pow4.wav
[16:27:16.800] |T| [open_file]: sceIoOpen: Opening file app0:/mkaudio/sfx/pow4.wav (ux0:/app/PCSB01393/mkaudio/sfx/pow4.wav), fd: 0x40
[16:27:17.194] |T| [close_file]: sceIoClose: Closing file fd: 0x40
[16:27:17.198] |I| [export_sceIoOpen]: Opening file: app0:/mkaudio/sfx/punched.wav
[16:27:17.200] |T| [open_file]: sceIoOpen: Opening file app0:/mkaudio/sfx/punched.wav (ux0:/app/PCSB01393/mkaudio/sfx/punched.wav), fd: 0x41
[16:27:17.242] |T| [close_file]: sceIoClose: Closing file fd: 0x41
[16:27:17.249] |I| [export_sceIoOpen]: Opening file: app0:/mkaudio/sfx/rumble.wav
[16:27:17.261] |T| [open_file]: sceIoOpen: Opening file app0:/mkaudio/sfx/rumble.wav (ux0:/app/PCSB01393/mkaudio/sfx/rumble.wav), fd: 0x42
[16:27:17.398] |T| [close_file]: sceIoClose: Closing file fd: 0x42
[16:27:17.399] |I| [export_sceIoOpen]: Opening file: app0:/mkaudio/sfx/rumblelong.wav
[16:27:17.408] |T| [open_file]: sceIoOpen: Opening file app0:/mkaudio/sfx/rumblelong.wav (ux0:/app/PCSB01393/mkaudio/sfx/rumblelong.wav), fd: 0x43
[16:27:17.417] |T| [close_file]: sceIoClose: Closing file fd: 0x43
[16:27:17.421] |I| [export_sceIoOpen]: Opening file: app0:/mkaudio/sfx/slide.wav
[16:27:17.426] |T| [open_file]: sceIoOpen: Opening file app0:/mkaudio/sfx/slide.wav (ux0:/app/PCSB01393/mkaudio/sfx/slide.wav), fd: 0x44
[16:27:17.441] |T| [close_file]: sceIoClose: Closing file fd: 0x44
[16:27:17.442] |I| [export_sceIoOpen]: Opening file: app0:/mkaudio/sfx/splash.wav
[16:27:17.445] |T| [open_file]: sceIoOpen: Opening file app0:/mkaudio/sfx/splash.wav (ux0:/app/PCSB01393/mkaudio/sfx/splash.wav), fd: 0x45
[16:27:17.473] |T| [close_file]: sceIoClose: Closing file fd: 0x45
[16:27:17.476] |I| [export_sceIoOpen]: Opening file: app0:/mkaudio/sfx/spring.wav
[16:27:17.478] |T| [open_file]: sceIoOpen: Opening file app0:/mkaudio/sfx/spring.wav (ux0:/app/PCSB01393/mkaudio/sfx/spring.wav), fd: 0x46
[16:27:17.505] |T| [close_file]: sceIoClose: Closing file fd: 0x46
[16:27:17.509] |I| [export_sceIoOpen]: Opening file: app0:/mkaudio/sfx/throw.wav
[16:27:17.511] |T| [open_file]: sceIoOpen: Opening file app0:/mkaudio/sfx/throw.wav (ux0:/app/PCSB01393/mkaudio/sfx/throw.wav), fd: 0x47
[16:27:17.531] |T| [close_file]: sceIoClose: Closing file fd: 0x47
[16:27:17.533] |I| [export_sceIoOpen]: Opening file: app0:/mkaudio/sfx/throw2.wav
[16:27:17.537] |T| [open_file]: sceIoOpen: Opening file app0:/mkaudio/sfx/throw2.wav (ux0:/app/PCSB01393/mkaudio/sfx/throw2.wav), fd: 0x48
[16:27:17.564] |T| [close_file]: sceIoClose: Closing file fd: 0x48
[16:27:17.566] |I| [export_sceIoOpen]: Opening file: app0:/mkaudio/sfx/thud.wav
[16:27:17.569] |T| [open_file]: sceIoOpen: Opening file app0:/mkaudio/sfx/thud.wav (ux0:/app/PCSB01393/mkaudio/sfx/thud.wav), fd: 0x49
[16:27:17.595] |T| [close_file]: sceIoClose: Closing file fd: 0x49
[16:27:17.597] |I| [export_sceIoOpen]: Opening file: app0:/mkaudio/sfx/unlock.wav
[16:27:17.599] |T| [open_file]: sceIoOpen: Opening file app0:/mkaudio/sfx/unlock.wav (ux0:/app/PCSB01393/mkaudio/sfx/unlock.wav), fd: 0x4A
[16:27:17.627] |T| [close_file]: sceIoClose: Closing file fd: 0x4A
[16:27:17.629] |I| [export_sceIoOpen]: Opening file: app0:/mkaudio/sfx/zipline.wav
[16:27:17.631] |T| [open_file]: sceIoOpen: Opening file app0:/mkaudio/sfx/zipline.wav (ux0:/app/PCSB01393/mkaudio/sfx/zipline.wav), fd: 0x4B
[16:27:17.653] |T| [close_file]: sceIoClose: Closing file fd: 0x4B
[16:27:17.816] |I| [export_sceIoOpen]: Opening file: app0:/textures/spritesheet.ntx
[16:27:17.820] |T| [open_file]: sceIoOpen: Opening file app0:/textures/spritesheet.ntx (ux0:/app/PCSB01393/textures/spritesheet.ntx), fd: 0x4C
[16:27:18.195] |T| [close_file]: sceIoClose: Closing file fd: 0x4C
[16:27:18.203] |I| [export_sceIoOpen]: Opening file: app0:/textures/spritesheet.ntl
[16:27:18.207] |T| [open_file]: sceIoOpen: Opening file app0:/textures/spritesheet.ntl (ux0:/app/PCSB01393/textures/spritesheet.ntl), fd: 0x4D
[16:27:18.367] |T| [close_file]: sceIoClose: Closing file fd: 0x4D
[16:27:19.223] |I| [float_to_half_init]: AVX+F16C instruction set is not supported. Using basic f32 to f16 conversion
[16:27:19.407] |W| [unimplemented_impl]: Unimplemented sceCommonDialogUpdate import called.
[16:27:19.592] |I| [renderer::vulkan::PipelineCache::retrieve_shader]: Generating vulkan spv shader 2a0d03803063fef42d60bbea691b517cdc9dca55698e9e4ad05aeaf2a4c81c47
[16:27:19.597] |I| [renderer::load_shader_generic]: Generating vert.spv.txt shader 2a0d03803063fef42d60bbea691b517cdc9dca55698e9e4ad05aeaf2a4c81c47
[16:27:19.701] |D| [shader::create_parameters]: [BUFFER0  + 0] pa0 = (float4) aPosition
[16:27:19.748] |T| [shader::usse::USSERecompiler::compile_code_node]: Compiling code_0, size = 4
fa44070000000000: PHAS
08a5118590040001: VMUL o0.xy pa0.xy c1.yy
0883118190568001: VMUL o2.xy 0 c1.yy
fb275000a0200000: SPEC category: 2, special: false
[16:27:20.017] |I| [renderer::vulkan::PipelineCache::retrieve_shader]: Generating vulkan spv shader b4e8aadc7e95ad02b59460a1ae651e7e788f244d302a4f838799fdf5d84da677
[16:27:20.024] |I| [renderer::load_shader_generic]: Generating frag.spv.txt shader b4e8aadc7e95ad02b59460a1ae651e7e788f244d302a4f838799fdf5d84da677
[16:27:20.032] |D| [shader::create_parameters]: [DEFAULT  + 0] sa0 = (half4) color
[16:27:20.035] |T| [shader::usse::USSERecompiler::compile_code_node]: Compiling code_0, size = 2
fa44070000000000: PHAS
38800422c5000000: VMOV.f16 pa0.xyzw sa0.xyzw
[16:27:20.334] |I| [renderer::vulkan::PipelineCache::retrieve_shader]: Generating vulkan spv shader a2998cb0163f9ab27cda686a75171765cc46cfafb1387b450af135855643bff8
[16:27:20.339] |I| [renderer::load_shader_generic]: Generating vert.spv.txt shader a2998cb0163f9ab27cda686a75171765cc46cfafb1387b450af135855643bff8
[16:27:20.348] |D| [shader::create_parameters]: [BUFFER0  + 0] pa0 = (float4) aPosition
[16:27:20.350] |D| [shader::create_parameters]: [BUFFER0  + 4] pa4 = (float4) aColor
[16:27:20.358] |D| [shader::create_parameters]: [BUFFER0  + 8] pa8 = (float4) aTexCoord
[16:27:20.360] |D| [shader::create_parameters]: [DEFAULT  + 0] sa0 = (float4) wvp[4]
[16:27:20.362] |T| [shader::usse::USSERecompiler::compile_code_node]: Compiling code_0, size = 9
fa44070000000000: PHAS
38802d2183080080: VMOV.f32 o4.xy pa4.xy
38802d2183080080: VMOV.f32 o6.xy pa6.xy
38802d2183080080: VMOV.f32 o8.xy pa8.xy
40c00d9caf818002: VPCKF32F32 i0.xyz (pa0.xyz pa2.xyzw) [noscale]
40c00dbcffb9860e: VPCKF32F32 i1.xyzw (sa12.xyzw sa14.xyzw) [noscale]
18b18f80cf491104: VMAD i1.xyzw i0.zzzz sa8.xyzw i1.xyzw
18b18f80cf451102: VMAD i1.xyzw i0.yyyy sa4.xyzw i1.xyzw
18b18181c0011100: VMAD o0.xy i0.xx sa0.xy i1.xy
18b18181c042d101: VMAD o2.xy i0.xx sa2.xy i1.zw
fb275000a0200000: SPEC category: 2, special: false
[16:27:20.445] |I| [renderer::vulkan::PipelineCache::retrieve_shader]: Generating vulkan spv shader b943f9dca68ed0c03bbd7bde1c377feef6e562bf30fa3ca9737b414100b37114
[16:27:20.449] |I| [renderer::load_shader_generic]: Generating frag.spv.txt shader b943f9dca68ed0c03bbd7bde1c377feef6e562bf30fa3ca9737b414100b37114
[16:27:20.467] |D| [shader::create_fragment_inputs]: Iterator: pa0 = (float4) v_Color0
[16:27:20.495] |T| [shader::create_fragment_inputs]: pa4 = tex2D<float4>(vTexUnit, TEXCOORD0.xy)
[16:27:20.512] |T| [shader::usse::USSERecompiler::compile_code_node]: Compiling code_0, size = 6
fa44070000000000: PHAS
f800094000000000: NOP
40c00dbcaf998206: VPCKF32F32 i0.xyzw (pa4.xyzw pa6.xyzw) [noscale]
08a447848f04003c: VMUL i0.xyzw pa0.xyzw i0.xyzw
40810c3e201dbc00: VPCKU8F32 pa0.xyzw i0.xyzw [scale]
809082dd90000000: SOP2:FADD
809082dd90000000: SOP2:FADD
[16:27:25.817] |E| [stat_file]: Missing file at D:/GAMESANDEMULATORS/vita3k/stronge/ux0/user/00/savedata/PCSB01393/mksave.dat (target path: savedata0:/mksave.dat)
[16:27:25.821] |W| [io_error_impl]: stat_file (_sceIoGetstat) returned 0x80010002
[16:27:25.849] |E| [open_file]: Missing file at D:/GAMESANDEMULATORS/vita3k/stronge/ux0/user/00/savedata/PCSB01393/SlotParam_0.bin (target path: savedata0:/SlotParam_0.bin)
[16:27:25.851] |W| [io_error_impl]: open_file (sceAppUtilSaveDataSlotGetParam) returned 0x80010002
[16:27:25.854] |E| [logging::ret_error_impl]: sceAppUtilSaveDataSlotGetParam returned SCE_APPUTIL_ERROR_SAVEDATA_SLOT_NOT_FOUND (0x80100641)
[16:27:25.865] |T| [open_file]: sceAppUtilSaveDataDataSave: Opening file savedata0:/mksave.dat (ux0:/user/00/savedata/PCSB01393/mksave.dat), fd: 0x4E
[16:27:25.868] |T| [write_file]: sceAppUtilSaveDataDataSave: Writing to fd: 0x4E, size: 2544
[16:27:25.870] |T| [close_file]: sceAppUtilSaveDataDataSave: Closing file fd: 0x4E
[16:27:25.881] |T| [open_file]: sceAppUtilSaveDataDataSave: Opening file savedata0:/SlotParam_0.bin (ux0:/user/00/savedata/PCSB01393/SlotParam_0.bin), fd: 0x4F
[16:27:25.883] |T| [write_file]: sceAppUtilSaveDataDataSave: Writing to fd: 0x4F, size: 844
[16:27:25.886] |T| [close_file]: sceAppUtilSaveDataDataSave: Closing file fd: 0x4F
[16:27:25.959] |I| [export_sceIoOpen]: Opening file: app0:/levels/beach0
[16:27:25.960] |T| [open_file]: sceIoOpen: Opening file app0:/levels/beach0 (ux0:/app/PCSB01393/levels/beach0), fd: 0x50
[16:27:25.965] |T| [close_file]: sceIoClose: Closing file fd: 0x50
[16:27:26.733] |I| [ngs::player::Module::process]: The currently running game requests playback rate scaling when decoding audio. Audio might crackle.
[16:27:27.654] |I| [export_sceIoOpen]: Opening file: app0:/mkaudio/music/MainThemeMaster1V1.wav
[16:27:27.696] |T| [open_file]: sceIoOpen: Opening file app0:/mkaudio/music/MainThemeMaster1V1.wav (ux0:/app/PCSB01393/mkaudio/music/MainThemeMaster1V1.wav), fd: 0x51
[16:27:50.070] |I| [renderer::vulkan::PipelineCache::save_pipeline_cache]: Saving pipeline cache...
[16:27:50.079] |I| [renderer::vulkan::PipelineCache::save_pipeline_cache]: Pipeline cache saved
[16:27:53.227] |T| [close_file]: sceIoClose: Closing file fd: 0x51
[16:29:14.337] |I| [export_sceIoOpen]: Opening file: app0:/maps/beach
[16:29:14.343] |T| [open_file]: sceIoOpen: Opening file app0:/maps/beach (ux0:/app/PCSB01393/maps/beach), fd: 0x52
[16:29:14.401] |T| [close_file]: sceIoClose: Closing file fd: 0x52
[16:29:14.714] |I| [export_sceIoOpen]: Opening file: app0:/mkaudio/music/BeachMapMasterV1.wav
[16:29:14.716] |T| [open_file]: sceIoOpen: Opening file app0:/mkaudio/music/BeachMapMasterV1.wav (ux0:/app/PCSB01393/mkaudio/music/BeachMapMasterV1.wav), fd: 0x53
[16:29:17.647] |T| [open_file]: sceAppUtilSaveDataSlotGetParam: Opening file savedata0:/SlotParam_0.bin (ux0:/user/00/savedata/PCSB01393/SlotParam_0.bin), fd: 0x54
[16:29:17.668] |T| [close_file]: sceAppUtilSaveDataSlotGetParam: Closing file fd: 0x54
[16:29:17.670] |T| [open_file]: sceAppUtilSaveDataDataSave: Opening file savedata0:/mksave.dat (ux0:/user/00/savedata/PCSB01393/mksave.dat), fd: 0x55
[16:29:17.677] |T| [write_file]: sceAppUtilSaveDataDataSave: Writing to fd: 0x55, size: 2544
[16:29:17.679] |T| [close_file]: sceAppUtilSaveDataDataSave: Closing file fd: 0x55
[16:29:17.730] |T| [open_file]: sceAppUtilSaveDataDataSave: Opening file savedata0:/SlotParam_0.bin (ux0:/user/00/savedata/PCSB01393/SlotParam_0.bin), fd: 0x56
[16:29:17.734] |T| [write_file]: sceAppUtilSaveDataDataSave: Writing to fd: 0x56, size: 844
[16:29:17.736] |T| [close_file]: sceAppUtilSaveDataDataSave: Closing file fd: 0x56
[16:29:17.791] |I| [export_sceIoOpen]: Opening file: app0:/levels/tutorial
[16:29:17.794] |T| [open_file]: sceIoOpen: Opening file app0:/levels/tutorial (ux0:/app/PCSB01393/levels/tutorial), fd: 0x57
[16:29:17.822] |T| [close_file]: sceIoClose: Closing file fd: 0x57
[16:29:18.199] |T| [close_file]: sceIoClose: Closing file fd: 0x53
[16:29:18.201] |I| [export_sceIoOpen]: Opening file: app0:/mkaudio/music/BeachOverworldMasterV1.wav
[16:29:18.203] |T| [open_file]: sceIoOpen: Opening file app0:/mkaudio/music/BeachOverworldMasterV1.wav (ux0:/app/PCSB01393/mkaudio/music/BeachOverworldMasterV1.wav), fd: 0x58
[16:29:18.252] |I| [export_sceIoOpen]: Opening file: app0:/cutscenes/w1introp2.txt
[16:29:18.255] |T| [open_file]: sceIoOpen: Opening file app0:/cutscenes/w1introp2.txt (ux0:/app/PCSB01393/cutscenes/w1introp2.txt), fd: 0x59
[16:29:18.267] |T| [close_file]: sceIoClose: Closing file fd: 0x59
[16:29:18.279] |I| [export_sceIoOpen]: Opening file: app0:/levels/stormscene0
[16:29:18.280] |T| [open_file]: sceIoOpen: Opening file app0:/levels/stormscene0 (ux0:/app/PCSB01393/levels/stormscene0), fd: 0x5A
[16:29:18.293] |T| [close_file]: sceIoClose: Closing file fd: 0x5A
[16:29:42.016] |T| [close_file]: sceIoClose: Closing file fd: 0x58
[16:30:21.244] |T| [open_file]: sceAppUtilSaveDataSlotGetParam: Opening file savedata0:/SlotParam_0.bin (ux0:/user/00/savedata/PCSB01393/SlotParam_0.bin), fd: 0x5B
[16:30:21.265] |T| [close_file]: sceAppUtilSaveDataSlotGetParam: Closing file fd: 0x5B
[16:30:21.281] |T| [open_file]: sceAppUtilSaveDataDataSave: Opening file savedata0:/mksave.dat (ux0:/user/00/savedata/PCSB01393/mksave.dat), fd: 0x5C
[16:30:21.283] |T| [write_file]: sceAppUtilSaveDataDataSave: Writing to fd: 0x5C, size: 2544
[16:30:21.288] |T| [close_file]: sceAppUtilSaveDataDataSave: Closing file fd: 0x5C
[16:30:21.316] |T| [open_file]: sceAppUtilSaveDataDataSave: Opening file savedata0:/SlotParam_0.bin (ux0:/user/00/savedata/PCSB01393/SlotParam_0.bin), fd: 0x5D
[16:30:21.318] |T| [write_file]: sceAppUtilSaveDataDataSave: Writing to fd: 0x5D, size: 844
[16:30:21.332] |T| [close_file]: sceAppUtilSaveDataDataSave: Closing file fd: 0x5D
[16:30:50.991] |T| [open_file]: sceAppUtilSaveDataSlotGetParam: Opening file savedata0:/SlotParam_0.bin (ux0:/user/00/savedata/PCSB01393/SlotParam_0.bin), fd: 0x5E
[16:30:50.997] |T| [close_file]: sceAppUtilSaveDataSlotGetParam: Closing file fd: 0x5E
[16:30:51.002] |T| [open_file]: sceAppUtilSaveDataDataSave: Opening file savedata0:/mksave.dat (ux0:/user/00/savedata/PCSB01393/mksave.dat), fd: 0x5F
[16:30:51.014] |T| [write_file]: sceAppUtilSaveDataDataSave: Writing to fd: 0x5F, size: 2544
[16:30:51.019] |T| [close_file]: sceAppUtilSaveDataDataSave: Closing file fd: 0x5F
[16:30:51.022] |T| [open_file]: sceAppUtilSaveDataDataSave: Opening file savedata0:/SlotParam_0.bin (ux0:/user/00/savedata/PCSB01393/SlotParam_0.bin), fd: 0x60
[16:30:51.026] |T| [write_file]: sceAppUtilSaveDataDataSave: Writing to fd: 0x60, size: 844
[16:30:51.029] |T| [close_file]: sceAppUtilSaveDataDataSave: Closing file fd: 0x60
[16:30:54.907] |T| [open_file]: sceAppUtilSaveDataSlotGetParam: Opening file savedata0:/SlotParam_0.bin (ux0:/user/00/savedata/PCSB01393/SlotParam_0.bin), fd: 0x61
[16:30:54.911] |T| [close_file]: sceAppUtilSaveDataSlotGetParam: Closing file fd: 0x61
[16:30:54.915] |T| [open_file]: sceAppUtilSaveDataDataSave: Opening file savedata0:/mksave.dat (ux0:/user/00/savedata/PCSB01393/mksave.dat), fd: 0x62
[16:30:54.923] |T| [write_file]: sceAppUtilSaveDataDataSave: Writing to fd: 0x62, size: 2544
[16:30:54.931] |T| [close_file]: sceAppUtilSaveDataDataSave: Closing file fd: 0x62
[16:30:54.938] |T| [open_file]: sceAppUtilSaveDataDataSave: Opening file savedata0:/SlotParam_0.bin (ux0:/user/00/savedata/PCSB01393/SlotParam_0.bin), fd: 0x63
[16:30:54.942] |T| [write_file]: sceAppUtilSaveDataDataSave: Writing to fd: 0x63, size: 844
[16:30:54.944] |T| [close_file]: sceAppUtilSaveDataDataSave: Closing file fd: 0x63
[16:30:58.442] |T| [open_file]: sceAppUtilSaveDataSlotGetParam: Opening file savedata0:/SlotParam_0.bin (ux0:/user/00/savedata/PCSB01393/SlotParam_0.bin), fd: 0x64
[16:30:58.449] |T| [close_file]: sceAppUtilSaveDataSlotGetParam: Closing file fd: 0x64
[16:30:58.456] |T| [open_file]: sceAppUtilSaveDataDataSave: Opening file savedata0:/mksave.dat (ux0:/user/00/savedata/PCSB01393/mksave.dat), fd: 0x65
[16:30:58.460] |T| [write_file]: sceAppUtilSaveDataDataSave: Writing to fd: 0x65, size: 2544
[16:30:58.466] |T| [close_file]: sceAppUtilSaveDataDataSave: Closing file fd: 0x65
[16:30:58.469] |T| [open_file]: sceAppUtilSaveDataDataSave: Opening file savedata0:/SlotParam_0.bin (ux0:/user/00/savedata/PCSB01393/SlotParam_0.bin), fd: 0x66
[16:30:58.476] |T| [write_file]: sceAppUtilSaveDataDataSave: Writing to fd: 0x66, size: 844
[16:30:58.477] |T| [close_file]: sceAppUtilSaveDataDataSave: Closing file fd: 0x66
[16:31:08.460] |I| [export_sceIoOpen]: Opening file: app0:/mkaudio/music/LevelCompletedMaster1V1.wav
[16:31:08.463] |T| [open_file]: sceIoOpen: Opening file app0:/mkaudio/music/LevelCompletedMaster1V1.wav (ux0:/app/PCSB01393/mkaudio/music/LevelCompletedMaster1V1.wav), fd: 0x67
[16:31:10.853] |T| [close_file]: sceIoClose: Closing file fd: 0x67