[17:38:11.980] |I| [config::init]: lle-modules: libscemp4,libpgf,libhttp,libnaac,libpaf,libpaf_web_map_view,libpvf,libsceavplayer,libscejpegencarm,libscejpegarm,libSceMp4Rec,libSceXml
[17:38:11.981] |I| [config::init]: log-level: 1
[17:38:11.981] |I| [config::init]: log-imports: false
[17:38:11.981] |I| [config::init]: log-exports: false
[17:38:11.981] |I| [config::init]: log-active-shaders: false
[17:38:11.981] |I| [config::init]: log-uniforms: false
[17:38:11.981] |I| [config::init]: sync-rendering: false
[17:38:11.984] |I| [SDL_main]: Vita3K v0.1 1071-205c3ac
[17:38:12.948] |I| [init]: Swap interval = -1
[17:38:13.019] |I| [gui::init_icons]: Default icon found for title MP4PLAYER, Mp4 Pl.
[17:38:13.246] |I| [gui::init_icons]: Default icon found for title SKGCBSMGR, Custom Boot Splash Manager.
[17:38:13.247] |I| [gui::init_icons]: Default icon found for title SKGTLSE12, iTLS-Enso.
[17:38:13.248] |I| [gui::init_icons]: Default icon found for title SKOG00001, Snes9xVITA.
[17:38:13.252] |I| [gui::init_icons]: Default icon found for title VCID00001, VitaCID.
[17:38:13.254] |I| [gui::init_icons]: Default icon found for title VITATESTR, VitaTester.
[17:38:18.408] |I| [load_app_impl]: Title: Need For Speed™ Most Wanted
[17:38:18.408] |I| [load_app_impl]: Serial: PCSE00089
[17:38:18.408] |I| [load_app_impl]: Version: 01.00
[17:38:18.409] |I| [load_app_impl]: Category: gd
[17:38:18.444] |I| [load_self]: Loading symbols for SELF: app0:sce_module/libc.suprx
[17:38:18.445] |D| [load_var_exports]: 	NID 0x6C2224BA (NID_MODULE_INFO) at 0x2E540
[17:38:18.445] |W| [load_var_imports]: 	NID NOT FOUND 0xDF084DFA (UNRECOGNISED) at 0x31D88, setting to stub value 0xDEADBEEF
[17:38:18.445] |I| [load_app_impl]: Pre-load module SceLibc (at "sce_module/libc.suprx") loaded
[17:38:18.454] |I| [load_self]: Loading symbols for SELF: app0:sce_module/libfios2.suprx
[17:38:18.454] |D| [load_var_exports]: 	NID 0x6C2224BA (NID_MODULE_INFO) at 0x5BD38
[17:38:18.454] |I| [load_app_impl]: Pre-load module SceLibFios2 (at "sce_module/libfios2.suprx") loaded
[17:38:18.460] |I| [load_self]: Loading symbols for SELF: app0:sce_module/libult.suprx
[17:38:18.460] |D| [load_var_exports]: 	NID 0x6C2224BA (NID_MODULE_INFO) at 0x78714
[17:38:18.460] |W| [load_var_imports]: 	NID NOT FOUND 0x936A5F31 (_pLibPerfCaptureFlagPtr) at 0x78C84, setting to stub value 0xDEADBEEF
[17:38:18.462] |I| [load_app_impl]: Pre-load module SceUlt (at "sce_module/libult.suprx") loaded
[17:38:18.661] |I| [load_self]: Loading symbols for SELF: app0:eboot.bin
[17:38:18.661] |D| [load_var_exports]: 	NID 0x6C2224BA (NID_MODULE_INFO) at 0x8167C56C
[17:38:18.662] |D| [load_var_exports]: 	NID 0x70FBA1E7 (SCE_PROC_PARAMS) at 0x8179BFF4
[17:38:18.662] |I| [load_app_impl]: Main executable Hawaii_VITA_External_Unity (eboot.bin) loaded
[17:38:18.667] |D| [run_app]: Running module_start of library: SceLibc
[17:38:18.674] |I| [run_app]: Module SceLibc (at "app0:sce_module/libc.suprx") module_start returned 0x0
[17:38:18.675] |D| [run_app]: Running module_start of library: SceLibFios2
[17:38:18.679] |W| [stubbed_impl]: Stubbed sceKernelGetProcessId import called. (pid: 0)
[17:38:18.679] |W| [unimplemented_impl]: Unimplemented _sceFiosKernelOverlayGetList import called.
[17:38:18.680] |I| [run_app]: Module SceLibFios2 (at "app0:sce_module/libfios2.suprx") module_start returned 0x0
[17:38:18.682] |D| [run_app]: Running module_start of library: SceUlt
[17:38:18.685] |W| [unimplemented_impl]: Unimplemented _sceUlobjMgrRegisterLibultProtocolRevision import called.
[17:38:18.685] |I| [run_app]: Module SceUlt (at "app0:sce_module/libult.suprx") module_start returned 0x0
[17:38:18.709] |I| [load_self]: Loading symbols for SELF: app0:mai_moe/mai.suprx
[17:38:18.710] |D| [load_var_exports]: 	NID 0x6C2224BA (NID_MODULE_INFO) at 0x14380C
[17:38:18.710] |D| [load_var_exports]: 	NID 0x70FBA1E7 (SCE_PROC_PARAMS) at 0x143868
[17:38:18.718] |I| [export_sceIoOpen]: Opening file: app0:mai_moe/load_type.mai
[17:38:18.725] |I| [export_sceKernelLoadStartModule]: Module SceLibFios2 (at "app0:sce_module/libfios2.suprx") module_start returned 0x0
[17:38:18.730] |I| [load_self]: Loading symbols for SELF: app0:sce_module/libfios2_m.suprx
[17:38:18.730] |D| [load_var_exports]: 	NID 0x6C2224BA (NID_MODULE_INFO) at 0x1E0D38
[17:38:18.734] |I| [export_sceKernelLoadStartModule]: Module mceLibFios2 (at "app0:sce_module/libfios2_m.suprx") module_start returned 0x0
[17:38:18.736] |W| [io_error_impl]: open_dir (sceIoDopen) returned 0x80010002
[17:38:18.736] |W| [io_error_impl]: read_dir (sceIoDread) returned 0x80010051
[17:38:18.738] |W| [io_error_impl]: close_dir (sceIoDclose) returned 0x80010051
[17:38:18.818] |I| [export_sceKernelLoadStartModule]: Module output/testprx.elf (at "app0:mai_moe/mai.suprx") module_start returned 0x0
[17:38:18.821] |W| [unimplemented_impl]: Unimplemented sceKernelGetModuleInfoByAddr import called.
[17:38:18.822] |W| [unimplemented_impl]: Unimplemented sceKernelRegisterThreadEventHandler import called.
[17:38:18.991] |W| [unimplemented_impl]: Unimplemented sceNetCtlInit import called.
[17:38:18.991] |W| [unimplemented_impl]: Unimplemented sceSslInit import called.
[17:38:18.992] |W| [unimplemented_impl]: Unimplemented sceHttpInit import called.
[17:38:18.999] |W| [unimplemented_impl]: Unimplemented sceKernelChangeThreadVfpException import called.
[17:38:18.999] |W| [unimplemented_impl]: Unimplemented _sceFiosKernelOverlayThreadSetDisabled import called.
[17:38:19.012] |W| [unimplemented_impl]: Unimplemented _sceFiosKernelOverlayGetRecommendedScheduler import called.
[17:38:19.014] |I| [export_sceIoOpen]: Opening file: app0:/SKUCONFIG.INI
[17:38:19.329] |I| [renderer::create]: GL_VERSION = 4.1.0 NVIDIA 430.86
[17:38:19.329] |I| [renderer::create]: GL_SHADING_LANGUAGE_VERSION = 4.10 NVIDIA via Cg compiler
[17:38:19.332] |W| [unimplemented_impl]: Unimplemented sceGxmColorSurfaceSetGammaMode import called.
[17:38:19.340] |E| [call_import]: Import function for NID 0x7FFFDD7A not found (thread name: PCSE00089, thread ID: 4)
[17:38:19.343] |I| [renderer::load_shader]: Generating vert shader 49b5646b3fd08b97fee24670c65762827300bdc4ea5e476d557b9e21f47ac32b
[17:38:19.343] |D| [shader::create_parameters]: [BUFFER0  + 0] pa0 = iPosition
[17:38:19.344] |D| [shader::create_parameters]: [DEFAULT  + 0] sa0 = FillDepth
[17:38:19.344] |D| [shader::create_parameters]: [DEFAULT  + 2] sa2 = FillColour
[17:38:19.345] |W| [shader::create_parameters]: Container for literal not found, skipping creating literals!
[17:38:19.352] |D| [shader::spirv_disasm_print]: SPIR-V Disassembly:
// Module Version 10300
// Generated by (magic number): 1337000
// Id's are bound by 158

                              Capability Shader
              72:             ExtInstImport  "GLSL.std.450"
                              MemoryModel Logical GLSL450
                              EntryPoint Vertex 4  "main_vs"
               1:             String  "49b5646b3fd08b97fee24670c65762827300bdc4ea5e476d557b9e21f47ac32b"
                              SourceExtension  "gxp"
                              Name 4  "main_vs"
                              Name 23  "pa"
                              Name 24  "sa"
                              Name 26  "internals"
                              Name 28  "r"
                              Name 30  "p"
                              Name 32  "idx"
                              Name 34  "outs"
                              Name 36  "iPosition"
                              Name 43  "FillDepth"
                              Name 49  "FillColour"
                              Name 58  "vert_output_finalize"
                              Name 61  "v_Position"
                              Name 66  "v_Color0"
                              Name 85  "block_prim_0"
                              Decorate 61(v_Position) BuiltIn Position
               2:             TypeVoid
               3:             TypeFunction 2
               6:             TypeFloat 32
               7:             TypeInt 32 1
               8:             TypeBool
               9:             TypeVector 6(float) 4
              10:      7(int) Constant 32
              11:             TypeArray 9(fvec4) 10
              12:      7(int) Constant 3
              13:             TypeArray 9(fvec4) 12
              14:      7(int) Constant 20
              15:             TypeArray 9(fvec4) 14
              16:      7(int) Constant 2
              17:             TypeArray 7(int) 16
              18:      7(int) Constant 4
              19:             TypeArray 8(bool) 18
              20:      7(int) Constant 10
              21:             TypeArray 9(fvec4) 20
              22:             TypePointer Private 11
          23(pa):     22(ptr) Variable Private
          24(sa):     22(ptr) Variable Private
              25:             TypePointer Private 13
   26(internals):     25(ptr) Variable Private
              27:             TypePointer Private 15
           28(r):     27(ptr) Variable Private
              29:             TypePointer Private 19
           30(p):     29(ptr) Variable Private
              31:             TypePointer Private 17
         32(idx):     31(ptr) Variable Private
              33:             TypePointer Private 21
        34(outs):     33(ptr) Variable Private
              35:             TypePointer Input 9(fvec4)
   36(iPosition):     35(ptr) Variable Input
              38:             TypePointer Private 6(float)
              39:             TypePointer Private 9(fvec4)
              40:      7(int) Constant 0
              42:             TypePointer UniformConstant 6(float)
   43(FillDepth):     42(ptr) Variable UniformConstant
              48:             TypePointer UniformConstant 9(fvec4)
  49(FillColour):     48(ptr) Variable UniformConstant
              51:      7(int) Constant 1
              60:             TypePointer Output 9(fvec4)
  61(v_Position):     60(ptr) Variable Output
    66(v_Color0):     60(ptr) Variable Output
              73:             TypeInt 32 0
              74:    6(float) Constant 1056964608
              75:    6(float) Constant 0
              76:    6(float) Constant 1065353216
              77:    6(float) Constant 1073741824
              78:             TypeVector 6(float) 1
              79:    78(fvec) ConstantComposite 75
              80:             TypeVector 6(float) 2
              81:   80(fvec2) ConstantComposite 75 75
              82:             TypeVector 6(float) 3
              83:   82(fvec3) ConstantComposite 75 75 75
              84:    9(fvec4) ConstantComposite 75 75 75 75
             133:    9(fvec4) ConstantComposite 76 76 76 76
      4(main_vs):           2 Function None 3
               5:             Label
              37:    9(fvec4) Load 36(iPosition)
              41:     39(ptr) AccessChain 23(pa) 40
                              Store 41 37
              44:    6(float) Load 43(FillDepth)
              45:     39(ptr) AccessChain 24(sa) 40
              46:    9(fvec4) Load 45
              47:    9(fvec4) VectorInsertDynamic 46 44 40
                              Store 45 47
              50:    9(fvec4) Load 49(FillColour)
              52:     39(ptr) AccessChain 24(sa) 51
              53:    9(fvec4) Load 52
              54:    9(fvec4) VectorShuffle 53 50 6 7 2 3
                              Store 52 54
              55:     39(ptr) AccessChain 24(sa) 40
              56:    9(fvec4) Load 55
              57:    9(fvec4) VectorShuffle 56 50 0 1 4 5
                              Store 55 57
             157:           2 FunctionCall 85(block_prim_0)
                              Return
                              FunctionEnd
58(vert_output_finalize):           2 Function None 3
              59:             Label
              62:     39(ptr) AccessChain 34(outs) 40
              63:     39(ptr) AccessChain 34(outs) 40
              64:    9(fvec4) Load 63
              65:    9(fvec4) Load 62
                              Store 61(v_Position) 65
              67:     39(ptr) AccessChain 34(outs) 51
              68:     39(ptr) AccessChain 34(outs) 51
              69:    9(fvec4) Load 68
              70:    9(fvec4) Load 67
                              Store 66(v_Color0) 70
                              Return
                              FunctionEnd
85(block_prim_0):           2 Function None 3
              86:             Label
                              Line 1 1 0
              87:     39(ptr) AccessChain 24(sa) 40
              88:     39(ptr) AccessChain 24(sa) 51
              89:    9(fvec4) Load 88
              90:    9(fvec4) Load 87
              91:    6(float) VectorExtractDynamic 90 16
              92:    6(float) VectorExtractDynamic 90 12
              93:   80(fvec2) CompositeConstruct 91 92
              94:     39(ptr) AccessChain 34(outs) 51
              95:    9(fvec4) Load 94
              96:    9(fvec4) VectorShuffle 95 93 4 5 2 3
                              Store 94 96
              97:     39(ptr) AccessChain 24(sa) 51
              98:     39(ptr) AccessChain 24(sa) 51
              99:    9(fvec4) Load 98
             100:    9(fvec4) Load 97
             101:    6(float) VectorExtractDynamic 100 40
             102:    6(float) VectorExtractDynamic 100 51
             103:   80(fvec2) CompositeConstruct 101 102
             104:     39(ptr) AccessChain 34(outs) 51
             105:    9(fvec4) Load 104
             106:    9(fvec4) VectorShuffle 105 103 0 1 4 5
                              Store 104 106
                              Line 1 2 0
             107:     39(ptr) AccessChain 24(sa) 40
             108:     39(ptr) AccessChain 24(sa) 40
             109:    9(fvec4) Load 108
             110:    9(fvec4) Load 107
             111:    6(float) VectorExtractDynamic 110 40
             112:     39(ptr) AccessChain 34(outs) 40
             113:    9(fvec4) Load 112
             114:    9(fvec4) VectorInsertDynamic 113 111 16
                              Store 112 114
                              Line 1 3 0
             115:     39(ptr) AccessChain 23(pa) 40
             116:     39(ptr) AccessChain 23(pa) 40
             117:    9(fvec4) Load 116
             118:    9(fvec4) Load 115
             119:    6(float) VectorExtractDynamic 118 40
             120:    6(float) VectorExtractDynamic 118 51
             121:   80(fvec2) CompositeConstruct 119 120
             122:     39(ptr) AccessChain 34(outs) 40
             123:    9(fvec4) Load 122
             124:    9(fvec4) VectorShuffle 123 121 4 5 2 3
                              Store 122 124
                              Line 1 4 0
             125:     39(ptr) AccessChain 34(outs) 40
             126:     39(ptr) AccessChain 34(outs) 40
             127:    9(fvec4) Load 126
             128:    9(fvec4) Load 125
             129:    6(float) VectorExtractDynamic 128 40
             130:    6(float) VectorExtractDynamic 128 51
             131:    6(float) VectorExtractDynamic 128 16
             132:    9(fvec4) CompositeConstruct 129 130 131 76
             134:    9(fvec4) FMul 132 133
             135:     39(ptr) AccessChain 26(internals) 40
                              Store 135 134
                              Line 1 5 0
             136:     39(ptr) AccessChain 26(internals) 40
             137:     39(ptr) AccessChain 26(internals) 40
             138:    9(fvec4) Load 137
             139:    9(fvec4) Load 136
             140:    6(float) VectorExtractDynamic 139 40
             141:    6(float) VectorExtractDynamic 139 51
             142:   80(fvec2) CompositeConstruct 140 141
             143:     39(ptr) AccessChain 34(outs) 40
             144:    9(fvec4) Load 143
             145:    9(fvec4) VectorShuffle 144 142 4 5 2 3
                              Store 143 145
                              Line 1 6 0
             146:     39(ptr) AccessChain 26(internals) 40
             147:     39(ptr) AccessChain 26(internals) 40
             148:    9(fvec4) Load 147
             149:    9(fvec4) Load 146
             150:    6(float) VectorExtractDynamic 149 16
             151:    6(float) VectorExtractDynamic 149 12
             152:   80(fvec2) CompositeConstruct 150 151
             153:     39(ptr) AccessChain 34(outs) 40
             154:    9(fvec4) Load 153
             155:    9(fvec4) VectorShuffle 154 152 0 1 4 5
                              Store 153 155
             156:           2 FunctionCall 58(vert_output_finalize)
                              Return
                              FunctionEnd

[17:38:19.355] |D| [shader::convert_gxp_to_glsl]: Generated GLSL:
#version 410
#ifdef GL_ARB_shading_language_420pack
#extension GL_ARB_shading_language_420pack : require
#endif

uniform float FillDepth;
uniform vec4 FillColour;

in vec4 iPosition;
out vec4 v_Color0;
vec4 pa[32];
vec4 sa[32];
vec4 internals[3];
vec4 r[20];
bool p[4];
int idx[2];
vec4 outs[10];

void vert_output_finalize()
{
    gl_Position = outs[0];
    v_Color0 = outs[1];
}

void block_prim_0()
{
    vec2 _93 = vec2(sa[0].z, sa[0].w);
    outs[1] = vec4(_93.x, _93.y, outs[1].z, outs[1].w);
    vec2 _103 = vec2(sa[1].x, sa[1].y);
    outs[1] = vec4(outs[1].x, outs[1].y, _103.x, _103.y);
    vec4 _114 = outs[0];
    _114.z = sa[0].x;
    outs[0] = _114;
    vec2 _121 = vec2(pa[0].x, pa[0].y);
    outs[0] = vec4(_121.x, _121.y, outs[0].z, outs[0].w);
    internals[0] = vec4(outs[0].x, outs[0].y, outs[0].z, 1.0) * vec4(1.0);
    vec2 _142 = vec2(internals[0].x, internals[0].y);
    outs[0] = vec4(_142.x, _142.y, outs[0].z, outs[0].w);
    vec2 _152 = vec2(internals[0].z, internals[0].w);
    outs[0] = vec4(outs[0].x, outs[0].y, _152.x, _152.y);
    vert_output_finalize();
}

void main()
{
    pa[0] = iPosition;
    vec4 _47 = sa[0];
    _47.x = FillDepth;
    sa[0] = _47;
    sa[1] = vec4(FillColour.z, FillColour.w, sa[1].z, sa[1].w);
    sa[0] = vec4(sa[0].x, sa[0].y, FillColour.x, FillColour.y);
    block_prim_0();
}


[17:38:19.387] |I| [renderer::load_shader]: Generating frag shader c994c511019aca4d1f2a3339af0ee1eda7d3dc7ab22b0ae9a01e70185e153d35
[17:38:19.389] |W| [shader::create_parameters]: Container for literal not found, skipping creating literals!
[17:38:19.389] |D| [shader::create_fragment_inputs]: Iterator: pa0 = (float4) v_Color0
[17:38:19.391] |D| [shader::spirv_disasm_print]: SPIR-V Disassembly:
// Module Version 10300
// Generated by (magic number): 1337000
// Id's are bound by 113

                              Capability Shader
              60:             ExtInstImport  "GLSL.std.450"
              74:             ExtInstImport  "GLSL.std.450"
              98:             ExtInstImport  "GLSL.std.450"
                              MemoryModel Logical GLSL450
                              EntryPoint Fragment 4  "main_fs"
                              ExecutionMode 4 OriginLowerLeft
               1:             String  "c994c511019aca4d1f2a3339af0ee1eda7d3dc7ab22b0ae9a01e70185e153d35"
                              SourceExtension  "gxp"
                              Name 4  "main_fs"
                              Name 23  "pa"
                              Name 24  "sa"
                              Name 26  "internals"
                              Name 28  "r"
                              Name 30  "p"
                              Name 32  "idx"
                              Name 34  "outs"
                              Name 36  "v_Color0"
                              Name 42  "frag_output_finalize"
                              Name 57  "f32_2_2xf16"
                              Name 72  "out_color"
                              Name 85  "block_prim_0"
                              Name 96  "twoXf16_2_f32"
                              Decorate 72(out_color) Location 0
               2:             TypeVoid
               3:             TypeFunction 2
               6:             TypeFloat 32
               7:             TypeInt 32 1
               8:             TypeBool
               9:             TypeVector 6(float) 4
              10:      7(int) Constant 32
              11:             TypeArray 9(fvec4) 10
              12:      7(int) Constant 3
              13:             TypeArray 9(fvec4) 12
              14:      7(int) Constant 20
              15:             TypeArray 9(fvec4) 14
              16:      7(int) Constant 2
              17:             TypeArray 7(int) 16
              18:      7(int) Constant 4
              19:             TypeArray 8(bool) 18
              20:      7(int) Constant 10
              21:             TypeArray 9(fvec4) 20
              22:             TypePointer Private 11
          23(pa):     22(ptr) Variable Private
          24(sa):     22(ptr) Variable Private
              25:             TypePointer Private 13
   26(internals):     25(ptr) Variable Private
              27:             TypePointer Private 15
           28(r):     27(ptr) Variable Private
              29:             TypePointer Private 19
           30(p):     29(ptr) Variable Private
              31:             TypePointer Private 17
         32(idx):     31(ptr) Variable Private
              33:             TypePointer Private 21
        34(outs):     33(ptr) Variable Private
              35:             TypePointer Input 9(fvec4)
    36(v_Color0):     35(ptr) Variable Input
              38:             TypePointer Private 6(float)
              39:             TypePointer Private 9(fvec4)
              40:      7(int) Constant 0
              49:      7(int) Constant 1
              51:             TypeVector 6(float) 2
              54:             TypeInt 32 0
              55:             TypeFunction 51(fvec2) 6(float)
              71:             TypePointer Output 9(fvec4)
   72(out_color):     71(ptr) Variable Output
              75:    6(float) Constant 1056964608
              76:    6(float) Constant 0
              77:    6(float) Constant 1065353216
              78:    6(float) Constant 1073741824
              79:             TypeVector 6(float) 1
              80:    79(fvec) ConstantComposite 76
              81:   51(fvec2) ConstantComposite 76 76
              82:             TypeVector 6(float) 3
              83:   82(fvec3) ConstantComposite 76 76 76
              84:    9(fvec4) ConstantComposite 76 76 76 76
              94:             TypeFunction 6(float) 51(fvec2)
      4(main_fs):           2 Function None 3
               5:             Label
              37:    9(fvec4) Load 36(v_Color0)
              41:     39(ptr) AccessChain 23(pa) 40
                              Store 41 37
             112:           2 FunctionCall 85(block_prim_0)
                              Return
                              FunctionEnd
42(frag_output_finalize):           2 Function None 3
              43:             Label
              44:     39(ptr) AccessChain 23(pa) 40
              45:     39(ptr) AccessChain 23(pa) 40
              46:    9(fvec4) Load 45
              47:    9(fvec4) Load 44
              48:    6(float) VectorExtractDynamic 47 40
              50:    6(float) VectorExtractDynamic 47 49
              52:   51(fvec2) CompositeConstruct 48 50
              53:    6(float) VectorExtractDynamic 52 40
              63:   51(fvec2) FunctionCall 57(f32_2_2xf16) 53
              64:    6(float) VectorExtractDynamic 52 49
              65:   51(fvec2) FunctionCall 57(f32_2_2xf16) 64
              66:    6(float) VectorExtractDynamic 63 40
              67:    6(float) VectorExtractDynamic 63 49
              68:    6(float) VectorExtractDynamic 65 40
              69:    6(float) VectorExtractDynamic 65 49
              70:    9(fvec4) CompositeConstruct 66 67 68 69
                              Store 72(out_color) 70
                              Return
                              FunctionEnd
 57(f32_2_2xf16):   51(fvec2) Function None 55
              56:    6(float) FunctionParameter
              58:             Label
              59:     54(int) Bitcast 56
              61:   51(fvec2) ExtInst 60(GLSL.std.450) 61(UnpackUnorm2x16) 59
                              ReturnValue 61
                              FunctionEnd
85(block_prim_0):           2 Function None 3
              86:             Label
                              Line 1 1 0
              87:     39(ptr) AccessChain 23(pa) 40
              88:     39(ptr) AccessChain 23(pa) 40
              89:    9(fvec4) Load 88
              90:    9(fvec4) Load 87
              91:    6(float) VectorExtractDynamic 90 40
              92:    6(float) VectorExtractDynamic 90 49
              93:   51(fvec2) CompositeConstruct 91 92
             102:    6(float) FunctionCall 96(twoXf16_2_f32) 93
             103:    6(float) VectorExtractDynamic 90 16
             104:    6(float) VectorExtractDynamic 90 12
             105:   51(fvec2) CompositeConstruct 103 104
             106:    6(float) FunctionCall 96(twoXf16_2_f32) 105
             107:   51(fvec2) CompositeConstruct 102 106
             108:     39(ptr) AccessChain 34(outs) 40
             109:    9(fvec4) Load 108
             110:    9(fvec4) VectorShuffle 109 107 4 5 2 3
                              Store 108 110
             111:           2 FunctionCall 42(frag_output_finalize)
                              Return
                              FunctionEnd
96(twoXf16_2_f32):    6(float) Function None 94
              95:   51(fvec2) FunctionParameter
              97:             Label
              99:     54(int) ExtInst 98(GLSL.std.450) 57(PackUnorm2x16) 95
             100:    6(float) Bitcast 99
                              ReturnValue 100
                              FunctionEnd

[17:38:19.393] |D| [shader::convert_gxp_to_glsl]: Generated GLSL:
#version 410
#ifdef GL_ARB_shading_language_420pack
#extension GL_ARB_shading_language_420pack : require
#endif

in vec4 v_Color0;
layout(location = 0) out vec4 out_color;
vec4 pa[32];
vec4 sa[32];
vec4 internals[3];
vec4 r[20];
bool p[4];
int idx[2];
vec4 outs[10];

float twoXf16_2_f32(vec2 _95)
{
    return uintBitsToFloat(packUnorm2x16(_95));
}

vec2 f32_2_2xf16(float _56)
{
    return unpackUnorm2x16(floatBitsToUint(_56));
}

void frag_output_finalize()
{
    vec2 _52 = vec2(pa[0].x, pa[0].y);
    vec2 _63 = f32_2_2xf16(_52.x);
    vec2 _65 = f32_2_2xf16(_52.y);
    out_color = vec4(_63.x, _63.y, _65.x, _65.y);
}

void block_prim_0()
{
    vec2 _107 = vec2(twoXf16_2_f32(vec2(pa[0].x, pa[0].y)), twoXf16_2_f32(vec2(pa[0].z, pa[0].w)));
    outs[0] = vec4(_107.x, _107.y, outs[0].z, outs[0].w);
    frag_output_finalize();
}

void main()
{
    pa[0] = v_Color0;
    block_prim_0();
}


[17:38:19.423] |I| [renderer::load_shader]: Generating frag shader 7bec730c4169a5edbd9c1db5d3893670effeeaab2d6d3a2646fbb63e8219d002
[17:38:19.424] |D| [shader::create_fragment_inputs]: Iterator: pa0 = (float4) v_Color0
[17:38:19.426] |E| [shader::usse::utils::store]: Unsupported source type 6
[17:38:19.427] |D| [shader::spirv_disasm_print]: SPIR-V Disassembly:
// Module Version 10300
// Generated by (magic number): 1337000
// Id's are bound by 125

                              Capability Shader
              66:             ExtInstImport  "GLSL.std.450"
              80:             ExtInstImport  "GLSL.std.450"
                              MemoryModel Logical GLSL450
                              EntryPoint Fragment 4  "main_fs"
                              ExecutionMode 4 OriginLowerLeft
               1:             String  "7bec730c4169a5edbd9c1db5d3893670effeeaab2d6d3a2646fbb63e8219d002"
                              SourceExtension  "gxp"
                              Name 4  "main_fs"
                              Name 23  "pa"
                              Name 24  "sa"
                              Name 26  "internals"
                              Name 28  "r"
                              Name 30  "p"
                              Name 32  "idx"
                              Name 34  "outs"
                              Name 44  "v_Color0"
                              Name 48  "frag_output_finalize"
                              Name 63  "f32_2_2xf16"
                              Name 78  "out_color"
                              Name 90  "block_prim_0"
                              Decorate 78(out_color) Location 0
               2:             TypeVoid
               3:             TypeFunction 2
               6:             TypeFloat 32
               7:             TypeInt 32 1
               8:             TypeBool
               9:             TypeVector 6(float) 4
              10:      7(int) Constant 32
              11:             TypeArray 9(fvec4) 10
              12:      7(int) Constant 3
              13:             TypeArray 9(fvec4) 12
              14:      7(int) Constant 20
              15:             TypeArray 9(fvec4) 14
              16:      7(int) Constant 2
              17:             TypeArray 7(int) 16
              18:      7(int) Constant 4
              19:             TypeArray 8(bool) 18
              20:      7(int) Constant 10
              21:             TypeArray 9(fvec4) 20
              22:             TypePointer Private 11
          23(pa):     22(ptr) Variable Private
          24(sa):     22(ptr) Variable Private
              25:             TypePointer Private 13
   26(internals):     25(ptr) Variable Private
              27:             TypePointer Private 15
           28(r):     27(ptr) Variable Private
              29:             TypePointer Private 19
           30(p):     29(ptr) Variable Private
              31:             TypePointer Private 17
         32(idx):     31(ptr) Variable Private
              33:             TypePointer Private 21
        34(outs):     33(ptr) Variable Private
              35:    6(float) Constant 8388479
              36:             TypeVector 6(float) 1
              37:    36(fvec) ConstantComposite 35
              38:             TypePointer Private 9(fvec4)
              39:      7(int) Constant 0
              43:             TypePointer Input 9(fvec4)
    44(v_Color0):     43(ptr) Variable Input
              46:             TypePointer Private 6(float)
              55:      7(int) Constant 1
              57:             TypeVector 6(float) 2
              60:             TypeInt 32 0
              61:             TypeFunction 57(fvec2) 6(float)
              77:             TypePointer Output 9(fvec4)
   78(out_color):     77(ptr) Variable Output
              81:    6(float) Constant 1056964608
              82:    6(float) Constant 0
              83:    6(float) Constant 1065353216
              84:    6(float) Constant 1073741824
              85:    36(fvec) ConstantComposite 82
              86:   57(fvec2) ConstantComposite 82 82
              87:             TypeVector 6(float) 3
              88:   87(fvec3) ConstantComposite 82 82 82
              89:    9(fvec4) ConstantComposite 82 82 82 82
              97:             TypeVector 60(int) 1
              99:     60(int) Constant 0
             113:    9(fvec4) ConstantComposite 83 83 83 83
             120:             TypeVector 60(int) 4
      4(main_fs):           2 Function None 3
               5:             Label
              40:     38(ptr) AccessChain 24(sa) 39
              41:    9(fvec4) Load 40
              42:    9(fvec4) VectorInsertDynamic 41 37 39
                              Store 40 42
              45:    9(fvec4) Load 44(v_Color0)
              47:     38(ptr) AccessChain 23(pa) 39
                              Store 47 45
             124:           2 FunctionCall 90(block_prim_0)
                              Return
                              FunctionEnd
48(frag_output_finalize):           2 Function None 3
              49:             Label
              50:     38(ptr) AccessChain 23(pa) 39
              51:     38(ptr) AccessChain 23(pa) 39
              52:    9(fvec4) Load 51
              53:    9(fvec4) Load 50
              54:    6(float) VectorExtractDynamic 53 39
              56:    6(float) VectorExtractDynamic 53 55
              58:   57(fvec2) CompositeConstruct 54 56
              59:    6(float) VectorExtractDynamic 58 39
              69:   57(fvec2) FunctionCall 63(f32_2_2xf16) 59
              70:    6(float) VectorExtractDynamic 58 55
              71:   57(fvec2) FunctionCall 63(f32_2_2xf16) 70
              72:    6(float) VectorExtractDynamic 69 39
              73:    6(float) VectorExtractDynamic 69 55
              74:    6(float) VectorExtractDynamic 71 39
              75:    6(float) VectorExtractDynamic 71 55
              76:    9(fvec4) CompositeConstruct 72 73 74 75
                              Store 78(out_color) 76
                              Return
                              FunctionEnd
 63(f32_2_2xf16):   57(fvec2) Function None 61
              62:    6(float) FunctionParameter
              64:             Label
              65:     60(int) Bitcast 62
              67:   57(fvec2) ExtInst 66(GLSL.std.450) 61(UnpackUnorm2x16) 65
                              ReturnValue 67
                              FunctionEnd
90(block_prim_0):           2 Function None 3
              91:             Label
              92:     38(ptr) AccessChain 24(sa) 39
              93:     38(ptr) AccessChain 24(sa) 39
              94:    9(fvec4) Load 93
              95:    9(fvec4) Load 92
              96:    6(float) VectorExtractDynamic 95 39
              98:    97(ivec) Bitcast 96
             100:     60(int) BitwiseOr 98 99
             101:    36(fvec) Bitcast 100
             102:     38(ptr) AccessChain 23(pa) 39
             103:    9(fvec4) Load 102
             104:    9(fvec4) VectorInsertDynamic 103 101 12
                              Store 102 104
                              Line 1 2 0
             105:     38(ptr) AccessChain 23(pa) 39
             106:     38(ptr) AccessChain 23(pa) 39
             107:    9(fvec4) Load 106
             108:    9(fvec4) Load 105
             109:    6(float) VectorExtractDynamic 108 39
             110:    6(float) VectorExtractDynamic 108 55
             111:    6(float) VectorExtractDynamic 108 16
             112:    9(fvec4) CompositeConstruct 109 110 111 83
             114:    9(fvec4) FMul 112 113
             115:     38(ptr) AccessChain 26(internals) 39
                              Store 115 114
                              Line 1 3 0
             116:     38(ptr) AccessChain 26(internals) 39
             117:     38(ptr) AccessChain 26(internals) 39
             118:    9(fvec4) Load 117
             119:    9(fvec4) Load 116
             121:  120(ivec4) ConvertUToF 119
             122:    9(fvec4) Bitcast 121
             123:           2 FunctionCall 48(frag_output_finalize)
                              Return
                              FunctionEnd

[17:38:19.429] |D| [shader::convert_gxp_to_glsl]: Generated GLSL:
#version 410
#ifdef GL_ARB_shading_language_420pack
#extension GL_ARB_shading_language_420pack : require
#endif

in vec4 v_Color0;
layout(location = 0) out vec4 out_color;
vec4 pa[32];
vec4 sa[32];
vec4 internals[3];
vec4 r[20];
bool p[4];
int idx[2];
vec4 outs[10];

vec2 f32_2_2xf16(float _62)
{
    return unpackUnorm2x16(floatBitsToUint(_62));
}

void frag_output_finalize()
{
    vec2 _58 = vec2(pa[0].x, pa[0].y);
    vec2 _69 = f32_2_2xf16(_58.x);
    vec2 _71 = f32_2_2xf16(_58.y);
    out_color = vec4(_69.x, _69.y, _71.x, _71.y);
}

void block_prim_0()
{
    vec4 _104 = pa[0];
    _104.w = uintBitsToFloat(floatBitsToUint(sa[0].x) | 0u);
    pa[0] = _104;
    internals[0] = vec4(pa[0].x, pa[0].y, pa[0].z, 1.0) * vec4(1.0);
    frag_output_finalize();
}

void main()
{
    vec4 _42 = sa[0];
    _42.x = 1.1754762740720977178285216211106e-38;
    sa[0] = _42;
    pa[0] = v_Color0;
    block_prim_0();
}


[17:38:19.445] |I| [renderer::load_shader]: Generating vert shader 43ac3bd14cfbd40501eab3aaed35bad92f5b36e03a45e33a03fe9e5be2d7d01c
[17:38:19.447] |D| [shader::create_parameters]: [BUFFER0  + 0] pa0 = iPosition
[17:38:19.447] |D| [shader::create_parameters]: [DEFAULT  + 0] sa0 = FillDepth
[17:38:19.448] |W| [shader::create_parameters]: Container for literal not found, skipping creating literals!
[17:38:19.451] |D| [shader::spirv_disasm_print]: SPIR-V Disassembly:
// Module Version 10300
// Generated by (magic number): 1337000
// Id's are bound by 124

                              Capability Shader
              57:             ExtInstImport  "GLSL.std.450"
                              MemoryModel Logical GLSL450
                              EntryPoint Vertex 4  "main_vs"
               1:             String  "43ac3bd14cfbd40501eab3aaed35bad92f5b36e03a45e33a03fe9e5be2d7d01c"
                              SourceExtension  "gxp"
                              Name 4  "main_vs"
                              Name 23  "pa"
                              Name 24  "sa"
                              Name 26  "internals"
                              Name 28  "r"
                              Name 30  "p"
                              Name 32  "idx"
                              Name 34  "outs"
                              Name 36  "iPosition"
                              Name 43  "FillDepth"
                              Name 48  "vert_output_finalize"
                              Name 51  "v_Position"
                              Name 70  "block_prim_0"
                              Decorate 51(v_Position) BuiltIn Position
               2:             TypeVoid
               3:             TypeFunction 2
               6:             TypeFloat 32
               7:             TypeInt 32 1
               8:             TypeBool
               9:             TypeVector 6(float) 4
              10:      7(int) Constant 32
              11:             TypeArray 9(fvec4) 10
              12:      7(int) Constant 3
              13:             TypeArray 9(fvec4) 12
              14:      7(int) Constant 20
              15:             TypeArray 9(fvec4) 14
              16:      7(int) Constant 2
              17:             TypeArray 7(int) 16
              18:      7(int) Constant 4
              19:             TypeArray 8(bool) 18
              20:      7(int) Constant 10
              21:             TypeArray 9(fvec4) 20
              22:             TypePointer Private 11
          23(pa):     22(ptr) Variable Private
          24(sa):     22(ptr) Variable Private
              25:             TypePointer Private 13
   26(internals):     25(ptr) Variable Private
              27:             TypePointer Private 15
           28(r):     27(ptr) Variable Private
              29:             TypePointer Private 19
           30(p):     29(ptr) Variable Private
              31:             TypePointer Private 17
         32(idx):     31(ptr) Variable Private
              33:             TypePointer Private 21
        34(outs):     33(ptr) Variable Private
              35:             TypePointer Input 9(fvec4)
   36(iPosition):     35(ptr) Variable Input
              38:             TypePointer Private 6(float)
              39:             TypePointer Private 9(fvec4)
              40:      7(int) Constant 0
              42:             TypePointer UniformConstant 6(float)
   43(FillDepth):     42(ptr) Variable UniformConstant
              50:             TypePointer Output 9(fvec4)
  51(v_Position):     50(ptr) Variable Output
              58:             TypeInt 32 0
              59:    6(float) Constant 1056964608
              60:    6(float) Constant 0
              61:    6(float) Constant 1065353216
              62:    6(float) Constant 1073741824
              63:             TypeVector 6(float) 1
              64:    63(fvec) ConstantComposite 60
              65:             TypeVector 6(float) 2
              66:   65(fvec2) ConstantComposite 60 60
              67:             TypeVector 6(float) 3
              68:   67(fvec3) ConstantComposite 60 60 60
              69:    9(fvec4) ConstantComposite 60 60 60 60
              85:      7(int) Constant 1
              99:    9(fvec4) ConstantComposite 61 61 61 61
      4(main_vs):           2 Function None 3
               5:             Label
              37:    9(fvec4) Load 36(iPosition)
              41:     39(ptr) AccessChain 23(pa) 40
                              Store 41 37
              44:    6(float) Load 43(FillDepth)
              45:     39(ptr) AccessChain 24(sa) 40
              46:    9(fvec4) Load 45
              47:    9(fvec4) VectorInsertDynamic 46 44 40
                              Store 45 47
             123:           2 FunctionCall 70(block_prim_0)
                              Return
                              FunctionEnd
48(vert_output_finalize):           2 Function None 3
              49:             Label
              52:     39(ptr) AccessChain 34(outs) 40
              53:     39(ptr) AccessChain 34(outs) 40
              54:    9(fvec4) Load 53
              55:    9(fvec4) Load 52
                              Store 51(v_Position) 55
                              Return
                              FunctionEnd
70(block_prim_0):           2 Function None 3
              71:             Label
                              Line 1 1 0
              72:     39(ptr) AccessChain 24(sa) 40
              73:     39(ptr) AccessChain 24(sa) 40
              74:    9(fvec4) Load 73
              75:    9(fvec4) Load 72
              76:    6(float) VectorExtractDynamic 75 40
              77:     39(ptr) AccessChain 34(outs) 40
              78:    9(fvec4) Load 77
              79:    9(fvec4) VectorInsertDynamic 78 76 16
                              Store 77 79
                              Line 1 2 0
              80:     39(ptr) AccessChain 23(pa) 40
              81:     39(ptr) AccessChain 23(pa) 40
              82:    9(fvec4) Load 81
              83:    9(fvec4) Load 80
              84:    6(float) VectorExtractDynamic 83 40
              86:    6(float) VectorExtractDynamic 83 85
              87:   65(fvec2) CompositeConstruct 84 86
              88:     39(ptr) AccessChain 34(outs) 40
              89:    9(fvec4) Load 88
              90:    9(fvec4) VectorShuffle 89 87 4 5 2 3
                              Store 88 90
                              Line 1 3 0
              91:     39(ptr) AccessChain 34(outs) 40
              92:     39(ptr) AccessChain 34(outs) 40
              93:    9(fvec4) Load 92
              94:    9(fvec4) Load 91
              95:    6(float) VectorExtractDynamic 94 40
              96:    6(float) VectorExtractDynamic 94 85
              97:    6(float) VectorExtractDynamic 94 16
              98:    9(fvec4) CompositeConstruct 95 96 97 61
             100:    9(fvec4) FMul 98 99
             101:     39(ptr) AccessChain 26(internals) 40
                              Store 101 100
                              Line 1 4 0
             102:     39(ptr) AccessChain 26(internals) 40
             103:     39(ptr) AccessChain 26(internals) 40
             104:    9(fvec4) Load 103
             105:    9(fvec4) Load 102
             106:    6(float) VectorExtractDynamic 105 40
             107:    6(float) VectorExtractDynamic 105 85
             108:   65(fvec2) CompositeConstruct 106 107
             109:     39(ptr) AccessChain 34(outs) 40
             110:    9(fvec4) Load 109
             111:    9(fvec4) VectorShuffle 110 108 4 5 2 3
                              Store 109 111
                              Line 1 5 0
             112:     39(ptr) AccessChain 26(internals) 40
             113:     39(ptr) AccessChain 26(internals) 40
             114:    9(fvec4) Load 113
             115:    9(fvec4) Load 112
             116:    6(float) VectorExtractDynamic 115 16
             117:    6(float) VectorExtractDynamic 115 12
             118:   65(fvec2) CompositeConstruct 116 117
             119:     39(ptr) AccessChain 34(outs) 40
             120:    9(fvec4) Load 119
             121:    9(fvec4) VectorShuffle 120 118 0 1 4 5
                              Store 119 121
             122:           2 FunctionCall 48(vert_output_finalize)
                              Return
                              FunctionEnd

[17:38:19.454] |D| [shader::convert_gxp_to_glsl]: Generated GLSL:
#version 410
#ifdef GL_ARB_shading_language_420pack
#extension GL_ARB_shading_language_420pack : require
#endif

uniform float FillDepth;

in vec4 iPosition;
vec4 pa[32];
vec4 sa[32];
vec4 internals[3];
vec4 r[20];
bool p[4];
int idx[2];
vec4 outs[10];

void vert_output_finalize()
{
    gl_Position = outs[0];
}

void block_prim_0()
{
    vec4 _79 = outs[0];
    _79.z = sa[0].x;
    outs[0] = _79;
    vec2 _87 = vec2(pa[0].x, pa[0].y);
    outs[0] = vec4(_87.x, _87.y, outs[0].z, outs[0].w);
    internals[0] = vec4(outs[0].x, outs[0].y, outs[0].z, 1.0) * vec4(1.0);
    vec2 _108 = vec2(internals[0].x, internals[0].y);
    outs[0] = vec4(_108.x, _108.y, outs[0].z, outs[0].w);
    vec2 _118 = vec2(internals[0].z, internals[0].w);
    outs[0] = vec4(outs[0].x, outs[0].y, _118.x, _118.y);
    vert_output_finalize();
}

void main()
{
    pa[0] = iPosition;
    vec4 _47 = sa[0];
    _47.x = FillDepth;
    sa[0] = _47;
    block_prim_0();
}


[17:38:19.470] |I| [renderer::load_shader]: Generating frag shader ca215614ecc452f3036ba8e8ade3f1737086c2b07ebfbb6783805a4c5a52e298
[17:38:19.471] |W| [shader::create_parameters]: Container for literal not found, skipping creating literals!
[17:38:19.478] |D| [shader::spirv_disasm_print]: SPIR-V Disassembly:
// Module Version 10300
// Generated by (magic number): 1337000
// Id's are bound by 85

                              Capability Shader
              56:             ExtInstImport  "GLSL.std.450"
              70:             ExtInstImport  "GLSL.std.450"
                              MemoryModel Logical GLSL450
                              EntryPoint Fragment 4  "main_fs"
                              ExecutionMode 4 OriginLowerLeft
               1:             String  "ca215614ecc452f3036ba8e8ade3f1737086c2b07ebfbb6783805a4c5a52e298"
                              SourceExtension  "gxp"
                              Name 4  "main_fs"
                              Name 23  "pa"
                              Name 24  "sa"
                              Name 26  "internals"
                              Name 28  "r"
                              Name 30  "p"
                              Name 32  "idx"
                              Name 34  "outs"
                              Name 35  "frag_output_finalize"
                              Name 53  "f32_2_2xf16"
                              Name 68  "out_color"
                              Name 81  "block_prim_0"
                              Decorate 68(out_color) Location 0
               2:             TypeVoid
               3:             TypeFunction 2
               6:             TypeFloat 32
               7:             TypeInt 32 1
               8:             TypeBool
               9:             TypeVector 6(float) 4
              10:      7(int) Constant 32
              11:             TypeArray 9(fvec4) 10
              12:      7(int) Constant 3
              13:             TypeArray 9(fvec4) 12
              14:      7(int) Constant 20
              15:             TypeArray 9(fvec4) 14
              16:      7(int) Constant 2
              17:             TypeArray 7(int) 16
              18:      7(int) Constant 4
              19:             TypeArray 8(bool) 18
              20:      7(int) Constant 10
              21:             TypeArray 9(fvec4) 20
              22:             TypePointer Private 11
          23(pa):     22(ptr) Variable Private
          24(sa):     22(ptr) Variable Private
              25:             TypePointer Private 13
   26(internals):     25(ptr) Variable Private
              27:             TypePointer Private 15
           28(r):     27(ptr) Variable Private
              29:             TypePointer Private 19
           30(p):     29(ptr) Variable Private
              31:             TypePointer Private 17
         32(idx):     31(ptr) Variable Private
              33:             TypePointer Private 21
        34(outs):     33(ptr) Variable Private
              37:             TypePointer Private 9(fvec4)
              38:      7(int) Constant 0
              43:             TypePointer Private 6(float)
              45:      7(int) Constant 1
              47:             TypeVector 6(float) 2
              50:             TypeInt 32 0
              51:             TypeFunction 47(fvec2) 6(float)
              67:             TypePointer Output 9(fvec4)
   68(out_color):     67(ptr) Variable Output
              71:    6(float) Constant 1056964608
              72:    6(float) Constant 0
              73:    6(float) Constant 1065353216
              74:    6(float) Constant 1073741824
              75:             TypeVector 6(float) 1
              76:    75(fvec) ConstantComposite 72
              77:   47(fvec2) ConstantComposite 72 72
              78:             TypeVector 6(float) 3
              79:   78(fvec3) ConstantComposite 72 72 72
              80:    9(fvec4) ConstantComposite 72 72 72 72
      4(main_fs):           2 Function None 3
               5:             Label
              84:           2 FunctionCall 81(block_prim_0)
                              Return
                              FunctionEnd
35(frag_output_finalize):           2 Function None 3
              36:             Label
              39:     37(ptr) AccessChain 23(pa) 38
              40:     37(ptr) AccessChain 23(pa) 38
              41:    9(fvec4) Load 40
              42:    9(fvec4) Load 39
              44:    6(float) VectorExtractDynamic 42 38
              46:    6(float) VectorExtractDynamic 42 45
              48:   47(fvec2) CompositeConstruct 44 46
              49:    6(float) VectorExtractDynamic 48 38
              59:   47(fvec2) FunctionCall 53(f32_2_2xf16) 49
              60:    6(float) VectorExtractDynamic 48 45
              61:   47(fvec2) FunctionCall 53(f32_2_2xf16) 60
              62:    6(float) VectorExtractDynamic 59 38
              63:    6(float) VectorExtractDynamic 59 45
              64:    6(float) VectorExtractDynamic 61 38
              65:    6(float) VectorExtractDynamic 61 45
              66:    9(fvec4) CompositeConstruct 62 63 64 65
                              Store 68(out_color) 66
                              Return
                              FunctionEnd
 53(f32_2_2xf16):   47(fvec2) Function None 51
              52:    6(float) FunctionParameter
              54:             Label
              55:     50(int) Bitcast 52
              57:   47(fvec2) ExtInst 56(GLSL.std.450) 61(UnpackUnorm2x16) 55
                              ReturnValue 57
                              FunctionEnd
81(block_prim_0):           2 Function None 3
              82:             Label
              83:           2 FunctionCall 35(frag_output_finalize)
                              Return
                              FunctionEnd

[17:38:19.480] |D| [shader::convert_gxp_to_glsl]: Generated GLSL:
#version 410
#ifdef GL_ARB_shading_language_420pack
#extension GL_ARB_shading_language_420pack : require
#endif

layout(location = 0) out vec4 out_color;
vec4 pa[32];
vec4 sa[32];
vec4 internals[3];
vec4 r[20];
bool p[4];
int idx[2];
vec4 outs[10];

vec2 f32_2_2xf16(float _52)
{
    return unpackUnorm2x16(floatBitsToUint(_52));
}

void frag_output_finalize()
{
    vec2 _48 = vec2(pa[0].x, pa[0].y);
    vec2 _59 = f32_2_2xf16(_48.x);
    vec2 _61 = f32_2_2xf16(_48.y);
    out_color = vec4(_59.x, _59.y, _61.x, _61.y);
}

void block_prim_0()
{
    frag_output_finalize();
}

void main()
{
    block_prim_0();
}


[17:38:19.543] |W| [unimplemented_impl]: Unimplemented sceNpInit import called.
[17:38:19.544] |W| [unimplemented_impl]: Unimplemented sceAppUtilInit import called.
[17:38:19.545] |W| [unimplemented_impl]: Unimplemented sceCommonDialogSetConfigParam import called.
[17:38:19.554] |W| [unimplemented_impl]: Unimplemented sceKernelGetSemaInfo import called.
[17:38:19.610] |W| [io_error_impl]: open_dir (sceIoDopen) returned 0x80010002
[17:38:19.677] |W| [unimplemented_impl]: Unimplemented sceAppMgrReleaseBgmPort import called.
[17:38:19.775] |W| [unimplemented_impl]: Unimplemented sceKernelCancelSema import called.
[17:38:19.777] |C| [run]: Unicorn error 0x6 at: start PC: 0x8155202B error PC 0x8145C14A LR: 0x671B
[17:38:19.778] |C| [run]: Unicorn error 0x6 at: start PC: 0x6641 error PC 0x8145C14A LR: 0x671B
[17:38:19.783] |I| [export_sceIoOpen]: Opening file: app0:/GLOBALCONFIG.BNDL
