[14:57:35.303] |I| [config::init_config]: backend-renderer: Vulkan
[14:57:35.304] |I| [config::init_config]: log-level: 0
[14:57:35.685] |I| [SDL_main]: Vita3K v0.1.9 3503-37ad684f
[14:57:35.685] |I| [SDL_main]: Number of logical CPU cores: 4
[14:57:35.686] |I| [SDL_main]: Available ram memory: 4005 MiB
[14:57:35.692] |I| [app::init]: Base path: C:/Users/Felipe/Desktop/vita3k/
[14:57:35.693] |I| [app::init]: User pref path: C:/Users/Felipe/AppData/Roaming/Vita3K/Vita3K/
[14:57:36.103] |I| [renderer::vulkan::VKState::create]: Vulkan device: Intel(R) HD Graphics 620
[14:57:36.104] |I| [renderer::vulkan::VKState::create]: Driver version: 101.2121
[14:57:36.106] |I| [renderer::vulkan::VKState::create]: Memory mapping is enabled
[14:57:36.191] |I| [renderer::vulkan::ScreenRenderer::setup]: Present mode: Fifo
[14:57:39.605] |I| [compat::update_app_compat_db]: Applications compatibility database is up to date.
[14:57:49.409] |I| [renderer::vulkan::VKState::late_init]: The Vulkan renderer is using texture viewport for better performance
[14:57:49.418] |I| [load_app_impl]: cpu-backend: Dynarmic
[14:57:49.419] |I| [load_app_impl]: CPU Optimisation state: true
[14:57:49.420] |I| [load_app_impl]: ngs state: true
[14:57:49.420] |I| [load_app_impl]: Resolution multiplier: 1
[14:57:49.420] |I| [load_app_impl]: modules mode: Automatic
[14:57:49.421] |I| [load_app_impl]: Title: Netflix
[14:57:49.430] |I| [load_app_impl]: Serial: PCSE00070
[14:57:49.432] |I| [load_app_impl]: Version: 1.00
[14:57:49.432] |I| [load_app_impl]: Category: gd
[14:57:49.451] |I| [load_module]: Loading module "app0:eboot.bin"
[14:57:49.463] |I| [load_self]: app0:eboot.bin: Skipping special segment 0x6fffff01...
[14:57:49.464] |I| [load_self]: Loaded module segment 0 @ [0x81000000 - 0x81000624 / 0x81000000] (size: 0x00000624) of module app0:eboot.bin
[14:57:49.465] |I| [load_self]: Loaded module segment 1 @ [0x81001000 - 0x810010CC / 0x81001000] (size: 0x000000CC) of module app0:eboot.bin
[14:57:49.467] |I| [load_self]: Linking SELF app0:eboot.bin...
[14:57:49.472] |D| [load_var_exports]: 	NID 0x6c2224ba (NID_MODULE_INFO) at 0x810002dc
[14:57:49.474] |D| [load_var_exports]: 	NID 0x70fba1e7 (SCE_PROC_PARAMS) at 0x81001098
[14:57:49.478] |I| [load_module]: Module sargas_loader_dll (at "app0:eboot.bin") loaded
[14:57:49.480] |I| [load_app_impl]: Main executable sargas_loader_dll (eboot.bin) loaded
[14:57:49.483] |I| [load_module]: Loading module "app0:sce_module/libc.suprx"
[14:57:49.543] |I| [load_self]: app0:sce_module/libc.suprx: Skipping special segment 0x6fffff01...
[14:57:49.544] |I| [load_self]: Loaded module segment 0 @ [0x80004000 - 0x800401CC / 0x81000000] (size: 0x0003C1CC) of module app0:sce_module/libc.suprx
[14:57:49.546] |I| [load_self]: Loaded module segment 1 @ [0x80041000 - 0x8004333C / 0x8103D000] (size: 0x0000233C) of module app0:sce_module/libc.suprx
[14:57:49.550] |I| [load_self]: Linking SELF app0:sce_module/libc.suprx...
[14:57:49.560] |D| [load_var_exports]: 	NID 0x6c2224ba (NID_MODULE_INFO) at 0x80031ce4
[14:57:49.571] |I| [load_module]: Module SceLibc (at "app0:sce_module/libc.suprx") loaded
[14:57:49.574] |I| [load_module]: Loading module "app0:sce_module/libfios2.suprx"
[14:57:49.611] |I| [load_self]: app0:sce_module/libfios2.suprx: Skipping special segment 0x6fffff01...
[14:57:49.611] |I| [load_self]: Loaded module segment 0 @ [0x80044000 - 0x80065B7C / 0x81000000] (size: 0x00021B7C) of module app0:sce_module/libfios2.suprx
[14:57:49.613] |I| [load_self]: Loaded module segment 1 @ [0x80066000 - 0x8006B194 / 0x81022000] (size: 0x00005194) of module app0:sce_module/libfios2.suprx
[14:57:49.615] |I| [load_self]: Linking SELF app0:sce_module/libfios2.suprx...
[14:57:49.617] |D| [load_var_exports]: 	NID 0x6c2224ba (NID_MODULE_INFO) at 0x8005f6cc
[14:57:49.620] |I| [load_module]: Module SceLibFios2 (at "app0:sce_module/libfios2.suprx") loaded
[14:57:49.622] |I| [load_module]: Loading module "vs0:sys/external/libSceFt2.suprx"
[14:57:49.703] |I| [load_self]: Loaded module segment 0 @ [0x8006C000 - 0x800BCF04 / 0x81000000] (size: 0x00050F04) of module vs0:sys/external/libSceFt2.suprx
[14:57:49.705] |I| [load_self]: Loaded module segment 1 @ [0x800BD000 - 0x800BD2F4 / 0x81051000] (size: 0x000002F4) of module vs0:sys/external/libSceFt2.suprx
[14:57:49.706] |I| [load_self]: Linking SELF vs0:sys/external/libSceFt2.suprx...
[14:57:49.713] |D| [load_var_exports]: 	NID 0x936c8a78 (SYSLYB) at 0x800a87dc
[14:57:49.715] |D| [load_var_exports]: 	NID 0x6c2224ba (NID_MODULE_INFO) at 0x800a7f10
[14:57:49.718] |I| [load_module]: Module SceLibft2 (at "vs0:sys/external/libSceFt2.suprx") loaded
[14:57:49.722] |I| [load_module]: Loading module "vs0:sys/external/libpvf.suprx"
[14:57:49.737] |I| [load_self]: Loaded module segment 0 @ [0x800BE000 - 0x800CDF14 / 0x81000000] (size: 0x0000FF14) of module vs0:sys/external/libpvf.suprx
[14:57:49.748] |I| [load_self]: Loaded module segment 1 @ [0x800CE000 - 0x800CE008 / 0x81010000] (size: 0x00000008) of module vs0:sys/external/libpvf.suprx
[14:57:49.755] |I| [load_self]: Linking SELF vs0:sys/external/libpvf.suprx...
[14:57:49.761] |D| [load_var_exports]: 	NID 0x936c8a78 (SYSLYB) at 0x800cc710
[14:57:49.765] |D| [load_var_exports]: 	NID 0x6c2224ba (NID_MODULE_INFO) at 0x800cc300
[14:57:49.770] |I| [load_module]: Module SceLibPvf (at "vs0:sys/external/libpvf.suprx") loaded
[14:57:49.809] |I| [renderer::vulkan::VKState::precompile_shader]: Program Compiled 1/4
[14:57:49.825] |I| [renderer::vulkan::VKState::precompile_shader]: Program Compiled 2/4
[14:57:49.842] |I| [renderer::vulkan::VKState::precompile_shader]: Program Compiled 3/4
[14:57:49.850] |I| [renderer::vulkan::VKState::precompile_shader]: Program Compiled 4/4
[14:57:49.941] |D| [start_module]: Running module_start of library: SceLibc at address 0x800045e5
[14:57:50.095] |I| [export_sceIoOpen]: Opening file: tty0:
[14:57:50.097] |T| [open_file]: sceIoOpen: Opening terminal tty0:
[14:57:50.100] |I| [export_sceIoOpen]: Opening file: tty0:
[14:57:50.101] |T| [open_file]: sceIoOpen: Opening terminal tty0:
[14:57:50.103] |I| [export_sceIoOpen]: Opening file: tty1:
[14:57:50.104] |T| [open_file]: sceIoOpen: Opening terminal tty1:
[14:57:50.133] |I| [start_module]: Module SceLibc (at "app0:sce_module/libc.suprx") module_start returned 0x0
[14:57:50.144] |D| [start_module]: Running module_start of library: SceLibFios2 at address 0x80044001
[14:57:50.265] |I| [start_module]: Module SceLibFios2 (at "app0:sce_module/libfios2.suprx") module_start returned 0x0
[14:57:50.280] |T| [log_import_call]: [LLE] TID: 6   FUNC: 0xbfe02b3a __cxa_set_dso_handle_main at 0x810002ac
[14:57:50.288] |I| [load_module]: Loading module "app0:core.suprx"
[14:57:50.531] |I| [load_self]: app0:core.suprx: Skipping special segment 0x6fffff01...
[14:57:50.531] |I| [load_self]: Loaded module segment 0 @ [0x80151000 - 0x8025E91C / 0x81000000] (size: 0x0010D91C) of module app0:core.suprx
[14:57:50.533] |I| [load_self]: Loaded module segment 1 @ [0x8025F000 - 0x802A3C70 / 0x8110E000] (size: 0x00044C70) of module app0:core.suprx
[14:57:50.535] |I| [load_self]: Linking SELF app0:core.suprx...
[14:57:50.537] |D| [load_var_exports]: 	NID 0x6c2224ba (NID_MODULE_INFO) at 0x8020900c
[14:57:50.542] |I| [load_module]: Module core (at "app0:core.suprx") loaded
[14:57:50.543] |D| [start_module]: Running module_start of library: core at address 0x801fc36d
[14:57:50.620] |W| [export__sceKernelGetThreadInfo::<lambda_1>::operator ()]: Stubbed _sceKernelGetThreadInfo import called. (STUB)
[14:57:50.631] |W| [export_sceAppUtilInit::<lambda_1>::operator ()]: Unimplemented sceAppUtilInit import called.
[14:57:50.646] |I| [start_module]: Module core (at "app0:core.suprx") module_start returned 0x0
[14:57:50.654] |I| [load_module]: Loading module "app0:sargas.suprx"
[14:57:50.971] |I| [load_self]: app0:sargas.suprx: Skipping special segment 0x6fffff01...
[14:57:50.971] |I| [load_self]: Loaded module segment 0 @ [0x802A4000 - 0x802AD4A4 / 0x81000000] (size: 0x000094A4) of module app0:sargas.suprx
[14:57:50.974] |I| [load_self]: Loaded module segment 1 @ [0x80306000 - 0x8036B694 / 0x8100A000] (size: 0x00065694) of module app0:sargas.suprx
[14:57:50.981] |I| [load_self]: Linking SELF app0:sargas.suprx...
[14:57:50.989] |D| [load_var_exports]: 	NID 0x6c2224ba (NID_MODULE_INFO) at 0x802ab2ac
[14:57:50.994] |I| [load_module]: Module sargas (at "app0:sargas.suprx") loaded
[14:57:50.999] |D| [start_module]: Running module_start of library: sargas at address 0x802a657d
[14:57:51.069] |I| [start_module]: Module sargas (at "app0:sargas.suprx") module_start returned 0x0
[14:57:51.078] |T| [log_import_call]: [LLE] TID: 6   FUNC: 0x37a141c3 UNRECOGNISED at 0x8100026c
[14:57:51.449] |W| [export_sceGxmMapVertexUsseMemory::<lambda_1>::operator ()]: Stubbed sceGxmMapVertexUsseMemory import called. (always return success)
[14:57:51.455] |W| [export_sceGxmMapFragmentUsseMemory::<lambda_1>::operator ()]: Stubbed sceGxmMapFragmentUsseMemory import called. (always return success)
[14:57:51.737] |W| [export_sceJpegInitMJpeg::<lambda_1>::operator ()]: Stubbed sceJpegInitMJpeg import called. (Ignoring non-zero maxSplitDecoder parameter)
[14:57:51.812] |I| [export_sceSysmoduleLoadModule]: Loading module ID: SCE_SYSMODULE_NGS
[14:57:51.868] |W| [export_sceCommonDialogSetConfigParam::<lambda_1>::operator ()]: Unimplemented sceCommonDialogSetConfigParam import called.
[14:57:52.014] |I| [export_sceSysmoduleLoadModule]: Loading module ID: SCE_SYSMODULE_NET
[14:57:52.017] |W| [export_sceNetCtlInit::<lambda_2>::operator ()]: Stubbed sceNetCtlInit import called. (Stub)
[14:57:52.023] |W| [export___sceAppMgrGetAppState::<lambda_1>::operator ()]: Stubbed __sceAppMgrGetAppState import called. (Set to 0.)
[14:57:52.155] |W| [export_sceKernelGetOpenPsId::<lambda_1>::operator ()]: Unimplemented sceKernelGetOpenPsId import called.
[14:57:52.161] |I| [export_sceIoOpen]: Opening file: savedata0:/PSID.dat
[14:57:52.163] |T| [open_file]: sceIoOpen: Opening file savedata0:/PSID.dat (ux0:/user/00/savedata/PCSE00070/PSID.dat), fd: 0x3
[14:57:52.167] |T| [close_file]: sceIoClose: Closing file fd: 0x3
[14:57:52.169] |I| [export_sceIoOpen]: Opening file: app0:/data/artwork/Startup_Top.png
[14:57:52.172] |T| [open_file]: sceIoOpen: Opening file app0:/data/artwork/Startup_Top.png (ux0:/app/PCSE00070/data/artwork/Startup_Top.png), fd: 0x4
[14:57:52.187] |T| [close_file]: sceIoClose: Closing file fd: 0x4
[14:57:52.274] |I| [export_sceIoOpen]: Opening file: app0:/data/artwork/Startup_Middle.png
[14:57:52.280] |T| [open_file]: sceIoOpen: Opening file app0:/data/artwork/Startup_Middle.png (ux0:/app/PCSE00070/data/artwork/Startup_Middle.png), fd: 0x5
[14:57:52.285] |T| [close_file]: sceIoClose: Closing file fd: 0x5
[14:57:52.296] |I| [export_sceIoOpen]: Opening file: app0:/data/artwork/Startup_Bottom.png
[14:57:52.297] |T| [open_file]: sceIoOpen: Opening file app0:/data/artwork/Startup_Bottom.png (ux0:/app/PCSE00070/data/artwork/Startup_Bottom.png), fd: 0x6
[14:57:52.300] |T| [close_file]: sceIoClose: Closing file fd: 0x6
[14:57:52.304] |I| [export_sceIoOpen]: Opening file: app0:/data/artwork/Netflix_Logo_Loading.png
[14:57:52.306] |T| [open_file]: sceIoOpen: Opening file app0:/data/artwork/Netflix_Logo_Loading.png (ux0:/app/PCSE00070/data/artwork/Netflix_Logo_Loading.png), fd: 0x7
[14:57:52.312] |T| [close_file]: sceIoClose: Closing file fd: 0x7
[14:57:52.317] |I| [load_module]: Loading module "app0:/qt.suprx"
[14:57:52.323] |I| [export_sceIoOpen]: Opening file: app0:/data/artwork/Loading_720_1.png
[14:57:52.331] |T| [open_file]: sceIoOpen: Opening file app0:/data/artwork/Loading_720_1.png (ux0:/app/PCSE00070/data/artwork/Loading_720_1.png), fd: 0x8
[14:57:52.334] |T| [close_file]: sceIoClose: Closing file fd: 0x8
[14:57:52.337] |I| [export_sceIoOpen]: Opening file: app0:/data/artwork/Loading_720_2.png
[14:57:52.339] |T| [open_file]: sceIoOpen: Opening file app0:/data/artwork/Loading_720_2.png (ux0:/app/PCSE00070/data/artwork/Loading_720_2.png), fd: 0x9
[14:57:52.349] |T| [close_file]: sceIoClose: Closing file fd: 0x9
[14:57:52.354] |I| [export_sceIoOpen]: Opening file: app0:/data/artwork/Loading_720_3.png
[14:57:52.356] |T| [open_file]: sceIoOpen: Opening file app0:/data/artwork/Loading_720_3.png (ux0:/app/PCSE00070/data/artwork/Loading_720_3.png), fd: 0xa
[14:57:52.375] |T| [close_file]: sceIoClose: Closing file fd: 0xa
[14:57:52.385] |I| [export_sceIoOpen]: Opening file: app0:/data/artwork/Loading_720_4.png
[14:57:52.386] |T| [open_file]: sceIoOpen: Opening file app0:/data/artwork/Loading_720_4.png (ux0:/app/PCSE00070/data/artwork/Loading_720_4.png), fd: 0xb
[14:57:52.397] |T| [close_file]: sceIoClose: Closing file fd: 0xb
[14:57:52.399] |I| [export_sceIoOpen]: Opening file: app0:/data/artwork/Loading_720_5.png
[14:57:52.401] |T| [open_file]: sceIoOpen: Opening file app0:/data/artwork/Loading_720_5.png (ux0:/app/PCSE00070/data/artwork/Loading_720_5.png), fd: 0xc
[14:57:52.415] |T| [close_file]: sceIoClose: Closing file fd: 0xc
[14:57:52.416] |I| [export_sceIoOpen]: Opening file: app0:/data/artwork/Loading_720_6.png
[14:57:52.418] |T| [open_file]: sceIoOpen: Opening file app0:/data/artwork/Loading_720_6.png (ux0:/app/PCSE00070/data/artwork/Loading_720_6.png), fd: 0xd
[14:57:52.428] |T| [close_file]: sceIoClose: Closing file fd: 0xd
[14:57:52.432] |I| [export_sceIoOpen]: Opening file: app0:/data/artwork/Loading_720_7.png
[14:57:52.436] |T| [open_file]: sceIoOpen: Opening file app0:/data/artwork/Loading_720_7.png (ux0:/app/PCSE00070/data/artwork/Loading_720_7.png), fd: 0xe
[14:57:52.445] |T| [close_file]: sceIoClose: Closing file fd: 0xe
[14:57:52.447] |I| [export_sceIoOpen]: Opening file: app0:/data/artwork/Loading_720_8.png
[14:57:52.449] |T| [open_file]: sceIoOpen: Opening file app0:/data/artwork/Loading_720_8.png (ux0:/app/PCSE00070/data/artwork/Loading_720_8.png), fd: 0xf
[14:57:52.464] |T| [close_file]: sceIoClose: Closing file fd: 0xf
[14:57:52.466] |I| [export_sceIoOpen]: Opening file: app0:/data/artwork/Loading_720_9.png
[14:57:52.469] |T| [open_file]: sceIoOpen: Opening file app0:/data/artwork/Loading_720_9.png (ux0:/app/PCSE00070/data/artwork/Loading_720_9.png), fd: 0x10
[14:57:52.482] |T| [close_file]: sceIoClose: Closing file fd: 0x10
[14:57:52.483] |I| [export_sceIoOpen]: Opening file: app0:/data/artwork/Loading_720_10.png
[14:57:52.486] |T| [open_file]: sceIoOpen: Opening file app0:/data/artwork/Loading_720_10.png (ux0:/app/PCSE00070/data/artwork/Loading_720_10.png), fd: 0x11
[14:57:52.505] |T| [close_file]: sceIoClose: Closing file fd: 0x11
[14:57:52.509] |I| [export_sceIoOpen]: Opening file: app0:/data/artwork/Loading_720_11.png
[14:57:52.510] |T| [open_file]: sceIoOpen: Opening file app0:/data/artwork/Loading_720_11.png (ux0:/app/PCSE00070/data/artwork/Loading_720_11.png), fd: 0x12
[14:57:52.533] |T| [close_file]: sceIoClose: Closing file fd: 0x12
[14:57:52.534] |I| [export_sceIoOpen]: Opening file: app0:/data/artwork/Loading_720_12.png
[14:57:52.536] |T| [open_file]: sceIoOpen: Opening file app0:/data/artwork/Loading_720_12.png (ux0:/app/PCSE00070/data/artwork/Loading_720_12.png), fd: 0x13
[14:57:52.554] |T| [close_file]: sceIoClose: Closing file fd: 0x13
[14:57:52.556] |I| [export_sceIoOpen]: Opening file: app0:/data/artwork/Loading_720_13.png
[14:57:52.561] |T| [open_file]: sceIoOpen: Opening file app0:/data/artwork/Loading_720_13.png (ux0:/app/PCSE00070/data/artwork/Loading_720_13.png), fd: 0x14
[14:57:52.572] |T| [close_file]: sceIoClose: Closing file fd: 0x14
[14:57:52.573] |I| [export_sceIoOpen]: Opening file: app0:/data/artwork/Loading_720_14.png
[14:57:52.577] |T| [open_file]: sceIoOpen: Opening file app0:/data/artwork/Loading_720_14.png (ux0:/app/PCSE00070/data/artwork/Loading_720_14.png), fd: 0x15
[14:57:52.594] |T| [close_file]: sceIoClose: Closing file fd: 0x15
[14:57:52.597] |I| [export_sceIoOpen]: Opening file: app0:/data/artwork/Loading_720_15.png
[14:57:52.599] |T| [open_file]: sceIoOpen: Opening file app0:/data/artwork/Loading_720_15.png (ux0:/app/PCSE00070/data/artwork/Loading_720_15.png), fd: 0x16
[14:57:52.605] |I| [export_sceIoOpen]: Opening file: app0:/data/fonts/Arial_for_Netflix-R.ttf
[14:57:52.616] |T| [close_file]: sceIoClose: Closing file fd: 0x16
[14:57:52.620] |T| [open_file]: sceIoOpen: Opening file app0:/data/fonts/Arial_for_Netflix-R.ttf (ux0:/app/PCSE00070/data/fonts/Arial_for_Netflix-R.ttf), fd: 0x17
[14:57:52.662] |T| [close_file]: sceIoClose: Closing file fd: 0x17
[14:57:54.969] |I| [load_self]: app0:/qt.suprx: Skipping special segment 0x6fffff01...
[14:57:54.970] |I| [load_self]: Loaded module segment 0 @ [0x81002000 - 0x81778ECC / 0x81000000] (size: 0x00776ECC) of module app0:/qt.suprx
[14:57:54.976] |I| [load_self]: Loaded module segment 1 @ [0x804EC000 - 0x804F48B4 / 0x81777000] (size: 0x000088B4) of module app0:/qt.suprx
[14:57:54.978] |I| [load_self]: Linking SELF app0:/qt.suprx...
[14:57:54.980] |D| [load_var_exports]: 	NID 0x6c2224ba (NID_MODULE_INFO) at 0x8158f3fc
[14:57:55.011] |I| [load_module]: Module qt (at "app0:/qt.suprx") loaded
[14:57:55.013] |D| [start_module]: Running module_start of library: qt at address 0x810955dd
[14:57:55.156] |I| [start_module]: Module qt (at "app0:/qt.suprx") module_start returned 0x0
[14:57:55.165] |I| [load_module]: Loading module "app0:/browser.suprx"
[14:57:55.775] |I| [load_self]: app0:/browser.suprx: Skipping special segment 0x6fffff01...
[14:57:55.775] |I| [load_self]: Loaded module segment 0 @ [0x81779000 - 0x81EA4D20 / 0x81000000] (size: 0x0072BD20) of module app0:/browser.suprx
[14:57:55.777] |I| [load_self]: Loaded module segment 1 @ [0x809AC000 - 0x809D6B90 / 0x8172C000] (size: 0x0002AB90) of module app0:/browser.suprx
[14:57:55.779] |I| [load_self]: Linking SELF app0:/browser.suprx...
[14:57:55.780] |D| [load_var_exports]: 	NID 0x6c2224ba (NID_MODULE_INFO) at 0x81bf207c
[14:57:55.787] |I| [load_module]: Module browser (at "app0:/browser.suprx") loaded
[14:57:55.793] |D| [start_module]: Running module_start of library: browser at address 0x8177b999
[14:57:56.207] |I| [start_module]: Module browser (at "app0:/browser.suprx") module_start returned 0x0
[14:57:56.232] |I| [export_sceSysmoduleLoadModule]: Loading module ID: SCE_SYSMODULE_HTTPS
[14:57:56.232] |I| [load_module]: Loading module "vs0:sys/external/libhttp.suprx"
[14:57:56.254] |I| [load_self]: vs0:sys/external/libhttp.suprx: Skipping special segment 0x6fffff01...
[14:57:56.254] |I| [load_self]: Loaded module segment 0 @ [0x809D7000 - 0x809F4150 / 0x81000000] (size: 0x0001D150) of module vs0:sys/external/libhttp.suprx
[14:57:56.260] |I| [load_self]: Loaded module segment 1 @ [0x802EE000 - 0x802EE640 / 0x8101E000] (size: 0x00000640) of module vs0:sys/external/libhttp.suprx
[14:57:56.263] |I| [load_self]: Linking SELF vs0:sys/external/libhttp.suprx...
[14:57:56.264] |D| [load_var_exports]: 	NID 0x936c8a78 (SYSLYB) at 0x809f2e68
[14:57:56.265] |D| [load_var_exports]: 	NID 0x6c2224ba (NID_MODULE_INFO) at 0x809efca0
[14:57:56.266] |I| [load_module]: Module SceLibHttp (at "vs0:sys/external/libhttp.suprx") loaded
[14:57:56.267] |D| [start_module]: Running module_start of library: SceLibHttp at address 0x809e02e5
[14:57:56.296] |I| [start_module]: Module SceLibHttp (at "vs0:sys/external/libhttp.suprx") module_start returned 0x0
[14:57:56.303] |I| [load_module]: Loading module "vs0:sys/external/libssl.suprx"
[14:57:56.335] |I| [load_self]: Loaded module segment 0 @ [0x80F2C000 - 0x80F92EA4 / 0x81000000] (size: 0x00066EA4) of module vs0:sys/external/libssl.suprx
[14:57:56.337] |I| [load_self]: Loaded module segment 1 @ [0x80470000 - 0x80475188 / 0x81067000] (size: 0x00005188) of module vs0:sys/external/libssl.suprx
[14:57:56.339] |I| [load_self]: Linking SELF vs0:sys/external/libssl.suprx...
[14:57:56.340] |D| [load_var_exports]: 	NID 0x936c8a78 (SYSLYB) at 0x80f7e9b0
[14:57:56.341] |D| [load_var_exports]: 	NID 0x6c2224ba (NID_MODULE_INFO) at 0x80f78c70
[14:57:56.342] |I| [load_module]: Module SceLibSsl (at "vs0:sys/external/libssl.suprx") loaded
[14:57:56.343] |I| [export_sceSysmoduleLoadModule]: Loading module ID: SCE_SYSMODULE_NP
[14:57:56.344] |I| [export_sceSysmoduleLoadModule]: Loading module ID: SCE_SYSMODULE_NP_UTILITY
[14:57:56.346] |I| [export_sceSysmoduleLoadModule]: Loading module ID: SCE_SYSMODULE_NP_BASIC
[14:57:56.476] |T| [log_import_call]: [LLE] TID: 6   FUNC: 0x3c733316 sceSslInit at 0x8020876c
[14:57:56.494] |T| [log_import_call]: [LLE] TID: 6   FUNC: 0x214926d9 sceHttpInit at 0x802080fc
[14:57:56.522] |W| [export_sceNpBasicInit::<lambda_1>::operator ()]: Unimplemented sceNpBasicInit import called.
[14:57:56.528] |W| [export_sceNpAuthInit::<lambda_1>::operator ()]: Unimplemented sceNpAuthInit import called.
[14:57:56.537] |W| [export_sceNetCheckDialogInit::<lambda_1>::operator ()]: Unimplemented sceNetCheckDialogInit import called.
[14:57:56.585] |W| [export_sceNetCheckDialogGetStatus::<lambda_1>::operator ()]: Stubbed sceNetCheckDialogGetStatus import called. (SCE_COMMON_DIALOG_STATUS_FINISHED)
[14:57:56.587] |W| [export_sceNetCtlCheckCallback::<lambda_2>::operator ()]: Stubbed sceNetCtlCheckCallback import called. (Stub)
[14:57:56.593] |W| [export_sceNetCheckDialogGetResult::<lambda_1>::operator ()]: Stubbed sceNetCheckDialogGetResult import called. (result->result = 0)
[14:57:56.605] |W| [export_sceNetCtlInetGetInfo::<lambda_19>::operator ()]: Stubbed sceNetCtlInetGetInfo import called. (code SCE_NETCTL_INFO_GET_HTTP_PROXY_CONFIG not implemented)
[14:57:56.618] |W| [export_sceNetCtlInetGetInfo::<lambda_5>::operator ()]: Stubbed sceNetCtlInetGetInfo import called. (code SCE_NETCTL_INFO_GET_MTU not implemented)
[14:57:56.620] |W| [export_sceNetCtlInetGetInfo::<lambda_4>::operator ()]: Stubbed sceNetCtlInetGetInfo import called. (code SCE_NETCTL_INFO_GET_ETHER_ADDR not implemented)
[14:57:56.625] |W| [export_sceNetCtlInetGetInfo::<lambda_17>::operator ()]: Stubbed sceNetCtlInetGetInfo import called. (code SCE_NETCTL_INFO_GET_PRIMARY_DNS not implemented)
[14:57:56.626] |W| [export_sceNetCtlInetGetInfo::<lambda_18>::operator ()]: Stubbed sceNetCtlInetGetInfo import called. (code SCE_NETCTL_INFO_GET_SECONDARY_DNS not implemented)
[14:57:56.629] |W| [export_sceNpManagerGetContentRatingFlag::<lambda_1>::operator ()]: Stubbed sceNpManagerGetContentRatingFlag import called. (isRestricted = 0; age = 21; return 0;)
[14:57:56.630] |T| [log_import_call]: [LLE] TID: 6   FUNC: 0x7794d532 UNRECOGNISED at 0x802aa68c
[14:57:56.633] |W| [export_sceNetCheckDialogTerm::<lambda_1>::operator ()]: Unimplemented sceNetCheckDialogTerm import called.
[14:57:56.644] |T| [open_file]: sceAppUtilSaveDataSlotGetParam: Opening file savedata0:/SlotParam_0.bin (ux0:/user/00/savedata/PCSE00070/SlotParam_0.bin), fd: 0x18
[14:57:56.649] |T| [close_file]: sceAppUtilSaveDataSlotGetParam: Closing file fd: 0x18
[14:57:56.654] |W| [io_error_impl]: create_dir (sceAppUtilSaveDataDataSave) returned 0x80010011
[14:57:56.655] |T| [open_file]: sceAppUtilSaveDataDataSave: Opening file savedata0:/SlotParam_0.bin (ux0:/user/00/savedata/PCSE00070/SlotParam_0.bin), fd: 0x19
[14:57:56.657] |T| [write_file]: sceAppUtilSaveDataDataSave: Writing to fd: 0x19, size: 844
[14:57:56.658] |T| [close_file]: sceAppUtilSaveDataDataSave: Closing file fd: 0x19
[14:57:56.669] |T| [open_file]: sceAppUtilSaveDataSlotGetParam: Opening file savedata0:/SlotParam_0.bin (ux0:/user/00/savedata/PCSE00070/SlotParam_0.bin), fd: 0x1a
[14:57:56.670] |T| [close_file]: sceAppUtilSaveDataSlotGetParam: Closing file fd: 0x1a
[14:57:56.673] |W| [io_error_impl]: create_dir (sceAppUtilSaveDataDataSave) returned 0x80010011
[14:57:56.674] |T| [open_file]: sceAppUtilSaveDataDataSave: Opening file savedata0:/SlotParam_0.bin (ux0:/user/00/savedata/PCSE00070/SlotParam_0.bin), fd: 0x1b
[14:57:56.676] |T| [write_file]: sceAppUtilSaveDataDataSave: Writing to fd: 0x1b, size: 844
[14:57:56.677] |T| [close_file]: sceAppUtilSaveDataDataSave: Closing file fd: 0x1b
[14:57:56.686] |T| [log_import_call]: [LLE] TID: 6   FUNC: 0x6e0872d0 UNRECOGNISED at 0x802aa66c
[14:57:56.726] |E| [stat_file]: Cannot find device for path: html
[14:57:56.727] |W| [io_error_impl]: stat_file (_sceIoGetstat) returned 0x80010002
[14:57:56.732] |E| [stat_file]: Missing file at C:/Users/Felipe/AppData/Roaming/Vita3K/Vita3K/ux0/app/PCSE00070/data/html (target path: app0:/data/html)
[14:57:56.733] |W| [io_error_impl]: stat_file (_sceIoGetstat) returned 0x80010002
[14:57:56.735] |E| [stat_file]: Cannot find device for path: etc/conf/html.xml
[14:57:56.736] |W| [io_error_impl]: stat_file (_sceIoGetstat) returned 0x80010002
[14:57:56.768] |E| [stat_file]: Cannot find device for path: etc/conf/common.xml
[14:57:56.768] |W| [io_error_impl]: stat_file (_sceIoGetstat) returned 0x80010002
[14:57:56.782] |E| [stat_file]: Cannot find device for path: etc/conf/oem.xml
[14:57:56.783] |W| [io_error_impl]: stat_file (_sceIoGetstat) returned 0x80010002
[14:57:56.795] |E| [stat_file]: Cannot find device for path: 
[14:57:56.796] |W| [io_error_impl]: stat_file (_sceIoGetstat) returned 0x80010002
[14:57:56.798] |E| [stat_file]: Cannot find device for path: resources/
[14:57:56.800] |W| [io_error_impl]: stat_file (_sceIoGetstat) returned 0x80010002
[14:57:56.802] |E| [stat_file]: Cannot find device for path: etc/certs/nccp_ca.pem
[14:57:56.802] |W| [io_error_impl]: stat_file (_sceIoGetstat) returned 0x80010002
[14:57:56.804] |E| [stat_file]: Cannot find device for path: etc/certs/ui_ca.pem
[14:57:56.805] |W| [io_error_impl]: stat_file (_sceIoGetstat) returned 0x80010002
[14:57:56.812] |E| [stat_file]: Missing file at C:/Users/Felipe/AppData/Roaming/Vita3K/Vita3K/ux0/user/00/savedata/PCSE00070/netcache (target path: savedata0:/netcache)
[14:57:56.813] |W| [io_error_impl]: stat_file (_sceIoGetstat) returned 0x80010002
[14:57:57.202] |W| [export_sceKernelGetProcessId::<lambda_1>::operator ()]: Stubbed sceKernelGetProcessId import called. (pid: 0)
[14:57:57.354] |E| [stat_file]: Cannot find device for path: /var/ssl/certs
[14:57:57.354] |W| [io_error_impl]: stat_file (_sceIoGetstat) returned 0x80010002
[14:57:57.356] |E| [stat_file]: Cannot find device for path: /var/ssl/certs
[14:57:57.357] |W| [io_error_impl]: stat_file (_sceIoGetstat) returned 0x80010002
[14:57:57.367] |E| [open_dir]: Directory does not exist at: C:/Users/Felipe/AppData/Roaming/Vita3K/Vita3K/_INVALID\ (target path: /var/ssl/certs)
[14:57:57.368] |W| [io_error_impl]: open_dir (_sceIoDopen) returned 0x80010002
[14:57:57.380] |E| [stat_file]: Cannot find device for path: /usr/local/ssl/certs
[14:57:57.381] |W| [io_error_impl]: stat_file (_sceIoGetstat) returned 0x80010002
[14:57:57.382] |E| [stat_file]: Cannot find device for path: /usr/local/ssl/certs
[14:57:57.384] |W| [io_error_impl]: stat_file (_sceIoGetstat) returned 0x80010002
[14:57:57.386] |E| [open_dir]: Directory does not exist at: C:/Users/Felipe/AppData/Roaming/Vita3K/Vita3K/_INVALID\ (target path: /usr/local/ssl/certs)
[14:57:57.389] |W| [io_error_impl]: open_dir (_sceIoDopen) returned 0x80010002
[14:57:57.392] |E| [stat_file]: Cannot find device for path: /opt/openssl/certs
[14:57:57.392] |W| [io_error_impl]: stat_file (_sceIoGetstat) returned 0x80010002
[14:57:57.394] |E| [stat_file]: Cannot find device for path: /opt/openssl/certs
[14:57:57.395] |W| [io_error_impl]: stat_file (_sceIoGetstat) returned 0x80010002
[14:57:57.396] |E| [open_dir]: Directory does not exist at: C:/Users/Felipe/AppData/Roaming/Vita3K/Vita3K/_INVALID\ (target path: /opt/openssl/certs)
[14:57:57.397] |W| [io_error_impl]: open_dir (_sceIoDopen) returned 0x80010002
[14:57:57.399] |E| [stat_file]: Cannot find device for path: /etc/ssl/certs
[14:57:57.401] |W| [io_error_impl]: stat_file (_sceIoGetstat) returned 0x80010002
[14:57:57.403] |E| [stat_file]: Cannot find device for path: /etc/ssl/certs
[14:57:57.405] |W| [io_error_impl]: stat_file (_sceIoGetstat) returned 0x80010002
[14:57:57.407] |E| [open_dir]: Directory does not exist at: C:/Users/Felipe/AppData/Roaming/Vita3K/Vita3K/_INVALID\ (target path: /etc/ssl/certs)
[14:57:57.408] |W| [io_error_impl]: open_dir (_sceIoDopen) returned 0x80010002
[14:57:57.411] |E| [stat_file]: Cannot find device for path: /etc/pki/tls/certs/ca-bundle.crt
[14:57:57.412] |W| [io_error_impl]: stat_file (_sceIoGetstat) returned 0x80010002
[14:57:57.413] |E| [stat_file]: Cannot find device for path: /etc/pki/tls/certs/ca-bundle.crt
[14:57:57.414] |W| [io_error_impl]: stat_file (_sceIoGetstat) returned 0x80010002
[14:57:57.417] |E| [stat_file]: Cannot find device for path: /etc/pki/tls/certs/ca-bundle.crt
[14:57:57.418] |W| [io_error_impl]: stat_file (_sceIoGetstat) returned 0x80010002
[14:57:57.420] |E| [stat_file]: Cannot find device for path: /etc/pki/tls/certs/ca-bundle.crt
[14:57:57.421] |W| [io_error_impl]: stat_file (_sceIoGetstat) returned 0x80010002
[14:57:57.423] |E| [open_dir]: Directory does not exist at: C:/Users/Felipe/AppData/Roaming/Vita3K/Vita3K/_INVALID\ (target path: /etc/pki/tls/certs/ca-bundle.crt)
[14:57:57.424] |W| [io_error_impl]: open_dir (_sceIoDopen) returned 0x80010002
[14:57:57.426] |E| [stat_file]: Cannot find device for path: /usr/lib/ssl/certs
[14:57:57.427] |W| [io_error_impl]: stat_file (_sceIoGetstat) returned 0x80010002
[14:57:57.428] |E| [stat_file]: Cannot find device for path: /usr/lib/ssl/certs
[14:57:57.429] |W| [io_error_impl]: stat_file (_sceIoGetstat) returned 0x80010002
[14:57:57.430] |E| [open_dir]: Directory does not exist at: C:/Users/Felipe/AppData/Roaming/Vita3K/Vita3K/_INVALID\ (target path: /usr/lib/ssl/certs)
[14:57:57.434] |W| [io_error_impl]: open_dir (_sceIoDopen) returned 0x80010002
[14:57:57.439] |E| [stat_file]: Cannot find device for path: /usr/share/ssl
[14:57:57.439] |W| [io_error_impl]: stat_file (_sceIoGetstat) returned 0x80010002
[14:57:57.440] |E| [stat_file]: Cannot find device for path: /usr/share/ssl
[14:57:57.442] |W| [io_error_impl]: stat_file (_sceIoGetstat) returned 0x80010002
[14:57:57.443] |E| [open_dir]: Directory does not exist at: C:/Users/Felipe/AppData/Roaming/Vita3K/Vita3K/_INVALID\ (target path: /usr/share/ssl)
[14:57:57.445] |W| [io_error_impl]: open_dir (_sceIoDopen) returned 0x80010002
[14:57:57.447] |E| [stat_file]: Cannot find device for path: /usr/local/ssl
[14:57:57.449] |W| [io_error_impl]: stat_file (_sceIoGetstat) returned 0x80010002
[14:57:57.451] |E| [stat_file]: Cannot find device for path: /usr/local/ssl
[14:57:57.453] |W| [io_error_impl]: stat_file (_sceIoGetstat) returned 0x80010002
[14:57:57.456] |E| [open_dir]: Directory does not exist at: C:/Users/Felipe/AppData/Roaming/Vita3K/Vita3K/_INVALID\ (target path: /usr/local/ssl)
[14:57:57.460] |W| [io_error_impl]: open_dir (_sceIoDopen) returned 0x80010002
[14:57:57.548] |T| [log_import_call]: [LLE] TID: 6   FUNC: 0xe4aceea5 UNRECOGNISED at 0x802aa6fc
[14:57:57.633] |E| [stat_file]: Cannot find device for path: 
[14:57:57.633] |W| [io_error_impl]: stat_file (_sceIoGetstat) returned 0x80010002
[14:57:57.635] |E| [stat_file]: Cannot find device for path: 
[14:57:57.637] |W| [io_error_impl]: stat_file (_sceIoGetstat) returned 0x80010002
[14:57:57.643] |E| [stat_file]: Missing file at C:/Users/Felipe/AppData/Roaming/Vita3K/Vita3K/ux0/app/PCSE00070/qt.conf (target path: app0:/qt.conf)
[14:57:57.644] |W| [io_error_impl]: stat_file (_sceIoGetstat) returned 0x80010002
[14:57:57.645] |E| [stat_file]: Missing file at C:/Users/Felipe/AppData/Roaming/Vita3K/Vita3K/ux0/app/PCSE00070/qt.conf (target path: app0:/qt.conf)
[14:57:57.646] |W| [io_error_impl]: stat_file (_sceIoGetstat) returned 0x80010002
[14:57:57.652] |E| [stat_file]: Cannot find device for path: /usr/local/Trolltech/QtEmbedded-4.7.0-arm/plugins
[14:57:57.653] |W| [io_error_impl]: stat_file (_sceIoGetstat) returned 0x80010002
[14:57:57.654] |E| [stat_file]: Cannot find device for path: /usr/local/Trolltech/QtEmbedded-4.7.0-arm/plugins
[14:57:57.656] |W| [io_error_impl]: stat_file (_sceIoGetstat) returned 0x80010002
[14:57:57.659] |E| [stat_file]: Cannot find device for path: 
[14:57:57.659] |W| [io_error_impl]: stat_file (_sceIoGetstat) returned 0x80010002
[14:57:57.660] |E| [stat_file]: Cannot find device for path: 
[14:57:57.661] |W| [io_error_impl]: stat_file (_sceIoGetstat) returned 0x80010002
[14:57:57.673] |E| [stat_file]: Missing file at C:/Users/Felipe/AppData/Roaming/Vita3K/Vita3K/ux0/app/PCSE00070/plugins (target path: app0:/plugins)
[14:57:57.674] |W| [io_error_impl]: stat_file (_sceIoGetstat) returned 0x80010002
[14:57:57.677] |E| [stat_file]: Missing file at C:/Users/Felipe/AppData/Roaming/Vita3K/Vita3K/ux0/app/PCSE00070/plugins (target path: app0:/plugins)
[14:57:57.679] |W| [io_error_impl]: stat_file (_sceIoGetstat) returned 0x80010002
[14:57:57.718] |T| [log_import_call]: [LLE] TID: 118 FUNC: 0xee681e1d sceFiosFHOpenWithModeSync at 0x80031cd4
[14:57:57.722] |I| [export_sceIoOpen]: Opening file: savedata0:/data/systemData
[14:57:57.723] |T| [open_file]: sceIoOpen: Opening file savedata0:/data/systemData (ux0:/user/00/savedata/PCSE00070/data/systemData), fd: 0x1c
[14:57:57.736] |T| [log_import_call]: [LLE] TID: 118 FUNC: 0xa75f3c4a sceFiosFHSeek at 0x80031c84
[14:57:57.739] |T| [log_import_call]: [LLE] TID: 118 FUNC: 0xb309e327 sceFiosIsValidHandle at 0x80031ca4
[14:57:57.743] |T| [log_import_call]: [LLE] TID: 118 FUNC: 0x76945919 sceFiosFHReadSync at 0x80031c64
[14:57:57.755] |T| [log_import_call]: [LLE] TID: 118 FUNC: 0x45182328 sceFiosFHCloseSync at 0x80031c44
[14:57:57.756] |T| [close_file]: sceIoClose: Closing file fd: 0x1c
[14:57:57.775] |I| [export_sceIoOpen]: Opening file: savedata0:/data/systemData.secure
[14:57:57.776] |T| [open_file]: sceIoOpen: Opening file savedata0:/data/systemData.secure (ux0:/user/00/savedata/PCSE00070/data/systemData.secure), fd: 0x1d
[14:57:57.786] |T| [close_file]: sceIoClose: Closing file fd: 0x1d
[14:57:58.097] |T| [open_file]: sceAppUtilSaveDataSlotGetParam: Opening file savedata0:/SlotParam_0.bin (ux0:/user/00/savedata/PCSE00070/SlotParam_0.bin), fd: 0x1e
[14:57:58.097] |T| [open_file]: sceAppUtilSaveDataSlotGetParam: Opening file savedata0:/SlotParam_0.bin (ux0:/user/00/savedata/PCSE00070/SlotParam_0.bin), fd: 0x1f
[14:57:58.099] |T| [close_file]: sceAppUtilSaveDataSlotGetParam: Closing file fd: 0x1e
[14:57:58.102] |T| [close_file]: sceAppUtilSaveDataSlotGetParam: Closing file fd: 0x1f
[14:57:58.106] |W| [io_error_impl]: create_dir (sceAppUtilSaveDataDataSave) returned 0x80010011
[14:57:58.107] |T| [open_file]: sceAppUtilSaveDataDataSave: Opening file savedata0:/data/systemData (ux0:/user/00/savedata/PCSE00070/data/systemData), fd: 0x20
[14:57:58.108] |T| [open_file]: sceAppUtilSaveDataDataSave: Opening file savedata0:/SlotParam_0.bin (ux0:/user/00/savedata/PCSE00070/SlotParam_0.bin), fd: 0x21
[14:57:58.114] |T| [write_file]: sceAppUtilSaveDataDataSave: Writing to fd: 0x20, size: 45
[14:57:58.119] |T| [close_file]: sceAppUtilSaveDataDataSave: Closing file fd: 0x20
[14:57:58.117] |T| [write_file]: sceAppUtilSaveDataDataSave: Writing to fd: 0x21, size: 844
[14:57:58.125] |T| [open_file]: sceAppUtilSaveDataDataSave: Opening file savedata0:/data/systemData (ux0:/user/00/savedata/PCSE00070/data/systemData), fd: 0x22
[14:57:58.125] |T| [close_file]: sceAppUtilSaveDataDataSave: Closing file fd: 0x21
[14:57:58.129] |T| [truncate_file]: sceAppUtilSaveDataDataSave: Truncating fd: 0x22, to size: 45
[14:57:58.131] |T| [close_file]: sceAppUtilSaveDataDataSave: Closing file fd: 0x22
[14:57:58.136] |E| [stat_file]: Missing file at C:/Users/Felipe/AppData/Roaming/Vita3K/Vita3K/ux0/user/00/savedata/PCSE00070/tmp/qtembedded-0/QtEmbedded-0 (target path: savedata0:/tmp/qtembedded-0/QtEmbedded-0)
[14:57:58.138] |W| [io_error_impl]: stat_file (_sceIoGetstat) returned 0x80010002
[14:57:58.145] |T| [open_file]: sceAppUtilSaveDataDataSave: Opening file savedata0:/SlotParam_0.bin (ux0:/user/00/savedata/PCSE00070/SlotParam_0.bin), fd: 0x23
[14:57:58.146] |T| [write_file]: sceAppUtilSaveDataDataSave: Writing to fd: 0x23, size: 844
[14:57:58.147] |T| [close_file]: sceAppUtilSaveDataDataSave: Closing file fd: 0x23
[14:57:58.158] |T| [open_dir]: _sceIoDopen: Opening dir savedata0:/tmp/qtembedded-0/fonts (ux0:/user/00/savedata/PCSE00070/tmp/qtembedded-0/fonts), fd: 0x24
[14:57:58.162] |T| [read_dir]: _sceIoDread: Reading entry savedata0:/tmp/qtembedded-0/fonts/fontdb.tmp of fd: 0x24
[14:57:58.166] |T| [close_dir]: sceIoDclose: Closing dir fd: 0x24
[14:57:58.174] |T| [open_file]: sceAppUtilSaveDataSlotGetParam: Opening file savedata0:/SlotParam_0.bin (ux0:/user/00/savedata/PCSE00070/SlotParam_0.bin), fd: 0x25
[14:57:58.182] |E| [stat_file]: Missing file at C:/Users/Felipe/AppData/Roaming/Vita3K/Vita3K/ux0/user/00/savedata/PCSE00070/tmp/qtembedded-0/fonts/fontdb (target path: savedata0:/tmp/qtembedded-0/fonts/fontdb)
[14:57:58.533] |W| [io_error_impl]: stat_file (_sceIoGetstat) returned 0x80010002
[14:57:58.533] |T| [close_file]: sceAppUtilSaveDataSlotGetParam: Closing file fd: 0x25
[14:57:58.536] |T| [open_file]: sceAppUtilSaveDataDataSave: Opening file savedata0:/data/systemData.secure (ux0:/user/00/savedata/PCSE00070/data/systemData.secure), fd: 0x26
[14:57:58.539] |T| [write_file]: sceAppUtilSaveDataDataSave: Writing to fd: 0x26, size: 48
[14:57:58.541] |T| [close_file]: sceAppUtilSaveDataDataSave: Closing file fd: 0x26
[14:57:58.545] |T| [open_file]: sceAppUtilSaveDataDataSave: Opening file savedata0:/data/systemData.secure (ux0:/user/00/savedata/PCSE00070/data/systemData.secure), fd: 0x27
[14:57:58.547] |T| [truncate_file]: sceAppUtilSaveDataDataSave: Truncating fd: 0x27, to size: 48
[14:57:58.549] |T| [close_file]: sceAppUtilSaveDataDataSave: Closing file fd: 0x27
[14:57:58.552] |T| [open_file]: sceAppUtilSaveDataDataSave: Opening file savedata0:/SlotParam_0.bin (ux0:/user/00/savedata/PCSE00070/SlotParam_0.bin), fd: 0x28
[14:57:58.555] |T| [write_file]: sceAppUtilSaveDataDataSave: Writing to fd: 0x28, size: 844
[14:57:58.556] |T| [close_file]: sceAppUtilSaveDataDataSave: Closing file fd: 0x28
[14:57:58.572] |I| [export_sceIoOpen]: Opening file: app0:/data/fonts/fontdir
[14:57:58.572] |E| [open_file]: Missing file at C:/Users/Felipe/AppData/Roaming/Vita3K/Vita3K/ux0/app/PCSE00070/data/fonts/fontdir (target path: app0:/data/fonts/fontdir)
[14:57:58.576] |W| [io_error_impl]: open_file (sceIoOpen) returned 0x80010002
[14:57:58.582] |T| [open_dir]: _sceIoDopen: Opening dir app0:/data/fonts (ux0:/app/PCSE00070/data/fonts), fd: 0x29
[14:57:58.583] |T| [read_dir]: _sceIoDread: Reading entry app0:/data/fonts/Arial_for_Netflix-B.ttf of fd: 0x29
[14:57:58.586] |T| [read_dir]: _sceIoDread: Reading entry app0:/data/fonts/Arial_for_Netflix-I.ttf of fd: 0x29
[14:57:58.588] |T| [read_dir]: _sceIoDread: Reading entry app0:/data/fonts/Arial_for_Netflix-R.ttf of fd: 0x29
[14:57:58.591] |T| [close_dir]: sceIoDclose: Closing dir fd: 0x29
[14:57:58.599] |T| [open_dir]: _sceIoDopen: Opening dir app0:/data/fonts (ux0:/app/PCSE00070/data/fonts), fd: 0x2a
[14:57:58.600] |T| [read_dir]: _sceIoDread: Reading entry app0:/data/fonts/Arial_for_Netflix-B.ttf of fd: 0x2a
[14:57:58.601] |T| [read_dir]: _sceIoDread: Reading entry app0:/data/fonts/Arial_for_Netflix-I.ttf of fd: 0x2a
[14:57:58.607] |T| [read_dir]: _sceIoDread: Reading entry app0:/data/fonts/Arial_for_Netflix-R.ttf of fd: 0x2a
[14:57:58.612] |T| [close_dir]: sceIoDclose: Closing dir fd: 0x2a
[14:57:58.643] |I| [export_sceIoOpen]: Opening file: app0:/data/fonts/Arial_for_Netflix-B.ttf
[14:57:58.644] |T| [open_file]: sceIoOpen: Opening file app0:/data/fonts/Arial_for_Netflix-B.ttf (ux0:/app/PCSE00070/data/fonts/Arial_for_Netflix-B.ttf), fd: 0x2b
[14:57:58.658] |T| [close_file]: sceIoClose: Closing file fd: 0x2b
[14:57:58.718] |I| [export_sceIoOpen]: Opening file: app0:/data/fonts/Arial_for_Netflix-I.ttf
[14:57:58.718] |T| [open_file]: sceIoOpen: Opening file app0:/data/fonts/Arial_for_Netflix-I.ttf (ux0:/app/PCSE00070/data/fonts/Arial_for_Netflix-I.ttf), fd: 0x2c
[14:57:58.724] |T| [close_file]: sceIoClose: Closing file fd: 0x2c
[14:57:58.734] |I| [export_sceIoOpen]: Opening file: app0:/data/fonts/Arial_for_Netflix-R.ttf
[14:57:58.735] |T| [open_file]: sceIoOpen: Opening file app0:/data/fonts/Arial_for_Netflix-R.ttf (ux0:/app/PCSE00070/data/fonts/Arial_for_Netflix-R.ttf), fd: 0x2d
[14:57:58.739] |T| [close_file]: sceIoClose: Closing file fd: 0x2d
[14:57:58.758] |E| [stat_file]: Missing file at C:/Users/Felipe/AppData/Roaming/Vita3K/Vita3K/ux0/user/00/savedata/PCSE00070/tmp/qtembedded-0/fonts/fontdb (target path: savedata0:/tmp/qtembedded-0/fonts/fontdb)
[14:57:58.759] |W| [io_error_impl]: stat_file (_sceIoGetstat) returned 0x80010002
[14:57:58.764] |E| [stat_file]: Missing file at C:/Users/Felipe/AppData/Roaming/Vita3K/Vita3K/ux0/user/00/savedata/PCSE00070/tmp/qtembedded-0/fonts/fontdb (target path: savedata0:/tmp/qtembedded-0/fonts/fontdb)
[14:57:58.766] |W| [io_error_impl]: stat_file (_sceIoGetstat) returned 0x80010002
[14:57:58.767] |E| [stat_file]: Missing file at C:/Users/Felipe/AppData/Roaming/Vita3K/Vita3K/ux0/user/00/savedata/PCSE00070/tmp/qtembedded-0/fonts/fontdb (target path: savedata0:/tmp/qtembedded-0/fonts/fontdb)
[14:57:58.769] |W| [io_error_impl]: stat_file (_sceIoGetstat) returned 0x80010002
[14:57:58.779] |T| [open_file]: sceAppUtilSaveDataSlotGetParam: Opening file savedata0:/SlotParam_0.bin (ux0:/user/00/savedata/PCSE00070/SlotParam_0.bin), fd: 0x2e
[14:57:58.780] |T| [close_file]: sceAppUtilSaveDataSlotGetParam: Closing file fd: 0x2e
[14:57:58.784] |T| [open_file]: sceAppUtilSaveDataDataSave: Opening file savedata0:/tmp/qtembedded-0/fonts/fontdb.tmp (ux0:/user/00/savedata/PCSE00070/tmp/qtembedded-0/fonts/fontdb.tmp), fd: 0x2f
[14:57:58.787] |T| [write_file]: sceAppUtilSaveDataDataSave: Writing to fd: 0x2f, size: 419
[14:57:58.789] |T| [close_file]: sceAppUtilSaveDataDataSave: Closing file fd: 0x2f
[14:57:58.790] |T| [open_file]: sceAppUtilSaveDataDataSave: Opening file savedata0:/tmp/qtembedded-0/fonts/fontdb.tmp (ux0:/user/00/savedata/PCSE00070/tmp/qtembedded-0/fonts/fontdb.tmp), fd: 0x30
[14:57:58.794] |T| [truncate_file]: sceAppUtilSaveDataDataSave: Truncating fd: 0x30, to size: 419
[14:57:58.795] |T| [close_file]: sceAppUtilSaveDataDataSave: Closing file fd: 0x30
[14:57:58.799] |T| [open_file]: sceAppUtilSaveDataDataSave: Opening file savedata0:/SlotParam_0.bin (ux0:/user/00/savedata/PCSE00070/SlotParam_0.bin), fd: 0x31
[14:57:58.800] |T| [write_file]: sceAppUtilSaveDataDataSave: Writing to fd: 0x31, size: 844
[14:57:58.801] |T| [close_file]: sceAppUtilSaveDataDataSave: Closing file fd: 0x31
[14:57:58.807] |T| [log_import_call]: [LLE] TID: 6   FUNC: 0x30306f4 sceFiosRenameSync at 0x80031c34
[14:57:58.813] |I| [export_sceIoRename]: Renaming: /appdata/tmp/qtembedded-0//fonts//fontdb.tmp to /appdata/tmp/qtembedded-0//fonts//fontdb
[14:57:58.816] |E| [rename]: Cannot find device for path: /appdata/tmp/qtembedded-0//fonts//fontdb.tmp
[14:57:58.818] |W| [io_error_impl]: rename (sceIoRename) returned 0x80010002
[14:57:58.895] |E| [stat_file]: Missing file at C:/Users/Felipe/AppData/Roaming/Vita3K/Vita3K/ux0/user/00/savedata/PCSE00070/config/Trolltech.conf (target path: savedata0:/config/Trolltech.conf)
[14:57:58.896] |W| [io_error_impl]: stat_file (_sceIoGetstat) returned 0x80010002
[14:57:58.897] |E| [stat_file]: Missing file at C:/Users/Felipe/AppData/Roaming/Vita3K/Vita3K/ux0/user/00/savedata/PCSE00070/config/Trolltech.conf (target path: savedata0:/config/Trolltech.conf)
[14:57:58.899] |W| [io_error_impl]: stat_file (_sceIoGetstat) returned 0x80010002
[14:57:58.903] |E| [stat_file]: Missing file at C:/Users/Felipe/AppData/Roaming/Vita3K/Vita3K/ux0/user/00/savedata/PCSE00070/config/Trolltech.conf (target path: savedata0:/config/Trolltech.conf)
[14:57:58.904] |W| [io_error_impl]: stat_file (_sceIoGetstat) returned 0x80010002
[14:57:58.906] |E| [stat_file]: Missing file at C:/Users/Felipe/AppData/Roaming/Vita3K/Vita3K/ux0/user/00/savedata/PCSE00070/config/Trolltech.conf (target path: savedata0:/config/Trolltech.conf)
[14:57:58.907] |W| [io_error_impl]: stat_file (_sceIoGetstat) returned 0x80010002
[14:57:58.909] |E| [stat_file]: Cannot find device for path: /etc/xdg/Trolltech.conf
[14:57:58.910] |W| [io_error_impl]: stat_file (_sceIoGetstat) returned 0x80010002
[14:57:58.910] |E| [stat_file]: Cannot find device for path: /etc/xdg/Trolltech.conf
[14:57:58.911] |W| [io_error_impl]: stat_file (_sceIoGetstat) returned 0x80010002
[14:57:59.076] |E| [mutex_lock_impl::<lambda_1>::operator ()]: sceKernelTryLockLwMutex returned SCE_KERNEL_ERROR_LW_MUTEX_RECURSIVE (0x80028182)
[14:57:59.096] |E| [handle_timeout::<lambda_2>::operator ()]: sceKernelWaitLwCond returned SCE_KERNEL_ERROR_WAIT_TIMEOUT (0x80028005)
[14:57:59.427] |E| [stat_file]: Cannot find device for path: etc/conf/common.xml
[14:57:59.428] |W| [io_error_impl]: stat_file (_sceIoGetstat) returned 0x80010002
[14:57:59.449] |E| [stat_file]: Cannot find device for path: etc/conf/oem.xml
[14:57:59.449] |W| [io_error_impl]: stat_file (_sceIoGetstat) returned 0x80010002
[14:58:00.396] |W| [export_sceNpGetServiceState::<lambda_1>::operator ()]: Stubbed sceNpGetServiceState import called. (Stub)
[14:58:00.399] |W| [export_sceNpAuthCreateStartRequest::<lambda_1>::operator ()]: Stubbed sceNpAuthCreateStartRequest import called. (Immediately call ticket callback)
[14:58:00.402] |W| [export_sceNpCheckCallback::<lambda_1>::operator ()]: Stubbed sceNpCheckCallback import called. (Stub)
[14:58:01.143] |I| [export_sceIoOpen]: Opening file: app0:/data/resources/img/Loading_720_14fps_3.gif
[14:58:01.143] |T| [open_file]: sceIoOpen: Opening file app0:/data/resources/img/Loading_720_14fps_3.gif (ux0:/app/PCSE00070/data/resources/img/Loading_720_14fps_3.gif), fd: 0x32
[14:58:01.149] |I| [export_sceIoOpen]: Opening file: app0:/data/resources/img/720/startup/Startup_Top_2.png
[14:58:01.149] |T| [open_file]: sceIoOpen: Opening file app0:/data/resources/img/720/startup/Startup_Top_2.png (ux0:/app/PCSE00070/data/resources/img/720/startup/Startup_Top_2.png), fd: 0x33
[14:58:01.154] |I| [export_sceIoOpen]: Opening file: app0:/data/resources/img/720/startup/Startup_Bottom_2.png
[14:58:01.156] |T| [open_file]: sceIoOpen: Opening file app0:/data/resources/img/720/startup/Startup_Bottom_2.png (ux0:/app/PCSE00070/data/resources/img/720/startup/Startup_Bottom_2.png), fd: 0x34
[14:58:01.163] |I| [export_sceIoOpen]: Opening file: app0:/data/resources/img/Netflix_Logo_276x85.png
[14:58:01.165] |T| [open_file]: sceIoOpen: Opening file app0:/data/resources/img/Netflix_Logo_276x85.png (ux0:/app/PCSE00070/data/resources/img/Netflix_Logo_276x85.png), fd: 0x35
[14:58:01.367] |T| [close_file]: sceIoClose: Closing file fd: 0x32
[14:58:01.398] |T| [close_file]: sceIoClose: Closing file fd: 0x33
[14:58:01.400] |T| [close_file]: sceIoClose: Closing file fd: 0x34
[14:58:01.416] |T| [close_file]: sceIoClose: Closing file fd: 0x35
[14:58:01.527] |C| [logging::exception_handler]: Exception EXCEPTION_ACCESS_VIOLATION (0xc0000005). 
[14:58:01.527] |C| [logging::exception_handler]: Read violation at address 0x40.
