[06:29:33.991] |I| [config::init]: lle-modules: libscemp4,libpgf,libhttp,libpaf,libpaf_web_map_view,libpvf,libsceavplayer,libscejpegencarm,libscejpegarm,libSceMp4Rec,libSceXml
[06:29:33.992] |I| [config::init]: log-level: 1
[06:29:33.992] |I| [config::init]: log-imports: false
[06:29:33.992] |I| [config::init]: log-exports: false
[06:29:33.993] |I| [config::init]: log-active-shaders: false
[06:29:33.993] |I| [config::init]: log-uniforms: false
[06:29:33.993] |I| [config::init]: sync-rendering: false
[06:29:33.997] |I| [SDL_main]: Vita3K v0.1 1075-6142543
[06:29:34.900] |I| [init]: Swap interval = -1
[06:29:34.980] |I| [gui::init_icons]: Default icon found for title MP4PLAYER, Mp4 Pl.
[06:29:35.233] |I| [gui::init_icons]: Default icon found for title SKGCBSMGR, Custom Boot Splash Manager.
[06:29:35.234] |I| [gui::init_icons]: Default icon found for title SKGTLSE12, iTLS-Enso.
[06:29:35.235] |I| [gui::init_icons]: Default icon found for title SKOG00001, Snes9xVITA.
[06:29:35.239] |I| [gui::init_icons]: Default icon found for title VCID00001, VitaCID.
[06:29:35.241] |I| [gui::init_icons]: Default icon found for title VITATESTR, VitaTester.
[06:29:48.056] |I| [load_app_impl]: Title: ファンタシースター ノヴァ
[06:29:48.057] |I| [load_app_impl]: Serial: PCSG00351
[06:29:48.057] |I| [load_app_impl]: Version: 01.05
[06:29:48.058] |I| [load_app_impl]: Category: gp
[06:29:48.118] |I| [load_self]: Loading symbols for SELF: app0:sce_module/libc.suprx
[06:29:48.119] |D| [load_var_exports]: 	NID 0x936C8A78 (SYSLYB) at 0x466C4
[06:29:48.119] |D| [load_var_exports]: 	NID 0x6C2224BA (NID_MODULE_INFO) at 0x3C488
[06:29:48.119] |W| [load_var_imports]: 	NID NOT FOUND 0x93B8AA67 (__stack_chk_guard) at 0x404A8, setting to stub value 0xDEADBEEF
[06:29:48.120] |W| [load_var_imports]: 	NID NOT FOUND 0xDF084DFA (UNRECOGNISED) at 0x4202C, setting to stub value 0xDEADBEEF
[06:29:48.120] |I| [load_app_impl]: Pre-load module SceLibc (at "sce_module/libc.suprx") loaded
[06:29:48.145] |I| [load_self]: Loading symbols for SELF: app0:sce_module/libfios2.suprx
[06:29:48.146] |D| [load_var_exports]: 	NID 0x936C8A78 (SYSLYB) at 0x809B0
[06:29:48.146] |D| [load_var_exports]: 	NID 0x6C2224BA (NID_MODULE_INFO) at 0x78138
[06:29:48.147] |I| [load_app_impl]: Pre-load module SceLibFios2 (at "sce_module/libfios2.suprx") loaded
[06:29:48.164] |I| [load_self]: Loading symbols for SELF: app0:sce_module/libult.suprx
[06:29:48.164] |D| [load_var_exports]: 	NID 0x936C8A78 (SYSLYB) at 0x992F0
[06:29:48.166] |D| [load_var_exports]: 	NID 0x6C2224BA (NID_MODULE_INFO) at 0x96874
[06:29:48.166] |W| [load_var_imports]: 	NID NOT FOUND 0x936A5F31 (_pLibPerfCaptureFlagPtr) at 0x970C0, setting to stub value 0xDEADBEEF
[06:29:48.167] |I| [load_app_impl]: Pre-load module SceUlt (at "sce_module/libult.suprx") loaded
[06:29:48.665] |I| [load_self]: Loading symbols for SELF: app0:eboot.bin
[06:29:48.665] |D| [load_var_exports]: 	NID 0x6C2224BA (NID_MODULE_INFO) at 0x839EC114
[06:29:48.666] |D| [load_var_exports]: 	NID 0x70FBA1E7 (SCE_PROC_PARAMS) at 0x83B86DC4
[06:29:48.667] |D| [load_var_exports]: 	NID 0x936C8A78 (SYSLYB) at 0x83AB97E8
[06:29:48.669] |I| [load_app_impl]: Main executable NovaMRom (eboot.bin) loaded
[06:29:48.674] |D| [run_app]: Running module_start of library: SceLibc
[06:29:48.684] |I| [run_app]: Module SceLibc (at "app0:sce_module/libc.suprx") module_start returned 0x0
[06:29:48.685] |D| [run_app]: Running module_start of library: SceLibFios2
[06:29:48.689] |W| [stubbed_impl]: Stubbed sceKernelGetProcessId import called. (pid: 0)
[06:29:48.690] |W| [unimplemented_impl]: Unimplemented sceFiosOverlayGetList02 import called.
[06:29:48.691] |I| [run_app]: Module SceLibFios2 (at "app0:sce_module/libfios2.suprx") module_start returned 0x0
[06:29:48.692] |D| [run_app]: Running module_start of library: SceUlt
[06:29:48.695] |W| [unimplemented_impl]: Unimplemented _sceUlobjMgrRegisterLibultProtocolRevision import called.
[06:29:48.696] |I| [run_app]: Module SceUlt (at "app0:sce_module/libult.suprx") module_start returned 0x0
[06:29:48.714] |I| [load_self]: Loading symbols for SELF: app0:mai_moe/mai.suprx
[06:29:48.714] |D| [load_var_exports]: 	NID 0x6C2224BA (NID_MODULE_INFO) at 0x1E1578
[06:29:48.715] |D| [load_var_exports]: 	NID 0x70FBA1E7 (SCE_PROC_PARAMS) at 0x1E15D4
[06:29:48.725] |I| [export_sceIoOpen]: Opening file: app0:mai_moe/load_type.mai
[06:29:48.731] |I| [export_sceKernelLoadStartModule]: Module SceLibFios2 (at "app0:sce_module/libfios2.suprx") module_start returned 0x0
[06:29:48.746] |I| [load_self]: Loading symbols for SELF: app0:sce_module/libfios2_m.suprx
[06:29:48.747] |D| [load_var_exports]: 	NID 0x936C8A78 (SYSLYB) at 0x2929B0
[06:29:48.747] |D| [load_var_exports]: 	NID 0x6C2224BA (NID_MODULE_INFO) at 0x28A138
[06:29:48.752] |I| [export_sceKernelLoadStartModule]: Module mceLibFios2 (at "app0:sce_module/libfios2_m.suprx") module_start returned 0x0
[06:29:48.754] |W| [io_error_impl]: open_dir (sceIoDopen) returned 0x80010002
[06:29:48.754] |W| [io_error_impl]: read_dir (sceIoDread) returned 0x80010051
[06:29:48.758] |W| [io_error_impl]: close_dir (sceIoDclose) returned 0x80010051
[06:29:48.825] |I| [export_sceKernelLoadStartModule]: Module output/testprx.elf (at "app0:mai_moe/mai.suprx") module_start returned 0x0
[06:29:48.827] |W| [unimplemented_impl]: Unimplemented sceKernelGetModuleInfoByAddr import called.
[06:29:48.829] |W| [unimplemented_impl]: Unimplemented sceKernelRegisterThreadEventHandler import called.
[06:29:49.048] |W| [unimplemented_impl]: Unimplemented sceAppUtilInit import called.
[06:29:49.049] |C| [run]: Unicorn error 0x7 at: start PC: 0x83B6BF95 error PC 0x83123716 LR: 0x9D91
