[21:21:37.632] |I| [init_config]: input-installed-path: PCSG00139
[21:21:37.632] |I| [init_config]: backend-renderer: OpenGL
[21:21:37.632] |I| [init_config]: log-level: 1
[21:21:38.275] |I| [main]: Vita3K v0.1.4 2408-56bf8354
[21:21:38.275] |I| [main]: Number of logical CPU cores: 8
[21:21:38.275] |I| [main]: Available ram memory: 19433 mo
[21:21:38.397] |I| [create]: Swap interval = -1
[21:21:38.402] |I| [create]: GPU = NVIDIA GeForce GTX 960M/PCIe/SSE2
[21:21:38.402] |I| [create]: GL_VERSION = 4.5.0 NVIDIA 510.47.03
[21:21:38.402] |I| [create]: GL_SHADING_LANGUAGE_VERSION = 4.50 NVIDIA
[21:21:38.402] |I| [create]: Your GPU only supports texture barrier, performance may not be good on programmable blending games.
[21:21:38.402] |W| [create]: Consider updating to GPU that has shader interlock.
[21:21:39.083] |I| [load_app_impl]: cpu-backend: Dynarmic
[21:21:39.083] |I| [load_app_impl]: CPU Optimisation state: true
[21:21:39.083] |I| [load_app_impl]: at9 audio decoder state: true
[21:21:39.083] |I| [load_app_impl]: ngs experimental state: true
[21:21:39.083] |I| [load_app_impl]: video player state: true
[21:21:39.083] |I| [load_app_impl]: modules mode: Auto & Manual
[21:21:39.083] |I| [load_app_impl]: lle-modules: libscemp4
[21:21:39.083] |I| [load_app_impl]: Title: フォトカノ Kiss
[21:21:39.083] |I| [load_app_impl]: Serial: PCSG00139
[21:21:39.083] |I| [load_app_impl]: Version: 1.00
[21:21:39.083] |I| [load_app_impl]: Category: gd
[21:21:39.093] |C| [load_self]: Unknown segment type 0x6FFFFF01
[21:21:39.093] |I| [load_self]: Loaded module segment 0 @ [0x00007000 - 0x000514B0 / 0x81000000] (size: 0x0004A4B0) of module app0:sce_module/libc.suprx
[21:21:39.093] |I| [load_self]: Loaded module segment 1 @ [0x00052000 - 0x000546F4 / 0x8104B000] (size: 0x000026F4) of module app0:sce_module/libc.suprx
[21:21:39.093] |I| [load_self]: Loading symbols for SELF: app0:sce_module/libc.suprx
[21:21:39.094] |D| [load_var_exports]: 	NID 0x6C2224BA (NID_MODULE_INFO) at 0x3DF30
[21:21:39.094] |W| [load_var_imports]: 	NID NOT FOUND 0x93B8AA67 (UNRECOGNISED) at 0x41DF0, setting to stub value 0xDEADBEEF
[21:21:39.095] |W| [load_var_imports]: 	NID NOT FOUND 0xDF084DFA (UNRECOGNISED) at 0x434A4, setting to stub value 0xDEADBEEF
[21:21:39.096] |I| [pre_load_module]: Pre-load module SceLibc (at "sce_module/libc.suprx") loaded
[21:21:39.102] |C| [load_self]: Unknown segment type 0x6FFFFF01
[21:21:39.102] |I| [load_self]: Loaded module segment 0 @ [0x00057000 - 0x0007B22C / 0x81000000] (size: 0x0002422C) of module app0:sce_module/libfios2.suprx
[21:21:39.102] |I| [load_self]: Loaded module segment 1 @ [0x0007C000 - 0x000811A4 / 0x81025000] (size: 0x000051A4) of module app0:sce_module/libfios2.suprx
[21:21:39.102] |I| [load_self]: Loading symbols for SELF: app0:sce_module/libfios2.suprx
[21:21:39.102] |D| [load_var_exports]: 	NID 0x6C2224BA (NID_MODULE_INFO) at 0x73B70
[21:21:39.102] |I| [pre_load_module]: Pre-load module SceLibFios2 (at "sce_module/libfios2.suprx") loaded
[21:21:39.106] |C| [load_self]: Unknown segment type 0x6FFFFF01
[21:21:39.106] |I| [load_self]: Loaded module segment 0 @ [0x00082000 - 0x00096144 / 0x81000000] (size: 0x00014144) of module app0:sce_module/libult.suprx
[21:21:39.106] |I| [load_self]: Loaded module segment 1 @ [0x00097000 - 0x00097814 / 0x81015000] (size: 0x00000814) of module app0:sce_module/libult.suprx
[21:21:39.106] |I| [load_self]: Loading symbols for SELF: app0:sce_module/libult.suprx
[21:21:39.106] |D| [load_var_exports]: 	NID 0x6C2224BA (NID_MODULE_INFO) at 0x921CC
[21:21:39.106] |I| [pre_load_module]: Pre-load module SceUlt (at "sce_module/libult.suprx") loaded
[21:21:39.114] |I| [load_self]: Loaded module segment 0 @ [0x00098000 - 0x000E8F04 / 0x81000000] (size: 0x00050F04) of module vs0:sys/external/libSceFt2.suprx
[21:21:39.114] |I| [load_self]: Loaded module segment 1 @ [0x000E9000 - 0x000E92F4 / 0x81051000] (size: 0x000002F4) of module vs0:sys/external/libSceFt2.suprx
[21:21:39.114] |I| [load_self]: Loading symbols for SELF: vs0:sys/external/libSceFt2.suprx
[21:21:39.114] |D| [load_var_exports]: 	NID 0x936C8A78 (SYSLYB) at 0xD47DC
[21:21:39.114] |D| [load_var_exports]: 	NID 0x6C2224BA (NID_MODULE_INFO) at 0xD3F10
[21:21:39.114] |I| [pre_load_module]: Pre-load module SceLibft2 (at "sys/external/libSceFt2.suprx") loaded
[21:21:39.117] |I| [load_self]: Loaded module segment 0 @ [0x000EA000 - 0x000F9F14 / 0x81000000] (size: 0x0000FF14) of module vs0:sys/external/libpvf.suprx
[21:21:39.117] |I| [load_self]: Loaded module segment 1 @ [0x000FA000 - 0x000FA008 / 0x81010000] (size: 0x00000008) of module vs0:sys/external/libpvf.suprx
[21:21:39.117] |I| [load_self]: Loading symbols for SELF: vs0:sys/external/libpvf.suprx
[21:21:39.117] |D| [load_var_exports]: 	NID 0x936C8A78 (SYSLYB) at 0xF8710
[21:21:39.117] |D| [load_var_exports]: 	NID 0x6C2224BA (NID_MODULE_INFO) at 0xF8300
[21:21:39.117] |I| [pre_load_module]: Pre-load module SceLibPvf (at "sys/external/libpvf.suprx") loaded
[21:21:39.208] |C| [load_self]: Unknown segment type 0x6FFFFF01
[21:21:39.208] |I| [load_self]: Loaded module segment 0 @ [0x81000000 - 0x81583FD8 / 0x81000000] (size: 0x00583FD8) of module app0:eboot.bin
[21:21:39.208] |I| [load_self]: Loaded module segment 1 @ [0x81584000 - 0x816CA6A0 / 0x81584000] (size: 0x001466A0) of module app0:eboot.bin
[21:21:39.208] |I| [load_self]: Loading symbols for SELF: app0:eboot.bin
[21:21:39.208] |D| [load_var_exports]: 	NID 0x6C2224BA (NID_MODULE_INFO) at 0x8126AE70
[21:21:39.208] |D| [load_var_exports]: 	NID 0x70FBA1E7 (SCE_PROC_PARAMS) at 0x81676D90
[21:21:39.208] |I| [load_app_impl]: Main executable GMV_Rom (eboot.bin) loaded
[21:21:39.209] |I| [compile_shader]: frag shader compiled: 462e3a56389fa80932f22e3bc9533027a5754a968c510489ffc83643052a83cf
[21:21:39.209] |I| [compile_shader]: vert shader compiled: 848802b077485d6b4a5ebf8b55ca2ed848647b2e5e9606412942d0af2104209d
[21:21:39.209] |E| [compile_program]: Fragment info
-------------
0(19) : warning C7050: "pa[0]" might be used before being initialized


[21:21:39.209] |I| [pre_compile_program]: Program Compiled 1/6
[21:21:39.211] |I| [compile_shader]: frag shader compiled: 8152065fafdfa4d27fa6dc5518ae3d967e95a696a812c7caba67f3ec383c449f
[21:21:39.211] |I| [compile_shader]: vert shader compiled: a01c857c9b6fdc4aff591fb4ca08f6c1716ebb6521f05f1f9946e5e4b81687cf
[21:21:39.211] |E| [compile_program]: Vertex info
-----------
0(24) : warning C7050: "internals[0].w" might be used before being initialized


[21:21:39.211] |I| [pre_compile_program]: Program Compiled 2/6
[21:21:39.212] |I| [compile_shader]: frag shader compiled: 78281461d72f222a4801e82739ae7fe15ab9d7b467b2aafe25d720d1486f0741
[21:21:39.212] |I| [compile_shader]: vert shader compiled: 87b752647a47fece6eb424082682b2be0a474b786ba4ede38e99affa02598dc6
[21:21:39.212] |E| [compile_program]: Vertex info
-----------
0(22) : warning C7050: "internals[0].w" might be used before being initialized


[21:21:39.212] |I| [pre_compile_program]: Program Compiled 3/6
[21:21:39.217] |I| [compile_shader]: frag shader compiled: fb2d2ac0830143f9b90428fd6ee6f6b2bb5e7a8fd48a79e1b174097db2f49331
[21:21:39.217] |I| [compile_shader]: vert shader compiled: a01c857c9b6fdc4aff591fb4ca08f6c1716ebb6521f05f1f9946e5e4b81687cf
[21:21:39.218] |E| [compile_program]: Vertex info
-----------
0(24) : warning C7050: "internals[0].w" might be used before being initialized


[21:21:39.218] |I| [pre_compile_program]: Program Compiled 4/6
[21:21:39.219] |I| [compile_shader]: frag shader compiled: 5a11a279fd2d6705d0bca26d0ffe5c14decacc28a67bef3de54224e6327a1374
[21:21:39.219] |I| [compile_shader]: vert shader compiled: 1c6d9c567158538a31ece3e1308c148079192697e5c306afbf802b7a10187180
[21:21:39.219] |E| [compile_program]: Vertex info
-----------
0(26) : warning C7050: "internals[0].w" might be used before being initialized
0(26) : warning C7050: "internals[1].w" might be used before being initialized


[21:21:39.219] |I| [pre_compile_program]: Program Compiled 5/6
[21:21:39.251] |I| [compile_shader]: frag shader compiled: a35d23add4577939704a531b8df582bfc326b69ba1a61b815c331bdde4944db6
[21:21:39.251] |I| [compile_shader]: vert shader compiled: 5348ac45f5411f323f741e48798508634a9a5ba4b389b4588590c06d170f1163
[21:21:39.251] |E| [compile_program]: Fragment info
-------------
0(16) : warning C7050: "pa[0].zw" might be used before being initialized


[21:21:39.251] |I| [pre_compile_program]: Program Compiled 6/6
[21:21:39.293] |D| [run_app]: Running module_start of library: SceLibc at address 0x77F1
[21:21:39.322] |I| [run_app]: Module SceLibc (at "app0:sce_module/libc.suprx") module_start returned 0x0
[21:21:39.323] |D| [run_app]: Running module_start of library: SceLibFios2 at address 0x57001
[21:21:39.334] |W| [stubbed_impl]: Stubbed sceKernelGetProcessId import called. (pid: 0)
[21:21:39.334] |W| [unimplemented_impl]: Unimplemented sceFiosOverlayGetList02 import called.
[21:21:39.335] |I| [run_app]: Module SceLibFios2 (at "app0:sce_module/libfios2.suprx") module_start returned 0x0
[21:21:39.335] |D| [run_app]: Running module_start of library: SceUlt at address 0x8584D
[21:21:39.347] |W| [unimplemented_impl]: Unimplemented _sceUlobjMgrRegisterLibultProtocolRevision import called.
[21:21:39.347] |I| [run_app]: Module SceUlt (at "app0:sce_module/libult.suprx") module_start returned 0x0
[21:21:48.553] |W| [unimplemented_impl]: Unimplemented sceTouchDisableTouchForce import called.
[21:21:48.553] |W| [unimplemented_impl]: Unimplemented sceMotionSetDeadband import called.
[21:21:48.553] |W| [unimplemented_impl]: Unimplemented sceMotionSetTiltCorrection import called.
[21:21:48.553] |W| [unimplemented_impl]: Unimplemented sceMotionReset import called.
[21:21:48.729] |W| [stubbed_impl]: Stubbed sceGxmMapMemory import called. (always return success)
[21:21:48.729] |W| [stubbed_impl]: Stubbed sceGxmMapFragmentUsseMemory import called. (always return success)
[21:21:48.734] |W| [stubbed_impl]: Stubbed sceGxmMapVertexUsseMemory import called. (always return success)
[21:21:48.766] |W| [unimplemented_impl]: Unimplemented sceGxmDepthStencilSurfaceSetForceStoreMode import called.
[21:21:48.767] |W| [unimplemented_impl]: Unimplemented sceGxmDepthStencilSurfaceSetForceLoadMode import called.
[21:21:49.044] |W| [create_voice_definition]: Missing voice definition for Buss Type 10, using passthrough.
[21:21:49.044] |W| [unimplemented_impl]: Unimplemented sceNgsSystemRelease import called.
[21:21:49.072] |W| [stubbed_impl]: Stubbed sceKernelWaitEventFlagCB import called. (no CB)
[21:21:49.073] |W| [stubbed_impl]: Stubbed sceKernelGetThreadCpuAffinityMask2 import called. (STUB)
[21:21:49.073] |W| [stubbed_impl]: Stubbed sceKernelChangeThreadPriority import called. (STUB)
[21:21:49.108] |W| [stubbed_impl]: Stubbed sceKernelLockLwMutexCB import called. (no CB)
[21:21:49.141] |W| [create_voice_definition]: Missing voice definition for Buss Type 3, using passthrough.
[21:21:49.142] |W| [create_voice_definition]: Missing voice definition for Buss Type 4, using passthrough.
[21:21:49.148] |W| [unimplemented_impl]: Unimplemented sceNgsVoiceBypassModule import called.
[21:21:49.166] |W| [unimplemented_impl]: Unimplemented sceAudioOutGetAdopt import called.
[21:21:49.347] |I| [export_sceIoOpen]: Opening file: app0:media/00_GMV.cpk
[21:21:49.373] |I| [export_sceIoOpen]: Opening file: app0:media/01_Character.cpk
[21:21:49.375] |I| [export_sceIoOpen]: Opening file: app0:media/20_Model.cpk
[21:21:49.376] |I| [export_sceIoOpen]: Opening file: app0:media/30_Motion.cpk
[21:21:49.765] |W| [unimplemented_impl]: Unimplemented sceAppUtilInit import called.
[21:21:49.765] |W| [unimplemented_impl]: Unimplemented sceCommonDialogSetConfigParam import called.
[21:21:49.766] |W| [unimplemented_impl]: Unimplemented sceScreenShotDisable import called.
[21:21:49.767] |W| [unimplemented_impl]: Unimplemented sceGxmColorSurfaceSetClip import called.
[21:21:49.784] |W| [unimplemented_impl]: Unimplemented sceMotionGetState import called.
[21:21:49.819] |W| [stubbed_impl]: Stubbed sceDisplayWaitVblankStartMultiCB import called. (wait for vblank)
[21:21:49.870] |W| [stubbed_impl]: Stubbed sceDisplayWaitSetFrameBuf import called. (move after setframebuf)
[21:22:06.810] |W| [unimplemented_impl]: Unimplemented sceCommonDialogU