[05:22:23.235] |I| [config::init_config]: backend-renderer: OpenGL
[05:22:23.237] |I| [config::init_config]: hardware-flip: enabled
[05:22:23.237] |I| [config::init_config]: lle-modules: libpgf,libpvf,libsas,libatrac
[05:22:23.237] |I| [config::init_config]: log-level: 0
[05:22:23.241] |I| [SDL_main]: Vita3K v0.1 1395-76189aa5
[05:22:24.514] |I| [renderer::gl::create]: Swap interval = -1
[05:22:24.516] |I| [renderer::gl::create]: GPU = Radeon (TM) 520
[05:22:24.516] |I| [renderer::gl::create]: GL_VERSION = 4.5.13587 Core Profile Context 20.4.1 26.20.15029.20013
[05:22:24.516] |I| [renderer::gl::create]: GL_SHADING_LANGUAGE_VERSION = 4.60
[05:22:24.517] |I| [renderer::gl::create]: Your GPU only supports texture barrier, performance may not be good on programmable blending games.
[05:22:24.517] |W| [renderer::gl::create]: Consider updating to GPU that has shader interlock.
[05:22:24.787] |I| [gui::init_icons]: Default icon found for title TESTEEEEE, TESTEEEEE.
[05:22:26.444] |I| [load_app_impl]: Title: Red Bow
[05:22:26.445] |I| [load_app_impl]: Serial: PCSE01434
[05:22:26.445] |I| [load_app_impl]: Version: 01.00
[05:22:26.445] |I| [load_app_impl]: Category: gd
[05:22:26.468] |C| [load_self]: Unknown segment type 0x6FFFFF01
[05:22:26.469] |I| [load_self]: Loaded module segment 0 @ [0x00001000 - 0x0005291C] (size: 0x0005191C) of module app0:sce_module/libc.suprx
[05:22:26.469] |I| [load_self]: Loaded module segment 1 @ [0x00053000 - 0x000558A0] (size: 0x000028A0) of module app0:sce_module/libc.suprx
[05:22:26.470] |I| [load_self]: Loading symbols for SELF: app0:sce_module/libc.suprx
[05:22:26.470] |D| [load_var_exports]: 	NID 0x936C8A78 (SYSLYB) at 0x4838C
[05:22:26.470] |D| [load_var_exports]: 	NID 0x6C2224BA (NID_MODULE_INFO) at 0x3D550
[05:22:26.471] |W| [load_var_imports]: 	NID NOT FOUND 0x93B8AA67 (__stack_chk_guard) at 0x416B0, setting to stub value 0xDEADBEEF
[05:22:26.471] |W| [load_var_imports]: 	NID NOT FOUND 0xDF084DFA (UNRECOGNISED) at 0x43244, setting to stub value 0xDEADBEEF
[05:22:26.471] |I| [load_app_impl]: Pre-load module SceLibc (at "sce_module/libc.suprx") loaded
[05:22:26.486] |C| [load_self]: Unknown segment type 0x6FFFFF01
[05:22:26.486] |I| [load_self]: Loaded module segment 0 @ [0x00058000 - 0x00084CBF] (size: 0x0002CCBF) of module app0:sce_module/libfios2.suprx
[05:22:26.492] |I| [load_self]: Loaded module segment 1 @ [0x00085000 - 0x0008A255] (size: 0x00005255) of module app0:sce_module/libfios2.suprx
[05:22:26.496] |I| [load_self]: Loading symbols for SELF: app0:sce_module/libfios2.suprx
[05:22:26.497] |D| [load_var_exports]: 	NID 0x936C8A78 (SYSLYB) at 0x84BC8
[05:22:26.498] |D| [load_var_exports]: 	NID 0x6C2224BA (NID_MODULE_INFO) at 0x7BF08
[05:22:26.499] |I| [load_app_impl]: Pre-load module SceLibFios2 (at "sce_module/libfios2.suprx") loaded
[05:22:26.508] |C| [load_self]: Unknown segment type 0x6FFFFF01
[05:22:26.508] |I| [load_self]: Loaded module segment 0 @ [0x0008B000 - 0x0009E9BC] (size: 0x000139BC) of module app0:sce_module/libult.suprx
[05:22:26.517] |I| [load_self]: Loaded module segment 1 @ [0x0009F000 - 0x0009F814] (size: 0x00000814) of module app0:sce_module/libult.suprx
[05:22:26.518] |I| [load_self]: Loading symbols for SELF: app0:sce_module/libult.suprx
[05:22:26.519] |D| [load_var_exports]: 	NID 0x936C8A78 (SYSLYB) at 0x9D2E8
[05:22:26.520] |D| [load_var_exports]: 	NID 0x6C2224BA (NID_MODULE_INFO) at 0x9A870
[05:22:26.521] |W| [load_var_imports]: 	NID NOT FOUND 0x936A5F31 (_pLibPerfCaptureFlagPtr) at 0x9B0BC, setting to stub value 0xDEADBEEF
[05:22:26.524] |I| [load_app_impl]: Pre-load module SceUlt (at "sce_module/libult.suprx") loaded
[05:22:26.729] |C| [load_self]: Unknown segment type 0x6FFFFF01
[05:22:26.730] |I| [load_self]: Loaded module segment 0 @ [0x000A1000 - 0x0039DB74] (size: 0x002FCB74) of module app0:eboot.bin
[05:22:26.731] |I| [load_self]: Loaded module segment 1 @ [0x0039E000 - 0x004847E8] (size: 0x000E67E8) of module app0:eboot.bin
[05:22:26.733] |I| [load_self]: Loading symbols for SELF: app0:eboot.bin
[05:22:26.733] |D| [load_var_exports]: 	NID 0x6C2224BA (NID_MODULE_INFO) at 0x3126FC
[05:22:26.734] |D| [load_var_exports]: 	NID 0x70FBA1E7 (SCE_PROC_PARAMS) at 0x3A77D4
[05:22:26.735] |D| [load_var_exports]: 	NID 0x936C8A78 (SYSLYB) at 0x397468
[05:22:26.736] |I| [load_app_impl]: Main executable RedBow (eboot.bin) loaded
[05:22:26.763] |D| [run_app]: Running module_start of library: SceLibc at address 0x1871
[05:22:26.771] |T| [open_file]: sceKernelGetStdin: Opening terminal tty0:
[05:22:26.772] |T| [open_file]: sceKernelGetStdout: Opening terminal tty0:
[05:22:26.774] |T| [open_file]: sceKernelGetStderr: Opening terminal tty0:
[05:22:26.787] |I| [run_app]: Module SceLibc (at "app0:sce_module/libc.suprx") module_start returned 0x0
[05:22:26.789] |D| [run_app]: Running module_start of library: SceLibFios2 at address 0x58001
[05:22:26.798] |W| [stubbed_impl]: Stubbed sceKernelGetProcessId import called. (pid: 0)
[05:22:26.799] |W| [unimplemented_impl]: Unimplemented sceFiosOverlayGetList02 import called.
[05:22:26.800] |I| [run_app]: Module SceLibFios2 (at "app0:sce_module/libfios2.suprx") module_start returned 0x0
[05:22:26.804] |D| [run_app]: Running module_start of library: SceUlt at address 0x8E771
[05:22:26.811] |W| [unimplemented_impl]: Unimplemented _sceUlobjMgrRegisterLibultProtocolRevision import called.
[05:22:26.812] |I| [run_app]: Module SceUlt (at "app0:sce_module/libult.suprx") module_start returned 0x0
[05:22:26.817] |W| [unimplemented_impl]: Unimplemented sceKernelRegisterThreadEventHandler import called.
[05:22:26.900] |W| [stubbed_impl]: Stubbed sceKernelGetThreadInfo import called. (STUB)
[05:22:26.902] |W| [unimplemented_impl]: Unimplemented sceAppUtilInit import called.
[05:22:26.903] |W| [unimplemented_impl]: Unimplemented sceAppUtilSaveDataSlotSearch import called.
