teRouting]: Patching 0x137C1A8C:0:0 to 0x137DCFE0:0
[22:54:33.348] |T| [renderer::gl::sync_texture]: No surface swizzle found, use default texture swizzle
[22:54:33.349] |T| [renderer::gl::sync_texture]: No surface swizzle found, use default texture swizzle
[22:54:33.382] |T| [renderer::gl::sync_texture]: No surface swizzle found, use default texture swizzle
[22:54:33.383] |T| [renderer::gl::sync_texture]: No surface swizzle found, use default texture swizzle
[22:54:33.417] |T| [renderer::gl::sync_texture]: No surface swizzle found, use default texture swizzle
[22:54:33.418] |T| [renderer::gl::sync_texture]: No surface swizzle found, use default texture swizzle
[22:54:33.452] |T| [renderer::gl::sync_texture]: No surface swizzle found, use default texture swizzle
[22:54:33.453] |T| [renderer::gl::sync_texture]: No surface swizzle found, use default texture swizzle
[22:54:33.480] |T| [renderer::gl::sync_texture]: No surface swizzle found, use default texture swizzle
[22:54:33.481] |T| [renderer::gl::sync_texture]: No surface swizzle found, use default texture swizzle
[22:54:33.485] |T| [export_sceNgsPatchCreateRouting]: Patching 0x137C451C:0:0 to 0x137DD850:0
[22:54:33.485] |T| [export_sceNgsPatchCreateRouting]: Patching 0x137C451C:0:0 to 0x137DCFE0:0
[22:54:33.485] |T| [export_sceNgsPatchCreateRouting]: Patching 0x137C6894:0:0 to 0x137DD850:0
[22:54:33.485] |T| [export_sceNgsPatchCreateRouting]: Patching 0x137C6894:0:0 to 0x137DCFE0:0
[22:54:33.514] |T| [renderer::gl::sync_texture]: No surface swizzle found, use default texture swizzle
[22:54:33.516] |T| [renderer::gl::sync_texture]: No surface swizzle found, use default texture swizzle
[22:54:33.549] |T| [renderer::gl::sync_texture]: No surface swizzle found, use default texture swizzle
[22:54:33.550] |T| [renderer::gl::sync_texture]: No surface swizzle found, use default texture swizzle
[22:54:33.584] |T| [renderer::gl::sync_texture]: No surface swizzle found, use default texture swizzle
[22:54:33.585] |T| [renderer::gl::sync_texture]: No surface swizzle found, use default texture swizzle
[22:54:33.618] |T| [export_sceNgsPatchCreateRouting]: Patching 0x137C36EC:0:0 to 0x137DD850:0
[22:54:33.618] |T| [export_sceNgsPatchCreateRouting]: Patching 0x137C36EC:0:0 to 0x137DCFE0:0
[22:54:33.618] |T| [renderer::gl::sync_texture]: No surface swizzle found, use default texture swizzle
[22:54:33.620] |T| [renderer::gl::sync_texture]: No surface swizzle found, use default texture swizzle
[22:54:33.646] |T| [renderer::gl::sync_texture]: No surface swizzle found, use default texture swizzle
[22:54:33.648] |T| [renderer::gl::sync_texture]: No surface swizzle found, use default texture swizzle
[22:54:33.651] |T| [export_sceNgsPatchCreateRouting]: Patching 0x137C6C20:0:0 to 0x137DD850:0
[22:54:33.651] |T| [export_sceNgsPatchCreateRouting]: Patching 0x137C6C20:0:0 to 0x137DCFE0:0
[22:54:33.651] |T| [export_sceNgsPatchCreateRouting]: Patching 0x137C6508:0:0 to 0x137DD850:0
[22:54:33.651] |T| [export_sceNgsPatchCreateRouting]: Patching 0x137C6508:0:0 to 0x137DCFE0:0
[22:54:33.681] |T| [renderer::gl::sync_texture]: No surface swizzle found, use default texture swizzle
[22:54:33.682] |T| [renderer::gl::sync_texture]: No surface swizzle found, use default texture swizzle
[22:54:33.715] |T| [export_sceNgsPatchCreateRouting]: Patching 0x137C21A4:0:0 to 0x137DD850:0
[22:54:33.716] |T| [renderer::gl::sync_texture]: No surface swizzle found, use default texture swizzle
[22:54:33.717] |T| [renderer::gl::sync_texture]: No surface swizzle found, use default texture swizzle
[22:54:42.060] |C| [SDL_main]: PLEASE. DO NOT RUN VITA3K AS ADMIN OR WITH ADMIN PRIVILEGES.
[22:54:42.064] |I| [config::init_config]: backend-renderer: OpenGL
[22:54:42.064] |I| [config::init_config]: log-level: 0
[22:54:42.144] |I| [SDL_main]: Vita3K v0.1.6 2825-3d337108
[22:54:42.145] |I| [SDL_main]: Number of logical CPU cores: 24
[22:54:42.145] |I| [SDL_main]: Available ram memory: 32509 MiB
[22:54:42.310] |I| [renderer::gl::create]: GPU = NVIDIA GeForce RTX 3080 Ti/PCIe/SSE2
[22:54:42.310] |I| [renderer::gl::create]: GL_VERSION = 4.6.0 NVIDIA 512.15
[22:54:42.310] |I| [renderer::gl::create]: GL_SHADING_LANGUAGE_VERSION = 4.60 NVIDIA
[22:54:42.311] |I| [renderer::gl::create]: Your GPU supports shader interlock, some games that use programmable blending will have better performance.
[22:54:42.949] |E| [renderer::gl::after_callback]: OpenGL: glGetIntegerv set error 1282.
