[08:04:18.559] |I| [config::init_config]: backend-renderer: Vulkan
[08:04:18.560] |I| [config::init_config]: log-level: 0
[08:04:18.621] |I| [SDL_main]: Vita3K v0.1.6 2897-771e8295
[08:04:18.622] |I| [SDL_main]: Number of logical CPU cores: 8
[08:04:18.622] |I| [SDL_main]: Available ram memory: 16215 MiB
[08:04:18.835] |I| [renderer::vulkan::VKState::create]: Enabling vulkan validation layers (has a performance impact but allows better error messages)
[08:04:18.948] |I| [renderer::vulkan::VKState::create]: Vulkan device: NVIDIA GeForce RTX 3060 Laptop GPU
[08:04:18.949] |I| [renderer::vulkan::VKState::create]: Driver version: 522.25.0.0
[08:04:19.510] |I| [renderer::vulkan::ScreenRenderer::setup]: Present mode: Mailbox
[08:04:32.600] |I| [load_app_impl]: cpu-backend: Dynarmic
[08:04:32.600] |I| [load_app_impl]: CPU Optimisation state: true
[08:04:32.601] |I| [load_app_impl]: ngs state: true
[08:04:32.601] |I| [load_app_impl]: Resolution multiplier: 2
[08:04:32.601] |I| [load_app_impl]: modules mode: Automatic
[08:04:32.602] |I| [load_app_impl]: Title: SDガンダム ジージェネレーション ジェネシス
[08:04:32.602] |I| [load_app_impl]: Serial: PCSG00793
[08:04:32.603] |I| [load_app_impl]: Version: 1.00
[08:04:32.603] |I| [load_app_impl]: Category: gd
[08:04:32.632] |I| [load_self]: app0:sce_module/libc.suprx: Skipping special segment 0x6FFFFF01...
[08:04:32.633] |I| [load_self]: Loaded module segment 0 @ [0x00004000 - 0x000558A4 / 0x81000000] (size: 0x000518A4) of module app0:sce_module/libc.suprx
[08:04:32.633] |I| [load_self]: Loaded module segment 1 @ [0x00056000 - 0x000588A0 / 0x81052000] (size: 0x000028A0) of module app0:sce_module/libc.suprx
[08:04:32.634] |I| [load_self]: Linking SELF app0:sce_module/libc.suprx...
[08:04:32.634] |D| [load_var_exports]: 	NID 0x936C8A78 (SYSLYB) at 0x4B314
[08:04:32.635] |D| [load_var_exports]: 	NID 0x6C2224BA (NID_MODULE_INFO) at 0x404DC
[08:04:32.635] |W| [load_var_imports]: 	NID NOT FOUND 0x93B8AA67 (__stack_chk_guard) at 0x4463C, setting to stub value 0xDEADBEEF
[08:04:32.637] |W| [load_var_imports]: 	NID NOT FOUND 0xDF084DFA (UNRECOGNISED) at 0x461D0, setting to stub value 0xDEADBEEF
[08:04:32.639] |I| [pre_load_module]: Pre-load module SceLibc (at "sce_module/libc.suprx") loaded
[08:04:32.657] |I| [load_self]: app0:sce_module/libfios2.suprx: Skipping special segment 0x6FFFFF01...
[08:04:32.658] |I| [load_self]: Loaded module segment 0 @ [0x0005B000 - 0x00087CBF / 0x81000000] (size: 0x0002CCBF) of module app0:sce_module/libfios2.suprx
[08:04:32.660] |I| [load_self]: Loaded module segment 1 @ [0x00088000 - 0x0008D255 / 0x8102D000] (size: 0x00005255) of module app0:sce_module/libfios2.suprx
[08:04:32.661] |I| [load_self]: Linking SELF app0:sce_module/libfios2.suprx...
[08:04:32.662] |D| [load_var_exports]: 	NID 0x936C8A78 (SYSLYB) at 0x87BC8
[08:04:32.662] |D| [load_var_exports]: 	NID 0x6C2224BA (NID_MODULE_INFO) at 0x7EF08
[08:04:32.663] |I| [pre_load_module]: Pre-load module SceLibFios2 (at "sce_module/libfios2.suprx") loaded
[08:04:32.676] |I| [load_self]: app0:sce_module/libult.suprx: Skipping special segment 0x6FFFFF01...
[08:04:32.676] |I| [load_self]: Loaded module segment 0 @ [0x0008E000 - 0x000A19BC / 0x81000000] (size: 0x000139BC) of module app0:sce_module/libult.suprx
[08:04:32.679] |I| [load_self]: Loaded module segment 1 @ [0x000A2000 - 0x000A2814 / 0x81014000] (size: 0x00000814) of module app0:sce_module/libult.suprx
[08:04:32.681] |I| [load_self]: Linking SELF app0:sce_module/libult.suprx...
[08:04:32.682] |D| [load_var_exports]: 	NID 0x936C8A78 (SYSLYB) at 0xA02E8
[08:04:32.682] |D| [load_var_exports]: 	NID 0x6C2224BA (NID_MODULE_INFO) at 0x9D870
[08:04:32.683] |I| [pre_load_module]: Pre-load module SceUlt (at "sce_module/libult.suprx") loaded
[08:04:32.705] |I| [load_self]: Loaded module segment 0 @ [0x000A3000 - 0x000F3F04 / 0x81000000] (size: 0x00050F04) of module vs0:sys/external/libSceFt2.suprx
[08:04:32.706] |I| [load_self]: Loaded module segment 1 @ [0x000F4000 - 0x000F42F4 / 0x81051000] (size: 0x000002F4) of module vs0:sys/external/libSceFt2.suprx
[08:04:32.708] |I| [load_self]: Linking SELF vs0:sys/external/libSceFt2.suprx...
[08:04:32.709] |D| [load_var_exports]: 	NID 0x936C8A78 (SYSLYB) at 0xDF7DC
[08:04:32.709] |D| [load_var_exports]: 	NID 0x6C2224BA (NID_MODULE_INFO) at 0xDEF10
[08:04:32.710] |I| [pre_load_module]: Pre-load module SceLibft2 (at "sys/external/libSceFt2.suprx") loaded
[08:04:32.722] |I| [load_self]: Loaded module segment 0 @ [0x000F5000 - 0x00104F14 / 0x81000000] (size: 0x0000FF14) of module vs0:sys/external/libpvf.suprx
[08:04:32.723] |I| [load_self]: Loaded module segment 1 @ [0x00105000 - 0x00105008 / 0x81010000] (size: 0x00000008) of module vs0:sys/external/libpvf.suprx
[08:04:32.726] |I| [load_self]: Linking SELF vs0:sys/external/libpvf.suprx...
[08:04:32.728] |D| [load_var_exports]: 	NID 0x936C8A78 (SYSLYB) at 0x103710
[08:04:32.729] |D| [load_var_exports]: 	NID 0x6C2224BA (NID_MODULE_INFO) at 0x103300
[08:04:32.729] |I| [pre_load_module]: Pre-load module SceLibPvf (at "sys/external/libpvf.suprx") loaded
[08:04:33.023] |I| [load_self]: app0:eboot.bin: Skipping special segment 0x6FFFFF01...
[08:04:33.024] |I| [load_self]: Loaded module segment 0 @ [0x00106000 - 0x007776F0 / 0x81000000] (size: 0x006716F0) of module app0:eboot.bin
[08:04:33.025] |I| [load_self]: Loaded module segment 1 @ [0x00778000 - 0x007DAB68 / 0x81672000] (size: 0x00062B68) of module app0:eboot.bin
[08:04:33.026] |I| [load_self]: Linking SELF app0:eboot.bin...
[08:04:33.027] |D| [load_var_exports]: 	NID 0x6C2224BA (NID_MODULE_INFO) at 0x5C6710
[08:04:33.028] |D| [load_var_exports]: 	NID 0x70FBA1E7 (SCE_PROC_PARAMS) at 0x7795B8
[08:04:33.029] |D| [load_var_exports]: 	NID 0x936C8A78 (SYSLYB) at 0x657FB0
[08:04:33.030] |I| [load_app_impl]: Main executable gg_s_psv_m (eboot.bin) loaded
[08:04:33.040] |I| [renderer::vulkan::PipelineCache::read_pipeline_cache]: Found pipeline cache, reading...
[08:04:33.042] |I| [renderer::vulkan::PipelineCache::read_pipeline_cache]: Pipeline cache read and loaded
[08:04:33.057] |I| [renderer::vulkan::VKState::precompile_shader]: Program Compiled 1/10
[08:04:33.068] |I| [renderer::vulkan::VKState::precompile_shader]: Program Compiled 2/10
[08:04:33.078] |I| [renderer::vulkan::VKState::precompile_shader]: Program Compiled 3/10
[08:04:33.088] |I| [renderer::vulkan::VKState::precompile_shader]: Program Compiled 4/10
[08:04:33.102] |I| [renderer::vulkan::VKState::precompile_shader]: Program Compiled 5/10
[08:04:33.112] |I| [renderer::vulkan::VKState::precompile_shader]: Program Compiled 6/10
[08:04:33.125] |I| [renderer::vulkan::VKState::precompile_shader]: Program Compiled 7/10
[08:04:33.134] |I| [renderer::vulkan::VKState::precompile_shader]: Program Compiled 8/10
[08:04:33.146] |I| [renderer::vulkan::VKState::precompile_shader]: Program Compiled 9/10
[08:04:33.155] |I| [renderer::vulkan::VKState::precompile_shader]: Program Compiled 10/10
[08:04:33.189] |D| [run_app]: Running module_start of library: SceLibc at address 0x4871
[08:04:33.218] |W| [stubbed_impl]: Stubbed sceKernelGetFreeMemorySize import called. (Single pool)
[08:04:33.318] |T| [open_file]: sceKernelGetStdin: Opening terminal tty0:
[08:04:33.318] |T| [open_file]: sceKernelGetStdout: Opening terminal tty0:
[08:04:33.319] |T| [open_file]: sceKernelGetStderr: Opening terminal tty0:
[08:04:33.332] |I| [run_app]: Module SceLibc (at "app0:sce_module/libc.suprx") module_start returned 0x0
[08:04:33.339] |D| [run_app]: Running module_start of library: SceLibFios2 at address 0x5B001
[08:04:33.363] |W| [stubbed_impl]: Stubbed sceKernelGetProcessId import called. (pid: 0)
[08:04:33.364] |I| [run_app]: Module SceLibFios2 (at "app0:sce_module/libfios2.suprx") module_start returned 0x0
[08:04:33.372] |D| [run_app]: Running module_start of library: SceUlt at address 0x91771
[08:04:33.396] |W| [unimplemented_impl]: Unimplemented _sceUlobjMgrRegisterLibultProtocolRevision import called.
[08:04:33.397] |I| [run_app]: Module SceUlt (at "app0:sce_module/libult.suprx") module_start returned 0x0
[08:04:33.951] |I| [export_sceIoOpen]: Opening file: app0:param.lua
[08:04:33.961] |T| [open_file]: sceIoOpen: Opening file app0:param.lua (ux0:/app/PCSG00793/param.lua), fd: 0x3
[08:04:34.019] |T| [close_file]: sceIoClose: Closing file fd: 0x3
[08:04:34.028] |W| [unimplemented_impl]: Unimplemented sceScreenShotDisable import called.
[08:04:34.029] |W| [unimplemented_impl]: Unimplemented sceAppUtilInit import called.
[08:04:34.196] |W| [stubbed_impl]: Stubbed sceKernelSetTimerEvent import called. (Type not implemented.)
[08:04:34.196] |E| [logging::ret_error_impl]: _sceKernelWaitEvent returned SCE_KERNEL_ERROR_UNKNOWN_EVENT_ID (0x80028201)
[08:04:34.197] |I| [export_sceIoOpen]: Opening file: addcont0:EXTERNALDATA0000/external.cpk
[08:04:34.198] |E| [logging::ret_error_impl]: sceKernelClearEvent returned SCE_KERNEL_ERROR_UNKNOWN_EVENT_ID (0x80028201)
[08:04:34.209] |T| [open_file]: sceIoOpen: Opening file addcont0:EXTERNALDATA0000/external.cpk (ux0:/addcont/PCSG00793/EXTERNALDATA0000/external.cpk), fd: 0x4
[08:04:34.236] |I| [export_sceIoOpen]: Opening file: app0:internal.cpk
[08:04:34.245] |T| [open_file]: sceIoOpen: Opening file app0:internal.cpk (ux0:/app/PCSG00793/internal.cpk), fd: 0x5
[08:04:34.253] |W| [ngs::create_voice_definition]: Missing voice definition for Buss Type 7, using passthrough.
[08:04:34.275] |T| [export_sceNgsPatchCreateRouting]: Patching 0xA00410:0:0 to 0xA05310:0
[08:04:34.358] |T| [export_sceNgsPatchCreateRouting]: Patching 0x9EC770:0:0 to 0xA00410:0
[08:04:34.365] |I| [ngs::player::Module::process]: The currently running game requests playback rate scaling when decoding audio. Audio might crackle.
[08:04:34.824] |W| [stubbed_impl]: Stubbed sceGxmMapVertexUsseMemory import called. (always return success)
[08:04:34.825] |W| [stubbed_impl]: Stubbed sceGxmMapFragmentUsseMemory import called. (always return success)
[08:04:35.980] |I| [export_sceIoOpen]: Opening file: app0:font/japanese.ttf
[08:04:35.987] |T| [open_file]: sceIoOpen: Opening file app0:font/japanese.ttf (ux0:/app/PCSG00793/font/japanese.ttf), fd: 0x6
[08:04:36.071] |I| [export_sceIoOpen]: Opening file: app0:font/GGENE.ttf
[08:04:36.077] |T| [open_file]: sceIoOpen: Opening file app0:font/GGENE.ttf (ux0:/app/PCSG00793/font/GGENE.ttf), fd: 0x7
[08:04:36.094] |T| [open_file]: create_trophy_context: Opening file app0:/sce_sys/trophy/NPWR10033_00/TROPHY.TRP (ux0:/app/PCSG00793/sce_sys/trophy/NPWR10033_00/TROPHY.TRP), fd: 0x8
[08:04:36.100] |T| [open_file]: create_trophy_context: Opening file ux0:/user/00/trophy/data/NPWR10033_00/TROPUSR.DAT (ux0:/user/00/trophy/data/NPWR10033_00/TROPUSR.DAT), fd: 0x9
[08:04:36.107] |T| [open_file]: install_trophy_context: Opening file ux0:/user/00/trophy/conf/NPWR10033_00/TROPCONF.SFM (ux0:/user/00/trophy/conf/NPWR10033_00/TROPCONF.SFM), fd: 0xA
[08:04:36.108] |T| [write_file]: install_trophy_context: Writing to fd: 0xA, size: 2752
[08:04:36.109] |T| [close_file]: install_trophy_context: Closing file fd: 0xA
[08:04:36.118] |T| [open_file]: install_trophy_context: Opening file ux0:/user/00/trophy/conf/NPWR10033_00/TROP.SFM (ux0:/user/00/trophy/conf/NPWR10033_00/TROP.SFM), fd: 0xB
[08:04:36.119] |T| [write_file]: install_trophy_context: Writing to fd: 0xB, size: 8523
[08:04:36.121] |T| [close_file]: install_trophy_context: Closing file fd: 0xB
[08:04:36.128] |T| [open_file]: install_trophy_context: Opening file ux0:/user/00/trophy/conf/NPWR10033_00/TROP_01.SFM (ux0:/user/00/trophy/conf/NPWR10033_00/TROP_01.SFM), fd: 0xC
[08:04:36.129] |T| [write_file]: install_trophy_context: Writing to fd: 0xC, size: 7316
[08:04:36.131] |T| [close_file]: install_trophy_context: Closing file fd: 0xC
[08:04:36.139] |T| [open_file]: install_trophy_context: Opening file ux0:/user/00/trophy/conf/NPWR10033_00/TROP_09.SFM (ux0:/user/00/trophy/conf/NPWR10033_00/TROP_09.SFM), fd: 0xD
[08:04:36.140] |T| [write_file]: install_trophy_context: Writing to fd: 0xD, size: 7561
[08:04:36.141] |T| [close_file]: install_trophy_context: Closing file fd: 0xD
[08:04:36.147] |T| [open_file]: install_trophy_context: Opening file ux0:/user/00/trophy/conf/NPWR10033_00/TROP_10.SFM (ux0:/user/00/trophy/conf/NPWR10033_00/TROP_10.SFM), fd: 0xE
[08:04:36.148] |T| [write_file]: install_trophy_context: Writing to fd: 0xE, size: 8065
[08:04:36.151] |T| [close_file]: install_trophy_context: Closing file fd: 0xE
[08:04:36.157] |T| [open_file]: install_trophy_context: Opening file ux0:/user/00/trophy/conf/NPWR10033_00/ICON0.PNG (ux0:/user/00/trophy/conf/NPWR10033_00/ICON0.PNG), fd: 0xF
[08:04:36.158] |T| [write_file]: install_trophy_context: Writing to fd: 0xF, size: 128179
[08:04:36.159] |T| [close_file]: install_trophy_context: Closing file fd: 0xF
[08:04:36.165] |T| [open_file]: install_trophy_context: Opening file ux0:/user/00/trophy/conf/NPWR10033_00/TROP000.PNG (ux0:/user/00/trophy/conf/NPWR10033_00/TROP000.PNG), fd: 0x10
[08:04:36.167] |T| [write_file]: install_trophy_context: Writing to fd: 0x10, size: 115309
[08:04:36.169] |T| [close_file]: install_trophy_context: Closing file fd: 0x10
[08:04:36.175] |T| [open_file]: install_trophy_context: Opening file ux0:/user/00/trophy/conf/NPWR10033_00/TROP001.PNG (ux0:/user/00/trophy/conf/NPWR10033_00/TROP001.PNG), fd: 0x11
[08:04:36.176] |T| [write_file]: install_trophy_context: Writing to fd: 0x11, size: 103495
[08:04:36.178] |T| [close_file]: install_trophy_context: Closing file fd: 0x11
[08:04:36.185] |T| [open_file]: install_trophy_context: Opening file ux0:/user/00/trophy/conf/NPWR10033_00/TROP002.PNG (ux0:/user/00/trophy/conf/NPWR10033_00/TROP002.PNG), fd: 0x12
[08:04:36.186] |T| [write_file]: install_trophy_context: Writing to fd: 0x12, size: 103495
[08:04:36.187] |T| [close_file]: install_trophy_context: Closing file fd: 0x12
[08:04:36.194] |T| [open_file]: install_trophy_context: Opening file ux0:/user/00/trophy/conf/NPWR10033_00/TROP003.PNG (ux0:/user/00/trophy/conf/NPWR10033_00/TROP003.PNG), fd: 0x13
[08:04:36.195] |T| [write_file]: install_trophy_context: Writing to fd: 0x13, size: 103495
[08:04:36.198] |T| [close_file]: install_trophy_context: Closing file fd: 0x13
[08:04:36.205] |T| [open_file]: install_trophy_context: Opening file ux0:/user/00/trophy/conf/NPWR10033_00/TROP004.PNG (ux0:/user/00/trophy/conf/NPWR10033_00/TROP004.PNG), fd: 0x14
[08:04:36.207] |T| [write_file]: install_trophy_context: Writing to fd: 0x14, size: 103495
[08:04:36.207] |T| [close_file]: install_trophy_context: Closing file fd: 0x14
[08:04:36.216] |T| [open_file]: install_trophy_context: Opening file ux0:/user/00/trophy/conf/NPWR10033_00/TROP005.PNG (ux0:/user/00/trophy/conf/NPWR10033_00/TROP005.PNG), fd: 0x15
[08:04:36.217] |T| [write_file]: install_trophy_context: Writing to fd: 0x15, size: 103495
[08:04:36.217] |T| [close_file]: install_trophy_context: Closing file fd: 0x15
[08:04:36.224] |T| [open_file]: install_trophy_context: Opening file ux0:/user/00/trophy/conf/NPWR10033_00/TROP006.PNG (ux0:/user/00/trophy/conf/NPWR10033_00/TROP006.PNG), fd: 0x16
[08:04:36.225] |T| [write_file]: install_trophy_context: Writing to fd: 0x16, size: 103495
[08:04:36.228] |T| [close_file]: install_trophy_context: Closing file fd: 0x16
[08:04:36.235] |T| [open_file]: install_trophy_context: Opening file ux0:/user/00/trophy/conf/NPWR10033_00/TROP007.PNG (ux0:/user/00/trophy/conf/NPWR10033_00/TROP007.PNG), fd: 0x17
[08:04:36.236] |T| [write_file]: install_trophy_context: Writing to fd: 0x17, size: 103495
[08:04:36.236] |T| [close_file]: install_trophy_context: Closing file fd: 0x17
[08:04:36.243] |T| [open_file]: install_trophy_context: Opening file ux0:/user/00/trophy/conf/NPWR10033_00/TROP008.PNG (ux0:/user/00/trophy/conf/NPWR10033_00/TROP008.PNG), fd: 0x18
[08:04:36.244] |T| [write_file]: install_trophy_context: Writing to fd: 0x18, size: 103495
[08:04:36.246] |T| [close_file]: install_trophy_context: Closing file fd: 0x18
[08:04:36.254] |T| [open_file]: install_trophy_context: Opening file ux0:/user/00/trophy/conf/NPWR10033_00/TROP009.PNG (ux0:/user/00/trophy/conf/NPWR10033_00/TROP009.PNG), fd: 0x19
[08:04:36.256] |T| [write_file]: install_trophy_context: Writing to fd: 0x19, size: 103495
[08:04:36.259] |T| [close_file]: install_trophy_context: Closing file fd: 0x19
[08:04:36.265] |T| [open_file]: install_trophy_context: Opening file ux0:/user/00/trophy/conf/NPWR10033_00/TROP010.PNG (ux0:/user/00/trophy/conf/NPWR10033_00/TROP010.PNG), fd: 0x1A
[08:04:36.266] |T| [write_file]: install_trophy_context: Writing to fd: 0x1A, size: 103495
[08:04:36.267] |T| [close_file]: install_trophy_context: Closing file fd: 0x1A
[08:04:36.273] |T| [open_file]: install_trophy_context: Opening file ux0:/user/00/trophy/conf/NPWR10033_00/TROP011.PNG (ux0:/user/00/trophy/conf/NPWR10033_00/TROP011.PNG), fd: 0x1B
[08:04:36.274] |T| [write_file]: install_trophy_context: Writing to fd: 0x1B, size: 103495
[08:04:36.277] |T| [close_file]: install_trophy_context: Closing file fd: 0x1B
[08:04:36.284] |T| [open_file]: install_trophy_context: Opening file ux0:/user/00/trophy/conf/NPWR10033_00/TROP012.PNG (ux0:/user/00/trophy/conf/NPWR10033_00/TROP012.PNG), fd: 0x1C
[08:04:36.285] |T| [write_file]: install_trophy_context: Writing to fd: 0x1C, size: 103495
[08:04:36.287] |T| [close_file]: install_trophy_context: Closing file fd: 0x1C
[08:04:36.294] |T| [open_file]: install_trophy_context: Opening file ux0:/user/00/trophy/conf/NPWR10033_00/TROP013.PNG (ux0:/user/00/trophy/conf/NPWR10033_00/TROP013.PNG), fd: 0x1D
[08:04:36.295] |T| [write_file]: install_trophy_context: Writing to fd: 0x1D, size: 103495
[08:04:36.295] |T| [close_file]: install_trophy_context: Closing file fd: 0x1D
[08:04:36.302] |T| [open_file]: install_trophy_context: Opening file ux0:/user/00/trophy/conf/NPWR10033_00/TROP014.PNG (ux0:/user/00/trophy/conf/NPWR10033_00/TROP014.PNG), fd: 0x1E
[08:04:36.304] |T| [write_file]: install_trophy_context: Writing to fd: 0x1E, size: 103495
[08:04:36.306] |T| [close_file]: install_trophy_context: Closing file fd: 0x1E
[08:04:36.313] |T| [open_file]: install_trophy_context: Opening file ux0:/user/00/trophy/conf/NPWR10033_00/TROP015.PNG (ux0:/user/00/trophy/conf/NPWR10033_00/TROP015.PNG), fd: 0x1F
[08:04:36.314] |T| [write_file]: install_trophy_context: Writing to fd: 0x1F, size: 103495
[08:04:36.314] |T| [close_file]: install_trophy_context: Closing file fd: 0x1F
[08:04:36.321] |T| [open_file]: install_trophy_context: Opening file ux0:/user/00/trophy/conf/NPWR10033_00/TROP016.PNG (ux0:/user/00/trophy/conf/NPWR10033_00/TROP016.PNG), fd: 0x20
[08:04:36.322] |T| [write_file]: install_trophy_context: Writing to fd: 0x20, size: 103495
[08:04:36.324] |T| [close_file]: install_trophy_context: Closing file fd: 0x20
[08:04:36.332] |T| [open_file]: install_trophy_context: Opening file ux0:/user/00/trophy/conf/NPWR10033_00/TROP017.PNG (ux0:/user/00/trophy/conf/NPWR10033_00/TROP017.PNG), fd: 0x21
[08:04:36.333] |T| [write_file]: install_trophy_context: Writing to fd: 0x21, size: 103495
[08:04:36.336] |T| [close_file]: install_trophy_context: Closing file fd: 0x21
[08:04:36.343] |T| [open_file]: install_trophy_context: Opening file ux0:/user/00/trophy/conf/NPWR10033_00/TROP018.PNG (ux0:/user/00/trophy/conf/NPWR10033_00/TROP018.PNG), fd: 0x22
[08:04:36.344] |T| [write_file]: install_trophy_context: Writing to fd: 0x22, size: 103390
[08:04:36.344] |T| [close_file]: install_trophy_context: Closing file fd: 0x22
[08:04:36.352] |T| [open_file]: install_trophy_context: Opening file ux0:/user/00/trophy/conf/NPWR10033_00/TROP019.PNG (ux0:/user/00/trophy/conf/NPWR10033_00/TROP019.PNG), fd: 0x23
[08:04:36.353] |T| [write_file]: install_trophy_context: Writing to fd: 0x23, size: 103649
[08:04:36.356] |T| [close_file]: install_trophy_context: Closing file fd: 0x23
[08:04:36.362] |T| [open_file]: install_trophy_context: Opening file ux0:/user/00/trophy/conf/NPWR10033_00/TROP020.PNG (ux0:/user/00/trophy/conf/NPWR10033_00/TROP020.PNG), fd: 0x24
[08:04:36.364] |T| [write_file]: install_trophy_context: Writing to fd: 0x24, size: 103495
[08:04:36.364] |T| [close_file]: install_trophy_context: Closing file fd: 0x24
[08:04:36.373] |T| [open_file]: install_trophy_context: Opening file ux0:/user/00/trophy/conf/NPWR10033_00/TROP021.PNG (ux0:/user/00/trophy/conf/NPWR10033_00/TROP021.PNG), fd: 0x25
[08:04:36.375] |T| [write_file]: install_trophy_context: Writing to fd: 0x25, size: 103495
[08:04:36.376] |T| [close_file]: install_trophy_context: Closing file fd: 0x25
[08:04:36.384] |T| [open_file]: install_trophy_context: Opening file ux0:/user/00/trophy/conf/NPWR10033_00/TROP022.PNG (ux0:/user/00/trophy/conf/NPWR10033_00/TROP022.PNG), fd: 0x26
[08:04:36.385] |T| [write_file]: install_trophy_context: Writing to fd: 0x26, size: 103390
[08:04:36.387] |T| [close_file]: install_trophy_context: Closing file fd: 0x26
[08:04:36.395] |T| [open_file]: install_trophy_context: Opening file ux0:/user/00/trophy/conf/NPWR10033_00/TROP023.PNG (ux0:/user/00/trophy/conf/NPWR10033_00/TROP023.PNG), fd: 0x27
[08:04:36.398] |T| [write_file]: install_trophy_context: Writing to fd: 0x27, size: 103390
[08:04:36.400] |T| [close_file]: install_trophy_context: Closing file fd: 0x27
[08:04:36.409] |T| [open_file]: install_trophy_context: Opening file ux0:/user/00/trophy/conf/NPWR10033_00/TROP024.PNG (ux0:/user/00/trophy/conf/NPWR10033_00/TROP024.PNG), fd: 0x28
[08:04:36.410] |T| [write_file]: install_trophy_context: Writing to fd: 0x28, size: 103649
[08:04:36.411] |T| [close_file]: install_trophy_context: Closing file fd: 0x28
[08:04:36.417] |T| [open_file]: install_trophy_context: Opening file ux0:/user/00/trophy/conf/NPWR10033_00/TROP025.PNG (ux0:/user/00/trophy/conf/NPWR10033_00/TROP025.PNG), fd: 0x29
[08:04:36.419] |T| [write_file]: install_trophy_context: Writing to fd: 0x29, size: 103495
[08:04:36.421] |T| [close_file]: install_trophy_context: Closing file fd: 0x29
[08:04:36.429] |T| [open_file]: install_trophy_context: Opening file ux0:/user/00/trophy/conf/NPWR10033_00/TROP026.PNG (ux0:/user/00/trophy/conf/NPWR10033_00/TROP026.PNG), fd: 0x2A
[08:04:36.430] |T| [write_file]: install_trophy_context: Writing to fd: 0x2A, size: 103495
[08:04:36.433] |T| [close_file]: install_trophy_context: Closing file fd: 0x2A
[08:04:36.440] |T| [open_file]: install_trophy_context: Opening file ux0:/user/00/trophy/conf/NPWR10033_00/TROP027.PNG (ux0:/user/00/trophy/conf/NPWR10033_00/TROP027.PNG), fd: 0x2B
[08:04:36.441] |T| [write_file]: install_trophy_context: Writing to fd: 0x2B, size: 103495
[08:04:36.441] |T| [close_file]: install_trophy_context: Closing file fd: 0x2B
[08:04:36.448] |T| [open_file]: install_trophy_context: Opening file ux0:/user/00/trophy/conf/NPWR10033_00/TROP028.PNG (ux0:/user/00/trophy/conf/NPWR10033_00/TROP028.PNG), fd: 0x2C
[08:04:36.449] |T| [write_file]: install_trophy_context: Writing to fd: 0x2C, size: 103495
[08:04:36.452] |T| [close_file]: install_trophy_context: Closing file fd: 0x2C
[08:04:36.459] |T| [open_file]: install_trophy_context: Opening file ux0:/user/00/trophy/conf/NPWR10033_00/TROP029.PNG (ux0:/user/00/trophy/conf/NPWR10033_00/TROP029.PNG), fd: 0x2D
[08:04:36.460] |T| [write_file]: install_trophy_context: Writing to fd: 0x2D, size: 103495
[08:04:36.463] |T| [close_file]: install_trophy_context: Closing file fd: 0x2D
[08:04:36.469] |T| [open_file]: install_trophy_context: Opening file ux0:/user/00/trophy/conf/NPWR10033_00/TROP030.PNG (ux0:/user/00/trophy/conf/NPWR10033_00/TROP030.PNG), fd: 0x2E
[08:04:36.470] |T| [write_file]: install_trophy_context: Writing to fd: 0x2E, size: 103495
[08:04:36.472] |T| [close_file]: install_trophy_context: Closing file fd: 0x2E
[08:04:36.478] |T| [open_file]: install_trophy_context: Opening file ux0:/user/00/trophy/conf/NPWR10033_00/TROP031.PNG (ux0:/user/00/trophy/conf/NPWR10033_00/TROP031.PNG), fd: 0x2F
[08:04:36.479] |T| [write_file]: install_trophy_context: Writing to fd: 0x2F, size: 103390
[08:04:36.482] |T| [close_file]: install_trophy_context: Closing file fd: 0x2F
[08:04:36.487] |T| [open_file]: install_trophy_context: Opening file ux0:/user/00/trophy/conf/NPWR10033_00/TROP032.PNG (ux0:/user/00/trophy/conf/NPWR10033_00/TROP032.PNG), fd: 0x30
[08:04:36.488] |T| [write_file]: install_trophy_context: Writing to fd: 0x30, size: 103390
[08:04:36.490] |T| [close_file]: install_trophy_context: Closing file fd: 0x30
[08:04:36.497] |T| [open_file]: install_trophy_context: Opening file ux0:/user/00/trophy/conf/NPWR10033_00/TROP033.PNG (ux0:/user/00/trophy/conf/NPWR10033_00/TROP033.PNG), fd: 0x31
[08:04:36.498] |T| [write_file]: install_trophy_context: Writing to fd: 0x31, size: 103390
[08:04:36.500] |T| [close_file]: install_trophy_context: Closing file fd: 0x31
[08:04:36.507] |T| [open_file]: install_trophy_context: Opening file ux0:/user/00/trophy/conf/NPWR10033_00/TROP034.PNG (ux0:/user/00/trophy/conf/NPWR10033_00/TROP034.PNG), fd: 0x32
[08:04:36.508] |T| [write_file]: install_trophy_context: Writing to fd: 0x32, size: 103390
[08:04:36.510] |T| [close_file]: install_trophy_context: Closing file fd: 0x32
[08:04:36.517] |T| [open_file]: install_trophy_context: Opening file ux0:/user/00/trophy/conf/NPWR10033_00/TROP035.PNG (ux0:/user/00/trophy/conf/NPWR10033_00/TROP035.PNG), fd: 0x33
[08:04:36.518] |T| [write_file]: install_trophy_context: Writing to fd: 0x33, size: 103390
[08:04:36.519] |T| [close_file]: install_trophy_context: Closing file fd: 0x33
[08:04:36.527] |T| [open_file]: install_trophy_context: Opening file ux0:/user/00/trophy/conf/NPWR10033_00/TROP036.PNG (ux0:/user/00/trophy/conf/NPWR10033_00/TROP036.PNG), fd: 0x34
[08:04:36.528] |T| [write_file]: install_trophy_context: Writing to fd: 0x34, size: 103390
[08:04:36.529] |T| [close_file]: install_trophy_context: Closing file fd: 0x34
[08:04:36.536] |T| [open_file]: install_trophy_context: Opening file ux0:/user/00/trophy/conf/NPWR10033_00/TROP037.PNG (ux0:/user/00/trophy/conf/NPWR10033_00/TROP037.PNG), fd: 0x35
[08:04:36.538] |T| [write_file]: install_trophy_context: Writing to fd: 0x35, size: 103390
[08:04:36.542] |T| [close_file]: install_trophy_context: Closing file fd: 0x35
[08:04:36.548] |T| [open_file]: install_trophy_context: Opening file ux0:/user/00/trophy/conf/NPWR10033_00/TROP038.PNG (ux0:/user/00/trophy/conf/NPWR10033_00/TROP038.PNG), fd: 0x36
[08:04:36.549] |T| [write_file]: install_trophy_context: Writing to fd: 0x36, size: 103390
[08:04:36.550] |T| [close_file]: install_trophy_context: Closing file fd: 0x36
[08:04:36.558] |T| [open_file]: install_trophy_context: Opening file ux0:/user/00/trophy/conf/NPWR10033_00/TROP039.PNG (ux0:/user/00/trophy/conf/NPWR10033_00/TROP039.PNG), fd: 0x37
[08:04:36.559] |T| [write_file]: install_trophy_context: Writing to fd: 0x37, size: 103390
[08:04:36.561] |T| [close_file]: install_trophy_context: Closing file fd: 0x37
[08:04:36.568] |T| [open_file]: install_trophy_context: Opening file ux0:/user/00/trophy/conf/NPWR10033_00/TROP040.PNG (ux0:/user/00/trophy/conf/NPWR10033_00/TROP040.PNG), fd: 0x38
[08:04:36.569] |T| [write_file]: install_trophy_context: Writing to fd: 0x38, size: 103390
[08:04:36.572] |T| [close_file]: install_trophy_context: Closing file fd: 0x38
[08:04:36.579] |T| [open_file]: install_trophy_context: Opening file ux0:/user/00/trophy/conf/NPWR10033_00/TROP041.PNG (ux0:/user/00/trophy/conf/NPWR10033_00/TROP041.PNG), fd: 0x39
[08:04:36.580] |T| [write_file]: install_trophy_context: Writing to fd: 0x39, size: 103649
[08:04:36.580] |T| [close_file]: install_trophy_context: Closing file fd: 0x39
[08:04:36.581] |T| [close_file]: create_trophy_context: Closing file fd: 0x9
[08:04:36.584] |T| [export_sceNpTrophyCreateContext]: Trophy context for NPWR10033_00 create successfuly!
[08:04:38.066] |I| [float_to_half_init]: AVX+F16C instruction set is supported. Using fast f32 to f16 conversion
[08:04:38.104] |W| [unimplemented_impl]: Unimplemented sceCommonDialogUpdate import called.
[08:04:38.109] |W| [stubbed_impl]: Stubbed sceNpTrophyCreateHandle import called. (Stubbed handle with 1)
[08:04:38.110] |W| [stubbed_impl]: Stubbed sceNpTrophyDestroyHandle import called. (Stubbed with SCE_OK)
[08:04:38.119] |I| [export_sceIoOpen]: Opening file: savedata0:data255/system.dat
[08:04:38.127] |T| [open_file]: sceIoOpen: Opening file savedata0:data255/system.dat (ux0:/user/00/savedata/PCSG00793/data255/system.dat), fd: 0x3A
[08:04:38.129] |T| [close_file]: sceIoClose: Closing file fd: 0x3A
[08:04:38.182] |T| [open_file]: sceAppUtilSaveDataSlotGetParam: Opening file savedata0:/SlotParam_255.bin (ux0:/user/00/savedata/PCSG00793/SlotParam_255.bin), fd: 0x3B
[08:04:38.183] |T| [close_file]: sceAppUtilSaveDataSlotGetParam: Closing file fd: 0x3B
[08:04:38.184] |I| [export_sceIoOpen]: Opening file: savedata0:data255/system.dat
[08:04:38.184] |T| [open_file]: sceIoOpen: Opening file savedata0:data255/system.dat (ux0:/user/00/savedata/PCSG00793/data255/system.dat), fd: 0x3C
[08:04:38.189] |T| [close_file]: sceIoClose: Closing file fd: 0x3C
[08:04:50.794] |E| [logging::ret_error_impl]: sceNgsVoiceResume returned SCE_NGS_ERROR_INVALID_STATE (0x804A0010)
[08:04:50.805] |T| [export_sceNgsPatchCreateRouting]: Patching 0x9F99E0:0:0 to 0xA00410:0
[08:04:55.263] |E| [open_file]: Missing file at C:/Users/ Othmane/AppData/Roaming/Vita3K/Vita3K/ux0/user/00/savedata/PCSG00793/SlotParam_30.bin (target path: savedata0:/SlotParam_30.bin)
[08:04:55.264] |W| [io_error_impl]: open_file (sceAppUtilSaveDataSlotGetParam) returned 0x80010002
[08:04:55.265] |E| [logging::ret_error_impl]: sceAppUtilSaveDataSlotGetParam returned SCE_APPUTIL_ERROR_SAVEDATA_SLOT_NOT_FOUND (0x80100641)
[08:04:55.266] |E| [open_file]: Missing file at C:/Users/ Othmane/AppData/Roaming/Vita3K/Vita3K/ux0/user/00/savedata/PCSG00793/SlotParam_29.bin (target path: savedata0:/SlotParam_29.bin)
[08:04:55.267] |W| [io_error_impl]: open_file (sceAppUtilSaveDataSlotGetParam) returned 0x80010002
[08:04:55.267] |E| [open_file]: Missing file at C:/Users/ Othmane/AppData/Roaming/Vita3K/Vita3K/ux0/user/00/savedata/PCSG00793/SlotParam_28.bin (target path: savedata0:/SlotParam_28.bin)
[08:04:55.269] |W| [io_error_impl]: open_file (sceAppUtilSaveDataSlotGetParam) returned 0x80010002
[08:04:55.270] |E| [open_file]: Missing file at C:/Users/ Othmane/AppData/Roaming/Vita3K/Vita3K/ux0/user/00/savedata/PCSG00793/SlotParam_27.bin (target path: savedata0:/SlotParam_27.bin)
[08:04:55.270] |W| [io_error_impl]: open_file (sceAppUtilSaveDataSlotGetParam) returned 0x80010002
[08:04:55.271] |E| [open_file]: Missing file at C:/Users/ Othmane/AppData/Roaming/Vita3K/Vita3K/ux0/user/00/savedata/PCSG00793/SlotParam_26.bin (target path: savedata0:/SlotParam_26.bin)
[08:04:55.271] |W| [io_error_impl]: open_file (sceAppUtilSaveDataSlotGetParam) returned 0x80010002
[08:04:55.272] |E| [open_file]: Missing file at C:/Users/ Othmane/AppData/Roaming/Vita3K/Vita3K/ux0/user/00/savedata/PCSG00793/SlotParam_25.bin (target path: savedata0:/SlotParam_25.bin)
[08:04:55.273] |W| [io_error_impl]: open_file (sceAppUtilSaveDataSlotGetParam) returned 0x80010002
[08:04:55.273] |E| [open_file]: Missing file at C:/Users/ Othmane/AppData/Roaming/Vita3K/Vita3K/ux0/user/00/savedata/PCSG00793/SlotParam_24.bin (target path: savedata0:/SlotParam_24.bin)
[08:04:55.274] |W| [io_error_impl]: open_file (sceAppUtilSaveDataSlotGetParam) returned 0x80010002
[08:04:55.274] |E| [open_file]: Missing file at C:/Users/ Othmane/AppData/Roaming/Vita3K/Vita3K/ux0/user/00/savedata/PCSG00793/SlotParam_23.bin (target path: savedata0:/SlotParam_23.bin)
[08:04:55.276] |W| [io_error_impl]: open_file (sceAppUtilSaveDataSlotGetParam) returned 0x80010002
[08:04:55.276] |E| [open_file]: Missing file at C:/Users/ Othmane/AppData/Roaming/Vita3K/Vita3K/ux0/user/00/savedata/PCSG00793/SlotParam_22.bin (target path: savedata0:/SlotParam_22.bin)
[08:04:55.277] |W| [io_error_impl]: open_file (sceAppUtilSaveDataSlotGetParam) returned 0x80010002
[08:04:55.277] |E| [open_file]: Missing file at C:/Users/ Othmane/AppData/Roaming/Vita3K/Vita3K/ux0/user/00/savedata/PCSG00793/SlotParam_21.bin (target path: savedata0:/SlotParam_21.bin)
[08:04:55.278] |W| [io_error_impl]: open_file (sceAppUtilSaveDataSlotGetParam) returned 0x80010002
[08:04:55.278] |E| [open_file]: Missing file at C:/Users/ Othmane/AppData/Roaming/Vita3K/Vita3K/ux0/user/00/savedata/PCSG00793/SlotParam_20.bin (target path: savedata0:/SlotParam_20.bin)
[08:04:55.279] |W| [io_error_impl]: open_file (sceAppUtilSaveDataSlotGetParam) returned 0x80010002
[08:04:55.280] |E| [open_file]: Missing file at C:/Users/ Othmane/AppData/Roaming/Vita3K/Vita3K/ux0/user/00/savedata/PCSG00793/SlotParam_19.bin (target path: savedata0:/SlotParam_19.bin)
[08:04:55.280] |W| [io_error_impl]: open_file (sceAppUtilSaveDataSlotGetParam) returned 0x80010002
[08:04:55.281] |E| [open_file]: Missing file at C:/Users/ Othmane/AppData/Roaming/Vita3K/Vita3K/ux0/user/00/savedata/PCSG00793/SlotParam_18.bin (target path: savedata0:/SlotParam_18.bin)
[08:04:55.281] |W| [io_error_impl]: open_file (sceAppUtilSaveDataSlotGetParam) returned 0x80010002
[08:04:55.282] |E| [open_file]: Missing file at C:/Users/ Othmane/AppData/Roaming/Vita3K/Vita3K/ux0/user/00/savedata/PCSG00793/SlotParam_17.bin (target path: savedata0:/SlotParam_17.bin)
[08:04:55.283] |W| [io_error_impl]: open_file (sceAppUtilSaveDataSlotGetParam) returned 0x80010002
[08:04:55.283] |E| [open_file]: Missing file at C:/Users/ Othmane/AppData/Roaming/Vita3K/Vita3K/ux0/user/00/savedata/PCSG00793/SlotParam_16.bin (target path: savedata0:/SlotParam_16.bin)
[08:04:55.284] |W| [io_error_impl]: open_file (sceAppUtilSaveDataSlotGetParam) returned 0x80010002
[08:04:55.285] |E| [open_file]: Missing file at C:/Users/ Othmane/AppData/Roaming/Vita3K/Vita3K/ux0/user/00/savedata/PCSG00793/SlotParam_15.bin (target path: savedata0:/SlotParam_15.bin)
[08:04:55.288] |W| [io_error_impl]: open_file (sceAppUtilSaveDataSlotGetParam) returned 0x80010002
[08:04:55.289] |E| [open_file]: Missing file at C:/Users/ Othmane/AppData/Roaming/Vita3K/Vita3K/ux0/user/00/savedata/PCSG00793/SlotParam_14.bin (target path: savedata0:/SlotParam_14.bin)
[08:04:55.290] |W| [io_error_impl]: open_file (sceAppUtilSaveDataSlotGetParam) returned 0x80010002
[08:04:55.291] |E| [open_file]: Missing file at C:/Users/ Othmane/AppData/Roaming/Vita3K/Vita3K/ux0/user/00/savedata/PCSG00793/SlotParam_13.bin (target path: savedata0:/SlotParam_13.bin)
[08:04:55.291] |W| [io_error_impl]: open_file (sceAppUtilSaveDataSlotGetParam) returned 0x80010002
[08:04:55.292] |E| [open_file]: Missing file at C:/Users/ Othmane/AppData/Roaming/Vita3K/Vita3K/ux0/user/00/savedata/PCSG00793/SlotParam_12.bin (target path: savedata0:/SlotParam_12.bin)
[08:04:55.293] |W| [io_error_impl]: open_file (sceAppUtilSaveDataSlotGetParam) returned 0x80010002
[08:04:55.293] |E| [open_file]: Missing file at C:/Users/ Othmane/AppData/Roaming/Vita3K/Vita3K/ux0/user/00/savedata/PCSG00793/SlotParam_11.bin (target path: savedata0:/SlotParam_11.bin)
[08:04:55.294] |W| [io_error_impl]: open_file (sceAppUtilSaveDataSlotGetParam) returned 0x80010002
[08:04:55.294] |E| [open_file]: Missing file at C:/Users/ Othmane/AppData/Roaming/Vita3K/Vita3K/ux0/user/00/savedata/PCSG00793/SlotParam_10.bin (target path: savedata0:/SlotParam_10.bin)
[08:04:55.295] |W| [io_error_impl]: open_file (sceAppUtilSaveDataSlotGetParam) returned 0x80010002
[08:04:55.295] |E| [open_file]: Missing file at C:/Users/ Othmane/AppData/Roaming/Vita3K/Vita3K/ux0/user/00/savedata/PCSG00793/SlotParam_9.bin (target path: savedata0:/SlotParam_9.bin)
[08:04:55.296] |W| [io_error_impl]: open_file (sceAppUtilSaveDataSlotGetParam) returned 0x80010002
[08:04:55.297] |E| [open_file]: Missing file at C:/Users/ Othmane/AppData/Roaming/Vita3K/Vita3K/ux0/user/00/savedata/PCSG00793/SlotParam_8.bin (target path: savedata0:/SlotParam_8.bin)
[08:04:55.298] |W| [io_error_impl]: open_file (sceAppUtilSaveDataSlotGetParam) returned 0x80010002
[08:04:55.299] |E| [open_file]: Missing file at C:/Users/ Othmane/AppData/Roaming/Vita3K/Vita3K/ux0/user/00/savedata/PCSG00793/SlotParam_7.bin (target path: savedata0:/SlotParam_7.bin)
[08:04:55.299] |W| [io_error_impl]: open_file (sceAppUtilSaveDataSlotGetParam) returned 0x80010002
[08:04:55.300] |E| [open_file]: Missing file at C:/Users/ Othmane/AppData/Roaming/Vita3K/Vita3K/ux0/user/00/savedata/PCSG00793/SlotParam_6.bin (target path: savedata0:/SlotParam_6.bin)
[08:04:55.303] |W| [io_error_impl]: open_file (sceAppUtilSaveDataSlotGetParam) returned 0x80010002
[08:04:55.304] |E| [open_file]: Missing file at C:/Users/ Othmane/AppData/Roaming/Vita3K/Vita3K/ux0/user/00/savedata/PCSG00793/SlotParam_5.bin (target path: savedata0:/SlotParam_5.bin)
[08:04:55.305] |W| [io_error_impl]: open_file (sceAppUtilSaveDataSlotGetParam) returned 0x80010002
[08:04:55.306] |E| [open_file]: Missing file at C:/Users/ Othmane/AppData/Roaming/Vita3K/Vita3K/ux0/user/00/savedata/PCSG00793/SlotParam_4.bin (target path: savedata0:/SlotParam_4.bin)
[08:04:55.306] |W| [io_error_impl]: open_file (sceAppUtilSaveDataSlotGetParam) returned 0x80010002
[08:04:55.307] |E| [open_file]: Missing file at C:/Users/ Othmane/AppData/Roaming/Vita3K/Vita3K/ux0/user/00/savedata/PCSG00793/SlotParam_3.bin (target path: savedata0:/SlotParam_3.bin)
[08:04:55.308] |W| [io_error_impl]: open_file (sceAppUtilSaveDataSlotGetParam) returned 0x80010002
[08:04:55.308] |E| [open_file]: Missing file at C:/Users/ Othmane/AppData/Roaming/Vita3K/Vita3K/ux0/user/00/savedata/PCSG00793/SlotParam_2.bin (target path: savedata0:/SlotParam_2.bin)
[08:04:55.309] |W| [io_error_impl]: open_file (sceAppUtilSaveDataSlotGetParam) returned 0x80010002
[08:04:55.309] |E| [open_file]: Missing file at C:/Users/ Othmane/AppData/Roaming/Vita3K/Vita3K/ux0/user/00/savedata/PCSG00793/SlotParam_1.bin (target path: savedata0:/SlotParam_1.bin)
[08:04:55.311] |W| [io_error_impl]: open_file (sceAppUtilSaveDataSlotGetParam) returned 0x80010002
[08:04:55.312] |E| [open_file]: Missing file at C:/Users/ Othmane/AppData/Roaming/Vita3K/Vita3K/ux0/user/00/savedata/PCSG00793/SlotParam_0.bin (target path: savedata0:/SlotParam_0.bin)
[08:04:55.312] |W| [io_error_impl]: open_file (sceAppUtilSaveDataSlotGetParam) returned 0x80010002
[08:04:56.347] |I| [export_sceIoOpen]: Opening file: app0:movie/EVBTL000.usm
[08:04:56.354] |T| [open_file]: sceIoOpen: Opening file app0:movie/EVBTL000.usm (ux0:/app/PCSG00793/movie/EVBTL000.usm), fd: 0x3D
[08:04:56.645] |T| [export_sceNgsPatchCreateRouting]: Patching 0x9F5020:0:0 to 0xA00410:0
[08:05:02.235] |E| [logging::ret_error_impl]: sceAvcdecDecodeFlush returned SCE_AVCDEC_ERROR_INVALID_PARAM (0x80620002)
[08:05:02.277] |T| [close_file]: sceIoClose: Closing file fd: 0x3D
[08:05:02.318] |I| [export_sceIoOpen]: Opening file: sa0:data/font/pvf/jpn0.pvf
[08:05:02.319] |T| [open_file]: sceIoOpen: Opening file sa0:data/font/pvf/jpn0.pvf (sa0:/data/font/pvf/jpn0.pvf), fd: 0x3E
[08:05:02.320] |I| [export_sceClibPrintf]: LIBPVF>>> FILE: sa0:data/font/pvf/jpn0.pvf

[08:05:02.321] |W| [unimplemented_impl]: Unimplemented sceIoIoctl import called.
[08:05:02.322] |T| [close_file]: sceIoClose: Closing file fd: 0x3E
[08:05:02.558] |I| [renderer::vulkan::PipelineCache::retrieve_shader]: Generating vulkan spv shader b774cb5955b45da5703b33db8a3410d5ad1cc427cf3fe967edc2a085e43a80ed
[08:05:02.558] |I| [renderer::load_shader_generic]: Generating vert.spv.txt shader b774cb5955b45da5703b33db8a3410d5ad1cc427cf3fe967edc2a085e43a80ed
[08:05:02.561] |D| [shader::create_parameters]: [BUFFER0  + 0] pa0 = (float4) aPosition
[08:05:02.562] |D| [shader::create_parameters]: [BUFFER0  + 4] pa4 = (float4) aNormal
[08:05:02.562] |D| [shader::create_parameters]: [BUFFER0  + 8] pa8 = (float4) aTexCoord0
[08:05:02.563] |D| [shader::create_parameters]: [DEFAULT  + 0] sa0 = (float4) uModel[4]
[08:05:02.563] |D| [shader::create_parameters]: [DEFAULT  + 16] sa16 = (float4) uViewProj[4]
[08:05:02.564] |D| [shader::create_parameters]: [DEFAULT  + 32] sa32 = (float3) uModelInv[3]
[08:05:02.564] |D| [shader::create_parameters]: [DEFAULT  + 46] sa46 = (float4) uLights[0]_param_1
[08:05:02.565] |D| [shader::create_parameters]: [DEFAULT  + 50] sa50 = (float4) uLights[0]_param_2[4]
[08:05:02.565] |D| [shader::create_parameters]: [DEFAULT  + 66] sa66 = (float4) uLights[1]_param_1
[08:05:02.566] |D| [shader::create_parameters]: [DEFAULT  + 70] sa70 = (float4) uLights[1]_param_2[4]
[08:05:02.566] |D| [shader::create_parameters]: [DEFAULT  + 86] sa86 = (float4) uLights[2]_param_1
[08:05:02.567] |D| [shader::create_parameters]: [DEFAULT  + 90] sa90 = (float4) uLights[2]_param_2[4]
[08:05:02.568] |D| [shader::create_parameters]: [DEFAULT  + 106] sa106 = (float4) uLights[3]_param_1
[08:05:02.568] |D| [shader::create_parameters]: [DEFAULT  + 110] sa110 = (float4) uLights[3]_param_2[4]
[08:05:02.569] |D| [shader::create_parameters]: [DEFAULT  + 44] sa44 = (float2) uUVOffset
[08:05:02.570] |T| [shader::usse::USSERecompiler::compile_code_node]: Compiling code_0, size = 3
[08:05:02.571] |T| [shader::usse::USSERecompiler::compile_code_node]: Compiling code_0, size = 19
[08:05:02.587] |T| [shader::usse::USSERecompiler::compile_code_node]: Compiling code_19, size = 1
[08:05:02.588] |T| [shader::usse::USSERecompiler::compile_code_node]: Compiling code_21, size = 6
[08:05:02.595] |T| [shader::usse::USSERecompiler::compile_code_node]: Compiling code_28, size = 1
[08:05:02.596] |T| [shader::usse::USSERecompiler::compile_code_node]: Compiling code_30, size = 3
[08:05:02.597] |T| [shader::usse::USSERecompiler::compile_code_node]: Compiling code_34, size = 7
[08:05:02.600] |T| [shader::usse::USSERecompiler::compile_code_node]: Compiling code_42, size = 9
[08:05:02.608] |T| [shader::usse::USSERecompiler::compile_code_node]: Compiling code_52, size = 4
[08:05:02.610] |T| [shader::usse::USSERecompiler::compile_code_node]: Compiling code_57, size = 2
[08:05:02.611] |T| [shader::usse::USSERecompiler::compile_code_node]: Compiling code_59, size = 1
[08:05:02.612] |T| [shader::usse::USSERecompiler::compile_code_node]: Compiling code_61, size = 4
[08:05:02.614] |T| [shader::usse::USSERecompiler::compile_code_node]: Compiling code_66, size = 2
[08:05:02.616] |T| [shader::usse::USSERecompiler::compile_code_node]: Compiling code_68, size = 13
[08:05:02.625] |T| [shader::usse::USSERecompiler::compile_code_node]: Compiling code_82, size = 12
[08:05:02.630] |T| [shader::usse::USSERecompiler::compile_code_node]: Compiling code_96, size = 4294967295
[08:05:02.631] |T| [shader::usse::USSERecompiler::compile_code_node]: Compiling code_95, size = 1
[08:05:02.632] |T| [shader::usse::USSERecompiler::compile_code_node]: Compiling code_96, size = 8
[08:05:02.635] |T| [shader::usse::USSERecompiler::compile_code_node]: Compiling code_105, size = 4
[08:05:02.641] |T| [shader::usse::USSERecompiler::compile_code_node]: Compiling code_112, size = 4294967294
[08:05:02.642] |T| [shader::usse::USSERecompiler::compile_code_node]: Compiling code_110, size = 2
[08:05:02.643] |T| [shader::usse::USSERecompiler::compile_code_node]: Compiling code_112, size = 3
[08:05:02.645] |T| [shader::usse::USSERecompiler::compile_code_node]: Compiling code_116, size = 10
[08:05:02.672] |E| [debug_callback]: Validation layer: Validation Error: [ UNASSIGNED-CoreValidation-Shader-InconsistentSpirv ] Object 0: handle = 0x1d3a77a93e0, type = VK_OBJECT_TYPE_DEVICE; | MessageID = 0x6bbb14 | SPIR-V module not valid: The continue construct with the continue target 579[%579] is not post dominated by the back-edge block 582[%582]
  %582 = OpLabel

[08:05:02.675] |I| [renderer::vulkan::PipelineCache::retrieve_shader]: Generating vulkan spv shader 855f3b038374d1160d76c26a974e4fc3afaca47be1dc4a89274c0f003bff1d74
[08:05:02.676] |I| [renderer::load_shader_generic]: Generating frag.spv.txt shader 855f3b038374d1160d76c26a974e4fc3afaca47be1dc4a89274c0f003bff1d74
[08:05:02.677] |D| [shader::create_parameters]: [DEFAULT  + 0] sa0 = (half4) uMaterial_ambient
[08:05:02.678] |D| [shader::create_parameters]: [DEFAULT  + 2] sa2 = (half3) uMaterial_emission
[08:05:02.679] |D| [shader::create_parameters]: [DEFAULT  + 4] sa4 = (half3) uMaterial_specular
[08:05:02.679] |D| [shader::create_parameters]: [DEFAULT  + 6] sa6 = (half3) uMaterial_diffuse
[08:05:02.680] |D| [shader::create_fragment_inputs]: Iterator: pa0 = (half4) v_TexCoord2
[08:05:02.681] |T| [shader::create_fragment_inputs]: pa2 = tex2D<half4>(uAmbientTexture, TEXCOORD0.xy)
[08:05:02.681] |D| [shader::create_fragment_inputs]: Iterator: pa4 = (half4) v_TexCoord3
[08:05:02.682] |D| [shader::create_fragment_inputs]: Iterator: pa6 = (half4) v_TexCoord4
[08:05:02.682] |D| [shader::create_fragment_inputs]: Iterator: pa8 = (half4) v_TexCoord5
[08:05:02.686] |T| [shader::usse::USSERecompiler::compile_code_node]: Compiling code_0, size = 6
[08:05:02.870] |I| [renderer::vulkan::PipelineCache::retrieve_shader]: Generating vulkan spv shader ef57f1bc4d768850f293f48998e6400dc3623ab47ff5aedb10f6238f8287dd9d
[08:05:02.871] |I| [renderer::load_shader_generic]: Generating frag.spv.txt shader ef57f1bc4d768850f293f48998e6400dc3623ab47ff5aedb10f6238f8287dd9d
[08:05:02.873] |D| [shader::create_parameters]: [DEFAULT  + 0] sa0 = (half4) uMaterial_ambient
[08:05:02.874] |D| [shader::create_parameters]: [DEFAULT  + 2] sa2 = (half3) uMaterial_emission
[08:05:02.874] |D| [shader::create_parameters]: [DEFAULT  + 4] sa4 = (half3) uMaterial_specular
[08:05:02.875] |D| [shader::create_parameters]: [DEFAULT  + 6] sa6 = (half3) uMaterial_diffuse
[08:05:02.875] |D| [shader::create_fragment_inputs]: Iterator: pa0 = (half4) v_TexCoord2
[08:05:02.876] |T| [shader::create_fragment_inputs]: pa2 = tex2D<half4>(uAmbientTexture, TEXCOORD0.xy)
[08:05:02.876] |D| [shader::create_fragment_inputs]: Iterator: pa4 = (half4) v_TexCoord3
[08:05:02.877] |T| [shader::create_fragment_inputs]: pa6 = tex2D<half4>(uTransparentTexture, TEXCOORD0.xy)
[08:05:02.877] |D| [shader::create_fragment_inputs]: Iterator: pa8 = (half4) v_TexCoord4
[08:05:02.878] |D| [shader::create_fragment_inputs]: Iterator: pa10 = (half4) v_TexCoord5
[08:05:02.879] |T| [shader::usse::USSERecompiler::compile_code_node]: Compiling code_0, size = 7
[08:05:02.977] |I| [renderer::vulkan::PipelineCache::retrieve_shader]: Generating vulkan spv shader 64cd1500b7f75e48d1fa961838279ce835762fc8a795b82d930889443709fdec
[08:05:02.979] |I| [renderer::load_shader_generic]: Generating vert.spv.txt shader 64cd1500b7f75e48d1fa961838279ce835762fc8a795b82d930889443709fdec
[08:05:02.980] |D| [shader::create_parameters]: [BUFFER0  + 0] pa0 = (float4) aPosition
[08:05:02.980] |D| [shader::create_parameters]: [BUFFER0  + 4] pa4 = (float4) aColor
[08:05:02.981] |D| [shader::create_parameters]: [BUFFER0  + 8] pa8 = (float4) aTexCoord
[08:05:02.982] |D| [shader::create_parameters]: [DEFAULT  + 0] sa0 = (float4) uViewProj[4]
[08:05:02.983] |T| [shader::usse::USSERecompiler::compile_code_node]: Compiling code_0, size = 7
[08:05:02.991] |I| [renderer::vulkan::PipelineCache::retrieve_shader]: Generating vulkan spv shader 450f73698c33df25c389000986ceb0cc6ab8f7d196ae206c7e21de159ec0c383
[08:05:02.992] |I| [renderer::load_shader_generic]: Generating frag.spv.txt shader 450f73698c33df25c389000986ceb0cc6ab8f7d196ae206c7e21de159ec0c383
[08:05:02.994] |D| [shader::create_fragment_inputs]: Iterator: pa0 = (half4) v_Color0
[08:05:02.994] |T| [shader::create_fragment_inputs]: pa2 = tex2D<half4>(uAmbientTexture, TEXCOORD0.xy)
[08:05:02.995] |T| [shader::usse::USSERecompiler::compile_code_node]: Compiling code_0, size = 2
[08:05:03.035] |I| [renderer::vulkan::PipelineCache::retrieve_shader]: Generating vulkan spv shader 512a94017c06659f7050c3ac27ff87fabddae06ffdd8e1cb2f2799f4a052e477
[08:05:03.036] |I| [renderer::load_shader_generic]: Generating vert.spv.txt shader 512a94017c06659f7050c3ac27ff87fabddae06ffdd8e1cb2f2799f4a052e477
[08:05:03.037] |D| [shader::create_parameters]: [BUFFER0  + 0] pa0 = (float4) aPosition
[08:05:03.037] |D| [shader::create_parameters]: [BUFFER0  + 4] pa4 = (float4) aColor
[08:05:03.038] |D| [shader::create_parameters]: [BUFFER0  + 8] pa8 = (float4) aTexCoord0
[08:05:03.039] |D| [shader::create_parameters]: [BUFFER0  + 12] pa12 = (float4) aTexCoord1
[08:05:03.040] |D| [shader::create_parameters]: [DEFAULT  + 0] sa0 = (float4) uViewProj[4]
[08:05:03.041] |T| [shader::usse::USSERecompiler::compile_code_node]: Compiling code_0, size = 8
[08:05:03.055] |I| [renderer::vulkan::PipelineCache::retrieve_shader]: Generating vulkan spv shader 123d06576a95e128c5c4162e63e498fe773f7158e4ae3d9d68e144cdc32ec380
[08:05:03.056] |I| [renderer::load_shader_generic]: Generating frag.spv.txt shader 123d06576a95e128c5c4162e63e498fe773f7158e4ae3d9d68e144cdc32ec380
[08:05:03.058] |D| [shader::create_fragment_inputs]: Iterator: pa0 = (half4) v_Color0
[08:05:03.058] |T| [shader::create_fragment_inputs]: pa2 = tex2D<half4>(uAmbientTexture, TEXCOORD0.xy)
[08:05:03.059] |T| [shader::create_fragment_inputs]: pa4 = tex2D<half4>(uDiffuseTexture, TEXCOORD1.xy)
[08:05:03.059] |T| [shader::usse::USSERecompiler::compile_code_node]: Compiling code_0, size = 3
[08:05:08.495] |T| [export_sceNgsPatchCreateRouting]: Patching 0x9ECC80:0:0 to 0xA00410:0
[08:05:10.965] |T| [export_sceNgsPatchCreateRouting]: Patching 0x9ED190:0:0 to 0xA00410:0
[08:05:13.756] |I| [renderer::vulkan::PipelineCache::retrieve_shader]: Generating vulkan spv shader ae86e19cf53a970658093f73439f0c2ff999c248b4c50243bb2c5dbe2898e54f
[08:05:13.757] |I| [renderer::load_shader_generic]: Generating frag.spv.txt shader ae86e19cf53a970658093f73439f0c2ff999c248b4c50243bb2c5dbe2898e54f
[08:05:13.758] |D| [shader::create_fragment_inputs]: Iterator: pa0 = (half4) v_Color0
[08:05:13.759] |T| [shader::create_fragment_inputs]: pa2 = tex2D<half4>(uDiffuseTexture, TEXCOORD0.xy)
[08:05:13.759] |T| [shader::usse::USSERecompiler::compile_code_node]: Compiling code_0, size = 2
[08:05:16.064] |T| [export_sceNgsPatchCreateRouting]: Patching 0x9F9EFC:0:0 to 0xA00410:0
[08:05:16.142] |I| [renderer::vulkan::PipelineCache::retrieve_shader]: Generating vulkan spv shader 5c42a8d100070ebd4bd8a0f984b557b638c8dd2d0de8abc211a7cac0b6aa17c3
[08:05:16.143] |I| [renderer::load_shader_generic]: Generating vert.spv.txt shader 5c42a8d100070ebd4bd8a0f984b557b638c8dd2d0de8abc211a7cac0b6aa17c3
[08:05:16.145] |D| [shader::create_parameters]: [BUFFER0  + 0] pa0 = (float4) aPosition
[08:05:16.145] |D| [shader::create_parameters]: [DEFAULT  + 0] sa0 = (float4) uModel[4]
[08:05:16.146] |D| [shader::create_parameters]: [DEFAULT  + 16] sa16 = (float4) uViewProj[4]
[08:05:16.147] |T| [shader::usse::USSERecompiler::compile_code_node]: Compiling code_0, size = 28
[08:05:16.165] |T| [shader::usse::USSERecompiler::compile_code_node]: Compiling code_0, size = 8
[08:05:16.175] |I| [renderer::vulkan::PipelineCache::retrieve_shader]: Generating vulkan spv shader 0324427d16223c9200b66724f9a66a815f83be21b9bd06999cba99ece79854fd
[08:05:16.176] |I| [renderer::load_shader_generic]: Generating frag.spv.txt shader 0324427d16223c9200b66724f9a66a815f83be21b9bd06999cba99ece79854fd
[08:05:16.178] |D| [shader::create_parameters]: [DEFAULT  + 0] sa0 = (half1) uAlphaTestRef
[08:05:16.178] |D| [shader::create_parameters]: [DEFAULT  + 2] sa2 = (half3) uAlphaTestFunc
[08:05:16.179] |D| [shader::create_parameters]: [DEFAULT  + 4] sa4 = (half4) uMaterial_ambient
[08:05:16.180] |T| [shader::usse::USSERecompiler::compile_code_node]: Compiling code_0, size = 8
[08:05:16.185] |T| [shader::usse::USSERecompiler::compile_code_node]: Compiling code_0, size = 3
[08:05:16.191] |T| [shader::usse::USSERecompiler::compile_code_node]: Compiling code_3, size = 1
[08:05:16.192] |T| [shader::usse::USSERecompiler::compile_code_node]: Compiling code_4, size = 2
[08:05:16.224] |I| [renderer::vulkan::PipelineCache::retrieve_shader]: Generating vulkan spv shader 2dc1549acc77ee21d69346c6d048951593ce97562bdfd635d7f5cfdbd9eeeffa
[08:05:16.225] |I| [renderer::load_shader_generic]: Generating frag.spv.txt shader 2dc1549acc77ee21d69346c6d048951593ce97562bdfd635d7f5cfdbd9eeeffa
[08:05:16.227] |D| [shader::create_parameters]: [DEFAULT  + 0] sa0 = (half4) uMaterial_ambient
[08:05:16.227] |T| [shader::usse::USSERecompiler::compile_code_node]: Compiling code_0, size = 2
[08:05:16.243] |I| [renderer::vulkan::PipelineCache::retrieve_shader]: Generating vulkan spv shader ba8e11c1005ebb68243366ad9db0baf7c5ee4bef41313c3e01e95140b58f3dca
[08:05:16.244] |I| [renderer::load_shader_generic]: Generating frag.spv.txt shader ba8e11c1005ebb68243366ad9db0baf7c5ee4bef41313c3e01e95140b58f3dca
[08:05:16.245] |D| [shader::create_parameters]: [DEFAULT  + 0] sa0 = (half1) uAlphaTestRef
[08:05:16.246] |D| [shader::create_parameters]: [DEFAULT  + 2] sa2 = (half3) uAlphaTestFunc
[08:05:16.246] |D| [shader::create_parameters]: [DEFAULT  + 4] sa4 = (half4) uMaterial_ambient
[08:05:16.249] |T| [shader::create_fragment_inputs]: pa0 = tex2D<half4>(uDiffuseTexture, TEXCOORD0.xy)
[08:05:16.250] |T| [shader::usse::USSERecompiler::compile_code_node]: Compiling code_0, size = 9
[08:05:16.257] |T| [shader::usse::USSERecompiler::compile_code_node]: Compiling code_9, size = 1
[08:05:16.258] |T| [shader::usse::USSERecompiler::compile_code_node]: Compiling code_10, size = 2
[08:05:16.304] |I| [renderer::vulkan::PipelineCache::retrieve_shader]: Generating vulkan spv shader 290816eb6effa30e91258ca97714923b49ba2cb9f180b1cb284f16e69cde0b42
[08:05:16.306] |I| [renderer::load_shader_generic]: Generating frag.spv.txt shader 290816eb6effa30e91258ca97714923b49ba2cb9f180b1cb284f16e69cde0b42
[08:05:16.307] |D| [shader::create_parameters]: [DEFAULT  + 0] sa0 = (half1) uAlphaTestRef
[08:05:16.308] |D| [shader::create_parameters]: [DEFAULT  + 2] sa2 = (half3) uAlphaTestFunc
[08:05:16.309] |T| [shader::create_fragment_inputs]: pa0 = tex2D<half4>(uDiffuseTexture, TEXCOORD0.xy)
[08:05:16.309] |T| [shader::usse::USSERecompiler::compile_code_node]: Compiling code_0, size = 9
[08:05:16.317] |T| [shader::usse::USSERecompiler::compile_code_node]: Compiling code_9, size = 1
[08:05:16.318] |T| [shader::usse::USSERecompiler::compile_code_node]: Compiling code_10, size = 2
[08:05:18.344] |I| [renderer::vulkan::PipelineCache::retrieve_shader]: Generating vulkan spv shader 13e1ac3cdfec9a67cffd81401f4d220cffb1f82a38eab615d2604a8bee123d49
[08:05:18.345] |I| [renderer::load_shader_generic]: Generating frag.spv.txt shader 13e1ac3cdfec9a67cffd81401f4d220cffb1f82a38eab615d2604a8bee123d49
[08:05:18.348] |D| [shader::create_parameters]: [DEFAULT  + 0] sa0 = (half1) uAlphaTestRef
[08:05:18.349] |D| [shader::create_parameters]: [DEFAULT  + 2] sa2 = (half3) uAlphaTestFunc
[08:05:18.349] |D| [shader::create_fragment_inputs]: Iterator: pa0 = (half4) v_Color0
[08:05:18.350] |T| [shader::create_fragment_inputs]: pa2 = tex2D<half4>(uDiffuseTexture, TEXCOORD0.xy)
[08:05:18.350] |T| [shader::usse::USSERecompiler::compile_code_node]: Compiling code_0, size = 9
[08:05:18.356] |T| [shader::usse::USSERecompiler::compile_code_node]: Compiling code_9, size = 1
[08:05:18.357] |T| [shader::usse::USSERecompiler::compile_code_node]: Compiling code_10, size = 2
[08:05:20.197] |T| [export_sceNgsPatchCreateRouting]: Patching 0x9ED6A0:0:0 to 0xA00410:0
[08:05:48.002] |I| [renderer::vulkan::PipelineCache::save_pipeline_cache]: Saving pipeline cache...
[08:05:48.003] |I| [renderer::vulkan::PipelineCache::save_pipeline_cache]: Pipeline cache saved
[08:05:49.730] |T| [export_sceNgsPatchCreateRouting]: Patching 0x9FA418:0:0 to 0xA00410:0
[08:06:18.464] |T| [export_sceNgsPatchCreateRouting]: Patching 0x9FA934:0:0 to 0xA00410:0
[08:07:04.150] |I| [renderer::vulkan::PipelineCache::retrieve_shader]: Generating vulkan spv shader eafaedaa22195e634b433c31c5d00476e94911aa6ebf351382c40e616bc6dbfd
[08:07:04.150] |I| [renderer::load_shader_generic]: Generating frag.spv.txt shader eafaedaa22195e634b433c31c5d00476e94911aa6ebf351382c40e616bc6dbfd
[08:07:04.151] |D| [shader::create_parameters]: [DEFAULT  + 0] sa0 = (half3) uMaterial_emission
[08:07:04.151] |D| [shader::create_parameters]: [DEFAULT  + 2] sa2 = (half4) uMaterial_ambient
[08:07:04.151] |D| [shader::create_parameters]: [DEFAULT  + 4] sa4 = (half3) uMaterial_specular
[08:07:04.152] |D| [shader::create_fragment_inputs]: Iterator: pa0 = (half4) v_TexCoord2
[08:07:04.152] |T| [shader::create_fragment_inputs]: pa2 = tex2D<half4>(uDiffuse0Texture, TEXCOORD0.xy)
[08:07:04.153] |D| [shader::create_fragment_inputs]: Iterator: pa4 = (half4) v_TexCoord3
[08:07:04.153] |D| [shader::create_fragment_inputs]: Iterator: pa6 = (half4) v_TexCoord4
[08:07:04.153] |D| [shader::create_fragment_inputs]: Iterator: pa8 = (half4) v_TexCoord5
[08:07:04.154] |T| [shader::usse::USSERecompiler::compile_code_node]: Compiling code_0, size = 6
[08:07:04.539] |I| [renderer::vulkan::PipelineCache::retrieve_shader]: Generating vulkan spv shader 677690e8adace146c8a1b5967797704ee94e38f7ca556bac8a17d0c7e1defb26
[08:07:04.539] |I| [renderer::load_shader_generic]: Generating frag.spv.txt shader 677690e8adace146c8a1b5967797704ee94e38f7ca556bac8a17d0c7e1defb26
[08:07:04.541] |D| [shader::create_parameters]: [DEFAULT  + 0] sa0 = (half3) uMaterial_emission
[08:07:04.541] |D| [shader::create_parameters]: [DEFAULT  + 2] sa2 = (half4) uMaterial_ambient
[08:07:04.542] |D| [shader::create_parameters]: [DEFAULT  + 4] sa4 = (half3) uMaterial_specular
[08:07:04.543] |D| [shader::create_fragment_inputs]: Iterator: pa0 = (half4) v_TexCoord2
[08:07:04.543] |T| [shader::create_fragment_inputs]: pa2 = tex2D<half4>(uDiffuse0Texture, TEXCOORD0.xy)
[08:07:04.544] |D| [shader::create_fragment_inputs]: Iterator: pa4 = (half4) v_TexCoord3
[08:07:04.544] |T| [shader::create_fragment_inputs]: pa6 = tex2D<half4>(uTransparentTexture, TEXCOORD0.xy)
[08:07:04.545] |D| [shader::create_fragment_inputs]: Iterator: pa8 = (half4) v_TexCoord4
[08:07:04.545] |D| [shader::create_fragment_inputs]: Iterator: pa10 = (half4) v_TexCoord5
[08:07:04.546] |T| [shader::usse::USSERecompiler::compile_code_node]: Compiling code_0, size = 7
[08:07:34.004] |I| [renderer::vulkan::PipelineCache::save_pipeline_cache]: Saving pipeline cache...
[08:07:34.004] |I| [renderer::vulkan::PipelineCache::save_pipeline_cache]: Pipeline cache saved
[08:09:30.950] |T| [export_sceNgsPatchCreateRouting]: Patching 0x9F5530:0:0 to 0xA00410:0
[08:09:39.362] |I| [renderer::vulkan::PipelineCache::retrieve_shader]: Generating vulkan spv shader 3401e7deb3e2a3a959cda5cee8bc3d2060ac016221774de6c30b5ae307ce7485
[08:09:39.362] |I| [renderer::load_shader_generic]: Generating vert.spv.txt shader 3401e7deb3e2a3a959cda5cee8bc3d2060ac016221774de6c30b5ae307ce7485
[08:09:39.365] |D| [shader::create_parameters]: [BUFFER0  + 0] pa0 = (float4) aPosition
[08:09:39.365] |D| [shader::create_parameters]: [BUFFER0  + 4] pa4 = (float4) aColor
[08:09:39.365] |D| [shader::create_parameters]: [BUFFER0  + 8] pa8 = (float4) aTexCoord0
[08:09:39.366] |D| [shader::create_parameters]: [BUFFER0  + 12] pa12 = (float4) aTexCoord1
[08:09:39.366] |D| [shader::create_parameters]: [BUFFER0  + 16] pa16 = (float4) aCrossFadeAlpha
[08:09:39.366] |D| [shader::create_parameters]: [DEFAULT  + 0] sa0 = (float4) uViewProj[4]
[08:09:39.367] |T| [shader::usse::USSERecompiler::compile_code_node]: Compiling code_0, size = 8
[08:09:39.374] |I| [renderer::vulkan::PipelineCache::retrieve_shader]: Generating vulkan spv shader 7ff94f57872fd407fbcc215bd6e072554daf7c308184c124d70f36a33ab21d92
[08:09:39.375] |I| [renderer::load_shader_generic]: Generating frag.spv.txt shader 7ff94f57872fd407fbcc215bd6e072554daf7c308184c124d70f36a33ab21d92
[08:09:39.376] |D| [shader::create_fragment_inputs]: Iterator: pa0 = (half4) v_Color0
[08:09:39.376] |T| [shader::create_fragment_inputs]: pa2 = tex2D<half4>(uAmbientTexture, TEXCOORD1.xy)
[08:09:39.376] |T| [shader::create_fragment_inputs]: pa4 = tex2D<half4>(uAmbientTexture, TEXCOORD0.xy)
[08:09:39.377] |D| [shader::create_fragment_inputs]: Iterator: pa6 = (half2) v_TexCoord2
[08:09:39.377] |T| [shader::usse::USSERecompiler::compile_code_node]: Compiling code_0, size = 4
[08:09:51.751] |T| [export_sceNgsPatchCreateRouting]: Patching 0x9EDBB0:0:0 to 0xA00410:0
[08:10:09.030] |I| [renderer::vulkan::PipelineCache::save_pipeline_cache]: Saving pipeline cache...
[08:10:09.031] |I| [renderer::vulkan::PipelineCache::save_pipeline_cache]: Pipeline cache saved
