[02:34:53.300] |I| [SDL_main]:  Vita3K v0.1 523-32e9a31
[02:34:53.764] |I| [init]:  Swap interval = -1
[02:34:56.956] |I| [load_app_impl]:  Title: Silent Hill: Book of Memories
[02:34:56.956] |I| [load_app_impl]:  Serial: PCSE00011
[02:34:56.956] |I| [load_app_impl]:  Category: gd
[02:34:56.965] |I| [load_self]:  Loading symbols for SELF: app0:sce_module/libc.suprx
[02:34:56.965] |D| [load_var_exports]:  	NID 0x6C2224BA (NID_MODULE_INFO) at 0x2ECE4
[02:34:56.965] |E| [load_var_imports]:  	NID NOT FOUND 0xDF084DFA (UNRECOGNISED) at 0x3249C: 0x240
[02:34:56.965] |I| [load_app_impl]:  Pre-load module SceLibc (at "sce_module/libc.suprx") loaded
[02:34:56.971] |I| [load_self]:  Loading symbols for SELF: app0:sce_module/libfios2.suprx
[02:34:56.972] |D| [load_var_exports]:  	NID 0x6C2224BA (NID_MODULE_INFO) at 0x5C6CC
[02:34:56.972] |I| [load_app_impl]:  Pre-load module SceLibFios2 (at "sce_module/libfios2.suprx") loaded
[02:34:56.976] |I| [load_self]:  Loading symbols for SELF: app0:sce_module/libult.suprx
[02:34:56.976] |D| [load_var_exports]:  	NID 0x6C2224BA (NID_MODULE_INFO) at 0x797F0
[02:34:56.976] |I| [load_app_impl]:  Pre-load module SceUlt (at "sce_module/libult.suprx") loaded
[02:34:57.164] |I| [load_self]:  Loading symbols for SELF: app0:eboot.bin
[02:34:57.164] |D| [load_var_exports]:  	NID 0x6C2224BA (NID_MODULE_INFO) at 0x81567D64
[02:34:57.165] |D| [load_var_exports]:  	NID 0x70FBA1E7 (SCE_PROC_PARAMS) at 0x816AA638
[02:34:57.165] |I| [load_app_impl]:  Main executable sh_psp2_final (eboot.bin) loaded
[02:34:57.176] |D| [run_app]:  Running module_start of library: SceLibc
[02:34:57.185] |I| [export_sceIoOpen]:  Opening file: tty0:
[02:34:57.185] |T| [open_file]:  sceIoOpen: Opening file tty0: (tty0:)
[02:34:57.186] |I| [export_sceIoOpen]:  Opening file: tty0:
[02:34:57.186] |T| [open_file]:  sceIoOpen: Opening file tty0: (tty0:)
[02:34:57.186] |I| [export_sceIoOpen]:  Opening file: tty1:
[02:34:57.186] |T| [open_file]:  sceIoOpen: Opening file tty1: (tty1:)
[02:34:57.195] |I| [run_app]:  Module SceLibc (at "app0:sce_module/libc.suprx") module_start returned 0x0
[02:34:57.197] |D| [run_app]:  Running module_start of library: SceLibFios2
[02:34:57.207] |I| [run_app]:  Module SceLibFios2 (at "app0:sce_module/libfios2.suprx") module_start returned 0x0
[02:34:57.208] |D| [run_app]:  Running module_start of library: SceUlt
[02:34:57.214] |I| [run_app]:  Module SceUlt (at "app0:sce_module/libult.suprx") module_start returned 0x0
[02:34:57.216] |T| [open_file]:  sceKernelLoadStartModule: Opening file app0:mai_moe/mai.suprx (ux0:/app/PCSE00011/mai_moe/mai.suprx)
[02:34:57.217] |T| [seek_file]:  sceKernelLoadStartModule: Seeking file: fd: 0x3 at offset: 0x0, whence: SCE_SEEK_END
[02:34:57.218] |T| [seek_file]:  sceKernelLoadStartModule: Seeking file: fd: 0x3 at offset: 0x0, whence: SCE_SEEK_SET
[02:34:57.219] |T| [read_file]:  sceKernelLoadStartModule: Reading file: fd: 0x3, size: 87866
[02:34:57.220] |I| [load_self]:  Loading symbols for SELF: app0:mai_moe/mai.suprx
[02:34:57.220] |D| [load_var_exports]:  	NID 0x6C2224BA (NID_MODULE_INFO) at 0x1C27E4
[02:34:57.221] |D| [load_var_exports]:  	NID 0x70FBA1E7 (SCE_PROC_PARAMS) at 0x1C2840
[02:34:57.222] |T| [close_file]:  sceKernelLoadStartModule: Closing file: fd: 0x3
[02:34:57.232] |T| [stat_file]:  sceIoGetstat: Statting file app0:mai_moe/load_type.mai (ux0:/app/PCSE00011/mai_moe/load_type.mai)
[02:34:57.232] |I| [export_sceIoOpen]:  Opening file: app0:mai_moe/load_type.mai
[02:34:57.233] |T| [open_file]:  sceIoOpen: Opening file app0:mai_moe/load_type.mai (ux0:/app/PCSE00011/mai_moe/load_type.mai)
[02:34:57.234] |T| [stat_file]:  sceIoGetstat: Statting file app0:mai_moe/load_type.mai (ux0:/app/PCSE00011/mai_moe/load_type.mai)
[02:34:57.234] |T| [seek_file]:  sceIoLseek: Seeking file: fd: 0x4 at offset: 0x0, whence: SCE_SEEK_SET
[02:34:57.235] |T| [read_file]:  sceIoRead: Reading file: fd: 0x4, size: 1
[02:34:57.235] |T| [close_file]:  sceIoClose: Closing file: fd: 0x4
[02:34:57.240] |I| [export_sceKernelLoadStartModule]:  Module SceLibFios2 (at "app0:sce_module/libfios2.suprx") module_start returned 0x0
[02:34:57.242] |T| [open_file]:  sceKernelLoadStartModule: Opening file app0:sce_module/libfios2_m.suprx (ux0:/app/PCSE00011/sce_module/libfios2_m.suprx)
[02:34:57.243] |T| [seek_file]:  sceKernelLoadStartModule: Seeking file: fd: 0x5 at offset: 0x0, whence: SCE_SEEK_END
[02:34:57.243] |T| [seek_file]:  sceKernelLoadStartModule: Seeking file: fd: 0x5 at offset: 0x0, whence: SCE_SEEK_SET
[02:34:57.244] |T| [read_file]:  sceKernelLoadStartModule: Reading file: fd: 0x5, size: 219056
[02:34:57.244] |I| [load_self]:  Loading symbols for SELF: app0:sce_module/libfios2_m.suprx
[02:34:57.245] |D| [load_var_exports]:  	NID 0x6C2224BA (NID_MODULE_INFO) at 0x2606CC
[02:34:57.245] |T| [close_file]:  sceKernelLoadStartModule: Closing file: fd: 0x5
[02:34:57.256] |I| [export_sceKernelLoadStartModule]:  Module mceLibFios2 (at "app0:sce_module/libfios2_m.suprx") module_start returned 0x0
[02:34:57.258] |T| [open_dir]:  sceIoDopen: Opening dir ux0:plugins (ux0:plugins)
[02:34:57.259] |T| [read_dir]:  sceIoDread: Reading dir fd: 0x6
[02:34:57.260] |T| [read_dir]:  sceIoDread: Reading dir fd: 0x6
[02:34:57.260] |T| [read_dir]:  sceIoDread: Reading dir fd: 0x6
[02:34:57.261] |T| [close_dir]:  sceIoDclose: Closing dir fd: 0x6
[02:34:57.332] |I| [export_sceKernelLoadStartModule]:  Module output/testprx.elf (at "app0:mai_moe/mai.suprx") module_start returned 0x0
[02:35:01.271] |W| [unimplemented_impl]:  Unimplemented sceKernelLockLwMutexCB import called.
[02:35:01.311] |W| [unimplemented_impl]:  Unimplemented sceAppUtilInit import called.
[02:35:01.344] |E| [call_import]:  Import function for NID 0x1414F0B not found (thread ID: 4)
[02:35:01.345] |W| [unimplemented_impl]:  Unimplemented sceCommonDialogSetConfigParam import called.
[02:35:01.373] |W| [unimplemented_impl]:  Unimplemented sceNetCtlInit import called.
[02:35:01.380] |W| [unimplemented_impl]:  Unimplemented sceSslInit import called.
[02:35:01.381] |W| [unimplemented_impl]:  Unimplemented sceHttpInit import called.
[02:35:01.381] |W| [unimplemented_impl]:  Unimplemented sceNpInit import called.
[02:35:01.381] |W| [unimplemented_impl]:  Unimplemented sceNpBasicInit import called.
[02:35:01.382] |W| [unimplemented_impl]:  Unimplemented sceVoiceQoSInit import called.
[02:35:01.382] |W| [unimplemented_impl]:  Unimplemented sceNpRegisterServiceStateCallback import called.
[02:35:01.383] |W| [unimplemented_impl]:  Unimplemented sceNetCtlAdhocRegisterCallback import called.
[02:35:01.384] |W| [unimplemented_impl]:  Unimplemented sceNpBasicRegisterHandler import called.
[02:35:01.390] |W| [unimplemented_impl]:  Unimplemented sceKernelDelayThreadCB import called.
[02:35:01.391] |W| [unimplemented_impl]:  Unimplemented sceTouchGetPanelInfo import called.
[02:35:01.392] |W| [unimplemented_impl]:  Unimplemented sceTouchSetSamplingState import called.
[02:35:01.395] |T| [stat_file]:  sceIoGetstat: Statting file app0:skipmip.yes (ux0:/app/PCSE00011/skipmip.yes)
[02:35:01.395] |W| [io_error_impl]:  stat_file (sceIoGetstat) returned 0xFFFFFFFF
[02:35:01.396] |T| [stat_file]:  sceIoGetstat: Statting file app0:staging.yes (ux0:/app/PCSE00011/staging.yes)
[02:35:01.396] |W| [io_error_impl]:  stat_file (sceIoGetstat) returned 0xFFFFFFFF
[02:35:01.399] |T| [stat_file]:  sceIoGetstat: Statting file app0:TEST.POD (ux0:/app/PCSE00011/TEST.POD)
[02:35:01.399] |W| [io_error_impl]:  stat_file (sceIoGetstat) returned 0xFFFFFFFF
[02:35:01.401] |T| [stat_file]:  sceIoGetstat: Statting file app0:PP2PKGEN.POD (ux0:/app/PCSE00011/PP2PKGEN.POD)
[02:35:01.402] |W| [io_error_impl]:  stat_file (sceIoGetstat) returned 0xFFFFFFFF
[02:35:01.402] |T| [stat_file]:  sceIoGetstat: Statting file app0:PP2PKGEN.POD (ux0:/app/PCSE00011/PP2PKGEN.POD)
[02:35:01.402] |W| [io_error_impl]:  stat_file (sceIoGetstat) returned 0xFFFFFFFF
[02:35:01.403] |T| [stat_file]:  sceIoGetstat: Statting file app0:PP2PKG.POD (ux0:/app/PCSE00011/PP2PKG.POD)
[02:35:01.403] |W| [io_error_impl]:  stat_file (sceIoGetstat) returned 0xFFFFFFFF
[02:35:01.404] |T| [stat_file]:  sceIoGetstat: Statting file app0:PP2ENSND.POD (ux0:/app/PCSE00011/PP2ENSND.POD)
[02:35:01.405] |T| [stat_file]:  sceIoGetstat: Statting file app0:PP2ENSND.POD (ux0:/app/PCSE00011/PP2ENSND.POD)
[02:35:01.406] |I| [export_sceIoOpen]:  Opening file: app0:PP2ENSND.POD
[02:35:01.406] |T| [open_file]:  sceIoOpen: Opening file app0:PP2ENSND.POD (ux0:/app/PCSE00011/PP2ENSND.POD)
[02:35:01.407] |T| [seek_file]:  sceIoPread: Seeking file: fd: 0x7 at offset: 0x0, whence: SCE_SEEK_SET
[02:35:01.407] |T| [read_file]:  sceIoPread: Reading file: fd: 0x7, size: 65536
[02:35:01.408] |T| [seek_file]:  sceIoPread: Seeking file: fd: 0x7 at offset: 0x1FE0000, whence: SCE_SEEK_SET
[02:35:01.409] |T| [read_file]:  sceIoPread: Reading file: fd: 0x7, size: 65536
[02:35:01.411] |T| [seek_file]:  sceIoPread: Seeking file: fd: 0x7 at offset: 0x1FF0000, whence: SCE_SEEK_SET
[02:35:01.412] |T| [read_file]:  sceIoPread: Reading file: fd: 0x7, size: 10329
[02:35:01.412] |T| [close_file]:  sceIoClose: Closing file: fd: 0x7
[02:35:01.416] |T| [stat_file]:  sceIoGetstat: Statting file app0:PP2ENSND.POD (ux0:/app/PCSE00011/PP2ENSND.POD)
[02:35:01.417] |T| [stat_file]:  sceIoGetstat: Statting file app0:PP2ENSND_VO.POD (ux0:/app/PCSE00011/PP2ENSND_VO.POD)
[02:35:01.418] |T| [stat_file]:  sceIoGetstat: Statting file app0:PP2ENSND_VO.POD (ux0:/app/PCSE00011/PP2ENSND_VO.POD)
[02:35:01.418] |I| [export_sceIoOpen]:  Opening file: app0:PP2ENSND_VO.POD
[02:35:01.418] |T| [open_file]:  sceIoOpen: Opening file app0:PP2ENSND_VO.POD (ux0:/app/PCSE00011/PP2ENSND_VO.POD)
[02:35:01.419] |T| [seek_file]:  sceIoPread: Seeking file: fd: 0x8 at offset: 0x0, whence: SCE_SEEK_SET
[02:35:01.419] |T| [read_file]:  sceIoPread: Reading file: fd: 0x8, size: 65536
[02:35:01.420] |T| [seek_file]:  sceIoPread: Seeking file: fd: 0x8 at offset: 0x31B0000, whence: SCE_SEEK_SET
[02:35:01.421] |T| [read_file]:  sceIoPread: Reading file: fd: 0x8, size: 65536
[02:35:01.424] |T| [seek_file]:  sceIoPread: Seeking file: fd: 0x8 at offset: 0x31C0000, whence: SCE_SEEK_SET
[02:35:01.425] |T| [read_file]:  sceIoPread: Reading file: fd: 0x8, size: 65536
[02:35:01.429] |T| [seek_file]:  sceIoPread: Seeking file: fd: 0x8 at offset: 0x31D0000, whence: SCE_SEEK_SET
[02:35:01.431] |T| [read_file]:  sceIoPread: Reading file: fd: 0x8, size: 22079
[02:35:01.431] |T| [close_file]:  sceIoClose: Closing file: fd: 0x8
[02:35:01.441] |T| [stat_file]:  sceIoGetstat: Statting file app0:PP2ENSND_VO.POD (ux0:/app/PCSE00011/PP2ENSND_VO.POD)
[02:35:01.442] |T| [stat_file]:  sceIoGetstat: Statting file app0:PP2MUSND.POD (ux0:/app/PCSE00011/PP2MUSND.POD)
[02:35:01.442] |W| [io_error_impl]:  stat_file (sceIoGetstat) returned 0xFFFFFFFF
[02:35:01.443] |T| [stat_file]:  sceIoGetstat: Statting file app0:PP2SET.POD (ux0:/app/PCSE00011/PP2SET.POD)
[02:35:01.443] |T| [stat_file]:  sceIoGetstat: Statting file app0:PP2SET.POD (ux0:/app/PCSE00011/PP2SET.POD)
[02:35:01.443] |I| [export_sceIoOpen]:  Opening file: app0:PP2SET.POD
[02:35:01.444] |T| [open_file]:  sceIoOpen: Opening file app0:PP2SET.POD (ux0:/app/PCSE00011/PP2SET.POD)
[02:35:01.444] |T| [seek_file]:  sceIoPread: Seeking file: fd: 0x9 at offset: 0x0, whence: SCE_SEEK_SET
[02:35:01.444] |T| [read_file]:  sceIoPread: Reading file: fd: 0x9, size: 65536
[02:35:01.445] |T| [close_file]:  sceIoClose: Closing file: fd: 0x9
[02:35:01.445] |W| [unimplemented_impl]:  Unimplemented sceKernelExitDeleteThread import called.
