[01:51:03.789] |I| [config::init_config]: backend-renderer: OpenGL
[01:51:03.791] |I| [config::init_config]: lle-modules: libsas,libatrac,libsystemgesture,libSceJson,libssl,libhttp
[01:51:03.792] |I| [config::init_config]: log-level: 0
[01:51:03.793] |I| [SDL_main]: Vita3K v0.1 1333-47bc370b
[01:51:04.916] |I| [renderer::gl::create]: Swap interval = -1
[01:51:04.926] |I| [renderer::gl::create]: GPU = GeForce RTX 2070 SUPER/PCIe/SSE2
[01:51:04.926] |I| [renderer::gl::create]: GL_VERSION = 4.5.0 NVIDIA 441.87
[01:51:04.927] |I| [renderer::gl::create]: GL_SHADING_LANGUAGE_VERSION = 4.50 NVIDIA
[01:51:04.931] |I| [renderer::gl::create]: Your GPU only supports texture barrier, performance may not be good on programmable blending games.
[01:51:04.931] |W| [renderer::gl::create]: Shader interlock on GeForce RTX GPU driver is disabled due to a bug in the driver pending to be fixed.
[01:51:05.067] |I| [gui::init_icons]: Default icon found for title AVCDEC001, AVCDEC001.
[01:51:05.080] |I| [gui::init_icons]: Default icon found for title GXMFUN001, GXMFUN001.
[01:51:05.088] |I| [gui::init_icons]: Default icon found for title MP4PLAYER, Mp4 Pl.
[01:51:05.528] |I| [gui::init_icons]: Default icon found for title SKGCBSMGR, Custom Boot Splash Manager.
[01:51:05.529] |I| [gui::init_icons]: Default icon found for title SKGTLSE12, iTLS-Enso.
[01:51:05.529] |I| [gui::init_icons]: Default icon found for title SKOG00001, Snes9xVITA.
[01:51:05.534] |I| [gui::init_icons]: Default icon found for title VCID00001, VitaCID.
[01:51:05.536] |I| [gui::init_icons]: Default icon found for title VITATESTR, VitaTester.
[01:51:05.536] |I| [gui::init_icons]: Default icon found for title VSDK00009, Microphone Sample.
[01:51:10.528] |I| [load_app_impl]: Title: Sly 1 & 2
[01:51:10.528] |I| [load_app_impl]: Serial: PCSF00338
[01:51:10.529] |I| [load_app_impl]: Version: 01.00
[01:51:10.529] |I| [load_app_impl]: Category: gd
[01:51:10.606] |C| [load_self]: Unknown segment type 0x6FFFFF01
[01:51:10.606] |I| [load_self]: Loaded module segment 0 @ [0x00001000 - 0x0004B4B0] (size: 0x0004A4B0) of module app0:sce_module/libc.suprx
[01:51:10.606] |I| [load_self]: Loaded module segment 1 @ [0x0004C000 - 0x0004E6F4] (size: 0x000026F4) of module app0:sce_module/libc.suprx
[01:51:10.607] |I| [load_self]: Loading symbols for SELF: app0:sce_module/libc.suprx
[01:51:10.608] |D| [load_var_exports]: 	NID 0x6C2224BA (NID_MODULE_INFO) at 0x37F30
[01:51:10.608] |W| [load_var_imports]: 	NID NOT FOUND 0x93B8AA67 (__stack_chk_guard) at 0x3BDF0, setting to stub value 0xDEADBEEF
[01:51:10.610] |W| [load_var_imports]: 	NID NOT FOUND 0xDF084DFA (UNRECOGNISED) at 0x3D4A4, setting to stub value 0xDEADBEEF
[01:51:10.611] |I| [load_app_impl]: Pre-load module SceLibc (at "sce_module/libc.suprx") loaded
[01:51:10.618] |C| [load_self]: Unknown segment type 0x6FFFFF01
[01:51:10.618] |I| [load_self]: Loaded module segment 0 @ [0x00051000 - 0x0007522C] (size: 0x0002422C) of module app0:sce_module/libfios2.suprx
[01:51:10.620] |I| [load_self]: Loaded module segment 1 @ [0x00076000 - 0x0007B1A4] (size: 0x000051A4) of module app0:sce_module/libfios2.suprx
[01:51:10.622] |I| [load_self]: Loading symbols for SELF: app0:sce_module/libfios2.suprx
[01:51:10.623] |D| [load_var_exports]: 	NID 0x6C2224BA (NID_MODULE_INFO) at 0x6DB70
[01:51:10.624] |I| [load_app_impl]: Pre-load module SceLibFios2 (at "sce_module/libfios2.suprx") loaded
[01:51:10.637] |C| [load_self]: Unknown segment type 0x6FFFFF01
[01:51:10.637] |I| [load_self]: Loaded module segment 0 @ [0x0007C000 - 0x00090144] (size: 0x00014144) of module app0:sce_module/libult.suprx
[01:51:10.639] |I| [load_self]: Loaded module segment 1 @ [0x00091000 - 0x00091814] (size: 0x00000814) of module app0:sce_module/libult.suprx
[01:51:10.641] |I| [load_self]: Loading symbols for SELF: app0:sce_module/libult.suprx
[01:51:10.642] |D| [load_var_exports]: 	NID 0x6C2224BA (NID_MODULE_INFO) at 0x8C1CC
[01:51:10.643] |W| [load_var_imports]: 	NID NOT FOUND 0x936A5F31 (_pLibPerfCaptureFlagPtr) at 0x8CA00, setting to stub value 0xDEADBEEF
[01:51:10.646] |I| [load_app_impl]: Pre-load module SceUlt (at "sce_module/libult.suprx") loaded
[01:51:10.667] |C| [load_self]: Unknown segment type 0x6FFFFF01
[01:51:10.667] |I| [load_self]: Loaded module segment 0 @ [0x81000000 - 0x8108351C] (size: 0x0008351C) of module app0:eboot.bin
[01:51:10.668] |I| [load_self]: Loaded module segment 1 @ [0x81084000 - 0x81144FB0] (size: 0x000C0FB0) of module app0:eboot.bin
[01:51:10.671] |I| [load_self]: Loading symbols for SELF: app0:eboot.bin
[01:51:10.672] |D| [load_var_exports]: 	NID 0x6C2224BA (NID_MODULE_INFO) at 0x810676D4
[01:51:10.673] |D| [load_var_exports]: 	NID 0x70FBA1E7 (SCE_PROC_PARAMS) at 0x81087184
[01:51:10.674] |I| [load_app_impl]: Main executable Launcher_PSP2_Disk_Ship (eboot.bin) loaded
[01:51:10.679] |D| [run_app]: Running module_start of library: SceLibc at address 0x17F1
[01:51:10.791] |T| [open_file]: sceKernelGetStdin: Opening terminal tty0:
[01:51:10.792] |T| [open_file]: sceKernelGetStdout: Opening terminal tty0:
[01:51:10.793] |T| [open_file]: sceKernelGetStderr: Opening terminal tty0:
[01:51:10.797] |I| [run_app]: Module SceLibc (at "app0:sce_module/libc.suprx") module_start returned 0x0
[01:51:10.798] |D| [run_app]: Running module_start of library: SceLibFios2 at address 0x51001
[01:51:10.802] |W| [stubbed_impl]: Stubbed sceKernelGetProcessId import called. (pid: 0)
[01:51:10.802] |W| [unimplemented_impl]: Unimplemented sceFiosOverlayGetList02 import called.
[01:51:10.803] |I| [run_app]: Module SceLibFios2 (at "app0:sce_module/libfios2.suprx") module_start returned 0x0
[01:51:10.804] |D| [run_app]: Running module_start of library: SceUlt at address 0x7F84D
[01:51:10.808] |W| [unimplemented_impl]: Unimplemented _sceUlobjMgrRegisterLibultProtocolRevision import called.
[01:51:10.808] |I| [run_app]: Module SceUlt (at "app0:sce_module/libult.suprx") module_start returned 0x0
[01:51:10.818] |W| [unimplemented_impl]: Unimplemented sceAppUtilInit import called.
[01:51:10.819] |T| [write_file]: *** TTY: 
[01:51:10.819] |T| [write_file]: *** TTY: 
[01:51:10.820] |T| [write_file]: *** TTY: 
[01:51:10.820] |T| [write_file]: *** TTY: 
[01:51:10.822] |T| [write_file]: *** TTY: ===============================================================================
[01:51:10.825] |T| [write_file]: *** TTY: Versions:SNC:200  SDK:2000081
[01:51:10.825] |T| [write_file]: *** TTY:   elf: 0x81000000-0x81144fac ( 1299k)
[01:51:10.826] |T| [write_file]: *** TTY: ===============================================================================
[01:51:10.831] |T| [write_file]: *** TTY:   totalUserMemory:       159Mb
[01:51:10.831] |T| [write_file]: *** TTY:   available_user_memory: 159Mb
[01:51:10.845] |W| [unimplemented_impl]: Unimplemented sceKernelChangeThreadVfpException import called.
[01:51:10.845] |W| [unimplemented_impl]: Unimplemented sceFiosOverlayThreadSetDisabled02 import called.
[01:51:10.860] |W| [unimplemented_impl]: Unimplemented sceMotionReset import called.
[01:51:10.860] |W| [unimplemented_impl]: Unimplemented sceMotionStartSampling import called.
[01:51:10.868] |W| [unimplemented_impl]: Unimplemented sceFiosOverlayGetRecommendedScheduler02 import called.
[01:51:10.870] |I| [export_sceIoOpen]: Opening file: app0:/System.psarc
[01:51:10.871] |T| [open_file]: sceIoOpen: Opening file app0:/System.psarc (ux0:/app/PCSF00338/System.psarc), fd: 0x3
[01:51:10.872] |T| [stat_file]: sceIoGetstat: Statting file: app0:/System.psarc (ux0:/app/PCSF00338/System.psarc)
[01:51:10.878] |I| [export_sceIoOpen]: Opening file: app0:/System.psarc
[01:51:10.879] |T| [open_file]: sceIoOpen: Opening file app0:/System.psarc (ux0:/app/PCSF00338/System.psarc), fd: 0x4
[01:51:10.880] |T| [stat_file]: sceIoGetstat: Statting file: app0:/System.psarc (ux0:/app/PCSF00338/System.psarc)
[01:51:10.881] |T| [seek_file]: sceIoPread: Seeking fd: 0x4, offset: 0x0, whence: SCE_SEEK_SET
[01:51:10.902] |T| [read_file]: sceIoPread: Reading 48 bytes of fd 0x4
[01:51:10.902] |T| [seek_file]: sceIoPread: Seeking fd: 0x4, offset: 0x0, whence: SCE_SEEK_SET
[01:51:10.906] |T| [seek_file]: sceIoPread: Seeking fd: 0x4, offset: 0x20, whence: SCE_SEEK_SET
[01:51:10.906] |T| [read_file]: sceIoPread: Reading 30 bytes of fd 0x4
[01:51:10.907] |T| [seek_file]: sceIoPread: Seeking fd: 0x4, offset: 0x0, whence: SCE_SEEK_SET
[01:51:10.908] |T| [close_file]: sceIoClose: Closing file fd: 0x4
[01:51:10.911] |I| [export_sceIoOpen]: Opening file: app0:/System.psarc
[01:51:10.911] |T| [open_file]: sceIoOpen: Opening file app0:/System.psarc (ux0:/app/PCSF00338/System.psarc), fd: 0x5
[01:51:10.912] |T| [stat_file]: sceIoGetstat: Statting file: app0:/System.psarc (ux0:/app/PCSF00338/System.psarc)
[01:51:10.913] |T| [stat_file]: sceIoGetstatByFd: Statting fd: 0x5
[01:51:10.914] |T| [seek_file]: sceIoPread: Seeking fd: 0x5, offset: 0x0, whence: SCE_SEEK_SET
[01:51:10.914] |T| [read_file]: sceIoPread: Reading 48 bytes of fd 0x5
[01:51:10.915] |T| [seek_file]: sceIoPread: Seeking fd: 0x5, offset: 0x0, whence: SCE_SEEK_SET
[01:51:10.916] |T| [seek_file]: sceIoPread: Seeking fd: 0x5, offset: 0x20, whence: SCE_SEEK_SET
[01:51:10.917] |T| [read_file]: sceIoPread: Reading 2676 bytes of fd 0x5
[01:51:10.918] |T| [seek_file]: sceIoPread: Seeking fd: 0x5, offset: 0x0, whence: SCE_SEEK_SET
[01:51:10.927] |T| [seek_file]: sceIoPread: Seeking fd: 0x5, offset: 0xA00, whence: SCE_SEEK_SET
[01:51:10.927] |T| [read_file]: sceIoPread: Reading 512 bytes of fd 0x5
[01:51:10.930] |T| [seek_file]: sceIoPread: Seeking fd: 0x5, offset: 0x0, whence: SCE_SEEK_SET
[01:51:11.107] |W| [stubbed_impl]: Stubbed sceGxmGetRenderTargetMemSizes import called. (2MB host mem)
[01:51:11.145] |E| [init_texture_base]: Initialized texture with unsupported texture format: 0x15000000
[01:51:11.145] |W| [unimplemented_impl]: Unimplemented sceGxmTextureInitLinearStrided import called.
[01:51:11.149] |T| [write_file]: *** TTY: Opening:System\Shaders.Zip
[01:51:11.157] |T| [seek_file]: sceIoPread: Seeking fd: 0x5, offset: 0x1A9C00, whence: SCE_SEEK_SET
[01:51:11.187] |T| [read_file]: sceIoPread: Reading 12261 bytes of fd 0x5
[01:51:11.187] |T| [seek_file]: sceIoPread: Seeking fd: 0x5, offset: 0x0, whence: SCE_SEEK_SET
[01:51:11.191] |T| [seek_file]: sceIoPread: Seeking fd: 0x5, offset: 0x1A9C00, whence: SCE_SEEK_SET
[01:51:11.191] |T| [read_file]: sceIoPread: Reading 12261 bytes of fd 0x5
[01:51:11.192] |T| [seek_file]: sceIoPread: Seeking fd: 0x5, offset: 0x0, whence: SCE_SEEK_SET
[01:51:11.214] |T| [write_file]: *** TTY: Opening:System\Shaders\Debug_V.vpo
[01:51:11.216] |T| [seek_file]: sceIoPread: Seeking fd: 0x5, offset: 0x1A0000, whence: SCE_SEEK_SET
[01:51:11.220] |T| [read_file]: sceIoPread: Reading 40448 bytes of fd 0x5
[01:51:11.220] |T| [seek_file]: sceIoPread: Seeking fd: 0x5, offset: 0x0, whence: SCE_SEEK_SET
[01:51:11.221] |T| [seek_file]: sceIoPread: Seeking fd: 0x5, offset: 0x1A9C00, whence: SCE_SEEK_SET
[01:51:11.222] |T| [read_file]: sceIoPread: Reading 12261 bytes of fd 0x5
[01:51:11.222] |T| [seek_file]: sceIoPread: Seeking fd: 0x5, offset: 0x0, whence: SCE_SEEK_SET
[01:51:11.229] |T| [write_file]: *** TTY: Opening:System\Shaders\Debug.fpo
[01:51:11.230] |T| [seek_file]: sceIoPread: Seeking fd: 0x5, offset: 0x1A0000, whence: SCE_SEEK_SET
[01:51:11.231] |T| [read_file]: sceIoPread: Reading 40448 bytes of fd 0x5
[01:51:11.231] |T| [seek_file]: sceIoPread: Seeking fd: 0x5, offset: 0x0, whence: SCE_SEEK_SET
[01:51:11.232] |T| [seek_file]: sceIoPread: Seeking fd: 0x5, offset: 0x1A9C00, whence: SCE_SEEK_SET
[01:51:11.233] |T| [read_file]: sceIoPread: Reading 12261 bytes of fd 0x5
[01:51:11.234] |T| [seek_file]: sceIoPread: Seeking fd: 0x5, offset: 0x0, whence: SCE_SEEK_SET
[01:51:11.237] |T| [write_file]: *** TTY: Opening:System\Shaders\Debug_SK_V.vpo
[01:51:11.240] |T| [write_file]: *** TTY: Opening:System\Shaders\PrimTxr_V.vpo
[01:51:11.241] |T| [write_file]: *** TTY: Opening:System\Shaders\PrimTxr.fpo
[01:51:11.243] |T| [write_file]: *** TTY: Opening:System\Shaders\PrimNoTxr_V.vpo
[01:51:11.244] |T| [write_file]: *** TTY: Opening:System\Shaders\PrimNoTxr.fpo
[01:51:11.247] |T| [write_file]: *** TTY: Opening:System\Shaders\PrimPs2TxrClut1Pass_V.vpo
[01:51:11.248] |T| [write_file]: *** TTY: Opening:System\Shaders\PrimPs2TxrClut1Pass.fpo
[01:51:11.249] |T| [write_file]: *** TTY: Opening:System\Shaders\PrimPs2Txr1Pass_V.vpo
[01:51:11.250] |T| [write_file]: *** TTY: Opening:System\Shaders\PrimPs2Txr1Pass.fpo
[01:51:11.251] |T| [write_file]: *** TTY: Opening:System\Shaders\PrimPs2Txr2Pass_V.vpo
[01:51:11.252] |T| [write_file]: *** TTY: Opening:System\Shaders\PrimPs2Txr2Pass.fpo
[01:51:11.253] |T| [write_file]: *** TTY: Opening:System\Shaders\PrimPs2Particle_V.vpo
[01:51:11.253] |T| [write_file]: *** TTY: Opening:System\Shaders\PrimPs2Particle.fpo
[01:51:11.254] |T| [write_file]: *** TTY: Opening:System\Shaders\PrimPs2Particle_L.fpo
[01:51:11.255] |T| [write_file]: *** TTY: Opening:System\Shaders\PrimPs2Particle_G.fpo
[01:51:11.256] |T| [write_file]: *** TTY: Opening:System\Shaders\PrimPs2Particle_GE.fpo
[01:51:11.259] |T| [write_file]: *** TTY: Opening:System\Shaders\PrimPs2Particle_NE.fpo
[01:51:11.260] |T| [write_file]: *** TTY: Opening:System\Shaders\PrimPs2Brz_V.vpo
[01:51:11.261] |T| [write_file]: *** TTY: Opening:System\Shaders\PrimPs2Brz.fpo
[01:51:11.262] |T| [write_file]: *** TTY: Opening:System\Shaders\PrimPs2Brz_L.fpo
[01:51:11.263] |T| [write_file]: *** TTY: Opening:System\Shaders\PrimPs2Brz_G.fpo
[01:51:11.264] |T| [write_file]: *** TTY: Opening:System\Shaders\PrimPs2Brz_GE.fpo
[01:51:11.265] |T| [write_file]: *** TTY: Opening:System\Shaders\PrimPs2Brz_NE.fpo
[01:51:11.266] |T| [write_file]: *** TTY: Opening:System\Shaders\PrimPs2Mesh_V.vpo
[01:51:11.268] |T| [write_file]: *** TTY: Opening:System\Shaders\PrimPs2Mesh.fpo
[01:51:11.269] |T| [write_file]: *** TTY: Opening:System\Shaders\PrimPs2Mesh_L.fpo
[01:51:11.270] |T| [write_file]: *** TTY: Opening:System\Shaders\PrimPs2Mesh_G.fpo
[01:51:11.271] |T| [write_file]: *** TTY: Opening:System\Shaders\PrimPs2Mesh_GE.fpo
[01:51:11.274] |T| [write_file]: *** TTY: Opening:System\Shaders\PrimPs2Mesh_NE.fpo
[01:51:11.275] |T| [write_file]: *** TTY: Opening:System\Shaders\PrimPs2MeshVBO_V.vpo
[01:51:11.276] |T| [write_file]: *** TTY: Opening:System\Shaders\PrimPs2MeshVBO.fpo
[01:51:11.277] |T| [write_file]: *** TTY: Opening:System\Shaders\PrimPs2MeshVBO_L.fpo
[01:51:11.278] |T| [write_file]: *** TTY: Opening:System\Shaders\PrimPs2MeshVBO_G.fpo
[01:51:11.281] |T| [write_file]: *** TTY: Opening:System\Shaders\PrimPs2MeshVBO_GE.fpo
[01:51:11.284] |T| [write_file]: *** TTY: Opening:System\Shaders\PrimPs2MeshVBO_NE.fpo
[01:51:11.289] |T| [write_file]: *** TTY: Opening:System\Shaders\PrimPs2MeshVBO_2_V.vpo
[01:51:11.291] |T| [write_file]: *** TTY: Opening:System\Shaders\PrimPs2MeshVBO_2.fpo
[01:51:11.294] |T| [write_file]: *** TTY: Opening:System\Shaders\PrimPs2MeshVBO_2_L.fpo
[01:51:11.297] |T| [write_file]: *** TTY: Opening:System\Shaders\PrimPs2MeshVBO_2_G.fpo
[01:51:11.300] |T| [write_file]: *** TTY: Opening:System\Shaders\PrimPs2MeshVBO_2_GE.fpo
[01:51:11.304] |T| [write_file]: *** TTY: Opening:System\Shaders\PrimPs2MeshVBO_2_NE.fpo
[01:51:11.307] |T| [write_file]: *** TTY: Opening:System\Shaders\PrimPs2Cell_V.vpo
[01:51:11.309] |T| [write_file]: *** TTY: Opening:System\Shaders\PrimPs2Cell.fpo
[01:51:11.312] |T| [write_file]: *** TTY: Opening:System\Shaders\PrimPs2Cell_L.fpo
[01:51:11.317] |T| [write_file]: *** TTY: Opening:System\Shaders\PrimPs2Cell_G.fpo
[01:51:11.323] |T| [write_file]: *** TTY: Opening:System\Shaders\PrimPs2Cell_GE.fpo
[01:51:11.326] |T| [write_file]: *** TTY: Opening:System\Shaders\PrimPs2Cell_NE.fpo
[01:51:11.330] |T| [write_file]: *** TTY: Opening:System\Shaders\PrimPs2ShadowVolume_V.vpo
[01:51:11.334] |T| [write_file]: *** TTY: Opening:System\Shaders\PrimPs2ShadowVolume.fpo
[01:51:11.337] |T| [write_file]: *** TTY: Opening:System\Shaders\PrimPs2ShadowQuad_V.vpo
[01:51:11.339] |T| [write_file]: *** TTY: Opening:System\Shaders\PrimPs2ShadowQuad.fpo
[01:51:11.342] |T| [write_file]: *** TTY: Opening:System\Shaders\PrimPs2FastMesh_V.vpo
[01:51:11.344] |T| [write_file]: *** TTY: Opening:System\Shaders\PrimPs2FastMesh.fpo
[01:51:11.348] |T| [write_file]: *** TTY: Opening:System\Shaders\PrimPs2FastMesh_L.fpo
[01:51:11.352] |T| [write_file]: *** TTY: Opening:System\Shaders\PrimPs2FastMesh_G.fpo
[01:51:11.354] |T| [write_file]: *** TTY: Opening:System\Shaders\PrimPs2FastMesh_GE.fpo
[01:51:11.357] |T| [write_file]: *** TTY: Opening:System\Shaders\PrimPs2FastMesh_NE.fpo
[01:51:11.359] |T| [write_file]: *** TTY: Opening:System\Shaders\PrimPs2FastMesh_2_V.vpo
[01:51:11.363] |T| [write_file]: *** TTY: Opening:System\Shaders\PrimPs2FastMesh_2.fpo
[01:51:11.369] |T| [write_file]: *** TTY: Opening:System\Shaders\PrimPs2FastMesh_2_L.fpo
[01:51:11.371] |T| [write_file]: *** TTY: Opening:System\Shaders\PrimPs2FastMesh_2_G.fpo
[01:51:11.374] |T| [write_file]: *** TTY: Opening:System\Shaders\PrimPs2FastMesh_2_GE.fpo
[01:51:11.377] |T| [write_file]: *** TTY: Opening:System\Shaders\PrimPs2FastMesh_2_NE.fpo
[01:51:11.379] |T| [write_file]: *** TTY: Opening:System\Shaders\PrimPs2Volume_V.vpo
[01:51:11.384] |T| [write_file]: *** TTY: Opening:System\Shaders\PrimPs2Volume.fpo
[01:51:11.386] |T| [write_file]: *** TTY: Opening:System\Shaders\PrimPs2VolumeTxr_V.vpo
[01:51:11.389] |T| [write_file]: *** TTY: Opening:System\Shaders\PrimPs2VolumeTxr.fpo
[01:51:11.392] |T| [write_file]: *** TTY: Opening:System\Shaders\PrimPs2GuassianBlurH_V.vpo
[01:51:11.396] |T| [write_file]: *** TTY: Opening:System\Shaders\PrimPs2GuassianBlurH.fpo
[01:51:11.399] |T| [write_file]: *** TTY: Opening:System\Shaders\PrimPs2GuassianBlurV_V.vpo
[01:51:11.401] |T| [write_file]: *** TTY: Opening:System\Shaders\PrimPs2GuassianBlurV.fpo
[01:51:11.404] |T| [write_file]: *** TTY: Opening:System\Shaders\PostProc_Copy_V.vpo
[01:51:11.407] |T| [write_file]: *** TTY: Opening:System\Shaders\PostProc_Copy.fpo
[01:51:11.408] |T| [write_file]: *** TTY: Opening:System\Shaders\PostProc_DownSampleDepth_V.vpo
[01:51:11.412] |T| [write_file]: *** TTY: Opening:System\Shaders\PostProc_DownSampleDepth.fpo
[01:51:11.417] |T| [write_file]: *** TTY: Opening:System\Shaders\StencilShadow_V.vpo
[01:51:11.418] |T| [write_file]: *** TTY: Opening:System\Shaders\StencilShadow.fpo
[01:51:11.421] |T| [write_file]: *** TTY: Opening:System\Shaders\StencilShadow_DrawQuad_V.vpo
[01:51:11.424] |T| [write_file]: *** TTY: Opening:System\Shaders\StencilShadow_DrawQuad.fpo
[01:51:11.426] |W| [unimplemented_impl]: Unimplemented sceCommonDialogSetConfigParam import called.
[01:51:11.427] |W| [unimplemented_impl]: Unimplemented sceNgsVoiceDefGetScreamVoice import called.
[01:51:11.428] |W| [unimplemented_impl]: Unimplemented sceNgsVoiceDefGetScreamAtrac9Voice import called.
[01:51:11.433] |W| [stubbed_impl]: Stubbed sceNgsSystemGetRequiredMemorySize import called. (size = 1)
[01:51:11.433] |W| [unimplemented_impl]: Unimplemented sceNgsSystemInit import called.
[01:51:11.434] |T| [write_file]: *** TTY: # Audio out thread started
[01:51:11.434] |W| [unimplemented_impl]: Unimplemented sceNgsSystemSetFlags import called.
[01:51:11.435] |W| [unimplemented_impl]: Unimplemented sceAudioOutSetVolume import called.
[01:51:11.436] |W| [unimplemented_impl]: Unimplemented sceNgsVoiceDefGetCompressorBuss import called.
[01:51:11.438] |W| [stubbed_impl]: Stubbed sceNgsRackGetRequiredMemorySize import called. (size = 1)
[01:51:11.439] |W| [unimplemented_impl]: Unimplemented sceNgsRackInit import called.
[01:51:11.442] |W| [unimplemented_impl]: Unimplemented sceNgsRackGetVoiceHandle import called.
[01:51:11.443] |W| [unimplemented_impl]: Unimplemented sceNgsVoiceInit import called.
[01:51:11.444] |W| [unimplemented_impl]: Unimplemented sceNgsVoiceBypassModule import called.
[01:51:11.445] |W| [unimplemented_impl]: Unimplemented sceNgsVoiceDefGetMasterBuss import called.
[01:51:11.446] |W| [unimplemented_impl]: Unimplemented sceNgsVoiceDefGetReverbBuss import called.
[01:51:11.446] |W| [unimplemented_impl]: Unimplemented sceNgsPatchCreateRouting import called.
[01:51:11.447] |W| [stubbed_impl]: Stubbed sceNgsPatchGetInfo import called. (2 in/out channels)
[01:51:11.448] |W| [unimplemented_impl]: Unimplemented sceNgsVoicePatchSetVolumesMatrix import called.
[01:51:11.449] |W| [unimplemented_impl]: Unimplemented sceNgsVoicePlay import called.
[01:51:11.451] |W| [unimplemented_impl]: Unimplemented sceNgsVoiceSetFinishedCallback import called.
[01:51:11.453] |W| [unimplemented_impl]: Unimplemented sceNgsVoiceSetModuleCallback import called.
[01:51:11.455] |T| [write_file]: *** TTY: SCREAM Version 7.2.14 Built on Nov  1 2012 at 16:59:32
[01:51:11.457] |T| [write_file]: *** TTY: Opening:System\SFX_Common.bnk
[01:51:11.458] |T| [seek_file]: sceIoPread: Seeking fd: 0x5, offset: 0x191C00, whence: SCE_SEEK_SET
[01:51:11.459] |T| [read_file]: sceIoPread: Reading 33280 bytes of fd 0x5
[01:51:11.459] |T| [seek_file]: sceIoPread: Seeking fd: 0x5, offset: 0x0, whence: SCE_SEEK_SET
[01:51:11.460] |T| [seek_file]: sceIoPread: Seeking fd: 0x5, offset: 0x199C00, whence: SCE_SEEK_SET
[01:51:11.461] |T| [read_file]: sceIoPread: Reading 26112 bytes of fd 0x5
[01:51:11.463] |T| [seek_file]: sceIoPread: Seeking fd: 0x5, offset: 0x0, whence: SCE_SEEK_SET
[01:51:11.467] |W| [unimplemented_impl]: Unimplemented sceMotionGetState import called.
[01:51:11.469] |T| [write_file]: *** TTY: Opening:System\Screen_Bootup3D_EU.tga
[01:51:11.470] |T| [write_file]: *** TTY: Opening:System\Screen_Bootup3D_EU.tga
[01:51:11.473] |T| [seek_file]: sceIoPread: Seeking fd: 0x5, offset: 0xC9A00, whence: SCE_SEEK_SET
[01:51:11.474] |T| [read_file]: sceIoPread: Reading 512 bytes of fd 0x5
[01:51:11.474] |T| [seek_file]: sceIoPread: Seeking fd: 0x5, offset: 0x0, whence: SCE_SEEK_SET
[01:51:11.475] |T| [seek_file]: sceIoPread: Seeking fd: 0x5, offset: 0xC9A00, whence: SCE_SEEK_SET
[01:51:11.476] |T| [read_file]: sceIoPread: Reading 512 bytes of fd 0x5
[01:51:11.477] |T| [seek_file]: sceIoPread: Seeking fd: 0x5, offset: 0x0, whence: SCE_SEEK_SET
[01:51:11.478] |T| [seek_file]: sceIoPread: Seeking fd: 0x5, offset: 0xC9A00, whence: SCE_SEEK_SET
[01:51:11.479] |T| [read_file]: sceIoPread: Reading 512 bytes of fd 0x5
[01:51:11.480] |T| [seek_file]: sceIoPread: Seeking fd: 0x5, offset: 0x0, whence: SCE_SEEK_SET
[01:51:11.480] |T| [seek_file]: sceIoPread: Seeking fd: 0x5, offset: 0xC9A00, whence: SCE_SEEK_SET
[01:51:11.481] |T| [read_file]: sceIoPread: Reading 512 bytes of fd 0x5
[01:51:11.482] |T| [seek_file]: sceIoPread: Seeking fd: 0x5, offset: 0x0, whence: SCE_SEEK_SET
[01:51:11.484] |T| [seek_file]: sceIoPread: Seeking fd: 0x5, offset: 0xC9A00, whence: SCE_SEEK_SET
[01:51:11.485] |T| [read_file]: sceIoPread: Reading 1024 bytes of fd 0x5
[01:51:11.488] |T| [seek_file]: sceIoPread: Seeking fd: 0x5, offset: 0x0, whence: SCE_SEEK_SET
[01:51:11.489] |T| [seek_file]: sceIoPread: Seeking fd: 0x5, offset: 0xC9C00, whence: SCE_SEEK_SET
[01:51:11.489] |T| [read_file]: sceIoPread: Reading 2560 bytes of fd 0x5
[01:51:11.490] |T| [seek_file]: sceIoPread: Seeking fd: 0x5, offset: 0x0, whence: SCE_SEEK_SET
[01:51:11.491] |T| [seek_file]: sceIoPread: Seeking fd: 0x5, offset: 0xC9C00, whence: SCE_SEEK_SET
[01:51:11.492] |T| [read_file]: sceIoPread: Reading 512 bytes of fd 0x5
[01:51:11.492] |T| [seek_file]: sceIoPread: Seeking fd: 0x5, offset: 0x0, whence: SCE_SEEK_SET
[01:51:11.493] |T| [seek_file]: sceIoPread: Seeking fd: 0x5, offset: 0xC9C00, whence: SCE_SEEK_SET
[01:51:11.494] |T| [read_file]: sceIoPread: Reading 512 bytes of fd 0x5
[01:51:11.495] |T| [seek_file]: sceIoPread: Seeking fd: 0x5, offset: 0x0, whence: SCE_SEEK_SET
[01:51:11.497] |T| [seek_file]: sceIoPread: Seeking fd: 0x5, offset: 0xCA400, whence: SCE_SEEK_SET
[01:51:11.498] |T| [read_file]: sceIoPread: Reading 3072 bytes of fd 0x5
[01:51:11.498] |T| [seek_file]: sceIoPread: Seeking fd: 0x5, offset: 0x0, whence: SCE_SEEK_SET
[01:51:11.499] |T| [seek_file]: sceIoPread: Seeking fd: 0x5, offset: 0xCB800, whence: SCE_SEEK_SET
[01:51:11.502] |T| [read_file]: sceIoPread: Reading 3072 bytes of fd 0x5
[01:51:11.503] |T| [seek_file]: sceIoPread: Seeking fd: 0x5, offset: 0x0, whence: SCE_SEEK_SET
[01:51:11.504] |T| [seek_file]: sceIoPread: Seeking fd: 0x5, offset: 0xCB200, whence: SCE_SEEK_SET
[01:51:11.505] |T| [read_file]: sceIoPread: Reading 2048 bytes of fd 0x5
[01:51:11.505] |T| [seek_file]: sceIoPread: Seeking fd: 0x5, offset: 0x0, whence: SCE_SEEK_SET
[01:51:11.506] |T| [seek_file]: sceIoPread: Seeking fd: 0x5, offset: 0xCAE00, whence: SCE_SEEK_SET
[01:51:11.507] |T| [read_file]: sceIoPread: Reading 1536 bytes of fd 0x5
[01:51:11.508] |T| [seek_file]: sceIoPread: Seeking fd: 0x5, offset: 0x0, whence: SCE_SEEK_SET
[01:51:11.511] |T| [seek_file]: sceIoPread: Seeking fd: 0x5, offset: 0xCC200, whence: SCE_SEEK_SET
[01:51:11.511] |T| [read_file]: sceIoPread: Reading 3072 bytes of fd 0x5
[01:51:11.512] |T| [seek_file]: sceIoPread: Seeking fd: 0x5, offset: 0x0, whence: SCE_SEEK_SET
[01:51:11.513] |T| [seek_file]: sceIoPread: Seeking fd: 0x5, offset: 0xCDA00, whence: SCE_SEEK_SET
[01:51:11.513] |T| [read_file]: sceIoPread: Reading 3072 bytes of fd 0x5
[01:51:11.514] |T| [seek_file]: sceIoPread: Seeking fd: 0x5, offset: 0x0, whence: SCE_SEEK_SET
[01:51:11.518] |T| [seek_file]: sceIoPread: Seeking fd: 0x5, offset: 0xCD200, whence: SCE_SEEK_SET
[01:51:11.518] |T| [read_file]: sceIoPread: Reading 2560 bytes of fd 0x5
[01:51:11.519] |T| [seek_file]: sceIoPread: Seeking fd: 0x5, offset: 0x0, whence: SCE_SEEK_SET
[01:51:11.520] |T| [seek_file]: sceIoPread: Seeking fd: 0x5, offset: 0xCCC00, whence: SCE_SEEK_SET
[01:51:11.521] |T| [read_file]: sceIoPread: Reading 2048 bytes of fd 0x5
[01:51:11.522] |T| [seek_file]: sceIoPread: Seeking fd: 0x5, offset: 0x0, whence: SCE_SEEK_SET
[01:51:11.524] |T| [seek_file]: sceIoPread: Seeking fd: 0x5, offset: 0xCE400, whence: SCE_SEEK_SET
[01:51:11.525] |T| [read_file]: sceIoPread: Reading 3072 bytes of fd 0x5
[01:51:11.526] |T| [seek_file]: sceIoPread: Seeking fd: 0x5, offset: 0x0, whence: SCE_SEEK_SET
[01:51:11.527] |T| [seek_file]: sceIoPread: Seeking fd: 0x5, offset: 0xCFA00, whence: SCE_SEEK_SET
[01:51:11.527] |T| [read_file]: sceIoPread: Reading 3072 bytes of fd 0x5
[01:51:11.528] |T| [seek_file]: sceIoPread: Seeking fd: 0x5, offset: 0x0, whence: SCE_SEEK_SET
[01:51:11.529] |T| [seek_file]: sceIoPread: Seeking fd: 0x5, offset: 0xCF400, whence: SCE_SEEK_SET
[01:51:11.530] |T| [read_file]: sceIoPread: Reading 2048 bytes of fd 0x5
[01:51:11.533] |T| [seek_file]: sceIoPread: Seeking fd: 0x5, offset: 0x0, whence: SCE_SEEK_SET
[01:51:11.534] |T| [seek_file]: sceIoPread: Seeking fd: 0x5, offset: 0xCEE00, whence: SCE_SEEK_SET
[01:51:11.534] |T| [read_file]: sceIoPread: Reading 2048 bytes of fd 0x5
[01:51:11.535] |T| [seek_file]: sceIoPread: Seeking fd: 0x5, offset: 0x0, whence: SCE_SEEK_SET
[01:51:11.538] |T| [seek_file]: sceIoPread: Seeking fd: 0x5, offset: 0xD0400, whence: SCE_SEEK_SET
[01:51:11.538] |T| [read_file]: sceIoPread: Reading 3072 bytes of fd 0x5
[01:51:11.539] |T| [seek_file]: sceIoPread: Seeking fd: 0x5, offset: 0x0, whence: SCE_SEEK_SET
[01:51:11.540] |T| [seek_file]: sceIoPread: Seeking fd: 0x5, offset: 0xD1200, whence: SCE_SEEK_SET
[01:51:11.540] |T| [read_file]: sceIoPread: Reading 1536 bytes of fd 0x5
[01:51:11.541] |T| [seek_file]: sceIoPread: Seeking fd: 0x5, offset: 0x0, whence: SCE_SEEK_SET
[01:51:11.542] |T| [seek_file]: sceIoPread: Seeking fd: 0x5, offset: 0xD0E00, whence: SCE_SEEK_SET
[01:51:11.543] |T| [read_file]: sceIoPread: Reading 1536 bytes of fd 0x5
[01:51:11.543] |T| [seek_file]: sceIoPread: Seeking fd: 0x5, offset: 0x0, whence: SCE_SEEK_SET
[01:51:11.544] |T| [seek_file]: sceIoPread: Seeking fd: 0x5, offset: 0xD0E00, whence: SCE_SEEK_SET
[01:51:11.548] |T| [read_file]: sceIoPread: Reading 512 bytes of fd 0x5
[01:51:11.549] |T| [seek_file]: sceIoPread: Seeking fd: 0x5, offset: 0x0, whence: SCE_SEEK_SET
[01:51:11.551] |T| [seek_file]: sceIoPread: Seeking fd: 0x5, offset: 0xD1600, whence: SCE_SEEK_SET
[01:51:11.551] |T| [read_file]: sceIoPread: Reading 1536 bytes of fd 0x5
[01:51:11.552] |T| [seek_file]: sceIoPread: Seeking fd: 0x5, offset: 0x0, whence: SCE_SEEK_SET
[01:51:11.553] |T| [seek_file]: sceIoPread: Seeking fd: 0x5, offset: 0xD1A00, whence: SCE_SEEK_SET
[01:51:11.554] |T| [read_file]: sceIoPread: Reading 512 bytes of fd 0x5
[01:51:11.555] |T| [seek_file]: sceIoPread: Seeking fd: 0x5, offset: 0x0, whence: SCE_SEEK_SET
[01:51:11.555] |T| [seek_file]: sceIoPread: Seeking fd: 0x5, offset: 0xD1A00, whence: SCE_SEEK_SET
[01:51:11.556] |T| [read_file]: sceIoPread: Reading 512 bytes of fd 0x5
[01:51:11.557] |T| [seek_file]: sceIoPread: Seeking fd: 0x5, offset: 0x0, whence: SCE_SEEK_SET
[01:51:11.558] |T| [seek_file]: sceIoPread: Seeking fd: 0x5, offset: 0xD1A00, whence: SCE_SEEK_SET
[01:51:11.559] |T| [read_file]: sceIoPread: Reading 512 bytes of fd 0x5
[01:51:11.559] |T| [seek_file]: sceIoPread: Seeking fd: 0x5, offset: 0x0, whence: SCE_SEEK_SET
[01:51:11.564] |T| [seek_file]: sceIoPread: Seeking fd: 0x5, offset: 0xD1A00, whence: SCE_SEEK_SET
[01:51:11.565] |T| [read_file]: sceIoPread: Reading 512 bytes of fd 0x5
[01:51:11.565] |T| [seek_file]: sceIoPread: Seeking fd: 0x5, offset: 0x0, whence: SCE_SEEK_SET
[01:51:11.566] |T| [seek_file]: sceIoPread: Seeking fd: 0x5, offset: 0xD1C00, whence: SCE_SEEK_SET
[01:51:11.567] |T| [read_file]: sceIoPread: Reading 512 bytes of fd 0x5
[01:51:11.568] |T| [seek_file]: sceIoPread: Seeking fd: 0x5, offset: 0x0, whence: SCE_SEEK_SET
[01:51:11.569] |T| [seek_file]: sceIoPread: Seeking fd: 0x5, offset: 0xD1A00, whence: SCE_SEEK_SET
[01:51:11.570] |T| [read_file]: sceIoPread: Reading 1024 bytes of fd 0x5
[01:51:11.570] |T| [seek_file]: sceIoPread: Seeking fd: 0x5, offset: 0x0, whence: SCE_SEEK_SET
[01:51:11.571] |T| [seek_file]: sceIoPread: Seeking fd: 0x5, offset: 0xD1A00, whence: SCE_SEEK_SET
[01:51:11.572] |T| [read_file]: sceIoPread: Reading 512 bytes of fd 0x5
[01:51:11.573] |T| [seek_file]: sceIoPread: Seeking fd: 0x5, offset: 0x0, whence: SCE_SEEK_SET
[01:51:11.593] |T| [write_file]: *** TTY: Opening:System\Screen_BootupSony_EU.tga
[01:51:11.594] |T| [write_file]: *** TTY: Opening:System\Screen_BootupSony_EU.tga
[01:51:11.595] |T| [seek_file]: sceIoPread: Seeking fd: 0x5, offset: 0x17FA00, whence: SCE_SEEK_SET
[01:51:11.596] |T| [read_file]: sceIoPread: Reading 512 bytes of fd 0x5
[01:51:11.597] |T| [seek_file]: sceIoPread: Seeking fd: 0x5, offset: 0x0, whence: SCE_SEEK_SET
[01:51:11.598] |T| [seek_file]: sceIoPread: Seeking fd: 0x5, offset: 0x17FC00, whence: SCE_SEEK_SET
[01:51:11.599] |T| [read_file]: sceIoPread: Reading 512 bytes of fd 0x5
[01:51:11.600] |T| [seek_file]: sceIoPread: Seeking fd: 0x5, offset: 0x0, whence: SCE_SEEK_SET
[01:51:11.600] |T| [seek_file]: sceIoPread: Seeking fd: 0x5, offset: 0x17FA00, whence: SCE_SEEK_SET
[01:51:11.601] |T| [read_file]: sceIoPread: Reading 1024 bytes of fd 0x5
[01:51:11.602] |T| [seek_file]: sceIoPread: Seeking fd: 0x5, offset: 0x0, whence: SCE_SEEK_SET
[01:51:11.603] |T| [seek_file]: sceIoPread: Seeking fd: 0x5, offset: 0x17FA00, whence: SCE_SEEK_SET
[01:51:11.604] |T| [read_file]: sceIoPread: Reading 512 bytes of fd 0x5
[01:51:11.605] |T| [seek_file]: sceIoPread: Seeking fd: 0x5, offset: 0x0, whence: SCE_SEEK_SET
[01:51:11.608] |T| [seek_file]: sceIoPread: Seeking fd: 0x5, offset: 0x17FC00, whence: SCE_SEEK_SET
[01:51:11.609] |T| [read_file]: sceIoPread: Reading 512 bytes of fd 0x5
[01:51:11.609] |T| [seek_file]: sceIoPread: Seeking fd: 0x5, offset: 0x0, whence: SCE_SEEK_SET
[01:51:11.610] |T| [seek_file]: sceIoPread: Seeking fd: 0x5, offset: 0x17FC00, whence: SCE_SEEK_SET
[01:51:11.611] |T| [read_file]: sceIoPread: Reading 512 bytes of fd 0x5
[01:51:11.612] |T| [seek_file]: sceIoPread: Seeking fd: 0x5, offset: 0x0, whence: SCE_SEEK_SET
[01:51:11.613] |T| [seek_file]: sceIoPread: Seeking fd: 0x5, offset: 0x17FC00, whence: SCE_SEEK_SET
[01:51:11.614] |T| [read_file]: sceIoPread: Reading 512 bytes of fd 0x5
[01:51:11.614] |T| [seek_file]: sceIoPread: Seeking fd: 0x5, offset: 0x0, whence: SCE_SEEK_SET
[01:51:11.615] |T| [seek_file]: sceIoPread: Seeking fd: 0x5, offset: 0x17FC00, whence: SCE_SEEK_SET
[01:51:11.616] |T| [read_file]: sceIoPread: Reading 512 bytes of fd 0x5
[01:51:11.617] |T| [seek_file]: sceIoPread: Seeking fd: 0x5, offset: 0x0, whence: SCE_SEEK_SET
[01:51:11.619] |T| [seek_file]: sceIoPread: Seeking fd: 0x5, offset: 0x17FC00, whence: SCE_SEEK_SET
[01:51:11.620] |T| [read_file]: sceIoPread: Reading 1024 bytes of fd 0x5
[01:51:11.620] |T| [seek_file]: sceIoPread: Seeking fd: 0x5, offset: 0x0, whence: SCE_SEEK_SET
[01:51:11.624] |T| [seek_file]: sceIoPread: Seeking fd: 0x5, offset: 0x17FE00, whence: SCE_SEEK_SET
[01:51:11.624] |T| [read_file]: sceIoPread: Reading 512 bytes of fd 0x5
[01:51:11.625] |T| [seek_file]: sceIoPread: Seeking fd: 0x5, offset: 0x0, whence: SCE_SEEK_SET
[01:51:11.626] |T| [seek_file]: sceIoPread: Seeking fd: 0x5, offset: 0x17FE00, whence: SCE_SEEK_SET
[01:51:11.627] |T| [read_file]: sceIoPread: Reading 512 bytes of fd 0x5
[01:51:11.628] |T| [seek_file]: sceIoPread: Seeking fd: 0x5, offset: 0x0, whence: SCE_SEEK_SET
[01:51:11.629] |T| [seek_file]: sceIoPread: Seeking fd: 0x5, offset: 0x17FE00, whence: SCE_SEEK_SET
[01:51:11.629] |T| [read_file]: sceIoPread: Reading 512 bytes of fd 0x5
[01:51:11.630] |T| [seek_file]: sceIoPread: Seeking fd: 0x5, offset: 0x0, whence: SCE_SEEK_SET
[01:51:11.633] |T| [seek_file]: sceIoPread: Seeking fd: 0x5, offset: 0x17FE00, whence: SCE_SEEK_SET
[01:51:11.633] |T| [read_file]: sceIoPread: Reading 512 bytes of fd 0x5
[01:51:11.634] |T| [seek_file]: sceIoPread: Seeking fd: 0x5, offset: 0x0, whence: SCE_SEEK_SET
[01:51:11.635] |T| [seek_file]: sceIoPread: Seeking fd: 0x5, offset: 0x180000, whence: SCE_SEEK_SET
[01:51:11.635] |T| [read_file]: sceIoPread: Reading 512 bytes of fd 0x5
[01:51:11.636] |T| [seek_file]: sceIoPread: Seeking fd: 0x5, offset: 0x0, whence: SCE_SEEK_SET
[01:51:11.639] |T| [seek_file]: sceIoPread: Seeking fd: 0x5, offset: 0x17FE00, whence: SCE_SEEK_SET
[01:51:11.640] |T| [read_file]: sceIoPread: Reading 1024 bytes of fd 0x5
[01:51:11.641] |T| [seek_file]: sceIoPread: Seeking fd: 0x5, offset: 0x0, whence: SCE_SEEK_SET
[01:51:11.642] |T| [seek_file]: sceIoPread: Seeking fd: 0x5, offset: 0x17FE00, whence: SCE_SEEK_SET
[01:51:11.642] |T| [read_file]: sceIoPread: Reading 512 bytes of fd 0x5
[01:51:11.643] |T| [seek_file]: sceIoPread: Seeking fd: 0x5, offset: 0x0, whence: SCE_SEEK_SET
[01:51:11.646] |T| [seek_file]: sceIoPread: Seeking fd: 0x5, offset: 0x180000, whence: SCE_SEEK_SET
[01:51:11.646] |T| [read_file]: sceIoPread: Reading 512 bytes of fd 0x5
[01:51:11.647] |T| [seek_file]: sceIoPread: Seeking fd: 0x5, offset: 0x0, whence: SCE_SEEK_SET
[01:51:11.648] |T| [seek_file]: sceIoPread: Seeking fd: 0x5, offset: 0x180000, whence: SCE_SEEK_SET
[01:51:11.649] |T| [read_file]: sceIoPread: Reading 1536 bytes of fd 0x5
[01:51:11.649] |T| [seek_file]: sceIoPread: Seeking fd: 0x5, offset: 0x0, whence: SCE_SEEK_SET
[01:51:11.650] |T| [seek_file]: sceIoPread: Seeking fd: 0x5, offset: 0x180000, whence: SCE_SEEK_SET
[01:51:11.651] |T| [read_file]: sceIoPread: Reading 512 bytes of fd 0x5
[01:51:11.654] |T| [seek_file]: sceIoPread: Seeking fd: 0x5, offset: 0x0, whence: SCE_SEEK_SET
[01:51:11.655] |T| [seek_file]: sceIoPread: Seeking fd: 0x5, offset: 0x180000, whence: SCE_SEEK_SET
[01:51:11.655] |T| [read_file]: sceIoPread: Reading 512 bytes of fd 0x5
[01:51:11.656] |T| [seek_file]: sceIoPread: Seeking fd: 0x5, offset: 0x0, whence: SCE_SEEK_SET
[01:51:11.659] |T| [seek_file]: sceIoPread: Seeking fd: 0x5, offset: 0x180400, whence: SCE_SEEK_SET
[01:51:11.659] |T| [read_file]: sceIoPread: Reading 2560 bytes of fd 0x5
[01:51:11.660] |T| [seek_file]: sceIoPread: Seeking fd: 0x5, offset: 0x0, whence: SCE_SEEK_SET
[01:51:11.661] |T| [seek_file]: sceIoPread: Seeking fd: 0x5, offset: 0x182600, whence: SCE_SEEK_SET
[01:51:11.661] |T| [read_file]: sceIoPread: Reading 2560 bytes of fd 0x5
[01:51:11.663] |T| [seek_file]: sceIoPread: Seeking fd: 0x5, offset: 0x0, whence: SCE_SEEK_SET
[01:51:11.663] |T| [seek_file]: sceIoPread: Seeking fd: 0x5, offset: 0x181200, whence: SCE_SEEK_SET
[01:51:11.664] |T| [read_file]: sceIoPread: Reading 5632 bytes of fd 0x5
[01:51:11.665] |T| [seek_file]: sceIoPread: Seeking fd: 0x5, offset: 0x0, whence: SCE_SEEK_SET
[01:51:11.666] |T| [seek_file]: sceIoPread: Seeking fd: 0x5, offset: 0x180C00, whence: SCE_SEEK_SET
[01:51:11.667] |T| [read_file]: sceIoPread: Reading 2048 bytes of fd 0x5
[01:51:11.667] |T| [seek_file]: sceIoPread: Seeking fd: 0x5, offset: 0x0, whence: SCE_SEEK_SET
[01:51:11.673] |T| [seek_file]: sceIoPread: Seeking fd: 0x5, offset: 0x182E00, whence: SCE_SEEK_SET
[01:51:11.673] |T| [read_file]: sceIoPread: Reading 512 bytes of fd 0x5
[01:51:11.674] |T| [seek_file]: sceIoPread: Seeking fd: 0x5, offset: 0x0, whence: SCE_SEEK_SET
[01:51:11.674] |T| [seek_file]: sceIoPread: Seeking fd: 0x5, offset: 0x182E00, whence: SCE_SEEK_SET
[01:51:11.675] |T| [read_file]: sceIoPread: Reading 1024 bytes of fd 0x5
[01:51:11.676] |T| [seek_file]: sceIoPread: Seeking fd: 0x5, offset: 0x0, whence: SCE_SEEK_SET
[01:51:11.677] |T| [seek_file]: sceIoPread: Seeking fd: 0x5, offset: 0x182E00, whence: SCE_SEEK_SET
[01:51:11.678] |T| [read_file]: sceIoPread: Reading 512 bytes of fd 0x5
[01:51:11.679] |T| [seek_file]: sceIoPread: Seeking fd: 0x5, offset: 0x0, whence: SCE_SEEK_SET
[01:51:11.680] |T| [seek_file]: sceIoPread: Seeking fd: 0x5, offset: 0x182E00, whence: SCE_SEEK_SET
[01:51:11.680] |T| [read_file]: sceIoPread: Reading 512 bytes of fd 0x5
[01:51:11.681] |T| [seek_file]: sceIoPread: Seeking fd: 0x5, offset: 0x0, whence: SCE_SEEK_SET
[01:51:11.684] |T| [seek_file]: sceIoPread: Seeking fd: 0x5, offset: 0x183000, whence: SCE_SEEK_SET
[01:51:11.685] |T| [read_file]: sceIoPread: Reading 512 bytes of fd 0x5
[01:51:11.686] |T| [seek_file]: sceIoPread: Seeking fd: 0x5, offset: 0x0, whence: SCE_SEEK_SET
[01:51:11.687] |T| [seek_file]: sceIoPread: Seeking fd: 0x5, offset: 0x183000, whence: SCE_SEEK_SET
[01:51:11.688] |T| [read_file]: sceIoPread: Reading 512 bytes of fd 0x5
[01:51:11.689] |T| [seek_file]: sceIoPread: Seeking fd: 0x5, offset: 0x0, whence: SCE_SEEK_SET
[01:51:11.690] |T| [seek_file]: sceIoPread: Seeking fd: 0x5, offset: 0x183000, whence: SCE_SEEK_SET
[01:51:11.691] |T| [read_file]: sceIoPread: Reading 512 bytes of fd 0x5
[01:51:11.692] |T| [seek_file]: sceIoPread: Seeking fd: 0x5, offset: 0x0, whence: SCE_SEEK_SET
[01:51:11.693] |T| [seek_file]: sceIoPread: Seeking fd: 0x5, offset: 0x183000, whence: SCE_SEEK_SET
[01:51:11.694] |T| [read_file]: sceIoPread: Reading 512 bytes of fd 0x5
[01:51:11.695] |T| [seek_file]: sceIoPread: Seeking fd: 0x5, offset: 0x0, whence: SCE_SEEK_SET
[01:51:11.697] |T| [seek_file]: sceIoPread: Seeking fd: 0x5, offset: 0x183000, whence: SCE_SEEK_SET
[01:51:11.698] |T| [read_file]: sceIoPread: Reading 512 bytes of fd 0x5
[01:51:11.700] |T| [seek_file]: sceIoPread: Seeking fd: 0x5, offset: 0x0, whence: SCE_SEEK_SET
[01:51:11.701] |T| [seek_file]: sceIoPread: Seeking fd: 0x5, offset: 0x183200, whence: SCE_SEEK_SET
[01:51:11.702] |T| [read_file]: sceIoPread: Reading 512 bytes of fd 0x5
[01:51:11.703] |T| [seek_file]: sceIoPread: Seeking fd: 0x5, offset: 0x0, whence: SCE_SEEK_SET
[01:51:11.704] |T| [seek_file]: sceIoPread: Seeking fd: 0x5, offset: 0x183200, whence: SCE_SEEK_SET
[01:51:11.704] |T| [read_file]: sceIoPread: Reading 512 bytes of fd 0x5
[01:51:11.705] |T| [seek_file]: sceIoPread: Seeking fd: 0x5, offset: 0x0, whence: SCE_SEEK_SET
[01:51:11.706] |T| [seek_file]: sceIoPread: Seeking fd: 0x5, offset: 0x183000, whence: SCE_SEEK_SET
[01:51:11.707] |T| [read_file]: sceIoPread: Reading 1024 bytes of fd 0x5
[01:51:11.708] |T| [seek_file]: sceIoPread: Seeking fd: 0x5, offset: 0x0, whence: SCE_SEEK_SET
[01:51:11.710] |T| [seek_file]: sceIoPread: Seeking fd: 0x5, offset: 0x183200, whence: SCE_SEEK_SET
[01:51:11.710] |T| [read_file]: sceIoPread: Reading 512 bytes of fd 0x5
[01:51:11.712] |T| [seek_file]: sceIoPread: Seeking fd: 0x5, offset: 0x0, whence: SCE_SEEK_SET
[01:51:11.713] |T| [seek_file]: sceIoPread: Seeking fd: 0x5, offset: 0x183200, whence: SCE_SEEK_SET
[01:51:11.714] |T| [read_file]: sceIoPread: Reading 1024 bytes of fd 0x5
[01:51:11.717] |T| [seek_file]: sceIoPread: Seeking fd: 0x5, offset: 0x0, whence: SCE_SEEK_SET
[01:51:11.718] |T| [seek_file]: sceIoPread: Seeking fd: 0x5, offset: 0x183200, whence: SCE_SEEK_SET
[01:51:11.719] |T| [read_file]: sceIoPread: Reading 512 bytes of fd 0x5
[01:51:11.719] |T| [seek_file]: sceIoPread: Seeking fd: 0x5, offset: 0x0, whence: SCE_SEEK_SET
[01:51:11.720] |T| [seek_file]: sceIoPread: Seeking fd: 0x5, offset: 0x183200, whence: SCE_SEEK_SET
[01:51:11.721] |T| [read_file]: sceIoPread: Reading 512 bytes of fd 0x5
[01:51:11.722] |T| [seek_file]: sceIoPread: Seeking fd: 0x5, offset: 0x0, whence: SCE_SEEK_SET
[01:51:11.724] |T| [seek_file]: sceIoPread: Seeking fd: 0x5, offset: 0x183400, whence: SCE_SEEK_SET
[01:51:11.725] |T| [read_file]: sceIoPread: Reading 512 bytes of fd 0x5
[01:51:11.725] |T| [seek_file]: sceIoPread: Seeking fd: 0x5, offset: 0x0, whence: SCE_SEEK_SET
[01:51:11.726] |T| [seek_file]: sceIoPread: Seeking fd: 0x5, offset: 0x183400, whence: SCE_SEEK_SET
[01:51:11.727] |T| [read_file]: sceIoPread: Reading 512 bytes of fd 0x5
[01:51:11.728] |T| [seek_file]: sceIoPread: Seeking fd: 0x5, offset: 0x0, whence: SCE_SEEK_SET
[01:51:11.731] |T| [seek_file]: sceIoPread: Seeking fd: 0x5, offset: 0x183400, whence: SCE_SEEK_SET
[01:51:11.732] |T| [read_file]: sceIoPread: Reading 512 bytes of fd 0x5
[01:51:11.733] |T| [seek_file]: sceIoPread: Seeking fd: 0x5, offset: 0x0, whence: SCE_SEEK_SET
[01:51:11.806] |T| [write_file]: *** TTY: Opening:System\Screen_BootupSanzaru.tga
[01:51:11.806] |T| [write_file]: *** TTY: Opening:System\Screen_BootupSanzaru.tga
[01:51:11.807] |T| [seek_file]: sceIoPread: Seeking fd: 0x5, offset: 0x16AE00, whence: SCE_SEEK_SET
[01:51:11.812] |T| [read_file]: sceIoPread: Reading 512 bytes of fd 0x5
[01:51:11.812] |T| [seek_file]: sceIoPread: Seeking fd: 0x5, offset: 0x0, whence: SCE_SEEK_SET
[01:51:11.813] |T| [seek_file]: sceIoPread: Seeking fd: 0x5, offset: 0x16AE00, whence: SCE_SEEK_SET
[01:51:11.814] |T| [read_file]: sceIoPread: Reading 1024 bytes of fd 0x5
[01:51:11.815] |T| [seek_file]: sceIoPread: Seeking fd: 0x5, offset: 0x0, whence: SCE_SEEK_SET
[01:51:11.815] |T| [seek_file]: sceIoPread: Seeking fd: 0x5, offset: 0x16AE00, whence: SCE_SEEK_SET
[01:51:11.816] |T| [read_file]: sceIoPread: Reading 512 bytes of fd 0x5
[01:51:11.817] |T| [seek_file]: sceIoPread: Seeking fd: 0x5, offset: 0x0, whence: SCE_SEEK_SET
[01:51:11.818] |T| [seek_file]: sceIoPread: Seeking fd: 0x5, offset: 0x16AE00, whence: SCE_SEEK_SET
[01:51:11.819] |T| [read_file]: sceIoPread: Reading 512 bytes of fd 0x5
[01:51:11.821] |T| [seek_file]: sceIoPread: Seeking fd: 0x5, offset: 0x0, whence: SCE_SEEK_SET
[01:51:11.823] |T| [seek_file]: sceIoPread: Seeking fd: 0x5, offset: 0x16B000, whence: SCE_SEEK_SET
[01:51:11.824] |T| [read_file]: sceIoPread: Reading 512 bytes of fd 0x5
[01:51:11.824] |T| [seek_file]: sceIoPread: Seeking fd: 0x5, offset: 0x0, whence: SCE_SEEK_SET
[01:51:11.825] |T| [seek_file]: sceIoPread: Seeking fd: 0x5, offset: 0x16B000, whence: SCE_SEEK_SET
[01:51:11.826] |T| [read_file]: sceIoPread: Reading 512 bytes of fd 0x5
[01:51:11.827] |T| [seek_file]: sceIoPread: Seeking fd: 0x5, offset: 0x0, whence: SCE_SEEK_SET
[01:51:11.828] |T| [seek_file]: sceIoPread: Seeking fd: 0x5, offset: 0x16B000, whence: SCE_SEEK_SET
[01:51:11.829] |T| [read_file]: sceIoPread: Reading 512 bytes of fd 0x5
[01:51:11.830] |T| [seek_file]: sceIoPread: Seeking fd: 0x5, offset: 0x0, whence: SCE_SEEK_SET
[01:51:11.831] |T| [seek_file]: sceIoPread: Seeking fd: 0x5, offset: 0x16B000, whence: SCE_SEEK_SET
[01:51:11.832] |T| [read_file]: sceIoPread: Reading 512 bytes of fd 0x5
[01:51:11.833] |T| [seek_file]: sceIoPread: Seeking fd: 0x5, offset: 0x0, whence: SCE_SEEK_SET
[01:51:11.835] |T| [seek_file]: sceIoPread: Seeking fd: 0x5, offset: 0x16B000, whence: SCE_SEEK_SET
[01:51:11.837] |T| [read_file]: sceIoPread: Reading 512 bytes of fd 0x5
[01:51:11.837] |T| [seek_file]: sceIoPread: Seeking fd: 0x5, offset: 0x0, whence: SCE_SEEK_SET
[01:51:11.838] |T| [seek_file]: sceIoPread: Seeking fd: 0x5, offset: 0x16CA00, whence: SCE_SEEK_SET
[01:51:11.839] |T| [read_file]: sceIoPread: Reading 6656 bytes of fd 0x5
[01:51:11.840] |T| [seek_file]: sceIoPread: Seeking fd: 0x5, offset: 0x0, whence: SCE_SEEK_SET
[01:51:11.840] |T| [seek_file]: sceIoPread: Seeking fd: 0x5, offset: 0x16BA00, whence: SCE_SEEK_SET
[01:51:11.841] |T| [read_file]: sceIoPread: Reading 4608 bytes of fd 0x5
[01:51:11.842] |T| [seek_file]: sceIoPread: Seeking fd: 0x5, offset: 0x0, whence: SCE_SEEK_SET
[01:51:11.843] |T| [seek_file]: sceIoPread: Seeking fd: 0x5, offset: 0x16B000, whence: SCE_SEEK_SET
[01:51:11.843] |T| [read_file]: sceIoPread: Reading 3072 bytes of fd 0x5
[01:51:11.845] |T| [seek_file]: sceIoPread: Seeking fd: 0x5, offset: 0x0, whence: SCE_SEEK_SET
[01:51:11.848] |T| [seek_file]: sceIoPread: Seeking fd: 0x5, offset: 0x16E200, whence: SCE_SEEK_SET
[01:51:11.848] |T| [read_file]: sceIoPread: Reading 11264 bytes of fd 0x5
[01:51:11.849] |T| [seek_file]: sceIoPread: Seeking fd: 0x5, offset: 0x0, whence: SCE_SEEK_SET
[01:51:11.850] |T| [seek_file]: sceIoPread: Seeking fd: 0x5, offset: 0x176400, whence: SCE_SEEK_SET
[01:51:11.853] |T| [read_file]: sceIoPread: Reading 11264 bytes of fd 0x5
[01:51:11.853] |T| [seek_file]: sceIoPread: Seeking fd: 0x5, offset: 0x0, whence: SCE_SEEK_SET
[01:51:11.854] |T| [seek_file]: sceIoPread: Seeking fd: 0x5, offset: 0x173800, whence: SCE_SEEK_SET
[01:51:11.855] |T| [read_file]: sceIoPread: Reading 11776 bytes of fd 0x5
[01:51:11.856] |T| [seek_file]: sceIoPread: Seeking fd: 0x5, offset: 0x0, whence: SCE_SEEK_SET
[01:51:11.857] |T| [seek_file]: sceIoPread: Seeking fd: 0x5, offset: 0x170C00, whence: SCE_SEEK_SET
[01:51:11.858] |T| [read_file]: sceIoPread: Reading 11776 bytes of fd 0x5
[01:51:11.858] |T| [seek_file]: sceIoPread: Seeking fd: 0x5, offset: 0x0, whence: SCE_SEEK_SET
[01:51:11.861] |T| [seek_file]: sceIoPread: Seeking fd: 0x5, offset: 0x178E00, whence: SCE_SEEK_SET
[01:51:11.862] |T| [read_file]: sceIoPread: Reading 8192 bytes of fd 0x5
[01:51:11.862] |T| [seek_file]: sceIoPread: Seeking fd: 0x5, offset: 0x0, whence: SCE_SEEK_SET
[01:51:11.863] |T| [seek_file]: sceIoPread: Seeking fd: 0x5, offset: 0x17BE00, whence: SCE_SEEK_SET
[01:51:11.864] |T| [read_file]: sceIoPread: Reading 3072 bytes of fd 0x5
[01:51:11.865] |T| [seek_file]: sceIoPread: Seeking fd: 0x5, offset: 0x0, whence: SCE_SEEK_SET
[01:51:11.865] |T| [seek_file]: sceIoPread: Seeking fd: 0x5, offset: 0x17B600, whence: SCE_SEEK_SET
[01:51:11.869] |T| [read_file]: sceIoPread: Reading 2560 bytes of fd 0x5
[01:51:11.870] |T| [seek_file]: sceIoPread: Seeking fd: 0x5, offset: 0x0, whence: SCE_SEEK_SET
[01:51:11.871] |T| [seek_file]: sceIoPread: Seeking fd: 0x5, offset: 0x17AC00, whence: SCE_SEEK_SET
[01:51:11.872] |T| [read_file]: sceIoPread: Reading 3072 bytes of fd 0x5
[01:51:11.872] |T| [seek_file]: sceIoPread: Seeking fd: 0x5, offset: 0x0, whence: SCE_SEEK_SET
[01:51:11.875] |T| [seek_file]: sceIoPread: Seeking fd: 0x5, offset: 0x17C800, whence: SCE_SEEK_SET
[01:51:11.875] |T| [read_file]: sceIoPread: Reading 2560 bytes of fd 0x5
[01:51:11.876] |T| [seek_file]: sceIoPread: Seeking fd: 0x5, offset: 0x0, whence: SCE_SEEK_SET
[01:51:11.877] |T| [seek_file]: sceIoPread: Seeking fd: 0x5, offset: 0x17E400, whence: SCE_SEEK_SET
[01:51:11.878] |T| [read_file]: sceIoPread: Reading 2560 bytes of fd 0x5
[01:51:11.879] |T| [seek_file]: sceIoPread: Seeking fd: 0x5, offset: 0x0, whence: SCE_SEEK_SET
[01:51:11.880] |T| [seek_file]: sceIoPread: Seeking fd: 0x5, offset: 0x17DA00, whence: SCE_SEEK_SET
[01:51:11.883] |T| [read_file]: sceIoPread: Reading 3072 bytes of fd 0x5
[01:51:11.884] |T| [seek_file]: sceIoPread: Seeking fd: 0x5, offset: 0x0, whence: SCE_SEEK_SET
[01:51:11.885] |T| [seek_file]: sceIoPread: Seeking fd: 0x5, offset: 0x17D000, whence: SCE_SEEK_SET
[01:51:11.886] |T| [read_file]: sceIoPread: Reading 3072 bytes of fd 0x5
[01:51:11.887] |T| [seek_file]: sceIoPread: Seeking fd: 0x5, offset: 0x0, whence: SCE_SEEK_SET
[01:51:11.889] |T| [seek_file]: sceIoPread: Seeking fd: 0x5, offset: 0x17EC00, whence: SCE_SEEK_SET
[01:51:11.889] |T| [read_file]: sceIoPread: Reading 3072 bytes of fd 0x5
[01:51:11.890] |T| [seek_file]: sceIoPread: Seeking fd: 0x5, offset: 0x0, whence: SCE_SEEK_SET
[01:51:11.891] |T| [seek_file]: sceIoPread: Seeking fd: 0x5, offset: 0x17F800, whence: SCE_SEEK_SET
[01:51:11.892] |T| [read_file]: sceIoPread: Reading 512 bytes of fd 0x5
[01:51:11.893] |T| [seek_file]: sceIoPread: Seeking fd: 0x5, offset: 0x0, whence: SCE_SEEK_SET
[01:51:11.894] |T| [seek_file]: sceIoPread: Seeking fd: 0x5, offset: 0x17F800, whence: SCE_SEEK_SET
[01:51:11.895] |T| [read_file]: sceIoPread: Reading 512 bytes of fd 0x5
[01:51:11.896] |T| [seek_file]: sceIoPread: Seeking fd: 0x5, offset: 0x0, whence: SCE_SEEK_SET
[01:51:11.897] |T| [seek_file]: sceIoPread: Seeking fd: 0x5, offset: 0x17F600, whence: SCE_SEEK_SET
[01:51:11.900] |T| [read_file]: sceIoPread: Reading 1024 bytes of fd 0x5
[01:51:11.901] |T| [seek_file]: sceIoPread: Seeking fd: 0x5, offset: 0x0, whence: SCE_SEEK_SET
[01:51:11.903] |T| [seek_file]: sceIoPread: Seeking fd: 0x5, offset: 0x17F800, whence: SCE_SEEK_SET
[01:51:11.904] |T| [read_file]: sceIoPread: Reading 1024 bytes of fd 0x5
[01:51:11.904] |T| [seek_file]: sceIoPread: Seeking fd: 0x5, offset: 0x0, whence: SCE_SEEK_SET
[01:51:11.905] |T| [seek_file]: sceIoPread: Seeking fd: 0x5, offset: 0x17FA00, whence: SCE_SEEK_SET
[01:51:11.906] |T| [read_file]: sceIoPread: Reading 512 bytes of fd 0x5
[01:51:11.907] |T| [seek_file]: sceIoPread: Seeking fd: 0x5, offset: 0x0, whence: SCE_SEEK_SET
[01:51:11.908] |T| [seek_file]: sceIoPread: Seeking fd: 0x5, offset: 0x17FA00, whence: SCE_SEEK_SET
[01:51:11.908] |T| [read_file]: sceIoPread: Reading 512 bytes of fd 0x5
[01:51:11.909] |T| [seek_file]: sceIoPread: Seeking fd: 0x5, offset: 0x0, whence: SCE_SEEK_SET
[01:51:11.910] |T| [seek_file]: sceIoPread: Seeking fd: 0x5, offset: 0x17FA00, whence: SCE_SEEK_SET
[01:51:11.911] |T| [read_file]: sceIoPread: Reading 512 bytes of fd 0x5
[01:51:11.912] |T| [seek_file]: sceIoPread: Seeking fd: 0x5, offset: 0x0, whence: SCE_SEEK_SET
[01:51:11.960] |I| [renderer::gl::load_shader]: Generating frag shader 34739cb16e2bf99e8c6153c2d54f9f1852f567ec40979297744edad44a085802
[01:51:11.962] |D| [shader::create_parameters]: [DEFAULT  + 0] sa0 = (float4) gps_vColor
[01:51:11.963] |W| [shader::create_parameters]: Container for literal not found, skipping creating literals!
[01:51:11.964] |T| [shader::usse::USSERecompiler::get_or_recompile_block]: Recompiling block_0, size = 2, id = 84
[01:51:11.967] |D| [shader::spirv_disasm_print]: SPIR-V Disassembly:
// Module Version 10400
// Generated by (magic number): 1337000
// Id's are bound by 112

                              Capability Shader
              59:             ExtInstImport  "GLSL.std.450"
              73:             ExtInstImport  "GLSL.std.450"
              97:             ExtInstImport  "GLSL.std.450"
                              MemoryModel Logical GLSL450
                              EntryPoint Fragment 4  "main_fs"
                              ExecutionMode 4 OriginLowerLeft
               1:             String  "34739cb16e2bf99e8c6153c2d54f9f1852f567ec40979297744edad44a085802"
                              SourceExtension  "gxp"
                              Name 4  "main_fs"
                              Name 23  "pa"
                              Name 24  "sa"
                              Name 26  "internals"
                              Name 28  "r"
                              Name 30  "p"
                              Name 32  "idx"
                              Name 34  "outs"
                              Name 36  "gps_vColor"
                              Name 41  "frag_output_finalize"
                              Name 56  "unpack2xF16"
                              Name 71  "out_color"
                              Name 84  "block_prim_0"
                              Name 95  "pack2xF16"
                              Decorate 71(out_color) Location 0
               2:             TypeVoid
               3:             TypeFunction 2
               6:             TypeFloat 32
               7:             TypeInt 32 1
               8:             TypeBool
               9:             TypeVector 6(float) 4
              10:      7(int) Constant 32
              11:             TypeArray 9(fvec4) 10
              12:      7(int) Constant 3
              13:             TypeArray 9(fvec4) 12
              14:      7(int) Constant 20
              15:             TypeArray 9(fvec4) 14
              16:      7(int) Constant 2
              17:             TypeArray 7(int) 16
              18:      7(int) Constant 4
              19:             TypeArray 8(bool) 18
              20:      7(int) Constant 10
              21:             TypeArray 9(fvec4) 20
              22:             TypePointer Private 11
          23(pa):     22(ptr) Variable Private
          24(sa):     22(ptr) Variable Private
              25:             TypePointer Private 13
   26(internals):     25(ptr) Variable Private
              27:             TypePointer Private 15
           28(r):     27(ptr) Variable Private
              29:             TypePointer Private 19
           30(p):     29(ptr) Variable Private
              31:             TypePointer Private 17
         32(idx):     31(ptr) Variable Private
              33:             TypePointer Private 21
        34(outs):     33(ptr) Variable Private
              35:             TypePointer UniformConstant 9(fvec4)
  36(gps_vColor):     35(ptr) Variable UniformConstant
              38:             TypePointer Private 9(fvec4)
              39:      7(int) Constant 0
              48:      7(int) Constant 1
              50:             TypeVector 6(float) 2
              53:             TypeInt 32 0
              54:             TypeFunction 50(fvec2) 6(float)
              70:             TypePointer Output 9(fvec4)
   71(out_color):     70(ptr) Variable Output
              74:    6(float) Constant 1056964608
              75:    6(float) Constant 0
              76:    6(float) Constant 1065353216
              77:    6(float) Constant 1073741824
              78:             TypeVector 6(float) 1
              79:    78(fvec) ConstantComposite 75
              80:   50(fvec2) ConstantComposite 75 75
              81:             TypeVector 6(float) 3
              82:   81(fvec3) ConstantComposite 75 75 75
              83:    9(fvec4) ConstantComposite 75 75 75 75
              93:             TypeFunction 6(float) 50(fvec2)
      4(main_fs):           2 Function None 3
               5:             Label
              37:    9(fvec4) Load 36(gps_vColor)
              40:     38(ptr) AccessChain 24(sa) 39
                              Store 40 37
             111:           2 FunctionCall 84(block_prim_0)
                              Return
                              FunctionEnd
41(frag_output_finalize):           2 Function None 3
              42:             Label
              43:     38(ptr) AccessChain 23(pa) 39
              44:     38(ptr) AccessChain 23(pa) 39
              45:    9(fvec4) Load 44
              46:    9(fvec4) Load 43
              47:    6(float) VectorExtractDynamic 46 39
              49:    6(float) VectorExtractDynamic 46 48
              51:   50(fvec2) CompositeConstruct 47 49
              52:    6(float) VectorExtractDynamic 51 39
              62:   50(fvec2) FunctionCall 56(unpack2xF16) 52
              63:    6(float) VectorExtractDynamic 51 48
              64:   50(fvec2) FunctionCall 56(unpack2xF16) 63
              65:    6(float) VectorExtractDynamic 62 39
              66:    6(float) VectorExtractDynamic 62 48
              67:    6(float) VectorExtractDynamic 64 39
              68:    6(float) VectorExtractDynamic 64 48
              69:    9(fvec4) CompositeConstruct 65 66 67 68
                              Store 71(out_color) 69
                              Return
                              FunctionEnd
 56(unpack2xF16):   50(fvec2) Function None 54
              55:    6(float) FunctionParameter
              57:             Label
              58:     53(int) Bitcast 55
              60:   50(fvec2) ExtInst 59(GLSL.std.450) 62(UnpackHalf2x16) 58
                              ReturnValue 60
                              FunctionEnd
84(block_prim_0):           2 Function None 3
              85:             Label
                              Line 1 1 0
              86:     38(ptr) AccessChain 24(sa) 39
              87:     38(ptr) AccessChain 24(sa) 39
              88:    9(fvec4) Load 87
              89:    9(fvec4) Load 86
              90:    6(float) VectorExtractDynamic 89 39
              91:    6(float) VectorExtractDynamic 89 48
              92:   50(fvec2) CompositeConstruct 90 91
             101:    6(float) FunctionCall 95(pack2xF16) 92
             102:    6(float) VectorExtractDynamic 89 16
             103:    6(float) VectorExtractDynamic 89 12
             104:   50(fvec2) CompositeConstruct 102 103
             105:    6(float) FunctionCall 95(pack2xF16) 104
             106:   50(fvec2) CompositeConstruct 101 105
             107:     38(ptr) AccessChain 23(pa) 39
             108:    9(fvec4) Load 107
             109:    9(fvec4) VectorShuffle 108 106 4 5 2 3
                              Store 107 109
             110:           2 FunctionCall 41(frag_output_finalize)
                              Return
                              FunctionEnd
   95(pack2xF16):    6(float) Function None 93
              94:   50(fvec2) FunctionParameter
              96:             Label
              98:     53(int) ExtInst 97(GLSL.std.450) 58(PackHalf2x16) 94
              99:    6(float) Bitcast 98
                              ReturnValue 99
                              FunctionEnd

[01:51:11.971] |D| [shader::convert_gxp_to_glsl]: Generated GLSL:
#version 420

uniform vec4 gps_vColor;

layout(location = 0) out vec4 out_color;
vec4 pa[32];
vec4 sa[32];
vec4 internals[3];
vec4 r[20];
bool p[4];
int idx[2];
vec4 outs[10];

float pack2xF16(vec2 _94)
{
    return uintBitsToFloat(packHalf2x16(_94));
}

vec2 unpack2xF16(float _55)
{
    return unpackHalf2x16(floatBitsToUint(_55));
}

void frag_output_finalize()
{
    vec2 _51 = vec2(pa[0].x, pa[0].y);
    vec2 _62 = unpack2xF16(_51.x);
    vec2 _64 = unpack2xF16(_51.y);
    out_color = vec4(_62.x, _62.y, _64.x, _64.y);
}

void block_prim_0()
{
    vec2 _106 = vec2(pack2xF16(vec2(sa[0].x, sa[0].y)), pack2xF16(vec2(sa[0].z, sa[0].w)));
    pa[0] = vec4(_106.x, _106.y, pa[0].z, pa[0].w);
    frag_output_finalize();
}

void main()
{
    sa[0] = gps_vColor;
    block_prim_0();
}


[01:51:12.001] |I| [renderer::gl::load_shader]: Generating vert shader 358b8cc410557fb4ea73b2a8ca932326f15fd48d456a124068f728af68ad030d
[01:51:12.003] |D| [shader::create_parameters]: [BUFFER0  + 0] pa0 = (float4) aPosition
[01:51:12.004] |W| [shader::create_parameters]: Container for literal not found, skipping creating literals!
[01:51:12.005] |T| [shader::usse::USSERecompiler::get_or_recompile_block]: Recompiling block_0, size = 4, id = 63
[01:51:12.009] |D| [shader::spirv_disasm_print]: SPIR-V Disassembly:
// Module Version 10400
// Generated by (magic number): 1337000
// Id's are bound by 85

                              Capability Shader
              50:             ExtInstImport  "GLSL.std.450"
                              MemoryModel Logical GLSL450
                              EntryPoint Vertex 4  "main_vs"
               1:             String  "358b8cc410557fb4ea73b2a8ca932326f15fd48d456a124068f728af68ad030d"
                              SourceExtension  "gxp"
                              Name 4  "main_vs"
                              Name 23  "pa"
                              Name 24  "sa"
                              Name 26  "internals"
                              Name 28  "r"
                              Name 30  "p"
                              Name 32  "idx"
                              Name 34  "outs"
                              Name 36  "aPosition"
                              Name 41  "vert_output_finalize"
                              Name 44  "v_Position"
                              Name 63  "block_prim_0"
                              Decorate 44(v_Position) BuiltIn Position
               2:             TypeVoid
               3:             TypeFunction 2
               6:             TypeFloat 32
               7:             TypeInt 32 1
               8:             TypeBool
               9:             TypeVector 6(float) 4
              10:      7(int) Constant 32
              11:             TypeArray 9(fvec4) 10
              12:      7(int) Constant 3
              13:             TypeArray 9(fvec4) 12
              14:      7(int) Constant 20
              15:             TypeArray 9(fvec4) 14
              16:      7(int) Constant 2
              17:             TypeArray 7(int) 16
              18:      7(int) Constant 4
              19:             TypeArray 8(bool) 18
              20:      7(int) Constant 10
              21:             TypeArray 9(fvec4) 20
              22:             TypePointer Private 11
          23(pa):     22(ptr) Variable Private
          24(sa):     22(ptr) Variable Private
              25:             TypePointer Private 13
   26(internals):     25(ptr) Variable Private
              27:             TypePointer Private 15
           28(r):     27(ptr) Variable Private
              29:             TypePointer Private 19
           30(p):     29(ptr) Variable Private
              31:             TypePointer Private 17
         32(idx):     31(ptr) Variable Private
              33:             TypePointer Private 21
        34(outs):     33(ptr) Variable Private
              35:             TypePointer Input 9(fvec4)
   36(aPosition):     35(ptr) Variable Input
              38:             TypePointer Private 9(fvec4)
              39:      7(int) Constant 0
              43:             TypePointer Output 9(fvec4)
  44(v_Position):     43(ptr) Variable Output
              51:             TypeInt 32 0
              52:    6(float) Constant 1056964608
              53:    6(float) Constant 0
              54:    6(float) Constant 1065353216
              55:    6(float) Constant 1073741824
              56:             TypeVector 6(float) 1
              57:    56(fvec) ConstantComposite 53
              58:             TypeVector 6(float) 2
              59:   58(fvec2) ConstantComposite 53 53
              60:             TypeVector 6(float) 3
              61:   60(fvec3) ConstantComposite 53 53 53
              62:    9(fvec4) ConstantComposite 53 53 53 53
              70:      7(int) Constant 1
              73:   58(fvec2) ConstantComposite 54 54
      4(main_vs):           2 Function None 3
               5:             Label
              37:    9(fvec4) Load 36(aPosition)
              40:     38(ptr) AccessChain 23(pa) 39
                              Store 40 37
              84:           2 FunctionCall 63(block_prim_0)
                              Return
                              FunctionEnd
41(vert_output_finalize):           2 Function None 3
              42:             Label
              45:     38(ptr) AccessChain 34(outs) 39
              46:     38(ptr) AccessChain 34(outs) 39
              47:    9(fvec4) Load 46
              48:    9(fvec4) Load 45
                              Store 44(v_Position) 48
                              Return
                              FunctionEnd
63(block_prim_0):           2 Function None 3
              64:             Label
                              Line 1 1 0
              65:     38(ptr) AccessChain 23(pa) 39
              66:     38(ptr) AccessChain 23(pa) 39
              67:    9(fvec4) Load 66
              68:    9(fvec4) Load 65
              69:    6(float) VectorExtractDynamic 68 39
              71:    6(float) VectorExtractDynamic 68 70
              72:   58(fvec2) CompositeConstruct 69 71
              74:   58(fvec2) FMul 72 73
              75:     38(ptr) AccessChain 34(outs) 39
              76:    9(fvec4) Load 75
              77:    9(fvec4) VectorShuffle 76 74 4 5 2 3
                              Store 75 77
                              Line 1 2 0
              78:   58(fvec2) CompositeConstruct 54 54
              79:   58(fvec2) FMul 78 73
              80:     38(ptr) AccessChain 34(outs) 39
              81:    9(fvec4) Load 80
              82:    9(fvec4) VectorShuffle 81 79 0 1 4 5
                              Store 80 82
              83:           2 FunctionCall 41(vert_output_finalize)
                              Return
                              FunctionEnd

[01:51:12.013] |D| [shader::convert_gxp_to_glsl]: Generated GLSL:
#version 420

in vec4 aPosition;
vec4 pa[32];
vec4 sa[32];
vec4 internals[3];
vec4 r[20];
bool p[4];
int idx[2];
vec4 outs[10];

void vert_output_finalize()
{
    gl_Position = outs[0];
}

void block_prim_0()
{
    vec2 _74 = vec2(pa[0].x, pa[0].y) * vec2(1.0);
    outs[0] = vec4(_74.x, _74.y, outs[0].z, outs[0].w);
    vec2 _79 = vec2(1.0) * vec2(1.0);
    outs[0] = vec4(outs[0].x, outs[0].y, _79.x, _79.y);
    vert_output_finalize();
}

void main()
{
    pa[0] = aPosition;
    block_prim_0();
}


[01:51:12.046] |E| [renderer::gl::compile_program]: Vertex info
-----------
0(10) : warning C7050: "outs[0].zw" might be used before being initialized

Fragment info
-------------
0(6) : warning C7050: "pa[0].zw" might be used before being initialized


[01:51:12.049] |I| [renderer::gl::load_shader]: Generating frag shader 273cf405f232c958f7246bac6ee1e13c26b07f59463efaffc27c4504eaee79a4
[01:51:12.050] |W| [shader::create_parameters]: Container for literal not found, skipping creating literals!
[01:51:12.051] |D| [shader::create_fragment_inputs]: Iterator: pa0 = (float4) v_Color0
[01:51:12.052] |T| [shader::create_fragment_inputs]: pa4 = tex2D<float4>(txrSampler0, TEXCOORD0.xy)
[01:51:12.053] |T| [shader::usse::USSERecompiler::get_or_recompile_block]: Recompiling block_0, size = 5, id = 91
[01:51:12.057] |D| [shader::spirv_disasm_print]: SPIR-V Disassembly:
// Module Version 10400
// Generated by (magic number): 1337000
// Id's are bound by 134

                              Capability Shader
              64:             ExtInstImport  "GLSL.std.450"
              78:             ExtInstImport  "GLSL.std.450"
             119:             ExtInstImport  "GLSL.std.450"
                              MemoryModel Logical GLSL450
                              EntryPoint Fragment 4  "main_fs"
                              ExecutionMode 4 OriginLowerLeft
               1:             String  "273cf405f232c958f7246bac6ee1e13c26b07f59463efaffc27c4504eaee79a4"
                              SourceExtension  "gxp"
                              Name 4  "main_fs"
                              Name 23  "pa"
                              Name 24  "sa"
                              Name 26  "internals"
                              Name 28  "r"
                              Name 30  "p"
                              Name 32  "idx"
                              Name 34  "outs"
                              Name 38  "txrSampler0"
                              Name 40  "v_Color0"
                              Name 45  "v_TexCoord0"
                              Name 46  "frag_output_finalize"
                              Name 61  "unpack2xF16"
                              Name 76  "out_color"
                              Name 91  "block_prim_0"
                              Name 117  "pack2xF16"
                              Decorate 76(out_color) Location 0
               2:             TypeVoid
               3:             TypeFunction 2
               6:             TypeFloat 32
               7:             TypeInt 32 1
               8:             TypeBool
               9:             TypeVector 6(float) 4
              10:      7(int) Constant 32
              11:             TypeArray 9(fvec4) 10
              12:      7(int) Constant 3
              13:             TypeArray 9(fvec4) 12
              14:      7(int) Constant 20
              15:             TypeArray 9(fvec4) 14
              16:      7(int) Constant 2
              17:             TypeArray 7(int) 16
              18:      7(int) Constant 4
              19:             TypeArray 8(bool) 18
              20:      7(int) Constant 10
              21:             TypeArray 9(fvec4) 20
              22:             TypePointer Private 11
          23(pa):     22(ptr) Variable Private
          24(sa):     22(ptr) Variable Private
              25:             TypePointer Private 13
   26(internals):     25(ptr) Variable Private
              27:             TypePointer Private 15
           28(r):     27(ptr) Variable Private
              29:             TypePointer Private 19
           30(p):     29(ptr) Variable Private
              31:             TypePointer Private 17
         32(idx):     31(ptr) Variable Private
              33:             TypePointer Private 21
        34(outs):     33(ptr) Variable Private
              35:             TypeImage 6(float) 2D sampled format:Unknown
              36:             TypeSampledImage 35
              37:             TypePointer UniformConstant 36
 38(txrSampler0):     37(ptr) Variable UniformConstant
              39:             TypePointer Input 9(fvec4)
    40(v_Color0):     39(ptr) Variable Input
              42:             TypePointer Private 9(fvec4)
              43:      7(int) Constant 0
 45(v_TexCoord0):     39(ptr) Variable Input
              53:      7(int) Constant 1
              55:             TypeVector 6(float) 2
              58:             TypeInt 32 0
              59:             TypeFunction 55(fvec2) 6(float)
              75:             TypePointer Output 9(fvec4)
   76(out_color):     75(ptr) Variable Output
              79:    6(float) Constant 1056964608
              80:    6(float) Constant 0
              81:    6(float) Constant 1065353216
              82:    6(float) Constant 1073741824
              83:             TypeVector 6(float) 1
              84:    83(fvec) ConstantComposite 80
              85:   55(fvec2) ConstantComposite 80 80
              86:             TypeVector 6(float) 3
              87:   86(fvec3) ConstantComposite 80 80 80
              88:    9(fvec4) ConstantComposite 80 80 80 80
             115:             TypeFunction 6(float) 55(fvec2)
      4(main_fs):           2 Function None 3
               5:             Label
              41:    9(fvec4) Load 40(v_Color0)
              44:     42(ptr) AccessChain 23(pa) 43
                              Store 44 41
              89:    9(fvec4) ImageSampleImplicitLod 38(txrSampler0) 45(v_TexCoord0)
              90:     42(ptr) AccessChain 23(pa) 53
                              Store 90 89
             133:           2 FunctionCall 91(block_prim_0)
                              Return
                              FunctionEnd
46(frag_output_finalize):           2 Function None 3
              47:             Label
              48:     42(ptr) AccessChain 23(pa) 43
              49:     42(ptr) AccessChain 23(pa) 43
              50:    9(fvec4) Load 49
              51:    9(fvec4) Load 48
              52:    6(float) VectorExtractDynamic 51 43
              54:    6(float) VectorExtractDynamic 51 53
              56:   55(fvec2) CompositeConstruct 52 54
              57:    6(float) VectorExtractDynamic 56 43
              67:   55(fvec2) FunctionCall 61(unpack2xF16) 57
              68:    6(float) VectorExtractDynamic 56 53
              69:   55(fvec2) FunctionCall 61(unpack2xF16) 68
              70:    6(float) VectorExtractDynamic 67 43
              71:    6(float) VectorExtractDynamic 67 53
              72:    6(float) VectorExtractDynamic 69 43
              73:    6(float) VectorExtractDynamic 69 53
              74:    9(fvec4) CompositeConstruct 70 71 72 73
                              Store 76(out_color) 74
                              Return
                              FunctionEnd
 61(unpack2xF16):   55(fvec2) Function None 59
              60:    6(float) FunctionParameter
              62:             Label
              63:     58(int) Bitcast 60
              65:   55(fvec2) ExtInst 64(GLSL.std.450) 62(UnpackHalf2x16) 63
                              ReturnValue 65
                              FunctionEnd
91(block_prim_0):           2 Function None 3
              92:             Label
                              Line 1 2 0
              93:     42(ptr) AccessChain 23(pa) 43
              94:     42(ptr) AccessChain 23(pa) 43
              95:    9(fvec4) Load 94
              96:    9(fvec4) Load 93
              97:     42(ptr) AccessChain 26(internals) 43
                              Store 97 96
                              Line 1 3 0
              98:     42(ptr) AccessChain 23(pa) 53
              99:     42(ptr) AccessChain 23(pa) 53
             100:    9(fvec4) Load 99
             101:    9(fvec4) Load 98
             102:     42(ptr) AccessChain 26(internals) 53
                              Store 102 101
                              Line 1 4 0
             103:     42(ptr) AccessChain 26(internals) 53
             104:     42(ptr) AccessChain 26(internals) 53
             105:    9(fvec4) Load 104
             106:    9(fvec4) Load 103
             107:     42(ptr) AccessChain 26(internals) 43
             108:     42(ptr) AccessChain 26(internals) 43
             109:    9(fvec4) Load 108
             110:    9(fvec4) Load 107
             111:    9(fvec4) FMul 106 110
             112:    6(float) VectorExtractDynamic 111 43
             113:    6(float) VectorExtractDynamic 111 53
             114:   55(fvec2) CompositeConstruct 112 113
             123:    6(float) FunctionCall 117(pack2xF16) 114
             124:    6(float) VectorExtractDynamic 111 16
             125:    6(float) VectorExtractDynamic 111 12
             126:   55(fvec2) CompositeConstruct 124 125
             127:    6(float) FunctionCall 117(pack2xF16) 126
             128:   55(fvec2) CompositeConstruct 123 127
             129:     42(ptr) AccessChain 23(pa) 43
             130:    9(fvec4) Load 129
             131:    9(fvec4) VectorShuffle 130 128 4 5 2 3
                              Store 129 131
             132:           2 FunctionCall 46(frag_output_finalize)
                              Return
                              FunctionEnd
  117(pack2xF16):    6(float) Function None 115
             116:   55(fvec2) FunctionParameter
             118:             Label
             120:     58(int) ExtInst 119(GLSL.std.450) 58(PackHalf2x16) 116
             121:    6(float) Bitcast 120
                              ReturnValue 121
                              FunctionEnd

[01:51:12.062] |D| [shader::convert_gxp_to_glsl]: Generated GLSL:
#version 420

uniform sampler2D txrSampler0;

in vec4 v_Color0;
in vec4 v_TexCoord0;
layout(location = 0) out vec4 out_color;
vec4 pa[32];
vec4 sa[32];
vec4 internals[3];
vec4 r[20];
bool p[4];
int idx[2];
vec4 outs[10];

float pack2xF16(vec2 _116)
{
    return uintBitsToFloat(packHalf2x16(_116));
}

vec2 unpack2xF16(float _60)
{
    return unpackHalf2x16(floatBitsToUint(_60));
}

void frag_output_finalize()
{
    vec2 _56 = vec2(pa[0].x, pa[0].y);
    vec2 _67 = unpack2xF16(_56.x);
    vec2 _69 = unpack2xF16(_56.y);
    out_color = vec4(_67.x, _67.y, _69.x, _69.y);
}

void block_prim_0()
{
    internals[0] = pa[0];
    internals[1] = pa[1];
    vec4 _111 = internals[1] * internals[0];
    vec2 _128 = vec2(pack2xF16(vec2(_111.x, _111.y)), pack2xF16(vec2(_111.z, _111.w)));
    pa[0] = vec4(_128.x, _128.y, pa[0].z, pa[0].w);
    frag_output_finalize();
}

void main()
{
    pa[0] = v_Color0;
    pa[1] = texture(txrSampler0, v_TexCoord0.xy);
    block_prim_0();
}


[01:51:12.067] |I| [renderer::gl::load_shader]: Generating vert shader 23c838138347dd4ad8a5ded7b56612979a4b31a4da9eddc2aec12f36ba4b81fe
[01:51:12.070] |D| [shader::create_parameters]: [BUFFER0  + 0] pa0 = (float4) IN_pos
[01:51:12.072] |D| [shader::create_parameters]: [BUFFER0  + 4] pa4 = (float4) IN_color
[01:51:12.073] |D| [shader::create_parameters]: [BUFFER0  + 8] pa8 = (float4) IN_uv0
[01:51:12.074] |D| [shader::create_parameters]: [DEFAULT  + 0] sa0 = (float4) gModelViewProj[4]
[01:51:12.074] |W| [shader::create_parameters]: Container for literal not found, skipping creating literals!
[01:51:12.076] |T| [shader::usse::USSERecompiler::get_or_recompile_block]: Recompiling block_0, size = 5, id = 96
[01:51:12.090] |D| [shader::spirv_disasm_print]: SPIR-V Disassembly:
// Module Version 10400
// Generated by (magic number): 1337000
// Id's are bound by 183

                              Capability Shader
              84:             ExtInstImport  "GLSL.std.450"
                              MemoryModel Logical GLSL450
                              EntryPoint Vertex 4  "main_vs"
               1:             String  "23c838138347dd4ad8a5ded7b56612979a4b31a4da9eddc2aec12f36ba4b81fe"
                              SourceExtension  "gxp"
                              Name 4  "main_vs"
                              Name 23  "pa"
                              Name 24  "sa"
                              Name 26  "internals"
                              Name 28  "r"
                              Name 30  "p"
                              Name 32  "idx"
                              Name 34  "outs"
                              Name 36  "IN_pos"
                              Name 41  "IN_color"
                              Name 45  "IN_uv0"
                              Name 52  "gModelViewProj"
                              Name 65  "vert_output_finalize"
                              Name 68  "v_Position"
                              Name 73  "v_Color0"
                              Name 78  "v_TexCoord0"
                              Name 96  "block_prim_0"
                              Decorate 68(v_Position) BuiltIn Position
               2:             TypeVoid
               3:             TypeFunction 2
               6:             TypeFloat 32
               7:             TypeInt 32 1
               8:             TypeBool
               9:             TypeVector 6(float) 4
              10:      7(int) Constant 32
              11:             TypeArray 9(fvec4) 10
              12:      7(int) Constant 3
              13:             TypeArray 9(fvec4) 12
              14:      7(int) Constant 20
              15:             TypeArray 9(fvec4) 14
              16:      7(int) Constant 2
              17:             TypeArray 7(int) 16
              18:      7(int) Constant 4
              19:             TypeArray 8(bool) 18
              20:      7(int) Constant 10
              21:             TypeArray 9(fvec4) 20
              22:             TypePointer Private 11
          23(pa):     22(ptr) Variable Private
          24(sa):     22(ptr) Variable Private
              25:             TypePointer Private 13
   26(internals):     25(ptr) Variable Private
              27:             TypePointer Private 15
           28(r):     27(ptr) Variable Private
              29:             TypePointer Private 19
           30(p):     29(ptr) Variable Private
              31:             TypePointer Private 17
         32(idx):     31(ptr) Variable Private
              33:             TypePointer Private 21
        34(outs):     33(ptr) Variable Private
              35:             TypePointer Input 9(fvec4)
      36(IN_pos):     35(ptr) Variable Input
              38:             TypePointer Private 9(fvec4)
              39:      7(int) Constant 0
    41(IN_color):     35(ptr) Variable Input
              43:      7(int) Constant 1
      45(IN_uv0):     35(ptr) Variable Input
              48:             TypeInt 32 0
              49:     48(int) Constant 4
              50:             TypeArray 9(fvec4) 49
              51:             TypePointer UniformConstant 50
52(gModelViewProj):     51(ptr) Variable UniformConstant
              67:             TypePointer Output 9(fvec4)
  68(v_Position):     67(ptr) Variable Output
    73(v_Color0):     67(ptr) Variable Output
 78(v_TexCoord0):     67(ptr) Variable Output
              85:    6(float) Constant 1056964608
              86:    6(float) Constant 0
              87:    6(float) Constant 1065353216
              88:    6(float) Constant 1073741824
              89:             TypeVector 6(float) 1
              90:    89(fvec) ConstantComposite 86
              91:             TypeVector 6(float) 2
              92:   91(fvec2) ConstantComposite 86 86
              93:             TypeVector 6(float) 3
              94:   93(fvec3) ConstantComposite 86 86 86
              95:    9(fvec4) ConstantComposite 86 86 86 86
      4(main_vs):           2 Function None 3
               5:             Label
              37:    9(fvec4) Load 36(IN_pos)
              40:     38(ptr) AccessChain 23(pa) 39
                              Store 40 37
              42:    9(fvec4) Load 41(IN_color)
              44:     38(ptr) AccessChain 23(pa) 43
                              Store 44 42
              46:    9(fvec4) Load 45(IN_uv0)
              47:     38(ptr) AccessChain 23(pa) 16
                              Store 47 46
              53:     38(ptr) AccessChain 52(gModelViewProj) 39
              54:    9(fvec4) Load 53
              55:     38(ptr) AccessChain 24(sa) 39
                              Store 55 54
              56:     38(ptr) AccessChain 52(gModelViewProj) 43
              57:    9(fvec4) Load 56
              58:     38(ptr) AccessChain 24(sa) 43
                              Store 58 57
              59:     38(ptr) AccessChain 52(gModelViewProj) 16
              60:    9(fvec4) Load 59
              61:     38(ptr) AccessChain 24(sa) 16
                              Store 61 60
              62:     38(ptr) AccessChain 52(gModelViewProj) 12
              63:    9(fvec4) Load 62
              64:     38(ptr) AccessChain 24(sa) 12
                              Store 64 63
             182:           2 FunctionCall 96(block_prim_0)
                              Return
                              FunctionEnd
65(vert_output_finalize):           2 Function None 3
              66:             Label
              69:     38(ptr) AccessChain 34(outs) 39
              70:     38(ptr) AccessChain 34(outs) 39
              71:    9(fvec4) Load 70
              72:    9(fvec4) Load 69
                              Store 68(v_Position) 72
              74:     38(ptr) AccessChain 34(outs) 43
              75:     38(ptr) AccessChain 34(outs) 43
              76:    9(fvec4) Load 75
              77:    9(fvec4) Load 74
                              Store 73(v_Color0) 77
              79:     38(ptr) AccessChain 34(outs) 16
              80:     38(ptr) AccessChain 34(outs) 16
              81:    9(fvec4) Load 80
              82:    9(fvec4) Load 79
                              Store 78(v_TexCoord0) 82
                              Return
                              FunctionEnd
96(block_prim_0):           2 Function None 3
              97:             Label
                              Line 1 1 0
              98:     38(ptr) AccessChain 23(pa) 43
              99:     38(ptr) AccessChain 23(pa) 43
             100:    9(fvec4) Load 99
             101:    9(fvec4) Load 98
             102:    6(float) VectorExtractDynamic 101 39
             103:    6(float) VectorExtractDynamic 101 43
             104:   91(fvec2) CompositeConstruct 102 103
             105:     38(ptr) AccessChain 34(outs) 43
             106:    9(fvec4) Load 105
             107:    9(fvec4) VectorShuffle 106 104 4 5 2 3
                              Store 105 107
             108:     38(ptr) AccessChain 23(pa) 43
             109:     38(ptr) AccessChain 23(pa) 16
             110:    9(fvec4) Load 109
             111:    9(fvec4) Load 108
             112:    6(float) VectorExtractDynamic 111 16
             113:    6(float) VectorExtractDynamic 111 12
             114:   91(fvec2) CompositeConstruct 112 113
             115:     38(ptr) AccessChain 34(outs) 43
             116:    9(fvec4) Load 115
             117:    9(fvec4) VectorShuffle 116 114 0 1 4 5
                              Store 115 117
             118:     38(ptr) AccessChain 23(pa) 16
             119:     38(ptr) AccessChain 23(pa) 16
             120:    9(fvec4) Load 119
             121:    9(fvec4) Load 118
             122:    6(float) VectorExtractDynamic 121 39
             123:    6(float) VectorExtractDynamic 121 43
             124:   91(fvec2) CompositeConstruct 122 123
             125:     38(ptr) AccessChain 34(outs) 16
             126:    9(fvec4) Load 125
             127:    9(fvec4) VectorShuffle 126 124 4 5 2 3
                              Store 125 127
                              Line 1 2 0
             128:     38(ptr) AccessChain 23(pa) 39
             129:     38(ptr) AccessChain 23(pa) 39
             130:    9(fvec4) Load 129
             131:    9(fvec4) Load 128
             132:     38(ptr) AccessChain 26(internals) 39
                              Store 132 131
                              Line 1 3 0
             133:     38(ptr) AccessChain 26(internals) 39
             134:     38(ptr) AccessChain 26(internals) 39
             135:    9(fvec4) Load 134
             136:    9(fvec4) Load 133
             137:     38(ptr) AccessChain 24(sa) 39
             138:     38(ptr) AccessChain 24(sa) 39
             139:    9(fvec4) Load 138
             140:    9(fvec4) Load 137
             141:    6(float) Dot 136 140
             142:     38(ptr) AccessChain 34(outs) 39
             143:    9(fvec4) Load 142
             144:    9(fvec4) VectorInsertDynamic 143 141 39
                              Store 142 144
             145:     38(ptr) AccessChain 26(internals) 39
             146:     38(ptr) AccessChain 26(internals) 39
             147:    9(fvec4) Load 146
             148:    9(fvec4) Load 145
             149:     38(ptr) AccessChain 24(sa) 43
             150:     38(ptr) AccessChain 24(sa) 43
             151:    9(fvec4) Load 150
             152:    9(fvec4) Load 149
             153:    6(float) Dot 148 152
             154:     38(ptr) AccessChain 34(outs) 39
             155:    9(fvec4) Load 154
             156:    9(fvec4) VectorInsertDynamic 155 153 43
                              Store 154 156
             157:     38(ptr) AccessChain 26(internals) 39
             158:     38(ptr) AccessChain 26(internals) 39
             159:    9(fvec4) Load 158
             160:    9(fvec4) Load 157
             161:     38(ptr) AccessChain 24(sa) 16
             162:     38(ptr) AccessChain 24(sa) 16
             163:    9(fvec4) Load 162
             164:    9(fvec4) Load 161
             165:    6(float) Dot 160 164
             166:     38(ptr) AccessChain 34(outs) 39
             167:    9(fvec4) Load 166
             168:    9(fvec4) VectorInsertDynamic 167 165 16
                              Store 166 168
             169:     38(ptr) AccessChain 26(internals) 39
             170:     38(ptr) AccessChain 26(internals) 39
             171:    9(fvec4) Load 170
             172:    9(fvec4) Load 169
             173:     38(ptr) AccessChain 24(sa) 12
             174:     38(ptr) AccessChain 24(sa) 12
             175:    9(fvec4) Load 174
             176:    9(fvec4) Load 173
             177:    6(float) Dot 172 176
             178:     38(ptr) AccessChain 34(outs) 39
             179:    9(fvec4) Load 178
             180:    9(fvec4) VectorInsertDynamic 179 177 12
                              Store 178 180
             181:           2 FunctionCall 65(vert_output_finalize)
                              Return
                              FunctionEnd

[01:51:12.096] |D| [shader::convert_gxp_to_glsl]: Generated GLSL:
#version 420

uniform vec4 gModelViewProj[4];

in vec4 IN_pos;
in vec4 IN_color;
in vec4 IN_uv0;
out vec4 v_Color0;
out vec4 v_TexCoord0;
vec4 pa[32];
vec4 sa[32];
vec4 internals[3];
vec4 r[20];
bool p[4];
int idx[2];
vec4 outs[10];

void vert_output_finalize()
{
    gl_Position = outs[0];
    v_Color0 = outs[1];
    v_TexCoord0 = outs[2];
}

void block_prim_0()
{
    vec2 _104 = vec2(pa[1].x, pa[1].y);
    outs[1] = vec4(_104.x, _104.y, outs[1].z, outs[1].w);
    vec2 _114 = vec2(pa[1].z, pa[1].w);
    outs[1] = vec4(outs[1].x, outs[1].y, _114.x, _114.y);
    vec2 _124 = vec2(pa[2].x, pa[2].y);
    outs[2] = vec4(_124.x, _124.y, outs[2].z, outs[2].w);
    internals[0] = pa[0];
    vec4 _144 = outs[0];
    _144.x = dot(internals[0], sa[0]);
    outs[0] = _144;
    vec4 _156 = outs[0];
    _156.y = dot(internals[0], sa[1]);
    outs[0] = _156;
    vec4 _168 = outs[0];
    _168.z = dot(internals[0], sa[2]);
    outs[0] = _168;
    vec4 _180 = outs[0];
    _180.w = dot(internals[0], sa[3]);
    outs[0] = _180;
    vert_output_finalize();
}

void main()
{
    pa[0] = IN_pos;
    pa[1] = IN_color;
    pa[2] = IN_uv0;
    sa[0] = gModelViewProj[0];
    sa[1] = gModelViewProj[1];
    sa[2] = gModelViewProj[2];
    sa[3] = gModelViewProj[3];
    block_prim_0();
}


[01:51:12.113] |E| [renderer::gl::compile_program]: Vertex info
-----------
0(16) : warning C7050: "outs[0]" might be used before being initialized
0(16) : warning C7050: "outs[1].zw" might be used before being initialized
0(16) : warning C7050: "outs[2].zw" might be used before being initialized


[01:51:12.121] |W| [stubbed_impl]: Stubbed sceDisplayWaitVblankStart import called. (wait for vblank)
[01:51:22.581] |T| [write_file]: *** TTY: Opening:System\Icon_Sly1_EU.tga
[01:51:22.582] |T| [write_file]: *** TTY: Opening:System\Icon_Sly1_EU.tga
[01:51:22.583] |T| [seek_file]: sceIoPread: Seeking fd: 0x5, offset: 0x13E00, whence: SCE_SEEK_SET
[01:51:22.583] |T| [read_file]: sceIoPread: Reading 11776 bytes of fd 0x5
[01:51:22.584] |T| [seek_file]: sceIoPread: Seeking fd: 0x5, offset: 0x0, whence: SCE_SEEK_SET
[01:51:22.585] |T| [seek_file]: sceIoPread: Seeking fd: 0x5, offset: 0x23000, whence: SCE_SEEK_SET
[01:51:22.586] |T| [read_file]: sceIoPread: Reading 2048 bytes of fd 0x5
[01:51:22.587] |T| [seek_file]: sceIoPread: Seeking fd: 0x5, offset: 0x0, whence: SCE_SEEK_SET
[01:51:22.587] |T| [seek_file]: sceIoPread: Seeking fd: 0x5, offset: 0x1C800, whence: SCE_SEEK_SET
[01:51:22.588] |T| [read_file]: sceIoPread: Reading 27136 bytes of fd 0x5
[01:51:22.589] |T| [seek_file]: sceIoPread: Seeking fd: 0x5, offset: 0x0, whence: SCE_SEEK_SET
[01:51:22.590] |T| [seek_file]: sceIoPread: Seeking fd: 0x5, offset: 0x16A00, whence: SCE_SEEK_SET
[01:51:22.591] |T| [read_file]: sceIoPread: Reading 24576 bytes of fd 0x5
[01:51:22.591] |T| [seek_file]: sceIoPread: Seeking fd: 0x5, offset: 0x0, whence: SCE_SEEK_SET
[01:51:22.600] |T| [write_file]: *** TTY: Opening:System\Icon_Sly2_EU.tga
[01:51:22.602] |T| [write_file]: *** TTY: Opening:System\Icon_Sly2_EU.tga
[01:51:22.602] |T| [seek_file]: sceIoPread: Seeking fd: 0x5, offset: 0x49A00, whence: SCE_SEEK_SET
[01:51:22.603] |T| [read_file]: sceIoPread: Reading 9728 bytes of fd 0x5
[01:51:22.604] |T| [seek_file]: sceIoPread: Seeking fd: 0x5, offset: 0x0, whence: SCE_SEEK_SET
[01:51:22.604] |T| [seek_file]: sceIoPread: Seeking fd: 0x5, offset: 0x57400, whence: SCE_SEEK_SET
[01:51:22.605] |T| [read_file]: sceIoPread: Reading 2048 bytes of fd 0x5
[01:51:22.606] |T| [seek_file]: sceIoPread: Seeking fd: 0x5, offset: 0x0, whence: SCE_SEEK_SET
[01:51:22.607] |T| [seek_file]: sceIoPread: Seeking fd: 0x5, offset: 0x52000, whence: SCE_SEEK_SET
[01:51:22.608] |T| [read_file]: sceIoPread: Reading 22016 bytes of fd 0x5
[01:51:22.609] |T| [seek_file]: sceIoPread: Seeking fd: 0x5, offset: 0x0, whence: SCE_SEEK_SET
[01:51:22.610] |T| [seek_file]: sceIoPread: Seeking fd: 0x5, offset: 0x4BE00, whence: SCE_SEEK_SET
[01:51:22.611] |T| [read_file]: sceIoPread: Reading 25600 bytes of fd 0x5
[01:51:22.612] |T| [seek_file]: sceIoPread: Seeking fd: 0x5, offset: 0x0, whence: SCE_SEEK_SET
[01:51:26.009] |W| [unimplemented_impl]: Unimplemented sceNgsVoiceKill import called.
[01:51:26.014] |W| [unimplemented_impl]: Unimplemented sceNgsVoiceSetParamsBlock import called.
[01:51:27.933] |W| [unimplemented_impl]: Unimplemented sceAppMgrLoadExec import called.
[01:51:27.952] |W| [unimplemented_impl]: Unimplemented sceKernelCallAbortHandler import called.
[01:51:27.952] |W| [unimplemented_impl]: Unimplemented sceKernelCallModuleExit import called.
[01:51:27.955] |E| [log_error_details]: Unicorn error 0x6. Invalid memory read (UC_ERR_READ_UNMAPPED)
[01:51:27.961] |E| [log_error_details]: Executing: sub.w lr, r1, #8
[01:51:27.961] |E| [log_error_details]: PC: 0x8102a4fe,   SP: 0x000d2f60,   LR: 0x0ef8e258
[01:51:27.962] |E| [log_error_details]: r0 : 0x00000000   r6 : 0x00180080
[01:51:27.963] |E| [log_error_details]: r1 : 0x0ef8e260   r7 : 0x8105e83d
[01:51:27.964] |E| [log_error_details]: r2 : 0x810ed0e0   r8 : 0x810c7e34
[01:51:27.965] |E| [log_error_details]: r3 : 0x02a9ff80   r9 : 0x0004dce0
[01:51:27.966] |E| [log_error_details]: r4 : 0x810ca1c4   r10: 0x00000000
[01:51:27.967] |E| [log_error_details]: r5 : 0x02a9ff40   r11: 0x81144fac
[01:51:27.968] |E| [log_error_details]: r12: 0x00156890
[01:51:27.969] |E| [run_thread]: Thread PCSF00338 experienced a unicorn error.
