[21:06:52.462] |I| [config::init_config]: backend-renderer: OpenGL
[21:06:52.464] |I| [config::init_config]: log-level: 0
[21:06:52.595] |I| [SDL_main]: Vita3K v0.1.8 3292-6f39c3b1
[21:06:52.596] |I| [SDL_main]: Number of logical CPU cores: 4
[21:06:52.596] |I| [SDL_main]: Available ram memory: 6046 MiB
[21:06:53.493] |I| [renderer::gl::create]: GPU = GeForce 920M/PCIe/SSE2
[21:06:53.494] |I| [renderer::gl::create]: GL_VERSION = 4.6.0 NVIDIA 425.31
[21:06:53.495] |I| [renderer::gl::create]: GL_SHADING_LANGUAGE_VERSION = 4.60 NVIDIA
[21:06:53.495] |I| [renderer::gl::create]: Your GPU only supports texture barrier, performance may not be good on programmable blending games.
[21:06:53.496] |W| [renderer::gl::create]: Consider upgrading to a GPU that has shader interlock.
[21:06:54.193] |W| [compat::load_compat_app_db]: App with Title ID PCSG00289 has an issue but no status label. Please check GitHub issue 2218 and request a status label be added.
[21:06:54.195] |W| [compat::load_compat_app_db]: App with Title ID PCSB00468 has an issue but no status label. Please check GitHub issue 2178 and request a status label be added.
[21:06:54.195] |W| [compat::load_compat_app_db]: App with Title ID PCSE00307 has an issue but no status label. Please check GitHub issue 2129 and request a status label be added.
[21:06:54.196] |W| [compat::load_compat_app_db]: App with Title ID PCSA00133 has an issue but no status label. Please check GitHub issue 1649 and request a status label be added.
[21:06:54.197] |W| [compat::load_compat_app_db]: App with Title ID PCSE00449 has an issue but no status label. Please check GitHub issue 1643 and request a status label be added.
[21:06:54.475] |I| [compat::update_compat_app_db]: Applications compatibility database is up to date.
[21:10:47.080] |I| [gui::set_vsync_state]: V-Sync state: true
[21:10:47.094] |I| [load_app_impl]: cpu-backend: Dynarmic
[21:10:47.095] |I| [load_app_impl]: CPU Optimisation state: true
[21:10:47.096] |I| [load_app_impl]: ngs state: true
[21:10:47.096] |I| [load_app_impl]: Resolution multiplier: 1
[21:10:47.096] |I| [load_app_impl]: 1 Controllers Connected
[21:10:47.097] |I| [load_app_impl]: Controller 0: PS5 Controller
[21:10:47.097] |I| [load_app_impl]: modules mode: Automatic
[21:10:47.098] |I| [load_app_impl]: Title: Sly Raccoon™
[21:10:47.099] |I| [load_app_impl]: Serial: PCSF00269
[21:10:47.101] |I| [load_app_impl]: Version: 1.00
[21:10:47.102] |I| [load_app_impl]: Category: gd
[21:10:47.140] |I| [load_self]: app0:sce_module/libc.suprx: Skipping special segment 0x6fffff01...
[21:10:47.141] |I| [load_self]: Loaded module segment 0 @ [0x00005000 - 0x0004F4B0 / 0x81000000] (size: 0x0004A4B0) of module app0:sce_module/libc.suprx
[21:10:47.143] |I| [load_self]: Loaded module segment 1 @ [0x00050000 - 0x000526F4 / 0x8104B000] (size: 0x000026F4) of module app0:sce_module/libc.suprx
[21:10:47.146] |I| [load_self]: Linking SELF app0:sce_module/libc.suprx...
[21:10:47.147] |D| [load_var_exports]: 	NID 0x6c2224ba (NID_MODULE_INFO) at 0x3bf30
[21:10:47.149] |I| [pre_load_module]: Pre-load module SceLibc (at "sce_module/libc.suprx") loaded
[21:10:47.168] |I| [load_self]: app0:sce_module/libfios2.suprx: Skipping special segment 0x6fffff01...
[21:10:47.169] |I| [load_self]: Loaded module segment 0 @ [0x00053000 - 0x0007722C / 0x81000000] (size: 0x0002422C) of module app0:sce_module/libfios2.suprx
[21:10:47.171] |I| [load_self]: Loaded module segment 1 @ [0x00078000 - 0x0007D1A4 / 0x81025000] (size: 0x000051A4) of module app0:sce_module/libfios2.suprx
[21:10:47.173] |I| [load_self]: Linking SELF app0:sce_module/libfios2.suprx...
[21:10:47.176] |D| [load_var_exports]: 	NID 0x6c2224ba (NID_MODULE_INFO) at 0x6fb70
[21:10:47.177] |I| [pre_load_module]: Pre-load module SceLibFios2 (at "sce_module/libfios2.suprx") loaded
[21:10:47.191] |I| [load_self]: app0:sce_module/libult.suprx: Skipping special segment 0x6fffff01...
[21:10:47.192] |I| [load_self]: Loaded module segment 0 @ [0x0007E000 - 0x00092144 / 0x81000000] (size: 0x00014144) of module app0:sce_module/libult.suprx
[21:10:47.195] |I| [load_self]: Loaded module segment 1 @ [0x00093000 - 0x00093814 / 0x81015000] (size: 0x00000814) of module app0:sce_module/libult.suprx
[21:10:47.197] |I| [load_self]: Linking SELF app0:sce_module/libult.suprx...
[21:10:47.198] |D| [load_var_exports]: 	NID 0x6c2224ba (NID_MODULE_INFO) at 0x8e1cc
[21:10:47.199] |I| [pre_load_module]: Pre-load module SceUlt (at "sce_module/libult.suprx") loaded
[21:10:47.228] |I| [load_self]: Loaded module segment 0 @ [0x00094000 - 0x000E4F04 / 0x81000000] (size: 0x00050F04) of module vs0:sys/external/libSceFt2.suprx
[21:10:47.231] |I| [load_self]: Loaded module segment 1 @ [0x000E5000 - 0x000E52F4 / 0x81051000] (size: 0x000002F4) of module vs0:sys/external/libSceFt2.suprx
[21:10:47.234] |I| [load_self]: Linking SELF vs0:sys/external/libSceFt2.suprx...
[21:10:47.235] |D| [load_var_exports]: 	NID 0x936c8a78 (SYSLYB) at 0xd07dc
[21:10:47.236] |D| [load_var_exports]: 	NID 0x6c2224ba (NID_MODULE_INFO) at 0xcff10
[21:10:47.237] |I| [pre_load_module]: Pre-load module SceLibft2 (at "sys/external/libSceFt2.suprx") loaded
[21:10:47.247] |I| [load_self]: Loaded module segment 0 @ [0x000E6000 - 0x000F5F14 / 0x81000000] (size: 0x0000FF14) of module vs0:sys/external/libpvf.suprx
[21:10:47.248] |I| [load_self]: Loaded module segment 1 @ [0x000F6000 - 0x000F6008 / 0x81010000] (size: 0x00000008) of module vs0:sys/external/libpvf.suprx
[21:10:47.250] |I| [load_self]: Linking SELF vs0:sys/external/libpvf.suprx...
[21:10:47.251] |D| [load_var_exports]: 	NID 0x936c8a78 (SYSLYB) at 0xf4710
[21:10:47.255] |D| [load_var_exports]: 	NID 0x6c2224ba (NID_MODULE_INFO) at 0xf4300
[21:10:47.256] |I| [pre_load_module]: Pre-load module SceLibPvf (at "sys/external/libpvf.suprx") loaded
[21:10:47.375] |I| [load_self]: app0:eboot.bin: Skipping special segment 0x6fffff01...
[21:10:47.376] |I| [load_self]: Loaded module segment 0 @ [0x81000000 - 0x81195B60 / 0x81000000] (size: 0x00195B60) of module app0:eboot.bin
[21:10:47.378] |I| [load_self]: Loaded module segment 1 @ [0x81196000 - 0x81DF2950 / 0x81196000] (size: 0x00C5C950) of module app0:eboot.bin
[21:10:47.381] |I| [load_self]: Linking SELF app0:eboot.bin...
[21:10:47.383] |D| [load_var_exports]: 	NID 0x6c2224ba (NID_MODULE_INFO) at 0x8116bbcc
[21:10:47.384] |D| [load_var_exports]: 	NID 0x70fba1e7 (SCE_PROC_PARAMS) at 0x811d4bac
[21:10:47.385] |I| [load_app_impl]: Main executable Sly1_PSP2_Disk_Ship (eboot.bin) loaded
[21:10:47.394] |I| [renderer::gl::compile_shader]: frag shader compiled: 34739cb16e2bf99e8c6153c2d54f9f1852f567ec40979297744edad44a085802
[21:10:47.398] |I| [renderer::gl::compile_shader]: vert shader compiled: 358b8cc410557fb4ea73b2a8ca932326f15fd48d456a124068f728af68ad030d
[21:10:47.421] |E| [renderer::gl::compile_program]: Fragment info
-------------
0(21) : warning C7050: "pa[0].zw" might be used before being initialized


[21:10:47.422] |I| [renderer::gl::pre_compile_program]: Program Compiled 1/45
[21:10:47.434] |I| [renderer::gl::compile_shader]: frag shader compiled: 273cf405f232c958f7246bac6ee1e13c26b07f59463efaffc27c4504eaee79a4
[21:10:47.437] |I| [renderer::gl::compile_shader]: vert shader compiled: 23c838138347dd4ad8a5ded7b56612979a4b31a4da9eddc2aec12f36ba4b81fe
[21:10:47.462] |I| [renderer::gl::pre_compile_program]: Program Compiled 2/45
[21:10:47.485] |I| [renderer::gl::compile_shader]: frag shader compiled: e5c454d3f9c265d12f14fe74bcd0dfa06a11b54fd4a98ddacf5373d94966884e
[21:10:47.488] |I| [renderer::gl::compile_shader]: vert shader compiled: 0210e59dcf6ad4e6367ddef9d1d88c806a57f00b2230914309a8bc76e2bae2f2
[21:10:47.516] |E| [renderer::gl::compile_program]: Fragment info
-------------
0(21) : warning C7050: "sa[0].xy" might be used before being initialized
0(21) : warning C7050: "sa[1].zw" might be used before being initialized
0(21) : warning C7050: "sa[2].zw" might be used before being initialized
0(22) : warning C7050: "internals[0].w" might be used before being initialized
0(22) : warning C7050: "internals[1]" might be used before being initialized


[21:10:47.517] |I| [renderer::gl::pre_compile_program]: Program Compiled 3/45
[21:10:47.535] |I| [renderer::gl::compile_shader]: frag shader compiled: 8384727f35aac146719fa4476a41602d97e16d2b9814014a842a9073a842c89b
[21:10:47.540] |I| [renderer::gl::compile_shader]: vert shader compiled: fa4164ff7b3d2e8e11018b5d3d612275b897a9a271142ad1ee9620bd6d420a2b
[21:10:47.560] |I| [renderer::gl::pre_compile_program]: Program Compiled 4/45
[21:10:47.585] |I| [renderer::gl::compile_shader]: frag shader compiled: 5bc43960c58158ffc9de90a8bef2546f68cc99a6abc394c636588e620933df9e
[21:10:47.590] |I| [renderer::gl::compile_shader]: vert shader compiled: 08e7e8af3c65df12c16309399b2bc6be2293bbd4b8e90fe74a7169db2b7c1520
[21:10:47.645] |E| [renderer::gl::compile_program]: Vertex info
-----------
0(26) : warning C7050: "internals[0].w" might be used before being initialized
0(26) : warning C7050: "internals[1]" might be used before being initialized

Fragment info
-------------
0(24) : warning C7050: "pa[0].zw" might be used before being initialized
0(24) : warning C7050: "pa[1].zw" might be used before being initialized
0(27) : warning C7050: "r[0].zw" might be used before being initialized


[21:10:47.649] |I| [renderer::gl::pre_compile_program]: Program Compiled 5/45
[21:10:47.667] |I| [renderer::gl::compile_shader]: frag shader compiled: 3d0395e014b81ee32db1d464b6ce1cf6d68ef78de7fd022e30f4264c4ee68332
[21:10:47.673] |I| [renderer::gl::compile_shader]: vert shader compiled: 80f1e8af96b8e71e35b4a7c0570cb37ebc2a2b6faf84025c77b17655fae22bc3
[21:10:47.721] |E| [renderer::gl::compile_program]: Vertex info
-----------
0(26) : warning C7050: "internals[0].w" might be used before being initialized
0(26) : warning C7050: "internals[1]" might be used before being initialized

Fragment info
-------------
0(24) : warning C7050: "pa[0].zw" might be used before being initialized
0(24) : warning C7050: "pa[1].zw" might be used before being initialized
0(27) : warning C7050: "r[0].zw" might be used before being initialized


[21:10:47.725] |I| [renderer::gl::pre_compile_program]: Program Compiled 6/45
[21:10:47.737] |I| [renderer::gl::compile_shader]: frag shader compiled: f9a9b99a87692a20cefa57b58836965fcdb5abb875bb6401fe678e97f29bdd8e
[21:10:47.742] |I| [renderer::gl::compile_shader]: vert shader compiled: 6d226d15bfd5a4f0d81120fceb32bc2ffcdb93fc30d4cea9e73c0a96e4e46118
[21:10:47.820] |E| [renderer::gl::compile_program]: Vertex info
-----------
0(30) : warning C7050: "internals[0].w" might be used before being initialized
0(30) : warning C7050: "internals[1]" might be used before being initialized

Fragment info
-------------
0(28) : warning C7050: "pa[0].zw" might be used before being initialized
0(28) : warning C7050: "pa[1].zw" might be used before being initialized
0(28) : warning C7050: "pa[2].zw" might be used before being initialized
0(28) : warning C7050: "pa[3].zw" might be used before being initialized
0(31) : warning C7050: "r[0].yzw" might be used before being initialized


[21:10:47.823] |I| [renderer::gl::pre_compile_program]: Program Compiled 7/45
[21:10:47.836] |I| [renderer::gl::compile_shader]: frag shader compiled: f7dc70888e63ad1d2244ac716b794432ad3be9533ae71c17209d04f3e6e8418f
[21:10:47.851] |I| [renderer::gl::compile_shader]: vert shader compiled: f1b3cf7bdeee79ff854531721a4a09eb93637de2aef645d28a5813b7c4e4c701
[21:10:48.043] |E| [renderer::gl::compile_program]: Vertex info
-----------
0(29) : warning C7050: "internals[0]" might be used before being initialized
0(29) : warning C7050: "internals[1].w" might be used before being initialized
0(29) : warning C7050: "internals[2]" might be used before being initialized
0(30) : warning C7050: "r[0]" might be used before being initialized
0(30) : warning C7050: "r[1]" might be used before being initialized
0(30) : warning C7050: "r[2]" might be used before being initialized
0(30) : warning C7050: "r[3]" might be used before being initialized

Fragment info
-------------
0(28) : warning C7050: "pa[0].zw" might be used before being initialized
0(28) : warning C7050: "pa[1].zw" might be used before being initialized
0(28) : warning C7050: "pa[2].zw" might be used before being initialized
0(28) : warning C7050: "pa[3].zw" might be used before being initialized
0(31) : warning C7050: "r[0].yzw" might be used before being initialized


[21:10:48.048] |I| [renderer::gl::pre_compile_program]: Program Compiled 8/45
[21:10:48.071] |I| [renderer::gl::compile_shader]: frag shader compiled: f43bd1a85d2ba04020aae7e555c8ca60c3b5d66cfacfd0fb075bde9b2234dbe2
[21:10:48.084] |I| [renderer::gl::compile_shader]: vert shader compiled: f1b3cf7bdeee79ff854531721a4a09eb93637de2aef645d28a5813b7c4e4c701
[21:10:48.273] |E| [renderer::gl::compile_program]: Vertex info
-----------
0(29) : warning C7050: "internals[0]" might be used before being initialized
0(29) : warning C7050: "internals[1].w" might be used before being initialized
0(29) : warning C7050: "internals[2]" might be used before being initialized
0(30) : warning C7050: "r[0]" might be used before being initialized
0(30) : warning C7050: "r[1]" might be used before being initialized
0(30) : warning C7050: "r[2]" might be used before being initialized
0(30) : warning C7050: "r[3]" might be used before being initialized

Fragment info
-------------
0(28) : warning C7050: "pa[0].zw" might be used before being initialized
0(28) : warning C7050: "pa[1].zw" might be used before being initialized
0(28) : warning C7050: "pa[2].zw" might be used before being initialized
0(31) : warning C7050: "r[0].zw" might be used before being initialized


[21:10:48.277] |I| [renderer::gl::pre_compile_program]: Program Compiled 9/45
[21:10:48.304] |I| [renderer::gl::compile_shader]: frag shader compiled: cfe151693160dc754502741a323d4b4f553c3625c6e5fa226b380d1a77a026f3
[21:10:48.310] |I| [renderer::gl::compile_shader]: vert shader compiled: a1becb40399cad74b43fc029371e14d50dbd48c1cbb04d8d1280ffee56f3dc47
[21:10:48.387] |E| [renderer::gl::compile_program]: Vertex info
-----------
0(30) : warning C7050: "internals[0].w" might be used before being initialized
0(30) : warning C7050: "internals[1]" might be used before being initialized

Fragment info
-------------
0(28) : warning C7050: "pa[0].zw" might be used before being initialized
0(28) : warning C7050: "pa[1].zw" might be used before being initialized
0(28) : warning C7050: "pa[2].zw" might be used before being initialized
0(31) : warning C7050: "r[0].zw" might be used before being initialized


[21:10:48.391] |I| [renderer::gl::pre_compile_program]: Program Compiled 10/45
[21:10:48.403] |I| [renderer::gl::compile_shader]: frag shader compiled: d8b4535f122f83ca45ac17f5834a9156fbd693ab4c57aa107559cf6f82a46158
[21:10:48.408] |I| [renderer::gl::compile_shader]: vert shader compiled: a1becb40399cad74b43fc029371e14d50dbd48c1cbb04d8d1280ffee56f3dc47
[21:10:48.483] |E| [renderer::gl::compile_program]: Vertex info
-----------
0(30) : warning C7050: "internals[0].w" might be used before being initialized
0(30) : warning C7050: "internals[1]" might be used before being initialized

Fragment info
-------------
0(28) : warning C7050: "pa[0].zw" might be used before being initialized
0(28) : warning C7050: "pa[1].zw" might be used before being initialized
0(28) : warning C7050: "pa[2].zw" might be used before being initialized
0(28) : warning C7050: "pa[3].zw" might be used before being initialized
0(31) : warning C7050: "r[0].yzw" might be used before being initialized


[21:10:48.487] |I| [renderer::gl::pre_compile_program]: Program Compiled 11/45
[21:10:48.502] |I| [renderer::gl::compile_shader]: frag shader compiled: 907bb945ffce72450fcd9ab1f9255a0834e419792adf69f0efa160732508712a
[21:10:48.506] |I| [renderer::gl::compile_shader]: vert shader compiled: 8fa911afc7ea340deffe9e669c87549cddb0d196e682a57758064fa58b45489a
[21:10:48.541] |E| [renderer::gl::compile_program]: Vertex info
-----------
0(23) : warning C7050: "internals[0].w" might be used before being initialized
0(23) : warning C7050: "internals[1]" might be used before being initialized

Fragment info
-------------
0(19) : warning C7050: "internals[1]" might be used before being initialized


[21:10:48.545] |I| [renderer::gl::pre_compile_program]: Program Compiled 12/45
[21:10:48.568] |I| [renderer::gl::compile_shader]: frag shader compiled: a87ecb671f84b12001eaee09736448128527bf452e3ea443ecf9591a0285440b
[21:10:48.572] |I| [renderer::gl::compile_shader]: vert shader compiled: 9ab2a38f97cacc4230ece54de015edd7a77ac2b8c4befab9aeab5b6656908655
[21:10:48.598] |E| [renderer::gl::compile_program]: Vertex info
-----------
0(23) : warning C7050: "internals[0].w" might be used before being initialized

Fragment info
-------------
0(19) : warning C7050: "internals[1]" might be used before being initialized


[21:10:48.599] |I| [renderer::gl::pre_compile_program]: Program Compiled 13/45
[21:10:48.619] |I| [renderer::gl::compile_shader]: frag shader compiled: b7681e24f73c3f9c3643e91ec4258e5abfc9c1694340eb3b21d82cca1a1e7adc
[21:10:48.627] |I| [renderer::gl::compile_shader]: vert shader compiled: db33578197fb806ffcb61b8800a6ad35d6f34016b42fb01c34ad38f289daf2b6
[21:10:48.666] |E| [renderer::gl::compile_program]: Vertex info
-----------
0(26) : warning C7050: "internals[0].w" might be used before being initialized

Fragment info
-------------
0(20) : warning C7050: "sa[0].zw" might be used before being initialized
0(21) : warning C7050: "internals[1].zw" might be used before being initialized


[21:10:48.670] |I| [renderer::gl::pre_compile_program]: Program Compiled 14/45
[21:10:48.689] |I| [renderer::gl::compile_shader]: frag shader compiled: 9b8bb2058d5997f8c8142244c371b095f8b6834b9eb29b2883786f0feed280c5
[21:10:48.694] |I| [renderer::gl::compile_shader]: vert shader compiled: 6d226d15bfd5a4f0d81120fceb32bc2ffcdb93fc30d4cea9e73c0a96e4e46118
[21:10:48.772] |E| [renderer::gl::compile_program]: Vertex info
-----------
0(30) : warning C7050: "internals[0].w" might be used before being initialized
0(30) : warning C7050: "internals[1]" might be used before being initialized

Fragment info
-------------
0(28) : warning C7050: "pa[0].zw" might be used before being initialized
0(28) : warning C7050: "pa[1].zw" might be used before being initialized
0(28) : warning C7050: "pa[2].zw" might be used before being initialized
0(31) : warning C7050: "r[0].zw" might be used before being initialized


[21:10:48.776] |I| [renderer::gl::pre_compile_program]: Program Compiled 15/45
[21:10:48.803] |I| [renderer::gl::compile_shader]: frag shader compiled: 77ee7c35bc9dd4ae6efe68d7bcf3e7dc0801b871588a07e9bd2a47678197d480
[21:10:48.807] |I| [renderer::gl::compile_shader]: vert shader compiled: 80f1e8af96b8e71e35b4a7c0570cb37ebc2a2b6faf84025c77b17655fae22bc3
[21:10:48.860] |E| [renderer::gl::compile_program]: Vertex info
-----------
0(26) : warning C7050: "internals[0].w" might be used before being initialized
0(26) : warning C7050: "internals[1]" might be used before being initialized

Fragment info
-------------
0(24) : warning C7050: "pa[0].zw" might be used before being initialized
0(24) : warning C7050: "pa[1].zw" might be used before being initialized


[21:10:48.865] |I| [renderer::gl::pre_compile_program]: Program Compiled 16/45
[21:10:48.887] |I| [renderer::gl::compile_shader]: frag shader compiled: cdf862b478157ad80f6a7b6f545d576a9ef93550f5e88d3204454925d882b2c4
[21:10:48.892] |I| [renderer::gl::compile_shader]: vert shader compiled: e00789614235b9b32064a46ee3afdaab43d39a312a2d0d20919fd1636e7bed65
[21:10:48.920] |E| [renderer::gl::compile_program]: Fragment info
-------------
0(20) : warning C7050: "sa[0].zw" might be used before being initialized
0(21) : warning C7050: "internals[1].zw" might be used before being initialized


[21:10:48.923] |I| [renderer::gl::pre_compile_program]: Program Compiled 17/45
[21:10:48.935] |I| [renderer::gl::compile_shader]: frag shader compiled: f7dc70888e63ad1d2244ac716b794432ad3be9533ae71c17209d04f3e6e8418f
[21:10:48.940] |I| [renderer::gl::compile_shader]: vert shader compiled: f4b8b1a360ceebd366d8bfe23437ceb70c167d849d2de17a73f735bfea598f51
[21:10:49.015] |E| [renderer::gl::compile_program]: Vertex info
-----------
0(30) : warning C7050: "internals[0].w" might be used before being initialized
0(30) : warning C7050: "internals[1]" might be used before being initialized

Fragment info
-------------
0(28) : warning C7050: "pa[0].zw" might be used before being initialized
0(28) : warning C7050: "pa[1].zw" might be used before being initialized
0(28) : warning C7050: "pa[2].zw" might be used before being initialized
0(28) : warning C7050: "pa[3].zw" might be used before being initialized
0(31) : warning C7050: "r[0].yzw" might be used before being initialized


[21:10:49.020] |I| [renderer::gl::pre_compile_program]: Program Compiled 18/45
[21:10:49.035] |I| [renderer::gl::compile_shader]: frag shader compiled: f43bd1a85d2ba04020aae7e555c8ca60c3b5d66cfacfd0fb075bde9b2234dbe2
[21:10:49.041] |I| [renderer::gl::compile_shader]: vert shader compiled: f4b8b1a360ceebd366d8bfe23437ceb70c167d849d2de17a73f735bfea598f51
[21:10:49.118] |E| [renderer::gl::compile_program]: Vertex info
-----------
0(30) : warning C7050: "internals[0].w" might be used before being initialized
0(30) : warning C7050: "internals[1]" might be used before being initialized

Fragment info
-------------
0(28) : warning C7050: "pa[0].zw" might be used before being initialized
0(28) : warning C7050: "pa[1].zw" might be used before being initialized
0(28) : warning C7050: "pa[2].zw" might be used before being initialized
0(31) : warning C7050: "r[0].zw" might be used before being initialized


[21:10:49.122] |I| [renderer::gl::pre_compile_program]: Program Compiled 19/45
[21:10:49.135] |I| [renderer::gl::compile_shader]: frag shader compiled: a64655436e8c68e2dca74b570db359f8f33ada37e8c3bdc34535ce219a46114d
[21:10:49.141] |I| [renderer::gl::compile_shader]: vert shader compiled: 08e7e8af3c65df12c16309399b2bc6be2293bbd4b8e90fe74a7169db2b7c1520
[21:10:49.194] |E| [renderer::gl::compile_program]: Vertex info
-----------
0(26) : warning C7050: "internals[0].w" might be used before being initialized
0(26) : warning C7050: "internals[1]" might be used before being initialized

Fragment info
-------------
0(24) : warning C7050: "pa[0].zw" might be used before being initialized
0(24) : warning C7050: "pa[1].zw" might be used before being initialized


[21:10:49.198] |I| [renderer::gl::pre_compile_program]: Program Compiled 20/45
[21:10:49.219] |I| [renderer::gl::compile_shader]: frag shader compiled: 1059081ffd26dd4bf5164e41d0ae04d9df5f994ca12c77b4b8be8e6e339444ed
[21:10:49.224] |I| [renderer::gl::compile_shader]: vert shader compiled: 9794727ecf93a7ed83fed0917c077abf9cffce377984c905ca3258dc7c2554f4
[21:10:49.244] |E| [renderer::gl::compile_program]: Fragment info
-------------
0(19) : warning C7050: "sa[0]" might be used before being initialized
0(18) : warning C7050: "pa[0].yzw" might be used before being initialized
0(21) : warning C7050: "r[0]" might be used before being initialized


[21:10:49.245] |I| [renderer::gl::pre_compile_program]: Program Compiled 21/45
[21:10:49.267] |I| [renderer::gl::compile_shader]: frag shader compiled: 6381b3b4bd906b74e76f758e54594b05f9db66643703c1887379c3a09ebbf034
[21:10:49.274] |I| [renderer::gl::compile_shader]: vert shader compiled: 641cd52590e39085bd7e1b5a304a9b89a9295f0ea5cef2b485a7f429e1168767
[21:10:49.322] |E| [renderer::gl::compile_program]: Vertex info
-----------
0(26) : warning C7050: "internals[0]" might be used before being initialized
0(26) : warning C7050: "internals[1]" might be used before being initialized
0(26) : warning C7050: "internals[2]" might be used before being initialized
0(27) : warning C7050: "r[0].zw" might be used before being initialized

Fragment info
-------------
0(19) : warning C7050: "pa[0].zw" might be used before being initialized
0(22) : warning C7050: "r[0].zw" might be used before being initialized


[21:10:49.326] |I| [renderer::gl::pre_compile_program]: Program Compiled 22/45
[21:10:49.352] |I| [renderer::gl::compile_shader]: frag shader compiled: 67a0437bc916a72acb0827a216db66e1d9896761e6cba0c9295b520a8fa41e5f
[21:10:49.355] |I| [renderer::gl::compile_shader]: vert shader compiled: 7721fed9929e9b191188e8c113a8f297e7922038ef783a9d96419996de623524
[21:10:49.376] |E| [renderer::gl::compile_program]: Fragment info
-------------
0(18) : warning C7050: "pa[0].zw" might be used before being initialized


[21:10:49.379] |I| [renderer::gl::pre_compile_program]: Program Compiled 23/45
[21:10:49.402] |I| [renderer::gl::compile_shader]: frag shader compiled: 34b7c9d6c29b99ef60167701ecb5f5d44661d16e9be21304b3b9dfd90750fea2
[21:10:49.407] |I| [renderer::gl::compile_shader]: vert shader compiled: 641cd52590e39085bd7e1b5a304a9b89a9295f0ea5cef2b485a7f429e1168767
[21:10:49.453] |E| [renderer::gl::compile_program]: Vertex info
-----------
0(26) : warning C7050: "internals[0]" might be used before being initialized
0(26) : warning C7050: "internals[1]" might be used before being initialized
0(26) : warning C7050: "internals[2]" might be used before being initialized
0(27) : warning C7050: "r[0].zw" might be used before being initialized

Fragment info
-------------
0(24) : warning C7050: "pa[0].zw" might be used before being initialized


[21:10:49.457] |I| [renderer::gl::pre_compile_program]: Program Compiled 24/45
[21:10:49.468] |I| [renderer::gl::compile_shader]: frag shader compiled: 79e52678d7d01cf66ef457140e9e696580b6a1e57ee70a2594001cff8674f199
[21:10:49.474] |I| [renderer::gl::compile_shader]: vert shader compiled: d42fe58ec6ba5e9a7602555a2a88f34fd6072320518c068bf2dcae4ffeefa3ed
[21:10:49.518] |E| [renderer::gl::compile_program]: Vertex info
-----------
0(26) : warning C7050: "internals[1]" might be used before being initialized

Fragment info
-------------
0(24) : warning C7050: "pa[0].zw" might be used before being initialized
0(24) : warning C7050: "pa[1].zw" might be used before being initialized
0(27) : warning C7050: "r[0].zw" might be used before being initialized


[21:10:49.521] |I| [renderer::gl::pre_compile_program]: Program Compiled 25/45
[21:10:49.535] |I| [renderer::gl::compile_shader]: frag shader compiled: f7dc70888e63ad1d2244ac716b794432ad3be9533ae71c17209d04f3e6e8418f
[21:10:49.554] |I| [renderer::gl::compile_shader]: vert shader compiled: 574c50fbc2963e2195ee299792d7bdc3ab723edbd9f2797106fb240d847456b4
[21:10:49.794] |E| [renderer::gl::compile_program]: Vertex info
-----------
0(30) : warning C7050: "internals[2]" might be used before being initialized
0(31) : warning C7050: "r[0].zw" might be used before being initialized
0(31) : warning C7050: "r[1]" might be used before being initialized
0(31) : warning C7050: "r[2]" might be used before being initialized
0(31) : warning C7050: "r[3]" might be used before being initialized

Fragment info
-------------
0(28) : warning C7050: "pa[0].zw" might be used before being initialized
0(28) : warning C7050: "pa[1].zw" might be used before being initialized
0(28) : warning C7050: "pa[2].zw" might be used before being initialized
0(28) : warning C7050: "pa[3].zw" might be used before being initialized
0(31) : warning C7050: "r[0].yzw" might be used before being initialized


[21:10:49.799] |I| [renderer::gl::pre_compile_program]: Program Compiled 26/45
[21:10:49.822] |I| [renderer::gl::compile_shader]: frag shader compiled: 60983de257c6edc279b166daeb0ab4d08770c99e79aefb7b6bb009bba65ea71c
[21:10:49.830] |I| [renderer::gl::compile_shader]: vert shader compiled: ce1df07abed90f93362e2395c7779e25c0ea89877715ce62ce1c732568d8b491
[21:10:49.952] |E| [renderer::gl::compile_program]: Vertex info
-----------
0(32) : warning C7050: "internals[0].w" might be used before being initialized
0(32) : warning C7050: "internals[1]" might be used before being initialized

Fragment info
-------------
0(31) : warning C7050: "pa[0].zw" might be used before being initialized
0(31) : warning C7050: "pa[1].zw" might be used before being initialized
0(31) : warning C7050: "pa[2].zw" might be used before being initialized
0(31) : warning C7050: "pa[3].zw" might be used before being initialized
0(31) : warning C7050: "pa[4].zw" might be used before being initialized


[21:10:49.956] |I| [renderer::gl::pre_compile_program]: Program Compiled 27/45
[21:10:49.969] |I| [renderer::gl::compile_shader]: frag shader compiled: 65b5fb0ede983fdad6d0dacc9dc45c010f779ac4766362a8756eee180bff2adb
[21:10:49.973] |I| [renderer::gl::compile_shader]: vert shader compiled: 26137dd68282ddacae24a3741a92e50b797486b6c12acb3ac1f3b689fdcff38c
[21:10:50.022] |E| [renderer::gl::compile_program]: Vertex info
-----------
0(26) : warning C7050: "internals[0].w" might be used before being initialized
0(26) : warning C7050: "internals[1]" might be used before being initialized

Fragment info
-------------
0(24) : warning C7050: "pa[0].zw" might be used before being initialized
0(24) : warning C7050: "pa[1].zw" might be used before being initialized
0(27) : warning C7050: "r[0].zw" might be used before being initialized


[21:10:50.025] |I| [renderer::gl::pre_compile_program]: Program Compiled 28/45
[21:10:50.035] |I| [renderer::gl::compile_shader]: frag shader compiled: 8eecfc12a9e71f57792723325078165c9d96b4a5729876961a88e38bb509f02c
[21:10:50.040] |I| [renderer::gl::compile_shader]: vert shader compiled: b24f8aefa8b7f98a8ba06de1bfc0f90cfe7dd286ef2cce893da0162995488276
[21:10:50.082] |E| [renderer::gl::compile_program]: Vertex info
-----------
0(26) : warning C7050: "internals[1]" might be used before being initialized
0(26) : warning C7050: "internals[2]" might be used before being initialized

Fragment info
-------------
0(24) : warning C7050: "pa[0].zw" might be used before being initialized


[21:10:50.085] |I| [renderer::gl::pre_compile_program]: Program Compiled 29/45
[21:10:50.103] |I| [renderer::gl::compile_shader]: frag shader compiled: ec1901eb320cde77395d3b93918dfcb15b990b7561e644ab4f2141bbf3e68612
[21:10:50.107] |I| [renderer::gl::compile_shader]: vert shader compiled: b24f8aefa8b7f98a8ba06de1bfc0f90cfe7dd286ef2cce893da0162995488276
[21:10:50.149] |E| [renderer::gl::compile_program]: Vertex info
-----------
0(26) : warning C7050: "internals[1]" might be used before being initialized
0(26) : warning C7050: "internals[2]" might be used before being initialized

Fragment info
-------------
0(19) : warning C7050: "pa[0].zw" might be used before being initialized
0(22) : warning C7050: "r[0].zw" might be used before being initialized


[21:10:50.153] |I| [renderer::gl::pre_compile_program]: Program Compiled 30/45
[21:10:50.171] |I| [renderer::gl::compile_shader]: frag shader compiled: 05075b223237ecd132f989bf78350e085839f014e9c576136607e48f8c98832e
[21:10:50.178] |I| [renderer::gl::compile_shader]: vert shader compiled: ce1df07abed90f93362e2395c7779e25c0ea89877715ce62ce1c732568d8b491
[21:10:50.305] |E| [renderer::gl::compile_program]: Vertex info
-----------
0(32) : warning C7050: "internals[0].w" might be used before being initialized
0(32) : warning C7050: "internals[1]" might be used before being initialized

Fragment info
-------------
0(31) : warning C7050: "pa[0].zw" might be used before being initialized
0(31) : warning C7050: "pa[1].zw" might be used before being initialized
0(31) : warning C7050: "pa[2].zw" might be used before being initialized
0(31) : warning C7050: "pa[3].yzw" might be used before being initialized
0(34) : warning C7050: "r[0]" might be used before being initialized


[21:10:50.309] |I| [renderer::gl::pre_compile_program]: Program Compiled 31/45
[21:10:50.338] |I| [renderer::gl::compile_shader]: frag shader compiled: e114adb86a8df2b963c139655115b92cd0ed74bca673e6dc38f96ac75ddde305
[21:10:50.346] |I| [renderer::gl::compile_shader]: vert shader compiled: 6d628b44a56e7601ee610c1b8bfba719424567ed5d56b7bb3a57b23a7abe0459
[21:10:50.439] |E| [renderer::gl::compile_program]: Vertex info
-----------
0(28) : warning C7050: "internals[0].w" might be used before being initialized
0(28) : warning C7050: "internals[1]" might be used before being initialized

Fragment info
-------------
0(27) : warning C7050: "pa[0].zw" might be used before being initialized
0(27) : warning C7050: "pa[1].zw" might be used before being initialized
0(27) : warning C7050: "pa[2].zw" might be used before being initialized


[21:10:50.442] |I| [renderer::gl::pre_compile_program]: Program Compiled 32/45
[21:10:50.471] |I| [renderer::gl::compile_shader]: frag shader compiled: 18dc3fe88b790d828710d60b5263d82fde900143a66ee5454a81bfbb01e8b228
[21:10:50.484] |I| [renderer::gl::compile_shader]: vert shader compiled: f1b3cf7bdeee79ff854531721a4a09eb93637de2aef645d28a5813b7c4e4c701
[21:10:50.681] |E| [renderer::gl::compile_program]: Vertex info
-----------
0(29) : warning C7050: "internals[0]" might be used before being initialized
0(29) : warning C7050: "internals[1].w" might be used before being initialized
0(29) : warning C7050: "internals[2]" might be used before being initialized
0(30) : warning C7050: "r[0]" might be used before being initialized
0(30) : warning C7050: "r[1]" might be used before being initialized
0(30) : warning C7050: "r[2]" might be used before being initialized
0(30) : warning C7050: "r[3]" might be used before being initialized

Fragment info
-------------
0(28) : warning C7050: "pa[0].zw" might be used before being initialized
0(28) : warning C7050: "pa[1].zw" might be used before being initialized
0(28) : warning C7050: "pa[2].zw" might be used before being initialized
0(31) : warning C7050: "r[0].zw" might be used before being initialized


[21:10:50.686] |I| [renderer::gl::pre_compile_program]: Program Compiled 33/45
[21:10:50.703] |I| [renderer::gl::compile_shader]: frag shader compiled: fcad197aad4f96f95f6602b6da37d268247cddde9d6d17cf97578d83b4eb8889
[21:10:50.709] |I| [renderer::gl::compile_shader]: vert shader compiled: 08e7e8af3c65df12c16309399b2bc6be2293bbd4b8e90fe74a7169db2b7c1520
[21:10:50.763] |E| [renderer::gl::compile_program]: Vertex info
-----------
0(26) : warning C7050: "internals[0].w" might be used before being initialized
0(26) : warning C7050: "internals[1]" might be used before being initialized

Fragment info
-------------
0(24) : warning C7050: "pa[0].zw" might be used before being initialized
0(24) : warning C7050: "pa[1].zw" might be used before being initialized


[21:10:50.767] |I| [renderer::gl::pre_compile_program]: Program Compiled 34/45
[21:10:50.787] |I| [renderer::gl::compile_shader]: frag shader compiled: a56d6bede7b07192cfede8f1e0367b38df4d77870950bc138b121b5b08b8bea8
[21:10:50.792] |I| [renderer::gl::compile_shader]: vert shader compiled: a1becb40399cad74b43fc029371e14d50dbd48c1cbb04d8d1280ffee56f3dc47
[21:10:50.873] |E| [renderer::gl::compile_program]: Vertex info
-----------
0(30) : warning C7050: "internals[0].w" might be used before being initialized
0(30) : warning C7050: "internals[1]" might be used before being initialized

Fragment info
-------------
0(28) : warning C7050: "pa[0].zw" might be used before being initialized
0(28) : warning C7050: "pa[1].zw" might be used before being initialized
0(28) : warning C7050: "pa[2].zw" might be used before being initialized
0(31) : warning C7050: "r[0].zw" might be used before being initialized


[21:10:50.878] |I| [renderer::gl::pre_compile_program]: Program Compiled 35/45
[21:10:50.903] |I| [renderer::gl::compile_shader]: frag shader compiled: 527ca55245720461ba5ef7862e1714b040508115178e058797a513ca8b70b453
[21:10:50.907] |I| [renderer::gl::compile_shader]: vert shader compiled: 80f1e8af96b8e71e35b4a7c0570cb37ebc2a2b6faf84025c77b17655fae22bc3
[21:10:50.961] |E| [renderer::gl::compile_program]: Vertex info
-----------
0(26) : warning C7050: "internals[0].w" might be used before being initialized
0(26) : warning C7050: "internals[1]" might be used before being initialized

Fragment info
-------------
0(24) : warning C7050: "pa[0].zw" might be used before being initialized
0(24) : warning C7050: "pa[1].zw" might be used before being initialized


[21:10:50.966] |I| [renderer::gl::pre_compile_program]: Program Compiled 36/45
[21:10:50.984] |I| [renderer::gl::compile_shader]: frag shader compiled: 18dc3fe88b790d828710d60b5263d82fde900143a66ee5454a81bfbb01e8b228
[21:10:50.989] |I| [renderer::gl::compile_shader]: vert shader compiled: f4b8b1a360ceebd366d8bfe23437ceb70c167d849d2de17a73f735bfea598f51
[21:10:51.067] |E| [renderer::gl::compile_program]: Vertex info
-----------
0(30) : warning C7050: "internals[0].w" might be used before being initialized
0(30) : warning C7050: "internals[1]" might be used before being initialized

Fragment info
-------------
0(28) : warning C7050: "pa[0].zw" might be used before being initialized
0(28) : warning C7050: "pa[1].zw" might be used before being initialized
0(28) : warning C7050: "pa[2].zw" might be used before being initialized
0(31) : warning C7050: "r[0].zw" might be used before being initialized


[21:10:51.071] |I| [renderer::gl::pre_compile_program]: Program Compiled 37/45
[21:10:51.086] |I| [renderer::gl::compile_shader]: frag shader compiled: 7af9f501ffc3a4fd2f767686158a78cbcb09a47cfd64da50eb52a21dd1477718
[21:10:51.091] |I| [renderer::gl::compile_shader]: vert shader compiled: 641cd52590e39085bd7e1b5a304a9b89a9295f0ea5cef2b485a7f429e1168767
[21:10:51.138] |E| [renderer::gl::compile_program]: Vertex info
-----------
0(26) : warning C7050: "internals[0]" might be used before being initialized
0(26) : warning C7050: "internals[1]" might be used before being initialized
0(26) : warning C7050: "internals[2]" might be used before being initialized
0(27) : warning C7050: "r[0].zw" might be used before being initialized

Fragment info
-------------
0(24) : warning C7050: "pa[0].zw" might be used before being initialized


[21:10:51.141] |I| [renderer::gl::pre_compile_program]: Program Compiled 38/45
[21:10:51.152] |I| [renderer::gl::compile_shader]: frag shader compiled: 60983de257c6edc279b166daeb0ab4d08770c99e79aefb7b6bb009bba65ea71c
[21:10:51.171] |I| [renderer::gl::compile_shader]: vert shader compiled: da3f1935cb9f05a405325e1df2eb8ea0415bdee9cb060ffd13db8d79542ea2e1
[21:10:51.419] |E| [renderer::gl::compile_program]: Vertex info
-----------
0(31) : warning C7050: "internals[0]" might be used before being initialized
0(31) : warning C7050: "internals[1].w" might be used before being initialized
0(31) : warning C7050: "internals[2]" might be used before being initialized
0(32) : warning C7050: "r[0]" might be used before being initialized
0(32) : warning C7050: "r[1]" might be used before being initialized
0(32) : warning C7050: "r[2]" might be used before being initialized
0(32) : warning C7050: "r[3]" might be used before being initialized
0(32) : warning C7050: "r[4]" might be used before being initialized
0(32) : warning C7050: "r[5]" might be used before being initialized

Fragment info
-------------
0(31) : warning C7050: "pa[0].zw" might be used before being initialized
0(31) : warning C7050: "pa[1].zw" might be used before being initialized
0(31) : warning C7050: "pa[2].zw" might be used before being initialized
0(31) : warning C7050: "pa[3].zw" might be used before being initialized
0(31) : warning C7050: "pa[4].zw" might be used before being initialized


[21:10:51.425] |I| [renderer::gl::pre_compile_program]: Program Compiled 39/45
[21:10:51.435] |I| [renderer::gl::compile_shader]: frag shader compiled: 346ef1a6ce1bc2ec01d660282e1a0d9072c4fe83ab9fd45c2beca13e7085813e
[21:10:51.439] |I| [renderer::gl::compile_shader]: vert shader compiled: aa4a5f1b3c31de8a5231adb373fd691dddc51a73f8dd7a27e50b56ceb2b3b044
[21:10:51.471] |E| [renderer::gl::compile_program]: Fragment info
-------------
0(24) : warning C7050: "pa[0].zw" might be used before being initialized


[21:10:51.473] |I| [renderer::gl::pre_compile_program]: Program Compiled 40/45
[21:10:51.484] |I| [renderer::gl::compile_shader]: frag shader compiled: e9948126894e7c542a6955dde8cf2cfa039c46e7ae85a79ede916b8dbf30483c
[21:10:51.488] |I| [renderer::gl::compile_shader]: vert shader compiled: aa4a5f1b3c31de8a5231adb373fd691dddc51a73f8dd7a27e50b56ceb2b3b044
[21:10:51.517] |E| [renderer::gl::compile_program]: Fragment info
-------------
0(19) : warning C7050: "pa[0].zw" might be used before being initialized


[21:10:51.520] |I| [renderer::gl::pre_compile_program]: Program Compiled 41/45
[21:10:51.537] |I| [renderer::gl::compile_shader]: frag shader compiled: c1d69e35280f9eeb4b1b287203bc8afe24e5dc6165f5860a3832685698602139
[21:10:51.543] |I| [renderer::gl::compile_shader]: vert shader compiled: ce1df07abed90f93362e2395c7779e25c0ea89877715ce62ce1c732568d8b491
[21:10:51.671] |E| [renderer::gl::compile_program]: Vertex info
-----------
0(32) : warning C7050: "internals[0].w" might be used before being initialized
0(32) : warning C7050: "internals[1]" might be used before being initialized

Fragment info
-------------
0(31) : warning C7050: "pa[0].zw" might be used before being initialized
0(31) : warning C7050: "pa[1].zw" might be used before being initialized
0(31) : warning C7050: "pa[2].zw" might be used before being initialized
0(31) : warning C7050: "pa[3].yzw" might be used before being initialized
0(34) : warning C7050: "r[0]" might be used before being initialized


[21:10:51.675] |I| [renderer::gl::pre_compile_program]: Program Compiled 42/45
[21:10:51.685] |I| [renderer::gl::compile_shader]: frag shader compiled: 17f2ca6aba86ac4d4fd41fa1f2072839494dfcaf9c789b5067246b7a0685b994
[21:10:51.690] |I| [renderer::gl::compile_shader]: vert shader compiled: b24f8aefa8b7f98a8ba06de1bfc0f90cfe7dd286ef2cce893da0162995488276
[21:10:51.731] |E| [renderer::gl::compile_program]: Vertex info
-----------
0(26) : warning C7050: "internals[1]" might be used before being initialized
0(26) : warning C7050: "internals[2]" might be used before being initialized

Fragment info
-------------
0(24) : warning C7050: "pa[0].zw" might be used before being initialized


[21:10:51.734] |I| [renderer::gl::pre_compile_program]: Program Compiled 43/45
[21:10:51.754] |I| [renderer::gl::compile_shader]: frag shader compiled: d93185db81ee87f88bf975038ddb5a4fa8af5196863fa1d40bb74ca899fa09e5
[21:10:51.758] |I| [renderer::gl::compile_shader]: vert shader compiled: 6d226d15bfd5a4f0d81120fceb32bc2ffcdb93fc30d4cea9e73c0a96e4e46118
[21:10:51.838] |E| [renderer::gl::compile_program]: Vertex info
-----------
0(30) : warning C7050: "internals[0].w" might be used before being initialized
0(30) : warning C7050: "internals[1]" might be used before being initialized

Fragment info
-------------
0(28) : warning C7050: "pa[0].zw" might be used before being initialized
0(28) : warning C7050: "pa[1].zw" might be used before being initialized
0(28) : warning C7050: "pa[2].zw" might be used before being initialized
0(31) : warning C7050: "r[0].zw" might be used before being initialized


[21:10:51.841] |I| [renderer::gl::pre_compile_program]: Program Compiled 44/45
[21:10:51.852] |I| [renderer::gl::compile_shader]: frag shader compiled: 1dd773d419d606b8304395a74786e5ee36576731477bc298df48ee2be05c8db7
[21:10:51.856] |I| [renderer::gl::compile_shader]: vert shader compiled: 26137dd68282ddacae24a3741a92e50b797486b6c12acb3ac1f3b689fdcff38c
[21:10:51.913] |E| [renderer::gl::compile_program]: Vertex info
-----------
0(26) : warning C7050: "internals[0].w" might be used before being initialized
0(26) : warning C7050: "internals[1]" might be used before being initialized

Fragment info
-------------
0(24) : warning C7050: "pa[0].zw" might be used before being initialized
0(24) : warning C7050: "pa[1].zw" might be used before being initialized


[21:10:51.917] |I| [renderer::gl::pre_compile_program]: Program Compiled 45/45
[21:10:51.966] |D| [run_app]: Running module_start of library: SceLibc at address 0x57f1
[21:10:52.169] |T| [open_file]: sceKernelGetStdin: Opening terminal tty0:
[21:10:52.170] |T| [open_file]: sceKernelGetStdout: Opening terminal tty0:
[21:10:52.171] |T| [open_file]: sceKernelGetStderr: Opening terminal tty0:
[21:10:52.189] |I| [run_app]: Module SceLibc (at "app0:sce_module/libc.suprx") module_start returned 0x0
[21:10:52.196] |D| [run_app]: Running module_start of library: SceLibFios2 at address 0x53001
[21:10:52.232] |W| [stubbed_impl]: Stubbed sceKernelGetProcessId import called. (pid: 0)
[21:10:52.234] |I| [run_app]: Module SceLibFios2 (at "app0:sce_module/libfios2.suprx") module_start returned 0x0
[21:10:52.240] |D| [run_app]: Running module_start of library: SceUlt at address 0x8184d
[21:10:52.276] |W| [unimplemented_impl]: Unimplemented _sceUlobjMgrRegisterLibultProtocolRevision import called.
[21:10:52.278] |I| [run_app]: Module SceUlt (at "app0:sce_module/libult.suprx") module_start returned 0x0
[21:10:52.345] |W| [unimplemented_impl]: Unimplemented sceAppUtilInit import called.
[21:10:52.351] |T| [write_file]: *** TTY: 
[21:10:52.353] |T| [write_file]: *** TTY: 
[21:10:52.354] |T| [write_file]: *** TTY: 
[21:10:52.355] |T| [write_file]: *** TTY: 
[21:10:52.358] |T| [write_file]: *** TTY: ===============================================================================
[21:10:52.370] |T| [write_file]: *** TTY: Versions:SNC:200  SDK:2000081
[21:10:52.372] |T| [write_file]: *** TTY:   elf: 0x81000000-0x81df0048 (14272k)
[21:10:52.373] |T| [write_file]: *** TTY: ===============================================================================
[21:10:52.376] |T| [write_file]: *** TTY:   totalUserMemory:       159Mb
[21:10:52.378] |T| [write_file]: *** TTY:   available_user_memory:  13Mb
[21:10:52.521] |W| [unimplemented_impl]: Unimplemented sceKernelChangeThreadVfpException import called.
[21:10:52.523] |W| [unimplemented_impl]: Unimplemented sceFiosOverlayThreadSetDisabled02 import called.
[21:10:52.701] |W| [unimplemented_impl]: Unimplemented sceMotionReset import called.
[21:10:52.702] |W| [unimplemented_impl]: Unimplemented sceMotionStartSampling import called.
[21:10:52.755] |I| [export_sceIoOpen]: Opening file: app0:/System.psarc
[21:10:52.757] |T| [open_file]: sceIoOpen: Opening file app0:/System.psarc (ux0:/app/PCSF00269/System.psarc), fd: 0x3
[21:10:52.792] |I| [export_sceIoOpen]: Opening file: app0:/System.psarc
[21:10:52.793] |T| [open_file]: sceIoOpen: Opening file app0:/System.psarc (ux0:/app/PCSF00269/System.psarc), fd: 0x4
[21:10:52.817] |T| [close_file]: sceIoClose: Closing file fd: 0x4
[21:10:52.827] |I| [export_sceIoOpen]: Opening file: app0:/System.psarc
[21:10:52.828] |T| [open_file]: sceIoOpen: Opening file app0:/System.psarc (ux0:/app/PCSF00269/System.psarc), fd: 0x5
[21:10:52.909] |I| [export_sceIoOpen]: Opening file: app0:/Sly1.psarc
[21:10:52.910] |T| [open_file]: sceIoOpen: Opening file app0:/Sly1.psarc (ux0:/app/PCSF00269/Sly1.psarc), fd: 0x6
[21:10:52.913] |I| [export_sceIoOpen]: Opening file: app0:/Sly1.psarc
[21:10:52.915] |T| [open_file]: sceIoOpen: Opening file app0:/Sly1.psarc (ux0:/app/PCSF00269/Sly1.psarc), fd: 0x7
[21:10:52.918] |T| [close_file]: sceIoClose: Closing file fd: 0x7
[21:10:52.919] |I| [export_sceIoOpen]: Opening file: app0:/Sly1.psarc
[21:10:52.921] |T| [open_file]: sceIoOpen: Opening file app0:/Sly1.psarc (ux0:/app/PCSF00269/Sly1.psarc), fd: 0x8
[21:10:53.114] |W| [stubbed_impl]: Stubbed sceGxmMapFragmentUsseMemory import called. (always return success)
[21:10:53.130] |W| [stubbed_impl]: Stubbed sceGxmGetRenderTargetMemSize import called. (2MiB emuenv mem)
[21:10:53.176] |W| [stubbed_impl]: Stubbed sceGxmMapVertexUsseMemory import called. (always return success)
[21:10:53.210] |T| [write_file]: *** TTY: Opening:System\Shaders.Zip
[21:10:53.282] |T| [write_file]: *** TTY: Opening:System\Shaders\Debug_V.vpo
[21:10:53.343] |T| [write_file]: *** TTY: Opening:System\Shaders\Debug.fpo
[21:10:53.350] |T| [write_file]: *** TTY: Opening:System\Shaders\Debug_SK_V.vpo
[21:10:53.361] |T| [write_file]: *** TTY: Opening:System\Shaders\PrimTxr_V.vpo
[21:10:53.362] |T| [write_file]: *** TTY: Opening:System\Shaders\PrimTxr.fpo
[21:10:53.366] |T| [write_file]: *** TTY: Opening:System\Shaders\PrimNoTxr_V.vpo
[21:10:53.367] |T| [write_file]: *** TTY: Opening:System\Shaders\PrimNoTxr.fpo
[21:10:53.369] |T| [write_file]: *** TTY: Opening:System\Shaders\PrimPs2TxrClut1Pass_V.vpo
[21:10:53.370] |T| [write_file]: *** TTY: Opening:System\Shaders\PrimPs2TxrClut1Pass.fpo
[21:10:53.373] |T| [write_file]: *** TTY: Opening:System\Shaders\PrimPs2Txr1Pass_V.vpo
[21:10:53.374] |T| [write_file]: *** TTY: Opening:System\Shaders\PrimPs2Txr1Pass.fpo
[21:10:53.377] |T| [write_file]: *** TTY: Opening:System\Shaders\PrimPs2Txr2Pass_V.vpo
[21:10:53.378] |T| [write_file]: *** TTY: Opening:System\Shaders\PrimPs2Txr2Pass.fpo
[21:10:53.380] |T| [write_file]: *** TTY: Opening:System\Shaders\PrimPs2Particle_V.vpo
[21:10:53.382] |T| [write_file]: *** TTY: Opening:System\Shaders\PrimPs2Particle.fpo
[21:10:53.384] |T| [write_file]: *** TTY: Opening:System\Shaders\PrimPs2Particle_L.fpo
[21:10:53.385] |T| [write_file]: *** TTY: Opening:System\Shaders\PrimPs2Particle_G.fpo
[21:10:53.388] |T| [write_file]: *** TTY: Opening:System\Shaders\PrimPs2Particle_GE.fpo
[21:10:53.391] |T| [write_file]: *** TTY: Opening:System\Shaders\PrimPs2Particle_NE.fpo
[21:10:53.393] |T| [write_file]: *** TTY: Opening:System\Shaders\PrimPs2Brz_V.vpo
[21:10:53.394] |T| [write_file]: *** TTY: Opening:System\Shaders\PrimPs2Brz.fpo
[21:10:53.395] |T| [write_file]: *** TTY: Opening:System\Shaders\PrimPs2Brz_L.fpo
[21:10:53.399] |T| [write_file]: *** TTY: Opening:System\Shaders\PrimPs2Brz_G.fpo
[21:10:53.400] |T| [write_file]: *** TTY: Opening:System\Shaders\PrimPs2Brz_GE.fpo
[21:10:53.402] |T| [write_file]: *** TTY: Opening:System\Shaders\PrimPs2Brz_NE.fpo
[21:10:53.404] |T| [write_file]: *** TTY: Opening:System\Shaders\PrimPs2Mesh_V.vpo
[21:10:53.406] |T| [write_file]: *** TTY: Opening:System\Shaders\PrimPs2Mesh.fpo
[21:10:53.408] |T| [write_file]: *** TTY: Opening:System\Shaders\PrimPs2Mesh_L.fpo
[21:10:53.410] |T| [write_file]: *** TTY: Opening:System\Shaders\PrimPs2Mesh_G.fpo
[21:10:53.411] |T| [write_file]: *** TTY: Opening:System\Shaders\PrimPs2Mesh_GE.fpo
[21:10:53.413] |T| [write_file]: *** TTY: Opening:System\Shaders\PrimPs2Mesh_NE.fpo
[21:10:53.416] |T| [write_file]: *** TTY: Opening:System\Shaders\PrimPs2MeshVBO_V.vpo
[21:10:53.417] |T| [write_file]: *** TTY: Opening:System\Shaders\PrimPs2MeshVBO.fpo
[21:10:53.419] |T| [write_file]: *** TTY: Opening:System\Shaders\PrimPs2MeshVBO_L.fpo
[21:10:53.421] |T| [write_file]: *** TTY: Opening:System\Shaders\PrimPs2MeshVBO_G.fpo
[21:10:53.423] |T| [write_file]: *** TTY: Opening:System\Shaders\PrimPs2MeshVBO_GE.fpo
[21:10:53.425] |T| [write_file]: *** TTY: Opening:System\Shaders\PrimPs2MeshVBO_NE.fpo
[21:10:53.427] |T| [write_file]: *** TTY: Opening:System\Shaders\PrimPs2MeshVBO_2_V.vpo
[21:10:53.427] |T| [write_file]: *** TTY: Opening:System\Shaders\PrimPs2MeshVBO_2.fpo
[21:10:53.430] |T| [write_file]: *** TTY: Opening:System\Shaders\PrimPs2MeshVBO_2_L.fpo
[21:10:53.432] |T| [write_file]: *** TTY: Opening:System\Shaders\PrimPs2MeshVBO_2_G.fpo
[21:10:53.434] |T| [write_file]: *** TTY: Opening:System\Shaders\PrimPs2MeshVBO_2_GE.fpo
[21:10:53.437] |T| [write_file]: *** TTY: Opening:System\Shaders\PrimPs2MeshVBO_2_NE.fpo
[21:10:53.439] |T| [write_file]: *** TTY: Opening:System\Shaders\PrimPs2Cell_V.vpo
[21:10:53.440] |T| [write_file]: *** TTY: Opening:System\Shaders\PrimPs2Cell.fpo
[21:10:53.442] |T| [write_file]: *** TTY: Opening:System\Shaders\PrimPs2Cell_L.fpo
[21:10:53.443] |T| [write_file]: *** TTY: Opening:System\Shaders\PrimPs2Cell_G.fpo
[21:10:53.445] |T| [write_file]: *** TTY: Opening:System\Shaders\PrimPs2Cell_GE.fpo
[21:10:53.446] |T| [write_file]: *** TTY: Opening:System\Shaders\PrimPs2Cell_NE.fpo
[21:10:53.449] |T| [write_file]: *** TTY: Opening:System\Shaders\PrimPs2ShadowVolume_V.vpo
[21:10:53.450] |T| [write_file]: *** TTY: Opening:System\Shaders\PrimPs2ShadowVolume.fpo
[21:10:53.453] |T| [write_file]: *** TTY: Opening:System\Shaders\PrimPs2ShadowQuad_V.vpo
[21:10:53.455] |T| [write_file]: *** TTY: Opening:System\Shaders\PrimPs2ShadowQuad.fpo
[21:10:53.457] |T| [write_file]: *** TTY: Opening:System\Shaders\PrimPs2FastMesh_V.vpo
[21:10:53.458] |T| [write_file]: *** TTY: Opening:System\Shaders\PrimPs2FastMesh.fpo
[21:10:53.459] |T| [write_file]: *** TTY: Opening:System\Shaders\PrimPs2FastMesh_L.fpo
[21:10:53.460] |T| [write_file]: *** TTY: Opening:System\Shaders\PrimPs2FastMesh_G.fpo
[21:10:53.462] |T| [write_file]: *** TTY: Opening:System\Shaders\PrimPs2FastMesh_GE.fpo
[21:10:53.464] |T| [write_file]: *** TTY: Opening:System\Shaders\PrimPs2FastMesh_NE.fpo
[21:10:53.466] |T| [write_file]: *** TTY: Opening:System\Shaders\PrimPs2FastMesh_2_V.vpo
[21:10:53.469] |T| [write_file]: *** TTY: Opening:System\Shaders\PrimPs2FastMesh_2.fpo
[21:10:53.472] |T| [write_file]: *** TTY: Opening:System\Shaders\PrimPs2FastMesh_2_L.fpo
[21:10:53.473] |T| [write_file]: *** TTY: Opening:System\Shaders\PrimPs2FastMesh_2_G.fpo
[21:10:53.474] |T| [write_file]: *** TTY: Opening:System\Shaders\PrimPs2FastMesh_2_GE.fpo
[21:10:53.475] |T| [write_file]: *** TTY: Opening:System\Shaders\PrimPs2FastMesh_2_NE.fpo
[21:10:53.477] |T| [write_file]: *** TTY: Opening:System\Shaders\PrimPs2Volume_V.vpo
[21:10:53.478] |T| [write_file]: *** TTY: Opening:System\Shaders\PrimPs2Volume.fpo
[21:10:53.479] |T| [write_file]: *** TTY: Opening:System\Shaders\PrimPs2VolumeTxr_V.vpo
[21:10:53.481] |T| [write_file]: *** TTY: Opening:System\Shaders\PrimPs2VolumeTxr.fpo
[21:10:53.485] |T| [write_file]: *** TTY: Opening:System\Shaders\PrimPs2GuassianBlurH_V.vpo
[21:10:53.487] |T| [write_file]: *** TTY: Opening:System\Shaders\PrimPs2GuassianBlurH.fpo
[21:10:53.489] |T| [write_file]: *** TTY: Opening:System\Shaders\PrimPs2GuassianBlurV_V.vpo
[21:10:53.490] |T| [write_file]: *** TTY: Opening:System\Shaders\PrimPs2GuassianBlurV.fpo
[21:10:53.491] |T| [write_file]: *** TTY: Opening:System\Shaders\PostProc_Copy_V.vpo
[21:10:53.492] |T| [write_file]: *** TTY: Opening:System\Shaders\PostProc_Copy.fpo
[21:10:53.493] |T| [write_file]: *** TTY: Opening:System\Shaders\PostProc_DownSampleDepth_V.vpo
[21:10:53.494] |T| [write_file]: *** TTY: Opening:System\Shaders\PostProc_DownSampleDepth.fpo
[21:10:53.506] |T| [write_file]: *** TTY: Opening:System\Shaders\StencilShadow_V.vpo
[21:10:53.507] |T| [write_file]: *** TTY: Opening:System\Shaders\StencilShadow.fpo
[21:10:53.508] |T| [write_file]: *** TTY: Opening:System\Shaders\StencilShadow_DrawQuad_V.vpo
[21:10:53.510] |T| [write_file]: *** TTY: Opening:System\Shaders\StencilShadow_DrawQuad.fpo
[21:10:53.511] |W| [unimplemented_impl]: Unimplemented sceCommonDialogSetConfigParam import called.
[21:10:53.512] |T| [write_file]: *** TTY: Opening:System\Shaders\Sly1_FastMesh_1_V.vpo
[21:10:53.515] |T| [write_file]: *** TTY: Opening:System\Shaders\Sly1_FastMesh_1.fpo
[21:10:53.519] |T| [write_file]: *** TTY: Opening:System\Shaders\Sly1_FastMesh_1_L.fpo
[21:10:53.521] |T| [write_file]: *** TTY: Opening:System\Shaders\Sly1_FastMesh_1_G.fpo
[21:10:53.523] |T| [write_file]: *** TTY: Opening:System\Shaders\Sly1_FastMesh_1_GE.fpo
[21:10:53.524] |T| [write_file]: *** TTY: Opening:System\Shaders\Sly1_FastMesh_1_NE.fpo
[21:10:53.525] |T| [write_file]: *** TTY: Opening:System\Shaders\Sly1_FastMesh_2_V.vpo
[21:10:53.526] |T| [write_file]: *** TTY: Opening:System\Shaders\Sly1_FastMesh_2.fpo
[21:10:53.527] |T| [write_file]: *** TTY: Opening:System\Shaders\Sly1_FastMesh_2_L.fpo
[21:10:53.530] |T| [write_file]: *** TTY: Opening:System\Shaders\Sly1_FastMesh_2_G.fpo
[21:10:53.533] |T| [write_file]: *** TTY: Opening:System\Shaders\Sly1_FastMesh_2_GE.fpo
[21:10:53.535] |T| [write_file]: *** TTY: Opening:System\Shaders\Sly1_FastMesh_2_NE.fpo
[21:10:53.537] |T| [write_file]: *** TTY: Opening:System\Shaders\Sly1_FastMesh_3_V.vpo
[21:10:53.538] |T| [write_file]: *** TTY: Opening:System\Shaders\Sly1_FastMesh_3.fpo
[21:10:53.540] |T| [write_file]: *** TTY: Opening:System\Shaders\Sly1_FastMesh_3_L.fpo
[21:10:53.541] |T| [write_file]: *** TTY: Opening:System\Shaders\Sly1_FastMesh_3_G.fpo
[21:10:53.542] |T| [write_file]: *** TTY: Opening:System\Shaders\Sly1_FastMesh_3_GE.fpo
[21:10:53.544] |T| [write_file]: *** TTY: Opening:System\Shaders\Sly1_FastMesh_3_NE.fpo
[21:10:53.545] |T| [write_file]: *** TTY: Opening:System\Shaders\Sly1_RenderList_1_V.vpo
[21:10:53.547] |T| [write_file]: *** TTY: Opening:System\Shaders\Sly1_RenderList_1.fpo
[21:10:53.551] |T| [write_file]: *** TTY: Opening:System\Shaders\Sly1_RenderList_1_L.fpo
[21:10:53.553] |T| [write_file]: *** TTY: Opening:System\Shaders\Sly1_RenderList_1_G.fpo
[21:10:53.555] |T| [write_file]: *** TTY: Opening:System\Shaders\Sly1_RenderList_1_GE.fpo
[21:10:53.556] |T| [write_file]: *** TTY: Opening:System\Shaders\Sly1_RenderList_1_NE.fpo
[21:10:53.557] |T| [write_file]: *** TTY: Opening:System\Shaders\Sly1_RenderList_1_Shad_V.vpo
[21:10:53.559] |T| [write_file]: *** TTY: Opening:System\Shaders\Sly1_RenderList_1_Shad.fpo
[21:10:53.560] |T| [write_file]: *** TTY: Opening:System\Shaders\Sly1_RenderList_1_Shad_L.fpo
[21:10:53.562] |T| [write_file]: *** TTY: Opening:System\Shaders\Sly1_RenderList_1_Shad_G.fpo
[21:10:53.565] |T| [write_file]: *** TTY: Opening:System\Shaders\Sly1_RenderList_1_Shad_GE.fpo
[21:10:53.569] |T| [write_file]: *** TTY: Opening:System\Shaders\Sly1_RenderList_1_Shad_NE.fpo
[21:10:53.571] |T| [write_file]: *** TTY: Opening:System\Shaders\Sly1_RenderList_1_Lit_V.vpo
[21:10:53.574] |T| [write_file]: *** TTY: Opening:System\Shaders\Sly1_RenderList_1_Lit_Shad_V.vpo
[21:10:53.576] |T| [write_file]: *** TTY: Opening:System\Shaders\Sly1_RenderList_1_Lit_Skin_V.vpo
[21:10:53.579] |T| [write_file]: *** TTY: Opening:System\Shaders\Sly1_RenderList_1_Lit_Skin_Shad_V.vpo
[21:10:53.587] |T| [write_file]: *** TTY: Opening:System\Shaders\Sly1_RenderList_3_V.vpo
[21:10:53.589] |T| [write_file]: *** TTY: Opening:System\Shaders\Sly1_RenderList_3.fpo
[21:10:53.590] |T| [write_file]: *** TTY: Opening:System\Shaders\Sly1_RenderList_3_L.fpo
[21:10:53.591] |T| [write_file]: *** TTY: Opening:System\Shaders\Sly1_RenderList_3_G.fpo
[21:10:53.593] |T| [write_file]: *** TTY: Opening:System\Shaders\Sly1_RenderList_3_GE.fpo
[21:10:53.594] |T| [write_file]: *** TTY: Opening:System\Shaders\Sly1_RenderList_3_NE.fpo
[21:10:53.599] |T| [write_file]: *** TTY: Opening:System\Shaders\Sly1_RenderList_3_Shad_V.vpo
[21:10:53.601] |T| [write_file]: *** TTY: Opening:System\Shaders\Sly1_RenderList_3_Shad.fpo
[21:10:53.602] |T| [write_file]: *** TTY: Opening:System\Shaders\Sly1_RenderList_3_Shad_L.fpo
[21:10:53.604] |T| [write_file]: *** TTY: Opening:System\Shaders\Sly1_RenderList_3_Shad_G.fpo
[21:10:53.605] |T| [write_file]: *** TTY: Opening:System\Shaders\Sly1_RenderList_3_Shad_GE.fpo
[21:10:53.606] |T| [write_file]: *** TTY: Opening:System\Shaders\Sly1_RenderList_3_Shad_NE.fpo
[21:10:53.608] |T| [write_file]: *** TTY: Opening:System\Shaders\Sly1_RenderList_3_Lit_V.vpo
[21:10:53.615] |T| [write_file]: *** TTY: Opening:System\Shaders\Sly1_RenderList_3_Lit_Shad_V.vpo
[21:10:53.618] |T| [write_file]: *** TTY: Opening:System\Shaders\Sly1_RenderList_3_Lit_Skin_V.vpo
[21:10:53.621] |T| [write_file]: *** TTY: Opening:System\Shaders\Sly1_RenderList_3_Lit_Skin_Shad_V.vpo
[21:10:53.624] |T| [write_file]: *** TTY: Opening:System\Shaders\Sly1_Cell_V.vpo
[21:10:53.625] |T| [write_file]: *** TTY: Opening:System\Shaders\Sly1_Cell.fpo
[21:10:53.627] |T| [write_file]: *** TTY: Opening:System\Shaders\Sly1_Cell_L.fpo
[21:10:53.630] |T| [write_file]: *** TTY: Opening:System\Shaders\Sly1_Cell_G.fpo
[21:10:53.633] |T| [write_file]: *** TTY: Opening:System\Shaders\Sly1_Cell_GE.fpo
[21:10:53.635] |T| [write_file]: *** TTY: Opening:System\Shaders\Sly1_Cell_NE.fpo
[21:10:53.637] |T| [write_file]: *** TTY: Opening:System\Shaders\Sly1_Mesh_DrawP0_3_V.vpo
[21:10:53.638] |T| [write_file]: *** TTY: Opening:System\Shaders\Sly1_Mesh_DrawP0_3.fpo
[21:10:53.639] |T| [write_file]: *** TTY: Opening:System\Shaders\Sly1_Mesh_DrawP0_3_L.fpo
[21:10:53.640] |T| [write_file]: *** TTY: Opening:System\Shaders\Sly1_Mesh_DrawP0_3_G.fpo
[21:10:53.642] |T| [write_file]: *** TTY: Opening:System\Shaders\Sly1_Mesh_DrawP0_3_GE.fpo
[21:10:53.643] |T| [write_file]: *** TTY: Opening:System\Shaders\Sly1_Mesh_DrawP0_3_NE.fpo
[21:10:53.647] |T| [write_file]: *** TTY: Opening:System\Shaders\Sly1_Mesh_DrawPreLit_1_V.vpo
[21:10:53.649] |T| [write_file]: *** TTY: Opening:System\Shaders\Sly1_Mesh_DrawPreLit_1.fpo
[21:10:53.651] |T| [write_file]: *** TTY: Opening:System\Shaders\Sly1_Mesh_DrawPreLit_1_L.fpo
[21:10:53.653] |T| [write_file]: *** TTY: Opening:System\Shaders\Sly1_Mesh_DrawPreLit_1_G.fpo
[21:10:53.654] |T| [write_file]: *** TTY: Opening:System\Shaders\Sly1_Mesh_DrawPreLit_1_GE.fpo
[21:10:53.655] |T| [write_file]: *** TTY: Opening:System\Shaders\Sly1_Mesh_DrawPreLit_1_NE.fpo
[21:10:53.657] |T| [write_file]: *** TTY: Opening:System\Shaders\Sly1_Blipes_DrawFixed_V.vpo
[21:10:53.658] |T| [write_file]: *** TTY: Opening:System\Shaders\Sly1_Blipes_DrawFixed.fpo
[21:10:53.662] |T| [write_file]: *** TTY: Opening:System\Shaders\Sly1_Blipes_DrawFixed_L.fpo
[21:10:53.664] |T| [write_file]: *** TTY: Opening:System\Shaders\Sly1_Blipes_DrawFixed_G.fpo
[21:10:53.666] |T| [write_file]: *** TTY: Opening:System\Shaders\Sly1_Blipes_DrawFixed_GE.fpo
[21:10:53.667] |T| [write_file]: *** TTY: Opening:System\Shaders\Sly1_Blipes_DrawFixed_NE.fpo
[21:10:53.670] |T| [write_file]: *** TTY: Opening:System\Shaders\Sly1_Blipes_DrawRolling_V.vpo
[21:10:53.671] |T| [write_file]: *** TTY: Opening:System\Shaders\Sly1_Blipes_DrawRolling.fpo
[21:10:53.672] |T| [write_file]: *** TTY: Opening:System\Shaders\Sly1_Blipes_DrawRolling_L.fpo
[21:10:53.673] |T| [write_file]: *** TTY: Opening:System\Shaders\Sly1_Blipes_DrawRolling_G.fpo
[21:10:53.677] |T| [write_file]: *** TTY: Opening:System\Shaders\Sly1_Blipes_DrawRolling_GE.fpo
[21:10:53.678] |T| [write_file]: *** TTY: Opening:System\Shaders\Sly1_Blipes_DrawRolling_NE.fpo
[21:10:53.680] |T| [write_file]: *** TTY: Opening:System\Shaders\Sly1_Blipes_DrawFlying_V.vpo
[21:10:53.682] |T| [write_file]: *** TTY: Opening:System\Shaders\Sly1_Blipes_DrawFlying.fpo
[21:10:53.684] |T| [write_file]: *** TTY: Opening:System\Shaders\Sly1_Blipes_DrawFlying_L.fpo
[21:10:53.685] |T| [write_file]: *** TTY: Opening:System\Shaders\Sly1_Blipes_DrawFlying_G.fpo
[21:10:53.686] |T| [write_file]: *** TTY: Opening:System\Shaders\Sly1_Blipes_DrawFlying_GE.fpo
[21:10:53.688] |T| [write_file]: *** TTY: Opening:System\Shaders\Sly1_Blipes_DrawFlying_NE.fpo
[21:10:53.694] |T| [open_file]: create_trophy_context: Opening file app0:/sce_sys/trophy/NPWR04435_00/TROPHY.TRP (ux0:/app/PCSF00269/sce_sys/trophy/NPWR04435_00/TROPHY.TRP), fd: 0x9
[21:10:53.697] |T| [open_file]: create_trophy_context: Opening file ux0:/user/00/trophy/data/NPWR04435_00/TROPUSR.DAT (ux0:/user/00/trophy/data/NPWR04435_00/TROPUSR.DAT), fd: 0xa
[21:10:53.701] |T| [open_file]: install_trophy_context: Opening file ux0:/user/00/trophy/conf/NPWR04435_00/TROPCONF.SFM (ux0:/user/00/trophy/conf/NPWR04435_00/TROPCONF.SFM), fd: 0xb
[21:10:53.703] |T| [write_file]: install_trophy_context: Writing to fd: 0xb, size: 2436
[21:10:53.703] |T| [close_file]: install_trophy_context: Closing file fd: 0xb
[21:10:53.709] |T| [open_file]: install_trophy_context: Opening file ux0:/user/00/trophy/conf/NPWR04435_00/TROP.SFM (ux0:/user/00/trophy/conf/NPWR04435_00/TROP.SFM), fd: 0xc
[21:10:53.711] |T| [write_file]: install_trophy_context: Writing to fd: 0xc, size: 5849
[21:10:53.712] |T| [close_file]: install_trophy_context: Closing file fd: 0xc
[21:10:53.715] |T| [open_file]: install_trophy_context: Opening file ux0:/user/00/trophy/conf/NPWR04435_00/TROP_00.SFM (ux0:/user/00/trophy/conf/NPWR04435_00/TROP_00.SFM), fd: 0xd
[21:10:53.718] |T| [write_file]: install_trophy_context: Writing to fd: 0xd, size: 7265
[21:10:53.719] |T| [close_file]: install_trophy_context: Closing file fd: 0xd
[21:10:53.724] |T| [open_file]: install_trophy_context: Opening file ux0:/user/00/trophy/conf/NPWR04435_00/TROP_01.SFM (ux0:/user/00/trophy/conf/NPWR04435_00/TROP_01.SFM), fd: 0xe
[21:10:53.726] |T| [write_file]: install_trophy_context: Writing to fd: 0xe, size: 5850
[21:10:53.727] |T| [close_file]: install_trophy_context: Closing file fd: 0xe
[21:10:53.731] |T| [open_file]: install_trophy_context: Opening file ux0:/user/00/trophy/conf/NPWR04435_00/TROP_02.SFM (ux0:/user/00/trophy/conf/NPWR04435_00/TROP_02.SFM), fd: 0xf
[21:10:53.735] |T| [write_file]: install_trophy_context: Writing to fd: 0xf, size: 6129
[21:10:53.736] |T| [close_file]: install_trophy_context: Closing file fd: 0xf
[21:10:53.741] |T| [open_file]: install_trophy_context: Opening file ux0:/user/00/trophy/conf/NPWR04435_00/TROP_03.SFM (ux0:/user/00/trophy/conf/NPWR04435_00/TROP_03.SFM), fd: 0x10
[21:10:53.744] |T| [write_file]: install_trophy_context: Writing to fd: 0x10, size: 6139
[21:10:53.746] |T| [close_file]: install_trophy_context: Closing file fd: 0x10
[21:10:53.750] |T| [open_file]: install_trophy_context: Opening file ux0:/user/00/trophy/conf/NPWR04435_00/TROP_04.SFM (ux0:/user/00/trophy/conf/NPWR04435_00/TROP_04.SFM), fd: 0x11
[21:10:53.756] |T| [write_file]: install_trophy_context: Writing to fd: 0x11, size: 5925
[21:10:53.757] |T| [close_file]: install_trophy_context: Closing file fd: 0x11
[21:10:53.759] |T| [open_file]: install_trophy_context: Opening file ux0:/user/00/trophy/conf/NPWR04435_00/TROP_05.SFM (ux0:/user/00/trophy/conf/NPWR04435_00/TROP_05.SFM), fd: 0x12
[21:10:53.761] |T| [write_file]: install_trophy_context: Writing to fd: 0x12, size: 6329
[21:10:53.762] |T| [close_file]: install_trophy_context: Closing file fd: 0x12
[21:10:53.765] |T| [open_file]: install_trophy_context: Opening file ux0:/user/00/trophy/conf/NPWR04435_00/TROP_06.SFM (ux0:/user/00/trophy/conf/NPWR04435_00/TROP_06.SFM), fd: 0x13
[21:10:53.770] |T| [write_file]: install_trophy_context: Writing to fd: 0x13, size: 5893
[21:10:53.771] |T| [close_file]: install_trophy_context: Closing file fd: 0x13
[21:10:53.774] |T| [open_file]: install_trophy_context: Opening file ux0:/user/00/trophy/conf/NPWR04435_00/TROP_07.SFM (ux0:/user/00/trophy/conf/NPWR04435_00/TROP_07.SFM), fd: 0x14
[21:10:53.775] |T| [write_file]: install_trophy_context: Writing to fd: 0x14, size: 6048
[21:10:53.777] |T| [close_file]: install_trophy_context: Closing file fd: 0x14
[21:10:53.779] |T| [open_file]: install_trophy_context: Opening file ux0:/user/00/trophy/conf/NPWR04435_00/TROP_09.SFM (ux0:/user/00/trophy/conf/NPWR04435_00/TROP_09.SFM), fd: 0x15
[21:10:53.782] |T| [write_file]: install_trophy_context: Writing to fd: 0x15, size: 6266
[21:10:53.785] |T| [close_file]: install_trophy_context: Closing file fd: 0x15
[21:10:53.788] |T| [open_file]: install_trophy_context: Opening file ux0:/user/00/trophy/conf/NPWR04435_00/TROP_12.SFM (ux0:/user/00/trophy/conf/NPWR04435_00/TROP_12.SFM), fd: 0x16
[21:10:53.790] |T| [write_file]: install_trophy_context: Writing to fd: 0x16, size: 5927
[21:10:53.790] |T| [close_file]: install_trophy_context: Closing file fd: 0x16
[21:10:53.793] |T| [open_file]: install_trophy_context: Opening file ux0:/user/00/trophy/conf/NPWR04435_00/TROP_13.SFM (ux0:/user/00/trophy/conf/NPWR04435_00/TROP_13.SFM), fd: 0x17
[21:10:53.795] |T| [write_file]: install_trophy_context: Writing to fd: 0x17, size: 5787
[21:10:53.796] |T| [close_file]: install_trophy_context: Closing file fd: 0x17
[21:10:53.799] |T| [open_file]: install_trophy_context: Opening file ux0:/user/00/trophy/conf/NPWR04435_00/TROP_14.SFM (ux0:/user/00/trophy/conf/NPWR04435_00/TROP_14.SFM), fd: 0x18
[21:10:53.806] |T| [write_file]: install_trophy_context: Writing to fd: 0x18, size: 5702
[21:10:53.807] |T| [close_file]: install_trophy_context: Closing file fd: 0x18
[21:10:53.810] |T| [open_file]: install_trophy_context: Opening file ux0:/user/00/trophy/conf/NPWR04435_00/TROP_15.SFM (ux0:/user/00/trophy/conf/NPWR04435_00/TROP_15.SFM), fd: 0x19
[21:10:53.812] |T| [write_file]: install_trophy_context: Writing to fd: 0x19, size: 5735
[21:10:53.814] |T| [close_file]: install_trophy_context: Closing file fd: 0x19
[21:10:53.820] |T| [open_file]: install_trophy_context: Opening file ux0:/user/00/trophy/conf/NPWR04435_00/ICON0.PNG (ux0:/user/00/trophy/conf/NPWR04435_00/ICON0.PNG), fd: 0x1a
[21:10:53.823] |T| [write_file]: install_trophy_context: Writing to fd: 0x1a, size: 54997
[21:10:53.824] |T| [close_file]: install_trophy_context: Closing file fd: 0x1a
[21:10:53.826] |T| [open_file]: install_trophy_context: Opening file ux0:/user/00/trophy/conf/NPWR04435_00/TROP000.PNG (ux0:/user/00/trophy/conf/NPWR04435_00/TROP000.PNG), fd: 0x1b
[21:10:53.829] |T| [write_file]: install_trophy_context: Writing to fd: 0x1b, size: 49123
[21:10:53.830] |T| [close_file]: install_trophy_context: Closing file fd: 0x1b
[21:10:53.837] |T| [open_file]: install_trophy_context: Opening file ux0:/user/00/trophy/conf/NPWR04435_00/TROP001.PNG (ux0:/user/00/trophy/conf/NPWR04435_00/TROP001.PNG), fd: 0x1c
[21:10:53.839] |T| [write_file]: install_trophy_context: Writing to fd: 0x1c, size: 47365
[21:10:53.841] |T| [close_file]: install_trophy_context: Closing file fd: 0x1c
[21:10:53.843] |T| [open_file]: install_trophy_context: Opening file ux0:/user/00/trophy/conf/NPWR04435_00/TROP002.PNG (ux0:/user/00/trophy/conf/NPWR04435_00/TROP002.PNG), fd: 0x1d
[21:10:53.850] |T| [write_file]: install_trophy_context: Writing to fd: 0x1d, size: 40960
[21:10:53.854] |T| [close_file]: install_trophy_context: Closing file fd: 0x1d
[21:10:53.857] |T| [open_file]: install_trophy_context: Opening file ux0:/user/00/trophy/conf/NPWR04435_00/TROP003.PNG (ux0:/user/00/trophy/conf/NPWR04435_00/TROP003.PNG), fd: 0x1e
[21:10:53.859] |T| [write_file]: install_trophy_context: Writing to fd: 0x1e, size: 47552
[21:10:53.866] |T| [close_file]: install_trophy_context: Closing file fd: 0x1e
[21:10:53.869] |T| [open_file]: install_trophy_context: Opening file ux0:/user/00/trophy/conf/NPWR04435_00/TROP004.PNG (ux0:/user/00/trophy/conf/NPWR04435_00/TROP004.PNG), fd: 0x1f
[21:10:53.873] |T| [write_file]: install_trophy_context: Writing to fd: 0x1f, size: 52067
[21:10:53.875] |T| [close_file]: install_trophy_context: Closing file fd: 0x1f
[21:10:53.886] |T| [open_file]: install_trophy_context: Opening file ux0:/user/00/trophy/conf/NPWR04435_00/TROP005.PNG (ux0:/user/00/trophy/conf/NPWR04435_00/TROP005.PNG), fd: 0x20
[21:10:53.888] |T| [write_file]: install_trophy_context: Writing to fd: 0x20, size: 47788
[21:10:53.890] |T| [close_file]: install_trophy_context: Closing file fd: 0x20
[21:10:53.895] |T| [open_file]: install_trophy_context: Opening file ux0:/user/00/trophy/conf/NPWR04435_00/TROP006.PNG (ux0:/user/00/trophy/conf/NPWR04435_00/TROP006.PNG), fd: 0x21
[21:10:53.909] |T| [write_file]: install_trophy_context: Writing to fd: 0x21, size: 48269
[21:10:53.910] |T| [close_file]: install_trophy_context: Closing file fd: 0x21
[21:10:53.912] |T| [open_file]: install_trophy_context: Opening file ux0:/user/00/trophy/conf/NPWR04435_00/TROP007.PNG (ux0:/user/00/trophy/conf/NPWR04435_00/TROP007.PNG), fd: 0x22
[21:10:53.917] |T| [write_file]: install_trophy_context: Writing to fd: 0x22, size: 51571
[21:10:53.918] |T| [close_file]: install_trophy_context: Closing file fd: 0x22
[21:10:53.924] |T| [open_file]: install_trophy_context: Opening file ux0:/user/00/trophy/conf/NPWR04435_00/TROP008.PNG (ux0:/user/00/trophy/conf/NPWR04435_00/TROP008.PNG), fd: 0x23
[21:10:53.927] |T| [write_file]: install_trophy_context: Writing to fd: 0x23, size: 53736
[21:10:53.932] |T| [close_file]: install_trophy_context: Closing file fd: 0x23
[21:10:53.936] |T| [open_file]: install_trophy_context: Opening file ux0:/user/00/trophy/conf/NPWR04435_00/TROP009.PNG (ux0:/user/00/trophy/conf/NPWR04435_00/TROP009.PNG), fd: 0x24
[21:10:53.938] |T| [write_file]: install_trophy_context: Writing to fd: 0x24, size: 52583
[21:10:53.940] |T| [close_file]: install_trophy_context: Closing file fd: 0x24
[21:10:53.951] |T| [open_file]: install_trophy_context: Opening file ux0:/user/00/trophy/conf/NPWR04435_00/TROP010.PNG (ux0:/user/00/trophy/conf/NPWR04435_00/TROP010.PNG), fd: 0x25
[21:10:53.956] |T| [write_file]: install_trophy_context: Writing to fd: 0x25, size: 58513
[21:10:53.959] |T| [close_file]: install_trophy_context: Closing file fd: 0x25
[21:10:53.961] |T| [open_file]: install_trophy_context: Opening file ux0:/user/00/trophy/conf/NPWR04435_00/TROP011.PNG (ux0:/user/00/trophy/conf/NPWR04435_00/TROP011.PNG), fd: 0x26
[21:10:53.967] |T| [write_file]: install_trophy_context: Writing to fd: 0x26, size: 43509
[21:10:53.967] |T| [close_file]: install_trophy_context: Closing file fd: 0x26
[21:10:53.971] |T| [open_file]: install_trophy_context: Opening file ux0:/user/00/trophy/conf/NPWR04435_00/TROP012.PNG (ux0:/user/00/trophy/conf/NPWR04435_00/TROP012.PNG), fd: 0x27
[21:10:53.973] |T| [write_file]: install_trophy_context: Writing to fd: 0x27, size: 55088
[21:10:53.974] |T| [close_file]: install_trophy_context: Closing file fd: 0x27
[21:10:53.976] |T| [open_file]: install_trophy_context: Opening file ux0:/user/00/trophy/conf/NPWR04435_00/TROP013.PNG (ux0:/user/00/trophy/conf/NPWR04435_00/TROP013.PNG), fd: 0x28
[21:10:53.979] |T| [write_file]: install_trophy_context: Writing to fd: 0x28, size: 53024
[21:10:53.992] |T| [close_file]: install_trophy_context: Closing file fd: 0x28
[21:10:53.995] |T| [open_file]: install_trophy_context: Opening file ux0:/user/00/trophy/conf/NPWR04435_00/TROP014.PNG (ux0:/user/00/trophy/conf/NPWR04435_00/TROP014.PNG), fd: 0x29
[21:10:54.001] |T| [write_file]: install_trophy_context: Writing to fd: 0x29, size: 45279
[21:10:54.002] |T| [close_file]: install_trophy_context: Closing file fd: 0x29
[21:10:54.007] |T| [open_file]: install_trophy_context: Opening file ux0:/user/00/trophy/conf/NPWR04435_00/TROP015.PNG (ux0:/user/00/trophy/conf/NPWR04435_00/TROP015.PNG), fd: 0x2a
[21:10:54.019] |T| [write_file]: install_trophy_context: Writing to fd: 0x2a, size: 54636
[21:10:54.021] |T| [close_file]: install_trophy_context: Closing file fd: 0x2a
[21:10:54.024] |T| [open_file]: install_trophy_context: Opening file ux0:/user/00/trophy/conf/NPWR04435_00/TROP016.PNG (ux0:/user/00/trophy/conf/NPWR04435_00/TROP016.PNG), fd: 0x2b
[21:10:54.027] |T| [write_file]: install_trophy_context: Writing to fd: 0x2b, size: 39834
[21:10:54.034] |T| [close_file]: install_trophy_context: Closing file fd: 0x2b
[21:10:54.038] |T| [open_file]: install_trophy_context: Opening file ux0:/user/00/trophy/conf/NPWR04435_00/TROP017.PNG (ux0:/user/00/trophy/conf/NPWR04435_00/TROP017.PNG), fd: 0x2c
[21:10:54.040] |T| [write_file]: install_trophy_context: Writing to fd: 0x2c, size: 70087
[21:10:54.042] |T| [close_file]: install_trophy_context: Closing file fd: 0x2c
[21:10:54.044] |T| [open_file]: install_trophy_context: Opening file ux0:/user/00/trophy/conf/NPWR04435_00/TROP018.PNG (ux0:/user/00/trophy/conf/NPWR04435_00/TROP018.PNG), fd: 0x2d
[21:10:54.048] |T| [write_file]: install_trophy_context: Writing to fd: 0x2d, size: 57626
[21:10:54.050] |T| [close_file]: install_trophy_context: Closing file fd: 0x2d
[21:10:54.056] |T| [open_file]: install_trophy_context: Opening file ux0:/user/00/trophy/conf/NPWR04435_00/TROP019.PNG (ux0:/user/00/trophy/conf/NPWR04435_00/TROP019.PNG), fd: 0x2e
[21:10:54.059] |T| [write_file]: install_trophy_context: Writing to fd: 0x2e, size: 47238
[21:10:54.061] |T| [close_file]: install_trophy_context: Closing file fd: 0x2e
[21:10:54.066] |T| [open_file]: install_trophy_context: Opening file ux0:/user/00/trophy/conf/NPWR04435_00/TROP020.PNG (ux0:/user/00/trophy/conf/NPWR04435_00/TROP020.PNG), fd: 0x2f
[21:10:54.073] |T| [write_file]: install_trophy_context: Writing to fd: 0x2f, size: 53968
[21:10:54.074] |T| [close_file]: install_trophy_context: Closing file fd: 0x2f
[21:10:54.076] |T| [open_file]: install_trophy_context: Opening file ux0:/user/00/trophy/conf/NPWR04435_00/TROP021.PNG (ux0:/user/00/trophy/conf/NPWR04435_00/TROP021.PNG), fd: 0x30
[21:10:54.083] |T| [write_file]: install_trophy_context: Writing to fd: 0x30, size: 49363
[21:10:54.088] |T| [close_file]: install_trophy_context: Closing file fd: 0x30
[21:10:54.092] |T| [open_file]: install_trophy_context: Opening file ux0:/user/00/trophy/conf/NPWR04435_00/TROP022.PNG (ux0:/user/00/trophy/conf/NPWR04435_00/TROP022.PNG), fd: 0x31
[21:10:54.096] |T| [write_file]: install_trophy_context: Writing to fd: 0x31, size: 38514
[21:10:54.101] |T| [close_file]: install_trophy_context: Closing file fd: 0x31
[21:10:54.108] |T| [open_file]: install_trophy_context: Opening file ux0:/user/00/trophy/conf/NPWR04435_00/TROP023.PNG (ux0:/user/00/trophy/conf/NPWR04435_00/TROP023.PNG), fd: 0x32
[21:10:54.110] |T| [write_file]: install_trophy_context: Writing to fd: 0x32, size: 47117
[21:10:54.111] |T| [close_file]: install_trophy_context: Closing file fd: 0x32
[21:10:54.119] |T| [open_file]: install_trophy_context: Opening file ux0:/user/00/trophy/conf/NPWR04435_00/TROP024.PNG (ux0:/user/00/trophy/conf/NPWR04435_00/TROP024.PNG), fd: 0x33
[21:10:54.123] |T| [write_file]: install_trophy_context: Writing to fd: 0x33, size: 35634
[21:10:54.126] |T| [close_file]: install_trophy_context: Closing file fd: 0x33
[21:10:54.129] |T| [open_file]: install_trophy_context: Opening file ux0:/user/00/trophy/conf/NPWR04435_00/TROP025.PNG (ux0:/user/00/trophy/conf/NPWR04435_00/TROP025.PNG), fd: 0x34
[21:10:54.138] |T| [write_file]: install_trophy_context: Writing to fd: 0x34, size: 37115
[21:10:54.140] |T| [close_file]: install_trophy_context: Closing file fd: 0x34
[21:10:54.143] |T| [open_file]: install_trophy_context: Opening file ux0:/user/00/trophy/conf/NPWR04435_00/TROP026.PNG (ux0:/user/00/trophy/conf/NPWR04435_00/TROP026.PNG), fd: 0x35
[21:10:54.150] |T| [write_file]: install_trophy_context: Writing to fd: 0x35, size: 48009
[21:10:54.151] |T| [close_file]: install_trophy_context: Closing file fd: 0x35
[21:10:54.154] |T| [open_file]: install_trophy_context: Opening file ux0:/user/00/trophy/conf/NPWR04435_00/TROP027.PNG (ux0:/user/00/trophy/conf/NPWR04435_00/TROP027.PNG), fd: 0x36
[21:10:54.157] |T| [write_file]: install_trophy_context: Writing to fd: 0x36, size: 37472
[21:10:54.159] |T| [close_file]: install_trophy_context: Closing file fd: 0x36
[21:10:54.172] |T| [open_file]: install_trophy_context: Opening file ux0:/user/00/trophy/conf/NPWR04435_00/TROP028.PNG (ux0:/user/00/trophy/conf/NPWR04435_00/TROP028.PNG), fd: 0x37
[21:10:54.177] |T| [write_file]: install_trophy_context: Writing to fd: 0x37, size: 20652
[21:10:54.178] |T| [close_file]: install_trophy_context: Closing file fd: 0x37
[21:10:54.184] |T| [open_file]: install_trophy_context: Opening file ux0:/user/00/trophy/conf/NPWR04435_00/TROP029.PNG (ux0:/user/00/trophy/conf/NPWR04435_00/TROP029.PNG), fd: 0x38
[21:10:54.188] |T| [write_file]: install_trophy_context: Writing to fd: 0x38, size: 39094
[21:10:54.189] |T| [close_file]: install_trophy_context: Closing file fd: 0x38
[21:10:54.195] |T| [open_file]: install_trophy_context: Opening file ux0:/user/00/trophy/conf/NPWR04435_00/TROP030.PNG (ux0:/user/00/trophy/conf/NPWR04435_00/TROP030.PNG), fd: 0x39
[21:10:54.203] |T| [write_file]: install_trophy_context: Writing to fd: 0x39, size: 45965
[21:10:54.207] |T| [close_file]: install_trophy_context: Closing file fd: 0x39
[21:10:54.211] |T| [open_file]: install_trophy_context: Opening file ux0:/user/00/trophy/conf/NPWR04435_00/TROP031.PNG (ux0:/user/00/trophy/conf/NPWR04435_00/TROP031.PNG), fd: 0x3a
[21:10:54.213] |T| [write_file]: install_trophy_context: Writing to fd: 0x3a, size: 49861
[21:10:54.217] |T| [close_file]: install_trophy_context: Closing file fd: 0x3a
[21:10:54.221] |T| [open_file]: install_trophy_context: Opening file ux0:/user/00/trophy/conf/NPWR04435_00/TROP032.PNG (ux0:/user/00/trophy/conf/NPWR04435_00/TROP032.PNG), fd: 0x3b
[21:10:54.226] |T| [write_file]: install_trophy_context: Writing to fd: 0x3b, size: 41880
[21:10:54.228] |T| [close_file]: install_trophy_context: Closing file fd: 0x3b
[21:10:54.232] |T| [open_file]: install_trophy_context: Opening file ux0:/user/00/trophy/conf/NPWR04435_00/TROP033.PNG (ux0:/user/00/trophy/conf/NPWR04435_00/TROP033.PNG), fd: 0x3c
[21:10:54.238] |T| [write_file]: install_trophy_context: Writing to fd: 0x3c, size: 59530
[21:10:54.240] |T| [close_file]: install_trophy_context: Closing file fd: 0x3c
[21:10:54.245] |T| [open_file]: install_trophy_context: Opening file ux0:/user/00/trophy/conf/NPWR04435_00/TROP034.PNG (ux0:/user/00/trophy/conf/NPWR04435_00/TROP034.PNG), fd: 0x3d
[21:10:54.253] |T| [write_file]: install_trophy_context: Writing to fd: 0x3d, size: 46851
[21:10:54.255] |T| [close_file]: install_trophy_context: Closing file fd: 0x3d
[21:10:54.258] |T| [open_file]: install_trophy_context: Opening file ux0:/user/00/trophy/conf/NPWR04435_00/TROP035.PNG (ux0:/user/00/trophy/conf/NPWR04435_00/TROP035.PNG), fd: 0x3e
[21:10:54.261] |T| [write_file]: install_trophy_context: Writing to fd: 0x3e, size: 50849
[21:10:54.265] |T| [close_file]: install_trophy_context: Closing file fd: 0x3e
[21:10:54.271] |T| [close_file]: create_trophy_context: Closing file fd: 0xa
[21:10:54.273] |T| [export_sceNpTrophyCreateContext]: Trophy context for NPWR04435_00 create successfuly!
[21:10:54.288] |W| [stubbed_impl]: Stubbed sceNpTrophyCreateHandle import called. (Stubbed handle with 1)
[21:10:54.512] |T| [write_file]: *** TTY: Opening:Sly1\SLY_E.WAC
[21:10:54.519] |T| [write_file]: *** TTY: Opening:Sly1\SLY.WAL
[21:10:54.523] |T| [write_file]: *** TTY: Opening:Sly1\SLY_E.WAC
[21:10:54.533] |T| [write_file]: *** TTY: Opening:Sly1\SLY.WAL
[21:10:54.623] |E| [logging::ret_error_impl]: sceSysmoduleIsLoaded returned SCE_SYSMODULE_ERROR_UNLOADED (0x805a1001)
[21:10:54.749] |W| [unimplemented_impl]: Unimplemented sceNgsSystemSetFlags import called.
[21:10:54.774] |T| [write_file]: *** TTY: # Audio out thread started
[21:10:54.790] |W| [stubbed_impl]: Stubbed sceNgsVoiceInit import called. (Default preset not implemented)
[21:10:55.081] |E| [logging::ret_error_impl]: sceKernelTryLockLwMutex returned SCE_KERNEL_ERROR_LW_MUTEX_FAILED_TO_OWN (0x80028185)
[21:10:55.139] |E| [logging::ret_error_impl]: sceKernelWaitLwCond returned SCE_KERNEL_ERROR_WAIT_TIMEOUT (0x80028005)
[21:10:55.178] |W| [unimplemented_impl]: Unimplemented sceAppMgrAcquireBgmPort import called.
[21:10:55.274] |E| [open_file]: Missing file at C:/Users/Guilherme Caçador/AppData/Roaming/Vita3K/Vita3K/ux0/user/00/savedata/PCSF00269/SlotParam_0.bin (target path: savedata0:/SlotParam_0.bin)
[21:10:55.277] |W| [io_error_impl]: open_file (sceAppUtilSaveDataSlotGetParam) returned 0x80010002
[21:10:55.279] |E| [logging::ret_error_impl]: sceAppUtilSaveDataSlotGetParam returned SCE_APPUTIL_ERROR_SAVEDATA_SLOT_NOT_FOUND (0x80100641)
[21:10:55.285] |E| [open_file]: Missing file at C:/Users/Guilherme Caçador/AppData/Roaming/Vita3K/Vita3K/ux0/user/00/savedata/PCSF00269/SlotParam_1.bin (target path: savedata0:/SlotParam_1.bin)
[21:10:55.287] |W| [io_error_impl]: open_file (sceAppUtilSaveDataSlotGetParam) returned 0x80010002
[21:10:55.289] |E| [open_file]: Missing file at C:/Users/Guilherme Caçador/AppData/Roaming/Vita3K/Vita3K/ux0/user/00/savedata/PCSF00269/SlotParam_2.bin (target path: savedata0:/SlotParam_2.bin)
[21:10:55.291] |W| [io_error_impl]: open_file (sceAppUtilSaveDataSlotGetParam) returned 0x80010002
[21:10:55.326] |W| [stubbed_impl]: Stubbed sceMotionGetState import called. (Set value to zero)
[21:10:55.340] |T| [write_file]: *** TTY: Opening:System\Screen_Bootup3D_PT.tga
[21:10:55.340] |I| [export_sceIoOpen]: Opening file: app0:/System/Screen_Bootup3D_PT.tga
[21:10:55.342] |E| [open_file]: Missing file at C:/Users/Guilherme Caçador/AppData/Roaming/Vita3K/Vita3K/ux0/app/PCSF00269/System/Screen_Bootup3D_PT.tga (target path: app0:/System/Screen_Bootup3D_PT.tga)
[21:10:55.345] |W| [io_error_impl]: open_file (sceIoOpen) returned 0x80010002
[21:10:55.356] |T| [write_file]: *** TTY: Opening:System\Screen_BootupSanzaru.tga
[21:11:05.057] |I| [export_sceIoOpen]: Opening file: app0:Sly1/music/paris.bnk
[21:11:05.059] |T| [open_file]: sceIoOpen: Opening file app0:Sly1/music/paris.bnk (ux0:/app/PCSF00269/Sly1/music/paris.bnk), fd: 0x3f
[21:11:05.073] |T| [close_file]: sceIoClose: Closing file fd: 0x3f
[21:11:05.660] |I| [ngs::PlayerModule::process]: The currently running game requests playback rate scaling when decoding audio. Audio might crackle.
[21:11:05.669] |W| [ngs::EnvelopeModule::process]: Game is using unimplemented envelope audio module
[21:11:05.670] |W| [ngs::DistortionModule::process]: Game is using unimplemented distortion audio module
[21:11:05.672] |W| [ngs::EqualizerModule::process]: Game is using unimplemented equalizer audio module
[21:11:05.673] |W| [ngs::FilterModule::process]: Game is using unimplemented filter audio module
[21:11:05.703] |I| [export_sceIoOpen]: Opening file: app0:Sly1/splash.bik
[21:11:05.705] |T| [open_file]: sceIoOpen: Opening file app0:Sly1/splash.bik (ux0:/app/PCSF00269/Sly1/splash.bik), fd: 0x40
[21:11:05.744] |I| [export_sceIoOpen]: Opening file: app0:/Sly1/music/paris_Normal.at9
[21:11:05.748] |T| [open_file]: sceIoOpen: Opening file app0:/Sly1/music/paris_Normal.at9 (ux0:/app/PCSF00269/Sly1/music/paris_Normal.at9), fd: 0x41
[21:11:05.824] |I| [export_sceIoOpen]: Opening file: app0:/Sly1/music/paris_Normal.mid
[21:11:05.825] |T| [open_file]: sceIoOpen: Opening file app0:/Sly1/music/paris_Normal.mid (ux0:/app/PCSF00269/Sly1/music/paris_Normal.mid), fd: 0x42
[21:11:05.839] |T| [close_file]: sceIoClose: Closing file fd: 0x42
[21:11:05.844] |T| [close_file]: sceIoClose: Closing file fd: 0x41
[21:11:05.890] |I| [export_sceIoOpen]: Opening file: app0:/Sly1/music/paris_Start.at9
[21:11:05.892] |T| [open_file]: sceIoOpen: Opening file app0:/Sly1/music/paris_Start.at9 (ux0:/app/PCSF00269/Sly1/music/paris_Start.at9), fd: 0x43
[21:11:05.901] |I| [export_sceIoOpen]: Opening file: app0:/Sly1/music/paris_Start.mid
[21:11:05.903] |T| [open_file]: sceIoOpen: Opening file app0:/Sly1/music/paris_Start.mid (ux0:/app/PCSF00269/Sly1/music/paris_Start.mid), fd: 0x44
[21:11:05.906] |T| [close_file]: sceIoClose: Closing file fd: 0x44
[21:11:05.907] |T| [close_file]: sceIoClose: Closing file fd: 0x43
[21:11:06.085] |E| [logging::ret_error_impl]: _sceKernelWaitSema returned SCE_KERNEL_ERROR_WAIT_TIMEOUT (0x80028005)
[21:11:06.088] |I| [export_sceIoOpen]: Opening file: app0:/Sly1/music/paris_Normal.at9
[21:11:06.125] |T| [open_file]: sceIoOpen: Opening file app0:/Sly1/music/paris_Normal.at9 (ux0:/app/PCSF00269/Sly1/music/paris_Normal.at9), fd: 0x45
[21:11:06.130] |I| [export_sceIoOpen]: Opening file: app0:/Sly1/music/paris_Start.at9
[21:11:06.132] |T| [open_file]: sceIoOpen: Opening file app0:/Sly1/music/paris_Start.at9 (ux0:/app/PCSF00269/Sly1/music/paris_Start.at9), fd: 0x46
[21:11:14.569] |T| [write_file]: *** TTY: Trophy Thread is ready to roll.....
[21:11:20.300] |T| [close_file]: sceIoClose: Closing file fd: 0x40
[21:11:20.768] |I| [float_to_half_init]: AVX+F16C instruction set is supported. Using fast f32 to f16 conversion
[21:11:20.852] |T| [close_file]: sceIoClose: Closing file fd: 0x45
[21:14:24.069] |I| [export_sceIoOpen]: Opening file: app0:/Sly1/music/paris_Normal.at9
[21:14:24.072] |T| [open_file]: sceIoOpen: Opening file app0:/Sly1/music/paris_Normal.at9 (ux0:/app/PCSF00269/Sly1/music/paris_Normal.at9), fd: 0x47
[21:14:24.077] |I| [export_sceIoOpen]: Opening file: app0:/Sly1/music/paris_Normal.mid
[21:14:24.078] |T| [open_file]: sceIoOpen: Opening file app0:/Sly1/music/paris_Normal.mid (ux0:/app/PCSF00269/Sly1/music/paris_Normal.mid), fd: 0x48
[21:14:24.085] |T| [close_file]: sceIoClose: Closing file fd: 0x48
[21:14:24.086] |T| [close_file]: sceIoClose: Closing file fd: 0x47
[21:14:24.093] |I| [export_sceIoOpen]: Opening file: app0:/Sly1/music/paris_Normal.at9
[21:14:24.094] |T| [open_file]: sceIoOpen: Opening file app0:/Sly1/music/paris_Normal.at9 (ux0:/app/PCSF00269/Sly1/music/paris_Normal.at9), fd: 0x49
[21:14:24.270] |I| [export_sceIoOpen]: Opening file: app0:/Sly1/music/paris_Action1.at9
[21:14:24.273] |T| [open_file]: sceIoOpen: Opening file app0:/Sly1/music/paris_Action1.at9 (ux0:/app/PCSF00269/Sly1/music/paris_Action1.at9), fd: 0x4a
[21:14:24.276] |T| [close_file]: sceIoClose: Closing file fd: 0x49
[21:14:24.279] |I| [export_sceIoOpen]: Opening file: app0:/Sly1/music/paris_Action1.mid
[21:14:24.281] |T| [open_file]: sceIoOpen: Opening file app0:/Sly1/music/paris_Action1.mid (ux0:/app/PCSF00269/Sly1/music/paris_Action1.mid), fd: 0x4b
[21:14:24.289] |T| [close_file]: sceIoClose: Closing file fd: 0x4b
[21:14:24.290] |T| [close_file]: sceIoClose: Closing file fd: 0x4a
[21:14:24.293] |I| [export_sceIoOpen]: Opening file: app0:/Sly1/music/paris_Action1.at9
[21:14:24.297] |T| [open_file]: sceIoOpen: Opening file app0:/Sly1/music/paris_Action1.at9 (ux0:/app/PCSF00269/Sly1/music/paris_Action1.at9), fd: 0x4c
[21:14:25.288] |E| [logging::ret_error_impl]: sceNgsVoicePause returned SCE_NGS_ERROR_INVALID_STATE (0x804a0010)
[21:14:25.294] |T| [write_file]: *** TTY: sceNgsVoicePause( hv ) failed (returned -2142633968)
[21:14:25.528] |I| [export_sceIoOpen]: Opening file: app0:/Sly1/music/paris_Normal.at9
[21:14:25.529] |T| [open_file]: sceIoOpen: Opening file app0:/Sly1/music/paris_Normal.at9 (ux0:/app/PCSF00269/Sly1/music/paris_Normal.at9), fd: 0x4d
[21:14:25.535] |T| [close_file]: sceIoClose: Closing file fd: 0x4c
[21:14:25.536] |I| [export_sceIoOpen]: Opening file: app0:/Sly1/music/paris_Normal.mid
[21:14:25.538] |T| [open_file]: sceIoOpen: Opening file app0:/Sly1/music/paris_Normal.mid (ux0:/app/PCSF00269/Sly1/music/paris_Normal.mid), fd: 0x4e
[21:14:25.542] |T| [close_file]: sceIoClose: Closing file fd: 0x4e
[21:14:25.543] |T| [close_file]: sceIoClose: Closing file fd: 0x4d
[21:14:25.544] |I| [export_sceIoOpen]: Opening file: app0:/Sly1/music/paris_Normal.at9
[21:14:25.546] |T| [open_file]: sceIoOpen: Opening file app0:/Sly1/music/paris_Normal.at9 (ux0:/app/PCSF00269/Sly1/music/paris_Normal.at9), fd: 0x4f
[21:14:25.734] |T| [close_file]: sceIoClose: Closing file fd: 0x4f
[21:14:32.038] |T| [write_file]: *** TTY: sceNgsVoicePause( hv ) failed (returned -2142633968)
[21:16:35.509] |I| [export_sceIoOpen]: Opening file: app0:/Sly1/music/paris_Normal.at9
[21:16:35.511] |T| [open_file]: sceIoOpen: Opening file app0:/Sly1/music/paris_Normal.at9 (ux0:/app/PCSF00269/Sly1/music/paris_Normal.at9), fd: 0x50
[21:16:35.516] |I| [export_sceIoOpen]: Opening file: app0:/Sly1/music/paris_Normal.mid
[21:16:35.517] |T| [open_file]: sceIoOpen: Opening file app0:/Sly1/music/paris_Normal.mid (ux0:/app/PCSF00269/Sly1/music/paris_Normal.mid), fd: 0x51
[21:16:35.521] |T| [close_file]: sceIoClose: Closing file fd: 0x51
[21:16:35.523] |T| [close_file]: sceIoClose: Closing file fd: 0x50
[21:16:35.527] |I| [export_sceIoOpen]: Opening file: app0:/Sly1/music/paris_Normal.at9
[21:16:35.528] |T| [open_file]: sceIoOpen: Opening file app0:/Sly1/music/paris_Normal.at9 (ux0:/app/PCSF00269/Sly1/music/paris_Normal.at9), fd: 0x52
[21:16:35.709] |I| [export_sceIoOpen]: Opening file: app0:/Sly1/music/paris_Action1.at9
[21:16:35.714] |T| [open_file]: sceIoOpen: Opening file app0:/Sly1/music/paris_Action1.at9 (ux0:/app/PCSF00269/Sly1/music/paris_Action1.at9), fd: 0x53
[21:16:35.717] |T| [close_file]: sceIoClose: Closing file fd: 0x52
[21:16:35.718] |I| [export_sceIoOpen]: Opening file: app0:/Sly1/music/paris_Action1.mid
[21:16:35.719] |T| [open_file]: sceIoOpen: Opening file app0:/Sly1/music/paris_Action1.mid (ux0:/app/PCSF00269/Sly1/music/paris_Action1.mid), fd: 0x54
[21:16:35.724] |T| [close_file]: sceIoClose: Closing file fd: 0x54
[21:16:35.725] |T| [close_file]: sceIoClose: Closing file fd: 0x53
[21:16:35.729] |I| [export_sceIoOpen]: Opening file: app0:/Sly1/music/paris_Action1.at9
[21:16:35.731] |T| [open_file]: sceIoOpen: Opening file app0:/Sly1/music/paris_Action1.at9 (ux0:/app/PCSF00269/Sly1/music/paris_Action1.at9), fd: 0x55
[21:17:09.211] |I| [export_sceIoOpen]: Opening file: app0:/Sly1/music/paris_Normal.at9
[21:17:09.212] |T| [open_file]: sceIoOpen: Opening file app0:/Sly1/music/paris_Normal.at9 (ux0:/app/PCSF00269/Sly1/music/paris_Normal.at9), fd: 0x56
[21:17:09.215] |T| [close_file]: sceIoClose: Closing file fd: 0x55
[21:17:09.217] |I| [export_sceIoOpen]: Opening file: app0:/Sly1/music/paris_Normal.mid
[21:17:09.218] |T| [open_file]: sceIoOpen: Opening file app0:/Sly1/music/paris_Normal.mid (ux0:/app/PCSF00269/Sly1/music/paris_Normal.mid), fd: 0x57
[21:17:09.222] |T| [close_file]: sceIoClose: Closing file fd: 0x57
[21:17:09.222] |T| [close_file]: sceIoClose: Closing file fd: 0x56
[21:17:09.230] |I| [export_sceIoOpen]: Opening file: app0:/Sly1/music/paris_Normal.at9
[21:17:09.234] |T| [open_file]: sceIoOpen: Opening file app0:/Sly1/music/paris_Normal.at9 (ux0:/app/PCSF00269/Sly1/music/paris_Normal.at9), fd: 0x58
[21:17:09.433] |T| [close_file]: sceIoClose: Closing file fd: 0x58
[21:17:16.285] |I| [export_sceIoOpen]: Opening file: app0:Sly1/secret_origin.bik
[21:17:16.286] |T| [open_file]: sceIoOpen: Opening file app0:Sly1/secret_origin.bik (ux0:/app/PCSF00269/Sly1/secret_origin.bik), fd: 0x59
[21:19:09.208] |T| [close_file]: sceIoClose: Closing file fd: 0x59
[21:19:09.230] |T| [close_file]: sceIoClose: Closing file fd: 0x46
[21:19:09.343] |W| [unimplemented_impl]: Unimplemented sceKernelCallAbortHandler import called.
[21:19:09.345] |T| [write_file]: *** TTY: abort() is called.
