[23:33:42.331] |I| [SDL_main]:  Vita3K v0.1 647-42cde29
[23:33:42.728] |I| [init]:  Swap interval = -1
[23:33:58.253] |I| [load_app_impl]:  Title: Spelunky
[23:33:58.253] |I| [load_app_impl]:  Serial: PCSE00288
[23:33:58.253] |I| [load_app_impl]:  Category: gd
[23:33:58.328] |I| [load_self]:  Loading symbols for SELF: app0:sce_module/libc.suprx
[23:33:58.328] |D| [load_var_exports]:  	NID 0x936C8A78 (SYSLYB) at 0x46744
[23:33:58.328] |D| [load_var_exports]:  	NID 0x6C2224BA (NID_MODULE_INFO) at 0x3C4F8
[23:33:58.329] |E| [load_var_imports]:  	NID NOT FOUND 0xDF084DFA (UNRECOGNISED) at 0x420A4: 0x140
[23:33:58.329] |I| [load_app_impl]:  Pre-load module SceLibc (at "sce_module/libc.suprx") loaded
[23:33:58.356] |I| [load_self]:  Loading symbols for SELF: app0:sce_module/libfios2.suprx
[23:33:58.356] |D| [load_var_exports]:  	NID 0x936C8A78 (SYSLYB) at 0x7F244
[23:33:58.356] |D| [load_var_exports]:  	NID 0x6C2224BA (NID_MODULE_INFO) at 0x76878
[23:33:58.357] |I| [load_app_impl]:  Pre-load module SceLibFios2 (at "sce_module/libfios2.suprx") loaded
[23:33:58.412] |I| [load_self]:  Loading symbols for SELF: app0:sce_module/libult.suprx
[23:33:58.412] |D| [load_var_exports]:  	NID 0x936C8A78 (SYSLYB) at 0x982D0
[23:33:58.413] |D| [load_var_exports]:  	NID 0x6C2224BA (NID_MODULE_INFO) at 0x95858
[23:33:58.413] |E| [load_var_imports]:  	NID NOT FOUND 0x936A5F31 (_pLibPerfCaptureFlagPtr) at 0x960A4: 0x1040
[23:33:58.413] |I| [load_app_impl]:  Pre-load module SceUlt (at "sce_module/libult.suprx") loaded
[23:33:58.568] |I| [load_self]:  Loading symbols for SELF: app0:eboot.bin
[23:33:58.568] |D| [load_var_exports]:  	NID 0x6C2224BA (NID_MODULE_INFO) at 0x2379C8
[23:33:58.569] |D| [load_var_exports]:  	NID 0x70FBA1E7 (SCE_PROC_PARAMS) at 0x274CA8
[23:33:58.569] |D| [load_var_exports]:  	NID 0x936C8A78 (SYSLYB) at 0x26B2D8
[23:33:58.569] |I| [load_app_impl]:  Main executable Spelunky (eboot.bin) loaded
[23:33:58.579] |D| [run_app]:  Running module_start of library: SceLibc
[23:33:58.589] |T| [open_file]:  sceKernelGetStdin: Opening file tty0: (tty0:)
[23:33:58.589] |T| [open_file]:  sceKernelGetStdout: Opening file tty0: (tty0:)
[23:33:58.589] |T| [open_file]:  sceKernelGetStderr: Opening file tty0: (tty0:)
[23:33:58.594] |I| [run_app]:  Module SceLibc (at "app0:sce_module/libc.suprx") module_start returned 0x0
[23:33:58.595] |D| [run_app]:  Running module_start of library: SceLibFios2
[23:33:58.600] |W| [stubbed_impl]:  Stubbed sceKernelGetProcessId import called. (pid: 0)
[23:33:58.600] |W| [unimplemented_impl]:  Unimplemented sceFiosOverlayGetList02 import called.
[23:33:58.601] |I| [run_app]:  Module SceLibFios2 (at "app0:sce_module/libfios2.suprx") module_start returned 0x0
[23:33:58.602] |D| [run_app]:  Running module_start of library: SceUlt
[23:33:58.611] |E| [call_import]:  Import function for NID 0x50F2F2AA not found (thread name: SceUlt, thread ID: 35)
[23:33:58.611] |I| [run_app]:  Module SceUlt (at "app0:sce_module/libult.suprx") module_start returned 0x0
[23:33:58.613] |T| [open_file]:  sceKernelLoadStartModule: Opening file app0:mai_moe/mai.suprx (ux0:/app/PCSE00288/mai_moe/mai.suprx)
[23:33:58.627] |T| [seek_file]:  sceKernelLoadStartModule: Seeking file: fd: 0x3 at offset: 0x0, whence: SCE_SEEK_END
[23:33:58.628] |T| [seek_file]:  sceKernelLoadStartModule: Seeking file: fd: 0x3 at offset: 0x0, whence: SCE_SEEK_SET
[23:33:58.629] |T| [read_file]:  sceKernelLoadStartModule: Reading file: fd: 0x3, size: 87866
[23:33:58.630] |I| [load_self]:  Loading symbols for SELF: app0:mai_moe/mai.suprx
[23:33:58.630] |D| [load_var_exports]:  	NID 0x6C2224BA (NID_MODULE_INFO) at 0x3427E4
[23:33:58.630] |D| [load_var_exports]:  	NID 0x70FBA1E7 (SCE_PROC_PARAMS) at 0x342840
[23:33:58.631] |T| [close_file]:  sceKernelLoadStartModule: Closing file: fd: 0x3
[23:33:58.640] |W| [stubbed_impl]:  Stubbed sceKernelDelayThread import called. (bad accuracy)
[23:33:58.640] |T| [stat_file]:  sceIoGetstat: Statting file app0:mai_moe/load_type.mai (ux0:/app/PCSE00288/mai_moe/load_type.mai)
[23:33:58.641] |I| [export_sceIoOpen]:  Opening file: app0:mai_moe/load_type.mai
[23:33:58.641] |T| [open_file]:  sceIoOpen: Opening file app0:mai_moe/load_type.mai (ux0:/app/PCSE00288/mai_moe/load_type.mai)
[23:33:58.642] |T| [stat_file]:  sceIoGetstat: Statting file app0:mai_moe/load_type.mai (ux0:/app/PCSE00288/mai_moe/load_type.mai)
[23:33:58.642] |T| [seek_file]:  sceIoLseek: Seeking file: fd: 0x4 at offset: 0x0, whence: SCE_SEEK_SET
[23:33:58.643] |T| [read_file]:  sceIoRead: Reading file: fd: 0x4, size: 1
[23:33:58.643] |T| [close_file]:  sceIoClose: Closing file: fd: 0x4
[23:33:58.650] |I| [export_sceKernelLoadStartModule]:  Module SceLibFios2 (at "app0:sce_module/libfios2.suprx") module_start returned 0x0
[23:33:58.651] |T| [open_file]:  sceKernelLoadStartModule: Opening file app0:sce_module/libfios2_m.suprx (ux0:/app/PCSE00288/sce_module/libfios2_m.suprx)
[23:33:58.699] |T| [seek_file]:  sceKernelLoadStartModule: Seeking file: fd: 0x5 at offset: 0x0, whence: SCE_SEEK_END
[23:33:58.700] |T| [seek_file]:  sceKernelLoadStartModule: Seeking file: fd: 0x5 at offset: 0x0, whence: SCE_SEEK_SET
[23:33:58.700] |T| [read_file]:  sceKernelLoadStartModule: Reading file: fd: 0x5, size: 257648
[23:33:58.716] |I| [load_self]:  Loading symbols for SELF: app0:sce_module/libfios2_m.suprx
[23:33:58.716] |D| [load_var_exports]:  	NID 0x936C8A78 (SYSLYB) at 0x3F0244
[23:33:58.717] |D| [load_var_exports]:  	NID 0x6C2224BA (NID_MODULE_INFO) at 0x3E7878
[23:33:58.717] |T| [close_file]:  sceKernelLoadStartModule: Closing file: fd: 0x5
[23:33:58.722] |I| [export_sceKernelLoadStartModule]:  Module mceLibFios2 (at "app0:sce_module/libfios2_m.suprx") module_start returned 0x0
[23:33:58.724] |T| [open_dir]:  sceIoDopen: Opening dir ux0:plugins (ux0:plugins)
[23:33:58.725] |T| [read_dir]:  sceIoDread: Reading dir fd: 0x6
[23:33:58.725] |T| [read_dir]:  sceIoDread: Reading dir fd: 0x6
[23:33:58.725] |T| [read_dir]:  sceIoDread: Reading dir fd: 0x6
[23:33:58.726] |T| [close_dir]:  sceIoDclose: Closing dir fd: 0x6
[23:33:58.740] |I| [export_sceKernelLoadStartModule]:  Module output/testprx.elf (at "app0:mai_moe/mai.suprx") module_start returned 0x0
[23:33:58.759] |W| [unimplemented_impl]:  Unimplemented sceAppUtilInit import called.
[23:33:58.768] |W| [unimplemented_impl]:  Unimplemented sceKernelChangeThreadVfpException import called.
[23:33:58.769] |W| [unimplemented_impl]:  Unimplemented sceFiosOverlayThreadSetDisabled02 import called.
[23:33:58.803] |W| [unimplemented_impl]:  Unimplemented sceFiosOverlayGetRecommendedScheduler02 import called.
[23:33:58.808] |T| [stat_file]:  sceIoGetstat: Statting file app0:/data.arc (ux0:/app/PCSE00288//data.arc)
[23:33:58.815] |E| [call_import]:  Import function for NID 0xE7F5BE01 not found (thread name: PCSE00288, thread ID: 4)
[23:33:58.818] |I| [export_sceIoOpen]:  Opening file: app0:/data.arc
[23:33:58.818] |T| [open_file]:  sceIoOpen: Opening file app0:/data.arc (ux0:/app/PCSE00288//data.arc)
[23:33:58.852] |T| [stat_file]:  sceIoGetstat: Statting file app0:/data.arc (ux0:/app/PCSE00288//data.arc)
