[10:14:39.090] |I| [SDL_main]:  Vita3K v0.1 311-e4d7a67
[10:14:39.195] |I| [load_vpk]:  Path: E:\Games\Vita3K\Rom\Stealth Inc 1.vpk
[10:14:39.195] |I| [load_vpk]:  Title: Stealth Inc: A Clone in the Dark
[10:14:39.195] |I| [load_vpk]:  Serial: PCSB00317
[10:14:39.195] |I| [load_vpk]:  Category: gd
[10:14:39.212] |I| [load_self]:  *** Loading symbols for (S)ELF: app0:sce_module/libc.suprx
[10:14:39.212] |D| [load_var_exports]:  	NID 0x6c2224ba (NID_MODULE_INFO) at 0x37f30
[10:14:39.213] |E| [load_var_imports]:  	NID NOT FOUND 0xdf084dfa (UNRECOGNISED) at 0x3d4a4: 0x000140
[10:14:39.213] |I| [load_vpk]:  LIBC loaded
[10:14:39.218] |I| [load_self]:  *** Loading symbols for (S)ELF: app0:eboot.bin
[10:14:39.219] |D| [load_var_exports]:  	NID 0x6c2224ba (NID_MODULE_INFO) at 0x81106268
[10:14:39.219] |D| [load_var_exports]:  	NID 0x70fba1e7 (SCE_PROC_PARAMS) at 0x8115b6d4
[10:14:39.235] |W| [unimplemented_impl]:  Unimplemented sceKernelCreateLwCond import called.
[10:14:39.244] |I| [load_self]:  *** Loading symbols for (S)ELF: app0:mai_moe/mai.suprx
[10:14:39.244] |D| [load_var_exports]:  	NID 0x6c2224ba (NID_MODULE_INFO) at 0xd37e4
[10:14:39.245] |D| [load_var_exports]:  	NID 0x70fba1e7 (SCE_PROC_PARAMS) at 0xd3840
[10:14:39.264] |I| [export_sceIoOpen]:  Opening file: app0:mai_moe/load_type.mai
[10:14:39.267] |I| [load_self]:  *** Loading symbols for (S)ELF: app0:sce_module/libfios2.suprx
[10:14:39.268] |D| [load_var_exports]:  	NID 0x6c2224ba (NID_MODULE_INFO) at 0x172b70
[10:14:39.280] |W| [unimplemented_impl]:  Unimplemented sceKernelGetProcessId import called.
[10:14:39.281] |W| [unimplemented_impl]:  Unimplemented sceFiosOverlayGetList02 import called.
[10:14:39.283] |I| [export_sceKernelLoadStartModule]:  SceLibFios2 returned 0x000000
[10:14:39.288] |I| [load_self]:  *** Loading symbols for (S)ELF: app0:sce_module/libfios2_m.suprx
[10:14:39.289] |D| [load_var_exports]:  	NID 0x6c2224ba (NID_MODULE_INFO) at 0x19db70
[10:14:39.302] |I| [export_sceKernelLoadStartModule]:  mceLibFios2 returned 0x000000
[10:14:39.364] |I| [export_sceKernelLoadStartModule]:  output/testprx.elf returned 0x000000
[10:14:39.690] |W| [unimplemented_impl]:  Unimplemented sceAppUtilInit import called.
[10:14:39.743] |W| [unimplemented_impl]:  Unimplemented sceCommonDialogSetConfigParam import called.
