[01:30:57.863] |I| [config::init_config]: backend-renderer: Vulkan
[01:30:57.865] |I| [config::init_config]: log-level: 0
[01:30:58.006] |I| [SDL_main]: Vita3K v0.1.6 2841-0c75bbb5
[01:30:58.006] |I| [SDL_main]: Number of logical CPU cores: 8
[01:30:58.006] |I| [SDL_main]: Available ram memory: 16215 MiB
[01:30:58.621] |I| [renderer::vulkan::VKState::create]: Enabling vulkan validation layers (has a performance impact but allows better error messages)
[01:30:58.702] |I| [renderer::vulkan::VKState::create]: Vulkan device: NVIDIA GeForce RTX 3060 Laptop GPU
[01:30:58.702] |I| [renderer::vulkan::VKState::create]: Driver version: 516.94.0.0
[01:30:59.220] |I| [renderer::vulkan::ScreenRenderer::setup]: Present mode: Mailbox
[01:31:16.227] |I| [load_app_impl]: cpu-backend: Dynarmic
[01:31:16.228] |I| [load_app_impl]: CPU Optimisation state: true
[01:31:16.229] |I| [load_app_impl]: ngs state: true
[01:31:16.229] |I| [load_app_impl]: Resolution multiplier: 1
[01:31:16.229] |I| [load_app_impl]: modules mode: Auto & Manual
[01:31:16.229] |I| [load_app_impl]: lle-modules: libhttp
[01:31:16.229] |I| [load_app_impl]: Title: SUPER ROBOT WARS V
[01:31:16.229] |I| [load_app_impl]: Serial: PCSH10001
[01:31:16.230] |I| [load_app_impl]: Version: 1.00
[01:31:16.230] |I| [load_app_impl]: Category: gd
[01:31:16.251] |I| [load_self]: app0:sce_module/libc.suprx: Skipping special segment 0x6FFFFF01...
[01:31:16.251] |I| [load_self]: Loaded module segment 0 @ [0x00004000 - 0x000558A4 / 0x81000000] (size: 0x000518A4) of module app0:sce_module/libc.suprx
[01:31:16.251] |I| [load_self]: Loaded module segment 1 @ [0x00056000 - 0x000588A0 / 0x81052000] (size: 0x000028A0) of module app0:sce_module/libc.suprx
[01:31:16.251] |I| [load_self]: Linking SELF app0:sce_module/libc.suprx...
[01:31:16.252] |D| [load_var_exports]: 	NID 0x936C8A78 (SYSLYB) at 0x4B314
[01:31:16.252] |D| [load_var_exports]: 	NID 0x6C2224BA (NID_MODULE_INFO) at 0x404DC
[01:31:16.253] |W| [load_var_imports]: 	NID NOT FOUND 0x93B8AA67 (__stack_chk_guard) at 0x4463C, setting to stub value 0xDEADBEEF
[01:31:16.254] |W| [load_var_imports]: 	NID NOT FOUND 0xDF084DFA (UNRECOGNISED) at 0x461D0, setting to stub value 0xDEADBEEF
[01:31:16.256] |I| [pre_load_module]: Pre-load module SceLibc (at "sce_module/libc.suprx") loaded
[01:31:16.268] |I| [load_self]: app0:sce_module/libfios2.suprx: Skipping special segment 0x6FFFFF01...
[01:31:16.268] |I| [load_self]: Loaded module segment 0 @ [0x0005B000 - 0x00087CBF / 0x81000000] (size: 0x0002CCBF) of module app0:sce_module/libfios2.suprx
[01:31:16.272] |I| [load_self]: Loaded module segment 1 @ [0x00088000 - 0x0008D255 / 0x8102D000] (size: 0x00005255) of module app0:sce_module/libfios2.suprx
[01:31:16.275] |I| [load_self]: Linking SELF app0:sce_module/libfios2.suprx...
[01:31:16.276] |D| [load_var_exports]: 	NID 0x936C8A78 (SYSLYB) at 0x87BC8
[01:31:16.277] |D| [load_var_exports]: 	NID 0x6C2224BA (NID_MODULE_INFO) at 0x7EF08
[01:31:16.283] |I| [pre_load_module]: Pre-load module SceLibFios2 (at "sce_module/libfios2.suprx") loaded
[01:31:16.293] |I| [load_self]: app0:sce_module/libult.suprx: Skipping special segment 0x6FFFFF01...
[01:31:16.295] |I| [load_self]: Loaded module segment 0 @ [0x0008E000 - 0x000A19BC / 0x81000000] (size: 0x000139BC) of module app0:sce_module/libult.suprx
[01:31:16.302] |I| [load_self]: Loaded module segment 1 @ [0x000A2000 - 0x000A2814 / 0x81014000] (size: 0x00000814) of module app0:sce_module/libult.suprx
[01:31:16.307] |I| [load_self]: Linking SELF app0:sce_module/libult.suprx...
[01:31:16.312] |D| [load_var_exports]: 	NID 0x936C8A78 (SYSLYB) at 0xA02E8
[01:31:16.316] |D| [load_var_exports]: 	NID 0x6C2224BA (NID_MODULE_INFO) at 0x9D870
[01:31:16.319] |I| [pre_load_module]: Pre-load module SceUlt (at "sce_module/libult.suprx") loaded
[01:31:16.337] |I| [load_self]: Loaded module segment 0 @ [0x000A3000 - 0x000F3F04 / 0x81000000] (size: 0x00050F04) of module vs0:sys/external/libSceFt2.suprx
[01:31:16.343] |I| [load_self]: Loaded module segment 1 @ [0x000F4000 - 0x000F42F4 / 0x81051000] (size: 0x000002F4) of module vs0:sys/external/libSceFt2.suprx
[01:31:16.347] |I| [load_self]: Linking SELF vs0:sys/external/libSceFt2.suprx...
[01:31:16.349] |D| [load_var_exports]: 	NID 0x936C8A78 (SYSLYB) at 0xDF7DC
[01:31:16.353] |D| [load_var_exports]: 	NID 0x6C2224BA (NID_MODULE_INFO) at 0xDEF10
[01:31:16.354] |I| [pre_load_module]: Pre-load module SceLibft2 (at "sys/external/libSceFt2.suprx") loaded
[01:31:16.364] |I| [load_self]: Loaded module segment 0 @ [0x000F5000 - 0x00104F14 / 0x81000000] (size: 0x0000FF14) of module vs0:sys/external/libpvf.suprx
[01:31:16.367] |I| [load_self]: Loaded module segment 1 @ [0x00105000 - 0x00105008 / 0x81010000] (size: 0x00000008) of module vs0:sys/external/libpvf.suprx
[01:31:16.375] |I| [load_self]: Linking SELF vs0:sys/external/libpvf.suprx...
[01:31:16.377] |D| [load_var_exports]: 	NID 0x936C8A78 (SYSLYB) at 0x103710
[01:31:16.380] |D| [load_var_exports]: 	NID 0x6C2224BA (NID_MODULE_INFO) at 0x103300
[01:31:16.382] |I| [pre_load_module]: Pre-load module SceLibPvf (at "sys/external/libpvf.suprx") loaded
[01:31:16.630] |I| [load_self]: app0:eboot.bin: Skipping special segment 0x6FFFFF01...
[01:31:16.630] |I| [load_self]: Loaded module segment 0 @ [0x00106000 - 0x0067D69C / 0x81000000] (size: 0x0057769C) of module app0:eboot.bin
[01:31:16.632] |I| [load_self]: Loaded module segment 1 @ [0x0067E000 - 0x0131AD88 / 0x81578000] (size: 0x00C9CD88) of module app0:eboot.bin
[01:31:16.635] |I| [load_self]: Linking SELF app0:eboot.bin...
[01:31:16.636] |D| [load_var_exports]: 	NID 0x6C2224BA (NID_MODULE_INFO) at 0x565290
[01:31:16.637] |D| [load_var_exports]: 	NID 0x70FBA1E7 (SCE_PROC_PARAMS) at 0x6DEFF8
[01:31:16.638] |D| [load_var_exports]: 	NID 0x936C8A78 (SYSLYB) at 0x642940
[01:31:16.639] |I| [load_app_impl]: Main executable VITA (eboot.bin) loaded
[01:31:16.644] |I| [renderer::vulkan::VKState::precompile_shader]: Program Compiled 1/5
[01:31:16.648] |I| [renderer::vulkan::VKState::precompile_shader]: Program Compiled 2/5
[01:31:16.652] |I| [renderer::vulkan::VKState::precompile_shader]: Program Compiled 3/5
[01:31:16.656] |I| [renderer::vulkan::VKState::precompile_shader]: Program Compiled 4/5
[01:31:16.659] |I| [renderer::vulkan::VKState::precompile_shader]: Program Compiled 5/5
[01:31:16.693] |D| [run_app]: Running module_start of library: SceLibc at address 0x4871
[01:31:16.924] |T| [open_file]: sceKernelGetStdin: Opening terminal tty0:
[01:31:16.924] |T| [open_file]: sceKernelGetStdout: Opening terminal tty0:
[01:31:16.926] |T| [open_file]: sceKernelGetStderr: Opening terminal tty0:
[01:31:16.938] |I| [run_app]: Module SceLibc (at "app0:sce_module/libc.suprx") module_start returned 0x0
[01:31:16.944] |D| [run_app]: Running module_start of library: SceLibFios2 at address 0x5B001
[01:31:16.966] |W| [stubbed_impl]: Stubbed sceKernelGetProcessId import called. (pid: 0)
[01:31:16.967] |I| [run_app]: Module SceLibFios2 (at "app0:sce_module/libfios2.suprx") module_start returned 0x0
[01:31:16.975] |D| [run_app]: Running module_start of library: SceUlt at address 0x91771
[01:31:16.995] |W| [unimplemented_impl]: Unimplemented _sceUlobjMgrRegisterLibultProtocolRevision import called.
[01:31:16.996] |I| [run_app]: Module SceUlt (at "app0:sce_module/libult.suprx") module_start returned 0x0
[01:31:17.693] |W| [stubbed_impl]: Stubbed sceGxmMapFragmentUsseMemory import called. (always return success)
[01:31:17.875] |W| [stubbed_impl]: Stubbed sceGxmMapVertexUsseMemory import called. (always return success)
[01:31:18.109] |W| [ngs::create_voice_definition]: Missing voice definition for Buss Type 7, using passthrough.
[01:31:18.130] |T| [export_sceNgsPatchCreateRouting]: Patching 0x13A6910:0:0 to 0x13AB810:0
[01:31:18.433] |I| [export_sceIoOpen]: Opening file: app0:/DATA/SOUND/SoundAcfZ3TenVita.acf
[01:31:18.434] |T| [open_file]: sceIoOpen: Opening file app0:/DATA/SOUND/SoundAcfZ3TenVita.acf (ux0:/app/PCSH10001/DATA/SOUND/SoundAcfZ3TenVita.acf), fd: 0x3
[01:31:18.447] |T| [close_file]: sceIoClose: Closing file fd: 0x3
[01:31:18.452] |I| [export_sceIoOpen]: Opening file: app0:/DATA/SOUND/SoundAcfZ3TenVita.acf
[01:31:18.452] |T| [open_file]: sceIoOpen: Opening file app0:/DATA/SOUND/SoundAcfZ3TenVita.acf (ux0:/app/PCSH10001/DATA/SOUND/SoundAcfZ3TenVita.acf), fd: 0x4
[01:31:18.467] |T| [close_file]: sceIoClose: Closing file fd: 0x4
[01:31:18.515] |T| [export_sceNgsPatchCreateRouting]: Patching 0x13A6910:0:0 to 0x13AB810:0
[01:31:18.516] |T| [export_sceNgsPatchCreateRouting]: Patching 0x13A72F0:0:0 to 0x13A6910:0
[01:31:18.591] |I| [export_sceIoOpen]: Opening file: app0:/DATA/SOUND/TalkZ3TenVita.cpk
[01:31:18.593] |T| [open_file]: sceIoOpen: Opening file app0:/DATA/SOUND/TalkZ3TenVita.cpk (ux0:/app/PCSH10001/DATA/SOUND/TalkZ3TenVita.cpk), fd: 0x5
[01:31:18.658] |I| [load_module]: Loading module ID: 0x55
[01:31:18.661] |I| [load_self]: sys/external/libSceJson.suprx: Skipping special segment 0x6FFFFF01...
[01:31:18.663] |I| [load_self]: Loaded module segment 0 @ [0x0DD8D000 - 0x0DD93230 / 0x81000000] (size: 0x00006230) of module sys/external/libSceJson.suprx
[01:31:18.667] |I| [load_self]: Loaded module segment 1 @ [0x0D7BD000 - 0x0D7BD049 / 0x81007000] (size: 0x00000049) of module sys/external/libSceJson.suprx
[01:31:18.670] |I| [load_self]: Linking SELF sys/external/libSceJson.suprx...
[01:31:18.672] |D| [load_var_exports]: 	NID 0x936C8A78 (SYSLYB) at 0xDD930A8
[01:31:18.676] |D| [load_var_exports]: 	NID 0x6C2224BA (NID_MODULE_INFO) at 0xDD92020
[01:31:18.678] |I| [load_module]: Module SceLibJson (at "sys/external/libSceJson.suprx") loaded
[01:31:18.680] |T| [log_import_call]: [LLE] TID: 7   FUNC: 0x5405EE04 _ZN3sce4Json11InitializerC1Ev at 0x563FA4
[01:31:18.684] |T| [log_import_call]: [LLE] TID: 7   FUNC: 0x5EC4F6CB _ZN3sce4Json12MemAllocatorC2Ev at 0x563FD4
[01:31:18.686] |T| [log_import_call]: [LLE] TID: 7   FUNC: 0xA3EA44E9 _ZN3sce4Json11Initializer10initializeEPKNS0_13InitParameterE at 0x564114
[01:31:18.701] |T| [log_import_call]: [LLE] TID: 7   FUNC: 0x7A9DECC0 _ZN3sce4Json5ValueC1Ev at 0x564034
[01:31:18.702] |T| [log_import_call]: [LLE] TID: 7   FUNC: 0x349F2D89 _ZN3sce4Json5Value21setNullAccessCallbackEPFRKS1_NS0_9ValueTypeEPS2_PvES6_ at 0x563F44
[01:31:18.712] |T| [log_import_call]: [LLE] TID: 7   FUNC: 0xE4211FC _ZN3sce4Json6Parser5parseERNS0_5ValueEPKc at 0x563E74
[01:31:18.716] |I| [export_sceIoOpen]: Opening file: app0:/DATA/PRODUCT/product_est001_se_vita_jp.json
[01:31:18.717] |E| [open_file]: Missing file at C:/Users/ Othmane/AppData/Roaming/Vita3K/Vita3K/ux0/app/PCSH10001/DATA/PRODUCT/product_est001_se_vita_jp.json (target path: app0:/DATA/PRODUCT/product_est001_se_vita_jp.json)
[01:31:18.725] |W| [io_error_impl]: open_file (sceIoOpen) returned 0x80010002
[01:31:18.728] |E| [call_import]: Import function for NID 0xE340CDD8 not found (thread name: PCSH10001, thread ID: 7)
[01:31:18.729] |I| [export_sceIoOpen]: Opening file: app0:/DATA/PRODUCT/product_est001_vita_jp.json
[01:31:18.730] |E| [open_file]: Missing file at C:/Users/ Othmane/AppData/Roaming/Vita3K/Vita3K/ux0/app/PCSH10001/DATA/PRODUCT/product_est001_vita_jp.json (target path: app0:/DATA/PRODUCT/product_est001_vita_jp.json)
[01:31:18.734] |W| [io_error_impl]: open_file (sceIoOpen) returned 0x80010002
[01:31:18.738] |I| [export_sceIoOpen]: Opening file: app0:/DATA/PRODUCT/product_est001_vita_en.json
[01:31:18.740] |T| [open_file]: sceIoOpen: Opening file app0:/DATA/PRODUCT/product_est001_vita_en.json (ux0:/app/PCSH10001/DATA/PRODUCT/product_est001_vita_en.json), fd: 0x6
[01:31:18.767] |T| [close_file]: sceIoClose: Closing file fd: 0x6
[01:31:18.769] |T| [log_import_call]: [LLE] TID: 7   FUNC: 0x70703FC7 _ZN3sce4Json6StringC1EPKc at 0x564014
[01:31:18.772] |T| [log_import_call]: [LLE] TID: 7   FUNC: 0x97ABD9CF _ZN3sce4Json5Value10referValueERKNS0_6StringE at 0x5640E4
[01:31:18.779] |T| [log_import_call]: [LLE] TID: 7   FUNC: 0xB70F12A8 _ZN3sce4Json6StringD1Ev at 0x564184
[01:31:18.780] |T| [log_import_call]: [LLE] TID: 7   FUNC: 0xBC3391BE _ZNK3sce4Json5Value9getStringEv at 0x5641A4
[01:31:18.782] |T| [log_import_call]: [LLE] TID: 7   FUNC: 0x327D74CE _ZNK3sce4Json6String5c_strEv at 0x563F34
[01:31:18.787] |T| [log_import_call]: [LLE] TID: 7   FUNC: 0x6861C3CC _ZNK3sce4Json5Value10getIntegerEv at 0x563FE4
[01:31:18.791] |T| [log_import_call]: [LLE] TID: 7   FUNC: 0x7DDFCAE2 _ZNK3sce4Json5Value10getBooleanEv at 0x564054
[01:31:18.792] |T| [log_import_call]: [LLE] TID: 7   FUNC: 0xE07648EC _ZN3sce4Json5ValueD1Ev at 0x5641F4
[01:31:18.798] |T| [log_import_call]: [LLE] TID: 7   FUNC: 0x30AD8C6A _ZN3sce4Json11Initializer9terminateEv at 0x563F24
[01:31:18.802] |T| [log_import_call]: [LLE] TID: 7   FUNC: 0xA19AA8B4 _ZN3sce4Json11InitializerD1Ev at 0x564104
[01:31:18.803] |T| [log_import_call]: [LLE] TID: 7   FUNC: 0x47A56DF5 _ZN3sce4Json12MemAllocatorD2Ev at 0x563F84
[01:31:18.805] |W| [unimplemented_impl]: Unimplemented sceSysmoduleUnloadModule import called.
[01:31:18.807] |I| [export_sceIoOpen]: Opening file: app0:/DATA/SOUND/BGM_002.acb
[01:31:18.808] |T| [open_file]: sceIoOpen: Opening file app0:/DATA/SOUND/BGM_002.acb (ux0:/app/PCSH10001/DATA/SOUND/BGM_002.acb), fd: 0x7
[01:31:18.812] |T| [close_file]: sceIoClose: Closing file fd: 0x7
[01:31:18.819] |I| [export_sceIoOpen]: Opening file: app0:/DATA/SOUND/BGM_002.acb
[01:31:18.820] |T| [open_file]: sceIoOpen: Opening file app0:/DATA/SOUND/BGM_002.acb (ux0:/app/PCSH10001/DATA/SOUND/BGM_002.acb), fd: 0x8
[01:31:18.823] |T| [close_file]: sceIoClose: Closing file fd: 0x8
[01:31:18.863] |I| [export_sceIoOpen]: Opening file: app0:/DATA/SOUND/BGM_002.awb
[01:31:18.864] |T| [open_file]: sceIoOpen: Opening file app0:/DATA/SOUND/BGM_002.awb (ux0:/app/PCSH10001/DATA/SOUND/BGM_002.awb), fd: 0x9
[01:31:18.874] |W| [unimplemented_impl]: Unimplemented sceScreenShotSetParam import called.
[01:31:18.875] |W| [unimplemented_impl]: Unimplemented sceScreenShotDisable import called.
[01:31:18.877] |W| [unimplemented_impl]: Unimplemented sceScreenShotSetOverlayImage import called.
[01:31:18.880] |W| [unimplemented_impl]: Unimplemented sceScreenShotEnable import called.
[01:31:18.886] |I| [export_sceIoOpen]: Opening file: app0:/data/anime/effvita.cpk
[01:31:18.887] |T| [open_file]: sceIoOpen: Opening file app0:/data/anime/effvita.cpk (ux0:/app/PCSH10001/data/anime/effvita.cpk), fd: 0xA
[01:31:18.947] |I| [export_sceIoOpen]: Opening file: app0:/data/tabata/EN/TPACKVITA_EN.CPK
[01:31:18.948] |T| [open_file]: sceIoOpen: Opening file app0:/data/tabata/EN/TPACKVITA_EN.CPK (ux0:/app/PCSH10001/data/tabata/EN/TPACKVITA_EN.CPK), fd: 0xB
[01:31:19.230] |I| [export_sceIoOpen]: Opening file: app0:DATA/AIDDATA/EN/LayoutImage.cpk
[01:31:19.231] |T| [open_file]: sceIoOpen: Opening file app0:DATA/AIDDATA/EN/LayoutImage.cpk (ux0:/app/PCSH10001/DATA/AIDDATA/EN/LayoutImage.cpk), fd: 0xC
[01:31:19.287] |I| [export_sceIoOpen]: Opening file: app0:DATA/AIDDATA/EN/LayoutData.cpk
[01:31:19.288] |T| [open_file]: sceIoOpen: Opening file app0:DATA/AIDDATA/EN/LayoutData.cpk (ux0:/app/PCSH10001/DATA/AIDDATA/EN/LayoutData.cpk), fd: 0xD
[01:31:19.343] |I| [export_sceIoOpen]: Opening file: app0:DATA/AIDDATA/EN/SysText.cpk
[01:31:19.344] |T| [open_file]: sceIoOpen: Opening file app0:DATA/AIDDATA/EN/SysText.cpk (ux0:/app/PCSH10001/DATA/AIDDATA/EN/SysText.cpk), fd: 0xE
[01:31:19.385] |I| [export_sceIoOpen]: Opening file: app0:/DATA/MAPETC/PieceEst001Vita.cpk
[01:31:19.387] |T| [open_file]: sceIoOpen: Opening file app0:/DATA/MAPETC/PieceEst001Vita.cpk (ux0:/app/PCSH10001/DATA/MAPETC/PieceEst001Vita.cpk), fd: 0xF
[01:31:19.826] |I| [export_sceIoOpen]: Opening file: app0:/CommonData/hiyama/defaultSS_E.cpk
[01:31:19.827] |T| [open_file]: sceIoOpen: Opening file app0:/CommonData/hiyama/defaultSS_E.cpk (ux0:/app/PCSH10001/CommonData/hiyama/defaultSS_E.cpk), fd: 0x10
[01:31:19.844] |I| [export_sceIoOpen]: Opening file: app0:/CommonData/hiyama/FILTER_E.cpk
[01:31:19.845] |T| [open_file]: sceIoOpen: Opening file app0:/CommonData/hiyama/FILTER_E.cpk (ux0:/app/PCSH10001/CommonData/hiyama/FILTER_E.cpk), fd: 0x11
[01:31:19.883] |T| [open_file]: create_trophy_context: Opening file app0:/sce_sys/trophy/NPWR11247_00/TROPHY.TRP (ux0:/app/PCSH10001/sce_sys/trophy/NPWR11247_00/TROPHY.TRP), fd: 0x12
[01:31:19.892] |T| [open_file]: create_trophy_context: Opening file ux0:/user/00/trophy/data/NPWR11247_00/TROPUSR.DAT (ux0:/user/00/trophy/data/NPWR11247_00/TROPUSR.DAT), fd: 0x13
[01:31:19.904] |T| [open_file]: install_trophy_context: Opening file ux0:/user/00/trophy/conf/NPWR11247_00/TROPCONF.SFM (ux0:/user/00/trophy/conf/NPWR11247_00/TROPCONF.SFM), fd: 0x14
[01:31:19.913] |T| [write_file]: install_trophy_context: Writing to fd: 0x14, size: 2397
[01:31:19.924] |T| [close_file]: install_trophy_context: Closing file fd: 0x14
[01:31:19.930] |T| [open_file]: install_trophy_context: Opening file ux0:/user/00/trophy/conf/NPWR11247_00/TROP.SFM (ux0:/user/00/trophy/conf/NPWR11247_00/TROP.SFM), fd: 0x15
[01:31:19.937] |T| [write_file]: install_trophy_context: Writing to fd: 0x15, size: 6342
[01:31:19.944] |T| [close_file]: install_trophy_context: Closing file fd: 0x15
[01:31:19.953] |T| [open_file]: install_trophy_context: Opening file ux0:/user/00/trophy/conf/NPWR11247_00/TROP_00.SFM (ux0:/user/00/trophy/conf/NPWR11247_00/TROP_00.SFM), fd: 0x16
[01:31:19.956] |T| [write_file]: install_trophy_context: Writing to fd: 0x16, size: 7737
[01:31:19.960] |T| [close_file]: install_trophy_context: Closing file fd: 0x16
[01:31:19.968] |T| [open_file]: install_trophy_context: Opening file ux0:/user/00/trophy/conf/NPWR11247_00/TROP_01.SFM (ux0:/user/00/trophy/conf/NPWR11247_00/TROP_01.SFM), fd: 0x17
[01:31:19.983] |T| [write_file]: install_trophy_context: Writing to fd: 0x17, size: 6342
[01:31:19.990] |T| [close_file]: install_trophy_context: Closing file fd: 0x17
[01:31:20.002] |T| [open_file]: install_trophy_context: Opening file ux0:/user/00/trophy/conf/NPWR11247_00/TROP_09.SFM (ux0:/user/00/trophy/conf/NPWR11247_00/TROP_09.SFM), fd: 0x18
[01:31:20.009] |T| [write_file]: install_trophy_context: Writing to fd: 0x18, size: 7100
[01:31:20.015] |T| [close_file]: install_trophy_context: Closing file fd: 0x18
[01:31:20.019] |T| [open_file]: install_trophy_context: Opening file ux0:/user/00/trophy/conf/NPWR11247_00/TROP_10.SFM (ux0:/user/00/trophy/conf/NPWR11247_00/TROP_10.SFM), fd: 0x19
[01:31:20.035] |T| [write_file]: install_trophy_context: Writing to fd: 0x19, size: 6516
[01:31:20.036] |T| [close_file]: install_trophy_context: Closing file fd: 0x19
[01:31:20.043] |T| [open_file]: install_trophy_context: Opening file ux0:/user/00/trophy/conf/NPWR11247_00/ICON0.PNG (ux0:/user/00/trophy/conf/NPWR11247_00/ICON0.PNG), fd: 0x1A
[01:31:20.053] |T| [write_file]: install_trophy_context: Writing to fd: 0x1A, size: 101002
[01:31:20.061] |T| [close_file]: install_trophy_context: Closing file fd: 0x1A
[01:31:20.071] |T| [open_file]: install_trophy_context: Opening file ux0:/user/00/trophy/conf/NPWR11247_00/ICON0_00.PNG (ux0:/user/00/trophy/conf/NPWR11247_00/ICON0_00.PNG), fd: 0x1B
[01:31:20.093] |T| [write_file]: install_trophy_context: Writing to fd: 0x1B, size: 101890
[01:31:20.095] |T| [close_file]: install_trophy_context: Closing file fd: 0x1B
[01:31:20.101] |T| [open_file]: install_trophy_context: Opening file ux0:/user/00/trophy/conf/NPWR11247_00/ICON0_01.PNG (ux0:/user/00/trophy/conf/NPWR11247_00/ICON0_01.PNG), fd: 0x1C
[01:31:20.107] |T| [write_file]: install_trophy_context: Writing to fd: 0x1C, size: 101002
[01:31:20.113] |T| [close_file]: install_trophy_context: Closing file fd: 0x1C
[01:31:20.119] |T| [open_file]: install_trophy_context: Opening file ux0:/user/00/trophy/conf/NPWR11247_00/ICON0_09.PNG (ux0:/user/00/trophy/conf/NPWR11247_00/ICON0_09.PNG), fd: 0x1D
[01:31:20.128] |T| [write_file]: install_trophy_context: Writing to fd: 0x1D, size: 99492
[01:31:20.144] |T| [close_file]: install_trophy_context: Closing file fd: 0x1D
[01:31:20.156] |T| [open_file]: install_trophy_context: Opening file ux0:/user/00/trophy/conf/NPWR11247_00/ICON0_10.PNG (ux0:/user/00/trophy/conf/NPWR11247_00/ICON0_10.PNG), fd: 0x1E
[01:31:20.166] |T| [write_file]: install_trophy_context: Writing to fd: 0x1E, size: 102229
[01:31:20.178] |T| [close_file]: install_trophy_context: Closing file fd: 0x1E
[01:31:20.193] |T| [open_file]: install_trophy_context: Opening file ux0:/user/00/trophy/conf/NPWR11247_00/TROP000.PNG (ux0:/user/00/trophy/conf/NPWR11247_00/TROP000.PNG), fd: 0x1F
[01:31:20.203] |T| [write_file]: install_trophy_context: Writing to fd: 0x1F, size: 80921
[01:31:20.215] |T| [close_file]: install_trophy_context: Closing file fd: 0x1F
[01:31:20.221] |T| [open_file]: install_trophy_context: Opening file ux0:/user/00/trophy/conf/NPWR11247_00/TROP001.PNG (ux0:/user/00/trophy/conf/NPWR11247_00/TROP001.PNG), fd: 0x20
[01:31:20.229] |T| [write_file]: install_trophy_context: Writing to fd: 0x20, size: 65258
[01:31:20.239] |T| [close_file]: install_trophy_context: Closing file fd: 0x20
[01:31:20.243] |T| [open_file]: install_trophy_context: Opening file ux0:/user/00/trophy/conf/NPWR11247_00/TROP002.PNG (ux0:/user/00/trophy/conf/NPWR11247_00/TROP002.PNG), fd: 0x21
[01:31:20.257] |T| [write_file]: install_trophy_context: Writing to fd: 0x21, size: 65258
[01:31:20.262] |T| [close_file]: install_trophy_context: Closing file fd: 0x21
[01:31:20.270] |T| [open_file]: install_trophy_context: Opening file ux0:/user/00/trophy/conf/NPWR11247_00/TROP003.PNG (ux0:/user/00/trophy/conf/NPWR11247_00/TROP003.PNG), fd: 0x22
[01:31:20.282] |T| [write_file]: install_trophy_context: Writing to fd: 0x22, size: 65258
[01:31:20.291] |T| [close_file]: install_trophy_context: Closing file fd: 0x22
[01:31:20.301] |T| [open_file]: install_trophy_context: Opening file ux0:/user/00/trophy/conf/NPWR11247_00/TROP004.PNG (ux0:/user/00/trophy/conf/NPWR11247_00/TROP004.PNG), fd: 0x23
[01:31:20.322] |T| [write_file]: install_trophy_context: Writing to fd: 0x23, size: 65258
[01:31:20.325] |T| [close_file]: install_trophy_context: Closing file fd: 0x23
[01:31:20.332] |T| [open_file]: install_trophy_context: Opening file ux0:/user/00/trophy/conf/NPWR11247_00/TROP005.PNG (ux0:/user/00/trophy/conf/NPWR11247_00/TROP005.PNG), fd: 0x24
[01:31:20.337] |T| [write_file]: install_trophy_context: Writing to fd: 0x24, size: 62308
[01:31:20.348] |T| [close_file]: install_trophy_context: Closing file fd: 0x24
[01:31:20.352] |T| [open_file]: install_trophy_context: Opening file ux0:/user/00/trophy/conf/NPWR11247_00/TROP006.PNG (ux0:/user/00/trophy/conf/NPWR11247_00/TROP006.PNG), fd: 0x25
[01:31:20.372] |T| [write_file]: install_trophy_context: Writing to fd: 0x25, size: 62308
[01:31:20.377] |T| [close_file]: install_trophy_context: Closing file fd: 0x25
[01:31:20.381] |T| [open_file]: install_trophy_context: Opening file ux0:/user/00/trophy/conf/NPWR11247_00/TROP007.PNG (ux0:/user/00/trophy/conf/NPWR11247_00/TROP007.PNG), fd: 0x26
[01:31:20.391] |T| [write_file]: install_trophy_context: Writing to fd: 0x26, size: 62308
[01:31:20.400] |T| [close_file]: install_trophy_context: Closing file fd: 0x26
[01:31:20.407] |T| [open_file]: install_trophy_context: Opening file ux0:/user/00/trophy/conf/NPWR11247_00/TROP008.PNG (ux0:/user/00/trophy/conf/NPWR11247_00/TROP008.PNG), fd: 0x27
[01:31:20.423] |T| [write_file]: install_trophy_context: Writing to fd: 0x27, size: 62308
[01:31:20.437] |T| [close_file]: install_trophy_context: Closing file fd: 0x27
[01:31:20.449] |T| [open_file]: install_trophy_context: Opening file ux0:/user/00/trophy/conf/NPWR11247_00/TROP009.PNG (ux0:/user/00/trophy/conf/NPWR11247_00/TROP009.PNG), fd: 0x28
[01:31:20.466] |T| [write_file]: install_trophy_context: Writing to fd: 0x28, size: 62308
[01:31:20.476] |T| [close_file]: install_trophy_context: Closing file fd: 0x28
[01:31:20.483] |T| [open_file]: install_trophy_context: Opening file ux0:/user/00/trophy/conf/NPWR11247_00/TROP010.PNG (ux0:/user/00/trophy/conf/NPWR11247_00/TROP010.PNG), fd: 0x29
[01:31:20.506] |T| [write_file]: install_trophy_context: Writing to fd: 0x29, size: 62308
[01:31:20.517] |T| [close_file]: install_trophy_context: Closing file fd: 0x29
[01:31:20.525] |T| [open_file]: install_trophy_context: Opening file ux0:/user/00/trophy/conf/NPWR11247_00/TROP011.PNG (ux0:/user/00/trophy/conf/NPWR11247_00/TROP011.PNG), fd: 0x2A
[01:31:20.539] |T| [write_file]: install_trophy_context: Writing to fd: 0x2A, size: 62308
[01:31:20.548] |T| [close_file]: install_trophy_context: Closing file fd: 0x2A
[01:31:20.561] |T| [open_file]: install_trophy_context: Opening file ux0:/user/00/trophy/conf/NPWR11247_00/TROP012.PNG (ux0:/user/00/trophy/conf/NPWR11247_00/TROP012.PNG), fd: 0x2B
[01:31:20.572] |T| [write_file]: install_trophy_context: Writing to fd: 0x2B, size: 62308
[01:31:20.576] |T| [close_file]: install_trophy_context: Closing file fd: 0x2B
[01:31:20.584] |T| [open_file]: install_trophy_context: Opening file ux0:/user/00/trophy/conf/NPWR11247_00/TROP013.PNG (ux0:/user/00/trophy/conf/NPWR11247_00/TROP013.PNG), fd: 0x2C
[01:31:20.598] |T| [write_file]: install_trophy_context: Writing to fd: 0x2C, size: 62308
[01:31:20.602] |T| [close_file]: install_trophy_context: Closing file fd: 0x2C
[01:31:20.609] |T| [open_file]: install_trophy_context: Opening file ux0:/user/00/trophy/conf/NPWR11247_00/TROP014.PNG (ux0:/user/00/trophy/conf/NPWR11247_00/TROP014.PNG), fd: 0x2D
[01:31:20.633] |T| [write_file]: install_trophy_context: Writing to fd: 0x2D, size: 62308
[01:31:20.642] |T| [close_file]: install_trophy_context: Closing file fd: 0x2D
[01:31:20.653] |T| [open_file]: install_trophy_context: Opening file ux0:/user/00/trophy/conf/NPWR11247_00/TROP015.PNG (ux0:/user/00/trophy/conf/NPWR11247_00/TROP015.PNG), fd: 0x2E
[01:31:20.665] |T| [write_file]: install_trophy_context: Writing to fd: 0x2E, size: 65330
[01:31:20.671] |T| [close_file]: install_trophy_context: Closing file fd: 0x2E
[01:31:20.677] |T| [open_file]: install_trophy_context: Opening file ux0:/user/00/trophy/conf/NPWR11247_00/TROP016.PNG (ux0:/user/00/trophy/conf/NPWR11247_00/TROP016.PNG), fd: 0x2F
[01:31:20.687] |T| [write_file]: install_trophy_context: Writing to fd: 0x2F, size: 65330
[01:31:20.692] |T| [close_file]: install_trophy_context: Closing file fd: 0x2F
[01:31:20.696] |T| [open_file]: install_trophy_context: Opening file ux0:/user/00/trophy/conf/NPWR11247_00/TROP017.PNG (ux0:/user/00/trophy/conf/NPWR11247_00/TROP017.PNG), fd: 0x30
[01:31:20.707] |T| [write_file]: install_trophy_context: Writing to fd: 0x30, size: 65330
[01:31:20.712] |T| [close_file]: install_trophy_context: Closing file fd: 0x30
[01:31:20.720] |T| [open_file]: install_trophy_context: Opening file ux0:/user/00/trophy/conf/NPWR11247_00/TROP018.PNG (ux0:/user/00/trophy/conf/NPWR11247_00/TROP018.PNG), fd: 0x31
[01:31:20.729] |T| [write_file]: install_trophy_context: Writing to fd: 0x31, size: 65330
[01:31:20.737] |T| [close_file]: install_trophy_context: Closing file fd: 0x31
[01:31:20.741] |T| [open_file]: install_trophy_context: Opening file ux0:/user/00/trophy/conf/NPWR11247_00/TROP019.PNG (ux0:/user/00/trophy/conf/NPWR11247_00/TROP019.PNG), fd: 0x32
[01:31:20.757] |T| [write_file]: install_trophy_context: Writing to fd: 0x32, size: 65330
[01:31:20.766] |T| [close_file]: install_trophy_context: Closing file fd: 0x32
[01:31:20.770] |T| [open_file]: install_trophy_context: Opening file ux0:/user/00/trophy/conf/NPWR11247_00/TROP020.PNG (ux0:/user/00/trophy/conf/NPWR11247_00/TROP020.PNG), fd: 0x33
[01:31:20.786] |T| [write_file]: install_trophy_context: Writing to fd: 0x33, size: 65330
[01:31:20.791] |T| [close_file]: install_trophy_context: Closing file fd: 0x33
[01:31:20.797] |T| [open_file]: install_trophy_context: Opening file ux0:/user/00/trophy/conf/NPWR11247_00/TROP021.PNG (ux0:/user/00/trophy/conf/NPWR11247_00/TROP021.PNG), fd: 0x34
[01:31:20.815] |T| [write_file]: install_trophy_context: Writing to fd: 0x34, size: 65330
[01:31:20.821] |T| [close_file]: install_trophy_context: Closing file fd: 0x34
[01:31:20.832] |T| [open_file]: install_trophy_context: Opening file ux0:/user/00/trophy/conf/NPWR11247_00/TROP022.PNG (ux0:/user/00/trophy/conf/NPWR11247_00/TROP022.PNG), fd: 0x35
[01:31:20.846] |T| [write_file]: install_trophy_context: Writing to fd: 0x35, size: 65330
[01:31:20.852] |T| [close_file]: install_trophy_context: Closing file fd: 0x35
[01:31:20.867] |T| [open_file]: install_trophy_context: Opening file ux0:/user/00/trophy/conf/NPWR11247_00/TROP023.PNG (ux0:/user/00/trophy/conf/NPWR11247_00/TROP023.PNG), fd: 0x36
[01:31:20.873] |T| [write_file]: install_trophy_context: Writing to fd: 0x36, size: 65330
[01:31:20.881] |T| [close_file]: install_trophy_context: Closing file fd: 0x36
[01:31:20.896] |T| [open_file]: install_trophy_context: Opening file ux0:/user/00/trophy/conf/NPWR11247_00/TROP024.PNG (ux0:/user/00/trophy/conf/NPWR11247_00/TROP024.PNG), fd: 0x37
[01:31:20.912] |T| [write_file]: install_trophy_context: Writing to fd: 0x37, size: 65330
[01:31:20.920] |T| [close_file]: install_trophy_context: Closing file fd: 0x37
[01:31:20.925] |T| [open_file]: install_trophy_context: Opening file ux0:/user/00/trophy/conf/NPWR11247_00/TROP025.PNG (ux0:/user/00/trophy/conf/NPWR11247_00/TROP025.PNG), fd: 0x38
[01:31:20.930] |T| [write_file]: install_trophy_context: Writing to fd: 0x38, size: 65330
[01:31:20.936] |T| [close_file]: install_trophy_context: Closing file fd: 0x38
[01:31:20.944] |T| [open_file]: install_trophy_context: Opening file ux0:/user/00/trophy/conf/NPWR11247_00/TROP026.PNG (ux0:/user/00/trophy/conf/NPWR11247_00/TROP026.PNG), fd: 0x39
[01:31:20.954] |T| [write_file]: install_trophy_context: Writing to fd: 0x39, size: 65330
[01:31:20.957] |T| [close_file]: install_trophy_context: Closing file fd: 0x39
[01:31:20.960] |T| [open_file]: install_trophy_context: Opening file ux0:/user/00/trophy/conf/NPWR11247_00/TROP027.PNG (ux0:/user/00/trophy/conf/NPWR11247_00/TROP027.PNG), fd: 0x3A
[01:31:20.967] |T| [write_file]: install_trophy_context: Writing to fd: 0x3A, size: 65330
[01:31:20.969] |T| [close_file]: install_trophy_context: Closing file fd: 0x3A
[01:31:20.971] |T| [open_file]: install_trophy_context: Opening file ux0:/user/00/trophy/conf/NPWR11247_00/TROP028.PNG (ux0:/user/00/trophy/conf/NPWR11247_00/TROP028.PNG), fd: 0x3B
[01:31:20.975] |T| [write_file]: install_trophy_context: Writing to fd: 0x3B, size: 65330
[01:31:20.979] |T| [close_file]: install_trophy_context: Closing file fd: 0x3B
[01:31:20.982] |T| [open_file]: install_trophy_context: Opening file ux0:/user/00/trophy/conf/NPWR11247_00/TROP029.PNG (ux0:/user/00/trophy/conf/NPWR11247_00/TROP029.PNG), fd: 0x3C
[01:31:20.986] |T| [write_file]: install_trophy_context: Writing to fd: 0x3C, size: 65330
[01:31:20.988] |T| [close_file]: install_trophy_context: Closing file fd: 0x3C
[01:31:20.995] |T| [open_file]: install_trophy_context: Opening file ux0:/user/00/trophy/conf/NPWR11247_00/TROP030.PNG (ux0:/user/00/trophy/conf/NPWR11247_00/TROP030.PNG), fd: 0x3D
[01:31:20.999] |T| [write_file]: install_trophy_context: Writing to fd: 0x3D, size: 65330
[01:31:21.003] |T| [close_file]: install_trophy_context: Closing file fd: 0x3D
[01:31:21.010] |T| [open_file]: install_trophy_context: Opening file ux0:/user/00/trophy/conf/NPWR11247_00/TROP031.PNG (ux0:/user/00/trophy/conf/NPWR11247_00/TROP031.PNG), fd: 0x3E
[01:31:21.018] |T| [write_file]: install_trophy_context: Writing to fd: 0x3E, size: 65330
[01:31:21.026] |T| [close_file]: install_trophy_context: Closing file fd: 0x3E
[01:31:21.033] |T| [open_file]: install_trophy_context: Opening file ux0:/user/00/trophy/conf/NPWR11247_00/TROP032.PNG (ux0:/user/00/trophy/conf/NPWR11247_00/TROP032.PNG), fd: 0x3F
[01:31:21.048] |T| [write_file]: install_trophy_context: Writing to fd: 0x3F, size: 65330
[01:31:21.051] |T| [close_file]: install_trophy_context: Closing file fd: 0x3F
[01:31:21.061] |T| [open_file]: install_trophy_context: Opening file ux0:/user/00/trophy/conf/NPWR11247_00/TROP033.PNG (ux0:/user/00/trophy/conf/NPWR11247_00/TROP033.PNG), fd: 0x40
[01:31:21.077] |T| [write_file]: install_trophy_context: Writing to fd: 0x40, size: 65330
[01:31:21.084] |T| [close_file]: install_trophy_context: Closing file fd: 0x40
[01:31:21.093] |T| [open_file]: install_trophy_context: Opening file ux0:/user/00/trophy/conf/NPWR11247_00/TROP034.PNG (ux0:/user/00/trophy/conf/NPWR11247_00/TROP034.PNG), fd: 0x41
[01:31:21.097] |T| [write_file]: install_trophy_context: Writing to fd: 0x41, size: 65330
[01:31:21.102] |T| [close_file]: install_trophy_context: Closing file fd: 0x41
[01:31:21.105] |T| [close_file]: create_trophy_context: Closing file fd: 0x13
[01:31:21.108] |T| [export_sceNpTrophyCreateContext]: Trophy context for NPWR11247_00 create successfuly!
[01:31:21.111] |W| [unimplemented_impl]: Unimplemented sceAppUtilInit import called.
[01:31:21.117] |T| [close_file]: sceIoClose: Closing file fd: 0xB
[01:31:21.134] |I| [export_sceIoOpen]: Opening file: app0:/DATA/kurodata/EN/KPACK_VT_RG_EN.CPK
[01:31:21.135] |T| [open_file]: sceIoOpen: Opening file app0:/DATA/kurodata/EN/KPACK_VT_RG_EN.CPK (ux0:/app/PCSH10001/DATA/kurodata/EN/KPACK_VT_RG_EN.CPK), fd: 0x42
[01:31:21.152] |T| [close_file]: sceIoClose: Closing file fd: 0xA
[01:31:21.158] |I| [export_sceIoOpen]: Opening file: app0:/DATA/kurodata/EN/KPACK_VT_LN_EN.CPK
[01:31:21.162] |T| [open_file]: sceIoOpen: Opening file app0:/DATA/kurodata/EN/KPACK_VT_LN_EN.CPK (ux0:/app/PCSH10001/DATA/kurodata/EN/KPACK_VT_LN_EN.CPK), fd: 0x43
[01:31:21.229] |T| [close_file]: sceIoClose: Closing file fd: 0xC
[01:31:21.231] |I| [export_sceIoOpen]: Opening file: app0:/CommonData/KuroData/LUACPK.CPK
[01:31:21.240] |T| [open_file]: sceIoOpen: Opening file app0:/CommonData/KuroData/LUACPK.CPK (ux0:/app/PCSH10001/CommonData/KuroData/LUACPK.CPK), fd: 0x44
[01:31:21.322] |T| [close_file]: sceIoClose: Closing file fd: 0xD
[01:31:21.326] |I| [export_sceIoOpen]: Opening file: app0:/CommonData/MtData/EN/rpw_jstr.cpk
[01:31:21.329] |T| [open_file]: sceIoOpen: Opening file app0:/CommonData/MtData/EN/rpw_jstr.cpk (ux0:/app/PCSH10001/CommonData/MtData/EN/rpw_jstr.cpk), fd: 0x45
[01:31:21.365] |T| [close_file]: sceIoClose: Closing file fd: 0xE
[01:31:21.367] |I| [export_sceIoOpen]: Opening file: app0:/CommonData/MtData/rpw_data.cpk
[01:31:21.372] |T| [open_file]: sceIoOpen: Opening file app0:/CommonData/MtData/rpw_data.cpk (ux0:/app/PCSH10001/CommonData/MtData/rpw_data.cpk), fd: 0x46
[01:31:21.438] |T| [close_file]: sceIoClose: Closing file fd: 0xF
[01:31:21.440] |I| [export_sceIoOpen]: Opening file: app0:/CommonData/MtData/EN/lega_zkn.cpk
[01:31:21.441] |T| [open_file]: sceIoOpen: Opening file app0:/CommonData/MtData/EN/lega_zkn.cpk (ux0:/app/PCSH10001/CommonData/MtData/EN/lega_zkn.cpk), fd: 0x47
[01:31:21.546] |T| [close_file]: sceIoClose: Closing file fd: 0x10
[01:31:21.547] |I| [export_sceIoOpen]: Opening file: app0:/CommonData/ShiroData/LanguageData/EN/LT00_EN.CPK
[01:31:21.550] |T| [open_file]: sceIoOpen: Opening file app0:/CommonData/ShiroData/LanguageData/EN/LT00_EN.CPK (ux0:/app/PCSH10001/CommonData/ShiroData/LanguageData/EN/LT00_EN.CPK), fd: 0x48
[01:31:21.652] |T| [close_file]: sceIoClose: Closing file fd: 0x11
[01:31:21.653] |I| [export_sceIoOpen]: Opening file: app0:/data/StatusImage/FSET.cpk
[01:31:21.656] |T| [open_file]: sceIoOpen: Opening file app0:/data/StatusImage/FSET.cpk (ux0:/app/PCSH10001/data/StatusImage/FSET.cpk), fd: 0x49
[01:31:21.669] |T| [close_file]: sceIoClose: Closing file fd: 0x42
[01:31:21.670] |I| [export_sceIoOpen]: Opening file: app0:/data/StatusImage/FS00.cpk
[01:31:21.673] |T| [open_file]: sceIoOpen: Opening file app0:/data/StatusImage/FS00.cpk (ux0:/app/PCSH10001/data/StatusImage/FS00.cpk), fd: 0x4A
[01:31:21.692] |T| [close_file]: sceIoClose: Closing file fd: 0x43
[01:31:21.694] |I| [export_sceIoOpen]: Opening file: app0:/data/StatusImage/RG00.cpk
[01:31:21.697] |T| [open_file]: sceIoOpen: Opening file app0:/data/StatusImage/RG00.cpk (ux0:/app/PCSH10001/data/StatusImage/RG00.cpk), fd: 0x4B
[01:31:21.715] |T| [close_file]: sceIoClose: Closing file fd: 0x44
[01:31:21.719] |I| [export_sceIoOpen]: Opening file: app0:/data/StatusImage/FM00.cpk
[01:31:21.720] |T| [open_file]: sceIoOpen: Opening file app0:/data/StatusImage/FM00.cpk (ux0:/app/PCSH10001/data/StatusImage/FM00.cpk), fd: 0x4C
[01:31:21.788] |I| [export_sceIoOpen]: Opening file: app0:/DATA/SOUND/SePackEst001Vita.cpk
[01:31:21.789] |T| [open_file]: sceIoOpen: Opening file app0:/DATA/SOUND/SePackEst001Vita.cpk (ux0:/app/PCSH10001/DATA/SOUND/SePackEst001Vita.cpk), fd: 0x4D
[01:31:21.844] |I| [export_sceIoOpen]: Opening file: sa0:data/font/pvf/ltn4.pvf
[01:31:21.844] |T| [open_file]: sceIoOpen: Opening file sa0:data/font/pvf/ltn4.pvf (sa0:/data/font/pvf/ltn4.pvf), fd: 0x4E
[01:31:21.850] |I| [export_sceClibPrintf]: LIBPVF>>> FILE: sa0:data/font/pvf/ltn4.pvf

[01:31:21.853] |W| [unimplemented_impl]: Unimplemented sceIoIoctl import called.
[01:31:21.856] |T| [close_file]: sceIoClose: Closing file fd: 0x4E
[01:31:21.966] |I| [export_sceIoOpen]: Opening file: sa0:data/font/pvf/jpn2.pvf
[01:31:21.967] |T| [open_file]: sceIoOpen: Opening file sa0:data/font/pvf/jpn2.pvf (sa0:/data/font/pvf/jpn2.pvf), fd: 0x4F
[01:31:21.973] |I| [export_sceClibPrintf]: LIBPVF>>> FILE: sa0:data/font/pvf/jpn2.pvf

[01:31:21.979] |T| [close_file]: sceIoClose: Closing file fd: 0x4F
[01:31:21.992] |T| [close_file]: sceIoClose: Closing file fd: 0x45
[01:31:21.996] |I| [export_sceIoOpen]: Opening file: app0:DATA/AIDDATA/EN/FontInfo.cpk
[01:31:21.998] |T| [open_file]: sceIoOpen: Opening file app0:DATA/AIDDATA/EN/FontInfo.cpk (ux0:/app/PCSH10001/DATA/AIDDATA/EN/FontInfo.cpk), fd: 0x50
[01:31:22.434] |I| [export_sceIoOpen]: Opening file: sa0:data/font/pvf/ltn4.pvf
[01:31:22.434] |T| [open_file]: sceIoOpen: Opening file sa0:data/font/pvf/ltn4.pvf (sa0:/data/font/pvf/ltn4.pvf), fd: 0x51
[01:31:22.437] |I| [export_sceClibPrintf]: LIBPVF>>> FILE: sa0:data/font/pvf/ltn4.pvf

[01:31:22.442] |T| [close_file]: sceIoClose: Closing file fd: 0x51
[01:31:22.460] |I| [export_sceIoOpen]: Opening file: sa0:data/font/pvf/jpn2.pvf
[01:31:22.461] |T| [open_file]: sceIoOpen: Opening file sa0:data/font/pvf/jpn2.pvf (sa0:/data/font/pvf/jpn2.pvf), fd: 0x52
[01:31:22.471] |I| [export_sceClibPrintf]: LIBPVF>>> FILE: sa0:data/font/pvf/jpn2.pvf

[01:31:22.479] |T| [close_file]: sceIoClose: Closing file fd: 0x52
[01:31:22.789] |I| [export_sceIoOpen]: Opening file: sa0:data/font/pvf/ltn4.pvf
[01:31:22.790] |T| [open_file]: sceIoOpen: Opening file sa0:data/font/pvf/ltn4.pvf (sa0:/data/font/pvf/ltn4.pvf), fd: 0x53
[01:31:22.800] |I| [export_sceClibPrintf]: LIBPVF>>> FILE: sa0:data/font/pvf/ltn4.pvf

[01:31:22.804] |T| [close_file]: sceIoClose: Closing file fd: 0x53
[01:31:22.834] |T| [close_file]: sceIoClose: Closing file fd: 0x46
[01:31:22.835] |I| [export_sceIoOpen]: Opening file: app0:/data/tabata/EN/TPACKVITA_EN.CPK
[01:31:22.844] |T| [open_file]: sceIoOpen: Opening file app0:/data/tabata/EN/TPACKVITA_EN.CPK (ux0:/app/PCSH10001/data/tabata/EN/TPACKVITA_EN.CPK), fd: 0x54
[01:31:22.872] |W| [stubbed_impl]: Stubbed __sceAppMgrGetAppState import called. (Set to 0.)
[01:31:22.881] |W| [unimplemented_impl]: Unimplemented sceAppUtilMusicMount import called.
[01:31:22.898] |W| [unimplemented_impl]: Unimplemented sceCommonDialogUpdate import called.
[01:31:25.086] |E| [open_file]: Missing file at C:/Users/ Othmane/AppData/Roaming/Vita3K/Vita3K/ux0/user/00/savedata/PCSH10001/SlotParam_0.bin (target path: savedata0:/SlotParam_0.bin)
[01:31:25.091] |W| [io_error_impl]: open_file (sceAppUtilSaveDataSlotGetParam) returned 0x80010002
[01:31:25.094] |E| [logging::ret_error_impl]: sceAppUtilSaveDataSlotGetParam returned SCE_APPUTIL_ERROR_SAVEDATA_SLOT_NOT_FOUND (0x80100641)
[01:31:25.231] |E| [open_file]: Missing file at C:/Users/ Othmane/AppData/Roaming/Vita3K/Vita3K/ux0/user/00/savedata/PCSH10001/SlotParam_1.bin (target path: savedata0:/SlotParam_1.bin)
[01:31:25.246] |W| [io_error_impl]: open_file (sceAppUtilSaveDataSlotGetParam) returned 0x80010002
[01:31:36.159] |T| [close_file]: sceIoClose: Closing file fd: 0x47
[01:31:36.161] |I| [export_sceIoOpen]: Opening file: app0:/data/anime/effvita.cpk
[01:31:36.165] |T| [open_file]: sceIoOpen: Opening file app0:/data/anime/effvita.cpk (ux0:/app/PCSH10001/data/anime/effvita.cpk), fd: 0x55
[01:31:36.422] |E| [logging::ret_error_impl]: sceNgsVoiceResume returned SCE_NGS_ERROR_INVALID_STATE (0x804A0010)
[01:31:36.429] |T| [export_sceNgsPatchCreateRouting]: Patching 0x13A2388:0:0 to 0x13A6910:0
[01:31:37.239] |T| [export_sceNgsPatchCreateRouting]: Patching 0x13A28A4:0:0 to 0x13A6910:0
[01:31:41.080] |T| [export_sceNgsPatchCreateRouting]: Patching 0x13A1950:0:0 to 0x13A6910:0
[01:31:43.039] |I| [renderer::vulkan::PipelineCache::retrieve_shader]: Generating vulkan spv shader e93128dbe6b05a071e65564b2a00ed0ae59e54f676199a101cb984d49d0fcf34
[01:31:43.043] |I| [renderer::load_shader_generic]: Generating frag.spv.txt shader e93128dbe6b05a071e65564b2a00ed0ae59e54f676199a101cb984d49d0fcf34
[01:31:43.048] |D| [shader::create_fragment_inputs]: Iterator: pa0 = (float4) v_TexCoord1
[01:31:43.049] |T| [shader::create_fragment_inputs]: pa4 = tex2D<float4>(Tex, TEXCOORD0.xy)
[01:31:43.053] |T| [shader::usse::USSERecompiler::compile_code_node]: Compiling code_0, size = 5
[01:31:43.809] |T| [close_file]: sceIoClose: Closing file fd: 0x48
[01:31:43.818] |I| [export_sceIoOpen]: Opening file: app0:/DATA/hiyama/default.cpk
[01:31:43.819] |T| [open_file]: sceIoOpen: Opening file app0:/DATA/hiyama/default.cpk (ux0:/app/PCSH10001/DATA/hiyama/default.cpk), fd: 0x56
[01:31:45.360] |T| [export_sceNgsPatchCreateRouting]: Patching 0x13A2DC0:0:0 to 0x13A6910:0
[01:31:45.576] |T| [export_sceNgsPatchCreateRouting]: Patching 0x13A32DC:0:0 to 0x13A6910:0
[01:31:45.659] |T| [export_sceNgsPatchCreateRouting]: Patching 0x13A37F8:0:0 to 0x13A6910:0
[01:31:45.742] |T| [export_sceNgsPatchCreateRouting]: Patching 0x13A3D14:0:0 to 0x13A6910:0
[01:31:45.825] |T| [export_sceNgsPatchCreateRouting]: Patching 0x13A4230:0:0 to 0x13A6910:0
[01:31:46.059] |T| [export_sceNgsPatchCreateRouting]: Patching 0x13A474C:0:0 to 0x13A6910:0
[01:31:55.512] |T| [close_file]: sceIoClose: Closing file fd: 0x49
[01:31:55.518] |I| [export_sceIoOpen]: Opening file: app0:/DATA/STAGE/STGEST_EN.CPK
[01:31:55.520] |T| [open_file]: sceIoOpen: Opening file app0:/DATA/STAGE/STGEST_EN.CPK (ux0:/app/PCSH10001/DATA/STAGE/STGEST_EN.CPK), fd: 0x57
[01:31:56.055] |T| [close_file]: sceIoClose: Closing file fd: 0x4A
[01:31:56.059] |I| [export_sceIoOpen]: Opening file: app0:DATA/AIDDATA/EN/Prologue.cpk
[01:31:56.062] |T| [open_file]: sceIoOpen: Opening file app0:DATA/AIDDATA/EN/Prologue.cpk (ux0:/app/PCSH10001/DATA/AIDDATA/EN/Prologue.cpk), fd: 0x58
[01:31:56.688] |T| [close_file]: sceIoClose: Closing file fd: 0x4B
[01:31:56.690] |I| [export_sceIoOpen]: Opening file: app0:DATA/AIDDATA/COMMON/PrologueImage.cpk
[01:31:56.693] |T| [open_file]: sceIoOpen: Opening file app0:DATA/AIDDATA/COMMON/PrologueImage.cpk (ux0:/app/PCSH10001/DATA/AIDDATA/COMMON/PrologueImage.cpk), fd: 0x59
[01:32:00.150] |T| [close_file]: sceIoClose: Closing file fd: 0x4C
[01:32:00.152] |I| [export_sceIoOpen]: Opening file: app0:/data/mapetc/MapDataEst001Vita.cpk
[01:32:00.154] |T| [open_file]: sceIoOpen: Opening file app0:/data/mapetc/MapDataEst001Vita.cpk (ux0:/app/PCSH10001/data/mapetc/MapDataEst001Vita.cpk), fd: 0x5A
[01:32:02.267] |I| [renderer::vulkan::PipelineCache::retrieve_shader]: Generating vulkan spv shader 6fa45f034ff2f2cdbdf2be357f9062d00568c2f181c0073b1985a2db5d418747
[01:32:02.269] |I| [renderer::load_shader_generic]: Generating frag.spv.txt shader 6fa45f034ff2f2cdbdf2be357f9062d00568c2f181c0073b1985a2db5d418747
[01:32:02.275] |T| [shader::usse::USSERecompiler::compile_code_node]: Compiling code_0, size = 1
[01:32:02.319] |I| [renderer::vulkan::PipelineCache::retrieve_shader]: Generating vulkan spv shader 486def6969ce6fc419b4839f8b3450445d0b4508d38266e880b11812df688c85
[01:32:02.329] |I| [renderer::load_shader_generic]: Generating vert.spv.txt shader 486def6969ce6fc419b4839f8b3450445d0b4508d38266e880b11812df688c85
[01:32:02.335] |D| [shader::create_parameters]: [BUFFER0  + 0] pa0 = (float4) aPosition
[01:32:02.340] |D| [shader::create_parameters]: [BUFFER0  + 4] pa4 = (float4) aNormal
[01:32:02.343] |D| [shader::create_parameters]: [BUFFER0  + 8] pa8 = (float4) aTexcoord
[01:32:02.345] |D| [shader::create_parameters]: [BUFFER0  + 12] pa12 = (float4) aBlendIndices
[01:32:02.346] |D| [shader::create_parameters]: [BUFFER0  + 16] pa16 = (float4) aBlendIndices4
[01:32:02.347] |D| [shader::create_parameters]: [BUFFER0  + 20] pa20 = (float4) aBlendWeights
[01:32:02.349] |D| [shader::create_parameters]: [BUFFER0  + 24] pa24 = (float4) aBlendWeights4
[01:32:02.353] |D| [shader::create_parameters]: [DEFAULT  + 32] sa32 = (float4) WorldInverseTranspose[4]
[01:32:02.356] |D| [shader::create_parameters]: [DEFAULT  + 0] sa0 = (float4) WorldViewProjection[4]
[01:32:02.360] |D| [shader::create_parameters]: [DEFAULT  + 48] sa48 = (float4) World[4]
[01:32:02.363] |D| [shader::create_parameters]: [DEFAULT  + 64] sa64 = (float4) ViewInverse[4]
[01:32:02.366] |D| [shader::create_parameters]: [DEFAULT  + 80] sa80 = (float3) light0Position
[01:32:02.371] |D| [shader::create_parameters]: [DEFAULT  + 16] sa16 = (float4) bindShapeMatrix[4]
[01:32:02.373] |D| [shader::create_parameters]: [BUFFER1  + 0] sa0 = (float4) skinMatrices[256]
[01:32:02.378] |T| [shader::usse::USSERecompiler::compile_code_node]: Compiling code_0, size = 2
[01:32:02.389] |T| [shader::usse::USSERecompiler::compile_code_node]: Compiling code_0, size = 158
[01:32:02.816] |I| [renderer::vulkan::PipelineCache::retrieve_shader]: Generating vulkan spv shader c5e48be5561e3a76ccd48ce0eeee16c735a067b98023750d2202d9d7f58aeeab
[01:32:02.819] |I| [renderer::load_shader_generic]: Generating frag.spv.txt shader c5e48be5561e3a76ccd48ce0eeee16c735a067b98023750d2202d9d7f58aeeab
[01:32:02.829] |D| [shader::create_parameters]: [DEFAULT  + 0] sa0 = (float3) light0Color
[01:32:02.832] |D| [shader::create_parameters]: [DEFAULT  + 4] sa4 = (float4) ambientColor
[01:32:02.834] |D| [shader::create_parameters]: [DEFAULT  + 8] sa8 = (float4) diffuseColor
[01:32:02.836] |D| [shader::create_parameters]: [DEFAULT  + 12] sa12 = (float4) emissionColor
[01:32:02.839] |D| [shader::create_parameters]: [DEFAULT  + 16] sa16 = (float1) shininess
[01:32:02.841] |D| [shader::create_parameters]: [DEFAULT  + 18] sa18 = (float4) specularColor
[01:32:02.845] |D| [shader::create_fragment_inputs]: Iterator: pa0 = (float4) v_TexCoord5
[01:32:02.847] |T| [shader::create_fragment_inputs]: pa4 = tex2D<float4>(diffuseTexture, TEXCOORD0.xy)
[01:32:02.850] |D| [shader::create_fragment_inputs]: Iterator: pa8 = (float4) v_TexCoord6
[01:32:02.852] |T| [shader::create_fragment_inputs]: pa12 = tex2D<float4>(emissionTexture, TEXCOORD0.xy)
[01:32:02.855] |D| [shader::create_fragment_inputs]: Iterator: pa16 = (float4) v_TexCoord7
[01:32:02.859] |T| [shader::create_fragment_inputs]: pa20 = tex2D<float4>(specularTexture, TEXCOORD0.xy)
[01:32:02.863] |T| [shader::create_fragment_inputs]: pa24 = tex2D<float4>(ambientTexture, TEXCOORD0.xy)
[01:32:02.864] |T| [shader::usse::USSERecompiler::compile_code_node]: Compiling code_0, size = 34
[01:32:03.581] |I| [renderer::vulkan::PipelineCache::retrieve_shader]: Generating vulkan spv shader e494fa0b352b7ad2f565d093cd5a27b12f8054bbcccbb8e717c3c0430da2e519
[01:32:03.585] |I| [renderer::load_shader_generic]: Generating vert.spv.txt shader e494fa0b352b7ad2f565d093cd5a27b12f8054bbcccbb8e717c3c0430da2e519
[01:32:03.587] |D| [shader::create_parameters]: [BUFFER0  + 0] pa0 = (float4) aPosition
[01:32:03.588] |D| [shader::create_parameters]: [BUFFER0  + 4] pa4 = (float4) aTexCoord
[01:32:03.590] |D| [shader::create_parameters]: [BUFFER0  + 8] pa8 = (float4) aColor
[01:32:03.591] |D| [shader::create_parameters]: [DEFAULT  + 0] sa0 = (float4) wvp[4]
[01:32:03.592] |D| [shader::create_parameters]: [DEFAULT  + 16] sa16 = (float1) texW
[01:32:03.596] |D| [shader::create_parameters]: [DEFAULT  + 17] sa17 = (float1) texH
[01:32:03.600] |T| [shader::usse::USSERecompiler::compile_code_node]: Compiling code_0, size = 2
[01:32:03.608] |T| [shader::usse::USSERecompiler::compile_code_node]: Compiling code_0, size = 13
[01:32:05.089] |I| [renderer::vulkan::PipelineCache::retrieve_shader]: Generating vulkan spv shader 1b23bb88c0382c1c178a192f23ddeeb70c360eba80e0f9b4877db99ec1f58e21
[01:32:05.092] |I| [renderer::load_shader_generic]: Generating vert.spv.txt shader 1b23bb88c0382c1c178a192f23ddeeb70c360eba80e0f9b4877db99ec1f58e21
[01:32:05.095] |D| [shader::create_parameters]: [BUFFER0  + 0] pa0 = (float4) IN_Position
[01:32:05.097] |D| [shader::create_parameters]: [BUFFER0  + 4] pa4 = (float4) IN_UV
[01:32:05.104] |D| [shader::create_parameters]: [BUFFER0  + 8] pa8 = (float4) IN_Normal
[01:32:05.106] |D| [shader::create_parameters]: [DEFAULT  + 16] sa16 = (float4) WorldInverseTranspose[4]
[01:32:05.107] |D| [shader::create_parameters]: [DEFAULT  + 0] sa0 = (float4) mvpMatrix[4]
[01:32:05.111] |D| [shader::create_parameters]: [DEFAULT  + 32] sa32 = (float4) WorldXf[4]
[01:32:05.112] |D| [shader::create_parameters]: [DEFAULT  + 48] sa48 = (float4) ViewInverse[4]
[01:32:05.118] |D| [shader::create_parameters]: [DEFAULT  + 64] sa64 = (float3) light0Position
[01:32:05.121] |T| [shader::usse::USSERecompiler::compile_code_node]: Compiling code_0, size = 2
[01:32:05.128] |T| [shader::usse::USSERecompiler::compile_code_node]: Compiling code_0, size = 16
[01:32:05.192] |I| [renderer::vulkan::PipelineCache::retrieve_shader]: Generating vulkan spv shader 6f84aa9792dbd12cef359d983a569ba14380aff70198aaae63741bccf14e1e68
[01:32:05.197] |I| [renderer::load_shader_generic]: Generating frag.spv.txt shader 6f84aa9792dbd12cef359d983a569ba14380aff70198aaae63741bccf14e1e68
[01:32:05.203] |D| [shader::create_parameters]: [DEFAULT  + 0] sa0 = (float3) AmbiColor
[01:32:05.207] |D| [shader::create_parameters]: [DEFAULT  + 3] sa3 = (float1) SpecExpon
[01:32:05.211] |D| [shader::create_parameters]: [DEFAULT  + 4] sa4 = (float1) Ks
[01:32:05.213] |D| [shader::create_fragment_inputs]: Iterator: pa0 = (float4) v_TexCoord1
[01:32:05.216] |T| [shader::create_fragment_inputs]: pa4 = tex2D<float4>(ColorTex, TEXCOORD0.xy)
[01:32:05.219] |D| [shader::create_fragment_inputs]: Iterator: pa8 = (float4) v_TexCoord2
[01:32:05.221] |D| [shader::create_fragment_inputs]: Iterator: pa12 = (float4) v_TexCoord3
[01:32:05.226] |T| [shader::usse::USSERecompiler::compile_code_node]: Compiling code_0, size = 22
[01:32:09.473] |T| [close_file]: sceIoClose: Closing file fd: 0x50
[01:32:09.475] |I| [export_sceIoOpen]: Opening file: app0:/CommonData/MtData/EN/MtV_all_keyword_def.cpk
[01:32:09.475] |T| [open_file]: sceIoOpen: Opening file app0:/CommonData/MtData/EN/MtV_all_keyword_def.cpk (ux0:/app/PCSH10001/CommonData/MtData/EN/MtV_all_keyword_def.cpk), fd: 0x5B
[01:32:09.711] |T| [close_file]: sceIoClose: Closing file fd: 0x54
[01:32:09.742] |I| [export_sceIoOpen]: Opening file: app0:/data/StatusImage/FB00.cpk
[01:32:09.755] |T| [open_file]: sceIoOpen: Opening file app0:/data/StatusImage/FB00.cpk (ux0:/app/PCSH10001/data/StatusImage/FB00.cpk), fd: 0x5C
[01:32:35.020] |I| [renderer::vulkan::PipelineCache::save_pipeline_cache]: Saving pipeline cache...
[01:32:35.022] |I| [renderer::vulkan::PipelineCache::save_pipeline_cache]: Pipeline cache saved
[01:33:27.822] |W| [renderer::vulkan::VKContext::start_recording]: Render Target is using more scenes per frame than what was planned!
[01:33:33.802] |T| [close_file]: sceIoClose: Closing file fd: 0x56
[01:33:33.803] |I| [export_sceIoOpen]: Opening file: app0:/Data/MtData/bgdata.cpk
[01:33:33.809] |T| [open_file]: sceIoOpen: Opening file app0:/Data/MtData/bgdata.cpk (ux0:/app/PCSH10001/Data/MtData/bgdata.cpk), fd: 0x5D
[01:33:54.431] |T| [close_file]: sceIoClose: Closing file fd: 0x57
[01:33:54.432] |I| [export_sceIoOpen]: Opening file: app0:/CommonData/MtData/EN/rpw_jstr.cpk
[01:33:54.442] |T| [open_file]: sceIoOpen: Opening file app0:/CommonData/MtData/EN/rpw_jstr.cpk (ux0:/app/PCSH10001/CommonData/MtData/EN/rpw_jstr.cpk), fd: 0x5E
[01:33:54.464] |T| [close_file]: sceIoClose: Closing file fd: 0x58
[01:33:54.465] |I| [export_sceIoOpen]: Opening file: app0:/CommonData/MtData/rpw_data.cpk
[01:33:54.473] |T| [open_file]: sceIoOpen: Opening file app0:/CommonData/MtData/rpw_data.cpk (ux0:/app/PCSH10001/CommonData/MtData/rpw_data.cpk), fd: 0x5F
[01:33:54.500] |T| [close_file]: sceIoClose: Closing file fd: 0x59
[01:33:54.502] |I| [export_sceIoOpen]: Opening file: app0:/CommonData/MtData/EN/lega_zkn.cpk
[01:33:54.504] |T| [open_file]: sceIoOpen: Opening file app0:/CommonData/MtData/EN/lega_zkn.cpk (ux0:/app/PCSH10001/CommonData/MtData/EN/lega_zkn.cpk), fd: 0x60
[01:33:54.569] |T| [close_file]: sceIoClose: Closing file fd: 0x5A
[01:33:54.572] |I| [export_sceIoOpen]: Opening file: app0:/data/StatusImage/FM00.cpk
[01:33:54.573] |T| [open_file]: sceIoOpen: Opening file app0:/data/StatusImage/FM00.cpk (ux0:/app/PCSH10001/data/StatusImage/FM00.cpk), fd: 0x61
[01:33:54.650] |T| [close_file]: sceIoClose: Closing file fd: 0x5B
[01:33:54.652] |I| [export_sceIoOpen]: Opening file: app0:/DATA/STAGE/STGEST_EN.CPK
[01:33:54.654] |T| [open_file]: sceIoOpen: Opening file app0:/DATA/STAGE/STGEST_EN.CPK (ux0:/app/PCSH10001/DATA/STAGE/STGEST_EN.CPK), fd: 0x62
[01:33:55.133] |T| [close_file]: sceIoClose: Closing file fd: 0x55
[01:33:55.135] |I| [export_sceIoOpen]: Opening file: app0:DATA/AIDDATA/EN/Prologue.cpk
[01:33:55.139] |T| [open_file]: sceIoOpen: Opening file app0:DATA/AIDDATA/EN/Prologue.cpk (ux0:/app/PCSH10001/DATA/AIDDATA/EN/Prologue.cpk), fd: 0x63
[01:33:55.350] |T| [close_file]: sceIoClose: Closing file fd: 0x5D
[01:33:55.352] |I| [export_sceIoOpen]: Opening file: app0:DATA/AIDDATA/COMMON/PrologueImage.cpk
[01:33:55.354] |T| [open_file]: sceIoOpen: Opening file app0:DATA/AIDDATA/COMMON/PrologueImage.cpk (ux0:/app/PCSH10001/DATA/AIDDATA/COMMON/PrologueImage.cpk), fd: 0x64
[01:34:07.866] |T| [close_file]: sceIoClose: Closing file fd: 0x5C
[01:34:07.868] |I| [export_sceIoOpen]: Opening file: app0:/CommonData/MtData/EN/MtV_all_keyword_def.cpk
[01:34:07.876] |T| [open_file]: sceIoOpen: Opening file app0:/CommonData/MtData/EN/MtV_all_keyword_def.cpk (ux0:/app/PCSH10001/CommonData/MtData/EN/MtV_all_keyword_def.cpk), fd: 0x65
[01:34:08.333] |T| [close_file]: sceIoClose: Closing file fd: 0x5E
[01:34:08.348] |I| [export_sceIoOpen]: Opening file: app0:/Data/MtData/bgdata.cpk
[01:34:08.350] |T| [open_file]: sceIoOpen: Opening file app0:/Data/MtData/bgdata.cpk (ux0:/app/PCSH10001/Data/MtData/bgdata.cpk), fd: 0x66
[01:34:09.765] |T| [close_file]: sceIoClose: Closing file fd: 0x5F
[01:34:09.783] |I| [export_sceIoOpen]: Opening file: app0:/data/StatusImage/FB00.cpk
[01:34:09.786] |T| [open_file]: sceIoOpen: Opening file app0:/data/StatusImage/FB00.cpk (ux0:/app/PCSH10001/data/StatusImage/FB00.cpk), fd: 0x67
