[01:53:47.838] |I| [config::init_config]: backend-renderer: Vulkan
[01:53:47.839] |I| [config::init_config]: log-level: 0
[01:53:47.943] |I| [SDL_main]: Vita3K v0.1.6 2841-0c75bbb5
[01:53:47.943] |I| [SDL_main]: Number of logical CPU cores: 8
[01:53:47.943] |I| [SDL_main]: Available ram memory: 16215 MiB
[01:53:48.521] |I| [renderer::vulkan::VKState::create]: Enabling vulkan validation layers (has a performance impact but allows better error messages)
[01:53:48.597] |I| [renderer::vulkan::VKState::create]: Vulkan device: NVIDIA GeForce RTX 3060 Laptop GPU
[01:53:48.598] |I| [renderer::vulkan::VKState::create]: Driver version: 516.94.0.0
[01:53:49.018] |I| [renderer::vulkan::ScreenRenderer::setup]: Present mode: Mailbox
[01:54:50.634] |I| [load_app_impl]: cpu-backend: Dynarmic
[01:54:50.634] |I| [load_app_impl]: CPU Optimisation state: true
[01:54:50.634] |I| [load_app_impl]: ngs state: true
[01:54:50.635] |I| [load_app_impl]: Resolution multiplier: 1
[01:54:50.635] |I| [load_app_impl]: modules mode: Auto & Manual
[01:54:50.635] |I| [load_app_impl]: lle-modules: libhttp
[01:54:50.635] |I| [load_app_impl]: Title: スーパーロボット大戦Ｘ
[01:54:50.636] |I| [load_app_impl]: Serial: PCSH10089
[01:54:50.636] |I| [load_app_impl]: Version: 1.00
[01:54:50.636] |I| [load_app_impl]: Category: gd
[01:54:50.653] |I| [load_self]: app0:sce_module/libc.suprx: Skipping special segment 0x6FFFFF01...
[01:54:50.653] |I| [load_self]: Loaded module segment 0 @ [0x00004000 - 0x000558A4 / 0x81000000] (size: 0x000518A4) of module app0:sce_module/libc.suprx
[01:54:50.654] |I| [load_self]: Loaded module segment 1 @ [0x00056000 - 0x000588A0 / 0x81052000] (size: 0x000028A0) of module app0:sce_module/libc.suprx
[01:54:50.654] |I| [load_self]: Linking SELF app0:sce_module/libc.suprx...
[01:54:50.655] |D| [load_var_exports]: 	NID 0x936C8A78 (SYSLYB) at 0x4B314
[01:54:50.655] |D| [load_var_exports]: 	NID 0x6C2224BA (NID_MODULE_INFO) at 0x404DC
[01:54:50.655] |W| [load_var_imports]: 	NID NOT FOUND 0x93B8AA67 (__stack_chk_guard) at 0x4463C, setting to stub value 0xDEADBEEF
[01:54:50.658] |W| [load_var_imports]: 	NID NOT FOUND 0xDF084DFA (UNRECOGNISED) at 0x461D0, setting to stub value 0xDEADBEEF
[01:54:50.660] |I| [pre_load_module]: Pre-load module SceLibc (at "sce_module/libc.suprx") loaded
[01:54:50.670] |I| [load_self]: app0:sce_module/libfios2.suprx: Skipping special segment 0x6FFFFF01...
[01:54:50.670] |I| [load_self]: Loaded module segment 0 @ [0x0005B000 - 0x00087CBF / 0x81000000] (size: 0x0002CCBF) of module app0:sce_module/libfios2.suprx
[01:54:50.673] |I| [load_self]: Loaded module segment 1 @ [0x00088000 - 0x0008D255 / 0x8102D000] (size: 0x00005255) of module app0:sce_module/libfios2.suprx
[01:54:50.675] |I| [load_self]: Linking SELF app0:sce_module/libfios2.suprx...
[01:54:50.676] |D| [load_var_exports]: 	NID 0x936C8A78 (SYSLYB) at 0x87BC8
[01:54:50.677] |D| [load_var_exports]: 	NID 0x6C2224BA (NID_MODULE_INFO) at 0x7EF08
[01:54:50.678] |I| [pre_load_module]: Pre-load module SceLibFios2 (at "sce_module/libfios2.suprx") loaded
[01:54:50.685] |I| [load_self]: app0:sce_module/libult.suprx: Skipping special segment 0x6FFFFF01...
[01:54:50.685] |I| [load_self]: Loaded module segment 0 @ [0x0008E000 - 0x000A19BC / 0x81000000] (size: 0x000139BC) of module app0:sce_module/libult.suprx
[01:54:50.687] |I| [load_self]: Loaded module segment 1 @ [0x000A2000 - 0x000A2814 / 0x81014000] (size: 0x00000814) of module app0:sce_module/libult.suprx
[01:54:50.689] |I| [load_self]: Linking SELF app0:sce_module/libult.suprx...
[01:54:50.690] |D| [load_var_exports]: 	NID 0x936C8A78 (SYSLYB) at 0xA02E8
[01:54:50.691] |D| [load_var_exports]: 	NID 0x6C2224BA (NID_MODULE_INFO) at 0x9D870
[01:54:50.693] |I| [pre_load_module]: Pre-load module SceUlt (at "sce_module/libult.suprx") loaded
[01:54:50.707] |I| [load_self]: Loaded module segment 0 @ [0x000A3000 - 0x000F3F04 / 0x81000000] (size: 0x00050F04) of module vs0:sys/external/libSceFt2.suprx
[01:54:50.708] |I| [load_self]: Loaded module segment 1 @ [0x000F4000 - 0x000F42F4 / 0x81051000] (size: 0x000002F4) of module vs0:sys/external/libSceFt2.suprx
[01:54:50.710] |I| [load_self]: Linking SELF vs0:sys/external/libSceFt2.suprx...
[01:54:50.712] |D| [load_var_exports]: 	NID 0x936C8A78 (SYSLYB) at 0xDF7DC
[01:54:50.714] |D| [load_var_exports]: 	NID 0x6C2224BA (NID_MODULE_INFO) at 0xDEF10
[01:54:50.715] |I| [pre_load_module]: Pre-load module SceLibft2 (at "sys/external/libSceFt2.suprx") loaded
[01:54:50.721] |I| [load_self]: Loaded module segment 0 @ [0x000F5000 - 0x00104F14 / 0x81000000] (size: 0x0000FF14) of module vs0:sys/external/libpvf.suprx
[01:54:50.722] |I| [load_self]: Loaded module segment 1 @ [0x00105000 - 0x00105008 / 0x81010000] (size: 0x00000008) of module vs0:sys/external/libpvf.suprx
[01:54:50.724] |I| [load_self]: Linking SELF vs0:sys/external/libpvf.suprx...
[01:54:50.725] |D| [load_var_exports]: 	NID 0x936C8A78 (SYSLYB) at 0x103710
[01:54:50.728] |D| [load_var_exports]: 	NID 0x6C2224BA (NID_MODULE_INFO) at 0x103300
[01:54:50.729] |I| [pre_load_module]: Pre-load module SceLibPvf (at "sys/external/libpvf.suprx") loaded
[01:54:50.974] |I| [load_self]: app0:eboot.bin: Skipping special segment 0x6FFFFF01...
[01:54:50.975] |I| [load_self]: Loaded module segment 0 @ [0x00106000 - 0x0071B4A8 / 0x81000000] (size: 0x006154A8) of module app0:eboot.bin
[01:54:50.979] |I| [load_self]: Loaded module segment 1 @ [0x0071C000 - 0x01351F88 / 0x81616000] (size: 0x00C35F88) of module app0:eboot.bin
[01:54:50.981] |I| [load_self]: Linking SELF app0:eboot.bin...
[01:54:50.982] |D| [load_var_exports]: 	NID 0x6C2224BA (NID_MODULE_INFO) at 0x5C4DF0
[01:54:50.983] |D| [load_var_exports]: 	NID 0x70FBA1E7 (SCE_PROC_PARAMS) at 0x779788
[01:54:50.984] |D| [load_var_exports]: 	NID 0x936C8A78 (SYSLYB) at 0x6DD4DC
[01:54:50.985] |I| [load_app_impl]: Main executable VITA (eboot.bin) loaded
[01:54:51.019] |D| [run_app]: Running module_start of library: SceLibc at address 0x4871
[01:54:51.114] |T| [open_file]: sceKernelGetStdin: Opening terminal tty0:
[01:54:51.115] |T| [open_file]: sceKernelGetStdout: Opening terminal tty0:
[01:54:51.117] |T| [open_file]: sceKernelGetStderr: Opening terminal tty0:
[01:54:51.131] |I| [run_app]: Module SceLibc (at "app0:sce_module/libc.suprx") module_start returned 0x0
[01:54:51.138] |D| [run_app]: Running module_start of library: SceLibFios2 at address 0x5B001
[01:54:51.159] |W| [stubbed_impl]: Stubbed sceKernelGetProcessId import called. (pid: 0)
[01:54:51.160] |I| [run_app]: Module SceLibFios2 (at "app0:sce_module/libfios2.suprx") module_start returned 0x0
[01:54:51.169] |D| [run_app]: Running module_start of library: SceUlt at address 0x91771
[01:54:51.189] |W| [unimplemented_impl]: Unimplemented _sceUlobjMgrRegisterLibultProtocolRevision import called.
[01:54:51.189] |I| [run_app]: Module SceUlt (at "app0:sce_module/libult.suprx") module_start returned 0x0
[01:54:52.109] |W| [stubbed_impl]: Stubbed sceGxmMapFragmentUsseMemory import called. (always return success)
[01:54:52.292] |W| [stubbed_impl]: Stubbed sceGxmMapVertexUsseMemory import called. (always return success)
[01:54:52.506] |W| [ngs::create_voice_definition]: Missing voice definition for Buss Type 7, using passthrough.
[01:54:52.527] |T| [export_sceNgsPatchCreateRouting]: Patching 0x165ABB0:0:0 to 0x165FAB0:0
[01:54:52.746] |I| [export_sceIoOpen]: Opening file: app0:/DATA/SOUND/SoundAcfEst002Vita.acf
[01:54:52.747] |T| [open_file]: sceIoOpen: Opening file app0:/DATA/SOUND/SoundAcfEst002Vita.acf (ux0:/app/PCSH10089/DATA/SOUND/SoundAcfEst002Vita.acf), fd: 0x3
[01:54:52.758] |T| [close_file]: sceIoClose: Closing file fd: 0x3
[01:54:52.765] |I| [export_sceIoOpen]: Opening file: app0:/DATA/SOUND/SoundAcfEst002Vita.acf
[01:54:52.765] |T| [open_file]: sceIoOpen: Opening file app0:/DATA/SOUND/SoundAcfEst002Vita.acf (ux0:/app/PCSH10089/DATA/SOUND/SoundAcfEst002Vita.acf), fd: 0x4
[01:54:52.774] |T| [close_file]: sceIoClose: Closing file fd: 0x4
[01:54:52.817] |T| [export_sceNgsPatchCreateRouting]: Patching 0x165ABB0:0:0 to 0x165FAB0:0
[01:54:52.818] |T| [export_sceNgsPatchCreateRouting]: Patching 0x165B590:0:0 to 0x165ABB0:0
[01:54:52.882] |I| [export_sceIoOpen]: Opening file: app0:/DATA/SOUND/SeSizeNumEst002Vita.bin
[01:54:52.882] |T| [open_file]: sceIoOpen: Opening file app0:/DATA/SOUND/SeSizeNumEst002Vita.bin (ux0:/app/PCSH10089/DATA/SOUND/SeSizeNumEst002Vita.bin), fd: 0x5
[01:54:52.907] |T| [close_file]: sceIoClose: Closing file fd: 0x5
[01:54:52.936] |I| [export_sceIoOpen]: Opening file: app0:/DATA/SOUND/TalkZ3TenVita.cpk
[01:54:52.937] |T| [open_file]: sceIoOpen: Opening file app0:/DATA/SOUND/TalkZ3TenVita.cpk (ux0:/app/PCSH10089/DATA/SOUND/TalkZ3TenVita.cpk), fd: 0x6
[01:54:52.989] |E| [stat_file]: Missing file at C:/Users/ Othmane/AppData/Roaming/Vita3K/Vita3K/ux0/app/PCSH10089/DATA/PRODUCT/product_est002_se_vita_jp.json (target path: app0:/DATA/PRODUCT/product_est002_se_vita_jp.json)
[01:54:52.993] |W| [io_error_impl]: stat_file (_sceIoGetstat) returned 0x80010002
[01:54:52.999] |E| [stat_file]: Missing file at C:/Users/ Othmane/AppData/Roaming/Vita3K/Vita3K/ux0/app/PCSH10089/DATA/PRODUCT/product_est002_vita_jp.json (target path: app0:/DATA/PRODUCT/product_est002_vita_jp.json)
[01:54:53.002] |W| [io_error_impl]: stat_file (_sceIoGetstat) returned 0x80010002
[01:54:53.004] |E| [stat_file]: Missing file at C:/Users/ Othmane/AppData/Roaming/Vita3K/Vita3K/ux0/app/PCSH10089/DATA/PRODUCT/product_est002_vita_en.json (target path: app0:/DATA/PRODUCT/product_est002_vita_en.json)
[01:54:53.007] |W| [io_error_impl]: stat_file (_sceIoGetstat) returned 0x80010002
[01:54:53.010] |I| [load_module]: Loading module ID: 0x55
[01:54:53.013] |I| [load_self]: sys/external/libSceJson.suprx: Skipping special segment 0x6FFFFF01...
[01:54:53.013] |I| [load_self]: Loaded module segment 0 @ [0x0DD29000 - 0x0DD2F230 / 0x81000000] (size: 0x00006230) of module sys/external/libSceJson.suprx
[01:54:53.021] |I| [load_self]: Loaded module segment 1 @ [0x0DD32000 - 0x0DD32049 / 0x81007000] (size: 0x00000049) of module sys/external/libSceJson.suprx
[01:54:53.026] |I| [load_self]: Linking SELF sys/external/libSceJson.suprx...
[01:54:53.028] |D| [load_var_exports]: 	NID 0x936C8A78 (SYSLYB) at 0xDD2F0A8
[01:54:53.032] |D| [load_var_exports]: 	NID 0x6C2224BA (NID_MODULE_INFO) at 0xDD2E020
[01:54:53.034] |I| [load_module]: Module SceLibJson (at "sys/external/libSceJson.suprx") loaded
[01:54:53.037] |T| [log_import_call]: [LLE] TID: 7   FUNC: 0x5405EE04 _ZN3sce4Json11InitializerC1Ev at 0x5C3AD4
[01:54:53.038] |T| [log_import_call]: [LLE] TID: 7   FUNC: 0x5EC4F6CB _ZN3sce4Json12MemAllocatorC2Ev at 0x5C3B04
[01:54:53.040] |T| [log_import_call]: [LLE] TID: 7   FUNC: 0xA3EA44E9 _ZN3sce4Json11Initializer10initializeEPKNS0_13InitParameterE at 0x5C3C44
[01:54:53.046] |T| [log_import_call]: [LLE] TID: 7   FUNC: 0x7A9DECC0 _ZN3sce4Json5ValueC1Ev at 0x5C3B64
[01:54:53.048] |T| [log_import_call]: [LLE] TID: 7   FUNC: 0x349F2D89 _ZN3sce4Json5Value21setNullAccessCallbackEPFRKS1_NS0_9ValueTypeEPS2_PvES6_ at 0x5C3A74
[01:54:53.051] |T| [log_import_call]: [LLE] TID: 7   FUNC: 0xE4211FC _ZN3sce4Json6Parser5parseERNS0_5ValueEPKc at 0x5C39A4
[01:54:53.056] |I| [export_sceIoOpen]: Opening file: app0:/DATA/PRODUCT/product_est002_vita_tk.json
[01:54:53.058] |T| [open_file]: sceIoOpen: Opening file app0:/DATA/PRODUCT/product_est002_vita_tk.json (ux0:/app/PCSH10089/DATA/PRODUCT/product_est002_vita_tk.json), fd: 0x7
[01:54:53.088] |T| [close_file]: sceIoClose: Closing file fd: 0x7
[01:54:53.090] |T| [log_import_call]: [LLE] TID: 7   FUNC: 0x70703FC7 _ZN3sce4Json6StringC1EPKc at 0x5C3B44
[01:54:53.095] |T| [log_import_call]: [LLE] TID: 7   FUNC: 0x97ABD9CF _ZN3sce4Json5Value10referValueERKNS0_6StringE at 0x5C3C14
[01:54:53.100] |T| [log_import_call]: [LLE] TID: 7   FUNC: 0xB70F12A8 _ZN3sce4Json6StringD1Ev at 0x5C3CB4
[01:54:53.101] |T| [log_import_call]: [LLE] TID: 7   FUNC: 0xBC3391BE _ZNK3sce4Json5Value9getStringEv at 0x5C3CD4
[01:54:53.104] |T| [log_import_call]: [LLE] TID: 7   FUNC: 0x327D74CE _ZNK3sce4Json6String5c_strEv at 0x5C3A64
[01:54:53.108] |E| [call_import]: Import function for NID 0xE340CDD2 not found (thread name: PCSH10089, thread ID: 7)
[01:54:53.112] |T| [log_import_call]: [LLE] TID: 7   FUNC: 0x6861C3CC _ZNK3sce4Json5Value10getIntegerEv at 0x5C3B14
[01:54:53.116] |T| [log_import_call]: [LLE] TID: 7   FUNC: 0x7DDFCAE2 _ZNK3sce4Json5Value10getBooleanEv at 0x5C3B84
[01:54:53.118] |T| [log_import_call]: [LLE] TID: 7   FUNC: 0xE07648EC _ZN3sce4Json5ValueD1Ev at 0x5C3D24
[01:54:53.124] |T| [log_import_call]: [LLE] TID: 7   FUNC: 0x30AD8C6A _ZN3sce4Json11Initializer9terminateEv at 0x5C3A54
[01:54:53.126] |T| [log_import_call]: [LLE] TID: 7   FUNC: 0xA19AA8B4 _ZN3sce4Json11InitializerD1Ev at 0x5C3C34
[01:54:53.128] |T| [log_import_call]: [LLE] TID: 7   FUNC: 0x47A56DF5 _ZN3sce4Json12MemAllocatorD2Ev at 0x5C3AB4
[01:54:53.131] |W| [unimplemented_impl]: Unimplemented sceSysmoduleUnloadModule import called.
[01:54:53.134] |W| [unimplemented_impl]: Unimplemented sceAppUtilInit import called.
[01:54:53.138] |I| [export_sceIoOpen]: Opening file: app0:/DATA/SOUND/BGM_002.acb
[01:54:53.141] |T| [open_file]: sceIoOpen: Opening file app0:/DATA/SOUND/BGM_002.acb (ux0:/app/PCSH10089/DATA/SOUND/BGM_002.acb), fd: 0x8
[01:54:53.148] |T| [close_file]: sceIoClose: Closing file fd: 0x8
[01:54:53.152] |I| [export_sceIoOpen]: Opening file: app0:/DATA/SOUND/BGM_002.acb
[01:54:53.155] |T| [open_file]: sceIoOpen: Opening file app0:/DATA/SOUND/BGM_002.acb (ux0:/app/PCSH10089/DATA/SOUND/BGM_002.acb), fd: 0x9
[01:54:53.159] |T| [close_file]: sceIoClose: Closing file fd: 0x9
[01:54:53.205] |I| [export_sceIoOpen]: Opening file: app0:/DATA/SOUND/BGM_002.awb
[01:54:53.206] |T| [open_file]: sceIoOpen: Opening file app0:/DATA/SOUND/BGM_002.awb (ux0:/app/PCSH10089/DATA/SOUND/BGM_002.awb), fd: 0xA
[01:54:53.219] |W| [unimplemented_impl]: Unimplemented sceScreenShotSetParam import called.
[01:54:53.220] |W| [unimplemented_impl]: Unimplemented sceScreenShotDisable import called.
[01:54:53.224] |W| [unimplemented_impl]: Unimplemented sceScreenShotSetOverlayImage import called.
[01:54:53.226] |W| [unimplemented_impl]: Unimplemented sceScreenShotEnable import called.
[01:54:53.231] |I| [export_sceIoOpen]: Opening file: app0:/data/anime/effvita_est002.cpk
[01:54:53.232] |T| [open_file]: sceIoOpen: Opening file app0:/data/anime/effvita_est002.cpk (ux0:/app/PCSH10089/data/anime/effvita_est002.cpk), fd: 0xB
[01:54:53.311] |I| [export_sceIoOpen]: Opening file: app0:/data/tabata/CN/TPACKVITA_EST002_CN.CPK
[01:54:53.312] |T| [open_file]: sceIoOpen: Opening file app0:/data/tabata/CN/TPACKVITA_EST002_CN.CPK (ux0:/app/PCSH10089/data/tabata/CN/TPACKVITA_EST002_CN.CPK), fd: 0xC
[01:54:53.642] |I| [export_sceIoOpen]: Opening file: app0:DATA/AIDDATA/TW/LayoutImage.cpk
[01:54:53.643] |T| [open_file]: sceIoOpen: Opening file app0:DATA/AIDDATA/TW/LayoutImage.cpk (ux0:/app/PCSH10089/DATA/AIDDATA/TW/LayoutImage.cpk), fd: 0xD
[01:54:53.692] |I| [export_sceIoOpen]: Opening file: app0:DATA/AIDDATA/TW/LayoutData.cpk
[01:54:53.693] |T| [open_file]: sceIoOpen: Opening file app0:DATA/AIDDATA/TW/LayoutData.cpk (ux0:/app/PCSH10089/DATA/AIDDATA/TW/LayoutData.cpk), fd: 0xE
[01:54:53.744] |I| [export_sceIoOpen]: Opening file: app0:DATA/AIDDATA/TW/SysText.cpk
[01:54:53.745] |T| [open_file]: sceIoOpen: Opening file app0:DATA/AIDDATA/TW/SysText.cpk (ux0:/app/PCSH10089/DATA/AIDDATA/TW/SysText.cpk), fd: 0xF
[01:54:53.778] |I| [export_sceIoOpen]: Opening file: app0:/DATA/MAPETC/PieceEst002Vita.cpk
[01:54:53.779] |T| [open_file]: sceIoOpen: Opening file app0:/DATA/MAPETC/PieceEst002Vita.cpk (ux0:/app/PCSH10089/DATA/MAPETC/PieceEst002Vita.cpk), fd: 0x10
[01:54:54.108] |I| [export_sceIoOpen]: Opening file: app0:/CommonData/hiyama/defaultSS_T.cpk
[01:54:54.108] |T| [open_file]: sceIoOpen: Opening file app0:/CommonData/hiyama/defaultSS_T.cpk (ux0:/app/PCSH10089/CommonData/hiyama/defaultSS_T.cpk), fd: 0x11
[01:54:54.123] |I| [export_sceIoOpen]: Opening file: app0:/CommonData/hiyama/FILTER_TH.cpk
[01:54:54.123] |T| [open_file]: sceIoOpen: Opening file app0:/CommonData/hiyama/FILTER_TH.cpk (ux0:/app/PCSH10089/CommonData/hiyama/FILTER_TH.cpk), fd: 0x12
[01:54:54.150] |T| [open_file]: create_trophy_context: Opening file app0:/sce_sys/trophy/NPWR14127_00/TROPHY.TRP (ux0:/app/PCSH10089/sce_sys/trophy/NPWR14127_00/TROPHY.TRP), fd: 0x13
[01:54:54.153] |E| [open_file]: Missing file at C:/Users/ Othmane/AppData/Roaming/Vita3K/Vita3K/ux0/user/00/trophy/data/NPWR14127_00/TROPUSR.DAT (target path: ux0:/user/00/trophy/data/NPWR14127_00/TROPUSR.DAT)
[01:54:54.156] |W| [io_error_impl]: open_file (create_trophy_context) returned 0x80010002
[01:54:54.161] |T| [open_file]: install_trophy_context: Opening file ux0:/user/00/trophy/conf/NPWR14127_00/TROPCONF.SFM (ux0:/user/00/trophy/conf/NPWR14127_00/TROPCONF.SFM), fd: 0x14
[01:54:54.163] |T| [write_file]: install_trophy_context: Writing to fd: 0x14, size: 2450
[01:54:54.164] |T| [close_file]: install_trophy_context: Closing file fd: 0x14
[01:54:54.168] |T| [open_file]: install_trophy_context: Opening file ux0:/user/00/trophy/conf/NPWR14127_00/TROP.SFM (ux0:/user/00/trophy/conf/NPWR14127_00/TROP.SFM), fd: 0x15
[01:54:54.172] |T| [write_file]: install_trophy_context: Writing to fd: 0x15, size: 6314
[01:54:54.173] |T| [close_file]: install_trophy_context: Closing file fd: 0x15
[01:54:54.178] |T| [open_file]: install_trophy_context: Opening file ux0:/user/00/trophy/conf/NPWR14127_00/TROP_00.SFM (ux0:/user/00/trophy/conf/NPWR14127_00/TROP_00.SFM), fd: 0x16
[01:54:54.181] |T| [write_file]: install_trophy_context: Writing to fd: 0x16, size: 7713
[01:54:54.183] |T| [close_file]: install_trophy_context: Closing file fd: 0x16
[01:54:54.187] |T| [open_file]: install_trophy_context: Opening file ux0:/user/00/trophy/conf/NPWR14127_00/TROP_01.SFM (ux0:/user/00/trophy/conf/NPWR14127_00/TROP_01.SFM), fd: 0x17
[01:54:54.194] |T| [write_file]: install_trophy_context: Writing to fd: 0x17, size: 6314
[01:54:54.196] |T| [close_file]: install_trophy_context: Closing file fd: 0x17
[01:54:54.199] |T| [open_file]: install_trophy_context: Opening file ux0:/user/00/trophy/conf/NPWR14127_00/TROP_09.SFM (ux0:/user/00/trophy/conf/NPWR14127_00/TROP_09.SFM), fd: 0x18
[01:54:54.202] |T| [write_file]: install_trophy_context: Writing to fd: 0x18, size: 7214
[01:54:54.204] |T| [close_file]: install_trophy_context: Closing file fd: 0x18
[01:54:54.209] |T| [open_file]: install_trophy_context: Opening file ux0:/user/00/trophy/conf/NPWR14127_00/TROP_10.SFM (ux0:/user/00/trophy/conf/NPWR14127_00/TROP_10.SFM), fd: 0x19
[01:54:54.212] |T| [write_file]: install_trophy_context: Writing to fd: 0x19, size: 6562
[01:54:54.213] |T| [close_file]: install_trophy_context: Closing file fd: 0x19
[01:54:54.217] |T| [open_file]: install_trophy_context: Opening file ux0:/user/00/trophy/conf/NPWR14127_00/ICON0.PNG (ux0:/user/00/trophy/conf/NPWR14127_00/ICON0.PNG), fd: 0x1A
[01:54:54.220] |T| [write_file]: install_trophy_context: Writing to fd: 0x1A, size: 111392
[01:54:54.225] |T| [close_file]: install_trophy_context: Closing file fd: 0x1A
[01:54:54.229] |T| [open_file]: install_trophy_context: Opening file ux0:/user/00/trophy/conf/NPWR14127_00/ICON0_00.PNG (ux0:/user/00/trophy/conf/NPWR14127_00/ICON0_00.PNG), fd: 0x1B
[01:54:54.232] |T| [write_file]: install_trophy_context: Writing to fd: 0x1B, size: 112708
[01:54:54.234] |T| [close_file]: install_trophy_context: Closing file fd: 0x1B
[01:54:54.237] |T| [open_file]: install_trophy_context: Opening file ux0:/user/00/trophy/conf/NPWR14127_00/ICON0_01.PNG (ux0:/user/00/trophy/conf/NPWR14127_00/ICON0_01.PNG), fd: 0x1C
[01:54:54.244] |T| [write_file]: install_trophy_context: Writing to fd: 0x1C, size: 111392
[01:54:54.246] |T| [close_file]: install_trophy_context: Closing file fd: 0x1C
[01:54:54.249] |T| [open_file]: install_trophy_context: Opening file ux0:/user/00/trophy/conf/NPWR14127_00/ICON0_09.PNG (ux0:/user/00/trophy/conf/NPWR14127_00/ICON0_09.PNG), fd: 0x1D
[01:54:54.256] |T| [write_file]: install_trophy_context: Writing to fd: 0x1D, size: 110390
[01:54:54.257] |T| [close_file]: install_trophy_context: Closing file fd: 0x1D
[01:54:54.260] |T| [open_file]: install_trophy_context: Opening file ux0:/user/00/trophy/conf/NPWR14127_00/ICON0_10.PNG (ux0:/user/00/trophy/conf/NPWR14127_00/ICON0_10.PNG), fd: 0x1E
[01:54:54.263] |T| [write_file]: install_trophy_context: Writing to fd: 0x1E, size: 113153
[01:54:54.265] |T| [close_file]: install_trophy_context: Closing file fd: 0x1E
[01:54:54.271] |T| [open_file]: install_trophy_context: Opening file ux0:/user/00/trophy/conf/NPWR14127_00/TROP000.PNG (ux0:/user/00/trophy/conf/NPWR14127_00/TROP000.PNG), fd: 0x1F
[01:54:54.276] |T| [write_file]: install_trophy_context: Writing to fd: 0x1F, size: 125123
[01:54:54.280] |T| [close_file]: install_trophy_context: Closing file fd: 0x1F
[01:54:54.283] |T| [open_file]: install_trophy_context: Opening file ux0:/user/00/trophy/conf/NPWR14127_00/TROP001.PNG (ux0:/user/00/trophy/conf/NPWR14127_00/TROP001.PNG), fd: 0x20
[01:54:54.288] |T| [write_file]: install_trophy_context: Writing to fd: 0x20, size: 113053
[01:54:54.291] |T| [close_file]: install_trophy_context: Closing file fd: 0x20
[01:54:54.294] |T| [open_file]: install_trophy_context: Opening file ux0:/user/00/trophy/conf/NPWR14127_00/TROP002.PNG (ux0:/user/00/trophy/conf/NPWR14127_00/TROP002.PNG), fd: 0x21
[01:54:54.299] |T| [write_file]: install_trophy_context: Writing to fd: 0x21, size: 113053
[01:54:54.303] |T| [close_file]: install_trophy_context: Closing file fd: 0x21
[01:54:54.306] |T| [open_file]: install_trophy_context: Opening file ux0:/user/00/trophy/conf/NPWR14127_00/TROP003.PNG (ux0:/user/00/trophy/conf/NPWR14127_00/TROP003.PNG), fd: 0x22
[01:54:54.309] |T| [write_file]: install_trophy_context: Writing to fd: 0x22, size: 113053
[01:54:54.310] |T| [close_file]: install_trophy_context: Closing file fd: 0x22
[01:54:54.314] |T| [open_file]: install_trophy_context: Opening file ux0:/user/00/trophy/conf/NPWR14127_00/TROP004.PNG (ux0:/user/00/trophy/conf/NPWR14127_00/TROP004.PNG), fd: 0x23
[01:54:54.319] |T| [write_file]: install_trophy_context: Writing to fd: 0x23, size: 113053
[01:54:54.320] |T| [close_file]: install_trophy_context: Closing file fd: 0x23
[01:54:54.323] |T| [open_file]: install_trophy_context: Opening file ux0:/user/00/trophy/conf/NPWR14127_00/TROP005.PNG (ux0:/user/00/trophy/conf/NPWR14127_00/TROP005.PNG), fd: 0x24
[01:54:54.326] |T| [write_file]: install_trophy_context: Writing to fd: 0x24, size: 100652
[01:54:54.328] |T| [close_file]: install_trophy_context: Closing file fd: 0x24
[01:54:54.331] |T| [open_file]: install_trophy_context: Opening file ux0:/user/00/trophy/conf/NPWR14127_00/TROP006.PNG (ux0:/user/00/trophy/conf/NPWR14127_00/TROP006.PNG), fd: 0x25
[01:54:54.336] |T| [write_file]: install_trophy_context: Writing to fd: 0x25, size: 100652
[01:54:54.338] |T| [close_file]: install_trophy_context: Closing file fd: 0x25
[01:54:54.340] |T| [open_file]: install_trophy_context: Opening file ux0:/user/00/trophy/conf/NPWR14127_00/TROP007.PNG (ux0:/user/00/trophy/conf/NPWR14127_00/TROP007.PNG), fd: 0x26
[01:54:54.343] |T| [write_file]: install_trophy_context: Writing to fd: 0x26, size: 100652
[01:54:54.345] |T| [close_file]: install_trophy_context: Closing file fd: 0x26
[01:54:54.351] |T| [open_file]: install_trophy_context: Opening file ux0:/user/00/trophy/conf/NPWR14127_00/TROP008.PNG (ux0:/user/00/trophy/conf/NPWR14127_00/TROP008.PNG), fd: 0x27
[01:54:54.355] |T| [write_file]: install_trophy_context: Writing to fd: 0x27, size: 100652
[01:54:54.356] |T| [close_file]: install_trophy_context: Closing file fd: 0x27
[01:54:54.359] |T| [open_file]: install_trophy_context: Opening file ux0:/user/00/trophy/conf/NPWR14127_00/TROP009.PNG (ux0:/user/00/trophy/conf/NPWR14127_00/TROP009.PNG), fd: 0x28
[01:54:54.364] |T| [write_file]: install_trophy_context: Writing to fd: 0x28, size: 100652
[01:54:54.366] |T| [close_file]: install_trophy_context: Closing file fd: 0x28
[01:54:54.369] |T| [open_file]: install_trophy_context: Opening file ux0:/user/00/trophy/conf/NPWR14127_00/TROP010.PNG (ux0:/user/00/trophy/conf/NPWR14127_00/TROP010.PNG), fd: 0x29
[01:54:54.373] |T| [write_file]: install_trophy_context: Writing to fd: 0x29, size: 100652
[01:54:54.375] |T| [close_file]: install_trophy_context: Closing file fd: 0x29
[01:54:54.380] |T| [open_file]: install_trophy_context: Opening file ux0:/user/00/trophy/conf/NPWR14127_00/TROP011.PNG (ux0:/user/00/trophy/conf/NPWR14127_00/TROP011.PNG), fd: 0x2A
[01:54:54.383] |T| [write_file]: install_trophy_context: Writing to fd: 0x2A, size: 100652
[01:54:54.385] |T| [close_file]: install_trophy_context: Closing file fd: 0x2A
[01:54:54.387] |T| [open_file]: install_trophy_context: Opening file ux0:/user/00/trophy/conf/NPWR14127_00/TROP012.PNG (ux0:/user/00/trophy/conf/NPWR14127_00/TROP012.PNG), fd: 0x2B
[01:54:54.391] |T| [write_file]: install_trophy_context: Writing to fd: 0x2B, size: 100652
[01:54:54.392] |T| [close_file]: install_trophy_context: Closing file fd: 0x2B
[01:54:54.398] |T| [open_file]: install_trophy_context: Opening file ux0:/user/00/trophy/conf/NPWR14127_00/TROP013.PNG (ux0:/user/00/trophy/conf/NPWR14127_00/TROP013.PNG), fd: 0x2C
[01:54:54.402] |T| [write_file]: install_trophy_context: Writing to fd: 0x2C, size: 100652
[01:54:54.403] |T| [close_file]: install_trophy_context: Closing file fd: 0x2C
[01:54:54.405] |T| [open_file]: install_trophy_context: Opening file ux0:/user/00/trophy/conf/NPWR14127_00/TROP014.PNG (ux0:/user/00/trophy/conf/NPWR14127_00/TROP014.PNG), fd: 0x2D
[01:54:54.409] |T| [write_file]: install_trophy_context: Writing to fd: 0x2D, size: 100652
[01:54:54.413] |T| [close_file]: install_trophy_context: Closing file fd: 0x2D
[01:54:54.417] |T| [open_file]: install_trophy_context: Opening file ux0:/user/00/trophy/conf/NPWR14127_00/TROP015.PNG (ux0:/user/00/trophy/conf/NPWR14127_00/TROP015.PNG), fd: 0x2E
[01:54:54.419] |T| [write_file]: install_trophy_context: Writing to fd: 0x2E, size: 112200
[01:54:54.421] |T| [close_file]: install_trophy_context: Closing file fd: 0x2E
[01:54:54.426] |T| [open_file]: install_trophy_context: Opening file ux0:/user/00/trophy/conf/NPWR14127_00/TROP016.PNG (ux0:/user/00/trophy/conf/NPWR14127_00/TROP016.PNG), fd: 0x2F
[01:54:54.429] |T| [write_file]: install_trophy_context: Writing to fd: 0x2F, size: 112200
[01:54:54.430] |T| [close_file]: install_trophy_context: Closing file fd: 0x2F
[01:54:54.434] |T| [open_file]: install_trophy_context: Opening file ux0:/user/00/trophy/conf/NPWR14127_00/TROP017.PNG (ux0:/user/00/trophy/conf/NPWR14127_00/TROP017.PNG), fd: 0x30
[01:54:54.437] |T| [write_file]: install_trophy_context: Writing to fd: 0x30, size: 112200
[01:54:54.441] |T| [close_file]: install_trophy_context: Closing file fd: 0x30
[01:54:54.444] |T| [open_file]: install_trophy_context: Opening file ux0:/user/00/trophy/conf/NPWR14127_00/TROP018.PNG (ux0:/user/00/trophy/conf/NPWR14127_00/TROP018.PNG), fd: 0x31
[01:54:54.447] |T| [write_file]: install_trophy_context: Writing to fd: 0x31, size: 112200
[01:54:54.448] |T| [close_file]: install_trophy_context: Closing file fd: 0x31
[01:54:54.453] |T| [open_file]: install_trophy_context: Opening file ux0:/user/00/trophy/conf/NPWR14127_00/TROP019.PNG (ux0:/user/00/trophy/conf/NPWR14127_00/TROP019.PNG), fd: 0x32
[01:54:54.458] |T| [write_file]: install_trophy_context: Writing to fd: 0x32, size: 112200
[01:54:54.460] |T| [close_file]: install_trophy_context: Closing file fd: 0x32
[01:54:54.463] |T| [open_file]: install_trophy_context: Opening file ux0:/user/00/trophy/conf/NPWR14127_00/TROP020.PNG (ux0:/user/00/trophy/conf/NPWR14127_00/TROP020.PNG), fd: 0x33
[01:54:54.466] |T| [write_file]: install_trophy_context: Writing to fd: 0x33, size: 112200
[01:54:54.468] |T| [close_file]: install_trophy_context: Closing file fd: 0x33
[01:54:54.471] |T| [open_file]: install_trophy_context: Opening file ux0:/user/00/trophy/conf/NPWR14127_00/TROP021.PNG (ux0:/user/00/trophy/conf/NPWR14127_00/TROP021.PNG), fd: 0x34
[01:54:54.481] |T| [write_file]: install_trophy_context: Writing to fd: 0x34, size: 112200
[01:54:54.482] |T| [close_file]: install_trophy_context: Closing file fd: 0x34
[01:54:54.487] |T| [open_file]: install_trophy_context: Opening file ux0:/user/00/trophy/conf/NPWR14127_00/TROP022.PNG (ux0:/user/00/trophy/conf/NPWR14127_00/TROP022.PNG), fd: 0x35
[01:54:54.491] |T| [write_file]: install_trophy_context: Writing to fd: 0x35, size: 112200
[01:54:54.492] |T| [close_file]: install_trophy_context: Closing file fd: 0x35
[01:54:54.496] |T| [open_file]: install_trophy_context: Opening file ux0:/user/00/trophy/conf/NPWR14127_00/TROP023.PNG (ux0:/user/00/trophy/conf/NPWR14127_00/TROP023.PNG), fd: 0x36
[01:54:54.499] |T| [write_file]: install_trophy_context: Writing to fd: 0x36, size: 112200
[01:54:54.500] |T| [close_file]: install_trophy_context: Closing file fd: 0x36
[01:54:54.507] |T| [open_file]: install_trophy_context: Opening file ux0:/user/00/trophy/conf/NPWR14127_00/TROP024.PNG (ux0:/user/00/trophy/conf/NPWR14127_00/TROP024.PNG), fd: 0x37
[01:54:54.510] |T| [write_file]: install_trophy_context: Writing to fd: 0x37, size: 112200
[01:54:54.512] |T| [close_file]: install_trophy_context: Closing file fd: 0x37
[01:54:54.516] |T| [open_file]: install_trophy_context: Opening file ux0:/user/00/trophy/conf/NPWR14127_00/TROP025.PNG (ux0:/user/00/trophy/conf/NPWR14127_00/TROP025.PNG), fd: 0x38
[01:54:54.521] |T| [write_file]: install_trophy_context: Writing to fd: 0x38, size: 112200
[01:54:54.523] |T| [close_file]: install_trophy_context: Closing file fd: 0x38
[01:54:54.526] |T| [open_file]: install_trophy_context: Opening file ux0:/user/00/trophy/conf/NPWR14127_00/TROP026.PNG (ux0:/user/00/trophy/conf/NPWR14127_00/TROP026.PNG), fd: 0x39
[01:54:54.529] |T| [write_file]: install_trophy_context: Writing to fd: 0x39, size: 112200
[01:54:54.530] |T| [close_file]: install_trophy_context: Closing file fd: 0x39
[01:54:54.535] |T| [open_file]: install_trophy_context: Opening file ux0:/user/00/trophy/conf/NPWR14127_00/TROP027.PNG (ux0:/user/00/trophy/conf/NPWR14127_00/TROP027.PNG), fd: 0x3A
[01:54:54.544] |T| [write_file]: install_trophy_context: Writing to fd: 0x3A, size: 112200
[01:54:54.547] |T| [close_file]: install_trophy_context: Closing file fd: 0x3A
[01:54:54.551] |T| [open_file]: install_trophy_context: Opening file ux0:/user/00/trophy/conf/NPWR14127_00/TROP028.PNG (ux0:/user/00/trophy/conf/NPWR14127_00/TROP028.PNG), fd: 0x3B
[01:54:54.555] |T| [write_file]: install_trophy_context: Writing to fd: 0x3B, size: 112200
[01:54:54.557] |T| [close_file]: install_trophy_context: Closing file fd: 0x3B
[01:54:54.560] |T| [open_file]: install_trophy_context: Opening file ux0:/user/00/trophy/conf/NPWR14127_00/TROP029.PNG (ux0:/user/00/trophy/conf/NPWR14127_00/TROP029.PNG), fd: 0x3C
[01:54:54.564] |T| [write_file]: install_trophy_context: Writing to fd: 0x3C, size: 112200
[01:54:54.565] |T| [close_file]: install_trophy_context: Closing file fd: 0x3C
[01:54:54.570] |T| [open_file]: install_trophy_context: Opening file ux0:/user/00/trophy/conf/NPWR14127_00/TROP030.PNG (ux0:/user/00/trophy/conf/NPWR14127_00/TROP030.PNG), fd: 0x3D
[01:54:54.574] |T| [write_file]: install_trophy_context: Writing to fd: 0x3D, size: 112200
[01:54:54.576] |T| [close_file]: install_trophy_context: Closing file fd: 0x3D
[01:54:54.580] |T| [open_file]: install_trophy_context: Opening file ux0:/user/00/trophy/conf/NPWR14127_00/TROP031.PNG (ux0:/user/00/trophy/conf/NPWR14127_00/TROP031.PNG), fd: 0x3E
[01:54:54.585] |T| [write_file]: install_trophy_context: Writing to fd: 0x3E, size: 112200
[01:54:54.587] |T| [close_file]: install_trophy_context: Closing file fd: 0x3E
[01:54:54.590] |T| [open_file]: install_trophy_context: Opening file ux0:/user/00/trophy/conf/NPWR14127_00/TROP032.PNG (ux0:/user/00/trophy/conf/NPWR14127_00/TROP032.PNG), fd: 0x3F
[01:54:54.594] |T| [write_file]: install_trophy_context: Writing to fd: 0x3F, size: 112200
[01:54:54.595] |T| [close_file]: install_trophy_context: Closing file fd: 0x3F
[01:54:54.600] |T| [open_file]: install_trophy_context: Opening file ux0:/user/00/trophy/conf/NPWR14127_00/TROP033.PNG (ux0:/user/00/trophy/conf/NPWR14127_00/TROP033.PNG), fd: 0x40
[01:54:54.604] |T| [write_file]: install_trophy_context: Writing to fd: 0x40, size: 112200
[01:54:54.605] |T| [close_file]: install_trophy_context: Closing file fd: 0x40
[01:54:54.608] |T| [open_file]: install_trophy_context: Opening file ux0:/user/00/trophy/conf/NPWR14127_00/TROP034.PNG (ux0:/user/00/trophy/conf/NPWR14127_00/TROP034.PNG), fd: 0x41
[01:54:54.611] |T| [write_file]: install_trophy_context: Writing to fd: 0x41, size: 112200
[01:54:54.614] |T| [close_file]: install_trophy_context: Closing file fd: 0x41
[01:54:54.618] |T| [open_file]: install_trophy_context: Opening file ux0:/user/00/trophy/conf/NPWR14127_00/TROP035.PNG (ux0:/user/00/trophy/conf/NPWR14127_00/TROP035.PNG), fd: 0x42
[01:54:54.621] |T| [write_file]: install_trophy_context: Writing to fd: 0x42, size: 112200
[01:54:54.623] |T| [close_file]: install_trophy_context: Closing file fd: 0x42
[01:54:54.626] |T| [open_file]: save_trophy_progress: Opening file ux0:/user/00/trophy/data/NPWR14127_00/TROPUSR.DAT (ux0:/user/00/trophy/data/NPWR14127_00/TROPUSR.DAT), fd: 0x43
[01:54:54.631] |T| [write_file]: save_trophy_progress_file: Writing to fd: 0x43, size: 4
[01:54:54.633] |T| [write_file]: save_trophy_progress_file: Writing to fd: 0x43, size: 16
[01:54:54.635] |T| [write_file]: save_trophy_progress_file: Writing to fd: 0x43, size: 16
[01:54:54.636] |T| [write_file]: save_trophy_progress_file: Writing to fd: 0x43, size: 4
[01:54:54.638] |T| [write_file]: save_trophy_progress_file: Writing to fd: 0x43, size: 4
[01:54:54.640] |T| [write_file]: save_trophy_progress_file: Writing to fd: 0x43, size: 4
[01:54:54.642] |T| [write_file]: save_trophy_progress_file: Writing to fd: 0x43, size: 64
[01:54:54.646] |T| [write_file]: save_trophy_progress_file: Writing to fd: 0x43, size: 1024
[01:54:54.647] |T| [write_file]: save_trophy_progress_file: Writing to fd: 0x43, size: 512
[01:54:54.649] |T| [close_file]: save_trophy_progress_file: Closing file fd: 0x43
[01:54:54.651] |T| [export_sceNpTrophyCreateContext]: Trophy context for NPWR14127_00 create successfuly!
[01:54:54.659] |T| [close_file]: sceIoClose: Closing file fd: 0xC
[01:54:54.672] |I| [export_sceIoOpen]: Opening file: app0:/DATA/kurodata/CN/KPACK_VT_RG_EST002_CN.CPK
[01:54:54.673] |T| [open_file]: sceIoOpen: Opening file app0:/DATA/kurodata/CN/KPACK_VT_RG_EST002_CN.CPK (ux0:/app/PCSH10089/DATA/kurodata/CN/KPACK_VT_RG_EST002_CN.CPK), fd: 0x44
[01:54:54.687] |T| [close_file]: sceIoClose: Closing file fd: 0xB
[01:54:54.689] |I| [export_sceIoOpen]: Opening file: app0:/DATA/kurodata/TW/KPACK_VT_LN_EST002_TW.CPK
[01:54:54.690] |T| [open_file]: sceIoOpen: Opening file app0:/DATA/kurodata/TW/KPACK_VT_LN_EST002_TW.CPK (ux0:/app/PCSH10089/DATA/kurodata/TW/KPACK_VT_LN_EST002_TW.CPK), fd: 0x45
[01:54:54.737] |T| [close_file]: sceIoClose: Closing file fd: 0xD
[01:54:54.739] |I| [export_sceIoOpen]: Opening file: app0:/CommonData/KuroData/LUACPK_EST002.CPK
[01:54:54.741] |T| [open_file]: sceIoOpen: Opening file app0:/CommonData/KuroData/LUACPK_EST002.CPK (ux0:/app/PCSH10089/CommonData/KuroData/LUACPK_EST002.CPK), fd: 0x46
[01:54:54.809] |T| [close_file]: sceIoClose: Closing file fd: 0xE
[01:54:54.811] |I| [export_sceIoOpen]: Opening file: app0:/CommonData/MtData/TWN/rpw_jstr.cpk
[01:54:54.812] |T| [open_file]: sceIoOpen: Opening file app0:/CommonData/MtData/TWN/rpw_jstr.cpk (ux0:/app/PCSH10089/CommonData/MtData/TWN/rpw_jstr.cpk), fd: 0x47
[01:54:54.844] |T| [close_file]: sceIoClose: Closing file fd: 0xF
[01:54:54.846] |I| [export_sceIoOpen]: Opening file: app0:/CommonData/MtData/rpw_data.cpk
[01:54:54.850] |T| [open_file]: sceIoOpen: Opening file app0:/CommonData/MtData/rpw_data.cpk (ux0:/app/PCSH10089/CommonData/MtData/rpw_data.cpk), fd: 0x48
[01:54:54.915] |T| [close_file]: sceIoClose: Closing file fd: 0x10
[01:54:54.916] |I| [export_sceIoOpen]: Opening file: app0:/CommonData/MtData/TWN/lega_zkn.cpk
[01:54:54.918] |T| [open_file]: sceIoOpen: Opening file app0:/CommonData/MtData/TWN/lega_zkn.cpk (ux0:/app/PCSH10089/CommonData/MtData/TWN/lega_zkn.cpk), fd: 0x49
[01:54:55.004] |T| [close_file]: sceIoClose: Closing file fd: 0x11
[01:54:55.006] |I| [export_sceIoOpen]: Opening file: app0:/CommonData/ShiroData/LanguageData/TW/LT00_TW.CPK
[01:54:55.007] |T| [open_file]: sceIoOpen: Opening file app0:/CommonData/ShiroData/LanguageData/TW/LT00_TW.CPK (ux0:/app/PCSH10089/CommonData/ShiroData/LanguageData/TW/LT00_TW.CPK), fd: 0x4A
[01:54:55.021] |T| [close_file]: sceIoClose: Closing file fd: 0x12
[01:54:55.023] |I| [export_sceIoOpen]: Opening file: app0:/data/StatusImage/FSET.cpk
[01:54:55.024] |T| [open_file]: sceIoOpen: Opening file app0:/data/StatusImage/FSET.cpk (ux0:/app/PCSH10089/data/StatusImage/FSET.cpk), fd: 0x4B
[01:54:55.034] |T| [close_file]: sceIoClose: Closing file fd: 0x44
[01:54:55.035] |I| [export_sceIoOpen]: Opening file: app0:/data/StatusImage/FS00.cpk
[01:54:55.036] |T| [open_file]: sceIoOpen: Opening file app0:/data/StatusImage/FS00.cpk (ux0:/app/PCSH10089/data/StatusImage/FS00.cpk), fd: 0x4C
[01:54:55.050] |T| [close_file]: sceIoClose: Closing file fd: 0x45
[01:54:55.052] |I| [export_sceIoOpen]: Opening file: app0:/data/StatusImage/RG00.cpk
[01:54:55.053] |T| [open_file]: sceIoOpen: Opening file app0:/data/StatusImage/RG00.cpk (ux0:/app/PCSH10089/data/StatusImage/RG00.cpk), fd: 0x4D
[01:54:55.064] |T| [close_file]: sceIoClose: Closing file fd: 0x46
[01:54:55.066] |I| [export_sceIoOpen]: Opening file: app0:/data/StatusImage/FM00.cpk
[01:54:55.067] |T| [open_file]: sceIoOpen: Opening file app0:/data/StatusImage/FM00.cpk (ux0:/app/PCSH10089/data/StatusImage/FM00.cpk), fd: 0x4E
[01:54:55.146] |I| [export_sceIoOpen]: Opening file: app0:/DATA/SOUND/SePackEst002Vita.cpk
[01:54:55.146] |T| [open_file]: sceIoOpen: Opening file app0:/DATA/SOUND/SePackEst002Vita.cpk (ux0:/app/PCSH10089/DATA/SOUND/SePackEst002Vita.cpk), fd: 0x4F
[01:54:55.188] |I| [export_sceIoOpen]: Opening file: sa0:data/font/pvf/cn0.pvf
[01:54:55.195] |T| [open_file]: sceIoOpen: Opening file sa0:data/font/pvf/cn0.pvf (sa0:/data/font/pvf/cn0.pvf), fd: 0x50
[01:54:55.196] |I| [export_sceClibPrintf]: LIBPVF>>> FILE: sa0:data/font/pvf/cn0.pvf

[01:54:55.200] |W| [unimplemented_impl]: Unimplemented sceIoIoctl import called.
[01:54:55.216] |T| [close_file]: sceIoClose: Closing file fd: 0x50
[01:54:55.276] |I| [export_sceIoOpen]: Opening file: sa0:data/font/pvf/jpn0.pvf
[01:54:55.278] |T| [open_file]: sceIoOpen: Opening file sa0:data/font/pvf/jpn0.pvf (sa0:/data/font/pvf/jpn0.pvf), fd: 0x51
[01:54:55.286] |I| [export_sceClibPrintf]: LIBPVF>>> FILE: sa0:data/font/pvf/jpn0.pvf

[01:54:55.290] |T| [close_file]: sceIoClose: Closing file fd: 0x51
[01:54:55.322] |T| [close_file]: sceIoClose: Closing file fd: 0x47
[01:54:55.324] |I| [export_sceIoOpen]: Opening file: app0:DATA/AIDDATA/TW/FontInfo.cpk
[01:54:55.328] |T| [open_file]: sceIoOpen: Opening file app0:DATA/AIDDATA/TW/FontInfo.cpk (ux0:/app/PCSH10089/DATA/AIDDATA/TW/FontInfo.cpk), fd: 0x52
[01:54:55.715] |I| [export_sceIoOpen]: Opening file: sa0:data/font/pvf/cn0.pvf
[01:54:55.716] |T| [open_file]: sceIoOpen: Opening file sa0:data/font/pvf/cn0.pvf (sa0:/data/font/pvf/cn0.pvf), fd: 0x53
[01:54:55.719] |I| [export_sceClibPrintf]: LIBPVF>>> FILE: sa0:data/font/pvf/cn0.pvf

[01:54:55.727] |T| [close_file]: sceIoClose: Closing file fd: 0x53
[01:54:56.764] |I| [export_sceIoOpen]: Opening file: sa0:data/font/pvf/jpn0.pvf
[01:54:56.765] |T| [open_file]: sceIoOpen: Opening file sa0:data/font/pvf/jpn0.pvf (sa0:/data/font/pvf/jpn0.pvf), fd: 0x54
[01:54:56.771] |I| [export_sceClibPrintf]: LIBPVF>>> FILE: sa0:data/font/pvf/jpn0.pvf

[01:54:56.776] |T| [close_file]: sceIoClose: Closing file fd: 0x54
[01:54:57.029] |I| [export_sceIoOpen]: Opening file: sa0:data/font/pvf/cn0.pvf
[01:54:57.030] |T| [open_file]: sceIoOpen: Opening file sa0:data/font/pvf/cn0.pvf (sa0:/data/font/pvf/cn0.pvf), fd: 0x55
[01:54:57.034] |I| [export_sceClibPrintf]: LIBPVF>>> FILE: sa0:data/font/pvf/cn0.pvf

[01:54:57.041] |T| [close_file]: sceIoClose: Closing file fd: 0x55
[01:54:57.062] |T| [close_file]: sceIoClose: Closing file fd: 0x48
[01:54:57.063] |I| [export_sceIoOpen]: Opening file: app0:/data/tabata/CN/TPACKVITA_EST002_CN.CPK
[01:54:57.065] |T| [open_file]: sceIoOpen: Opening file app0:/data/tabata/CN/TPACKVITA_EST002_CN.CPK (ux0:/app/PCSH10089/data/tabata/CN/TPACKVITA_EST002_CN.CPK), fd: 0x56
[01:54:57.095] |W| [stubbed_impl]: Stubbed __sceAppMgrGetAppState import called. (Set to 0.)
[01:54:57.105] |W| [unimplemented_impl]: Unimplemented sceAppUtilMusicMount import called.
[01:54:57.116] |I| [renderer::vulkan::PipelineCache::retrieve_shader]: Generating vulkan spv shader f5244ce79525bb8cc166752b2cf0dce8f2ae78035f84e1361aab6db06a55d67a
[01:54:57.119] |I| [renderer::load_shader_generic]: Generating vert.spv.txt shader f5244ce79525bb8cc166752b2cf0dce8f2ae78035f84e1361aab6db06a55d67a
[01:54:57.120] |W| [unimplemented_impl]: Unimplemented sceCommonDialogUpdate import called.
[01:54:57.123] |D| [shader::create_parameters]: [BUFFER0  + 0] pa0 = (float4) aPosition
[01:54:57.125] |D| [shader::create_parameters]: [BUFFER0  + 4] pa4 = (float4) aTexCoord
[01:54:57.127] |D| [shader::create_parameters]: [BUFFER0  + 8] pa8 = (float4) aColor
[01:54:57.128] |T| [shader::usse::USSERecompiler::compile_code_node]: Compiling code_0, size = 9
[01:54:57.154] |I| [renderer::vulkan::PipelineCache::retrieve_shader]: Generating vulkan spv shader b2f78172232d656eb9ce8aaa6de2c4ad69f4c52530ebdbf4a2a5b8491010525e
[01:54:57.157] |I| [renderer::load_shader_generic]: Generating frag.spv.txt shader b2f78172232d656eb9ce8aaa6de2c4ad69f4c52530ebdbf4a2a5b8491010525e
[01:54:57.160] |D| [shader::create_fragment_inputs]: Iterator: pa0 = (float4) v_TexCoord1
[01:54:57.164] |T| [shader::usse::USSERecompiler::compile_code_node]: Compiling code_0, size = 2
[01:54:57.263] |I| [renderer::vulkan::PipelineCache::retrieve_shader]: Generating vulkan spv shader ebeace24a040657a0f1889e18181ba65ceec076ecc419fc3b0d2ab7b9c0ac99b
[01:54:57.265] |I| [renderer::load_shader_generic]: Generating frag.spv.txt shader ebeace24a040657a0f1889e18181ba65ceec076ecc419fc3b0d2ab7b9c0ac99b
[01:54:57.268] |D| [shader::create_fragment_inputs]: Iterator: pa0 = (float4) v_TexCoord1
[01:54:57.269] |T| [shader::create_fragment_inputs]: pa4 = tex2D<float4>(Tex, TEXCOORD0.xy)
[01:54:57.270] |T| [shader::usse::USSERecompiler::compile_code_node]: Compiling code_0, size = 5
[01:54:59.311] |E| [open_file]: Missing file at C:/Users/ Othmane/AppData/Roaming/Vita3K/Vita3K/ux0/user/00/savedata/PCSH10089/SlotParam_0.bin (target path: savedata0:/SlotParam_0.bin)
[01:54:59.313] |W| [io_error_impl]: open_file (sceAppUtilSaveDataSlotGetParam) returned 0x80010002
[01:54:59.316] |E| [logging::ret_error_impl]: sceAppUtilSaveDataSlotGetParam returned SCE_APPUTIL_ERROR_SAVEDATA_SLOT_NOT_FOUND (0x80100641)
[01:54:59.447] |E| [open_file]: Missing file at C:/Users/ Othmane/AppData/Roaming/Vita3K/Vita3K/ux0/user/00/savedata/PCSH10089/SlotParam_1.bin (target path: savedata0:/SlotParam_1.bin)
[01:54:59.450] |W| [io_error_impl]: open_file (sceAppUtilSaveDataSlotGetParam) returned 0x80010002
[01:54:59.624] |I| [renderer::vulkan::PipelineCache::retrieve_shader]: Generating vulkan spv shader c02e7e43d223126d5d4b5d5438b34468f091e1448c8980c0efdac525f03a8d7b
[01:54:59.626] |I| [renderer::load_shader_generic]: Generating vert.spv.txt shader c02e7e43d223126d5d4b5d5438b34468f091e1448c8980c0efdac525f03a8d7b
[01:54:59.630] |D| [shader::create_parameters]: [BUFFER0  + 0] pa0 = (float4) aPosition
[01:54:59.631] |D| [shader::create_parameters]: [BUFFER0  + 4] pa4 = (float4) aTexCoord
[01:54:59.632] |D| [shader::create_parameters]: [BUFFER0  + 8] pa8 = (float4) aColor
[01:54:59.633] |D| [shader::create_parameters]: [DEFAULT  + 0] sa0 = (float1) lcd_w
[01:54:59.635] |D| [shader::create_parameters]: [DEFAULT  + 1] sa1 = (float1) lcd_h
[01:54:59.636] |D| [shader::create_parameters]: [DEFAULT  + 2] sa2 = (float1) tex_w
[01:54:59.639] |D| [shader::create_parameters]: [DEFAULT  + 3] sa3 = (float1) tex_h
[01:54:59.641] |T| [shader::usse::USSERecompiler::compile_code_node]: Compiling code_0, size = 6
[01:54:59.649] |T| [shader::usse::USSERecompiler::compile_code_node]: Compiling code_0, size = 11
[01:54:59.695] |I| [renderer::vulkan::PipelineCache::retrieve_shader]: Generating vulkan spv shader 25aae67a11f0a5715a6d5187d6256903d8c09051d18e1b35fb940ac3672e2239
[01:54:59.698] |I| [renderer::load_shader_generic]: Generating frag.spv.txt shader 25aae67a11f0a5715a6d5187d6256903d8c09051d18e1b35fb940ac3672e2239
[01:54:59.700] |D| [shader::create_fragment_inputs]: Iterator: pa0 = (float4) v_TexCoord1
[01:54:59.701] |T| [shader::create_fragment_inputs]: pa4 = tex2D<float4>(Tex, TEXCOORD0.xy)
[01:54:59.703] |T| [shader::usse::USSERecompiler::compile_code_node]: Compiling code_0, size = 2
[01:54:59.707] |T| [shader::usse::USSERecompiler::compile_code_node]: Compiling code_2, size = 1
[01:54:59.709] |T| [shader::usse::USSERecompiler::compile_code_node]: Compiling code_3, size = 6
[01:54:59.755] |I| [renderer::vulkan::PipelineCache::retrieve_shader]: Generating vulkan spv shader 97d1a426b8dfd8f24ae3f3b1b96ce65232e49b2d4ea57b3b77b24e3fee4285b0
[01:54:59.758] |I| [renderer::load_shader_generic]: Generating frag.spv.txt shader 97d1a426b8dfd8f24ae3f3b1b96ce65232e49b2d4ea57b3b77b24e3fee4285b0
[01:54:59.763] |D| [shader::create_fragment_inputs]: Iterator: pa0 = (float4) v_TexCoord1
[01:54:59.764] |T| [shader::create_fragment_inputs]: pa4 = tex2D<float4>(Tex, TEXCOORD0.xy)
[01:54:59.765] |T| [shader::usse::USSERecompiler::compile_code_node]: Compiling code_0, size = 5
[01:55:01.862] |T| [close_file]: sceIoClose: Closing file fd: 0x49
[01:55:01.863] |I| [export_sceIoOpen]: Opening file: app0:/data/anime/effvita_est002.cpk
[01:55:01.865] |T| [open_file]: sceIoOpen: Opening file app0:/data/anime/effvita_est002.cpk (ux0:/app/PCSH10089/data/anime/effvita_est002.cpk), fd: 0x57
[01:55:01.877] |E| [logging::ret_error_impl]: sceNgsVoiceResume returned SCE_NGS_ERROR_INVALID_STATE (0x804A0010)
[01:55:01.884] |T| [export_sceNgsPatchCreateRouting]: Patching 0x1656628:0:0 to 0x165ABB0:0
[01:55:14.019] |T| [close_file]: sceIoClose: Closing file fd: 0x4A
[01:55:14.020] |I| [export_sceIoOpen]: Opening file: app0:/DATA/kurodata/CMN/KPACK_VT_EST002_CMN.CPK
[01:55:14.022] |T| [open_file]: sceIoOpen: Opening file app0:/DATA/kurodata/CMN/KPACK_VT_EST002_CMN.CPK (ux0:/app/PCSH10089/DATA/kurodata/CMN/KPACK_VT_EST002_CMN.CPK), fd: 0x58
[01:55:14.824] |T| [export_sceNgsPatchCreateRouting]: Patching 0x1655BF0:0:0 to 0x165ABB0:0
[01:55:23.655] |T| [close_file]: sceIoClose: Closing file fd: 0x4B
[01:55:23.666] |I| [export_sceIoOpen]: Opening file: app0:/DATA/kurodata/eula_tc_vita.cpk
[01:55:23.667] |T| [open_file]: sceIoOpen: Opening file app0:/DATA/kurodata/eula_tc_vita.cpk (ux0:/app/PCSH10089/DATA/kurodata/eula_tc_vita.cpk), fd: 0x59
[01:55:24.048] |T| [close_file]: sceIoClose: Closing file fd: 0x4C
[01:55:24.050] |I| [export_sceIoOpen]: Opening file: app0:/DATA/kurodata/eula_hg_vita.cpk
[01:55:24.051] |T| [open_file]: sceIoOpen: Opening file app0:/DATA/kurodata/eula_hg_vita.cpk (ux0:/app/PCSH10089/DATA/kurodata/eula_hg_vita.cpk), fd: 0x5A
[01:55:29.007] |I| [renderer::vulkan::PipelineCache::save_pipeline_cache]: Saving pipeline cache...
[01:55:29.008] |I| [renderer::vulkan::PipelineCache::save_pipeline_cache]: Pipeline cache saved
[01:55:30.498] |T| [close_file]: sceIoClose: Closing file fd: 0x4D
[01:55:30.499] |I| [export_sceIoOpen]: Opening file: app0:/DATA/kurodata/eula_jp_vita.cpk
[01:55:30.501] |T| [open_file]: sceIoOpen: Opening file app0:/DATA/kurodata/eula_jp_vita.cpk (ux0:/app/PCSH10089/DATA/kurodata/eula_jp_vita.cpk), fd: 0x5B
[01:55:31.382] |T| [close_file]: sceIoClose: Closing file fd: 0x4E
[01:55:31.384] |I| [export_sceIoOpen]: Opening file: app0:/DATA/kurodata/eula_en_vita.cpk
[01:55:31.386] |T| [open_file]: sceIoOpen: Opening file app0:/DATA/kurodata/eula_en_vita.cpk (ux0:/app/PCSH10089/DATA/kurodata/eula_en_vita.cpk), fd: 0x5C
[01:55:31.605] |T| [export_sceNgsPatchCreateRouting]: Patching 0x1656B44:0:0 to 0x165ABB0:0
[01:55:52.547] |T| [close_file]: sceIoClose: Closing file fd: 0x52
[01:55:52.549] |I| [export_sceIoOpen]: Opening file: app0:/DATA/kurodata/privacy_en_vita.cpk
[01:55:52.550] |T| [open_file]: sceIoOpen: Opening file app0:/DATA/kurodata/privacy_en_vita.cpk (ux0:/app/PCSH10089/DATA/kurodata/privacy_en_vita.cpk), fd: 0x5D
[01:56:14.746] |T| [close_file]: sceIoClose: Closing file fd: 0x57
[01:56:14.748] |I| [export_sceIoOpen]: Opening file: app0:/DATA/kurodata/privacy_tc_vita.cpk
[01:56:14.749] |T| [open_file]: sceIoOpen: Opening file app0:/DATA/kurodata/privacy_tc_vita.cpk (ux0:/app/PCSH10089/DATA/kurodata/privacy_tc_vita.cpk), fd: 0x5E
[01:56:36.122] |T| [export_sceNgsPatchCreateRouting]: Patching 0x1657060:0:0 to 0x165ABB0:0
[01:56:36.388] |T| [export_sceNgsPatchCreateRouting]: Patching 0x165757C:0:0 to 0x165ABB0:0
[01:56:40.761] |I| [load_module]: Loading module ID: 0x4
[01:56:40.769] |I| [load_self]: sys/external/libhttp.suprx: Skipping special segment 0x6FFFFF01...
[01:56:40.769] |I| [load_self]: Loaded module segment 0 @ [0x0DEA1000 - 0x0DEBE150 / 0x81000000] (size: 0x0001D150) of module sys/external/libhttp.suprx
[01:56:40.776] |I| [load_self]: Loaded module segment 1 @ [0x0DD35000 - 0x0DD35640 / 0x8101E000] (size: 0x00000640) of module sys/external/libhttp.suprx
[01:56:40.778] |I| [load_self]: Linking SELF sys/external/libhttp.suprx...
[01:56:40.780] |D| [load_var_exports]: 	NID 0x936C8A78 (SYSLYB) at 0xDEBCE68
[01:56:40.782] |D| [load_var_exports]: 	NID 0x6C2224BA (NID_MODULE_INFO) at 0xDEB9CA0
[01:56:40.784] |I| [load_module]: Module SceLibHttp (at "sys/external/libhttp.suprx") loaded
[01:56:40.786] |D| [load_module]: Running module_start of module: SceLibHttp
[01:56:40.788] |I| [load_module]: Module SceLibHttp (at "sys/external/libhttp.suprx") module_start returned 0x0
[01:56:40.812] |I| [load_self]: Loaded module segment 0 @ [0x11851000 - 0x118B7EA4 / 0x81000000] (size: 0x00066EA4) of module sys/external/libssl.suprx
[01:56:40.814] |I| [load_self]: Loaded module segment 1 @ [0x0DDA1000 - 0x0DDA6188 / 0x81067000] (size: 0x00005188) of module sys/external/libssl.suprx
[01:56:40.818] |I| [load_self]: Linking SELF sys/external/libssl.suprx...
[01:56:40.820] |D| [load_var_exports]: 	NID 0x936C8A78 (SYSLYB) at 0x118A39B0
[01:56:40.824] |D| [load_var_exports]: 	NID 0x6C2224BA (NID_MODULE_INFO) at 0x1189DC70
[01:56:40.827] |I| [load_module]: Module SceLibSsl (at "sys/external/libssl.suprx") loaded
[01:56:40.831] |W| [stubbed_impl]: Stubbed sceNetCtlInit import called. (Stub)
[01:56:40.832] |T| [log_import_call]: [LLE] TID: 7   FUNC: 0x3C733316 sceSslInit at 0x5C3534
[01:56:40.838] |T| [log_import_call]: [LLE] TID: 7   FUNC: 0x214926D9 sceHttpInit at 0x5C33E4
[01:56:40.841] |W| [unimplemented_impl]: Unimplemented sceNetCheckDialogInit import called.
[01:56:40.843] |W| [stubbed_impl]: Stubbed sceNetCheckDialogGetStatus import called. (SCE_COMMON_DIALOG_STATUS_FINISHED)
[01:56:40.844] |W| [stubbed_impl]: Stubbed sceNetCheckDialogGetResult import called. (result->result = -1, return 0)
[01:56:40.848] |W| [unimplemented_impl]: Unimplemented sceNetCheckDialogTerm import called.
[01:56:40.849] |T| [log_import_call]: [LLE] TID: 7   FUNC: 0xC9076666 sceHttpTerm at 0x5C3454
[01:56:40.853] |W| [unimplemented_impl]: Unimplemented sceClibMspaceIsHeapEmpty import called.
[01:56:40.855] |T| [log_import_call]: [LLE] TID: 7   FUNC: 0x3CE6E3A sceSslTerm at 0x5C3524
[01:56:40.860] |W| [stubbed_impl]: Stubbed sceNetCtlTerm import called. (Stub)
[01:56:45.681] |T| [close_file]: sceIoClose: Closing file fd: 0x56
[01:56:45.688] |I| [export_sceIoOpen]: Opening file: app0:/DATA/hiyama/default.cpk
[01:56:45.689] |T| [open_file]: sceIoOpen: Opening file app0:/DATA/hiyama/default.cpk (ux0:/app/PCSH10089/DATA/hiyama/default.cpk), fd: 0x5F
[01:56:48.955] |T| [export_sceNgsPatchCreateRouting]: Patching 0x1657A98:0:0 to 0x165ABB0:0
[01:56:49.021] |T| [export_sceNgsPatchCreateRouting]: Patching 0x1657FB4:0:0 to 0x165ABB0:0
[01:56:49.087] |T| [export_sceNgsPatchCreateRouting]: Patching 0x16584D0:0:0 to 0x165ABB0:0
[01:56:49.288] |T| [export_sceNgsPatchCreateRouting]: Patching 0x16589EC:0:0 to 0x165ABB0:0
[01:56:53.107] |T| [close_file]: sceIoClose: Closing file fd: 0x58
[01:56:53.111] |I| [export_sceIoOpen]: Opening file: app0:/DATA/STAGE/STGEST002_TW.CPK
[01:56:53.112] |T| [open_file]: sceIoOpen: Opening file app0:/DATA/STAGE/STGEST002_TW.CPK (ux0:/app/PCSH10089/DATA/STAGE/STGEST002_TW.CPK), fd: 0x60
[01:56:53.640] |I| [export_sceIoOpen]: Opening file: app0:/data/tabata/EST002_PROLOGUE.usm
[01:56:53.641] |T| [open_file]: sceIoOpen: Opening file app0:/data/tabata/EST002_PROLOGUE.usm (ux0:/app/PCSH10089/data/tabata/EST002_PROLOGUE.usm), fd: 0x61
[01:56:54.084] |I| [renderer::vulkan::PipelineCache::retrieve_shader]: Generating vulkan spv shader e57f394e2479d8b501dc95b7d4e65813f17ca4d483f1ae45cefd8995006f5e40
[01:56:54.086] |I| [renderer::load_shader_generic]: Generating vert.spv.txt shader e57f394e2479d8b501dc95b7d4e65813f17ca4d483f1ae45cefd8995006f5e40
[01:56:54.089] |D| [shader::create_parameters]: [BUFFER0  + 0] pa0 = (float4) aPosition
[01:56:54.090] |D| [shader::create_parameters]: [BUFFER0  + 4] pa4 = (float4) aTexCoord
[01:56:54.092] |T| [shader::usse::USSERecompiler::compile_code_node]: Compiling code_0, size = 5
[01:56:54.094] |T| [export_sceNgsPatchCreateRouting]: Patching 0x16511D0:0:0 to 0x165ABB0:0
[01:56:54.111] |I| [renderer::vulkan::PipelineCache::retrieve_shader]: Generating vulkan spv shader 126eeb1850beab2da6417743b050bf87f4e336a8d4699224a3be1c35c9081f26
[01:56:54.113] |I| [renderer::load_shader_generic]: Generating frag.spv.txt shader 126eeb1850beab2da6417743b050bf87f4e336a8d4699224a3be1c35c9081f26
[01:56:54.117] |T| [shader::create_fragment_inputs]: pa0 = tex2D<half4>(tex, TEXCOORD0.xy)
[01:56:54.118] |T| [shader::usse::USSERecompiler::compile_code_node]: Compiling code_0, size = 1
[01:56:54.133] |I| [ngs::player::Module::process]: The currently running game requests playback rate scaling when decoding audio. Audio might crackle.
[01:57:09.322] |T| [close_file]: sceIoClose: Closing file fd: 0x61
[01:57:09.535] |T| [close_file]: sceIoClose: Closing file fd: 0x59
[01:57:09.537] |I| [export_sceIoOpen]: Opening file: app0:/CommonData/MtData/TWN/MtV_all_keyword_def.cpk
[01:57:09.540] |T| [open_file]: sceIoOpen: Opening file app0:/CommonData/MtData/TWN/MtV_all_keyword_def.cpk (ux0:/app/PCSH10089/CommonData/MtData/TWN/MtV_all_keyword_def.cpk), fd: 0x62
[01:57:10.129] |T| [close_file]: sceIoClose: Closing file fd: 0x5B
[01:57:10.131] |I| [export_sceIoOpen]: Opening file: app0:/Data/MtData/bgdata.cpk
[01:57:10.133] |T| [open_file]: sceIoOpen: Opening file app0:/Data/MtData/bgdata.cpk (ux0:/app/PCSH10089/Data/MtData/bgdata.cpk), fd: 0x63
[01:57:12.379] |T| [export_sceNgsPatchCreateRouting]: Patching 0x1658F08:0:0 to 0x165ABB0:0
[01:57:14.291] |T| [close_file]: sceIoClose: Closing file fd: 0x5A
[01:57:14.310] |I| [export_sceIoOpen]: Opening file: app0:/data/StatusImage/FB00.cpk
[01:57:14.313] |T| [open_file]: sceIoOpen: Opening file app0:/data/StatusImage/FB00.cpk (ux0:/app/PCSH10089/data/StatusImage/FB00.cpk), fd: 0x64
[01:57:24.011] |I| [renderer::vulkan::PipelineCache::save_pipeline_cache]: Saving pipeline cache...
[01:57:24.012] |I| [renderer::vulkan::PipelineCache::save_pipeline_cache]: Pipeline cache saved
[01:57:39.964] |T| [close_file]: sceIoClose: Closing file fd: 0x5C
[01:57:39.965] |I| [export_sceIoOpen]: Opening file: app0:/data/tabata/CN/TPACKVITA_EST002_CN.CPK
[01:57:39.967] |T| [open_file]: sceIoOpen: Opening file app0:/data/tabata/CN/TPACKVITA_EST002_CN.CPK (ux0:/app/PCSH10089/data/tabata/CN/TPACKVITA_EST002_CN.CPK), fd: 0x65
[01:57:40.086] |T| [close_file]: sceIoClose: Closing file fd: 0x5E
[01:57:40.093] |I| [export_sceIoOpen]: Opening file: app0:/data/anime/effvita_est002.cpk
[01:57:40.094] |T| [open_file]: sceIoOpen: Opening file app0:/data/anime/effvita_est002.cpk (ux0:/app/PCSH10089/data/anime/effvita_est002.cpk), fd: 0x66
[01:57:44.530] |T| [close_file]: sceIoClose: Closing file fd: 0x5D
[01:57:44.533] |I| [export_sceIoOpen]: Opening file: app0:/data/mapetc/MapDataEst002Vita.cpk
[01:57:44.534] |T| [open_file]: sceIoOpen: Opening file app0:/data/mapetc/MapDataEst002Vita.cpk (ux0:/app/PCSH10089/data/mapetc/MapDataEst002Vita.cpk), fd: 0x67
[01:57:46.048] |I| [renderer::vulkan::PipelineCache::retrieve_shader]: Generating vulkan spv shader 8add8331d58e205b4a2f6f00b1084f5de23d7c0d0e130a9b46a3822a3d39cf7a
[01:57:46.051] |I| [renderer::load_shader_generic]: Generating frag.spv.txt shader 8add8331d58e205b4a2f6f00b1084f5de23d7c0d0e130a9b46a3822a3d39cf7a
[01:57:46.055] |T| [shader::usse::USSERecompiler::compile_code_node]: Compiling code_0, size = 1
[01:57:46.085] |I| [renderer::vulkan::PipelineCache::retrieve_shader]: Generating vulkan spv shader b28d3cfca9a723ce6d9606c83046f106c947e3317c666138344a23b917ffc229
[01:57:46.088] |I| [renderer::load_shader_generic]: Generating vert.spv.txt shader b28d3cfca9a723ce6d9606c83046f106c947e3317c666138344a23b917ffc229
[01:57:46.092] |D| [shader::create_parameters]: [BUFFER0  + 0] pa0 = (float4) aPosition
[01:57:46.093] |D| [shader::create_parameters]: [BUFFER0  + 4] pa4 = (float4) aNormal
[01:57:46.094] |D| [shader::create_parameters]: [BUFFER0  + 8] pa8 = (float4) aTexcoord
[01:57:46.095] |D| [shader::create_parameters]: [BUFFER0  + 12] pa12 = (float4) aBlendIndices
[01:57:46.097] |D| [shader::create_parameters]: [BUFFER0  + 16] pa16 = (float4) aBlendIndices4
[01:57:46.098] |D| [shader::create_parameters]: [BUFFER0  + 20] pa20 = (float4) aBlendWeights
[01:57:46.100] |D| [shader::create_parameters]: [BUFFER0  + 24] pa24 = (float4) aBlendWeights4
[01:57:46.104] |D| [shader::create_parameters]: [DEFAULT  + 32] sa32 = (float4) WorldInverseTranspose[4]
[01:57:46.105] |D| [shader::create_parameters]: [DEFAULT  + 0] sa0 = (float4) WorldViewProjection[4]
[01:57:46.107] |D| [shader::create_parameters]: [DEFAULT  + 48] sa48 = (float4) World[4]
[01:57:46.108] |D| [shader::create_parameters]: [DEFAULT  + 64] sa64 = (float4) ViewInverse[4]
[01:57:46.109] |D| [shader::create_parameters]: [DEFAULT  + 80] sa80 = (float3) light0Position
[01:57:46.110] |D| [shader::create_parameters]: [DEFAULT  + 16] sa16 = (float4) bindShapeMatrix[4]
[01:57:46.112] |D| [shader::create_parameters]: [BUFFER1  + 0] sa0 = (float4) skinMatrices[256]
[01:57:46.113] |T| [shader::usse::USSERecompiler::compile_code_node]: Compiling code_0, size = 2
[01:57:46.120] |T| [shader::usse::USSERecompiler::compile_code_node]: Compiling code_0, size = 158
[01:57:46.384] |I| [renderer::vulkan::PipelineCache::retrieve_shader]: Generating vulkan spv shader 65cd45a7290ec7f9b6a60a23dc9a16e48ce68a4e9a81a613565164231d906499
[01:57:46.386] |I| [renderer::load_shader_generic]: Generating frag.spv.txt shader 65cd45a7290ec7f9b6a60a23dc9a16e48ce68a4e9a81a613565164231d906499
[01:57:46.389] |D| [shader::create_parameters]: [DEFAULT  + 0] sa0 = (float3) light0Color
[01:57:46.390] |D| [shader::create_parameters]: [DEFAULT  + 4] sa4 = (float4) ambientColor
[01:57:46.393] |D| [shader::create_parameters]: [DEFAULT  + 8] sa8 = (float4) diffuseColor
[01:57:46.394] |D| [shader::create_parameters]: [DEFAULT  + 12] sa12 = (float4) emissionColor
[01:57:46.396] |D| [shader::create_parameters]: [DEFAULT  + 16] sa16 = (float1) shininess
[01:57:46.397] |D| [shader::create_parameters]: [DEFAULT  + 18] sa18 = (float4) specularColor
[01:57:46.399] |D| [shader::create_fragment_inputs]: Iterator: pa0 = (float4) v_TexCoord5
[01:57:46.400] |T| [shader::create_fragment_inputs]: pa4 = tex2D<float4>(diffuseTexture, TEXCOORD0.xy)
[01:57:46.401] |D| [shader::create_fragment_inputs]: Iterator: pa8 = (float4) v_TexCoord6
[01:57:46.402] |T| [shader::create_fragment_inputs]: pa12 = tex2D<float4>(emissionTexture, TEXCOORD0.xy)
[01:57:46.403] |D| [shader::create_fragment_inputs]: Iterator: pa16 = (float4) v_TexCoord7
[01:57:46.405] |T| [shader::create_fragment_inputs]: pa20 = tex2D<float4>(specularTexture, TEXCOORD0.xy)
[01:57:46.408] |T| [shader::create_fragment_inputs]: pa24 = tex2D<float4>(ambientTexture, TEXCOORD0.xy)
[01:57:46.410] |T| [shader::usse::USSERecompiler::compile_code_node]: Compiling code_0, size = 34
[01:57:46.887] |I| [renderer::vulkan::PipelineCache::retrieve_shader]: Generating vulkan spv shader 7b0c7f3258aee6853e8b07c94e87c6ebc2d0f45dfd2820dcc51d23a99a70071d
[01:57:46.891] |I| [renderer::load_shader_generic]: Generating vert.spv.txt shader 7b0c7f3258aee6853e8b07c94e87c6ebc2d0f45dfd2820dcc51d23a99a70071d
[01:57:46.894] |D| [shader::create_parameters]: [BUFFER0  + 0] pa0 = (float4) IN_Position
[01:57:46.894] |D| [shader::create_parameters]: [BUFFER0  + 4] pa4 = (float4) IN_UV
[01:57:46.895] |D| [shader::create_parameters]: [BUFFER0  + 8] pa8 = (float4) IN_Normal
[01:57:46.897] |D| [shader::create_parameters]: [DEFAULT  + 16] sa16 = (float4) WorldInverseTranspose[4]
[01:57:46.898] |D| [shader::create_parameters]: [DEFAULT  + 0] sa0 = (float4) mvpMatrix[4]
[01:57:46.899] |D| [shader::create_parameters]: [DEFAULT  + 32] sa32 = (float4) WorldXf[4]
[01:57:46.900] |D| [shader::create_parameters]: [DEFAULT  + 48] sa48 = (float4) ViewInverse[4]
[01:57:46.901] |D| [shader::create_parameters]: [DEFAULT  + 64] sa64 = (float3) light0Position
[01:57:46.902] |D| [shader::create_parameters]: [DEFAULT  + 68] sa68 = (float4) General_data
[01:57:46.903] |T| [shader::usse::USSERecompiler::compile_code_node]: Compiling code_0, size = 2
[01:57:46.909] |T| [shader::usse::USSERecompiler::compile_code_node]: Compiling code_0, size = 18
[01:57:46.944] |I| [renderer::vulkan::PipelineCache::retrieve_shader]: Generating vulkan spv shader 0eed6072c6fa225e4fce0364c529fc0bc171ad91c33599b8a71dd29d816815b6
[01:57:46.946] |I| [renderer::load_shader_generic]: Generating frag.spv.txt shader 0eed6072c6fa225e4fce0364c529fc0bc171ad91c33599b8a71dd29d816815b6
[01:57:46.949] |D| [shader::create_parameters]: [DEFAULT  + 0] sa0 = (float3) light0Color
[01:57:46.950] |D| [shader::create_parameters]: [DEFAULT  + 4] sa4 = (float3) AmbiColor
[01:57:46.953] |D| [shader::create_parameters]: [DEFAULT  + 7] sa7 = (float1) SpecExpon
[01:57:46.955] |D| [shader::create_parameters]: [DEFAULT  + 8] sa8 = (float1) Ks
[01:57:46.956] |D| [shader::create_fragment_inputs]: Iterator: pa0 = (float4) v_TexCoord1
[01:57:46.958] |T| [shader::create_fragment_inputs]: pa4 = tex2D<float4>(ColorTex, TEXCOORD0.xy)
[01:57:46.959] |D| [shader::create_fragment_inputs]: Iterator: pa8 = (float4) v_TexCoord2
[01:57:46.960] |D| [shader::create_fragment_inputs]: Iterator: pa12 = (float4) v_TexCoord3
[01:57:46.962] |T| [shader::usse::USSERecompiler::compile_code_node]: Compiling code_0, size = 24
[01:57:47.035] |I| [renderer::vulkan::PipelineCache::retrieve_shader]: Generating vulkan spv shader 966803277e174d94f81eb628da030bd62ef8a7a648ccb4bc29ef10ce40baab94
[01:57:47.037] |I| [renderer::load_shader_generic]: Generating vert.spv.txt shader 966803277e174d94f81eb628da030bd62ef8a7a648ccb4bc29ef10ce40baab94
[01:57:47.040] |D| [shader::create_parameters]: [BUFFER0  + 0] pa0 = (float4) IN_Position
[01:57:47.041] |D| [shader::create_parameters]: [BUFFER0  + 4] pa4 = (float4) IN_UV
[01:57:47.043] |D| [shader::create_parameters]: [BUFFER0  + 8] pa8 = (float4) IN_Normal
[01:57:47.045] |D| [shader::create_parameters]: [DEFAULT  + 16] sa16 = (float4) WorldInverseTranspose[4]
[01:57:47.046] |D| [shader::create_parameters]: [DEFAULT  + 0] sa0 = (float4) mvpMatrix[4]
[01:57:47.047] |D| [shader::create_parameters]: [DEFAULT  + 32] sa32 = (float4) WorldXf[4]
[01:57:47.049] |D| [shader::create_parameters]: [DEFAULT  + 48] sa48 = (float4) ViewInverse[4]
[01:57:47.050] |D| [shader::create_parameters]: [DEFAULT  + 64] sa64 = (float3) light0Position
[01:57:47.051] |D| [shader::create_parameters]: [DEFAULT  + 68] sa68 = (float4) General_data
[01:57:47.052] |T| [shader::usse::USSERecompiler::compile_code_node]: Compiling code_0, size = 2
[01:57:47.055] |T| [shader::usse::USSERecompiler::compile_code_node]: Compiling code_0, size = 18
[01:57:47.095] |I| [renderer::vulkan::PipelineCache::retrieve_shader]: Generating vulkan spv shader 3929a1e5bc1a287a5b9803f8a39bf7168868b2569d2366e5cabec3db4dbc1b8c
[01:57:47.096] |I| [renderer::load_shader_generic]: Generating frag.spv.txt shader 3929a1e5bc1a287a5b9803f8a39bf7168868b2569d2366e5cabec3db4dbc1b8c
[01:57:47.100] |D| [shader::create_parameters]: [DEFAULT  + 0] sa0 = (float3) light0Color
[01:57:47.100] |D| [shader::create_parameters]: [DEFAULT  + 4] sa4 = (float3) AmbiColor
[01:57:47.102] |D| [shader::create_parameters]: [DEFAULT  + 7] sa7 = (float1) SpecExpon
[01:57:47.103] |D| [shader::create_parameters]: [DEFAULT  + 8] sa8 = (float1) Ks
[01:57:47.104] |D| [shader::create_fragment_inputs]: Iterator: pa0 = (float4) v_TexCoord1
[01:57:47.107] |T| [shader::create_fragment_inputs]: pa4 = tex2D<float4>(ColorTex, TEXCOORD0.xy)
[01:57:47.109] |D| [shader::create_fragment_inputs]: Iterator: pa8 = (float4) v_TexCoord2
[01:57:47.110] |D| [shader::create_fragment_inputs]: Iterator: pa12 = (float4) v_TexCoord3
[01:57:47.111] |T| [shader::usse::USSERecompiler::compile_code_node]: Compiling code_0, size = 24
[01:57:47.180] |I| [renderer::vulkan::PipelineCache::retrieve_shader]: Generating vulkan spv shader 1b23bb88c0382c1c178a192f23ddeeb70c360eba80e0f9b4877db99ec1f58e21
[01:57:47.184] |I| [renderer::load_shader_generic]: Generating vert.spv.txt shader 1b23bb88c0382c1c178a192f23ddeeb70c360eba80e0f9b4877db99ec1f58e21
[01:57:47.187] |D| [shader::create_parameters]: [BUFFER0  + 0] pa0 = (float4) IN_Position
[01:57:47.188] |D| [shader::create_parameters]: [BUFFER0  + 4] pa4 = (float4) IN_UV
[01:57:47.190] |D| [shader::create_parameters]: [BUFFER0  + 8] pa8 = (float4) IN_Normal
[01:57:47.191] |D| [shader::create_parameters]: [DEFAULT  + 16] sa16 = (float4) WorldInverseTranspose[4]
[01:57:47.192] |D| [shader::create_parameters]: [DEFAULT  + 0] sa0 = (float4) mvpMatrix[4]
[01:57:47.193] |D| [shader::create_parameters]: [DEFAULT  + 32] sa32 = (float4) WorldXf[4]
[01:57:47.195] |D| [shader::create_parameters]: [DEFAULT  + 48] sa48 = (float4) ViewInverse[4]
[01:57:47.196] |D| [shader::create_parameters]: [DEFAULT  + 64] sa64 = (float3) light0Position
[01:57:47.199] |T| [shader::usse::USSERecompiler::compile_code_node]: Compiling code_0, size = 2
[01:57:47.203] |T| [shader::usse::USSERecompiler::compile_code_node]: Compiling code_0, size = 16
[01:57:47.235] |I| [renderer::vulkan::PipelineCache::retrieve_shader]: Generating vulkan spv shader 26d84c5fb15ea2266b4683eeb49483c2edfb27256adf46bb14019c4ee3839b03
[01:57:47.237] |I| [renderer::load_shader_generic]: Generating frag.spv.txt shader 26d84c5fb15ea2266b4683eeb49483c2edfb27256adf46bb14019c4ee3839b03
[01:57:47.240] |D| [shader::create_parameters]: [DEFAULT  + 0] sa0 = (float3) light0Color
[01:57:47.240] |D| [shader::create_parameters]: [DEFAULT  + 4] sa4 = (float3) AmbiColor
[01:57:47.242] |D| [shader::create_parameters]: [DEFAULT  + 7] sa7 = (float1) SpecExpon
[01:57:47.246] |D| [shader::create_parameters]: [DEFAULT  + 8] sa8 = (float1) Ks
[01:57:47.247] |D| [shader::create_fragment_inputs]: Iterator: pa0 = (float4) v_TexCoord1
[01:57:47.249] |T| [shader::create_fragment_inputs]: pa4 = tex2D<float4>(ColorTex, TEXCOORD0.xy)
[01:57:47.250] |D| [shader::create_fragment_inputs]: Iterator: pa8 = (float4) v_TexCoord2
[01:57:47.251] |D| [shader::create_fragment_inputs]: Iterator: pa12 = (float4) v_TexCoord3
[01:57:47.253] |T| [shader::usse::USSERecompiler::compile_code_node]: Compiling code_0, size = 24
[01:57:47.333] |I| [renderer::vulkan::PipelineCache::retrieve_shader]: Generating vulkan spv shader 6f84aa9792dbd12cef359d983a569ba14380aff70198aaae63741bccf14e1e68
[01:57:47.337] |I| [renderer::load_shader_generic]: Generating frag.spv.txt shader 6f84aa9792dbd12cef359d983a569ba14380aff70198aaae63741bccf14e1e68
[01:57:47.340] |D| [shader::create_parameters]: [DEFAULT  + 0] sa0 = (float3) AmbiColor
[01:57:47.340] |D| [shader::create_parameters]: [DEFAULT  + 3] sa3 = (float1) SpecExpon
[01:57:47.341] |D| [shader::create_parameters]: [DEFAULT  + 4] sa4 = (float1) Ks
[01:57:47.343] |D| [shader::create_fragment_inputs]: Iterator: pa0 = (float4) v_TexCoord1
[01:57:47.344] |T| [shader::create_fragment_inputs]: pa4 = tex2D<float4>(ColorTex, TEXCOORD0.xy)
[01:57:47.345] |D| [shader::create_fragment_inputs]: Iterator: pa8 = (float4) v_TexCoord2
[01:57:47.346] |D| [shader::create_fragment_inputs]: Iterator: pa12 = (float4) v_TexCoord3
[01:57:47.347] |T| [shader::usse::USSERecompiler::compile_code_node]: Compiling code_0, size = 22
[01:57:48.729] |I| [renderer::vulkan::PipelineCache::retrieve_shader]: Generating vulkan spv shader 274bd4c01c1c8b850ae167829bdc991a87a8a55acf3fa7b1f326a718139791e0
[01:57:48.732] |I| [renderer::load_shader_generic]: Generating vert.spv.txt shader 274bd4c01c1c8b850ae167829bdc991a87a8a55acf3fa7b1f326a718139791e0
[01:57:48.735] |D| [shader::create_parameters]: [BUFFER0  + 0] pa0 = (float4) aPosition
[01:57:48.736] |D| [shader::create_parameters]: [BUFFER0  + 4] pa4 = (float4) aTexCoord
[01:57:48.737] |D| [shader::create_parameters]: [BUFFER0  + 8] pa8 = (float4) aColor
[01:57:48.738] |D| [shader::create_parameters]: [DEFAULT  + 0] sa0 = (float4) wvp[4]
[01:57:48.742] |D| [shader::create_parameters]: [DEFAULT  + 16] sa16 = (float1) texW
[01:57:48.743] |D| [shader::create_parameters]: [DEFAULT  + 17] sa17 = (float1) texH
[01:57:48.745] |T| [shader::usse::USSERecompiler::compile_code_node]: Compiling code_0, size = 2
[01:57:48.749] |T| [shader::usse::USSERecompiler::compile_code_node]: Compiling code_0, size = 13
[01:58:13.556] |T| [close_file]: sceIoClose: Closing file fd: 0x5F
[01:58:13.566] |I| [export_sceIoOpen]: Opening file: app0:/CommonData/MtData/TWN/MtZkn_Pt.cpk
[01:58:13.567] |T| [open_file]: sceIoOpen: Opening file app0:/CommonData/MtData/TWN/MtZkn_Pt.cpk (ux0:/app/PCSH10089/CommonData/MtData/TWN/MtZkn_Pt.cpk), fd: 0x68
[01:58:18.011] |I| [renderer::vulkan::PipelineCache::save_pipeline_cache]: Saving pipeline cache...
[01:58:18.012] |I| [renderer::vulkan::PipelineCache::save_pipeline_cache]: Pipeline cache saved
[01:58:22.987] |I| [renderer::vulkan::PipelineCache::retrieve_shader]: Generating vulkan spv shader f4eeee78fffe9ada800a04d3ec3a2cdb35caf9356de4143c28835d39099300cd
[01:58:22.989] |I| [renderer::load_shader_generic]: Generating vert.spv.txt shader f4eeee78fffe9ada800a04d3ec3a2cdb35caf9356de4143c28835d39099300cd
[01:58:22.992] |D| [shader::create_parameters]: [BUFFER0  + 0] pa0 = (float4) aPosition
[01:58:22.993] |D| [shader::create_parameters]: [BUFFER0  + 4] pa4 = (float4) aTexCoord
[01:58:22.994] |D| [shader::create_parameters]: [BUFFER0  + 8] pa8 = (float4) aColor
[01:58:22.996] |D| [shader::create_parameters]: [DEFAULT  + 0] sa0 = (float4) wvp[4]
[01:58:22.997] |T| [shader::usse::USSERecompiler::compile_code_node]: Compiling code_0, size = 10
[01:58:39.987] |T| [close_file]: sceIoClose: Closing file fd: 0x60
[01:58:39.995] |T| [close_file]: sceIoClose: Closing file fd: 0x62
[01:58:40.004] |I| [export_sceIoOpen]: Opening file: app0:/data/StatusImage/FF00.cpk
[01:58:40.005] |T| [open_file]: sceIoOpen: Opening file app0:/data/StatusImage/FF00.cpk (ux0:/app/PCSH10089/data/StatusImage/FF00.cpk), fd: 0x69
[01:58:40.009] |I| [export_sceIoOpen]: Opening file: app0:/data/StatusImage/RG00.cpk
[01:58:40.012] |T| [open_file]: sceIoOpen: Opening file app0:/data/StatusImage/RG00.cpk (ux0:/app/PCSH10089/data/StatusImage/RG00.cpk), fd: 0x6A
[01:58:53.042] |I| [renderer::vulkan::PipelineCache::save_pipeline_cache]: Saving pipeline cache...
[01:58:53.043] |I| [renderer::vulkan::PipelineCache::save_pipeline_cache]: Pipeline cache saved
