[05:38:03.627] |I| [config::init]: lle-modules: libpgf,libhttp,libpaf,libpaf_web_map_view,libpvf,libSceXml,libSceJson,libatrac,apputil_ext,apputil
[05:38:03.628] |I| [config::init]: log-level: 1
[05:38:03.628] |I| [config::init]: log-imports: false
[05:38:03.629] |I| [config::init]: log-exports: false
[05:38:03.629] |I| [config::init]: log-active-shaders: false
[05:38:03.629] |I| [config::init]: log-uniforms: false
[05:38:03.629] |I| [config::init]: sync-rendering: false
[05:38:03.632] |I| [SDL_main]: Vita3K v0.1 1076-bc03af6
[05:38:04.391] |I| [init]: Swap interval = -1
[05:38:04.453] |I| [gui::init_icons]: Default icon found for title MP4PLAYER, Mp4 Pl.
[05:38:04.593] |I| [gui::init_icons]: Default icon found for title SKGCBSMGR, Custom Boot Splash Manager.
[05:38:04.593] |I| [gui::init_icons]: Default icon found for title SKGTLSE12, iTLS-Enso.
[05:38:04.594] |I| [gui::init_icons]: Default icon found for title SKOG00001, Snes9xVITA.
[05:38:04.598] |I| [gui::init_icons]: Default icon found for title VCID00001, VitaCID.
[05:38:04.599] |I| [gui::init_icons]: Default icon found for title VITATESTR, VitaTester.
[05:38:21.517] |I| [load_app_impl]: Title: Super Exploding Zoo
[05:38:21.518] |I| [load_app_impl]: Serial: PCSB00362
[05:38:21.518] |I| [load_app_impl]: Version: 01.02
[05:38:21.518] |I| [load_app_impl]: Category: gp
[05:38:21.563] |I| [load_self]: Loading symbols for SELF: app0:sce_module/libc.suprx
[05:38:21.563] |D| [load_var_exports]: 	NID 0x936C8A78 (SYSLYB) at 0x46744
[05:38:21.564] |D| [load_var_exports]: 	NID 0x6C2224BA (NID_MODULE_INFO) at 0x3C4F8
[05:38:21.564] |W| [load_var_imports]: 	NID NOT FOUND 0x93B8AA67 (__stack_chk_guard) at 0x40520, setting to stub value 0xDEADBEEF
[05:38:21.564] |W| [load_var_imports]: 	NID NOT FOUND 0xDF084DFA (UNRECOGNISED) at 0x420A4, setting to stub value 0xDEADBEEF
[05:38:21.564] |I| [load_app_impl]: Pre-load module SceLibc (at "sce_module/libc.suprx") loaded
[05:38:21.574] |I| [load_self]: Loading symbols for SELF: app0:sce_module/libfios2.suprx
[05:38:21.574] |D| [load_var_exports]: 	NID 0x936C8A78 (SYSLYB) at 0x81244
[05:38:21.575] |D| [load_var_exports]: 	NID 0x6C2224BA (NID_MODULE_INFO) at 0x78878
[05:38:21.575] |I| [load_app_impl]: Pre-load module SceLibFios2 (at "sce_module/libfios2.suprx") loaded
[05:38:21.585] |I| [load_self]: Loading symbols for SELF: app0:sce_module/libult.suprx
[05:38:21.585] |D| [load_var_exports]: 	NID 0x936C8A78 (SYSLYB) at 0x9A2D0
[05:38:21.586] |D| [load_var_exports]: 	NID 0x6C2224BA (NID_MODULE_INFO) at 0x97858
[05:38:21.586] |W| [load_var_imports]: 	NID NOT FOUND 0x936A5F31 (_pLibPerfCaptureFlagPtr) at 0x980A4, setting to stub value 0xDEADBEEF
[05:38:21.587] |I| [load_app_impl]: Pre-load module SceUlt (at "sce_module/libult.suprx") loaded
[05:38:21.732] |I| [load_self]: Loading symbols for SELF: app0:eboot.bin
[05:38:21.732] |D| [load_var_exports]: 	NID 0x6C2224BA (NID_MODULE_INFO) at 0x3F1268
[05:38:21.733] |D| [load_var_exports]: 	NID 0x70FBA1E7 (SCE_PROC_PARAMS) at 0x47B3C0
[05:38:21.733] |D| [load_var_exports]: 	NID 0x936C8A78 (SYSLYB) at 0x439150
[05:38:21.734] |I| [load_app_impl]: Main executable SEZ_vs2012 (eboot.bin) loaded
[05:38:21.739] |D| [run_app]: Running module_start of library: SceLibc
[05:38:21.748] |I| [run_app]: Module SceLibc (at "app0:sce_module/libc.suprx") module_start returned 0x0
[05:38:21.749] |D| [run_app]: Running module_start of library: SceLibFios2
[05:38:21.753] |W| [stubbed_impl]: Stubbed sceKernelGetProcessId import called. (pid: 0)
[05:38:21.753] |W| [unimplemented_impl]: Unimplemented sceFiosOverlayGetList02 import called.
[05:38:21.754] |I| [run_app]: Module SceLibFios2 (at "app0:sce_module/libfios2.suprx") module_start returned 0x0
[05:38:21.755] |D| [run_app]: Running module_start of library: SceUlt
[05:38:21.758] |W| [unimplemented_impl]: Unimplemented _sceUlobjMgrRegisterLibultProtocolRevision import called.
[05:38:21.758] |I| [run_app]: Module SceUlt (at "app0:sce_module/libult.suprx") module_start returned 0x0
[05:38:21.785] |I| [load_self]: Loading symbols for SELF: app0:mai_moe/mai.suprx
[05:38:21.785] |D| [load_var_exports]: 	NID 0x6C2224BA (NID_MODULE_INFO) at 0x294E7E4
[05:38:21.786] |D| [load_var_exports]: 	NID 0x70FBA1E7 (SCE_PROC_PARAMS) at 0x294E840
[05:38:21.794] |I| [export_sceIoOpen]: Opening file: app0:mai_moe/load_type.mai
[05:38:21.801] |I| [export_sceKernelLoadStartModule]: Module SceLibFios2 (at "app0:sce_module/libfios2.suprx") module_start returned 0x0
[05:38:21.806] |I| [load_self]: Loading symbols for SELF: app0:sce_module/libfios2_m.suprx
[05:38:21.806] |D| [load_var_exports]: 	NID 0x936C8A78 (SYSLYB) at 0x29FC244
[05:38:21.806] |D| [load_var_exports]: 	NID 0x6C2224BA (NID_MODULE_INFO) at 0x29F3878
[05:38:21.811] |I| [export_sceKernelLoadStartModule]: Module mceLibFios2 (at "app0:sce_module/libfios2_m.suprx") module_start returned 0x0
[05:38:21.812] |W| [io_error_impl]: open_dir (sceIoDopen) returned 0x80010002
[05:38:21.812] |W| [io_error_impl]: read_dir (sceIoDread) returned 0x80010051
[05:38:21.813] |W| [io_error_impl]: close_dir (sceIoDclose) returned 0x80010051
[05:38:21.893] |I| [export_sceKernelLoadStartModule]: Module output/testprx.elf (at "app0:mai_moe/mai.suprx") module_start returned 0x0
[05:38:21.974] |W| [unimplemented_impl]: Unimplemented sceKernelChangeThreadVfpException import called.
[05:38:21.975] |W| [unimplemented_impl]: Unimplemented sceFiosOverlayThreadSetDisabled02 import called.
[05:38:21.984] |I| [write_file]: *** TTY: 
[05:38:21.987] |I| [write_file]: *** TTY: -- Odyssey Digital Content Platform --
[05:38:21.988] |I| [write_file]: *** TTY: Copyright (c) 2011-2013 Public Domain Corporation
[05:38:21.988] |I| [write_file]: *** TTY:  
[05:38:21.996] |W| [unimplemented_impl]: Unimplemented sceFiosOverlayGetRecommendedScheduler02 import called.
[05:38:22.010] |I| [export_sceIoOpen]: Opening file: app0:/assets/XML/odyssey_config.xml
[05:38:22.090] |I| [write_file]: *** TTY: Reading Environment:
[05:38:22.101] |I| [write_file]: *** TTY: Reading InputServer:
[05:38:22.104] |I| [write_file]: *** TTY: PSVGPUVRAMSizeMB
[05:38:22.105] |I| [write_file]: *** TTY: PSVCPUVRAMSizeMB
[05:38:22.105] |I| [write_file]: *** TTY: PSVRingBufferEntries
[05:38:22.106] |I| [write_file]: *** TTY: Failed to find element: HTTP
[05:38:22.107] |I| [write_file]: *** TTY: Failed to find element: ActivityFeed
[05:38:22.115] |W| [unimplemented_impl]: Unimplemented sceAppUtilInit import called.
[05:38:22.117] |I| [write_file]: *** TTY: -- Initializing Graphics Context --
[05:38:22.159] |I| [renderer::create]: GL_VERSION = 4.1.0 NVIDIA 430.86
[05:38:22.159] |I| [renderer::create]: GL_SHADING_LANGUAGE_VERSION = 4.10 NVIDIA via Cg compiler
[05:38:22.161] |I| [renderer::load_shader]: Generating vert shader b04e6bcb9d1c32e745d80c00609d87a2564b12b81dbdd77d28089349c3f72eb1
[05:38:22.162] |D| [shader::create_parameters]: [BUFFER0  + 0] pa0 = (float4) aPosition
[05:38:22.162] |W| [shader::create_parameters]: Container for literal not found, skipping creating literals!
[05:38:22.165] |D| [shader::spirv_disasm_print]: SPIR-V Disassembly:
// Module Version 10300
// Generated by (magic number): 1337000
// Id's are bound by 86

                              Capability Shader
              51:             ExtInstImport  "GLSL.std.450"
                              MemoryModel Logical GLSL450
                              EntryPoint Vertex 4  "main_vs"
               1:             String  "b04e6bcb9d1c32e745d80c00609d87a2564b12b81dbdd77d28089349c3f72eb1"
                              SourceExtension  "gxp"
                              Name 4  "main_vs"
                              Name 23  "pa"
                              Name 24  "sa"
                              Name 26  "internals"
                              Name 28  "r"
                              Name 30  "p"
                              Name 32  "idx"
                              Name 34  "outs"
                              Name 36  "aPosition"
                              Name 42  "vert_output_finalize"
                              Name 45  "v_Position"
                              Name 64  "block_prim_0"
                              Decorate 45(v_Position) BuiltIn Position
               2:             TypeVoid
               3:             TypeFunction 2
               6:             TypeFloat 32
               7:             TypeInt 32 1
               8:             TypeBool
               9:             TypeVector 6(float) 4
              10:      7(int) Constant 32
              11:             TypeArray 9(fvec4) 10
              12:      7(int) Constant 3
              13:             TypeArray 9(fvec4) 12
              14:      7(int) Constant 20
              15:             TypeArray 9(fvec4) 14
              16:      7(int) Constant 2
              17:             TypeArray 7(int) 16
              18:      7(int) Constant 4
              19:             TypeArray 8(bool) 18
              20:      7(int) Constant 10
              21:             TypeArray 9(fvec4) 20
              22:             TypePointer Private 11
          23(pa):     22(ptr) Variable Private
          24(sa):     22(ptr) Variable Private
              25:             TypePointer Private 13
   26(internals):     25(ptr) Variable Private
              27:             TypePointer Private 15
           28(r):     27(ptr) Variable Private
              29:             TypePointer Private 19
           30(p):     29(ptr) Variable Private
              31:             TypePointer Private 17
         32(idx):     31(ptr) Variable Private
              33:             TypePointer Private 21
        34(outs):     33(ptr) Variable Private
              35:             TypePointer Input 9(fvec4)
   36(aPosition):     35(ptr) Variable Input
              38:             TypePointer Private 6(float)
              39:             TypePointer Private 9(fvec4)
              40:      7(int) Constant 0
              44:             TypePointer Output 9(fvec4)
  45(v_Position):     44(ptr) Variable Output
              52:             TypeInt 32 0
              53:    6(float) Constant 1056964608
              54:    6(float) Constant 0
              55:    6(float) Constant 1065353216
              56:    6(float) Constant 1073741824
              57:             TypeVector 6(float) 1
              58:    57(fvec) ConstantComposite 54
              59:             TypeVector 6(float) 2
              60:   59(fvec2) ConstantComposite 54 54
              61:             TypeVector 6(float) 3
              62:   61(fvec3) ConstantComposite 54 54 54
              63:    9(fvec4) ConstantComposite 54 54 54 54
              71:      7(int) Constant 1
              74:   59(fvec2) ConstantComposite 55 55
      4(main_vs):           2 Function None 3
               5:             Label
              37:    9(fvec4) Load 36(aPosition)
              41:     39(ptr) AccessChain 23(pa) 40
                              Store 41 37
              85:           2 FunctionCall 64(block_prim_0)
                              Return
                              FunctionEnd
42(vert_output_finalize):           2 Function None 3
              43:             Label
              46:     39(ptr) AccessChain 34(outs) 40
              47:     39(ptr) AccessChain 34(outs) 40
              48:    9(fvec4) Load 47
              49:    9(fvec4) Load 46
                              Store 45(v_Position) 49
                              Return
                              FunctionEnd
64(block_prim_0):           2 Function None 3
              65:             Label
                              Line 1 1 0
              66:     39(ptr) AccessChain 23(pa) 40
              67:     39(ptr) AccessChain 23(pa) 40
              68:    9(fvec4) Load 67
              69:    9(fvec4) Load 66
              70:    6(float) VectorExtractDynamic 69 40
              72:    6(float) VectorExtractDynamic 69 71
              73:   59(fvec2) CompositeConstruct 70 72
              75:   59(fvec2) FMul 73 74
              76:     39(ptr) AccessChain 34(outs) 40
              77:    9(fvec4) Load 76
              78:    9(fvec4) VectorShuffle 77 75 4 5 2 3
                              Store 76 78
                              Line 1 2 0
              79:   59(fvec2) CompositeConstruct 55 55
              80:   59(fvec2) FMul 79 74
              81:     39(ptr) AccessChain 34(outs) 40
              82:    9(fvec4) Load 81
              83:    9(fvec4) VectorShuffle 82 80 0 1 4 5
                              Store 81 83
              84:           2 FunctionCall 42(vert_output_finalize)
                              Return
                              FunctionEnd

[05:38:22.167] |D| [shader::convert_gxp_to_glsl]: Generated GLSL:
#version 410
#ifdef GL_ARB_shading_language_420pack
#extension GL_ARB_shading_language_420pack : require
#endif

in vec4 aPosition;
vec4 pa[32];
vec4 sa[32];
vec4 internals[3];
vec4 r[20];
bool p[4];
int idx[2];
vec4 outs[10];

void vert_output_finalize()
{
    gl_Position = outs[0];
}

void block_prim_0()
{
    vec2 _75 = vec2(pa[0].x, pa[0].y) * vec2(1.0);
    outs[0] = vec4(_75.x, _75.y, outs[0].z, outs[0].w);
    vec2 _80 = vec2(1.0) * vec2(1.0);
    outs[0] = vec4(outs[0].x, outs[0].y, _80.x, _80.y);
    vert_output_finalize();
}

void main()
{
    pa[0] = aPosition;
    block_prim_0();
}


[05:38:22.183] |I| [renderer::load_shader]: Generating frag shader f4af2807ea149723356b1f21e59927bfaeb15164d36c4c42c22a85c19c978bd4
[05:38:22.185] |D| [shader::create_parameters]: [DEFAULT  + 0] sa0 = (float4) clearColor
[05:38:22.191] |W| [shader::create_parameters]: Container for literal not found, skipping creating literals!
[05:38:22.193] |D| [shader::spirv_disasm_print]: SPIR-V Disassembly:
// Module Version 10300
// Generated by (magic number): 1337000
// Id's are bound by 113

                              Capability Shader
              60:             ExtInstImport  "GLSL.std.450"
              74:             ExtInstImport  "GLSL.std.450"
              98:             ExtInstImport  "GLSL.std.450"
                              MemoryModel Logical GLSL450
                              EntryPoint Fragment 4  "main_fs"
                              ExecutionMode 4 OriginLowerLeft
               1:             String  "f4af2807ea149723356b1f21e59927bfaeb15164d36c4c42c22a85c19c978bd4"
                              SourceExtension  "gxp"
                              Name 4  "main_fs"
                              Name 23  "pa"
                              Name 24  "sa"
                              Name 26  "internals"
                              Name 28  "r"
                              Name 30  "p"
                              Name 32  "idx"
                              Name 34  "outs"
                              Name 36  "clearColor"
                              Name 42  "frag_output_finalize"
                              Name 57  "f32_2_2xf16"
                              Name 72  "out_color"
                              Name 85  "block_prim_0"
                              Name 96  "twoXf16_2_f32"
                              Decorate 72(out_color) Location 0
               2:             TypeVoid
               3:             TypeFunction 2
               6:             TypeFloat 32
               7:             TypeInt 32 1
               8:             TypeBool
               9:             TypeVector 6(float) 4
              10:      7(int) Constant 32
              11:             TypeArray 9(fvec4) 10
              12:      7(int) Constant 3
              13:             TypeArray 9(fvec4) 12
              14:      7(int) Constant 20
              15:             TypeArray 9(fvec4) 14
              16:      7(int) Constant 2
              17:             TypeArray 7(int) 16
              18:      7(int) Constant 4
              19:             TypeArray 8(bool) 18
              20:      7(int) Constant 10
              21:             TypeArray 9(fvec4) 20
              22:             TypePointer Private 11
          23(pa):     22(ptr) Variable Private
          24(sa):     22(ptr) Variable Private
              25:             TypePointer Private 13
   26(internals):     25(ptr) Variable Private
              27:             TypePointer Private 15
           28(r):     27(ptr) Variable Private
              29:             TypePointer Private 19
           30(p):     29(ptr) Variable Private
              31:             TypePointer Private 17
         32(idx):     31(ptr) Variable Private
              33:             TypePointer Private 21
        34(outs):     33(ptr) Variable Private
              35:             TypePointer UniformConstant 9(fvec4)
  36(clearColor):     35(ptr) Variable UniformConstant
              38:             TypePointer Private 6(float)
              39:             TypePointer Private 9(fvec4)
              40:      7(int) Constant 0
              49:      7(int) Constant 1
              51:             TypeVector 6(float) 2
              54:             TypeInt 32 0
              55:             TypeFunction 51(fvec2) 6(float)
              71:             TypePointer Output 9(fvec4)
   72(out_color):     71(ptr) Variable Output
              75:    6(float) Constant 1056964608
              76:    6(float) Constant 0
              77:    6(float) Constant 1065353216
              78:    6(float) Constant 1073741824
              79:             TypeVector 6(float) 1
              80:    79(fvec) ConstantComposite 76
              81:   51(fvec2) ConstantComposite 76 76
              82:             TypeVector 6(float) 3
              83:   82(fvec3) ConstantComposite 76 76 76
              84:    9(fvec4) ConstantComposite 76 76 76 76
              94:             TypeFunction 6(float) 51(fvec2)
      4(main_fs):           2 Function None 3
               5:             Label
              37:    9(fvec4) Load 36(clearColor)
              41:     39(ptr) AccessChain 24(sa) 40
                              Store 41 37
             112:           2 FunctionCall 85(block_prim_0)
                              Return
                              FunctionEnd
42(frag_output_finalize):           2 Function None 3
              43:             Label
              44:     39(ptr) AccessChain 23(pa) 40
              45:     39(ptr) AccessChain 23(pa) 40
              46:    9(fvec4) Load 45
              47:    9(fvec4) Load 44
              48:    6(float) VectorExtractDynamic 47 40
              50:    6(float) VectorExtractDynamic 47 49
              52:   51(fvec2) CompositeConstruct 48 50
              53:    6(float) VectorExtractDynamic 52 40
              63:   51(fvec2) FunctionCall 57(f32_2_2xf16) 53
              64:    6(float) VectorExtractDynamic 52 49
              65:   51(fvec2) FunctionCall 57(f32_2_2xf16) 64
              66:    6(float) VectorExtractDynamic 63 40
              67:    6(float) VectorExtractDynamic 63 49
              68:    6(float) VectorExtractDynamic 65 40
              69:    6(float) VectorExtractDynamic 65 49
              70:    9(fvec4) CompositeConstruct 66 67 68 69
                              Store 72(out_color) 70
                              Return
                              FunctionEnd
 57(f32_2_2xf16):   51(fvec2) Function None 55
              56:    6(float) FunctionParameter
              58:             Label
              59:     54(int) Bitcast 56
              61:   51(fvec2) ExtInst 60(GLSL.std.450) 61(UnpackUnorm2x16) 59
                              ReturnValue 61
                              FunctionEnd
85(block_prim_0):           2 Function None 3
              86:             Label
                              Line 1 1 0
              87:     39(ptr) AccessChain 24(sa) 40
              88:     39(ptr) AccessChain 24(sa) 40
              89:    9(fvec4) Load 88
              90:    9(fvec4) Load 87
              91:    6(float) VectorExtractDynamic 90 40
              92:    6(float) VectorExtractDynamic 90 49
              93:   51(fvec2) CompositeConstruct 91 92
             102:    6(float) FunctionCall 96(twoXf16_2_f32) 93
             103:    6(float) VectorExtractDynamic 90 16
             104:    6(float) VectorExtractDynamic 90 12
             105:   51(fvec2) CompositeConstruct 103 104
             106:    6(float) FunctionCall 96(twoXf16_2_f32) 105
             107:   51(fvec2) CompositeConstruct 102 106
             108:     39(ptr) AccessChain 23(pa) 40
             109:    9(fvec4) Load 108
             110:    9(fvec4) VectorShuffle 109 107 4 5 2 3
                              Store 108 110
             111:           2 FunctionCall 42(frag_output_finalize)
                              Return
                              FunctionEnd
96(twoXf16_2_f32):    6(float) Function None 94
              95:   51(fvec2) FunctionParameter
              97:             Label
              99:     54(int) ExtInst 98(GLSL.std.450) 57(PackUnorm2x16) 95
             100:    6(float) Bitcast 99
                              ReturnValue 100
                              FunctionEnd

[05:38:22.196] |D| [shader::convert_gxp_to_glsl]: Generated GLSL:
#version 410
#ifdef GL_ARB_shading_language_420pack
#extension GL_ARB_shading_language_420pack : require
#endif

uniform vec4 clearColor;

layout(location = 0) out vec4 out_color;
vec4 pa[32];
vec4 sa[32];
vec4 internals[3];
vec4 r[20];
bool p[4];
int idx[2];
vec4 outs[10];

float twoXf16_2_f32(vec2 _95)
{
    return uintBitsToFloat(packUnorm2x16(_95));
}

vec2 f32_2_2xf16(float _56)
{
    return unpackUnorm2x16(floatBitsToUint(_56));
}

void frag_output_finalize()
{
    vec2 _52 = vec2(pa[0].x, pa[0].y);
    vec2 _63 = f32_2_2xf16(_52.x);
    vec2 _65 = f32_2_2xf16(_52.y);
    out_color = vec4(_63.x, _63.y, _65.x, _65.y);
}

void block_prim_0()
{
    vec2 _107 = vec2(twoXf16_2_f32(vec2(sa[0].x, sa[0].y)), twoXf16_2_f32(vec2(sa[0].z, sa[0].w)));
    pa[0] = vec4(_107.x, _107.y, pa[0].z, pa[0].w);
    frag_output_finalize();
}

void main()
{
    sa[0] = clearColor;
    block_prim_0();
}


[05:38:22.219] |I| [write_file]: *** TTY: -- Initializing Audio Engine --
[05:38:22.222] |I| [write_file]: *** TTY: -- Initializing Audio Context --
[05:38:22.222] |W| [stubbed_impl]: Stubbed sceNgsSystemGetRequiredMemorySize import called. (size = 1)
[05:38:22.223] |W| [unimplemented_impl]: Unimplemented sceNgsSystemInit import called.
[05:38:22.223] |W| [unimplemented_impl]: Unimplemented sceNgsVoiceDefGetSimpleVoice import called.
[05:38:22.224] |W| [stubbed_impl]: Stubbed sceNgsRackGetRequiredMemorySize import called. (size = 1)
[05:38:22.224] |W| [unimplemented_impl]: Unimplemented sceNgsRackInit import called.
[05:38:22.224] |W| [unimplemented_impl]: Unimplemented sceNgsVoiceDefGetAtrac9Voice import called.
[05:38:22.225] |W| [unimplemented_impl]: Unimplemented sceNgsVoiceDefGetMasterBuss import called.
[05:38:22.226] |W| [unimplemented_impl]: Unimplemented sceNgsVoiceDefGetCompressorBuss import called.
[05:38:22.226] |W| [unimplemented_impl]: Unimplemented sceNgsRackGetVoiceHandle import called.
[05:38:22.226] |W| [unimplemented_impl]: Unimplemented sceNgsVoiceBypassModule import called.
[05:38:22.227] |W| [unimplemented_impl]: Unimplemented sceNgsPatchCreateRouting import called.
[05:38:22.228] |W| [stubbed_impl]: Stubbed sceNgsPatchGetInfo import called. (2 in/out channels)
[05:38:22.231] |W| [unimplemented_impl]: Unimplemented sceNgsVoicePatchSetVolumesMatrix import called.
[05:38:22.233] |W| [unimplemented_impl]: Unimplemented sceAppMgrAcquireBgmPort import called.
[05:38:22.233] |W| [unimplemented_impl]: Unimplemented sceAudioOutSetVolume import called.
[05:38:22.233] |W| [unimplemented_impl]: Unimplemented sceNgsVoicePlay import called.
[05:38:22.238] |W| [unimplemented_impl]: Unimplemented sceMotionStartSampling import called.
[05:38:22.239] |W| [unimplemented_impl]: Unimplemented sceMotionSetAngleThreshold import called.
[05:38:22.241] |I| [write_file]: *** TTY: AudioThreadFunc running
[05:38:22.242] |W| [unimplemented_impl]: Unimplemented sceNgsSystemUpdate import called.
[05:38:22.242] |W| [unimplemented_impl]: Unimplemented sceNgsVoiceGetStateData import called.
[05:38:22.243] |W| [unimplemented_impl]: Unimplemented sceTouchEnableTouchForce import called.
[05:38:22.244] |W| [unimplemented_impl]: Unimplemented sceSystemGestureInitializePrimitiveTouchRecognizer import called.
[05:38:22.244] |W| [unimplemented_impl]: Unimplemented sceSystemGestureCreateTouchRecognizer import called.
[05:38:22.257] |E| [ret_error_impl]: sceNetInit returned SCE_NET_ERROR_EINTERNAL (0x804101CC)
[05:38:22.258] |W| [unimplemented_impl]: Unimplemented sceKernelGetThreadExitStatus import called.
[05:38:22.286] |E| [ret_error_impl]: sceKernelSignalLwCondAll returned SCE_KERNEL_ERROR_LW_MUTEX_RECURSIVE (0x80028182)
[05:38:22.288] |I| [export_sceIoOpen]: Opening file: app0:/assets/assets_vita.psarc
