[05:11:31.644] |I| [config::init]: lle-modules: libpgf,libhttp,libpaf,libpaf_web_map_view,libpvf,libSceXml,libSceJson,libatrac,apputil_ext,apputil
[05:11:31.644] |I| [config::init]: log-level: 1
[05:11:31.645] |I| [config::init]: log-imports: false
[05:11:31.645] |I| [config::init]: log-exports: false
[05:11:31.645] |I| [config::init]: log-active-shaders: false
[05:11:31.645] |I| [config::init]: log-uniforms: false
[05:11:31.645] |I| [config::init]: sync-rendering: false
[05:11:31.648] |I| [SDL_main]: Vita3K v0.1 1076-bc03af6
[05:11:32.445] |I| [init]: Swap interval = -1
[05:11:32.501] |I| [gui::init_icons]: Default icon found for title MP4PLAYER, Mp4 Pl.
[05:11:32.663] |I| [gui::init_icons]: Default icon found for title SKGCBSMGR, Custom Boot Splash Manager.
[05:11:32.663] |I| [gui::init_icons]: Default icon found for title SKGTLSE12, iTLS-Enso.
[05:11:32.664] |I| [gui::init_icons]: Default icon found for title SKOG00001, Snes9xVITA.
[05:11:32.668] |I| [gui::init_icons]: Default icon found for title VCID00001, VitaCID.
[05:11:32.669] |I| [gui::init_icons]: Default icon found for title VITATESTR, VitaTester.
[05:11:49.048] |I| [load_app_impl]: Title: Surge Deluxe
[05:11:49.048] |I| [load_app_impl]: Serial: PCSB00439
[05:11:49.048] |I| [load_app_impl]: Version: 01.02
[05:11:49.048] |I| [load_app_impl]: Category: gp
[05:11:49.101] |I| [load_self]: Loading symbols for SELF: app0:sce_module/libc.suprx
[05:11:49.101] |D| [load_var_exports]: 	NID 0x936C8A78 (SYSLYB) at 0x466C4
[05:11:49.101] |D| [load_var_exports]: 	NID 0x6C2224BA (NID_MODULE_INFO) at 0x3C488
[05:11:49.101] |W| [load_var_imports]: 	NID NOT FOUND 0x93B8AA67 (__stack_chk_guard) at 0x404A8, setting to stub value 0xDEADBEEF
[05:11:49.102] |W| [load_var_imports]: 	NID NOT FOUND 0xDF084DFA (UNRECOGNISED) at 0x4202C, setting to stub value 0xDEADBEEF
[05:11:49.102] |I| [load_app_impl]: Pre-load module SceLibc (at "sce_module/libc.suprx") loaded
[05:11:49.110] |I| [load_self]: Loading symbols for SELF: app0:sce_module/libfios2.suprx
[05:11:49.111] |D| [load_var_exports]: 	NID 0x936C8A78 (SYSLYB) at 0x809B0
[05:11:49.111] |D| [load_var_exports]: 	NID 0x6C2224BA (NID_MODULE_INFO) at 0x78138
[05:11:49.112] |I| [load_app_impl]: Pre-load module SceLibFios2 (at "sce_module/libfios2.suprx") loaded
[05:11:49.118] |I| [load_self]: Loading symbols for SELF: app0:sce_module/libult.suprx
[05:11:49.118] |D| [load_var_exports]: 	NID 0x936C8A78 (SYSLYB) at 0x992F0
[05:11:49.118] |D| [load_var_exports]: 	NID 0x6C2224BA (NID_MODULE_INFO) at 0x96874
[05:11:49.119] |W| [load_var_imports]: 	NID NOT FOUND 0x936A5F31 (_pLibPerfCaptureFlagPtr) at 0x970C0, setting to stub value 0xDEADBEEF
[05:11:49.122] |I| [load_app_impl]: Pre-load module SceUlt (at "sce_module/libult.suprx") loaded
[05:11:49.167] |I| [load_self]: Loading symbols for SELF: app0:eboot.bin
[05:11:49.167] |D| [load_var_exports]: 	NID 0x6C2224BA (NID_MODULE_INFO) at 0x810DDAE0
[05:11:49.167] |D| [load_var_exports]: 	NID 0x70FBA1E7 (SCE_PROC_PARAMS) at 0x8110C984
[05:11:49.168] |D| [load_var_exports]: 	NID 0x936C8A78 (SYSLYB) at 0x810F9AAC
[05:11:49.169] |I| [load_app_impl]: Main executable surge_scee (eboot.bin) loaded
[05:11:49.172] |D| [run_app]: Running module_start of library: SceLibc
[05:11:49.182] |I| [run_app]: Module SceLibc (at "app0:sce_module/libc.suprx") module_start returned 0x0
[05:11:49.183] |D| [run_app]: Running module_start of library: SceLibFios2
[05:11:49.186] |W| [stubbed_impl]: Stubbed sceKernelGetProcessId import called. (pid: 0)
[05:11:49.186] |W| [unimplemented_impl]: Unimplemented sceFiosOverlayGetList02 import called.
[05:11:49.187] |I| [run_app]: Module SceLibFios2 (at "app0:sce_module/libfios2.suprx") module_start returned 0x0
[05:11:49.188] |D| [run_app]: Running module_start of library: SceUlt
[05:11:49.191] |W| [unimplemented_impl]: Unimplemented _sceUlobjMgrRegisterLibultProtocolRevision import called.
[05:11:49.191] |I| [run_app]: Module SceUlt (at "app0:sce_module/libult.suprx") module_start returned 0x0
[05:11:49.200] |I| [load_self]: Loading symbols for SELF: app0:mai_moe/mai.suprx
[05:11:49.200] |D| [load_var_exports]: 	NID 0x6C2224BA (NID_MODULE_INFO) at 0x1217E4
[05:11:49.201] |D| [load_var_exports]: 	NID 0x70FBA1E7 (SCE_PROC_PARAMS) at 0x121840
[05:11:49.209] |I| [export_sceIoOpen]: Opening file: app0:mai_moe/load_type.mai
[05:11:49.215] |I| [export_sceKernelLoadStartModule]: Module SceLibFios2 (at "app0:sce_module/libfios2.suprx") module_start returned 0x0
[05:11:49.221] |I| [load_self]: Loading symbols for SELF: app0:sce_module/libfios2_m.suprx
[05:11:49.221] |D| [load_var_exports]: 	NID 0x936C8A78 (SYSLYB) at 0x1CE9B0
[05:11:49.222] |D| [load_var_exports]: 	NID 0x6C2224BA (NID_MODULE_INFO) at 0x1C6138
[05:11:49.226] |I| [export_sceKernelLoadStartModule]: Module mceLibFios2 (at "app0:sce_module/libfios2_m.suprx") module_start returned 0x0
[05:11:49.227] |W| [io_error_impl]: open_dir (sceIoDopen) returned 0x80010002
[05:11:49.227] |W| [io_error_impl]: read_dir (sceIoDread) returned 0x80010051
[05:11:49.228] |W| [io_error_impl]: close_dir (sceIoDclose) returned 0x80010051
[05:11:49.310] |I| [export_sceKernelLoadStartModule]: Module output/testprx.elf (at "app0:mai_moe/mai.suprx") module_start returned 0x0
[05:11:49.313] |W| [unimplemented_impl]: Unimplemented sceKernelGetModuleInfoByAddr import called.
[05:11:49.314] |W| [unimplemented_impl]: Unimplemented sceKernelRegisterThreadEventHandler import called.
[05:11:49.336] |C| [run]: Unicorn error 0x7 at: start PC: 0x8110756D error PC 0x8103320A LR: 0x9D91
