[05:54:16.552] |I| [config::init_config]: backend-renderer: Vulkan
[05:54:16.552] |I| [config::init_config]: log-level: 1
[05:54:16.790] |I| [SDL_main]: Vita3K v0.1.6 3023-cd96effc-Zangetsu38/compat
[05:54:16.790] |I| [SDL_main]: Number of logical CPU cores: 24
[05:54:16.790] |I| [SDL_main]: Available ram memory: 16304 MiB
[05:54:17.075] |I| [renderer::vulkan::VKState::create]: Enabling vulkan validation layers (has a performance impact but allows better error messages)
[05:54:17.419] |I| [renderer::vulkan::VKState::create]: Vulkan device: NVIDIA GeForce RTX 2070 SUPER
[05:54:17.419] |I| [renderer::vulkan::VKState::create]: Driver version: 528.49.0.0
[05:54:17.422] |I| [renderer::vulkan::VKState::create]: Memory mapping is enabled
[05:54:17.806] |I| [renderer::vulkan::ScreenRenderer::setup]: Present mode: Mailbox
[05:54:18.904] |W| [compat::load_compat_app_db]: App with title ID PCSE00250 has an issue but no status label. Please check GitHub issue 1252 and request a status label to be added.
[05:54:18.904] |W| [compat::load_compat_app_db]: App with title ID PCSD00079 has an issue but no status label. Please check GitHub issue 1195 and request a status label to be added.
[05:54:19.967] |I| [compat::update_compat_app_db]: Applications compatibility database is up to date.
[05:54:43.304] |I| [gui::load_app_icon]: Default icon found for App VITACUBE, [VITACUBE] in path VITACUBE.
[05:54:43.323] |I| [gui::load_app_icon]: Default icon found for App VITATESTR, [VitaTester] in path VITATESTR.
[05:54:43.354] |I| [gui::load_app_icon]: Default icon found for App VSDK00010, [Motion example] in path VSDK00010.
[05:55:09.974] |I| [gui::load_app_icon]: Default icon found for App GXMFUN001, [GXMFUN001] in path GXMFUN001.
[05:55:10.194] |I| [gui::load_app_icon]: Default icon found for App IME000001, [IME000001] in path IME000001.
[05:56:37.330] |I| [load_app_impl]: cpu-backend: Dynarmic
[05:56:37.330] |I| [load_app_impl]: CPU Optimisation state: true
[05:56:37.330] |I| [load_app_impl]: ngs state: true
[05:56:37.330] |I| [load_app_impl]: Resolution multiplier: 4
[05:56:37.330] |I| [load_app_impl]: modules mode: Automatic
[05:56:37.330] |I| [load_app_impl]: Title: SwapQuest
[05:56:37.330] |I| [load_app_impl]: Serial: PCSB00923
[05:56:37.330] |I| [load_app_impl]: Version: 1.00
[05:56:37.330] |I| [load_app_impl]: Category: gd
[05:56:37.402] |I| [load_self]: app0:sce_module/libc.suprx: Skipping special segment 0x6FFFFF01...
[05:56:37.402] |I| [load_self]: Loaded module segment 0 @ [0x00005000 - 0x000568A4 / 0x81000000] (size: 0x000518A4) of module app0:sce_module/libc.suprx
[05:56:37.404] |I| [load_self]: Loaded module segment 1 @ [0x00057000 - 0x000598A0 / 0x81052000] (size: 0x000028A0) of module app0:sce_module/libc.suprx
[05:56:37.405] |I| [load_self]: Linking SELF app0:sce_module/libc.suprx...
[05:56:37.406] |D| [load_var_exports]: 	NID 0x936C8A78 (SYSLYB) at 0x4C314
[05:56:37.406] |D| [load_var_exports]: 	NID 0x6C2224BA (NID_MODULE_INFO) at 0x414DC
[05:56:37.407] |I| [pre_load_module]: Pre-load module SceLibc (at "sce_module/libc.suprx") loaded
[05:56:37.432] |I| [load_self]: app0:sce_module/libfios2.suprx: Skipping special segment 0x6FFFFF01...
[05:56:37.433] |I| [load_self]: Loaded module segment 0 @ [0x0005A000 - 0x00086CBF / 0x81000000] (size: 0x0002CCBF) of module app0:sce_module/libfios2.suprx
[05:56:37.436] |I| [load_self]: Loaded module segment 1 @ [0x00087000 - 0x0008C255 / 0x8102D000] (size: 0x00005255) of module app0:sce_module/libfios2.suprx
[05:56:37.437] |I| [load_self]: Linking SELF app0:sce_module/libfios2.suprx...
[05:56:37.438] |D| [load_var_exports]: 	NID 0x936C8A78 (SYSLYB) at 0x86BC8
[05:56:37.438] |D| [load_var_exports]: 	NID 0x6C2224BA (NID_MODULE_INFO) at 0x7DF08
[05:56:37.439] |I| [pre_load_module]: Pre-load module SceLibFios2 (at "sce_module/libfios2.suprx") loaded
[05:56:37.444] |I| [load_self]: app0:sce_module/libult.suprx: Skipping special segment 0x6FFFFF01...
[05:56:37.445] |I| [load_self]: Loaded module segment 0 @ [0x0008D000 - 0x000A09A4 / 0x81000000] (size: 0x000139A4) of module app0:sce_module/libult.suprx
[05:56:37.446] |I| [load_self]: Loaded module segment 1 @ [0x000A1000 - 0x000A1814 / 0x81014000] (size: 0x00000814) of module app0:sce_module/libult.suprx
[05:56:37.447] |I| [load_self]: Linking SELF app0:sce_module/libult.suprx...
[05:56:37.448] |D| [load_var_exports]: 	NID 0x936C8A78 (SYSLYB) at 0x9F2D0
[05:56:37.450] |D| [load_var_exports]: 	NID 0x6C2224BA (NID_MODULE_INFO) at 0x9C858
[05:56:37.451] |I| [pre_load_module]: Pre-load module SceUlt (at "sce_module/libult.suprx") loaded
[05:56:37.484] |I| [load_self]: Loaded module segment 0 @ [0x000A2000 - 0x000F2F04 / 0x81000000] (size: 0x00050F04) of module vs0:sys/external/libSceFt2.suprx
[05:56:37.484] |I| [load_self]: Loaded module segment 1 @ [0x000F3000 - 0x000F32F4 / 0x81051000] (size: 0x000002F4) of module vs0:sys/external/libSceFt2.suprx
[05:56:37.485] |I| [load_self]: Linking SELF vs0:sys/external/libSceFt2.suprx...
[05:56:37.486] |D| [load_var_exports]: 	NID 0x936C8A78 (SYSLYB) at 0xDE7DC
[05:56:37.487] |D| [load_var_exports]: 	NID 0x6C2224BA (NID_MODULE_INFO) at 0xDDF10
[05:56:37.487] |I| [pre_load_module]: Pre-load module SceLibft2 (at "sys/external/libSceFt2.suprx") loaded
[05:56:37.536] |I| [load_self]: Loaded module segment 0 @ [0x000F4000 - 0x00103F14 / 0x81000000] (size: 0x0000FF14) of module vs0:sys/external/libpvf.suprx
[05:56:37.537] |I| [load_self]: Loaded module segment 1 @ [0x00104000 - 0x00104008 / 0x81010000] (size: 0x00000008) of module vs0:sys/external/libpvf.suprx
[05:56:37.538] |I| [load_self]: Linking SELF vs0:sys/external/libpvf.suprx...
[05:56:37.539] |D| [load_var_exports]: 	NID 0x936C8A78 (SYSLYB) at 0x102710
[05:56:37.539] |D| [load_var_exports]: 	NID 0x6C2224BA (NID_MODULE_INFO) at 0x102300
[05:56:37.540] |I| [pre_load_module]: Pre-load module SceLibPvf (at "sys/external/libpvf.suprx") loaded
[05:56:37.808] |I| [load_self]: app0:eboot.bin: Skipping special segment 0x6FFFFF01...
[05:56:37.809] |I| [load_self]: Loaded module segment 0 @ [0x00105000 - 0x009E9FF4 / 0x81000000] (size: 0x008E4FF4) of module app0:eboot.bin
[05:56:37.810] |I| [load_self]: Loaded module segment 1 @ [0x009EA000 - 0x00E098FC / 0x818E5000] (size: 0x0041F8FC) of module app0:eboot.bin
[05:56:37.812] |I| [load_self]: Linking SELF app0:eboot.bin...
[05:56:37.812] |D| [load_var_exports]: 	NID 0x6C2224BA (NID_MODULE_INFO) at 0x8D87A8
[05:56:37.813] |D| [load_var_exports]: 	NID 0x70FBA1E7 (SCE_PROC_PARAMS) at 0xA3A8C4
[05:56:37.814] |D| [load_var_exports]: 	NID 0x936C8A78 (SYSLYB) at 0x935074
[05:56:37.815] |I| [load_app_impl]: Main executable SwapQuestVita20RED (eboot.bin) loaded
[05:56:37.831] |D| [run_app]: Running module_start of library: SceLibc at address 0x5871
[05:56:37.859] |I| [run_app]: Module SceLibc (at "app0:sce_module/libc.suprx") module_start returned 0x0
[05:56:37.864] |D| [run_app]: Running module_start of library: SceLibFios2 at address 0x5A001
[05:56:37.880] |W| [stubbed_impl]: Stubbed sceKernelGetProcessId import called. (pid: 0)
[05:56:37.881] |I| [run_app]: Module SceLibFios2 (at "app0:sce_module/libfios2.suprx") module_start returned 0x0
[05:56:37.885] |D| [run_app]: Running module_start of library: SceUlt at address 0x90769
[05:56:37.900] |W| [unimplemented_impl]: Unimplemented _sceUlobjMgrRegisterLibultProtocolRevision import called.
[05:56:37.900] |I| [run_app]: Module SceUlt (at "app0:sce_module/libult.suprx") module_start returned 0x0
[05:56:38.080] |W| [unimplemented_impl]: Unimplemented sceAppUtilInit import called.
[05:56:38.102] |W| [stubbed_impl]: Stubbed sceGxmMapFragmentUsseMemory import called. (always return success)
[05:56:38.130] |W| [stubbed_impl]: Stubbed sceGxmMapVertexUsseMemory import called. (always return success)
[05:56:38.148] |I| [load_module]: Loading module ID: 0x4
[05:56:38.193] |I| [load_self]: sys/external/libhttp.suprx: Skipping special segment 0x6FFFFF01...
[05:56:38.194] |I| [load_self]: Loaded module segment 0 @ [0x01E47000 - 0x01E64150 / 0x81000000] (size: 0x0001D150) of module sys/external/libhttp.suprx
[05:56:38.198] |I| [load_self]: Loaded module segment 1 @ [0x00F57000 - 0x00F57640 / 0x8101E000] (size: 0x00000640) of module sys/external/libhttp.suprx
[05:56:38.199] |I| [load_self]: Linking SELF sys/external/libhttp.suprx...
[05:56:38.200] |D| [load_var_exports]: 	NID 0x936C8A78 (SYSLYB) at 0x1E62E68
[05:56:38.200] |D| [load_var_exports]: 	NID 0x6C2224BA (NID_MODULE_INFO) at 0x1E5FCA0
[05:56:38.201] |I| [load_module]: Module SceLibHttp (at "sys/external/libhttp.suprx") loaded
[05:56:38.202] |D| [load_module]: Running module_start of module: SceLibHttp
[05:56:38.202] |I| [load_module]: Module SceLibHttp (at "sys/external/libhttp.suprx") module_start returned 0x0
[05:56:38.239] |I| [load_self]: Loaded module segment 0 @ [0x01E65000 - 0x01ECBEA4 / 0x81000000] (size: 0x00066EA4) of module sys/external/libssl.suprx
[05:56:38.240] |I| [load_self]: Loaded module segment 1 @ [0x01379000 - 0x0137E188 / 0x81067000] (size: 0x00005188) of module sys/external/libssl.suprx
[05:56:38.241] |I| [load_self]: Linking SELF sys/external/libssl.suprx...
[05:56:38.242] |D| [load_var_exports]: 	NID 0x936C8A78 (SYSLYB) at 0x1EB79B0
[05:56:38.243] |D| [load_var_exports]: 	NID 0x6C2224BA (NID_MODULE_INFO) at 0x1EB1C70
[05:56:38.244] |I| [load_module]: Module SceLibSsl (at "sys/external/libssl.suprx") loaded
[05:56:38.245] |W| [stubbed_impl]: Stubbed sceNetCtlInit import called. (Stub)
[05:56:38.280] |W| [stubbed_impl]: Stubbed sceNetCtlInetGetState import called. (state = SCE_NETCTL_STATE_CONNECTED)
[05:56:38.289] |W| [stubbed_impl]: Stubbed sceNetCtlCheckCallback import called. (Stub)
[05:56:38.331] |I| [export_sceIoOpen]: Opening file: app0:/games/game.win
[05:56:38.342] |I| [export_sceIoOpen]: Opening file: savedata0:/app0:/games/options.ini
[05:56:38.342] |I| [export_sceIoOpen]: Opening file: savedata0:/app0:/games/options.ini
[05:56:38.343] |I| [export_sceIoOpen]: Opening file: savedata0:/app0:/games/options.ini
[05:56:38.362] |I| [export_sceIoOpen]: Opening file: app0:/games/game.yydebug
[05:56:38.363] |E| [open_file]: Missing file at D:/Emulateurs/Vita3K/psvita/ux0/app/PCSB00923/games/game.yydebug (target path: app0:/games/game.yydebug)
[05:56:38.365] |W| [io_error_impl]: open_file (sceIoOpen) returned 0x80010002
[05:56:38.369] |I| [export_sceIoOpen]: Opening file: app0:/games/game.win
[05:56:38.576] |I| [export_sceIoOpen]: Opening file: savedata0:/hiscore.dat
[05:56:38.576] |E| [open_file]: Missing file at D:/Emulateurs/Vita3K/psvita/ux0/user/00/savedata/PCSB00923/hiscore.dat (target path: savedata0:/hiscore.dat)
[05:56:38.578] |W| [io_error_impl]: open_file (sceIoOpen) returned 0x80010002
[05:56:38.610] |I| [export_sceIoOpen]: Opening file: savedata0:/playerachievementcache.dat
[05:56:38.611] |E| [open_file]: Missing file at D:/Emulateurs/Vita3K/psvita/ux0/user/00/savedata/PCSB00923/playerachievementcache.dat (target path: savedata0:/playerachievementcache.dat)
[05:56:38.613] |W| [io_error_impl]: open_file (sceIoOpen) returned 0x80010002
[05:56:38.627] |W| [stubbed_impl]: Stubbed sceKernelGetFreeMemorySize import called. (Single pool)
[05:56:38.628] |W| [unimplemented_impl]: Unimplemented sceGxmTextureValidate import called.
[05:56:39.154] |I| [export_sceIoOpen]: Opening file: savedata0:/PSNExt.suprx
[05:56:39.155] |E| [open_file]: Missing file at D:/Emulateurs/Vita3K/psvita/ux0/user/00/savedata/PCSB00923/PSNExt.suprx (target path: savedata0:/PSNExt.suprx)
[05:56:39.156] |W| [io_error_impl]: open_file (sceIoOpen) returned 0x80010002
[05:56:39.157] |I| [export_sceIoOpen]: Opening file: app0:/games/PSNExt.suprx
[05:56:39.181] |I| [load_self]: app0:/games/PSNExt.suprx: Skipping special segment 0x6FFFFF01...
[05:56:39.181] |I| [load_self]: Loaded module segment 0 @ [0x03162000 - 0x0316AB64 / 0x81000000] (size: 0x00008B64) of module app0:/games/PSNExt.suprx
[05:56:39.182] |I| [load_self]: Loaded module segment 1 @ [0x05EE0000 - 0x05FE08CC / 0x81009000] (size: 0x001008CC) of module app0:/games/PSNExt.suprx
[05:56:39.184] |I| [load_self]: Linking SELF app0:/games/PSNExt.suprx...
[05:56:39.184] |D| [load_var_exports]: 	NID 0x6C2224BA (NID_MODULE_INFO) at 0x31671E8
[05:56:39.185] |D| [load_var_exports]: 	NID 0x936C8A78 (SYSLYB) at 0x316AB60
[05:56:39.186] |I| [start_module]: Module PSNExt (at "app0:/games/PSNExt.suprx") module_start returned 0x5EE00D4
[05:56:39.187] |I| [export_sceIoOpen]: Opening file: savedata0:/PSNExt.suprx
[05:56:39.187] |E| [open_file]: Missing file at D:/Emulateurs/Vita3K/psvita/ux0/user/00/savedata/PCSB00923/PSNExt.suprx (target path: savedata0:/PSNExt.suprx)
[05:56:39.189] |W| [io_error_impl]: open_file (sceIoOpen) returned 0x80010002
[05:56:39.189] |I| [export_sceIoOpen]: Opening file: app0:/games/PSNExt.suprx
[05:56:39.190] |I| [export_sceIoOpen]: Opening file: savedata0:/PSNExt.suprx
[05:56:39.191] |E| [open_file]: Missing file at D:/Emulateurs/Vita3K/psvita/ux0/user/00/savedata/PCSB00923/PSNExt.suprx (target path: savedata0:/PSNExt.suprx)
[05:56:39.194] |W| [io_error_impl]: open_file (sceIoOpen) returned 0x80010002
[05:56:39.195] |I| [export_sceIoOpen]: Opening file: app0:/games/PSNExt.suprx
[05:56:39.196] |I| [export_sceIoOpen]: Opening file: savedata0:/PSNExt.suprx
[05:56:39.196] |E| [open_file]: Missing file at D:/Emulateurs/Vita3K/psvita/ux0/user/00/savedata/PCSB00923/PSNExt.suprx (target path: savedata0:/PSNExt.suprx)
[05:56:39.197] |W| [io_error_impl]: open_file (sceIoOpen) returned 0x80010002
[05:56:39.199] |I| [export_sceIoOpen]: Opening file: app0:/games/PSNExt.suprx
[05:56:39.200] |I| [export_sceIoOpen]: Opening file: savedata0:/PSNExt.suprx
[05:56:39.201] |E| [open_file]: Missing file at D:/Emulateurs/Vita3K/psvita/ux0/user/00/savedata/PCSB00923/PSNExt.suprx (target path: savedata0:/PSNExt.suprx)
[05:56:39.202] |W| [io_error_impl]: open_file (sceIoOpen) returned 0x80010002
[05:56:39.202] |I| [export_sceIoOpen]: Opening file: app0:/games/PSNExt.suprx
[05:56:39.203] |I| [export_sceIoOpen]: Opening file: savedata0:/PSNExt.suprx
[05:56:39.204] |E| [open_file]: Missing file at D:/Emulateurs/Vita3K/psvita/ux0/user/00/savedata/PCSB00923/PSNExt.suprx (target path: savedata0:/PSNExt.suprx)
[05:56:39.205] |W| [io_error_impl]: open_file (sceIoOpen) returned 0x80010002
[05:56:39.205] |I| [export_sceIoOpen]: Opening file: app0:/games/PSNExt.suprx
[05:56:39.206] |I| [export_sceIoOpen]: Opening file: savedata0:/PSNExt.suprx
[05:56:39.206] |E| [open_file]: Missing file at D:/Emulateurs/Vita3K/psvita/ux0/user/00/savedata/PCSB00923/PSNExt.suprx (target path: savedata0:/PSNExt.suprx)
[05:56:39.211] |W| [io_error_impl]: open_file (sceIoOpen) returned 0x80010002
[05:56:39.213] |I| [export_sceIoOpen]: Opening file: app0:/games/PSNExt.suprx
[05:56:39.214] |I| [export_sceIoOpen]: Opening file: savedata0:/PSNExt.suprx
[05:56:39.215] |E| [open_file]: Missing file at D:/Emulateurs/Vita3K/psvita/ux0/user/00/savedata/PCSB00923/PSNExt.suprx (target path: savedata0:/PSNExt.suprx)
[05:56:39.216] |W| [io_error_impl]: open_file (sceIoOpen) returned 0x80010002
[05:56:39.217] |I| [export_sceIoOpen]: Opening file: app0:/games/PSNExt.suprx
[05:56:39.218] |I| [export_sceIoOpen]: Opening file: savedata0:/PSNExt.suprx
[05:56:39.218] |E| [open_file]: Missing file at D:/Emulateurs/Vita3K/psvita/ux0/user/00/savedata/PCSB00923/PSNExt.suprx (target path: savedata0:/PSNExt.suprx)
[05:56:39.220] |W| [io_error_impl]: open_file (sceIoOpen) returned 0x80010002
[05:56:39.220] |I| [export_sceIoOpen]: Opening file: app0:/games/PSNExt.suprx
[05:56:39.221] |I| [export_sceIoOpen]: Opening file: savedata0:/PSNExt.suprx
[05:56:39.221] |E| [open_file]: Missing file at D:/Emulateurs/Vita3K/psvita/ux0/user/00/savedata/PCSB00923/PSNExt.suprx (target path: savedata0:/PSNExt.suprx)
[05:56:39.222] |W| [io_error_impl]: open_file (sceIoOpen) returned 0x80010002
[05:56:39.226] |I| [export_sceIoOpen]: Opening file: app0:/games/PSNExt.suprx
[05:56:39.228] |I| [export_sceIoOpen]: Opening file: savedata0:/PSNExt.suprx
[05:56:39.228] |E| [open_file]: Missing file at D:/Emulateurs/Vita3K/psvita/ux0/user/00/savedata/PCSB00923/PSNExt.suprx (target path: savedata0:/PSNExt.suprx)
[05:56:39.229] |W| [io_error_impl]: open_file (sceIoOpen) returned 0x80010002
[05:56:39.230] |I| [export_sceIoOpen]: Opening file: app0:/games/PSNExt.suprx
[05:56:39.231] |I| [export_sceIoOpen]: Opening file: savedata0:/PSNExt.suprx
[05:56:39.231] |E| [open_file]: Missing file at D:/Emulateurs/Vita3K/psvita/ux0/user/00/savedata/PCSB00923/PSNExt.suprx (target path: savedata0:/PSNExt.suprx)
[05:56:39.232] |W| [io_error_impl]: open_file (sceIoOpen) returned 0x80010002
[05:56:39.233] |I| [export_sceIoOpen]: Opening file: app0:/games/PSNExt.suprx
[05:56:39.234] |I| [export_sceIoOpen]: Opening file: savedata0:/PSNExt.suprx
[05:56:39.234] |E| [open_file]: Missing file at D:/Emulateurs/Vita3K/psvita/ux0/user/00/savedata/PCSB00923/PSNExt.suprx (target path: savedata0:/PSNExt.suprx)
[05:56:39.235] |W| [io_error_impl]: open_file (sceIoOpen) returned 0x80010002
[05:56:39.236] |I| [export_sceIoOpen]: Opening file: app0:/games/PSNExt.suprx
[05:56:39.236] |I| [export_sceIoOpen]: Opening file: savedata0:/PSNExt.suprx
[05:56:39.237] |E| [open_file]: Missing file at D:/Emulateurs/Vita3K/psvita/ux0/user/00/savedata/PCSB00923/PSNExt.suprx (target path: savedata0:/PSNExt.suprx)
[05:56:39.238] |W| [io_error_impl]: open_file (sceIoOpen) returned 0x80010002
[05:56:39.241] |I| [export_sceIoOpen]: Opening file: app0:/games/PSNExt.suprx
[05:56:39.242] |I| [export_sceIoOpen]: Opening file: savedata0:/PSNExt.suprx
[05:56:39.243] |E| [open_file]: Missing file at D:/Emulateurs/Vita3K/psvita/ux0/user/00/savedata/PCSB00923/PSNExt.suprx (target path: savedata0:/PSNExt.suprx)
[05:56:39.245] |W| [io_error_impl]: open_file (sceIoOpen) returned 0x80010002
[05:56:39.246] |I| [export_sceIoOpen]: Opening file: app0:/games/PSNExt.suprx
[05:56:39.696] |W| [unimplemented_impl]: Unimplemented sceMotionReset import called.
[05:56:39.696] |W| [unimplemented_impl]: Unimplemented sceMotionStartSampling import called.
[05:56:39.697] |W| [stubbed_impl]: Stubbed __sceAppMgrGetAppState import called. (Set to 0.)
[05:56:39.735] |W| [unimplemented_impl]: Unimplemented sceCommonDialogUpdate import called.
[05:56:39.764] |E| [renderer::vulkan::sync_viewport_real]: Game is using a viewport with negative width!
[05:56:39.793] |I| [renderer::vulkan::PipelineCache::retrieve_shader]: Generating vulkan spv shader 3b388a2e25b060dbb7f704c44253584f8381f2379751dd8da4d631d5e098df35
[05:56:39.794] |I| [renderer::load_shader_generic]: Generating vert.spv.txt shader 3b388a2e25b060dbb7f704c44253584f8381f2379751dd8da4d631d5e098df35
[05:56:39.797] |D| [shader::create_parameters]: [BUFFER0  + 0] pa0 = (float4) input_aPosition
[05:56:39.797] |D| [shader::create_parameters]: [BUFFER0  + 4] pa4 = (float4) input_aColour
[05:56:39.798] |D| [shader::create_parameters]: [BUFFER0  + 8] pa8 = (float4) input_aTexCoord
[05:56:39.798] |D| [shader::create_parameters]: [DEFAULT  + 0] sa0 = (float4) gm_Matrices[20]
[05:56:39.800] |W| [unimplemented_impl]: Unimplemented sceNpBasicInit import called.
[05:56:39.802] |W| [unimplemented_impl]: Unimplemented sceNpLookupInit import called.
[05:56:39.815] |I| [renderer::vulkan::PipelineCache::retrieve_shader]: Generating vulkan spv shader 2442c70433b841510779a03fe521dc8e9013eab28153db3f92edf83e5ebd4470
[05:56:39.816] |I| [renderer::load_shader_generic]: Generating frag.spv.txt shader 2442c70433b841510779a03fe521dc8e9013eab28153db3f92edf83e5ebd4470
[05:56:39.823] |D| [shader::create_fragment_inputs]: Iterator: pa0 = (float4) v_Color0
[05:56:40.108] |W| [stubbed_impl]: Stubbed sceNpTrophyCreateHandle import called. (Stubbed handle with 1)
[05:56:40.115] |W| [stubbed_impl]: Stubbed sceNpTrophyDestroyHandle import called. (Stubbed with SCE_OK)
[05:56:40.153] |I| [renderer::vulkan::PipelineCache::retrieve_shader]: Generating vulkan spv shader 1cfb9c432d8218c2203901a6845be95e9166cc82af857cd070673a10db592b61
[05:56:40.154] |I| [renderer::load_shader_generic]: Generating vert.spv.txt shader 1cfb9c432d8218c2203901a6845be95e9166cc82af857cd070673a10db592b61
[05:56:40.156] |D| [shader::create_parameters]: [BUFFER0  + 0] pa0 = (float4) aPosition
[05:56:40.156] |D| [shader::create_parameters]: [DEFAULT  + 0] sa0 = (float4) color
[05:56:40.165] |I| [renderer::vulkan::PipelineCache::retrieve_shader]: Generating vulkan spv shader 79895d73949938211f8a4258db6866661b8a7b4a31aeb4025d89e378ef6d2e89
[05:56:40.166] |I| [renderer::load_shader_generic]: Generating frag.spv.txt shader 79895d73949938211f8a4258db6866661b8a7b4a31aeb4025d89e378ef6d2e89
[05:56:40.168] |D| [shader::create_fragment_inputs]: Iterator: pa0 = (float4) v_Color0
[05:56:41.641] |I| [export_sceIoOpen]: Opening file: savedata0:/SwapQuest.ini
[05:56:41.641] |I| [renderer::vulkan::PipelineCache::retrieve_shader]: Generating vulkan spv shader 51400930765f9ee4a54a80bfb96203991df8cb936dd3c4161431a1f85fdb7b84
[05:56:41.643] |I| [renderer::load_shader_generic]: Generating vert.spv.txt shader 51400930765f9ee4a54a80bfb96203991df8cb936dd3c4161431a1f85fdb7b84
[05:56:41.644] |I| [export_sceIoOpen]: Opening file: savedata0:/SwapQuest.ini
[05:56:41.645] |D| [shader::create_parameters]: [BUFFER0  + 0] pa0 = (float4) input__in_Colour
[05:56:41.645] |D| [shader::create_parameters]: [BUFFER0  + 4] pa4 = (float4) input__in_Position
[05:56:41.646] |D| [shader::create_parameters]: [BUFFER0  + 8] pa8 = (float4) input__in_TextureCoord
[05:56:41.646] |D| [shader::create_parameters]: [DEFAULT  + 0] sa0 = (float4) _gm_Matrices[20]
[05:56:41.661] |I| [renderer::vulkan::PipelineCache::retrieve_shader]: Generating vulkan spv shader 27eb5b0e73f4a7de3a0ca8607bbe63ea231bc959fd6ef717566073262e934a2b
[05:56:41.662] |I| [renderer::load_shader_generic]: Generating frag.spv.txt shader 27eb5b0e73f4a7de3a0ca8607bbe63ea231bc959fd6ef717566073262e934a2b
[05:56:41.665] |D| [shader::create_parameters]: [DEFAULT  + 0] sa0 = (float4) _colorIn0
[05:56:41.668] |D| [shader::create_parameters]: [DEFAULT  + 4] sa4 = (float4) _colorIn1
[05:56:41.669] |D| [shader::create_parameters]: [DEFAULT  + 8] sa8 = (float4) _colorOut0
[05:56:41.669] |D| [shader::create_parameters]: [DEFAULT  + 12] sa12 = (float4) _colorOut1
[05:56:41.670] |D| [shader::create_parameters]: [DEFAULT  + 16] sa16 = (float1) _colorPerturb
[05:56:41.670] |D| [shader::create_parameters]: [DEFAULT  + 17] sa17 = (float1) _colorPhase
[05:56:41.671] |D| [shader::create_parameters]: [DEFAULT  + 18] sa18 = (float1) _colorReflect
[05:56:41.671] |D| [shader::create_parameters]: [DEFAULT  + 19] sa19 = (float1) _colorRepeat
[05:56:41.672] |D| [shader::create_fragment_inputs]: Iterator: pa0 = (float4) v_TexCoord0
[05:56:41.695] |E| [shader::usse::USSETranslatorVisitor::vdual::<lambda_3>::operator ()]: Missing implementation for DUAL FSUBFLR.
[05:56:43.452] |I| [export_sceIoOpen]: Opening file: app0:/games/bgm_title.ogg
[05:56:43.489] |I| [export_sceIoOpen]: Opening file: app0:/games/bgm_title.ogg
[05:57:11.023] |I| [renderer::vulkan::PipelineCache::save_pipeline_cache]: Saving pipeline cache...
[05:57:11.025] |I| [renderer::vulkan::PipelineCache::save_pipeline_cache]: Pipeline cache saved
[05:57:36.117] |I| [export_sceIoOpen]: Opening file: app0:/games/bgm_character_select.ogg
[05:57:36.165] |I| [export_sceIoOpen]: Opening file: app0:/games/bgm_character_select.ogg
[05:57:53.150] |I| [export_sceIoOpen]: Opening file: app0:/games/bgm_intro.ogg
[05:57:53.211] |I| [export_sceIoOpen]: Opening file: app0:/games/bgm_intro.ogg
[05:57:57.200] |I| [export_sceIoOpen]: Opening file: app0:/games/bgm_tutorial.ogg
[05:57:57.249] |I| [export_sceIoOpen]: Opening file: app0:/games/bgm_tutorial.ogg
[05:58:37.387] |I| [export_sceIoOpen]: Opening file: app0:/games/bgm_world_map.ogg
[05:58:37.414] |I| [export_sceIoOpen]: Opening file: app0:/games/bgm_world_map.ogg
[05:58:37.549] |E| [logging::ret_error_impl]: sceSaveDataDialogProgressBarSetValue returned SCE_COMMON_DIALOG_ERROR_NOT_SUPPORTED (0x80020405)
[05:58:51.259] |I| [export_sceIoOpen]: Opening file: app0:/games/bgm_tutorial.ogg
[05:59:38.836] |I| [export_sceIoOpen]: Opening file: app0:/games/bgm_world_map.ogg
[05:59:57.929] |I| [export_sceIoOpen]: Opening file: app0:/games/bgm_meadows.ogg
[05:59:57.964] |I| [export_sceIoOpen]: Opening file: app0:/games/bgm_meadows.ogg
[06:06:18.040] |I| [renderer::vulkan::PipelineCache::save_pipeline_cache]: Saving pipeline cache...
[06:06:18.041] |I| [renderer::vulkan::PipelineCache::save_pipeline_cache]: Pipeline cache saved
[06:06:18.054] |E| [discordrpc::update_presence::<lambda_1>::operator ()]: Error updating discord rich presence, err_code: 43
