[21:12:53.016] |I| [config::init_config]: backend-renderer: Vulkan
[21:12:53.017] |I| [config::init_config]: log-level: 0
[21:12:53.159] |I| [SDL_main]: Vita3K v0.1.6 3017-762ee3bc
[21:12:53.159] |I| [SDL_main]: Number of logical CPU cores: 8
[21:12:53.160] |I| [SDL_main]: Available ram memory: 16215 MiB
[21:12:53.508] |I| [renderer::vulkan::VKState::create]: Enabling vulkan validation layers (has a performance impact but allows better error messages)
[21:12:53.709] |I| [renderer::vulkan::VKState::create]: Vulkan device: NVIDIA GeForce RTX 3060 Laptop GPU
[21:12:53.710] |I| [renderer::vulkan::VKState::create]: Driver version: 522.25.0.0
[21:12:53.713] |I| [renderer::vulkan::VKState::create]: Memory mapping is enabled
[21:12:54.416] |I| [renderer::vulkan::ScreenRenderer::setup]: Present mode: Mailbox
[21:12:57.711] |I| [compat::update_compat_app_db]: Applications compatibility database is up to date.
[21:13:10.898] |I| [load_app_impl]: cpu-backend: Dynarmic
[21:13:10.898] |I| [load_app_impl]: CPU Optimisation state: true
[21:13:10.899] |I| [load_app_impl]: ngs state: true
[21:13:10.899] |I| [load_app_impl]: Resolution multiplier: 1
[21:13:10.900] |I| [load_app_impl]: modules mode: Automatic
[21:13:10.900] |I| [load_app_impl]: Title: ソードアート・オンライン ―ホロウ・フラグメント―
[21:13:10.901] |I| [load_app_impl]: Serial: PCSG00294
[21:13:10.901] |I| [load_app_impl]: Version: 1.00
[21:13:10.901] |I| [load_app_impl]: Category: gd
[21:13:10.947] |I| [load_self]: app0:sce_module/libc.suprx: Skipping special segment 0x6FFFFF01...
[21:13:10.948] |I| [load_self]: Loaded module segment 0 @ [0x00005000 - 0x000523BC / 0x81000000] (size: 0x0004D3BC) of module app0:sce_module/libc.suprx
[21:13:10.949] |I| [load_self]: Loaded module segment 1 @ [0x00053000 - 0x000556F0 / 0x8104E000] (size: 0x000026F0) of module app0:sce_module/libc.suprx
[21:13:10.949] |I| [load_self]: Linking SELF app0:sce_module/libc.suprx...
[21:13:10.950] |D| [load_var_exports]: 	NID 0x936C8A78 (SYSLYB) at 0x48164
[21:13:10.951] |D| [load_var_exports]: 	NID 0x6C2224BA (NID_MODULE_INFO) at 0x3E0FC
[21:13:10.951] |I| [pre_load_module]: Pre-load module SceLibc (at "sce_module/libc.suprx") loaded
[21:13:10.978] |I| [load_self]: app0:sce_module/libfios2.suprx: Skipping special segment 0x6FFFFF01...
[21:13:10.979] |I| [load_self]: Loaded module segment 0 @ [0x00056000 - 0x0008112C / 0x81000000] (size: 0x0002B12C) of module app0:sce_module/libfios2.suprx
[21:13:10.981] |I| [load_self]: Loaded module segment 1 @ [0x00082000 - 0x0008723D / 0x8102C000] (size: 0x0000523D) of module app0:sce_module/libfios2.suprx
[21:13:10.986] |I| [load_self]: Linking SELF app0:sce_module/libfios2.suprx...
[21:13:10.988] |D| [load_var_exports]: 	NID 0x936C8A78 (SYSLYB) at 0x81034
[21:13:10.989] |D| [load_var_exports]: 	NID 0x6C2224BA (NID_MODULE_INFO) at 0x78548
[21:13:10.991] |I| [pre_load_module]: Pre-load module SceLibFios2 (at "sce_module/libfios2.suprx") loaded
[21:13:11.007] |I| [load_self]: app0:sce_module/libult.suprx: Skipping special segment 0x6FFFFF01...
[21:13:11.008] |I| [load_self]: Loaded module segment 0 @ [0x00088000 - 0x0009BA9C / 0x81000000] (size: 0x00013A9C) of module app0:sce_module/libult.suprx
[21:13:11.010] |I| [load_self]: Loaded module segment 1 @ [0x0009C000 - 0x0009C814 / 0x81014000] (size: 0x00000814) of module app0:sce_module/libult.suprx
[21:13:11.017] |I| [load_self]: Linking SELF app0:sce_module/libult.suprx...
[21:13:11.019] |D| [load_var_exports]: 	NID 0x936C8A78 (SYSLYB) at 0x9A3C8
[21:13:11.020] |D| [load_var_exports]: 	NID 0x6C2224BA (NID_MODULE_INFO) at 0x97944
[21:13:11.022] |I| [pre_load_module]: Pre-load module SceUlt (at "sce_module/libult.suprx") loaded
[21:13:11.054] |I| [load_self]: Loaded module segment 0 @ [0x0009D000 - 0x000EDF04 / 0x81000000] (size: 0x00050F04) of module vs0:sys/external/libSceFt2.suprx
[21:13:11.056] |I| [load_self]: Loaded module segment 1 @ [0x000EE000 - 0x000EE2F4 / 0x81051000] (size: 0x000002F4) of module vs0:sys/external/libSceFt2.suprx
[21:13:11.058] |I| [load_self]: Linking SELF vs0:sys/external/libSceFt2.suprx...
[21:13:11.061] |D| [load_var_exports]: 	NID 0x936C8A78 (SYSLYB) at 0xD97DC
[21:13:11.062] |D| [load_var_exports]: 	NID 0x6C2224BA (NID_MODULE_INFO) at 0xD8F10
[21:13:11.064] |I| [pre_load_module]: Pre-load module SceLibft2 (at "sys/external/libSceFt2.suprx") loaded
[21:13:11.077] |I| [load_self]: Loaded module segment 0 @ [0x000EF000 - 0x000FEF14 / 0x81000000] (size: 0x0000FF14) of module vs0:sys/external/libpvf.suprx
[21:13:11.079] |I| [load_self]: Loaded module segment 1 @ [0x000FF000 - 0x000FF008 / 0x81010000] (size: 0x00000008) of module vs0:sys/external/libpvf.suprx
[21:13:11.082] |I| [load_self]: Linking SELF vs0:sys/external/libpvf.suprx...
[21:13:11.084] |D| [load_var_exports]: 	NID 0x936C8A78 (SYSLYB) at 0xFD710
[21:13:11.085] |D| [load_var_exports]: 	NID 0x6C2224BA (NID_MODULE_INFO) at 0xFD300
[21:13:11.086] |I| [pre_load_module]: Pre-load module SceLibPvf (at "sys/external/libpvf.suprx") loaded
[21:13:11.521] |I| [load_self]: app0:eboot.bin: Skipping special segment 0x6FFFFF01...
[21:13:11.522] |I| [load_self]: Loaded module segment 0 @ [0x00100000 - 0x005A2E4C / 0x81000000] (size: 0x004A2E4C) of module app0:eboot.bin
[21:13:11.524] |I| [load_self]: Loaded module segment 1 @ [0x005A3000 - 0x006A9FA0 / 0x814A3000] (size: 0x00106FA0) of module app0:eboot.bin
[21:13:11.527] |I| [load_self]: Linking SELF app0:eboot.bin...
[21:13:11.528] |D| [load_var_exports]: 	NID 0x6C2224BA (NID_MODULE_INFO) at 0x4E77FC
[21:13:11.529] |D| [load_var_exports]: 	NID 0x70FBA1E7 (SCE_PROC_PARAMS) at 0x616558
[21:13:11.531] |I| [load_app_impl]: Main executable pole2 (eboot.bin) loaded
[21:13:11.535] |I| [renderer::vulkan::VKState::precompile_shader]: Program Compiled 1/4
[21:13:11.540] |I| [renderer::vulkan::VKState::precompile_shader]: Program Compiled 2/4
[21:13:11.544] |I| [renderer::vulkan::VKState::precompile_shader]: Program Compiled 3/4
[21:13:11.549] |I| [renderer::vulkan::VKState::precompile_shader]: Program Compiled 4/4
[21:13:11.583] |D| [run_app]: Running module_start of library: SceLibc at address 0x5809
[21:13:11.621] |T| [open_file]: sceKernelGetStdin: Opening terminal tty0:
[21:13:11.622] |T| [open_file]: sceKernelGetStdout: Opening terminal tty0:
[21:13:11.623] |T| [open_file]: sceKernelGetStderr: Opening terminal tty0:
[21:13:11.639] |I| [run_app]: Module SceLibc (at "app0:sce_module/libc.suprx") module_start returned 0x0
[21:13:11.648] |D| [run_app]: Running module_start of library: SceLibFios2 at address 0x56001
[21:13:11.678] |W| [stubbed_impl]: Stubbed sceKernelGetProcessId import called. (pid: 0)
[21:13:11.678] |I| [run_app]: Module SceLibFios2 (at "app0:sce_module/libfios2.suprx") module_start returned 0x0
[21:13:11.686] |D| [run_app]: Running module_start of library: SceUlt at address 0x8B769
[21:13:11.716] |W| [unimplemented_impl]: Unimplemented _sceUlobjMgrRegisterLibultProtocolRevision import called.
[21:13:11.717] |I| [run_app]: Module SceUlt (at "app0:sce_module/libult.suprx") module_start returned 0x0
[21:13:11.732] |W| [unimplemented_impl]: Unimplemented sceKernelRegisterThreadEventHandler import called.
[21:13:12.268] |W| [stubbed_impl]: Stubbed sceGxmMapVertexUsseMemory import called. (always return success)
[21:13:12.269] |W| [stubbed_impl]: Stubbed sceGxmMapFragmentUsseMemory import called. (always return success)
[21:13:12.278] |W| [unimplemented_impl]: Unimplemented sceAppUtilInit import called.
[21:13:12.301] |W| [stubbed_impl]: Stubbed sceGxmGetRenderTargetMemSize import called. (2MiB emuenv mem)
[21:13:12.526] |W| [unimplemented_impl]: Unimplemented sceKernelChangeThreadVfpException import called.
[21:13:12.527] |W| [unimplemented_impl]: Unimplemented sceFiosOverlayThreadSetDisabled02 import called.
[21:13:12.699] |I| [export_sceIoOpen]: Opening file: app0:/data.psarc
[21:13:12.700] |T| [open_file]: sceIoOpen: Opening file app0:/data.psarc (ux0:/app/PCSG00294/data.psarc), fd: 0x3
[21:13:12.733] |T| [close_file]: sceIoClose: Closing file fd: 0x3
[21:13:12.753] |I| [export_sceIoOpen]: Opening file: app0:/data.psarc
[21:13:12.754] |T| [open_file]: sceIoOpen: Opening file app0:/data.psarc (ux0:/app/PCSG00294/data.psarc), fd: 0x4
[21:13:12.915] |W| [ngs::create_voice_definition]: Missing voice definition for Buss Type 7, using passthrough.
[21:13:13.071] |T| [export_sceNgsPatchCreateRouting]: Patching 0x7DE3130:0:0 to 0x7DE8030:0
[21:13:13.159] |T| [export_sceNgsPatchCreateRouting]: Patching 0x7DCF490:0:0 to 0x7DE3130:0
[21:13:13.358] |T| [open_file]: create_trophy_context: Opening file app0:/sce_sys/trophy/NPWR05519_00/TROPHY.TRP (ux0:/app/PCSG00294/sce_sys/trophy/NPWR05519_00/TROPHY.TRP), fd: 0x5
[21:13:13.359] |T| [open_file]: create_trophy_context: Opening file ux0:/user/00/trophy/data/NPWR05519_00/TROPUSR.DAT (ux0:/user/00/trophy/data/NPWR05519_00/TROPUSR.DAT), fd: 0x6
[21:13:13.361] |T| [open_file]: install_trophy_context: Opening file ux0:/user/00/trophy/conf/NPWR05519_00/TROPCONF.SFM (ux0:/user/00/trophy/conf/NPWR05519_00/TROPCONF.SFM), fd: 0x7
[21:13:13.362] |T| [write_file]: install_trophy_context: Writing to fd: 0x7, size: 3374
[21:13:13.362] |T| [close_file]: install_trophy_context: Closing file fd: 0x7
[21:13:13.364] |T| [open_file]: install_trophy_context: Opening file ux0:/user/00/trophy/conf/NPWR05519_00/TROP.SFM (ux0:/user/00/trophy/conf/NPWR05519_00/TROP.SFM), fd: 0x8
[21:13:13.365] |T| [write_file]: install_trophy_context: Writing to fd: 0x8, size: 9259
[21:13:13.366] |T| [close_file]: install_trophy_context: Closing file fd: 0x8
[21:13:13.367] |T| [open_file]: install_trophy_context: Opening file ux0:/user/00/trophy/conf/NPWR05519_00/ICON0.PNG (ux0:/user/00/trophy/conf/NPWR05519_00/ICON0.PNG), fd: 0x9
[21:13:13.368] |T| [write_file]: install_trophy_context: Writing to fd: 0x9, size: 105271
[21:13:13.369] |T| [close_file]: install_trophy_context: Closing file fd: 0x9
[21:13:13.369] |T| [open_file]: install_trophy_context: Opening file ux0:/user/00/trophy/conf/NPWR05519_00/TROP000.PNG (ux0:/user/00/trophy/conf/NPWR05519_00/TROP000.PNG), fd: 0xA
[21:13:13.370] |T| [write_file]: install_trophy_context: Writing to fd: 0xA, size: 93920
[21:13:13.371] |T| [close_file]: install_trophy_context: Closing file fd: 0xA
[21:13:13.372] |T| [open_file]: install_trophy_context: Opening file ux0:/user/00/trophy/conf/NPWR05519_00/TROP001.PNG (ux0:/user/00/trophy/conf/NPWR05519_00/TROP001.PNG), fd: 0xB
[21:13:13.374] |T| [write_file]: install_trophy_context: Writing to fd: 0xB, size: 94226
[21:13:13.375] |T| [close_file]: install_trophy_context: Closing file fd: 0xB
[21:13:13.382] |T| [open_file]: install_trophy_context: Opening file ux0:/user/00/trophy/conf/NPWR05519_00/TROP002.PNG (ux0:/user/00/trophy/conf/NPWR05519_00/TROP002.PNG), fd: 0xC
[21:13:13.383] |T| [write_file]: install_trophy_context: Writing to fd: 0xC, size: 94226
[21:13:13.383] |T| [close_file]: install_trophy_context: Closing file fd: 0xC
[21:13:13.384] |T| [open_file]: install_trophy_context: Opening file ux0:/user/00/trophy/conf/NPWR05519_00/TROP003.PNG (ux0:/user/00/trophy/conf/NPWR05519_00/TROP003.PNG), fd: 0xD
[21:13:13.385] |T| [write_file]: install_trophy_context: Writing to fd: 0xD, size: 94226
[21:13:13.387] |T| [close_file]: install_trophy_context: Closing file fd: 0xD
[21:13:13.388] |T| [open_file]: install_trophy_context: Opening file ux0:/user/00/trophy/conf/NPWR05519_00/TROP004.PNG (ux0:/user/00/trophy/conf/NPWR05519_00/TROP004.PNG), fd: 0xE
[21:13:13.389] |T| [write_file]: install_trophy_context: Writing to fd: 0xE, size: 94226
[21:13:13.389] |T| [close_file]: install_trophy_context: Closing file fd: 0xE
[21:13:13.390] |T| [open_file]: install_trophy_context: Opening file ux0:/user/00/trophy/conf/NPWR05519_00/TROP005.PNG (ux0:/user/00/trophy/conf/NPWR05519_00/TROP005.PNG), fd: 0xF
[21:13:13.391] |T| [write_file]: install_trophy_context: Writing to fd: 0xF, size: 94226
[21:13:13.391] |T| [close_file]: install_trophy_context: Closing file fd: 0xF
[21:13:13.397] |T| [open_file]: install_trophy_context: Opening file ux0:/user/00/trophy/conf/NPWR05519_00/TROP006.PNG (ux0:/user/00/trophy/conf/NPWR05519_00/TROP006.PNG), fd: 0x10
[21:13:13.398] |T| [write_file]: install_trophy_context: Writing to fd: 0x10, size: 94226
[21:13:13.398] |T| [close_file]: install_trophy_context: Closing file fd: 0x10
[21:13:13.400] |T| [open_file]: install_trophy_context: Opening file ux0:/user/00/trophy/conf/NPWR05519_00/TROP007.PNG (ux0:/user/00/trophy/conf/NPWR05519_00/TROP007.PNG), fd: 0x11
[21:13:13.401] |T| [write_file]: install_trophy_context: Writing to fd: 0x11, size: 94226
[21:13:13.402] |T| [close_file]: install_trophy_context: Closing file fd: 0x11
[21:13:13.403] |T| [open_file]: install_trophy_context: Opening file ux0:/user/00/trophy/conf/NPWR05519_00/TROP008.PNG (ux0:/user/00/trophy/conf/NPWR05519_00/TROP008.PNG), fd: 0x12
[21:13:13.403] |T| [write_file]: install_trophy_context: Writing to fd: 0x12, size: 94226
[21:13:13.404] |T| [close_file]: install_trophy_context: Closing file fd: 0x12
[21:13:13.405] |T| [open_file]: install_trophy_context: Opening file ux0:/user/00/trophy/conf/NPWR05519_00/TROP009.PNG (ux0:/user/00/trophy/conf/NPWR05519_00/TROP009.PNG), fd: 0x13
[21:13:13.406] |T| [write_file]: install_trophy_context: Writing to fd: 0x13, size: 94226
[21:13:13.406] |T| [close_file]: install_trophy_context: Closing file fd: 0x13
[21:13:13.411] |T| [open_file]: install_trophy_context: Opening file ux0:/user/00/trophy/conf/NPWR05519_00/TROP010.PNG (ux0:/user/00/trophy/conf/NPWR05519_00/TROP010.PNG), fd: 0x14
[21:13:13.412] |T| [write_file]: install_trophy_context: Writing to fd: 0x14, size: 94226
[21:13:13.413] |T| [close_file]: install_trophy_context: Closing file fd: 0x14
[21:13:13.415] |T| [open_file]: install_trophy_context: Opening file ux0:/user/00/trophy/conf/NPWR05519_00/TROP011.PNG (ux0:/user/00/trophy/conf/NPWR05519_00/TROP011.PNG), fd: 0x15
[21:13:13.416] |T| [write_file]: install_trophy_context: Writing to fd: 0x15, size: 94226
[21:13:13.417] |T| [close_file]: install_trophy_context: Closing file fd: 0x15
[21:13:13.418] |T| [open_file]: install_trophy_context: Opening file ux0:/user/00/trophy/conf/NPWR05519_00/TROP012.PNG (ux0:/user/00/trophy/conf/NPWR05519_00/TROP012.PNG), fd: 0x16
[21:13:13.419] |T| [write_file]: install_trophy_context: Writing to fd: 0x16, size: 94226
[21:13:13.420] |T| [close_file]: install_trophy_context: Closing file fd: 0x16
[21:13:13.422] |T| [open_file]: install_trophy_context: Opening file ux0:/user/00/trophy/conf/NPWR05519_00/TROP013.PNG (ux0:/user/00/trophy/conf/NPWR05519_00/TROP013.PNG), fd: 0x17
[21:13:13.426] |T| [write_file]: install_trophy_context: Writing to fd: 0x17, size: 94226
[21:13:13.426] |T| [close_file]: install_trophy_context: Closing file fd: 0x17
[21:13:13.428] |T| [open_file]: install_trophy_context: Opening file ux0:/user/00/trophy/conf/NPWR05519_00/TROP014.PNG (ux0:/user/00/trophy/conf/NPWR05519_00/TROP014.PNG), fd: 0x18
[21:13:13.429] |T| [write_file]: install_trophy_context: Writing to fd: 0x18, size: 94226
[21:13:13.430] |T| [close_file]: install_trophy_context: Closing file fd: 0x18
[21:13:13.431] |T| [open_file]: install_trophy_context: Opening file ux0:/user/00/trophy/conf/NPWR05519_00/TROP015.PNG (ux0:/user/00/trophy/conf/NPWR05519_00/TROP015.PNG), fd: 0x19
[21:13:13.432] |T| [write_file]: install_trophy_context: Writing to fd: 0x19, size: 94226
[21:13:13.432] |T| [close_file]: install_trophy_context: Closing file fd: 0x19
[21:13:13.433] |T| [open_file]: install_trophy_context: Opening file ux0:/user/00/trophy/conf/NPWR05519_00/TROP016.PNG (ux0:/user/00/trophy/conf/NPWR05519_00/TROP016.PNG), fd: 0x1A
[21:13:13.435] |T| [write_file]: install_trophy_context: Writing to fd: 0x1A, size: 94226
[21:13:13.436] |T| [close_file]: install_trophy_context: Closing file fd: 0x1A
[21:13:13.437] |T| [open_file]: install_trophy_context: Opening file ux0:/user/00/trophy/conf/NPWR05519_00/TROP017.PNG (ux0:/user/00/trophy/conf/NPWR05519_00/TROP017.PNG), fd: 0x1B
[21:13:13.443] |T| [write_file]: install_trophy_context: Writing to fd: 0x1B, size: 94226
[21:13:13.444] |T| [close_file]: install_trophy_context: Closing file fd: 0x1B
[21:13:13.445] |T| [open_file]: install_trophy_context: Opening file ux0:/user/00/trophy/conf/NPWR05519_00/TROP018.PNG (ux0:/user/00/trophy/conf/NPWR05519_00/TROP018.PNG), fd: 0x1C
[21:13:13.446] |T| [write_file]: install_trophy_context: Writing to fd: 0x1C, size: 94226
[21:13:13.446] |T| [close_file]: install_trophy_context: Closing file fd: 0x1C
[21:13:13.448] |T| [open_file]: install_trophy_context: Opening file ux0:/user/00/trophy/conf/NPWR05519_00/TROP019.PNG (ux0:/user/00/trophy/conf/NPWR05519_00/TROP019.PNG), fd: 0x1D
[21:13:13.450] |T| [write_file]: install_trophy_context: Writing to fd: 0x1D, size: 94226
[21:13:13.451] |T| [close_file]: install_trophy_context: Closing file fd: 0x1D
[21:13:13.453] |T| [open_file]: install_trophy_context: Opening file ux0:/user/00/trophy/conf/NPWR05519_00/TROP020.PNG (ux0:/user/00/trophy/conf/NPWR05519_00/TROP020.PNG), fd: 0x1E
[21:13:13.459] |T| [write_file]: install_trophy_context: Writing to fd: 0x1E, size: 94226
[21:13:13.460] |T| [close_file]: install_trophy_context: Closing file fd: 0x1E
[21:13:13.462] |T| [open_file]: install_trophy_context: Opening file ux0:/user/00/trophy/conf/NPWR05519_00/TROP021.PNG (ux0:/user/00/trophy/conf/NPWR05519_00/TROP021.PNG), fd: 0x1F
[21:13:13.463] |T| [write_file]: install_trophy_context: Writing to fd: 0x1F, size: 94226
[21:13:13.464] |T| [close_file]: install_trophy_context: Closing file fd: 0x1F
[21:13:13.465] |T| [open_file]: install_trophy_context: Opening file ux0:/user/00/trophy/conf/NPWR05519_00/TROP022.PNG (ux0:/user/00/trophy/conf/NPWR05519_00/TROP022.PNG), fd: 0x20
[21:13:13.466] |T| [write_file]: install_trophy_context: Writing to fd: 0x20, size: 94226
[21:13:13.467] |T| [close_file]: install_trophy_context: Closing file fd: 0x20
[21:13:13.474] |T| [open_file]: install_trophy_context: Opening file ux0:/user/00/trophy/conf/NPWR05519_00/TROP023.PNG (ux0:/user/00/trophy/conf/NPWR05519_00/TROP023.PNG), fd: 0x21
[21:13:13.475] |T| [write_file]: install_trophy_context: Writing to fd: 0x21, size: 94226
[21:13:13.476] |T| [close_file]: install_trophy_context: Closing file fd: 0x21
[21:13:13.478] |T| [open_file]: install_trophy_context: Opening file ux0:/user/00/trophy/conf/NPWR05519_00/TROP024.PNG (ux0:/user/00/trophy/conf/NPWR05519_00/TROP024.PNG), fd: 0x22
[21:13:13.480] |T| [write_file]: install_trophy_context: Writing to fd: 0x22, size: 94226
[21:13:13.480] |T| [close_file]: install_trophy_context: Closing file fd: 0x22
[21:13:13.482] |T| [open_file]: install_trophy_context: Opening file ux0:/user/00/trophy/conf/NPWR05519_00/TROP025.PNG (ux0:/user/00/trophy/conf/NPWR05519_00/TROP025.PNG), fd: 0x23
[21:13:13.483] |T| [write_file]: install_trophy_context: Writing to fd: 0x23, size: 94226
[21:13:13.486] |T| [close_file]: install_trophy_context: Closing file fd: 0x23
[21:13:13.492] |T| [open_file]: install_trophy_context: Opening file ux0:/user/00/trophy/conf/NPWR05519_00/TROP026.PNG (ux0:/user/00/trophy/conf/NPWR05519_00/TROP026.PNG), fd: 0x24
[21:13:13.493] |T| [write_file]: install_trophy_context: Writing to fd: 0x24, size: 94226
[21:13:13.494] |T| [close_file]: install_trophy_context: Closing file fd: 0x24
[21:13:13.495] |T| [open_file]: install_trophy_context: Opening file ux0:/user/00/trophy/conf/NPWR05519_00/TROP027.PNG (ux0:/user/00/trophy/conf/NPWR05519_00/TROP027.PNG), fd: 0x25
[21:13:13.498] |T| [write_file]: install_trophy_context: Writing to fd: 0x25, size: 56978
[21:13:13.499] |T| [close_file]: install_trophy_context: Closing file fd: 0x25
[21:13:13.501] |T| [open_file]: install_trophy_context: Opening file ux0:/user/00/trophy/conf/NPWR05519_00/TROP028.PNG (ux0:/user/00/trophy/conf/NPWR05519_00/TROP028.PNG), fd: 0x26
[21:13:13.502] |T| [write_file]: install_trophy_context: Writing to fd: 0x26, size: 56978
[21:13:13.503] |T| [close_file]: install_trophy_context: Closing file fd: 0x26
[21:13:13.504] |T| [open_file]: install_trophy_context: Opening file ux0:/user/00/trophy/conf/NPWR05519_00/TROP029.PNG (ux0:/user/00/trophy/conf/NPWR05519_00/TROP029.PNG), fd: 0x27
[21:13:13.505] |T| [write_file]: install_trophy_context: Writing to fd: 0x27, size: 93702
[21:13:13.505] |T| [close_file]: install_trophy_context: Closing file fd: 0x27
[21:13:13.506] |T| [open_file]: install_trophy_context: Opening file ux0:/user/00/trophy/conf/NPWR05519_00/TROP030.PNG (ux0:/user/00/trophy/conf/NPWR05519_00/TROP030.PNG), fd: 0x28
[21:13:13.508] |T| [write_file]: install_trophy_context: Writing to fd: 0x28, size: 94226
[21:13:13.508] |T| [close_file]: install_trophy_context: Closing file fd: 0x28
[21:13:13.510] |T| [open_file]: install_trophy_context: Opening file ux0:/user/00/trophy/conf/NPWR05519_00/TROP031.PNG (ux0:/user/00/trophy/conf/NPWR05519_00/TROP031.PNG), fd: 0x29
[21:13:13.515] |T| [write_file]: install_trophy_context: Writing to fd: 0x29, size: 94226
[21:13:13.520] |T| [close_file]: install_trophy_context: Closing file fd: 0x29
[21:13:13.521] |T| [open_file]: install_trophy_context: Opening file ux0:/user/00/trophy/conf/NPWR05519_00/TROP032.PNG (ux0:/user/00/trophy/conf/NPWR05519_00/TROP032.PNG), fd: 0x2A
[21:13:13.522] |T| [write_file]: install_trophy_context: Writing to fd: 0x2A, size: 94226
[21:13:13.522] |T| [close_file]: install_trophy_context: Closing file fd: 0x2A
[21:13:13.523] |T| [open_file]: install_trophy_context: Opening file ux0:/user/00/trophy/conf/NPWR05519_00/TROP033.PNG (ux0:/user/00/trophy/conf/NPWR05519_00/TROP033.PNG), fd: 0x2B
[21:13:13.525] |T| [write_file]: install_trophy_context: Writing to fd: 0x2B, size: 94226
[21:13:13.525] |T| [close_file]: install_trophy_context: Closing file fd: 0x2B
[21:13:13.528] |T| [open_file]: install_trophy_context: Opening file ux0:/user/00/trophy/conf/NPWR05519_00/TROP034.PNG (ux0:/user/00/trophy/conf/NPWR05519_00/TROP034.PNG), fd: 0x2C
[21:13:13.529] |T| [write_file]: install_trophy_context: Writing to fd: 0x2C, size: 94226
[21:13:13.534] |T| [close_file]: install_trophy_context: Closing file fd: 0x2C
[21:13:13.536] |T| [open_file]: install_trophy_context: Opening file ux0:/user/00/trophy/conf/NPWR05519_00/TROP035.PNG (ux0:/user/00/trophy/conf/NPWR05519_00/TROP035.PNG), fd: 0x2D
[21:13:13.537] |T| [write_file]: install_trophy_context: Writing to fd: 0x2D, size: 94226
[21:13:13.538] |T| [close_file]: install_trophy_context: Closing file fd: 0x2D
[21:13:13.540] |T| [open_file]: install_trophy_context: Opening file ux0:/user/00/trophy/conf/NPWR05519_00/TROP036.PNG (ux0:/user/00/trophy/conf/NPWR05519_00/TROP036.PNG), fd: 0x2E
[21:13:13.541] |T| [write_file]: install_trophy_context: Writing to fd: 0x2E, size: 94226
[21:13:13.542] |T| [close_file]: install_trophy_context: Closing file fd: 0x2E
[21:13:13.543] |T| [open_file]: install_trophy_context: Opening file ux0:/user/00/trophy/conf/NPWR05519_00/TROP037.PNG (ux0:/user/00/trophy/conf/NPWR05519_00/TROP037.PNG), fd: 0x2F
[21:13:13.544] |T| [write_file]: install_trophy_context: Writing to fd: 0x2F, size: 94226
[21:13:13.544] |T| [close_file]: install_trophy_context: Closing file fd: 0x2F
[21:13:13.547] |T| [open_file]: install_trophy_context: Opening file ux0:/user/00/trophy/conf/NPWR05519_00/TROP038.PNG (ux0:/user/00/trophy/conf/NPWR05519_00/TROP038.PNG), fd: 0x30
[21:13:13.551] |T| [write_file]: install_trophy_context: Writing to fd: 0x30, size: 56978
[21:13:13.551] |T| [close_file]: install_trophy_context: Closing file fd: 0x30
[21:13:13.553] |T| [open_file]: install_trophy_context: Opening file ux0:/user/00/trophy/conf/NPWR05519_00/TROP039.PNG (ux0:/user/00/trophy/conf/NPWR05519_00/TROP039.PNG), fd: 0x31
[21:13:13.554] |T| [write_file]: install_trophy_context: Writing to fd: 0x31, size: 56978
[21:13:13.554] |T| [close_file]: install_trophy_context: Closing file fd: 0x31
[21:13:13.555] |T| [open_file]: install_trophy_context: Opening file ux0:/user/00/trophy/conf/NPWR05519_00/TROP040.PNG (ux0:/user/00/trophy/conf/NPWR05519_00/TROP040.PNG), fd: 0x32
[21:13:13.556] |T| [write_file]: install_trophy_context: Writing to fd: 0x32, size: 94226
[21:13:13.557] |T| [close_file]: install_trophy_context: Closing file fd: 0x32
[21:13:13.558] |T| [open_file]: install_trophy_context: Opening file ux0:/user/00/trophy/conf/NPWR05519_00/TROP041.PNG (ux0:/user/00/trophy/conf/NPWR05519_00/TROP041.PNG), fd: 0x33
[21:13:13.559] |T| [write_file]: install_trophy_context: Writing to fd: 0x33, size: 94226
[21:13:13.560] |T| [close_file]: install_trophy_context: Closing file fd: 0x33
[21:13:13.565] |T| [open_file]: install_trophy_context: Opening file ux0:/user/00/trophy/conf/NPWR05519_00/TROP042.PNG (ux0:/user/00/trophy/conf/NPWR05519_00/TROP042.PNG), fd: 0x34
[21:13:13.568] |T| [write_file]: install_trophy_context: Writing to fd: 0x34, size: 94226
[21:13:13.568] |T| [close_file]: install_trophy_context: Closing file fd: 0x34
[21:13:13.569] |T| [open_file]: install_trophy_context: Opening file ux0:/user/00/trophy/conf/NPWR05519_00/TROP043.PNG (ux0:/user/00/trophy/conf/NPWR05519_00/TROP043.PNG), fd: 0x35
[21:13:13.570] |T| [write_file]: install_trophy_context: Writing to fd: 0x35, size: 94226
[21:13:13.571] |T| [close_file]: install_trophy_context: Closing file fd: 0x35
[21:13:13.572] |T| [open_file]: install_trophy_context: Opening file ux0:/user/00/trophy/conf/NPWR05519_00/TROP044.PNG (ux0:/user/00/trophy/conf/NPWR05519_00/TROP044.PNG), fd: 0x36
[21:13:13.575] |T| [write_file]: install_trophy_context: Writing to fd: 0x36, size: 94226
[21:13:13.576] |T| [close_file]: install_trophy_context: Closing file fd: 0x36
[21:13:13.580] |T| [open_file]: install_trophy_context: Opening file ux0:/user/00/trophy/conf/NPWR05519_00/TROP045.PNG (ux0:/user/00/trophy/conf/NPWR05519_00/TROP045.PNG), fd: 0x37
[21:13:13.582] |T| [write_file]: install_trophy_context: Writing to fd: 0x37, size: 94226
[21:13:13.582] |T| [close_file]: install_trophy_context: Closing file fd: 0x37
[21:13:13.583] |T| [open_file]: install_trophy_context: Opening file ux0:/user/00/trophy/conf/NPWR05519_00/TROP046.PNG (ux0:/user/00/trophy/conf/NPWR05519_00/TROP046.PNG), fd: 0x38
[21:13:13.584] |T| [write_file]: install_trophy_context: Writing to fd: 0x38, size: 94226
[21:13:13.585] |T| [close_file]: install_trophy_context: Closing file fd: 0x38
[21:13:13.586] |T| [open_file]: install_trophy_context: Opening file ux0:/user/00/trophy/conf/NPWR05519_00/TROP047.PNG (ux0:/user/00/trophy/conf/NPWR05519_00/TROP047.PNG), fd: 0x39
[21:13:13.588] |T| [write_file]: install_trophy_context: Writing to fd: 0x39, size: 56978
[21:13:13.589] |T| [close_file]: install_trophy_context: Closing file fd: 0x39
[21:13:13.591] |T| [open_file]: install_trophy_context: Opening file ux0:/user/00/trophy/conf/NPWR05519_00/TROP048.PNG (ux0:/user/00/trophy/conf/NPWR05519_00/TROP048.PNG), fd: 0x3A
[21:13:13.595] |T| [write_file]: install_trophy_context: Writing to fd: 0x3A, size: 56978
[21:13:13.596] |T| [close_file]: install_trophy_context: Closing file fd: 0x3A
[21:13:13.597] |T| [open_file]: install_trophy_context: Opening file ux0:/user/00/trophy/conf/NPWR05519_00/TROP049.PNG (ux0:/user/00/trophy/conf/NPWR05519_00/TROP049.PNG), fd: 0x3B
[21:13:13.598] |T| [write_file]: install_trophy_context: Writing to fd: 0x3B, size: 56978
[21:13:13.599] |T| [close_file]: install_trophy_context: Closing file fd: 0x3B
[21:13:13.600] |T| [open_file]: install_trophy_context: Opening file ux0:/user/00/trophy/conf/NPWR05519_00/TROP050.PNG (ux0:/user/00/trophy/conf/NPWR05519_00/TROP050.PNG), fd: 0x3C
[21:13:13.602] |T| [write_file]: install_trophy_context: Writing to fd: 0x3C, size: 94226
[21:13:13.603] |T| [close_file]: install_trophy_context: Closing file fd: 0x3C
[21:13:13.604] |T| [open_file]: install_trophy_context: Opening file ux0:/user/00/trophy/conf/NPWR05519_00/TROP051.PNG (ux0:/user/00/trophy/conf/NPWR05519_00/TROP051.PNG), fd: 0x3D
[21:13:13.605] |T| [write_file]: install_trophy_context: Writing to fd: 0x3D, size: 94226
[21:13:13.605] |T| [close_file]: install_trophy_context: Closing file fd: 0x3D
[21:13:13.606] |T| [open_file]: install_trophy_context: Opening file ux0:/user/00/trophy/conf/NPWR05519_00/TROP052.PNG (ux0:/user/00/trophy/conf/NPWR05519_00/TROP052.PNG), fd: 0x3E
[21:13:13.612] |T| [write_file]: install_trophy_context: Writing to fd: 0x3E, size: 94226
[21:13:13.613] |T| [close_file]: install_trophy_context: Closing file fd: 0x3E
[21:13:13.614] |T| [open_file]: install_trophy_context: Opening file ux0:/user/00/trophy/conf/NPWR05519_00/TROP053.PNG (ux0:/user/00/trophy/conf/NPWR05519_00/TROP053.PNG), fd: 0x3F
[21:13:13.616] |T| [write_file]: install_trophy_context: Writing to fd: 0x3F, size: 93702
[21:13:13.616] |T| [close_file]: install_trophy_context: Closing file fd: 0x3F
[21:13:13.617] |T| [close_file]: create_trophy_context: Closing file fd: 0x6
[21:13:13.618] |T| [export_sceNpTrophyCreateContext]: Trophy context for NPWR05519_00 create successfuly!
[21:13:13.655] |W| [unimplemented_impl]: Unimplemented sceNpActivityInit import called.
[21:13:13.906] |W| [stubbed_impl]: Stubbed __sceAppMgrGetAppState import called. (Set to 0.)
[21:13:13.987] |C| [unprotect_inner]: VirtualAlloc failed: 0x57
[21:13:14.109] |W| [unimplemented_impl]: Unimplemented sceCommonDialogUpdate import called.
