[13:57:35.399] |I| [config::init_config]: backend-renderer: OpenGL
[13:57:35.400] |I| [config::init_config]: log-level: 0
[13:57:35.534] |I| [SDL_main]: Vita3K v0.1.5 2638-5221d68c
[13:57:35.534] |I| [SDL_main]: Number of logical CPU cores: 4
[13:57:35.535] |I| [SDL_main]: Available ram memory: 16348 mo
[13:57:35.727] |I| [renderer::gl::create]: Swap interval = -1
[13:57:35.735] |I| [renderer::gl::create]: GPU = GeForce GTX 1050 Ti/PCIe/SSE2
[13:57:35.735] |I| [renderer::gl::create]: GL_VERSION = 4.6.0 NVIDIA 456.71
[13:57:35.735] |I| [renderer::gl::create]: GL_SHADING_LANGUAGE_VERSION = 4.60 NVIDIA
[13:57:35.737] |I| [renderer::gl::create]: Your GPU supports shader interlock, some games that use programmable blending will have better performance.
[13:57:42.127] |I| [load_app_impl]: cpu-backend: Dynarmic
[13:57:42.128] |I| [load_app_impl]: CPU Optimisation state: true
[13:57:42.129] |I| [load_app_impl]: ngs state: true
[13:57:42.129] |I| [load_app_impl]: Resolution multiplier: 1
[13:57:42.129] |I| [load_app_impl]: modules mode: Auto & Manual
[13:57:42.129] |I| [load_app_impl]: Title: SWORD ART ONLINE: HOLLOW REALIZATION
[13:57:42.129] |I| [load_app_impl]: Serial: PCSG00868
[13:57:42.130] |I| [load_app_impl]: Version: 1.00
[13:57:42.130] |I| [load_app_impl]: Category: gd
[13:57:42.146] |C| [load_self]: Unknown segment type 0x6FFFFF01
[13:57:42.146] |I| [load_self]: Loaded module segment 0 @ [0x00007000 - 0x000588A4 / 0x81000000] (size: 0x000518A4) of module app0:sce_module/libc.suprx
[13:57:42.147] |I| [load_self]: Loaded module segment 1 @ [0x00059000 - 0x0005B8A0 / 0x81052000] (size: 0x000028A0) of module app0:sce_module/libc.suprx
[13:57:42.147] |I| [load_self]: Loading symbols for SELF: app0:sce_module/libc.suprx
[13:57:42.148] |D| [load_var_exports]: 	NID 0x936C8A78 (SYSLYB) at 0x4E314
[13:57:42.148] |D| [load_var_exports]: 	NID 0x6C2224BA (NID_MODULE_INFO) at 0x434DC
[13:57:42.148] |W| [load_var_imports]: 	NID NOT FOUND 0x93B8AA67 (UNRECOGNISED) at 0x4763C, setting to stub value 0xDEADBEEF
[13:57:42.149] |W| [load_var_imports]: 	NID NOT FOUND 0xDF084DFA (UNRECOGNISED) at 0x491D0, setting to stub value 0xDEADBEEF
[13:57:42.151] |I| [pre_load_module]: Pre-load module SceLibc (at "sce_module/libc.suprx") loaded
[13:57:42.160] |C| [load_self]: Unknown segment type 0x6FFFFF01
[13:57:42.161] |I| [load_self]: Loaded module segment 0 @ [0x0005E000 - 0x0008ACBF / 0x81000000] (size: 0x0002CCBF) of module app0:sce_module/libfios2.suprx
[13:57:42.162] |I| [load_self]: Loaded module segment 1 @ [0x0008B000 - 0x00090255 / 0x8102D000] (size: 0x00005255) of module app0:sce_module/libfios2.suprx
[13:57:42.162] |I| [load_self]: Loading symbols for SELF: app0:sce_module/libfios2.suprx
[13:57:42.163] |D| [load_var_exports]: 	NID 0x936C8A78 (SYSLYB) at 0x8ABC8
[13:57:42.164] |D| [load_var_exports]: 	NID 0x6C2224BA (NID_MODULE_INFO) at 0x81F08
[13:57:42.164] |I| [pre_load_module]: Pre-load module SceLibFios2 (at "sce_module/libfios2.suprx") loaded
[13:57:42.170] |C| [load_self]: Unknown segment type 0x6FFFFF01
[13:57:42.171] |I| [load_self]: Loaded module segment 0 @ [0x00091000 - 0x000A49BC / 0x81000000] (size: 0x000139BC) of module app0:sce_module/libult.suprx
[13:57:42.172] |I| [load_self]: Loaded module segment 1 @ [0x000A5000 - 0x000A5814 / 0x81014000] (size: 0x00000814) of module app0:sce_module/libult.suprx
[13:57:42.172] |I| [load_self]: Loading symbols for SELF: app0:sce_module/libult.suprx
[13:57:42.173] |D| [load_var_exports]: 	NID 0x936C8A78 (SYSLYB) at 0xA32E8
[13:57:42.173] |D| [load_var_exports]: 	NID 0x6C2224BA (NID_MODULE_INFO) at 0xA0870
[13:57:42.175] |I| [pre_load_module]: Pre-load module SceUlt (at "sce_module/libult.suprx") loaded
[13:57:42.187] |I| [load_self]: Loaded module segment 0 @ [0x000A6000 - 0x000F6F04 / 0x81000000] (size: 0x00050F04) of module vs0:sys/external/libSceFt2.suprx
[13:57:42.188] |I| [load_self]: Loaded module segment 1 @ [0x000F7000 - 0x000F72F4 / 0x81051000] (size: 0x000002F4) of module vs0:sys/external/libSceFt2.suprx
[13:57:42.189] |I| [load_self]: Loading symbols for SELF: vs0:sys/external/libSceFt2.suprx
[13:57:42.189] |D| [load_var_exports]: 	NID 0x936C8A78 (SYSLYB) at 0xE27DC
[13:57:42.191] |D| [load_var_exports]: 	NID 0x6C2224BA (NID_MODULE_INFO) at 0xE1F10
[13:57:42.191] |I| [pre_load_module]: Pre-load module SceLibft2 (at "sys/external/libSceFt2.suprx") loaded
[13:57:42.195] |I| [load_self]: Loaded module segment 0 @ [0x000F8000 - 0x00107F14 / 0x81000000] (size: 0x0000FF14) of module vs0:sys/external/libpvf.suprx
[13:57:42.196] |I| [load_self]: Loaded module segment 1 @ [0x00108000 - 0x00108008 / 0x81010000] (size: 0x00000008) of module vs0:sys/external/libpvf.suprx
[13:57:42.197] |I| [load_self]: Loading symbols for SELF: vs0:sys/external/libpvf.suprx
[13:57:42.197] |D| [load_var_exports]: 	NID 0x936C8A78 (SYSLYB) at 0x106710
[13:57:42.198] |D| [load_var_exports]: 	NID 0x6C2224BA (NID_MODULE_INFO) at 0x106300
[13:57:42.198] |I| [pre_load_module]: Pre-load module SceLibPvf (at "sys/external/libpvf.suprx") loaded
[13:57:42.533] |C| [load_self]: Unknown segment type 0x6FFFFF01
[13:57:42.533] |I| [load_self]: Loaded module segment 0 @ [0x00109000 - 0x008FC768 / 0x81000000] (size: 0x007F3768) of module app0:eboot.bin
[13:57:42.534] |I| [load_self]: Loaded module segment 1 @ [0x008FD000 - 0x00C11828 / 0x817F4000] (size: 0x00314828) of module app0:eboot.bin
[13:57:42.535] |I| [load_self]: Loading symbols for SELF: app0:eboot.bin
[13:57:42.536] |D| [load_var_exports]: 	NID 0x6C2224BA (NID_MODULE_INFO) at 0x7CA0F0
[13:57:42.536] |D| [load_var_exports]: 	NID 0x70FBA1E7 (SCE_PROC_PARAMS) at 0x91ED40
[13:57:42.536] |D| [load_var_exports]: 	NID 0x936C8A78 (SYSLYB) at 0x83ABB4
[13:57:42.537] |I| [load_app_impl]: Main executable pole4_PSVita_Master (eboot.bin) loaded
[13:57:42.561] |I| [renderer::gl::compile_shader]: frag shader compiled: 79a11d6e4e9bdef93d102e0cec356f13df07a3d75608d217930a263282ebefa5
[13:57:42.565] |I| [renderer::gl::compile_shader]: vert shader compiled: 059ce4b7eae1bc91572a00f6c763f8126a2e53f8d14890ec93bba5e07ce995dd
[13:57:42.595] |E| [renderer::gl::compile_program]: Fragment info
-------------
0(38) : warning C7050: "outs[0]" might be used before being initialized


[13:57:42.596] |I| [renderer::gl::pre_compile_program]: Program Compiled 1/1
[13:57:42.618] |D| [run_app]: Running module_start of library: SceLibc at address 0x7871
[13:57:42.644] |T| [open_file]: sceKernelGetStdin: Opening terminal tty0:
[13:57:42.644] |T| [open_file]: sceKernelGetStdout: Opening terminal tty0:
[13:57:42.645] |T| [open_file]: sceKernelGetStderr: Opening terminal tty0:
[13:57:42.658] |I| [run_app]: Module SceLibc (at "app0:sce_module/libc.suprx") module_start returned 0x0
[13:57:42.667] |D| [run_app]: Running module_start of library: SceLibFios2 at address 0x5E001
[13:57:42.687] |W| [stubbed_impl]: Stubbed sceKernelGetProcessId import called. (pid: 0)
[13:57:42.688] |W| [unimplemented_impl]: Unimplemented sceFiosOverlayGetList02 import called.
[13:57:42.688] |I| [run_app]: Module SceLibFios2 (at "app0:sce_module/libfios2.suprx") module_start returned 0x0
[13:57:42.695] |D| [run_app]: Running module_start of library: SceUlt at address 0x94771
[13:57:42.712] |W| [unimplemented_impl]: Unimplemented _sceUlobjMgrRegisterLibultProtocolRevision import called.
[13:57:42.712] |I| [run_app]: Module SceUlt (at "app0:sce_module/libult.suprx") module_start returned 0x0
[13:57:42.723] |W| [unimplemented_impl]: Unimplemented sceKernelRegisterThreadEventHandler import called.
[13:57:42.725] |W| [stubbed_impl]: Stubbed sceKernelGetFreeMemorySize import called. (Single pool)
[13:57:43.336] |I| [load_module]: Loading module ID: 0x13
[13:57:43.337] |C| [load_self]: Unknown segment type 0x6FFFFF01
[13:57:43.337] |I| [load_self]: Loaded module segment 0 @ [0x06580000 - 0x0658308C / 0x81000000] (size: 0x0000308C) of module sys/external/libsystemgesture.suprx
[13:57:43.338] |I| [load_self]: Loaded module segment 1 @ [0x06584000 - 0x06584BF0 / 0x81004000] (size: 0x00000BF0) of module sys/external/libsystemgesture.suprx
[13:57:43.339] |I| [load_self]: Loading symbols for SELF: sys/external/libsystemgesture.suprx
[13:57:43.339] |D| [load_var_exports]: 	NID 0x936C8A78 (SYSLYB) at 0x6583074
[13:57:43.339] |D| [load_var_exports]: 	NID 0x6C2224BA (NID_MODULE_INFO) at 0x6582BD4
[13:57:43.340] |I| [load_module]: Module SceSystemGesture (at "sys/external/libsystemgesture.suprx") loaded
[13:57:43.340] |D| [load_module]: Running module_start of module: SceSystemGesture
[13:57:43.341] |I| [load_module]: Module SceSystemGesture (at "sys/external/libsystemgesture.suprx") module_start returned 0x0
[13:57:43.341] |I| [load_module]: Loading module ID: 0x4C
[13:57:43.345] |C| [load_self]: Unknown segment type 0x6FFFFF01
[13:57:43.345] |I| [load_self]: Loaded module segment 0 @ [0x06585000 - 0x065999FC / 0x81000000] (size: 0x000149FC) of module sys/external/libsceavplayer.suprx
[13:57:43.345] |I| [load_self]: Loaded module segment 1 @ [0x0659A000 - 0x0659A06C / 0x81015000] (size: 0x0000006C) of module sys/external/libsceavplayer.suprx
[13:57:43.346] |I| [load_self]: Loading symbols for SELF: sys/external/libsceavplayer.suprx
[13:57:43.347] |D| [load_var_exports]: 	NID 0x936C8A78 (SYSLYB) at 0x6596D40
[13:57:43.347] |D| [load_var_exports]: 	NID 0x6C2224BA (NID_MODULE_INFO) at 0x6595548
[13:57:43.347] |I| [load_module]: Module SceAvPlayer (at "sys/external/libsceavplayer.suprx") loaded
[13:57:43.350] |D| [load_module]: Running module_start of module: SceAvPlayer
[13:57:43.351] |I| [load_module]: Module SceAvPlayer (at "sys/external/libsceavplayer.suprx") module_start returned 0x0
[13:57:43.354] |C| [load_self]: Unknown segment type 0x6FFFFF01
[13:57:43.354] |I| [load_self]: Loaded module segment 0 @ [0x0659B000 - 0x065AAD20 / 0x81000000] (size: 0x0000FD20) of module sys/external/libscemp4.suprx
[13:57:43.355] |I| [load_self]: Loaded module segment 1 @ [0x065AB000 - 0x065AB028 / 0x81010000] (size: 0x00000028) of module sys/external/libscemp4.suprx
[13:57:43.356] |I| [load_self]: Loading symbols for SELF: sys/external/libscemp4.suprx
[13:57:43.357] |D| [load_var_exports]: 	NID 0x936C8A78 (SYSLYB) at 0x65AA9D0
[13:57:43.357] |D| [load_var_exports]: 	NID 0x6C2224BA (NID_MODULE_INFO) at 0x65A98C4
[13:57:43.358] |I| [load_module]: Module SceMp4 (at "sys/external/libscemp4.suprx") loaded
[13:57:43.378] |W| [stubbed_impl]: Stubbed sceGxmMapFragmentUsseMemory import called. (always return success)
[13:57:43.400] |W| [stubbed_impl]: Stubbed sceGxmGetRenderTargetMemSize import called. (2MB host mem)
[13:57:43.441] |W| [unimplemented_impl]: Unimplemented sceAppUtilInit import called.
[13:57:44.393] |W| [stubbed_impl]: Stubbed sceGxmMapVertexUsseMemory import called. (always return success)
[13:57:44.431] |T| [log_import_call]: [LLE] TID: 8   FUNC: 0x6078A08B sceSystemGestureInitializePrimitiveTouchRecognizer at 0x7C97B4
[13:57:44.433] |W| [unimplemented_impl]: Unimplemented sceTouchGetPixelDensity2 import called.
[13:57:44.435] |T| [log_import_call]: [LLE] TID: 8   FUNC: 0xC3367370 sceSystemGestureCreateTouchRecognizer at 0x7C97F4
[13:57:44.436] |E| [call_import]: Import function for NID 0xE340C658 not found (thread name: PCSG00868, thread ID: 8)
[13:57:44.437] |W| [unimplemented_impl]: Unimplemented sceMotionSetDeadband import called.
[13:57:44.437] |W| [unimplemented_impl]: Unimplemented sceMotionSetTiltCorrection import called.
[13:57:44.437] |W| [unimplemented_impl]: Unimplemented sceMotionReset import called.
[13:57:44.438] |W| [unimplemented_impl]: Unimplemented sceMotionStartSampling import called.
[13:57:44.441] |T| [write_file]: *** TTY: State : allocatedSize   = 2364
[13:57:44.442] |T| [write_file]: *** TTY: Block Addr:16600000 AlignAddr:16600000 Size:      36
[13:57:44.442] |T| [write_file]: *** TTY: Block Addr:16600024 AlignAddr:16600024 Size:      64
[13:57:44.443] |T| [write_file]: *** TTY: Block Addr:16600064 AlignAddr:16600064 Size:      64
[13:57:44.443] |T| [write_file]: *** TTY: Block Addr:166000a4 AlignAddr:166000a4 Size:    2048
[13:57:44.443] |T| [write_file]: *** TTY: Block Addr:166008a4 AlignAddr:166008b0 Size:      28
[13:57:44.444] |T| [write_file]: *** TTY: Block Addr:166008c0 AlignAddr:166008c0 Size:      64
[13:57:44.444] |T| [write_file]: *** TTY: Block Addr:16600900 AlignAddr:16600900 Size:      36
[13:57:44.445] |T| [write_file]: *** TTY: Block Addr:16600924 AlignAddr:16600924 Size:      24
[13:57:44.445] |T| [write_file]: *** TTY:         freeSize     = 44037828
[13:57:44.445] |T| [write_file]: *** TTY: Block Addr:1660093c AlignAddr:0 Size:44037828
[13:57:44.446] |T| [write_file]: *** TTY:         pendingSize  = 0
[13:57:44.446] |T| [write_file]: *** TTY: State : allocatedSize   = 0
[13:57:44.446] |T| [write_file]: *** TTY:         freeSize     = 27262976
[13:57:44.447] |T| [write_file]: *** TTY: Block Addr:19040000 AlignAddr:19040000 Size:27262976
[13:57:44.447] |T| [write_file]: *** TTY:         pendingSize  = 0
[13:57:44.523] |W| [unimplemented_impl]: Unimplemented sceKernelChangeThreadVfpException import called.
[13:57:44.524] |W| [unimplemented_impl]: Unimplemented sceFiosOverlayThreadSetDisabled02 import called.
[13:57:44.623] |W| [ngs::create_voice_definition]: Missing voice definition for Buss Type 7, using passthrough.
[13:57:44.644] |T| [export_sceNgsPatchCreateRouting]: Patching 0x542F170:0:0 to 0x5434070:0
[13:57:44.713] |W| [unimplemented_impl]: Unimplemented sceFiosOverlayGetRecommendedScheduler02 import called.
[13:57:44.720] |I| [export_sceIoOpen]: Opening file: app0:/data.psarc
[13:57:44.720] |T| [open_file]: sceIoOpen: Opening file app0:/data.psarc (ux0:/app/PCSG00868/data.psarc), fd: 0x3
[13:57:44.721] |T| [stat_file]: _sceIoGetstat: Statting file: app0:/data.psarc (ux0:/app/PCSG00868/data.psarc)
[13:57:44.726] |T| [seek_file]: sceIoPread: Seeking fd: 0x3, offset: 0x0, whence: SCE_SEEK_SET
[13:57:44.726] |T| [read_file]: sceIoPread: Reading 48 bytes of fd 0x3
[13:57:44.726] |T| [seek_file]: sceIoPread: Seeking fd: 0x3, offset: 0x0, whence: SCE_SEEK_SET
[13:57:44.739] |T| [seek_file]: sceIoPread: Seeking fd: 0x3, offset: 0x20, whence: SCE_SEEK_SET
[13:57:44.739] |T| [read_file]: sceIoPread: Reading 30 bytes of fd 0x3
[13:57:44.740] |T| [seek_file]: sceIoPread: Seeking fd: 0x3, offset: 0x0, whence: SCE_SEEK_SET
[13:57:44.743] |T| [close_file]: sceIoClose: Closing file fd: 0x3
[13:57:44.756] |I| [export_sceIoOpen]: Opening file: app0:/data.psarc
[13:57:44.756] |T| [open_file]: sceIoOpen: Opening file app0:/data.psarc (ux0:/app/PCSG00868/data.psarc), fd: 0x4
[13:57:44.757] |T| [stat_file]: _sceIoGetstat: Statting file: app0:/data.psarc (ux0:/app/PCSG00868/data.psarc)
[13:57:44.758] |T| [stat_file]: sceIoGetstatByFd: Statting fd: 0x4
[13:57:44.759] |T| [seek_file]: sceIoPread: Seeking fd: 0x4, offset: 0x0, whence: SCE_SEEK_SET
[13:57:44.759] |T| [read_file]: sceIoPread: Reading 48 bytes of fd 0x4
[13:57:44.760] |T| [seek_file]: sceIoPread: Seeking fd: 0x4, offset: 0x0, whence: SCE_SEEK_SET
[13:57:44.761] |T| [seek_file]: sceIoPread: Seeking fd: 0x4, offset: 0x20, whence: SCE_SEEK_SET
[13:57:44.761] |T| [read_file]: sceIoPread: Reading 371550 bytes of fd 0x4
[13:57:44.762] |T| [seek_file]: sceIoPread: Seeking fd: 0x4, offset: 0x0, whence: SCE_SEEK_SET
[13:57:44.809] |T| [seek_file]: sceIoPread: Seeking fd: 0x4, offset: 0x5AA00, whence: SCE_SEEK_SET
[13:57:44.809] |T| [read_file]: sceIoPread: Reading 13824 bytes of fd 0x4
[13:57:44.809] |T| [seek_file]: sceIoPread: Seeking fd: 0x4, offset: 0x0, whence: SCE_SEEK_SET
[13:57:44.810] |T| [seek_file]: sceIoPread: Seeking fd: 0x4, offset: 0x5DE00, whence: SCE_SEEK_SET
[13:57:44.810] |T| [read_file]: sceIoPread: Reading 11776 bytes of fd 0x4
[13:57:44.811] |T| [seek_file]: sceIoPread: Seeking fd: 0x4, offset: 0x0, whence: SCE_SEEK_SET
[13:57:44.811] |T| [seek_file]: sceIoPread: Seeking fd: 0x4, offset: 0x60A00, whence: SCE_SEEK_SET
[13:57:44.811] |T| [read_file]: sceIoPread: Reading 7168 bytes of fd 0x4
[13:57:44.812] |T| [seek_file]: sceIoPread: Seeking fd: 0x4, offset: 0x0, whence: SCE_SEEK_SET
[13:57:44.838] |I| [export_sceIoOpen]: Opening file: app0:/jpn.psarc
[13:57:44.838] |T| [open_file]: sceIoOpen: Opening file app0:/jpn.psarc (ux0:/app/PCSG00868/jpn.psarc), fd: 0x5
[13:57:44.839] |T| [stat_file]: _sceIoGetstat: Statting file: app0:/jpn.psarc (ux0:/app/PCSG00868/jpn.psarc)
[13:57:44.839] |T| [seek_file]: sceIoPread: Seeking fd: 0x5, offset: 0x0, whence: SCE_SEEK_SET
[13:57:44.839] |T| [read_file]: sceIoPread: Reading 48 bytes of fd 0x5
[13:57:44.840] |T| [seek_file]: sceIoPread: Seeking fd: 0x5, offset: 0x0, whence: SCE_SEEK_SET
[13:57:44.840] |T| [seek_file]: sceIoPread: Seeking fd: 0x5, offset: 0x20, whence: SCE_SEEK_SET
[13:57:44.840] |T| [read_file]: sceIoPread: Reading 30 bytes of fd 0x5
[13:57:44.841] |T| [seek_file]: sceIoPread: Seeking fd: 0x5, offset: 0x0, whence: SCE_SEEK_SET
[13:57:44.841] |T| [close_file]: sceIoClose: Closing file fd: 0x5
[13:57:44.843] |I| [export_sceIoOpen]: Opening file: app0:/jpn.psarc
[13:57:44.844] |T| [open_file]: sceIoOpen: Opening file app0:/jpn.psarc (ux0:/app/PCSG00868/jpn.psarc), fd: 0x6
[13:57:44.845] |T| [stat_file]: _sceIoGetstat: Statting file: app0:/jpn.psarc (ux0:/app/PCSG00868/jpn.psarc)
[13:57:44.845] |T| [stat_file]: sceIoGetstatByFd: Statting fd: 0x6
[13:57:44.846] |T| [seek_file]: sceIoPread: Seeking fd: 0x6, offset: 0x0, whence: SCE_SEEK_SET
[13:57:44.846] |T| [read_file]: sceIoPread: Reading 48 bytes of fd 0x6
[13:57:44.846] |T| [seek_file]: sceIoPread: Seeking fd: 0x6, offset: 0x0, whence: SCE_SEEK_SET
[13:57:44.847] |T| [seek_file]: sceIoPread: Seeking fd: 0x6, offset: 0x20, whence: SCE_SEEK_SET
[13:57:44.847] |T| [read_file]: sceIoPread: Reading 68666 bytes of fd 0x6
[13:57:44.847] |T| [seek_file]: sceIoPread: Seeking fd: 0x6, offset: 0x0, whence: SCE_SEEK_SET
[13:57:44.851] |T| [seek_file]: sceIoPread: Seeking fd: 0x6, offset: 0x10C00, whence: SCE_SEEK_SET
[13:57:44.851] |T| [read_file]: sceIoPread: Reading 5632 bytes of fd 0x6
[13:57:44.852] |T| [seek_file]: sceIoPread: Seeking fd: 0x6, offset: 0x0, whence: SCE_SEEK_SET
[13:57:44.858] |W| [unimplemented_impl]: Unimplemented sceFiosOverlayAddForProcess02 import called.
[13:57:44.913] |I| [export_sceIoOpen]: Opening file: app0:/data/Shaders/PhyreText.cgfx.phyre
[13:57:44.913] |E| [open_file]: Missing file at C:/Users/Unlighted/Documents/vita/windows-latest/ux0/app/PCSG00868/data/Shaders/PhyreText.cgfx.phyre (target path: app0:/data/Shaders/PhyreText.cgfx.phyre)
[13:57:44.914] |W| [io_error_impl]: open_file (sceIoOpen) returned 0x80010002
[13:57:44.922] |I| [export_sceIoOpen]: Opening file: app0:/data/Shaders/PhyreText.cgfx.phyre
[13:57:44.923] |E| [open_file]: Missing file at C:/Users/Unlighted/Documents/vita/windows-latest/ux0/app/PCSG00868/data/Shaders/PhyreText.cgfx.phyre (target path: app0:/data/Shaders/PhyreText.cgfx.phyre)
[13:57:44.923] |W| [io_error_impl]: open_file (sceIoOpen) returned 0x80010002
[13:57:44.941] |I| [export_sceIoOpen]: Opening file: app0:/data/Shaders/PhyreGlow.cgfx.phyre
[13:57:44.941] |E| [open_file]: Missing file at C:/Users/Unlighted/Documents/vita/windows-latest/ux0/app/PCSG00868/data/Shaders/PhyreGlow.cgfx.phyre (target path: app0:/data/Shaders/PhyreGlow.cgfx.phyre)
[13:57:44.942] |W| [io_error_impl]: open_file (sceIoOpen) returned 0x80010002
[13:57:44.942] |I| [export_sceIoOpen]: Opening file: app0:/data/Shaders/PhyreGlow.cgfx.phyre
[13:57:44.943] |E| [open_file]: Missing file at C:/Users/Unlighted/Documents/vita/windows-latest/ux0/app/PCSG00868/data/Shaders/PhyreGlow.cgfx.phyre (target path: app0:/data/Shaders/PhyreGlow.cgfx.phyre)
[13:57:44.943] |W| [io_error_impl]: open_file (sceIoOpen) returned 0x80010002
[13:57:44.960] |I| [export_sceIoOpen]: Opening file: app0:/data/Shaders/copybuffer.cgfx.phyre
[13:57:44.960] |E| [open_file]: Missing file at C:/Users/Unlighted/Documents/vita/windows-latest/ux0/app/PCSG00868/data/Shaders/copybuffer.cgfx.phyre (target path: app0:/data/Shaders/copybuffer.cgfx.phyre)
[13:57:44.961] |W| [io_error_impl]: open_file (sceIoOpen) returned 0x80010002
[13:57:44.961] |I| [export_sceIoOpen]: Opening file: app0:/data/Shaders/copybuffer.cgfx.phyre
[13:57:44.962] |E| [open_file]: Missing file at C:/Users/Unlighted/Documents/vita/windows-latest/ux0/app/PCSG00868/data/Shaders/copybuffer.cgfx.phyre (target path: app0:/data/Shaders/copybuffer.cgfx.phyre)
[13:57:47.939] |W| [io_error_impl]: open_file (sceIoOpen) returned 0x80010002
[13:57:47.957] |I| [export_sceIoOpen]: Opening file: app0:/data/Shaders/blur.cgfx.phyre
[13:57:47.958] |E| [open_file]: Missing file at C:/Users/Unlighted/Documents/vita/windows-latest/ux0/app/PCSG00868/data/Shaders/blur.cgfx.phyre (target path: app0:/data/Shaders/blur.cgfx.phyre)
[13:57:47.959] |W| [io_error_impl]: open_file (sceIoOpen) returned 0x80010002
[13:57:47.960] |I| [export_sceIoOpen]: Opening file: app0:/data/Shaders/blur.cgfx.phyre
[13:57:47.960] |E| [open_file]: Missing file at C:/Users/Unlighted/Documents/vita/windows-latest/ux0/app/PCSG00868/data/Shaders/blur.cgfx.phyre (target path: app0:/data/Shaders/blur.cgfx.phyre)
[13:57:47.961] |W| [io_error_impl]: open_file (sceIoOpen) returned 0x80010002
[13:57:47.978] |I| [export_sceIoOpen]: Opening file: app0:/data/Shaders/Decal.cgfx.phyre
[13:57:47.979] |E| [open_file]: Missing file at C:/Users/Unlighted/Documents/vita/windows-latest/ux0/app/PCSG00868/data/Shaders/Decal.cgfx.phyre (target path: app0:/data/Shaders/Decal.cgfx.phyre)
[13:57:47.979] |W| [io_error_impl]: open_file (sceIoOpen) returned 0x80010002
[13:57:47.980] |I| [export_sceIoOpen]: Opening file: app0:/data/Shaders/Decal.cgfx.phyre
[13:57:47.980] |E| [open_file]: Missing file at C:/Users/Unlighted/Documents/vita/windows-latest/ux0/app/PCSG00868/data/Shaders/Decal.cgfx.phyre (target path: app0:/data/Shaders/Decal.cgfx.phyre)
[13:57:47.981] |W| [io_error_impl]: open_file (sceIoOpen) returned 0x80010002
[13:57:48.049] |I| [export_sceIoOpen]: Opening file: app0:/data/Shaders/prim_shader.cgfx.phyre
[13:57:48.052] |E| [open_file]: Missing file at C:/Users/Unlighted/Documents/vita/windows-latest/ux0/app/PCSG00868/data/Shaders/prim_shader.cgfx.phyre (target path: app0:/data/Shaders/prim_shader.cgfx.phyre)
[13:57:48.054] |W| [io_error_impl]: open_file (sceIoOpen) returned 0x80010002
[13:57:48.056] |I| [export_sceIoOpen]: Opening file: app0:/data/Shaders/prim_shader.cgfx.phyre
[13:57:48.057] |E| [open_file]: Missing file at C:/Users/Unlighted/Documents/vita/windows-latest/ux0/app/PCSG00868/data/Shaders/prim_shader.cgfx.phyre (target path: app0:/data/Shaders/prim_shader.cgfx.phyre)
[13:57:48.059] |W| [io_error_impl]: open_file (sceIoOpen) returned 0x80010002
[13:57:48.076] |I| [export_sceIoOpen]: Opening file: app0:/data/Shaders/prim_shader_tex.cgfx.phyre
[13:57:48.076] |E| [open_file]: Missing file at C:/Users/Unlighted/Documents/vita/windows-latest/ux0/app/PCSG00868/data/Shaders/prim_shader_tex.cgfx.phyre (target path: app0:/data/Shaders/prim_shader_tex.cgfx.phyre)
[13:57:48.078] |W| [io_error_impl]: open_file (sceIoOpen) returned 0x80010002
[13:57:48.078] |I| [export_sceIoOpen]: Opening file: app0:/data/Shaders/prim_shader_tex.cgfx.phyre
[13:57:48.079] |E| [open_file]: Missing file at C:/Users/Unlighted/Documents/vita/windows-latest/ux0/app/PCSG00868/data/Shaders/prim_shader_tex.cgfx.phyre (target path: app0:/data/Shaders/prim_shader_tex.cgfx.phyre)
[13:57:48.080] |W| [io_error_impl]: open_file (sceIoOpen) returned 0x80010002
[13:57:48.097] |I| [export_sceIoOpen]: Opening file: app0:/data/Shaders/prim_shader_zpre.cgfx.phyre
[13:57:48.098] |E| [open_file]: Missing file at C:/Users/Unlighted/Documents/vita/windows-latest/ux0/app/PCSG00868/data/Shaders/prim_shader_zpre.cgfx.phyre (target path: app0:/data/Shaders/prim_shader_zpre.cgfx.phyre)
[13:57:48.098] |W| [io_error_impl]: open_file (sceIoOpen) returned 0x80010002
[13:57:48.102] |I| [export_sceIoOpen]: Opening file: app0:/data/Shaders/prim_shader_zpre.cgfx.phyre
[13:57:48.103] |E| [open_file]: Missing file at C:/Users/Unlighted/Documents/vita/windows-latest/ux0/app/PCSG00868/data/Shaders/prim_shader_zpre.cgfx.phyre (target path: app0:/data/Shaders/prim_shader_zpre.cgfx.phyre)
[13:57:48.104] |W| [io_error_impl]: open_file (sceIoOpen) returned 0x80010002
[13:57:48.122] |I| [export_sceIoOpen]: Opening file: app0:/data/Shaders/prim_shader_effect.cgfx.phyre
[13:57:48.122] |E| [open_file]: Missing file at C:/Users/Unlighted/Documents/vita/windows-latest/ux0/app/PCSG00868/data/Shaders/prim_shader_effect.cgfx.phyre (target path: app0:/data/Shaders/prim_shader_effect.cgfx.phyre)
[13:57:48.123] |W| [io_error_impl]: open_file (sceIoOpen) returned 0x80010002
[13:57:48.124] |I| [export_sceIoOpen]: Opening file: app0:/data/Shaders/prim_shader_effect.cgfx.phyre
[13:57:48.124] |E| [open_file]: Missing file at C:/Users/Unlighted/Documents/vita/windows-latest/ux0/app/PCSG00868/data/Shaders/prim_shader_effect.cgfx.phyre (target path: app0:/data/Shaders/prim_shader_effect.cgfx.phyre)
[13:57:48.125] |W| [io_error_impl]: open_file (sceIoOpen) returned 0x80010002
[13:57:48.220] |I| [export_sceIoOpen]: Opening file: app0:/data/effb/sds.bin
[13:57:48.229] |E| [open_file]: Missing file at C:/Users/Unlighted/Documents/vita/windows-latest/ux0/app/PCSG00868/data/effb/sds.bin (target path: app0:/data/effb/sds.bin)
[13:57:48.230] |W| [io_error_impl]: open_file (sceIoOpen) returned 0x80010002
[13:57:48.230] |I| [export_sceIoOpen]: Opening file: app0:/data/effb/sds.bin
[13:57:48.231] |E| [open_file]: Missing file at C:/Users/Unlighted/Documents/vita/windows-latest/ux0/app/PCSG00868/data/effb/sds.bin (target path: app0:/data/effb/sds.bin)
[13:57:48.231] |W| [io_error_impl]: open_file (sceIoOpen) returned 0x80010002
[13:57:48.354] |I| [export_sceIoOpen]: Opening file: app0:/data/chcr/chcr.dat
[13:57:48.354] |E| [open_file]: Missing file at C:/Users/Unlighted/Documents/vita/windows-latest/ux0/app/PCSG00868/data/chcr/chcr.dat (target path: app0:/data/chcr/chcr.dat)
[13:57:48.355] |W| [io_error_impl]: open_file (sceIoOpen) returned 0x80010002
[13:57:48.355] |I| [export_sceIoOpen]: Opening file: app0:/data/chcr/chcr.dat
[13:57:48.356] |E| [open_file]: Missing file at C:/Users/Unlighted/Documents/vita/windows-latest/ux0/app/PCSG00868/data/chcr/chcr.dat (target path: app0:/data/chcr/chcr.dat)
[13:57:48.356] |W| [io_error_impl]: open_file (sceIoOpen) returned 0x80010002
[13:57:48.394] |T| [log_import_call]: [LLE] TID: 8   FUNC: 0xDF4C665A sceSystemGestureUpdatePrimitiveTouchRecognizer at 0x7C9804
[13:57:48.397] |W| [unimplemented_impl]: Unimplemented sceMotionGetState import called.
[13:57:48.400] |T| [log_import_call]: [LLE] TID: 8   FUNC: 0x851FB144 sceSystemGestureUpdateTouchRecognizer at 0x7C97D4
[13:57:48.404] |T| [log_import_call]: [LLE] TID: 8   FUNC: 0x13AD2218 sceSystemGestureGetTouchEventsCount at 0x7C9794
[13:57:48.423] |W| [unimplemented_impl]: Unimplemented sceSslInit import called.
[13:57:48.423] |W| [stubbed_impl]: Stubbed sceHttpInit import called. (Fail when called)
[13:57:48.463] |T| [write_file]: *** TTY: TrophyRegisterSet() failed ret = 0x81000016
[13:57:48.478] |C| [handle_access_violation]: Unhandled write protected region was valid. Address=0x10
[13:57:48.876] |W| [unimplemented_impl]: Unimplemented sceCommonDialogUpdate import called.
[13:57:48.889] |I| [export_sceIoOpen]: Opening file: app0:/data/sound/acf
[13:57:48.896] |E| [open_file]: Missing file at C:/Users/Unlighted/Documents/vita/windows-latest/ux0/app/PCSG00868/data/sound/acf (target path: app0:/data/sound/acf)
[13:57:48.899] |W| [io_error_impl]: open_file (sceIoOpen) returned 0x80010002
[13:57:48.903] |I| [export_sceIoOpen]: Opening file: app0:/data/sound/acf
[13:57:48.909] |E| [open_file]: Missing file at C:/Users/Unlighted/Documents/vita/windows-latest/ux0/app/PCSG00868/data/sound/acf (target path: app0:/data/sound/acf)
[13:57:48.912] |W| [io_error_impl]: open_file (sceIoOpen) returned 0x80010002
[13:57:49.046] |I| [export_sceIoOpen]: Opening file: app0:/data/sound/se/sys
[13:57:49.049] |E| [open_file]: Missing file at C:/Users/Unlighted/Documents/vita/windows-latest/ux0/app/PCSG00868/data/sound/se/sys (target path: app0:/data/sound/se/sys)
[13:57:49.051] |W| [io_error_impl]: open_file (sceIoOpen) returned 0x80010002
[13:57:49.052] |I| [export_sceIoOpen]: Opening file: app0:/data/sound/se/sys
[13:57:49.052] |E| [open_file]: Missing file at C:/Users/Unlighted/Documents/vita/windows-latest/ux0/app/PCSG00868/data/sound/se/sys (target path: app0:/data/sound/se/sys)
[13:57:49.053] |W| [io_error_impl]: open_file (sceIoOpen) returned 0x80010002
[13:57:49.070] |I| [export_sceIoOpen]: Opening file: app0:/data/sound/se/env
[13:57:49.071] |E| [open_file]: Missing file at C:/Users/Unlighted/Documents/vita/windows-latest/ux0/app/PCSG00868/data/sound/se/env (target path: app0:/data/sound/se/env)
[13:57:49.072] |W| [io_error_impl]: open_file (sceIoOpen) returned 0x80010002
[13:57:49.073] |I| [export_sceIoOpen]: Opening file: app0:/data/sound/se/env
[13:57:49.073] |E| [open_file]: Missing file at C:/Users/Unlighted/Documents/vita/windows-latest/ux0/app/PCSG00868/data/sound/se/env (target path: app0:/data/sound/se/env)
[13:57:49.074] |W| [io_error_impl]: open_file (sceIoOpen) returned 0x80010002
[13:57:49.091] |I| [export_sceIoOpen]: Opening file: app0:/data/sys/sys
[13:57:49.091] |E| [open_file]: Missing file at C:/Users/Unlighted/Documents/vita/windows-latest/ux0/app/PCSG00868/data/sys/sys (target path: app0:/data/sys/sys)
[13:57:49.092] |W| [io_error_impl]: open_file (sceIoOpen) returned 0x80010002
[13:57:49.092] |I| [export_sceIoOpen]: Opening file: app0:/data/sys/sys
[13:57:49.093] |E| [open_file]: Missing file at C:/Users/Unlighted/Documents/vita/windows-latest/ux0/app/PCSG00868/data/sys/sys (target path: app0:/data/sys/sys)
[13:57:49.094] |W| [io_error_impl]: open_file (sceIoOpen) returned 0x80010002
[13:57:49.145] |I| [export_sceIoOpen]: Opening file: app0:/data/sys/sysp
[13:57:49.145] |E| [open_file]: Missing file at C:/Users/Unlighted/Documents/vita/windows-latest/ux0/app/PCSG00868/data/sys/sysp (target path: app0:/data/sys/sysp)
[13:57:49.146] |W| [io_error_impl]: open_file (sceIoOpen) returned 0x80010002
[13:57:49.147] |I| [export_sceIoOpen]: Opening file: app0:/data/sys/sysp
[13:57:49.147] |E| [open_file]: Missing file at C:/Users/Unlighted/Documents/vita/windows-latest/ux0/app/PCSG00868/data/sys/sysp (target path: app0:/data/sys/sysp)
[13:57:49.148] |W| [io_error_impl]: open_file (sceIoOpen) returned 0x80010002
[13:57:49.243] |E| [open_file]: Missing file at C:/Users/Unlighted/Documents/vita/windows-latest/ux0/user/00/savedata/PCSG00868/SlotParam_4294967295.bin (target path: savedata0:/SlotParam_4294967295.bin)
[13:57:49.245] |W| [io_error_impl]: open_file (sceSaveDataDialogInit) returned 0x80010002
[13:57:49.246] |T| [write_file]: *** TTY: Return code from sceCtrlPeekBufferPositive2() : 0
[13:57:49.258] |T| [write_file]: *** TTY: Return code from sceCtrlPeekBufferPositive2() : 0
