[04:59:20.509] |I| [config::init]: lle-modules: libpgf,libhttp,libpaf,libpaf_web_map_view,libpvf,libSceXml,libSceJson,libatrac,apputil_ext,apputil
[04:59:20.510] |I| [config::init]: log-level: 1
[04:59:20.510] |I| [config::init]: log-imports: false
[04:59:20.511] |I| [config::init]: log-exports: false
[04:59:20.511] |I| [config::init]: log-active-shaders: false
[04:59:20.511] |I| [config::init]: log-uniforms: false
[04:59:20.511] |I| [config::init]: sync-rendering: false
[04:59:20.514] |I| [SDL_main]: Vita3K v0.1 1076-bc03af6
[04:59:21.312] |I| [init]: Swap interval = -1
[04:59:21.369] |I| [gui::init_icons]: Default icon found for title MP4PLAYER, Mp4 Pl.
[04:59:21.584] |I| [gui::init_icons]: Default icon found for title SKGCBSMGR, Custom Boot Splash Manager.
[04:59:21.585] |I| [gui::init_icons]: Default icon found for title SKGTLSE12, iTLS-Enso.
[04:59:21.585] |I| [gui::init_icons]: Default icon found for title SKOG00001, Snes9xVITA.
[04:59:21.589] |I| [gui::init_icons]: Default icon found for title VCID00001, VitaCID.
[04:59:21.591] |I| [gui::init_icons]: Default icon found for title VITATESTR, VitaTester.
[04:59:32.200] |I| [load_app_impl]: Title: Sword Art Online -Hollow Fragment-
[04:59:32.200] |I| [load_app_impl]: Serial: PCSB00618
[04:59:32.201] |I| [load_app_impl]: Version: 01.02
[04:59:32.201] |I| [load_app_impl]: Category: gp
[04:59:32.220] |I| [load_self]: Loading symbols for SELF: app0:sce_module/libc.suprx
[04:59:32.221] |D| [load_var_exports]: 	NID 0x936C8A78 (SYSLYB) at 0x44164
[04:59:32.221] |D| [load_var_exports]: 	NID 0x6C2224BA (NID_MODULE_INFO) at 0x3A0FC
[04:59:32.221] |W| [load_var_imports]: 	NID NOT FOUND 0x93B8AA67 (__stack_chk_guard) at 0x3E0BC, setting to stub value 0xDEADBEEF
[04:59:32.221] |W| [load_var_imports]: 	NID NOT FOUND 0xDF084DFA (UNRECOGNISED) at 0x3FB70, setting to stub value 0xDEADBEEF
[04:59:32.221] |I| [load_app_impl]: Pre-load module SceLibc (at "sce_module/libc.suprx") loaded
[04:59:32.230] |I| [load_self]: Loading symbols for SELF: app0:sce_module/libfios2.suprx
[04:59:32.231] |D| [load_var_exports]: 	NID 0x936C8A78 (SYSLYB) at 0x7F034
[04:59:32.231] |D| [load_var_exports]: 	NID 0x6C2224BA (NID_MODULE_INFO) at 0x76548
[04:59:32.231] |I| [load_app_impl]: Pre-load module SceLibFios2 (at "sce_module/libfios2.suprx") loaded
[04:59:32.252] |I| [load_self]: Loading symbols for SELF: app0:sce_module/libult.suprx
[04:59:32.252] |D| [load_var_exports]: 	NID 0x936C8A78 (SYSLYB) at 0x983C8
[04:59:32.253] |D| [load_var_exports]: 	NID 0x6C2224BA (NID_MODULE_INFO) at 0x95944
[04:59:32.253] |W| [load_var_imports]: 	NID NOT FOUND 0x936A5F31 (_pLibPerfCaptureFlagPtr) at 0x961A0, setting to stub value 0xDEADBEEF
[04:59:32.254] |I| [load_app_impl]: Pre-load module SceUlt (at "sce_module/libult.suprx") loaded
[04:59:32.430] |I| [load_self]: Loading symbols for SELF: app0:eboot.bin
[04:59:32.431] |D| [load_var_exports]: 	NID 0x6C2224BA (NID_MODULE_INFO) at 0x4B05E0
[04:59:32.431] |D| [load_var_exports]: 	NID 0x70FBA1E7 (SCE_PROC_PARAMS) at 0x5E6854
[04:59:32.432] |I| [load_app_impl]: Main executable pole2 (eboot.bin) loaded
[04:59:32.436] |D| [run_app]: Running module_start of library: SceLibc
[04:59:32.446] |I| [run_app]: Module SceLibc (at "app0:sce_module/libc.suprx") module_start returned 0x0
[04:59:32.447] |D| [run_app]: Running module_start of library: SceLibFios2
[04:59:32.450] |W| [stubbed_impl]: Stubbed sceKernelGetProcessId import called. (pid: 0)
[04:59:32.451] |W| [unimplemented_impl]: Unimplemented sceFiosOverlayGetList02 import called.
[04:59:32.451] |I| [run_app]: Module SceLibFios2 (at "app0:sce_module/libfios2.suprx") module_start returned 0x0
[04:59:32.452] |D| [run_app]: Running module_start of library: SceUlt
[04:59:32.455] |W| [unimplemented_impl]: Unimplemented _sceUlobjMgrRegisterLibultProtocolRevision import called.
[04:59:32.456] |I| [run_app]: Module SceUlt (at "app0:sce_module/libult.suprx") module_start returned 0x0
[04:59:32.461] |I| [load_self]: Loading symbols for SELF: app0:mai_moe/mai.suprx
[04:59:32.462] |D| [load_var_exports]: 	NID 0x6C2224BA (NID_MODULE_INFO) at 0x7C37E4
[04:59:32.463] |D| [load_var_exports]: 	NID 0x70FBA1E7 (SCE_PROC_PARAMS) at 0x7C3840
[04:59:32.473] |I| [export_sceIoOpen]: Opening file: app0:mai_moe/load_type.mai
[04:59:32.480] |I| [export_sceKernelLoadStartModule]: Module SceLibFios2 (at "app0:sce_module/libfios2.suprx") module_start returned 0x0
[04:59:32.496] |I| [load_self]: Loading symbols for SELF: app0:sce_module/libfios2_m.suprx
[04:59:32.496] |D| [load_var_exports]: 	NID 0x936C8A78 (SYSLYB) at 0x871034
[04:59:32.497] |D| [load_var_exports]: 	NID 0x6C2224BA (NID_MODULE_INFO) at 0x868548
[04:59:32.503] |I| [export_sceKernelLoadStartModule]: Module mceLibFios2 (at "app0:sce_module/libfios2_m.suprx") module_start returned 0x0
[04:59:32.505] |W| [io_error_impl]: open_dir (sceIoDopen) returned 0x80010002
[04:59:32.505] |W| [io_error_impl]: read_dir (sceIoDread) returned 0x80010051
[04:59:32.506] |W| [io_error_impl]: close_dir (sceIoDclose) returned 0x80010051
[04:59:32.573] |I| [export_sceKernelLoadStartModule]: Module output/testprx.elf (at "app0:mai_moe/mai.suprx") module_start returned 0x0
[04:59:32.576] |W| [unimplemented_impl]: Unimplemented sceKernelGetModuleInfoByAddr import called.
[04:59:32.577] |W| [unimplemented_impl]: Unimplemented sceKernelRegisterThreadEventHandler import called.
[04:59:32.607] |W| [stubbed_impl]: Stubbed sceKernelLockLwMutexCB import called. (no CB)
[04:59:32.880] |W| [unimplemented_impl]: Unimplemented sceAppUtilInit import called.
[04:59:32.910] |I| [renderer::create]: GL_VERSION = 4.1.0 NVIDIA 430.86
[04:59:32.911] |I| [renderer::create]: GL_SHADING_LANGUAGE_VERSION = 4.10 NVIDIA via Cg compiler
[04:59:32.933] |I| [renderer::load_shader]: Generating vert shader 1b6a33ba808175118e24d6ce1ad40fd7d3138759173199906ba4ea5259c48a1f
[04:59:32.935] |D| [shader::create_parameters]: [BUFFER0  + 0] pa0 = (float4) aPosition
[04:59:32.935] |W| [shader::create_parameters]: Container for literal not found, skipping creating literals!
[04:59:32.938] |D| [shader::spirv_disasm_print]: SPIR-V Disassembly:
// Module Version 10300
// Generated by (magic number): 1337000
// Id's are bound by 91

                              Capability Shader
              51:             ExtInstImport  "GLSL.std.450"
                              MemoryModel Logical GLSL450
                              EntryPoint Vertex 4  "main_vs"
               1:             String  "1b6a33ba808175118e24d6ce1ad40fd7d3138759173199906ba4ea5259c48a1f"
                              SourceExtension  "gxp"
                              Name 4  "main_vs"
                              Name 23  "pa"
                              Name 24  "sa"
                              Name 26  "internals"
                              Name 28  "r"
                              Name 30  "p"
                              Name 32  "idx"
                              Name 34  "outs"
                              Name 36  "aPosition"
                              Name 42  "vert_output_finalize"
                              Name 45  "v_Position"
                              Name 64  "block_prim_0"
                              Decorate 45(v_Position) BuiltIn Position
               2:             TypeVoid
               3:             TypeFunction 2
               6:             TypeFloat 32
               7:             TypeInt 32 1
               8:             TypeBool
               9:             TypeVector 6(float) 4
              10:      7(int) Constant 32
              11:             TypeArray 9(fvec4) 10
              12:      7(int) Constant 3
              13:             TypeArray 9(fvec4) 12
              14:      7(int) Constant 20
              15:             TypeArray 9(fvec4) 14
              16:      7(int) Constant 2
              17:             TypeArray 7(int) 16
              18:      7(int) Constant 4
              19:             TypeArray 8(bool) 18
              20:      7(int) Constant 10
              21:             TypeArray 9(fvec4) 20
              22:             TypePointer Private 11
          23(pa):     22(ptr) Variable Private
          24(sa):     22(ptr) Variable Private
              25:             TypePointer Private 13
   26(internals):     25(ptr) Variable Private
              27:             TypePointer Private 15
           28(r):     27(ptr) Variable Private
              29:             TypePointer Private 19
           30(p):     29(ptr) Variable Private
              31:             TypePointer Private 17
         32(idx):     31(ptr) Variable Private
              33:             TypePointer Private 21
        34(outs):     33(ptr) Variable Private
              35:             TypePointer Input 9(fvec4)
   36(aPosition):     35(ptr) Variable Input
              38:             TypePointer Private 6(float)
              39:             TypePointer Private 9(fvec4)
              40:      7(int) Constant 0
              44:             TypePointer Output 9(fvec4)
  45(v_Position):     44(ptr) Variable Output
              52:             TypeInt 32 0
              53:    6(float) Constant 1056964608
              54:    6(float) Constant 0
              55:    6(float) Constant 1065353216
              56:    6(float) Constant 1073741824
              57:             TypeVector 6(float) 1
              58:    57(fvec) ConstantComposite 54
              59:             TypeVector 6(float) 2
              60:   59(fvec2) ConstantComposite 54 54
              61:             TypeVector 6(float) 3
              62:   61(fvec3) ConstantComposite 54 54 54
              63:    9(fvec4) ConstantComposite 54 54 54 54
              71:      7(int) Constant 1
              74:   59(fvec2) ConstantComposite 55 55
      4(main_vs):           2 Function None 3
               5:             Label
              37:    9(fvec4) Load 36(aPosition)
              41:     39(ptr) AccessChain 23(pa) 40
                              Store 41 37
              90:           2 FunctionCall 64(block_prim_0)
                              Return
                              FunctionEnd
42(vert_output_finalize):           2 Function None 3
              43:             Label
              46:     39(ptr) AccessChain 34(outs) 40
              47:     39(ptr) AccessChain 34(outs) 40
              48:    9(fvec4) Load 47
              49:    9(fvec4) Load 46
                              Store 45(v_Position) 49
                              Return
                              FunctionEnd
64(block_prim_0):           2 Function None 3
              65:             Label
                              Line 1 1 0
              66:     39(ptr) AccessChain 23(pa) 40
              67:     39(ptr) AccessChain 23(pa) 40
              68:    9(fvec4) Load 67
              69:    9(fvec4) Load 66
              70:    6(float) VectorExtractDynamic 69 40
              72:    6(float) VectorExtractDynamic 69 71
              73:   59(fvec2) CompositeConstruct 70 72
              75:   59(fvec2) FMul 73 74
              76:     39(ptr) AccessChain 34(outs) 40
              77:    9(fvec4) Load 76
              78:    9(fvec4) VectorShuffle 77 75 4 5 2 3
                              Store 76 78
                              Line 1 2 0
              79:     39(ptr) AccessChain 23(pa) 40
              80:     39(ptr) AccessChain 23(pa) 71
              81:    9(fvec4) Load 80
              82:    9(fvec4) Load 79
              83:    6(float) VectorExtractDynamic 82 16
              84:   59(fvec2) CompositeConstruct 83 55
              85:   59(fvec2) FMul 84 74
              86:     39(ptr) AccessChain 34(outs) 40
              87:    9(fvec4) Load 86
              88:    9(fvec4) VectorShuffle 87 85 0 1 4 5
                              Store 86 88
              89:           2 FunctionCall 42(vert_output_finalize)
                              Return
                              FunctionEnd

[04:59:32.940] |D| [shader::convert_gxp_to_glsl]: Generated GLSL:
#version 410
#ifdef GL_ARB_shading_language_420pack
#extension GL_ARB_shading_language_420pack : require
#endif

in vec4 aPosition;
vec4 pa[32];
vec4 sa[32];
vec4 internals[3];
vec4 r[20];
bool p[4];
int idx[2];
vec4 outs[10];

void vert_output_finalize()
{
    gl_Position = outs[0];
}

void block_prim_0()
{
    vec2 _75 = vec2(pa[0].x, pa[0].y) * vec2(1.0);
    outs[0] = vec4(_75.x, _75.y, outs[0].z, outs[0].w);
    vec2 _85 = vec2(pa[0].z, 1.0) * vec2(1.0);
    outs[0] = vec4(outs[0].x, outs[0].y, _85.x, _85.y);
    vert_output_finalize();
}

void main()
{
    pa[0] = aPosition;
    block_prim_0();
}


[04:59:32.970] |I| [renderer::load_shader]: Generating frag shader 75d5601f320abb790b5a7c8f61c5beae01e15c46c996359fe96ba9f34dca817b
[04:59:32.972] |D| [shader::create_parameters]: [DEFAULT  + 0] sa0 = (float4) primColor
[04:59:32.973] |W| [shader::create_parameters]: Container for literal not found, skipping creating literals!
[04:59:32.975] |D| [shader::spirv_disasm_print]: SPIR-V Disassembly:
// Module Version 10300
// Generated by (magic number): 1337000
// Id's are bound by 113

                              Capability Shader
              60:             ExtInstImport  "GLSL.std.450"
              74:             ExtInstImport  "GLSL.std.450"
              98:             ExtInstImport  "GLSL.std.450"
                              MemoryModel Logical GLSL450
                              EntryPoint Fragment 4  "main_fs"
                              ExecutionMode 4 OriginLowerLeft
               1:             String  "75d5601f320abb790b5a7c8f61c5beae01e15c46c996359fe96ba9f34dca817b"
                              SourceExtension  "gxp"
                              Name 4  "main_fs"
                              Name 23  "pa"
                              Name 24  "sa"
                              Name 26  "internals"
                              Name 28  "r"
                              Name 30  "p"
                              Name 32  "idx"
                              Name 34  "outs"
                              Name 36  "primColor"
                              Name 42  "frag_output_finalize"
                              Name 57  "f32_2_2xf16"
                              Name 72  "out_color"
                              Name 85  "block_prim_0"
                              Name 96  "twoXf16_2_f32"
                              Decorate 72(out_color) Location 0
               2:             TypeVoid
               3:             TypeFunction 2
               6:             TypeFloat 32
               7:             TypeInt 32 1
               8:             TypeBool
               9:             TypeVector 6(float) 4
              10:      7(int) Constant 32
              11:             TypeArray 9(fvec4) 10
              12:      7(int) Constant 3
              13:             TypeArray 9(fvec4) 12
              14:      7(int) Constant 20
              15:             TypeArray 9(fvec4) 14
              16:      7(int) Constant 2
              17:             TypeArray 7(int) 16
              18:      7(int) Constant 4
              19:             TypeArray 8(bool) 18
              20:      7(int) Constant 10
              21:             TypeArray 9(fvec4) 20
              22:             TypePointer Private 11
          23(pa):     22(ptr) Variable Private
          24(sa):     22(ptr) Variable Private
              25:             TypePointer Private 13
   26(internals):     25(ptr) Variable Private
              27:             TypePointer Private 15
           28(r):     27(ptr) Variable Private
              29:             TypePointer Private 19
           30(p):     29(ptr) Variable Private
              31:             TypePointer Private 17
         32(idx):     31(ptr) Variable Private
              33:             TypePointer Private 21
        34(outs):     33(ptr) Variable Private
              35:             TypePointer UniformConstant 9(fvec4)
   36(primColor):     35(ptr) Variable UniformConstant
              38:             TypePointer Private 6(float)
              39:             TypePointer Private 9(fvec4)
              40:      7(int) Constant 0
              49:      7(int) Constant 1
              51:             TypeVector 6(float) 2
              54:             TypeInt 32 0
              55:             TypeFunction 51(fvec2) 6(float)
              71:             TypePointer Output 9(fvec4)
   72(out_color):     71(ptr) Variable Output
              75:    6(float) Constant 1056964608
              76:    6(float) Constant 0
              77:    6(float) Constant 1065353216
              78:    6(float) Constant 1073741824
              79:             TypeVector 6(float) 1
              80:    79(fvec) ConstantComposite 76
              81:   51(fvec2) ConstantComposite 76 76
              82:             TypeVector 6(float) 3
              83:   82(fvec3) ConstantComposite 76 76 76
              84:    9(fvec4) ConstantComposite 76 76 76 76
              94:             TypeFunction 6(float) 51(fvec2)
      4(main_fs):           2 Function None 3
               5:             Label
              37:    9(fvec4) Load 36(primColor)
              41:     39(ptr) AccessChain 24(sa) 40
                              Store 41 37
             112:           2 FunctionCall 85(block_prim_0)
                              Return
                              FunctionEnd
42(frag_output_finalize):           2 Function None 3
              43:             Label
              44:     39(ptr) AccessChain 23(pa) 40
              45:     39(ptr) AccessChain 23(pa) 40
              46:    9(fvec4) Load 45
              47:    9(fvec4) Load 44
              48:    6(float) VectorExtractDynamic 47 40
              50:    6(float) VectorExtractDynamic 47 49
              52:   51(fvec2) CompositeConstruct 48 50
              53:    6(float) VectorExtractDynamic 52 40
              63:   51(fvec2) FunctionCall 57(f32_2_2xf16) 53
              64:    6(float) VectorExtractDynamic 52 49
              65:   51(fvec2) FunctionCall 57(f32_2_2xf16) 64
              66:    6(float) VectorExtractDynamic 63 40
              67:    6(float) VectorExtractDynamic 63 49
              68:    6(float) VectorExtractDynamic 65 40
              69:    6(float) VectorExtractDynamic 65 49
              70:    9(fvec4) CompositeConstruct 66 67 68 69
                              Store 72(out_color) 70
                              Return
                              FunctionEnd
 57(f32_2_2xf16):   51(fvec2) Function None 55
              56:    6(float) FunctionParameter
              58:             Label
              59:     54(int) Bitcast 56
              61:   51(fvec2) ExtInst 60(GLSL.std.450) 61(UnpackUnorm2x16) 59
                              ReturnValue 61
                              FunctionEnd
85(block_prim_0):           2 Function None 3
              86:             Label
                              Line 1 1 0
              87:     39(ptr) AccessChain 24(sa) 40
              88:     39(ptr) AccessChain 24(sa) 40
              89:    9(fvec4) Load 88
              90:    9(fvec4) Load 87
              91:    6(float) VectorExtractDynamic 90 40
              92:    6(float) VectorExtractDynamic 90 49
              93:   51(fvec2) CompositeConstruct 91 92
             102:    6(float) FunctionCall 96(twoXf16_2_f32) 93
             103:    6(float) VectorExtractDynamic 90 16
             104:    6(float) VectorExtractDynamic 90 12
             105:   51(fvec2) CompositeConstruct 103 104
             106:    6(float) FunctionCall 96(twoXf16_2_f32) 105
             107:   51(fvec2) CompositeConstruct 102 106
             108:     39(ptr) AccessChain 23(pa) 40
             109:    9(fvec4) Load 108
             110:    9(fvec4) VectorShuffle 109 107 4 5 2 3
                              Store 108 110
             111:           2 FunctionCall 42(frag_output_finalize)
                              Return
                              FunctionEnd
96(twoXf16_2_f32):    6(float) Function None 94
              95:   51(fvec2) FunctionParameter
              97:             Label
              99:     54(int) ExtInst 98(GLSL.std.450) 57(PackUnorm2x16) 95
             100:    6(float) Bitcast 99
                              ReturnValue 100
                              FunctionEnd

[04:59:32.977] |D| [shader::convert_gxp_to_glsl]: Generated GLSL:
#version 410
#ifdef GL_ARB_shading_language_420pack
#extension GL_ARB_shading_language_420pack : require
#endif

uniform vec4 primColor;

layout(location = 0) out vec4 out_color;
vec4 pa[32];
vec4 sa[32];
vec4 internals[3];
vec4 r[20];
bool p[4];
int idx[2];
vec4 outs[10];

float twoXf16_2_f32(vec2 _95)
{
    return uintBitsToFloat(packUnorm2x16(_95));
}

vec2 f32_2_2xf16(float _56)
{
    return unpackUnorm2x16(floatBitsToUint(_56));
}

void frag_output_finalize()
{
    vec2 _52 = vec2(pa[0].x, pa[0].y);
    vec2 _63 = f32_2_2xf16(_52.x);
    vec2 _65 = f32_2_2xf16(_52.y);
    out_color = vec4(_63.x, _63.y, _65.x, _65.y);
}

void block_prim_0()
{
    vec2 _107 = vec2(twoXf16_2_f32(vec2(sa[0].x, sa[0].y)), twoXf16_2_f32(vec2(sa[0].z, sa[0].w)));
    pa[0] = vec4(_107.x, _107.y, pa[0].z, pa[0].w);
    frag_output_finalize();
}

void main()
{
    sa[0] = primColor;
    block_prim_0();
}


[04:59:32.993] |W| [stubbed_impl]: Stubbed sceGxmGetRenderTargetMemSizes import called. (2MB host mem)
[04:59:33.008] |C| [run]: Unicorn error 0x6 at: start PC: 0x571251 error PC 0xCD94E LR: 0x9EE9
