[11:16:06.535] |I| [config::init_config]: input-installed-path: PCSA00064
[11:16:06.538] |I| [config::init_config]: backend-renderer: Vulkan
[11:16:06.538] |I| [config::init_config]: log-level: 0
[11:16:06.539] |I| [config::init_config]: log-uniforms: enabled
[11:16:06.624] |I| [SDL_main]: Vita3K v0.1.8 3209-22ea4f03
[11:16:06.625] |I| [SDL_main]: Number of logical CPU cores: 12
[11:16:06.625] |I| [SDL_main]: Available ram memory: 6005 MiB
[11:16:06.831] |I| [renderer::vulkan::VKState::create]: Vulkan device: AMD Radeon(TM) Graphics
[11:16:06.831] |I| [renderer::vulkan::VKState::create]: Driver version: 2.0.262
[11:16:06.832] |I| [renderer::vulkan::VKState::create]: Memory mapping is enabled
[11:16:06.859] |I| [renderer::vulkan::ScreenRenderer::setup]: Present mode: FifoRelaxed
[11:16:07.293] |W| [compat::load_compat_app_db]: App with Title ID PCSA00158 has an issue but no status label. Please check GitHub issue 1659 and request a status label be added.
[11:16:07.294] |W| [compat::load_compat_app_db]: App with Title ID PCSE00814 has an issue but no status label. Please check GitHub issue 1658 and request a status label be added.
[11:16:07.295] |W| [compat::load_compat_app_db]: App with Title ID PCSA00133 has an issue but no status label. Please check GitHub issue 1649 and request a status label be added.
[11:16:07.295] |W| [compat::load_compat_app_db]: App with Title ID PCSA00127 has an issue but no status label. Please check GitHub issue 1578 and request a status label be added.
[11:16:07.305] |E| [gui::load_app_icon]: Invalid icon for title PCSG00838, [うたわれるもの 二人の白皇] in path PCSG00838.
[11:16:07.468] |I| [compat::update_compat_app_db]: Applications compatibility database is up to date.
[11:16:07.634] |I| [load_app_impl]: cpu-backend: Dynarmic
[11:16:07.635] |I| [load_app_impl]: CPU Optimisation state: true
[11:16:07.635] |I| [load_app_impl]: ngs state: true
[11:16:07.635] |I| [load_app_impl]: Resolution multiplier: 2
[11:16:07.635] |I| [load_app_impl]: modules mode: Automatic
[11:16:07.636] |I| [load_app_impl]: Title: Table Ice Hockey
[11:16:07.636] |I| [load_app_impl]: Serial: PCSA00064
[11:16:07.636] |I| [load_app_impl]: Version: 1.00
[11:16:07.636] |I| [load_app_impl]: Category: gd
[11:16:07.648] |I| [load_self]: app0:sce_module/libc.suprx: Skipping special segment 0x6fffff01...
[11:16:07.649] |I| [load_self]: Loaded module segment 0 @ [0x00005000 - 0x000417DC / 0x81000000] (size: 0x0003C7DC) of module app0:sce_module/libc.suprx
[11:16:07.651] |I| [load_self]: Loaded module segment 1 @ [0x00042000 - 0x00044374 / 0x8103D000] (size: 0x00002374) of module app0:sce_module/libc.suprx
[11:16:07.653] |I| [load_self]: Linking SELF app0:sce_module/libc.suprx...
[11:16:07.653] |D| [load_var_exports]: 	NID 0x6c2224ba (NID_MODULE_INFO) at 0x33220
[11:16:07.654] |I| [pre_load_module]: Pre-load module SceLibc (at "sce_module/libc.suprx") loaded
[11:16:07.662] |I| [load_self]: app0:sce_module/libfios2.suprx: Skipping special segment 0x6fffff01...
[11:16:07.662] |I| [load_self]: Loaded module segment 0 @ [0x00045000 - 0x000671B0 / 0x81000000] (size: 0x000221B0) of module app0:sce_module/libfios2.suprx
[11:16:07.664] |I| [load_self]: Loaded module segment 1 @ [0x00068000 - 0x0006D1B8 / 0x81023000] (size: 0x000051B8) of module app0:sce_module/libfios2.suprx
[11:16:07.665] |I| [load_self]: Linking SELF app0:sce_module/libfios2.suprx...
[11:16:07.666] |D| [load_var_exports]: 	NID 0x6c2224ba (NID_MODULE_INFO) at 0x60cb0
[11:16:07.667] |I| [pre_load_module]: Pre-load module SceLibFios2 (at "sce_module/libfios2.suprx") loaded
[11:16:07.673] |I| [load_self]: app0:sce_module/libult.suprx: Skipping special segment 0x6fffff01...
[11:16:07.674] |I| [load_self]: Loaded module segment 0 @ [0x0006E000 - 0x0008206C / 0x81000000] (size: 0x0001406C) of module app0:sce_module/libult.suprx
[11:16:07.676] |I| [load_self]: Loaded module segment 1 @ [0x00083000 - 0x00083814 / 0x81015000] (size: 0x00000814) of module app0:sce_module/libult.suprx
[11:16:07.677] |I| [load_self]: Linking SELF app0:sce_module/libult.suprx...
[11:16:07.678] |D| [load_var_exports]: 	NID 0x6c2224ba (NID_MODULE_INFO) at 0x7eb68
[11:16:07.679] |I| [pre_load_module]: Pre-load module SceUlt (at "sce_module/libult.suprx") loaded
[11:16:07.689] |I| [load_self]: Loaded module segment 0 @ [0x00084000 - 0x000D4F04 / 0x81000000] (size: 0x00050F04) of module vs0:sys/external/libSceFt2.suprx
[11:16:07.690] |I| [load_self]: Loaded module segment 1 @ [0x000D5000 - 0x000D52F4 / 0x81051000] (size: 0x000002F4) of module vs0:sys/external/libSceFt2.suprx
[11:16:07.691] |I| [load_self]: Linking SELF vs0:sys/external/libSceFt2.suprx...
[11:16:07.692] |D| [load_var_exports]: 	NID 0x936c8a78 (SYSLYB) at 0xc07dc
[11:16:07.693] |D| [load_var_exports]: 	NID 0x6c2224ba (NID_MODULE_INFO) at 0xbff10
[11:16:07.694] |I| [pre_load_module]: Pre-load module SceLibft2 (at "sys/external/libSceFt2.suprx") loaded
[11:16:07.697] |I| [load_self]: Loaded module segment 0 @ [0x000D6000 - 0x000E5F14 / 0x81000000] (size: 0x0000FF14) of module vs0:sys/external/libpvf.suprx
[11:16:07.699] |I| [load_self]: Loaded module segment 1 @ [0x000E6000 - 0x000E6008 / 0x81010000] (size: 0x00000008) of module vs0:sys/external/libpvf.suprx
[11:16:07.700] |I| [load_self]: Linking SELF vs0:sys/external/libpvf.suprx...
[11:16:07.701] |D| [load_var_exports]: 	NID 0x936c8a78 (SYSLYB) at 0xe4710
[11:16:07.702] |D| [load_var_exports]: 	NID 0x6c2224ba (NID_MODULE_INFO) at 0xe4300
[11:16:07.703] |I| [pre_load_module]: Pre-load module SceLibPvf (at "sys/external/libpvf.suprx") loaded
[11:16:07.748] |I| [load_self]: app0:eboot.bin: Skipping special segment 0x6fffff01...
[11:16:07.748] |I| [load_self]: Loaded module segment 0 @ [0x81000000 - 0x811859EC / 0x81000000] (size: 0x001859EC) of module app0:eboot.bin
[11:16:07.750] |I| [load_self]: Loaded module segment 1 @ [0x81186000 - 0x8135B8B4 / 0x81186000] (size: 0x001D58B4) of module app0:eboot.bin
[11:16:07.752] |I| [load_self]: Linking SELF app0:eboot.bin...
[11:16:07.753] |D| [load_var_exports]: 	NID 0x6c2224ba (NID_MODULE_INFO) at 0x8114c46c
[11:16:07.754] |D| [load_var_exports]: 	NID 0x70fba1e7 (SCE_PROC_PARAMS) at 0x81191464
[11:16:07.754] |I| [load_app_impl]: Main executable tablehockey (eboot.bin) loaded
[11:16:07.755] |I| [renderer::vulkan::PipelineCache::read_pipeline_cache]: Found pipeline cache, reading...
[11:16:07.757] |I| [renderer::vulkan::PipelineCache::read_pipeline_cache]: Pipeline cache read and loaded
[11:16:07.768] |I| [renderer::vulkan::VKState::precompile_shader]: Program Compiled 1/14
[11:16:07.793] |I| [renderer::vulkan::VKState::precompile_shader]: Program Compiled 2/14
[11:16:07.796] |I| [renderer::vulkan::VKState::precompile_shader]: Program Compiled 3/14
[11:16:07.801] |I| [renderer::vulkan::VKState::precompile_shader]: Program Compiled 4/14
[11:16:07.808] |I| [renderer::vulkan::VKState::precompile_shader]: Program Compiled 5/14
[11:16:07.822] |I| [renderer::vulkan::VKState::precompile_shader]: Program Compiled 6/14
[11:16:07.839] |I| [renderer::vulkan::VKState::precompile_shader]: Program Compiled 7/14
[11:16:07.857] |I| [renderer::vulkan::VKState::precompile_shader]: Program Compiled 8/14
[11:16:07.872] |I| [renderer::vulkan::VKState::precompile_shader]: Program Compiled 9/14
[11:16:07.890] |I| [renderer::vulkan::VKState::precompile_shader]: Program Compiled 10/14
[11:16:07.906] |I| [renderer::vulkan::VKState::precompile_shader]: Program Compiled 11/14
[11:16:07.925] |I| [renderer::vulkan::VKState::precompile_shader]: Program Compiled 12/14
[11:16:07.942] |I| [renderer::vulkan::VKState::precompile_shader]: Program Compiled 13/14
[11:16:07.956] |I| [renderer::vulkan::VKState::precompile_shader]: Program Compiled 14/14
[11:16:07.989] |D| [run_app]: Running module_start of library: SceLibc at address 0x55e5
[11:16:08.030] |I| [export_sceIoOpen]: Opening file: tty0:
[11:16:08.031] |T| [open_file]: sceIoOpen: Opening terminal tty0:
[11:16:08.032] |I| [export_sceIoOpen]: Opening file: tty0:
[11:16:08.033] |T| [open_file]: sceIoOpen: Opening terminal tty0:
[11:16:08.034] |I| [export_sceIoOpen]: Opening file: tty1:
[11:16:08.035] |T| [open_file]: sceIoOpen: Opening terminal tty1:
[11:16:08.041] |I| [run_app]: Module SceLibc (at "app0:sce_module/libc.suprx") module_start returned 0x0
[11:16:08.044] |D| [run_app]: Running module_start of library: SceLibFios2 at address 0x45001
[11:16:08.060] |W| [stubbed_impl]: Stubbed sceKernelGetProcessId import called. (pid: 0)
[11:16:08.061] |W| [unimplemented_impl]: Unimplemented _sceFiosKernelOverlayGetList import called.
[11:16:08.062] |I| [run_app]: Module SceLibFios2 (at "app0:sce_module/libfios2.suprx") module_start returned 0x0
[11:16:08.066] |D| [run_app]: Running module_start of library: SceUlt at address 0x71b71
[11:16:08.084] |I| [run_app]: Module SceUlt (at "app0:sce_module/libult.suprx") module_start returned 0x0
[11:16:08.688] |W| [stubbed_impl]: Stubbed sceGxmMapFragmentUsseMemory import called. (always return success)
[11:16:08.723] |W| [stubbed_impl]: Stubbed sceGxmMapVertexUsseMemory import called. (always return success)
[11:16:08.727] |W| [stubbed_impl]: Stubbed sceGxmGetRenderTargetMemSize import called. (2MiB emuenv mem)
[11:16:08.755] |W| [unimplemented_impl]: Unimplemented sceAppUtilInit import called.
[11:16:08.756] |I| [export_sceIoOpen]: Opening file: app0:/game_data/language/us_english.txz
[11:16:08.757] |T| [open_file]: sceIoOpen: Opening file app0:/game_data/language/us_english.txz (ux0:/app/PCSA00064/game_data/language/us_english.txz), fd: 0x3
[11:16:08.784] |T| [close_file]: sceIoClose: Closing file fd: 0x3
[11:16:08.785] |I| [export_sceIoOpen]: Opening file: app0:/game_data/fonts/centurygothicbold23.fnt
[11:16:08.786] |T| [open_file]: sceIoOpen: Opening file app0:/game_data/fonts/centurygothicbold23.fnt (ux0:/app/PCSA00064/game_data/fonts/centurygothicbold23.fnt), fd: 0x4
[11:16:08.796] |T| [close_file]: sceIoClose: Closing file fd: 0x4
[11:16:08.797] |I| [export_sceIoOpen]: Opening file: app0:/game_data/fonts/kimberley36.fnt
[11:16:08.798] |T| [open_file]: sceIoOpen: Opening file app0:/game_data/fonts/kimberley36.fnt (ux0:/app/PCSA00064/game_data/fonts/kimberley36.fnt), fd: 0x5
[11:16:08.801] |T| [close_file]: sceIoClose: Closing file fd: 0x5
[11:16:08.801] |I| [export_sceIoOpen]: Opening file: app0:/game_data/fonts/kimberley23.fnt
[11:16:08.802] |T| [open_file]: sceIoOpen: Opening file app0:/game_data/fonts/kimberley23.fnt (ux0:/app/PCSA00064/game_data/fonts/kimberley23.fnt), fd: 0x6
[11:16:08.805] |T| [close_file]: sceIoClose: Closing file fd: 0x6
[11:16:08.805] |I| [export_sceIoOpen]: Opening file: app0:/game_data/fonts/shirt_inner.fnt
[11:16:08.806] |T| [open_file]: sceIoOpen: Opening file app0:/game_data/fonts/shirt_inner.fnt (ux0:/app/PCSA00064/game_data/fonts/shirt_inner.fnt), fd: 0x7
[11:16:08.807] |T| [close_file]: sceIoClose: Closing file fd: 0x7
[11:16:08.808] |I| [export_sceIoOpen]: Opening file: app0:/game_data/fonts/shirt_outer.fnt
[11:16:08.808] |T| [open_file]: sceIoOpen: Opening file app0:/game_data/fonts/shirt_outer.fnt (ux0:/app/PCSA00064/game_data/fonts/shirt_outer.fnt), fd: 0x8
[11:16:08.810] |T| [close_file]: sceIoClose: Closing file fd: 0x8
[11:16:08.811] |I| [export_sceIoOpen]: Opening file: app0:/game_data/fonts/shirt_number_inner.fnt
[11:16:08.813] |T| [open_file]: sceIoOpen: Opening file app0:/game_data/fonts/shirt_number_inner.fnt (ux0:/app/PCSA00064/game_data/fonts/shirt_number_inner.fnt), fd: 0x9
[11:16:08.815] |T| [close_file]: sceIoClose: Closing file fd: 0x9
[11:16:08.815] |I| [export_sceIoOpen]: Opening file: app0:/game_data/fonts/shirt_number_outer.fnt
[11:16:08.816] |T| [open_file]: sceIoOpen: Opening file app0:/game_data/fonts/shirt_number_outer.fnt (ux0:/app/PCSA00064/game_data/fonts/shirt_number_outer.fnt), fd: 0xa
[11:16:08.818] |T| [close_file]: sceIoClose: Closing file fd: 0xa
[11:16:08.820] |I| [export_sceIoOpen]: Opening file: app0:/game_data/legal/legal_us_en.lsb
[11:16:08.820] |T| [open_file]: sceIoOpen: Opening file app0:/game_data/legal/legal_us_en.lsb (ux0:/app/PCSA00064/game_data/legal/legal_us_en.lsb), fd: 0xb
[11:16:08.826] |T| [close_file]: sceIoClose: Closing file fd: 0xb
[11:16:08.827] |T| [open_file]: create_trophy_context: Opening file app0:/sce_sys/trophy/NPWR03687_00/TROPHY.TRP (ux0:/app/PCSA00064/sce_sys/trophy/NPWR03687_00/TROPHY.TRP), fd: 0xc
[11:16:08.830] |T| [open_file]: create_trophy_context: Opening file ux0:/user/00/trophy/data/NPWR03687_00/TROPUSR.DAT (ux0:/user/00/trophy/data/NPWR03687_00/TROPUSR.DAT), fd: 0xd
[11:16:08.832] |T| [open_file]: install_trophy_context: Opening file ux0:/user/00/trophy/conf/NPWR03687_00/TROPCONF.SFM (ux0:/user/00/trophy/conf/NPWR03687_00/TROPCONF.SFM), fd: 0xe
[11:16:08.833] |T| [write_file]: install_trophy_context: Writing to fd: 0xe, size: 1228
[11:16:08.833] |T| [close_file]: install_trophy_context: Closing file fd: 0xe
[11:16:08.835] |T| [open_file]: install_trophy_context: Opening file ux0:/user/00/trophy/conf/NPWR03687_00/TROP.SFM (ux0:/user/00/trophy/conf/NPWR03687_00/TROP.SFM), fd: 0xf
[11:16:08.836] |T| [write_file]: install_trophy_context: Writing to fd: 0xf, size: 2453
[11:16:08.837] |T| [close_file]: install_trophy_context: Closing file fd: 0xf
[11:16:08.838] |T| [open_file]: install_trophy_context: Opening file ux0:/user/00/trophy/conf/NPWR03687_00/TROP_00.SFM (ux0:/user/00/trophy/conf/NPWR03687_00/TROP_00.SFM), fd: 0x10
[11:16:08.839] |T| [write_file]: install_trophy_context: Writing to fd: 0x10, size: 2717
[11:16:08.839] |T| [close_file]: install_trophy_context: Closing file fd: 0x10
[11:16:08.840] |T| [open_file]: install_trophy_context: Opening file ux0:/user/00/trophy/conf/NPWR03687_00/TROP_01.SFM (ux0:/user/00/trophy/conf/NPWR03687_00/TROP_01.SFM), fd: 0x11
[11:16:08.841] |T| [write_file]: install_trophy_context: Writing to fd: 0x11, size: 2453
[11:16:08.842] |T| [close_file]: install_trophy_context: Closing file fd: 0x11
[11:16:08.845] |T| [open_file]: install_trophy_context: Opening file ux0:/user/00/trophy/conf/NPWR03687_00/TROP_02.SFM (ux0:/user/00/trophy/conf/NPWR03687_00/TROP_02.SFM), fd: 0x12
[11:16:08.847] |T| [write_file]: install_trophy_context: Writing to fd: 0x12, size: 2575
[11:16:08.847] |T| [close_file]: install_trophy_context: Closing file fd: 0x12
[11:16:08.848] |T| [open_file]: install_trophy_context: Opening file ux0:/user/00/trophy/conf/NPWR03687_00/TROP_03.SFM (ux0:/user/00/trophy/conf/NPWR03687_00/TROP_03.SFM), fd: 0x13
[11:16:08.849] |T| [write_file]: install_trophy_context: Writing to fd: 0x13, size: 2560
[11:16:08.850] |T| [close_file]: install_trophy_context: Closing file fd: 0x13
[11:16:08.851] |T| [open_file]: install_trophy_context: Opening file ux0:/user/00/trophy/conf/NPWR03687_00/TROP_04.SFM (ux0:/user/00/trophy/conf/NPWR03687_00/TROP_04.SFM), fd: 0x14
[11:16:08.852] |T| [write_file]: install_trophy_context: Writing to fd: 0x14, size: 2520
[11:16:08.853] |T| [close_file]: install_trophy_context: Closing file fd: 0x14
[11:16:08.854] |T| [open_file]: install_trophy_context: Opening file ux0:/user/00/trophy/conf/NPWR03687_00/TROP_05.SFM (ux0:/user/00/trophy/conf/NPWR03687_00/TROP_05.SFM), fd: 0x15
[11:16:08.855] |T| [write_file]: install_trophy_context: Writing to fd: 0x15, size: 2530
[11:16:08.855] |T| [close_file]: install_trophy_context: Closing file fd: 0x15
[11:16:08.856] |T| [open_file]: install_trophy_context: Opening file ux0:/user/00/trophy/conf/NPWR03687_00/ICON0.PNG (ux0:/user/00/trophy/conf/NPWR03687_00/ICON0.PNG), fd: 0x16
[11:16:08.857] |T| [write_file]: install_trophy_context: Writing to fd: 0x16, size: 100932
[11:16:08.858] |T| [close_file]: install_trophy_context: Closing file fd: 0x16
[11:16:08.861] |T| [open_file]: install_trophy_context: Opening file ux0:/user/00/trophy/conf/NPWR03687_00/ICON0_00.PNG (ux0:/user/00/trophy/conf/NPWR03687_00/ICON0_00.PNG), fd: 0x17
[11:16:08.863] |T| [write_file]: install_trophy_context: Writing to fd: 0x17, size: 102500
[11:16:08.863] |T| [close_file]: install_trophy_context: Closing file fd: 0x17
[11:16:08.864] |T| [open_file]: install_trophy_context: Opening file ux0:/user/00/trophy/conf/NPWR03687_00/TROP000.PNG (ux0:/user/00/trophy/conf/NPWR03687_00/TROP000.PNG), fd: 0x18
[11:16:08.866] |T| [write_file]: install_trophy_context: Writing to fd: 0x18, size: 92569
[11:16:08.866] |T| [close_file]: install_trophy_context: Closing file fd: 0x18
[11:16:08.868] |T| [open_file]: install_trophy_context: Opening file ux0:/user/00/trophy/conf/NPWR03687_00/TROP001.PNG (ux0:/user/00/trophy/conf/NPWR03687_00/TROP001.PNG), fd: 0x19
[11:16:08.869] |T| [write_file]: install_trophy_context: Writing to fd: 0x19, size: 99623
[11:16:08.870] |T| [close_file]: install_trophy_context: Closing file fd: 0x19
[11:16:08.871] |T| [open_file]: install_trophy_context: Opening file ux0:/user/00/trophy/conf/NPWR03687_00/TROP002.PNG (ux0:/user/00/trophy/conf/NPWR03687_00/TROP002.PNG), fd: 0x1a
[11:16:08.873] |T| [write_file]: install_trophy_context: Writing to fd: 0x1a, size: 108000
[11:16:08.875] |T| [close_file]: install_trophy_context: Closing file fd: 0x1a
[11:16:08.877] |T| [open_file]: install_trophy_context: Opening file ux0:/user/00/trophy/conf/NPWR03687_00/TROP003.PNG (ux0:/user/00/trophy/conf/NPWR03687_00/TROP003.PNG), fd: 0x1b
[11:16:08.879] |T| [write_file]: install_trophy_context: Writing to fd: 0x1b, size: 118936
[11:16:08.879] |T| [close_file]: install_trophy_context: Closing file fd: 0x1b
[11:16:08.880] |T| [open_file]: install_trophy_context: Opening file ux0:/user/00/trophy/conf/NPWR03687_00/TROP004.PNG (ux0:/user/00/trophy/conf/NPWR03687_00/TROP004.PNG), fd: 0x1c
[11:16:08.882] |T| [write_file]: install_trophy_context: Writing to fd: 0x1c, size: 111208
[11:16:08.882] |T| [close_file]: install_trophy_context: Closing file fd: 0x1c
[11:16:08.883] |T| [open_file]: install_trophy_context: Opening file ux0:/user/00/trophy/conf/NPWR03687_00/TROP005.PNG (ux0:/user/00/trophy/conf/NPWR03687_00/TROP005.PNG), fd: 0x1d
[11:16:08.885] |T| [write_file]: install_trophy_context: Writing to fd: 0x1d, size: 112323
[11:16:08.887] |T| [close_file]: install_trophy_context: Closing file fd: 0x1d
[11:16:08.888] |T| [open_file]: install_trophy_context: Opening file ux0:/user/00/trophy/conf/NPWR03687_00/TROP006.PNG (ux0:/user/00/trophy/conf/NPWR03687_00/TROP006.PNG), fd: 0x1e
[11:16:08.889] |T| [write_file]: install_trophy_context: Writing to fd: 0x1e, size: 105700
[11:16:08.892] |T| [close_file]: install_trophy_context: Closing file fd: 0x1e
[11:16:08.893] |T| [open_file]: install_trophy_context: Opening file ux0:/user/00/trophy/conf/NPWR03687_00/TROP007.PNG (ux0:/user/00/trophy/conf/NPWR03687_00/TROP007.PNG), fd: 0x1f
[11:16:08.895] |T| [write_file]: install_trophy_context: Writing to fd: 0x1f, size: 99665
[11:16:08.895] |T| [close_file]: install_trophy_context: Closing file fd: 0x1f
[11:16:08.896] |T| [open_file]: install_trophy_context: Opening file ux0:/user/00/trophy/conf/NPWR03687_00/TROP008.PNG (ux0:/user/00/trophy/conf/NPWR03687_00/TROP008.PNG), fd: 0x20
[11:16:08.897] |T| [write_file]: install_trophy_context: Writing to fd: 0x20, size: 112406
[11:16:08.898] |T| [close_file]: install_trophy_context: Closing file fd: 0x20
[11:16:08.899] |T| [open_file]: install_trophy_context: Opening file ux0:/user/00/trophy/conf/NPWR03687_00/TROP009.PNG (ux0:/user/00/trophy/conf/NPWR03687_00/TROP009.PNG), fd: 0x21
[11:16:08.901] |T| [write_file]: install_trophy_context: Writing to fd: 0x21, size: 103406
[11:16:08.901] |T| [close_file]: install_trophy_context: Closing file fd: 0x21
[11:16:08.903] |T| [open_file]: install_trophy_context: Opening file ux0:/user/00/trophy/conf/NPWR03687_00/TROP010.PNG (ux0:/user/00/trophy/conf/NPWR03687_00/TROP010.PNG), fd: 0x22
[11:16:08.905] |T| [write_file]: install_trophy_context: Writing to fd: 0x22, size: 110216
[11:16:08.908] |T| [close_file]: install_trophy_context: Closing file fd: 0x22
[11:16:08.909] |T| [open_file]: install_trophy_context: Opening file ux0:/user/00/trophy/conf/NPWR03687_00/TROP011.PNG (ux0:/user/00/trophy/conf/NPWR03687_00/TROP011.PNG), fd: 0x23
[11:16:08.911] |T| [write_file]: install_trophy_context: Writing to fd: 0x23, size: 129142
[11:16:08.911] |T| [close_file]: install_trophy_context: Closing file fd: 0x23
[11:16:08.912] |T| [open_file]: install_trophy_context: Opening file ux0:/user/00/trophy/conf/NPWR03687_00/TROP012.PNG (ux0:/user/00/trophy/conf/NPWR03687_00/TROP012.PNG), fd: 0x24
[11:16:08.914] |T| [write_file]: install_trophy_context: Writing to fd: 0x24, size: 110011
[11:16:08.914] |T| [close_file]: install_trophy_context: Closing file fd: 0x24
[11:16:08.915] |T| [close_file]: create_trophy_context: Closing file fd: 0xd
[11:16:08.916] |T| [export_sceNpTrophyCreateContext]: Trophy context for NPWR03687_00 create successfuly!
[11:16:08.917] |W| [unimplemented_impl]: Unimplemented sceCommonDialogSetConfigParam import called.
[11:16:08.918] |I| [export_sceIoOpen]: Opening file: app0:/game_data/ui/menus_common.lsb
[11:16:08.920] |T| [open_file]: sceIoOpen: Opening file app0:/game_data/ui/menus_common.lsb (ux0:/app/PCSA00064/game_data/ui/menus_common.lsb), fd: 0x25
[11:16:08.925] |T| [close_file]: sceIoClose: Closing file fd: 0x25
[11:16:08.962] |W| [unimplemented_impl]: Unimplemented sceCameraGetDeviceLocation import called.
[11:16:08.963] |W| [unimplemented_impl]: Unimplemented sceCameraOpen import called.
[11:16:08.964] |W| [unimplemented_impl]: Unimplemented sceCameraStart import called.
[11:16:08.965] |W| [unimplemented_impl]: Unimplemented sceCameraSetAntiFlicker import called.
[11:16:08.982] |W| [unimplemented_impl]: Unimplemented sceCameraIsActive import called.
[11:16:08.983] |W| [unimplemented_impl]: Unimplemented sceCameraRead import called.
[11:16:08.984] |W| [unimplemented_impl]: Unimplemented sceMotionStartSampling import called.
[11:16:08.986] |T| [write_file]: *** TTY: ## libmotion_api: INIT SUCCEEDED ##
[11:16:08.987] |W| [unimplemented_impl]: Unimplemented sceMotionSetTiltCorrection import called.
[11:16:08.987] |W| [unimplemented_impl]: Unimplemented sceMotionSetDeadband import called.
[11:16:08.989] |W| [unimplemented_impl]: Unimplemented sceMotionMagnetometerOn import called.
[11:16:08.994] |W| [unimplemented_impl]: Unimplemented sceMotionSetAngleThreshold import called.
[11:16:08.995] |W| [unimplemented_impl]: Unimplemented sceMotionSetGyroBiasCorrection import called.
[11:16:09.011] |W| [stubbed_impl]: Stubbed sceMotionGetState import called. (Set value to zero)
[11:16:09.013] |I| [load_module]: Loading module ID: 0x13
[11:16:09.016] |I| [load_self]: sys/external/libsystemgesture.suprx: Skipping special segment 0x6fffff01...
[11:16:09.016] |I| [load_self]: Loaded module segment 0 @ [0x06A82000 - 0x06A8508C / 0x81000000] (size: 0x0000308C) of module sys/external/libsystemgesture.suprx
[11:16:09.019] |I| [load_self]: Loaded module segment 1 @ [0x06267000 - 0x06267BF0 / 0x81004000] (size: 0x00000BF0) of module sys/external/libsystemgesture.suprx
[11:16:09.022] |I| [load_self]: Linking SELF sys/external/libsystemgesture.suprx...
[11:16:09.023] |D| [load_var_exports]: 	NID 0x936c8a78 (SYSLYB) at 0x6a85074
[11:16:09.024] |D| [load_var_exports]: 	NID 0x6c2224ba (NID_MODULE_INFO) at 0x6a84bd4
[11:16:09.024] |I| [load_module]: Module SceSystemGesture (at "sys/external/libsystemgesture.suprx") loaded
[11:16:09.025] |D| [load_module]: Running module_start of module: SceSystemGesture
[11:16:09.026] |I| [load_module]: Module SceSystemGesture (at "sys/external/libsystemgesture.suprx") module_start returned 0x0
[11:16:09.027] |T| [log_import_call]: [LLE] TID: 7   FUNC: 0x6078a08b sceSystemGestureInitializePrimitiveTouchRecognizer at 0x8114b6ac
[11:16:09.029] |W| [stubbed_impl]: Stubbed sceTouchGetPixelDensity2 import called. (Return constant values (22.0))
[11:16:09.030] |I| [export_sceIoOpen]: Opening file: app0:/game_data/models/models.pak
[11:16:09.031] |T| [open_file]: sceIoOpen: Opening file app0:/game_data/models/models.pak (ux0:/app/PCSA00064/game_data/models/models.pak), fd: 0x26
[11:16:09.070] |I| [export_sceIoOpen]: Opening file: app0:/game_data/anim/anim.pak
[11:16:09.071] |T| [open_file]: sceIoOpen: Opening file app0:/game_data/anim/anim.pak (ux0:/app/PCSA00064/game_data/anim/anim.pak), fd: 0x27
[11:16:09.102] |T| [close_file]: sceIoClose: Closing file fd: 0x27
[11:16:09.104] |I| [export_sceIoOpen]: Opening file: app0:/game_data/audio/audio.pak
[11:16:09.105] |T| [open_file]: sceIoOpen: Opening file app0:/game_data/audio/audio.pak (ux0:/app/PCSA00064/game_data/audio/audio.pak), fd: 0x28
[11:16:09.107] |I| [load_module]: Loading module ID: 0xd
[11:16:09.110] |I| [load_self]: Loaded module segment 0 @ [0x06A86000 - 0x06A9D244 / 0x81000000] (size: 0x00017244) of module sys/external/libsas.suprx
[11:16:09.113] |I| [load_self]: Loaded module segment 1 @ [0x0627E000 - 0x0627E038 / 0x81018000] (size: 0x00000038) of module sys/external/libsas.suprx
[11:16:09.114] |I| [load_self]: Linking SELF sys/external/libsas.suprx...
[11:16:09.115] |D| [load_var_exports]: 	NID 0x936c8a78 (SYSLYB) at 0x6a9a004
[11:16:09.116] |D| [load_var_exports]: 	NID 0x6c2224ba (NID_MODULE_INFO) at 0x6a99bf0
[11:16:09.116] |I| [load_module]: Module SceSasUser (at "sys/external/libsas.suprx") loaded
[11:16:09.117] |T| [log_import_call]: [LLE] TID: 7   FUNC: 0x180c6824 sceSasGetNeededMemorySize at 0x8114bbcc
[11:16:09.132] |T| [log_import_call]: [LLE] TID: 7   FUNC: 0x820d5f82 sceSasInitWithGrain at 0x8114bc2c
[11:16:09.149] |T| [log_import_call]: [LLE] TID: 7   FUNC: 0xb0444e69 sceSasSetEffect at 0x8114bc3c
[11:16:09.448] |T| [log_import_call]: [LLE] TID: 49  FUNC: 0x7a4672b2 sceSasCore at 0x8114bc1c
[11:16:09.484] |I| [export_sceIoOpen]: Opening file: app0:/game_data/audio/Hockey.ogg
[11:16:09.485] |T| [open_file]: sceIoOpen: Opening file app0:/game_data/audio/Hockey.ogg (ux0:/app/PCSA00064/game_data/audio/Hockey.ogg), fd: 0x29
[11:16:09.490] |T| [close_file]: sceIoClose: Closing file fd: 0x29
[11:16:09.537] |I| [export_sceIoOpen]: Opening file: app0:/game_data/shirt/shirtlayers.lsb
[11:16:09.538] |T| [open_file]: sceIoOpen: Opening file app0:/game_data/shirt/shirtlayers.lsb (ux0:/app/PCSA00064/game_data/shirt/shirtlayers.lsb), fd: 0x2a
[11:16:09.550] |T| [close_file]: sceIoClose: Closing file fd: 0x2a
[11:16:09.569] |I| [export_sceIoOpen]: Opening file: app0:/game_data/ui/hud.lsb
[11:16:09.570] |T| [open_file]: sceIoOpen: Opening file app0:/game_data/ui/hud.lsb (ux0:/app/PCSA00064/game_data/ui/hud.lsb), fd: 0x2b
[11:16:09.573] |T| [close_file]: sceIoClose: Closing file fd: 0x2b
[11:16:09.582] |I| [export_sceIoOpen]: Opening file: app0:/game_data/ui/dialog.lsb
[11:16:09.582] |T| [open_file]: sceIoOpen: Opening file app0:/game_data/ui/dialog.lsb (ux0:/app/PCSA00064/game_data/ui/dialog.lsb), fd: 0x2c
[11:16:09.586] |T| [close_file]: sceIoClose: Closing file fd: 0x2c
[11:16:09.595] |I| [export_sceIoOpen]: Opening file: app0:/game_data/ui/unlocks.lsb
[11:16:09.595] |T| [open_file]: sceIoOpen: Opening file app0:/game_data/ui/unlocks.lsb (ux0:/app/PCSA00064/game_data/ui/unlocks.lsb), fd: 0x2d
[11:16:09.598] |T| [close_file]: sceIoClose: Closing file fd: 0x2d
[11:16:09.603] |T| [log_import_call]: [LLE] TID: 7   FUNC: 0xdf4c665a sceSystemGestureUpdatePrimitiveTouchRecognizer at 0x8114b6cc
[11:16:09.606] |T| [log_import_call]: [LLE] TID: 7   FUNC: 0xc750d3da sceSystemGestureGetPrimitiveTouchEvents at 0x8114b6bc
[11:16:09.609] |W| [stubbed_impl]: Stubbed sceNpTrophyCreateHandle import called. (Stubbed handle with 1)
[11:16:09.640] |W| [stubbed_impl]: Stubbed sceNpTrophyDestroyHandle import called. (Stubbed with SCE_OK)
[11:16:09.675] |E| [logging::ret_error_impl]: sceKernelSignalSema returned SCE_KERNEL_ERROR_SEMA_OVF (0x80028103)
[11:16:09.693] |W| [unimplemented_impl]: Unimplemented sceCommonDialogUpdate import called.
[11:16:54.978] |T| [log_import_call]: [LLE] TID: 7   FUNC: 0x2b75f9bc sceSasSetVoice at 0x8114bbdc
[11:16:54.981] |T| [log_import_call]: [LLE] TID: 7   FUNC: 0xbe8204d sceSasSetVolume at 0x8114bbbc
[11:16:54.983] |T| [log_import_call]: [LLE] TID: 7   FUNC: 0x2c48a08c sceSasSetPitch at 0x8114bbec
[11:16:54.984] |T| [log_import_call]: [LLE] TID: 7   FUNC: 0xecce0db8 sceSasSetSimpleADSR at 0x8114bc7c
[11:16:54.987] |T| [log_import_call]: [LLE] TID: 7   FUNC: 0xc838db6f sceSasSetKeyOn at 0x8114bc6c
[11:16:54.989] |T| [log_import_call]: [LLE] TID: 7   FUNC: 0x59c7a9df sceSasSetPause at 0x8114bbfc
[11:16:54.994] |I| [export_sceIoOpen]: Opening file: savedata0:thauto.bin
[11:16:54.994] |E| [open_file]: Missing file at C:/Users/Sam/AppData/Roaming/Vita3K/Vita3K/ux0/user/00/savedata/PCSA00064/thauto.bin (target path: savedata0:thauto.bin)
[11:16:54.996] |T| [log_import_call]: [LLE] TID: 49  FUNC: 0x7e63e6 sceSasGetEndState at 0x8114bbac
[11:16:54.997] |W| [io_error_impl]: open_file (sceIoOpen) returned 0x80010002
[11:16:55.012] |T| [log_import_call]: [LLE] TID: 7   FUNC: 0xb1756efc sceSasSetVoicePCM at 0x8114bc4c
[11:16:55.802] |T| [log_import_call]: [LLE] TID: 49  FUNC: 0xfd1a0cbf sceSasGetPauseState at 0x8114bc8c
[11:16:55.804] |T| [log_import_call]: [LLE] TID: 49  FUNC: 0x5e42adab sceSasSetKeyOff at 0x8114bc0c
[11:16:58.008] |I| [export_sceIoOpen]: Opening file: app0:/game_data/ui/team_select.lsb
[11:16:58.010] |T| [open_file]: sceIoOpen: Opening file app0:/game_data/ui/team_select.lsb (ux0:/app/PCSA00064/game_data/ui/team_select.lsb), fd: 0x2e
[11:16:58.017] |T| [close_file]: sceIoClose: Closing file fd: 0x2e
[11:17:00.907] |I| [export_sceIoOpen]: Opening file: app0:/game_data/ui/summary.lsb
[11:17:00.908] |T| [open_file]: sceIoOpen: Opening file app0:/game_data/ui/summary.lsb (ux0:/app/PCSA00064/game_data/ui/summary.lsb), fd: 0x2f
[11:17:00.917] |T| [close_file]: sceIoClose: Closing file fd: 0x2f
[11:17:00.979] |W| [renderer::vulkan::VKContext::start_recording]: Render Target is using more scenes per frame than what was planned!
[11:17:30.606] |I| [renderer::vulkan::PipelineCache::save_pipeline_cache]: Saving pipeline cache...
[11:17:30.607] |I| [renderer::vulkan::PipelineCache::save_pipeline_cache]: Pipeline cache saved
[11:17:30.648] |C| [logging::exception_handler]: Exception EXCEPTION_ACCESS_VIOLATION (0xc0000005). 
[11:17:30.648] |C| [logging::exception_handler]: Read violation at address 0x2a87c80ca3c.
