[09:00:29.006] |I| [config::init_config]: backend-renderer: Vulkan
[09:00:29.007] |I| [config::init_config]: log-level: 0
[09:00:29.080] |I| [SDL_main]: Vita3K v0.1.6 2805-67c1eb4c
[09:00:29.080] |I| [SDL_main]: Number of logical CPU cores: 8
[09:00:29.080] |I| [SDL_main]: Available ram memory: 16215 MiB
[09:00:29.421] |I| [renderer::vulkan::VKState::create]: Enabling vulkan validation layers (has a performance impact but allows better error messages)
[09:00:29.610] |I| [renderer::vulkan::VKState::create]: Vulkan device: NVIDIA GeForce RTX 3060 Laptop GPU
[09:00:29.611] |I| [renderer::vulkan::VKState::create]: Driver version: 516.94.0.0
[09:00:30.936] |I| [renderer::vulkan::ScreenRenderer::setup]: Present mode: Mailbox
[09:01:36.068] |I| [gui::set_vsync_state]: V-Sync state: true
[09:01:36.139] |I| [load_app_impl]: cpu-backend: Dynarmic
[09:01:36.140] |I| [load_app_impl]: CPU Optimisation state: true
[09:01:36.140] |I| [load_app_impl]: ngs state: true
[09:01:36.140] |I| [load_app_impl]: Resolution multiplier: 1
[09:01:36.141] |I| [load_app_impl]: modules mode: Auto & Manual
[09:01:36.141] |I| [load_app_impl]: lle-modules: libhttp
[09:01:36.141] |I| [load_app_impl]: Title: テイルズ オブ ハーツ R インフィニットエボルブ
[09:01:36.142] |I| [load_app_impl]: Serial: PCSG00163
[09:01:36.142] |I| [load_app_impl]: Version: 1.00
[09:01:36.142] |I| [load_app_impl]: Category: gd
[09:01:36.166] |C| [load_self]: Unknown segment type 0x6FFFFF01
[09:01:36.190] |I| [load_self]: Loaded module segment 0 @ [0x00007000 - 0x00042C2C / 0x81000000] (size: 0x0003BC2C) of module app0:sce_module/libc.suprx
[09:01:36.190] |I| [load_self]: Loaded module segment 1 @ [0x00043000 - 0x00045380 / 0x8103C000] (size: 0x00002380) of module app0:sce_module/libc.suprx
[09:01:36.190] |I| [load_self]: Loading symbols for SELF: app0:sce_module/libc.suprx
[09:01:36.191] |D| [load_var_exports]: 	NID 0x6C2224BA (NID_MODULE_INFO) at 0x34540
[09:01:36.192] |W| [load_var_imports]: 	NID NOT FOUND 0xDF084DFA (UNRECOGNISED) at 0x37D88, setting to stub value 0xDEADBEEF
[09:01:36.194] |I| [pre_load_module]: Pre-load module SceLibc (at "sce_module/libc.suprx") loaded
[09:01:36.206] |C| [load_self]: Unknown segment type 0x6FFFFF01
[09:01:36.206] |I| [load_self]: Loaded module segment 0 @ [0x00047000 - 0x00068370 / 0x81000000] (size: 0x00021370) of module app0:sce_module/libfios2.suprx
[09:01:36.212] |I| [load_self]: Loaded module segment 1 @ [0x00069000 - 0x0006E1B8 / 0x81022000] (size: 0x000051B8) of module app0:sce_module/libfios2.suprx
[09:01:36.213] |I| [load_self]: Loading symbols for SELF: app0:sce_module/libfios2.suprx
[09:01:36.214] |D| [load_var_exports]: 	NID 0x6C2224BA (NID_MODULE_INFO) at 0x61D38
[09:01:36.214] |I| [pre_load_module]: Pre-load module SceLibFios2 (at "sce_module/libfios2.suprx") loaded
[09:01:36.225] |C| [load_self]: Unknown segment type 0x6FFFFF01
[09:01:36.225] |I| [load_self]: Loaded module segment 0 @ [0x0006F000 - 0x00082474 / 0x81000000] (size: 0x00013474) of module app0:sce_module/libult.suprx
[09:01:36.227] |I| [load_self]: Loaded module segment 1 @ [0x00083000 - 0x00083814 / 0x81014000] (size: 0x00000814) of module app0:sce_module/libult.suprx
[09:01:36.228] |I| [load_self]: Loading symbols for SELF: app0:sce_module/libult.suprx
[09:01:36.229] |D| [load_var_exports]: 	NID 0x6C2224BA (NID_MODULE_INFO) at 0x7E714
[09:01:36.230] |I| [pre_load_module]: Pre-load module SceUlt (at "sce_module/libult.suprx") loaded
[09:01:36.269] |I| [load_self]: Loaded module segment 0 @ [0x00084000 - 0x000D4F04 / 0x81000000] (size: 0x00050F04) of module vs0:sys/external/libSceFt2.suprx
[09:01:36.270] |I| [load_self]: Loaded module segment 1 @ [0x000D5000 - 0x000D52F4 / 0x81051000] (size: 0x000002F4) of module vs0:sys/external/libSceFt2.suprx
[09:01:36.272] |I| [load_self]: Loading symbols for SELF: vs0:sys/external/libSceFt2.suprx
[09:01:36.272] |D| [load_var_exports]: 	NID 0x936C8A78 (SYSLYB) at 0xC07DC
[09:01:36.273] |D| [load_var_exports]: 	NID 0x6C2224BA (NID_MODULE_INFO) at 0xBFF10
[09:01:36.274] |W| [load_var_imports]: 	NID NOT FOUND 0x93B8AA67 (__stack_chk_guard) at 0xD4EE0, setting to stub value 0xDEADBEEF
[09:01:36.276] |I| [pre_load_module]: Pre-load module SceLibft2 (at "sys/external/libSceFt2.suprx") loaded
[09:01:36.292] |I| [load_self]: Loaded module segment 0 @ [0x000D7000 - 0x000E6F14 / 0x81000000] (size: 0x0000FF14) of module vs0:sys/external/libpvf.suprx
[09:01:36.293] |I| [load_self]: Loaded module segment 1 @ [0x000E7000 - 0x000E7008 / 0x81010000] (size: 0x00000008) of module vs0:sys/external/libpvf.suprx
[09:01:36.294] |I| [load_self]: Loading symbols for SELF: vs0:sys/external/libpvf.suprx
[09:01:36.295] |D| [load_var_exports]: 	NID 0x936C8A78 (SYSLYB) at 0xE5710
[09:01:36.295] |D| [load_var_exports]: 	NID 0x6C2224BA (NID_MODULE_INFO) at 0xE5300
[09:01:36.296] |I| [pre_load_module]: Pre-load module SceLibPvf (at "sys/external/libpvf.suprx") loaded
[09:01:36.354] |C| [load_self]: Unknown segment type 0x6FFFFF01
[09:01:36.354] |I| [load_self]: Loaded module segment 0 @ [0x81000000 - 0x8109A10C / 0x81000000] (size: 0x0009A10C) of module app0:eboot.bin
[09:01:36.356] |I| [load_self]: Loaded module segment 1 @ [0x8109B000 - 0x814B67B0 / 0x8109B000] (size: 0x0041B7B0) of module app0:eboot.bin
[09:01:36.358] |I| [load_self]: Loading symbols for SELF: app0:eboot.bin
[09:01:36.359] |D| [load_var_exports]: 	NID 0x6C2224BA (NID_MODULE_INFO) at 0x81083DCC
[09:01:36.359] |D| [load_var_exports]: 	NID 0x70FBA1E7 (SCE_PROC_PARAMS) at 0x811420A4
[09:01:36.360] |I| [load_app_impl]: Main executable toh_bonus (eboot.bin) loaded
[09:01:36.400] |D| [run_app]: Running module_start of library: SceLibc at address 0x75B1
[09:01:36.460] |T| [open_file]: sceKernelGetStdin: Opening terminal tty0:
[09:01:36.460] |T| [open_file]: sceKernelGetStdout: Opening terminal tty0:
[09:01:36.461] |T| [open_file]: sceKernelGetStderr: Opening terminal tty0:
[09:01:36.475] |I| [run_app]: Module SceLibc (at "app0:sce_module/libc.suprx") module_start returned 0x0
[09:01:36.484] |D| [run_app]: Running module_start of library: SceLibFios2 at address 0x47001
[09:01:36.516] |W| [stubbed_impl]: Stubbed sceKernelGetProcessId import called. (pid: 0)
[09:01:36.518] |W| [unimplemented_impl]: Unimplemented _sceFiosKernelOverlayGetList import called.
[09:01:36.518] |I| [run_app]: Module SceLibFios2 (at "app0:sce_module/libfios2.suprx") module_start returned 0x0
[09:01:36.526] |D| [run_app]: Running module_start of library: SceUlt at address 0x7295D
[09:01:36.559] |W| [unimplemented_impl]: Unimplemented _sceUlobjMgrRegisterLibultProtocolRevision import called.
[09:01:36.559] |I| [run_app]: Module SceUlt (at "app0:sce_module/libult.suprx") module_start returned 0x0
[09:01:36.590] |W| [unimplemented_impl]: Unimplemented sceAppUtilInit import called.
[09:01:36.886] |W| [unimplemented_impl]: Unimplemented sceKernelChangeThreadVfpException import called.
[09:01:36.887] |W| [unimplemented_impl]: Unimplemented _sceFiosKernelOverlayThreadSetDisabled import called.
[09:01:37.023] |W| [unimplemented_impl]: Unimplemented sceScreenShotDisable import called.
[09:01:37.079] |W| [stubbed_impl]: Stubbed sceGxmMapFragmentUsseMemory import called. (always return success)
[09:01:37.121] |E| [logging::ret_error_impl]: _sceKernelWaitEventFlagCB returned SCE_KERNEL_ERROR_WAIT_TIMEOUT (0x80028005)
[09:01:37.322] |W| [stubbed_impl]: Stubbed sceGxmGetRenderTargetMemSize import called. (2MiB emuenv mem)
[09:01:37.390] |W| [stubbed_impl]: Stubbed sceGxmMapVertexUsseMemory import called. (always return success)
[09:01:37.668] |W| [unimplemented_impl]: Unimplemented sceTouchEnableTouchForce import called.
[09:01:37.669] |I| [load_module]: Loading module ID: 0x13
[09:01:37.683] |C| [load_self]: Unknown segment type 0x6FFFFF01
[09:01:37.683] |I| [load_self]: Loaded module segment 0 @ [0x12F0C000 - 0x12F0F08C / 0x81000000] (size: 0x0000308C) of module sys/external/libsystemgesture.suprx
[09:01:37.686] |I| [load_self]: Loaded module segment 1 @ [0x13113000 - 0x13113BF0 / 0x81004000] (size: 0x00000BF0) of module sys/external/libsystemgesture.suprx
[09:01:37.689] |I| [load_self]: Loading symbols for SELF: sys/external/libsystemgesture.suprx
[09:01:37.695] |D| [load_var_exports]: 	NID 0x936C8A78 (SYSLYB) at 0x12F0F074
[09:01:37.695] |D| [load_var_exports]: 	NID 0x6C2224BA (NID_MODULE_INFO) at 0x12F0EBD4
[09:01:37.697] |I| [load_module]: Module SceSystemGesture (at "sys/external/libsystemgesture.suprx") loaded
[09:01:37.699] |D| [load_module]: Running module_start of module: SceSystemGesture
[09:01:37.700] |I| [load_module]: Module SceSystemGesture (at "sys/external/libsystemgesture.suprx") module_start returned 0x0
[09:01:37.704] |T| [log_import_call]: [LLE] TID: 8   FUNC: 0x6078A08B sceSystemGestureInitializePrimitiveTouchRecognizer at 0x81082AA0
[09:01:37.710] |W| [unimplemented_impl]: Unimplemented sceTouchGetPixelDensity2 import called.
[09:01:37.716] |I| [load_module]: Loading module ID: 0xD
[09:01:37.738] |I| [load_self]: Loaded module segment 0 @ [0x14EAC000 - 0x14EC3244 / 0x81000000] (size: 0x00017244) of module sys/external/libsas.suprx
[09:01:37.739] |I| [load_self]: Loaded module segment 1 @ [0x13114000 - 0x13114038 / 0x81018000] (size: 0x00000038) of module sys/external/libsas.suprx
[09:01:37.741] |I| [load_self]: Loading symbols for SELF: sys/external/libsas.suprx
[09:01:37.742] |D| [load_var_exports]: 	NID 0x936C8A78 (SYSLYB) at 0x14EC0004
[09:01:37.743] |D| [load_var_exports]: 	NID 0x6C2224BA (NID_MODULE_INFO) at 0x14EBFBF0
[09:01:37.745] |I| [load_module]: Module SceSasUser (at "sys/external/libsas.suprx") loaded
[09:01:37.746] |T| [log_import_call]: [LLE] TID: 8   FUNC: 0x180C6824 sceSasGetNeededMemorySize at 0x810831E0
[09:01:37.778] |T| [log_import_call]: [LLE] TID: 8   FUNC: 0x820D5F82 sceSasInitWithGrain at 0x81083270
[09:01:37.819] |T| [log_import_call]: [LLE] TID: 8   FUNC: 0x44DDB3C4 sceSasSetOutputmode at 0x81083220
[09:01:38.150] |T| [log_import_call]: [LLE] TID: 123 FUNC: 0x7A4672B2 sceSasCore at 0x81083260
[09:01:38.220] |E| [call_import]: Import function for NID 0xE341C4EB not found (thread name: Sound Thread, thread ID: 123)
[09:01:38.257] |I| [load_module]: Loading module ID: 0xE
[09:01:38.269] |I| [load_self]: Loaded module segment 0 @ [0x138FA000 - 0x138FFCB4 / 0x81000000] (size: 0x00005CB4) of module sys/external/libpgf.suprx
[09:01:38.272] |I| [load_self]: Loaded module segment 1 @ [0x13C37000 - 0x13C37FE8 / 0x81006000] (size: 0x00000FE8) of module sys/external/libpgf.suprx
[09:01:38.275] |I| [load_self]: Loading symbols for SELF: sys/external/libpgf.suprx
[09:01:38.279] |D| [load_var_exports]: 	NID 0x936C8A78 (SYSLYB) at 0x138FFA64
[09:01:38.280] |D| [load_var_exports]: 	NID 0x6C2224BA (NID_MODULE_INFO) at 0x138FF810
[09:01:38.281] |I| [load_module]: Module SceLibPgf (at "sys/external/libpgf.suprx") loaded
[09:01:38.283] |T| [log_import_call]: [LLE] TID: 8   FUNC: 0x1055ABA3 sceFontNewLib at 0x81082FC0
[09:01:38.288] |W| [unimplemented_impl]: Unimplemented sceCommonDialogSetConfigParam import called.
[09:01:38.290] |I| [load_module]: Loading module ID: 0x4
[09:01:38.316] |C| [load_self]: Unknown segment type 0x6FFFFF01
[09:01:38.317] |I| [load_self]: Loaded module segment 0 @ [0x14F44000 - 0x14F61150 / 0x81000000] (size: 0x0001D150) of module sys/external/libhttp.suprx
[09:01:38.320] |I| [load_self]: Loaded module segment 1 @ [0x13C38000 - 0x13C38640 / 0x8101E000] (size: 0x00000640) of module sys/external/libhttp.suprx
[09:01:38.321] |I| [load_self]: Loading symbols for SELF: sys/external/libhttp.suprx
[09:01:38.325] |D| [load_var_exports]: 	NID 0x936C8A78 (SYSLYB) at 0x14F5FE68
[09:01:38.325] |D| [load_var_exports]: 	NID 0x6C2224BA (NID_MODULE_INFO) at 0x14F5CCA0
[09:01:38.327] |I| [load_module]: Module SceLibHttp (at "sys/external/libhttp.suprx") loaded
[09:01:38.327] |D| [load_module]: Running module_start of module: SceLibHttp
[09:01:38.329] |I| [load_module]: Module SceLibHttp (at "sys/external/libhttp.suprx") module_start returned 0x0
[09:01:38.378] |I| [load_self]: Loaded module segment 0 @ [0x14F62000 - 0x14FC8EA4 / 0x81000000] (size: 0x00066EA4) of module sys/external/libssl.suprx
[09:01:38.382] |I| [load_self]: Loaded module segment 1 @ [0x13C39000 - 0x13C3E188 / 0x81067000] (size: 0x00005188) of module sys/external/libssl.suprx
[09:01:38.386] |I| [load_self]: Loading symbols for SELF: sys/external/libssl.suprx
[09:01:38.387] |D| [load_var_exports]: 	NID 0x936C8A78 (SYSLYB) at 0x14FB49B0
[09:01:38.388] |D| [load_var_exports]: 	NID 0x6C2224BA (NID_MODULE_INFO) at 0x14FAEC70
[09:01:38.390] |I| [load_module]: Module SceLibSsl (at "sys/external/libssl.suprx") loaded
[09:01:38.393] |W| [stubbed_impl]: Stubbed sceNetCtlInit import called. (Stub)
[09:01:38.394] |T| [log_import_call]: [LLE] TID: 8   FUNC: 0x3C733316 sceSslInit at 0x81083590
[09:01:38.406] |T| [log_import_call]: [LLE] TID: 8   FUNC: 0x214926D9 sceHttpInit at 0x810835A0
[09:01:38.415] |W| [unimplemented_impl]: Unimplemented sceNpCommerce2Init import called.
[09:01:38.431] |W| [unimplemented_impl]: Unimplemented sceScreenShotSetParam import called.
[09:01:38.432] |W| [unimplemented_impl]: Unimplemented sceScreenShotSetOverlayImage import called.
[09:01:38.433] |W| [unimplemented_impl]: Unimplemented sceScreenShotEnable import called.
[09:01:38.466] |W| [unimplemented_impl]: Unimplemented _sceFiosKernelOverlayGetRecommendedScheduler import called.
[09:01:38.475] |I| [export_sceIoOpen]: Opening file: app0:/tohdata_release.l7c
[09:01:38.477] |T| [open_file]: sceIoOpen: Opening file app0:/tohdata_release.l7c (ux0:/app/PCSG00163/tohdata_release.l7c), fd: 0x3
[09:01:38.507] |T| [close_file]: sceIoClose: Closing file fd: 0x3
[09:01:38.578] |I| [export_sceIoOpen]: Opening file: app0:/tohdata_release.l7c
[09:01:38.578] |T| [open_file]: sceIoOpen: Opening file app0:/tohdata_release.l7c (ux0:/app/PCSG00163/tohdata_release.l7c), fd: 0x4
[09:01:38.775] |T| [close_file]: sceIoClose: Closing file fd: 0x4
[09:01:38.824] |I| [export_sceIoOpen]: Opening file: app0:/tohdata_release.l7c
[09:01:38.825] |T| [open_file]: sceIoOpen: Opening file app0:/tohdata_release.l7c (ux0:/app/PCSG00163/tohdata_release.l7c), fd: 0x5
[09:01:38.832] |T| [close_file]: sceIoClose: Closing file fd: 0x5
[09:01:38.835] |I| [export_sceIoOpen]: Opening file: app0:/tohdata_release.l7c
[09:01:38.836] |T| [open_file]: sceIoOpen: Opening file app0:/tohdata_release.l7c (ux0:/app/PCSG00163/tohdata_release.l7c), fd: 0x6
[09:01:38.841] |T| [close_file]: sceIoClose: Closing file fd: 0x6
[09:01:38.851] |I| [export_sceIoOpen]: Opening file: app0:/tohdata_release.l7c
[09:01:38.851] |T| [open_file]: sceIoOpen: Opening file app0:/tohdata_release.l7c (ux0:/app/PCSG00163/tohdata_release.l7c), fd: 0x7
[09:01:38.895] |T| [close_file]: sceIoClose: Closing file fd: 0x7
[09:01:38.898] |I| [export_sceIoOpen]: Opening file: app0:/tohdata_release.l7c
[09:01:38.899] |T| [open_file]: sceIoOpen: Opening file app0:/tohdata_release.l7c (ux0:/app/PCSG00163/tohdata_release.l7c), fd: 0x8
[09:01:38.994] |T| [close_file]: sceIoClose: Closing file fd: 0x8
[09:01:38.998] |T| [log_import_call]: [LLE] TID: 8   FUNC: 0xB23ED47C sceFontOpenUserMemory at 0x81083030
[09:01:39.025] |T| [log_import_call]: [LLE] TID: 8   FUNC: 0xF9414FA2 sceFontGetFontInfo at 0x81083070
[09:01:39.028] |I| [export_sceIoOpen]: Opening file: app0:/tohdata_release.l7c
[09:01:39.030] |T| [open_file]: sceIoOpen: Opening file app0:/tohdata_release.l7c (ux0:/app/PCSG00163/tohdata_release.l7c), fd: 0x9
[09:01:39.113] |T| [close_file]: sceIoClose: Closing file fd: 0x9
[09:01:39.119] |E| [call_import]: Import function for NID 0xE341C38F not found (thread name: PCSG00163, thread ID: 8)
[09:01:39.127] |I| [export_sceIoOpen]: Opening file: app0:/tohdata_release.l7c
[09:01:39.129] |T| [open_file]: sceIoOpen: Opening file app0:/tohdata_release.l7c (ux0:/app/PCSG00163/tohdata_release.l7c), fd: 0xA
[09:01:39.206] |T| [close_file]: sceIoClose: Closing file fd: 0xA
[09:01:39.230] |W| [stubbed_impl]: Stubbed __sceAppMgrGetAppState import called. (Set to 0.)
[09:01:39.248] |I| [renderer::vulkan::PipelineCache::retrieve_shader]: Generating vulkan spv shader 6e24c2c5d3691515689e6e5a8b7799ac3a04327e8cfaa8628df97f0a842ee8e1
[09:01:39.251] |I| [renderer::load_shader_generic]: Generating vert.spv.txt shader 6e24c2c5d3691515689e6e5a8b7799ac3a04327e8cfaa8628df97f0a842ee8e1
[09:01:39.259] |D| [shader::create_parameters]: [BUFFER0  + 0] pa0 = (float4) aPosition
[09:01:39.264] |D| [shader::create_parameters]: [BUFFER0  + 4] pa4 = (float4) aColor
[09:01:39.267] |T| [shader::usse::USSERecompiler::compile_code_node]: Compiling code_0, size = 6
[09:01:39.292] |I| [renderer::vulkan::PipelineCache::retrieve_shader]: Generating vulkan spv shader 8a14c1b39a01edca2b3c54606e9ce598b44bb72e604371a82244fa502523b9fa
[09:01:39.307] |I| [export_sceIoOpen]: Opening file: app0:/tohdata_release.l7c
[09:01:39.328] |I| [renderer::load_shader_generic]: Generating frag.spv.txt shader 8a14c1b39a01edca2b3c54606e9ce598b44bb72e604371a82244fa502523b9fa
[09:01:39.328] |T| [open_file]: sceIoOpen: Opening file app0:/tohdata_release.l7c (ux0:/app/PCSG00163/tohdata_release.l7c), fd: 0xB
[09:01:39.332] |D| [shader::create_fragment_inputs]: Iterator: pa0 = (half4) v_Color0
[09:01:39.335] |T| [shader::usse::USSERecompiler::compile_code_node]: Compiling code_0, size = 1
[09:01:39.352] |T| [close_file]: sceIoClose: Closing file fd: 0xB
[09:01:39.357] |T| [log_import_call]: [LLE] TID: 8   FUNC: 0xCDF2DDD5 sceSasSetEffectType at 0x810832C0
[09:01:39.359] |T| [log_import_call]: [LLE] TID: 8   FUNC: 0xBAD546A0 sceSasSetEffectParam at 0x81083290
[09:01:39.360] |T| [log_import_call]: [LLE] TID: 8   FUNC: 0x55EDDBFA sceSasSetEffectVolume at 0x81083230
[09:01:39.362] |T| [log_import_call]: [LLE] TID: 8   FUNC: 0xB0444E69 sceSasSetEffect at 0x81083280
[09:01:39.365] |I| [export_sceIoOpen]: Opening file: app0:/tohdata_release.l7c
[09:01:39.366] |T| [open_file]: sceIoOpen: Opening file app0:/tohdata_release.l7c (ux0:/app/PCSG00163/tohdata_release.l7c), fd: 0xC
[09:01:39.397] |T| [close_file]: sceIoClose: Closing file fd: 0xC
[09:01:39.400] |I| [export_sceIoOpen]: Opening file: app0:/tohdata_release.l7c
[09:01:39.401] |T| [open_file]: sceIoOpen: Opening file app0:/tohdata_release.l7c (ux0:/app/PCSG00163/tohdata_release.l7c), fd: 0xD
[09:01:39.405] |T| [close_file]: sceIoClose: Closing file fd: 0xD
[09:01:39.407] |I| [export_sceIoOpen]: Opening file: app0:/tohdata_release.l7c
[09:01:39.408] |T| [open_file]: sceIoOpen: Opening file app0:/tohdata_release.l7c (ux0:/app/PCSG00163/tohdata_release.l7c), fd: 0xE
[09:01:39.419] |T| [close_file]: sceIoClose: Closing file fd: 0xE
[09:01:39.422] |I| [export_sceIoOpen]: Opening file: app0:/tohdata_release.l7c
[09:01:39.422] |T| [open_file]: sceIoOpen: Opening file app0:/tohdata_release.l7c (ux0:/app/PCSG00163/tohdata_release.l7c), fd: 0xF
[09:01:39.429] |T| [close_file]: sceIoClose: Closing file fd: 0xF
[09:01:39.432] |I| [export_sceIoOpen]: Opening file: app0:/tohdata_release.l7c
[09:01:39.433] |T| [open_file]: sceIoOpen: Opening file app0:/tohdata_release.l7c (ux0:/app/PCSG00163/tohdata_release.l7c), fd: 0x10
[09:01:39.439] |T| [close_file]: sceIoClose: Closing file fd: 0x10
[09:01:39.442] |I| [export_sceIoOpen]: Opening file: app0:/tohdata_release.l7c
[09:01:39.442] |T| [open_file]: sceIoOpen: Opening file app0:/tohdata_release.l7c (ux0:/app/PCSG00163/tohdata_release.l7c), fd: 0x11
[09:01:39.450] |T| [close_file]: sceIoClose: Closing file fd: 0x11
[09:01:39.452] |I| [export_sceIoOpen]: Opening file: app0:/tohdata_release.l7c
[09:01:39.453] |T| [open_file]: sceIoOpen: Opening file app0:/tohdata_release.l7c (ux0:/app/PCSG00163/tohdata_release.l7c), fd: 0x12
[09:01:39.458] |T| [close_file]: sceIoClose: Closing file fd: 0x12
[09:01:39.460] |I| [export_sceIoOpen]: Opening file: app0:/tohdata_release.l7c
[09:01:39.461] |T| [open_file]: sceIoOpen: Opening file app0:/tohdata_release.l7c (ux0:/app/PCSG00163/tohdata_release.l7c), fd: 0x13
[09:01:39.466] |T| [close_file]: sceIoClose: Closing file fd: 0x13
[09:01:39.473] |I| [export_sceIoOpen]: Opening file: app0:/tohdata_release.l7c
[09:01:39.474] |T| [open_file]: sceIoOpen: Opening file app0:/tohdata_release.l7c (ux0:/app/PCSG00163/tohdata_release.l7c), fd: 0x14
[09:01:39.488] |I| [renderer::vulkan::PipelineCache::retrieve_shader]: Generating vulkan spv shader d3f121e4ab4588468e5be53e51ad7c9367f1b0739d10ee7a0112ae6f8d5d4ad0
[09:01:39.490] |I| [renderer::load_shader_generic]: Generating vert.spv.txt shader d3f121e4ab4588468e5be53e51ad7c9367f1b0739d10ee7a0112ae6f8d5d4ad0
[09:01:39.491] |T| [close_file]: sceIoClose: Closing file fd: 0x14
[09:01:39.495] |D| [shader::create_parameters]: [BUFFER0  + 0] pa0 = (float4) aPosition
[09:01:39.496] |D| [shader::create_parameters]: [BUFFER0  + 4] pa4 = (float4) aColor
[09:01:39.497] |D| [shader::create_parameters]: [DEFAULT  + 0] sa0 = (float4) world[4]
[09:01:39.497] |D| [shader::create_parameters]: [DEFAULT  + 16] sa16 = (float4) viewProj[4]
[09:01:39.498] |T| [shader::usse::USSERecompiler::compile_code_node]: Compiling code_0, size = 28
[09:01:39.499] |I| [export_sceIoOpen]: Opening file: app0:/tohdata_release.l7c
[09:01:39.502] |T| [open_file]: sceIoOpen: Opening file app0:/tohdata_release.l7c (ux0:/app/PCSG00163/tohdata_release.l7c), fd: 0x15
[09:01:39.525] |T| [close_file]: sceIoClose: Closing file fd: 0x15
[09:01:39.530] |T| [shader::usse::USSERecompiler::compile_code_node]: Compiling code_0, size = 9
[09:01:39.541] |I| [export_sceIoOpen]: Opening file: app0:/tohdata_release.l7c
[09:01:39.543] |T| [open_file]: sceIoOpen: Opening file app0:/tohdata_release.l7c (ux0:/app/PCSG00163/tohdata_release.l7c), fd: 0x16
[09:01:39.551] |T| [close_file]: sceIoClose: Closing file fd: 0x16
[09:01:39.551] |I| [renderer::vulkan::PipelineCache::retrieve_shader]: Generating vulkan spv shader c96af2a3b008832946cd7d3fc2402bb45f845a9bb74be9207ab1c04459065423
[09:01:39.556] |I| [export_sceIoOpen]: Opening file: app0:/tohdata_release.l7c
[09:01:39.560] |I| [renderer::load_shader_generic]: Generating frag.spv.txt shader c96af2a3b008832946cd7d3fc2402bb45f845a9bb74be9207ab1c04459065423
[09:01:39.561] |T| [open_file]: sceIoOpen: Opening file app0:/tohdata_release.l7c (ux0:/app/PCSG00163/tohdata_release.l7c), fd: 0x17
[09:01:39.564] |D| [shader::create_fragment_inputs]: Iterator: pa0 = (half4) v_Color0
[09:01:39.566] |T| [shader::usse::USSERecompiler::compile_code_node]: Compiling code_0, size = 1
[09:01:39.602] |T| [close_file]: sceIoClose: Closing file fd: 0x17
[09:01:39.615] |I| [export_sceIoOpen]: Opening file: app0:/tohdata_release.l7c
[09:01:39.616] |T| [open_file]: sceIoOpen: Opening file app0:/tohdata_release.l7c (ux0:/app/PCSG00163/tohdata_release.l7c), fd: 0x18
[09:01:39.622] |T| [close_file]: sceIoClose: Closing file fd: 0x18
[09:01:39.624] |I| [export_sceIoOpen]: Opening file: app0:/tohdata_release.l7c
[09:01:39.625] |T| [open_file]: sceIoOpen: Opening file app0:/tohdata_release.l7c (ux0:/app/PCSG00163/tohdata_release.l7c), fd: 0x19
[09:01:39.674] |T| [close_file]: sceIoClose: Closing file fd: 0x19
[09:01:39.687] |I| [export_sceIoOpen]: Opening file: app0:/tohdata_release.l7c
[09:01:39.687] |T| [open_file]: sceIoOpen: Opening file app0:/tohdata_release.l7c (ux0:/app/PCSG00163/tohdata_release.l7c), fd: 0x1A
[09:01:39.708] |T| [close_file]: sceIoClose: Closing file fd: 0x1A
[09:01:39.881] |I| [export_sceIoOpen]: Opening file: app0:/tohdata_release.l7c
[09:01:39.882] |T| [open_file]: sceIoOpen: Opening file app0:/tohdata_release.l7c (ux0:/app/PCSG00163/tohdata_release.l7c), fd: 0x1B
[09:01:39.889] |T| [close_file]: sceIoClose: Closing file fd: 0x1B
[09:01:39.901] |I| [export_sceIoOpen]: Opening file: app0:/tohdata_release.l7c
[09:01:39.902] |T| [open_file]: sceIoOpen: Opening file app0:/tohdata_release.l7c (ux0:/app/PCSG00163/tohdata_release.l7c), fd: 0x1C
[09:01:39.935] |T| [close_file]: sceIoClose: Closing file fd: 0x1C
[09:01:40.327] |I| [export_sceIoOpen]: Opening file: app0:/tohdata_release.l7c
[09:01:40.327] |T| [open_file]: sceIoOpen: Opening file app0:/tohdata_release.l7c (ux0:/app/PCSG00163/tohdata_release.l7c), fd: 0x1D
[09:01:40.333] |T| [close_file]: sceIoClose: Closing file fd: 0x1D
[09:01:40.339] |I| [export_sceIoOpen]: Opening file: app0:/tohdata_release.l7c
[09:01:40.340] |T| [open_file]: sceIoOpen: Opening file app0:/tohdata_release.l7c (ux0:/app/PCSG00163/tohdata_release.l7c), fd: 0x1E
[09:01:40.350] |T| [close_file]: sceIoClose: Closing file fd: 0x1E
[09:01:40.381] |I| [export_sceIoOpen]: Opening file: app0:/tohdata_release.l7c
[09:01:40.384] |T| [open_file]: sceIoOpen: Opening file app0:/tohdata_release.l7c (ux0:/app/PCSG00163/tohdata_release.l7c), fd: 0x1F
[09:01:40.390] |T| [close_file]: sceIoClose: Closing file fd: 0x1F
[09:01:40.396] |I| [export_sceIoOpen]: Opening file: app0:/tohdata_release.l7c
[09:01:40.398] |T| [open_file]: sceIoOpen: Opening file app0:/tohdata_release.l7c (ux0:/app/PCSG00163/tohdata_release.l7c), fd: 0x20
[09:01:40.432] |T| [close_file]: sceIoClose: Closing file fd: 0x20
[09:01:40.551] |I| [export_sceIoOpen]: Opening file: app0:/tohdata_release.l7c
[09:01:40.551] |T| [open_file]: sceIoOpen: Opening file app0:/tohdata_release.l7c (ux0:/app/PCSG00163/tohdata_release.l7c), fd: 0x21
[09:01:40.575] |T| [close_file]: sceIoClose: Closing file fd: 0x21
[09:01:40.580] |I| [export_sceIoOpen]: Opening file: app0:/tohdata_release.l7c
[09:01:40.582] |T| [open_file]: sceIoOpen: Opening file app0:/tohdata_release.l7c (ux0:/app/PCSG00163/tohdata_release.l7c), fd: 0x22
[09:01:40.602] |T| [close_file]: sceIoClose: Closing file fd: 0x22
[09:01:40.677] |I| [export_sceIoOpen]: Opening file: app0:/tohdata_release.l7c
[09:01:40.678] |T| [open_file]: sceIoOpen: Opening file app0:/tohdata_release.l7c (ux0:/app/PCSG00163/tohdata_release.l7c), fd: 0x23
[09:01:40.685] |T| [close_file]: sceIoClose: Closing file fd: 0x23
[09:01:40.690] |I| [export_sceIoOpen]: Opening file: app0:/tohdata_release.l7c
[09:01:40.692] |T| [open_file]: sceIoOpen: Opening file app0:/tohdata_release.l7c (ux0:/app/PCSG00163/tohdata_release.l7c), fd: 0x24
[09:01:40.708] |T| [close_file]: sceIoClose: Closing file fd: 0x24
[09:01:40.763] |I| [export_sceIoOpen]: Opening file: app0:/tohdata_release.l7c
[09:01:40.764] |T| [open_file]: sceIoOpen: Opening file app0:/tohdata_release.l7c (ux0:/app/PCSG00163/tohdata_release.l7c), fd: 0x25
[09:01:40.772] |T| [close_file]: sceIoClose: Closing file fd: 0x25
[09:01:40.779] |I| [export_sceIoOpen]: Opening file: app0:/tohdata_release.l7c
[09:01:40.785] |T| [open_file]: sceIoOpen: Opening file app0:/tohdata_release.l7c (ux0:/app/PCSG00163/tohdata_release.l7c), fd: 0x26
[09:01:40.805] |T| [close_file]: sceIoClose: Closing file fd: 0x26
[09:01:40.892] |I| [export_sceIoOpen]: Opening file: app0:/tohdata_release.l7c
[09:01:40.896] |T| [open_file]: sceIoOpen: Opening file app0:/tohdata_release.l7c (ux0:/app/PCSG00163/tohdata_release.l7c), fd: 0x27
[09:01:40.911] |T| [close_file]: sceIoClose: Closing file fd: 0x27
[09:01:40.916] |I| [export_sceIoOpen]: Opening file: app0:/tohdata_release.l7c
[09:01:40.916] |T| [open_file]: sceIoOpen: Opening file app0:/tohdata_release.l7c (ux0:/app/PCSG00163/tohdata_release.l7c), fd: 0x28
[09:01:40.928] |T| [close_file]: sceIoClose: Closing file fd: 0x28
[09:01:40.947] |I| [export_sceIoOpen]: Opening file: app0:/tohdata_release.l7c
[09:01:40.951] |T| [open_file]: sceIoOpen: Opening file app0:/tohdata_release.l7c (ux0:/app/PCSG00163/tohdata_release.l7c), fd: 0x29
[09:01:40.962] |T| [close_file]: sceIoClose: Closing file fd: 0x29
[09:01:40.967] |I| [export_sceIoOpen]: Opening file: app0:/tohdata_release.l7c
[09:01:40.968] |T| [open_file]: sceIoOpen: Opening file app0:/tohdata_release.l7c (ux0:/app/PCSG00163/tohdata_release.l7c), fd: 0x2A
[09:01:40.980] |T| [close_file]: sceIoClose: Closing file fd: 0x2A
[09:01:41.019] |I| [export_sceIoOpen]: Opening file: app0:/tohdata_release.l7c
[09:01:41.021] |T| [open_file]: sceIoOpen: Opening file app0:/tohdata_release.l7c (ux0:/app/PCSG00163/tohdata_release.l7c), fd: 0x2B
[09:01:41.031] |T| [close_file]: sceIoClose: Closing file fd: 0x2B
[09:01:41.035] |I| [export_sceIoOpen]: Opening file: app0:/tohdata_release.l7c
[09:01:41.035] |T| [open_file]: sceIoOpen: Opening file app0:/tohdata_release.l7c (ux0:/app/PCSG00163/tohdata_release.l7c), fd: 0x2C
[09:01:41.052] |T| [close_file]: sceIoClose: Closing file fd: 0x2C
[09:01:41.089] |I| [export_sceIoOpen]: Opening file: app0:/tohdata_release.l7c
[09:01:41.090] |T| [open_file]: sceIoOpen: Opening file app0:/tohdata_release.l7c (ux0:/app/PCSG00163/tohdata_release.l7c), fd: 0x2D
[09:01:41.098] |T| [close_file]: sceIoClose: Closing file fd: 0x2D
[09:01:41.102] |I| [export_sceIoOpen]: Opening file: app0:/tohdata_release.l7c
[09:01:41.107] |T| [open_file]: sceIoOpen: Opening file app0:/tohdata_release.l7c (ux0:/app/PCSG00163/tohdata_release.l7c), fd: 0x2E
[09:01:41.122] |T| [close_file]: sceIoClose: Closing file fd: 0x2E
[09:01:41.181] |I| [export_sceIoOpen]: Opening file: app0:/tohdata_release.l7c
[09:01:41.182] |T| [open_file]: sceIoOpen: Opening file app0:/tohdata_release.l7c (ux0:/app/PCSG00163/tohdata_release.l7c), fd: 0x2F
[09:01:41.188] |T| [close_file]: sceIoClose: Closing file fd: 0x2F
[09:01:41.190] |I| [export_sceIoOpen]: Opening file: app0:/tohdata_release.l7c
[09:01:41.191] |T| [open_file]: sceIoOpen: Opening file app0:/tohdata_release.l7c (ux0:/app/PCSG00163/tohdata_release.l7c), fd: 0x30
[09:01:41.208] |T| [close_file]: sceIoClose: Closing file fd: 0x30
[09:01:41.232] |I| [export_sceIoOpen]: Opening file: app0:/tohdata_release.l7c
[09:01:41.232] |T| [open_file]: sceIoOpen: Opening file app0:/tohdata_release.l7c (ux0:/app/PCSG00163/tohdata_release.l7c), fd: 0x31
[09:01:41.238] |T| [close_file]: sceIoClose: Closing file fd: 0x31
[09:01:41.243] |I| [export_sceIoOpen]: Opening file: app0:/tohdata_release.l7c
[09:01:41.244] |T| [open_file]: sceIoOpen: Opening file app0:/tohdata_release.l7c (ux0:/app/PCSG00163/tohdata_release.l7c), fd: 0x32
[09:01:41.252] |T| [close_file]: sceIoClose: Closing file fd: 0x32
[09:01:41.272] |I| [export_sceIoOpen]: Opening file: app0:/tohdata_release.l7c
[09:01:41.272] |T| [open_file]: sceIoOpen: Opening file app0:/tohdata_release.l7c (ux0:/app/PCSG00163/tohdata_release.l7c), fd: 0x33
[09:01:41.277] |T| [close_file]: sceIoClose: Closing file fd: 0x33
[09:01:41.279] |I| [export_sceIoOpen]: Opening file: app0:/tohdata_release.l7c
[09:01:41.280] |T| [open_file]: sceIoOpen: Opening file app0:/tohdata_release.l7c (ux0:/app/PCSG00163/tohdata_release.l7c), fd: 0x34
[09:01:41.286] |T| [close_file]: sceIoClose: Closing file fd: 0x34
[09:01:41.293] |I| [export_sceIoOpen]: Opening file: app0:/tohdata_release.l7c
[09:01:41.294] |T| [open_file]: sceIoOpen: Opening file app0:/tohdata_release.l7c (ux0:/app/PCSG00163/tohdata_release.l7c), fd: 0x35
[09:01:41.302] |T| [close_file]: sceIoClose: Closing file fd: 0x35
[09:01:41.305] |I| [export_sceIoOpen]: Opening file: app0:/tohdata_release.l7c
[09:01:41.306] |T| [open_file]: sceIoOpen: Opening file app0:/tohdata_release.l7c (ux0:/app/PCSG00163/tohdata_release.l7c), fd: 0x36
[09:01:41.315] |T| [close_file]: sceIoClose: Closing file fd: 0x36
[09:01:41.324] |I| [export_sceIoOpen]: Opening file: app0:/tohdata_release.l7c
[09:01:41.325] |T| [open_file]: sceIoOpen: Opening file app0:/tohdata_release.l7c (ux0:/app/PCSG00163/tohdata_release.l7c), fd: 0x37
[09:01:41.330] |T| [close_file]: sceIoClose: Closing file fd: 0x37
[09:01:41.332] |I| [export_sceIoOpen]: Opening file: app0:/tohdata_release.l7c
[09:01:41.333] |T| [open_file]: sceIoOpen: Opening file app0:/tohdata_release.l7c (ux0:/app/PCSG00163/tohdata_release.l7c), fd: 0x38
[09:01:41.342] |T| [close_file]: sceIoClose: Closing file fd: 0x38
[09:01:41.361] |I| [export_sceIoOpen]: Opening file: app0:/tohdata_release.l7c
[09:01:41.362] |T| [open_file]: sceIoOpen: Opening file app0:/tohdata_release.l7c (ux0:/app/PCSG00163/tohdata_release.l7c), fd: 0x39
[09:01:41.369] |T| [close_file]: sceIoClose: Closing file fd: 0x39
[09:01:41.372] |I| [export_sceIoOpen]: Opening file: app0:/tohdata_release.l7c
[09:01:41.372] |T| [open_file]: sceIoOpen: Opening file app0:/tohdata_release.l7c (ux0:/app/PCSG00163/tohdata_release.l7c), fd: 0x3A
[09:01:41.379] |T| [close_file]: sceIoClose: Closing file fd: 0x3A
[09:01:41.387] |I| [export_sceIoOpen]: Opening file: app0:/tohdata_release.l7c
[09:01:41.387] |T| [open_file]: sceIoOpen: Opening file app0:/tohdata_release.l7c (ux0:/app/PCSG00163/tohdata_release.l7c), fd: 0x3B
[09:01:41.392] |T| [close_file]: sceIoClose: Closing file fd: 0x3B
[09:01:41.395] |I| [export_sceIoOpen]: Opening file: app0:/tohdata_release.l7c
[09:01:41.397] |T| [open_file]: sceIoOpen: Opening file app0:/tohdata_release.l7c (ux0:/app/PCSG00163/tohdata_release.l7c), fd: 0x3C
[09:01:41.405] |T| [close_file]: sceIoClose: Closing file fd: 0x3C
[09:01:41.434] |I| [export_sceIoOpen]: Opening file: app0:/tohdata_release.l7c
[09:01:41.434] |T| [open_file]: sceIoOpen: Opening file app0:/tohdata_release.l7c (ux0:/app/PCSG00163/tohdata_release.l7c), fd: 0x3D
[09:01:41.441] |T| [close_file]: sceIoClose: Closing file fd: 0x3D
[09:01:41.443] |I| [export_sceIoOpen]: Opening file: app0:/tohdata_release.l7c
[09:01:41.444] |T| [open_file]: sceIoOpen: Opening file app0:/tohdata_release.l7c (ux0:/app/PCSG00163/tohdata_release.l7c), fd: 0x3E
[09:01:41.450] |T| [close_file]: sceIoClose: Closing file fd: 0x3E
[09:01:41.468] |I| [export_sceIoOpen]: Opening file: app0:/tohdata_release.l7c
[09:01:41.469] |T| [open_file]: sceIoOpen: Opening file app0:/tohdata_release.l7c (ux0:/app/PCSG00163/tohdata_release.l7c), fd: 0x3F
[09:01:41.474] |T| [close_file]: sceIoClose: Closing file fd: 0x3F
[09:01:41.476] |I| [export_sceIoOpen]: Opening file: app0:/tohdata_release.l7c
[09:01:41.476] |T| [open_file]: sceIoOpen: Opening file app0:/tohdata_release.l7c (ux0:/app/PCSG00163/tohdata_release.l7c), fd: 0x40
[09:01:41.483] |T| [close_file]: sceIoClose: Closing file fd: 0x40
[09:01:41.515] |I| [export_sceIoOpen]: Opening file: app0:/tohdata_release.l7c
[09:01:41.516] |T| [open_file]: sceIoOpen: Opening file app0:/tohdata_release.l7c (ux0:/app/PCSG00163/tohdata_release.l7c), fd: 0x41
[09:01:41.521] |T| [close_file]: sceIoClose: Closing file fd: 0x41
[09:01:41.523] |I| [export_sceIoOpen]: Opening file: app0:/tohdata_release.l7c
[09:01:41.524] |T| [open_file]: sceIoOpen: Opening file app0:/tohdata_release.l7c (ux0:/app/PCSG00163/tohdata_release.l7c), fd: 0x42
[09:01:41.541] |T| [close_file]: sceIoClose: Closing file fd: 0x42
[09:01:41.633] |I| [export_sceIoOpen]: Opening file: app0:/tohdata_release.l7c
[09:01:41.634] |T| [open_file]: sceIoOpen: Opening file app0:/tohdata_release.l7c (ux0:/app/PCSG00163/tohdata_release.l7c), fd: 0x43
[09:01:41.641] |T| [close_file]: sceIoClose: Closing file fd: 0x43
[09:01:41.645] |I| [export_sceIoOpen]: Opening file: app0:/tohdata_release.l7c
[09:01:41.645] |T| [open_file]: sceIoOpen: Opening file app0:/tohdata_release.l7c (ux0:/app/PCSG00163/tohdata_release.l7c), fd: 0x44
[09:01:41.650] |T| [close_file]: sceIoClose: Closing file fd: 0x44
[09:01:41.657] |I| [export_sceIoOpen]: Opening file: app0:/tohdata_release.l7c
[09:01:41.659] |T| [open_file]: sceIoOpen: Opening file app0:/tohdata_release.l7c (ux0:/app/PCSG00163/tohdata_release.l7c), fd: 0x45
[09:01:41.664] |T| [close_file]: sceIoClose: Closing file fd: 0x45
[09:01:41.667] |I| [export_sceIoOpen]: Opening file: app0:/tohdata_release.l7c
[09:01:41.668] |T| [open_file]: sceIoOpen: Opening file app0:/tohdata_release.l7c (ux0:/app/PCSG00163/tohdata_release.l7c), fd: 0x46
[09:01:41.680] |T| [close_file]: sceIoClose: Closing file fd: 0x46
[09:01:41.801] |I| [export_sceIoOpen]: Opening file: app0:/tohdata_release.l7c
[09:01:41.802] |T| [open_file]: sceIoOpen: Opening file app0:/tohdata_release.l7c (ux0:/app/PCSG00163/tohdata_release.l7c), fd: 0x47
[09:01:41.807] |T| [close_file]: sceIoClose: Closing file fd: 0x47
[09:01:41.810] |I| [export_sceIoOpen]: Opening file: app0:/tohdata_release.l7c
[09:01:41.810] |T| [open_file]: sceIoOpen: Opening file app0:/tohdata_release.l7c (ux0:/app/PCSG00163/tohdata_release.l7c), fd: 0x48
[09:01:41.833] |T| [close_file]: sceIoClose: Closing file fd: 0x48
[09:01:42.047] |I| [export_sceIoOpen]: Opening file: app0:/tohdata_release.l7c
[09:01:42.047] |T| [open_file]: sceIoOpen: Opening file app0:/tohdata_release.l7c (ux0:/app/PCSG00163/tohdata_release.l7c), fd: 0x49
[09:01:42.052] |T| [close_file]: sceIoClose: Closing file fd: 0x49
[09:01:42.055] |I| [export_sceIoOpen]: Opening file: app0:/tohdata_release.l7c
[09:01:42.056] |T| [open_file]: sceIoOpen: Opening file app0:/tohdata_release.l7c (ux0:/app/PCSG00163/tohdata_release.l7c), fd: 0x4A
[09:01:42.072] |T| [close_file]: sceIoClose: Closing file fd: 0x4A
[09:01:42.231] |I| [export_sceIoOpen]: Opening file: app0:/tohdata_release.l7c
[09:01:42.232] |T| [open_file]: sceIoOpen: Opening file app0:/tohdata_release.l7c (ux0:/app/PCSG00163/tohdata_release.l7c), fd: 0x4B
[09:01:42.237] |T| [close_file]: sceIoClose: Closing file fd: 0x4B
[09:01:42.240] |I| [export_sceIoOpen]: Opening file: app0:/tohdata_release.l7c
[09:01:42.241] |T| [open_file]: sceIoOpen: Opening file app0:/tohdata_release.l7c (ux0:/app/PCSG00163/tohdata_release.l7c), fd: 0x4C
[09:01:42.271] |T| [close_file]: sceIoClose: Closing file fd: 0x4C
[09:01:42.562] |I| [export_sceIoOpen]: Opening file: app0:/tohdata_release.l7c
[09:01:42.563] |T| [open_file]: sceIoOpen: Opening file app0:/tohdata_release.l7c (ux0:/app/PCSG00163/tohdata_release.l7c), fd: 0x4D
[09:01:42.567] |T| [close_file]: sceIoClose: Closing file fd: 0x4D
[09:01:42.570] |I| [export_sceIoOpen]: Opening file: app0:/tohdata_release.l7c
[09:01:42.571] |T| [open_file]: sceIoOpen: Opening file app0:/tohdata_release.l7c (ux0:/app/PCSG00163/tohdata_release.l7c), fd: 0x4E
[09:01:42.584] |I| [renderer::vulkan::PipelineCache::retrieve_shader]: Generating vulkan spv shader b017a00daa901f5431463dc6eb856fb97d627a4f9624eb49d72b4cc47c188d6f
[09:01:42.585] |I| [renderer::load_shader_generic]: Generating vert.spv.txt shader b017a00daa901f5431463dc6eb856fb97d627a4f9624eb49d72b4cc47c188d6f
[09:01:42.587] |D| [shader::create_parameters]: [BUFFER0  + 0] pa0 = (float4) aPosition
[09:01:42.589] |D| [shader::create_parameters]: [BUFFER0  + 4] pa4 = (float4) aTexCoord
[09:01:42.590] |D| [shader::create_parameters]: [BUFFER0  + 8] pa8 = (float4) aColor
[09:01:42.591] |D| [shader::create_parameters]: [DEFAULT  + 0] sa0 = (float4) world[4]
[09:01:42.592] |D| [shader::create_parameters]: [DEFAULT  + 16] sa16 = (float4) viewProj[4]
[09:01:42.593] |T| [shader::usse::USSERecompiler::compile_code_node]: Compiling code_0, size = 28
[09:01:42.593] |T| [close_file]: sceIoClose: Closing file fd: 0x4E
[09:01:42.620] |T| [shader::usse::USSERecompiler::compile_code_node]: Compiling code_0, size = 11
[09:01:42.641] |I| [renderer::vulkan::PipelineCache::retrieve_shader]: Generating vulkan spv shader 4680103a3ce386c0de7cb3e3142fb1be39ed30bf12a3b786615ef083272d1fcf
[09:01:42.642] |I| [renderer::load_shader_generic]: Generating frag.spv.txt shader 4680103a3ce386c0de7cb3e3142fb1be39ed30bf12a3b786615ef083272d1fcf
[09:01:42.645] |D| [shader::create_fragment_inputs]: Iterator: pa0 = (half4) v_Color0
[09:01:42.645] |T| [shader::create_fragment_inputs]: pa2 = tex2D<half4>(tex, TEXCOORD0.xy)
[09:01:42.646] |T| [shader::usse::USSERecompiler::compile_code_node]: Compiling code_0, size = 2
[09:01:42.726] |I| [export_sceIoOpen]: Opening file: app0:/tohdata_release.l7c
[09:01:42.727] |T| [open_file]: sceIoOpen: Opening file app0:/tohdata_release.l7c (ux0:/app/PCSG00163/tohdata_release.l7c), fd: 0x4F
[09:01:42.733] |T| [close_file]: sceIoClose: Closing file fd: 0x4F
[09:01:42.736] |I| [export_sceIoOpen]: Opening file: app0:/tohdata_release.l7c
[09:01:42.736] |T| [open_file]: sceIoOpen: Opening file app0:/tohdata_release.l7c (ux0:/app/PCSG00163/tohdata_release.l7c), fd: 0x50
[09:01:42.779] |T| [close_file]: sceIoClose: Closing file fd: 0x50
[09:01:43.106] |I| [export_sceIoOpen]: Opening file: app0:/tohdata_release.l7c
[09:01:43.106] |T| [open_file]: sceIoOpen: Opening file app0:/tohdata_release.l7c (ux0:/app/PCSG00163/tohdata_release.l7c), fd: 0x51
[09:01:43.113] |T| [close_file]: sceIoClose: Closing file fd: 0x51
[09:01:43.137] |W| [stubbed_impl]: Stubbed sceNpCheckCallback import called. (Stub)
[09:01:43.173] |T| [log_import_call]: [LLE] TID: 8   FUNC: 0x7D8CB13B sceFontFlush at 0x81082FF0
[09:01:43.176] |I| [export_sceIoOpen]: Opening file: app0:/tohdata_release.l7c
[09:01:43.176] |T| [open_file]: sceIoOpen: Opening file app0:/tohdata_release.l7c (ux0:/app/PCSG00163/tohdata_release.l7c), fd: 0x52
[09:01:43.418] |T| [close_file]: sceIoClose: Closing file fd: 0x52
[09:01:43.465] |T| [open_dir]: _sceIoDopen: Opening dir savedata0: (ux0:/user/00/savedata/PCSG00163/), fd: 0x53
[09:01:43.466] |T| [close_dir]: sceIoDclose: Closing dir fd: 0x53
[09:01:47.024] |T| [open_dir]: _sceIoDopen: Opening dir savedata0: (ux0:/user/00/savedata/PCSG00163/), fd: 0x54
[09:01:47.025] |T| [close_dir]: sceIoDclose: Closing dir fd: 0x54
[09:01:47.027] |E| [open_file]: Missing file at C:/Users/ Othmane/AppData/Roaming/Vita3K/Vita3K/ux0/user/00/savedata/PCSG00163/SlotParam_0.bin (target path: savedata0:/SlotParam_0.bin)
[09:01:47.029] |W| [io_error_impl]: open_file (sceSaveDataDialogInit) returned 0x80010002
[09:01:47.031] |W| [unimplemented_impl]: Unimplemented sceCommonDialogUpdate import called.
[09:01:47.050] |E| [open_file]: Missing file at C:/Users/ Othmane/AppData/Roaming/Vita3K/Vita3K/ux0/user/00/savedata/PCSG00163/SlotParam_0.bin (target path: savedata0:/SlotParam_0.bin)
[09:01:47.055] |W| [io_error_impl]: open_file (sceSaveDataDialogContinue) returned 0x80010002
[09:01:47.111] |E| [open_file]: Missing file at C:/Users/ Othmane/AppData/Roaming/Vita3K/Vita3K/ux0/user/00/savedata/PCSG00163/SlotParam_255.bin (target path: savedata0:/SlotParam_255.bin)
[09:01:47.113] |W| [io_error_impl]: open_file (sceAppUtilSaveDataSlotGetParam) returned 0x80010002
[09:01:47.114] |E| [logging::ret_error_impl]: sceAppUtilSaveDataSlotGetParam returned SCE_APPUTIL_ERROR_SAVEDATA_SLOT_NOT_FOUND (0x80100641)
[09:01:47.124] |T| [open_file]: sceAppUtilSaveDataDataSave: Opening file savedata0:/TOH_BONUS_SYS0255.bin (ux0:/user/00/savedata/PCSG00163/TOH_BONUS_SYS0255.bin), fd: 0x55
[09:01:47.126] |T| [write_file]: sceAppUtilSaveDataDataSave: Writing to fd: 0x55, size: 425448
[09:01:47.126] |T| [close_file]: sceAppUtilSaveDataDataSave: Closing file fd: 0x55
[09:01:47.129] |T| [open_file]: sceAppUtilSaveDataDataSave: Opening file savedata0:/SlotParam_255.bin (ux0:/user/00/savedata/PCSG00163/SlotParam_255.bin), fd: 0x56
[09:01:47.134] |T| [write_file]: sceAppUtilSaveDataDataSave: Writing to fd: 0x56, size: 844
[09:01:47.136] |T| [close_file]: sceAppUtilSaveDataDataSave: Closing file fd: 0x56
[09:01:47.152] |T| [open_file]: sceSaveDataDialogContinue: Opening file savedata0:/SlotParam_255.bin (ux0:/user/00/savedata/PCSG00163/SlotParam_255.bin), fd: 0x57
[09:01:47.152] |T| [close_file]: sceSaveDataDialogContinue: Closing file fd: 0x57
[09:01:48.270] |I| [export_sceIoOpen]: Opening file: app0:/tohdata_release.l7c
[09:01:48.284] |T| [open_file]: sceIoOpen: Opening file app0:/tohdata_release.l7c (ux0:/app/PCSG00163/tohdata_release.l7c), fd: 0x58
[09:01:48.305] |T| [close_file]: sceIoClose: Closing file fd: 0x58
[09:01:48.312] |I| [export_sceIoOpen]: Opening file: app0:/tohdata_release.l7c
[09:01:48.318] |T| [open_file]: sceIoOpen: Opening file app0:/tohdata_release.l7c (ux0:/app/PCSG00163/tohdata_release.l7c), fd: 0x59
[09:01:48.429] |T| [close_file]: sceIoClose: Closing file fd: 0x59
[09:01:48.436] |I| [export_sceIoOpen]: Opening file: app0:/tohdata_release.l7c
[09:01:48.438] |T| [open_file]: sceIoOpen: Opening file app0:/tohdata_release.l7c (ux0:/app/PCSG00163/tohdata_release.l7c), fd: 0x5A
[09:01:48.845] |T| [close_file]: sceIoClose: Closing file fd: 0x5A
[09:01:49.456] |I| [export_sceIoOpen]: Opening file: app0:/tohdata_release.l7c
[09:01:49.457] |T| [open_file]: sceIoOpen: Opening file app0:/tohdata_release.l7c (ux0:/app/PCSG00163/tohdata_release.l7c), fd: 0x5B
[09:01:50.967] |T| [close_file]: sceIoClose: Closing file fd: 0x5B
[09:01:55.802] |T| [open_dir]: _sceIoDopen: Opening dir savedata0: (ux0:/user/00/savedata/PCSG00163/), fd: 0x5C
[09:01:55.802] |T| [read_dir]: _sceIoDread: Reading entry savedata0:/SlotParam_255.bin of fd: 0x5C
[09:01:55.804] |T| [read_dir]: _sceIoDread: Reading entry savedata0:/TOH_BONUS_SYS0255.bin of fd: 0x5C
[09:01:55.806] |T| [close_dir]: sceIoDclose: Closing dir fd: 0x5C
[09:01:55.812] |I| [export_sceIoOpen]: Opening file: app0:/tohdata_release.l7c
[09:01:55.813] |T| [open_file]: sceIoOpen: Opening file app0:/tohdata_release.l7c (ux0:/app/PCSG00163/tohdata_release.l7c), fd: 0x5D
[09:01:55.861] |I| [export_sceIoOpen]: Opening file: app0:/tohdata_release.l7c
[09:01:55.863] |T| [open_file]: sceIoOpen: Opening file app0:/tohdata_release.l7c (ux0:/app/PCSG00163/tohdata_release.l7c), fd: 0x5E
[09:01:55.865] |T| [close_file]: sceIoClose: Closing file fd: 0x5D
[09:01:55.882] |I| [export_sceIoOpen]: Opening file: app0:/tohdata_release.l7c
[09:01:55.882] |T| [open_file]: sceIoOpen: Opening file app0:/tohdata_release.l7c (ux0:/app/PCSG00163/tohdata_release.l7c), fd: 0x5F
[09:01:55.931] |T| [close_file]: sceIoClose: Closing file fd: 0x5F
[09:01:55.934] |I| [export_sceIoOpen]: Opening file: app0:/tohdata_release.l7c
[09:01:55.935] |T| [open_file]: sceIoOpen: Opening file app0:/tohdata_release.l7c (ux0:/app/PCSG00163/tohdata_release.l7c), fd: 0x60
[09:01:56.018] |T| [close_file]: sceIoClose: Closing file fd: 0x60
[09:01:56.040] |I| [export_sceIoOpen]: Opening file: app0:/tohdata_release.l7c
[09:01:56.041] |T| [open_file]: sceIoOpen: Opening file app0:/tohdata_release.l7c (ux0:/app/PCSG00163/tohdata_release.l7c), fd: 0x61
[09:01:56.048] |T| [close_file]: sceIoClose: Closing file fd: 0x61
[09:01:56.597] |T| [close_file]: sceIoClose: Closing file fd: 0x5E
[09:01:56.690] |I| [export_sceIoOpen]: Opening file: app0:/tohdata_release.l7c
[09:01:56.690] |T| [open_file]: sceIoOpen: Opening file app0:/tohdata_release.l7c (ux0:/app/PCSG00163/tohdata_release.l7c), fd: 0x62
[09:01:56.718] |T| [close_file]: sceIoClose: Closing file fd: 0x62
[09:01:56.768] |I| [export_sceIoOpen]: Opening file: app0:/tohdata_release.l7c
[09:01:56.769] |T| [open_file]: sceIoOpen: Opening file app0:/tohdata_release.l7c (ux0:/app/PCSG00163/tohdata_release.l7c), fd: 0x63
[09:01:56.777] |T| [close_file]: sceIoClose: Closing file fd: 0x63
[09:01:56.781] |I| [export_sceIoOpen]: Opening file: app0:/tohdata_release.l7c
[09:01:56.781] |T| [open_file]: sceIoOpen: Opening file app0:/tohdata_release.l7c (ux0:/app/PCSG00163/tohdata_release.l7c), fd: 0x64
[09:01:56.807] |T| [close_file]: sceIoClose: Closing file fd: 0x64
[09:01:56.813] |I| [export_sceIoOpen]: Opening file: app0:/tohdata_release.l7c
[09:01:56.814] |T| [open_file]: sceIoOpen: Opening file app0:/tohdata_release.l7c (ux0:/app/PCSG00163/tohdata_release.l7c), fd: 0x65
[09:01:56.854] |T| [close_file]: sceIoClose: Closing file fd: 0x65
[09:01:56.862] |I| [export_sceIoOpen]: Opening file: app0:/tohdata_release.l7c
[09:01:56.865] |T| [open_file]: sceIoOpen: Opening file app0:/tohdata_release.l7c (ux0:/app/PCSG00163/tohdata_release.l7c), fd: 0x66
[09:01:56.877] |T| [close_file]: sceIoClose: Closing file fd: 0x66
[09:01:56.879] |I| [export_sceIoOpen]: Opening file: app0:/tohdata_release.l7c
[09:01:56.880] |T| [open_file]: sceIoOpen: Opening file app0:/tohdata_release.l7c (ux0:/app/PCSG00163/tohdata_release.l7c), fd: 0x67
[09:01:56.888] |T| [close_file]: sceIoClose: Closing file fd: 0x67
[09:01:56.892] |I| [export_sceIoOpen]: Opening file: app0:/tohdata_release.l7c
[09:01:56.894] |T| [open_file]: sceIoOpen: Opening file app0:/tohdata_release.l7c (ux0:/app/PCSG00163/tohdata_release.l7c), fd: 0x68
[09:01:56.899] |T| [close_file]: sceIoClose: Closing file fd: 0x68
[09:01:56.904] |I| [export_sceIoOpen]: Opening file: app0:/tohdata_release.l7c
[09:01:56.906] |T| [open_file]: sceIoOpen: Opening file app0:/tohdata_release.l7c (ux0:/app/PCSG00163/tohdata_release.l7c), fd: 0x69
[09:01:56.912] |T| [close_file]: sceIoClose: Closing file fd: 0x69
[09:01:56.919] |I| [export_sceIoOpen]: Opening file: app0:/tohdata_release.l7c
[09:01:56.920] |T| [open_file]: sceIoOpen: Opening file app0:/tohdata_release.l7c (ux0:/app/PCSG00163/tohdata_release.l7c), fd: 0x6A
[09:01:56.930] |T| [close_file]: sceIoClose: Closing file fd: 0x6A
[09:01:56.984] |I| [export_sceIoOpen]: Opening file: app0:/tohdata_release.l7c
[09:01:56.985] |T| [open_file]: sceIoOpen: Opening file app0:/tohdata_release.l7c (ux0:/app/PCSG00163/tohdata_release.l7c), fd: 0x6B
[09:01:56.992] |T| [close_file]: sceIoClose: Closing file fd: 0x6B
[09:01:57.054] |I| [export_sceIoOpen]: Opening file: app0:/tohdata_release.l7c
[09:01:57.054] |T| [open_file]: sceIoOpen: Opening file app0:/tohdata_release.l7c (ux0:/app/PCSG00163/tohdata_release.l7c), fd: 0x6C
[09:01:57.691] |I| [export_sceIoOpen]: Opening file: app0:/tohdata_release.l7c
[09:01:57.691] |T| [open_file]: sceIoOpen: Opening file app0:/tohdata_release.l7c (ux0:/app/PCSG00163/tohdata_release.l7c), fd: 0x6D
[09:01:57.697] |T| [close_file]: sceIoClose: Closing file fd: 0x6D
[09:01:57.707] |I| [export_sceIoOpen]: Opening file: app0:/tohdata_release.l7c
[09:01:57.708] |T| [open_file]: sceIoOpen: Opening file app0:/tohdata_release.l7c (ux0:/app/PCSG00163/tohdata_release.l7c), fd: 0x6E
[09:01:57.714] |T| [close_file]: sceIoClose: Closing file fd: 0x6E
[09:01:57.716] |I| [export_sceIoOpen]: Opening file: app0:/tohdata_release.l7c
[09:01:57.717] |T| [open_file]: sceIoOpen: Opening file app0:/tohdata_release.l7c (ux0:/app/PCSG00163/tohdata_release.l7c), fd: 0x6F
[09:01:57.725] |T| [close_file]: sceIoClose: Closing file fd: 0x6F
[09:01:57.727] |I| [export_sceIoOpen]: Opening file: app0:/tohdata_release.l7c
[09:01:57.728] |T| [open_file]: sceIoOpen: Opening file app0:/tohdata_release.l7c (ux0:/app/PCSG00163/tohdata_release.l7c), fd: 0x70
[09:01:57.734] |T| [close_file]: sceIoClose: Closing file fd: 0x70
[09:01:57.736] |I| [export_sceIoOpen]: Opening file: app0:/tohdata_release.l7c
[09:01:57.738] |T| [open_file]: sceIoOpen: Opening file app0:/tohdata_release.l7c (ux0:/app/PCSG00163/tohdata_release.l7c), fd: 0x71
[09:01:57.744] |T| [close_file]: sceIoClose: Closing file fd: 0x71
[09:01:57.748] |I| [export_sceIoOpen]: Opening file: app0:/tohdata_release.l7c
[09:01:57.748] |T| [open_file]: sceIoOpen: Opening file app0:/tohdata_release.l7c (ux0:/app/PCSG00163/tohdata_release.l7c), fd: 0x72
[09:01:57.759] |T| [close_file]: sceIoClose: Closing file fd: 0x72
[09:01:57.763] |I| [export_sceIoOpen]: Opening file: app0:/tohdata_release.l7c
[09:01:57.764] |T| [open_file]: sceIoOpen: Opening file app0:/tohdata_release.l7c (ux0:/app/PCSG00163/tohdata_release.l7c), fd: 0x73
[09:01:57.772] |T| [close_file]: sceIoClose: Closing file fd: 0x73
[09:01:57.775] |I| [export_sceIoOpen]: Opening file: app0:/tohdata_release.l7c
[09:01:57.776] |T| [open_file]: sceIoOpen: Opening file app0:/tohdata_release.l7c (ux0:/app/PCSG00163/tohdata_release.l7c), fd: 0x74
[09:01:57.784] |T| [close_file]: sceIoClose: Closing file fd: 0x74
[09:01:57.787] |I| [export_sceIoOpen]: Opening file: app0:/tohdata_release.l7c
[09:01:57.788] |T| [open_file]: sceIoOpen: Opening file app0:/tohdata_release.l7c (ux0:/app/PCSG00163/tohdata_release.l7c), fd: 0x75
[09:01:57.795] |T| [close_file]: sceIoClose: Closing file fd: 0x75
[09:01:57.798] |I| [export_sceIoOpen]: Opening file: app0:/tohdata_release.l7c
[09:01:57.798] |T| [open_file]: sceIoOpen: Opening file app0:/tohdata_release.l7c (ux0:/app/PCSG00163/tohdata_release.l7c), fd: 0x76
[09:01:57.805] |T| [close_file]: sceIoClose: Closing file fd: 0x76
[09:01:57.808] |I| [export_sceIoOpen]: Opening file: app0:/tohdata_release.l7c
[09:01:57.809] |T| [open_file]: sceIoOpen: Opening file app0:/tohdata_release.l7c (ux0:/app/PCSG00163/tohdata_release.l7c), fd: 0x77
[09:01:57.817] |T| [close_file]: sceIoClose: Closing file fd: 0x77
[09:01:57.820] |I| [export_sceIoOpen]: Opening file: app0:/tohdata_release.l7c
[09:01:57.821] |T| [open_file]: sceIoOpen: Opening file app0:/tohdata_release.l7c (ux0:/app/PCSG00163/tohdata_release.l7c), fd: 0x78
[09:01:57.829] |T| [close_file]: sceIoClose: Closing file fd: 0x78
[09:01:57.832] |I| [export_sceIoOpen]: Opening file: app0:/tohdata_release.l7c
[09:01:57.833] |T| [open_file]: sceIoOpen: Opening file app0:/tohdata_release.l7c (ux0:/app/PCSG00163/tohdata_release.l7c), fd: 0x79
[09:01:57.840] |T| [close_file]: sceIoClose: Closing file fd: 0x79
[09:01:57.844] |I| [export_sceIoOpen]: Opening file: app0:/tohdata_release.l7c
[09:01:57.845] |T| [open_file]: sceIoOpen: Opening file app0:/tohdata_release.l7c (ux0:/app/PCSG00163/tohdata_release.l7c), fd: 0x7A
[09:01:57.851] |T| [close_file]: sceIoClose: Closing file fd: 0x7A
[09:01:57.854] |I| [export_sceIoOpen]: Opening file: app0:/tohdata_release.l7c
[09:01:57.855] |T| [open_file]: sceIoOpen: Opening file app0:/tohdata_release.l7c (ux0:/app/PCSG00163/tohdata_release.l7c), fd: 0x7B
[09:01:57.862] |T| [close_file]: sceIoClose: Closing file fd: 0x7B
[09:01:57.865] |I| [export_sceIoOpen]: Opening file: app0:/tohdata_release.l7c
[09:01:57.865] |T| [open_file]: sceIoOpen: Opening file app0:/tohdata_release.l7c (ux0:/app/PCSG00163/tohdata_release.l7c), fd: 0x7C
[09:01:57.874] |T| [close_file]: sceIoClose: Closing file fd: 0x7C
[09:01:57.879] |I| [export_sceIoOpen]: Opening file: app0:/tohdata_release.l7c
[09:01:57.880] |T| [open_file]: sceIoOpen: Opening file app0:/tohdata_release.l7c (ux0:/app/PCSG00163/tohdata_release.l7c), fd: 0x7D
[09:01:57.888] |T| [close_file]: sceIoClose: Closing file fd: 0x7D
[09:01:57.891] |I| [export_sceIoOpen]: Opening file: app0:/tohdata_release.l7c
[09:01:57.892] |T| [open_file]: sceIoOpen: Opening file app0:/tohdata_release.l7c (ux0:/app/PCSG00163/tohdata_release.l7c), fd: 0x7E
[09:01:57.899] |T| [close_file]: sceIoClose: Closing file fd: 0x7E
[09:01:57.902] |I| [export_sceIoOpen]: Opening file: app0:/tohdata_release.l7c
[09:01:57.903] |T| [open_file]: sceIoOpen: Opening file app0:/tohdata_release.l7c (ux0:/app/PCSG00163/tohdata_release.l7c), fd: 0x7F
[09:01:57.912] |T| [close_file]: sceIoClose: Closing file fd: 0x7F
[09:02:01.435] |T| [log_import_call]: [LLE] TID: 8   FUNC: 0x6FD1BA65 sceFontGetCharInfo at 0x81082FE0
[09:02:01.455] |T| [log_import_call]: [LLE] TID: 8   FUNC: 0xEB589530 sceFontGetCharGlyphImage_Clip at 0x81083060
[09:02:01.470] |I| [export_sceIoOpen]: Opening file: app0:/tohdata_release.l7c
[09:02:01.470] |T| [open_file]: sceIoOpen: Opening file app0:/tohdata_release.l7c (ux0:/app/PCSG00163/tohdata_release.l7c), fd: 0x80
[09:02:02.134] |T| [close_file]: sceIoClose: Closing file fd: 0x80
[09:02:02.136] |I| [export_sceIoOpen]: Opening file: app0:/tohdata_release.l7c
[09:02:02.136] |T| [open_file]: sceIoOpen: Opening file app0:/tohdata_release.l7c (ux0:/app/PCSG00163/tohdata_release.l7c), fd: 0x81
[09:02:02.494] |T| [close_file]: sceIoClose: Closing file fd: 0x81
[09:02:02.496] |I| [export_sceIoOpen]: Opening file: app0:/tohdata_release.l7c
[09:02:02.496] |T| [open_file]: sceIoOpen: Opening file app0:/tohdata_release.l7c (ux0:/app/PCSG00163/tohdata_release.l7c), fd: 0x82
[09:02:02.864] |T| [close_file]: sceIoClose: Closing file fd: 0x82
[09:02:02.866] |I| [export_sceIoOpen]: Opening file: app0:/tohdata_release.l7c
[09:02:02.867] |T| [open_file]: sceIoOpen: Opening file app0:/tohdata_release.l7c (ux0:/app/PCSG00163/tohdata_release.l7c), fd: 0x83
[09:02:03.254] |T| [close_file]: sceIoClose: Closing file fd: 0x83
[09:02:03.256] |I| [export_sceIoOpen]: Opening file: app0:/tohdata_release.l7c
[09:02:03.258] |T| [open_file]: sceIoOpen: Opening file app0:/tohdata_release.l7c (ux0:/app/PCSG00163/tohdata_release.l7c), fd: 0x84
[09:02:03.674] |T| [close_file]: sceIoClose: Closing file fd: 0x84
[09:02:07.601] |I| [export_sceIoOpen]: Opening file: app0:/tohdata_release.l7c
[09:02:07.602] |T| [open_file]: sceIoOpen: Opening file app0:/tohdata_release.l7c (ux0:/app/PCSG00163/tohdata_release.l7c), fd: 0x85
[09:02:08.044] |T| [close_file]: sceIoClose: Closing file fd: 0x85
[09:02:08.045] |I| [export_sceIoOpen]: Opening file: app0:/tohdata_release.l7c
[09:02:08.046] |T| [open_file]: sceIoOpen: Opening file app0:/tohdata_release.l7c (ux0:/app/PCSG00163/tohdata_release.l7c), fd: 0x86
[09:02:08.524] |T| [close_file]: sceIoClose: Closing file fd: 0x86
[09:02:08.527] |I| [export_sceIoOpen]: Opening file: app0:/tohdata_release.l7c
[09:02:08.527] |T| [open_file]: sceIoOpen: Opening file app0:/tohdata_release.l7c (ux0:/app/PCSG00163/tohdata_release.l7c), fd: 0x87
[09:02:08.954] |T| [close_file]: sceIoClose: Closing file fd: 0x87
[09:02:08.956] |I| [export_sceIoOpen]: Opening file: app0:/tohdata_release.l7c
[09:02:08.957] |T| [open_file]: sceIoOpen: Opening file app0:/tohdata_release.l7c (ux0:/app/PCSG00163/tohdata_release.l7c), fd: 0x88
[09:02:09.484] |T| [close_file]: sceIoClose: Closing file fd: 0x88
[09:02:09.487] |I| [export_sceIoOpen]: Opening file: app0:/tohdata_release.l7c
[09:02:09.488] |T| [open_file]: sceIoOpen: Opening file app0:/tohdata_release.l7c (ux0:/app/PCSG00163/tohdata_release.l7c), fd: 0x89
[09:02:09.924] |T| [close_file]: sceIoClose: Closing file fd: 0x89
[09:02:09.926] |I| [export_sceIoOpen]: Opening file: app0:/tohdata_release.l7c
[09:02:09.927] |T| [open_file]: sceIoOpen: Opening file app0:/tohdata_release.l7c (ux0:/app/PCSG00163/tohdata_release.l7c), fd: 0x8A
[09:02:10.355] |T| [close_file]: sceIoClose: Closing file fd: 0x8A
[09:02:10.357] |I| [export_sceIoOpen]: Opening file: app0:/tohdata_release.l7c
[09:02:10.357] |T| [open_file]: sceIoOpen: Opening file app0:/tohdata_release.l7c (ux0:/app/PCSG00163/tohdata_release.l7c), fd: 0x8B
[09:02:10.845] |T| [close_file]: sceIoClose: Closing file fd: 0x8B
[09:02:10.853] |I| [export_sceIoOpen]: Opening file: app0:/tohdata_release.l7c
[09:02:10.855] |T| [open_file]: sceIoOpen: Opening file app0:/tohdata_release.l7c (ux0:/app/PCSG00163/tohdata_release.l7c), fd: 0x8C
[09:02:11.275] |T| [close_file]: sceIoClose: Closing file fd: 0x8C
[09:02:11.278] |I| [export_sceIoOpen]: Opening file: app0:/tohdata_release.l7c
[09:02:11.280] |T| [open_file]: sceIoOpen: Opening file app0:/tohdata_release.l7c (ux0:/app/PCSG00163/tohdata_release.l7c), fd: 0x8D
[09:02:11.684] |T| [close_file]: sceIoClose: Closing file fd: 0x8D
[09:02:11.686] |I| [export_sceIoOpen]: Opening file: app0:/tohdata_release.l7c
[09:02:11.687] |T| [open_file]: sceIoOpen: Opening file app0:/tohdata_release.l7c (ux0:/app/PCSG00163/tohdata_release.l7c), fd: 0x8E
[09:02:12.008] |I| [renderer::vulkan::PipelineCache::save_pipeline_cache]: Saving pipeline cache...
[09:02:12.009] |I| [renderer::vulkan::PipelineCache::save_pipeline_cache]: Pipeline cache saved
[09:02:12.064] |T| [close_file]: sceIoClose: Closing file fd: 0x8E
[09:02:12.066] |I| [export_sceIoOpen]: Opening file: app0:/tohdata_release.l7c
[09:02:12.066] |T| [open_file]: sceIoOpen: Opening file app0:/tohdata_release.l7c (ux0:/app/PCSG00163/tohdata_release.l7c), fd: 0x8F
[09:02:12.426] |T| [close_file]: sceIoClose: Closing file fd: 0x8F
[09:02:12.428] |I| [export_sceIoOpen]: Opening file: app0:/tohdata_release.l7c
[09:02:12.428] |T| [open_file]: sceIoOpen: Opening file app0:/tohdata_release.l7c (ux0:/app/PCSG00163/tohdata_release.l7c), fd: 0x90
[09:02:12.804] |T| [close_file]: sceIoClose: Closing file fd: 0x90
[09:02:12.805] |I| [export_sceIoOpen]: Opening file: app0:/tohdata_release.l7c
[09:02:12.806] |T| [open_file]: sceIoOpen: Opening file app0:/tohdata_release.l7c (ux0:/app/PCSG00163/tohdata_release.l7c), fd: 0x91
[09:02:13.184] |T| [close_file]: sceIoClose: Closing file fd: 0x91
[09:02:13.186] |I| [export_sceIoOpen]: Opening file: app0:/tohdata_release.l7c
[09:02:13.186] |T| [open_file]: sceIoOpen: Opening file app0:/tohdata_release.l7c (ux0:/app/PCSG00163/tohdata_release.l7c), fd: 0x92
[09:02:13.584] |T| [close_file]: sceIoClose: Closing file fd: 0x92
[09:02:13.587] |I| [export_sceIoOpen]: Opening file: app0:/tohdata_release.l7c
[09:02:13.589] |T| [open_file]: sceIoOpen: Opening file app0:/tohdata_release.l7c (ux0:/app/PCSG00163/tohdata_release.l7c), fd: 0x93
[09:02:13.984] |T| [close_file]: sceIoClose: Closing file fd: 0x93
[09:02:14.764] |T| [close_file]: sceIoClose: Closing file fd: 0x6C
[09:02:14.868] |I| [export_sceIoOpen]: Opening file: app0:/tohdata_release.l7c
[09:02:14.869] |T| [open_file]: sceIoOpen: Opening file app0:/tohdata_release.l7c (ux0:/app/PCSG00163/tohdata_release.l7c), fd: 0x94
[09:02:14.876] |T| [close_file]: sceIoClose: Closing file fd: 0x94
[09:02:14.878] |I| [export_sceIoOpen]: Opening file: app0:/tohdata_release.l7c
[09:02:14.879] |T| [open_file]: sceIoOpen: Opening file app0:/tohdata_release.l7c (ux0:/app/PCSG00163/tohdata_release.l7c), fd: 0x95
[09:02:14.884] |T| [close_file]: sceIoClose: Closing file fd: 0x95
[09:02:14.890] |I| [export_sceIoOpen]: Opening file: app0:/tohdata_release.l7c
[09:02:14.891] |T| [open_file]: sceIoOpen: Opening file app0:/tohdata_release.l7c (ux0:/app/PCSG00163/tohdata_release.l7c), fd: 0x96
[09:02:14.896] |T| [close_file]: sceIoClose: Closing file fd: 0x96
[09:02:14.900] |I| [export_sceIoOpen]: Opening file: app0:/tohdata_release.l7c
[09:02:14.902] |T| [open_file]: sceIoOpen: Opening file app0:/tohdata_release.l7c (ux0:/app/PCSG00163/tohdata_release.l7c), fd: 0x97
[09:02:14.909] |T| [close_file]: sceIoClose: Closing file fd: 0x97
[09:02:14.911] |I| [export_sceIoOpen]: Opening file: app0:/tohdata_release.l7c
[09:02:14.911] |T| [open_file]: sceIoOpen: Opening file app0:/tohdata_release.l7c (ux0:/app/PCSG00163/tohdata_release.l7c), fd: 0x98
[09:02:14.922] |T| [close_file]: sceIoClose: Closing file fd: 0x98
[09:02:14.925] |I| [export_sceIoOpen]: Opening file: app0:/tohdata_release.l7c
[09:02:14.926] |T| [open_file]: sceIoOpen: Opening file app0:/tohdata_release.l7c (ux0:/app/PCSG00163/tohdata_release.l7c), fd: 0x99
[09:02:14.933] |T| [close_file]: sceIoClose: Closing file fd: 0x99
[09:02:14.935] |I| [export_sceIoOpen]: Opening file: app0:/tohdata_release.l7c
[09:02:14.936] |T| [open_file]: sceIoOpen: Opening file app0:/tohdata_release.l7c (ux0:/app/PCSG00163/tohdata_release.l7c), fd: 0x9A
[09:02:14.941] |T| [close_file]: sceIoClose: Closing file fd: 0x9A
[09:02:14.944] |I| [export_sceIoOpen]: Opening file: app0:/tohdata_release.l7c
[09:02:14.945] |T| [open_file]: sceIoOpen: Opening file app0:/tohdata_release.l7c (ux0:/app/PCSG00163/tohdata_release.l7c), fd: 0x9B
[09:02:14.953] |T| [close_file]: sceIoClose: Closing file fd: 0x9B
[09:02:14.954] |I| [export_sceIoOpen]: Opening file: app0:/tohdata_release.l7c
[09:02:14.955] |T| [open_file]: sceIoOpen: Opening file app0:/tohdata_release.l7c (ux0:/app/PCSG00163/tohdata_release.l7c), fd: 0x9C
[09:02:14.960] |T| [close_file]: sceIoClose: Closing file fd: 0x9C
[09:02:14.962] |I| [export_sceIoOpen]: Opening file: app0:/tohdata_release.l7c
[09:02:14.967] |T| [open_file]: sceIoOpen: Opening file app0:/tohdata_release.l7c (ux0:/app/PCSG00163/tohdata_release.l7c), fd: 0x9D
[09:02:14.972] |T| [close_file]: sceIoClose: Closing file fd: 0x9D
[09:02:14.978] |I| [export_sceIoOpen]: Opening file: app0:/tohdata_release.l7c
[09:02:14.980] |T| [open_file]: sceIoOpen: Opening file app0:/tohdata_release.l7c (ux0:/app/PCSG00163/tohdata_release.l7c), fd: 0x9E
[09:02:15.084] |T| [close_file]: sceIoClose: Closing file fd: 0x9E
[09:02:15.087] |I| [export_sceIoOpen]: Opening file: app0:/tohdata_release.l7c
[09:02:15.088] |T| [open_file]: sceIoOpen: Opening file app0:/tohdata_release.l7c (ux0:/app/PCSG00163/tohdata_release.l7c), fd: 0x9F
[09:02:15.215] |T| [close_file]: sceIoClose: Closing file fd: 0x9F
[09:02:15.228] |I| [export_sceIoOpen]: Opening file: app0:/tohdata_release.l7c
[09:02:15.229] |T| [open_file]: sceIoOpen: Opening file app0:/tohdata_release.l7c (ux0:/app/PCSG00163/tohdata_release.l7c), fd: 0xA0
[09:02:15.237] |T| [close_file]: sceIoClose: Closing file fd: 0xA0
[09:02:15.243] |I| [export_sceIoOpen]: Opening file: app0:/tohdata_release.l7c
[09:02:15.244] |T| [open_file]: sceIoOpen: Opening file app0:/tohdata_release.l7c (ux0:/app/PCSG00163/tohdata_release.l7c), fd: 0xA1
[09:02:15.250] |T| [close_file]: sceIoClose: Closing file fd: 0xA1
[09:02:15.286] |I| [export_sceIoOpen]: Opening file: app0:/tohdata_release.l7c
[09:02:15.287] |T| [open_file]: sceIoOpen: Opening file app0:/tohdata_release.l7c (ux0:/app/PCSG00163/tohdata_release.l7c), fd: 0xA2
[09:02:15.291] |T| [close_file]: sceIoClose: Closing file fd: 0xA2
[09:02:15.294] |I| [export_sceIoOpen]: Opening file: app0:/tohdata_release.l7c
[09:02:15.294] |T| [open_file]: sceIoOpen: Opening file app0:/tohdata_release.l7c (ux0:/app/PCSG00163/tohdata_release.l7c), fd: 0xA3
[09:02:15.300] |T| [close_file]: sceIoClose: Closing file fd: 0xA3
[09:02:15.309] |I| [export_sceIoOpen]: Opening file: app0:/tohdata_release.l7c
[09:02:15.310] |T| [open_file]: sceIoOpen: Opening file app0:/tohdata_release.l7c (ux0:/app/PCSG00163/tohdata_release.l7c), fd: 0xA4
[09:02:15.315] |T| [close_file]: sceIoClose: Closing file fd: 0xA4
[09:02:15.317] |I| [export_sceIoOpen]: Opening file: app0:/tohdata_release.l7c
[09:02:15.319] |T| [open_file]: sceIoOpen: Opening file app0:/tohdata_release.l7c (ux0:/app/PCSG00163/tohdata_release.l7c), fd: 0xA5
[09:02:15.325] |T| [close_file]: sceIoClose: Closing file fd: 0xA5
[09:02:15.328] |I| [export_sceIoOpen]: Opening file: app0:/tohdata_release.l7c
[09:02:15.328] |T| [open_file]: sceIoOpen: Opening file app0:/tohdata_release.l7c (ux0:/app/PCSG00163/tohdata_release.l7c), fd: 0xA6
[09:02:15.333] |T| [close_file]: sceIoClose: Closing file fd: 0xA6
[09:02:15.337] |I| [export_sceIoOpen]: Opening file: app0:/tohdata_release.l7c
[09:02:15.338] |T| [open_file]: sceIoOpen: Opening file app0:/tohdata_release.l7c (ux0:/app/PCSG00163/tohdata_release.l7c), fd: 0xA7
[09:02:15.343] |T| [close_file]: sceIoClose: Closing file fd: 0xA7
[09:02:15.346] |I| [export_sceIoOpen]: Opening file: app0:/tohdata_release.l7c
[09:02:15.347] |T| [open_file]: sceIoOpen: Opening file app0:/tohdata_release.l7c (ux0:/app/PCSG00163/tohdata_release.l7c), fd: 0xA8
[09:02:15.354] |T| [close_file]: sceIoClose: Closing file fd: 0xA8
[09:02:15.357] |I| [export_sceIoOpen]: Opening file: app0:/tohdata_release.l7c
[09:02:15.357] |T| [open_file]: sceIoOpen: Opening file app0:/tohdata_release.l7c (ux0:/app/PCSG00163/tohdata_release.l7c), fd: 0xA9
[09:02:15.362] |T| [close_file]: sceIoClose: Closing file fd: 0xA9
[09:02:15.365] |I| [export_sceIoOpen]: Opening file: app0:/tohdata_release.l7c
[09:02:15.368] |T| [open_file]: sceIoOpen: Opening file app0:/tohdata_release.l7c (ux0:/app/PCSG00163/tohdata_release.l7c), fd: 0xAA
[09:02:15.373] |T| [close_file]: sceIoClose: Closing file fd: 0xAA
[09:02:15.376] |I| [export_sceIoOpen]: Opening file: app0:/tohdata_release.l7c
[09:02:15.376] |T| [open_file]: sceIoOpen: Opening file app0:/tohdata_release.l7c (ux0:/app/PCSG00163/tohdata_release.l7c), fd: 0xAB
[09:02:15.382] |T| [close_file]: sceIoClose: Closing file fd: 0xAB
[09:02:15.385] |I| [export_sceIoOpen]: Opening file: app0:/tohdata_release.l7c
[09:02:15.386] |T| [open_file]: sceIoOpen: Opening file app0:/tohdata_release.l7c (ux0:/app/PCSG00163/tohdata_release.l7c), fd: 0xAC
[09:02:15.391] |T| [close_file]: sceIoClose: Closing file fd: 0xAC
[09:02:15.393] |I| [export_sceIoOpen]: Opening file: app0:/tohdata_release.l7c
[09:02:15.394] |T| [open_file]: sceIoOpen: Opening file app0:/tohdata_release.l7c (ux0:/app/PCSG00163/tohdata_release.l7c), fd: 0xAD
[09:02:15.403] |T| [close_file]: sceIoClose: Closing file fd: 0xAD
[09:02:15.407] |I| [export_sceIoOpen]: Opening file: app0:/tohdata_release.l7c
[09:02:15.408] |T| [open_file]: sceIoOpen: Opening file app0:/tohdata_release.l7c (ux0:/app/PCSG00163/tohdata_release.l7c), fd: 0xAE
[09:02:15.415] |T| [close_file]: sceIoClose: Closing file fd: 0xAE
[09:02:15.418] |I| [export_sceIoOpen]: Opening file: app0:/tohdata_release.l7c
[09:02:15.418] |T| [open_file]: sceIoOpen: Opening file app0:/tohdata_release.l7c (ux0:/app/PCSG00163/tohdata_release.l7c), fd: 0xAF
[09:02:15.423] |T| [close_file]: sceIoClose: Closing file fd: 0xAF
[09:02:15.427] |I| [export_sceIoOpen]: Opening file: app0:/tohdata_release.l7c
[09:02:15.429] |T| [open_file]: sceIoOpen: Opening file app0:/tohdata_release.l7c (ux0:/app/PCSG00163/tohdata_release.l7c), fd: 0xB0
[09:02:15.433] |T| [close_file]: sceIoClose: Closing file fd: 0xB0
[09:02:15.436] |I| [export_sceIoOpen]: Opening file: app0:/tohdata_release.l7c
[09:02:15.437] |T| [open_file]: sceIoOpen: Opening file app0:/tohdata_release.l7c (ux0:/app/PCSG00163/tohdata_release.l7c), fd: 0xB1
[09:02:15.443] |T| [close_file]: sceIoClose: Closing file fd: 0xB1
[09:02:15.446] |I| [export_sceIoOpen]: Opening file: app0:/tohdata_release.l7c
[09:02:15.447] |T| [open_file]: sceIoOpen: Opening file app0:/tohdata_release.l7c (ux0:/app/PCSG00163/tohdata_release.l7c), fd: 0xB2
[09:02:15.453] |T| [close_file]: sceIoClose: Closing file fd: 0xB2
[09:02:15.455] |I| [export_sceIoOpen]: Opening file: app0:/tohdata_release.l7c
[09:02:15.456] |T| [open_file]: sceIoOpen: Opening file app0:/tohdata_release.l7c (ux0:/app/PCSG00163/tohdata_release.l7c), fd: 0xB3
[09:02:15.463] |T| [close_file]: sceIoClose: Closing file fd: 0xB3
[09:02:15.466] |I| [export_sceIoOpen]: Opening file: app0:/tohdata_release.l7c
[09:02:15.467] |T| [open_file]: sceIoOpen: Opening file app0:/tohdata_release.l7c (ux0:/app/PCSG00163/tohdata_release.l7c), fd: 0xB4
[09:02:15.472] |T| [close_file]: sceIoClose: Closing file fd: 0xB4
[09:02:15.476] |I| [export_sceIoOpen]: Opening file: app0:/tohdata_release.l7c
[09:02:15.477] |T| [open_file]: sceIoOpen: Opening file app0:/tohdata_release.l7c (ux0:/app/PCSG00163/tohdata_release.l7c), fd: 0xB5
[09:02:15.486] |T| [close_file]: sceIoClose: Closing file fd: 0xB5
[09:02:15.489] |I| [export_sceIoOpen]: Opening file: app0:/tohdata_release.l7c
[09:02:15.492] |T| [open_file]: sceIoOpen: Opening file app0:/tohdata_release.l7c (ux0:/app/PCSG00163/tohdata_release.l7c), fd: 0xB6
[09:02:15.499] |T| [close_file]: sceIoClose: Closing file fd: 0xB6
[09:02:15.501] |I| [export_sceIoOpen]: Opening file: app0:/tohdata_release.l7c
[09:02:15.502] |T| [open_file]: sceIoOpen: Opening file app0:/tohdata_release.l7c (ux0:/app/PCSG00163/tohdata_release.l7c), fd: 0xB7
[09:02:15.509] |T| [close_file]: sceIoClose: Closing file fd: 0xB7
[09:02:15.511] |I| [export_sceIoOpen]: Opening file: app0:/tohdata_release.l7c
[09:02:15.512] |T| [open_file]: sceIoOpen: Opening file app0:/tohdata_release.l7c (ux0:/app/PCSG00163/tohdata_release.l7c), fd: 0xB8
[09:02:15.517] |T| [close_file]: sceIoClose: Closing file fd: 0xB8
[09:02:15.522] |I| [export_sceIoOpen]: Opening file: app0:/tohdata_release.l7c
[09:02:15.523] |T| [open_file]: sceIoOpen: Opening file app0:/tohdata_release.l7c (ux0:/app/PCSG00163/tohdata_release.l7c), fd: 0xB9
[09:02:15.527] |T| [close_file]: sceIoClose: Closing file fd: 0xB9
[09:02:15.531] |I| [export_sceIoOpen]: Opening file: app0:/tohdata_release.l7c
[09:02:15.531] |T| [open_file]: sceIoOpen: Opening file app0:/tohdata_release.l7c (ux0:/app/PCSG00163/tohdata_release.l7c), fd: 0xBA
[09:02:15.535] |T| [close_file]: sceIoClose: Closing file fd: 0xBA
[09:02:15.538] |I| [export_sceIoOpen]: Opening file: app0:/tohdata_release.l7c
[09:02:15.538] |T| [open_file]: sceIoOpen: Opening file app0:/tohdata_release.l7c (ux0:/app/PCSG00163/tohdata_release.l7c), fd: 0xBB
[09:02:15.543] |T| [close_file]: sceIoClose: Closing file fd: 0xBB
[09:02:15.545] |I| [export_sceIoOpen]: Opening file: app0:/tohdata_release.l7c
[09:02:15.546] |T| [open_file]: sceIoOpen: Opening file app0:/tohdata_release.l7c (ux0:/app/PCSG00163/tohdata_release.l7c), fd: 0xBC
[09:02:15.551] |T| [close_file]: sceIoClose: Closing file fd: 0xBC
[09:02:15.554] |I| [export_sceIoOpen]: Opening file: app0:/tohdata_release.l7c
[09:02:15.555] |T| [open_file]: sceIoOpen: Opening file app0:/tohdata_release.l7c (ux0:/app/PCSG00163/tohdata_release.l7c), fd: 0xBD
[09:02:15.559] |T| [close_file]: sceIoClose: Closing file fd: 0xBD
[09:02:15.563] |I| [export_sceIoOpen]: Opening file: app0:/tohdata_release.l7c
[09:02:15.565] |T| [open_file]: sceIoOpen: Opening file app0:/tohdata_release.l7c (ux0:/app/PCSG00163/tohdata_release.l7c), fd: 0xBE
[09:02:15.570] |T| [close_file]: sceIoClose: Closing file fd: 0xBE
[09:02:15.572] |I| [export_sceIoOpen]: Opening file: app0:/tohdata_release.l7c
[09:02:15.575] |T| [open_file]: sceIoOpen: Opening file app0:/tohdata_release.l7c (ux0:/app/PCSG00163/tohdata_release.l7c), fd: 0xBF
[09:02:15.579] |T| [close_file]: sceIoClose: Closing file fd: 0xBF
[09:02:15.583] |I| [export_sceIoOpen]: Opening file: app0:/tohdata_release.l7c
[09:02:15.584] |T| [open_file]: sceIoOpen: Opening file app0:/tohdata_release.l7c (ux0:/app/PCSG00163/tohdata_release.l7c), fd: 0xC0
[09:02:15.588] |T| [close_file]: sceIoClose: Closing file fd: 0xC0
[09:02:15.591] |I| [export_sceIoOpen]: Opening file: app0:/tohdata_release.l7c
[09:02:15.592] |T| [open_file]: sceIoOpen: Opening file app0:/tohdata_release.l7c (ux0:/app/PCSG00163/tohdata_release.l7c), fd: 0xC1
[09:02:15.600] |T| [close_file]: sceIoClose: Closing file fd: 0xC1
[09:02:15.602] |I| [export_sceIoOpen]: Opening file: app0:/tohdata_release.l7c
[09:02:15.603] |T| [open_file]: sceIoOpen: Opening file app0:/tohdata_release.l7c (ux0:/app/PCSG00163/tohdata_release.l7c), fd: 0xC2
[09:02:15.609] |T| [close_file]: sceIoClose: Closing file fd: 0xC2
[09:02:15.615] |I| [export_sceIoOpen]: Opening file: app0:/tohdata_release.l7c
[09:02:15.616] |T| [open_file]: sceIoOpen: Opening file app0:/tohdata_release.l7c (ux0:/app/PCSG00163/tohdata_release.l7c), fd: 0xC3
[09:02:15.622] |T| [close_file]: sceIoClose: Closing file fd: 0xC3
[09:02:15.625] |I| [export_sceIoOpen]: Opening file: app0:/tohdata_release.l7c
[09:02:15.626] |T| [open_file]: sceIoOpen: Opening file app0:/tohdata_release.l7c (ux0:/app/PCSG00163/tohdata_release.l7c), fd: 0xC4
[09:02:15.631] |T| [close_file]: sceIoClose: Closing file fd: 0xC4
[09:02:15.633] |I| [export_sceIoOpen]: Opening file: app0:/tohdata_release.l7c
[09:02:15.634] |T| [open_file]: sceIoOpen: Opening file app0:/tohdata_release.l7c (ux0:/app/PCSG00163/tohdata_release.l7c), fd: 0xC5
[09:02:15.638] |T| [close_file]: sceIoClose: Closing file fd: 0xC5
[09:02:15.641] |I| [export_sceIoOpen]: Opening file: app0:/tohdata_release.l7c
[09:02:15.643] |T| [open_file]: sceIoOpen: Opening file app0:/tohdata_release.l7c (ux0:/app/PCSG00163/tohdata_release.l7c), fd: 0xC6
[09:02:15.647] |T| [close_file]: sceIoClose: Closing file fd: 0xC6
[09:02:15.649] |I| [export_sceIoOpen]: Opening file: app0:/tohdata_release.l7c
[09:02:15.650] |T| [open_file]: sceIoOpen: Opening file app0:/tohdata_release.l7c (ux0:/app/PCSG00163/tohdata_release.l7c), fd: 0xC7
[09:02:15.655] |T| [close_file]: sceIoClose: Closing file fd: 0xC7
[09:02:15.661] |I| [export_sceIoOpen]: Opening file: app0:/tohdata_release.l7c
[09:02:15.662] |T| [open_file]: sceIoOpen: Opening file app0:/tohdata_release.l7c (ux0:/app/PCSG00163/tohdata_release.l7c), fd: 0xC8
[09:02:15.667] |T| [close_file]: sceIoClose: Closing file fd: 0xC8
[09:02:15.669] |I| [export_sceIoOpen]: Opening file: app0:/tohdata_release.l7c
[09:02:15.670] |T| [open_file]: sceIoOpen: Opening file app0:/tohdata_release.l7c (ux0:/app/PCSG00163/tohdata_release.l7c), fd: 0xC9
[09:02:15.677] |T| [close_file]: sceIoClose: Closing file fd: 0xC9
[09:02:15.680] |I| [export_sceIoOpen]: Opening file: app0:/tohdata_release.l7c
[09:02:15.680] |T| [open_file]: sceIoOpen: Opening file app0:/tohdata_release.l7c (ux0:/app/PCSG00163/tohdata_release.l7c), fd: 0xCA
[09:02:15.686] |T| [close_file]: sceIoClose: Closing file fd: 0xCA
[09:02:15.690] |I| [export_sceIoOpen]: Opening file: app0:/tohdata_release.l7c
[09:02:15.691] |T| [open_file]: sceIoOpen: Opening file app0:/tohdata_release.l7c (ux0:/app/PCSG00163/tohdata_release.l7c), fd: 0xCB
[09:02:15.696] |T| [close_file]: sceIoClose: Closing file fd: 0xCB
[09:02:15.699] |I| [export_sceIoOpen]: Opening file: app0:/tohdata_release.l7c
[09:02:15.700] |T| [open_file]: sceIoOpen: Opening file app0:/tohdata_release.l7c (ux0:/app/PCSG00163/tohdata_release.l7c), fd: 0xCC
[09:02:15.707] |T| [close_file]: sceIoClose: Closing file fd: 0xCC
[09:02:15.710] |I| [export_sceIoOpen]: Opening file: app0:/tohdata_release.l7c
[09:02:15.710] |T| [open_file]: sceIoOpen: Opening file app0:/tohdata_release.l7c (ux0:/app/PCSG00163/tohdata_release.l7c), fd: 0xCD
[09:02:15.716] |T| [close_file]: sceIoClose: Closing file fd: 0xCD
[09:02:15.719] |I| [export_sceIoOpen]: Opening file: app0:/tohdata_release.l7c
[09:02:15.720] |T| [open_file]: sceIoOpen: Opening file app0:/tohdata_release.l7c (ux0:/app/PCSG00163/tohdata_release.l7c), fd: 0xCE
[09:02:15.725] |T| [close_file]: sceIoClose: Closing file fd: 0xCE
[09:02:15.727] |I| [export_sceIoOpen]: Opening file: app0:/tohdata_release.l7c
[09:02:15.727] |T| [open_file]: sceIoOpen: Opening file app0:/tohdata_release.l7c (ux0:/app/PCSG00163/tohdata_release.l7c), fd: 0xCF
[09:02:15.731] |T| [close_file]: sceIoClose: Closing file fd: 0xCF
[09:02:15.735] |I| [export_sceIoOpen]: Opening file: app0:/tohdata_release.l7c
[09:02:15.736] |T| [open_file]: sceIoOpen: Opening file app0:/tohdata_release.l7c (ux0:/app/PCSG00163/tohdata_release.l7c), fd: 0xD0
[09:02:15.741] |T| [close_file]: sceIoClose: Closing file fd: 0xD0
[09:02:15.743] |I| [export_sceIoOpen]: Opening file: app0:/tohdata_release.l7c
[09:02:15.744] |T| [open_file]: sceIoOpen: Opening file app0:/tohdata_release.l7c (ux0:/app/PCSG00163/tohdata_release.l7c), fd: 0xD1
[09:02:15.749] |T| [close_file]: sceIoClose: Closing file fd: 0xD1
[09:02:15.756] |I| [export_sceIoOpen]: Opening file: app0:/tohdata_release.l7c
[09:02:15.757] |T| [open_file]: sceIoOpen: Opening file app0:/tohdata_release.l7c (ux0:/app/PCSG00163/tohdata_release.l7c), fd: 0xD2
[09:02:15.765] |T| [close_file]: sceIoClose: Closing file fd: 0xD2
[09:02:15.769] |I| [export_sceIoOpen]: Opening file: app0:/tohdata_release.l7c
[09:02:15.770] |T| [open_file]: sceIoOpen: Opening file app0:/tohdata_release.l7c (ux0:/app/PCSG00163/tohdata_release.l7c), fd: 0xD3
[09:02:15.774] |T| [close_file]: sceIoClose: Closing file fd: 0xD3
[09:02:15.778] |I| [export_sceIoOpen]: Opening file: app0:/tohdata_release.l7c
[09:02:15.779] |T| [open_file]: sceIoOpen: Opening file app0:/tohdata_release.l7c (ux0:/app/PCSG00163/tohdata_release.l7c), fd: 0xD4
[09:02:15.785] |T| [close_file]: sceIoClose: Closing file fd: 0xD4
[09:02:15.787] |I| [export_sceIoOpen]: Opening file: app0:/tohdata_release.l7c
[09:02:15.788] |T| [open_file]: sceIoOpen: Opening file app0:/tohdata_release.l7c (ux0:/app/PCSG00163/tohdata_release.l7c), fd: 0xD5
[09:02:15.793] |T| [close_file]: sceIoClose: Closing file fd: 0xD5
[09:02:15.839] |I| [export_sceIoOpen]: Opening file: app0:/tohdata_release.l7c
[09:02:15.840] |T| [open_file]: sceIoOpen: Opening file app0:/tohdata_release.l7c (ux0:/app/PCSG00163/tohdata_release.l7c), fd: 0xD6
[09:02:15.847] |T| [close_file]: sceIoClose: Closing file fd: 0xD6
[09:02:15.869] |I| [export_sceIoOpen]: Opening file: app0:/tohdata_release.l7c
[09:02:15.870] |T| [open_file]: sceIoOpen: Opening file app0:/tohdata_release.l7c (ux0:/app/PCSG00163/tohdata_release.l7c), fd: 0xD7
[09:02:19.524] |C| [handle_access_violation]: Unhandled write protected region was valid. Address=0x10
[09:06:43.972] |T| [close_file]: sceIoClose: Closing file fd: 0xD7
