[09:45:54.064] |I| [SDL_main]:  Vita3K v0.1 311-e4d7a67
[09:45:54.170] |I| [load_vpk]:  Path: E:\Games\Vita3K\Rom\The Legend of Heroes Trails of Cold Steel_patch.vpk
[09:45:54.170] |I| [load_vpk]:  Title: THE LEGEND OF HEROES: TRAILS OF COLD STEEL
[09:45:54.170] |I| [load_vpk]:  Serial: PCSE00786
[09:45:54.171] |I| [load_vpk]:  Category: gp
[09:45:54.212] |I| [load_self]:  *** Loading symbols for (S)ELF: app0:sce_module/libc.suprx
[09:45:54.213] |D| [load_var_exports]:  	NID 0x6c2224ba (NID_MODULE_INFO) at 0x3a798
[09:45:54.213] |D| [load_var_exports]:  	NID 0x936c8a78 (SYSLYB) at 0x447d4
[09:45:54.213] |E| [load_var_imports]:  	NID NOT FOUND 0xdf084dfa (UNRECOGNISED) at 0x4021c: 0x000140
[09:45:54.213] |I| [load_vpk]:  LIBC loaded
[09:45:54.219] |I| [load_self]:  *** Loading symbols for (S)ELF: app0:eboot.bin
[09:45:54.219] |D| [load_var_exports]:  	NID 0x6c2224ba (NID_MODULE_INFO) at 0x813925cc
[09:45:54.219] |D| [load_var_exports]:  	NID 0x70fba1e7 (SCE_PROC_PARAMS) at 0x813f9144
[09:45:54.232] |W| [unimplemented_impl]:  Unimplemented sceKernelCreateLwCond import called.
[09:45:54.241] |I| [load_self]:  *** Loading symbols for (S)ELF: app0:mai_moe/mai.suprx
[09:45:54.242] |D| [load_var_exports]:  	NID 0x6c2224ba (NID_MODULE_INFO) at 0x9680c
[09:45:54.242] |D| [load_var_exports]:  	NID 0x70fba1e7 (SCE_PROC_PARAMS) at 0x96868
[09:45:54.271] |I| [export_sceIoOpen]:  Opening file: app0:mai_moe/load_type.mai
[09:45:54.276] |I| [load_self]:  *** Loading symbols for (S)ELF: app0:sce_module/libfios2.suprx
[09:45:54.278] |D| [load_var_exports]:  	NID 0x6c2224ba (NID_MODULE_INFO) at 0x139884
[09:45:54.278] |D| [load_var_exports]:  	NID 0x936c8a78 (SYSLYB) at 0x141a74
[09:45:54.291] |W| [unimplemented_impl]:  Unimplemented sceKernelGetProcessId import called.
[09:45:54.294] |W| [unimplemented_impl]:  Unimplemented sceFiosOverlayGetList02 import called.
[09:45:54.295] |I| [export_sceKernelLoadStartModule]:  SceLibFios2 returned 0x000000
[09:45:54.300] |I| [load_self]:  *** Loading symbols for (S)ELF: app0:sce_module/libfios2_m.suprx
[09:45:54.301] |D| [load_var_exports]:  	NID 0x6c2224ba (NID_MODULE_INFO) at 0x168884
[09:45:54.304] |D| [load_var_exports]:  	NID 0x936c8a78 (SYSLYB) at 0x170a74
[09:45:54.317] |I| [export_sceKernelLoadStartModule]:  mceLibFios2 returned 0x000000
[09:45:54.370] |I| [export_sceKernelLoadStartModule]:  output/testprx.elf returned 0x000000
[09:45:54.696] |I| [export_sceGxmCreateContext]:  GL_VERSION = 4.3.0 - Build 10.18.10.3960
[09:45:54.698] |I| [export_sceGxmCreateContext]:  GL_SHADING_LANGUAGE_VERSION = 4.30 - Build 10.18.10.3960
[09:45:54.700] |W| [stubbed_impl]:  Stubbed sceGxmGetRenderTargetMemSizes import called. (2MB host mem)
[09:45:54.749] |W| [unimplemented_impl]:  Unimplemented sceAppUtilInit import called.
[09:45:55.889] |W| [unimplemented_impl]:  Unimplemented sceGxmSetFrontDepthBias import called.
[09:45:55.891] |W| [unimplemented_impl]:  Unimplemented sceGxmSetBackDepthBias import called.
[09:45:55.893] |W| [unimplemented_impl]:  Unimplemented sceGxmSetBackDepthFunc import called.
[09:45:55.895] |W| [unimplemented_impl]:  Unimplemented sceGxmSetBackDepthWriteEnable import called.
[09:45:55.898] |W| [unimplemented_impl]:  Unimplemented sceGxmSetFrontFragmentProgramEnable import called.
[09:45:55.900] |W| [unimplemented_impl]:  Unimplemented sceGxmSetBackFragmentProgramEnable import called.
[09:45:55.902] |W| [unimplemented_impl]:  Unimplemented sceGxmSetFrontPolygonMode import called.
[09:45:55.904] |W| [unimplemented_impl]:  Unimplemented sceGxmSetBackPolygonMode import called.
[09:45:55.906] |W| [unimplemented_impl]:  Unimplemented sceGxmSetFrontPointLineWidth import called.
[09:45:55.908] |W| [unimplemented_impl]:  Unimplemented sceGxmSetBackPointLineWidth import called.
[09:45:55.945] |W| [unimplemented_impl]:  Unimplemented sceGxmProgramParameterGetComponentCount import called.
[09:45:55.947] |W| [unimplemented_impl]:  Unimplemented sceGxmProgramParameterGetArraySize import called.
[09:45:55.949] |W| [unimplemented_impl]:  Unimplemented sceGxmProgramParameterGetType import called.
[09:45:55.961] |W| [unimplemented_impl]:  Unimplemented sceGxmVertexProgramGetProgram import called.
[09:45:56.009] |W| [unimplemented_impl]:  Unimplemented sceGxmTextureInitSwizzled import called.
[09:45:56.015] |W| [unimplemented_impl]:  Unimplemented sceKernelGetThreadCurrentPriority import called.
[09:45:56.017] |W| [unimplemented_impl]:  Unimplemented sceKernelGetThreadCpuAffinityMask import called.
[09:45:56.041] |W| [unimplemented_impl]:  Unimplemented sceKernelWaitLwCond import called.
[09:45:56.043] |W| [unimplemented_impl]:  Unimplemented sceTouchSetSamplingState import called.
[09:45:56.045] |W| [unimplemented_impl]:  Unimplemented sceTouchEnableTouchForce import called.
[09:45:56.046] |W| [unimplemented_impl]:  Unimplemented sceSystemGestureInitializePrimitiveTouchRecognizer import called.
[09:45:56.049] |W| [unimplemented_impl]:  Unimplemented sceTouchGetPanelInfo import called.
[09:45:56.052] |W| [unimplemented_impl]:  Unimplemented sceSystemGestureCreateTouchRecognizer import called.
[09:45:56.054] |W| [unimplemented_impl]:  Unimplemented sceMotionSetDeadband import called.
[09:45:56.055] |W| [unimplemented_impl]:  Unimplemented sceMotionSetTiltCorrection import called.
[09:45:56.058] |W| [unimplemented_impl]:  Unimplemented sceMotionReset import called.
[09:45:56.060] |W| [unimplemented_impl]:  Unimplemented sceMotionStartSampling import called.
[09:45:56.099] |W| [unimplemented_impl]:  Unimplemented sceKernelChangeThreadVfpException import called.
[09:45:56.101] |W| [unimplemented_impl]:  Unimplemented sceFiosOverlayThreadSetDisabled02 import called.
[09:45:56.563] |W| [stubbed_impl]:  Stubbed sceNgsSystemGetRequiredMemorySize import called. (size = 1)
[09:45:56.566] |W| [unimplemented_impl]:  Unimplemented sceNgsSystemInit import called.
[09:45:56.571] |W| [unimplemented_impl]:  Unimplemented sceNgsSystemSetFlags import called.
[09:45:56.585] |W| [unimplemented_impl]:  Unimplemented sceNgsVoiceDefGetTemplate1 import called.
[09:45:56.588] |W| [stubbed_impl]:  Stubbed sceNgsRackGetRequiredMemorySize import called. (size = 1)
[09:45:56.590] |W| [unimplemented_impl]:  Unimplemented sceNgsRackInit import called.
[09:45:56.592] |W| [unimplemented_impl]:  Unimplemented sceNgsRackGetVoiceHandle import called.
[09:45:56.593] |W| [unimplemented_impl]:  Unimplemented sceNgsVoiceInit import called.
[09:45:56.601] |W| [unimplemented_impl]:  Unimplemented sceNgsVoiceDefGetReverbBuss import called.
[09:45:56.608] |W| [unimplemented_impl]:  Unimplemented sceNgsVoiceLockParams import called.
[09:45:56.610] |W| [unimplemented_impl]:  Unimplemented sceNgsVoiceUnlockParams import called.
[09:45:56.612] |W| [unimplemented_impl]:  Unimplemented sceNgsVoiceDefGetMixerBuss import called.
[09:45:56.613] |W| [unimplemented_impl]:  Unimplemented sceNgsVoiceDefGetMasterBuss import called.
[09:45:56.616] |W| [unimplemented_impl]:  Unimplemented sceNgsVoiceDefGetAtrac9Voice import called.
[09:45:56.618] |W| [unimplemented_impl]:  Unimplemented sceNgsPatchCreateRouting import called.
[09:45:56.626] |W| [unimplemented_impl]:  Unimplemented sceNgsVoiceGetOutputPatch import called.
[09:45:56.627] |W| [unimplemented_impl]:  Unimplemented sceNgsPatchGetInfo import called.
[09:45:56.629] |W| [unimplemented_impl]:  Unimplemented sceNgsVoicePatchSetVolumesMatrix import called.
[09:45:56.631] |W| [unimplemented_impl]:  Unimplemented sceNgsVoicePlay import called.
[09:45:56.638] |W| [unimplemented_impl]:  Unimplemented sceKernelCreateEventFlag import called.
[09:45:56.641] |W| [unimplemented_impl]:  Unimplemented sceAudioOutSetVolume import called.
[09:45:56.642] |W| [unimplemented_impl]:  Unimplemented sceAudioOutSetAlcMode import called.
[09:45:56.662] |W| [unimplemented_impl]:  Unimplemented sceNgsSystemUpdate import called.
[09:45:56.675] |W| [unimplemented_impl]:  Unimplemented sceKernelWaitEventFlag import called.
[09:45:56.695] |W| [unimplemented_impl]:  Unimplemented sceNgsVoiceGetStateData import called.
[09:45:56.695] |W| [unimplemented_impl]:  Unimplemented sceKernelSetEventFlag import called.
[09:45:56.708] |W| [unimplemented_impl]:  Unimplemented sceNgsVoiceGetInfo import called.
[09:45:56.710] |W| [unimplemented_impl]:  Unimplemented sceNgsVoicePause import called.
[09:45:56.754] |W| [unimplemented_impl]:  Unimplemented sceScreenShotSetParam import called.
[09:45:56.760] |W| [unimplemented_impl]:  Unimplemented sceNetCtlInit import called.
[09:45:56.763] |W| [unimplemented_impl]:  Unimplemented sceSslInit import called.
[09:45:56.764] |W| [unimplemented_impl]:  Unimplemented sceHttpInit import called.
