[22:51:53.631] |I| [config::init_config]: backend-renderer: Vulkan
[22:51:53.632] |I| [config::init_config]: log-level: 0
[22:51:53.833] |I| [SDL_main]: Vita3K v0.1.6 2854-1ce445ce
[22:51:53.834] |I| [SDL_main]: Number of logical CPU cores: 32
[22:51:53.834] |I| [SDL_main]: Available ram memory: 32648 MiB
[22:51:53.926] |I| [renderer::vulkan::VKState::create]: Vulkan device: NVIDIA GeForce RTX 3060 Ti
[22:51:53.926] |I| [renderer::vulkan::VKState::create]: Driver version: 516.94.0.0
[22:51:54.187] |I| [renderer::vulkan::ScreenRenderer::setup]: Present mode: Mailbox
[22:52:27.916] |I| [load_app_impl]: cpu-backend: Dynarmic
[22:52:27.916] |I| [load_app_impl]: CPU Optimisation state: true
[22:52:27.917] |I| [load_app_impl]: ngs state: true
[22:52:27.917] |I| [load_app_impl]: Resolution multiplier: 1
[22:52:27.926] |I| [load_app_impl]: 1 Controllers Connected
[22:52:27.927] |I| [load_app_impl]: Controller 0: PS5 Controller
[22:52:27.927] |I| [load_app_impl]: modules mode: Automatic
[22:52:27.927] |I| [load_app_impl]: Title: 英雄伝説 閃の軌跡Ⅱ
[22:52:27.927] |I| [load_app_impl]: Serial: PCSG00354
[22:52:27.927] |I| [load_app_impl]: Version: 1.00
[22:52:27.927] |I| [load_app_impl]: Category: gd
[22:52:27.936] |I| [load_self]: app0:sce_module/libc.suprx: Skipping special segment 0x6FFFFF01...
[22:52:27.936] |I| [load_self]: Loaded module segment 0 @ [0x00004000 - 0x00053BD4 / 0x81000000] (size: 0x0004FBD4) of module app0:sce_module/libc.suprx
[22:52:27.936] |I| [load_self]: Loaded module segment 1 @ [0x00054000 - 0x00056688 / 0x81050000] (size: 0x00002688) of module app0:sce_module/libc.suprx
[22:52:27.936] |I| [load_self]: Linking SELF app0:sce_module/libc.suprx...
[22:52:27.937] |D| [load_var_exports]: 	NID 0x936C8A78 (SYSLYB) at 0x496C4
[22:52:27.937] |D| [load_var_exports]: 	NID 0x6C2224BA (NID_MODULE_INFO) at 0x3F488
[22:52:27.937] |W| [load_var_imports]: 	NID NOT FOUND 0x93B8AA67 (__stack_chk_guard) at 0x434A8, setting to stub value 0xDEADBEEF
[22:52:27.937] |W| [load_var_imports]: 	NID NOT FOUND 0xDF084DFA (UNRECOGNISED) at 0x4502C, setting to stub value 0xDEADBEEF
[22:52:27.942] |I| [pre_load_module]: Pre-load module SceLibc (at "sce_module/libc.suprx") loaded
[22:52:27.947] |I| [load_self]: app0:sce_module/libfios2.suprx: Skipping special segment 0x6FFFFF01...
[22:52:27.947] |I| [load_self]: Loaded module segment 0 @ [0x00059000 - 0x00083AA8 / 0x81000000] (size: 0x0002AAA8) of module app0:sce_module/libfios2.suprx
[22:52:27.948] |I| [load_self]: Loaded module segment 1 @ [0x00084000 - 0x0008923D / 0x8102B000] (size: 0x0000523D) of module app0:sce_module/libfios2.suprx
[22:52:27.949] |I| [load_self]: Linking SELF app0:sce_module/libfios2.suprx...
[22:52:27.949] |D| [load_var_exports]: 	NID 0x936C8A78 (SYSLYB) at 0x839B0
[22:52:27.950] |D| [load_var_exports]: 	NID 0x6C2224BA (NID_MODULE_INFO) at 0x7B138
[22:52:27.950] |I| [pre_load_module]: Pre-load module SceLibFios2 (at "sce_module/libfios2.suprx") loaded
[22:52:27.954] |I| [load_self]: app0:sce_module/libult.suprx: Skipping special segment 0x6FFFFF01...
[22:52:27.956] |I| [load_self]: Loaded module segment 0 @ [0x0008A000 - 0x0009D9A4 / 0x81000000] (size: 0x000139A4) of module app0:sce_module/libult.suprx
[22:52:27.957] |I| [load_self]: Loaded module segment 1 @ [0x0009E000 - 0x0009E814 / 0x81014000] (size: 0x00000814) of module app0:sce_module/libult.suprx
[22:52:27.958] |I| [load_self]: Linking SELF app0:sce_module/libult.suprx...
[22:52:27.958] |D| [load_var_exports]: 	NID 0x936C8A78 (SYSLYB) at 0x9C2D0
[22:52:27.959] |D| [load_var_exports]: 	NID 0x6C2224BA (NID_MODULE_INFO) at 0x99858
[22:52:27.959] |I| [pre_load_module]: Pre-load module SceUlt (at "sce_module/libult.suprx") loaded
[22:52:27.966] |I| [load_self]: Loaded module segment 0 @ [0x0009F000 - 0x000EFF04 / 0x81000000] (size: 0x00050F04) of module vs0:sys/external/libSceFt2.suprx
[22:52:27.967] |I| [load_self]: Loaded module segment 1 @ [0x000F0000 - 0x000F02F4 / 0x81051000] (size: 0x000002F4) of module vs0:sys/external/libSceFt2.suprx
[22:52:27.968] |I| [load_self]: Linking SELF vs0:sys/external/libSceFt2.suprx...
[22:52:27.968] |D| [load_var_exports]: 	NID 0x936C8A78 (SYSLYB) at 0xDB7DC
[22:52:27.968] |D| [load_var_exports]: 	NID 0x6C2224BA (NID_MODULE_INFO) at 0xDAF10
[22:52:27.969] |I| [pre_load_module]: Pre-load module SceLibft2 (at "sys/external/libSceFt2.suprx") loaded
[22:52:27.976] |I| [load_self]: Loaded module segment 0 @ [0x000F1000 - 0x00100F14 / 0x81000000] (size: 0x0000FF14) of module vs0:sys/external/libpvf.suprx
[22:52:27.976] |I| [load_self]: Loaded module segment 1 @ [0x00101000 - 0x00101008 / 0x81010000] (size: 0x00000008) of module vs0:sys/external/libpvf.suprx
[22:52:27.977] |I| [load_self]: Linking SELF vs0:sys/external/libpvf.suprx...
[22:52:27.977] |D| [load_var_exports]: 	NID 0x936C8A78 (SYSLYB) at 0xFF710
[22:52:27.978] |D| [load_var_exports]: 	NID 0x6C2224BA (NID_MODULE_INFO) at 0xFF300
[22:52:27.978] |I| [pre_load_module]: Pre-load module SceLibPvf (at "sys/external/libpvf.suprx") loaded
[22:52:28.102] |I| [load_self]: app0:eboot.bin: Skipping special segment 0x6FFFFF01...
[22:52:28.102] |I| [load_self]: Loaded module segment 0 @ [0x00102000 - 0x005CAE24 / 0x81000000] (size: 0x004C8E24) of module app0:eboot.bin
[22:52:28.103] |I| [load_self]: Loaded module segment 1 @ [0x005CB000 - 0x00DACA64 / 0x814C9000] (size: 0x007E1A64) of module app0:eboot.bin
[22:52:28.103] |I| [load_self]: Linking SELF app0:eboot.bin...
[22:52:28.104] |D| [load_var_exports]: 	NID 0x6C2224BA (NID_MODULE_INFO) at 0x5507D4
[22:52:28.104] |D| [load_var_exports]: 	NID 0x70FBA1E7 (SCE_PROC_PARAMS) at 0x5CDBD0
[22:52:28.105] |D| [load_var_exports]: 	NID 0x936C8A78 (SYSLYB) at 0x5835F8
[22:52:28.105] |I| [load_app_impl]: Main executable ed8_ps3_PSP2Package (eboot.bin) loaded
[22:52:28.106] |I| [renderer::vulkan::PipelineCache::read_pipeline_cache]: Found pipeline cache, reading...
[22:52:28.107] |I| [renderer::vulkan::PipelineCache::read_pipeline_cache]: Pipeline cache read and loaded
[22:52:28.108] |I| [renderer::vulkan::VKState::precompile_shader]: Program Compiled 1/19
[22:52:28.109] |I| [renderer::vulkan::VKState::precompile_shader]: Program Compiled 2/19
[22:52:28.110] |I| [renderer::vulkan::VKState::precompile_shader]: Program Compiled 3/19
[22:52:28.110] |I| [renderer::vulkan::VKState::precompile_shader]: Program Compiled 4/19
[22:52:28.111] |I| [renderer::vulkan::VKState::precompile_shader]: Program Compiled 5/19
[22:52:28.116] |I| [renderer::vulkan::VKState::precompile_shader]: Program Compiled 6/19
[22:52:28.118] |I| [renderer::vulkan::VKState::precompile_shader]: Program Compiled 7/19
[22:52:28.120] |I| [renderer::vulkan::VKState::precompile_shader]: Program Compiled 8/19
[22:52:28.122] |I| [renderer::vulkan::VKState::precompile_shader]: Program Compiled 9/19
[22:52:28.124] |I| [renderer::vulkan::VKState::precompile_shader]: Program Compiled 10/19
[22:52:28.128] |I| [renderer::vulkan::VKState::precompile_shader]: Program Compiled 11/19
[22:52:28.134] |I| [renderer::vulkan::VKState::precompile_shader]: Program Compiled 12/19
[22:52:28.137] |I| [renderer::vulkan::VKState::precompile_shader]: Program Compiled 13/19
[22:52:28.140] |I| [renderer::vulkan::VKState::precompile_shader]: Program Compiled 14/19
[22:52:28.142] |I| [renderer::vulkan::VKState::precompile_shader]: Program Compiled 15/19
[22:52:28.146] |I| [renderer::vulkan::VKState::precompile_shader]: Program Compiled 16/19
[22:52:28.150] |I| [renderer::vulkan::VKState::precompile_shader]: Program Compiled 17/19
[22:52:28.152] |I| [renderer::vulkan::VKState::precompile_shader]: Program Compiled 18/19
[22:52:28.154] |I| [renderer::vulkan::VKState::precompile_shader]: Program Compiled 19/19
[22:52:28.171] |D| [run_app]: Running module_start of library: SceLibc at address 0x4805
[22:52:28.190] |T| [open_file]: sceKernelGetStdin: Opening terminal tty0:
[22:52:28.190] |T| [open_file]: sceKernelGetStdout: Opening terminal tty0:
[22:52:28.191] |T| [open_file]: sceKernelGetStderr: Opening terminal tty0:
[22:52:28.198] |I| [run_app]: Module SceLibc (at "app0:sce_module/libc.suprx") module_start returned 0x0
[22:52:28.203] |D| [run_app]: Running module_start of library: SceLibFios2 at address 0x59001
[22:52:28.218] |W| [stubbed_impl]: Stubbed sceKernelGetProcessId import called. (pid: 0)
[22:52:28.218] |I| [run_app]: Module SceLibFios2 (at "app0:sce_module/libfios2.suprx") module_start returned 0x0
[22:52:28.222] |D| [run_app]: Running module_start of library: SceUlt at address 0x8D769
[22:52:28.237] |W| [unimplemented_impl]: Unimplemented _sceUlobjMgrRegisterLibultProtocolRevision import called.
[22:52:28.237] |I| [run_app]: Module SceUlt (at "app0:sce_module/libult.suprx") module_start returned 0x0
[22:52:28.245] |W| [unimplemented_impl]: Unimplemented sceKernelRegisterThreadEventHandler import called.
[22:52:28.255] |W| [stubbed_impl]: Stubbed sceKernelGetFreeMemorySize import called. (Single pool)
[22:52:28.982] |I| [load_module]: Loading module ID: 0x13
[22:52:28.984] |I| [load_self]: sys/external/libsystemgesture.suprx: Skipping special segment 0x6FFFFF01...
[22:52:28.984] |I| [load_self]: Loaded module segment 0 @ [0x4D6BF000 - 0x4D6C208C / 0x81000000] (size: 0x0000308C) of module sys/external/libsystemgesture.suprx
[22:52:28.984] |I| [load_self]: Loaded module segment 1 @ [0x00DEF000 - 0x00DEFBF0 / 0x81004000] (size: 0x00000BF0) of module sys/external/libsystemgesture.suprx
[22:52:28.985] |I| [load_self]: Linking SELF sys/external/libsystemgesture.suprx...
[22:52:28.986] |D| [load_var_exports]: 	NID 0x936C8A78 (SYSLYB) at 0x4D6C2074
[22:52:28.986] |D| [load_var_exports]: 	NID 0x6C2224BA (NID_MODULE_INFO) at 0x4D6C1BD4
[22:52:28.987] |I| [load_module]: Module SceSystemGesture (at "sys/external/libsystemgesture.suprx") loaded
[22:52:28.987] |D| [load_module]: Running module_start of module: SceSystemGesture
[22:52:28.988] |I| [load_module]: Module SceSystemGesture (at "sys/external/libsystemgesture.suprx") module_start returned 0x0
[22:52:28.989] |I| [load_module]: Loading module ID: 0x4C
[22:52:28.992] |I| [load_self]: sys/external/libsceavplayer.suprx: Skipping special segment 0x6FFFFF01...
[22:52:28.992] |I| [load_self]: Loaded module segment 0 @ [0x4D6C3000 - 0x4D6D79FC / 0x81000000] (size: 0x000149FC) of module sys/external/libsceavplayer.suprx
[22:52:28.993] |I| [load_self]: Loaded module segment 1 @ [0x00E07000 - 0x00E0706C / 0x81015000] (size: 0x0000006C) of module sys/external/libsceavplayer.suprx
[22:52:28.994] |I| [load_self]: Linking SELF sys/external/libsceavplayer.suprx...
[22:52:28.994] |D| [load_var_exports]: 	NID 0x936C8A78 (SYSLYB) at 0x4D6D4D40
[22:52:28.995] |D| [load_var_exports]: 	NID 0x6C2224BA (NID_MODULE_INFO) at 0x4D6D3548
[22:52:28.995] |I| [load_module]: Module SceAvPlayer (at "sys/external/libsceavplayer.suprx") loaded
[22:52:28.995] |D| [load_module]: Running module_start of module: SceAvPlayer
[22:52:28.996] |I| [load_module]: Module SceAvPlayer (at "sys/external/libsceavplayer.suprx") module_start returned 0x0
[22:52:28.998] |I| [load_self]: sys/external/libscemp4.suprx: Skipping special segment 0x6FFFFF01...
[22:52:28.999] |I| [load_self]: Loaded module segment 0 @ [0x4D6D8000 - 0x4D6E7D20 / 0x81000000] (size: 0x0000FD20) of module sys/external/libscemp4.suprx
[22:52:28.999] |I| [load_self]: Loaded module segment 1 @ [0x4D6E8000 - 0x4D6E8028 / 0x81010000] (size: 0x00000028) of module sys/external/libscemp4.suprx
[22:52:29.000] |I| [load_self]: Linking SELF sys/external/libscemp4.suprx...
[22:52:29.001] |D| [load_var_exports]: 	NID 0x936C8A78 (SYSLYB) at 0x4D6E79D0
[22:52:29.001] |D| [load_var_exports]: 	NID 0x6C2224BA (NID_MODULE_INFO) at 0x4D6E68C4
[22:52:29.002] |I| [load_module]: Module SceMp4 (at "sys/external/libscemp4.suprx") loaded
[22:52:29.020] |W| [stubbed_impl]: Stubbed sceGxmMapFragmentUsseMemory import called. (always return success)
[22:52:29.092] |W| [stubbed_impl]: Stubbed sceGxmGetRenderTargetMemSize import called. (2MiB emuenv mem)
[22:52:29.105] |W| [unimplemented_impl]: Unimplemented sceAppUtilInit import called.
[22:52:29.518] |W| [stubbed_impl]: Stubbed sceGxmMapVertexUsseMemory import called. (always return success)
[22:52:29.554] |W| [unimplemented_impl]: Unimplemented sceTouchEnableTouchForce import called.
[22:52:29.554] |T| [log_import_call]: [LLE] TID: 7   FUNC: 0x6078A08B sceSystemGestureInitializePrimitiveTouchRecognizer at 0x5502F8
[22:52:29.555] |W| [unimplemented_impl]: Unimplemented sceTouchGetPixelDensity2 import called.
[22:52:29.556] |T| [log_import_call]: [LLE] TID: 7   FUNC: 0xC3367370 sceSystemGestureCreateTouchRecognizer at 0x550338
[22:52:29.557] |E| [call_import]: Import function for NID 0xE344CD6B not found (thread name: PCSG00354, thread ID: 7)
[22:52:29.558] |W| [unimplemented_impl]: Unimplemented sceMotionSetDeadband import called.
[22:52:29.558] |W| [unimplemented_impl]: Unimplemented sceMotionSetTiltCorrection import called.
[22:52:29.558] |W| [unimplemented_impl]: Unimplemented sceMotionReset import called.
[22:52:29.559] |W| [unimplemented_impl]: Unimplemented sceMotionStartSampling import called.
[22:52:29.580] |W| [unimplemented_impl]: Unimplemented sceKernelChangeThreadVfpException import called.
[22:52:29.580] |W| [unimplemented_impl]: Unimplemented sceFiosOverlayThreadSetDisabled02 import called.
[22:52:29.687] |W| [unimplemented_impl]: Unimplemented sceNgsSystemSetFlags import called.
[22:52:29.688] |W| [stubbed_impl]: Stubbed sceNgsVoiceInit import called. (Default preset not implemented)
[22:52:29.689] |W| [ngs::create_voice_definition]: Missing voice definition for Buss Type 10, using passthrough.
[22:52:29.690] |W| [ngs::create_voice_definition]: Missing voice definition for Buss Type 7, using passthrough.
[22:52:29.690] |T| [export_sceNgsPatchCreateRouting]: Patching 0x148E3C0:0:0 to 0x148E890:0
[22:52:29.691] |T| [export_sceNgsPatchCreateRouting]: Patching 0x148E890:0:0 to 0x148ED60:0
[22:52:29.692] |T| [export_sceNgsPatchCreateRouting]: Patching 0x148FC00:0:0 to 0x14900D0:0
[22:52:29.694] |W| [unimplemented_impl]: Unimplemented sceAudioOutSetAlcMode import called.
[22:52:29.709] |E| [logging::ret_error_impl]: sceNgsVoiceGetStateData returned SCE_NGS_ERROR_INVALID_ARG (0x804A0002)
[22:52:29.767] |W| [unimplemented_impl]: Unimplemented sceScreenShotSetParam import called.
[22:52:29.769] |W| [stubbed_impl]: Stubbed sceNetCtlInit import called. (Stub)
[22:52:29.769] |W| [stubbed_impl]: Stubbed sceSslInit import called. (ignore poolSize)
[22:52:29.770] |W| [stubbed_impl]: Stubbed sceHttpInit import called. (ignore poolSize)
[22:52:29.772] |W| [unimplemented_impl]: Unimplemented sceNpGetServiceState import called.
[22:52:29.772] |T| [open_file]: create_trophy_context: Opening file app0:/sce_sys/trophy/NPWR06494_00/TROPHY.TRP (ux0:/app/PCSG00354/sce_sys/trophy/NPWR06494_00/TROPHY.TRP), fd: 0x3
[22:52:29.773] |T| [open_file]: create_trophy_context: Opening file ux0:/user/00/trophy/data/NPWR06494_00/TROPUSR.DAT (ux0:/user/00/trophy/data/NPWR06494_00/TROPUSR.DAT), fd: 0x4
[22:52:29.774] |T| [open_file]: install_trophy_context: Opening file ux0:/user/00/trophy/conf/NPWR06494_00/TROPCONF.SFM (ux0:/user/00/trophy/conf/NPWR06494_00/TROPCONF.SFM), fd: 0x5
[22:52:29.775] |T| [write_file]: install_trophy_context: Writing to fd: 0x5, size: 3233
[22:52:29.775] |T| [close_file]: install_trophy_context: Closing file fd: 0x5
[22:52:29.776] |T| [open_file]: install_trophy_context: Opening file ux0:/user/00/trophy/conf/NPWR06494_00/TROP.SFM (ux0:/user/00/trophy/conf/NPWR06494_00/TROP.SFM), fd: 0x6
[22:52:29.777] |T| [write_file]: install_trophy_context: Writing to fd: 0x6, size: 9201
[22:52:29.777] |T| [close_file]: install_trophy_context: Closing file fd: 0x6
[22:52:29.778] |T| [open_file]: install_trophy_context: Opening file ux0:/user/00/trophy/conf/NPWR06494_00/TROP_09.SFM (ux0:/user/00/trophy/conf/NPWR06494_00/TROP_09.SFM), fd: 0x7
[22:52:29.778] |T| [write_file]: install_trophy_context: Writing to fd: 0x7, size: 9057
[22:52:29.779] |T| [close_file]: install_trophy_context: Closing file fd: 0x7
[22:52:29.779] |T| [open_file]: install_trophy_context: Opening file ux0:/user/00/trophy/conf/NPWR06494_00/TROP_10.SFM (ux0:/user/00/trophy/conf/NPWR06494_00/TROP_10.SFM), fd: 0x8
[22:52:29.780] |T| [write_file]: install_trophy_context: Writing to fd: 0x8, size: 8615
[22:52:29.781] |T| [close_file]: install_trophy_context: Closing file fd: 0x8
[22:52:29.781] |T| [open_file]: install_trophy_context: Opening file ux0:/user/00/trophy/conf/NPWR06494_00/TROP_11.SFM (ux0:/user/00/trophy/conf/NPWR06494_00/TROP_11.SFM), fd: 0x9
[22:52:29.782] |T| [write_file]: install_trophy_context: Writing to fd: 0x9, size: 8615
[22:52:29.782] |T| [close_file]: install_trophy_context: Closing file fd: 0x9
[22:52:29.783] |T| [open_file]: install_trophy_context: Opening file ux0:/user/00/trophy/conf/NPWR06494_00/ICON0.PNG (ux0:/user/00/trophy/conf/NPWR06494_00/ICON0.PNG), fd: 0xA
[22:52:29.784] |T| [write_file]: install_trophy_context: Writing to fd: 0xA, size: 113352
[22:52:29.788] |T| [close_file]: install_trophy_context: Closing file fd: 0xA
[22:52:29.789] |T| [open_file]: install_trophy_context: Opening file ux0:/user/00/trophy/conf/NPWR06494_00/ICON0_09.PNG (ux0:/user/00/trophy/conf/NPWR06494_00/ICON0_09.PNG), fd: 0xB
[22:52:29.790] |T| [write_file]: install_trophy_context: Writing to fd: 0xB, size: 111914
[22:52:29.790] |T| [close_file]: install_trophy_context: Closing file fd: 0xB
[22:52:29.791] |T| [open_file]: install_trophy_context: Opening file ux0:/user/00/trophy/conf/NPWR06494_00/ICON0_10.PNG (ux0:/user/00/trophy/conf/NPWR06494_00/ICON0_10.PNG), fd: 0xC
[22:52:29.792] |T| [write_file]: install_trophy_context: Writing to fd: 0xC, size: 113483
[22:52:29.792] |T| [close_file]: install_trophy_context: Closing file fd: 0xC
[22:52:29.793] |T| [open_file]: install_trophy_context: Opening file ux0:/user/00/trophy/conf/NPWR06494_00/ICON0_11.PNG (ux0:/user/00/trophy/conf/NPWR06494_00/ICON0_11.PNG), fd: 0xD
[22:52:29.794] |T| [write_file]: install_trophy_context: Writing to fd: 0xD, size: 113483
[22:52:29.794] |T| [close_file]: install_trophy_context: Closing file fd: 0xD
[22:52:29.794] |T| [open_file]: install_trophy_context: Opening file ux0:/user/00/trophy/conf/NPWR06494_00/TROP000.PNG (ux0:/user/00/trophy/conf/NPWR06494_00/TROP000.PNG), fd: 0xE
[22:52:29.795] |T| [write_file]: install_trophy_context: Writing to fd: 0xE, size: 41885
[22:52:29.796] |T| [close_file]: install_trophy_context: Closing file fd: 0xE
[22:52:29.796] |T| [open_file]: install_trophy_context: Opening file ux0:/user/00/trophy/conf/NPWR06494_00/TROP001.PNG (ux0:/user/00/trophy/conf/NPWR06494_00/TROP001.PNG), fd: 0xF
[22:52:29.797] |T| [write_file]: install_trophy_context: Writing to fd: 0xF, size: 46787
[22:52:29.797] |T| [close_file]: install_trophy_context: Closing file fd: 0xF
[22:52:29.798] |T| [open_file]: install_trophy_context: Opening file ux0:/user/00/trophy/conf/NPWR06494_00/TROP002.PNG (ux0:/user/00/trophy/conf/NPWR06494_00/TROP002.PNG), fd: 0x10
[22:52:29.799] |T| [write_file]: install_trophy_context: Writing to fd: 0x10, size: 44739
[22:52:29.799] |T| [close_file]: install_trophy_context: Closing file fd: 0x10
[22:52:29.800] |T| [open_file]: install_trophy_context: Opening file ux0:/user/00/trophy/conf/NPWR06494_00/TROP003.PNG (ux0:/user/00/trophy/conf/NPWR06494_00/TROP003.PNG), fd: 0x11
[22:52:29.804] |T| [write_file]: install_trophy_context: Writing to fd: 0x11, size: 44739
[22:52:29.805] |T| [close_file]: install_trophy_context: Closing file fd: 0x11
[22:52:29.806] |T| [open_file]: install_trophy_context: Opening file ux0:/user/00/trophy/conf/NPWR06494_00/TROP004.PNG (ux0:/user/00/trophy/conf/NPWR06494_00/TROP004.PNG), fd: 0x12
[22:52:29.806] |T| [write_file]: install_trophy_context: Writing to fd: 0x12, size: 44739
[22:52:29.807] |T| [close_file]: install_trophy_context: Closing file fd: 0x12
[22:52:29.807] |T| [open_file]: install_trophy_context: Opening file ux0:/user/00/trophy/conf/NPWR06494_00/TROP005.PNG (ux0:/user/00/trophy/conf/NPWR06494_00/TROP005.PNG), fd: 0x13
[22:52:29.808] |T| [write_file]: install_trophy_context: Writing to fd: 0x13, size: 44739
[22:52:29.809] |T| [close_file]: install_trophy_context: Closing file fd: 0x13
[22:52:29.809] |T| [open_file]: install_trophy_context: Opening file ux0:/user/00/trophy/conf/NPWR06494_00/TROP006.PNG (ux0:/user/00/trophy/conf/NPWR06494_00/TROP006.PNG), fd: 0x14
[22:52:29.810] |T| [write_file]: install_trophy_context: Writing to fd: 0x14, size: 44739
[22:52:29.810] |T| [close_file]: install_trophy_context: Closing file fd: 0x14
[22:52:29.811] |T| [open_file]: install_trophy_context: Opening file ux0:/user/00/trophy/conf/NPWR06494_00/TROP007.PNG (ux0:/user/00/trophy/conf/NPWR06494_00/TROP007.PNG), fd: 0x15
[22:52:29.812] |T| [write_file]: install_trophy_context: Writing to fd: 0x15, size: 44739
[22:52:29.812] |T| [close_file]: install_trophy_context: Closing file fd: 0x15
[22:52:29.813] |T| [open_file]: install_trophy_context: Opening file ux0:/user/00/trophy/conf/NPWR06494_00/TROP008.PNG (ux0:/user/00/trophy/conf/NPWR06494_00/TROP008.PNG), fd: 0x16
[22:52:29.814] |T| [write_file]: install_trophy_context: Writing to fd: 0x16, size: 44739
[22:52:29.814] |T| [close_file]: install_trophy_context: Closing file fd: 0x16
[22:52:29.815] |T| [open_file]: install_trophy_context: Opening file ux0:/user/00/trophy/conf/NPWR06494_00/TROP009.PNG (ux0:/user/00/trophy/conf/NPWR06494_00/TROP009.PNG), fd: 0x17
[22:52:29.816] |T| [write_file]: install_trophy_context: Writing to fd: 0x17, size: 44739
[22:52:29.820] |T| [close_file]: install_trophy_context: Closing file fd: 0x17
[22:52:29.821] |T| [open_file]: install_trophy_context: Opening file ux0:/user/00/trophy/conf/NPWR06494_00/TROP010.PNG (ux0:/user/00/trophy/conf/NPWR06494_00/TROP010.PNG), fd: 0x18
[22:52:29.821] |T| [write_file]: install_trophy_context: Writing to fd: 0x18, size: 44739
[22:52:29.822] |T| [close_file]: install_trophy_context: Closing file fd: 0x18
[22:52:29.822] |T| [open_file]: install_trophy_context: Opening file ux0:/user/00/trophy/conf/NPWR06494_00/TROP011.PNG (ux0:/user/00/trophy/conf/NPWR06494_00/TROP011.PNG), fd: 0x19
[22:52:29.823] |T| [write_file]: install_trophy_context: Writing to fd: 0x19, size: 44739
[22:52:29.824] |T| [close_file]: install_trophy_context: Closing file fd: 0x19
[22:52:29.824] |T| [open_file]: install_trophy_context: Opening file ux0:/user/00/trophy/conf/NPWR06494_00/TROP012.PNG (ux0:/user/00/trophy/conf/NPWR06494_00/TROP012.PNG), fd: 0x1A
[22:52:29.825] |T| [write_file]: install_trophy_context: Writing to fd: 0x1A, size: 46175
[22:52:29.825] |T| [close_file]: install_trophy_context: Closing file fd: 0x1A
[22:52:29.826] |T| [open_file]: install_trophy_context: Opening file ux0:/user/00/trophy/conf/NPWR06494_00/TROP013.PNG (ux0:/user/00/trophy/conf/NPWR06494_00/TROP013.PNG), fd: 0x1B
[22:52:29.827] |T| [write_file]: install_trophy_context: Writing to fd: 0x1B, size: 46175
[22:52:29.827] |T| [close_file]: install_trophy_context: Closing file fd: 0x1B
[22:52:29.828] |T| [open_file]: install_trophy_context: Opening file ux0:/user/00/trophy/conf/NPWR06494_00/TROP014.PNG (ux0:/user/00/trophy/conf/NPWR06494_00/TROP014.PNG), fd: 0x1C
[22:52:29.829] |T| [write_file]: install_trophy_context: Writing to fd: 0x1C, size: 46175
[22:52:29.829] |T| [close_file]: install_trophy_context: Closing file fd: 0x1C
[22:52:29.830] |T| [open_file]: install_trophy_context: Opening file ux0:/user/00/trophy/conf/NPWR06494_00/TROP015.PNG (ux0:/user/00/trophy/conf/NPWR06494_00/TROP015.PNG), fd: 0x1D
[22:52:29.830] |T| [write_file]: install_trophy_context: Writing to fd: 0x1D, size: 46175
[22:52:29.831] |T| [close_file]: install_trophy_context: Closing file fd: 0x1D
[22:52:29.831] |T| [open_file]: install_trophy_context: Opening file ux0:/user/00/trophy/conf/NPWR06494_00/TROP016.PNG (ux0:/user/00/trophy/conf/NPWR06494_00/TROP016.PNG), fd: 0x1E
[22:52:29.836] |T| [write_file]: install_trophy_context: Writing to fd: 0x1E, size: 46175
[22:52:29.836] |T| [close_file]: install_trophy_context: Closing file fd: 0x1E
[22:52:29.837] |T| [open_file]: install_trophy_context: Opening file ux0:/user/00/trophy/conf/NPWR06494_00/TROP017.PNG (ux0:/user/00/trophy/conf/NPWR06494_00/TROP017.PNG), fd: 0x1F
[22:52:29.838] |T| [write_file]: install_trophy_context: Writing to fd: 0x1F, size: 46175
[22:52:29.838] |T| [close_file]: install_trophy_context: Closing file fd: 0x1F
[22:52:29.839] |T| [open_file]: install_trophy_context: Opening file ux0:/user/00/trophy/conf/NPWR06494_00/TROP018.PNG (ux0:/user/00/trophy/conf/NPWR06494_00/TROP018.PNG), fd: 0x20
[22:52:29.840] |T| [write_file]: install_trophy_context: Writing to fd: 0x20, size: 46175
[22:52:29.840] |T| [close_file]: install_trophy_context: Closing file fd: 0x20
[22:52:29.841] |T| [open_file]: install_trophy_context: Opening file ux0:/user/00/trophy/conf/NPWR06494_00/TROP019.PNG (ux0:/user/00/trophy/conf/NPWR06494_00/TROP019.PNG), fd: 0x21
[22:52:29.842] |T| [write_file]: install_trophy_context: Writing to fd: 0x21, size: 46175
[22:52:29.842] |T| [close_file]: install_trophy_context: Closing file fd: 0x21
[22:52:29.843] |T| [open_file]: install_trophy_context: Opening file ux0:/user/00/trophy/conf/NPWR06494_00/TROP020.PNG (ux0:/user/00/trophy/conf/NPWR06494_00/TROP020.PNG), fd: 0x22
[22:52:29.843] |T| [write_file]: install_trophy_context: Writing to fd: 0x22, size: 46175
[22:52:29.844] |T| [close_file]: install_trophy_context: Closing file fd: 0x22
[22:52:29.844] |T| [open_file]: install_trophy_context: Opening file ux0:/user/00/trophy/conf/NPWR06494_00/TROP021.PNG (ux0:/user/00/trophy/conf/NPWR06494_00/TROP021.PNG), fd: 0x23
[22:52:29.845] |T| [write_file]: install_trophy_context: Writing to fd: 0x23, size: 46175
[22:52:29.845] |T| [close_file]: install_trophy_context: Closing file fd: 0x23
[22:52:29.846] |T| [open_file]: install_trophy_context: Opening file ux0:/user/00/trophy/conf/NPWR06494_00/TROP022.PNG (ux0:/user/00/trophy/conf/NPWR06494_00/TROP022.PNG), fd: 0x24
[22:52:29.847] |T| [write_file]: install_trophy_context: Writing to fd: 0x24, size: 46175
[22:52:29.847] |T| [close_file]: install_trophy_context: Closing file fd: 0x24
[22:52:29.848] |T| [open_file]: install_trophy_context: Opening file ux0:/user/00/trophy/conf/NPWR06494_00/TROP023.PNG (ux0:/user/00/trophy/conf/NPWR06494_00/TROP023.PNG), fd: 0x25
[22:52:29.853] |T| [write_file]: install_trophy_context: Writing to fd: 0x25, size: 46175
[22:52:29.853] |T| [close_file]: install_trophy_context: Closing file fd: 0x25
[22:52:29.854] |T| [open_file]: install_trophy_context: Opening file ux0:/user/00/trophy/conf/NPWR06494_00/TROP024.PNG (ux0:/user/00/trophy/conf/NPWR06494_00/TROP024.PNG), fd: 0x26
[22:52:29.855] |T| [write_file]: install_trophy_context: Writing to fd: 0x26, size: 46175
[22:52:29.855] |T| [close_file]: install_trophy_context: Closing file fd: 0x26
[22:52:29.856] |T| [open_file]: install_trophy_context: Opening file ux0:/user/00/trophy/conf/NPWR06494_00/TROP025.PNG (ux0:/user/00/trophy/conf/NPWR06494_00/TROP025.PNG), fd: 0x27
[22:52:29.857] |T| [write_file]: install_trophy_context: Writing to fd: 0x27, size: 46175
[22:52:29.857] |T| [close_file]: install_trophy_context: Closing file fd: 0x27
[22:52:29.858] |T| [open_file]: install_trophy_context: Opening file ux0:/user/00/trophy/conf/NPWR06494_00/TROP026.PNG (ux0:/user/00/trophy/conf/NPWR06494_00/TROP026.PNG), fd: 0x28
[22:52:29.858] |T| [write_file]: install_trophy_context: Writing to fd: 0x28, size: 46175
[22:52:29.859] |T| [close_file]: install_trophy_context: Closing file fd: 0x28
[22:52:29.859] |T| [open_file]: install_trophy_context: Opening file ux0:/user/00/trophy/conf/NPWR06494_00/TROP027.PNG (ux0:/user/00/trophy/conf/NPWR06494_00/TROP027.PNG), fd: 0x29
[22:52:29.860] |T| [write_file]: install_trophy_context: Writing to fd: 0x29, size: 46175
[22:52:29.861] |T| [close_file]: install_trophy_context: Closing file fd: 0x29
[22:52:29.861] |T| [open_file]: install_trophy_context: Opening file ux0:/user/00/trophy/conf/NPWR06494_00/TROP028.PNG (ux0:/user/00/trophy/conf/NPWR06494_00/TROP028.PNG), fd: 0x2A
[22:52:29.862] |T| [write_file]: install_trophy_context: Writing to fd: 0x2A, size: 46175
[22:52:29.862] |T| [close_file]: install_trophy_context: Closing file fd: 0x2A
[22:52:29.863] |T| [open_file]: install_trophy_context: Opening file ux0:/user/00/trophy/conf/NPWR06494_00/TROP029.PNG (ux0:/user/00/trophy/conf/NPWR06494_00/TROP029.PNG), fd: 0x2B
[22:52:29.864] |T| [write_file]: install_trophy_context: Writing to fd: 0x2B, size: 46175
[22:52:29.868] |T| [close_file]: install_trophy_context: Closing file fd: 0x2B
[22:52:29.869] |T| [open_file]: install_trophy_context: Opening file ux0:/user/00/trophy/conf/NPWR06494_00/TROP030.PNG (ux0:/user/00/trophy/conf/NPWR06494_00/TROP030.PNG), fd: 0x2C
[22:52:29.870] |T| [write_file]: install_trophy_context: Writing to fd: 0x2C, size: 46175
[22:52:29.870] |T| [close_file]: install_trophy_context: Closing file fd: 0x2C
[22:52:29.871] |T| [open_file]: install_trophy_context: Opening file ux0:/user/00/trophy/conf/NPWR06494_00/TROP031.PNG (ux0:/user/00/trophy/conf/NPWR06494_00/TROP031.PNG), fd: 0x2D
[22:52:29.871] |T| [write_file]: install_trophy_context: Writing to fd: 0x2D, size: 46175
[22:52:29.872] |T| [close_file]: install_trophy_context: Closing file fd: 0x2D
[22:52:29.872] |T| [open_file]: install_trophy_context: Opening file ux0:/user/00/trophy/conf/NPWR06494_00/TROP032.PNG (ux0:/user/00/trophy/conf/NPWR06494_00/TROP032.PNG), fd: 0x2E
[22:52:29.873] |T| [write_file]: install_trophy_context: Writing to fd: 0x2E, size: 46175
[22:52:29.874] |T| [close_file]: install_trophy_context: Closing file fd: 0x2E
[22:52:29.874] |T| [open_file]: install_trophy_context: Opening file ux0:/user/00/trophy/conf/NPWR06494_00/TROP033.PNG (ux0:/user/00/trophy/conf/NPWR06494_00/TROP033.PNG), fd: 0x2F
[22:52:29.875] |T| [write_file]: install_trophy_context: Writing to fd: 0x2F, size: 46175
[22:52:29.876] |T| [close_file]: install_trophy_context: Closing file fd: 0x2F
[22:52:29.876] |T| [open_file]: install_trophy_context: Opening file ux0:/user/00/trophy/conf/NPWR06494_00/TROP034.PNG (ux0:/user/00/trophy/conf/NPWR06494_00/TROP034.PNG), fd: 0x30
[22:52:29.877] |T| [write_file]: install_trophy_context: Writing to fd: 0x30, size: 46175
[22:52:29.877] |T| [close_file]: install_trophy_context: Closing file fd: 0x30
[22:52:29.878] |T| [open_file]: install_trophy_context: Opening file ux0:/user/00/trophy/conf/NPWR06494_00/TROP035.PNG (ux0:/user/00/trophy/conf/NPWR06494_00/TROP035.PNG), fd: 0x31
[22:52:29.879] |T| [write_file]: install_trophy_context: Writing to fd: 0x31, size: 46175
[22:52:29.879] |T| [close_file]: install_trophy_context: Closing file fd: 0x31
[22:52:29.880] |T| [open_file]: install_trophy_context: Opening file ux0:/user/00/trophy/conf/NPWR06494_00/TROP036.PNG (ux0:/user/00/trophy/conf/NPWR06494_00/TROP036.PNG), fd: 0x32
[22:52:29.885] |T| [write_file]: install_trophy_context: Writing to fd: 0x32, size: 46175
[22:52:29.885] |T| [close_file]: install_trophy_context: Closing file fd: 0x32
[22:52:29.886] |T| [open_file]: install_trophy_context: Opening file ux0:/user/00/trophy/conf/NPWR06494_00/TROP037.PNG (ux0:/user/00/trophy/conf/NPWR06494_00/TROP037.PNG), fd: 0x33
[22:52:29.886] |T| [write_file]: install_trophy_context: Writing to fd: 0x33, size: 46175
[22:52:29.887] |T| [close_file]: install_trophy_context: Closing file fd: 0x33
[22:52:29.887] |T| [open_file]: install_trophy_context: Opening file ux0:/user/00/trophy/conf/NPWR06494_00/TROP038.PNG (ux0:/user/00/trophy/conf/NPWR06494_00/TROP038.PNG), fd: 0x34
[22:52:29.888] |T| [write_file]: install_trophy_context: Writing to fd: 0x34, size: 46175
[22:52:29.888] |T| [close_file]: install_trophy_context: Closing file fd: 0x34
[22:52:29.889] |T| [open_file]: install_trophy_context: Opening file ux0:/user/00/trophy/conf/NPWR06494_00/TROP039.PNG (ux0:/user/00/trophy/conf/NPWR06494_00/TROP039.PNG), fd: 0x35
[22:52:29.890] |T| [write_file]: install_trophy_context: Writing to fd: 0x35, size: 46175
[22:52:29.890] |T| [close_file]: install_trophy_context: Closing file fd: 0x35
[22:52:29.891] |T| [open_file]: install_trophy_context: Opening file ux0:/user/00/trophy/conf/NPWR06494_00/TROP040.PNG (ux0:/user/00/trophy/conf/NPWR06494_00/TROP040.PNG), fd: 0x36
[22:52:29.892] |T| [write_file]: install_trophy_context: Writing to fd: 0x36, size: 46175
[22:52:29.892] |T| [close_file]: install_trophy_context: Closing file fd: 0x36
[22:52:29.893] |T| [open_file]: install_trophy_context: Opening file ux0:/user/00/trophy/conf/NPWR06494_00/TROP041.PNG (ux0:/user/00/trophy/conf/NPWR06494_00/TROP041.PNG), fd: 0x37
[22:52:29.894] |T| [write_file]: install_trophy_context: Writing to fd: 0x37, size: 46175
[22:52:29.894] |T| [close_file]: install_trophy_context: Closing file fd: 0x37
[22:52:29.895] |T| [open_file]: install_trophy_context: Opening file ux0:/user/00/trophy/conf/NPWR06494_00/TROP042.PNG (ux0:/user/00/trophy/conf/NPWR06494_00/TROP042.PNG), fd: 0x38
[22:52:29.895] |T| [write_file]: install_trophy_context: Writing to fd: 0x38, size: 46175
[22:52:29.896] |T| [close_file]: install_trophy_context: Closing file fd: 0x38
[22:52:29.900] |T| [open_file]: install_trophy_context: Opening file ux0:/user/00/trophy/conf/NPWR06494_00/TROP043.PNG (ux0:/user/00/trophy/conf/NPWR06494_00/TROP043.PNG), fd: 0x39
[22:52:29.901] |T| [write_file]: install_trophy_context: Writing to fd: 0x39, size: 46175
[22:52:29.901] |T| [close_file]: install_trophy_context: Closing file fd: 0x39
[22:52:29.902] |T| [open_file]: install_trophy_context: Opening file ux0:/user/00/trophy/conf/NPWR06494_00/TROP044.PNG (ux0:/user/00/trophy/conf/NPWR06494_00/TROP044.PNG), fd: 0x3A
[22:52:29.903] |T| [write_file]: install_trophy_context: Writing to fd: 0x3A, size: 46175
[22:52:29.903] |T| [close_file]: install_trophy_context: Closing file fd: 0x3A
[22:52:29.904] |T| [open_file]: install_trophy_context: Opening file ux0:/user/00/trophy/conf/NPWR06494_00/TROP045.PNG (ux0:/user/00/trophy/conf/NPWR06494_00/TROP045.PNG), fd: 0x3B
[22:52:29.905] |T| [write_file]: install_trophy_context: Writing to fd: 0x3B, size: 46175
[22:52:29.905] |T| [close_file]: install_trophy_context: Closing file fd: 0x3B
[22:52:29.905] |T| [open_file]: install_trophy_context: Opening file ux0:/user/00/trophy/conf/NPWR06494_00/TROP046.PNG (ux0:/user/00/trophy/conf/NPWR06494_00/TROP046.PNG), fd: 0x3C
[22:52:29.906] |T| [write_file]: install_trophy_context: Writing to fd: 0x3C, size: 46175
[22:52:29.907] |T| [close_file]: install_trophy_context: Closing file fd: 0x3C
[22:52:29.907] |T| [open_file]: install_trophy_context: Opening file ux0:/user/00/trophy/conf/NPWR06494_00/TROP047.PNG (ux0:/user/00/trophy/conf/NPWR06494_00/TROP047.PNG), fd: 0x3D
[22:52:29.908] |T| [write_file]: install_trophy_context: Writing to fd: 0x3D, size: 46175
[22:52:29.908] |T| [close_file]: install_trophy_context: Closing file fd: 0x3D
[22:52:29.909] |T| [open_file]: install_trophy_context: Opening file ux0:/user/00/trophy/conf/NPWR06494_00/TROP048.PNG (ux0:/user/00/trophy/conf/NPWR06494_00/TROP048.PNG), fd: 0x3E
[22:52:29.910] |T| [write_file]: install_trophy_context: Writing to fd: 0x3E, size: 46175
[22:52:29.910] |T| [close_file]: install_trophy_context: Closing file fd: 0x3E
[22:52:29.911] |T| [open_file]: install_trophy_context: Opening file ux0:/user/00/trophy/conf/NPWR06494_00/TROP049.PNG (ux0:/user/00/trophy/conf/NPWR06494_00/TROP049.PNG), fd: 0x3F
[22:52:29.912] |T| [write_file]: install_trophy_context: Writing to fd: 0x3F, size: 46175
[22:52:29.916] |T| [close_file]: install_trophy_context: Closing file fd: 0x3F
[22:52:29.917] |T| [open_file]: install_trophy_context: Opening file ux0:/user/00/trophy/conf/NPWR06494_00/TROP050.PNG (ux0:/user/00/trophy/conf/NPWR06494_00/TROP050.PNG), fd: 0x40
[22:52:29.918] |T| [write_file]: install_trophy_context: Writing to fd: 0x40, size: 46787
[22:52:29.918] |T| [close_file]: install_trophy_context: Closing file fd: 0x40
[22:52:29.919] |T| [close_file]: create_trophy_context: Closing file fd: 0x4
[22:52:29.919] |T| [export_sceNpTrophyCreateContext]: Trophy context for NPWR06494_00 create successfuly!
[22:52:29.921] |E| [call_import]: Import function for NID 0xD7F0F610 not found (thread name: PCSG00354, thread ID: 7)
[22:52:29.939] |W| [unimplemented_impl]: Unimplemented sceNpTusInit import called.
[22:52:29.939] |W| [unimplemented_impl]: Unimplemented sceNpCommerce2Init import called.
[22:52:29.941] |W| [stubbed_impl]: Stubbed _sceKernelWaitSignal import called. (sceKernelWaitSignal)
[22:52:29.963] |I| [export_sceIoOpen]: Opening file: app0:/data.psarc
[22:52:29.964] |T| [open_file]: sceIoOpen: Opening file app0:/data.psarc (ux0:/app/PCSG00354/data.psarc), fd: 0x41
[22:52:29.980] |T| [close_file]: sceIoClose: Closing file fd: 0x41
[22:52:29.992] |I| [export_sceIoOpen]: Opening file: app0:/data.psarc
[22:52:29.993] |T| [open_file]: sceIoOpen: Opening file app0:/data.psarc (ux0:/app/PCSG00354/data.psarc), fd: 0x42
[22:52:30.078] |I| [export_sceIoOpen]: Opening file: app0:/system/saveicon.png
[22:52:30.079] |T| [open_file]: sceIoOpen: Opening file app0:/system/saveicon.png (ux0:/app/PCSG00354/system/saveicon.png), fd: 0x43
[22:52:30.085] |T| [close_file]: sceIoClose: Closing file fd: 0x43
[22:52:30.086] |I| [export_sceIoOpen]: Opening file: app0:/system/systemicon.png
[22:52:30.086] |T| [open_file]: sceIoOpen: Opening file app0:/system/systemicon.png (ux0:/app/PCSG00354/system/systemicon.png), fd: 0x44
[22:52:30.087] |T| [close_file]: sceIoClose: Closing file fd: 0x44
[22:52:30.088] |I| [export_sceIoOpen]: Opening file: app0:/system/clearicon.png
[22:52:30.090] |T| [open_file]: sceIoOpen: Opening file app0:/system/clearicon.png (ux0:/app/PCSG00354/system/clearicon.png), fd: 0x45
[22:52:30.091] |T| [close_file]: sceIoClose: Closing file fd: 0x45
[22:52:30.091] |W| [unimplemented_impl]: Unimplemented sceScreenShotSetOverlayImage import called.
[22:52:30.092] |W| [unimplemented_impl]: Unimplemented sceScreenShotEnable import called.
[22:52:30.092] |W| [unimplemented_impl]: Unimplemented sceAppUtilSaveDataMount import called.
[22:52:30.093] |W| [unimplemented_impl]: Unimplemented sceAppUtilAddcontMount import called.
[22:52:30.239] |T| [log_import_call]: [LLE] TID: 7   FUNC: 0x4C847ADF sceAvPlayerInit at 0x54FCD8
[22:52:30.282] |E| [stat_file]: Missing file at F:/vita3k/ux0/app/PCSG00354/asset/I_CHR_F_010.pkg (target path: app0:/asset/I_CHR_F_010.pkg)
[22:52:30.283] |W| [io_error_impl]: stat_file (_sceIoGetstat) returned 0x80010002
[22:52:30.306] |E| [stat_file]: Missing file at F:/vita3k/ux0/app/PCSG00354/asset/I_CHR_F_024.pkg (target path: app0:/asset/I_CHR_F_024.pkg)
[22:52:30.306] |W| [io_error_impl]: stat_file (_sceIoGetstat) returned 0x80010002
[22:52:30.307] |E| [stat_file]: Missing file at F:/vita3k/ux0/app/PCSG00354/asset/I_CHR_F_025.pkg (target path: app0:/asset/I_CHR_F_025.pkg)
[22:52:30.308] |W| [io_error_impl]: stat_file (_sceIoGetstat) returned 0x80010002
[22:52:30.309] |E| [stat_file]: Missing file at F:/vita3k/ux0/app/PCSG00354/asset/I_CHR_F_026.pkg (target path: app0:/asset/I_CHR_F_026.pkg)
[22:52:30.309] |W| [io_error_impl]: stat_file (_sceIoGetstat) returned 0x80010002
[22:52:30.310] |E| [stat_file]: Missing file at F:/vita3k/ux0/app/PCSG00354/asset/I_CHR_F_027.pkg (target path: app0:/asset/I_CHR_F_027.pkg)
[22:52:30.311] |W| [io_error_impl]: stat_file (_sceIoGetstat) returned 0x80010002
[22:52:30.311] |E| [stat_file]: Missing file at F:/vita3k/ux0/app/PCSG00354/asset/I_CHR_F_028.pkg (target path: app0:/asset/I_CHR_F_028.pkg)
[22:52:30.312] |W| [io_error_impl]: stat_file (_sceIoGetstat) returned 0x80010002
[22:52:30.315] |E| [stat_file]: Missing file at F:/vita3k/ux0/app/PCSG00354/asset/I_CHR_F_029.pkg (target path: app0:/asset/I_CHR_F_029.pkg)
[22:52:30.316] |W| [io_error_impl]: stat_file (_sceIoGetstat) returned 0x80010002
[22:52:30.316] |E| [stat_file]: Missing file at F:/vita3k/ux0/app/PCSG00354/asset/I_CHR_F_030.pkg (target path: app0:/asset/I_CHR_F_030.pkg)
[22:52:30.317] |W| [io_error_impl]: stat_file (_sceIoGetstat) returned 0x80010002
[22:52:30.318] |E| [stat_file]: Missing file at F:/vita3k/ux0/app/PCSG00354/asset/I_CHR_F_031.pkg (target path: app0:/asset/I_CHR_F_031.pkg)
[22:52:30.318] |W| [io_error_impl]: stat_file (_sceIoGetstat) returned 0x80010002
[22:52:30.319] |E| [stat_file]: Missing file at F:/vita3k/ux0/app/PCSG00354/asset/I_CHR_F_032.pkg (target path: app0:/asset/I_CHR_F_032.pkg)
[22:52:30.320] |W| [io_error_impl]: stat_file (_sceIoGetstat) returned 0x80010002
[22:52:30.320] |E| [stat_file]: Missing file at F:/vita3k/ux0/app/PCSG00354/asset/I_CHR_F_033.pkg (target path: app0:/asset/I_CHR_F_033.pkg)
[22:52:30.321] |W| [io_error_impl]: stat_file (_sceIoGetstat) returned 0x80010002
[22:52:30.322] |E| [stat_file]: Missing file at F:/vita3k/ux0/app/PCSG00354/asset/I_CHR_F_034.pkg (target path: app0:/asset/I_CHR_F_034.pkg)
[22:52:30.322] |W| [io_error_impl]: stat_file (_sceIoGetstat) returned 0x80010002
[22:52:30.323] |E| [stat_file]: Missing file at F:/vita3k/ux0/app/PCSG00354/asset/I_CHR_F_035.pkg (target path: app0:/asset/I_CHR_F_035.pkg)
[22:52:30.324] |W| [io_error_impl]: stat_file (_sceIoGetstat) returned 0x80010002
[22:52:30.324] |E| [stat_file]: Missing file at F:/vita3k/ux0/app/PCSG00354/asset/I_CHR_F_036.pkg (target path: app0:/asset/I_CHR_F_036.pkg)
[22:52:30.325] |W| [io_error_impl]: stat_file (_sceIoGetstat) returned 0x80010002
[22:52:30.326] |E| [stat_file]: Missing file at F:/vita3k/ux0/app/PCSG00354/asset/I_CHR_F_037.pkg (target path: app0:/asset/I_CHR_F_037.pkg)
[22:52:30.326] |W| [io_error_impl]: stat_file (_sceIoGetstat) returned 0x80010002
[22:52:30.327] |E| [stat_file]: Missing file at F:/vita3k/ux0/app/PCSG00354/asset/I_CHR_F_038.pkg (target path: app0:/asset/I_CHR_F_038.pkg)
[22:52:30.327] |W| [io_error_impl]: stat_file (_sceIoGetstat) returned 0x80010002
[22:52:30.328] |E| [stat_file]: Missing file at F:/vita3k/ux0/app/PCSG00354/asset/I_CHR_F_039.pkg (target path: app0:/asset/I_CHR_F_039.pkg)
[22:52:30.333] |W| [io_error_impl]: stat_file (_sceIoGetstat) returned 0x80010002
[22:52:30.334] |E| [stat_file]: Missing file at F:/vita3k/ux0/app/PCSG00354/asset/I_CHR_F_040.pkg (target path: app0:/asset/I_CHR_F_040.pkg)
[22:52:30.334] |W| [io_error_impl]: stat_file (_sceIoGetstat) returned 0x80010002
[22:52:30.335] |E| [stat_file]: Missing file at F:/vita3k/ux0/app/PCSG00354/asset/I_CHR_F_041.pkg (target path: app0:/asset/I_CHR_F_041.pkg)
[22:52:30.336] |W| [io_error_impl]: stat_file (_sceIoGetstat) returned 0x80010002
[22:52:30.336] |E| [stat_file]: Missing file at F:/vita3k/ux0/app/PCSG00354/asset/I_CHR_F_042.pkg (target path: app0:/asset/I_CHR_F_042.pkg)
[22:52:30.337] |W| [io_error_impl]: stat_file (_sceIoGetstat) returned 0x80010002
[22:52:30.338] |E| [stat_file]: Missing file at F:/vita3k/ux0/app/PCSG00354/asset/I_CHR_F_043.pkg (target path: app0:/asset/I_CHR_F_043.pkg)
[22:52:30.339] |W| [io_error_impl]: stat_file (_sceIoGetstat) returned 0x80010002
[22:52:30.339] |E| [stat_file]: Missing file at F:/vita3k/ux0/app/PCSG00354/asset/I_CHR_F_044.pkg (target path: app0:/asset/I_CHR_F_044.pkg)
[22:52:30.340] |W| [io_error_impl]: stat_file (_sceIoGetstat) returned 0x80010002
[22:52:30.340] |E| [stat_file]: Missing file at F:/vita3k/ux0/app/PCSG00354/asset/I_CHR_F_045.pkg (target path: app0:/asset/I_CHR_F_045.pkg)
[22:52:30.341] |W| [io_error_impl]: stat_file (_sceIoGetstat) returned 0x80010002
[22:52:30.347] |I| [export_sceIoOpen]: Opening file: app0:/system/savelogo.png
[22:52:30.348] |T| [open_file]: sceIoOpen: Opening file app0:/system/savelogo.png (ux0:/app/PCSG00354/system/savelogo.png), fd: 0x46
[22:52:30.349] |T| [close_file]: sceIoClose: Closing file fd: 0x46
[22:52:30.921] |W| [unimplemented_impl]: Unimplemented sceCommonDialogUpdate import called.
[22:52:31.306] |I| [export_sceIoOpen]: Opening file: app0:/data/effects/objects/efobj308/efobj308.inf
[22:52:31.307] |E| [open_file]: Missing file at F:/vita3k/ux0/app/PCSG00354/data/effects/objects/efobj308/efobj308.inf (target path: app0:/data/effects/objects/efobj308/efobj308.inf)
[22:52:31.308] |W| [io_error_impl]: open_file (sceIoOpen) returned 0x80010002
[22:52:31.309] |I| [export_sceIoOpen]: Opening file: app0:/data/effects/objects/efobj308/efobj308.inf
[22:52:31.310] |E| [open_file]: Missing file at F:/vita3k/ux0/app/PCSG00354/data/effects/objects/efobj308/efobj308.inf (target path: app0:/data/effects/objects/efobj308/efobj308.inf)
[22:52:31.310] |W| [io_error_impl]: open_file (sceIoOpen) returned 0x80010002
[22:52:31.311] |I| [export_sceIoOpen]: Opening file: app0:/data/effects/objects/efobj308/efobj308.inf
[22:52:31.311] |E| [open_file]: Missing file at F:/vita3k/ux0/app/PCSG00354/data/effects/objects/efobj308/efobj308.inf (target path: app0:/data/effects/objects/efobj308/efobj308.inf)
[22:52:31.312] |W| [io_error_impl]: open_file (sceIoOpen) returned 0x80010002
[22:52:31.313] |I| [export_sceIoOpen]: Opening file: app0:/data/effects/objects/efobj308/efobj308.inf
[22:52:31.313] |E| [open_file]: Missing file at F:/vita3k/ux0/app/PCSG00354/data/effects/objects/efobj308/efobj308.inf (target path: app0:/data/effects/objects/efobj308/efobj308.inf)
[22:52:31.314] |W| [io_error_impl]: open_file (sceIoOpen) returned 0x80010002
[22:52:31.315] |I| [export_sceIoOpen]: Opening file: app0:/data/effects/objects/efobj308/efobj308.inf
[22:52:31.315] |E| [open_file]: Missing file at F:/vita3k/ux0/app/PCSG00354/data/effects/objects/efobj308/efobj308.inf (target path: app0:/data/effects/objects/efobj308/efobj308.inf)
[22:52:31.316] |W| [io_error_impl]: open_file (sceIoOpen) returned 0x80010002
[22:52:31.316] |I| [export_sceIoOpen]: Opening file: app0:/data/effects/objects/efobj308/efobj308.inf
[22:52:31.316] |E| [open_file]: Missing file at F:/vita3k/ux0/app/PCSG00354/data/effects/objects/efobj308/efobj308.inf (target path: app0:/data/effects/objects/efobj308/efobj308.inf)
[22:52:31.317] |W| [io_error_impl]: open_file (sceIoOpen) returned 0x80010002
[22:52:31.318] |I| [export_sceIoOpen]: Opening file: app0:/data/effects/objects/efobj308/efobj308.inf
[22:52:31.318] |E| [open_file]: Missing file at F:/vita3k/ux0/app/PCSG00354/data/effects/objects/efobj308/efobj308.inf (target path: app0:/data/effects/objects/efobj308/efobj308.inf)
[22:52:31.319] |W| [io_error_impl]: open_file (sceIoOpen) returned 0x80010002
[22:52:31.320] |I| [export_sceIoOpen]: Opening file: app0:/data/effects/objects/efobj308/efobj308.inf
[22:52:31.320] |E| [open_file]: Missing file at F:/vita3k/ux0/app/PCSG00354/data/effects/objects/efobj308/efobj308.inf (target path: app0:/data/effects/objects/efobj308/efobj308.inf)
[22:52:31.325] |W| [io_error_impl]: open_file (sceIoOpen) returned 0x80010002
[22:52:31.326] |I| [export_sceIoOpen]: Opening file: app0:/data/effects/objects/efobj308/efobj308.inf
[22:52:31.326] |E| [open_file]: Missing file at F:/vita3k/ux0/app/PCSG00354/data/effects/objects/efobj308/efobj308.inf (target path: app0:/data/effects/objects/efobj308/efobj308.inf)
[22:52:31.327] |W| [io_error_impl]: open_file (sceIoOpen) returned 0x80010002
[22:52:31.328] |I| [export_sceIoOpen]: Opening file: app0:/data/effects/objects/efobj308/efobj308.inf
[22:52:31.328] |E| [open_file]: Missing file at F:/vita3k/ux0/app/PCSG00354/data/effects/objects/efobj308/efobj308.inf (target path: app0:/data/effects/objects/efobj308/efobj308.inf)
[22:52:31.329] |W| [io_error_impl]: open_file (sceIoOpen) returned 0x80010002
[22:52:31.330] |I| [export_sceIoOpen]: Opening file: app0:/data/effects/objects/efobj308/efobj308.inf
[22:52:31.330] |E| [open_file]: Missing file at F:/vita3k/ux0/app/PCSG00354/data/effects/objects/efobj308/efobj308.inf (target path: app0:/data/effects/objects/efobj308/efobj308.inf)
[22:52:31.331] |W| [io_error_impl]: open_file (sceIoOpen) returned 0x80010002
[22:52:31.331] |I| [export_sceIoOpen]: Opening file: app0:/data/effects/objects/efobj308/efobj308.inf
[22:52:31.332] |E| [open_file]: Missing file at F:/vita3k/ux0/app/PCSG00354/data/effects/objects/efobj308/efobj308.inf (target path: app0:/data/effects/objects/efobj308/efobj308.inf)
[22:52:31.332] |W| [io_error_impl]: open_file (sceIoOpen) returned 0x80010002
[22:52:31.333] |I| [export_sceIoOpen]: Opening file: app0:/data/effects/objects/efobj308/efobj308.inf
[22:52:31.333] |E| [open_file]: Missing file at F:/vita3k/ux0/app/PCSG00354/data/effects/objects/efobj308/efobj308.inf (target path: app0:/data/effects/objects/efobj308/efobj308.inf)
[22:52:31.334] |W| [io_error_impl]: open_file (sceIoOpen) returned 0x80010002
[22:52:31.335] |I| [export_sceIoOpen]: Opening file: app0:/data/effects/objects/efobj308/efobj308.inf
[22:52:31.335] |E| [open_file]: Missing file at F:/vita3k/ux0/app/PCSG00354/data/effects/objects/efobj308/efobj308.inf (target path: app0:/data/effects/objects/efobj308/efobj308.inf)
[22:52:31.336] |W| [io_error_impl]: open_file (sceIoOpen) returned 0x80010002
[22:52:31.341] |I| [export_sceIoOpen]: Opening file: app0:/data/effects/objects/efobj308/efobj308.inf
[22:52:31.341] |E| [open_file]: Missing file at F:/vita3k/ux0/app/PCSG00354/data/effects/objects/efobj308/efobj308.inf (target path: app0:/data/effects/objects/efobj308/efobj308.inf)
[22:52:31.342] |W| [io_error_impl]: open_file (sceIoOpen) returned 0x80010002
[22:52:31.342] |I| [export_sceIoOpen]: Opening file: app0:/data/effects/objects/efobj308/efobj308.inf
[22:52:31.343] |E| [open_file]: Missing file at F:/vita3k/ux0/app/PCSG00354/data/effects/objects/efobj308/efobj308.inf (target path: app0:/data/effects/objects/efobj308/efobj308.inf)
[22:52:31.343] |W| [io_error_impl]: open_file (sceIoOpen) returned 0x80010002
[22:52:31.361] |T| [log_import_call]: [LLE] TID: 7   FUNC: 0xDF4C665A sceSystemGestureUpdatePrimitiveTouchRecognizer at 0x550348
[22:52:31.363] |W| [unimplemented_impl]: Unimplemented sceMotionGetState import called.
[22:52:31.365] |T| [log_import_call]: [LLE] TID: 7   FUNC: 0x851FB144 sceSystemGestureUpdateTouchRecognizer at 0x550318
[22:52:31.365] |E| [call_import]: Import function for NID 0xE344CD6C not found (thread name: PCSG00354, thread ID: 7)
[22:52:31.367] |T| [log_import_call]: [LLE] TID: 7   FUNC: 0x13AD2218 sceSystemGestureGetTouchEventsCount at 0x5502D8
[22:52:31.386] |W| [stubbed_impl]: Stubbed sceNpCheckCallback import called. (Stub)
[22:52:31.454] |T| [log_import_call]: [LLE] TID: 7   FUNC: 0xBD35E360 sceAvPlayerStop at 0x54FD58
[22:52:31.456] |T| [log_import_call]: [LLE] TID: 7   FUNC: 0xBC83C8FD sceAvPlayerAddSource at 0x54FD48
[22:52:31.459] |T| [log_import_call]: [LLE] TID: 7   FUNC: 0x5474AF0 sceMp4OpenFile at 0x4D6D31AC
[22:52:31.461] |I| [export_sceIoOpen]: Opening file: app0:movie/ed8_logo.mp4
[22:52:31.461] |T| [open_file]: sceIoOpen: Opening file app0:movie/ed8_logo.mp4 (ux0:/app/PCSG00354/movie/ed8_logo.mp4), fd: 0x47
[22:52:31.481] |T| [log_import_call]: [LLE] TID: 152 FUNC: 0x30E49E4D sceMp4StartFileStreaming at 0x4D6D31CC
[22:52:31.491] |T| [log_import_call]: [LLE] TID: 7   FUNC: 0xEC103ADF sceAvPlayerSetLooping at 0x54FD68
[22:52:31.492] |T| [log_import_call]: [LLE] TID: 7   FUNC: 0x2E4FF35F sceAvPlayerIsActive at 0x54FCA8
[22:52:31.493] |T| [log_import_call]: [LLE] TID: 174 FUNC: 0xA10FC252 sceAvPlayerGetAudioData at 0x54FD38
[22:52:31.759] |T| [log_import_call]: [LLE] TID: 152 FUNC: 0x2CD86FD6 sceAvPlayerStreamCount at 0x54FC98
[22:52:31.760] |T| [log_import_call]: [LLE] TID: 152 FUNC: 0xD5B26179 UNRECOGNISED at 0x4D6D32CC
[22:52:31.762] |W| [unimplemented_impl]: Unimplemented sceKernelGetProcessTitleId import called.
[22:52:31.766] |E| [call_import]: Import function for NID 0xE344CD6D not found (thread name: avPlayer Controller, thread ID: 152)
[22:52:31.769] |T| [log_import_call]: [LLE] TID: 152 FUNC: 0x34E2D370 sceAvPlayerGetStreamInfo at 0x54FCB8
[22:52:31.771] |T| [log_import_call]: [LLE] TID: 152 FUNC: 0x70127AB8 sceAvPlayerEnableStream at 0x54FCF8
[22:52:31.778] |W| [stubbed_impl]: Stubbed sceVideodecQueryMemSize import called. (fake size)
[22:52:31.780] |W| [stubbed_impl]: Stubbed sceCodecEngineAllocMemoryFromUnmapMemBlock import called. (fake vaddr)
[22:52:31.781] |T| [log_import_call]: [LLE] TID: 152 FUNC: 0x609E57AD sceMp4EnableStream at 0x4D6D320C
[22:52:31.784] |W| [stubbed_impl]: Stubbed sceAudiodecGetContextSize import called. (fake size)
[22:52:31.788] |T| [log_import_call]: [LLE] TID: 152 FUNC: 0x2ACB4217 sceAvPlayerStart at 0x54FC88
[22:52:31.833] |T| [log_import_call]: [LLE] TID: 260 FUNC: 0x20A01112 sceMp4GetNextUnit at 0x4D6D31BC
[22:52:31.846] |T| [log_import_call]: [LLE] TID: 260 FUNC: 0xD092A066 sceMp4GetNextUnitData at 0x4D6D32AC
[22:52:31.850] |W| [H264DecoderState::receive]: Error receiving H264 frame: Requires Another Call (AVERROR(EAGAIN)).
[22:52:31.854] |E| [logging::ret_error_impl]: _sceKernelWaitCond returned SCE_KERNEL_ERROR_WAIT_TIMEOUT (0x80028005)
[22:52:31.862] |E| [logging::ret_error_impl]: sceKernelTryLockLwMutex returned SCE_KERNEL_ERROR_LW_MUTEX_FAILED_TO_OWN (0x80028185)
[22:52:31.879] |T| [log_import_call]: [LLE] TID: 7   FUNC: 0x8BC3221B sceAvPlayerGetVideoData at 0x54FD28
[22:52:37.053] |T| [log_import_call]: [LLE] TID: 7   FUNC: 0xC05DFF01 UNRECOGNISED at 0x4D6D328C
[22:52:37.053] |T| [log_import_call]: [LLE] TID: 7   FUNC: 0x40351E1A sceMp4Reset at 0x4D6D31EC
[22:52:37.055] |T| [log_import_call]: [LLE] TID: 7   FUNC: 0x7AA29B2D sceAvPlayerClose at 0x54FD08
[22:52:37.056] |W| [stubbed_impl]: Stubbed sceCodecEngineFreeMemoryFromUnmapMemBlock import called. (always return success)
[22:52:37.059] |T| [log_import_call]: [LLE] TID: 7   FUNC: 0x920623C8 sceMp4CloseFile at 0x4D6D323C
[22:52:37.062] |T| [close_file]: sceIoClose: Closing file fd: 0x47
[22:52:37.067] |T| [log_import_call]: [LLE] TID: 7   FUNC: 0x7B4832FE sceMp4ReleaseBuffer at 0x4D6D322C
[22:52:37.398] |E| [open_file]: Missing file at F:/vita3k/ux0/user/00/savedata/PCSG00354/SlotParam_255.bin (target path: savedata0:/SlotParam_255.bin)
[22:52:37.400] |W| [io_error_impl]: open_file (sceAppUtilSaveDataSlotGetParam) returned 0x80010002
[22:52:37.400] |E| [logging::ret_error_impl]: sceAppUtilSaveDataSlotGetParam returned SCE_APPUTIL_ERROR_SAVEDATA_SLOT_NOT_FOUND (0x80100641)
[22:52:37.404] |I| [export_sceIoOpen]: Opening file: savedata0:save255.dat
[22:52:37.404] |E| [open_file]: Missing file at F:/vita3k/ux0/user/00/savedata/PCSG00354/save255.dat (target path: savedata0:save255.dat)
[22:52:37.405] |W| [io_error_impl]: open_file (sceIoOpen) returned 0x80010002
