[22:54:25.951] |I| [config::init_config]: backend-renderer: Vulkan
[22:54:25.952] |I| [config::init_config]: log-level: 0
[22:54:26.071] |I| [SDL_main]: Vita3K v0.1.8 3242-32b607cb
[22:54:26.071] |I| [SDL_main]: Number of logical CPU cores: 8
[22:54:26.071] |I| [SDL_main]: Available ram memory: 16215 MiB
[22:54:26.237] |I| [renderer::vulkan::VKState::create]: Enabling vulkan validation layers (has a performance impact but allows better error messages)
[22:54:26.393] |I| [renderer::vulkan::VKState::create]: Vulkan device: NVIDIA GeForce RTX 3060 Laptop GPU
[22:54:26.393] |I| [renderer::vulkan::VKState::create]: Driver version: 531.29.0.0
[22:54:26.394] |I| [renderer::vulkan::VKState::create]: Memory mapping is enabled
[22:54:26.899] |I| [renderer::vulkan::ScreenRenderer::setup]: Present mode: Mailbox
[22:54:27.325] |W| [compat::load_compat_app_db]: App with Title ID PCSH10100 has an issue but no status label. Please check GitHub issue 1716 and request a status label be added.
[22:54:27.325] |W| [compat::load_compat_app_db]: App with Title ID PCSE00640 has an issue but no status label. Please check GitHub issue 1678 and request a status label be added.
[22:54:27.326] |W| [compat::load_compat_app_db]: App with Title ID PCSA00158 has an issue but no status label. Please check GitHub issue 1659 and request a status label be added.
[22:54:27.326] |W| [compat::load_compat_app_db]: App with Title ID PCSA00133 has an issue but no status label. Please check GitHub issue 1649 and request a status label be added.
[22:54:27.784] |I| [compat::update_compat_app_db]: Applications compatibility database is outdated, attempting to download latest updated at: 06-29-2023 21:22:16
[22:54:29.105] |W| [compat::load_compat_app_db]: App with Title ID PCSH10100 has an issue but no status label. Please check GitHub issue 1716 and request a status label be added.
[22:54:29.254] |W| [compat::load_compat_app_db]: App with Title ID PCSE00640 has an issue but no status label. Please check GitHub issue 1678 and request a status label be added.
[22:54:29.255] |W| [compat::load_compat_app_db]: App with Title ID PCSA00158 has an issue but no status label. Please check GitHub issue 1659 and request a status label be added.
[22:54:29.255] |W| [compat::load_compat_app_db]: App with Title ID PCSA00133 has an issue but no status label. Please check GitHub issue 1649 and request a status label be added.
[22:54:46.192] |I| [load_app_impl]: cpu-backend: Dynarmic
[22:54:46.193] |I| [load_app_impl]: CPU Optimisation state: true
[22:54:46.194] |I| [load_app_impl]: ngs state: true
[22:54:46.194] |I| [load_app_impl]: Resolution multiplier: 1
[22:54:46.195] |I| [load_app_impl]: modules mode: Automatic
[22:54:46.196] |I| [load_app_impl]: Title: 魔都紅色幽撃隊 DAYBREAK SPECIAL GIGS JAPAN TOUR
[22:54:46.196] |I| [load_app_impl]: Serial: PCSG00634
[22:54:46.197] |I| [load_app_impl]: Version: 1.00
[22:54:46.197] |I| [load_app_impl]: Category: gd
[22:54:46.259] |I| [load_self]: app0:sce_module/libc.suprx: Skipping special segment 0x6fffff01...
[22:54:46.260] |I| [load_self]: Loaded module segment 0 @ [0x00005000 - 0x00056814 / 0x81000000] (size: 0x00051814) of module app0:sce_module/libc.suprx
[22:54:46.261] |I| [load_self]: Loaded module segment 1 @ [0x00057000 - 0x000598A0 / 0x81052000] (size: 0x000028A0) of module app0:sce_module/libc.suprx
[22:54:46.262] |I| [load_self]: Linking SELF app0:sce_module/libc.suprx...
[22:54:46.264] |D| [load_var_exports]: 	NID 0x936c8a78 (SYSLYB) at 0x4c284
[22:54:46.265] |D| [load_var_exports]: 	NID 0x6c2224ba (NID_MODULE_INFO) at 0x4144c
[22:54:46.266] |I| [pre_load_module]: Pre-load module SceLibc (at "sce_module/libc.suprx") loaded
[22:54:46.287] |I| [load_self]: app0:sce_module/libfios2.suprx: Skipping special segment 0x6fffff01...
[22:54:46.287] |I| [load_self]: Loaded module segment 0 @ [0x0005A000 - 0x00086CBF / 0x81000000] (size: 0x0002CCBF) of module app0:sce_module/libfios2.suprx
[22:54:46.290] |I| [load_self]: Loaded module segment 1 @ [0x00087000 - 0x0008C255 / 0x8102D000] (size: 0x00005255) of module app0:sce_module/libfios2.suprx
[22:54:46.291] |I| [load_self]: Linking SELF app0:sce_module/libfios2.suprx...
[22:54:46.292] |D| [load_var_exports]: 	NID 0x936c8a78 (SYSLYB) at 0x86bc8
[22:54:46.293] |D| [load_var_exports]: 	NID 0x6c2224ba (NID_MODULE_INFO) at 0x7df08
[22:54:46.293] |I| [pre_load_module]: Pre-load module SceLibFios2 (at "sce_module/libfios2.suprx") loaded
[22:54:46.307] |I| [load_self]: app0:sce_module/libult.suprx: Skipping special segment 0x6fffff01...
[22:54:46.307] |I| [load_self]: Loaded module segment 0 @ [0x0008D000 - 0x000A09A4 / 0x81000000] (size: 0x000139A4) of module app0:sce_module/libult.suprx
[22:54:46.312] |I| [load_self]: Loaded module segment 1 @ [0x000A1000 - 0x000A1814 / 0x81014000] (size: 0x00000814) of module app0:sce_module/libult.suprx
[22:54:46.316] |I| [load_self]: Linking SELF app0:sce_module/libult.suprx...
[22:54:46.317] |D| [load_var_exports]: 	NID 0x936c8a78 (SYSLYB) at 0x9f2d0
[22:54:46.317] |D| [load_var_exports]: 	NID 0x6c2224ba (NID_MODULE_INFO) at 0x9c858
[22:54:46.318] |I| [pre_load_module]: Pre-load module SceUlt (at "sce_module/libult.suprx") loaded
[22:54:46.333] |I| [load_self]: Loaded module segment 0 @ [0x000A2000 - 0x000F2F04 / 0x81000000] (size: 0x00050F04) of module vs0:sys/external/libSceFt2.suprx
[22:54:46.334] |I| [load_self]: Loaded module segment 1 @ [0x000F3000 - 0x000F32F4 / 0x81051000] (size: 0x000002F4) of module vs0:sys/external/libSceFt2.suprx
[22:54:46.337] |I| [load_self]: Linking SELF vs0:sys/external/libSceFt2.suprx...
[22:54:46.338] |D| [load_var_exports]: 	NID 0x936c8a78 (SYSLYB) at 0xde7dc
[22:54:46.338] |D| [load_var_exports]: 	NID 0x6c2224ba (NID_MODULE_INFO) at 0xddf10
[22:54:46.339] |I| [pre_load_module]: Pre-load module SceLibft2 (at "sys/external/libSceFt2.suprx") loaded
[22:54:46.344] |I| [load_self]: Loaded module segment 0 @ [0x000F4000 - 0x00103F14 / 0x81000000] (size: 0x0000FF14) of module vs0:sys/external/libpvf.suprx
[22:54:46.345] |I| [load_self]: Loaded module segment 1 @ [0x00104000 - 0x00104008 / 0x81010000] (size: 0x00000008) of module vs0:sys/external/libpvf.suprx
[22:54:46.348] |I| [load_self]: Linking SELF vs0:sys/external/libpvf.suprx...
[22:54:46.349] |D| [load_var_exports]: 	NID 0x936c8a78 (SYSLYB) at 0x102710
[22:54:46.349] |D| [load_var_exports]: 	NID 0x6c2224ba (NID_MODULE_INFO) at 0x102300
[22:54:46.350] |I| [pre_load_module]: Pre-load module SceLibPvf (at "sys/external/libpvf.suprx") loaded
[22:54:46.515] |I| [load_self]: app0:eboot.bin: Skipping special segment 0x6fffff01...
[22:54:46.516] |I| [load_self]: Loaded module segment 0 @ [0x00105000 - 0x0050D6F8 / 0x81000000] (size: 0x004086F8) of module app0:eboot.bin
[22:54:46.517] |I| [load_self]: Loaded module segment 1 @ [0x0050E000 - 0x0053A838 / 0x81409000] (size: 0x0002C838) of module app0:eboot.bin
[22:54:46.518] |I| [load_self]: Linking SELF app0:eboot.bin...
[22:54:46.520] |D| [load_var_exports]: 	NID 0x6c2224ba (NID_MODULE_INFO) at 0x3ab430
[22:54:46.520] |D| [load_var_exports]: 	NID 0x70fba1e7 (SCE_PROC_PARAMS) at 0x511b98
[22:54:46.521] |D| [load_var_exports]: 	NID 0x936c8a78 (SYSLYB) at 0x4d074c
[22:54:46.522] |I| [load_app_impl]: Main executable appvita (eboot.bin) loaded
[22:54:46.544] |D| [run_app]: Running module_start of library: SceLibc at address 0x5871
[22:54:46.572] |T| [open_file]: sceKernelGetStdin: Opening terminal tty0:
[22:54:46.572] |T| [open_file]: sceKernelGetStdout: Opening terminal tty0:
[22:54:46.575] |T| [open_file]: sceKernelGetStderr: Opening terminal tty0:
[22:54:46.587] |I| [run_app]: Module SceLibc (at "app0:sce_module/libc.suprx") module_start returned 0x0
[22:54:46.593] |D| [run_app]: Running module_start of library: SceLibFios2 at address 0x5a001
[22:54:46.615] |W| [stubbed_impl]: Stubbed sceKernelGetProcessId import called. (pid: 0)
[22:54:46.616] |I| [run_app]: Module SceLibFios2 (at "app0:sce_module/libfios2.suprx") module_start returned 0x0
[22:54:46.620] |D| [run_app]: Running module_start of library: SceUlt at address 0x90769
[22:54:46.641] |W| [unimplemented_impl]: Unimplemented _sceUlobjMgrRegisterLibultProtocolRevision import called.
[22:54:46.642] |I| [run_app]: Module SceUlt (at "app0:sce_module/libult.suprx") module_start returned 0x0
[22:54:46.795] |W| [stubbed_impl]: Stubbed sceKernelGetFreeMemorySize import called. (Single pool)
[22:54:47.665] |W| [stubbed_impl]: Stubbed sceGxmMapFragmentUsseMemory import called. (always return success)
[22:54:47.945] |W| [stubbed_impl]: Stubbed sceGxmMapVertexUsseMemory import called. (always return success)
[22:54:48.116] |W| [unimplemented_impl]: Unimplemented sceAppUtilInit import called.
[22:54:48.711] |E| [logging::ret_error_impl]: sceSysmoduleIsLoaded returned SCE_SYSMODULE_ERROR_UNLOADED (0x805a1001)
[22:54:49.027] |I| [renderer::vulkan::PipelineCache::retrieve_shader]: Generating vulkan spv shader e796d66a6b50993c64af3feee73eb7ca384f641388d13085ad5caa66295bdb0c
[22:54:49.028] |I| [renderer::load_shader_generic]: Generating vert.spv.txt shader e796d66a6b50993c64af3feee73eb7ca384f641388d13085ad5caa66295bdb0c
[22:54:49.030] |D| [shader::create_parameters]: [BUFFER0  + 0] pa0 = (float4) IN_a_pos
[22:54:49.030] |D| [shader::create_parameters]: [BUFFER0  + 4] pa4 = (float4) IN_a_color
[22:54:49.032] |T| [shader::usse::USSERecompiler::compile_code_node]: Compiling code_0, size = 5
[22:54:49.042] |I| [renderer::vulkan::PipelineCache::retrieve_shader]: Generating vulkan spv shader d58c1a7510226b1312b16db48a6870fb8ee3f8a2a8598dafd035aecb1983cf20
[22:54:49.043] |I| [renderer::load_shader_generic]: Generating frag.spv.txt shader d58c1a7510226b1312b16db48a6870fb8ee3f8a2a8598dafd035aecb1983cf20
[22:54:49.046] |D| [shader::create_fragment_inputs]: Iterator: pa0 = (float4) v_Color0
[22:54:49.047] |T| [shader::usse::USSERecompiler::compile_code_node]: Compiling code_0, size = 2
[22:54:49.056] |I| [export_sceIoOpen]: Opening file: app0:d01.dat
[22:54:49.071] |T| [open_file]: sceIoOpen: Opening file app0:d01.dat (ux0:/app/PCSG00634/d01.dat), fd: 0x3
[22:54:49.095] |T| [close_file]: sceIoClose: Closing file fd: 0x3
[22:54:49.096] |I| [export_sceIoOpen]: Opening file: app0:d01.dat
[22:54:49.097] |T| [open_file]: sceIoOpen: Opening file app0:d01.dat (ux0:/app/PCSG00634/d01.dat), fd: 0x4
[22:54:49.433] |T| [close_file]: sceIoClose: Closing file fd: 0x4
[22:54:49.434] |I| [export_sceIoOpen]: Opening file: app0:d01.dat
[22:54:49.435] |T| [open_file]: sceIoOpen: Opening file app0:d01.dat (ux0:/app/PCSG00634/d01.dat), fd: 0x5
[22:54:49.676] |T| [close_file]: sceIoClose: Closing file fd: 0x5
[22:54:49.676] |I| [export_sceIoOpen]: Opening file: app0:d01.dat
[22:54:49.678] |T| [open_file]: sceIoOpen: Opening file app0:d01.dat (ux0:/app/PCSG00634/d01.dat), fd: 0x6
[22:54:49.728] |T| [close_file]: sceIoClose: Closing file fd: 0x6
[22:54:49.729] |I| [export_sceIoOpen]: Opening file: app0:d01.dat
[22:54:49.730] |T| [open_file]: sceIoOpen: Opening file app0:d01.dat (ux0:/app/PCSG00634/d01.dat), fd: 0x7
[22:54:49.757] |T| [close_file]: sceIoClose: Closing file fd: 0x7
[22:54:49.758] |I| [export_sceIoOpen]: Opening file: app0:d01.dat
[22:54:49.759] |T| [open_file]: sceIoOpen: Opening file app0:d01.dat (ux0:/app/PCSG00634/d01.dat), fd: 0x8
[22:54:49.835] |T| [close_file]: sceIoClose: Closing file fd: 0x8
[22:54:49.836] |I| [export_sceIoOpen]: Opening file: app0:d05.dat
[22:54:49.842] |T| [open_file]: sceIoOpen: Opening file app0:d05.dat (ux0:/app/PCSG00634/d05.dat), fd: 0x9
[22:54:50.807] |T| [close_file]: sceIoClose: Closing file fd: 0x9
[22:54:50.808] |I| [export_sceIoOpen]: Opening file: app0:d05.dat
[22:54:50.809] |T| [open_file]: sceIoOpen: Opening file app0:d05.dat (ux0:/app/PCSG00634/d05.dat), fd: 0xa
[22:54:51.996] |T| [close_file]: sceIoClose: Closing file fd: 0xa
[22:54:51.997] |I| [export_sceIoOpen]: Opening file: app0:d05.dat
[22:54:51.998] |T| [open_file]: sceIoOpen: Opening file app0:d05.dat (ux0:/app/PCSG00634/d05.dat), fd: 0xb
[22:54:52.577] |T| [close_file]: sceIoClose: Closing file fd: 0xb
[22:54:52.577] |I| [export_sceIoOpen]: Opening file: app0:d04.dat
[22:54:52.589] |T| [open_file]: sceIoOpen: Opening file app0:d04.dat (ux0:/app/PCSG00634/d04.dat), fd: 0xc
[22:54:52.657] |T| [close_file]: sceIoClose: Closing file fd: 0xc
[22:54:52.658] |I| [export_sceIoOpen]: Opening file: app0:d04.dat
[22:54:52.659] |T| [open_file]: sceIoOpen: Opening file app0:d04.dat (ux0:/app/PCSG00634/d04.dat), fd: 0xd
[22:54:52.926] |I| [renderer::vulkan::PipelineCache::retrieve_shader]: Generating vulkan spv shader a6b45d36bae49e413e820fbbeffa929743374e539485e650246e4263e420db40
[22:54:52.926] |I| [renderer::load_shader_generic]: Generating vert.spv.txt shader a6b45d36bae49e413e820fbbeffa929743374e539485e650246e4263e420db40
[22:54:52.928] |D| [shader::create_parameters]: [BUFFER0  + 0] pa0 = (float4) IN_a_pos
[22:54:52.928] |D| [shader::create_parameters]: [BUFFER0  + 4] pa4 = (float4) IN_a_color
[22:54:52.929] |D| [shader::create_parameters]: [DEFAULT  + 0] sa0 = (float4) mtxMVP[4]
[22:54:52.930] |T| [shader::usse::USSERecompiler::compile_code_node]: Compiling code_0, size = 5
[22:54:52.937] |I| [renderer::vulkan::PipelineCache::retrieve_shader]: Generating vulkan spv shader 9e02ffde88790105ae6b11d87b558a080d3e41c03dfedf0752d8d0d9ef3d5034
[22:54:52.938] |I| [renderer::load_shader_generic]: Generating frag.spv.txt shader 9e02ffde88790105ae6b11d87b558a080d3e41c03dfedf0752d8d0d9ef3d5034
[22:54:52.943] |D| [shader::create_fragment_inputs]: Iterator: pa0 = (float4) v_Color0
[22:54:52.943] |T| [shader::usse::USSERecompiler::compile_code_node]: Compiling code_0, size = 2
[22:54:52.960] |I| [renderer::vulkan::PipelineCache::retrieve_shader]: Generating vulkan spv shader ddc28b6b1c3022586d809fcc4f509cee35ee5062382cebe15905ff438751ccce
[22:54:52.961] |I| [renderer::load_shader_generic]: Generating vert.spv.txt shader ddc28b6b1c3022586d809fcc4f509cee35ee5062382cebe15905ff438751ccce
[22:54:52.964] |D| [shader::create_parameters]: [BUFFER0  + 0] pa0 = (float4) IN_a_pos
[22:54:52.964] |D| [shader::create_parameters]: [BUFFER0  + 4] pa4 = (float4) IN_a_color
[22:54:52.965] |D| [shader::create_parameters]: [BUFFER0  + 8] pa8 = (float4) IN_a_uv0
[22:54:52.965] |D| [shader::create_parameters]: [DEFAULT  + 0] sa0 = (float4) mtxMVP[4]
[22:54:52.966] |T| [shader::usse::USSERecompiler::compile_code_node]: Compiling code_0, size = 5
[22:54:52.973] |I| [renderer::vulkan::PipelineCache::retrieve_shader]: Generating vulkan spv shader dc1df43fd34c5ecabe1369b8e9a038e0459ef509083f3b5ba218c767f7275a27
[22:54:52.974] |I| [renderer::load_shader_generic]: Generating frag.spv.txt shader dc1df43fd34c5ecabe1369b8e9a038e0459ef509083f3b5ba218c767f7275a27
[22:54:52.975] |D| [shader::create_fragment_inputs]: Iterator: pa0 = (float4) v_Color0
[22:54:52.975] |T| [shader::create_fragment_inputs]: pa4 = tex2D<float4>(tex0, TEXCOORD0.xy)
[22:54:52.976] |T| [shader::usse::USSERecompiler::compile_code_node]: Compiling code_0, size = 5
[22:54:53.041] |T| [close_file]: sceIoClose: Closing file fd: 0xd
[22:54:53.041] |I| [export_sceIoOpen]: Opening file: app0:d01.dat
[22:54:53.042] |T| [open_file]: sceIoOpen: Opening file app0:d01.dat (ux0:/app/PCSG00634/d01.dat), fd: 0xe
[22:54:53.213] |E| [open_file]: Missing file at C:/Users/ Othmane/AppData/Roaming/Vita3K/Vita3K/ux0/user/00/savedata/PCSG00634/SlotParam_0.bin (target path: savedata0:/SlotParam_0.bin)
[22:54:53.214] |W| [io_error_impl]: open_file (sceAppUtilSaveDataSlotGetParam) returned 0x80010002
[22:54:53.215] |E| [logging::ret_error_impl]: sceAppUtilSaveDataSlotGetParam returned SCE_APPUTIL_ERROR_SAVEDATA_SLOT_NOT_FOUND (0x80100641)
[22:54:53.223] |I| [export_sceIoOpen]: Opening file: savedata0:SYSTEM.BIN
[22:54:53.224] |E| [open_file]: Missing file at C:/Users/ Othmane/AppData/Roaming/Vita3K/Vita3K/ux0/user/00/savedata/PCSG00634/SYSTEM.BIN (target path: savedata0:SYSTEM.BIN)
[22:54:53.226] |W| [io_error_impl]: open_file (sceIoOpen) returned 0x80010002
[22:54:53.226] |I| [export_sceIoOpen]: Opening file: savedata0:GAME01.BIN
[22:54:53.227] |E| [open_file]: Missing file at C:/Users/ Othmane/AppData/Roaming/Vita3K/Vita3K/ux0/user/00/savedata/PCSG00634/GAME01.BIN (target path: savedata0:GAME01.BIN)
[22:54:53.228] |W| [io_error_impl]: open_file (sceIoOpen) returned 0x80010002
[22:54:53.228] |I| [export_sceIoOpen]: Opening file: savedata0:GAME02.BIN
[22:54:53.229] |E| [open_file]: Missing file at C:/Users/ Othmane/AppData/Roaming/Vita3K/Vita3K/ux0/user/00/savedata/PCSG00634/GAME02.BIN (target path: savedata0:GAME02.BIN)
[22:54:53.230] |W| [io_error_impl]: open_file (sceIoOpen) returned 0x80010002
[22:54:53.230] |I| [export_sceIoOpen]: Opening file: savedata0:GAME03.BIN
[22:54:53.231] |E| [open_file]: Missing file at C:/Users/ Othmane/AppData/Roaming/Vita3K/Vita3K/ux0/user/00/savedata/PCSG00634/GAME03.BIN (target path: savedata0:GAME03.BIN)
[22:54:53.231] |W| [io_error_impl]: open_file (sceIoOpen) returned 0x80010002
[22:54:53.232] |I| [export_sceIoOpen]: Opening file: savedata0:GAME04.BIN
[22:54:53.232] |E| [open_file]: Missing file at C:/Users/ Othmane/AppData/Roaming/Vita3K/Vita3K/ux0/user/00/savedata/PCSG00634/GAME04.BIN (target path: savedata0:GAME04.BIN)
[22:54:53.233] |W| [io_error_impl]: open_file (sceIoOpen) returned 0x80010002
[22:54:53.233] |I| [export_sceIoOpen]: Opening file: savedata0:GAME05.BIN
[22:54:53.234] |E| [open_file]: Missing file at C:/Users/ Othmane/AppData/Roaming/Vita3K/Vita3K/ux0/user/00/savedata/PCSG00634/GAME05.BIN (target path: savedata0:GAME05.BIN)
[22:54:53.235] |W| [io_error_impl]: open_file (sceIoOpen) returned 0x80010002
[22:54:53.240] |I| [export_sceIoOpen]: Opening file: savedata0:GAME06.BIN
[22:54:53.241] |E| [open_file]: Missing file at C:/Users/ Othmane/AppData/Roaming/Vita3K/Vita3K/ux0/user/00/savedata/PCSG00634/GAME06.BIN (target path: savedata0:GAME06.BIN)
[22:54:53.243] |W| [io_error_impl]: open_file (sceIoOpen) returned 0x80010002
[22:54:53.244] |I| [export_sceIoOpen]: Opening file: savedata0:GAME07.BIN
[22:54:53.244] |E| [open_file]: Missing file at C:/Users/ Othmane/AppData/Roaming/Vita3K/Vita3K/ux0/user/00/savedata/PCSG00634/GAME07.BIN (target path: savedata0:GAME07.BIN)
[22:54:53.245] |W| [io_error_impl]: open_file (sceIoOpen) returned 0x80010002
[22:54:53.246] |I| [export_sceIoOpen]: Opening file: savedata0:GAME08.BIN
[22:54:53.246] |E| [open_file]: Missing file at C:/Users/ Othmane/AppData/Roaming/Vita3K/Vita3K/ux0/user/00/savedata/PCSG00634/GAME08.BIN (target path: savedata0:GAME08.BIN)
[22:54:53.247] |W| [io_error_impl]: open_file (sceIoOpen) returned 0x80010002
[22:54:53.248] |I| [export_sceIoOpen]: Opening file: savedata0:GAME09.BIN
[22:54:53.248] |E| [open_file]: Missing file at C:/Users/ Othmane/AppData/Roaming/Vita3K/Vita3K/ux0/user/00/savedata/PCSG00634/GAME09.BIN (target path: savedata0:GAME09.BIN)
[22:54:53.249] |W| [io_error_impl]: open_file (sceIoOpen) returned 0x80010002
[22:54:53.250] |I| [export_sceIoOpen]: Opening file: savedata0:GAME10.BIN
[22:54:53.250] |E| [open_file]: Missing file at C:/Users/ Othmane/AppData/Roaming/Vita3K/Vita3K/ux0/user/00/savedata/PCSG00634/GAME10.BIN (target path: savedata0:GAME10.BIN)
[22:54:53.253] |W| [io_error_impl]: open_file (sceIoOpen) returned 0x80010002
[22:54:53.254] |I| [export_sceIoOpen]: Opening file: savedata0:GAME11.BIN
[22:54:53.254] |E| [open_file]: Missing file at C:/Users/ Othmane/AppData/Roaming/Vita3K/Vita3K/ux0/user/00/savedata/PCSG00634/GAME11.BIN (target path: savedata0:GAME11.BIN)
[22:54:53.255] |W| [io_error_impl]: open_file (sceIoOpen) returned 0x80010002
[22:54:53.257] |I| [export_sceIoOpen]: Opening file: savedata0:GAME12.BIN
[22:54:53.258] |E| [open_file]: Missing file at C:/Users/ Othmane/AppData/Roaming/Vita3K/Vita3K/ux0/user/00/savedata/PCSG00634/GAME12.BIN (target path: savedata0:GAME12.BIN)
[22:54:53.259] |W| [io_error_impl]: open_file (sceIoOpen) returned 0x80010002
[22:54:53.260] |I| [export_sceIoOpen]: Opening file: savedata0:GAME13.BIN
[22:54:53.260] |E| [open_file]: Missing file at C:/Users/ Othmane/AppData/Roaming/Vita3K/Vita3K/ux0/user/00/savedata/PCSG00634/GAME13.BIN (target path: savedata0:GAME13.BIN)
[22:54:53.262] |W| [io_error_impl]: open_file (sceIoOpen) returned 0x80010002
[22:54:53.303] |T| [open_file]: create_trophy_context: Opening file app0:/sce_sys/trophy/NPWR09021_00/TROPHY.TRP (ux0:/app/PCSG00634/sce_sys/trophy/NPWR09021_00/TROPHY.TRP), fd: 0xf
[22:54:53.305] |E| [open_file]: Missing file at C:/Users/ Othmane/AppData/Roaming/Vita3K/Vita3K/ux0/user/00/trophy/data/NPWR09021_00/TROPUSR.DAT (target path: ux0:/user/00/trophy/data/NPWR09021_00/TROPUSR.DAT)
[22:54:53.306] |W| [io_error_impl]: open_file (create_trophy_context) returned 0x80010002
[22:54:53.308] |T| [open_file]: install_trophy_context: Opening file ux0:/user/00/trophy/conf/NPWR09021_00/TROPCONF.SFM (ux0:/user/00/trophy/conf/NPWR09021_00/TROPCONF.SFM), fd: 0x10
[22:54:53.309] |T| [write_file]: install_trophy_context: Writing to fd: 0x10, size: 3341
[22:54:53.310] |T| [close_file]: install_trophy_context: Closing file fd: 0x10
[22:54:53.311] |T| [open_file]: install_trophy_context: Opening file ux0:/user/00/trophy/conf/NPWR09021_00/TROP.SFM (ux0:/user/00/trophy/conf/NPWR09021_00/TROP.SFM), fd: 0x11
[22:54:53.312] |T| [write_file]: install_trophy_context: Writing to fd: 0x11, size: 9706
[22:54:53.313] |T| [close_file]: install_trophy_context: Closing file fd: 0x11
[22:54:53.317] |T| [open_file]: install_trophy_context: Opening file ux0:/user/00/trophy/conf/NPWR09021_00/ICON0.PNG (ux0:/user/00/trophy/conf/NPWR09021_00/ICON0.PNG), fd: 0x12
[22:54:53.318] |T| [write_file]: install_trophy_context: Writing to fd: 0x12, size: 87088
[22:54:53.322] |T| [close_file]: install_trophy_context: Closing file fd: 0x12
[22:54:53.324] |T| [open_file]: install_trophy_context: Opening file ux0:/user/00/trophy/conf/NPWR09021_00/TROP000.PNG (ux0:/user/00/trophy/conf/NPWR09021_00/TROP000.PNG), fd: 0x13
[22:54:53.325] |T| [write_file]: install_trophy_context: Writing to fd: 0x13, size: 69016
[22:54:53.326] |T| [close_file]: install_trophy_context: Closing file fd: 0x13
[22:54:53.328] |T| [open_file]: install_trophy_context: Opening file ux0:/user/00/trophy/conf/NPWR09021_00/TROP001.PNG (ux0:/user/00/trophy/conf/NPWR09021_00/TROP001.PNG), fd: 0x14
[22:54:53.331] |T| [write_file]: install_trophy_context: Writing to fd: 0x14, size: 82770
[22:54:53.336] |T| [close_file]: install_trophy_context: Closing file fd: 0x14
[22:54:53.338] |T| [open_file]: install_trophy_context: Opening file ux0:/user/00/trophy/conf/NPWR09021_00/TROP002.PNG (ux0:/user/00/trophy/conf/NPWR09021_00/TROP002.PNG), fd: 0x15
[22:54:53.340] |T| [write_file]: install_trophy_context: Writing to fd: 0x15, size: 92164
[22:54:53.341] |T| [close_file]: install_trophy_context: Closing file fd: 0x15
[22:54:53.342] |T| [open_file]: install_trophy_context: Opening file ux0:/user/00/trophy/conf/NPWR09021_00/TROP003.PNG (ux0:/user/00/trophy/conf/NPWR09021_00/TROP003.PNG), fd: 0x16
[22:54:53.344] |T| [write_file]: install_trophy_context: Writing to fd: 0x16, size: 91751
[22:54:53.346] |T| [close_file]: install_trophy_context: Closing file fd: 0x16
[22:54:53.350] |T| [open_file]: install_trophy_context: Opening file ux0:/user/00/trophy/conf/NPWR09021_00/TROP004.PNG (ux0:/user/00/trophy/conf/NPWR09021_00/TROP004.PNG), fd: 0x17
[22:54:53.351] |T| [write_file]: install_trophy_context: Writing to fd: 0x17, size: 56713
[22:54:53.352] |T| [close_file]: install_trophy_context: Closing file fd: 0x17
[22:54:53.354] |T| [open_file]: install_trophy_context: Opening file ux0:/user/00/trophy/conf/NPWR09021_00/TROP005.PNG (ux0:/user/00/trophy/conf/NPWR09021_00/TROP005.PNG), fd: 0x18
[22:54:53.356] |T| [write_file]: install_trophy_context: Writing to fd: 0x18, size: 84918
[22:54:53.357] |T| [close_file]: install_trophy_context: Closing file fd: 0x18
[22:54:53.358] |T| [open_file]: install_trophy_context: Opening file ux0:/user/00/trophy/conf/NPWR09021_00/TROP006.PNG (ux0:/user/00/trophy/conf/NPWR09021_00/TROP006.PNG), fd: 0x19
[22:54:53.363] |T| [write_file]: install_trophy_context: Writing to fd: 0x19, size: 116982
[22:54:53.365] |T| [close_file]: install_trophy_context: Closing file fd: 0x19
[22:54:53.366] |T| [open_file]: install_trophy_context: Opening file ux0:/user/00/trophy/conf/NPWR09021_00/TROP007.PNG (ux0:/user/00/trophy/conf/NPWR09021_00/TROP007.PNG), fd: 0x1a
[22:54:53.368] |T| [write_file]: install_trophy_context: Writing to fd: 0x1a, size: 53298
[22:54:53.369] |T| [close_file]: install_trophy_context: Closing file fd: 0x1a
[22:54:53.371] |T| [open_file]: install_trophy_context: Opening file ux0:/user/00/trophy/conf/NPWR09021_00/TROP008.PNG (ux0:/user/00/trophy/conf/NPWR09021_00/TROP008.PNG), fd: 0x1b
[22:54:53.372] |T| [write_file]: install_trophy_context: Writing to fd: 0x1b, size: 97981
[22:54:53.372] |T| [close_file]: install_trophy_context: Closing file fd: 0x1b
[22:54:53.375] |T| [open_file]: install_trophy_context: Opening file ux0:/user/00/trophy/conf/NPWR09021_00/TROP009.PNG (ux0:/user/00/trophy/conf/NPWR09021_00/TROP009.PNG), fd: 0x1c
[22:54:53.379] |T| [write_file]: install_trophy_context: Writing to fd: 0x1c, size: 103188
[22:54:53.381] |T| [close_file]: install_trophy_context: Closing file fd: 0x1c
[22:54:53.383] |T| [open_file]: install_trophy_context: Opening file ux0:/user/00/trophy/conf/NPWR09021_00/TROP010.PNG (ux0:/user/00/trophy/conf/NPWR09021_00/TROP010.PNG), fd: 0x1d
[22:54:53.384] |T| [write_file]: install_trophy_context: Writing to fd: 0x1d, size: 72614
[22:54:53.384] |T| [close_file]: install_trophy_context: Closing file fd: 0x1d
[22:54:53.387] |T| [open_file]: install_trophy_context: Opening file ux0:/user/00/trophy/conf/NPWR09021_00/TROP011.PNG (ux0:/user/00/trophy/conf/NPWR09021_00/TROP011.PNG), fd: 0x1e
[22:54:53.389] |T| [write_file]: install_trophy_context: Writing to fd: 0x1e, size: 85936
[22:54:53.394] |T| [close_file]: install_trophy_context: Closing file fd: 0x1e
[22:54:53.397] |T| [open_file]: install_trophy_context: Opening file ux0:/user/00/trophy/conf/NPWR09021_00/TROP012.PNG (ux0:/user/00/trophy/conf/NPWR09021_00/TROP012.PNG), fd: 0x1f
[22:54:53.401] |T| [write_file]: install_trophy_context: Writing to fd: 0x1f, size: 84359
[22:54:53.402] |T| [close_file]: install_trophy_context: Closing file fd: 0x1f
[22:54:53.405] |T| [open_file]: install_trophy_context: Opening file ux0:/user/00/trophy/conf/NPWR09021_00/TROP013.PNG (ux0:/user/00/trophy/conf/NPWR09021_00/TROP013.PNG), fd: 0x20
[22:54:53.408] |T| [write_file]: install_trophy_context: Writing to fd: 0x20, size: 74119
[22:54:53.412] |T| [close_file]: install_trophy_context: Closing file fd: 0x20
[22:54:53.416] |T| [open_file]: install_trophy_context: Opening file ux0:/user/00/trophy/conf/NPWR09021_00/TROP014.PNG (ux0:/user/00/trophy/conf/NPWR09021_00/TROP014.PNG), fd: 0x21
[22:54:53.417] |T| [write_file]: install_trophy_context: Writing to fd: 0x21, size: 131261
[22:54:53.418] |T| [close_file]: install_trophy_context: Closing file fd: 0x21
[22:54:53.420] |T| [open_file]: install_trophy_context: Opening file ux0:/user/00/trophy/conf/NPWR09021_00/TROP015.PNG (ux0:/user/00/trophy/conf/NPWR09021_00/TROP015.PNG), fd: 0x22
[22:54:53.426] |T| [write_file]: install_trophy_context: Writing to fd: 0x22, size: 116630
[22:54:53.429] |T| [close_file]: install_trophy_context: Closing file fd: 0x22
[22:54:53.430] |T| [open_file]: install_trophy_context: Opening file ux0:/user/00/trophy/conf/NPWR09021_00/TROP016.PNG (ux0:/user/00/trophy/conf/NPWR09021_00/TROP016.PNG), fd: 0x23
[22:54:53.434] |T| [write_file]: install_trophy_context: Writing to fd: 0x23, size: 63249
[22:54:53.435] |T| [close_file]: install_trophy_context: Closing file fd: 0x23
[22:54:53.439] |T| [open_file]: install_trophy_context: Opening file ux0:/user/00/trophy/conf/NPWR09021_00/TROP017.PNG (ux0:/user/00/trophy/conf/NPWR09021_00/TROP017.PNG), fd: 0x24
[22:54:53.442] |T| [write_file]: install_trophy_context: Writing to fd: 0x24, size: 115205
[22:54:53.442] |T| [close_file]: install_trophy_context: Closing file fd: 0x24
[22:54:53.444] |T| [open_file]: install_trophy_context: Opening file ux0:/user/00/trophy/conf/NPWR09021_00/TROP018.PNG (ux0:/user/00/trophy/conf/NPWR09021_00/TROP018.PNG), fd: 0x25
[22:54:53.445] |T| [write_file]: install_trophy_context: Writing to fd: 0x25, size: 106178
[22:54:53.446] |T| [close_file]: install_trophy_context: Closing file fd: 0x25
[22:54:53.447] |T| [open_file]: install_trophy_context: Opening file ux0:/user/00/trophy/conf/NPWR09021_00/TROP019.PNG (ux0:/user/00/trophy/conf/NPWR09021_00/TROP019.PNG), fd: 0x26
[22:54:53.450] |T| [write_file]: install_trophy_context: Writing to fd: 0x26, size: 119719
[22:54:53.450] |T| [close_file]: install_trophy_context: Closing file fd: 0x26
[22:54:53.456] |T| [open_file]: install_trophy_context: Opening file ux0:/user/00/trophy/conf/NPWR09021_00/TROP020.PNG (ux0:/user/00/trophy/conf/NPWR09021_00/TROP020.PNG), fd: 0x27
[22:54:53.458] |T| [write_file]: install_trophy_context: Writing to fd: 0x27, size: 97886
[22:54:53.458] |T| [close_file]: install_trophy_context: Closing file fd: 0x27
[22:54:53.460] |T| [open_file]: install_trophy_context: Opening file ux0:/user/00/trophy/conf/NPWR09021_00/TROP021.PNG (ux0:/user/00/trophy/conf/NPWR09021_00/TROP021.PNG), fd: 0x28
[22:54:53.462] |T| [write_file]: install_trophy_context: Writing to fd: 0x28, size: 104561
[22:54:53.462] |T| [close_file]: install_trophy_context: Closing file fd: 0x28
[22:54:53.464] |T| [open_file]: install_trophy_context: Opening file ux0:/user/00/trophy/conf/NPWR09021_00/TROP022.PNG (ux0:/user/00/trophy/conf/NPWR09021_00/TROP022.PNG), fd: 0x29
[22:54:53.465] |T| [write_file]: install_trophy_context: Writing to fd: 0x29, size: 88369
[22:54:53.466] |T| [close_file]: install_trophy_context: Closing file fd: 0x29
[22:54:53.467] |T| [open_file]: install_trophy_context: Opening file ux0:/user/00/trophy/conf/NPWR09021_00/TROP023.PNG (ux0:/user/00/trophy/conf/NPWR09021_00/TROP023.PNG), fd: 0x2a
[22:54:53.473] |T| [write_file]: install_trophy_context: Writing to fd: 0x2a, size: 95134
[22:54:53.475] |T| [close_file]: install_trophy_context: Closing file fd: 0x2a
[22:54:53.477] |T| [open_file]: install_trophy_context: Opening file ux0:/user/00/trophy/conf/NPWR09021_00/TROP024.PNG (ux0:/user/00/trophy/conf/NPWR09021_00/TROP024.PNG), fd: 0x2b
[22:54:53.478] |T| [write_file]: install_trophy_context: Writing to fd: 0x2b, size: 93603
[22:54:53.479] |T| [close_file]: install_trophy_context: Closing file fd: 0x2b
[22:54:53.480] |T| [open_file]: install_trophy_context: Opening file ux0:/user/00/trophy/conf/NPWR09021_00/TROP025.PNG (ux0:/user/00/trophy/conf/NPWR09021_00/TROP025.PNG), fd: 0x2c
[22:54:53.486] |T| [write_file]: install_trophy_context: Writing to fd: 0x2c, size: 97326
[22:54:53.486] |T| [close_file]: install_trophy_context: Closing file fd: 0x2c
[22:54:53.490] |T| [open_file]: install_trophy_context: Opening file ux0:/user/00/trophy/conf/NPWR09021_00/TROP026.PNG (ux0:/user/00/trophy/conf/NPWR09021_00/TROP026.PNG), fd: 0x2d
[22:54:53.492] |T| [write_file]: install_trophy_context: Writing to fd: 0x2d, size: 75753
[22:54:53.492] |T| [close_file]: install_trophy_context: Closing file fd: 0x2d
[22:54:53.495] |T| [open_file]: install_trophy_context: Opening file ux0:/user/00/trophy/conf/NPWR09021_00/TROP027.PNG (ux0:/user/00/trophy/conf/NPWR09021_00/TROP027.PNG), fd: 0x2e
[22:54:53.496] |T| [write_file]: install_trophy_context: Writing to fd: 0x2e, size: 96656
[22:54:53.497] |T| [close_file]: install_trophy_context: Closing file fd: 0x2e
[22:54:53.499] |T| [open_file]: install_trophy_context: Opening file ux0:/user/00/trophy/conf/NPWR09021_00/TROP028.PNG (ux0:/user/00/trophy/conf/NPWR09021_00/TROP028.PNG), fd: 0x2f
[22:54:53.504] |T| [write_file]: install_trophy_context: Writing to fd: 0x2f, size: 71681
[22:54:53.505] |T| [close_file]: install_trophy_context: Closing file fd: 0x2f
[22:54:53.507] |T| [open_file]: install_trophy_context: Opening file ux0:/user/00/trophy/conf/NPWR09021_00/TROP029.PNG (ux0:/user/00/trophy/conf/NPWR09021_00/TROP029.PNG), fd: 0x30
[22:54:53.510] |T| [write_file]: install_trophy_context: Writing to fd: 0x30, size: 75044
[22:54:53.511] |T| [close_file]: install_trophy_context: Closing file fd: 0x30
[22:54:53.513] |T| [open_file]: install_trophy_context: Opening file ux0:/user/00/trophy/conf/NPWR09021_00/TROP030.PNG (ux0:/user/00/trophy/conf/NPWR09021_00/TROP030.PNG), fd: 0x31
[22:54:53.517] |T| [write_file]: install_trophy_context: Writing to fd: 0x31, size: 111809
[22:54:53.518] |T| [close_file]: install_trophy_context: Closing file fd: 0x31
[22:54:53.521] |T| [open_file]: install_trophy_context: Opening file ux0:/user/00/trophy/conf/NPWR09021_00/TROP031.PNG (ux0:/user/00/trophy/conf/NPWR09021_00/TROP031.PNG), fd: 0x32
[22:54:53.526] |T| [write_file]: install_trophy_context: Writing to fd: 0x32, size: 126092
[22:54:53.527] |T| [close_file]: install_trophy_context: Closing file fd: 0x32
[22:54:53.532] |T| [open_file]: install_trophy_context: Opening file ux0:/user/00/trophy/conf/NPWR09021_00/TROP032.PNG (ux0:/user/00/trophy/conf/NPWR09021_00/TROP032.PNG), fd: 0x33
[22:54:53.538] |T| [write_file]: install_trophy_context: Writing to fd: 0x33, size: 69162
[22:54:53.538] |T| [close_file]: install_trophy_context: Closing file fd: 0x33
[22:54:53.541] |T| [open_file]: install_trophy_context: Opening file ux0:/user/00/trophy/conf/NPWR09021_00/TROP033.PNG (ux0:/user/00/trophy/conf/NPWR09021_00/TROP033.PNG), fd: 0x34
[22:54:53.542] |T| [write_file]: install_trophy_context: Writing to fd: 0x34, size: 82055
[22:54:53.542] |T| [close_file]: install_trophy_context: Closing file fd: 0x34
[22:54:53.544] |T| [open_file]: install_trophy_context: Opening file ux0:/user/00/trophy/conf/NPWR09021_00/TROP034.PNG (ux0:/user/00/trophy/conf/NPWR09021_00/TROP034.PNG), fd: 0x35
[22:54:53.545] |T| [write_file]: install_trophy_context: Writing to fd: 0x35, size: 120032
[22:54:53.548] |T| [close_file]: install_trophy_context: Closing file fd: 0x35
[22:54:53.550] |T| [open_file]: install_trophy_context: Opening file ux0:/user/00/trophy/conf/NPWR09021_00/TROP035.PNG (ux0:/user/00/trophy/conf/NPWR09021_00/TROP035.PNG), fd: 0x36
[22:54:53.552] |T| [write_file]: install_trophy_context: Writing to fd: 0x36, size: 102293
[22:54:53.552] |T| [close_file]: install_trophy_context: Closing file fd: 0x36
[22:54:53.554] |T| [open_file]: install_trophy_context: Opening file ux0:/user/00/trophy/conf/NPWR09021_00/TROP036.PNG (ux0:/user/00/trophy/conf/NPWR09021_00/TROP036.PNG), fd: 0x37
[22:54:53.555] |T| [write_file]: install_trophy_context: Writing to fd: 0x37, size: 127224
[22:54:53.558] |T| [close_file]: install_trophy_context: Closing file fd: 0x37
[22:54:53.560] |T| [open_file]: install_trophy_context: Opening file ux0:/user/00/trophy/conf/NPWR09021_00/TROP037.PNG (ux0:/user/00/trophy/conf/NPWR09021_00/TROP037.PNG), fd: 0x38
[22:54:53.563] |T| [write_file]: install_trophy_context: Writing to fd: 0x38, size: 118437
[22:54:53.565] |T| [close_file]: install_trophy_context: Closing file fd: 0x38
[22:54:53.567] |T| [open_file]: install_trophy_context: Opening file ux0:/user/00/trophy/conf/NPWR09021_00/TROP038.PNG (ux0:/user/00/trophy/conf/NPWR09021_00/TROP038.PNG), fd: 0x39
[22:54:53.568] |T| [write_file]: install_trophy_context: Writing to fd: 0x39, size: 105245
[22:54:53.569] |T| [close_file]: install_trophy_context: Closing file fd: 0x39
[22:54:53.571] |T| [open_file]: install_trophy_context: Opening file ux0:/user/00/trophy/conf/NPWR09021_00/TROP039.PNG (ux0:/user/00/trophy/conf/NPWR09021_00/TROP039.PNG), fd: 0x3a
[22:54:53.572] |T| [write_file]: install_trophy_context: Writing to fd: 0x3a, size: 110485
[22:54:53.572] |T| [close_file]: install_trophy_context: Closing file fd: 0x3a
[22:54:53.574] |T| [open_file]: install_trophy_context: Opening file ux0:/user/00/trophy/conf/NPWR09021_00/TROP040.PNG (ux0:/user/00/trophy/conf/NPWR09021_00/TROP040.PNG), fd: 0x3b
[22:54:53.575] |T| [write_file]: install_trophy_context: Writing to fd: 0x3b, size: 112557
[22:54:53.579] |T| [close_file]: install_trophy_context: Closing file fd: 0x3b
[22:54:53.582] |T| [open_file]: install_trophy_context: Opening file ux0:/user/00/trophy/conf/NPWR09021_00/TROP041.PNG (ux0:/user/00/trophy/conf/NPWR09021_00/TROP041.PNG), fd: 0x3c
[22:54:53.583] |T| [write_file]: install_trophy_context: Writing to fd: 0x3c, size: 105931
[22:54:53.584] |T| [close_file]: install_trophy_context: Closing file fd: 0x3c
[22:54:53.586] |T| [open_file]: install_trophy_context: Opening file ux0:/user/00/trophy/conf/NPWR09021_00/TROP042.PNG (ux0:/user/00/trophy/conf/NPWR09021_00/TROP042.PNG), fd: 0x3d
[22:54:53.587] |T| [write_file]: install_trophy_context: Writing to fd: 0x3d, size: 108873
[22:54:53.588] |T| [close_file]: install_trophy_context: Closing file fd: 0x3d
[22:54:53.591] |T| [open_file]: install_trophy_context: Opening file ux0:/user/00/trophy/conf/NPWR09021_00/TROP043.PNG (ux0:/user/00/trophy/conf/NPWR09021_00/TROP043.PNG), fd: 0x3e
[22:54:53.594] |T| [write_file]: install_trophy_context: Writing to fd: 0x3e, size: 112333
[22:54:53.596] |T| [close_file]: install_trophy_context: Closing file fd: 0x3e
[22:54:53.599] |T| [open_file]: install_trophy_context: Opening file ux0:/user/00/trophy/conf/NPWR09021_00/TROP044.PNG (ux0:/user/00/trophy/conf/NPWR09021_00/TROP044.PNG), fd: 0x3f
[22:54:53.601] |T| [write_file]: install_trophy_context: Writing to fd: 0x3f, size: 112941
[22:54:53.601] |T| [close_file]: install_trophy_context: Closing file fd: 0x3f
[22:54:53.603] |T| [open_file]: install_trophy_context: Opening file ux0:/user/00/trophy/conf/NPWR09021_00/TROP045.PNG (ux0:/user/00/trophy/conf/NPWR09021_00/TROP045.PNG), fd: 0x40
[22:54:53.604] |T| [write_file]: install_trophy_context: Writing to fd: 0x40, size: 101827
[22:54:53.605] |T| [close_file]: install_trophy_context: Closing file fd: 0x40
[22:54:53.608] |T| [open_file]: install_trophy_context: Opening file ux0:/user/00/trophy/conf/NPWR09021_00/TROP046.PNG (ux0:/user/00/trophy/conf/NPWR09021_00/TROP046.PNG), fd: 0x41
[22:54:53.611] |T| [write_file]: install_trophy_context: Writing to fd: 0x41, size: 114059
[22:54:53.611] |T| [close_file]: install_trophy_context: Closing file fd: 0x41
[22:54:53.613] |T| [open_file]: install_trophy_context: Opening file ux0:/user/00/trophy/conf/NPWR09021_00/TROP047.PNG (ux0:/user/00/trophy/conf/NPWR09021_00/TROP047.PNG), fd: 0x42
[22:54:53.614] |T| [write_file]: install_trophy_context: Writing to fd: 0x42, size: 108183
[22:54:53.615] |T| [close_file]: install_trophy_context: Closing file fd: 0x42
[22:54:53.616] |T| [open_file]: install_trophy_context: Opening file ux0:/user/00/trophy/conf/NPWR09021_00/TROP048.PNG (ux0:/user/00/trophy/conf/NPWR09021_00/TROP048.PNG), fd: 0x43
[22:54:53.617] |T| [write_file]: install_trophy_context: Writing to fd: 0x43, size: 112996
[22:54:53.618] |T| [close_file]: install_trophy_context: Closing file fd: 0x43
[22:54:53.622] |T| [open_file]: install_trophy_context: Opening file ux0:/user/00/trophy/conf/NPWR09021_00/TROP049.PNG (ux0:/user/00/trophy/conf/NPWR09021_00/TROP049.PNG), fd: 0x44
[22:54:53.628] |T| [write_file]: install_trophy_context: Writing to fd: 0x44, size: 101510
[22:54:53.630] |T| [close_file]: install_trophy_context: Closing file fd: 0x44
[22:54:53.632] |T| [open_file]: install_trophy_context: Opening file ux0:/user/00/trophy/conf/NPWR09021_00/TROP050.PNG (ux0:/user/00/trophy/conf/NPWR09021_00/TROP050.PNG), fd: 0x45
[22:54:53.633] |T| [write_file]: install_trophy_context: Writing to fd: 0x45, size: 109680
[22:54:53.633] |T| [close_file]: install_trophy_context: Closing file fd: 0x45
[22:54:53.635] |T| [open_file]: install_trophy_context: Opening file ux0:/user/00/trophy/conf/NPWR09021_00/TROP051.PNG (ux0:/user/00/trophy/conf/NPWR09021_00/TROP051.PNG), fd: 0x46
[22:54:53.636] |T| [write_file]: install_trophy_context: Writing to fd: 0x46, size: 103524
[22:54:53.639] |T| [close_file]: install_trophy_context: Closing file fd: 0x46
[22:54:53.641] |T| [open_file]: install_trophy_context: Opening file ux0:/user/00/trophy/conf/NPWR09021_00/TROP052.PNG (ux0:/user/00/trophy/conf/NPWR09021_00/TROP052.PNG), fd: 0x47
[22:54:53.643] |T| [write_file]: install_trophy_context: Writing to fd: 0x47, size: 101723
[22:54:53.643] |T| [close_file]: install_trophy_context: Closing file fd: 0x47
[22:54:53.645] |T| [open_file]: save_trophy_progress: Opening file ux0:/user/00/trophy/data/NPWR09021_00/TROPUSR.DAT (ux0:/user/00/trophy/data/NPWR09021_00/TROPUSR.DAT), fd: 0x48
[22:54:53.646] |T| [write_file]: save_trophy_progress_file: Writing to fd: 0x48, size: 4
[22:54:53.647] |T| [write_file]: save_trophy_progress_file: Writing to fd: 0x48, size: 16
[22:54:53.648] |T| [write_file]: save_trophy_progress_file: Writing to fd: 0x48, size: 16
[22:54:53.649] |T| [write_file]: save_trophy_progress_file: Writing to fd: 0x48, size: 4
[22:54:53.649] |T| [write_file]: save_trophy_progress_file: Writing to fd: 0x48, size: 4
[22:54:53.650] |T| [write_file]: save_trophy_progress_file: Writing to fd: 0x48, size: 4
[22:54:53.651] |T| [write_file]: save_trophy_progress_file: Writing to fd: 0x48, size: 64
[22:54:53.654] |T| [write_file]: save_trophy_progress_file: Writing to fd: 0x48, size: 1024
[22:54:53.654] |T| [write_file]: save_trophy_progress_file: Writing to fd: 0x48, size: 512
[22:54:53.656] |T| [close_file]: save_trophy_progress_file: Closing file fd: 0x48
[22:54:53.657] |T| [export_sceNpTrophyCreateContext]: Trophy context for NPWR09021_00 create successfuly!
[22:54:53.658] |W| [stubbed_impl]: Stubbed sceNpTrophyCreateHandle import called. (Stubbed handle with 1)
[22:54:53.691] |W| [unimplemented_impl]: Unimplemented sceCommonDialogUpdate import called.
[22:54:55.957] |T| [close_file]: sceIoClose: Closing file fd: 0xe
[22:54:55.957] |I| [export_sceIoOpen]: Opening file: app0:d01.dat
[22:54:55.958] |T| [open_file]: sceIoOpen: Opening file app0:d01.dat (ux0:/app/PCSG00634/d01.dat), fd: 0x49
[22:54:56.142] |E| [open_file]: Missing file at C:/Users/ Othmane/AppData/Roaming/Vita3K/Vita3K/ux0/user/00/savedata/PCSG00634/SlotParam_0.bin (target path: savedata0:/SlotParam_0.bin)
[22:54:56.143] |W| [io_error_impl]: open_file (sceAppUtilSaveDataSlotGetParam) returned 0x80010002
[22:54:56.145] |T| [open_file]: sceAppUtilSaveDataDataSave: Opening file savedata0:/SYSTEM.BIN (ux0:/user/00/savedata/PCSG00634/SYSTEM.BIN), fd: 0x4a
[22:54:56.146] |T| [write_file]: sceAppUtilSaveDataDataSave: Writing to fd: 0x4a, size: 256
[22:54:56.147] |T| [close_file]: sceAppUtilSaveDataDataSave: Closing file fd: 0x4a
[22:54:56.147] |T| [open_file]: sceAppUtilSaveDataDataSave: Opening file savedata0:/SlotParam_0.bin (ux0:/user/00/savedata/PCSG00634/SlotParam_0.bin), fd: 0x4b
[22:54:56.148] |T| [write_file]: sceAppUtilSaveDataDataSave: Writing to fd: 0x4b, size: 844
[22:54:56.148] |T| [close_file]: sceAppUtilSaveDataDataSave: Closing file fd: 0x4b
[22:54:56.150] |T| [open_file]: sceAppUtilSaveDataDataSave: Opening file savedata0:/GAME01.BIN (ux0:/user/00/savedata/PCSG00634/GAME01.BIN), fd: 0x4c
[22:54:56.150] |T| [write_file]: sceAppUtilSaveDataDataSave: Writing to fd: 0x4c, size: 28608
[22:54:56.151] |T| [close_file]: sceAppUtilSaveDataDataSave: Closing file fd: 0x4c
[22:54:56.157] |T| [open_file]: sceAppUtilSaveDataDataSave: Opening file savedata0:/SlotParam_0.bin (ux0:/user/00/savedata/PCSG00634/SlotParam_0.bin), fd: 0x4d
[22:54:56.158] |T| [write_file]: sceAppUtilSaveDataDataSave: Writing to fd: 0x4d, size: 844
[22:54:56.158] |T| [close_file]: sceAppUtilSaveDataDataSave: Closing file fd: 0x4d
[22:54:56.162] |T| [open_file]: sceAppUtilSaveDataDataSave: Opening file savedata0:/GAME02.BIN (ux0:/user/00/savedata/PCSG00634/GAME02.BIN), fd: 0x4e
[22:54:56.163] |T| [write_file]: sceAppUtilSaveDataDataSave: Writing to fd: 0x4e, size: 28608
[22:54:56.163] |T| [close_file]: sceAppUtilSaveDataDataSave: Closing file fd: 0x4e
[22:54:56.164] |T| [open_file]: sceAppUtilSaveDataDataSave: Opening file savedata0:/SlotParam_0.bin (ux0:/user/00/savedata/PCSG00634/SlotParam_0.bin), fd: 0x4f
[22:54:56.165] |T| [write_file]: sceAppUtilSaveDataDataSave: Writing to fd: 0x4f, size: 844
[22:54:56.165] |T| [close_file]: sceAppUtilSaveDataDataSave: Closing file fd: 0x4f
[22:54:56.166] |T| [open_file]: sceAppUtilSaveDataDataSave: Opening file savedata0:/GAME03.BIN (ux0:/user/00/savedata/PCSG00634/GAME03.BIN), fd: 0x50
[22:54:56.167] |T| [write_file]: sceAppUtilSaveDataDataSave: Writing to fd: 0x50, size: 28608
[22:54:56.173] |T| [close_file]: sceAppUtilSaveDataDataSave: Closing file fd: 0x50
[22:54:56.174] |T| [open_file]: sceAppUtilSaveDataDataSave: Opening file savedata0:/SlotParam_0.bin (ux0:/user/00/savedata/PCSG00634/SlotParam_0.bin), fd: 0x51
[22:54:56.176] |T| [write_file]: sceAppUtilSaveDataDataSave: Writing to fd: 0x51, size: 844
[22:54:56.176] |T| [close_file]: sceAppUtilSaveDataDataSave: Closing file fd: 0x51
[22:54:56.177] |T| [open_file]: sceAppUtilSaveDataDataSave: Opening file savedata0:/GAME04.BIN (ux0:/user/00/savedata/PCSG00634/GAME04.BIN), fd: 0x52
[22:54:56.178] |T| [write_file]: sceAppUtilSaveDataDataSave: Writing to fd: 0x52, size: 28608
[22:54:56.178] |T| [close_file]: sceAppUtilSaveDataDataSave: Closing file fd: 0x52
[22:54:56.179] |T| [open_file]: sceAppUtilSaveDataDataSave: Opening file savedata0:/SlotParam_0.bin (ux0:/user/00/savedata/PCSG00634/SlotParam_0.bin), fd: 0x53
[22:54:56.180] |T| [write_file]: sceAppUtilSaveDataDataSave: Writing to fd: 0x53, size: 844
[22:54:56.180] |T| [close_file]: sceAppUtilSaveDataDataSave: Closing file fd: 0x53
[22:54:56.181] |T| [open_file]: sceAppUtilSaveDataDataSave: Opening file savedata0:/GAME05.BIN (ux0:/user/00/savedata/PCSG00634/GAME05.BIN), fd: 0x54
[22:54:56.182] |T| [write_file]: sceAppUtilSaveDataDataSave: Writing to fd: 0x54, size: 28608
[22:54:56.182] |T| [close_file]: sceAppUtilSaveDataDataSave: Closing file fd: 0x54
[22:54:56.183] |T| [open_file]: sceAppUtilSaveDataDataSave: Opening file savedata0:/SlotParam_0.bin (ux0:/user/00/savedata/PCSG00634/SlotParam_0.bin), fd: 0x55
[22:54:56.184] |T| [write_file]: sceAppUtilSaveDataDataSave: Writing to fd: 0x55, size: 844
[22:54:56.187] |T| [close_file]: sceAppUtilSaveDataDataSave: Closing file fd: 0x55
[22:54:56.189] |T| [open_file]: sceAppUtilSaveDataDataSave: Opening file savedata0:/GAME06.BIN (ux0:/user/00/savedata/PCSG00634/GAME06.BIN), fd: 0x56
[22:54:56.190] |T| [write_file]: sceAppUtilSaveDataDataSave: Writing to fd: 0x56, size: 28608
[22:54:56.191] |T| [close_file]: sceAppUtilSaveDataDataSave: Closing file fd: 0x56
[22:54:56.191] |T| [open_file]: sceAppUtilSaveDataDataSave: Opening file savedata0:/SlotParam_0.bin (ux0:/user/00/savedata/PCSG00634/SlotParam_0.bin), fd: 0x57
[22:54:56.192] |T| [write_file]: sceAppUtilSaveDataDataSave: Writing to fd: 0x57, size: 844
[22:54:56.193] |T| [close_file]: sceAppUtilSaveDataDataSave: Closing file fd: 0x57
[22:54:56.194] |T| [open_file]: sceAppUtilSaveDataDataSave: Opening file savedata0:/GAME07.BIN (ux0:/user/00/savedata/PCSG00634/GAME07.BIN), fd: 0x58
[22:54:56.195] |T| [write_file]: sceAppUtilSaveDataDataSave: Writing to fd: 0x58, size: 28608
[22:54:56.195] |T| [close_file]: sceAppUtilSaveDataDataSave: Closing file fd: 0x58
[22:54:56.196] |T| [open_file]: sceAppUtilSaveDataDataSave: Opening file savedata0:/SlotParam_0.bin (ux0:/user/00/savedata/PCSG00634/SlotParam_0.bin), fd: 0x59
[22:54:56.196] |T| [write_file]: sceAppUtilSaveDataDataSave: Writing to fd: 0x59, size: 844
[22:54:56.197] |T| [close_file]: sceAppUtilSaveDataDataSave: Closing file fd: 0x59
[22:54:56.198] |T| [open_file]: sceAppUtilSaveDataDataSave: Opening file savedata0:/GAME08.BIN (ux0:/user/00/savedata/PCSG00634/GAME08.BIN), fd: 0x5a
[22:54:56.198] |T| [write_file]: sceAppUtilSaveDataDataSave: Writing to fd: 0x5a, size: 28608
[22:54:56.198] |T| [close_file]: sceAppUtilSaveDataDataSave: Closing file fd: 0x5a
[22:54:56.199] |T| [open_file]: sceAppUtilSaveDataDataSave: Opening file savedata0:/SlotParam_0.bin (ux0:/user/00/savedata/PCSG00634/SlotParam_0.bin), fd: 0x5b
[22:54:56.202] |T| [write_file]: sceAppUtilSaveDataDataSave: Writing to fd: 0x5b, size: 844
[22:54:56.203] |T| [close_file]: sceAppUtilSaveDataDataSave: Closing file fd: 0x5b
[22:54:56.204] |T| [open_file]: sceAppUtilSaveDataDataSave: Opening file savedata0:/GAME09.BIN (ux0:/user/00/savedata/PCSG00634/GAME09.BIN), fd: 0x5c
[22:54:56.205] |T| [write_file]: sceAppUtilSaveDataDataSave: Writing to fd: 0x5c, size: 28608
[22:54:56.205] |T| [close_file]: sceAppUtilSaveDataDataSave: Closing file fd: 0x5c
[22:54:56.206] |T| [open_file]: sceAppUtilSaveDataDataSave: Opening file savedata0:/SlotParam_0.bin (ux0:/user/00/savedata/PCSG00634/SlotParam_0.bin), fd: 0x5d
[22:54:56.207] |T| [write_file]: sceAppUtilSaveDataDataSave: Writing to fd: 0x5d, size: 844
[22:54:56.207] |T| [close_file]: sceAppUtilSaveDataDataSave: Closing file fd: 0x5d
[22:54:56.209] |T| [open_file]: sceAppUtilSaveDataDataSave: Opening file savedata0:/GAME10.BIN (ux0:/user/00/savedata/PCSG00634/GAME10.BIN), fd: 0x5e
[22:54:56.210] |T| [write_file]: sceAppUtilSaveDataDataSave: Writing to fd: 0x5e, size: 28608
[22:54:56.211] |T| [close_file]: sceAppUtilSaveDataDataSave: Closing file fd: 0x5e
[22:54:56.212] |T| [open_file]: sceAppUtilSaveDataDataSave: Opening file savedata0:/SlotParam_0.bin (ux0:/user/00/savedata/PCSG00634/SlotParam_0.bin), fd: 0x5f
[22:54:56.212] |T| [write_file]: sceAppUtilSaveDataDataSave: Writing to fd: 0x5f, size: 844
[22:54:56.212] |T| [close_file]: sceAppUtilSaveDataDataSave: Closing file fd: 0x5f
[22:54:56.213] |T| [open_file]: sceAppUtilSaveDataDataSave: Opening file savedata0:/GAME11.BIN (ux0:/user/00/savedata/PCSG00634/GAME11.BIN), fd: 0x60
[22:54:56.214] |T| [write_file]: sceAppUtilSaveDataDataSave: Writing to fd: 0x60, size: 28608
[22:54:56.215] |T| [close_file]: sceAppUtilSaveDataDataSave: Closing file fd: 0x60
[22:54:56.215] |T| [open_file]: sceAppUtilSaveDataDataSave: Opening file savedata0:/SlotParam_0.bin (ux0:/user/00/savedata/PCSG00634/SlotParam_0.bin), fd: 0x61
[22:54:56.218] |T| [write_file]: sceAppUtilSaveDataDataSave: Writing to fd: 0x61, size: 844
[22:54:56.219] |T| [close_file]: sceAppUtilSaveDataDataSave: Closing file fd: 0x61
[22:54:56.221] |T| [open_file]: sceAppUtilSaveDataDataSave: Opening file savedata0:/GAME12.BIN (ux0:/user/00/savedata/PCSG00634/GAME12.BIN), fd: 0x62
[22:54:56.221] |T| [write_file]: sceAppUtilSaveDataDataSave: Writing to fd: 0x62, size: 28608
[22:54:56.222] |T| [close_file]: sceAppUtilSaveDataDataSave: Closing file fd: 0x62
[22:54:56.223] |T| [open_file]: sceAppUtilSaveDataDataSave: Opening file savedata0:/SlotParam_0.bin (ux0:/user/00/savedata/PCSG00634/SlotParam_0.bin), fd: 0x63
[22:54:56.223] |T| [write_file]: sceAppUtilSaveDataDataSave: Writing to fd: 0x63, size: 844
[22:54:56.224] |T| [close_file]: sceAppUtilSaveDataDataSave: Closing file fd: 0x63
[22:54:56.225] |T| [open_file]: sceAppUtilSaveDataDataSave: Opening file savedata0:/GAME13.BIN (ux0:/user/00/savedata/PCSG00634/GAME13.BIN), fd: 0x64
[22:54:56.225] |T| [write_file]: sceAppUtilSaveDataDataSave: Writing to fd: 0x64, size: 28608
[22:54:56.225] |T| [close_file]: sceAppUtilSaveDataDataSave: Closing file fd: 0x64
[22:54:56.226] |T| [open_file]: sceAppUtilSaveDataDataSave: Opening file savedata0:/SlotParam_0.bin (ux0:/user/00/savedata/PCSG00634/SlotParam_0.bin), fd: 0x65
[22:54:56.227] |T| [write_file]: sceAppUtilSaveDataDataSave: Writing to fd: 0x65, size: 844
[22:54:56.228] |T| [close_file]: sceAppUtilSaveDataDataSave: Closing file fd: 0x65
[22:54:56.256] |E| [logging::ret_error_impl]: _sceKernelWaitThreadEndCB returned SCE_KERNEL_ERROR_UNKNOWN_THREAD_ID (0x80028021)
[22:54:56.289] |W| [unimplemented_impl]: Unimplemented sceAppUtilSaveDataMount import called.
[22:54:56.321] |W| [unimplemented_impl]: Unimplemented sceAppUtilSaveDataUmount import called.
[22:54:56.368] |I| [export_sceIoOpen]: Opening file: app0:data/sound/adx/UGK2.acf
[22:54:56.378] |T| [open_file]: sceIoOpen: Opening file app0:data/sound/adx/UGK2.acf (ux0:/app/PCSG00634/data/sound/adx/UGK2.acf), fd: 0x66
[22:54:56.387] |T| [close_file]: sceIoClose: Closing file fd: 0x66
[22:54:56.394] |I| [export_sceIoOpen]: Opening file: app0:data/sound/adx/UGK2.acf
[22:54:56.395] |T| [open_file]: sceIoOpen: Opening file app0:data/sound/adx/UGK2.acf (ux0:/app/PCSG00634/data/sound/adx/UGK2.acf), fd: 0x67
[22:54:56.406] |T| [close_file]: sceIoClose: Closing file fd: 0x67
[22:54:56.453] |I| [export_sceIoOpen]: Opening file: app0:data/sound/adx/UGK_COMMON_SE.acb
[22:54:56.460] |T| [open_file]: sceIoOpen: Opening file app0:data/sound/adx/UGK_COMMON_SE.acb (ux0:/app/PCSG00634/data/sound/adx/UGK_COMMON_SE.acb), fd: 0x68
[22:54:56.461] |T| [close_file]: sceIoClose: Closing file fd: 0x68
[22:54:56.464] |I| [export_sceIoOpen]: Opening file: app0:data/sound/adx/UGK_COMMON_SE.acb
[22:54:56.464] |T| [open_file]: sceIoOpen: Opening file app0:data/sound/adx/UGK_COMMON_SE.acb (ux0:/app/PCSG00634/data/sound/adx/UGK_COMMON_SE.acb), fd: 0x69
[22:54:56.465] |T| [close_file]: sceIoClose: Closing file fd: 0x69
[22:54:56.487] |I| [export_sceIoOpen]: Opening file: app0:data/sound/adx/UGK_ADV_SE.acb
[22:54:56.496] |T| [open_file]: sceIoOpen: Opening file app0:data/sound/adx/UGK_ADV_SE.acb (ux0:/app/PCSG00634/data/sound/adx/UGK_ADV_SE.acb), fd: 0x6a
[22:54:56.498] |T| [close_file]: sceIoClose: Closing file fd: 0x6a
[22:54:56.503] |I| [export_sceIoOpen]: Opening file: app0:data/sound/adx/UGK_ADV_SE.acb
[22:54:56.503] |T| [open_file]: sceIoOpen: Opening file app0:data/sound/adx/UGK_ADV_SE.acb (ux0:/app/PCSG00634/data/sound/adx/UGK_ADV_SE.acb), fd: 0x6b
[22:54:56.514] |T| [close_file]: sceIoClose: Closing file fd: 0x6b
[22:54:56.525] |I| [export_sceIoOpen]: Opening file: app0:data/sound/adx/UGK_ADV_EVENT_SE.acb
[22:54:56.532] |T| [open_file]: sceIoOpen: Opening file app0:data/sound/adx/UGK_ADV_EVENT_SE.acb (ux0:/app/PCSG00634/data/sound/adx/UGK_ADV_EVENT_SE.acb), fd: 0x6c
[22:54:56.534] |T| [close_file]: sceIoClose: Closing file fd: 0x6c
[22:54:56.539] |I| [export_sceIoOpen]: Opening file: app0:data/sound/adx/UGK_ADV_EVENT_SE.acb
[22:54:56.539] |T| [open_file]: sceIoOpen: Opening file app0:data/sound/adx/UGK_ADV_EVENT_SE.acb (ux0:/app/PCSG00634/data/sound/adx/UGK_ADV_EVENT_SE.acb), fd: 0x6d
[22:54:56.550] |T| [close_file]: sceIoClose: Closing file fd: 0x6d
[22:54:56.562] |I| [export_sceIoOpen]: Opening file: app0:data/sound/adx/UGK_MENU_SE.acb
[22:54:56.568] |T| [open_file]: sceIoOpen: Opening file app0:data/sound/adx/UGK_MENU_SE.acb (ux0:/app/PCSG00634/data/sound/adx/UGK_MENU_SE.acb), fd: 0x6e
[22:54:56.569] |T| [close_file]: sceIoClose: Closing file fd: 0x6e
[22:54:56.571] |I| [export_sceIoOpen]: Opening file: app0:data/sound/adx/UGK_MENU_SE.acb
[22:54:56.571] |T| [open_file]: sceIoOpen: Opening file app0:data/sound/adx/UGK_MENU_SE.acb (ux0:/app/PCSG00634/data/sound/adx/UGK_MENU_SE.acb), fd: 0x6f
[22:54:56.572] |T| [close_file]: sceIoClose: Closing file fd: 0x6f
[22:54:56.585] |I| [export_sceIoOpen]: Opening file: app0:data/sound/adx/UGK_MENU_SE.awb
[22:54:56.593] |T| [open_file]: sceIoOpen: Opening file app0:data/sound/adx/UGK_MENU_SE.awb (ux0:/app/PCSG00634/data/sound/adx/UGK_MENU_SE.awb), fd: 0x70
[22:54:56.596] |I| [export_sceIoOpen]: Opening file: app0:data/sound/adx/UGK_BGM.acb
[22:54:56.601] |T| [open_file]: sceIoOpen: Opening file app0:data/sound/adx/UGK_BGM.acb (ux0:/app/PCSG00634/data/sound/adx/UGK_BGM.acb), fd: 0x71
[22:54:56.602] |T| [close_file]: sceIoClose: Closing file fd: 0x71
[22:54:56.604] |I| [export_sceIoOpen]: Opening file: app0:data/sound/adx/UGK_BGM.acb
[22:54:56.605] |T| [open_file]: sceIoOpen: Opening file app0:data/sound/adx/UGK_BGM.acb (ux0:/app/PCSG00634/data/sound/adx/UGK_BGM.acb), fd: 0x72
[22:54:56.605] |T| [close_file]: sceIoClose: Closing file fd: 0x72
[22:54:56.615] |I| [export_sceIoOpen]: Opening file: app0:data/sound/adx/UGK_BGM.awb
[22:54:56.623] |T| [open_file]: sceIoOpen: Opening file app0:data/sound/adx/UGK_BGM.awb (ux0:/app/PCSG00634/data/sound/adx/UGK_BGM.awb), fd: 0x73
[22:54:56.627] |I| [export_sceIoOpen]: Opening file: app0:data/sound/adx/UGK_BATTLE_RESULT.acb
[22:54:56.634] |T| [open_file]: sceIoOpen: Opening file app0:data/sound/adx/UGK_BATTLE_RESULT.acb (ux0:/app/PCSG00634/data/sound/adx/UGK_BATTLE_RESULT.acb), fd: 0x74
[22:54:56.636] |T| [close_file]: sceIoClose: Closing file fd: 0x74
[22:54:56.638] |I| [export_sceIoOpen]: Opening file: app0:data/sound/adx/UGK_BATTLE_RESULT.acb
[22:54:56.638] |T| [open_file]: sceIoOpen: Opening file app0:data/sound/adx/UGK_BATTLE_RESULT.acb (ux0:/app/PCSG00634/data/sound/adx/UGK_BATTLE_RESULT.acb), fd: 0x75
[22:54:56.640] |T| [close_file]: sceIoClose: Closing file fd: 0x75
[22:54:56.649] |I| [export_sceIoOpen]: Opening file: app0:data/sound/adx/UGK_TRAINING_VO.acb
[22:54:56.653] |T| [open_file]: sceIoOpen: Opening file app0:data/sound/adx/UGK_TRAINING_VO.acb (ux0:/app/PCSG00634/data/sound/adx/UGK_TRAINING_VO.acb), fd: 0x76
[22:54:56.655] |T| [close_file]: sceIoClose: Closing file fd: 0x76
[22:54:56.657] |I| [export_sceIoOpen]: Opening file: app0:data/sound/adx/UGK_TRAINING_VO.acb
[22:54:56.657] |T| [open_file]: sceIoOpen: Opening file app0:data/sound/adx/UGK_TRAINING_VO.acb (ux0:/app/PCSG00634/data/sound/adx/UGK_TRAINING_VO.acb), fd: 0x77
[22:54:56.660] |T| [close_file]: sceIoClose: Closing file fd: 0x77
[22:54:56.668] |I| [export_sceIoOpen]: Opening file: app0:data/sound/adx/UGK_TRAINING_VO.awb
[22:54:56.674] |T| [open_file]: sceIoOpen: Opening file app0:data/sound/adx/UGK_TRAINING_VO.awb (ux0:/app/PCSG00634/data/sound/adx/UGK_TRAINING_VO.awb), fd: 0x78
[22:54:56.677] |I| [export_sceIoOpen]: Opening file: app0:data/sound/adx/UGK_BOARDGAME.acb
[22:54:56.681] |T| [open_file]: sceIoOpen: Opening file app0:data/sound/adx/UGK_BOARDGAME.acb (ux0:/app/PCSG00634/data/sound/adx/UGK_BOARDGAME.acb), fd: 0x79
[22:54:56.684] |T| [close_file]: sceIoClose: Closing file fd: 0x79
[22:54:56.686] |I| [export_sceIoOpen]: Opening file: app0:data/sound/adx/UGK_BOARDGAME.acb
[22:54:56.687] |T| [open_file]: sceIoOpen: Opening file app0:data/sound/adx/UGK_BOARDGAME.acb (ux0:/app/PCSG00634/data/sound/adx/UGK_BOARDGAME.acb), fd: 0x7a
[22:54:56.689] |T| [close_file]: sceIoClose: Closing file fd: 0x7a
[22:54:56.696] |I| [export_sceIoOpen]: Opening file: app0:data/sound/adx/UGK_BOARDGAME.awb
[22:54:56.701] |T| [open_file]: sceIoOpen: Opening file app0:data/sound/adx/UGK_BOARDGAME.awb (ux0:/app/PCSG00634/data/sound/adx/UGK_BOARDGAME.awb), fd: 0x7b
[22:54:56.704] |I| [export_sceIoOpen]: Opening file: app0:data/sound/adx/UGK_BRIEFING_VO.acb
[22:54:56.710] |T| [open_file]: sceIoOpen: Opening file app0:data/sound/adx/UGK_BRIEFING_VO.acb (ux0:/app/PCSG00634/data/sound/adx/UGK_BRIEFING_VO.acb), fd: 0x7c
[22:54:56.711] |T| [close_file]: sceIoClose: Closing file fd: 0x7c
[22:54:56.713] |I| [export_sceIoOpen]: Opening file: app0:data/sound/adx/UGK_BRIEFING_VO.acb
[22:54:56.714] |T| [open_file]: sceIoOpen: Opening file app0:data/sound/adx/UGK_BRIEFING_VO.acb (ux0:/app/PCSG00634/data/sound/adx/UGK_BRIEFING_VO.acb), fd: 0x7d
[22:54:56.714] |T| [close_file]: sceIoClose: Closing file fd: 0x7d
[22:54:56.724] |I| [export_sceIoOpen]: Opening file: app0:data/sound/adx/UGK_BRIEFING_VO.awb
[22:54:56.729] |T| [open_file]: sceIoOpen: Opening file app0:data/sound/adx/UGK_BRIEFING_VO.awb (ux0:/app/PCSG00634/data/sound/adx/UGK_BRIEFING_VO.awb), fd: 0x7e
[22:54:56.733] |I| [export_sceIoOpen]: Opening file: app0:data/sound/adx/UGK_WHITEBOARD_VO.acb
[22:54:56.737] |T| [open_file]: sceIoOpen: Opening file app0:data/sound/adx/UGK_WHITEBOARD_VO.acb (ux0:/app/PCSG00634/data/sound/adx/UGK_WHITEBOARD_VO.acb), fd: 0x7f
[22:54:56.738] |T| [close_file]: sceIoClose: Closing file fd: 0x7f
[22:54:56.739] |I| [export_sceIoOpen]: Opening file: app0:data/sound/adx/UGK_WHITEBOARD_VO.acb
[22:54:56.739] |T| [open_file]: sceIoOpen: Opening file app0:data/sound/adx/UGK_WHITEBOARD_VO.acb (ux0:/app/PCSG00634/data/sound/adx/UGK_WHITEBOARD_VO.acb), fd: 0x80
[22:54:56.740] |T| [close_file]: sceIoClose: Closing file fd: 0x80
[22:54:56.750] |I| [export_sceIoOpen]: Opening file: app0:data/sound/adx/UGK_WHITEBOARD_VO.awb
[22:54:56.758] |T| [open_file]: sceIoOpen: Opening file app0:data/sound/adx/UGK_WHITEBOARD_VO.awb (ux0:/app/PCSG00634/data/sound/adx/UGK_WHITEBOARD_VO.awb), fd: 0x81
[22:54:56.760] |I| [export_sceIoOpen]: Opening file: app0:data/sound/adx/UGK_SHOP_VO.acb
[22:54:56.768] |T| [open_file]: sceIoOpen: Opening file app0:data/sound/adx/UGK_SHOP_VO.acb (ux0:/app/PCSG00634/data/sound/adx/UGK_SHOP_VO.acb), fd: 0x82
[22:54:56.771] |T| [close_file]: sceIoClose: Closing file fd: 0x82
[22:54:56.775] |I| [export_sceIoOpen]: Opening file: app0:data/sound/adx/UGK_SHOP_VO.acb
[22:54:56.775] |T| [open_file]: sceIoOpen: Opening file app0:data/sound/adx/UGK_SHOP_VO.acb (ux0:/app/PCSG00634/data/sound/adx/UGK_SHOP_VO.acb), fd: 0x83
[22:54:56.776] |T| [close_file]: sceIoClose: Closing file fd: 0x83
[22:54:56.785] |I| [export_sceIoOpen]: Opening file: app0:data/sound/adx/UGK_SHOP_VO.awb
[22:54:56.796] |T| [open_file]: sceIoOpen: Opening file app0:data/sound/adx/UGK_SHOP_VO.awb (ux0:/app/PCSG00634/data/sound/adx/UGK_SHOP_VO.awb), fd: 0x84
[22:54:56.798] |I| [export_sceIoOpen]: Opening file: app0:data/sound/adx/UGK_LABO_VO.acb
[22:54:56.806] |T| [open_file]: sceIoOpen: Opening file app0:data/sound/adx/UGK_LABO_VO.acb (ux0:/app/PCSG00634/data/sound/adx/UGK_LABO_VO.acb), fd: 0x85
[22:54:56.808] |T| [close_file]: sceIoClose: Closing file fd: 0x85
[22:54:56.812] |I| [export_sceIoOpen]: Opening file: app0:data/sound/adx/UGK_LABO_VO.acb
[22:54:56.813] |T| [open_file]: sceIoOpen: Opening file app0:data/sound/adx/UGK_LABO_VO.acb (ux0:/app/PCSG00634/data/sound/adx/UGK_LABO_VO.acb), fd: 0x86
[22:54:56.815] |T| [close_file]: sceIoClose: Closing file fd: 0x86
[22:54:56.823] |I| [export_sceIoOpen]: Opening file: app0:data/sound/adx/UGK_LABO_VO.awb
[22:54:56.833] |T| [open_file]: sceIoOpen: Opening file app0:data/sound/adx/UGK_LABO_VO.awb (ux0:/app/PCSG00634/data/sound/adx/UGK_LABO_VO.awb), fd: 0x87
[22:54:56.834] |I| [export_sceIoOpen]: Opening file: app0:data/sound/adx/UGK_ADV_PROLOGUE_FUKURAI.acb
[22:54:56.842] |T| [open_file]: sceIoOpen: Opening file app0:data/sound/adx/UGK_ADV_PROLOGUE_FUKURAI.acb (ux0:/app/PCSG00634/data/sound/adx/UGK_ADV_PROLOGUE_FUKURAI.acb), fd: 0x88
[22:54:56.843] |T| [close_file]: sceIoClose: Closing file fd: 0x88
[22:54:56.846] |I| [export_sceIoOpen]: Opening file: app0:data/sound/adx/UGK_ADV_PROLOGUE_FUKURAI.acb
[22:54:56.847] |T| [open_file]: sceIoOpen: Opening file app0:data/sound/adx/UGK_ADV_PROLOGUE_FUKURAI.acb (ux0:/app/PCSG00634/data/sound/adx/UGK_ADV_PROLOGUE_FUKURAI.acb), fd: 0x89
[22:54:56.848] |T| [close_file]: sceIoClose: Closing file fd: 0x89
[22:54:56.856] |I| [export_sceIoOpen]: Opening file: app0:data/sound/adx/UGK_ADV_PROLOGUE_FUKURAI.awb
[22:54:56.864] |T| [open_file]: sceIoOpen: Opening file app0:data/sound/adx/UGK_ADV_PROLOGUE_FUKURAI.awb (ux0:/app/PCSG00634/data/sound/adx/UGK_ADV_PROLOGUE_FUKURAI.awb), fd: 0x8a
[22:54:58.067] |T| [close_file]: sceIoClose: Closing file fd: 0x49
[22:54:58.068] |I| [export_sceIoOpen]: Opening file: app0:d04.dat
[22:54:58.071] |T| [open_file]: sceIoOpen: Opening file app0:d04.dat (ux0:/app/PCSG00634/d04.dat), fd: 0x8b
[22:55:11.100] |I| [ngs::PlayerModule::process]: The currently running game requests playback rate scaling when decoding audio. Audio might crackle.
[22:55:11.101] |W| [ngs::EqualizerModule::process]: Game is using unimplemented equalizer audio module
[22:55:11.101] |W| [ngs::EnvelopeModule::process]: Game is using unimplemented envelope audio module
[22:55:13.105] |T| [close_file]: sceIoClose: Closing file fd: 0x8b
[22:55:13.105] |I| [export_sceIoOpen]: Opening file: app0:d01.dat
[22:55:13.106] |T| [open_file]: sceIoOpen: Opening file app0:d01.dat (ux0:/app/PCSG00634/d01.dat), fd: 0x8c
[22:55:13.205] |T| [open_file]: sceAppUtilSaveDataSlotGetParam: Opening file savedata0:/SlotParam_0.bin (ux0:/user/00/savedata/PCSG00634/SlotParam_0.bin), fd: 0x8d
[22:55:13.206] |T| [close_file]: sceAppUtilSaveDataSlotGetParam: Closing file fd: 0x8d
[22:55:13.261] |T| [open_file]: sceAppUtilSaveDataSlotGetParam: Opening file savedata0:/SlotParam_0.bin (ux0:/user/00/savedata/PCSG00634/SlotParam_0.bin), fd: 0x8e
[22:55:13.262] |T| [close_file]: sceAppUtilSaveDataSlotGetParam: Closing file fd: 0x8e
[22:55:13.265] |T| [open_file]: sceAppUtilSaveDataDataSave: Opening file savedata0:/SYSTEM.BIN (ux0:/user/00/savedata/PCSG00634/SYSTEM.BIN), fd: 0x8f
[22:55:13.265] |T| [write_file]: sceAppUtilSaveDataDataSave: Writing to fd: 0x8f, size: 256
[22:55:13.266] |T| [close_file]: sceAppUtilSaveDataDataSave: Closing file fd: 0x8f
[22:55:13.267] |T| [open_file]: sceAppUtilSaveDataDataSave: Opening file savedata0:/SlotParam_0.bin (ux0:/user/00/savedata/PCSG00634/SlotParam_0.bin), fd: 0x90
[22:55:13.268] |T| [write_file]: sceAppUtilSaveDataDataSave: Writing to fd: 0x90, size: 844
[22:55:13.269] |T| [close_file]: sceAppUtilSaveDataDataSave: Closing file fd: 0x90
[22:55:13.343] |T| [close_file]: sceIoClose: Closing file fd: 0x8c
[22:55:13.344] |I| [export_sceIoOpen]: Opening file: app0:d04.dat
[22:55:13.345] |T| [open_file]: sceIoOpen: Opening file app0:d04.dat (ux0:/app/PCSG00634/d04.dat), fd: 0x91
[22:55:13.570] |T| [close_file]: sceIoClose: Closing file fd: 0x91
[22:55:13.570] |I| [export_sceIoOpen]: Opening file: app0:d03.dat
[22:55:13.582] |T| [open_file]: sceIoOpen: Opening file app0:d03.dat (ux0:/app/PCSG00634/d03.dat), fd: 0x92
[22:55:13.756] |T| [close_file]: sceIoClose: Closing file fd: 0x92
[22:55:13.757] |I| [export_sceIoOpen]: Opening file: app0:d03.dat
[22:55:13.758] |T| [open_file]: sceIoOpen: Opening file app0:d03.dat (ux0:/app/PCSG00634/d03.dat), fd: 0x93
[22:55:13.911] |I| [renderer::vulkan::PipelineCache::retrieve_shader]: Generating vulkan spv shader 7de6c0ae672757e506170d1ed4cc89246e31037718638887b2b15e7fe9330423
[22:55:13.913] |I| [renderer::load_shader_generic]: Generating vert.spv.txt shader 7de6c0ae672757e506170d1ed4cc89246e31037718638887b2b15e7fe9330423
[22:55:13.917] |D| [shader::create_parameters]: [BUFFER0  + 0] pa0 = (float4) a_uv0
[22:55:13.917] |D| [shader::create_parameters]: [BUFFER0  + 4] pa4 = (float4) a_nv
[22:55:13.918] |D| [shader::create_parameters]: [BUFFER0  + 8] pa8 = (float4) a_pos
[22:55:13.918] |D| [shader::create_parameters]: [DEFAULT  + 0] sa0 = (float4) mtxMVP[4]
[22:55:13.919] |D| [shader::create_parameters]: [DEFAULT  + 16] sa16 = (float4) mtxModelView[4]
[22:55:13.919] |D| [shader::create_parameters]: [DEFAULT  + 32] sa32 = (float4) materialColor
[22:55:13.920] |D| [shader::create_parameters]: [DEFAULT  + 36] sa36 = (float4) mtxTexture[32]
[22:55:13.921] |T| [shader::usse::USSERecompiler::compile_code_node]: Compiling code_0, size = 5
[22:55:13.924] |T| [shader::usse::USSERecompiler::compile_code_node]: Compiling code_0, size = 16
[22:55:13.949] |I| [renderer::vulkan::PipelineCache::retrieve_shader]: Generating vulkan spv shader f0eecf3be22b1ce0c3981a61ecc0577d5392e5537aa5f1d3a08b67781c915a7c
[22:55:13.951] |I| [renderer::load_shader_generic]: Generating frag.spv.txt shader f0eecf3be22b1ce0c3981a61ecc0577d5392e5537aa5f1d3a08b67781c915a7c
[22:55:13.954] |D| [shader::create_parameters]: [DEFAULT  + 0] sa0 = (float4) modulationColor
[22:55:13.954] |D| [shader::create_parameters]: [DEFAULT  + 4] sa4 = (float4) fogColor
[22:55:13.956] |D| [shader::create_parameters]: [DEFAULT  + 8] sa8 = (float4) fogParam
[22:55:13.956] |D| [shader::create_parameters]: [DEFAULT  + 12] sa12 = (float4) addColor
[22:55:13.957] |D| [shader::create_fragment_inputs]: Iterator: pa0 = (float4) v_Color0
[22:55:13.958] |T| [shader::create_fragment_inputs]: pa4 = tex2D<float4>(texSampler0, TEXCOORD0.xy)
[22:55:13.958] |D| [shader::create_fragment_inputs]: Iterator: pa8 = (float4) v_TexCoord7
[22:55:13.962] |T| [shader::usse::USSERecompiler::compile_code_node]: Compiling code_0, size = 3
[22:55:13.967] |T| [shader::usse::USSERecompiler::compile_code_node]: Compiling code_0, size = 4
[22:55:13.970] |T| [shader::usse::USSERecompiler::compile_code_node]: Compiling code_4, size = 1
[22:55:13.972] |T| [shader::usse::USSERecompiler::compile_code_node]: Compiling code_5, size = 21
[22:55:17.530] |T| [close_file]: sceIoClose: Closing file fd: 0x93
[22:55:17.531] |I| [export_sceIoOpen]: Opening file: app0:d02.dat
[22:55:17.546] |T| [open_file]: sceIoOpen: Opening file app0:d02.dat (ux0:/app/PCSG00634/d02.dat), fd: 0x94
[22:55:17.608] |I| [export_sceIoOpen]: Opening file: app0:data/sound/adx/UGK_ADV_VO_44.acb
[22:55:17.618] |T| [open_file]: sceIoOpen: Opening file app0:data/sound/adx/UGK_ADV_VO_44.acb (ux0:/app/PCSG00634/data/sound/adx/UGK_ADV_VO_44.acb), fd: 0x95
[22:55:17.622] |T| [close_file]: sceIoClose: Closing file fd: 0x95
[22:55:17.624] |I| [export_sceIoOpen]: Opening file: app0:data/sound/adx/UGK_ADV_VO_44.acb
[22:55:17.625] |T| [open_file]: sceIoOpen: Opening file app0:data/sound/adx/UGK_ADV_VO_44.acb (ux0:/app/PCSG00634/data/sound/adx/UGK_ADV_VO_44.acb), fd: 0x96
[22:55:17.628] |T| [close_file]: sceIoClose: Closing file fd: 0x96
[22:55:17.638] |T| [close_file]: sceIoClose: Closing file fd: 0x94
[22:55:17.639] |I| [export_sceIoOpen]: Opening file: app0:d01.dat
[22:55:17.640] |T| [open_file]: sceIoOpen: Opening file app0:d01.dat (ux0:/app/PCSG00634/d01.dat), fd: 0x97
[22:55:17.655] |T| [close_file]: sceIoClose: Closing file fd: 0x97
[22:55:17.656] |I| [export_sceIoOpen]: Opening file: app0:d05.dat
[22:55:17.657] |T| [open_file]: sceIoOpen: Opening file app0:d05.dat (ux0:/app/PCSG00634/d05.dat), fd: 0x98
[22:55:17.919] |T| [close_file]: sceIoClose: Closing file fd: 0x98
[22:55:17.920] |I| [export_sceIoOpen]: Opening file: app0:d04.dat
[22:55:17.921] |T| [open_file]: sceIoOpen: Opening file app0:d04.dat (ux0:/app/PCSG00634/d04.dat), fd: 0x99
[22:55:18.117] |T| [close_file]: sceIoClose: Closing file fd: 0x99
[22:55:18.118] |I| [export_sceIoOpen]: Opening file: app0:d04.dat
[22:55:18.119] |T| [open_file]: sceIoOpen: Opening file app0:d04.dat (ux0:/app/PCSG00634/d04.dat), fd: 0x9a
[22:55:20.183] |I| [export_sceIoOpen]: Opening file: app0:data/movie/event_00.usm
[22:55:20.193] |T| [open_file]: sceIoOpen: Opening file app0:data/movie/event_00.usm (ux0:/app/PCSG00634/data/movie/event_00.usm), fd: 0x9b
[22:55:20.544] |I| [renderer::vulkan::PipelineCache::retrieve_shader]: Generating vulkan spv shader e2a96a287debd196358dcc83cb3bb06a26958db8aaf26943dde0e9c639a4ff75
[22:55:20.545] |I| [renderer::load_shader_generic]: Generating vert.spv.txt shader e2a96a287debd196358dcc83cb3bb06a26958db8aaf26943dde0e9c639a4ff75
[22:55:20.550] |D| [shader::create_parameters]: [BUFFER0  + 0] pa0 = (float4) IN_a_pos
[22:55:20.551] |D| [shader::create_parameters]: [BUFFER0  + 4] pa4 = (float4) IN_a_uv0
[22:55:20.552] |D| [shader::create_parameters]: [DEFAULT  + 0] sa0 = (float4) mtxMVP[4]
[22:55:20.552] |D| [shader::create_parameters]: [DEFAULT  + 16] sa16 = (float4) mtxModelView[4]
[22:55:20.553] |T| [shader::usse::USSERecompiler::compile_code_node]: Compiling code_0, size = 6
[22:55:20.574] |I| [renderer::vulkan::PipelineCache::retrieve_shader]: Generating vulkan spv shader 20b202a91224176b239bb42fa362bf577838901eda7a8387ee6d8d57394e226b
[22:55:20.575] |I| [renderer::load_shader_generic]: Generating frag.spv.txt shader 20b202a91224176b239bb42fa362bf577838901eda7a8387ee6d8d57394e226b
[22:55:20.581] |T| [shader::create_fragment_inputs]: pa0 = tex2D<half4>(texSampler0, TEXCOORD1.xy)
[22:55:20.582] |T| [shader::usse::USSERecompiler::compile_code_node]: Compiling code_0, size = 2
[22:55:49.804] |T| [close_file]: sceIoClose: Closing file fd: 0x9a
[22:55:49.805] |I| [export_sceIoOpen]: Opening file: app0:d02.dat
[22:55:49.806] |T| [open_file]: sceIoOpen: Opening file app0:d02.dat (ux0:/app/PCSG00634/d02.dat), fd: 0x9c
[22:55:49.873] |I| [export_sceIoOpen]: Opening file: app0:data/sound/adx/UGK_ADV_VO_01.acb
[22:55:49.881] |T| [open_file]: sceIoOpen: Opening file app0:data/sound/adx/UGK_ADV_VO_01.acb (ux0:/app/PCSG00634/data/sound/adx/UGK_ADV_VO_01.acb), fd: 0x9d
[22:55:49.883] |T| [close_file]: sceIoClose: Closing file fd: 0x9d
[22:55:49.885] |I| [export_sceIoOpen]: Opening file: app0:data/sound/adx/UGK_ADV_VO_01.acb
[22:55:49.885] |T| [open_file]: sceIoOpen: Opening file app0:data/sound/adx/UGK_ADV_VO_01.acb (ux0:/app/PCSG00634/data/sound/adx/UGK_ADV_VO_01.acb), fd: 0x9e
[22:55:49.886] |T| [close_file]: sceIoClose: Closing file fd: 0x9e
[22:55:49.902] |I| [export_sceIoOpen]: Opening file: app0:data/sound/adx/UGK_ADV_VO_13.acb
[22:55:49.908] |T| [open_file]: sceIoOpen: Opening file app0:data/sound/adx/UGK_ADV_VO_13.acb (ux0:/app/PCSG00634/data/sound/adx/UGK_ADV_VO_13.acb), fd: 0x9f
[22:55:49.910] |T| [close_file]: sceIoClose: Closing file fd: 0x9f
[22:55:49.912] |I| [export_sceIoOpen]: Opening file: app0:data/sound/adx/UGK_ADV_VO_13.acb
[22:55:49.913] |T| [open_file]: sceIoOpen: Opening file app0:data/sound/adx/UGK_ADV_VO_13.acb (ux0:/app/PCSG00634/data/sound/adx/UGK_ADV_VO_13.acb), fd: 0xa0
[22:55:49.915] |T| [close_file]: sceIoClose: Closing file fd: 0xa0
[22:55:49.923] |I| [export_sceIoOpen]: Opening file: app0:data/sound/adx/UGK_ADV_VO_14.acb
[22:55:49.932] |T| [open_file]: sceIoOpen: Opening file app0:data/sound/adx/UGK_ADV_VO_14.acb (ux0:/app/PCSG00634/data/sound/adx/UGK_ADV_VO_14.acb), fd: 0xa1
[22:55:49.934] |T| [close_file]: sceIoClose: Closing file fd: 0xa1
[22:55:49.936] |I| [export_sceIoOpen]: Opening file: app0:data/sound/adx/UGK_ADV_VO_14.acb
[22:55:49.936] |T| [open_file]: sceIoOpen: Opening file app0:data/sound/adx/UGK_ADV_VO_14.acb (ux0:/app/PCSG00634/data/sound/adx/UGK_ADV_VO_14.acb), fd: 0xa2
[22:55:49.937] |T| [close_file]: sceIoClose: Closing file fd: 0xa2
[22:55:49.948] |I| [export_sceIoOpen]: Opening file: app0:data/sound/adx/UGK_ADV_VO_20.acb
[22:55:49.954] |T| [open_file]: sceIoOpen: Opening file app0:data/sound/adx/UGK_ADV_VO_20.acb (ux0:/app/PCSG00634/data/sound/adx/UGK_ADV_VO_20.acb), fd: 0xa3
[22:55:49.956] |T| [close_file]: sceIoClose: Closing file fd: 0xa3
[22:55:49.958] |I| [export_sceIoOpen]: Opening file: app0:data/sound/adx/UGK_ADV_VO_20.acb
[22:55:49.959] |T| [open_file]: sceIoOpen: Opening file app0:data/sound/adx/UGK_ADV_VO_20.acb (ux0:/app/PCSG00634/data/sound/adx/UGK_ADV_VO_20.acb), fd: 0xa4
[22:55:49.961] |T| [close_file]: sceIoClose: Closing file fd: 0xa4
[22:55:49.969] |I| [export_sceIoOpen]: Opening file: app0:data/sound/adx/UGK_ADV_VO_36.acb
[22:55:49.977] |T| [open_file]: sceIoOpen: Opening file app0:data/sound/adx/UGK_ADV_VO_36.acb (ux0:/app/PCSG00634/data/sound/adx/UGK_ADV_VO_36.acb), fd: 0xa5
[22:55:49.980] |T| [close_file]: sceIoClose: Closing file fd: 0xa5
[22:55:49.982] |I| [export_sceIoOpen]: Opening file: app0:data/sound/adx/UGK_ADV_VO_36.acb
[22:55:49.983] |T| [open_file]: sceIoOpen: Opening file app0:data/sound/adx/UGK_ADV_VO_36.acb (ux0:/app/PCSG00634/data/sound/adx/UGK_ADV_VO_36.acb), fd: 0xa6
[22:55:49.984] |T| [close_file]: sceIoClose: Closing file fd: 0xa6
[22:55:49.994] |I| [export_sceIoOpen]: Opening file: app0:data/sound/adx/UGK_ADV_VO_43.acb
[22:55:50.001] |T| [open_file]: sceIoOpen: Opening file app0:data/sound/adx/UGK_ADV_VO_43.acb (ux0:/app/PCSG00634/data/sound/adx/UGK_ADV_VO_43.acb), fd: 0xa7
[22:55:50.002] |T| [close_file]: sceIoClose: Closing file fd: 0xa7
[22:55:50.004] |I| [export_sceIoOpen]: Opening file: app0:data/sound/adx/UGK_ADV_VO_43.acb
[22:55:50.004] |T| [open_file]: sceIoOpen: Opening file app0:data/sound/adx/UGK_ADV_VO_43.acb (ux0:/app/PCSG00634/data/sound/adx/UGK_ADV_VO_43.acb), fd: 0xa8
[22:55:50.009] |T| [close_file]: sceIoClose: Closing file fd: 0xa8
[22:55:50.015] |I| [export_sceIoOpen]: Opening file: app0:data/sound/adx/UGK_ADV_VO_44.acb
[22:55:50.016] |T| [open_file]: sceIoOpen: Opening file app0:data/sound/adx/UGK_ADV_VO_44.acb (ux0:/app/PCSG00634/data/sound/adx/UGK_ADV_VO_44.acb), fd: 0xa9
[22:55:50.019] |T| [close_file]: sceIoClose: Closing file fd: 0xa9
[22:55:50.021] |I| [export_sceIoOpen]: Opening file: app0:data/sound/adx/UGK_ADV_VO_44.acb
[22:55:50.022] |T| [open_file]: sceIoOpen: Opening file app0:data/sound/adx/UGK_ADV_VO_44.acb (ux0:/app/PCSG00634/data/sound/adx/UGK_ADV_VO_44.acb), fd: 0xaa
[22:55:50.023] |T| [close_file]: sceIoClose: Closing file fd: 0xaa
[22:55:50.033] |I| [export_sceIoOpen]: Opening file: app0:data/sound/adx/UGK_ADV_VO_56.acb
[22:55:50.042] |T| [open_file]: sceIoOpen: Opening file app0:data/sound/adx/UGK_ADV_VO_56.acb (ux0:/app/PCSG00634/data/sound/adx/UGK_ADV_VO_56.acb), fd: 0xab
[22:55:50.044] |T| [close_file]: sceIoClose: Closing file fd: 0xab
[22:55:50.046] |I| [export_sceIoOpen]: Opening file: app0:data/sound/adx/UGK_ADV_VO_56.acb
[22:55:50.047] |T| [open_file]: sceIoOpen: Opening file app0:data/sound/adx/UGK_ADV_VO_56.acb (ux0:/app/PCSG00634/data/sound/adx/UGK_ADV_VO_56.acb), fd: 0xac
[22:55:50.049] |T| [close_file]: sceIoClose: Closing file fd: 0xac
[22:55:50.059] |T| [close_file]: sceIoClose: Closing file fd: 0x9c
[22:55:50.060] |I| [export_sceIoOpen]: Opening file: app0:d03.dat
[22:55:50.061] |T| [open_file]: sceIoOpen: Opening file app0:d03.dat (ux0:/app/PCSG00634/d03.dat), fd: 0xad
[22:55:50.073] |I| [renderer::vulkan::PipelineCache::save_pipeline_cache]: Saving pipeline cache...
[22:55:50.074] |I| [renderer::vulkan::PipelineCache::save_pipeline_cache]: Pipeline cache saved
[22:55:50.205] |T| [close_file]: sceIoClose: Closing file fd: 0xad
[22:55:50.205] |I| [export_sceIoOpen]: Opening file: app0:d03.dat
[22:55:50.206] |T| [open_file]: sceIoOpen: Opening file app0:d03.dat (ux0:/app/PCSG00634/d03.dat), fd: 0xae
[22:55:50.243] |T| [close_file]: sceIoClose: Closing file fd: 0xae
[22:55:50.244] |I| [export_sceIoOpen]: Opening file: app0:d03.dat
[22:55:50.245] |T| [open_file]: sceIoOpen: Opening file app0:d03.dat (ux0:/app/PCSG00634/d03.dat), fd: 0xaf
[22:55:50.422] |T| [close_file]: sceIoClose: Closing file fd: 0xaf
[22:55:50.423] |I| [export_sceIoOpen]: Opening file: app0:d03.dat
[22:55:50.424] |T| [open_file]: sceIoOpen: Opening file app0:d03.dat (ux0:/app/PCSG00634/d03.dat), fd: 0xb0
[22:55:50.461] |T| [close_file]: sceIoClose: Closing file fd: 0xb0
[22:55:50.462] |I| [export_sceIoOpen]: Opening file: app0:d03.dat
[22:55:50.463] |T| [open_file]: sceIoOpen: Opening file app0:d03.dat (ux0:/app/PCSG00634/d03.dat), fd: 0xb1
[22:55:50.538] |T| [close_file]: sceIoClose: Closing file fd: 0xb1
[22:55:50.538] |I| [export_sceIoOpen]: Opening file: app0:d03.dat
[22:55:50.540] |T| [open_file]: sceIoOpen: Opening file app0:d03.dat (ux0:/app/PCSG00634/d03.dat), fd: 0xb2
[22:55:50.592] |T| [close_file]: sceIoClose: Closing file fd: 0xb2
[22:55:50.593] |I| [export_sceIoOpen]: Opening file: app0:d03.dat
[22:55:50.594] |T| [open_file]: sceIoOpen: Opening file app0:d03.dat (ux0:/app/PCSG00634/d03.dat), fd: 0xb3
[22:55:50.739] |T| [close_file]: sceIoClose: Closing file fd: 0xb3
[22:55:50.739] |I| [export_sceIoOpen]: Opening file: app0:d03.dat
[22:55:50.740] |T| [open_file]: sceIoOpen: Opening file app0:d03.dat (ux0:/app/PCSG00634/d03.dat), fd: 0xb4
[22:55:50.774] |T| [close_file]: sceIoClose: Closing file fd: 0xb4
[22:55:50.774] |I| [export_sceIoOpen]: Opening file: app0:d03.dat
[22:55:50.776] |T| [open_file]: sceIoOpen: Opening file app0:d03.dat (ux0:/app/PCSG00634/d03.dat), fd: 0xb5
[22:55:50.924] |T| [close_file]: sceIoClose: Closing file fd: 0xb5
[22:55:50.925] |I| [export_sceIoOpen]: Opening file: app0:d03.dat
[22:55:50.927] |T| [open_file]: sceIoOpen: Opening file app0:d03.dat (ux0:/app/PCSG00634/d03.dat), fd: 0xb6
[22:55:50.956] |T| [close_file]: sceIoClose: Closing file fd: 0xb6
[22:55:50.957] |I| [export_sceIoOpen]: Opening file: app0:d03.dat
[22:55:50.959] |T| [open_file]: sceIoOpen: Opening file app0:d03.dat (ux0:/app/PCSG00634/d03.dat), fd: 0xb7
[22:55:51.108] |T| [close_file]: sceIoClose: Closing file fd: 0xb7
[22:55:51.108] |I| [export_sceIoOpen]: Opening file: app0:d03.dat
[22:55:51.109] |T| [open_file]: sceIoOpen: Opening file app0:d03.dat (ux0:/app/PCSG00634/d03.dat), fd: 0xb8
[22:55:51.160] |T| [close_file]: sceIoClose: Closing file fd: 0xb8
[22:55:51.160] |I| [export_sceIoOpen]: Opening file: app0:d03.dat
[22:55:51.163] |T| [open_file]: sceIoOpen: Opening file app0:d03.dat (ux0:/app/PCSG00634/d03.dat), fd: 0xb9
[22:55:51.339] |T| [close_file]: sceIoClose: Closing file fd: 0xb9
[22:55:51.339] |I| [export_sceIoOpen]: Opening file: app0:d03.dat
[22:55:51.341] |T| [open_file]: sceIoOpen: Opening file app0:d03.dat (ux0:/app/PCSG00634/d03.dat), fd: 0xba
[22:55:51.375] |T| [close_file]: sceIoClose: Closing file fd: 0xba
[22:55:51.376] |I| [export_sceIoOpen]: Opening file: app0:d03.dat
[22:55:51.379] |T| [open_file]: sceIoOpen: Opening file app0:d03.dat (ux0:/app/PCSG00634/d03.dat), fd: 0xbb
[22:55:51.490] |T| [close_file]: sceIoClose: Closing file fd: 0xbb
[22:55:51.490] |I| [export_sceIoOpen]: Opening file: app0:d03.dat
[22:55:51.491] |T| [open_file]: sceIoOpen: Opening file app0:d03.dat (ux0:/app/PCSG00634/d03.dat), fd: 0xbc
[22:55:51.525] |T| [close_file]: sceIoClose: Closing file fd: 0xbc
[22:55:51.525] |I| [export_sceIoOpen]: Opening file: app0:d01.dat
[22:55:51.526] |T| [open_file]: sceIoOpen: Opening file app0:d01.dat (ux0:/app/PCSG00634/d01.dat), fd: 0xbd
[22:55:51.605] |T| [close_file]: sceIoClose: Closing file fd: 0xbd
[22:55:51.606] |I| [export_sceIoOpen]: Opening file: app0:d01.dat
[22:55:51.608] |T| [open_file]: sceIoOpen: Opening file app0:d01.dat (ux0:/app/PCSG00634/d01.dat), fd: 0xbe
[22:55:51.711] |T| [close_file]: sceIoClose: Closing file fd: 0x9b
[22:55:52.194] |I| [export_sceIoOpen]: Opening file: app0:data/movie/subtitle_00.usm
[22:55:52.214] |T| [open_file]: sceIoOpen: Opening file app0:data/movie/subtitle_00.usm (ux0:/app/PCSG00634/data/movie/subtitle_00.usm), fd: 0xbf
[22:55:59.144] |T| [close_file]: sceIoClose: Closing file fd: 0xbf
[22:56:11.761] |I| [export_sceIoOpen]: Opening file: app0:data/movie/nagamine_default_a.usm
[22:56:11.779] |T| [open_file]: sceIoOpen: Opening file app0:data/movie/nagamine_default_a.usm (ux0:/app/PCSG00634/data/movie/nagamine_default_a.usm), fd: 0xc0
[22:56:12.023] |I| [renderer::vulkan::PipelineCache::retrieve_shader]: Generating vulkan spv shader 5de801a825ea1cd4f1bbf028c4e9f9a4d4d9250a5c96fddb7e7368c7875de25c
[22:56:12.024] |I| [renderer::load_shader_generic]: Generating vert.spv.txt shader 5de801a825ea1cd4f1bbf028c4e9f9a4d4d9250a5c96fddb7e7368c7875de25c
[22:56:12.025] |D| [shader::create_parameters]: [BUFFER0  + 0] pa0 = (float4) IN_a_pos
[22:56:12.025] |D| [shader::create_parameters]: [BUFFER0  + 4] pa4 = (float4) IN_a_uv0
[22:56:12.026] |D| [shader::create_parameters]: [DEFAULT  + 0] sa0 = (float4) mtxMVP[4]
[22:56:12.026] |D| [shader::create_parameters]: [DEFAULT  + 16] sa16 = (float4) mtxModelView[4]
[22:56:12.026] |T| [shader::usse::USSERecompiler::compile_code_node]: Compiling code_0, size = 6
[22:56:12.034] |I| [renderer::vulkan::PipelineCache::retrieve_shader]: Generating vulkan spv shader 6033e76a7f4a683dac22a25e8f406f00b59d10cd7fa46e25507fc76f7ee7de2d
[22:56:12.035] |I| [renderer::load_shader_generic]: Generating frag.spv.txt shader 6033e76a7f4a683dac22a25e8f406f00b59d10cd7fa46e25507fc76f7ee7de2d
[22:56:12.036] |T| [shader::create_fragment_inputs]: pa0 = tex2D<half4>(texSampler1, TEXCOORD1.xy)
[22:56:12.036] |T| [shader::create_fragment_inputs]: pa2 = tex2D<half4>(texSampler0, TEXCOORD1.xy)
[22:56:12.037] |I| [shader::make_frag_finalize_function]: Non zero pa offset: 2 at 6033e76a7f4a683dac22a25e8f406f00b59d10cd7fa46e25507fc76f7ee7de2d
[22:56:12.038] |T| [shader::usse::USSERecompiler::compile_code_node]: Compiling code_0, size = 2
[22:56:12.511] |T| [close_file]: sceIoClose: Closing file fd: 0xc0
[22:56:12.577] |I| [export_sceIoOpen]: Opening file: app0:data/movie/nagamine_surprise.usm
[22:56:12.586] |T| [open_file]: sceIoOpen: Opening file app0:data/movie/nagamine_surprise.usm (ux0:/app/PCSG00634/data/movie/nagamine_surprise.usm), fd: 0xc1
[22:56:16.050] |T| [close_file]: sceIoClose: Closing file fd: 0xc1
[22:56:16.117] |I| [export_sceIoOpen]: Opening file: app0:data/movie/nagamine_default_a.usm
[22:56:16.118] |T| [open_file]: sceIoOpen: Opening file app0:data/movie/nagamine_default_a.usm (ux0:/app/PCSG00634/data/movie/nagamine_default_a.usm), fd: 0xc2
[22:56:17.434] |T| [close_file]: sceIoClose: Closing file fd: 0xc2
[22:56:17.500] |I| [export_sceIoOpen]: Opening file: app0:data/movie/nagamine_default_b.usm
[22:56:17.510] |T| [open_file]: sceIoOpen: Opening file app0:data/movie/nagamine_default_b.usm (ux0:/app/PCSG00634/data/movie/nagamine_default_b.usm), fd: 0xc3
[22:56:18.800] |T| [close_file]: sceIoClose: Closing file fd: 0xc3
[22:56:18.901] |I| [export_sceIoOpen]: Opening file: app0:data/movie/nagamine_default_a.usm
[22:56:18.901] |T| [open_file]: sceIoOpen: Opening file app0:data/movie/nagamine_default_a.usm (ux0:/app/PCSG00634/data/movie/nagamine_default_a.usm), fd: 0xc4
[22:56:19.819] |I| [renderer::vulkan::PipelineCache::save_pipeline_cache]: Saving pipeline cache...
[22:56:19.820] |I| [renderer::vulkan::PipelineCache::save_pipeline_cache]: Pipeline cache saved
[22:56:19.823] |E| [discordrpc::update_presence::<lambda_1>::operator ()]: Error updating Discord Rich Presence, err_code: 43
