[00:06:36.530] |I| [config::init_config]: backend-renderer: Vulkan
[00:06:36.531] |I| [config::init_config]: log-level: 0
[00:06:36.776] |I| [SDL_main]: Vita3K v0.1.6 3020-a4ded14b
[00:06:36.776] |I| [SDL_main]: Number of logical CPU cores: 32
[00:06:36.776] |I| [SDL_main]: Available ram memory: 32648 MiB
[00:06:36.860] |I| [renderer::vulkan::VKState::create]: Vulkan device: NVIDIA GeForce RTX 3060 Ti
[00:06:36.860] |I| [renderer::vulkan::VKState::create]: Driver version: 528.2.0.0
[00:06:36.861] |I| [renderer::vulkan::VKState::create]: Memory mapping is enabled
[00:06:37.131] |I| [renderer::vulkan::ScreenRenderer::setup]: Present mode: Mailbox
[00:06:37.722] |W| [compat::load_compat_app_db]: App with title ID PCSH00143 has an issue but no status label. Please check GitHub issue 1218 and request a status label to be added.
[00:06:37.801] |I| [gui::load_app_icon]: Default icon found for App PTUD00000, [Title Update Downloader] in path PTUD00000.
[00:06:38.053] |I| [gui::load_app_icon]: Default icon found for App AF1A00001, [AF1A00001] in path AF1A00001.
[00:06:38.815] |I| [compat::update_compat_app_db]: Applications compatibility database is up to date.
[00:06:55.625] |I| [load_app_impl]: cpu-backend: Dynarmic
[00:06:55.625] |I| [load_app_impl]: CPU Optimisation state: true
[00:06:55.625] |I| [load_app_impl]: ngs state: true
[00:06:55.625] |I| [load_app_impl]: Resolution multiplier: 3
[00:06:55.627] |I| [load_app_impl]: 1 Controllers Connected
[00:06:55.627] |I| [load_app_impl]: Controller 0: PS4 Controller
[00:06:55.627] |I| [load_app_impl]: modules mode: Automatic
[00:06:55.627] |I| [load_app_impl]: Title: 不思議の幻想郷TOD -RELOADED-
[00:06:55.627] |I| [load_app_impl]: Serial: PCSG00985
[00:06:55.627] |I| [load_app_impl]: Version: 1.00
[00:06:55.627] |I| [load_app_impl]: Category: gd
[00:06:55.684] |I| [load_self]: app0:sce_module/libc.suprx: Skipping special segment 0x6FFFFF01...
[00:06:55.684] |I| [load_self]: Loaded module segment 0 @ [0x00005000 - 0x000568A4 / 0x81000000] (size: 0x000518A4) of module app0:sce_module/libc.suprx
[00:06:55.684] |I| [load_self]: Loaded module segment 1 @ [0x00057000 - 0x000598A0 / 0x81052000] (size: 0x000028A0) of module app0:sce_module/libc.suprx
[00:06:55.685] |I| [load_self]: Linking SELF app0:sce_module/libc.suprx...
[00:06:55.685] |D| [load_var_exports]: 	NID 0x936C8A78 (SYSLYB) at 0x4C314
[00:06:55.685] |D| [load_var_exports]: 	NID 0x6C2224BA (NID_MODULE_INFO) at 0x414DC
[00:06:55.686] |I| [pre_load_module]: Pre-load module SceLibc (at "sce_module/libc.suprx") loaded
[00:06:55.699] |I| [load_self]: app0:sce_module/libfios2.suprx: Skipping special segment 0x6FFFFF01...
[00:06:55.699] |I| [load_self]: Loaded module segment 0 @ [0x0005A000 - 0x00086CBF / 0x81000000] (size: 0x0002CCBF) of module app0:sce_module/libfios2.suprx
[00:06:55.700] |I| [load_self]: Loaded module segment 1 @ [0x00087000 - 0x0008C255 / 0x8102D000] (size: 0x00005255) of module app0:sce_module/libfios2.suprx
[00:06:55.701] |I| [load_self]: Linking SELF app0:sce_module/libfios2.suprx...
[00:06:55.702] |D| [load_var_exports]: 	NID 0x936C8A78 (SYSLYB) at 0x86BC8
[00:06:55.702] |D| [load_var_exports]: 	NID 0x6C2224BA (NID_MODULE_INFO) at 0x7DF08
[00:06:55.703] |I| [pre_load_module]: Pre-load module SceLibFios2 (at "sce_module/libfios2.suprx") loaded
[00:06:55.714] |I| [load_self]: app0:sce_module/libult.suprx: Skipping special segment 0x6FFFFF01...
[00:06:55.714] |I| [load_self]: Loaded module segment 0 @ [0x0008D000 - 0x000A09BC / 0x81000000] (size: 0x000139BC) of module app0:sce_module/libult.suprx
[00:06:55.715] |I| [load_self]: Loaded module segment 1 @ [0x000A1000 - 0x000A1814 / 0x81014000] (size: 0x00000814) of module app0:sce_module/libult.suprx
[00:06:55.716] |I| [load_self]: Linking SELF app0:sce_module/libult.suprx...
[00:06:55.716] |D| [load_var_exports]: 	NID 0x936C8A78 (SYSLYB) at 0x9F2E8
[00:06:55.717] |D| [load_var_exports]: 	NID 0x6C2224BA (NID_MODULE_INFO) at 0x9C870
[00:06:55.717] |I| [pre_load_module]: Pre-load module SceUlt (at "sce_module/libult.suprx") loaded
[00:06:55.725] |I| [load_self]: Loaded module segment 0 @ [0x000A2000 - 0x000F2F04 / 0x81000000] (size: 0x00050F04) of module vs0:sys/external/libSceFt2.suprx
[00:06:55.725] |I| [load_self]: Loaded module segment 1 @ [0x000F3000 - 0x000F32F4 / 0x81051000] (size: 0x000002F4) of module vs0:sys/external/libSceFt2.suprx
[00:06:55.726] |I| [load_self]: Linking SELF vs0:sys/external/libSceFt2.suprx...
[00:06:55.727] |D| [load_var_exports]: 	NID 0x936C8A78 (SYSLYB) at 0xDE7DC
[00:06:55.727] |D| [load_var_exports]: 	NID 0x6C2224BA (NID_MODULE_INFO) at 0xDDF10
[00:06:55.728] |I| [pre_load_module]: Pre-load module SceLibft2 (at "sys/external/libSceFt2.suprx") loaded
[00:06:55.730] |I| [load_self]: Loaded module segment 0 @ [0x000F4000 - 0x00103F14 / 0x81000000] (size: 0x0000FF14) of module vs0:sys/external/libpvf.suprx
[00:06:55.731] |I| [load_self]: Loaded module segment 1 @ [0x00104000 - 0x00104008 / 0x81010000] (size: 0x00000008) of module vs0:sys/external/libpvf.suprx
[00:06:55.732] |I| [load_self]: Linking SELF vs0:sys/external/libpvf.suprx...
[00:06:55.732] |D| [load_var_exports]: 	NID 0x936C8A78 (SYSLYB) at 0x102710
[00:06:55.733] |D| [load_var_exports]: 	NID 0x6C2224BA (NID_MODULE_INFO) at 0x102300
[00:06:55.733] |I| [pre_load_module]: Pre-load module SceLibPvf (at "sys/external/libpvf.suprx") loaded
[00:06:55.925] |I| [load_self]: app0:eboot.bin: Skipping special segment 0x6FFFFF01...
[00:06:55.926] |I| [load_self]: Loaded module segment 0 @ [0x00105000 - 0x006CFB50 / 0x81000000] (size: 0x005CAB50) of module app0:eboot.bin
[00:06:55.927] |I| [load_self]: Loaded module segment 1 @ [0x006D0000 - 0x007D1738 / 0x815CB000] (size: 0x00101738) of module app0:eboot.bin
[00:06:55.928] |I| [load_self]: Linking SELF app0:eboot.bin...
[00:06:55.928] |D| [load_var_exports]: 	NID 0x6C2224BA (NID_MODULE_INFO) at 0x5D0738
[00:06:55.928] |D| [load_var_exports]: 	NID 0x70FBA1E7 (SCE_PROC_PARAMS) at 0x7BD654
[00:06:55.929] |D| [load_var_exports]: 	NID 0x936C8A78 (SYSLYB) at 0x69F038
[00:06:55.930] |I| [load_app_impl]: Main executable eboot (eboot.bin) loaded
[00:06:55.946] |D| [run_app]: Running module_start of library: SceLibc at address 0x5871
[00:06:55.993] |T| [open_file]: sceKernelGetStdin: Opening terminal tty0:
[00:06:55.994] |T| [open_file]: sceKernelGetStdout: Opening terminal tty0:
[00:06:55.994] |T| [open_file]: sceKernelGetStderr: Opening terminal tty0:
[00:06:56.003] |I| [run_app]: Module SceLibc (at "app0:sce_module/libc.suprx") module_start returned 0x0
[00:06:56.008] |D| [run_app]: Running module_start of library: SceLibFios2 at address 0x5A001
[00:06:56.022] |W| [stubbed_impl]: Stubbed sceKernelGetProcessId import called. (pid: 0)
[00:06:56.023] |I| [run_app]: Module SceLibFios2 (at "app0:sce_module/libfios2.suprx") module_start returned 0x0
[00:06:56.027] |D| [run_app]: Running module_start of library: SceUlt at address 0x90771
[00:06:56.041] |W| [unimplemented_impl]: Unimplemented _sceUlobjMgrRegisterLibultProtocolRevision import called.
[00:06:56.042] |I| [run_app]: Module SceUlt (at "app0:sce_module/libult.suprx") module_start returned 0x0
[00:06:56.522] |W| [unimplemented_impl]: Unimplemented sceCoredumpRegisterCoredumpHandler import called.
[00:06:56.522] |W| [unimplemented_impl]: Unimplemented sceAppUtilInit import called.
[00:06:56.542] |I| [export_sceIoOpen]: Opening file: app0:metadata.json
[00:06:56.546] |T| [open_file]: sceIoOpen: Opening file app0:metadata.json (ux0:/app/PCSG00985/metadata.json), fd: 0x3
[00:06:56.546] |T| [close_file]: sceIoClose: Closing file fd: 0x3
[00:06:56.652] |T| [open_file]: create_trophy_context: Opening file app0:/sce_sys/trophy/NPWR12154_00/TROPHY.TRP (ux0:/app/PCSG00985/sce_sys/trophy/NPWR12154_00/TROPHY.TRP), fd: 0x4
[00:06:56.653] |E| [open_file]: Missing file at F:/vita3k/ux0/user/00/trophy/data/NPWR12154_00/TROPUSR.DAT (target path: ux0:/user/00/trophy/data/NPWR12154_00/TROPUSR.DAT)
[00:06:56.654] |W| [io_error_impl]: open_file (create_trophy_context) returned 0x80010002
[00:06:56.667] |T| [open_file]: install_trophy_context: Opening file ux0:/user/00/trophy/conf/NPWR12154_00/TROPCONF.SFM (ux0:/user/00/trophy/conf/NPWR12154_00/TROPCONF.SFM), fd: 0x5
[00:06:56.668] |T| [write_file]: install_trophy_context: Writing to fd: 0x5, size: 2928
[00:06:56.668] |T| [close_file]: install_trophy_context: Closing file fd: 0x5
[00:06:56.669] |T| [open_file]: install_trophy_context: Opening file ux0:/user/00/trophy/conf/NPWR12154_00/TROP.SFM (ux0:/user/00/trophy/conf/NPWR12154_00/TROP.SFM), fd: 0x6
[00:06:56.669] |T| [write_file]: install_trophy_context: Writing to fd: 0x6, size: 19679
[00:06:56.670] |T| [close_file]: install_trophy_context: Closing file fd: 0x6
[00:06:56.725] |T| [open_file]: install_trophy_context: Opening file ux0:/user/00/trophy/conf/NPWR12154_00/ICON0.PNG (ux0:/user/00/trophy/conf/NPWR12154_00/ICON0.PNG), fd: 0x7
[00:06:56.727] |T| [write_file]: install_trophy_context: Writing to fd: 0x7, size: 171499
[00:06:56.727] |T| [close_file]: install_trophy_context: Closing file fd: 0x7
[00:06:56.728] |T| [open_file]: install_trophy_context: Opening file ux0:/user/00/trophy/conf/NPWR12154_00/TROP000.PNG (ux0:/user/00/trophy/conf/NPWR12154_00/TROP000.PNG), fd: 0x8
[00:06:56.728] |T| [write_file]: install_trophy_context: Writing to fd: 0x8, size: 97544
[00:06:56.729] |T| [close_file]: install_trophy_context: Closing file fd: 0x8
[00:06:56.729] |T| [open_file]: install_trophy_context: Opening file ux0:/user/00/trophy/conf/NPWR12154_00/TROP001.PNG (ux0:/user/00/trophy/conf/NPWR12154_00/TROP001.PNG), fd: 0x9
[00:06:56.730] |T| [write_file]: install_trophy_context: Writing to fd: 0x9, size: 109465
[00:06:56.730] |T| [close_file]: install_trophy_context: Closing file fd: 0x9
[00:06:56.736] |T| [open_file]: install_trophy_context: Opening file ux0:/user/00/trophy/conf/NPWR12154_00/TROP002.PNG (ux0:/user/00/trophy/conf/NPWR12154_00/TROP002.PNG), fd: 0xA
[00:06:56.737] |T| [write_file]: install_trophy_context: Writing to fd: 0xA, size: 108170
[00:06:56.737] |T| [close_file]: install_trophy_context: Closing file fd: 0xA
[00:06:56.738] |T| [open_file]: install_trophy_context: Opening file ux0:/user/00/trophy/conf/NPWR12154_00/TROP003.PNG (ux0:/user/00/trophy/conf/NPWR12154_00/TROP003.PNG), fd: 0xB
[00:06:56.739] |T| [write_file]: install_trophy_context: Writing to fd: 0xB, size: 111468
[00:06:56.739] |T| [close_file]: install_trophy_context: Closing file fd: 0xB
[00:06:56.750] |T| [open_file]: install_trophy_context: Opening file ux0:/user/00/trophy/conf/NPWR12154_00/TROP004.PNG (ux0:/user/00/trophy/conf/NPWR12154_00/TROP004.PNG), fd: 0xC
[00:06:56.751] |T| [write_file]: install_trophy_context: Writing to fd: 0xC, size: 95083
[00:06:56.751] |T| [close_file]: install_trophy_context: Closing file fd: 0xC
[00:06:56.752] |T| [open_file]: install_trophy_context: Opening file ux0:/user/00/trophy/conf/NPWR12154_00/TROP005.PNG (ux0:/user/00/trophy/conf/NPWR12154_00/TROP005.PNG), fd: 0xD
[00:06:56.753] |T| [write_file]: install_trophy_context: Writing to fd: 0xD, size: 109253
[00:06:56.753] |T| [close_file]: install_trophy_context: Closing file fd: 0xD
[00:06:56.754] |T| [open_file]: install_trophy_context: Opening file ux0:/user/00/trophy/conf/NPWR12154_00/TROP006.PNG (ux0:/user/00/trophy/conf/NPWR12154_00/TROP006.PNG), fd: 0xE
[00:06:56.755] |T| [write_file]: install_trophy_context: Writing to fd: 0xE, size: 98014
[00:06:56.755] |T| [close_file]: install_trophy_context: Closing file fd: 0xE
[00:06:56.756] |T| [open_file]: install_trophy_context: Opening file ux0:/user/00/trophy/conf/NPWR12154_00/TROP007.PNG (ux0:/user/00/trophy/conf/NPWR12154_00/TROP007.PNG), fd: 0xF
[00:06:56.757] |T| [write_file]: install_trophy_context: Writing to fd: 0xF, size: 103622
[00:06:56.757] |T| [close_file]: install_trophy_context: Closing file fd: 0xF
[00:06:56.775] |T| [open_file]: install_trophy_context: Opening file ux0:/user/00/trophy/conf/NPWR12154_00/TROP008.PNG (ux0:/user/00/trophy/conf/NPWR12154_00/TROP008.PNG), fd: 0x10
[00:06:56.776] |T| [write_file]: install_trophy_context: Writing to fd: 0x10, size: 109767
[00:06:56.776] |T| [close_file]: install_trophy_context: Closing file fd: 0x10
[00:06:56.778] |T| [open_file]: install_trophy_context: Opening file ux0:/user/00/trophy/conf/NPWR12154_00/TROP009.PNG (ux0:/user/00/trophy/conf/NPWR12154_00/TROP009.PNG), fd: 0x11
[00:06:56.779] |T| [write_file]: install_trophy_context: Writing to fd: 0x11, size: 112075
[00:06:56.779] |T| [close_file]: install_trophy_context: Closing file fd: 0x11
[00:06:56.780] |T| [open_file]: install_trophy_context: Opening file ux0:/user/00/trophy/conf/NPWR12154_00/TROP010.PNG (ux0:/user/00/trophy/conf/NPWR12154_00/TROP010.PNG), fd: 0x12
[00:06:56.780] |T| [write_file]: install_trophy_context: Writing to fd: 0x12, size: 114586
[00:06:56.781] |T| [close_file]: install_trophy_context: Closing file fd: 0x12
[00:06:56.790] |T| [open_file]: install_trophy_context: Opening file ux0:/user/00/trophy/conf/NPWR12154_00/TROP011.PNG (ux0:/user/00/trophy/conf/NPWR12154_00/TROP011.PNG), fd: 0x13
[00:06:56.791] |T| [write_file]: install_trophy_context: Writing to fd: 0x13, size: 115698
[00:06:56.791] |T| [close_file]: install_trophy_context: Closing file fd: 0x13
[00:06:56.792] |T| [open_file]: install_trophy_context: Opening file ux0:/user/00/trophy/conf/NPWR12154_00/TROP012.PNG (ux0:/user/00/trophy/conf/NPWR12154_00/TROP012.PNG), fd: 0x14
[00:06:56.800] |T| [write_file]: install_trophy_context: Writing to fd: 0x14, size: 109599
[00:06:56.800] |T| [close_file]: install_trophy_context: Closing file fd: 0x14
[00:06:56.801] |T| [open_file]: install_trophy_context: Opening file ux0:/user/00/trophy/conf/NPWR12154_00/TROP013.PNG (ux0:/user/00/trophy/conf/NPWR12154_00/TROP013.PNG), fd: 0x15
[00:06:56.801] |T| [write_file]: install_trophy_context: Writing to fd: 0x15, size: 102061
[00:06:56.802] |T| [close_file]: install_trophy_context: Closing file fd: 0x15
[00:06:56.808] |T| [open_file]: install_trophy_context: Opening file ux0:/user/00/trophy/conf/NPWR12154_00/TROP014.PNG (ux0:/user/00/trophy/conf/NPWR12154_00/TROP014.PNG), fd: 0x16
[00:06:56.810] |T| [write_file]: install_trophy_context: Writing to fd: 0x16, size: 105357
[00:06:56.811] |T| [close_file]: install_trophy_context: Closing file fd: 0x16
[00:06:56.812] |T| [open_file]: install_trophy_context: Opening file ux0:/user/00/trophy/conf/NPWR12154_00/TROP015.PNG (ux0:/user/00/trophy/conf/NPWR12154_00/TROP015.PNG), fd: 0x17
[00:06:56.813] |T| [write_file]: install_trophy_context: Writing to fd: 0x17, size: 115598
[00:06:56.813] |T| [close_file]: install_trophy_context: Closing file fd: 0x17
[00:06:56.814] |T| [open_file]: install_trophy_context: Opening file ux0:/user/00/trophy/conf/NPWR12154_00/TROP016.PNG (ux0:/user/00/trophy/conf/NPWR12154_00/TROP016.PNG), fd: 0x18
[00:06:56.814] |T| [write_file]: install_trophy_context: Writing to fd: 0x18, size: 104460
[00:06:56.815] |T| [close_file]: install_trophy_context: Closing file fd: 0x18
[00:06:56.818] |T| [open_file]: install_trophy_context: Opening file ux0:/user/00/trophy/conf/NPWR12154_00/TROP017.PNG (ux0:/user/00/trophy/conf/NPWR12154_00/TROP017.PNG), fd: 0x19
[00:06:56.819] |T| [write_file]: install_trophy_context: Writing to fd: 0x19, size: 105295
[00:06:56.819] |T| [close_file]: install_trophy_context: Closing file fd: 0x19
[00:06:56.820] |T| [open_file]: install_trophy_context: Opening file ux0:/user/00/trophy/conf/NPWR12154_00/TROP018.PNG (ux0:/user/00/trophy/conf/NPWR12154_00/TROP018.PNG), fd: 0x1A
[00:06:56.821] |T| [write_file]: install_trophy_context: Writing to fd: 0x1A, size: 102893
[00:06:56.821] |T| [close_file]: install_trophy_context: Closing file fd: 0x1A
[00:06:56.822] |T| [open_file]: install_trophy_context: Opening file ux0:/user/00/trophy/conf/NPWR12154_00/TROP019.PNG (ux0:/user/00/trophy/conf/NPWR12154_00/TROP019.PNG), fd: 0x1B
[00:06:56.823] |T| [write_file]: install_trophy_context: Writing to fd: 0x1B, size: 111793
[00:06:56.823] |T| [close_file]: install_trophy_context: Closing file fd: 0x1B
[00:06:56.824] |T| [open_file]: install_trophy_context: Opening file ux0:/user/00/trophy/conf/NPWR12154_00/TROP020.PNG (ux0:/user/00/trophy/conf/NPWR12154_00/TROP020.PNG), fd: 0x1C
[00:06:56.829] |T| [write_file]: install_trophy_context: Writing to fd: 0x1C, size: 111244
[00:06:56.834] |T| [close_file]: install_trophy_context: Closing file fd: 0x1C
[00:06:56.834] |T| [open_file]: install_trophy_context: Opening file ux0:/user/00/trophy/conf/NPWR12154_00/TROP021.PNG (ux0:/user/00/trophy/conf/NPWR12154_00/TROP021.PNG), fd: 0x1D
[00:06:56.835] |T| [write_file]: install_trophy_context: Writing to fd: 0x1D, size: 109090
[00:06:56.835] |T| [close_file]: install_trophy_context: Closing file fd: 0x1D
[00:06:56.842] |T| [open_file]: install_trophy_context: Opening file ux0:/user/00/trophy/conf/NPWR12154_00/TROP022.PNG (ux0:/user/00/trophy/conf/NPWR12154_00/TROP022.PNG), fd: 0x1E
[00:06:56.843] |T| [write_file]: install_trophy_context: Writing to fd: 0x1E, size: 109418
[00:06:56.843] |T| [close_file]: install_trophy_context: Closing file fd: 0x1E
[00:06:56.844] |T| [open_file]: install_trophy_context: Opening file ux0:/user/00/trophy/conf/NPWR12154_00/TROP023.PNG (ux0:/user/00/trophy/conf/NPWR12154_00/TROP023.PNG), fd: 0x1F
[00:06:56.845] |T| [write_file]: install_trophy_context: Writing to fd: 0x1F, size: 115368
[00:06:56.845] |T| [close_file]: install_trophy_context: Closing file fd: 0x1F
[00:06:56.846] |T| [open_file]: install_trophy_context: Opening file ux0:/user/00/trophy/conf/NPWR12154_00/TROP024.PNG (ux0:/user/00/trophy/conf/NPWR12154_00/TROP024.PNG), fd: 0x20
[00:06:56.847] |T| [write_file]: install_trophy_context: Writing to fd: 0x20, size: 106681
[00:06:56.847] |T| [close_file]: install_trophy_context: Closing file fd: 0x20
[00:06:56.848] |T| [open_file]: install_trophy_context: Opening file ux0:/user/00/trophy/conf/NPWR12154_00/TROP025.PNG (ux0:/user/00/trophy/conf/NPWR12154_00/TROP025.PNG), fd: 0x21
[00:06:56.848] |T| [write_file]: install_trophy_context: Writing to fd: 0x21, size: 105298
[00:06:56.848] |T| [close_file]: install_trophy_context: Closing file fd: 0x21
[00:06:56.850] |T| [open_file]: install_trophy_context: Opening file ux0:/user/00/trophy/conf/NPWR12154_00/TROP026.PNG (ux0:/user/00/trophy/conf/NPWR12154_00/TROP026.PNG), fd: 0x22
[00:06:56.850] |T| [write_file]: install_trophy_context: Writing to fd: 0x22, size: 110716
[00:06:56.851] |T| [close_file]: install_trophy_context: Closing file fd: 0x22
[00:06:56.852] |T| [open_file]: install_trophy_context: Opening file ux0:/user/00/trophy/conf/NPWR12154_00/TROP027.PNG (ux0:/user/00/trophy/conf/NPWR12154_00/TROP027.PNG), fd: 0x23
[00:06:56.852] |T| [write_file]: install_trophy_context: Writing to fd: 0x23, size: 93241
[00:06:56.852] |T| [close_file]: install_trophy_context: Closing file fd: 0x23
[00:06:56.853] |T| [open_file]: install_trophy_context: Opening file ux0:/user/00/trophy/conf/NPWR12154_00/TROP028.PNG (ux0:/user/00/trophy/conf/NPWR12154_00/TROP028.PNG), fd: 0x24
[00:06:56.854] |T| [write_file]: install_trophy_context: Writing to fd: 0x24, size: 85801
[00:06:56.854] |T| [close_file]: install_trophy_context: Closing file fd: 0x24
[00:06:56.865] |T| [open_file]: install_trophy_context: Opening file ux0:/user/00/trophy/conf/NPWR12154_00/TROP029.PNG (ux0:/user/00/trophy/conf/NPWR12154_00/TROP029.PNG), fd: 0x25
[00:06:56.865] |T| [write_file]: install_trophy_context: Writing to fd: 0x25, size: 89856
[00:06:56.866] |T| [close_file]: install_trophy_context: Closing file fd: 0x25
[00:06:56.866] |T| [open_file]: install_trophy_context: Opening file ux0:/user/00/trophy/conf/NPWR12154_00/TROP030.PNG (ux0:/user/00/trophy/conf/NPWR12154_00/TROP030.PNG), fd: 0x26
[00:06:56.867] |T| [write_file]: install_trophy_context: Writing to fd: 0x26, size: 103724
[00:06:56.867] |T| [close_file]: install_trophy_context: Closing file fd: 0x26
[00:06:56.875] |T| [open_file]: install_trophy_context: Opening file ux0:/user/00/trophy/conf/NPWR12154_00/TROP031.PNG (ux0:/user/00/trophy/conf/NPWR12154_00/TROP031.PNG), fd: 0x27
[00:06:56.876] |T| [write_file]: install_trophy_context: Writing to fd: 0x27, size: 107555
[00:06:56.876] |T| [close_file]: install_trophy_context: Closing file fd: 0x27
[00:06:56.878] |T| [open_file]: install_trophy_context: Opening file ux0:/user/00/trophy/conf/NPWR12154_00/TROP032.PNG (ux0:/user/00/trophy/conf/NPWR12154_00/TROP032.PNG), fd: 0x28
[00:06:56.878] |T| [write_file]: install_trophy_context: Writing to fd: 0x28, size: 113328
[00:06:56.878] |T| [close_file]: install_trophy_context: Closing file fd: 0x28
[00:06:56.879] |T| [open_file]: install_trophy_context: Opening file ux0:/user/00/trophy/conf/NPWR12154_00/TROP033.PNG (ux0:/user/00/trophy/conf/NPWR12154_00/TROP033.PNG), fd: 0x29
[00:06:56.880] |T| [write_file]: install_trophy_context: Writing to fd: 0x29, size: 115845
[00:06:56.880] |T| [close_file]: install_trophy_context: Closing file fd: 0x29
[00:06:56.881] |T| [open_file]: install_trophy_context: Opening file ux0:/user/00/trophy/conf/NPWR12154_00/TROP034.PNG (ux0:/user/00/trophy/conf/NPWR12154_00/TROP034.PNG), fd: 0x2A
[00:06:56.882] |T| [write_file]: install_trophy_context: Writing to fd: 0x2A, size: 106942
[00:06:56.882] |T| [close_file]: install_trophy_context: Closing file fd: 0x2A
[00:06:56.909] |T| [open_file]: install_trophy_context: Opening file ux0:/user/00/trophy/conf/NPWR12154_00/TROP035.PNG (ux0:/user/00/trophy/conf/NPWR12154_00/TROP035.PNG), fd: 0x2B
[00:06:56.913] |T| [write_file]: install_trophy_context: Writing to fd: 0x2B, size: 96740
[00:06:56.913] |T| [close_file]: install_trophy_context: Closing file fd: 0x2B
[00:06:56.914] |T| [open_file]: install_trophy_context: Opening file ux0:/user/00/trophy/conf/NPWR12154_00/TROP036.PNG (ux0:/user/00/trophy/conf/NPWR12154_00/TROP036.PNG), fd: 0x2C
[00:06:56.915] |T| [write_file]: install_trophy_context: Writing to fd: 0x2C, size: 104186
[00:06:56.915] |T| [close_file]: install_trophy_context: Closing file fd: 0x2C
[00:06:56.916] |T| [open_file]: install_trophy_context: Opening file ux0:/user/00/trophy/conf/NPWR12154_00/TROP037.PNG (ux0:/user/00/trophy/conf/NPWR12154_00/TROP037.PNG), fd: 0x2D
[00:06:56.917] |T| [write_file]: install_trophy_context: Writing to fd: 0x2D, size: 117430
[00:06:56.917] |T| [close_file]: install_trophy_context: Closing file fd: 0x2D
[00:06:56.928] |T| [open_file]: install_trophy_context: Opening file ux0:/user/00/trophy/conf/NPWR12154_00/TROP038.PNG (ux0:/user/00/trophy/conf/NPWR12154_00/TROP038.PNG), fd: 0x2E
[00:06:56.929] |T| [write_file]: install_trophy_context: Writing to fd: 0x2E, size: 109662
[00:06:56.929] |T| [close_file]: install_trophy_context: Closing file fd: 0x2E
[00:06:56.930] |T| [open_file]: install_trophy_context: Opening file ux0:/user/00/trophy/conf/NPWR12154_00/TROP039.PNG (ux0:/user/00/trophy/conf/NPWR12154_00/TROP039.PNG), fd: 0x2F
[00:06:56.930] |T| [write_file]: install_trophy_context: Writing to fd: 0x2F, size: 100959
[00:06:56.931] |T| [close_file]: install_trophy_context: Closing file fd: 0x2F
[00:06:56.932] |T| [open_file]: install_trophy_context: Opening file ux0:/user/00/trophy/conf/NPWR12154_00/TROP040.PNG (ux0:/user/00/trophy/conf/NPWR12154_00/TROP040.PNG), fd: 0x30
[00:06:56.933] |T| [write_file]: install_trophy_context: Writing to fd: 0x30, size: 105898
[00:06:56.933] |T| [close_file]: install_trophy_context: Closing file fd: 0x30
[00:06:56.934] |T| [open_file]: install_trophy_context: Opening file ux0:/user/00/trophy/conf/NPWR12154_00/TROP041.PNG (ux0:/user/00/trophy/conf/NPWR12154_00/TROP041.PNG), fd: 0x31
[00:06:56.935] |T| [write_file]: install_trophy_context: Writing to fd: 0x31, size: 107418
[00:06:56.935] |T| [close_file]: install_trophy_context: Closing file fd: 0x31
[00:06:56.942] |T| [open_file]: install_trophy_context: Opening file ux0:/user/00/trophy/conf/NPWR12154_00/TROP042.PNG (ux0:/user/00/trophy/conf/NPWR12154_00/TROP042.PNG), fd: 0x32
[00:06:56.943] |T| [write_file]: install_trophy_context: Writing to fd: 0x32, size: 106253
[00:06:56.943] |T| [close_file]: install_trophy_context: Closing file fd: 0x32
[00:06:56.944] |T| [open_file]: install_trophy_context: Opening file ux0:/user/00/trophy/conf/NPWR12154_00/TROP043.PNG (ux0:/user/00/trophy/conf/NPWR12154_00/TROP043.PNG), fd: 0x33
[00:06:56.945] |T| [write_file]: install_trophy_context: Writing to fd: 0x33, size: 100135
[00:06:56.945] |T| [close_file]: install_trophy_context: Closing file fd: 0x33
[00:06:56.946] |T| [open_file]: install_trophy_context: Opening file ux0:/user/00/trophy/conf/NPWR12154_00/TROP044.PNG (ux0:/user/00/trophy/conf/NPWR12154_00/TROP044.PNG), fd: 0x34
[00:06:56.947] |T| [write_file]: install_trophy_context: Writing to fd: 0x34, size: 102550
[00:06:56.947] |T| [close_file]: install_trophy_context: Closing file fd: 0x34
[00:06:56.948] |T| [open_file]: save_trophy_progress: Opening file ux0:/user/00/trophy/data/NPWR12154_00/TROPUSR.DAT (ux0:/user/00/trophy/data/NPWR12154_00/TROPUSR.DAT), fd: 0x35
[00:06:56.948] |T| [write_file]: save_trophy_progress_file: Writing to fd: 0x35, size: 4
[00:06:56.949] |T| [write_file]: save_trophy_progress_file: Writing to fd: 0x35, size: 16
[00:06:56.949] |T| [write_file]: save_trophy_progress_file: Writing to fd: 0x35, size: 16
[00:06:56.950] |T| [write_file]: save_trophy_progress_file: Writing to fd: 0x35, size: 4
[00:06:56.950] |T| [write_file]: save_trophy_progress_file: Writing to fd: 0x35, size: 4
[00:06:56.951] |T| [write_file]: save_trophy_progress_file: Writing to fd: 0x35, size: 4
[00:06:56.951] |T| [write_file]: save_trophy_progress_file: Writing to fd: 0x35, size: 64
[00:06:56.951] |T| [write_file]: save_trophy_progress_file: Writing to fd: 0x35, size: 1024
[00:06:56.952] |T| [write_file]: save_trophy_progress_file: Writing to fd: 0x35, size: 512
[00:06:56.956] |T| [close_file]: save_trophy_progress_file: Closing file fd: 0x35
[00:06:56.956] |T| [export_sceNpTrophyCreateContext]: Trophy context for NPWR12154_00 create successfuly!
[00:06:56.957] |W| [stubbed_impl]: Stubbed sceNpTrophyCreateHandle import called. (Stubbed handle with 1)
[00:06:56.973] |W| [unimplemented_impl]: Unimplemented sceNpTusInit import called.
[00:06:57.050] |E| [stat_file]: Missing file at F:/vita3k/ux0/app/PCSG00985/mod/Reimu_Santa/font.cat (target path: app0:mod/Reimu_Santa/font.cat)
[00:06:57.051] |W| [io_error_impl]: stat_file (_sceIoGetstat) returned 0x80010002
[00:06:57.053] |E| [stat_file]: Missing file at F:/vita3k/ux0/app/PCSG00985/mod/Reimu_Santa/mapchip_procedural.cat (target path: app0:mod/Reimu_Santa/mapchip_procedural.cat)
[00:06:57.054] |W| [io_error_impl]: stat_file (_sceIoGetstat) returned 0x80010002
[00:06:57.054] |E| [stat_file]: Missing file at F:/vita3k/ux0/app/PCSG00985/mod/Reimu_Santa/mapchip_fixed.cat (target path: app0:mod/Reimu_Santa/mapchip_fixed.cat)
[00:06:57.055] |W| [io_error_impl]: stat_file (_sceIoGetstat) returned 0x80010002
[00:06:57.056] |E| [stat_file]: Missing file at F:/vita3k/ux0/app/PCSG00985/mod/Reimu_Santa/tiled_bin.dat (target path: app0:mod/Reimu_Santa/tiled_bin.dat)
[00:06:57.056] |W| [io_error_impl]: stat_file (_sceIoGetstat) returned 0x80010002
[00:06:57.057] |E| [stat_file]: Missing file at F:/vita3k/ux0/app/PCSG00985/mod/Reimu_Santa/floor_announce.cat (target path: app0:mod/Reimu_Santa/floor_announce.cat)
[00:06:57.058] |W| [io_error_impl]: stat_file (_sceIoGetstat) returned 0x80010002
[00:06:57.058] |E| [stat_file]: Missing file at F:/vita3k/ux0/app/PCSG00985/mod/Reimu_Santa/effects.cat (target path: app0:mod/Reimu_Santa/effects.cat)
[00:06:57.059] |W| [io_error_impl]: stat_file (_sceIoGetstat) returned 0x80010002
[00:06:57.059] |E| [stat_file]: Missing file at F:/vita3k/ux0/app/PCSG00985/mod/Reimu_Santa/cutin.cat (target path: app0:mod/Reimu_Santa/cutin.cat)
[00:06:57.060] |W| [io_error_impl]: stat_file (_sceIoGetstat) returned 0x80010002
[00:06:57.061] |E| [stat_file]: Missing file at F:/vita3k/ux0/app/PCSG00985/mod/Reimu_Santa/equip_weapon.cat (target path: app0:mod/Reimu_Santa/equip_weapon.cat)
[00:06:57.061] |W| [io_error_impl]: stat_file (_sceIoGetstat) returned 0x80010002
[00:06:57.062] |E| [stat_file]: Missing file at F:/vita3k/ux0/app/PCSG00985/mod/Reimu_Santa/equip_shield.cat (target path: app0:mod/Reimu_Santa/equip_shield.cat)
[00:06:57.063] |W| [io_error_impl]: stat_file (_sceIoGetstat) returned 0x80010002
[00:06:57.064] |E| [stat_file]: Missing file at F:/vita3k/ux0/app/PCSG00985/mod/Reimu_Santa/object_item.cat (target path: app0:mod/Reimu_Santa/object_item.cat)
[00:06:57.064] |W| [io_error_impl]: stat_file (_sceIoGetstat) returned 0x80010002
[00:06:57.069] |E| [stat_file]: Missing file at F:/vita3k/ux0/app/PCSG00985/mod/Reimu_Santa/object_landform.cat (target path: app0:mod/Reimu_Santa/object_landform.cat)
[00:06:57.069] |W| [io_error_impl]: stat_file (_sceIoGetstat) returned 0x80010002
[00:06:57.070] |E| [stat_file]: Missing file at F:/vita3k/ux0/app/PCSG00985/mod/Reimu_Santa/status_effects.cat (target path: app0:mod/Reimu_Santa/status_effects.cat)
[00:06:57.071] |W| [io_error_impl]: stat_file (_sceIoGetstat) returned 0x80010002
[00:06:57.071] |E| [stat_file]: Missing file at F:/vita3k/ux0/app/PCSG00985/mod/Reimu_Santa/menu_title.cat (target path: app0:mod/Reimu_Santa/menu_title.cat)
[00:06:57.072] |W| [io_error_impl]: stat_file (_sceIoGetstat) returned 0x80010002
[00:06:57.072] |E| [stat_file]: Missing file at F:/vita3k/ux0/app/PCSG00985/mod/Reimu_Santa/menu_dungeon.cat (target path: app0:mod/Reimu_Santa/menu_dungeon.cat)
[00:06:57.073] |W| [io_error_impl]: stat_file (_sceIoGetstat) returned 0x80010002
[00:06:57.074] |E| [stat_file]: Missing file at F:/vita3k/ux0/app/PCSG00985/mod/Reimu_Santa/menu_dictionary.cat (target path: app0:mod/Reimu_Santa/menu_dictionary.cat)
[00:06:57.074] |W| [io_error_impl]: stat_file (_sceIoGetstat) returned 0x80010002
[00:06:57.075] |E| [stat_file]: Missing file at F:/vita3k/ux0/app/PCSG00985/mod/Reimu_Santa/menu_resultimage.cat (target path: app0:mod/Reimu_Santa/menu_resultimage.cat)
[00:06:57.076] |W| [io_error_impl]: stat_file (_sceIoGetstat) returned 0x80010002
[00:06:57.076] |E| [stat_file]: Missing file at F:/vita3k/ux0/app/PCSG00985/mod/Reimu_Santa/bgm.snd (target path: app0:mod/Reimu_Santa/bgm.snd)
[00:06:57.077] |W| [io_error_impl]: stat_file (_sceIoGetstat) returned 0x80010002
[00:06:57.077] |E| [stat_file]: Missing file at F:/vita3k/ux0/app/PCSG00985/mod/Reimu_Santa/se.snd (target path: app0:mod/Reimu_Santa/se.snd)
[00:06:57.078] |W| [io_error_impl]: stat_file (_sceIoGetstat) returned 0x80010002
[00:06:57.079] |E| [stat_file]: Missing file at F:/vita3k/ux0/app/PCSG00985/mod/Reimu_Santa/jingle.snd (target path: app0:mod/Reimu_Santa/jingle.snd)
[00:06:57.080] |W| [io_error_impl]: stat_file (_sceIoGetstat) returned 0x80010002
[00:06:57.080] |E| [stat_file]: Missing file at F:/vita3k/ux0/app/PCSG00985/mod/Reimu_Santa/voice.snd (target path: app0:mod/Reimu_Santa/voice.snd)
[00:06:57.085] |W| [io_error_impl]: stat_file (_sceIoGetstat) returned 0x80010002
[00:06:57.085] |E| [stat_file]: Missing file at F:/vita3k/ux0/app/PCSG00985/mod/Reimu_Santa/movies.mov (target path: app0:mod/Reimu_Santa/movies.mov)
[00:06:57.086] |W| [io_error_impl]: stat_file (_sceIoGetstat) returned 0x80010002
[00:06:57.087] |E| [stat_file]: Missing file at F:/vita3k/ux0/app/PCSG00985/mod/Reimu_Santa/actor.spk (target path: app0:mod/Reimu_Santa/actor.spk)
[00:06:57.088] |W| [io_error_impl]: stat_file (_sceIoGetstat) returned 0x80010002
[00:06:57.088] |E| [stat_file]: Missing file at F:/vita3k/ux0/app/PCSG00985/mod/Reimu_Santa/item_desc.spk (target path: app0:mod/Reimu_Santa/item_desc.spk)
[00:06:57.089] |W| [io_error_impl]: stat_file (_sceIoGetstat) returned 0x80010002
[00:06:57.089] |E| [stat_file]: Missing file at F:/vita3k/ux0/app/PCSG00985/mod/Reimu_Santa/library.spk (target path: app0:mod/Reimu_Santa/library.spk)
[00:06:57.090] |W| [io_error_impl]: stat_file (_sceIoGetstat) returned 0x80010002
[00:06:57.091] |E| [stat_file]: Missing file at F:/vita3k/ux0/app/PCSG00985/mod/Reimu_Santa/Dictionary.spk (target path: app0:mod/Reimu_Santa/Dictionary.spk)
[00:06:57.091] |W| [io_error_impl]: stat_file (_sceIoGetstat) returned 0x80010002
[00:06:57.092] |E| [stat_file]: Missing file at F:/vita3k/ux0/app/PCSG00985/mod/Reimu_Santa/animation.spk (target path: app0:mod/Reimu_Santa/animation.spk)
[00:06:57.093] |W| [io_error_impl]: stat_file (_sceIoGetstat) returned 0x80010002
[00:06:57.093] |E| [stat_file]: Missing file at F:/vita3k/ux0/app/PCSG00985/mod/Reimu_Santa/dungeon.spk (target path: app0:mod/Reimu_Santa/dungeon.spk)
[00:06:57.094] |W| [io_error_impl]: stat_file (_sceIoGetstat) returned 0x80010002
[00:06:57.094] |E| [stat_file]: Missing file at F:/vita3k/ux0/app/PCSG00985/mod/Reimu_Santa/extend_font_character.spk (target path: app0:mod/Reimu_Santa/extend_font_character.spk)
[00:06:57.095] |W| [io_error_impl]: stat_file (_sceIoGetstat) returned 0x80010002
[00:06:57.096] |E| [stat_file]: Missing file at F:/vita3k/ux0/app/PCSG00985/mod/Reimu_Santa/text.cat (target path: app0:mod/Reimu_Santa/text.cat)
[00:06:57.101] |W| [io_error_impl]: stat_file (_sceIoGetstat) returned 0x80010002
[00:06:57.102] |E| [stat_file]: Missing file at F:/vita3k/ux0/app/PCSG00985/mod/Reimu_R/font.cat (target path: app0:mod/Reimu_R/font.cat)
[00:06:57.102] |W| [io_error_impl]: stat_file (_sceIoGetstat) returned 0x80010002
[00:06:57.103] |E| [stat_file]: Missing file at F:/vita3k/ux0/app/PCSG00985/mod/Reimu_R/mapchip_procedural.cat (target path: app0:mod/Reimu_R/mapchip_procedural.cat)
[00:06:57.103] |W| [io_error_impl]: stat_file (_sceIoGetstat) returned 0x80010002
[00:06:57.104] |E| [stat_file]: Missing file at F:/vita3k/ux0/app/PCSG00985/mod/Reimu_R/mapchip_fixed.cat (target path: app0:mod/Reimu_R/mapchip_fixed.cat)
[00:06:57.105] |W| [io_error_impl]: stat_file (_sceIoGetstat) returned 0x80010002
[00:06:57.105] |E| [stat_file]: Missing file at F:/vita3k/ux0/app/PCSG00985/mod/Reimu_R/tiled_bin.dat (target path: app0:mod/Reimu_R/tiled_bin.dat)
[00:06:57.106] |W| [io_error_impl]: stat_file (_sceIoGetstat) returned 0x80010002
[00:06:57.106] |E| [stat_file]: Missing file at F:/vita3k/ux0/app/PCSG00985/mod/Reimu_R/floor_announce.cat (target path: app0:mod/Reimu_R/floor_announce.cat)
[00:06:57.107] |W| [io_error_impl]: stat_file (_sceIoGetstat) returned 0x80010002
[00:06:57.108] |E| [stat_file]: Missing file at F:/vita3k/ux0/app/PCSG00985/mod/Reimu_R/effects.cat (target path: app0:mod/Reimu_R/effects.cat)
[00:06:57.108] |W| [io_error_impl]: stat_file (_sceIoGetstat) returned 0x80010002
[00:06:57.109] |E| [stat_file]: Missing file at F:/vita3k/ux0/app/PCSG00985/mod/Reimu_R/cutin.cat (target path: app0:mod/Reimu_R/cutin.cat)
[00:06:57.110] |W| [io_error_impl]: stat_file (_sceIoGetstat) returned 0x80010002
[00:06:57.110] |E| [stat_file]: Missing file at F:/vita3k/ux0/app/PCSG00985/mod/Reimu_R/equip_weapon.cat (target path: app0:mod/Reimu_R/equip_weapon.cat)
[00:06:57.111] |W| [io_error_impl]: stat_file (_sceIoGetstat) returned 0x80010002
[00:06:57.112] |E| [stat_file]: Missing file at F:/vita3k/ux0/app/PCSG00985/mod/Reimu_R/equip_shield.cat (target path: app0:mod/Reimu_R/equip_shield.cat)
[00:06:57.112] |W| [io_error_impl]: stat_file (_sceIoGetstat) returned 0x80010002
[00:06:57.117] |E| [stat_file]: Missing file at F:/vita3k/ux0/app/PCSG00985/mod/Reimu_R/actor_tp.cat (target path: app0:mod/Reimu_R/actor_tp.cat)
[00:06:57.118] |W| [io_error_impl]: stat_file (_sceIoGetstat) returned 0x80010002
[00:06:57.119] |E| [stat_file]: Missing file at F:/vita3k/ux0/app/PCSG00985/mod/Reimu_R/object_item.cat (target path: app0:mod/Reimu_R/object_item.cat)
[00:06:57.120] |W| [io_error_impl]: stat_file (_sceIoGetstat) returned 0x80010002
[00:06:57.120] |E| [stat_file]: Missing file at F:/vita3k/ux0/app/PCSG00985/mod/Reimu_R/object_landform.cat (target path: app0:mod/Reimu_R/object_landform.cat)
[00:06:57.121] |W| [io_error_impl]: stat_file (_sceIoGetstat) returned 0x80010002
[00:06:57.121] |E| [stat_file]: Missing file at F:/vita3k/ux0/app/PCSG00985/mod/Reimu_R/status_effects.cat (target path: app0:mod/Reimu_R/status_effects.cat)
[00:06:57.122] |W| [io_error_impl]: stat_file (_sceIoGetstat) returned 0x80010002
[00:06:57.122] |E| [stat_file]: Missing file at F:/vita3k/ux0/app/PCSG00985/mod/Reimu_R/menu_title.cat (target path: app0:mod/Reimu_R/menu_title.cat)
[00:06:57.123] |W| [io_error_impl]: stat_file (_sceIoGetstat) returned 0x80010002
[00:06:57.124] |E| [stat_file]: Missing file at F:/vita3k/ux0/app/PCSG00985/mod/Reimu_R/menu_dungeon.cat (target path: app0:mod/Reimu_R/menu_dungeon.cat)
[00:06:57.125] |W| [io_error_impl]: stat_file (_sceIoGetstat) returned 0x80010002
[00:06:57.125] |E| [stat_file]: Missing file at F:/vita3k/ux0/app/PCSG00985/mod/Reimu_R/menu_dictionary.cat (target path: app0:mod/Reimu_R/menu_dictionary.cat)
[00:06:57.126] |W| [io_error_impl]: stat_file (_sceIoGetstat) returned 0x80010002
[00:06:57.126] |E| [stat_file]: Missing file at F:/vita3k/ux0/app/PCSG00985/mod/Reimu_R/menu_resultimage.cat (target path: app0:mod/Reimu_R/menu_resultimage.cat)
[00:06:57.127] |W| [io_error_impl]: stat_file (_sceIoGetstat) returned 0x80010002
[00:06:57.128] |E| [stat_file]: Missing file at F:/vita3k/ux0/app/PCSG00985/mod/Reimu_R/bgm.snd (target path: app0:mod/Reimu_R/bgm.snd)
[00:06:57.132] |W| [io_error_impl]: stat_file (_sceIoGetstat) returned 0x80010002
[00:06:57.133] |E| [stat_file]: Missing file at F:/vita3k/ux0/app/PCSG00985/mod/Reimu_R/se.snd (target path: app0:mod/Reimu_R/se.snd)
[00:06:57.134] |W| [io_error_impl]: stat_file (_sceIoGetstat) returned 0x80010002
[00:06:57.134] |E| [stat_file]: Missing file at F:/vita3k/ux0/app/PCSG00985/mod/Reimu_R/jingle.snd (target path: app0:mod/Reimu_R/jingle.snd)
[00:06:57.135] |W| [io_error_impl]: stat_file (_sceIoGetstat) returned 0x80010002
[00:06:57.135] |E| [stat_file]: Missing file at F:/vita3k/ux0/app/PCSG00985/mod/Reimu_R/voice.snd (target path: app0:mod/Reimu_R/voice.snd)
[00:06:57.136] |W| [io_error_impl]: stat_file (_sceIoGetstat) returned 0x80010002
[00:06:57.137] |E| [stat_file]: Missing file at F:/vita3k/ux0/app/PCSG00985/mod/Reimu_R/movies.mov (target path: app0:mod/Reimu_R/movies.mov)
[00:06:57.137] |W| [io_error_impl]: stat_file (_sceIoGetstat) returned 0x80010002
[00:06:57.138] |E| [stat_file]: Missing file at F:/vita3k/ux0/app/PCSG00985/mod/Reimu_R/actor.spk (target path: app0:mod/Reimu_R/actor.spk)
[00:06:57.139] |W| [io_error_impl]: stat_file (_sceIoGetstat) returned 0x80010002
[00:06:57.139] |E| [stat_file]: Missing file at F:/vita3k/ux0/app/PCSG00985/mod/Reimu_R/item_desc.spk (target path: app0:mod/Reimu_R/item_desc.spk)
[00:06:57.140] |W| [io_error_impl]: stat_file (_sceIoGetstat) returned 0x80010002
[00:06:57.140] |E| [stat_file]: Missing file at F:/vita3k/ux0/app/PCSG00985/mod/Reimu_R/library.spk (target path: app0:mod/Reimu_R/library.spk)
[00:06:57.141] |W| [io_error_impl]: stat_file (_sceIoGetstat) returned 0x80010002
[00:06:57.142] |E| [stat_file]: Missing file at F:/vita3k/ux0/app/PCSG00985/mod/Reimu_R/Dictionary.spk (target path: app0:mod/Reimu_R/Dictionary.spk)
[00:06:57.143] |W| [io_error_impl]: stat_file (_sceIoGetstat) returned 0x80010002
[00:06:57.143] |E| [stat_file]: Missing file at F:/vita3k/ux0/app/PCSG00985/mod/Reimu_R/animation.spk (target path: app0:mod/Reimu_R/animation.spk)
[00:06:57.144] |W| [io_error_impl]: stat_file (_sceIoGetstat) returned 0x80010002
[00:06:57.144] |E| [stat_file]: Missing file at F:/vita3k/ux0/app/PCSG00985/mod/Reimu_R/dungeon.spk (target path: app0:mod/Reimu_R/dungeon.spk)
[00:06:57.149] |W| [io_error_impl]: stat_file (_sceIoGetstat) returned 0x80010002
[00:06:57.149] |E| [stat_file]: Missing file at F:/vita3k/ux0/app/PCSG00985/mod/Reimu_R/extend_font_character.spk (target path: app0:mod/Reimu_R/extend_font_character.spk)
[00:06:57.150] |W| [io_error_impl]: stat_file (_sceIoGetstat) returned 0x80010002
[00:06:57.151] |E| [stat_file]: Missing file at F:/vita3k/ux0/app/PCSG00985/mod/Reimu_R/text.cat (target path: app0:mod/Reimu_R/text.cat)
[00:06:57.152] |W| [io_error_impl]: stat_file (_sceIoGetstat) returned 0x80010002
[00:06:57.153] |I| [export_sceIoOpen]: Opening file: app0:data/default/font.cat
[00:06:57.212] |T| [open_file]: sceIoOpen: Opening file app0:data/default/font.cat (ux0:/app/PCSG00985/data/default/font.cat), fd: 0x36
[00:06:57.215] |T| [close_file]: sceIoClose: Closing file fd: 0x36
[00:06:57.215] |I| [export_sceIoOpen]: Opening file: app0:data/default/font.cat
[00:06:57.216] |T| [open_file]: sceIoOpen: Opening file app0:data/default/font.cat (ux0:/app/PCSG00985/data/default/font.cat), fd: 0x37
[00:06:57.225] |T| [close_file]: sceIoClose: Closing file fd: 0x37
[00:06:57.227] |I| [export_sceIoOpen]: Opening file: app0:data/default/adventure.cat
[00:06:57.253] |T| [open_file]: sceIoOpen: Opening file app0:data/default/adventure.cat (ux0:/app/PCSG00985/data/default/adventure.cat), fd: 0x38
[00:06:57.254] |T| [close_file]: sceIoClose: Closing file fd: 0x38
[00:06:57.254] |I| [export_sceIoOpen]: Opening file: app0:data/default/adventure.cat
[00:06:57.255] |T| [open_file]: sceIoOpen: Opening file app0:data/default/adventure.cat (ux0:/app/PCSG00985/data/default/adventure.cat), fd: 0x39
[00:06:57.271] |T| [close_file]: sceIoClose: Closing file fd: 0x39
[00:06:57.274] |I| [export_sceIoOpen]: Opening file: app0:mod/Reimu_Santa/adventure.cat
[00:06:57.307] |T| [open_file]: sceIoOpen: Opening file app0:mod/Reimu_Santa/adventure.cat (ux0:/app/PCSG00985/mod/Reimu_Santa/adventure.cat), fd: 0x3A
[00:06:57.309] |T| [close_file]: sceIoClose: Closing file fd: 0x3A
[00:06:57.310] |I| [export_sceIoOpen]: Opening file: app0:mod/Reimu_R/adventure.cat
[00:06:57.330] |T| [open_file]: sceIoOpen: Opening file app0:mod/Reimu_R/adventure.cat (ux0:/app/PCSG00985/mod/Reimu_R/adventure.cat), fd: 0x3B
[00:06:57.331] |T| [close_file]: sceIoClose: Closing file fd: 0x3B
[00:06:57.331] |I| [export_sceIoOpen]: Opening file: app0:data/default/mapchip_procedural.cat
[00:06:57.349] |T| [open_file]: sceIoOpen: Opening file app0:data/default/mapchip_procedural.cat (ux0:/app/PCSG00985/data/default/mapchip_procedural.cat), fd: 0x3C
[00:06:57.349] |T| [close_file]: sceIoClose: Closing file fd: 0x3C
[00:06:57.350] |I| [export_sceIoOpen]: Opening file: app0:data/default/mapchip_procedural.cat
[00:06:57.350] |T| [open_file]: sceIoOpen: Opening file app0:data/default/mapchip_procedural.cat (ux0:/app/PCSG00985/data/default/mapchip_procedural.cat), fd: 0x3D
[00:06:57.351] |T| [close_file]: sceIoClose: Closing file fd: 0x3D
[00:06:57.353] |I| [export_sceIoOpen]: Opening file: app0:data/default/mapchip_fixed.cat
[00:06:57.390] |T| [open_file]: sceIoOpen: Opening file app0:data/default/mapchip_fixed.cat (ux0:/app/PCSG00985/data/default/mapchip_fixed.cat), fd: 0x3E
[00:06:57.394] |T| [close_file]: sceIoClose: Closing file fd: 0x3E
[00:06:57.395] |I| [export_sceIoOpen]: Opening file: app0:data/default/mapchip_fixed.cat
[00:06:57.395] |T| [open_file]: sceIoOpen: Opening file app0:data/default/mapchip_fixed.cat (ux0:/app/PCSG00985/data/default/mapchip_fixed.cat), fd: 0x3F
[00:06:57.396] |T| [close_file]: sceIoClose: Closing file fd: 0x3F
[00:06:57.398] |I| [export_sceIoOpen]: Opening file: app0:data/default/tiled_bin.dat
[00:06:57.428] |T| [open_file]: sceIoOpen: Opening file app0:data/default/tiled_bin.dat (ux0:/app/PCSG00985/data/default/tiled_bin.dat), fd: 0x40
[00:06:57.429] |T| [close_file]: sceIoClose: Closing file fd: 0x40
[00:06:57.430] |I| [export_sceIoOpen]: Opening file: app0:data/default/tiled_bin.dat
[00:06:57.430] |T| [open_file]: sceIoOpen: Opening file app0:data/default/tiled_bin.dat (ux0:/app/PCSG00985/data/default/tiled_bin.dat), fd: 0x41
[00:06:57.432] |T| [close_file]: sceIoClose: Closing file fd: 0x41
[00:06:57.432] |I| [export_sceIoOpen]: Opening file: app0:data/default/floor_announce.cat
[00:06:57.453] |T| [open_file]: sceIoOpen: Opening file app0:data/default/floor_announce.cat (ux0:/app/PCSG00985/data/default/floor_announce.cat), fd: 0x42
[00:06:57.453] |T| [close_file]: sceIoClose: Closing file fd: 0x42
[00:06:57.454] |I| [export_sceIoOpen]: Opening file: app0:data/default/floor_announce.cat
[00:06:57.454] |T| [open_file]: sceIoOpen: Opening file app0:data/default/floor_announce.cat (ux0:/app/PCSG00985/data/default/floor_announce.cat), fd: 0x43
[00:06:57.455] |T| [close_file]: sceIoClose: Closing file fd: 0x43
[00:06:57.456] |I| [export_sceIoOpen]: Opening file: app0:data/default/effects.cat
[00:06:57.495] |T| [open_file]: sceIoOpen: Opening file app0:data/default/effects.cat (ux0:/app/PCSG00985/data/default/effects.cat), fd: 0x44
[00:06:57.512] |T| [close_file]: sceIoClose: Closing file fd: 0x44
[00:06:57.512] |I| [export_sceIoOpen]: Opening file: app0:data/default/effects.cat
[00:06:57.513] |T| [open_file]: sceIoOpen: Opening file app0:data/default/effects.cat (ux0:/app/PCSG00985/data/default/effects.cat), fd: 0x45
[00:06:57.515] |T| [close_file]: sceIoClose: Closing file fd: 0x45
[00:06:57.516] |I| [export_sceIoOpen]: Opening file: app0:data/default/cutin.cat
[00:06:57.555] |T| [open_file]: sceIoOpen: Opening file app0:data/default/cutin.cat (ux0:/app/PCSG00985/data/default/cutin.cat), fd: 0x46
[00:06:57.557] |T| [close_file]: sceIoClose: Closing file fd: 0x46
[00:06:57.557] |I| [export_sceIoOpen]: Opening file: app0:data/default/cutin.cat
[00:06:57.558] |T| [open_file]: sceIoOpen: Opening file app0:data/default/cutin.cat (ux0:/app/PCSG00985/data/default/cutin.cat), fd: 0x47
[00:06:57.559] |T| [close_file]: sceIoClose: Closing file fd: 0x47
[00:06:57.560] |I| [export_sceIoOpen]: Opening file: app0:data/default/equip_weapon.cat
[00:06:57.574] |T| [open_file]: sceIoOpen: Opening file app0:data/default/equip_weapon.cat (ux0:/app/PCSG00985/data/default/equip_weapon.cat), fd: 0x48
[00:06:57.575] |T| [close_file]: sceIoClose: Closing file fd: 0x48
[00:06:57.575] |I| [export_sceIoOpen]: Opening file: app0:data/default/equip_weapon.cat
[00:06:57.577] |T| [open_file]: sceIoOpen: Opening file app0:data/default/equip_weapon.cat (ux0:/app/PCSG00985/data/default/equip_weapon.cat), fd: 0x49
[00:06:57.579] |T| [close_file]: sceIoClose: Closing file fd: 0x49
[00:06:57.579] |I| [export_sceIoOpen]: Opening file: app0:data/default/equip_shield.cat
[00:06:57.599] |T| [open_file]: sceIoOpen: Opening file app0:data/default/equip_shield.cat (ux0:/app/PCSG00985/data/default/equip_shield.cat), fd: 0x4A
[00:06:57.600] |T| [close_file]: sceIoClose: Closing file fd: 0x4A
[00:06:57.600] |I| [export_sceIoOpen]: Opening file: app0:data/default/equip_shield.cat
[00:06:57.601] |T| [open_file]: sceIoOpen: Opening file app0:data/default/equip_shield.cat (ux0:/app/PCSG00985/data/default/equip_shield.cat), fd: 0x4B
[00:06:57.602] |T| [close_file]: sceIoClose: Closing file fd: 0x4B
[00:06:57.602] |I| [export_sceIoOpen]: Opening file: app0:data/default/actor_tp.cat
[00:06:57.631] |T| [open_file]: sceIoOpen: Opening file app0:data/default/actor_tp.cat (ux0:/app/PCSG00985/data/default/actor_tp.cat), fd: 0x4C
[00:06:57.638] |T| [close_file]: sceIoClose: Closing file fd: 0x4C
[00:06:57.639] |I| [export_sceIoOpen]: Opening file: app0:data/default/actor_tp.cat
[00:06:57.640] |T| [open_file]: sceIoOpen: Opening file app0:data/default/actor_tp.cat (ux0:/app/PCSG00985/data/default/actor_tp.cat), fd: 0x4D
[00:06:57.641] |T| [close_file]: sceIoClose: Closing file fd: 0x4D
[00:06:57.648] |I| [export_sceIoOpen]: Opening file: app0:mod/Reimu_Santa/actor_tp.cat
[00:06:57.680] |T| [open_file]: sceIoOpen: Opening file app0:mod/Reimu_Santa/actor_tp.cat (ux0:/app/PCSG00985/mod/Reimu_Santa/actor_tp.cat), fd: 0x4E
[00:06:57.681] |T| [close_file]: sceIoClose: Closing file fd: 0x4E
[00:06:57.688] |I| [export_sceIoOpen]: Opening file: app0:data/default/object_item.cat
[00:06:57.718] |T| [open_file]: sceIoOpen: Opening file app0:data/default/object_item.cat (ux0:/app/PCSG00985/data/default/object_item.cat), fd: 0x4F
[00:06:57.720] |T| [close_file]: sceIoClose: Closing file fd: 0x4F
[00:06:57.720] |I| [export_sceIoOpen]: Opening file: app0:data/default/object_item.cat
[00:06:57.720] |T| [open_file]: sceIoOpen: Opening file app0:data/default/object_item.cat (ux0:/app/PCSG00985/data/default/object_item.cat), fd: 0x50
[00:06:57.721] |T| [close_file]: sceIoClose: Closing file fd: 0x50
[00:06:57.722] |I| [export_sceIoOpen]: Opening file: app0:data/default/object_landform.cat
[00:06:57.745] |T| [open_file]: sceIoOpen: Opening file app0:data/default/object_landform.cat (ux0:/app/PCSG00985/data/default/object_landform.cat), fd: 0x51
[00:06:57.746] |T| [close_file]: sceIoClose: Closing file fd: 0x51
[00:06:57.747] |I| [export_sceIoOpen]: Opening file: app0:data/default/object_landform.cat
[00:06:57.747] |T| [open_file]: sceIoOpen: Opening file app0:data/default/object_landform.cat (ux0:/app/PCSG00985/data/default/object_landform.cat), fd: 0x52
[00:06:57.749] |T| [close_file]: sceIoClose: Closing file fd: 0x52
[00:06:57.749] |I| [export_sceIoOpen]: Opening file: app0:data/default/status_effects.cat
[00:06:57.780] |T| [open_file]: sceIoOpen: Opening file app0:data/default/status_effects.cat (ux0:/app/PCSG00985/data/default/status_effects.cat), fd: 0x53
[00:06:57.782] |T| [close_file]: sceIoClose: Closing file fd: 0x53
[00:06:57.782] |I| [export_sceIoOpen]: Opening file: app0:data/default/status_effects.cat
[00:06:57.783] |T| [open_file]: sceIoOpen: Opening file app0:data/default/status_effects.cat (ux0:/app/PCSG00985/data/default/status_effects.cat), fd: 0x54
[00:06:57.783] |T| [close_file]: sceIoClose: Closing file fd: 0x54
[00:06:57.784] |I| [export_sceIoOpen]: Opening file: app0:data/default/menu_title.cat
[00:06:57.796] |T| [open_file]: sceIoOpen: Opening file app0:data/default/menu_title.cat (ux0:/app/PCSG00985/data/default/menu_title.cat), fd: 0x55
[00:06:57.797] |T| [close_file]: sceIoClose: Closing file fd: 0x55
[00:06:57.797] |I| [export_sceIoOpen]: Opening file: app0:data/default/menu_title.cat
[00:06:57.798] |T| [open_file]: sceIoOpen: Opening file app0:data/default/menu_title.cat (ux0:/app/PCSG00985/data/default/menu_title.cat), fd: 0x56
[00:06:57.801] |T| [close_file]: sceIoClose: Closing file fd: 0x56
[00:06:57.801] |I| [export_sceIoOpen]: Opening file: app0:data/default/menu_dungeon.cat
[00:06:57.816] |T| [open_file]: sceIoOpen: Opening file app0:data/default/menu_dungeon.cat (ux0:/app/PCSG00985/data/default/menu_dungeon.cat), fd: 0x57
[00:06:57.816] |T| [close_file]: sceIoClose: Closing file fd: 0x57
[00:06:57.817] |I| [export_sceIoOpen]: Opening file: app0:data/default/menu_dungeon.cat
[00:06:57.817] |T| [open_file]: sceIoOpen: Opening file app0:data/default/menu_dungeon.cat (ux0:/app/PCSG00985/data/default/menu_dungeon.cat), fd: 0x58
[00:06:57.818] |T| [close_file]: sceIoClose: Closing file fd: 0x58
[00:06:57.819] |I| [export_sceIoOpen]: Opening file: app0:data/default/menu_dictionary.cat
[00:06:57.840] |T| [open_file]: sceIoOpen: Opening file app0:data/default/menu_dictionary.cat (ux0:/app/PCSG00985/data/default/menu_dictionary.cat), fd: 0x59
[00:06:57.841] |T| [close_file]: sceIoClose: Closing file fd: 0x59
[00:06:57.841] |I| [export_sceIoOpen]: Opening file: app0:data/default/menu_dictionary.cat
[00:06:57.841] |T| [open_file]: sceIoOpen: Opening file app0:data/default/menu_dictionary.cat (ux0:/app/PCSG00985/data/default/menu_dictionary.cat), fd: 0x5A
[00:06:57.842] |T| [close_file]: sceIoClose: Closing file fd: 0x5A
[00:06:57.843] |I| [export_sceIoOpen]: Opening file: app0:data/default/menu_resultimage.cat
[00:06:57.858] |T| [open_file]: sceIoOpen: Opening file app0:data/default/menu_resultimage.cat (ux0:/app/PCSG00985/data/default/menu_resultimage.cat), fd: 0x5B
[00:06:57.859] |T| [close_file]: sceIoClose: Closing file fd: 0x5B
[00:06:57.859] |I| [export_sceIoOpen]: Opening file: app0:data/default/menu_resultimage.cat
[00:06:57.860] |T| [open_file]: sceIoOpen: Opening file app0:data/default/menu_resultimage.cat (ux0:/app/PCSG00985/data/default/menu_resultimage.cat), fd: 0x5C
[00:06:57.860] |T| [close_file]: sceIoClose: Closing file fd: 0x5C
[00:06:57.861] |I| [export_sceIoOpen]: Opening file: app0:data/default/bgm.snd
[00:06:57.880] |T| [open_file]: sceIoOpen: Opening file app0:data/default/bgm.snd (ux0:/app/PCSG00985/data/default/bgm.snd), fd: 0x5D
[00:06:57.882] |T| [close_file]: sceIoClose: Closing file fd: 0x5D
[00:06:57.882] |I| [export_sceIoOpen]: Opening file: app0:data/default/bgm.snd
[00:06:57.883] |T| [open_file]: sceIoOpen: Opening file app0:data/default/bgm.snd (ux0:/app/PCSG00985/data/default/bgm.snd), fd: 0x5E
[00:06:57.884] |T| [close_file]: sceIoClose: Closing file fd: 0x5E
[00:06:57.884] |I| [export_sceIoOpen]: Opening file: app0:data/default/se.snd
[00:06:57.899] |T| [open_file]: sceIoOpen: Opening file app0:data/default/se.snd (ux0:/app/PCSG00985/data/default/se.snd), fd: 0x5F
[00:06:57.900] |T| [close_file]: sceIoClose: Closing file fd: 0x5F
[00:06:57.900] |I| [export_sceIoOpen]: Opening file: app0:data/default/se.snd
[00:06:57.901] |T| [open_file]: sceIoOpen: Opening file app0:data/default/se.snd (ux0:/app/PCSG00985/data/default/se.snd), fd: 0x60
[00:06:57.902] |T| [close_file]: sceIoClose: Closing file fd: 0x60
[00:06:57.902] |I| [export_sceIoOpen]: Opening file: app0:data/default/jingle.snd
[00:06:57.922] |T| [open_file]: sceIoOpen: Opening file app0:data/default/jingle.snd (ux0:/app/PCSG00985/data/default/jingle.snd), fd: 0x61
[00:06:57.923] |T| [close_file]: sceIoClose: Closing file fd: 0x61
[00:06:57.923] |I| [export_sceIoOpen]: Opening file: app0:data/default/jingle.snd
[00:06:57.924] |T| [open_file]: sceIoOpen: Opening file app0:data/default/jingle.snd (ux0:/app/PCSG00985/data/default/jingle.snd), fd: 0x62
[00:06:57.924] |T| [close_file]: sceIoClose: Closing file fd: 0x62
[00:06:57.925] |I| [export_sceIoOpen]: Opening file: app0:data/default/voice.snd
[00:06:57.957] |T| [open_file]: sceIoOpen: Opening file app0:data/default/voice.snd (ux0:/app/PCSG00985/data/default/voice.snd), fd: 0x63
[00:06:57.977] |T| [close_file]: sceIoClose: Closing file fd: 0x63
[00:06:57.982] |I| [export_sceIoOpen]: Opening file: app0:data/default/voice.snd
[00:06:57.982] |T| [open_file]: sceIoOpen: Opening file app0:data/default/voice.snd (ux0:/app/PCSG00985/data/default/voice.snd), fd: 0x64
[00:06:57.986] |T| [close_file]: sceIoClose: Closing file fd: 0x64
[00:06:58.120] |I| [export_sceIoOpen]: Opening file: app0:data/default/movies.mov
[00:06:58.143] |T| [open_file]: sceIoOpen: Opening file app0:data/default/movies.mov (ux0:/app/PCSG00985/data/default/movies.mov), fd: 0x65
[00:06:58.143] |T| [close_file]: sceIoClose: Closing file fd: 0x65
[00:06:58.144] |I| [export_sceIoOpen]: Opening file: app0:data/default/movies.mov
[00:06:58.144] |T| [open_file]: sceIoOpen: Opening file app0:data/default/movies.mov (ux0:/app/PCSG00985/data/default/movies.mov), fd: 0x66
[00:06:58.145] |T| [close_file]: sceIoClose: Closing file fd: 0x66
[00:06:58.145] |I| [export_sceIoOpen]: Opening file: app0:data/default/actor.spk
[00:06:58.175] |T| [open_file]: sceIoOpen: Opening file app0:data/default/actor.spk (ux0:/app/PCSG00985/data/default/actor.spk), fd: 0x67
[00:06:58.176] |T| [close_file]: sceIoClose: Closing file fd: 0x67
[00:06:58.177] |I| [export_sceIoOpen]: Opening file: app0:data/default/actor.spk
[00:06:58.177] |T| [open_file]: sceIoOpen: Opening file app0:data/default/actor.spk (ux0:/app/PCSG00985/data/default/actor.spk), fd: 0x68
[00:06:58.178] |T| [close_file]: sceIoClose: Closing file fd: 0x68
[00:06:58.179] |I| [export_sceIoOpen]: Opening file: app0:data/default/item_desc.spk
[00:06:58.200] |T| [open_file]: sceIoOpen: Opening file app0:data/default/item_desc.spk (ux0:/app/PCSG00985/data/default/item_desc.spk), fd: 0x69
[00:06:58.200] |T| [close_file]: sceIoClose: Closing file fd: 0x69
[00:06:58.201] |I| [export_sceIoOpen]: Opening file: app0:data/default/item_desc.spk
[00:06:58.201] |T| [open_file]: sceIoOpen: Opening file app0:data/default/item_desc.spk (ux0:/app/PCSG00985/data/default/item_desc.spk), fd: 0x6A
[00:06:58.202] |T| [close_file]: sceIoClose: Closing file fd: 0x6A
[00:06:58.203] |I| [export_sceIoOpen]: Opening file: app0:data/default/library.spk
[00:06:58.215] |T| [open_file]: sceIoOpen: Opening file app0:data/default/library.spk (ux0:/app/PCSG00985/data/default/library.spk), fd: 0x6B
[00:06:58.215] |T| [close_file]: sceIoClose: Closing file fd: 0x6B
[00:06:58.216] |I| [export_sceIoOpen]: Opening file: app0:data/default/library.spk
[00:06:58.216] |T| [open_file]: sceIoOpen: Opening file app0:data/default/library.spk (ux0:/app/PCSG00985/data/default/library.spk), fd: 0x6C
[00:06:58.217] |T| [close_file]: sceIoClose: Closing file fd: 0x6C
[00:06:58.217] |I| [export_sceIoOpen]: Opening file: app0:data/default/Dictionary.spk
[00:06:58.236] |T| [open_file]: sceIoOpen: Opening file app0:data/default/Dictionary.spk (ux0:/app/PCSG00985/data/default/Dictionary.spk), fd: 0x6D
[00:06:58.237] |T| [close_file]: sceIoClose: Closing file fd: 0x6D
[00:06:58.237] |I| [export_sceIoOpen]: Opening file: app0:data/default/Dictionary.spk
[00:06:58.237] |T| [open_file]: sceIoOpen: Opening file app0:data/default/Dictionary.spk (ux0:/app/PCSG00985/data/default/Dictionary.spk), fd: 0x6E
[00:06:58.238] |T| [close_file]: sceIoClose: Closing file fd: 0x6E
[00:06:58.239] |I| [export_sceIoOpen]: Opening file: app0:data/default/animation.spk
[00:06:58.258] |T| [open_file]: sceIoOpen: Opening file app0:data/default/animation.spk (ux0:/app/PCSG00985/data/default/animation.spk), fd: 0x6F
[00:06:58.258] |T| [close_file]: sceIoClose: Closing file fd: 0x6F
[00:06:58.259] |I| [export_sceIoOpen]: Opening file: app0:data/default/animation.spk
[00:06:58.259] |T| [open_file]: sceIoOpen: Opening file app0:data/default/animation.spk (ux0:/app/PCSG00985/data/default/animation.spk), fd: 0x70
[00:06:58.260] |T| [close_file]: sceIoClose: Closing file fd: 0x70
[00:06:58.261] |I| [export_sceIoOpen]: Opening file: app0:data/default/dungeon.spk
[00:06:58.281] |T| [open_file]: sceIoOpen: Opening file app0:data/default/dungeon.spk (ux0:/app/PCSG00985/data/default/dungeon.spk), fd: 0x71
[00:06:58.281] |T| [close_file]: sceIoClose: Closing file fd: 0x71
[00:06:58.282] |I| [export_sceIoOpen]: Opening file: app0:data/default/dungeon.spk
[00:06:58.282] |T| [open_file]: sceIoOpen: Opening file app0:data/default/dungeon.spk (ux0:/app/PCSG00985/data/default/dungeon.spk), fd: 0x72
[00:06:58.283] |T| [close_file]: sceIoClose: Closing file fd: 0x72
[00:06:58.284] |I| [export_sceIoOpen]: Opening file: app0:data/default/extend_font_character.spk
[00:06:58.297] |T| [open_file]: sceIoOpen: Opening file app0:data/default/extend_font_character.spk (ux0:/app/PCSG00985/data/default/extend_font_character.spk), fd: 0x73
[00:06:58.297] |T| [close_file]: sceIoClose: Closing file fd: 0x73
[00:06:58.298] |I| [export_sceIoOpen]: Opening file: app0:data/default/extend_font_character.spk
[00:06:58.298] |T| [open_file]: sceIoOpen: Opening file app0:data/default/extend_font_character.spk (ux0:/app/PCSG00985/data/default/extend_font_character.spk), fd: 0x74
[00:06:58.299] |T| [close_file]: sceIoClose: Closing file fd: 0x74
[00:06:58.299] |I| [export_sceIoOpen]: Opening file: app0:data/default/text.cat
[00:06:58.320] |T| [open_file]: sceIoOpen: Opening file app0:data/default/text.cat (ux0:/app/PCSG00985/data/default/text.cat), fd: 0x75
[00:06:58.321] |T| [close_file]: sceIoClose: Closing file fd: 0x75
[00:06:58.321] |I| [export_sceIoOpen]: Opening file: app0:data/default/text.cat
[00:06:58.321] |T| [open_file]: sceIoOpen: Opening file app0:data/default/text.cat (ux0:/app/PCSG00985/data/default/text.cat), fd: 0x76
[00:06:58.323] |T| [close_file]: sceIoClose: Closing file fd: 0x76
[00:06:58.324] |I| [export_sceIoOpen]: Opening file: app0:data/default/dungeon.spk
[00:06:58.324] |T| [open_file]: sceIoOpen: Opening file app0:data/default/dungeon.spk (ux0:/app/PCSG00985/data/default/dungeon.spk), fd: 0x77
[00:06:58.651] |I| [export_sceIoOpen]: Opening file: app0:data/default/tiled_bin.dat
[00:06:58.652] |T| [open_file]: sceIoOpen: Opening file app0:data/default/tiled_bin.dat (ux0:/app/PCSG00985/data/default/tiled_bin.dat), fd: 0x78
[00:06:58.692] |I| [export_sceIoOpen]: Opening file: app0:data/default/text.cat
[00:06:58.692] |T| [open_file]: sceIoOpen: Opening file app0:data/default/text.cat (ux0:/app/PCSG00985/data/default/text.cat), fd: 0x79
[00:06:59.439] |W| [stubbed_impl]: Stubbed sceGxmMapFragmentUsseMemory import called. (always return success)
[00:06:59.443] |W| [stubbed_impl]: Stubbed sceGxmMapVertexUsseMemory import called. (always return success)
[00:06:59.445] |W| [stubbed_impl]: Stubbed sceKernelGetFreeMemorySize import called. (Single pool)
[00:06:59.546] |T| [export_sceNgsPatchCreateRouting]: Patching 0x31E97A0:0:0 to 0x864C10:0
[00:06:59.546] |T| [export_sceNgsPatchCreateRouting]: Patching 0x31E9E40:0:0 to 0x864C10:0
[00:06:59.547] |T| [export_sceNgsPatchCreateRouting]: Patching 0x31EA35C:0:0 to 0x864C10:0
[00:06:59.547] |T| [export_sceNgsPatchCreateRouting]: Patching 0x31EA878:0:0 to 0x864C10:0
[00:06:59.548] |T| [export_sceNgsPatchCreateRouting]: Patching 0x31EAD94:0:0 to 0x864C10:0
[00:06:59.548] |T| [export_sceNgsPatchCreateRouting]: Patching 0x31EB2B0:0:0 to 0x864C10:0
[00:06:59.548] |T| [export_sceNgsPatchCreateRouting]: Patching 0x31EB7CC:0:0 to 0x864C10:0
[00:06:59.549] |T| [export_sceNgsPatchCreateRouting]: Patching 0x31EBCE8:0:0 to 0x864C10:0
[00:06:59.549] |T| [export_sceNgsPatchCreateRouting]: Patching 0x31EC204:0:0 to 0x864C10:0
[00:06:59.550] |T| [export_sceNgsPatchCreateRouting]: Patching 0x31ED120:0:0 to 0x864C10:0
[00:06:59.550] |T| [export_sceNgsPatchCreateRouting]: Patching 0x31ED7A0:0:0 to 0x864C10:0
[00:06:59.551] |T| [export_sceNgsPatchCreateRouting]: Patching 0x31EDCBC:0:0 to 0x864C10:0
[00:06:59.551] |T| [export_sceNgsPatchCreateRouting]: Patching 0x31EE1D8:0:0 to 0x864C10:0
[00:06:59.552] |T| [export_sceNgsPatchCreateRouting]: Patching 0x31EE6F4:0:0 to 0x864C10:0
[00:06:59.681] |I| [export_sceIoOpen]: Opening file: app0:data/default/item_desc.spk
[00:06:59.682] |T| [open_file]: sceIoOpen: Opening file app0:data/default/item_desc.spk (ux0:/app/PCSG00985/data/default/item_desc.spk), fd: 0x7A
[00:06:59.941] |I| [export_sceIoOpen]: Opening file: app0:data/default/actor.spk
[00:06:59.941] |T| [open_file]: sceIoOpen: Opening file app0:data/default/actor.spk (ux0:/app/PCSG00985/data/default/actor.spk), fd: 0x7B
[00:07:00.048] |I| [export_sceIoOpen]: Opening file: app0:data/default/library.spk
[00:07:00.049] |T| [open_file]: sceIoOpen: Opening file app0:data/default/library.spk (ux0:/app/PCSG00985/data/default/library.spk), fd: 0x7C
[00:07:00.058] |I| [export_sceIoOpen]: Opening file: app0:data/default/Dictionary.spk
[00:07:00.059] |T| [open_file]: sceIoOpen: Opening file app0:data/default/Dictionary.spk (ux0:/app/PCSG00985/data/default/Dictionary.spk), fd: 0x7D
[00:07:00.114] |I| [export_sceIoOpen]: Opening file: app0:data/default/extend_font_character.spk
[00:07:00.115] |T| [open_file]: sceIoOpen: Opening file app0:data/default/extend_font_character.spk (ux0:/app/PCSG00985/data/default/extend_font_character.spk), fd: 0x7E
