[04:31:43.838] |I| [config::init]: lle-modules: libscemp4,libpgf,libhttp,libnaac,libpaf,libpaf_web_map_view,libpvf,libsceavplayer,libscejpegencarm,libscejpegarm,libSceMp4Rec,libSceXml
[04:31:43.839] |I| [config::init]: log-level: 1
[04:31:43.839] |I| [config::init]: log-imports: false
[04:31:43.840] |I| [config::init]: log-exports: false
[04:31:43.840] |I| [config::init]: log-active-shaders: false
[04:31:43.840] |I| [config::init]: log-uniforms: false
[04:31:43.840] |I| [config::init]: sync-rendering: false
[04:31:43.844] |I| [SDL_main]: Vita3K v0.1 1075-6142543
[04:31:44.810] |I| [init]: Swap interval = -1
[04:31:44.879] |I| [gui::init_icons]: Default icon found for title MP4PLAYER, Mp4 Pl.
[04:31:45.043] |I| [gui::init_icons]: Default icon found for title SKGCBSMGR, Custom Boot Splash Manager.
[04:31:45.044] |I| [gui::init_icons]: Default icon found for title SKGTLSE12, iTLS-Enso.
[04:31:45.045] |I| [gui::init_icons]: Default icon found for title SKOG00001, Snes9xVITA.
[04:31:45.049] |I| [gui::init_icons]: Default icon found for title VCID00001, VitaCID.
[04:31:45.052] |I| [gui::init_icons]: Default icon found for title VITATESTR, VitaTester.
[04:31:55.199] |I| [load_app_impl]: Title: 憂世ノ浪士
[04:31:55.200] |I| [load_app_impl]: Serial: PCSG00480
[04:31:55.200] |I| [load_app_impl]: Version: 01.00
[04:31:55.201] |I| [load_app_impl]: Category: gd
[04:31:55.248] |I| [load_self]: Loading symbols for SELF: app0:sce_module/libc.suprx
[04:31:55.249] |D| [load_var_exports]: 	NID 0x936C8A78 (SYSLYB) at 0x46744
[04:31:55.249] |D| [load_var_exports]: 	NID 0x6C2224BA (NID_MODULE_INFO) at 0x3C4F8
[04:31:55.250] |W| [load_var_imports]: 	NID NOT FOUND 0x93B8AA67 (__stack_chk_guard) at 0x40520, setting to stub value 0xDEADBEEF
[04:31:55.250] |W| [load_var_imports]: 	NID NOT FOUND 0xDF084DFA (UNRECOGNISED) at 0x420A4, setting to stub value 0xDEADBEEF
[04:31:55.250] |I| [load_app_impl]: Pre-load module SceLibc (at "sce_module/libc.suprx") loaded
[04:31:55.260] |I| [load_self]: Loading symbols for SELF: app0:sce_module/libfios2.suprx
[04:31:55.260] |D| [load_var_exports]: 	NID 0x936C8A78 (SYSLYB) at 0x81244
[04:31:55.260] |D| [load_var_exports]: 	NID 0x6C2224BA (NID_MODULE_INFO) at 0x78878
[04:31:55.261] |I| [load_app_impl]: Pre-load module SceLibFios2 (at "sce_module/libfios2.suprx") loaded
[04:31:55.274] |I| [load_self]: Loading symbols for SELF: app0:sce_module/libult.suprx
[04:31:55.274] |D| [load_var_exports]: 	NID 0x936C8A78 (SYSLYB) at 0x9A2D0
[04:31:55.275] |D| [load_var_exports]: 	NID 0x6C2224BA (NID_MODULE_INFO) at 0x97858
[04:31:55.276] |W| [load_var_imports]: 	NID NOT FOUND 0x936A5F31 (_pLibPerfCaptureFlagPtr) at 0x980A4, setting to stub value 0xDEADBEEF
[04:31:55.277] |I| [load_app_impl]: Pre-load module SceUlt (at "sce_module/libult.suprx") loaded
[04:31:55.515] |I| [load_self]: Loading symbols for SELF: app0:eboot.bin
[04:31:55.516] |D| [load_var_exports]: 	NID 0x6C2224BA (NID_MODULE_INFO) at 0x825CF29C
[04:31:55.517] |D| [load_var_exports]: 	NID 0x70FBA1E7 (SCE_PROC_PARAMS) at 0x828250A8
[04:31:55.517] |D| [load_var_exports]: 	NID 0x936C8A78 (SYSLYB) at 0x826A5B44
[04:31:55.519] |I| [load_app_impl]: Main executable UmaVita (eboot.bin) loaded
[04:31:55.524] |D| [run_app]: Running module_start of library: SceLibc
[04:31:55.534] |I| [run_app]: Module SceLibc (at "app0:sce_module/libc.suprx") module_start returned 0x0
[04:31:55.535] |D| [run_app]: Running module_start of library: SceLibFios2
[04:31:55.540] |W| [stubbed_impl]: Stubbed sceKernelGetProcessId import called. (pid: 0)
[04:31:55.541] |W| [unimplemented_impl]: Unimplemented sceFiosOverlayGetList02 import called.
[04:31:55.541] |I| [run_app]: Module SceLibFios2 (at "app0:sce_module/libfios2.suprx") module_start returned 0x0
[04:31:55.543] |D| [run_app]: Running module_start of library: SceUlt
[04:31:55.546] |W| [unimplemented_impl]: Unimplemented _sceUlobjMgrRegisterLibultProtocolRevision import called.
[04:31:55.546] |I| [run_app]: Module SceUlt (at "app0:sce_module/libult.suprx") module_start returned 0x0
[04:31:55.564] |I| [load_self]: Loading symbols for SELF: app0:mai_moe/mai.suprx
[04:31:55.564] |D| [load_var_exports]: 	NID 0x6C2224BA (NID_MODULE_INFO) at 0xF2628
[04:31:55.567] |D| [load_var_exports]: 	NID 0x70FBA1E7 (SCE_PROC_PARAMS) at 0xF2684
[04:31:55.578] |I| [export_sceIoOpen]: Opening file: app0:mai_moe/load_type.mai
[04:31:55.584] |I| [export_sceKernelLoadStartModule]: Module SceLibFios2 (at "app0:sce_module/libfios2.suprx") module_start returned 0x0
[04:31:55.605] |I| [load_self]: Loading symbols for SELF: app0:sce_module/libfios2_m.suprx
[04:31:55.606] |D| [load_var_exports]: 	NID 0x936C8A78 (SYSLYB) at 0x1A4244
[04:31:55.607] |D| [load_var_exports]: 	NID 0x6C2224BA (NID_MODULE_INFO) at 0x19B878
[04:31:55.611] |I| [export_sceKernelLoadStartModule]: Module mceLibFios2 (at "app0:sce_module/libfios2_m.suprx") module_start returned 0x0
[04:31:55.613] |W| [io_error_impl]: open_dir (sceIoDopen) returned 0x80010002
[04:31:55.613] |W| [io_error_impl]: read_dir (sceIoDread) returned 0x80010051
[04:31:55.614] |W| [io_error_impl]: close_dir (sceIoDclose) returned 0x80010051
[04:31:55.678] |I| [export_sceKernelLoadStartModule]: Module output/testprx.elf (at "app0:mai_moe/mai.suprx") module_start returned 0x0
[04:31:55.681] |W| [unimplemented_impl]: Unimplemented sceKernelGetModuleInfoByAddr import called.
[04:31:55.682] |W| [unimplemented_impl]: Unimplemented sceKernelRegisterThreadEventHandler import called.
[04:31:55.685] |W| [stubbed_impl]: Stubbed sceKernelGetFreeMemorySize import called. (Single pool)
[04:31:56.336] |W| [unimplemented_impl]: Unimplemented sceAppUtilInit import called.
[04:31:56.337] |I| [load_module]: Loading module ID: 0x4C
[04:31:56.339] |I| [load_self]: Loading symbols for SELF: sys/external/libsceavplayer.suprx
[04:31:56.340] |D| [load_var_exports]: 	NID 0x936C8A78 (SYSLYB) at 0x4F4CCD40
[04:31:56.340] |D| [load_var_exports]: 	NID 0x6C2224BA (NID_MODULE_INFO) at 0x4F4CB548
[04:31:56.341] |I| [load_module]: Module SceAvPlayer (at "sys/external/libsceavplayer.suprx") loaded
[04:31:56.342] |D| [load_module]: Running module_start of module: SceAvPlayer
[04:31:56.346] |I| [load_module]: Module SceAvPlayer (at "sys/external/libsceavplayer.suprx") module_start returned 0x0
[04:31:56.349] |I| [load_self]: Loading symbols for SELF: sys/external/libscemp4.suprx
[04:31:56.349] |D| [load_var_exports]: 	NID 0x936C8A78 (SYSLYB) at 0x4F4E09D0
[04:31:56.350] |D| [load_var_exports]: 	NID 0x6C2224BA (NID_MODULE_INFO) at 0x4F4DF8C4
[04:31:56.351] |I| [load_module]: Module SceMp4 (at "sys/external/libscemp4.suprx") loaded
[04:31:56.413] |I| [renderer::create]: GL_VERSION = 4.1.0 NVIDIA 430.86
[04:31:56.413] |I| [renderer::create]: GL_SHADING_LANGUAGE_VERSION = 4.10 NVIDIA via Cg compiler
[04:31:56.493] |W| [unimplemented_impl]: Unimplemented sceGxmTextureInitLinearStrided import called.
[04:31:56.501] |E| [export_sceGxmTextureInitTiled]: Initialized texture with unsupported texture format: 0x15000000
[04:31:56.502] |W| [unimplemented_impl]: Unimplemented sceGxmDepthStencilSurfaceSetBackgroundDepth import called.
[04:31:56.502] |W| [unimplemented_impl]: Unimplemented sceGxmDepthStencilSurfaceSetBackgroundStencil import called.
[04:31:56.506] |E| [export_sceGxmTextureInitTiled]: Initialized texture with unsupported texture format: 0x15000000
[04:31:56.509] |E| [export_sceGxmTextureInitTiled]: Initialized texture with unsupported texture format: 0x15000000
[04:31:56.561] |W| [stubbed_impl]: Stubbed sceKernelWaitEventFlagCB import called. (no CB)
[04:31:56.576] |W| [stubbed_impl]: Stubbed sceKernelLockLwMutexCB import called. (no CB)
[04:31:56.584] |W| [stubbed_impl]: Stubbed sceKernelDelayThreadCB import called. (no CB)
[04:31:56.620] |I| [export_sceIoOpen]: Opening file: app0:/data/VITA/game_resident.cpk
[04:31:56.654] |I| [export_sceIoOpen]: Opening file: app0:/data/VITA/game_resident.cpk
[04:31:56.672] |I| [export_sceIoOpen]: Opening file: app0:/data/VITA/game_progress.cpk
[04:31:56.690] |I| [export_sceIoOpen]: Opening file: app0:/data/VITA/game_progress.cpk
[04:31:56.692] |I| [export_sceIoOpen]: Opening file: app0:/data/VITA/game_story.cpk
[04:31:56.717] |I| [export_sceIoOpen]: Opening file: app0:/data/VITA/game_story.cpk
[04:31:56.719] |I| [export_sceIoOpen]: Opening file: app0:/data/VITA/sound.cpk
[04:31:56.729] |I| [export_sceIoOpen]: Opening file: app0:/data/VITA/sound.cpk
[04:31:56.730] |W| [stubbed_impl]: Stubbed sceNgsSystemGetRequiredMemorySize import called. (size = 1)
[04:31:56.730] |W| [unimplemented_impl]: Unimplemented sceNgsSystemInit import called.
[04:31:56.732] |W| [unimplemented_impl]: Unimplemented sceNgsVoiceDefGetTemplate1 import called.
[04:31:56.733] |W| [stubbed_impl]: Stubbed sceNgsRackGetRequiredMemorySize import called. (size = 1)
[04:31:56.734] |W| [unimplemented_impl]: Unimplemented sceNgsVoiceDefGetAtrac9Voice import called.
[04:31:56.735] |W| [unimplemented_impl]: Unimplemented sceNgsVoiceDefGetMixerBuss import called.
[04:31:56.737] |W| [unimplemented_impl]: Unimplemented sceNgsVoiceDefGetMasterBuss import called.
[04:31:56.738] |W| [unimplemented_impl]: Unimplemented sceNgsSystemRelease import called.
[04:31:56.742] |W| [unimplemented_impl]: Unimplemented sceNgsRackInit import called.
[04:31:56.743] |W| [unimplemented_impl]: Unimplemented sceNgsRackGetVoiceHandle import called.
[04:31:56.743] |W| [unimplemented_impl]: Unimplemented sceNgsVoicePlay import called.
[04:31:56.745] |W| [unimplemented_impl]: Unimplemented sceNgsPatchCreateRouting import called.
[04:31:56.747] |W| [stubbed_impl]: Stubbed sceNgsPatchGetInfo import called. (2 in/out channels)
[04:31:56.748] |W| [unimplemented_impl]: Unimplemented sceNgsVoicePatchSetVolumesMatrix import called.
[04:31:56.755] |W| [unimplemented_impl]: Unimplemented sceNgsSystemUpdate import called.
[04:31:56.756] |W| [unimplemented_impl]: Unimplemented sceNgsVoiceGetStateData import called.
[04:31:56.760] |W| [unimplemented_impl]: Unimplemented sceAudioOutGetAdopt import called.
[04:31:56.772] |W| [unimplemented_impl]: Unimplemented sceNgsVoiceSetModuleCallback import called.
[04:31:56.773] |W| [unimplemented_impl]: Unimplemented sceNgsVoiceBypassModule import called.
[04:31:56.774] |W| [stubbed_impl]: Stubbed sceNgsVoiceLockParams import called. (Ngs buffer stubbed)
[04:31:56.775] |W| [unimplemented_impl]: Unimplemented sceNgsVoiceUnlockParams import called.
[04:31:56.824] |E| [export_sceGxmTextureInitTiled]: Initialized texture with unsupported texture format: 0x15000000
[04:31:56.844] |W| [unimplemented_impl]: Unimplemented sceKernelCreateCallback import called.
[04:31:56.845] |W| [unimplemented_impl]: Unimplemented sceDisplayRegisterVblankStartCallback import called.
[04:31:56.851] |W| [unimplemented_impl]: Unimplemented sceTouchEnableTouchForce import called.
[04:31:57.035] |C| [run]: Unicorn error 0x7 at: start PC: 0x821E008D error PC 0x824D7986 LR: 0x9E31
