[22:08:12.553] |I| [SDL_main]:  Vita3K v0.1 295-930b9fd
[22:08:12.654] |I| [load_vpk]:  Path: E:\Games\Vita3K\Rom\Urban Trial Freestyle.vpk
[22:08:12.655] |I| [load_vpk]:  Title: Urban Trial Freestyle
[22:08:12.655] |I| [load_vpk]:  Serial: PCSB00038
[22:08:12.655] |I| [load_vpk]:  Category: gd
[22:08:12.690] |I| [load_self]:  *** Loading symbols for (S)ELF: app0:sce_module/libc.suprx
[22:08:12.690] |D| [load_var_exports]:  	NID 0x6c2224ba (NID_MODULE_INFO) at 0x2f220
[22:08:12.690] |E| [load_var_imports]:  	NID NOT FOUND 0xdf084dfa (UNRECOGNISED) at 0x329f0: 0x000240
[22:08:12.691] |I| [load_vpk]:  LIBC loaded
[22:08:12.694] |I| [load_self]:  *** Loading symbols for (S)ELF: app0:eboot.bin
[22:08:12.695] |D| [load_var_exports]:  	NID 0x6c2224ba (NID_MODULE_INFO) at 0x812004a4
[22:08:12.695] |D| [load_var_exports]:  	NID 0x70fba1e7 (SCE_PROC_PARAMS) at 0x8129b4f8
[22:08:12.786] |W| [unimplemented_impl]:  Unimplemented sceKernelCreateLwCond import called.
[22:08:12.787] |I| [export_sceIoOpen]:  Opening file: tty0:
[22:08:12.787] |I| [export_sceIoOpen]:  Opening file: tty0:
[22:08:12.787] |I| [export_sceIoOpen]:  Opening file: tty1:
[22:08:12.794] |I| [load_self]:  *** Loading symbols for (S)ELF: app0:mai_moe/mai.suprx
[22:08:12.794] |D| [load_var_exports]:  	NID 0x6c2224ba (NID_MODULE_INFO) at 0xc8857e4
[22:08:12.795] |D| [load_var_exports]:  	NID 0x70fba1e7 (SCE_PROC_PARAMS) at 0xc885840
[22:08:12.817] |I| [export_sceIoOpen]:  Opening file: app0:mai_moe/load_type.mai
[22:08:12.819] |I| [load_self]:  *** Loading symbols for (S)ELF: app0:sce_module/libfios2.suprx
[22:08:12.820] |D| [load_var_exports]:  	NID 0x6c2224ba (NID_MODULE_INFO) at 0xc923cb0
[22:08:12.827] |W| [unimplemented_impl]:  Unimplemented sceKernelGetProcessId import called.
[22:08:12.827] |I| [export_sceKernelLoadStartModule]:  SceLibFios2 returned 0x000000
[22:08:12.831] |I| [load_self]:  *** Loading symbols for (S)ELF: app0:sce_module/libfios2_m.suprx
[22:08:12.832] |D| [load_var_exports]:  	NID 0x6c2224ba (NID_MODULE_INFO) at 0xc94ccb0
[22:08:12.845] |I| [export_sceKernelLoadStartModule]:  mceLibFios2 returned 0x000000
[22:08:12.918] |I| [export_sceKernelLoadStartModule]:  output/testprx.elf returned 0x000000
[22:08:13.046] |W| [unimplemented_impl]:  Unimplemented sceKernelCreateSema_16XX import called.
