[22:15:02.743] |I| [config::init_config]: backend-renderer: Vulkan
[22:15:02.745] |I| [config::init_config]: log-level: 0
[22:15:02.945] |I| [SDL_main]: Vita3K v0.1.6 2841-0c75bbb5
[22:15:02.945] |I| [SDL_main]: Number of logical CPU cores: 32
[22:15:02.945] |I| [SDL_main]: Available ram memory: 32648 MiB
[22:15:03.034] |I| [renderer::vulkan::VKState::create]: Vulkan device: NVIDIA GeForce RTX 3060 Ti
[22:15:03.034] |I| [renderer::vulkan::VKState::create]: Driver version: 516.94.0.0
[22:15:03.272] |I| [renderer::vulkan::ScreenRenderer::setup]: Present mode: Mailbox
[22:15:07.944] |I| [load_app_impl]: cpu-backend: Dynarmic
[22:15:07.944] |I| [load_app_impl]: CPU Optimisation state: true
[22:15:07.944] |I| [load_app_impl]: ngs state: true
[22:15:07.945] |I| [load_app_impl]: Resolution multiplier: 1
[22:15:07.951] |I| [load_app_impl]: 1 Controllers Connected
[22:15:07.952] |I| [load_app_impl]: Controller 0: PS5 Controller
[22:15:07.952] |I| [load_app_impl]: modules mode: Automatic
[22:15:07.952] |I| [load_app_impl]: Title: うたわれるもの 二人の白皇
[22:15:07.952] |I| [load_app_impl]: Serial: PCSG00838
[22:15:07.952] |I| [load_app_impl]: Version: 1.00
[22:15:07.952] |I| [load_app_impl]: Category: gd
[22:15:07.962] |I| [load_self]: Loaded module segment 0 @ [0x00004000 - 0x000558A4 / 0x81000000] (size: 0x000518A4) of module app0:sce_module/libc.suprx
[22:15:07.962] |I| [load_self]: Loaded module segment 1 @ [0x00056000 - 0x000588A0 / 0x81052000] (size: 0x000028A0) of module app0:sce_module/libc.suprx
[22:15:07.962] |I| [load_self]: Linking SELF app0:sce_module/libc.suprx...
[22:15:07.963] |D| [load_var_exports]: 	NID 0x936C8A78 (SYSLYB) at 0x4B314
[22:15:07.963] |D| [load_var_exports]: 	NID 0x6C2224BA (NID_MODULE_INFO) at 0x404DC
[22:15:07.963] |W| [load_var_imports]: 	NID NOT FOUND 0x93B8AA67 (__stack_chk_guard) at 0x4463C, setting to stub value 0xDEADBEEF
[22:15:07.964] |W| [load_var_imports]: 	NID NOT FOUND 0xDF084DFA (UNRECOGNISED) at 0x461D0, setting to stub value 0xDEADBEEF
[22:15:07.964] |I| [pre_load_module]: Pre-load module SceLibc (at "sce_module/libc.suprx") loaded
[22:15:07.970] |I| [load_self]: Loaded module segment 0 @ [0x0005B000 - 0x00087CBF / 0x81000000] (size: 0x0002CCBF) of module app0:sce_module/libfios2.suprx
[22:15:07.971] |I| [load_self]: Loaded module segment 1 @ [0x00088000 - 0x0008D255 / 0x8102D000] (size: 0x00005255) of module app0:sce_module/libfios2.suprx
[22:15:07.972] |I| [load_self]: Linking SELF app0:sce_module/libfios2.suprx...
[22:15:07.972] |D| [load_var_exports]: 	NID 0x936C8A78 (SYSLYB) at 0x87BC8
[22:15:07.973] |D| [load_var_exports]: 	NID 0x6C2224BA (NID_MODULE_INFO) at 0x7EF08
[22:15:07.973] |I| [pre_load_module]: Pre-load module SceLibFios2 (at "sce_module/libfios2.suprx") loaded
[22:15:07.977] |I| [load_self]: Loaded module segment 0 @ [0x0008E000 - 0x000A19BC / 0x81000000] (size: 0x000139BC) of module app0:sce_module/libult.suprx
[22:15:07.978] |I| [load_self]: Loaded module segment 1 @ [0x000A2000 - 0x000A2814 / 0x81014000] (size: 0x00000814) of module app0:sce_module/libult.suprx
[22:15:07.978] |I| [load_self]: Linking SELF app0:sce_module/libult.suprx...
[22:15:07.979] |D| [load_var_exports]: 	NID 0x936C8A78 (SYSLYB) at 0xA02E8
[22:15:07.979] |D| [load_var_exports]: 	NID 0x6C2224BA (NID_MODULE_INFO) at 0x9D870
[22:15:07.980] |I| [pre_load_module]: Pre-load module SceUlt (at "sce_module/libult.suprx") loaded
[22:15:07.987] |I| [load_self]: Loaded module segment 0 @ [0x000A3000 - 0x000F3F04 / 0x81000000] (size: 0x00050F04) of module vs0:sys/external/libSceFt2.suprx
[22:15:07.988] |I| [load_self]: Loaded module segment 1 @ [0x000F4000 - 0x000F42F4 / 0x81051000] (size: 0x000002F4) of module vs0:sys/external/libSceFt2.suprx
[22:15:07.989] |I| [load_self]: Linking SELF vs0:sys/external/libSceFt2.suprx...
[22:15:07.989] |D| [load_var_exports]: 	NID 0x936C8A78 (SYSLYB) at 0xDF7DC
[22:15:07.989] |D| [load_var_exports]: 	NID 0x6C2224BA (NID_MODULE_INFO) at 0xDEF10
[22:15:07.990] |I| [pre_load_module]: Pre-load module SceLibft2 (at "sys/external/libSceFt2.suprx") loaded
[22:15:07.993] |I| [load_self]: Loaded module segment 0 @ [0x000F5000 - 0x00104F14 / 0x81000000] (size: 0x0000FF14) of module vs0:sys/external/libpvf.suprx
[22:15:07.993] |I| [load_self]: Loaded module segment 1 @ [0x00105000 - 0x00105008 / 0x81010000] (size: 0x00000008) of module vs0:sys/external/libpvf.suprx
[22:15:07.994] |I| [load_self]: Linking SELF vs0:sys/external/libpvf.suprx...
[22:15:07.995] |D| [load_var_exports]: 	NID 0x936C8A78 (SYSLYB) at 0x103710
[22:15:07.995] |D| [load_var_exports]: 	NID 0x6C2224BA (NID_MODULE_INFO) at 0x103300
[22:15:07.996] |I| [pre_load_module]: Pre-load module SceLibPvf (at "sys/external/libpvf.suprx") loaded
[22:15:08.075] |I| [load_self]: Loaded module segment 0 @ [0x81B00FE0 - 0x81F57590 / 0x81B00FE0] (size: 0x004565B0) of module app0:eboot.bin
[22:15:08.077] |I| [load_self]: Loaded module segment 1 @ [0x82000610 - 0x823D8884 / 0x82000610] (size: 0x003D8274) of module app0:eboot.bin
[22:15:08.077] |I| [load_self]: Linking SELF app0:eboot.bin...
[22:15:08.078] |D| [load_var_exports]: 	NID 0x6C2224BA (NID_MODULE_INFO) at 0x81C981CC
[22:15:08.078] |D| [load_var_exports]: 	NID 0x70FBA1E7 (SCE_PROC_PARAMS) at 0x8200595C
[22:15:08.079] |D| [load_var_exports]: 	NID 0x936C8A78 (SYSLYB) at 0x81F501B0
[22:15:08.079] |I| [load_app_impl]: Main executable VitaMain (eboot.bin) loaded
[22:15:08.080] |I| [renderer::vulkan::PipelineCache::read_pipeline_cache]: Found pipeline cache, reading...
[22:15:08.080] |I| [renderer::vulkan::PipelineCache::read_pipeline_cache]: Pipeline cache read and loaded
[22:15:08.082] |I| [renderer::vulkan::VKState::precompile_shader]: Program Compiled 1/29
[22:15:08.082] |I| [renderer::vulkan::VKState::precompile_shader]: Program Compiled 2/29
[22:15:08.083] |I| [renderer::vulkan::VKState::precompile_shader]: Program Compiled 3/29
[22:15:08.083] |I| [renderer::vulkan::VKState::precompile_shader]: Program Compiled 4/29
[22:15:08.084] |I| [renderer::vulkan::VKState::precompile_shader]: Program Compiled 5/29
[22:15:08.085] |I| [renderer::vulkan::VKState::precompile_shader]: Program Compiled 6/29
[22:15:08.085] |I| [renderer::vulkan::VKState::precompile_shader]: Program Compiled 7/29
[22:15:08.086] |I| [renderer::vulkan::VKState::precompile_shader]: Program Compiled 8/29
[22:15:08.086] |I| [renderer::vulkan::VKState::precompile_shader]: Program Compiled 9/29
[22:15:08.087] |I| [renderer::vulkan::VKState::precompile_shader]: Program Compiled 10/29
[22:15:08.087] |I| [renderer::vulkan::VKState::precompile_shader]: Program Compiled 11/29
[22:15:08.088] |I| [renderer::vulkan::VKState::precompile_shader]: Program Compiled 12/29
[22:15:08.088] |I| [renderer::vulkan::VKState::precompile_shader]: Program Compiled 13/29
[22:15:08.092] |I| [renderer::vulkan::VKState::precompile_shader]: Program Compiled 14/29
[22:15:08.093] |I| [renderer::vulkan::VKState::precompile_shader]: Program Compiled 15/29
[22:15:08.093] |I| [renderer::vulkan::VKState::precompile_shader]: Program Compiled 16/29
[22:15:08.094] |I| [renderer::vulkan::VKState::precompile_shader]: Program Compiled 17/29
[22:15:08.095] |I| [renderer::vulkan::VKState::precompile_shader]: Program Compiled 18/29
[22:15:08.095] |I| [renderer::vulkan::VKState::precompile_shader]: Program Compiled 19/29
[22:15:08.096] |I| [renderer::vulkan::VKState::precompile_shader]: Program Compiled 20/29
[22:15:08.096] |I| [renderer::vulkan::VKState::precompile_shader]: Program Compiled 21/29
[22:15:08.097] |I| [renderer::vulkan::VKState::precompile_shader]: Program Compiled 22/29
[22:15:08.102] |I| [renderer::vulkan::VKState::precompile_shader]: Program Compiled 23/29
[22:15:08.104] |I| [renderer::vulkan::VKState::precompile_shader]: Program Compiled 24/29
[22:15:08.106] |I| [renderer::vulkan::VKState::precompile_shader]: Program Compiled 25/29
[22:15:08.106] |I| [renderer::vulkan::VKState::precompile_shader]: Program Compiled 26/29
[22:15:08.108] |I| [renderer::vulkan::VKState::precompile_shader]: Program Compiled 27/29
[22:15:08.109] |I| [renderer::vulkan::VKState::precompile_shader]: Program Compiled 28/29
[22:15:08.110] |I| [renderer::vulkan::VKState::precompile_shader]: Program Compiled 29/29
[22:15:08.125] |D| [run_app]: Running module_start of library: SceLibc at address 0x4871
[22:15:08.201] |T| [open_file]: sceKernelGetStdin: Opening terminal tty0:
[22:15:08.201] |T| [open_file]: sceKernelGetStdout: Opening terminal tty0:
[22:15:08.202] |T| [open_file]: sceKernelGetStderr: Opening terminal tty0:
[22:15:08.210] |I| [run_app]: Module SceLibc (at "app0:sce_module/libc.suprx") module_start returned 0x0
[22:15:08.214] |D| [run_app]: Running module_start of library: SceLibFios2 at address 0x5B001
[22:15:08.229] |W| [stubbed_impl]: Stubbed sceKernelGetProcessId import called. (pid: 0)
[22:15:08.229] |I| [run_app]: Module SceLibFios2 (at "app0:sce_module/libfios2.suprx") module_start returned 0x0
[22:15:08.233] |D| [run_app]: Running module_start of library: SceUlt at address 0x91771
[22:15:08.247] |W| [unimplemented_impl]: Unimplemented _sceUlobjMgrRegisterLibultProtocolRevision import called.
[22:15:08.247] |I| [run_app]: Module SceUlt (at "app0:sce_module/libult.suprx") module_start returned 0x0
[22:15:08.252] |T| [open_file]: _sceKernelLoadStartModule: Opening file app0:mai_moe/mai.suprx (ux0:/app/PCSG00838/mai_moe/mai.suprx), fd: 0x3
[22:15:08.254] |I| [load_self]: Loaded module segment 0 @ [0x00148000 - 0x0014AC4C / 0x00008000] (size: 0x00002C4C) of module app0:mai_moe/mai.suprx
[22:15:08.256] |I| [load_self]: Loaded module segment 1 @ [0x0ED4D000 - 0x0ED4E828 / 0x00020000] (size: 0x00001828) of module app0:mai_moe/mai.suprx
[22:15:08.256] |I| [load_self]: Linking SELF app0:mai_moe/mai.suprx...
[22:15:08.257] |D| [load_var_exports]: 	NID 0x6C2224BA (NID_MODULE_INFO) at 0x14A80C
[22:15:08.257] |D| [load_var_exports]: 	NID 0x70FBA1E7 (SCE_PROC_PARAMS) at 0x14A868
[22:15:08.258] |T| [close_file]: _sceKernelLoadStartModule: Closing file fd: 0x3
[22:15:08.274] |E| [logging::ret_error_impl]: _sceAppMgrAppParamGetString returned SCE_APPMGR_ERROR_INVALID (0x8080201A)
[22:15:08.274] |I| [export_sceIoOpen]: Opening file: app0:mai_moe/load_type.mai
[22:15:08.274] |T| [open_file]: sceIoOpen: Opening file app0:mai_moe/load_type.mai (ux0:/app/PCSG00838/mai_moe/load_type.mai), fd: 0x4
[22:15:08.275] |T| [close_file]: sceIoClose: Closing file fd: 0x4
[22:15:08.276] |I| [start_module]: Module SceLibFios2 (at "app0:sce_module/libfios2.suprx") module_start returned 0x0
[22:15:08.276] |T| [open_file]: _sceKernelLoadStartModule: Opening file app0:sce_module/libfios2_m.suprx (ux0:/app/PCSG00838/sce_module/libfios2_m.suprx), fd: 0x5
[22:15:08.278] |I| [load_self]: Loaded module segment 0 @ [0x0EDD1000 - 0x0EDFDCBF / 0x81000000] (size: 0x0002CCBF) of module app0:sce_module/libfios2_m.suprx
[22:15:08.278] |I| [load_self]: Loaded module segment 1 @ [0x0EDFE000 - 0x0EE03255 / 0x8102D000] (size: 0x00005255) of module app0:sce_module/libfios2_m.suprx
[22:15:08.279] |I| [load_self]: Linking SELF app0:sce_module/libfios2_m.suprx...
[22:15:08.279] |D| [load_var_exports]: 	NID 0x936C8A78 (SYSLYB) at 0xEDFDBC8
[22:15:08.280] |D| [load_var_exports]: 	NID 0x6C2224BA (NID_MODULE_INFO) at 0xEDF4F08
[22:15:08.280] |T| [close_file]: _sceKernelLoadStartModule: Closing file fd: 0x5
[22:15:08.282] |I| [start_module]: Module mceLibFios2 (at "app0:sce_module/libfios2_m.suprx") module_start returned 0x0
[22:15:08.282] |E| [open_dir]: Directory does not exist at: F:/vita3k/ux0/plugins/ (target path: ux0:plugins)
[22:15:08.282] |W| [io_error_impl]: open_dir (_sceIoDopen) returned 0x80010002
[22:15:08.283] |W| [io_error_impl]: read_dir (_sceIoDread) returned 0x80010051
[22:15:08.283] |W| [io_error_impl]: close_dir (sceIoDclose) returned 0x80010018
[22:15:08.374] |I| [start_module]: Module output/testprx.elf (at "app0:mai_moe/mai.suprx") module_start returned 0x0
[22:15:08.380] |I| [load_module]: Loading module ID: 0x30
[22:15:08.381] |I| [load_self]: sys/external/libatrac.suprx: Skipping special segment 0x6FFFFF01...
[22:15:08.382] |I| [load_self]: Loaded module segment 0 @ [0x0EE04000 - 0x0EE0755C / 0x81000000] (size: 0x0000355C) of module sys/external/libatrac.suprx
[22:15:08.382] |I| [load_self]: Loaded module segment 1 @ [0x0EE08000 - 0x0EE09038 / 0x81004000] (size: 0x00001038) of module sys/external/libatrac.suprx
[22:15:08.383] |I| [load_self]: Linking SELF sys/external/libatrac.suprx...
[22:15:08.384] |D| [load_var_exports]: 	NID 0x936C8A78 (SYSLYB) at 0xEE07558
[22:15:08.384] |D| [load_var_exports]: 	NID 0x6C2224BA (NID_MODULE_INFO) at 0xEE06DB4
[22:15:08.385] |I| [load_module]: Module SceAtrac (at "sys/external/libatrac.suprx") loaded
[22:15:08.385] |D| [load_module]: Running module_start of module: SceAtrac
[22:15:08.386] |I| [load_module]: Module SceAtrac (at "sys/external/libatrac.suprx") module_start returned 0x0
[22:15:08.386] |I| [load_module]: Loading module ID: 0x4C
[22:15:08.389] |I| [load_self]: sys/external/libsceavplayer.suprx: Skipping special segment 0x6FFFFF01...
[22:15:08.391] |I| [load_self]: Loaded module segment 0 @ [0x0EE0A000 - 0x0EE1E9FC / 0x81000000] (size: 0x000149FC) of module sys/external/libsceavplayer.suprx
[22:15:08.392] |I| [load_self]: Loaded module segment 1 @ [0x0EE1F000 - 0x0EE1F06C / 0x81015000] (size: 0x0000006C) of module sys/external/libsceavplayer.suprx
[22:15:08.393] |I| [load_self]: Linking SELF sys/external/libsceavplayer.suprx...
[22:15:08.393] |D| [load_var_exports]: 	NID 0x936C8A78 (SYSLYB) at 0xEE1BD40
[22:15:08.394] |D| [load_var_exports]: 	NID 0x6C2224BA (NID_MODULE_INFO) at 0xEE1A548
[22:15:08.394] |I| [load_module]: Module SceAvPlayer (at "sys/external/libsceavplayer.suprx") loaded
[22:15:08.395] |D| [load_module]: Running module_start of module: SceAvPlayer
[22:15:08.395] |I| [load_module]: Module SceAvPlayer (at "sys/external/libsceavplayer.suprx") module_start returned 0x0
[22:15:08.398] |I| [load_self]: sys/external/libscemp4.suprx: Skipping special segment 0x6FFFFF01...
[22:15:08.398] |I| [load_self]: Loaded module segment 0 @ [0x0EE20000 - 0x0EE2FD20 / 0x81000000] (size: 0x0000FD20) of module sys/external/libscemp4.suprx
[22:15:08.399] |I| [load_self]: Loaded module segment 1 @ [0x0EE30000 - 0x0EE30028 / 0x81010000] (size: 0x00000028) of module sys/external/libscemp4.suprx
[22:15:08.399] |I| [load_self]: Linking SELF sys/external/libscemp4.suprx...
[22:15:08.400] |D| [load_var_exports]: 	NID 0x936C8A78 (SYSLYB) at 0xEE2F9D0
[22:15:08.400] |D| [load_var_exports]: 	NID 0x6C2224BA (NID_MODULE_INFO) at 0xEE2E8C4
[22:15:08.401] |I| [load_module]: Module SceMp4 (at "sys/external/libscemp4.suprx") loaded
[22:15:08.499] |W| [stubbed_impl]: Stubbed sceGxmMapFragmentUsseMemory import called. (always return success)
[22:15:08.608] |W| [unimplemented_impl]: Unimplemented sceGxmColorSurfaceSetDitherMode import called.
[22:15:08.609] |E| [logging::ret_error_impl]: sceKernelTryLockLwMutex returned SCE_KERNEL_ERROR_LW_MUTEX_FAILED_TO_OWN (0x80028185)
[22:15:08.667] |W| [unimplemented_impl]: Unimplemented sceAudioOutSetAlcMode import called.
[22:15:08.667] |T| [log_import_call]: [LLE] TID: 7   FUNC: 0x1A34B331 sceAtracQueryDecoderGroupMemSize at 0x81C974B0
[22:15:08.668] |T| [log_import_call]: [LLE] TID: 7   FUNC: 0x1BFB98C sceAtracCreateDecoderGroup at 0x81C97490
[22:15:08.702] |W| [unimplemented_impl]: Unimplemented sceTouchDisableTouchForce import called.
[22:15:08.703] |W| [unimplemented_impl]: Unimplemented sceAppUtilInit import called.
[22:15:08.708] |W| [unimplemented_impl]: Unimplemented sceMotionStopSampling import called.
[22:15:08.708] |W| [unimplemented_impl]: Unimplemented sceMotionMagnetometerOff import called.
[22:15:08.711] |E| [stat_file]: Missing file at F:/vita3k/ux0/app/PCSG00838/DLC00_080_00.txt (target path: app0:/DLC00_080_00.txt)
[22:15:08.712] |W| [io_error_impl]: stat_file (_sceIoGetstat) returned 0x80010002
[22:15:08.713] |E| [stat_file]: Missing file at F:/vita3k/ux0/app/PCSG00838/DLC02_080_01.txt (target path: app0:/DLC02_080_01.txt)
[22:15:08.713] |W| [io_error_impl]: stat_file (_sceIoGetstat) returned 0x80010002
[22:15:08.714] |E| [stat_file]: Missing file at F:/vita3k/ux0/app/PCSG00838/DLC01_081_00.txt (target path: app0:/DLC01_081_00.txt)
[22:15:08.715] |W| [io_error_impl]: stat_file (_sceIoGetstat) returned 0x80010002
[22:15:08.715] |E| [stat_file]: Missing file at F:/vita3k/ux0/app/PCSG00838/DLC03_081_01.txt (target path: app0:/DLC03_081_01.txt)
[22:15:08.716] |W| [io_error_impl]: stat_file (_sceIoGetstat) returned 0x80010002
[22:15:08.717] |W| [unimplemented_impl]: Unimplemented sceAppUtilAddcontMount import called.
[22:15:08.717] |W| [unimplemented_impl]: Unimplemented sceAppUtilAddcontUmount import called.
[22:15:08.930] |I| [export_sceIoOpen]: Opening file: app0:/DataBase.sdat
[22:15:08.930] |T| [open_file]: sceIoOpen: Opening file app0:/DataBase.sdat (ux0:/app/PCSG00838/DataBase.sdat), fd: 0x6
[22:15:08.943] |I| [export_sceIoOpen]: Opening file: app0:/Grp1.sdat
[22:15:08.943] |T| [open_file]: sceIoOpen: Opening file app0:/Grp1.sdat (ux0:/app/PCSG00838/Grp1.sdat), fd: 0x7
[22:15:08.951] |I| [export_sceIoOpen]: Opening file: app0:/Grp2.sdat
[22:15:08.951] |T| [open_file]: sceIoOpen: Opening file app0:/Grp2.sdat (ux0:/app/PCSG00838/Grp2.sdat), fd: 0x8
[22:15:08.959] |I| [export_sceIoOpen]: Opening file: app0:/Model.sdat
[22:15:08.960] |T| [open_file]: sceIoOpen: Opening file app0:/Model.sdat (ux0:/app/PCSG00838/Model.sdat), fd: 0x9
[22:15:08.967] |I| [export_sceIoOpen]: Opening file: app0:/PatternFade.sdat
[22:15:08.967] |T| [open_file]: sceIoOpen: Opening file app0:/PatternFade.sdat (ux0:/app/PCSG00838/PatternFade.sdat), fd: 0xA
[22:15:08.976] |I| [export_sceIoOpen]: Opening file: app0:/Texture/nowloading.tex
[22:15:08.977] |T| [open_file]: sceIoOpen: Opening file app0:/Texture/nowloading.tex (ux0:/app/PCSG00838/Texture/nowloading.tex), fd: 0xB
[22:15:08.981] |T| [close_file]: sceIoClose: Closing file fd: 0xB
[22:15:09.037] |W| [unimplemented_impl]: Unimplemented sceGxmSetWBufferEnable import called.
[22:15:09.038] |E| [logging::ret_error_impl]: sceGxmPadHeartbeat returned SCE_GXM_ERROR_INVALID_POINTER (0x805B0004)
[22:15:09.157] |I| [export_sceIoOpen]: Opening file: app0:/Exi_UT2.sdat
[22:15:09.157] |T| [open_file]: sceIoOpen: Opening file app0:/Exi_UT2.sdat (ux0:/app/PCSG00838/Exi_UT2.sdat), fd: 0xC
[22:15:09.192] |T| [close_file]: sceIoClose: Closing file fd: 0xC
[22:15:09.195] |W| [stubbed_impl]: Stubbed sceGxmMapVertexUsseMemory import called. (always return success)
[22:15:09.296] |I| [export_sceIoOpen]: Opening file: app0:/SE_OnMemory.sdat
[22:15:09.297] |T| [open_file]: sceIoOpen: Opening file app0:/SE_OnMemory.sdat (ux0:/app/PCSG00838/SE_OnMemory.sdat), fd: 0xD
[22:15:09.300] |T| [close_file]: sceIoClose: Closing file fd: 0xD
[22:15:09.301] |I| [export_sceIoOpen]: Opening file: app0:/BGM.pck
[22:15:09.301] |T| [open_file]: sceIoOpen: Opening file app0:/BGM.pck (ux0:/app/PCSG00838/BGM.pck), fd: 0xE
[22:15:09.308] |I| [export_sceIoOpen]: Opening file: app0:/Voice.pck
[22:15:09.308] |T| [open_file]: sceIoOpen: Opening file app0:/Voice.pck (ux0:/app/PCSG00838/Voice.pck), fd: 0xF
[22:15:09.316] |I| [export_sceIoOpen]: Opening file: app0:/BtlVoice.pck
[22:15:09.316] |T| [open_file]: sceIoOpen: Opening file app0:/BtlVoice.pck (ux0:/app/PCSG00838/BtlVoice.pck), fd: 0x10
[22:15:09.324] |I| [export_sceIoOpen]: Opening file: app0:/SE.pck
[22:15:09.324] |T| [open_file]: sceIoOpen: Opening file app0:/SE.pck (ux0:/app/PCSG00838/SE.pck), fd: 0x11
[22:15:09.494] |I| [export_sceIoOpen]: Opening file: app0:/Texture/general.tex
[22:15:09.494] |T| [open_file]: sceIoOpen: Opening file app0:/Texture/general.tex (ux0:/app/PCSG00838/Texture/general.tex), fd: 0x12
[22:15:09.500] |T| [log_import_call]: [LLE] TID: 95  FUNC: 0xD1997678 sceAtracSetDataAndAcquireHandle at 0x81C97540
[22:15:09.505] |E| [call_import]: Import function for NID 0xE340CEE0 not found (thread name: Thread UserThread, thread ID: 97)
[22:15:09.505] |T| [log_import_call]: [LLE] TID: 95  FUNC: 0x68DFC199 sceAtracGetContentInfo at 0x81C97510
[22:15:09.507] |T| [log_import_call]: [LLE] TID: 95  FUNC: 0xDC768033 sceAtracGetLoopInfo at 0x81C97560
[22:15:09.538] |T| [log_import_call]: [LLE] TID: 95  FUNC: 0x75B0C63 sceAtracSetOutputSamples at 0x81C974A0
[22:15:09.539] |T| [log_import_call]: [LLE] TID: 97  FUNC: 0x5B36CDB5 sceAtracGetOutputableSamples at 0x81C974F0
[22:15:09.540] |T| [log_import_call]: [LLE] TID: 95  FUNC: 0x722F5004 sceAtracIsSubBufferNeeded at 0x81C97530
[22:15:09.542] |T| [log_import_call]: [LLE] TID: 95  FUNC: 0x29C74EE3 sceAtracDecode at 0x81C974D0
[22:15:09.545] |T| [close_file]: sceIoClose: Closing file fd: 0x12
[22:15:09.566] |T| [log_import_call]: [LLE] TID: 95  FUNC: 0xD9409E57 sceAtracGetStreamInfo at 0x81C97550
[22:15:09.722] |I| [export_sceIoOpen]: Opening file: app0:/Texture/select_obi.tex
[22:15:09.723] |T| [open_file]: sceIoOpen: Opening file app0:/Texture/select_obi.tex (ux0:/app/PCSG00838/Texture/select_obi.tex), fd: 0x13
[22:15:09.726] |T| [close_file]: sceIoClose: Closing file fd: 0x13
[22:15:09.750] |I| [export_sceIoOpen]: Opening file: app0:/Texture/battle.tex
[22:15:09.750] |T| [open_file]: sceIoOpen: Opening file app0:/Texture/battle.tex (ux0:/app/PCSG00838/Texture/battle.tex), fd: 0x14
[22:15:09.756] |T| [close_file]: sceIoClose: Closing file fd: 0x14
[22:15:10.032] |I| [export_sceIoOpen]: Opening file: app0:/Texture/option.tex
[22:15:10.033] |T| [open_file]: sceIoOpen: Opening file app0:/Texture/option.tex (ux0:/app/PCSG00838/Texture/option.tex), fd: 0x15
[22:15:10.038] |T| [close_file]: sceIoClose: Closing file fd: 0x15
[22:15:10.151] |I| [export_sceIoOpen]: Opening file: app0:/Font.fnt
[22:15:10.151] |T| [open_file]: sceIoOpen: Opening file app0:/Font.fnt (ux0:/app/PCSG00838/Font.fnt), fd: 0x16
[22:15:10.154] |T| [close_file]: sceIoClose: Closing file fd: 0x16
[22:15:10.160] |I| [export_sceIoOpen]: Opening file: app0:/Grp3.sdat
[22:15:10.161] |T| [open_file]: sceIoOpen: Opening file app0:/Grp3.sdat (ux0:/app/PCSG00838/Grp3.sdat), fd: 0x17
[22:15:10.166] |T| [close_file]: sceIoClose: Closing file fd: 0x17
[22:15:10.166] |I| [export_sceIoOpen]: Opening file: app0:/ScriptEvent.sdat
[22:15:10.167] |T| [open_file]: sceIoOpen: Opening file app0:/ScriptEvent.sdat (ux0:/app/PCSG00838/ScriptEvent.sdat), fd: 0x18
[22:15:10.177] |T| [close_file]: sceIoClose: Closing file fd: 0x18
[22:15:10.193] |T| [log_import_call]: [LLE] TID: 95  FUNC: 0x8EF251 sceAtracReleaseHandle at 0x81C97480
[22:15:10.473] |T| [open_file]: create_trophy_context: Opening file app0:/sce_sys/trophy/NPWR10330_00/TROPHY.TRP (ux0:/app/PCSG00838/sce_sys/trophy/NPWR10330_00/TROPHY.TRP), fd: 0x19
[22:15:10.475] |T| [open_file]: create_trophy_context: Opening file ux0:/user/00/trophy/data/NPWR10330_00/TROPUSR.DAT (ux0:/user/00/trophy/data/NPWR10330_00/TROPUSR.DAT), fd: 0x1A
[22:15:10.476] |T| [open_file]: install_trophy_context: Opening file ux0:/user/00/trophy/conf/NPWR10330_00/TROPCONF.SFM (ux0:/user/00/trophy/conf/NPWR10330_00/TROPCONF.SFM), fd: 0x1B
[22:15:10.476] |T| [write_file]: install_trophy_context: Writing to fd: 0x1B, size: 3571
[22:15:10.477] |T| [close_file]: install_trophy_context: Closing file fd: 0x1B
[22:15:10.477] |T| [open_file]: install_trophy_context: Opening file ux0:/user/00/trophy/conf/NPWR10330_00/TROP.SFM (ux0:/user/00/trophy/conf/NPWR10330_00/TROP.SFM), fd: 0x1C
[22:15:10.478] |T| [write_file]: install_trophy_context: Writing to fd: 0x1C, size: 9536
[22:15:10.478] |T| [close_file]: install_trophy_context: Closing file fd: 0x1C
[22:15:10.479] |T| [open_file]: install_trophy_context: Opening file ux0:/user/00/trophy/conf/NPWR10330_00/ICON0.PNG (ux0:/user/00/trophy/conf/NPWR10330_00/ICON0.PNG), fd: 0x1D
[22:15:10.480] |T| [write_file]: install_trophy_context: Writing to fd: 0x1D, size: 52306
[22:15:10.480] |T| [close_file]: install_trophy_context: Closing file fd: 0x1D
[22:15:10.481] |T| [open_file]: install_trophy_context: Opening file ux0:/user/00/trophy/conf/NPWR10330_00/TROP000.PNG (ux0:/user/00/trophy/conf/NPWR10330_00/TROP000.PNG), fd: 0x1E
[22:15:10.482] |T| [write_file]: install_trophy_context: Writing to fd: 0x1E, size: 104296
[22:15:10.482] |T| [close_file]: install_trophy_context: Closing file fd: 0x1E
[22:15:10.483] |T| [open_file]: install_trophy_context: Opening file ux0:/user/00/trophy/conf/NPWR10330_00/TROP001.PNG (ux0:/user/00/trophy/conf/NPWR10330_00/TROP001.PNG), fd: 0x1F
[22:15:10.483] |T| [write_file]: install_trophy_context: Writing to fd: 0x1F, size: 92658
[22:15:10.484] |T| [close_file]: install_trophy_context: Closing file fd: 0x1F
[22:15:10.484] |T| [open_file]: install_trophy_context: Opening file ux0:/user/00/trophy/conf/NPWR10330_00/TROP002.PNG (ux0:/user/00/trophy/conf/NPWR10330_00/TROP002.PNG), fd: 0x20
[22:15:10.485] |T| [write_file]: install_trophy_context: Writing to fd: 0x20, size: 99561
[22:15:10.486] |T| [close_file]: install_trophy_context: Closing file fd: 0x20
[22:15:10.486] |T| [open_file]: install_trophy_context: Opening file ux0:/user/00/trophy/conf/NPWR10330_00/TROP003.PNG (ux0:/user/00/trophy/conf/NPWR10330_00/TROP003.PNG), fd: 0x21
[22:15:10.487] |T| [write_file]: install_trophy_context: Writing to fd: 0x21, size: 92194
[22:15:10.488] |T| [close_file]: install_trophy_context: Closing file fd: 0x21
[22:15:10.488] |T| [open_file]: install_trophy_context: Opening file ux0:/user/00/trophy/conf/NPWR10330_00/TROP004.PNG (ux0:/user/00/trophy/conf/NPWR10330_00/TROP004.PNG), fd: 0x22
[22:15:10.489] |T| [write_file]: install_trophy_context: Writing to fd: 0x22, size: 95223
[22:15:10.494] |T| [close_file]: install_trophy_context: Closing file fd: 0x22
[22:15:10.494] |T| [open_file]: install_trophy_context: Opening file ux0:/user/00/trophy/conf/NPWR10330_00/TROP005.PNG (ux0:/user/00/trophy/conf/NPWR10330_00/TROP005.PNG), fd: 0x23
[22:15:10.495] |T| [write_file]: install_trophy_context: Writing to fd: 0x23, size: 90998
[22:15:10.496] |T| [close_file]: install_trophy_context: Closing file fd: 0x23
[22:15:10.496] |T| [open_file]: install_trophy_context: Opening file ux0:/user/00/trophy/conf/NPWR10330_00/TROP006.PNG (ux0:/user/00/trophy/conf/NPWR10330_00/TROP006.PNG), fd: 0x24
[22:15:10.497] |T| [write_file]: install_trophy_context: Writing to fd: 0x24, size: 84497
[22:15:10.497] |T| [close_file]: install_trophy_context: Closing file fd: 0x24
[22:15:10.498] |T| [open_file]: install_trophy_context: Opening file ux0:/user/00/trophy/conf/NPWR10330_00/TROP007.PNG (ux0:/user/00/trophy/conf/NPWR10330_00/TROP007.PNG), fd: 0x25
[22:15:10.499] |T| [write_file]: install_trophy_context: Writing to fd: 0x25, size: 104508
[22:15:10.499] |T| [close_file]: install_trophy_context: Closing file fd: 0x25
[22:15:10.500] |T| [open_file]: install_trophy_context: Opening file ux0:/user/00/trophy/conf/NPWR10330_00/TROP008.PNG (ux0:/user/00/trophy/conf/NPWR10330_00/TROP008.PNG), fd: 0x26
[22:15:10.501] |T| [write_file]: install_trophy_context: Writing to fd: 0x26, size: 88916
[22:15:10.501] |T| [close_file]: install_trophy_context: Closing file fd: 0x26
[22:15:10.502] |T| [open_file]: install_trophy_context: Opening file ux0:/user/00/trophy/conf/NPWR10330_00/TROP009.PNG (ux0:/user/00/trophy/conf/NPWR10330_00/TROP009.PNG), fd: 0x27
[22:15:10.503] |T| [write_file]: install_trophy_context: Writing to fd: 0x27, size: 93884
[22:15:10.503] |T| [close_file]: install_trophy_context: Closing file fd: 0x27
[22:15:10.504] |T| [open_file]: install_trophy_context: Opening file ux0:/user/00/trophy/conf/NPWR10330_00/TROP010.PNG (ux0:/user/00/trophy/conf/NPWR10330_00/TROP010.PNG), fd: 0x28
[22:15:10.508] |T| [write_file]: install_trophy_context: Writing to fd: 0x28, size: 95100
[22:15:10.508] |T| [close_file]: install_trophy_context: Closing file fd: 0x28
[22:15:10.509] |T| [open_file]: install_trophy_context: Opening file ux0:/user/00/trophy/conf/NPWR10330_00/TROP011.PNG (ux0:/user/00/trophy/conf/NPWR10330_00/TROP011.PNG), fd: 0x29
[22:15:10.510] |T| [write_file]: install_trophy_context: Writing to fd: 0x29, size: 88350
[22:15:10.510] |T| [close_file]: install_trophy_context: Closing file fd: 0x29
[22:15:10.511] |T| [open_file]: install_trophy_context: Opening file ux0:/user/00/trophy/conf/NPWR10330_00/TROP012.PNG (ux0:/user/00/trophy/conf/NPWR10330_00/TROP012.PNG), fd: 0x2A
[22:15:10.512] |T| [write_file]: install_trophy_context: Writing to fd: 0x2A, size: 79131
[22:15:10.512] |T| [close_file]: install_trophy_context: Closing file fd: 0x2A
[22:15:10.512] |T| [open_file]: install_trophy_context: Opening file ux0:/user/00/trophy/conf/NPWR10330_00/TROP013.PNG (ux0:/user/00/trophy/conf/NPWR10330_00/TROP013.PNG), fd: 0x2B
[22:15:10.513] |T| [write_file]: install_trophy_context: Writing to fd: 0x2B, size: 93812
[22:15:10.514] |T| [close_file]: install_trophy_context: Closing file fd: 0x2B
[22:15:10.514] |T| [open_file]: install_trophy_context: Opening file ux0:/user/00/trophy/conf/NPWR10330_00/TROP014.PNG (ux0:/user/00/trophy/conf/NPWR10330_00/TROP014.PNG), fd: 0x2C
[22:15:10.515] |T| [write_file]: install_trophy_context: Writing to fd: 0x2C, size: 90617
[22:15:10.516] |T| [close_file]: install_trophy_context: Closing file fd: 0x2C
[22:15:10.516] |T| [open_file]: install_trophy_context: Opening file ux0:/user/00/trophy/conf/NPWR10330_00/TROP015.PNG (ux0:/user/00/trophy/conf/NPWR10330_00/TROP015.PNG), fd: 0x2D
[22:15:10.517] |T| [write_file]: install_trophy_context: Writing to fd: 0x2D, size: 66932
[22:15:10.517] |T| [close_file]: install_trophy_context: Closing file fd: 0x2D
[22:15:10.518] |T| [open_file]: install_trophy_context: Opening file ux0:/user/00/trophy/conf/NPWR10330_00/TROP016.PNG (ux0:/user/00/trophy/conf/NPWR10330_00/TROP016.PNG), fd: 0x2E
[22:15:10.519] |T| [write_file]: install_trophy_context: Writing to fd: 0x2E, size: 98361
[22:15:10.519] |T| [close_file]: install_trophy_context: Closing file fd: 0x2E
[22:15:10.524] |T| [open_file]: install_trophy_context: Opening file ux0:/user/00/trophy/conf/NPWR10330_00/TROP017.PNG (ux0:/user/00/trophy/conf/NPWR10330_00/TROP017.PNG), fd: 0x2F
[22:15:10.525] |T| [write_file]: install_trophy_context: Writing to fd: 0x2F, size: 103926
[22:15:10.525] |T| [close_file]: install_trophy_context: Closing file fd: 0x2F
[22:15:10.526] |T| [open_file]: install_trophy_context: Opening file ux0:/user/00/trophy/conf/NPWR10330_00/TROP018.PNG (ux0:/user/00/trophy/conf/NPWR10330_00/TROP018.PNG), fd: 0x30
[22:15:10.527] |T| [write_file]: install_trophy_context: Writing to fd: 0x30, size: 90715
[22:15:10.527] |T| [close_file]: install_trophy_context: Closing file fd: 0x30
[22:15:10.528] |T| [open_file]: install_trophy_context: Opening file ux0:/user/00/trophy/conf/NPWR10330_00/TROP019.PNG (ux0:/user/00/trophy/conf/NPWR10330_00/TROP019.PNG), fd: 0x31
[22:15:10.529] |T| [write_file]: install_trophy_context: Writing to fd: 0x31, size: 100481
[22:15:10.529] |T| [close_file]: install_trophy_context: Closing file fd: 0x31
[22:15:10.530] |T| [open_file]: install_trophy_context: Opening file ux0:/user/00/trophy/conf/NPWR10330_00/TROP020.PNG (ux0:/user/00/trophy/conf/NPWR10330_00/TROP020.PNG), fd: 0x32
[22:15:10.531] |T| [write_file]: install_trophy_context: Writing to fd: 0x32, size: 88526
[22:15:10.531] |T| [close_file]: install_trophy_context: Closing file fd: 0x32
[22:15:10.532] |T| [open_file]: install_trophy_context: Opening file ux0:/user/00/trophy/conf/NPWR10330_00/TROP021.PNG (ux0:/user/00/trophy/conf/NPWR10330_00/TROP021.PNG), fd: 0x33
[22:15:10.532] |T| [write_file]: install_trophy_context: Writing to fd: 0x33, size: 83681
[22:15:10.533] |T| [close_file]: install_trophy_context: Closing file fd: 0x33
[22:15:10.533] |T| [open_file]: install_trophy_context: Opening file ux0:/user/00/trophy/conf/NPWR10330_00/TROP022.PNG (ux0:/user/00/trophy/conf/NPWR10330_00/TROP022.PNG), fd: 0x34
[22:15:10.534] |T| [write_file]: install_trophy_context: Writing to fd: 0x34, size: 90429
[22:15:10.534] |T| [close_file]: install_trophy_context: Closing file fd: 0x34
[22:15:10.539] |T| [open_file]: install_trophy_context: Opening file ux0:/user/00/trophy/conf/NPWR10330_00/TROP023.PNG (ux0:/user/00/trophy/conf/NPWR10330_00/TROP023.PNG), fd: 0x35
[22:15:10.540] |T| [write_file]: install_trophy_context: Writing to fd: 0x35, size: 87083
[22:15:10.540] |T| [close_file]: install_trophy_context: Closing file fd: 0x35
[22:15:10.541] |T| [open_file]: install_trophy_context: Opening file ux0:/user/00/trophy/conf/NPWR10330_00/TROP024.PNG (ux0:/user/00/trophy/conf/NPWR10330_00/TROP024.PNG), fd: 0x36
[22:15:10.542] |T| [write_file]: install_trophy_context: Writing to fd: 0x36, size: 86602
[22:15:10.542] |T| [close_file]: install_trophy_context: Closing file fd: 0x36
[22:15:10.543] |T| [open_file]: install_trophy_context: Opening file ux0:/user/00/trophy/conf/NPWR10330_00/TROP025.PNG (ux0:/user/00/trophy/conf/NPWR10330_00/TROP025.PNG), fd: 0x37
[22:15:10.543] |T| [write_file]: install_trophy_context: Writing to fd: 0x37, size: 90503
[22:15:10.544] |T| [close_file]: install_trophy_context: Closing file fd: 0x37
[22:15:10.544] |T| [open_file]: install_trophy_context: Opening file ux0:/user/00/trophy/conf/NPWR10330_00/TROP026.PNG (ux0:/user/00/trophy/conf/NPWR10330_00/TROP026.PNG), fd: 0x38
[22:15:10.545] |T| [write_file]: install_trophy_context: Writing to fd: 0x38, size: 89541
[22:15:10.546] |T| [close_file]: install_trophy_context: Closing file fd: 0x38
[22:15:10.546] |T| [open_file]: install_trophy_context: Opening file ux0:/user/00/trophy/conf/NPWR10330_00/TROP027.PNG (ux0:/user/00/trophy/conf/NPWR10330_00/TROP027.PNG), fd: 0x39
[22:15:10.547] |T| [write_file]: install_trophy_context: Writing to fd: 0x39, size: 94974
[22:15:10.547] |T| [close_file]: install_trophy_context: Closing file fd: 0x39
[22:15:10.548] |T| [open_file]: install_trophy_context: Opening file ux0:/user/00/trophy/conf/NPWR10330_00/TROP028.PNG (ux0:/user/00/trophy/conf/NPWR10330_00/TROP028.PNG), fd: 0x3A
[22:15:10.549] |T| [write_file]: install_trophy_context: Writing to fd: 0x3A, size: 67734
[22:15:10.549] |T| [close_file]: install_trophy_context: Closing file fd: 0x3A
[22:15:10.550] |T| [open_file]: install_trophy_context: Opening file ux0:/user/00/trophy/conf/NPWR10330_00/TROP029.PNG (ux0:/user/00/trophy/conf/NPWR10330_00/TROP029.PNG), fd: 0x3B
[22:15:10.554] |T| [write_file]: install_trophy_context: Writing to fd: 0x3B, size: 94913
[22:15:10.555] |T| [close_file]: install_trophy_context: Closing file fd: 0x3B
[22:15:10.556] |T| [open_file]: install_trophy_context: Opening file ux0:/user/00/trophy/conf/NPWR10330_00/TROP030.PNG (ux0:/user/00/trophy/conf/NPWR10330_00/TROP030.PNG), fd: 0x3C
[22:15:10.556] |T| [write_file]: install_trophy_context: Writing to fd: 0x3C, size: 103612
[22:15:10.557] |T| [close_file]: install_trophy_context: Closing file fd: 0x3C
[22:15:10.557] |T| [open_file]: install_trophy_context: Opening file ux0:/user/00/trophy/conf/NPWR10330_00/TROP031.PNG (ux0:/user/00/trophy/conf/NPWR10330_00/TROP031.PNG), fd: 0x3D
[22:15:10.558] |T| [write_file]: install_trophy_context: Writing to fd: 0x3D, size: 94530
[22:15:10.559] |T| [close_file]: install_trophy_context: Closing file fd: 0x3D
[22:15:10.559] |T| [open_file]: install_trophy_context: Opening file ux0:/user/00/trophy/conf/NPWR10330_00/TROP032.PNG (ux0:/user/00/trophy/conf/NPWR10330_00/TROP032.PNG), fd: 0x3E
[22:15:10.560] |T| [write_file]: install_trophy_context: Writing to fd: 0x3E, size: 97175
[22:15:10.560] |T| [close_file]: install_trophy_context: Closing file fd: 0x3E
[22:15:10.561] |T| [open_file]: install_trophy_context: Opening file ux0:/user/00/trophy/conf/NPWR10330_00/TROP033.PNG (ux0:/user/00/trophy/conf/NPWR10330_00/TROP033.PNG), fd: 0x3F
[22:15:10.562] |T| [write_file]: install_trophy_context: Writing to fd: 0x3F, size: 115071
[22:15:10.562] |T| [close_file]: install_trophy_context: Closing file fd: 0x3F
[22:15:10.563] |T| [open_file]: install_trophy_context: Opening file ux0:/user/00/trophy/conf/NPWR10330_00/TROP034.PNG (ux0:/user/00/trophy/conf/NPWR10330_00/TROP034.PNG), fd: 0x40
[22:15:10.564] |T| [write_file]: install_trophy_context: Writing to fd: 0x40, size: 85872
[22:15:10.564] |T| [close_file]: install_trophy_context: Closing file fd: 0x40
[22:15:10.565] |T| [open_file]: install_trophy_context: Opening file ux0:/user/00/trophy/conf/NPWR10330_00/TROP035.PNG (ux0:/user/00/trophy/conf/NPWR10330_00/TROP035.PNG), fd: 0x41
[22:15:10.569] |T| [write_file]: install_trophy_context: Writing to fd: 0x41, size: 82135
[22:15:10.570] |T| [close_file]: install_trophy_context: Closing file fd: 0x41
[22:15:10.570] |T| [open_file]: install_trophy_context: Opening file ux0:/user/00/trophy/conf/NPWR10330_00/TROP036.PNG (ux0:/user/00/trophy/conf/NPWR10330_00/TROP036.PNG), fd: 0x42
[22:15:10.571] |T| [write_file]: install_trophy_context: Writing to fd: 0x42, size: 74651
[22:15:10.572] |T| [close_file]: install_trophy_context: Closing file fd: 0x42
[22:15:10.572] |T| [open_file]: install_trophy_context: Opening file ux0:/user/00/trophy/conf/NPWR10330_00/TROP037.PNG (ux0:/user/00/trophy/conf/NPWR10330_00/TROP037.PNG), fd: 0x43
[22:15:10.573] |T| [write_file]: install_trophy_context: Writing to fd: 0x43, size: 89146
[22:15:10.573] |T| [close_file]: install_trophy_context: Closing file fd: 0x43
[22:15:10.574] |T| [open_file]: install_trophy_context: Opening file ux0:/user/00/trophy/conf/NPWR10330_00/TROP038.PNG (ux0:/user/00/trophy/conf/NPWR10330_00/TROP038.PNG), fd: 0x44
[22:15:10.575] |T| [write_file]: install_trophy_context: Writing to fd: 0x44, size: 80215
[22:15:10.575] |T| [close_file]: install_trophy_context: Closing file fd: 0x44
[22:15:10.576] |T| [open_file]: install_trophy_context: Opening file ux0:/user/00/trophy/conf/NPWR10330_00/TROP039.PNG (ux0:/user/00/trophy/conf/NPWR10330_00/TROP039.PNG), fd: 0x45
[22:15:10.577] |T| [write_file]: install_trophy_context: Writing to fd: 0x45, size: 86191
[22:15:10.577] |T| [close_file]: install_trophy_context: Closing file fd: 0x45
[22:15:10.578] |T| [open_file]: install_trophy_context: Opening file ux0:/user/00/trophy/conf/NPWR10330_00/TROP040.PNG (ux0:/user/00/trophy/conf/NPWR10330_00/TROP040.PNG), fd: 0x46
[22:15:10.579] |T| [write_file]: install_trophy_context: Writing to fd: 0x46, size: 88771
[22:15:10.579] |T| [close_file]: install_trophy_context: Closing file fd: 0x46
[22:15:10.580] |T| [open_file]: install_trophy_context: Opening file ux0:/user/00/trophy/conf/NPWR10330_00/TROP041.PNG (ux0:/user/00/trophy/conf/NPWR10330_00/TROP041.PNG), fd: 0x47
[22:15:10.580] |T| [write_file]: install_trophy_context: Writing to fd: 0x47, size: 87067
[22:15:10.585] |T| [close_file]: install_trophy_context: Closing file fd: 0x47
[22:15:10.585] |T| [open_file]: install_trophy_context: Opening file ux0:/user/00/trophy/conf/NPWR10330_00/TROP042.PNG (ux0:/user/00/trophy/conf/NPWR10330_00/TROP042.PNG), fd: 0x48
[22:15:10.586] |T| [write_file]: install_trophy_context: Writing to fd: 0x48, size: 83836
[22:15:10.587] |T| [close_file]: install_trophy_context: Closing file fd: 0x48
[22:15:10.587] |T| [open_file]: install_trophy_context: Opening file ux0:/user/00/trophy/conf/NPWR10330_00/TROP043.PNG (ux0:/user/00/trophy/conf/NPWR10330_00/TROP043.PNG), fd: 0x49
[22:15:10.588] |T| [write_file]: install_trophy_context: Writing to fd: 0x49, size: 83492
[22:15:10.589] |T| [close_file]: install_trophy_context: Closing file fd: 0x49
[22:15:10.589] |T| [open_file]: install_trophy_context: Opening file ux0:/user/00/trophy/conf/NPWR10330_00/TROP044.PNG (ux0:/user/00/trophy/conf/NPWR10330_00/TROP044.PNG), fd: 0x4A
[22:15:10.590] |T| [write_file]: install_trophy_context: Writing to fd: 0x4A, size: 81155
[22:15:10.591] |T| [close_file]: install_trophy_context: Closing file fd: 0x4A
[22:15:10.591] |T| [open_file]: install_trophy_context: Opening file ux0:/user/00/trophy/conf/NPWR10330_00/TROP045.PNG (ux0:/user/00/trophy/conf/NPWR10330_00/TROP045.PNG), fd: 0x4B
[22:15:10.592] |T| [write_file]: install_trophy_context: Writing to fd: 0x4B, size: 82250
[22:15:10.592] |T| [close_file]: install_trophy_context: Closing file fd: 0x4B
[22:15:10.593] |T| [open_file]: install_trophy_context: Opening file ux0:/user/00/trophy/conf/NPWR10330_00/TROP046.PNG (ux0:/user/00/trophy/conf/NPWR10330_00/TROP046.PNG), fd: 0x4C
[22:15:10.594] |T| [write_file]: install_trophy_context: Writing to fd: 0x4C, size: 103297
[22:15:10.594] |T| [close_file]: install_trophy_context: Closing file fd: 0x4C
[22:15:10.595] |T| [open_file]: install_trophy_context: Opening file ux0:/user/00/trophy/conf/NPWR10330_00/TROP047.PNG (ux0:/user/00/trophy/conf/NPWR10330_00/TROP047.PNG), fd: 0x4D
[22:15:10.599] |T| [write_file]: install_trophy_context: Writing to fd: 0x4D, size: 98841
[22:15:10.600] |T| [close_file]: install_trophy_context: Closing file fd: 0x4D
[22:15:10.600] |T| [open_file]: install_trophy_context: Opening file ux0:/user/00/trophy/conf/NPWR10330_00/TROP048.PNG (ux0:/user/00/trophy/conf/NPWR10330_00/TROP048.PNG), fd: 0x4E
[22:15:10.601] |T| [write_file]: install_trophy_context: Writing to fd: 0x4E, size: 90168
[22:15:10.601] |T| [close_file]: install_trophy_context: Closing file fd: 0x4E
[22:15:10.602] |T| [open_file]: install_trophy_context: Opening file ux0:/user/00/trophy/conf/NPWR10330_00/TROP049.PNG (ux0:/user/00/trophy/conf/NPWR10330_00/TROP049.PNG), fd: 0x4F
[22:15:10.603] |T| [write_file]: install_trophy_context: Writing to fd: 0x4F, size: 88837
[22:15:10.603] |T| [close_file]: install_trophy_context: Closing file fd: 0x4F
[22:15:10.604] |T| [open_file]: install_trophy_context: Opening file ux0:/user/00/trophy/conf/NPWR10330_00/TROP050.PNG (ux0:/user/00/trophy/conf/NPWR10330_00/TROP050.PNG), fd: 0x50
[22:15:10.604] |T| [write_file]: install_trophy_context: Writing to fd: 0x50, size: 99281
[22:15:10.605] |T| [close_file]: install_trophy_context: Closing file fd: 0x50
[22:15:10.605] |T| [open_file]: install_trophy_context: Opening file ux0:/user/00/trophy/conf/NPWR10330_00/TROP051.PNG (ux0:/user/00/trophy/conf/NPWR10330_00/TROP051.PNG), fd: 0x51
[22:15:10.606] |T| [write_file]: install_trophy_context: Writing to fd: 0x51, size: 100254
[22:15:10.607] |T| [close_file]: install_trophy_context: Closing file fd: 0x51
[22:15:10.607] |T| [open_file]: install_trophy_context: Opening file ux0:/user/00/trophy/conf/NPWR10330_00/TROP052.PNG (ux0:/user/00/trophy/conf/NPWR10330_00/TROP052.PNG), fd: 0x52
[22:15:10.608] |T| [write_file]: install_trophy_context: Writing to fd: 0x52, size: 97962
[22:15:10.608] |T| [close_file]: install_trophy_context: Closing file fd: 0x52
[22:15:10.609] |T| [open_file]: install_trophy_context: Opening file ux0:/user/00/trophy/conf/NPWR10330_00/TROP053.PNG (ux0:/user/00/trophy/conf/NPWR10330_00/TROP053.PNG), fd: 0x53
[22:15:10.610] |T| [write_file]: install_trophy_context: Writing to fd: 0x53, size: 88252
[22:15:10.610] |T| [close_file]: install_trophy_context: Closing file fd: 0x53
[22:15:10.615] |T| [open_file]: install_trophy_context: Opening file ux0:/user/00/trophy/conf/NPWR10330_00/TROP054.PNG (ux0:/user/00/trophy/conf/NPWR10330_00/TROP054.PNG), fd: 0x54
[22:15:10.615] |T| [write_file]: install_trophy_context: Writing to fd: 0x54, size: 92130
[22:15:10.616] |T| [close_file]: install_trophy_context: Closing file fd: 0x54
[22:15:10.616] |T| [open_file]: install_trophy_context: Opening file ux0:/user/00/trophy/conf/NPWR10330_00/TROP055.PNG (ux0:/user/00/trophy/conf/NPWR10330_00/TROP055.PNG), fd: 0x55
[22:15:10.617] |T| [write_file]: install_trophy_context: Writing to fd: 0x55, size: 95201
[22:15:10.618] |T| [close_file]: install_trophy_context: Closing file fd: 0x55
[22:15:10.618] |T| [open_file]: install_trophy_context: Opening file ux0:/user/00/trophy/conf/NPWR10330_00/TROP056.PNG (ux0:/user/00/trophy/conf/NPWR10330_00/TROP056.PNG), fd: 0x56
[22:15:10.619] |T| [write_file]: install_trophy_context: Writing to fd: 0x56, size: 88918
[22:15:10.619] |T| [close_file]: install_trophy_context: Closing file fd: 0x56
[22:15:10.620] |T| [close_file]: create_trophy_context: Closing file fd: 0x1A
[22:15:10.620] |T| [export_sceNpTrophyCreateContext]: Trophy context for NPWR10330_00 create successfuly!
[22:15:10.621] |W| [stubbed_impl]: Stubbed sceNpTrophyCreateHandle import called. (Stubbed handle with 1)
[22:15:10.640] |W| [unimplemented_impl]: Unimplemented sceCommonDialogUpdate import called.
[22:15:11.338] |T| [open_file]: sceAppUtilSaveDataSlotGetParam: Opening file savedata0:/SlotParam_0.bin (ux0:/user/00/savedata/PCSG00838/SlotParam_0.bin), fd: 0x57
[22:15:11.340] |T| [close_file]: sceAppUtilSaveDataSlotGetParam: Closing file fd: 0x57
[22:15:11.341] |I| [export_sceIoOpen]: Opening file: savedata0:SYSTEM.DAT
[22:15:11.341] |T| [open_file]: sceIoOpen: Opening file savedata0:SYSTEM.DAT (ux0:/user/00/savedata/PCSG00838/SYSTEM.DAT), fd: 0x58
[22:15:11.343] |T| [close_file]: sceIoClose: Closing file fd: 0x58
[22:15:11.490] |T| [open_file]: sceAppUtilSaveDataSlotGetParam: Opening file savedata0:/SlotParam_101.bin (ux0:/user/00/savedata/PCSG00838/SlotParam_101.bin), fd: 0x59
[22:15:11.491] |T| [close_file]: sceAppUtilSaveDataSlotGetParam: Closing file fd: 0x59
[22:15:11.496] |I| [export_sceIoOpen]: Opening file: savedata0:GAME-000.DAT
[22:15:11.496] |T| [open_file]: sceIoOpen: Opening file savedata0:GAME-000.DAT (ux0:/user/00/savedata/PCSG00838/GAME-000.DAT), fd: 0x5A
[22:15:11.510] |T| [close_file]: sceIoClose: Closing file fd: 0x5A
[22:15:17.607] |I| [export_sceIoOpen]: Opening file: app0:/Texture/title.tex
[22:15:17.608] |T| [open_file]: sceIoOpen: Opening file app0:/Texture/title.tex (ux0:/app/PCSG00838/Texture/title.tex), fd: 0x5B
[22:15:17.611] |T| [close_file]: sceIoClose: Closing file fd: 0x5B
[22:15:25.550] |T| [log_import_call]: [LLE] TID: 130 FUNC: 0x5C22E927 sceAtracSetLoopNum at 0x81C97500
[22:15:32.557] |T| [log_import_call]: [LLE] TID: 75  FUNC: 0x53656F1C sceAtracAddStreamData at 0x81C974E0
[22:16:17.053] |I| [export_sceIoOpen]: Opening file: app0:/Texture/title.tex
[22:16:17.053] |T| [open_file]: sceIoOpen: Opening file app0:/Texture/title.tex (ux0:/app/PCSG00838/Texture/title.tex), fd: 0x5C
[22:16:17.057] |T| [close_file]: sceIoClose: Closing file fd: 0x5C
[22:16:27.886] |I| [renderer::vulkan::PipelineCache::save_pipeline_cache]: Saving pipeline cache...
[22:16:27.887] |I| [renderer::vulkan::PipelineCache::save_pipeline_cache]: Pipeline cache saved
