[09:57:58.257] |I| [config::init_config]: backend-renderer: Vulkan
[09:57:58.257] |I| [config::init_config]: log-level: 0
[09:57:58.457] |I| [SDL_main]: Vita3K v0.1.6 2854-1ce445ce
[09:57:58.458] |I| [SDL_main]: Number of logical CPU cores: 32
[09:57:58.458] |I| [SDL_main]: Available ram memory: 32648 MiB
[09:57:58.540] |I| [renderer::vulkan::VKState::create]: Vulkan device: NVIDIA GeForce RTX 3060 Ti
[09:57:58.541] |I| [renderer::vulkan::VKState::create]: Driver version: 516.94.0.0
[09:57:58.784] |I| [renderer::vulkan::ScreenRenderer::setup]: Present mode: Mailbox
[10:01:45.952] |I| [load_app_impl]: cpu-backend: Dynarmic
[10:01:45.952] |I| [load_app_impl]: CPU Optimisation state: true
[10:01:45.953] |I| [load_app_impl]: ngs state: true
[10:01:45.953] |I| [load_app_impl]: Resolution multiplier: 1
[10:01:45.959] |I| [load_app_impl]: 1 Controllers Connected
[10:01:45.959] |I| [load_app_impl]: Controller 0: PS5 Controller
[10:01:45.959] |I| [load_app_impl]: modules mode: Automatic
[10:01:45.959] |I| [load_app_impl]: Title: Winning Post 8 2015
[10:01:45.960] |I| [load_app_impl]: Serial: PCSG00545
[10:01:45.960] |I| [load_app_impl]: Version: 1.00
[10:01:45.960] |I| [load_app_impl]: Category: gd
[10:01:45.969] |I| [load_self]: app0:sce_module/libc.suprx: Skipping special segment 0x6FFFFF01...
[10:01:45.969] |I| [load_self]: Loaded module segment 0 @ [0x00004000 - 0x00053C54 / 0x81000000] (size: 0x0004FC54) of module app0:sce_module/libc.suprx
[10:01:45.969] |I| [load_self]: Loaded module segment 1 @ [0x00054000 - 0x00056688 / 0x81050000] (size: 0x00002688) of module app0:sce_module/libc.suprx
[10:01:45.969] |I| [load_self]: Linking SELF app0:sce_module/libc.suprx...
[10:01:45.970] |D| [load_var_exports]: 	NID 0x936C8A78 (SYSLYB) at 0x49744
[10:01:45.970] |D| [load_var_exports]: 	NID 0x6C2224BA (NID_MODULE_INFO) at 0x3F4F8
[10:01:45.970] |W| [load_var_imports]: 	NID NOT FOUND 0x93B8AA67 (__stack_chk_guard) at 0x43520, setting to stub value 0xDEADBEEF
[10:01:45.971] |W| [load_var_imports]: 	NID NOT FOUND 0xDF084DFA (UNRECOGNISED) at 0x450A4, setting to stub value 0xDEADBEEF
[10:01:45.972] |I| [pre_load_module]: Pre-load module SceLibc (at "sce_module/libc.suprx") loaded
[10:01:45.978] |I| [load_self]: app0:sce_module/libfios2.suprx: Skipping special segment 0x6FFFFF01...
[10:01:45.978] |I| [load_self]: Loaded module segment 0 @ [0x00059000 - 0x0008433C / 0x81000000] (size: 0x0002B33C) of module app0:sce_module/libfios2.suprx
[10:01:45.979] |I| [load_self]: Loaded module segment 1 @ [0x00085000 - 0x0008A23D / 0x8102C000] (size: 0x0000523D) of module app0:sce_module/libfios2.suprx
[10:01:45.980] |I| [load_self]: Linking SELF app0:sce_module/libfios2.suprx...
[10:01:45.981] |D| [load_var_exports]: 	NID 0x936C8A78 (SYSLYB) at 0x84244
[10:01:45.985] |D| [load_var_exports]: 	NID 0x6C2224BA (NID_MODULE_INFO) at 0x7B878
[10:01:45.985] |I| [pre_load_module]: Pre-load module SceLibFios2 (at "sce_module/libfios2.suprx") loaded
[10:01:45.989] |I| [load_self]: app0:sce_module/libult.suprx: Skipping special segment 0x6FFFFF01...
[10:01:45.989] |I| [load_self]: Loaded module segment 0 @ [0x0008B000 - 0x0009E9A4 / 0x81000000] (size: 0x000139A4) of module app0:sce_module/libult.suprx
[10:01:45.990] |I| [load_self]: Loaded module segment 1 @ [0x0009F000 - 0x0009F814 / 0x81014000] (size: 0x00000814) of module app0:sce_module/libult.suprx
[10:01:45.991] |I| [load_self]: Linking SELF app0:sce_module/libult.suprx...
[10:01:45.991] |D| [load_var_exports]: 	NID 0x936C8A78 (SYSLYB) at 0x9D2D0
[10:01:45.992] |D| [load_var_exports]: 	NID 0x6C2224BA (NID_MODULE_INFO) at 0x9A858
[10:01:45.992] |I| [pre_load_module]: Pre-load module SceUlt (at "sce_module/libult.suprx") loaded
[10:01:46.000] |I| [load_self]: Loaded module segment 0 @ [0x000A0000 - 0x000F0F04 / 0x81000000] (size: 0x00050F04) of module vs0:sys/external/libSceFt2.suprx
[10:01:46.000] |I| [load_self]: Loaded module segment 1 @ [0x000F1000 - 0x000F12F4 / 0x81051000] (size: 0x000002F4) of module vs0:sys/external/libSceFt2.suprx
[10:01:46.001] |I| [load_self]: Linking SELF vs0:sys/external/libSceFt2.suprx...
[10:01:46.002] |D| [load_var_exports]: 	NID 0x936C8A78 (SYSLYB) at 0xDC7DC
[10:01:46.002] |D| [load_var_exports]: 	NID 0x6C2224BA (NID_MODULE_INFO) at 0xDBF10
[10:01:46.002] |I| [pre_load_module]: Pre-load module SceLibft2 (at "sys/external/libSceFt2.suprx") loaded
[10:01:46.005] |I| [load_self]: Loaded module segment 0 @ [0x000F2000 - 0x00101F14 / 0x81000000] (size: 0x0000FF14) of module vs0:sys/external/libpvf.suprx
[10:01:46.005] |I| [load_self]: Loaded module segment 1 @ [0x00102000 - 0x00102008 / 0x81010000] (size: 0x00000008) of module vs0:sys/external/libpvf.suprx
[10:01:46.006] |I| [load_self]: Linking SELF vs0:sys/external/libpvf.suprx...
[10:01:46.007] |D| [load_var_exports]: 	NID 0x936C8A78 (SYSLYB) at 0x100710
[10:01:46.007] |D| [load_var_exports]: 	NID 0x6C2224BA (NID_MODULE_INFO) at 0x100300
[10:01:46.007] |I| [pre_load_module]: Pre-load module SceLibPvf (at "sys/external/libpvf.suprx") loaded
[10:01:46.155] |I| [load_self]: app0:eboot.bin: Skipping special segment 0x6FFFFF01...
[10:01:46.155] |I| [load_self]: Loaded module segment 0 @ [0x00103000 - 0x0073C1A4 / 0x81000000] (size: 0x006391A4) of module app0:eboot.bin
[10:01:46.156] |I| [load_self]: Loaded module segment 1 @ [0x0073D000 - 0x00C92CF8 / 0x8163A000] (size: 0x00555CF8) of module app0:eboot.bin
[10:01:46.157] |I| [load_self]: Linking SELF app0:eboot.bin...
[10:01:46.158] |D| [load_var_exports]: 	NID 0x6C2224BA (NID_MODULE_INFO) at 0x674430
[10:01:46.158] |D| [load_var_exports]: 	NID 0x70FBA1E7 (SCE_PROC_PARAMS) at 0x76EB58
[10:01:46.159] |D| [load_var_exports]: 	NID 0x936C8A78 (SYSLYB) at 0x70BC70
[10:01:46.159] |I| [load_app_impl]: Main executable WP8_2015_Vita (eboot.bin) loaded
[10:01:46.175] |D| [run_app]: Running module_start of library: SceLibc at address 0x4871
[10:01:46.233] |T| [open_file]: sceKernelGetStdin: Opening terminal tty0:
[10:01:46.234] |T| [open_file]: sceKernelGetStdout: Opening terminal tty0:
[10:01:46.234] |T| [open_file]: sceKernelGetStderr: Opening terminal tty0:
[10:01:46.242] |I| [run_app]: Module SceLibc (at "app0:sce_module/libc.suprx") module_start returned 0x0
[10:01:46.246] |D| [run_app]: Running module_start of library: SceLibFios2 at address 0x59001
[10:01:46.261] |W| [stubbed_impl]: Stubbed sceKernelGetProcessId import called. (pid: 0)
[10:01:46.261] |I| [run_app]: Module SceLibFios2 (at "app0:sce_module/libfios2.suprx") module_start returned 0x0
[10:01:46.265] |D| [run_app]: Running module_start of library: SceUlt at address 0x8E769
[10:01:46.279] |W| [unimplemented_impl]: Unimplemented _sceUlobjMgrRegisterLibultProtocolRevision import called.
[10:01:46.279] |I| [run_app]: Module SceUlt (at "app0:sce_module/libult.suprx") module_start returned 0x0
[10:01:46.407] |I| [load_module]: Loading module ID: 0x13
[10:01:46.408] |I| [load_self]: sys/external/libsystemgesture.suprx: Skipping special segment 0x6FFFFF01...
[10:01:46.408] |I| [load_self]: Loaded module segment 0 @ [0x0C0F0000 - 0x0C0F308C / 0x81000000] (size: 0x0000308C) of module sys/external/libsystemgesture.suprx
[10:01:46.409] |I| [load_self]: Loaded module segment 1 @ [0x00CD5000 - 0x00CD5BF0 / 0x81004000] (size: 0x00000BF0) of module sys/external/libsystemgesture.suprx
[10:01:46.409] |I| [load_self]: Linking SELF sys/external/libsystemgesture.suprx...
[10:01:46.410] |D| [load_var_exports]: 	NID 0x936C8A78 (SYSLYB) at 0xC0F3074
[10:01:46.410] |D| [load_var_exports]: 	NID 0x6C2224BA (NID_MODULE_INFO) at 0xC0F2BD4
[10:01:46.411] |I| [load_module]: Module SceSystemGesture (at "sys/external/libsystemgesture.suprx") loaded
[10:01:46.411] |D| [load_module]: Running module_start of module: SceSystemGesture
[10:01:46.412] |I| [load_module]: Module SceSystemGesture (at "sys/external/libsystemgesture.suprx") module_start returned 0x0
[10:01:46.413] |I| [load_module]: Loading module ID: 0xD
[10:01:46.415] |I| [load_self]: Loaded module segment 0 @ [0x0C0F4000 - 0x0C10B244 / 0x81000000] (size: 0x00017244) of module sys/external/libsas.suprx
[10:01:46.416] |I| [load_self]: Loaded module segment 1 @ [0x00CD6000 - 0x00CD6038 / 0x81018000] (size: 0x00000038) of module sys/external/libsas.suprx
[10:01:46.417] |I| [load_self]: Linking SELF sys/external/libsas.suprx...
[10:01:46.417] |D| [load_var_exports]: 	NID 0x936C8A78 (SYSLYB) at 0xC108004
[10:01:46.418] |D| [load_var_exports]: 	NID 0x6C2224BA (NID_MODULE_INFO) at 0xC107BF0
[10:01:46.418] |I| [load_module]: Module SceSasUser (at "sys/external/libsas.suprx") loaded
[10:01:46.419] |I| [load_module]: Loading module ID: 0x4C
[10:01:46.422] |I| [load_self]: sys/external/libsceavplayer.suprx: Skipping special segment 0x6FFFFF01...
[10:01:46.422] |I| [load_self]: Loaded module segment 0 @ [0x0C10C000 - 0x0C1209FC / 0x81000000] (size: 0x000149FC) of module sys/external/libsceavplayer.suprx
[10:01:46.439] |I| [load_self]: Loaded module segment 1 @ [0x00CD7000 - 0x00CD706C / 0x81015000] (size: 0x0000006C) of module sys/external/libsceavplayer.suprx
[10:01:46.440] |I| [load_self]: Linking SELF sys/external/libsceavplayer.suprx...
[10:01:46.441] |D| [load_var_exports]: 	NID 0x936C8A78 (SYSLYB) at 0xC11DD40
[10:01:46.441] |D| [load_var_exports]: 	NID 0x6C2224BA (NID_MODULE_INFO) at 0xC11C548
[10:01:46.442] |I| [load_module]: Module SceAvPlayer (at "sys/external/libsceavplayer.suprx") loaded
[10:01:46.442] |D| [load_module]: Running module_start of module: SceAvPlayer
[10:01:46.443] |I| [load_module]: Module SceAvPlayer (at "sys/external/libsceavplayer.suprx") module_start returned 0x0
[10:01:46.445] |I| [load_self]: sys/external/libscemp4.suprx: Skipping special segment 0x6FFFFF01...
[10:01:46.445] |I| [load_self]: Loaded module segment 0 @ [0x0C121000 - 0x0C130D20 / 0x81000000] (size: 0x0000FD20) of module sys/external/libscemp4.suprx
[10:01:46.446] |I| [load_self]: Loaded module segment 1 @ [0x0C131000 - 0x0C131028 / 0x81010000] (size: 0x00000028) of module sys/external/libscemp4.suprx
[10:01:46.447] |I| [load_self]: Linking SELF sys/external/libscemp4.suprx...
[10:01:46.448] |D| [load_var_exports]: 	NID 0x936C8A78 (SYSLYB) at 0xC1309D0
[10:01:46.448] |D| [load_var_exports]: 	NID 0x6C2224BA (NID_MODULE_INFO) at 0xC12F8C4
[10:01:46.449] |I| [load_module]: Module SceMp4 (at "sys/external/libscemp4.suprx") loaded
[10:01:46.486] |W| [unimplemented_impl]: Unimplemented sceScreenShotDisable import called.
[10:01:46.486] |W| [unimplemented_impl]: Unimplemented sceScreenShotSetOverlayImage import called.
[10:01:46.486] |W| [unimplemented_impl]: Unimplemented sceScreenShotEnable import called.
[10:01:46.487] |W| [unimplemented_impl]: Unimplemented sceAppUtilInit import called.
[10:01:46.543] |W| [stubbed_impl]: Stubbed sceGxmMapVertexUsseMemory import called. (always return success)
[10:01:46.543] |W| [stubbed_impl]: Stubbed sceGxmMapFragmentUsseMemory import called. (always return success)
[10:01:46.547] |W| [unimplemented_impl]: Unimplemented sceGxmProgramParameterIsRegFormat import called.
[10:01:46.634] |T| [open_file]: create_trophy_context: Opening file app0:/sce_sys/trophy/NPWR08097_00/TROPHY.TRP (ux0:/app/PCSG00545/sce_sys/trophy/NPWR08097_00/TROPHY.TRP), fd: 0x3
[10:01:46.635] |E| [open_file]: Missing file at F:/vita3k/ux0/user/00/trophy/data/NPWR08097_00/TROPUSR.DAT (target path: ux0:/user/00/trophy/data/NPWR08097_00/TROPUSR.DAT)
[10:01:46.636] |W| [io_error_impl]: open_file (create_trophy_context) returned 0x80010002
[10:01:46.670] |T| [open_file]: install_trophy_context: Opening file ux0:/user/00/trophy/conf/NPWR08097_00/TROPCONF.SFM (ux0:/user/00/trophy/conf/NPWR08097_00/TROPCONF.SFM), fd: 0x4
[10:01:46.671] |T| [write_file]: install_trophy_context: Writing to fd: 0x4, size: 3217
[10:01:46.672] |T| [close_file]: install_trophy_context: Closing file fd: 0x4
[10:01:46.672] |T| [open_file]: install_trophy_context: Opening file ux0:/user/00/trophy/conf/NPWR08097_00/TROP.SFM (ux0:/user/00/trophy/conf/NPWR08097_00/TROP.SFM), fd: 0x5
[10:01:46.673] |T| [write_file]: install_trophy_context: Writing to fd: 0x5, size: 8706
[10:01:46.673] |T| [close_file]: install_trophy_context: Closing file fd: 0x5
[10:01:46.674] |T| [open_file]: install_trophy_context: Opening file ux0:/user/00/trophy/conf/NPWR08097_00/ICON0.PNG (ux0:/user/00/trophy/conf/NPWR08097_00/ICON0.PNG), fd: 0x6
[10:01:46.675] |T| [write_file]: install_trophy_context: Writing to fd: 0x6, size: 95080
[10:01:46.675] |T| [close_file]: install_trophy_context: Closing file fd: 0x6
[10:01:46.676] |T| [open_file]: install_trophy_context: Opening file ux0:/user/00/trophy/conf/NPWR08097_00/TROP000.PNG (ux0:/user/00/trophy/conf/NPWR08097_00/TROP000.PNG), fd: 0x7
[10:01:46.677] |T| [write_file]: install_trophy_context: Writing to fd: 0x7, size: 61421
[10:01:46.677] |T| [close_file]: install_trophy_context: Closing file fd: 0x7
[10:01:46.678] |T| [open_file]: install_trophy_context: Opening file ux0:/user/00/trophy/conf/NPWR08097_00/TROP001.PNG (ux0:/user/00/trophy/conf/NPWR08097_00/TROP001.PNG), fd: 0x8
[10:01:46.678] |T| [write_file]: install_trophy_context: Writing to fd: 0x8, size: 54912
[10:01:46.679] |T| [close_file]: install_trophy_context: Closing file fd: 0x8
[10:01:46.683] |T| [open_file]: install_trophy_context: Opening file ux0:/user/00/trophy/conf/NPWR08097_00/TROP002.PNG (ux0:/user/00/trophy/conf/NPWR08097_00/TROP002.PNG), fd: 0x9
[10:01:46.683] |T| [write_file]: install_trophy_context: Writing to fd: 0x9, size: 53705
[10:01:46.684] |T| [close_file]: install_trophy_context: Closing file fd: 0x9
[10:01:46.685] |T| [open_file]: install_trophy_context: Opening file ux0:/user/00/trophy/conf/NPWR08097_00/TROP003.PNG (ux0:/user/00/trophy/conf/NPWR08097_00/TROP003.PNG), fd: 0xA
[10:01:46.686] |T| [write_file]: install_trophy_context: Writing to fd: 0xA, size: 53270
[10:01:46.686] |T| [close_file]: install_trophy_context: Closing file fd: 0xA
[10:01:46.687] |T| [open_file]: install_trophy_context: Opening file ux0:/user/00/trophy/conf/NPWR08097_00/TROP004.PNG (ux0:/user/00/trophy/conf/NPWR08097_00/TROP004.PNG), fd: 0xB
[10:01:46.848] |T| [write_file]: install_trophy_context: Writing to fd: 0xB, size: 52007
[10:01:46.848] |T| [close_file]: install_trophy_context: Closing file fd: 0xB
[10:01:46.850] |T| [open_file]: install_trophy_context: Opening file ux0:/user/00/trophy/conf/NPWR08097_00/TROP005.PNG (ux0:/user/00/trophy/conf/NPWR08097_00/TROP005.PNG), fd: 0xC
[10:01:46.851] |T| [write_file]: install_trophy_context: Writing to fd: 0xC, size: 56004
[10:01:46.851] |T| [close_file]: install_trophy_context: Closing file fd: 0xC
[10:01:46.852] |T| [open_file]: install_trophy_context: Opening file ux0:/user/00/trophy/conf/NPWR08097_00/TROP006.PNG (ux0:/user/00/trophy/conf/NPWR08097_00/TROP006.PNG), fd: 0xD
[10:01:46.853] |T| [write_file]: install_trophy_context: Writing to fd: 0xD, size: 54314
[10:01:46.853] |T| [close_file]: install_trophy_context: Closing file fd: 0xD
[10:01:46.854] |T| [open_file]: install_trophy_context: Opening file ux0:/user/00/trophy/conf/NPWR08097_00/TROP007.PNG (ux0:/user/00/trophy/conf/NPWR08097_00/TROP007.PNG), fd: 0xE
[10:01:46.855] |T| [write_file]: install_trophy_context: Writing to fd: 0xE, size: 65245
[10:01:46.855] |T| [close_file]: install_trophy_context: Closing file fd: 0xE
[10:01:46.856] |T| [open_file]: install_trophy_context: Opening file ux0:/user/00/trophy/conf/NPWR08097_00/TROP008.PNG (ux0:/user/00/trophy/conf/NPWR08097_00/TROP008.PNG), fd: 0xF
[10:01:46.857] |T| [write_file]: install_trophy_context: Writing to fd: 0xF, size: 59633
[10:01:46.857] |T| [close_file]: install_trophy_context: Closing file fd: 0xF
[10:01:46.858] |T| [open_file]: install_trophy_context: Opening file ux0:/user/00/trophy/conf/NPWR08097_00/TROP009.PNG (ux0:/user/00/trophy/conf/NPWR08097_00/TROP009.PNG), fd: 0x10
[10:01:46.859] |T| [write_file]: install_trophy_context: Writing to fd: 0x10, size: 59890
[10:01:46.860] |T| [close_file]: install_trophy_context: Closing file fd: 0x10
[10:01:46.860] |T| [open_file]: install_trophy_context: Opening file ux0:/user/00/trophy/conf/NPWR08097_00/TROP010.PNG (ux0:/user/00/trophy/conf/NPWR08097_00/TROP010.PNG), fd: 0x11
[10:01:46.861] |T| [write_file]: install_trophy_context: Writing to fd: 0x11, size: 59825
[10:01:46.862] |T| [close_file]: install_trophy_context: Closing file fd: 0x11
[10:01:46.862] |T| [open_file]: install_trophy_context: Opening file ux0:/user/00/trophy/conf/NPWR08097_00/TROP011.PNG (ux0:/user/00/trophy/conf/NPWR08097_00/TROP011.PNG), fd: 0x12
[10:01:46.863] |T| [write_file]: install_trophy_context: Writing to fd: 0x12, size: 60072
[10:01:46.864] |T| [close_file]: install_trophy_context: Closing file fd: 0x12
[10:01:46.864] |T| [open_file]: install_trophy_context: Opening file ux0:/user/00/trophy/conf/NPWR08097_00/TROP012.PNG (ux0:/user/00/trophy/conf/NPWR08097_00/TROP012.PNG), fd: 0x13
[10:01:46.865] |T| [write_file]: install_trophy_context: Writing to fd: 0x13, size: 60911
[10:01:46.866] |T| [close_file]: install_trophy_context: Closing file fd: 0x13
[10:01:46.867] |T| [open_file]: install_trophy_context: Opening file ux0:/user/00/trophy/conf/NPWR08097_00/TROP013.PNG (ux0:/user/00/trophy/conf/NPWR08097_00/TROP013.PNG), fd: 0x14
[10:01:46.867] |T| [write_file]: install_trophy_context: Writing to fd: 0x14, size: 61232
[10:01:46.867] |T| [close_file]: install_trophy_context: Closing file fd: 0x14
[10:01:46.868] |T| [open_file]: install_trophy_context: Opening file ux0:/user/00/trophy/conf/NPWR08097_00/TROP014.PNG (ux0:/user/00/trophy/conf/NPWR08097_00/TROP014.PNG), fd: 0x15
[10:01:46.869] |T| [write_file]: install_trophy_context: Writing to fd: 0x15, size: 59848
[10:01:46.869] |T| [close_file]: install_trophy_context: Closing file fd: 0x15
[10:01:46.870] |T| [open_file]: install_trophy_context: Opening file ux0:/user/00/trophy/conf/NPWR08097_00/TROP015.PNG (ux0:/user/00/trophy/conf/NPWR08097_00/TROP015.PNG), fd: 0x16
[10:01:46.871] |T| [write_file]: install_trophy_context: Writing to fd: 0x16, size: 59572
[10:01:46.877] |T| [close_file]: install_trophy_context: Closing file fd: 0x16
[10:01:46.878] |T| [open_file]: install_trophy_context: Opening file ux0:/user/00/trophy/conf/NPWR08097_00/TROP016.PNG (ux0:/user/00/trophy/conf/NPWR08097_00/TROP016.PNG), fd: 0x17
[10:01:46.878] |T| [write_file]: install_trophy_context: Writing to fd: 0x17, size: 67881
[10:01:46.879] |T| [close_file]: install_trophy_context: Closing file fd: 0x17
[10:01:46.880] |T| [open_file]: install_trophy_context: Opening file ux0:/user/00/trophy/conf/NPWR08097_00/TROP017.PNG (ux0:/user/00/trophy/conf/NPWR08097_00/TROP017.PNG), fd: 0x18
[10:01:46.880] |T| [write_file]: install_trophy_context: Writing to fd: 0x18, size: 68800
[10:01:46.881] |T| [close_file]: install_trophy_context: Closing file fd: 0x18
[10:01:46.881] |T| [open_file]: install_trophy_context: Opening file ux0:/user/00/trophy/conf/NPWR08097_00/TROP018.PNG (ux0:/user/00/trophy/conf/NPWR08097_00/TROP018.PNG), fd: 0x19
[10:01:46.882] |T| [write_file]: install_trophy_context: Writing to fd: 0x19, size: 68067
[10:01:46.883] |T| [close_file]: install_trophy_context: Closing file fd: 0x19
[10:01:46.884] |T| [open_file]: install_trophy_context: Opening file ux0:/user/00/trophy/conf/NPWR08097_00/TROP019.PNG (ux0:/user/00/trophy/conf/NPWR08097_00/TROP019.PNG), fd: 0x1A
[10:01:46.884] |T| [write_file]: install_trophy_context: Writing to fd: 0x1A, size: 95612
[10:01:46.885] |T| [close_file]: install_trophy_context: Closing file fd: 0x1A
[10:01:46.885] |T| [open_file]: install_trophy_context: Opening file ux0:/user/00/trophy/conf/NPWR08097_00/TROP020.PNG (ux0:/user/00/trophy/conf/NPWR08097_00/TROP020.PNG), fd: 0x1B
[10:01:46.886] |T| [write_file]: install_trophy_context: Writing to fd: 0x1B, size: 92505
[10:01:46.890] |T| [close_file]: install_trophy_context: Closing file fd: 0x1B
[10:01:46.891] |T| [open_file]: install_trophy_context: Opening file ux0:/user/00/trophy/conf/NPWR08097_00/TROP021.PNG (ux0:/user/00/trophy/conf/NPWR08097_00/TROP021.PNG), fd: 0x1C
[10:01:46.892] |T| [write_file]: install_trophy_context: Writing to fd: 0x1C, size: 105011
[10:01:46.893] |T| [close_file]: install_trophy_context: Closing file fd: 0x1C
[10:01:46.893] |T| [open_file]: install_trophy_context: Opening file ux0:/user/00/trophy/conf/NPWR08097_00/TROP022.PNG (ux0:/user/00/trophy/conf/NPWR08097_00/TROP022.PNG), fd: 0x1D
[10:01:46.895] |T| [write_file]: install_trophy_context: Writing to fd: 0x1D, size: 72493
[10:01:46.895] |T| [close_file]: install_trophy_context: Closing file fd: 0x1D
[10:01:46.896] |T| [open_file]: install_trophy_context: Opening file ux0:/user/00/trophy/conf/NPWR08097_00/TROP023.PNG (ux0:/user/00/trophy/conf/NPWR08097_00/TROP023.PNG), fd: 0x1E
[10:01:46.896] |T| [write_file]: install_trophy_context: Writing to fd: 0x1E, size: 76294
[10:01:46.897] |T| [close_file]: install_trophy_context: Closing file fd: 0x1E
[10:01:46.897] |T| [open_file]: install_trophy_context: Opening file ux0:/user/00/trophy/conf/NPWR08097_00/TROP024.PNG (ux0:/user/00/trophy/conf/NPWR08097_00/TROP024.PNG), fd: 0x1F
[10:01:46.898] |T| [write_file]: install_trophy_context: Writing to fd: 0x1F, size: 91418
[10:01:46.899] |T| [close_file]: install_trophy_context: Closing file fd: 0x1F
[10:01:46.900] |T| [open_file]: install_trophy_context: Opening file ux0:/user/00/trophy/conf/NPWR08097_00/TROP025.PNG (ux0:/user/00/trophy/conf/NPWR08097_00/TROP025.PNG), fd: 0x20
[10:01:46.900] |T| [write_file]: install_trophy_context: Writing to fd: 0x20, size: 81382
[10:01:46.901] |T| [close_file]: install_trophy_context: Closing file fd: 0x20
[10:01:46.901] |T| [open_file]: install_trophy_context: Opening file ux0:/user/00/trophy/conf/NPWR08097_00/TROP026.PNG (ux0:/user/00/trophy/conf/NPWR08097_00/TROP026.PNG), fd: 0x21
[10:01:46.903] |T| [write_file]: install_trophy_context: Writing to fd: 0x21, size: 64814
[10:01:46.907] |T| [close_file]: install_trophy_context: Closing file fd: 0x21
[10:01:46.907] |T| [open_file]: install_trophy_context: Opening file ux0:/user/00/trophy/conf/NPWR08097_00/TROP027.PNG (ux0:/user/00/trophy/conf/NPWR08097_00/TROP027.PNG), fd: 0x22
[10:01:46.908] |T| [write_file]: install_trophy_context: Writing to fd: 0x22, size: 65210
[10:01:46.909] |T| [close_file]: install_trophy_context: Closing file fd: 0x22
[10:01:46.909] |T| [open_file]: install_trophy_context: Opening file ux0:/user/00/trophy/conf/NPWR08097_00/TROP028.PNG (ux0:/user/00/trophy/conf/NPWR08097_00/TROP028.PNG), fd: 0x23
[10:01:46.910] |T| [write_file]: install_trophy_context: Writing to fd: 0x23, size: 66043
[10:01:46.911] |T| [close_file]: install_trophy_context: Closing file fd: 0x23
[10:01:46.912] |T| [open_file]: install_trophy_context: Opening file ux0:/user/00/trophy/conf/NPWR08097_00/TROP029.PNG (ux0:/user/00/trophy/conf/NPWR08097_00/TROP029.PNG), fd: 0x24
[10:01:46.912] |T| [write_file]: install_trophy_context: Writing to fd: 0x24, size: 64856
[10:01:46.913] |T| [close_file]: install_trophy_context: Closing file fd: 0x24
[10:01:46.913] |T| [open_file]: install_trophy_context: Opening file ux0:/user/00/trophy/conf/NPWR08097_00/TROP030.PNG (ux0:/user/00/trophy/conf/NPWR08097_00/TROP030.PNG), fd: 0x25
[10:01:46.915] |T| [write_file]: install_trophy_context: Writing to fd: 0x25, size: 65451
[10:01:46.916] |T| [close_file]: install_trophy_context: Closing file fd: 0x25
[10:01:46.917] |T| [open_file]: install_trophy_context: Opening file ux0:/user/00/trophy/conf/NPWR08097_00/TROP031.PNG (ux0:/user/00/trophy/conf/NPWR08097_00/TROP031.PNG), fd: 0x26
[10:01:46.918] |T| [write_file]: install_trophy_context: Writing to fd: 0x26, size: 69637
[10:01:46.922] |T| [close_file]: install_trophy_context: Closing file fd: 0x26
[10:01:46.923] |T| [open_file]: install_trophy_context: Opening file ux0:/user/00/trophy/conf/NPWR08097_00/TROP032.PNG (ux0:/user/00/trophy/conf/NPWR08097_00/TROP032.PNG), fd: 0x27
[10:01:46.924] |T| [write_file]: install_trophy_context: Writing to fd: 0x27, size: 87496
[10:01:46.924] |T| [close_file]: install_trophy_context: Closing file fd: 0x27
[10:01:46.925] |T| [open_file]: install_trophy_context: Opening file ux0:/user/00/trophy/conf/NPWR08097_00/TROP033.PNG (ux0:/user/00/trophy/conf/NPWR08097_00/TROP033.PNG), fd: 0x28
[10:01:46.926] |T| [write_file]: install_trophy_context: Writing to fd: 0x28, size: 80322
[10:01:46.926] |T| [close_file]: install_trophy_context: Closing file fd: 0x28
[10:01:46.927] |T| [open_file]: install_trophy_context: Opening file ux0:/user/00/trophy/conf/NPWR08097_00/TROP034.PNG (ux0:/user/00/trophy/conf/NPWR08097_00/TROP034.PNG), fd: 0x29
[10:01:46.928] |T| [write_file]: install_trophy_context: Writing to fd: 0x29, size: 42112
[10:01:46.929] |T| [close_file]: install_trophy_context: Closing file fd: 0x29
[10:01:46.930] |T| [open_file]: install_trophy_context: Opening file ux0:/user/00/trophy/conf/NPWR08097_00/TROP035.PNG (ux0:/user/00/trophy/conf/NPWR08097_00/TROP035.PNG), fd: 0x2A
[10:01:46.930] |T| [write_file]: install_trophy_context: Writing to fd: 0x2A, size: 48296
[10:01:46.931] |T| [close_file]: install_trophy_context: Closing file fd: 0x2A
[10:01:46.931] |T| [open_file]: install_trophy_context: Opening file ux0:/user/00/trophy/conf/NPWR08097_00/TROP036.PNG (ux0:/user/00/trophy/conf/NPWR08097_00/TROP036.PNG), fd: 0x2B
[10:01:46.932] |T| [write_file]: install_trophy_context: Writing to fd: 0x2B, size: 49622
[10:01:46.933] |T| [close_file]: install_trophy_context: Closing file fd: 0x2B
[10:01:46.934] |T| [open_file]: install_trophy_context: Opening file ux0:/user/00/trophy/conf/NPWR08097_00/TROP037.PNG (ux0:/user/00/trophy/conf/NPWR08097_00/TROP037.PNG), fd: 0x2C
[10:01:46.939] |T| [write_file]: install_trophy_context: Writing to fd: 0x2C, size: 62628
[10:01:46.940] |T| [close_file]: install_trophy_context: Closing file fd: 0x2C
[10:01:46.941] |T| [open_file]: install_trophy_context: Opening file ux0:/user/00/trophy/conf/NPWR08097_00/TROP038.PNG (ux0:/user/00/trophy/conf/NPWR08097_00/TROP038.PNG), fd: 0x2D
[10:01:46.941] |T| [write_file]: install_trophy_context: Writing to fd: 0x2D, size: 64168
[10:01:46.942] |T| [close_file]: install_trophy_context: Closing file fd: 0x2D
[10:01:46.943] |T| [open_file]: install_trophy_context: Opening file ux0:/user/00/trophy/conf/NPWR08097_00/TROP039.PNG (ux0:/user/00/trophy/conf/NPWR08097_00/TROP039.PNG), fd: 0x2E
[10:01:46.944] |T| [write_file]: install_trophy_context: Writing to fd: 0x2E, size: 62033
[10:01:46.945] |T| [close_file]: install_trophy_context: Closing file fd: 0x2E
[10:01:46.946] |T| [open_file]: install_trophy_context: Opening file ux0:/user/00/trophy/conf/NPWR08097_00/TROP040.PNG (ux0:/user/00/trophy/conf/NPWR08097_00/TROP040.PNG), fd: 0x2F
[10:01:46.946] |T| [write_file]: install_trophy_context: Writing to fd: 0x2F, size: 59205
[10:01:46.947] |T| [close_file]: install_trophy_context: Closing file fd: 0x2F
[10:01:46.948] |T| [open_file]: install_trophy_context: Opening file ux0:/user/00/trophy/conf/NPWR08097_00/TROP041.PNG (ux0:/user/00/trophy/conf/NPWR08097_00/TROP041.PNG), fd: 0x30
[10:01:46.948] |T| [write_file]: install_trophy_context: Writing to fd: 0x30, size: 63790
[10:01:46.949] |T| [close_file]: install_trophy_context: Closing file fd: 0x30
[10:01:46.949] |T| [open_file]: install_trophy_context: Opening file ux0:/user/00/trophy/conf/NPWR08097_00/TROP042.PNG (ux0:/user/00/trophy/conf/NPWR08097_00/TROP042.PNG), fd: 0x31
[10:01:46.955] |T| [write_file]: install_trophy_context: Writing to fd: 0x31, size: 64571
[10:01:46.956] |T| [close_file]: install_trophy_context: Closing file fd: 0x31
[10:01:46.956] |T| [open_file]: install_trophy_context: Opening file ux0:/user/00/trophy/conf/NPWR08097_00/TROP043.PNG (ux0:/user/00/trophy/conf/NPWR08097_00/TROP043.PNG), fd: 0x32
[10:01:46.957] |T| [write_file]: install_trophy_context: Writing to fd: 0x32, size: 63080
[10:01:46.958] |T| [close_file]: install_trophy_context: Closing file fd: 0x32
[10:01:46.959] |T| [open_file]: install_trophy_context: Opening file ux0:/user/00/trophy/conf/NPWR08097_00/TROP044.PNG (ux0:/user/00/trophy/conf/NPWR08097_00/TROP044.PNG), fd: 0x33
[10:01:46.959] |T| [write_file]: install_trophy_context: Writing to fd: 0x33, size: 63150
[10:01:46.960] |T| [close_file]: install_trophy_context: Closing file fd: 0x33
[10:01:46.961] |T| [open_file]: install_trophy_context: Opening file ux0:/user/00/trophy/conf/NPWR08097_00/TROP045.PNG (ux0:/user/00/trophy/conf/NPWR08097_00/TROP045.PNG), fd: 0x34
[10:01:46.961] |T| [write_file]: install_trophy_context: Writing to fd: 0x34, size: 61904
[10:01:46.962] |T| [close_file]: install_trophy_context: Closing file fd: 0x34
[10:01:46.963] |T| [open_file]: install_trophy_context: Opening file ux0:/user/00/trophy/conf/NPWR08097_00/TROP046.PNG (ux0:/user/00/trophy/conf/NPWR08097_00/TROP046.PNG), fd: 0x35
[10:01:46.964] |T| [write_file]: install_trophy_context: Writing to fd: 0x35, size: 64276
[10:01:46.964] |T| [close_file]: install_trophy_context: Closing file fd: 0x35
[10:01:46.965] |T| [open_file]: install_trophy_context: Opening file ux0:/user/00/trophy/conf/NPWR08097_00/TROP047.PNG (ux0:/user/00/trophy/conf/NPWR08097_00/TROP047.PNG), fd: 0x36
[10:01:46.970] |T| [write_file]: install_trophy_context: Writing to fd: 0x36, size: 63131
[10:01:46.970] |T| [close_file]: install_trophy_context: Closing file fd: 0x36
[10:01:46.971] |T| [open_file]: install_trophy_context: Opening file ux0:/user/00/trophy/conf/NPWR08097_00/TROP048.PNG (ux0:/user/00/trophy/conf/NPWR08097_00/TROP048.PNG), fd: 0x37
[10:01:46.972] |T| [write_file]: install_trophy_context: Writing to fd: 0x37, size: 72001
[10:01:46.973] |T| [close_file]: install_trophy_context: Closing file fd: 0x37
[10:01:46.974] |T| [open_file]: install_trophy_context: Opening file ux0:/user/00/trophy/conf/NPWR08097_00/TROP049.PNG (ux0:/user/00/trophy/conf/NPWR08097_00/TROP049.PNG), fd: 0x38
[10:01:46.974] |T| [write_file]: install_trophy_context: Writing to fd: 0x38, size: 69207
[10:01:46.975] |T| [close_file]: install_trophy_context: Closing file fd: 0x38
[10:01:46.976] |T| [open_file]: save_trophy_progress: Opening file ux0:/user/00/trophy/data/NPWR08097_00/TROPUSR.DAT (ux0:/user/00/trophy/data/NPWR08097_00/TROPUSR.DAT), fd: 0x39
[10:01:46.977] |T| [write_file]: save_trophy_progress_file: Writing to fd: 0x39, size: 4
[10:01:46.977] |T| [write_file]: save_trophy_progress_file: Writing to fd: 0x39, size: 16
[10:01:46.978] |T| [write_file]: save_trophy_progress_file: Writing to fd: 0x39, size: 16
[10:01:46.978] |T| [write_file]: save_trophy_progress_file: Writing to fd: 0x39, size: 4
[10:01:46.979] |T| [write_file]: save_trophy_progress_file: Writing to fd: 0x39, size: 4
[10:01:46.979] |T| [write_file]: save_trophy_progress_file: Writing to fd: 0x39, size: 4
[10:01:46.980] |T| [write_file]: save_trophy_progress_file: Writing to fd: 0x39, size: 64
[10:01:46.980] |T| [write_file]: save_trophy_progress_file: Writing to fd: 0x39, size: 1024
[10:01:46.981] |T| [write_file]: save_trophy_progress_file: Writing to fd: 0x39, size: 512
[10:01:46.985] |T| [close_file]: save_trophy_progress_file: Closing file fd: 0x39
[10:01:46.986] |T| [export_sceNpTrophyCreateContext]: Trophy context for NPWR08097_00 create successfuly!
[10:01:46.986] |W| [stubbed_impl]: Stubbed sceNpTrophyCreateHandle import called. (Stubbed handle with 1)
[10:01:47.020] |W| [stubbed_impl]: Stubbed sceGxmGetRenderTargetMemSize import called. (2MiB emuenv mem)
[10:01:47.027] |W| [unimplemented_impl]: Unimplemented sceCommonDialogUpdate import called.
[10:01:47.027] |I| [renderer::vulkan::PipelineCache::retrieve_shader]: Generating vulkan spv shader d413042ce081dd0d4544e023e2208c834e7cadb12e265e3b61aeb99550df29bd
[10:01:47.028] |I| [renderer::load_shader_generic]: Generating vert.spv.txt shader d413042ce081dd0d4544e023e2208c834e7cadb12e265e3b61aeb99550df29bd
[10:01:47.030] |D| [shader::create_parameters]: [BUFFER0  + 0] pa0 = (float2) pos
[10:01:47.032] |D| [shader::create_parameters]: [DEFAULT  + 0] sa0 = (float4) color_depth[2]
[10:01:47.032] |T| [shader::usse::USSERecompiler::compile_code_node]: Compiling code_0, size = 2
[10:01:47.034] |T| [shader::usse::USSERecompiler::compile_code_node]: Compiling code_0, size = 6
[10:01:47.040] |I| [renderer::vulkan::PipelineCache::retrieve_shader]: Generating vulkan spv shader 1e68705a0e71c7faffb235bfbf9ab4af50c5404e758d4c683dce759253781cf1
[10:01:47.040] |I| [renderer::load_shader_generic]: Generating frag.spv.txt shader 1e68705a0e71c7faffb235bfbf9ab4af50c5404e758d4c683dce759253781cf1
[10:01:47.041] |D| [shader::create_fragment_inputs]: Iterator: pa0 = (half4) v_Color0
[10:01:47.042] |T| [shader::usse::USSERecompiler::compile_code_node]: Compiling code_0, size = 1
[10:01:49.030] |T| [log_import_call]: [LLE] TID: 7   FUNC: 0xEE681E1D sceFiosFHOpenWithModeSync at 0x3F4EC
[10:01:49.031] |I| [export_sceIoOpen]: Opening file: app0:spcncore.ini
[10:01:49.032] |T| [open_file]: sceIoOpen: Opening file app0:spcncore.ini (ux0:/app/PCSG00545/spcncore.ini), fd: 0x3A
[10:01:49.034] |T| [log_import_call]: [LLE] TID: 7   FUNC: 0xA75F3C4A sceFiosFHSeek at 0x3F49C
[10:01:49.034] |T| [log_import_call]: [LLE] TID: 7   FUNC: 0xB309E327 sceFiosIsValidHandle at 0x3F4BC
[10:01:49.035] |T| [log_import_call]: [LLE] TID: 7   FUNC: 0x76945919 sceFiosFHReadSync at 0x3F47C
[10:01:49.043] |E| [call_import]: Import function for NID 0xE340C006 not found (thread name: PCSG00545, thread ID: 7)
[10:01:49.044] |T| [log_import_call]: [LLE] TID: 7   FUNC: 0x45182328 sceFiosFHCloseSync at 0x3F45C
[10:01:49.045] |T| [close_file]: sceIoClose: Closing file fd: 0x3A
[10:01:49.063] |I| [export_sceIoOpen]: Opening file: app0:/Synth/Dic/cforms.me
[10:01:49.063] |T| [open_file]: sceIoOpen: Opening file app0:/Synth/Dic/cforms.me (ux0:/app/PCSG00545/Synth/Dic/cforms.me), fd: 0x3B
[10:01:49.067] |T| [close_file]: sceIoClose: Closing file fd: 0x3B
[10:01:49.081] |I| [export_sceIoOpen]: Opening file: app0:/Synth/Dic/System/katakana_noun_da.me
[10:01:49.081] |T| [open_file]: sceIoOpen: Opening file app0:/Synth/Dic/System/katakana_noun_da.me (ux0:/app/PCSG00545/Synth/Dic/System/katakana_noun_da.me), fd: 0x3C
[10:01:49.084] |T| [close_file]: sceIoClose: Closing file fd: 0x3C
[10:01:49.085] |I| [export_sceIoOpen]: Opening file: app0:/Synth/Dic/System/katakana_noun_token.me
[10:01:49.086] |T| [open_file]: sceIoOpen: Opening file app0:/Synth/Dic/System/katakana_noun_token.me (ux0:/app/PCSG00545/Synth/Dic/System/katakana_noun_token.me), fd: 0x3D
[10:01:49.087] |T| [close_file]: sceIoClose: Closing file fd: 0x3D
[10:01:49.088] |I| [export_sceIoOpen]: Opening file: app0:/Synth/Dic/System/katakana_noun_feature.me
[10:01:49.088] |T| [open_file]: sceIoOpen: Opening file app0:/Synth/Dic/System/katakana_noun_feature.me (ux0:/app/PCSG00545/Synth/Dic/System/katakana_noun_feature.me), fd: 0x3E
[10:01:49.089] |T| [close_file]: sceIoClose: Closing file fd: 0x3E
[10:01:49.095] |T| [open_dir]: _sceIoDopen: Opening dir app0:/Synth/Font_PSVita/L22A/system (ux0:/app/PCSG00545/Synth/Font_PSVita/L22A/system), fd: 0x3F
[10:01:49.095] |T| [read_dir]: _sceIoDread: Reading entry app0:/Synth/Font_PSVita/L22A/system/00 of fd: 0x3F
[10:01:49.097] |E| [stat_file]: Missing file at F:/vita3k/ux0/app/PCSG00545/Synth/Font_PSVita/L22A/system/00/font.ini (target path: app0:/Synth/Font_PSVita/L22A/system/00/font.ini)
[10:01:49.098] |W| [io_error_impl]: stat_file (_sceIoGetstat) returned 0x80010002
[10:01:49.099] |T| [read_dir]: _sceIoDread: Reading entry app0:/Synth/Font_PSVita/L22A/system/connection.dat of fd: 0x3F
[10:01:49.100] |T| [close_dir]: sceIoDclose: Closing dir fd: 0x3F
[10:01:49.103] |E| [stat_file]: Missing file at F:/vita3k/ux0/app/PCSG00545/Synth/Font_PSVita/L22A/user (target path: app0:/Synth/Font_PSVita/L22A/user)
[10:01:49.103] |W| [io_error_impl]: stat_file (_sceIoGetstat) returned 0x80010002
[10:01:49.106] |I| [export_sceIoOpen]: Opening file: app0:/Synth/Font_PSVita/L22A/system/00/lookup.tbl
[10:01:49.106] |T| [open_file]: sceIoOpen: Opening file app0:/Synth/Font_PSVita/L22A/system/00/lookup.tbl (ux0:/app/PCSG00545/Synth/Font_PSVita/L22A/system/00/lookup.tbl), fd: 0x40
[10:01:49.108] |T| [close_file]: sceIoClose: Closing file fd: 0x40
[10:01:49.110] |I| [export_sceIoOpen]: Opening file: app0:/Synth/Font_PSVita/L22A/system/00/lookup.tbl
[10:01:49.110] |T| [open_file]: sceIoOpen: Opening file app0:/Synth/Font_PSVita/L22A/system/00/lookup.tbl (ux0:/app/PCSG00545/Synth/Font_PSVita/L22A/system/00/lookup.tbl), fd: 0x41
[10:01:49.112] |T| [close_file]: sceIoClose: Closing file fd: 0x41
[10:01:49.118] |I| [export_sceIoOpen]: Opening file: app0:/Synth/Font_PSVita/L22A/system/00/lookup.tbl
[10:01:49.118] |T| [open_file]: sceIoOpen: Opening file app0:/Synth/Font_PSVita/L22A/system/00/lookup.tbl (ux0:/app/PCSG00545/Synth/Font_PSVita/L22A/system/00/lookup.tbl), fd: 0x42
[10:01:49.133] |T| [close_file]: sceIoClose: Closing file fd: 0x42
[10:01:49.134] |I| [export_sceIoOpen]: Opening file: app0:/Synth/Font_PSVita/L22A/system/00/lookup.tbl
[10:01:49.134] |T| [open_file]: sceIoOpen: Opening file app0:/Synth/Font_PSVita/L22A/system/00/lookup.tbl (ux0:/app/PCSG00545/Synth/Font_PSVita/L22A/system/00/lookup.tbl), fd: 0x43
[10:01:49.137] |T| [close_file]: sceIoClose: Closing file fd: 0x43
[10:01:49.139] |I| [export_sceIoOpen]: Opening file: app0:/Synth/Font_PSVita/L22A/system/00/speech_db.idx
[10:01:49.139] |T| [open_file]: sceIoOpen: Opening file app0:/Synth/Font_PSVita/L22A/system/00/speech_db.idx (ux0:/app/PCSG00545/Synth/Font_PSVita/L22A/system/00/speech_db.idx), fd: 0x44
[10:01:49.168] |T| [close_file]: sceIoClose: Closing file fd: 0x44
[10:01:49.168] |I| [export_sceIoOpen]: Opening file: app0:/Synth/Font_PSVita/L22A/system/00/speech_db.pac
[10:01:49.169] |T| [open_file]: sceIoOpen: Opening file app0:/Synth/Font_PSVita/L22A/system/00/speech_db.pac (ux0:/app/PCSG00545/Synth/Font_PSVita/L22A/system/00/speech_db.pac), fd: 0x45
[10:01:49.182] |I| [export_sceIoOpen]: Opening file: app0:/Synth/Dic/info.me
[10:01:49.183] |T| [open_file]: sceIoOpen: Opening file app0:/Synth/Dic/info.me (ux0:/app/PCSG00545/Synth/Dic/info.me), fd: 0x46
[10:01:49.184] |T| [close_file]: sceIoClose: Closing file fd: 0x46
[10:01:49.194] |I| [export_sceIoOpen]: Opening file: app0:/Synth/Dic/matrix.me
[10:01:49.195] |T| [open_file]: sceIoOpen: Opening file app0:/Synth/Dic/matrix.me (ux0:/app/PCSG00545/Synth/Dic/matrix.me), fd: 0x47
[10:01:49.196] |T| [close_file]: sceIoClose: Closing file fd: 0x47
[10:01:49.200] |I| [export_sceIoOpen]: Opening file: app0:/Synth/Dic/cooccur_rule.me
[10:01:49.200] |T| [open_file]: sceIoOpen: Opening file app0:/Synth/Dic/cooccur_rule.me (ux0:/app/PCSG00545/Synth/Dic/cooccur_rule.me), fd: 0x48
[10:01:49.202] |T| [close_file]: sceIoClose: Closing file fd: 0x48
[10:01:49.203] |I| [export_sceIoOpen]: Opening file: app0:/Synth/Dic/compound_rule.me
[10:01:49.203] |T| [open_file]: sceIoOpen: Opening file app0:/Synth/Dic/compound_rule.me (ux0:/app/PCSG00545/Synth/Dic/compound_rule.me), fd: 0x49
[10:01:49.213] |T| [close_file]: sceIoClose: Closing file fd: 0x49
[10:01:49.214] |I| [export_sceIoOpen]: Opening file: app0:/Synth/Dic/accent_rule.me
[10:01:49.214] |T| [open_file]: sceIoOpen: Opening file app0:/Synth/Dic/accent_rule.me (ux0:/app/PCSG00545/Synth/Dic/accent_rule.me), fd: 0x4A
[10:01:49.232] |T| [close_file]: sceIoClose: Closing file fd: 0x4A
[10:01:49.261] |I| [export_sceIoOpen]: Opening file: app0:/Synth/Font_PSVita/L22A/system/connection.dat
[10:01:49.261] |T| [open_file]: sceIoOpen: Opening file app0:/Synth/Font_PSVita/L22A/system/connection.dat (ux0:/app/PCSG00545/Synth/Font_PSVita/L22A/system/connection.dat), fd: 0x4B
[10:01:49.279] |T| [close_file]: sceIoClose: Closing file fd: 0x4B
[10:01:49.296] |T| [open_dir]: _sceIoDopen: Opening dir app0:/Synth/Font_PSVita/L22C/system (ux0:/app/PCSG00545/Synth/Font_PSVita/L22C/system), fd: 0x4C
[10:01:49.296] |T| [read_dir]: _sceIoDread: Reading entry app0:/Synth/Font_PSVita/L22C/system/00 of fd: 0x4C
[10:01:49.297] |E| [stat_file]: Missing file at F:/vita3k/ux0/app/PCSG00545/Synth/Font_PSVita/L22C/system/00/font.ini (target path: app0:/Synth/Font_PSVita/L22C/system/00/font.ini)
[10:01:49.298] |W| [io_error_impl]: stat_file (_sceIoGetstat) returned 0x80010002
[10:01:49.299] |T| [read_dir]: _sceIoDread: Reading entry app0:/Synth/Font_PSVita/L22C/system/connection.dat of fd: 0x4C
[10:01:49.299] |T| [close_dir]: sceIoDclose: Closing dir fd: 0x4C
[10:01:49.299] |E| [stat_file]: Missing file at F:/vita3k/ux0/app/PCSG00545/Synth/Font_PSVita/L22C/user (target path: app0:/Synth/Font_PSVita/L22C/user)
[10:01:49.300] |W| [io_error_impl]: stat_file (_sceIoGetstat) returned 0x80010002
[10:01:49.301] |I| [export_sceIoOpen]: Opening file: app0:/Synth/Font_PSVita/L22C/system/00/lookup.tbl
[10:01:49.302] |T| [open_file]: sceIoOpen: Opening file app0:/Synth/Font_PSVita/L22C/system/00/lookup.tbl (ux0:/app/PCSG00545/Synth/Font_PSVita/L22C/system/00/lookup.tbl), fd: 0x4D
[10:01:49.303] |T| [close_file]: sceIoClose: Closing file fd: 0x4D
[10:01:49.303] |I| [export_sceIoOpen]: Opening file: app0:/Synth/Font_PSVita/L22C/system/00/lookup.tbl
[10:01:49.304] |T| [open_file]: sceIoOpen: Opening file app0:/Synth/Font_PSVita/L22C/system/00/lookup.tbl (ux0:/app/PCSG00545/Synth/Font_PSVita/L22C/system/00/lookup.tbl), fd: 0x4E
[10:01:49.304] |T| [close_file]: sceIoClose: Closing file fd: 0x4E
[10:01:49.305] |I| [export_sceIoOpen]: Opening file: app0:/Synth/Font_PSVita/L22C/system/00/lookup.tbl
[10:01:49.306] |T| [open_file]: sceIoOpen: Opening file app0:/Synth/Font_PSVita/L22C/system/00/lookup.tbl (ux0:/app/PCSG00545/Synth/Font_PSVita/L22C/system/00/lookup.tbl), fd: 0x4F
[10:01:49.322] |T| [close_file]: sceIoClose: Closing file fd: 0x4F
[10:01:49.322] |I| [export_sceIoOpen]: Opening file: app0:/Synth/Font_PSVita/L22C/system/00/lookup.tbl
[10:01:49.323] |T| [open_file]: sceIoOpen: Opening file app0:/Synth/Font_PSVita/L22C/system/00/lookup.tbl (ux0:/app/PCSG00545/Synth/Font_PSVita/L22C/system/00/lookup.tbl), fd: 0x50
[10:01:49.326] |T| [close_file]: sceIoClose: Closing file fd: 0x50
[10:01:49.326] |I| [export_sceIoOpen]: Opening file: app0:/Synth/Font_PSVita/L22C/system/00/speech_db.idx
[10:01:49.327] |T| [open_file]: sceIoOpen: Opening file app0:/Synth/Font_PSVita/L22C/system/00/speech_db.idx (ux0:/app/PCSG00545/Synth/Font_PSVita/L22C/system/00/speech_db.idx), fd: 0x51
[10:01:49.353] |T| [close_file]: sceIoClose: Closing file fd: 0x51
[10:01:49.353] |I| [export_sceIoOpen]: Opening file: app0:/Synth/Font_PSVita/L22C/system/00/speech_db.pac
[10:01:49.354] |T| [open_file]: sceIoOpen: Opening file app0:/Synth/Font_PSVita/L22C/system/00/speech_db.pac (ux0:/app/PCSG00545/Synth/Font_PSVita/L22C/system/00/speech_db.pac), fd: 0x52
[10:01:49.358] |I| [export_sceIoOpen]: Opening file: app0:/Synth/Dic/info.me
[10:01:49.361] |T| [open_file]: sceIoOpen: Opening file app0:/Synth/Dic/info.me (ux0:/app/PCSG00545/Synth/Dic/info.me), fd: 0x53
[10:01:49.362] |T| [close_file]: sceIoClose: Closing file fd: 0x53
[10:01:49.362] |I| [export_sceIoOpen]: Opening file: app0:/Synth/Dic/matrix.me
[10:01:49.363] |T| [open_file]: sceIoOpen: Opening file app0:/Synth/Dic/matrix.me (ux0:/app/PCSG00545/Synth/Dic/matrix.me), fd: 0x54
[10:01:49.364] |T| [close_file]: sceIoClose: Closing file fd: 0x54
[10:01:49.364] |I| [export_sceIoOpen]: Opening file: app0:/Synth/Dic/cooccur_rule.me
[10:01:49.365] |T| [open_file]: sceIoOpen: Opening file app0:/Synth/Dic/cooccur_rule.me (ux0:/app/PCSG00545/Synth/Dic/cooccur_rule.me), fd: 0x55
[10:01:49.366] |T| [close_file]: sceIoClose: Closing file fd: 0x55
[10:01:49.367] |I| [export_sceIoOpen]: Opening file: app0:/Synth/Dic/compound_rule.me
[10:01:49.367] |T| [open_file]: sceIoOpen: Opening file app0:/Synth/Dic/compound_rule.me (ux0:/app/PCSG00545/Synth/Dic/compound_rule.me), fd: 0x56
[10:01:49.369] |T| [close_file]: sceIoClose: Closing file fd: 0x56
[10:01:49.369] |I| [export_sceIoOpen]: Opening file: app0:/Synth/Dic/accent_rule.me
[10:01:49.369] |T| [open_file]: sceIoOpen: Opening file app0:/Synth/Dic/accent_rule.me (ux0:/app/PCSG00545/Synth/Dic/accent_rule.me), fd: 0x57
[10:01:49.381] |T| [close_file]: sceIoClose: Closing file fd: 0x57
[10:01:49.382] |I| [export_sceIoOpen]: Opening file: app0:/Synth/Font_PSVita/L22C/system/connection.dat
[10:01:49.382] |T| [open_file]: sceIoOpen: Opening file app0:/Synth/Font_PSVita/L22C/system/connection.dat (ux0:/app/PCSG00545/Synth/Font_PSVita/L22C/system/connection.dat), fd: 0x58
[10:01:49.395] |T| [close_file]: sceIoClose: Closing file fd: 0x58
[10:01:49.400] |T| [write_file]: *** TTY: Change PowerConfig modeC
[10:01:49.410] |I| [export_sceIoOpen]: Opening file: app0:./DATA.UNH
[10:01:49.410] |T| [open_file]: sceIoOpen: Opening file app0:./DATA.UNH (ux0:/app/PCSG00545/./DATA.UNH), fd: 0x59
[10:01:49.413] |T| [close_file]: sceIoClose: Closing file fd: 0x59
[10:01:49.415] |I| [export_sceIoOpen]: Opening file: app0:./DATA.UNH
[10:01:49.415] |T| [open_file]: sceIoOpen: Opening file app0:./DATA.UNH (ux0:/app/PCSG00545/./DATA.UNH), fd: 0x5A
[10:01:49.419] |T| [close_file]: sceIoClose: Closing file fd: 0x5A
[10:01:49.420] |I| [export_sceIoOpen]: Opening file: addcont0:./DLC00.UNH.EDAT
[10:01:49.420] |E| [open_file]: Missing file at F:/vita3k/ux0/addcont/PCSG00545/./DLC00.UNH.EDAT (target path: addcont0:./DLC00.UNH.EDAT)
[10:01:49.423] |W| [io_error_impl]: open_file (sceIoOpen) returned 0x80010002
[10:01:49.425] |I| [export_sceIoOpen]: Opening file: app0:./PATCH.UNH
[10:01:49.425] |E| [open_file]: Missing file at F:/vita3k/ux0/app/PCSG00545/./PATCH.UNH (target path: app0:./PATCH.UNH)
[10:01:49.425] |W| [io_error_impl]: open_file (sceIoOpen) returned 0x80010002
[10:01:49.426] |E| [logging::ret_error_impl]: sceAppUtilDrmClose returned SCE_APPUTIL_ERROR_NOT_MOUNTED (0x80100604)
[10:01:49.427] |I| [export_sceIoOpen]: Opening file: app0:./DATA.UNB
[10:01:49.428] |T| [open_file]: sceIoOpen: Opening file app0:./DATA.UNB (ux0:/app/PCSG00545/./DATA.UNB), fd: 0x5B
[10:01:49.592] |W| [ngs::create_voice_definition]: Missing voice definition for Buss Type 6, using passthrough.
[10:01:49.593] |W| [ngs::create_voice_definition]: Missing voice definition for Buss Type 1, using passthrough.
[10:01:49.593] |W| [ngs::create_voice_definition]: Missing voice definition for Buss Type 10, using passthrough.
[10:01:49.601] |T| [ngs::simple::PlayerVoiceDefinition::new_modules]: Simple player voice definition stubbed
[10:01:49.602] |T| [ngs::simple::Atrac9VoiceDefinition::new_modules]: AT9 player voice definition stubbed
[10:01:49.602] |T| [ngs::simple::PlayerVoiceDefinition::new_modules]: Simple player voice definition stubbed
[10:01:49.604] |T| [export_sceNgsPatchCreateRouting]: Patching 0x4754240:0:0 to 0x47546D8:0
[10:01:49.604] |T| [export_sceNgsPatchCreateRouting]: Patching 0x4753DA8:0:0 to 0x4754240:0
[10:01:49.605] |T| [export_sceNgsPatchCreateRouting]: Patching 0x4753910:0:0 to 0x4753DA8:0
[10:01:49.623] |W| [unimplemented_impl]: Unimplemented sceAppMgrAcquireBgmPort import called.
[10:01:49.625] |T| [write_file]: *** TTY: KTSL: CKtslDeviceCore: Ngs Worker thread start
[10:01:49.640] |T| [write_file]: *** TTY: KTSL: CKtslDeviceCore: AudioOutput Worker thread start
[10:01:49.644] |T| [write_file]: *** TTY: KTSL: assertion "sceAudioOutOutput(m_iAudioOutPortNo, pOutBuf) == nNumSamples" failed: file "D:\ktsl\trunk\Source\NGP\KtslDeviceCore.cpp", line 1872
[10:01:49.663] |T| [write_file]: *** TTY: KTSL: Thread KtslStrLoader[0x4854950] Start
[10:01:49.677] |T| [write_file]: *** TTY: KTSL: Thread KtslAudioDecoder[0x4854950] Start
[10:01:49.678] |W| [unimplemented_impl]: Unimplemented sceNgsSystemLock import called.
[10:01:49.679] |W| [unimplemented_impl]: Unimplemented sceNgsSystemUnlock import called.
[10:01:49.704] |T| [write_file]: *** TTY: KTSL: Thread KtslAudioDecoder[0x4863da8] Start
[10:01:49.718] |T| [write_file]: *** TTY: KTSL: Thread KtslAudioDecoder[0x4864268] Start
[10:01:49.733] |T| [write_file]: *** TTY: KTSL: Thread KtslAudioDecoder[0x4864728] Start
[10:01:49.744] |I| [load_module]: Loading module ID: 0x30
[10:01:49.747] |T| [write_file]: *** TTY: KTSL: Thread KtslAudioDecoder[0x4864be8] Start
[10:01:49.791] |I| [load_self]: sys/external/libatrac.suprx: Skipping special segment 0x6FFFFF01...
[10:01:49.792] |I| [load_self]: Loaded module segment 0 @ [0x149FA000 - 0x149FD55C / 0x81000000] (size: 0x0000355C) of module sys/external/libatrac.suprx
[10:01:49.792] |I| [load_self]: Loaded module segment 1 @ [0x111BD000 - 0x111BE038 / 0x81004000] (size: 0x00001038) of module sys/external/libatrac.suprx
[10:01:49.793] |I| [load_self]: Linking SELF sys/external/libatrac.suprx...
[10:01:49.794] |D| [load_var_exports]: 	NID 0x936C8A78 (SYSLYB) at 0x149FD558
[10:01:49.794] |D| [load_var_exports]: 	NID 0x6C2224BA (NID_MODULE_INFO) at 0x149FCDB4
[10:01:49.795] |I| [load_module]: Module SceAtrac (at "sys/external/libatrac.suprx") loaded
[10:01:49.795] |D| [load_module]: Running module_start of module: SceAtrac
[10:01:49.796] |I| [load_module]: Module SceAtrac (at "sys/external/libatrac.suprx") module_start returned 0x0
[10:01:49.796] |T| [log_import_call]: [LLE] TID: 7   FUNC: 0x1A34B331 sceAtracQueryDecoderGroupMemSize at 0x6728A4
[10:01:49.797] |T| [log_import_call]: [LLE] TID: 7   FUNC: 0x1BFB98C sceAtracCreateDecoderGroup at 0x672894
[10:01:49.903] |T| [write_file]: *** TTY: KTSL: CKtslStrPlayer::Stop(): FadeOut param overrided! (time:500->500, type:0->0)
[10:01:49.929] |I| [float_to_half_init]: AVX+F16C instruction set is supported. Using fast f32 to f16 conversion
[10:01:49.932] |I| [renderer::vulkan::PipelineCache::retrieve_shader]: Generating vulkan spv shader 6fd048638843c7948e804ebd6334613ffe487300f488b18ae2639350078f5b2f
[10:01:49.933] |I| [renderer::load_shader_generic]: Generating vert.spv.txt shader 6fd048638843c7948e804ebd6334613ffe487300f488b18ae2639350078f5b2f
[10:01:49.934] |D| [shader::create_parameters]: [BUFFER0  + 0] pa0 = (half4) vi_pos
[10:01:49.934] |D| [shader::create_parameters]: [BUFFER0  + 2] pa2 = (uchar4) vi_clr
[10:01:49.935] |D| [shader::create_parameters]: [BUFFER0  + 4] pa4 = (half2) vi_tex
[10:01:49.935] |D| [shader::create_parameters]: [DEFAULT  + 0] sa0 = (half4) ktglViewport
[10:01:49.936] |D| [shader::create_parameters]: [DEFAULT  + 2] sa2 = (float1) ktglPointSize
[10:01:49.936] |T| [shader::usse::USSERecompiler::compile_code_node]: Compiling code_0, size = 3
[10:01:49.938] |T| [shader::usse::USSERecompiler::compile_code_node]: Compiling code_0, size = 10
[10:01:49.944] |I| [renderer::vulkan::PipelineCache::retrieve_shader]: Generating vulkan spv shader a7b436a733b61605f43892cd29b01ee09eb5c75541c342036656d11fccf9ef6a
[10:01:49.944] |I| [renderer::load_shader_generic]: Generating frag.spv.txt shader a7b436a733b61605f43892cd29b01ee09eb5c75541c342036656d11fccf9ef6a
[10:01:49.946] |D| [shader::create_fragment_inputs]: Iterator: pa0 = (half4) v_Color0
[10:01:49.946] |T| [shader::usse::USSERecompiler::compile_code_node]: Compiling code_0, size = 1
[10:01:50.548] |T| [log_import_call]: [LLE] TID: 7   FUNC: 0x4C847ADF sceAvPlayerInit at 0x673034
[10:01:50.567] |T| [log_import_call]: [LLE] TID: 7   FUNC: 0xBC83C8FD sceAvPlayerAddSource at 0x6730A4
[10:01:50.570] |T| [log_import_call]: [LLE] TID: 7   FUNC: 0x5474AF0 sceMp4OpenFile at 0xC11C1AC
[10:01:50.572] |I| [export_sceIoOpen]: Opening file: app0:./Movie/LOGO_KT_KOEI.mp4
[10:01:50.572] |T| [open_file]: sceIoOpen: Opening file app0:./Movie/LOGO_KT_KOEI.mp4 (ux0:/app/PCSG00545/./Movie/LOGO_KT_KOEI.mp4), fd: 0x5C
[10:01:50.597] |T| [log_import_call]: [LLE] TID: 219 FUNC: 0x30E49E4D sceMp4StartFileStreaming at 0xC11C1CC
[10:01:50.866] |T| [log_import_call]: [LLE] TID: 219 FUNC: 0x2CD86FD6 sceAvPlayerStreamCount at 0x672FF4
[10:01:50.867] |T| [log_import_call]: [LLE] TID: 219 FUNC: 0xD5B26179 UNRECOGNISED at 0xC11C2CC
[10:01:50.869] |W| [unimplemented_impl]: Unimplemented sceKernelGetProcessTitleId import called.
[10:01:50.873] |E| [call_import]: Import function for NID 0xE340CC12 not found (thread name: avPlayer Controller, thread ID: 219)
[10:01:50.876] |T| [log_import_call]: [LLE] TID: 219 FUNC: 0x34E2D370 sceAvPlayerGetStreamInfo at 0x673014
[10:01:50.877] |T| [log_import_call]: [LLE] TID: 219 FUNC: 0x70127AB8 sceAvPlayerEnableStream at 0x673054
[10:01:50.883] |W| [stubbed_impl]: Stubbed sceAudiodecGetContextSize import called. (fake size)
[10:01:50.884] |W| [stubbed_impl]: Stubbed sceCodecEngineAllocMemoryFromUnmapMemBlock import called. (fake vaddr)
[10:01:50.886] |T| [log_import_call]: [LLE] TID: 219 FUNC: 0x609E57AD sceMp4EnableStream at 0xC11C20C
[10:01:50.888] |E| [call_import]: Import function for NID 0xE340CC10 not found (thread name: avPlayer Controller, thread ID: 219)
[10:01:50.894] |W| [stubbed_impl]: Stubbed sceVideodecQueryMemSize import called. (fake size)
[10:01:50.898] |T| [log_import_call]: [LLE] TID: 7   FUNC: 0x2E4FF35F sceAvPlayerIsActive at 0x673004
[10:01:50.899] |T| [log_import_call]: [LLE] TID: 7   FUNC: 0xEC103ADF sceAvPlayerSetLooping at 0x6730C4
[10:01:50.900] |T| [log_import_call]: [LLE] TID: 7   FUNC: 0x2ACB4217 sceAvPlayerStart at 0x672FE4
[10:01:50.946] |T| [log_import_call]: [LLE] TID: 7   FUNC: 0x804DCECD sceAvPlayerCurrentTime at 0x673074
[10:01:50.946] |T| [log_import_call]: [LLE] TID: 315 FUNC: 0x20A01112 sceMp4GetNextUnit at 0xC11C1BC
[10:01:50.947] |T| [log_import_call]: [LLE] TID: 207 FUNC: 0xA10FC252 sceAvPlayerGetAudioData at 0x673094
[10:01:50.949] |T| [log_import_call]: [LLE] TID: 7   FUNC: 0x8BC3221B sceAvPlayerGetVideoData at 0x673084
[10:01:50.956] |T| [log_import_call]: [LLE] TID: 315 FUNC: 0xD092A066 sceMp4GetNextUnitData at 0xC11C2AC
[10:01:50.962] |E| [logging::ret_error_impl]: _sceKernelWaitCond returned SCE_KERNEL_ERROR_WAIT_TIMEOUT (0x80028005)
[10:01:51.073] |I| [renderer::vulkan::PipelineCache::retrieve_shader]: Generating vulkan spv shader a29cab6c68a65cbb9e663df4b919600a60d03cd43b67034d4255d680371cab65
[10:01:51.074] |I| [renderer::load_shader_generic]: Generating frag.spv.txt shader a29cab6c68a65cbb9e663df4b919600a60d03cd43b67034d4255d680371cab65
[10:01:51.076] |D| [shader::create_fragment_inputs]: Iterator: pa0 = (float4) v_Color0
[10:01:51.076] |T| [shader::create_fragment_inputs]: pa4 = tex2D<float4>(s0, TEXCOORD0.xy)
[10:01:51.076] |T| [shader::usse::USSERecompiler::compile_code_node]: Compiling code_0, size = 5
[10:01:57.073] |T| [log_import_call]: [LLE] TID: 7   FUNC: 0x7AA29B2D sceAvPlayerClose at 0x673064
[10:01:57.081] |T| [log_import_call]: [LLE] TID: 7   FUNC: 0xC05DFF01 UNRECOGNISED at 0xC11C28C
[10:01:57.082] |T| [log_import_call]: [LLE] TID: 7   FUNC: 0x40351E1A sceMp4Reset at 0xC11C1EC
[10:01:57.084] |W| [stubbed_impl]: Stubbed sceCodecEngineFreeMemoryFromUnmapMemBlock import called. (always return success)
[10:01:57.087] |T| [log_import_call]: [LLE] TID: 7   FUNC: 0x920623C8 sceMp4CloseFile at 0xC11C23C
[10:01:57.089] |T| [close_file]: sceIoClose: Closing file fd: 0x5C
[10:01:57.095] |T| [log_import_call]: [LLE] TID: 7   FUNC: 0x7B4832FE sceMp4ReleaseBuffer at 0xC11C22C
[10:01:57.723] |T| [write_file]: *** TTY: KTSL: CKtslStrPlayer::Stop(): FadeOut param overrided! (time:500->500, type:0->0)
[10:01:58.388] |I| [export_sceIoOpen]: Opening file: app0:./Movie/WP8-2015_titlelogo.mp4
[10:01:58.389] |T| [open_file]: sceIoOpen: Opening file app0:./Movie/WP8-2015_titlelogo.mp4 (ux0:/app/PCSG00545/./Movie/WP8-2015_titlelogo.mp4), fd: 0x5D
[10:01:59.356] |T| [log_import_call]: [LLE] TID: 7   FUNC: 0xBD35E360 sceAvPlayerStop at 0x6730B4
[10:01:59.364] |T| [close_file]: sceIoClose: Closing file fd: 0x5D
[10:02:00.114] |I| [export_sceIoOpen]: Opening file: app0:./WPSHD.DAT
[10:02:00.114] |T| [open_file]: sceIoOpen: Opening file app0:./WPSHD.DAT (ux0:/app/PCSG00545/./WPSHD.DAT), fd: 0x5E
[10:02:00.115] |T| [close_file]: sceIoClose: Closing file fd: 0x5E
[10:02:00.115] |I| [export_sceIoOpen]: Opening file: app0:./WPSHD.DAT
[10:02:00.116] |T| [open_file]: sceIoOpen: Opening file app0:./WPSHD.DAT (ux0:/app/PCSG00545/./WPSHD.DAT), fd: 0x5F
[10:02:00.117] |T| [close_file]: sceIoClose: Closing file fd: 0x5F
[10:02:00.117] |I| [export_sceIoOpen]: Opening file: app0:./WPSHD.DAT
[10:02:00.118] |T| [open_file]: sceIoOpen: Opening file app0:./WPSHD.DAT (ux0:/app/PCSG00545/./WPSHD.DAT), fd: 0x60
[10:02:00.119] |T| [close_file]: sceIoClose: Closing file fd: 0x60
[10:02:00.326] |I| [renderer::vulkan::PipelineCache::retrieve_shader]: Generating vulkan spv shader d44e85cc4ff1c1286578de215b2818bc863bb60b0870d2a0c9f681f5fdae1187
[10:02:00.327] |I| [renderer::load_shader_generic]: Generating frag.spv.txt shader d44e85cc4ff1c1286578de215b2818bc863bb60b0870d2a0c9f681f5fdae1187
[10:02:00.329] |D| [shader::create_fragment_inputs]: Iterator: pa0 = (float4) v_Color0
[10:02:00.329] |T| [shader::create_fragment_inputs]: pa4 = tex2D<float4>(s0, TEXCOORD0.xy)
[10:02:00.329] |T| [shader::usse::USSERecompiler::compile_code_node]: Compiling code_0, size = 6
[10:02:00.598] |I| [export_sceIoOpen]: Opening file: app0:./WP8MSG.DAT
[10:02:00.599] |T| [open_file]: sceIoOpen: Opening file app0:./WP8MSG.DAT (ux0:/app/PCSG00545/./WP8MSG.DAT), fd: 0x61
[10:02:00.600] |T| [close_file]: sceIoClose: Closing file fd: 0x61
[10:02:02.035] |I| [renderer::vulkan::PipelineCache::retrieve_shader]: Generating vulkan spv shader a71a96ca883ac7e1230d1ad2f502cc6e840d02c2b2badbd1126e82f4b6c49566
[10:02:02.037] |I| [renderer::load_shader_generic]: Generating frag.spv.txt shader a71a96ca883ac7e1230d1ad2f502cc6e840d02c2b2badbd1126e82f4b6c49566
[10:02:02.038] |D| [shader::create_fragment_inputs]: Iterator: pa0 = (float4) v_Color0
[10:02:02.039] |T| [shader::create_fragment_inputs]: pa4 = tex2D<float4>(s0, TEXCOORD0.xy)
[10:02:02.039] |T| [shader::usse::USSERecompiler::compile_code_node]: Compiling code_0, size = 5
[10:02:02.057] |E| [open_file]: Missing file at F:/vita3k/ux0/user/00/savedata/PCSG00545/SlotParam_111.bin (target path: savedata0:/SlotParam_111.bin)
[10:02:02.058] |W| [io_error_impl]: open_file (sceAppUtilSaveDataSlotGetParam) returned 0x80010002
[10:02:02.058] |E| [logging::ret_error_impl]: sceAppUtilSaveDataSlotGetParam returned SCE_APPUTIL_ERROR_SAVEDATA_SLOT_NOT_FOUND (0x80100641)
[10:02:02.059] |E| [stat_file]: Missing file at F:/vita3k/ux0/user/00/savedata/PCSG00545/SYSTEM.DAT (target path: savedata0:SYSTEM.DAT)
[10:02:02.060] |W| [io_error_impl]: stat_file (_sceIoGetstat) returned 0x80010002
[10:02:04.016] |T| [export_sceNgsPatchCreateRouting]: Patching 0x4745AB0:0:0 to 0x4753DA8:0
[10:02:04.018] |T| [export_sceNgsPatchCreateRouting]: Patching 0x4745E3C:0:0 to 0x4753DA8:0
[10:02:04.627] |E| [open_file]: Missing file at F:/vita3k/ux0/user/00/savedata/PCSG00545/SlotParam_111.bin (target path: savedata0:/SlotParam_111.bin)
[10:02:04.628] |W| [io_error_impl]: open_file (sceAppUtilSaveDataSlotGetParam) returned 0x80010002
[10:02:04.629] |T| [open_file]: sceAppUtilSaveDataDataSave: Opening file savedata0:/SYSTEM.DAT (ux0:/user/00/savedata/PCSG00545/SYSTEM.DAT), fd: 0x62
[10:02:04.630] |T| [write_file]: sceAppUtilSaveDataDataSave: Writing to fd: 0x62, size: 256
[10:02:04.630] |T| [close_file]: sceAppUtilSaveDataDataSave: Closing file fd: 0x62
[10:02:04.631] |T| [open_file]: sceAppUtilSaveDataDataSave: Opening file savedata0:/SlotParam_111.bin (ux0:/user/00/savedata/PCSG00545/SlotParam_111.bin), fd: 0x63
[10:02:04.632] |T| [write_file]: sceAppUtilSaveDataDataSave: Writing to fd: 0x63, size: 844
[10:02:04.632] |T| [close_file]: sceAppUtilSaveDataDataSave: Closing file fd: 0x63
[10:02:04.807] |I| [export_sceIoOpen]: Opening file: addcont0:DLC0000000000000/DLCKEY0000.EDAT
[10:02:04.807] |E| [open_file]: Missing file at F:/vita3k/ux0/addcont/PCSG00545/DLC0000000000000/DLCKEY0000.EDAT (target path: addcont0:DLC0000000000000/DLCKEY0000.EDAT)
[10:02:04.808] |W| [io_error_impl]: open_file (sceIoOpen) returned 0x80010002
[10:02:04.873] |I| [export_sceIoOpen]: Opening file: addcont0:DLC0010000000000/DLCKEY0001.EDAT
[10:02:04.873] |E| [open_file]: Missing file at F:/vita3k/ux0/addcont/PCSG00545/DLC0010000000000/DLCKEY0001.EDAT (target path: addcont0:DLC0010000000000/DLCKEY0001.EDAT)
[10:02:04.874] |W| [io_error_impl]: open_file (sceIoOpen) returned 0x80010002
[10:02:04.939] |I| [export_sceIoOpen]: Opening file: addcont0:DLC0020000000000/DLCKEY0002.EDAT
[10:02:04.939] |E| [open_file]: Missing file at F:/vita3k/ux0/addcont/PCSG00545/DLC0020000000000/DLCKEY0002.EDAT (target path: addcont0:DLC0020000000000/DLCKEY0002.EDAT)
[10:02:04.940] |W| [io_error_impl]: open_file (sceIoOpen) returned 0x80010002
[10:02:05.006] |I| [export_sceIoOpen]: Opening file: addcont0:DLC0030000000000/DLCKEY0003.EDAT
[10:02:05.006] |E| [open_file]: Missing file at F:/vita3k/ux0/addcont/PCSG00545/DLC0030000000000/DLCKEY0003.EDAT (target path: addcont0:DLC0030000000000/DLCKEY0003.EDAT)
[10:02:05.007] |W| [io_error_impl]: open_file (sceIoOpen) returned 0x80010002
[10:02:05.073] |I| [export_sceIoOpen]: Opening file: addcont0:DLC0040000000000/DLCKEY0004.EDAT
[10:02:05.074] |E| [open_file]: Missing file at F:/vita3k/ux0/addcont/PCSG00545/DLC0040000000000/DLCKEY0004.EDAT (target path: addcont0:DLC0040000000000/DLCKEY0004.EDAT)
[10:02:05.075] |W| [io_error_impl]: open_file (sceIoOpen) returned 0x80010002
[10:02:05.139] |I| [export_sceIoOpen]: Opening file: addcont0:DLC0050000000000/DLCKEY0005.EDAT
[10:02:05.140] |E| [open_file]: Missing file at F:/vita3k/ux0/addcont/PCSG00545/DLC0050000000000/DLCKEY0005.EDAT (target path: addcont0:DLC0050000000000/DLCKEY0005.EDAT)
[10:02:05.140] |W| [io_error_impl]: open_file (sceIoOpen) returned 0x80010002
[10:02:05.206] |I| [export_sceIoOpen]: Opening file: addcont0:DLC0060000000000/DLCKEY0006.EDAT
[10:02:05.207] |E| [open_file]: Missing file at F:/vita3k/ux0/addcont/PCSG00545/DLC0060000000000/DLCKEY0006.EDAT (target path: addcont0:DLC0060000000000/DLCKEY0006.EDAT)
[10:02:05.207] |W| [io_error_impl]: open_file (sceIoOpen) returned 0x80010002
[10:02:05.273] |I| [export_sceIoOpen]: Opening file: addcont0:DLC0070000000000/DLCKEY0007.EDAT
[10:02:05.274] |E| [open_file]: Missing file at F:/vita3k/ux0/addcont/PCSG00545/DLC0070000000000/DLCKEY0007.EDAT (target path: addcont0:DLC0070000000000/DLCKEY0007.EDAT)
[10:02:05.274] |W| [io_error_impl]: open_file (sceIoOpen) returned 0x80010002
[10:02:05.339] |I| [export_sceIoOpen]: Opening file: addcont0:DLC0080000000000/DLCKEY0008.EDAT
[10:02:05.340] |E| [open_file]: Missing file at F:/vita3k/ux0/addcont/PCSG00545/DLC0080000000000/DLCKEY0008.EDAT (target path: addcont0:DLC0080000000000/DLCKEY0008.EDAT)
[10:02:05.340] |W| [io_error_impl]: open_file (sceIoOpen) returned 0x80010002
[10:02:05.407] |E| [open_dir]: Directory does not exist at: F:/vita3k/ux0/addcont/PCSG00545/WP82015DLCDT0000/DLC00_COMP/ (target path: addcont0:WP82015DLCDT0000/DLC00_COMP)
[10:02:05.408] |W| [io_error_impl]: open_dir (_sceIoDopen) returned 0x80010002
[10:02:05.409] |E| [open_dir]: Directory does not exist at: F:/vita3k/ux0/addcont/PCSG00545/WP82015DLCDT0001/DLC00_COMP/ (target path: addcont0:WP82015DLCDT0001/DLC00_COMP)
[10:02:05.410] |W| [io_error_impl]: open_dir (_sceIoDopen) returned 0x80010002
[10:02:05.410] |E| [open_dir]: Directory does not exist at: F:/vita3k/ux0/addcont/PCSG00545/WP82015DLCDT0002/DLC00_COMP/ (target path: addcont0:WP82015DLCDT0002/DLC00_COMP)
[10:02:05.411] |W| [io_error_impl]: open_dir (_sceIoDopen) returned 0x80010002
[10:02:05.412] |E| [open_dir]: Directory does not exist at: F:/vita3k/ux0/addcont/PCSG00545/WP82015DLCDT0003/DLC00_COMP/ (target path: addcont0:WP82015DLCDT0003/DLC00_COMP)
[10:02:05.413] |W| [io_error_impl]: open_dir (_sceIoDopen) returned 0x80010002
[10:02:05.413] |E| [open_dir]: Directory does not exist at: F:/vita3k/ux0/addcont/PCSG00545/WP82015DLCDT0004/DLC00_COMP/ (target path: addcont0:WP82015DLCDT0004/DLC00_COMP)
[10:02:05.414] |W| [io_error_impl]: open_dir (_sceIoDopen) returned 0x80010002
[10:02:05.415] |E| [open_dir]: Directory does not exist at: F:/vita3k/ux0/addcont/PCSG00545/WP82015DLCDT0005/DLC00_COMP/ (target path: addcont0:WP82015DLCDT0005/DLC00_COMP)
[10:02:05.416] |W| [io_error_impl]: open_dir (_sceIoDopen) returned 0x80010002
[10:02:05.416] |E| [open_dir]: Directory does not exist at: F:/vita3k/ux0/addcont/PCSG00545/WP82015DLCDT0006/DLC00_COMP/ (target path: addcont0:WP82015DLCDT0006/DLC00_COMP)
[10:02:05.417] |W| [io_error_impl]: open_dir (_sceIoDopen) returned 0x80010002
[10:02:05.418] |E| [open_dir]: Directory does not exist at: F:/vita3k/ux0/addcont/PCSG00545/WP82015DLCDT0007/DLC00_COMP/ (target path: addcont0:WP82015DLCDT0007/DLC00_COMP)
[10:02:05.418] |W| [io_error_impl]: open_dir (_sceIoDopen) returned 0x80010002
[10:02:05.419] |E| [open_dir]: Directory does not exist at: F:/vita3k/ux0/addcont/PCSG00545/WP82015DLCDT0008/DLC00_COMP/ (target path: addcont0:WP82015DLCDT0008/DLC00_COMP)
[10:02:05.420] |W| [io_error_impl]: open_dir (_sceIoDopen) returned 0x80010002
[10:02:05.420] |E| [open_dir]: Directory does not exist at: F:/vita3k/ux0/addcont/PCSG00545/WP82015DLCDT0009/DLC00_COMP/ (target path: addcont0:WP82015DLCDT0009/DLC00_COMP)
[10:02:05.421] |W| [io_error_impl]: open_dir (_sceIoDopen) returned 0x80010002
[10:02:05.490] |E| [open_file]: Missing file at F:/vita3k/ux0/user/00/savedata/PCSG00545/SlotParam_114.bin (target path: savedata0:/SlotParam_114.bin)
[10:02:05.492] |W| [io_error_impl]: open_file (sceAppUtilSaveDataSlotGetParam) returned 0x80010002
[10:02:05.492] |E| [stat_file]: Missing file at F:/vita3k/ux0/user/00/savedata/PCSG00545/RECORD-.DAT (target path: savedata0:RECORD-.DAT)
[10:02:05.493] |W| [io_error_impl]: stat_file (_sceIoGetstat) returned 0x80010002
[10:02:06.807] |T| [export_sceNgsPatchCreateRouting]: Patching 0x47461C8:0:0 to 0x4753DA8:0
[10:02:06.808] |T| [export_sceNgsPatchCreateRouting]: Patching 0x4746554:0:0 to 0x4753DA8:0
[10:02:07.425] |E| [open_file]: Missing file at F:/vita3k/ux0/user/00/savedata/PCSG00545/SlotParam_114.bin (target path: savedata0:/SlotParam_114.bin)
[10:02:07.427] |W| [io_error_impl]: open_file (sceAppUtilSaveDataSlotGetParam) returned 0x80010002
[10:02:07.434] |T| [open_file]: sceAppUtilSaveDataDataSave: Opening file savedata0:/RECORD-.DAT (ux0:/user/00/savedata/PCSG00545/RECORD-.DAT), fd: 0x64
[10:02:07.434] |T| [write_file]: sceAppUtilSaveDataDataSave: Writing to fd: 0x64, size: 1284
[10:02:07.435] |T| [close_file]: sceAppUtilSaveDataDataSave: Closing file fd: 0x64
[10:02:07.435] |T| [open_file]: sceAppUtilSaveDataDataSave: Opening file savedata0:/SlotParam_114.bin (ux0:/user/00/savedata/PCSG00545/SlotParam_114.bin), fd: 0x65
[10:02:07.436] |T| [write_file]: sceAppUtilSaveDataDataSave: Writing to fd: 0x65, size: 844
[10:02:07.437] |T| [close_file]: sceAppUtilSaveDataDataSave: Closing file fd: 0x65
[10:02:07.624] |E| [stat_file]: Missing file at F:/vita3k/ux0/user/00/savedata/PCSG00545/STORY-000.DAT (target path: savedata0:STORY-000.DAT)
[10:02:07.626] |W| [io_error_impl]: stat_file (_sceIoGetstat) returned 0x80010002
[10:02:07.626] |E| [logging::ret_error_impl]: sceSaveDataDialogSubClose returned SCE_COMMON_DIALOG_ERROR_NOT_RUNNING (0x80020404)
[10:02:07.691] |E| [stat_file]: Missing file at F:/vita3k/ux0/user/00/savedata/PCSG00545/STORY-001.DAT (target path: savedata0:STORY-001.DAT)
[10:02:07.692] |W| [io_error_impl]: stat_file (_sceIoGetstat) returned 0x80010002
[10:02:07.758] |E| [stat_file]: Missing file at F:/vita3k/ux0/user/00/savedata/PCSG00545/STORY-002.DAT (target path: savedata0:STORY-002.DAT)
[10:02:07.759] |W| [io_error_impl]: stat_file (_sceIoGetstat) returned 0x80010002
[10:02:07.824] |E| [stat_file]: Missing file at F:/vita3k/ux0/user/00/savedata/PCSG00545/STORY-003.DAT (target path: savedata0:STORY-003.DAT)
[10:02:07.825] |W| [io_error_impl]: stat_file (_sceIoGetstat) returned 0x80010002
[10:02:07.891] |E| [stat_file]: Missing file at F:/vita3k/ux0/user/00/savedata/PCSG00545/STORY-004.DAT (target path: savedata0:STORY-004.DAT)
[10:02:07.892] |W| [io_error_impl]: stat_file (_sceIoGetstat) returned 0x80010002
[10:02:07.958] |E| [stat_file]: Missing file at F:/vita3k/ux0/user/00/savedata/PCSG00545/STORY-005.DAT (target path: savedata0:STORY-005.DAT)
[10:02:07.959] |W| [io_error_impl]: stat_file (_sceIoGetstat) returned 0x80010002
[10:02:08.024] |E| [stat_file]: Missing file at F:/vita3k/ux0/user/00/savedata/PCSG00545/STORY-006.DAT (target path: savedata0:STORY-006.DAT)
[10:02:08.025] |W| [io_error_impl]: stat_file (_sceIoGetstat) returned 0x80010002
[10:02:08.091] |E| [stat_file]: Missing file at F:/vita3k/ux0/user/00/savedata/PCSG00545/STORY-007.DAT (target path: savedata0:STORY-007.DAT)
[10:02:08.092] |W| [io_error_impl]: stat_file (_sceIoGetstat) returned 0x80010002
[10:02:08.158] |E| [stat_file]: Missing file at F:/vita3k/ux0/user/00/savedata/PCSG00545/STORY-008.DAT (target path: savedata0:STORY-008.DAT)
[10:02:08.159] |W| [io_error_impl]: stat_file (_sceIoGetstat) returned 0x80010002
[10:02:08.224] |E| [stat_file]: Missing file at F:/vita3k/ux0/user/00/savedata/PCSG00545/STORY-009.DAT (target path: savedata0:STORY-009.DAT)
[10:02:08.225] |W| [io_error_impl]: stat_file (_sceIoGetstat) returned 0x80010002
[10:02:08.291] |E| [stat_file]: Missing file at F:/vita3k/ux0/user/00/savedata/PCSG00545/STORY-010.DAT (target path: savedata0:STORY-010.DAT)
[10:02:08.292] |W| [io_error_impl]: stat_file (_sceIoGetstat) returned 0x80010002
[10:02:08.358] |E| [stat_file]: Missing file at F:/vita3k/ux0/user/00/savedata/PCSG00545/STORY-011.DAT (target path: savedata0:STORY-011.DAT)
[10:02:08.359] |W| [io_error_impl]: stat_file (_sceIoGetstat) returned 0x80010002
[10:02:08.424] |E| [stat_file]: Missing file at F:/vita3k/ux0/user/00/savedata/PCSG00545/STORY-012.DAT (target path: savedata0:STORY-012.DAT)
[10:02:08.425] |W| [io_error_impl]: stat_file (_sceIoGetstat) returned 0x80010002
[10:02:08.491] |E| [stat_file]: Missing file at F:/vita3k/ux0/user/00/savedata/PCSG00545/STORY-013.DAT (target path: savedata0:STORY-013.DAT)
[10:02:08.493] |W| [io_error_impl]: stat_file (_sceIoGetstat) returned 0x80010002
[10:02:08.557] |E| [stat_file]: Missing file at F:/vita3k/ux0/user/00/savedata/PCSG00545/STORY-014.DAT (target path: savedata0:STORY-014.DAT)
[10:02:08.559] |W| [io_error_impl]: stat_file (_sceIoGetstat) returned 0x80010002
[10:02:08.624] |E| [stat_file]: Missing file at F:/vita3k/ux0/user/00/savedata/PCSG00545/STORY-015.DAT (target path: savedata0:STORY-015.DAT)
[10:02:08.626] |W| [io_error_impl]: stat_file (_sceIoGetstat) returned 0x80010002
[10:02:08.691] |E| [stat_file]: Missing file at F:/vita3k/ux0/user/00/savedata/PCSG00545/STORY-016.DAT (target path: savedata0:STORY-016.DAT)
[10:02:08.692] |W| [io_error_impl]: stat_file (_sceIoGetstat) returned 0x80010002
[10:02:08.757] |E| [stat_file]: Missing file at F:/vita3k/ux0/user/00/savedata/PCSG00545/STORY-017.DAT (target path: savedata0:STORY-017.DAT)
[10:02:08.759] |W| [io_error_impl]: stat_file (_sceIoGetstat) returned 0x80010002
[10:02:08.824] |E| [stat_file]: Missing file at F:/vita3k/ux0/user/00/savedata/PCSG00545/STORY-018.DAT (target path: savedata0:STORY-018.DAT)
[10:02:08.826] |W| [io_error_impl]: stat_file (_sceIoGetstat) returned 0x80010002
[10:02:08.891] |E| [stat_file]: Missing file at F:/vita3k/ux0/user/00/savedata/PCSG00545/STORY-019.DAT (target path: savedata0:STORY-019.DAT)
[10:02:08.893] |W| [io_error_impl]: stat_file (_sceIoGetstat) returned 0x80010002
[10:02:08.958] |E| [stat_file]: Missing file at F:/vita3k/ux0/user/00/savedata/PCSG00545/STORY-020.DAT (target path: savedata0:STORY-020.DAT)
[10:02:08.959] |W| [io_error_impl]: stat_file (_sceIoGetstat) returned 0x80010002
[10:02:09.024] |E| [stat_file]: Missing file at F:/vita3k/ux0/user/00/savedata/PCSG00545/STORY-021.DAT (target path: savedata0:STORY-021.DAT)
[10:02:09.026] |W| [io_error_impl]: stat_file (_sceIoGetstat) returned 0x80010002
[10:02:09.091] |E| [stat_file]: Missing file at F:/vita3k/ux0/user/00/savedata/PCSG00545/STORY-022.DAT (target path: savedata0:STORY-022.DAT)
[10:02:09.093] |W| [io_error_impl]: stat_file (_sceIoGetstat) returned 0x80010002
[10:02:09.157] |E| [stat_file]: Missing file at F:/vita3k/ux0/user/00/savedata/PCSG00545/STORY-023.DAT (target path: savedata0:STORY-023.DAT)
[10:02:09.158] |W| [io_error_impl]: stat_file (_sceIoGetstat) returned 0x80010002
[10:02:09.224] |E| [stat_file]: Missing file at F:/vita3k/ux0/user/00/savedata/PCSG00545/STORY-024.DAT (target path: savedata0:STORY-024.DAT)
[10:02:09.226] |W| [io_error_impl]: stat_file (_sceIoGetstat) returned 0x80010002
[10:02:09.291] |E| [stat_file]: Missing file at F:/vita3k/ux0/user/00/savedata/PCSG00545/STORY-025.DAT (target path: savedata0:STORY-025.DAT)
[10:02:09.293] |W| [io_error_impl]: stat_file (_sceIoGetstat) returned 0x80010002
[10:02:09.357] |E| [stat_file]: Missing file at F:/vita3k/ux0/user/00/savedata/PCSG00545/STORY-026.DAT (target path: savedata0:STORY-026.DAT)
[10:02:09.359] |W| [io_error_impl]: stat_file (_sceIoGetstat) returned 0x80010002
[10:02:09.424] |E| [stat_file]: Missing file at F:/vita3k/ux0/user/00/savedata/PCSG00545/STORY-027.DAT (target path: savedata0:STORY-027.DAT)
[10:02:09.425] |W| [io_error_impl]: stat_file (_sceIoGetstat) returned 0x80010002
[10:02:09.491] |E| [stat_file]: Missing file at F:/vita3k/ux0/user/00/savedata/PCSG00545/STORY-028.DAT (target path: savedata0:STORY-028.DAT)
[10:02:09.492] |W| [io_error_impl]: stat_file (_sceIoGetstat) returned 0x80010002
[10:02:09.558] |E| [stat_file]: Missing file at F:/vita3k/ux0/user/00/savedata/PCSG00545/STORY-029.DAT (target path: savedata0:STORY-029.DAT)
[10:02:09.559] |W| [io_error_impl]: stat_file (_sceIoGetstat) returned 0x80010002
[10:02:09.624] |E| [stat_file]: Missing file at F:/vita3k/ux0/user/00/savedata/PCSG00545/STORY-030.DAT (target path: savedata0:STORY-030.DAT)
[10:02:09.625] |W| [io_error_impl]: stat_file (_sceIoGetstat) returned 0x80010002
[10:02:09.691] |E| [stat_file]: Missing file at F:/vita3k/ux0/user/00/savedata/PCSG00545/STORY-031.DAT (target path: savedata0:STORY-031.DAT)
[10:02:09.693] |W| [io_error_impl]: stat_file (_sceIoGetstat) returned 0x80010002
[10:02:09.759] |E| [stat_file]: Missing file at F:/vita3k/ux0/user/00/savedata/PCSG00545/STORY-032.DAT (target path: savedata0:STORY-032.DAT)
[10:02:09.760] |W| [io_error_impl]: stat_file (_sceIoGetstat) returned 0x80010002
[10:02:09.824] |E| [stat_file]: Missing file at F:/vita3k/ux0/user/00/savedata/PCSG00545/STORY-033.DAT (target path: savedata0:STORY-033.DAT)
[10:02:09.825] |W| [io_error_impl]: stat_file (_sceIoGetstat) returned 0x80010002
[10:02:09.891] |E| [stat_file]: Missing file at F:/vita3k/ux0/user/00/savedata/PCSG00545/STORY-034.DAT (target path: savedata0:STORY-034.DAT)
[10:02:09.893] |W| [io_error_impl]: stat_file (_sceIoGetstat) returned 0x80010002
[10:02:09.958] |E| [stat_file]: Missing file at F:/vita3k/ux0/user/00/savedata/PCSG00545/STORY-035.DAT (target path: savedata0:STORY-035.DAT)
[10:02:09.960] |W| [io_error_impl]: stat_file (_sceIoGetstat) returned 0x80010002
[10:02:10.024] |E| [stat_file]: Missing file at F:/vita3k/ux0/user/00/savedata/PCSG00545/STORY-036.DAT (target path: savedata0:STORY-036.DAT)
[10:02:10.025] |W| [io_error_impl]: stat_file (_sceIoGetstat) returned 0x80010002
[10:02:10.091] |E| [stat_file]: Missing file at F:/vita3k/ux0/user/00/savedata/PCSG00545/STORY-037.DAT (target path: savedata0:STORY-037.DAT)
[10:02:10.092] |W| [io_error_impl]: stat_file (_sceIoGetstat) returned 0x80010002
[10:02:10.158] |E| [stat_file]: Missing file at F:/vita3k/ux0/user/00/savedata/PCSG00545/STORY-038.DAT (target path: savedata0:STORY-038.DAT)
[10:02:10.159] |W| [io_error_impl]: stat_file (_sceIoGetstat) returned 0x80010002
[10:02:10.224] |E| [stat_file]: Missing file at F:/vita3k/ux0/user/00/savedata/PCSG00545/STORY-039.DAT (target path: savedata0:STORY-039.DAT)
[10:02:10.226] |W| [io_error_impl]: stat_file (_sceIoGetstat) returned 0x80010002
[10:02:10.291] |E| [stat_file]: Missing file at F:/vita3k/ux0/user/00/savedata/PCSG00545/STORY-040.DAT (target path: savedata0:STORY-040.DAT)
[10:02:10.292] |W| [io_error_impl]: stat_file (_sceIoGetstat) returned 0x80010002
[10:02:10.357] |E| [stat_file]: Missing file at F:/vita3k/ux0/user/00/savedata/PCSG00545/STORY-041.DAT (target path: savedata0:STORY-041.DAT)
[10:02:10.358] |W| [io_error_impl]: stat_file (_sceIoGetstat) returned 0x80010002
[10:02:10.424] |E| [stat_file]: Missing file at F:/vita3k/ux0/user/00/savedata/PCSG00545/STORY-042.DAT (target path: savedata0:STORY-042.DAT)
[10:02:10.426] |W| [io_error_impl]: stat_file (_sceIoGetstat) returned 0x80010002
[10:02:10.491] |E| [stat_file]: Missing file at F:/vita3k/ux0/user/00/savedata/PCSG00545/STORY-043.DAT (target path: savedata0:STORY-043.DAT)
[10:02:10.493] |W| [io_error_impl]: stat_file (_sceIoGetstat) returned 0x80010002
[10:02:10.557] |E| [stat_file]: Missing file at F:/vita3k/ux0/user/00/savedata/PCSG00545/STORY-044.DAT (target path: savedata0:STORY-044.DAT)
[10:02:10.559] |W| [io_error_impl]: stat_file (_sceIoGetstat) returned 0x80010002
[10:02:10.625] |E| [stat_file]: Missing file at F:/vita3k/ux0/user/00/savedata/PCSG00545/STORY-045.DAT (target path: savedata0:STORY-045.DAT)
[10:02:10.626] |W| [io_error_impl]: stat_file (_sceIoGetstat) returned 0x80010002
[10:02:10.691] |E| [stat_file]: Missing file at F:/vita3k/ux0/user/00/savedata/PCSG00545/STORY-046.DAT (target path: savedata0:STORY-046.DAT)
[10:02:10.692] |W| [io_error_impl]: stat_file (_sceIoGetstat) returned 0x80010002
[10:02:10.757] |E| [stat_file]: Missing file at F:/vita3k/ux0/user/00/savedata/PCSG00545/STORY-047.DAT (target path: savedata0:STORY-047.DAT)
[10:02:10.758] |W| [io_error_impl]: stat_file (_sceIoGetstat) returned 0x80010002
[10:02:10.824] |E| [stat_file]: Missing file at F:/vita3k/ux0/user/00/savedata/PCSG00545/STORY-048.DAT (target path: savedata0:STORY-048.DAT)
[10:02:10.826] |W| [io_error_impl]: stat_file (_sceIoGetstat) returned 0x80010002
[10:02:10.891] |E| [stat_file]: Missing file at F:/vita3k/ux0/user/00/savedata/PCSG00545/STORY-049.DAT (target path: savedata0:STORY-049.DAT)
[10:02:10.892] |W| [io_error_impl]: stat_file (_sceIoGetstat) returned 0x80010002
[10:02:10.958] |E| [stat_file]: Missing file at F:/vita3k/ux0/user/00/savedata/PCSG00545/STORY-050.DAT (target path: savedata0:STORY-050.DAT)
[10:02:10.959] |W| [io_error_impl]: stat_file (_sceIoGetstat) returned 0x80010002
[10:02:11.024] |E| [stat_file]: Missing file at F:/vita3k/ux0/user/00/savedata/PCSG00545/STORY-051.DAT (target path: savedata0:STORY-051.DAT)
[10:02:11.026] |W| [io_error_impl]: stat_file (_sceIoGetstat) returned 0x80010002
[10:02:11.091] |E| [stat_file]: Missing file at F:/vita3k/ux0/user/00/savedata/PCSG00545/STORY-052.DAT (target path: savedata0:STORY-052.DAT)
[10:02:11.093] |W| [io_error_impl]: stat_file (_sceIoGetstat) returned 0x80010002
[10:02:11.157] |E| [stat_file]: Missing file at F:/vita3k/ux0/user/00/savedata/PCSG00545/STORY-053.DAT (target path: savedata0:STORY-053.DAT)
[10:02:11.159] |W| [io_error_impl]: stat_file (_sceIoGetstat) returned 0x80010002
[10:02:11.224] |E| [stat_file]: Missing file at F:/vita3k/ux0/user/00/savedata/PCSG00545/STORY-054.DAT (target path: savedata0:STORY-054.DAT)
[10:02:11.226] |W| [io_error_impl]: stat_file (_sceIoGetstat) returned 0x80010002
[10:02:11.292] |E| [stat_file]: Missing file at F:/vita3k/ux0/user/00/savedata/PCSG00545/STORY-055.DAT (target path: savedata0:STORY-055.DAT)
[10:02:11.293] |W| [io_error_impl]: stat_file (_sceIoGetstat) returned 0x80010002
[10:02:11.357] |E| [stat_file]: Missing file at F:/vita3k/ux0/user/00/savedata/PCSG00545/STORY-056.DAT (target path: savedata0:STORY-056.DAT)
[10:02:11.358] |W| [io_error_impl]: stat_file (_sceIoGetstat) returned 0x80010002
[10:02:11.424] |E| [stat_file]: Missing file at F:/vita3k/ux0/user/00/savedata/PCSG00545/STORY-057.DAT (target path: savedata0:STORY-057.DAT)
[10:02:11.425] |W| [io_error_impl]: stat_file (_sceIoGetstat) returned 0x80010002
[10:02:11.492] |E| [stat_file]: Missing file at F:/vita3k/ux0/user/00/savedata/PCSG00545/STORY-058.DAT (target path: savedata0:STORY-058.DAT)
[10:02:11.493] |W| [io_error_impl]: stat_file (_sceIoGetstat) returned 0x80010002
[10:02:11.558] |E| [stat_file]: Missing file at F:/vita3k/ux0/user/00/savedata/PCSG00545/STORY-059.DAT (target path: savedata0:STORY-059.DAT)
[10:02:11.559] |W| [io_error_impl]: stat_file (_sceIoGetstat) returned 0x80010002
[10:02:11.625] |E| [stat_file]: Missing file at F:/vita3k/ux0/user/00/savedata/PCSG00545/STORY-060.DAT (target path: savedata0:STORY-060.DAT)
[10:02:11.626] |W| [io_error_impl]: stat_file (_sceIoGetstat) returned 0x80010002
[10:02:11.691] |E| [stat_file]: Missing file at F:/vita3k/ux0/user/00/savedata/PCSG00545/STORY-061.DAT (target path: savedata0:STORY-061.DAT)
[10:02:11.692] |W| [io_error_impl]: stat_file (_sceIoGetstat) returned 0x80010002
[10:02:11.757] |E| [stat_file]: Missing file at F:/vita3k/ux0/user/00/savedata/PCSG00545/STORY-062.DAT (target path: savedata0:STORY-062.DAT)
[10:02:11.759] |W| [io_error_impl]: stat_file (_sceIoGetstat) returned 0x80010002
[10:02:11.825] |E| [stat_file]: Missing file at F:/vita3k/ux0/user/00/savedata/PCSG00545/STORY-063.DAT (target path: savedata0:STORY-063.DAT)
[10:02:11.826] |W| [io_error_impl]: stat_file (_sceIoGetstat) returned 0x80010002
[10:02:11.891] |E| [stat_file]: Missing file at F:/vita3k/ux0/user/00/savedata/PCSG00545/STORY-064.DAT (target path: savedata0:STORY-064.DAT)
[10:02:11.892] |W| [io_error_impl]: stat_file (_sceIoGetstat) returned 0x80010002
[10:02:11.958] |E| [stat_file]: Missing file at F:/vita3k/ux0/user/00/savedata/PCSG00545/STORY-065.DAT (target path: savedata0:STORY-065.DAT)
[10:02:11.959] |W| [io_error_impl]: stat_file (_sceIoGetstat) returned 0x80010002
[10:02:12.025] |E| [stat_file]: Missing file at F:/vita3k/ux0/user/00/savedata/PCSG00545/STORY-066.DAT (target path: savedata0:STORY-066.DAT)
[10:02:12.026] |W| [io_error_impl]: stat_file (_sceIoGetstat) returned 0x80010002
[10:02:12.091] |E| [stat_file]: Missing file at F:/vita3k/ux0/user/00/savedata/PCSG00545/STORY-067.DAT (target path: savedata0:STORY-067.DAT)
[10:02:12.092] |W| [io_error_impl]: stat_file (_sceIoGetstat) returned 0x80010002
[10:02:12.158] |E| [stat_file]: Missing file at F:/vita3k/ux0/user/00/savedata/PCSG00545/STORY-068.DAT (target path: savedata0:STORY-068.DAT)
[10:02:12.159] |W| [io_error_impl]: stat_file (_sceIoGetstat) returned 0x80010002
[10:02:12.225] |E| [stat_file]: Missing file at F:/vita3k/ux0/user/00/savedata/PCSG00545/STORY-069.DAT (target path: savedata0:STORY-069.DAT)
[10:02:12.226] |W| [io_error_impl]: stat_file (_sceIoGetstat) returned 0x80010002
[10:02:12.290] |E| [stat_file]: Missing file at F:/vita3k/ux0/user/00/savedata/PCSG00545/STORY-070.DAT (target path: savedata0:STORY-070.DAT)
[10:02:12.292] |W| [io_error_impl]: stat_file (_sceIoGetstat) returned 0x80010002
[10:02:12.358] |E| [stat_file]: Missing file at F:/vita3k/ux0/user/00/savedata/PCSG00545/STORY-071.DAT (target path: savedata0:STORY-071.DAT)
[10:02:12.359] |W| [io_error_impl]: stat_file (_sceIoGetstat) returned 0x80010002
[10:02:12.425] |E| [stat_file]: Missing file at F:/vita3k/ux0/user/00/savedata/PCSG00545/STORY-072.DAT (target path: savedata0:STORY-072.DAT)
[10:02:12.426] |W| [io_error_impl]: stat_file (_sceIoGetstat) returned 0x80010002
[10:02:12.491] |E| [stat_file]: Missing file at F:/vita3k/ux0/user/00/savedata/PCSG00545/STORY-073.DAT (target path: savedata0:STORY-073.DAT)
[10:02:12.492] |W| [io_error_impl]: stat_file (_sceIoGetstat) returned 0x80010002
[10:02:12.558] |E| [stat_file]: Missing file at F:/vita3k/ux0/user/00/savedata/PCSG00545/STORY-074.DAT (target path: savedata0:STORY-074.DAT)
[10:02:12.559] |W| [io_error_impl]: stat_file (_sceIoGetstat) returned 0x80010002
[10:02:12.625] |E| [stat_file]: Missing file at F:/vita3k/ux0/user/00/savedata/PCSG00545/STORY-075.DAT (target path: savedata0:STORY-075.DAT)
[10:02:12.626] |W| [io_error_impl]: stat_file (_sceIoGetstat) returned 0x80010002
[10:02:12.691] |E| [stat_file]: Missing file at F:/vita3k/ux0/user/00/savedata/PCSG00545/STORY-076.DAT (target path: savedata0:STORY-076.DAT)
[10:02:12.692] |W| [io_error_impl]: stat_file (_sceIoGetstat) returned 0x80010002
[10:02:12.758] |E| [stat_file]: Missing file at F:/vita3k/ux0/user/00/savedata/PCSG00545/STORY-077.DAT (target path: savedata0:STORY-077.DAT)
[10:02:12.759] |W| [io_error_impl]: stat_file (_sceIoGetstat) returned 0x80010002
[10:02:12.825] |E| [stat_file]: Missing file at F:/vita3k/ux0/user/00/savedata/PCSG00545/STORY-078.DAT (target path: savedata0:STORY-078.DAT)
[10:02:12.826] |W| [io_error_impl]: stat_file (_sceIoGetstat) returned 0x80010002
[10:02:12.891] |E| [stat_file]: Missing file at F:/vita3k/ux0/user/00/savedata/PCSG00545/STORY-079.DAT (target path: savedata0:STORY-079.DAT)
[10:02:12.892] |W| [io_error_impl]: stat_file (_sceIoGetstat) returned 0x80010002
[10:02:12.958] |E| [stat_file]: Missing file at F:/vita3k/ux0/user/00/savedata/PCSG00545/STORY-080.DAT (target path: savedata0:STORY-080.DAT)
[10:02:12.959] |W| [io_error_impl]: stat_file (_sceIoGetstat) returned 0x80010002
[10:02:13.024] |E| [stat_file]: Missing file at F:/vita3k/ux0/user/00/savedata/PCSG00545/STORY-081.DAT (target path: savedata0:STORY-081.DAT)
[10:02:13.025] |W| [io_error_impl]: stat_file (_sceIoGetstat) returned 0x80010002
[10:02:13.090] |E| [stat_file]: Missing file at F:/vita3k/ux0/user/00/savedata/PCSG00545/STORY-082.DAT (target path: savedata0:STORY-082.DAT)
[10:02:13.092] |W| [io_error_impl]: stat_file (_sceIoGetstat) returned 0x80010002
[10:02:13.157] |E| [stat_file]: Missing file at F:/vita3k/ux0/user/00/savedata/PCSG00545/STORY-083.DAT (target path: savedata0:STORY-083.DAT)
[10:02:13.159] |W| [io_error_impl]: stat_file (_sceIoGetstat) returned 0x80010002
[10:02:13.224] |E| [stat_file]: Missing file at F:/vita3k/ux0/user/00/savedata/PCSG00545/STORY-084.DAT (target path: savedata0:STORY-084.DAT)
[10:02:13.225] |W| [io_error_impl]: stat_file (_sceIoGetstat) returned 0x80010002
[10:02:13.290] |E| [stat_file]: Missing file at F:/vita3k/ux0/user/00/savedata/PCSG00545/STORY-085.DAT (target path: savedata0:STORY-085.DAT)
[10:02:13.292] |W| [io_error_impl]: stat_file (_sceIoGetstat) returned 0x80010002
[10:02:13.357] |E| [stat_file]: Missing file at F:/vita3k/ux0/user/00/savedata/PCSG00545/STORY-086.DAT (target path: savedata0:STORY-086.DAT)
[10:02:13.359] |W| [io_error_impl]: stat_file (_sceIoGetstat) returned 0x80010002
[10:02:13.423] |E| [stat_file]: Missing file at F:/vita3k/ux0/user/00/savedata/PCSG00545/STORY-087.DAT (target path: savedata0:STORY-087.DAT)
[10:02:13.425] |W| [io_error_impl]: stat_file (_sceIoGetstat) returned 0x80010002
[10:02:13.491] |E| [stat_file]: Missing file at F:/vita3k/ux0/user/00/savedata/PCSG00545/STORY-088.DAT (target path: savedata0:STORY-088.DAT)
[10:02:13.492] |W| [io_error_impl]: stat_file (_sceIoGetstat) returned 0x80010002
[10:02:13.558] |E| [stat_file]: Missing file at F:/vita3k/ux0/user/00/savedata/PCSG00545/STORY-089.DAT (target path: savedata0:STORY-089.DAT)
[10:02:13.559] |W| [io_error_impl]: stat_file (_sceIoGetstat) returned 0x80010002
[10:02:13.624] |E| [stat_file]: Missing file at F:/vita3k/ux0/user/00/savedata/PCSG00545/STORY-090.DAT (target path: savedata0:STORY-090.DAT)
[10:02:13.626] |W| [io_error_impl]: stat_file (_sceIoGetstat) returned 0x80010002
[10:02:13.691] |E| [stat_file]: Missing file at F:/vita3k/ux0/user/00/savedata/PCSG00545/STORY-091.DAT (target path: savedata0:STORY-091.DAT)
[10:02:13.692] |W| [io_error_impl]: stat_file (_sceIoGetstat) returned 0x80010002
[10:02:13.758] |E| [stat_file]: Missing file at F:/vita3k/ux0/user/00/savedata/PCSG00545/STORY-092.DAT (target path: savedata0:STORY-092.DAT)
[10:02:13.759] |W| [io_error_impl]: stat_file (_sceIoGetstat) returned 0x80010002
[10:02:13.824] |E| [stat_file]: Missing file at F:/vita3k/ux0/user/00/savedata/PCSG00545/STORY-093.DAT (target path: savedata0:STORY-093.DAT)
[10:02:13.825] |W| [io_error_impl]: stat_file (_sceIoGetstat) returned 0x80010002
[10:02:13.891] |E| [stat_file]: Missing file at F:/vita3k/ux0/user/00/savedata/PCSG00545/STORY-094.DAT (target path: savedata0:STORY-094.DAT)
[10:02:13.892] |W| [io_error_impl]: stat_file (_sceIoGetstat) returned 0x80010002
[10:02:13.958] |E| [stat_file]: Missing file at F:/vita3k/ux0/user/00/savedata/PCSG00545/STORY-095.DAT (target path: savedata0:STORY-095.DAT)
[10:02:13.960] |W| [io_error_impl]: stat_file (_sceIoGetstat) returned 0x80010002
[10:02:14.024] |E| [stat_file]: Missing file at F:/vita3k/ux0/user/00/savedata/PCSG00545/STORY-096.DAT (target path: savedata0:STORY-096.DAT)
[10:02:14.025] |W| [io_error_impl]: stat_file (_sceIoGetstat) returned 0x80010002
[10:02:14.091] |E| [stat_file]: Missing file at F:/vita3k/ux0/user/00/savedata/PCSG00545/STORY-097.DAT (target path: savedata0:STORY-097.DAT)
[10:02:14.092] |W| [io_error_impl]: stat_file (_sceIoGetstat) returned 0x80010002
[10:02:14.157] |E| [stat_file]: Missing file at F:/vita3k/ux0/user/00/savedata/PCSG00545/STORY-098.DAT (target path: savedata0:STORY-098.DAT)
[10:02:14.158] |W| [io_error_impl]: stat_file (_sceIoGetstat) returned 0x80010002
[10:02:14.224] |E| [stat_file]: Missing file at F:/vita3k/ux0/user/00/savedata/PCSG00545/STORY-099.DAT (target path: savedata0:STORY-099.DAT)
[10:02:14.226] |W| [io_error_impl]: stat_file (_sceIoGetstat) returned 0x80010002
[10:02:14.276] |W| [unimplemented_impl]: Unimplemented sceTouchEnableTouchForce import called.
[10:02:14.939] |T| [write_file]: *** TTY: KTSL: CKtslStrPlayer::Stop(): FadeOut param overrided! (time:500->500, type:0->0)
[10:02:14.942] |I| [export_sceIoOpen]: Opening file: app0:BGM/WP800037.at9
[10:02:14.942] |T| [open_file]: sceIoOpen: Opening file app0:BGM/WP800037.at9 (ux0:/app/PCSG00545/BGM/WP800037.at9), fd: 0x66
[10:02:14.950] |E| [logging::ret_error_impl]: sceKernelWaitEventFlag returned SCE_KERNEL_ERROR_WAIT_TIMEOUT (0x80028005)
[10:02:14.957] |T| [write_file]: *** TTY: KTSL: CKtslAudioDecoder: Codec Type = 0 (0=AT9, 1=AAC, 2=PCM, 3=MP3, 4=MAT9)
[10:02:14.958] |T| [write_file]: *** TTY: KTSL: CKtslAudioDecoder: Bit Rate = 0
[10:02:14.960] |T| [write_file]: *** TTY: KTSL: CKtslAudioDecoder: Initial Frame Count = 288
[10:02:14.960] |W| [unimplemented_impl]: Unimplemented __sce_aeabi_idiv0 import called.
[10:02:14.961] |T| [write_file]: *** TTY: KTSL: CKtslAudioDecoder: EndSample=4951837, LoopStartSample=249796, LoopEndSample=4951837
[10:02:14.963] |W| [stubbed_impl]: Stubbed sceNgsVoiceInit import called. (Default preset not implemented)
[10:02:14.965] |T| [export_sceNgsPatchCreateRouting]: Patching 0x474FCA0:0:0 to 0x4753DA8:0
[10:02:14.966] |T| [export_sceNgsPatchCreateRouting]: Patching 0x474FCA0:0:0 to 0x4753910:0
[10:02:15.308] |I| [export_sceIoOpen]: Opening file: app0:./WP8MSG.DAT
[10:02:15.309] |T| [open_file]: sceIoOpen: Opening file app0:./WP8MSG.DAT (ux0:/app/PCSG00545/./WP8MSG.DAT), fd: 0x67
[10:02:15.309] |T| [close_file]: sceIoClose: Closing file fd: 0x67
[10:02:15.315] |T| [export_sceNgsPatchCreateRouting]: Patching 0x47468E0:0:0 to 0x4753DA8:0
[10:02:15.316] |T| [export_sceNgsPatchCreateRouting]: Patching 0x47468E0:0:0 to 0x4753910:0
[10:02:15.316] |T| [export_sceNgsPatchCreateRouting]: Patching 0x4746C6C:0:0 to 0x4753DA8:0
[10:02:15.316] |T| [export_sceNgsPatchCreateRouting]: Patching 0x4746C6C:0:0 to 0x4753910:0
[10:02:15.317] |T| [export_sceNgsPatchCreateRouting]: Patching 0x4746FF8:0:0 to 0x4753DA8:0
[10:02:15.317] |T| [export_sceNgsPatchCreateRouting]: Patching 0x4746FF8:0:0 to 0x4753910:0
[10:02:15.318] |T| [export_sceNgsPatchCreateRouting]: Patching 0x4747384:0:0 to 0x4753DA8:0
[10:02:16.306] |T| [export_sceNgsPatchCreateRouting]: Patching 0x4747710:0:0 to 0x4753DA8:0
[10:02:16.307] |T| [export_sceNgsPatchCreateRouting]: Patching 0x4747A9C:0:0 to 0x4753DA8:0
[10:02:16.942] |W| [unimplemented_impl]: Unimplemented sceTouchDisableTouchForce import called.
[10:02:18.638] |T| [write_file]: *** TTY: KTSL: CKtslStrPlayer::Stop(): FadeOut param overrided! (time:500->500, type:0->0)
[10:02:32.000] |I| [renderer::vulkan::PipelineCache::save_pipeline_cache]: Saving pipeline cache...
[10:02:32.001] |I| [renderer::vulkan::PipelineCache::save_pipeline_cache]: Pipeline cache saved
