[12:57:41.036] |I| [config::init_config]: backend-renderer: Vulkan
[12:57:41.036] |I| [config::init_config]: log-level: 0
[12:57:41.070] |I| [SDL_main]: Vita3K v0.1.6 3080-ebedf66e
[12:57:41.070] |I| [SDL_main]: Number of logical CPU cores: 8
[12:57:41.070] |I| [SDL_main]: Available ram memory: 8129 MiB
[12:57:41.263] |I| [renderer::vulkan::VKState::create]: Vulkan device: Radeon RX 570 Series
[12:57:41.263] |I| [renderer::vulkan::VKState::create]: Driver version: 2.0.94
[12:57:41.299] |I| [renderer::vulkan::ScreenRenderer::setup]: Present mode: FifoRelaxed
[12:57:41.825] |W| [compat::load_compat_app_db]: App with title ID PCSE01101 has an issue but no status label. Please check GitHub issue 1391 and request a status label to be added.
[12:57:41.825] |W| [compat::load_compat_app_db]: App with title ID PCSG00580 has an issue but no status label. Please check GitHub issue 1378 and request a status label to be added.
[12:57:41.825] |W| [compat::load_compat_app_db]: App with title ID PCSE01101 already exists in compatibility database. Please check and close GitHub issue 1391.
[12:57:42.101] |I| [compat::update_compat_app_db]: Applications compatibility database is up to date.
[12:57:46.543] |I| [load_app_impl]: cpu-backend: Dynarmic
[12:57:46.544] |I| [load_app_impl]: CPU Optimisation state: true
[12:57:46.544] |I| [load_app_impl]: ngs state: true
[12:57:46.544] |I| [load_app_impl]: Resolution multiplier: 1
[12:57:46.549] |I| [load_app_impl]: 1 Controllers Connected
[12:57:46.549] |I| [load_app_impl]: Controller 0: Xbox 360 Controller
[12:57:46.549] |I| [load_app_impl]: modules mode: Automatic
[12:57:46.550] |I| [load_app_impl]: Title: WipEout® 2048
[12:57:46.550] |I| [load_app_impl]: Serial: PCSA00015
[12:57:46.550] |I| [load_app_impl]: Version: 1.00
[12:57:46.550] |I| [load_app_impl]: Category: gd
[12:57:46.612] |I| [load_self]: app0:sce_module/libc.suprx: Skipping special segment 0x6FFFFF01...
[12:57:46.613] |I| [load_self]: Loaded module segment 0 @ [0x00005000 - 0x00040F34 / 0x81000000] (size: 0x0003BF34) of module app0:sce_module/libc.suprx
[12:57:46.614] |I| [load_self]: Loaded module segment 1 @ [0x00041000 - 0x0004333C / 0x8103C000] (size: 0x0000233C) of module app0:sce_module/libc.suprx
[12:57:46.614] |I| [load_self]: Linking SELF app0:sce_module/libc.suprx...
[12:57:46.615] |D| [load_var_exports]: 	NID 0x6C2224BA (NID_MODULE_INFO) at 0x32A70
[12:57:46.615] |I| [pre_load_module]: Pre-load module SceLibc (at "sce_module/libc.suprx") loaded
[12:57:46.650] |I| [load_self]: app0:sce_module/libfios2.suprx: Skipping special segment 0x6FFFFF01...
[12:57:46.651] |I| [load_self]: Loaded module segment 0 @ [0x00044000 - 0x00065E94 / 0x81000000] (size: 0x00021E94) of module app0:sce_module/libfios2.suprx
[12:57:46.652] |I| [load_self]: Loaded module segment 1 @ [0x00066000 - 0x0006B22C / 0x81022000] (size: 0x0000522C) of module app0:sce_module/libfios2.suprx
[12:57:46.652] |I| [load_self]: Linking SELF app0:sce_module/libfios2.suprx...
[12:57:46.653] |D| [load_var_exports]: 	NID 0x6C2224BA (NID_MODULE_INFO) at 0x5F888
[12:57:46.653] |I| [pre_load_module]: Pre-load module SceLibFios2 (at "sce_module/libfios2.suprx") loaded
[12:57:46.687] |I| [load_self]: app0:sce_module/libult.suprx: Skipping special segment 0x6FFFFF01...
[12:57:46.688] |I| [load_self]: Loaded module segment 0 @ [0x0006C000 - 0x000806AC / 0x81000000] (size: 0x000146AC) of module app0:sce_module/libult.suprx
[12:57:46.689] |I| [load_self]: Loaded module segment 1 @ [0x00081000 - 0x00081810 / 0x81015000] (size: 0x00000810) of module app0:sce_module/libult.suprx
[12:57:46.689] |I| [load_self]: Linking SELF app0:sce_module/libult.suprx...
[12:57:46.689] |D| [load_var_exports]: 	NID 0x6C2224BA (NID_MODULE_INFO) at 0x7D390
[12:57:46.690] |I| [pre_load_module]: Pre-load module SceUlt (at "sce_module/libult.suprx") loaded
[12:57:46.699] |I| [load_self]: Loaded module segment 0 @ [0x00082000 - 0x000D2F04 / 0x81000000] (size: 0x00050F04) of module vs0:sys/external/libSceFt2.suprx
[12:57:46.701] |I| [load_self]: Loaded module segment 1 @ [0x000D3000 - 0x000D32F4 / 0x81051000] (size: 0x000002F4) of module vs0:sys/external/libSceFt2.suprx
[12:57:46.701] |I| [load_self]: Linking SELF vs0:sys/external/libSceFt2.suprx...
[12:57:46.702] |D| [load_var_exports]: 	NID 0x936C8A78 (SYSLYB) at 0xBE7DC
[12:57:46.702] |D| [load_var_exports]: 	NID 0x6C2224BA (NID_MODULE_INFO) at 0xBDF10
[12:57:46.702] |I| [pre_load_module]: Pre-load module SceLibft2 (at "sys/external/libSceFt2.suprx") loaded
[12:57:46.706] |I| [load_self]: Loaded module segment 0 @ [0x000D4000 - 0x000E3F14 / 0x81000000] (size: 0x0000FF14) of module vs0:sys/external/libpvf.suprx
[12:57:46.707] |I| [load_self]: Loaded module segment 1 @ [0x000E4000 - 0x000E4008 / 0x81010000] (size: 0x00000008) of module vs0:sys/external/libpvf.suprx
[12:57:46.707] |I| [load_self]: Linking SELF vs0:sys/external/libpvf.suprx...
[12:57:46.708] |D| [load_var_exports]: 	NID 0x936C8A78 (SYSLYB) at 0xE2710
[12:57:46.708] |D| [load_var_exports]: 	NID 0x6C2224BA (NID_MODULE_INFO) at 0xE2300
[12:57:46.709] |I| [pre_load_module]: Pre-load module SceLibPvf (at "sys/external/libpvf.suprx") loaded
[12:57:46.899] |I| [load_self]: app0:eboot.bin: Skipping special segment 0x6FFFFF01...
[12:57:46.900] |I| [load_self]: Loaded module segment 0 @ [0x81000000 - 0x81504914 / 0x81000000] (size: 0x00504914) of module app0:eboot.bin
[12:57:46.900] |I| [load_self]: Loaded module segment 1 @ [0x81505000 - 0x819D61F8 / 0x81505000] (size: 0x004D11F8) of module app0:eboot.bin
[12:57:46.901] |I| [load_self]: Linking SELF app0:eboot.bin...
[12:57:46.901] |D| [load_var_exports]: 	NID 0x6C2224BA (NID_MODULE_INFO) at 0x813F2108
[12:57:46.901] |D| [load_var_exports]: 	NID 0x70FBA1E7 (SCE_PROC_PARAMS) at 0x8151B774
[12:57:46.902] |I| [load_app_impl]: Main executable WO_Game (eboot.bin) loaded
[12:57:46.919] |D| [run_app]: Running module_start of library: SceLibc at address 0x55E5
[12:57:47.018] |I| [export_sceIoOpen]: Opening file: tty0:
[12:57:47.018] |T| [open_file]: sceIoOpen: Opening terminal tty0:
[12:57:47.018] |I| [export_sceIoOpen]: Opening file: tty0:
[12:57:47.019] |T| [open_file]: sceIoOpen: Opening terminal tty0:
[12:57:47.019] |I| [export_sceIoOpen]: Opening file: tty1:
[12:57:47.019] |T| [open_file]: sceIoOpen: Opening terminal tty1:
[12:57:47.025] |I| [run_app]: Module SceLibc (at "app0:sce_module/libc.suprx") module_start returned 0x0
[12:57:47.027] |D| [run_app]: Running module_start of library: SceLibFios2 at address 0x44001
[12:57:47.041] |I| [run_app]: Module SceLibFios2 (at "app0:sce_module/libfios2.suprx") module_start returned 0x0
[12:57:47.043] |D| [run_app]: Running module_start of library: SceUlt at address 0x6FD69
[12:57:47.055] |I| [run_app]: Module SceUlt (at "app0:sce_module/libult.suprx") module_start returned 0x0
[12:57:47.066] |W| [unimplemented_impl]: Unimplemented sceKernelSetGPO import called.
[12:57:47.620] |T| [write_file]: *** TTY: MemStickUtilPSP2: Update thread starting
[12:57:47.797] |T| [write_file]: *** TTY: 3...2...1...Welcome to WipEout
[12:57:47.798] |W| [unimplemented_impl]: Unimplemented sceKernelChangeThreadVfpException import called.
[12:57:47.799] |W| [unimplemented_impl]: Unimplemented sceAppUtilInit import called.
[12:57:47.800] |W| [unimplemented_impl]: Unimplemented sceScreenShotSetParam import called.
[12:57:47.800] |W| [unimplemented_impl]: Unimplemented sceScreenShotSetOverlayImage import called.
[12:57:47.801] |W| [unimplemented_impl]: Unimplemented sceScreenShotDisable import called.
[12:57:47.801] |W| [stubbed_impl]: Stubbed sceNetCtlInit import called. (Stub)
[12:57:47.801] |W| [unimplemented_impl]: Unimplemented sceCommonDialogSetConfigParam import called.
[12:57:47.814] |E| [logging::ret_error_impl]: sceAppUtilSystemParamGetInt returned SCE_APPUTIL_ERROR_PARAMETER (0x80100600)
[12:57:47.833] |W| [unimplemented_impl]: Unimplemented _sceFiosKernelOverlayThreadSetDisabled import called.
[12:57:47.895] |W| [stubbed_impl]: Stubbed sceKernelGetProcessId import called. (pid: 0)
[12:57:47.897] |W| [stubbed_impl]: Stubbed _sceFiosKernelOverlayResolveWithRangeSync import called. (Using strncpy)
[12:57:47.913] |W| [unimplemented_impl]: Unimplemented _sceFiosKernelOverlayGetRecommendedScheduler import called.
[12:57:47.918] |I| [export_sceIoOpen]: Opening file: app0:/PSP2/data.psarc
[12:57:47.970] |T| [open_file]: sceIoOpen: Opening file app0:/PSP2/data.psarc (ux0:/app/PCSA00015/PSP2/data.psarc), fd: 0x3
[12:57:47.983] |T| [close_file]: sceIoClose: Closing file fd: 0x3
[12:57:47.988] |I| [export_sceIoOpen]: Opening file: app0:/PSP2/data.psarc
[12:57:47.989] |T| [open_file]: sceIoOpen: Opening file app0:/PSP2/data.psarc (ux0:/app/PCSA00015/PSP2/data.psarc), fd: 0x4
[12:57:49.771] |W| [stubbed_impl]: Stubbed sceGxmMapFragmentUsseMemory import called. (always return success)
[12:57:50.705] |W| [stubbed_impl]: Stubbed sceGxmGetRenderTargetMemSize import called. (2MiB emuenv mem)
[12:57:50.710] |W| [stubbed_impl]: Stubbed sceGxmMapVertexUsseMemory import called. (always return success)
[12:57:50.820] |I| [renderer::vulkan::PipelineCache::retrieve_shader]: Generating vulkan spv shader 3d2cb31f1af5e4d6dec9dff70071e915be28df41d55e875624ec7350c3cc5cad
[12:57:50.821] |I| [renderer::load_shader_generic]: Generating vert.spv.txt shader 3d2cb31f1af5e4d6dec9dff70071e915be28df41d55e875624ec7350c3cc5cad
[12:57:50.851] |W| [unimplemented_impl]: Unimplemented sceCommonDialogUpdate import called.
[12:57:50.860] |D| [shader::create_parameters]: [BUFFER0  + 0] pa0 = (float4) pos
[12:57:50.860] |D| [shader::create_parameters]: [BUFFER0  + 4] pa4 = (float4) colour
[12:57:50.861] |D| [shader::create_parameters]: [BUFFER0  + 8] pa8 = (float4) uv
[12:57:50.862] |T| [shader::usse::USSERecompiler::compile_code_node]: Compiling code_0, size = 4
[12:57:50.866] |I| [renderer::vulkan::PipelineCache::retrieve_shader]: Generating vulkan spv shader efec74fc03e9b86047af6a5534236ac3ecb638ca62013fecf8cf44f5291df5b7
[12:57:50.866] |I| [renderer::load_shader_generic]: Generating frag.spv.txt shader efec74fc03e9b86047af6a5534236ac3ecb638ca62013fecf8cf44f5291df5b7
[12:57:50.868] |D| [shader::create_fragment_inputs]: Iterator: pa0 = (half4) v_TexCoord0
[12:57:50.868] |T| [shader::usse::USSERecompiler::compile_code_node]: Compiling code_0, size = 1
[12:57:50.892] |I| [renderer::vulkan::PipelineCache::retrieve_shader]: Generating vulkan spv shader c9cc60761671ebf6a4efb244beeb727944e5efa3e9471f5a4722c73a5ad3266b
[12:57:50.893] |I| [renderer::load_shader_generic]: Generating vert.spv.txt shader c9cc60761671ebf6a4efb244beeb727944e5efa3e9471f5a4722c73a5ad3266b
[12:57:50.894] |D| [shader::create_parameters]: [BUFFER0  + 0] pa0 = (float4) pos
[12:57:50.895] |D| [shader::create_parameters]: [BUFFER0  + 4] pa4 = (float4) uv
[12:57:50.895] |D| [shader::create_parameters]: [DEFAULT  + 0] sa0 = (half2) offset0
[12:57:50.895] |D| [shader::create_parameters]: [DEFAULT  + 2] sa2 = (half2) offset1
[12:57:50.896] |D| [shader::create_parameters]: [DEFAULT  + 4] sa4 = (half2) offset2
[12:57:50.896] |D| [shader::create_parameters]: [DEFAULT  + 6] sa6 = (half2) offset3
[12:57:50.897] |T| [shader::usse::USSERecompiler::compile_code_node]: Compiling code_0, size = 2
[12:57:50.897] |T| [shader::usse::USSERecompiler::compile_code_node]: Compiling code_0, size = 10
[12:57:50.906] |I| [renderer::vulkan::PipelineCache::retrieve_shader]: Generating vulkan spv shader 3d84bfc50df2f2b9876528631bc38d72218524fd572450d7ce40aa2ae98a5ff2
[12:57:50.907] |I| [renderer::load_shader_generic]: Generating frag.spv.txt shader 3d84bfc50df2f2b9876528631bc38d72218524fd572450d7ce40aa2ae98a5ff2
[12:57:50.908] |D| [shader::create_parameters]: [DEFAULT  + 0] sa0 = (half4) exposure
[12:57:50.909] |D| [shader::create_parameters]: [DEFAULT  + 2] sa2 = (half4) luminanceFactor
[12:57:50.909] |T| [shader::create_fragment_inputs]: pa0 = tex2D<half4>(tex, TEXCOORD0.xy)
[12:57:50.910] |T| [shader::create_fragment_inputs]: pa2 = tex2D<half4>(tex, TEXCOORD1.xy)
[12:57:50.910] |T| [shader::create_fragment_inputs]: pa4 = tex2D<half4>(tex, TEXCOORD2.xy)
[12:57:50.910] |T| [shader::create_fragment_inputs]: pa6 = tex2D<half4>(tex, TEXCOORD3.xy)
[12:57:50.911] |T| [shader::usse::USSERecompiler::compile_code_node]: Compiling code_0, size = 2
[12:57:50.912] |T| [shader::usse::USSERecompiler::compile_code_node]: Compiling code_0, size = 12
[12:57:51.036] |I| [renderer::vulkan::PipelineCache::retrieve_shader]: Generating vulkan spv shader 3a007af7fe2080e1b50981ad5f5764a3f5b31625e4d16092707ef0624594f8b3
[12:57:51.036] |I| [renderer::load_shader_generic]: Generating vert.spv.txt shader 3a007af7fe2080e1b50981ad5f5764a3f5b31625e4d16092707ef0624594f8b3
[12:57:51.038] |D| [shader::create_parameters]: [BUFFER0  + 0] pa0 = (float4) pos
[12:57:51.038] |D| [shader::create_parameters]: [BUFFER0  + 4] pa4 = (float4) uv
[12:57:51.039] |D| [shader::create_parameters]: [DEFAULT  + 0] sa0 = (half2) offset
[12:57:51.039] |T| [shader::usse::USSERecompiler::compile_code_node]: Compiling code_0, size = 7
[12:57:51.041] |T| [shader::usse::USSERecompiler::compile_code_node]: Compiling code_0, size = 17
[12:57:51.052] |I| [renderer::vulkan::PipelineCache::retrieve_shader]: Generating vulkan spv shader 0b5cfd3ce91db3ed103803329b769710fb4c12214d360400572740d1dfac6ac6
[12:57:51.053] |I| [renderer::load_shader_generic]: Generating frag.spv.txt shader 0b5cfd3ce91db3ed103803329b769710fb4c12214d360400572740d1dfac6ac6
[12:57:51.053] |T| [shader::create_fragment_inputs]: pa0 = tex2D<half4>(tex, TEXCOORD0.xy)
[12:57:51.054] |T| [shader::create_fragment_inputs]: pa2 = tex2D<half4>(tex, TEXCOORD5.xy)
[12:57:51.054] |T| [shader::create_fragment_inputs]: pa4 = tex2D<half4>(tex, TEXCOORD1.xy)
[12:57:51.054] |T| [shader::create_fragment_inputs]: pa6 = tex2D<half4>(tex, TEXCOORD4.xy)
[12:57:51.054] |T| [shader::create_fragment_inputs]: pa8 = tex2D<half4>(tex, TEXCOORD2.xy)
[12:57:51.054] |T| [shader::create_fragment_inputs]: pa10 = tex2D<half4>(tex, TEXCOORD3.xy)
[12:57:51.054] |T| [shader::usse::USSERecompiler::compile_code_node]: Compiling code_0, size = 8
[12:57:51.238] |I| [renderer::vulkan::PipelineCache::retrieve_shader]: Generating vulkan spv shader dc5a711474e251850906d2027a9f2ff3234409717b3a296f02b17acad79538f3
[12:57:51.238] |I| [renderer::load_shader_generic]: Generating vert.spv.txt shader dc5a711474e251850906d2027a9f2ff3234409717b3a296f02b17acad79538f3
[12:57:51.239] |D| [shader::create_parameters]: [BUFFER0  + 0] pa0 = (float4) pos
[12:57:51.240] |D| [shader::create_parameters]: [BUFFER0  + 4] pa4 = (float4) uv
[12:57:51.240] |D| [shader::create_parameters]: [DEFAULT  + 0] sa0 = (half4) mainScaleBias
[12:57:51.240] |D| [shader::create_parameters]: [DEFAULT  + 2] sa2 = (half4) bloomScaleBias
[12:57:51.240] |D| [shader::create_parameters]: [DEFAULT  + 4] sa4 = (half4) vignetteTint
[12:57:51.240] |T| [shader::usse::USSERecompiler::compile_code_node]: Compiling code_0, size = 2
[12:57:51.241] |T| [shader::usse::USSERecompiler::compile_code_node]: Compiling code_0, size = 15
[12:57:51.248] |I| [renderer::vulkan::PipelineCache::retrieve_shader]: Generating vulkan spv shader 37935e9637581cc5da5adf8c6c6556f268057a6974fddd042da9083e40d81a0d
[12:57:51.248] |I| [renderer::load_shader_generic]: Generating frag.spv.txt shader 37935e9637581cc5da5adf8c6c6556f268057a6974fddd042da9083e40d81a0d
[12:57:51.249] |D| [shader::create_parameters]: [DEFAULT  + 0] sa0 = (half4) bloomFactor
[12:57:51.249] |D| [shader::create_parameters]: [DEFAULT  + 2] sa2 = (half4) luminanceFactor
[12:57:51.249] |D| [shader::create_parameters]: [DEFAULT  + 4] sa4 = (half3) screenTintColour
[12:57:51.249] |D| [shader::create_parameters]: [DEFAULT  + 6] sa6 = (half1) accumFactor
[12:57:51.250] |D| [shader::create_fragment_inputs]: Iterator: pa0 = (half3) v_TexCoord2
[12:57:51.250] |T| [shader::create_fragment_inputs]: pa2 = tex2D<half4>(alphaTex, TEXCOORD1.xy)
[12:57:51.250] |T| [shader::create_fragment_inputs]: pa4 = tex2D<half4>(mainTex, TEXCOORD0.xy)
[12:57:51.250] |T| [shader::create_fragment_inputs]: pa6 = tex2D<half4>(bloomTex, TEXCOORD1.xy)
[12:57:51.250] |T| [shader::usse::USSERecompiler::compile_code_node]: Compiling code_0, size = 1
[12:57:51.250] |T| [shader::usse::USSERecompiler::compile_code_node]: Compiling code_0, size = 20
[12:57:51.549] |I| [renderer::vulkan::PipelineCache::retrieve_shader]: Generating vulkan spv shader ef585af968372719d3d78c424b0fe893f0a338affccc0658df5893d7c98e2f92
[12:57:51.550] |I| [renderer::load_shader_generic]: Generating vert.spv.txt shader ef585af968372719d3d78c424b0fe893f0a338affccc0658df5893d7c98e2f92
[12:57:51.554] |D| [shader::create_parameters]: [BUFFER0  + 0] pa0 = (float4) position
[12:57:51.554] |D| [shader::create_parameters]: [BUFFER0  + 4] pa4 = (float4) colour
[12:57:51.554] |D| [shader::create_parameters]: [DEFAULT  + 0] sa0 = (float4) worldViewProj[4]
[12:57:51.555] |T| [shader::usse::USSERecompiler::compile_code_node]: Compiling code_0, size = 9
[12:57:51.558] |I| [renderer::vulkan::PipelineCache::retrieve_shader]: Generating vulkan spv shader a3a58377ed79f487a10814a041fd7a9132bfe5aa85b26d3b98edeaae358b2890
[12:57:51.558] |I| [renderer::load_shader_generic]: Generating frag.spv.txt shader a3a58377ed79f487a10814a041fd7a9132bfe5aa85b26d3b98edeaae358b2890
[12:57:51.559] |D| [shader::create_fragment_inputs]: Iterator: pa0 = (half4) v_Color0
[12:57:51.560] |T| [shader::usse::USSERecompiler::compile_code_node]: Compiling code_0, size = 1
[12:57:51.603] |I| [renderer::vulkan::PipelineCache::retrieve_shader]: Generating vulkan spv shader aa3e45a5f58d87f9bb709c38d42869207722abcab7a0a9b19acd54244cdfbc8d
[12:57:51.603] |I| [renderer::load_shader_generic]: Generating vert.spv.txt shader aa3e45a5f58d87f9bb709c38d42869207722abcab7a0a9b19acd54244cdfbc8d
[12:57:51.605] |D| [shader::create_parameters]: [BUFFER0  + 0] pa0 = (float4) position
[12:57:51.605] |D| [shader::create_parameters]: [BUFFER0  + 4] pa4 = (float4) colour
[12:57:51.605] |D| [shader::create_parameters]: [BUFFER0  + 8] pa8 = (float4) texCoord
[12:57:51.605] |D| [shader::create_parameters]: [DEFAULT  + 0] sa0 = (float4) worldViewProj[4]
[12:57:51.605] |T| [shader::usse::USSERecompiler::compile_code_node]: Compiling code_0, size = 9
[12:57:51.608] |I| [renderer::vulkan::PipelineCache::retrieve_shader]: Generating vulkan spv shader 389aa0cc095f8542be7caf31f164f62728b9aa4e40503aa9aaaeba296c62971b
[12:57:51.608] |I| [renderer::load_shader_generic]: Generating frag.spv.txt shader 389aa0cc095f8542be7caf31f164f62728b9aa4e40503aa9aaaeba296c62971b
[12:57:51.609] |D| [shader::create_fragment_inputs]: Iterator: pa0 = (half4) v_Color0
[12:57:51.609] |T| [shader::create_fragment_inputs]: pa2 = tex2D<half4>(tex, TEXCOORD0.xy)
[12:57:51.609] |T| [shader::usse::USSERecompiler::compile_code_node]: Compiling code_0, size = 2
[12:57:51.637] |W| [stubbed_impl]: Stubbed _sceDisplaySetFrameBuf import called. (SCE_DISPLAY_SETBUF_IMMEDIATE is not supported)
[12:57:58.563] |I| [load_module]: Loading module ID: 0x13
[12:57:58.565] |I| [load_self]: sys/external/libsystemgesture.suprx: Skipping special segment 0x6FFFFF01...
[12:57:58.566] |I| [load_self]: Loaded module segment 0 @ [0x073B4000 - 0x073B708C / 0x81000000] (size: 0x0000308C) of module sys/external/libsystemgesture.suprx
[12:57:58.566] |I| [load_self]: Loaded module segment 1 @ [0x073B8000 - 0x073B8BF0 / 0x81004000] (size: 0x00000BF0) of module sys/external/libsystemgesture.suprx
[12:57:58.566] |I| [load_self]: Linking SELF sys/external/libsystemgesture.suprx...
[12:57:58.566] |D| [load_var_exports]: 	NID 0x936C8A78 (SYSLYB) at 0x73B7074
[12:57:58.566] |D| [load_var_exports]: 	NID 0x6C2224BA (NID_MODULE_INFO) at 0x73B6BD4
[12:57:58.566] |I| [load_module]: Module SceSystemGesture (at "sys/external/libsystemgesture.suprx") loaded
[12:57:58.567] |D| [load_module]: Running module_start of module: SceSystemGesture
[12:57:58.567] |I| [load_module]: Module SceSystemGesture (at "sys/external/libsystemgesture.suprx") module_start returned 0x0
[12:57:58.567] |T| [log_import_call]: [LLE] TID: 7   FUNC: 0x6078A08B sceSystemGestureInitializePrimitiveTouchRecognizer at 0x813F08A8
[12:57:58.568] |W| [stubbed_impl]: Stubbed sceTouchGetPixelDensity2 import called. (Return constant values (22.0))
[12:57:58.568] |T| [log_import_call]: [LLE] TID: 7   FUNC: 0xC3367370 sceSystemGestureCreateTouchRecognizer at 0x813F08D8
[12:57:58.569] |W| [unimplemented_impl]: Unimplemented sceMotionStartSampling import called.
[12:57:58.575] |W| [unimplemented_impl]: Unimplemented sceMotionSetDeadband import called.
[12:57:58.576] |W| [unimplemented_impl]: Unimplemented sceMotionSetTiltCorrection import called.
[12:57:58.614] |W| [unimplemented_impl]: Unimplemented sceMotionGetState import called.
[12:57:58.616] |T| [log_import_call]: [LLE] TID: 7   FUNC: 0xDF4C665A sceSystemGestureUpdatePrimitiveTouchRecognizer at 0x813F08E8
[12:57:58.617] |T| [log_import_call]: [LLE] TID: 7   FUNC: 0x851FB144 sceSystemGestureUpdateTouchRecognizer at 0x813F08C8
[12:57:58.619] |T| [log_import_call]: [LLE] TID: 7   FUNC: 0x13AD2218 sceSystemGestureGetTouchEventsCount at 0x813F0898
[12:57:58.637] |W| [unimplemented_impl]: Unimplemented sceNgsSystemSetFlags import called.
[12:57:58.637] |W| [ngs::create_voice_definition]: Missing voice definition for Buss Type 1, using passthrough.
[12:57:58.638] |I| [ngs::scream::PlayerVoiceDefinition::new_modules]: Scream player voice definition stubbed
[12:57:58.639] |I| [ngs::scream::PlayerVoiceDefinition::new_modules]: Scream player voice definition stubbed
[12:57:58.639] |T| [write_file]: *** TTY: # Audio out thread started
[12:57:58.639] |I| [ngs::scream::Atrac9VoiceDefinition::new_modules]: Scream Atrac9 voice definition stubbed
[12:57:58.640] |I| [ngs::scream::PlayerVoiceDefinition::new_modules]: Scream player voice definition stubbed
[12:57:58.640] |I| [ngs::scream::PlayerVoiceDefinition::new_modules]: Scream player voice definition stubbed
[12:57:58.640] |I| [ngs::scream::Atrac9VoiceDefinition::new_modules]: Scream Atrac9 voice definition stubbed
[12:57:58.640] |W| [ngs::create_voice_definition]: Missing voice definition for Buss Type 10, using passthrough.
[12:57:58.641] |T| [export_sceNgsPatchCreateRouting]: Patching 0x141A570:0:0 to 0x13E8370:0
[12:57:58.641] |T| [export_sceNgsPatchCreateRouting]: Patching 0x141A8D8:0:0 to 0x13E8370:0
[12:57:58.643] |T| [export_sceNgsPatchCreateRouting]: Patching 0x13E8370:0:0 to 0x13E8970:0
[12:57:58.644] |T| [export_sceNgsPatchCreateRouting]: Patching 0x13E8C70:1:1 to 0x141A570:0
[12:57:58.645] |T| [export_sceNgsPatchCreateRouting]: Patching 0x13E8C70:1:1 to 0x141A8D8:0
[12:57:58.645] |T| [export_sceNgsPatchCreateRouting]: Patching 0x13E8FF0:1:1 to 0x141A570:0
[12:57:58.645] |T| [export_sceNgsPatchCreateRouting]: Patching 0x13E8FF0:1:1 to 0x141A8D8:0
[12:57:58.646] |T| [export_sceNgsPatchCreateRouting]: Patching 0x13E9370:1:1 to 0x141A570:0
[12:57:58.646] |T| [export_sceNgsPatchCreateRouting]: Patching 0x13E9370:1:1 to 0x141A8D8:0
[12:57:58.646] |T| [export_sceNgsPatchCreateRouting]: Patching 0x13E96F0:1:1 to 0x141A570:0
[12:57:58.646] |T| [export_sceNgsPatchCreateRouting]: Patching 0x13E96F0:1:1 to 0x141A8D8:0
[12:57:58.646] |T| [export_sceNgsPatchCreateRouting]: Patching 0x13E9A70:1:1 to 0x141A570:0
[12:57:58.646] |T| [export_sceNgsPatchCreateRouting]: Patching 0x13E9A70:1:1 to 0x141A8D8:0
[12:57:58.646] |T| [export_sceNgsPatchCreateRouting]: Patching 0x13E9DF0:1:1 to 0x141A570:0
[12:57:58.646] |T| [export_sceNgsPatchCreateRouting]: Patching 0x13E9DF0:1:1 to 0x141A8D8:0
[12:57:58.646] |T| [export_sceNgsPatchCreateRouting]: Patching 0x13EA170:1:1 to 0x141A570:0
[12:57:58.647] |T| [export_sceNgsPatchCreateRouting]: Patching 0x13EA170:1:1 to 0x141A8D8:0
[12:57:58.647] |T| [export_sceNgsPatchCreateRouting]: Patching 0x13EA4F0:1:1 to 0x141A570:0
[12:57:58.647] |T| [export_sceNgsPatchCreateRouting]: Patching 0x13EA4F0:1:1 to 0x141A8D8:0
[12:57:58.647] |T| [export_sceNgsPatchCreateRouting]: Patching 0x13EA870:1:1 to 0x141A570:0
[12:57:58.647] |T| [export_sceNgsPatchCreateRouting]: Patching 0x13EA870:1:1 to 0x141A8D8:0
[12:57:58.647] |T| [export_sceNgsPatchCreateRouting]: Patching 0x13EABF0:1:1 to 0x141A570:0
[12:57:58.647] |T| [export_sceNgsPatchCreateRouting]: Patching 0x13EABF0:1:1 to 0x141A8D8:0
[12:57:58.647] |T| [export_sceNgsPatchCreateRouting]: Patching 0x13EAF70:1:1 to 0x141A570:0
[12:57:58.647] |T| [export_sceNgsPatchCreateRouting]: Patching 0x13EAF70:1:1 to 0x141A8D8:0
[12:57:58.647] |T| [export_sceNgsPatchCreateRouting]: Patching 0x13EB2F0:1:1 to 0x141A570:0
[12:57:58.648] |T| [export_sceNgsPatchCreateRouting]: Patching 0x13EB2F0:1:1 to 0x141A8D8:0
[12:57:58.648] |T| [export_sceNgsPatchCreateRouting]: Patching 0x13EB670:1:1 to 0x141A570:0
[12:57:58.648] |T| [export_sceNgsPatchCreateRouting]: Patching 0x13EB670:1:1 to 0x141A8D8:0
[12:57:58.648] |T| [export_sceNgsPatchCreateRouting]: Patching 0x13EB9F0:1:1 to 0x141A570:0
[12:57:58.648] |T| [export_sceNgsPatchCreateRouting]: Patching 0x13EB9F0:1:1 to 0x141A8D8:0
[12:57:58.648] |T| [export_sceNgsPatchCreateRouting]: Patching 0x13EBD70:1:1 to 0x141A570:0
[12:57:58.648] |T| [export_sceNgsPatchCreateRouting]: Patching 0x13EBD70:1:1 to 0x141A8D8:0
[12:57:58.648] |T| [export_sceNgsPatchCreateRouting]: Patching 0x13EC0F0:1:1 to 0x141A570:0
[12:57:58.648] |T| [export_sceNgsPatchCreateRouting]: Patching 0x13EC0F0:1:1 to 0x141A8D8:0
[12:57:58.649] |T| [export_sceNgsPatchCreateRouting]: Patching 0x1411670:1:1 to 0x141A570:0
[12:57:58.649] |T| [export_sceNgsPatchCreateRouting]: Patching 0x1411670:1:1 to 0x141A8D8:0
[12:57:58.649] |T| [export_sceNgsPatchCreateRouting]: Patching 0x14119F0:1:1 to 0x141A570:0
[12:57:58.649] |T| [export_sceNgsPatchCreateRouting]: Patching 0x14119F0:1:1 to 0x141A8D8:0
[12:57:58.650] |T| [export_sceNgsPatchCreateRouting]: Patching 0x1411D70:1:1 to 0x141A570:0
[12:57:58.650] |T| [export_sceNgsPatchCreateRouting]: Patching 0x1411D70:1:1 to 0x141A8D8:0
[12:57:58.650] |T| [export_sceNgsPatchCreateRouting]: Patching 0x14120F0:1:1 to 0x141A570:0
[12:57:58.650] |T| [export_sceNgsPatchCreateRouting]: Patching 0x14120F0:1:1 to 0x141A8D8:0
[12:57:58.650] |T| [export_sceNgsPatchCreateRouting]: Patching 0x1412470:1:1 to 0x141A570:0
[12:57:58.650] |T| [export_sceNgsPatchCreateRouting]: Patching 0x1412470:1:1 to 0x141A8D8:0
[12:57:58.650] |T| [export_sceNgsPatchCreateRouting]: Patching 0x14127F0:1:1 to 0x141A570:0
[12:57:58.650] |T| [export_sceNgsPatchCreateRouting]: Patching 0x14127F0:1:1 to 0x141A8D8:0
[12:57:58.650] |T| [export_sceNgsPatchCreateRouting]: Patching 0x1412B70:1:1 to 0x141A570:0
[12:57:58.650] |T| [export_sceNgsPatchCreateRouting]: Patching 0x1412B70:1:1 to 0x141A8D8:0
[12:57:58.651] |T| [export_sceNgsPatchCreateRouting]: Patching 0x1412EF0:1:1 to 0x141A570:0
[12:57:58.651] |T| [export_sceNgsPatchCreateRouting]: Patching 0x1412EF0:1:1 to 0x141A8D8:0
[12:57:58.651] |T| [export_sceNgsPatchCreateRouting]: Patching 0x13EE970:1:1 to 0x141A570:0
[12:57:58.651] |T| [export_sceNgsPatchCreateRouting]: Patching 0x13EE970:1:1 to 0x141A8D8:0
[12:57:58.652] |T| [export_sceNgsPatchCreateRouting]: Patching 0x13EECF0:1:1 to 0x141A570:0
[12:57:58.652] |T| [export_sceNgsPatchCreateRouting]: Patching 0x13EECF0:1:1 to 0x141A8D8:0
[12:57:58.652] |T| [export_sceNgsPatchCreateRouting]: Patching 0x13EF070:1:1 to 0x141A570:0
[12:57:58.652] |T| [export_sceNgsPatchCreateRouting]: Patching 0x13EF070:1:1 to 0x141A8D8:0
[12:57:58.652] |T| [export_sceNgsPatchCreateRouting]: Patching 0x13EF3F0:1:1 to 0x141A570:0
[12:57:58.652] |T| [export_sceNgsPatchCreateRouting]: Patching 0x13EF3F0:1:1 to 0x141A8D8:0
[12:57:58.652] |T| [export_sceNgsPatchCreateRouting]: Patching 0x13EF770:1:1 to 0x141A570:0
[12:57:58.652] |T| [export_sceNgsPatchCreateRouting]: Patching 0x13EF770:1:1 to 0x141A8D8:0
[12:57:58.652] |T| [export_sceNgsPatchCreateRouting]: Patching 0x13EFAF0:1:1 to 0x141A570:0
[12:57:58.652] |T| [export_sceNgsPatchCreateRouting]: Patching 0x13EFAF0:1:1 to 0x141A8D8:0
[12:57:58.652] |T| [export_sceNgsPatchCreateRouting]: Patching 0x13EFE70:1:1 to 0x141A570:0
[12:57:58.653] |T| [export_sceNgsPatchCreateRouting]: Patching 0x13EFE70:1:1 to 0x141A8D8:0
[12:57:58.653] |T| [export_sceNgsPatchCreateRouting]: Patching 0x13F01F0:1:1 to 0x141A570:0
[12:57:58.653] |T| [export_sceNgsPatchCreateRouting]: Patching 0x13F01F0:1:1 to 0x141A8D8:0
[12:57:58.653] |T| [export_sceNgsPatchCreateRouting]: Patching 0x13F0570:1:1 to 0x141A570:0
[12:57:58.653] |T| [export_sceNgsPatchCreateRouting]: Patching 0x13F0570:1:1 to 0x141A8D8:0
[12:57:58.653] |T| [export_sceNgsPatchCreateRouting]: Patching 0x13F08F0:1:1 to 0x141A570:0
[12:57:58.653] |T| [export_sceNgsPatchCreateRouting]: Patching 0x13F08F0:1:1 to 0x141A8D8:0
[12:57:58.653] |T| [export_sceNgsPatchCreateRouting]: Patching 0x13F0C70:1:1 to 0x141A570:0
[12:57:58.653] |T| [export_sceNgsPatchCreateRouting]: Patching 0x13F0C70:1:1 to 0x141A8D8:0
[12:57:58.653] |T| [export_sceNgsPatchCreateRouting]: Patching 0x13F0FF0:1:1 to 0x141A570:0
[12:57:58.654] |T| [export_sceNgsPatchCreateRouting]: Patching 0x13F0FF0:1:1 to 0x141A8D8:0
[12:57:58.654] |T| [export_sceNgsPatchCreateRouting]: Patching 0x13F1370:1:1 to 0x141A570:0
[12:57:58.655] |T| [export_sceNgsPatchCreateRouting]: Patching 0x13F1370:1:1 to 0x141A8D8:0
[12:57:58.655] |T| [export_sceNgsPatchCreateRouting]: Patching 0x13F16F0:1:1 to 0x141A570:0
[12:57:58.655] |T| [export_sceNgsPatchCreateRouting]: Patching 0x13F16F0:1:1 to 0x141A8D8:0
[12:57:58.656] |T| [export_sceNgsPatchCreateRouting]: Patching 0x13F1A70:1:1 to 0x141A570:0
[12:57:58.656] |T| [export_sceNgsPatchCreateRouting]: Patching 0x13F1A70:1:1 to 0x141A8D8:0
[12:57:58.656] |T| [export_sceNgsPatchCreateRouting]: Patching 0x13F1DF0:1:1 to 0x141A570:0
[12:57:58.656] |T| [export_sceNgsPatchCreateRouting]: Patching 0x13F1DF0:1:1 to 0x141A8D8:0
[12:57:58.656] |T| [export_sceNgsPatchCreateRouting]: Patching 0x13F2170:1:1 to 0x141A570:0
[12:57:58.656] |T| [export_sceNgsPatchCreateRouting]: Patching 0x13F2170:1:1 to 0x141A8D8:0
[12:57:58.656] |T| [export_sceNgsPatchCreateRouting]: Patching 0x13F24F0:1:1 to 0x141A570:0
[12:57:58.656] |T| [export_sceNgsPatchCreateRouting]: Patching 0x13F24F0:1:1 to 0x141A8D8:0
[12:57:58.657] |T| [export_sceNgsPatchCreateRouting]: Patching 0x13F2870:1:1 to 0x141A570:0
[12:57:58.657] |T| [export_sceNgsPatchCreateRouting]: Patching 0x13F2870:1:1 to 0x141A8D8:0
[12:57:58.657] |T| [export_sceNgsPatchCreateRouting]: Patching 0x13F2BF0:1:1 to 0x141A570:0
[12:57:58.657] |T| [export_sceNgsPatchCreateRouting]: Patching 0x13F2BF0:1:1 to 0x141A8D8:0
[12:57:58.657] |T| [export_sceNgsPatchCreateRouting]: Patching 0x13F2F70:1:1 to 0x141A570:0
[12:57:58.657] |T| [export_sceNgsPatchCreateRouting]: Patching 0x13F2F70:1:1 to 0x141A8D8:0
[12:57:58.658] |T| [export_sceNgsPatchCreateRouting]: Patching 0x13F32F0:1:1 to 0x141A570:0
[12:57:58.658] |T| [export_sceNgsPatchCreateRouting]: Patching 0x13F32F0:1:1 to 0x141A8D8:0
[12:57:58.658] |T| [export_sceNgsPatchCreateRouting]: Patching 0x13F3670:1:1 to 0x141A570:0
[12:57:58.658] |T| [export_sceNgsPatchCreateRouting]: Patching 0x13F3670:1:1 to 0x141A8D8:0
[12:57:58.658] |T| [export_sceNgsPatchCreateRouting]: Patching 0x13F39F0:1:1 to 0x141A570:0
[12:57:58.658] |T| [export_sceNgsPatchCreateRouting]: Patching 0x13F39F0:1:1 to 0x141A8D8:0
[12:57:58.658] |T| [export_sceNgsPatchCreateRouting]: Patching 0x13F3D70:1:1 to 0x141A570:0
[12:57:58.658] |T| [export_sceNgsPatchCreateRouting]: Patching 0x13F3D70:1:1 to 0x141A8D8:0
[12:57:58.658] |T| [export_sceNgsPatchCreateRouting]: Patching 0x13F40F0:1:1 to 0x141A570:0
[12:57:58.659] |T| [export_sceNgsPatchCreateRouting]: Patching 0x13F40F0:1:1 to 0x141A8D8:0
[12:57:58.659] |T| [export_sceNgsPatchCreateRouting]: Patching 0x13F4470:1:1 to 0x141A570:0
[12:57:58.659] |T| [export_sceNgsPatchCreateRouting]: Patching 0x13F4470:1:1 to 0x141A8D8:0
[12:57:58.659] |T| [export_sceNgsPatchCreateRouting]: Patching 0x13F47F0:1:1 to 0x141A570:0
[12:57:58.659] |T| [export_sceNgsPatchCreateRouting]: Patching 0x13F47F0:1:1 to 0x141A8D8:0
[12:57:58.659] |T| [export_sceNgsPatchCreateRouting]: Patching 0x13F4B70:1:1 to 0x141A570:0
[12:57:58.659] |T| [export_sceNgsPatchCreateRouting]: Patching 0x13F4B70:1:1 to 0x141A8D8:0
[12:57:58.659] |T| [export_sceNgsPatchCreateRouting]: Patching 0x13F4EF0:1:1 to 0x141A570:0
[12:57:58.660] |T| [export_sceNgsPatchCreateRouting]: Patching 0x13F4EF0:1:1 to 0x141A8D8:0
[12:57:58.660] |T| [export_sceNgsPatchCreateRouting]: Patching 0x13F5270:1:1 to 0x141A570:0
[12:57:58.660] |T| [export_sceNgsPatchCreateRouting]: Patching 0x13F5270:1:1 to 0x141A8D8:0
[12:57:58.660] |T| [export_sceNgsPatchCreateRouting]: Patching 0x13F55F0:1:1 to 0x141A570:0
[12:57:58.660] |T| [export_sceNgsPatchCreateRouting]: Patching 0x13F55F0:1:1 to 0x141A8D8:0
[12:57:58.660] |T| [export_sceNgsPatchCreateRouting]: Patching 0x13F5970:1:1 to 0x141A570:0
[12:57:58.660] |T| [export_sceNgsPatchCreateRouting]: Patching 0x13F5970:1:1 to 0x141A8D8:0
[12:57:58.660] |T| [export_sceNgsPatchCreateRouting]: Patching 0x13F5CF0:1:1 to 0x141A570:0
[12:57:58.660] |T| [export_sceNgsPatchCreateRouting]: Patching 0x13F5CF0:1:1 to 0x141A8D8:0
[12:57:58.661] |T| [export_sceNgsPatchCreateRouting]: Patching 0x13F6070:1:1 to 0x141A570:0
[12:57:58.661] |T| [export_sceNgsPatchCreateRouting]: Patching 0x13F6070:1:1 to 0x141A8D8:0
[12:57:58.661] |T| [export_sceNgsPatchCreateRouting]: Patching 0x13F63F0:1:1 to 0x141A570:0
[12:57:58.661] |T| [export_sceNgsPatchCreateRouting]: Patching 0x13F63F0:1:1 to 0x141A8D8:0
[12:57:58.661] |T| [export_sceNgsPatchCreateRouting]: Patching 0x13F6770:1:1 to 0x141A570:0
[12:57:58.661] |T| [export_sceNgsPatchCreateRouting]: Patching 0x13F6770:1:1 to 0x141A8D8:0
[12:57:58.661] |T| [export_sceNgsPatchCreateRouting]: Patching 0x13F6AF0:1:1 to 0x141A570:0
[12:57:58.661] |T| [export_sceNgsPatchCreateRouting]: Patching 0x13F6AF0:1:1 to 0x141A8D8:0
[12:57:58.661] |T| [export_sceNgsPatchCreateRouting]: Patching 0x13F6E70:1:1 to 0x141A570:0
[12:57:58.661] |T| [export_sceNgsPatchCreateRouting]: Patching 0x13F6E70:1:1 to 0x141A8D8:0
[12:57:58.662] |T| [export_sceNgsPatchCreateRouting]: Patching 0x13F71F0:1:1 to 0x141A570:0
[12:57:58.662] |T| [export_sceNgsPatchCreateRouting]: Patching 0x13F71F0:1:1 to 0x141A8D8:0
[12:57:58.662] |T| [export_sceNgsPatchCreateRouting]: Patching 0x13F7570:1:1 to 0x141A570:0
[12:57:58.662] |T| [export_sceNgsPatchCreateRouting]: Patching 0x13F7570:1:1 to 0x141A8D8:0
[12:57:58.662] |T| [export_sceNgsPatchCreateRouting]: Patching 0x13F78F0:1:1 to 0x141A570:0
[12:57:58.662] |T| [export_sceNgsPatchCreateRouting]: Patching 0x13F78F0:1:1 to 0x141A8D8:0
[12:57:58.662] |T| [export_sceNgsPatchCreateRouting]: Patching 0x13F7C70:1:1 to 0x141A570:0
[12:57:58.663] |T| [export_sceNgsPatchCreateRouting]: Patching 0x13F7C70:1:1 to 0x141A8D8:0
[12:57:58.663] |T| [export_sceNgsPatchCreateRouting]: Patching 0x13F7FF0:1:1 to 0x141A570:0
[12:57:58.663] |T| [export_sceNgsPatchCreateRouting]: Patching 0x13F7FF0:1:1 to 0x141A8D8:0
[12:57:58.663] |T| [export_sceNgsPatchCreateRouting]: Patching 0x13F8370:1:1 to 0x141A570:0
[12:57:58.664] |T| [export_sceNgsPatchCreateRouting]: Patching 0x13F8370:1:1 to 0x141A8D8:0
[12:57:58.664] |T| [export_sceNgsPatchCreateRouting]: Patching 0x13F86F0:1:1 to 0x141A570:0
[12:57:58.664] |T| [export_sceNgsPatchCreateRouting]: Patching 0x13F86F0:1:1 to 0x141A8D8:0
[12:57:58.664] |T| [export_sceNgsPatchCreateRouting]: Patching 0x13F8A70:1:1 to 0x141A570:0
[12:57:58.664] |T| [export_sceNgsPatchCreateRouting]: Patching 0x13F8A70:1:1 to 0x141A8D8:0
[12:57:58.664] |T| [export_sceNgsPatchCreateRouting]: Patching 0x13F8DF0:1:1 to 0x141A570:0
[12:57:58.664] |T| [export_sceNgsPatchCreateRouting]: Patching 0x13F8DF0:1:1 to 0x141A8D8:0
[12:57:58.664] |T| [export_sceNgsPatchCreateRouting]: Patching 0x13F9170:1:1 to 0x141A570:0
[12:57:58.664] |T| [export_sceNgsPatchCreateRouting]: Patching 0x13F9170:1:1 to 0x141A8D8:0
[12:57:58.664] |T| [export_sceNgsPatchCreateRouting]: Patching 0x13F94F0:1:1 to 0x141A570:0
[12:57:58.665] |T| [export_sceNgsPatchCreateRouting]: Patching 0x13F94F0:1:1 to 0x141A8D8:0
[12:57:58.665] |T| [export_sceNgsPatchCreateRouting]: Patching 0x13F9870:1:1 to 0x141A570:0
[12:57:58.665] |T| [export_sceNgsPatchCreateRouting]: Patching 0x13F9870:1:1 to 0x141A8D8:0
[12:57:58.665] |T| [export_sceNgsPatchCreateRouting]: Patching 0x13F9BF0:1:1 to 0x141A570:0
[12:57:58.665] |T| [export_sceNgsPatchCreateRouting]: Patching 0x13F9BF0:1:1 to 0x141A8D8:0
[12:57:58.665] |T| [export_sceNgsPatchCreateRouting]: Patching 0x13F9F70:1:1 to 0x141A570:0
[12:57:58.665] |T| [export_sceNgsPatchCreateRouting]: Patching 0x13F9F70:1:1 to 0x141A8D8:0
[12:57:58.665] |T| [export_sceNgsPatchCreateRouting]: Patching 0x13FA2F0:1:1 to 0x141A570:0
[12:57:58.665] |T| [export_sceNgsPatchCreateRouting]: Patching 0x13FA2F0:1:1 to 0x141A8D8:0
[12:57:58.665] |T| [export_sceNgsPatchCreateRouting]: Patching 0x13FA670:1:1 to 0x141A570:0
[12:57:58.666] |T| [export_sceNgsPatchCreateRouting]: Patching 0x13FA670:1:1 to 0x141A8D8:0
[12:57:58.666] |T| [export_sceNgsPatchCreateRouting]: Patching 0x13FA9F0:1:1 to 0x141A570:0
[12:57:58.666] |T| [export_sceNgsPatchCreateRouting]: Patching 0x13FA9F0:1:1 to 0x141A8D8:0
[12:57:58.666] |T| [export_sceNgsPatchCreateRouting]: Patching 0x13FAD70:1:1 to 0x141A570:0
[12:57:58.666] |T| [export_sceNgsPatchCreateRouting]: Patching 0x13FAD70:1:1 to 0x141A8D8:0
[12:57:58.666] |T| [export_sceNgsPatchCreateRouting]: Patching 0x13FB0F0:1:1 to 0x141A570:0
[12:57:58.666] |T| [export_sceNgsPatchCreateRouting]: Patching 0x13FB0F0:1:1 to 0x141A8D8:0
[12:57:58.666] |T| [export_sceNgsPatchCreateRouting]: Patching 0x13FB470:1:1 to 0x141A570:0
[12:57:58.666] |T| [export_sceNgsPatchCreateRouting]: Patching 0x13FB470:1:1 to 0x141A8D8:0
[12:57:58.666] |T| [export_sceNgsPatchCreateRouting]: Patching 0x13FB7F0:1:1 to 0x141A570:0
[12:57:58.666] |T| [export_sceNgsPatchCreateRouting]: Patching 0x13FB7F0:1:1 to 0x141A8D8:0
[12:57:58.667] |T| [export_sceNgsPatchCreateRouting]: Patching 0x13FBB70:1:1 to 0x141A570:0
[12:57:58.667] |T| [export_sceNgsPatchCreateRouting]: Patching 0x13FBB70:1:1 to 0x141A8D8:0
[12:57:58.667] |T| [export_sceNgsPatchCreateRouting]: Patching 0x13FBEF0:1:1 to 0x141A570:0
[12:57:58.667] |T| [export_sceNgsPatchCreateRouting]: Patching 0x13FBEF0:1:1 to 0x141A8D8:0
[12:57:58.667] |T| [export_sceNgsPatchCreateRouting]: Patching 0x13FC270:1:1 to 0x141A570:0
[12:57:58.667] |T| [export_sceNgsPatchCreateRouting]: Patching 0x13FC270:1:1 to 0x141A8D8:0
[12:57:58.667] |T| [export_sceNgsPatchCreateRouting]: Patching 0x13FC5F0:1:1 to 0x141A570:0
[12:57:58.667] |T| [export_sceNgsPatchCreateRouting]: Patching 0x13FC5F0:1:1 to 0x141A8D8:0
[12:57:58.668] |T| [export_sceNgsPatchCreateRouting]: Patching 0x1414670:1:1 to 0x141A570:0
[12:57:58.668] |T| [export_sceNgsPatchCreateRouting]: Patching 0x1414670:1:1 to 0x141A8D8:0
[12:57:58.668] |T| [export_sceNgsPatchCreateRouting]: Patching 0x14149F0:1:1 to 0x141A570:0
[12:57:58.668] |T| [export_sceNgsPatchCreateRouting]: Patching 0x14149F0:1:1 to 0x141A8D8:0
[12:57:58.668] |T| [export_sceNgsPatchCreateRouting]: Patching 0x1414D70:1:1 to 0x141A570:0
[12:57:58.668] |T| [export_sceNgsPatchCreateRouting]: Patching 0x1414D70:1:1 to 0x141A8D8:0
[12:57:58.669] |T| [export_sceNgsPatchCreateRouting]: Patching 0x14150F0:1:1 to 0x141A570:0
[12:57:58.669] |T| [export_sceNgsPatchCreateRouting]: Patching 0x14150F0:1:1 to 0x141A8D8:0
[12:57:58.669] |T| [export_sceNgsPatchCreateRouting]: Patching 0x1415470:1:1 to 0x141A570:0
[12:57:58.669] |T| [export_sceNgsPatchCreateRouting]: Patching 0x1415470:1:1 to 0x141A8D8:0
[12:57:58.669] |T| [export_sceNgsPatchCreateRouting]: Patching 0x14157F0:1:1 to 0x141A570:0
[12:57:58.669] |T| [export_sceNgsPatchCreateRouting]: Patching 0x14157F0:1:1 to 0x141A8D8:0
[12:57:58.669] |T| [export_sceNgsPatchCreateRouting]: Patching 0x1415B70:1:1 to 0x141A570:0
[12:57:58.669] |T| [export_sceNgsPatchCreateRouting]: Patching 0x1415B70:1:1 to 0x141A8D8:0
[12:57:58.669] |T| [export_sceNgsPatchCreateRouting]: Patching 0x1415EF0:1:1 to 0x141A570:0
[12:57:58.669] |T| [export_sceNgsPatchCreateRouting]: Patching 0x1415EF0:1:1 to 0x141A8D8:0
[12:57:58.670] |T| [export_sceNgsPatchCreateRouting]: Patching 0x1405B70:1:1 to 0x141A570:0
[12:57:58.670] |T| [export_sceNgsPatchCreateRouting]: Patching 0x1405B70:1:1 to 0x141A8D8:0
[12:57:58.670] |T| [export_sceNgsPatchCreateRouting]: Patching 0x1405EFC:1:1 to 0x141A570:0
[12:57:58.670] |T| [export_sceNgsPatchCreateRouting]: Patching 0x1405EFC:1:1 to 0x141A8D8:0
[12:57:58.671] |T| [export_sceNgsPatchCreateRouting]: Patching 0x1406288:1:1 to 0x141A570:0
[12:57:58.671] |T| [export_sceNgsPatchCreateRouting]: Patching 0x1406288:1:1 to 0x141A8D8:0
[12:57:58.671] |T| [export_sceNgsPatchCreateRouting]: Patching 0x1406614:1:1 to 0x141A570:0
[12:57:58.671] |T| [export_sceNgsPatchCreateRouting]: Patching 0x1406614:1:1 to 0x141A8D8:0
[12:57:58.671] |T| [export_sceNgsPatchCreateRouting]: Patching 0x14069A0:1:1 to 0x141A570:0
[12:57:58.671] |T| [export_sceNgsPatchCreateRouting]: Patching 0x14069A0:1:1 to 0x141A8D8:0
[12:57:58.671] |T| [export_sceNgsPatchCreateRouting]: Patching 0x1406D2C:1:1 to 0x141A570:0
[12:57:58.671] |T| [export_sceNgsPatchCreateRouting]: Patching 0x1406D2C:1:1 to 0x141A8D8:0
[12:57:58.671] |T| [export_sceNgsPatchCreateRouting]: Patching 0x14070B8:1:1 to 0x141A570:0
[12:57:58.672] |T| [export_sceNgsPatchCreateRouting]: Patching 0x14070B8:1:1 to 0x141A8D8:0
[12:57:58.672] |T| [export_sceNgsPatchCreateRouting]: Patching 0x1407444:1:1 to 0x141A570:0
[12:57:58.672] |T| [export_sceNgsPatchCreateRouting]: Patching 0x1407444:1:1 to 0x141A8D8:0
[12:57:58.672] |T| [export_sceNgsPatchCreateRouting]: Patching 0x14077D0:1:1 to 0x141A570:0
[12:57:58.672] |T| [export_sceNgsPatchCreateRouting]: Patching 0x14077D0:1:1 to 0x141A8D8:0
[12:57:58.672] |T| [export_sceNgsPatchCreateRouting]: Patching 0x1407B5C:1:1 to 0x141A570:0
[12:57:58.672] |T| [export_sceNgsPatchCreateRouting]: Patching 0x1407B5C:1:1 to 0x141A8D8:0
[12:57:58.672] |T| [export_sceNgsPatchCreateRouting]: Patching 0x1407EE8:1:1 to 0x141A570:0
[12:57:58.672] |T| [export_sceNgsPatchCreateRouting]: Patching 0x1407EE8:1:1 to 0x141A8D8:0
[12:57:58.673] |T| [export_sceNgsPatchCreateRouting]: Patching 0x1408274:1:1 to 0x141A570:0
[12:57:58.673] |T| [export_sceNgsPatchCreateRouting]: Patching 0x1408274:1:1 to 0x141A8D8:0
[12:57:58.673] |T| [export_sceNgsPatchCreateRouting]: Patching 0x1408600:1:1 to 0x141A570:0
[12:57:58.673] |T| [export_sceNgsPatchCreateRouting]: Patching 0x1408600:1:1 to 0x141A8D8:0
[12:57:58.673] |T| [export_sceNgsPatchCreateRouting]: Patching 0x140898C:1:1 to 0x141A570:0
[12:57:58.673] |T| [export_sceNgsPatchCreateRouting]: Patching 0x140898C:1:1 to 0x141A8D8:0
[12:57:58.673] |T| [export_sceNgsPatchCreateRouting]: Patching 0x1408D18:1:1 to 0x141A570:0
[12:57:58.673] |T| [export_sceNgsPatchCreateRouting]: Patching 0x1408D18:1:1 to 0x141A8D8:0
[12:57:58.673] |T| [export_sceNgsPatchCreateRouting]: Patching 0x14090A4:1:1 to 0x141A570:0
[12:57:58.673] |T| [export_sceNgsPatchCreateRouting]: Patching 0x14090A4:1:1 to 0x141A8D8:0
[12:57:58.674] |T| [export_sceNgsPatchCreateRouting]: Patching 0x1409430:1:1 to 0x141A570:0
[12:57:58.674] |T| [export_sceNgsPatchCreateRouting]: Patching 0x1409430:1:1 to 0x141A8D8:0
[12:57:58.674] |T| [export_sceNgsPatchCreateRouting]: Patching 0x14097BC:1:1 to 0x141A570:0
[12:57:58.674] |T| [export_sceNgsPatchCreateRouting]: Patching 0x14097BC:1:1 to 0x141A8D8:0
[12:57:58.674] |T| [export_sceNgsPatchCreateRouting]: Patching 0x1409B48:1:1 to 0x141A570:0
[12:57:58.674] |T| [export_sceNgsPatchCreateRouting]: Patching 0x1409B48:1:1 to 0x141A8D8:0
[12:57:58.674] |T| [export_sceNgsPatchCreateRouting]: Patching 0x1409ED4:1:1 to 0x141A570:0
[12:57:58.674] |T| [export_sceNgsPatchCreateRouting]: Patching 0x1409ED4:1:1 to 0x141A8D8:0
[12:57:58.674] |T| [export_sceNgsPatchCreateRouting]: Patching 0x140A260:1:1 to 0x141A570:0
[12:57:58.674] |T| [export_sceNgsPatchCreateRouting]: Patching 0x140A260:1:1 to 0x141A8D8:0
[12:57:58.675] |T| [export_sceNgsPatchCreateRouting]: Patching 0x140A5EC:1:1 to 0x141A570:0
[12:57:58.675] |T| [export_sceNgsPatchCreateRouting]: Patching 0x140A5EC:1:1 to 0x141A8D8:0
[12:57:58.675] |T| [export_sceNgsPatchCreateRouting]: Patching 0x140A978:1:1 to 0x141A570:0
[12:57:58.675] |T| [export_sceNgsPatchCreateRouting]: Patching 0x140A978:1:1 to 0x141A8D8:0
[12:57:58.675] |T| [export_sceNgsPatchCreateRouting]: Patching 0x140AD04:1:1 to 0x141A570:0
[12:57:58.675] |T| [export_sceNgsPatchCreateRouting]: Patching 0x140AD04:1:1 to 0x141A8D8:0
[12:57:58.675] |T| [export_sceNgsPatchCreateRouting]: Patching 0x140B090:1:1 to 0x141A570:0
[12:57:58.675] |T| [export_sceNgsPatchCreateRouting]: Patching 0x140B090:1:1 to 0x141A8D8:0
[12:57:58.675] |T| [export_sceNgsPatchCreateRouting]: Patching 0x140B41C:1:1 to 0x141A570:0
[12:57:58.675] |T| [export_sceNgsPatchCreateRouting]: Patching 0x140B41C:1:1 to 0x141A8D8:0
[12:57:58.675] |T| [export_sceNgsPatchCreateRouting]: Patching 0x140B7A8:1:1 to 0x141A570:0
[12:57:58.676] |T| [export_sceNgsPatchCreateRouting]: Patching 0x140B7A8:1:1 to 0x141A8D8:0
[12:57:58.676] |T| [export_sceNgsPatchCreateRouting]: Patching 0x140BB34:1:1 to 0x141A570:0
[12:57:58.676] |T| [export_sceNgsPatchCreateRouting]: Patching 0x140BB34:1:1 to 0x141A8D8:0
[12:57:58.676] |T| [export_sceNgsPatchCreateRouting]: Patching 0x140BEC0:1:1 to 0x141A570:0
[12:57:58.676] |T| [export_sceNgsPatchCreateRouting]: Patching 0x140BEC0:1:1 to 0x141A8D8:0
[12:57:58.676] |T| [export_sceNgsPatchCreateRouting]: Patching 0x140C24C:1:1 to 0x141A570:0
[12:57:58.676] |T| [export_sceNgsPatchCreateRouting]: Patching 0x140C24C:1:1 to 0x141A8D8:0
[12:57:58.676] |T| [export_sceNgsPatchCreateRouting]: Patching 0x140C5D8:1:1 to 0x141A570:0
[12:57:58.676] |T| [export_sceNgsPatchCreateRouting]: Patching 0x140C5D8:1:1 to 0x141A8D8:0
[12:57:58.676] |T| [export_sceNgsPatchCreateRouting]: Patching 0x140C964:1:1 to 0x141A570:0
[12:57:58.677] |T| [export_sceNgsPatchCreateRouting]: Patching 0x140C964:1:1 to 0x141A8D8:0
[12:57:58.677] |T| [export_sceNgsPatchCreateRouting]: Patching 0x1417570:1:1 to 0x141A570:0
[12:57:58.677] |T| [export_sceNgsPatchCreateRouting]: Patching 0x1417570:1:1 to 0x141A8D8:0
[12:57:58.677] |T| [export_sceNgsPatchCreateRouting]: Patching 0x14178FC:1:1 to 0x141A570:0
[12:57:58.678] |T| [export_sceNgsPatchCreateRouting]: Patching 0x14178FC:1:1 to 0x141A8D8:0
[12:57:58.678] |T| [export_sceNgsPatchCreateRouting]: Patching 0x1417C88:1:1 to 0x141A570:0
[12:57:58.678] |T| [export_sceNgsPatchCreateRouting]: Patching 0x1417C88:1:1 to 0x141A8D8:0
[12:57:58.678] |T| [export_sceNgsPatchCreateRouting]: Patching 0x1418014:1:1 to 0x141A570:0
[12:57:58.678] |T| [export_sceNgsPatchCreateRouting]: Patching 0x1418014:1:1 to 0x141A8D8:0
[12:57:58.678] |T| [export_sceNgsPatchCreateRouting]: Patching 0x14183A0:1:1 to 0x141A570:0
[12:57:58.678] |T| [export_sceNgsPatchCreateRouting]: Patching 0x14183A0:1:1 to 0x141A8D8:0
[12:57:58.678] |T| [export_sceNgsPatchCreateRouting]: Patching 0x141872C:1:1 to 0x141A570:0
[12:57:58.678] |T| [export_sceNgsPatchCreateRouting]: Patching 0x141872C:1:1 to 0x141A8D8:0
[12:57:58.678] |T| [export_sceNgsPatchCreateRouting]: Patching 0x1418AB8:1:1 to 0x141A570:0
[12:57:58.679] |T| [export_sceNgsPatchCreateRouting]: Patching 0x1418AB8:1:1 to 0x141A8D8:0
[12:57:58.679] |T| [export_sceNgsPatchCreateRouting]: Patching 0x1418E44:1:1 to 0x141A570:0
[12:57:58.679] |T| [export_sceNgsPatchCreateRouting]: Patching 0x1418E44:1:1 to 0x141A8D8:0
[12:57:58.715] |E| [logging::ret_error_impl]: sceKernelWaitLwCond returned SCE_KERNEL_ERROR_WAIT_TIMEOUT (0x80028005)
[12:57:58.737] |T| [write_file]: *** TTY: Create speech manager...done
[12:57:58.784] |T| [write_file]: *** TTY: Create sound manager...done
[12:57:58.800] |E| [logging::ret_error_impl]: sceNetCtlInit returned SCE_NET_CTL_ERROR_NOT_TERMINATED (0x80412102)
[12:57:58.801] |W| [stubbed_impl]: Stubbed sceNetCtlInetGetInfo import called. (code SCE_NETCTL_INFO_GET_ETHER_ADDR not implemented)
[12:57:58.802] |W| [stubbed_impl]: Stubbed sceNetCtlTerm import called. (Stub)
[12:57:58.803] |T| [write_file]: *** TTY: Setting languages : American
[12:57:59.060] |T| [write_file]: *** TTY: Create g_pFEScreenManager for skin
[12:57:59.467] |T| [write_file]: *** TTY: [ErrorFileNotFound] Cannot resolve the path for the resource Data\FE\Trophies\hd_gold.rcsmodel.
[12:57:59.474] |T| [write_file]: *** TTY: [ErrorFileNotFound] Cannot resolve the path for the resource Data\FE\Trophies\hd_silver.rcsmodel.
[12:57:59.476] |T| [write_file]: *** TTY: [ErrorFileNotFound] Cannot resolve the path for the resource Data\FE\Trophies\hd_bronze.rcsmodel.
[12:57:59.791] |T| [write_file]: *** TTY: Create music manager...done
[12:57:59.792] |T| [write_file]: *** TTY: done
[12:58:01.708] |W| [unimplemented_impl]: Unimplemented sceNpAuthInit import called.
[12:58:01.713] |W| [stubbed_impl]: Stubbed __sceAppMgrGetAppState import called. (Set to 0.)
[12:58:01.715] |T| [write_file]: *** TTY: Entering main game loop
[12:58:01.721] |W| [stubbed_impl]: Stubbed sceNpGetServiceState import called. (Stub)
[12:58:01.723] |T| [write_file]: *** TTY: TROPHY: init
[12:58:01.778] |T| [open_file]: create_trophy_context: Opening file app0:/sce_sys/trophy/NPWR02333_00/TROPHY.TRP (ux0:/app/PCSA00015/sce_sys/trophy/NPWR02333_00/TROPHY.TRP), fd: 0x5
[12:58:01.779] |T| [open_file]: create_trophy_context: Opening file ux0:/user/00/trophy/data/NPWR02333_00/TROPUSR.DAT (ux0:/user/00/trophy/data/NPWR02333_00/TROPUSR.DAT), fd: 0x6
[12:58:01.779] |T| [open_file]: install_trophy_context: Opening file ux0:/user/00/trophy/conf/NPWR02333_00/TROPCONF.SFM (ux0:/user/00/trophy/conf/NPWR02333_00/TROPCONF.SFM), fd: 0x7
[12:58:01.779] |T| [write_file]: install_trophy_context: Writing to fd: 0x7, size: 2161
[12:58:01.780] |T| [close_file]: install_trophy_context: Closing file fd: 0x7
[12:58:01.780] |T| [open_file]: install_trophy_context: Opening file ux0:/user/00/trophy/conf/NPWR02333_00/TROP.SFM (ux0:/user/00/trophy/conf/NPWR02333_00/TROP.SFM), fd: 0x8
[12:58:01.780] |T| [write_file]: install_trophy_context: Writing to fd: 0x8, size: 5482
[12:58:01.780] |T| [close_file]: install_trophy_context: Closing file fd: 0x8
[12:58:01.781] |T| [open_file]: install_trophy_context: Opening file ux0:/user/00/trophy/conf/NPWR02333_00/TROP_00.SFM (ux0:/user/00/trophy/conf/NPWR02333_00/TROP_00.SFM), fd: 0x9
[12:58:01.781] |T| [write_file]: install_trophy_context: Writing to fd: 0x9, size: 6766
[12:58:01.781] |T| [close_file]: install_trophy_context: Closing file fd: 0x9
[12:58:01.782] |T| [open_file]: install_trophy_context: Opening file ux0:/user/00/trophy/conf/NPWR02333_00/TROP_02.SFM (ux0:/user/00/trophy/conf/NPWR02333_00/TROP_02.SFM), fd: 0xA
[12:58:01.782] |T| [write_file]: install_trophy_context: Writing to fd: 0xA, size: 5797
[12:58:01.782] |T| [close_file]: install_trophy_context: Closing file fd: 0xA
[12:58:01.782] |T| [open_file]: install_trophy_context: Opening file ux0:/user/00/trophy/conf/NPWR02333_00/TROP_03.SFM (ux0:/user/00/trophy/conf/NPWR02333_00/TROP_03.SFM), fd: 0xB
[12:58:01.783] |T| [write_file]: install_trophy_context: Writing to fd: 0xB, size: 5899
[12:58:01.783] |T| [close_file]: install_trophy_context: Closing file fd: 0xB
[12:58:01.786] |T| [open_file]: install_trophy_context: Opening file ux0:/user/00/trophy/conf/NPWR02333_00/TROP_04.SFM (ux0:/user/00/trophy/conf/NPWR02333_00/TROP_04.SFM), fd: 0xC
[12:58:01.786] |T| [write_file]: install_trophy_context: Writing to fd: 0xC, size: 5913
[12:58:01.786] |T| [close_file]: install_trophy_context: Closing file fd: 0xC
[12:58:01.787] |T| [open_file]: install_trophy_context: Opening file ux0:/user/00/trophy/conf/NPWR02333_00/TROP_05.SFM (ux0:/user/00/trophy/conf/NPWR02333_00/TROP_05.SFM), fd: 0xD
[12:58:01.787] |T| [write_file]: install_trophy_context: Writing to fd: 0xD, size: 5944
[12:58:01.787] |T| [close_file]: install_trophy_context: Closing file fd: 0xD
[12:58:01.788] |T| [open_file]: install_trophy_context: Opening file ux0:/user/00/trophy/conf/NPWR02333_00/TROP_06.SFM (ux0:/user/00/trophy/conf/NPWR02333_00/TROP_06.SFM), fd: 0xE
[12:58:01.788] |T| [write_file]: install_trophy_context: Writing to fd: 0xE, size: 5797
[12:58:01.788] |T| [close_file]: install_trophy_context: Closing file fd: 0xE
[12:58:01.789] |T| [open_file]: install_trophy_context: Opening file ux0:/user/00/trophy/conf/NPWR02333_00/TROP_07.SFM (ux0:/user/00/trophy/conf/NPWR02333_00/TROP_07.SFM), fd: 0xF
[12:58:01.789] |T| [write_file]: install_trophy_context: Writing to fd: 0xF, size: 5789
[12:58:01.789] |T| [close_file]: install_trophy_context: Closing file fd: 0xF
[12:58:01.790] |T| [open_file]: install_trophy_context: Opening file ux0:/user/00/trophy/conf/NPWR02333_00/TROP_08.SFM (ux0:/user/00/trophy/conf/NPWR02333_00/TROP_08.SFM), fd: 0x10
[12:58:01.790] |T| [write_file]: install_trophy_context: Writing to fd: 0x10, size: 7775
[12:58:01.790] |T| [close_file]: install_trophy_context: Closing file fd: 0x10
[12:58:01.791] |T| [open_file]: install_trophy_context: Opening file ux0:/user/00/trophy/conf/NPWR02333_00/TROP_12.SFM (ux0:/user/00/trophy/conf/NPWR02333_00/TROP_12.SFM), fd: 0x11
[12:58:01.791] |T| [write_file]: install_trophy_context: Writing to fd: 0x11, size: 5834
[12:58:01.791] |T| [close_file]: install_trophy_context: Closing file fd: 0x11
[12:58:01.792] |T| [open_file]: install_trophy_context: Opening file ux0:/user/00/trophy/conf/NPWR02333_00/TROP_13.SFM (ux0:/user/00/trophy/conf/NPWR02333_00/TROP_13.SFM), fd: 0x12
[12:58:01.792] |T| [write_file]: install_trophy_context: Writing to fd: 0x12, size: 5611
[12:58:01.792] |T| [close_file]: install_trophy_context: Closing file fd: 0x12
[12:58:01.793] |T| [open_file]: install_trophy_context: Opening file ux0:/user/00/trophy/conf/NPWR02333_00/TROP_14.SFM (ux0:/user/00/trophy/conf/NPWR02333_00/TROP_14.SFM), fd: 0x13
[12:58:01.793] |T| [write_file]: install_trophy_context: Writing to fd: 0x13, size: 5528
[12:58:01.793] |T| [close_file]: install_trophy_context: Closing file fd: 0x13
[12:58:01.793] |T| [open_file]: install_trophy_context: Opening file ux0:/user/00/trophy/conf/NPWR02333_00/TROP_15.SFM (ux0:/user/00/trophy/conf/NPWR02333_00/TROP_15.SFM), fd: 0x14
[12:58:01.794] |T| [write_file]: install_trophy_context: Writing to fd: 0x14, size: 5526
[12:58:01.794] |T| [close_file]: install_trophy_context: Closing file fd: 0x14
[12:58:01.794] |T| [open_file]: install_trophy_context: Opening file ux0:/user/00/trophy/conf/NPWR02333_00/TROP_16.SFM (ux0:/user/00/trophy/conf/NPWR02333_00/TROP_16.SFM), fd: 0x15
[12:58:01.794] |T| [write_file]: install_trophy_context: Writing to fd: 0x15, size: 5868
[12:58:01.794] |T| [close_file]: install_trophy_context: Closing file fd: 0x15
[12:58:01.795] |T| [open_file]: install_trophy_context: Opening file ux0:/user/00/trophy/conf/NPWR02333_00/ICON0.PNG (ux0:/user/00/trophy/conf/NPWR02333_00/ICON0.PNG), fd: 0x16
[12:58:01.795] |T| [write_file]: install_trophy_context: Writing to fd: 0x16, size: 36476
[12:58:01.795] |T| [close_file]: install_trophy_context: Closing file fd: 0x16
[12:58:01.798] |T| [open_file]: install_trophy_context: Opening file ux0:/user/00/trophy/conf/NPWR02333_00/TROP000.PNG (ux0:/user/00/trophy/conf/NPWR02333_00/TROP000.PNG), fd: 0x17
[12:58:01.799] |T| [write_file]: install_trophy_context: Writing to fd: 0x17, size: 65284
[12:58:01.799] |T| [close_file]: install_trophy_context: Closing file fd: 0x17
[12:58:01.802] |T| [open_file]: install_trophy_context: Opening file ux0:/user/00/trophy/conf/NPWR02333_00/TROP001.PNG (ux0:/user/00/trophy/conf/NPWR02333_00/TROP001.PNG), fd: 0x18
[12:58:01.802] |T| [write_file]: install_trophy_context: Writing to fd: 0x18, size: 65255
[12:58:01.803] |T| [close_file]: install_trophy_context: Closing file fd: 0x18
[12:58:01.806] |T| [open_file]: install_trophy_context: Opening file ux0:/user/00/trophy/conf/NPWR02333_00/TROP002.PNG (ux0:/user/00/trophy/conf/NPWR02333_00/TROP002.PNG), fd: 0x19
[12:58:01.807] |T| [write_file]: install_trophy_context: Writing to fd: 0x19, size: 65396
[12:58:01.807] |T| [close_file]: install_trophy_context: Closing file fd: 0x19
[12:58:01.810] |T| [open_file]: install_trophy_context: Opening file ux0:/user/00/trophy/conf/NPWR02333_00/TROP003.PNG (ux0:/user/00/trophy/conf/NPWR02333_00/TROP003.PNG), fd: 0x1A
[12:58:01.811] |T| [write_file]: install_trophy_context: Writing to fd: 0x1A, size: 64740
[12:58:01.811] |T| [close_file]: install_trophy_context: Closing file fd: 0x1A
[12:58:01.814] |T| [open_file]: install_trophy_context: Opening file ux0:/user/00/trophy/conf/NPWR02333_00/TROP004.PNG (ux0:/user/00/trophy/conf/NPWR02333_00/TROP004.PNG), fd: 0x1B
[12:58:01.815] |T| [write_file]: install_trophy_context: Writing to fd: 0x1B, size: 34095
[12:58:01.815] |T| [close_file]: install_trophy_context: Closing file fd: 0x1B
[12:58:01.818] |T| [open_file]: install_trophy_context: Opening file ux0:/user/00/trophy/conf/NPWR02333_00/TROP005.PNG (ux0:/user/00/trophy/conf/NPWR02333_00/TROP005.PNG), fd: 0x1C
[12:58:01.819] |T| [write_file]: install_trophy_context: Writing to fd: 0x1C, size: 65992
[12:58:01.819] |T| [close_file]: install_trophy_context: Closing file fd: 0x1C
[12:58:01.822] |T| [open_file]: install_trophy_context: Opening file ux0:/user/00/trophy/conf/NPWR02333_00/TROP006.PNG (ux0:/user/00/trophy/conf/NPWR02333_00/TROP006.PNG), fd: 0x1D
[12:58:01.823] |T| [write_file]: install_trophy_context: Writing to fd: 0x1D, size: 66273
[12:58:01.823] |T| [close_file]: install_trophy_context: Closing file fd: 0x1D
[12:58:01.827] |T| [open_file]: install_trophy_context: Opening file ux0:/user/00/trophy/conf/NPWR02333_00/TROP007.PNG (ux0:/user/00/trophy/conf/NPWR02333_00/TROP007.PNG), fd: 0x1E
[12:58:01.827] |T| [write_file]: install_trophy_context: Writing to fd: 0x1E, size: 65504
[12:58:01.827] |T| [close_file]: install_trophy_context: Closing file fd: 0x1E
[12:58:01.831] |T| [open_file]: install_trophy_context: Opening file ux0:/user/00/trophy/conf/NPWR02333_00/TROP008.PNG (ux0:/user/00/trophy/conf/NPWR02333_00/TROP008.PNG), fd: 0x1F
[12:58:01.831] |T| [write_file]: install_trophy_context: Writing to fd: 0x1F, size: 71077
[12:58:01.831] |T| [close_file]: install_trophy_context: Closing file fd: 0x1F
[12:58:01.834] |T| [open_file]: install_trophy_context: Opening file ux0:/user/00/trophy/conf/NPWR02333_00/TROP009.PNG (ux0:/user/00/trophy/conf/NPWR02333_00/TROP009.PNG), fd: 0x20
[12:58:01.835] |T| [write_file]: install_trophy_context: Writing to fd: 0x20, size: 60066
[12:58:01.835] |T| [close_file]: install_trophy_context: Closing file fd: 0x20
[12:58:01.838] |T| [open_file]: install_trophy_context: Opening file ux0:/user/00/trophy/conf/NPWR02333_00/TROP010.PNG (ux0:/user/00/trophy/conf/NPWR02333_00/TROP010.PNG), fd: 0x21
[12:58:01.839] |T| [write_file]: install_trophy_context: Writing to fd: 0x21, size: 70354
[12:58:01.839] |T| [close_file]: install_trophy_context: Closing file fd: 0x21
[12:58:01.842] |T| [open_file]: install_trophy_context: Opening file ux0:/user/00/trophy/conf/NPWR02333_00/TROP011.PNG (ux0:/user/00/trophy/conf/NPWR02333_00/TROP011.PNG), fd: 0x22
[12:58:01.843] |T| [write_file]: install_trophy_context: Writing to fd: 0x22, size: 67470
[12:58:01.843] |T| [close_file]: install_trophy_context: Closing file fd: 0x22
[12:58:01.846] |T| [open_file]: install_trophy_context: Opening file ux0:/user/00/trophy/conf/NPWR02333_00/TROP012.PNG (ux0:/user/00/trophy/conf/NPWR02333_00/TROP012.PNG), fd: 0x23
[12:58:01.846] |T| [write_file]: install_trophy_context: Writing to fd: 0x23, size: 67694
[12:58:01.846] |T| [close_file]: install_trophy_context: Closing file fd: 0x23
[12:58:01.850] |T| [open_file]: install_trophy_context: Opening file ux0:/user/00/trophy/conf/NPWR02333_00/TROP013.PNG (ux0:/user/00/trophy/conf/NPWR02333_00/TROP013.PNG), fd: 0x24
[12:58:01.850] |T| [write_file]: install_trophy_context: Writing to fd: 0x24, size: 68802
[12:58:01.850] |T| [close_file]: install_trophy_context: Closing file fd: 0x24
[12:58:01.853] |T| [open_file]: install_trophy_context: Opening file ux0:/user/00/trophy/conf/NPWR02333_00/TROP014.PNG (ux0:/user/00/trophy/conf/NPWR02333_00/TROP014.PNG), fd: 0x25
[12:58:01.854] |T| [write_file]: install_trophy_context: Writing to fd: 0x25, size: 67325
[12:58:01.854] |T| [close_file]: install_trophy_context: Closing file fd: 0x25
[12:58:01.857] |T| [open_file]: install_trophy_context: Opening file ux0:/user/00/trophy/conf/NPWR02333_00/TROP015.PNG (ux0:/user/00/trophy/conf/NPWR02333_00/TROP015.PNG), fd: 0x26
[12:58:01.857] |T| [write_file]: install_trophy_context: Writing to fd: 0x26, size: 41390
[12:58:01.858] |T| [close_file]: install_trophy_context: Closing file fd: 0x26
[12:58:01.861] |T| [open_file]: install_trophy_context: Opening file ux0:/user/00/trophy/conf/NPWR02333_00/TROP016.PNG (ux0:/user/00/trophy/conf/NPWR02333_00/TROP016.PNG), fd: 0x27
[12:58:01.862] |T| [write_file]: install_trophy_context: Writing to fd: 0x27, size: 33636
[12:58:01.862] |T| [close_file]: install_trophy_context: Closing file fd: 0x27
[12:58:01.866] |T| [open_file]: install_trophy_context: Opening file ux0:/user/00/trophy/conf/NPWR02333_00/TROP017.PNG (ux0:/user/00/trophy/conf/NPWR02333_00/TROP017.PNG), fd: 0x28
[12:58:01.866] |T| [write_file]: install_trophy_context: Writing to fd: 0x28, size: 67763
[12:58:01.866] |T| [close_file]: install_trophy_context: Closing file fd: 0x28
[12:58:01.869] |T| [open_file]: install_trophy_context: Opening file ux0:/user/00/trophy/conf/NPWR02333_00/TROP018.PNG (ux0:/user/00/trophy/conf/NPWR02333_00/TROP018.PNG), fd: 0x29
[12:58:01.870] |T| [write_file]: install_trophy_context: Writing to fd: 0x29, size: 67309
[12:58:01.870] |T| [close_file]: install_trophy_context: Closing file fd: 0x29
[12:58:01.873] |T| [open_file]: install_trophy_context: Opening file ux0:/user/00/trophy/conf/NPWR02333_00/TROP019.PNG (ux0:/user/00/trophy/conf/NPWR02333_00/TROP019.PNG), fd: 0x2A
[12:58:01.874] |T| [write_file]: install_trophy_context: Writing to fd: 0x2A, size: 38962
[12:58:01.874] |T| [close_file]: install_trophy_context: Closing file fd: 0x2A
[12:58:01.877] |T| [open_file]: install_trophy_context: Opening file ux0:/user/00/trophy/conf/NPWR02333_00/TROP020.PNG (ux0:/user/00/trophy/conf/NPWR02333_00/TROP020.PNG), fd: 0x2B
[12:58:01.878] |T| [write_file]: install_trophy_context: Writing to fd: 0x2B, size: 35948
[12:58:01.878] |T| [close_file]: install_trophy_context: Closing file fd: 0x2B
[12:58:01.881] |T| [open_file]: install_trophy_context: Opening file ux0:/user/00/trophy/conf/NPWR02333_00/TROP021.PNG (ux0:/user/00/trophy/conf/NPWR02333_00/TROP021.PNG), fd: 0x2C
[12:58:01.881] |T| [write_file]: install_trophy_context: Writing to fd: 0x2C, size: 61594
[12:58:01.881] |T| [close_file]: install_trophy_context: Closing file fd: 0x2C
[12:58:01.884] |T| [open_file]: install_trophy_context: Opening file ux0:/user/00/trophy/conf/NPWR02333_00/TROP022.PNG (ux0:/user/00/trophy/conf/NPWR02333_00/TROP022.PNG), fd: 0x2D
[12:58:01.885] |T| [write_file]: install_trophy_context: Writing to fd: 0x2D, size: 66614
[12:58:01.885] |T| [close_file]: install_trophy_context: Closing file fd: 0x2D
[12:58:01.888] |T| [open_file]: install_trophy_context: Opening file ux0:/user/00/trophy/conf/NPWR02333_00/TROP023.PNG (ux0:/user/00/trophy/conf/NPWR02333_00/TROP023.PNG), fd: 0x2E
[12:58:01.889] |T| [write_file]: install_trophy_context: Writing to fd: 0x2E, size: 64224
[12:58:01.889] |T| [close_file]: install_trophy_context: Closing file fd: 0x2E
[12:58:01.892] |T| [open_file]: install_trophy_context: Opening file ux0:/user/00/trophy/conf/NPWR02333_00/TROP024.PNG (ux0:/user/00/trophy/conf/NPWR02333_00/TROP024.PNG), fd: 0x2F
[12:58:01.893] |T| [write_file]: install_trophy_context: Writing to fd: 0x2F, size: 36477
[12:58:01.893] |T| [close_file]: install_trophy_context: Closing file fd: 0x2F
[12:58:01.896] |T| [open_file]: install_trophy_context: Opening file ux0:/user/00/trophy/conf/NPWR02333_00/TROP025.PNG (ux0:/user/00/trophy/conf/NPWR02333_00/TROP025.PNG), fd: 0x30
[12:58:01.897] |T| [write_file]: install_trophy_context: Writing to fd: 0x30, size: 57826
[12:58:01.897] |T| [close_file]: install_trophy_context: Closing file fd: 0x30
[12:58:01.901] |T| [open_file]: install_trophy_context: Opening file ux0:/user/00/trophy/conf/NPWR02333_00/TROP026.PNG (ux0:/user/00/trophy/conf/NPWR02333_00/TROP026.PNG), fd: 0x31
[12:58:01.901] |T| [write_file]: install_trophy_context: Writing to fd: 0x31, size: 62530
[12:58:01.901] |T| [close_file]: install_trophy_context: Closing file fd: 0x31
[12:58:01.904] |T| [open_file]: install_trophy_context: Opening file ux0:/user/00/trophy/conf/NPWR02333_00/TROP027.PNG (ux0:/user/00/trophy/conf/NPWR02333_00/TROP027.PNG), fd: 0x32
[12:58:01.905] |T| [write_file]: install_trophy_context: Writing to fd: 0x32, size: 49318
[12:58:01.905] |T| [close_file]: install_trophy_context: Closing file fd: 0x32
[12:58:01.909] |T| [open_file]: install_trophy_context: Opening file ux0:/user/00/trophy/conf/NPWR02333_00/TROP028.PNG (ux0:/user/00/trophy/conf/NPWR02333_00/TROP028.PNG), fd: 0x33
[12:58:01.909] |T| [write_file]: install_trophy_context: Writing to fd: 0x33, size: 49227
[12:58:01.910] |T| [close_file]: install_trophy_context: Closing file fd: 0x33
[12:58:01.913] |T| [open_file]: install_trophy_context: Opening file ux0:/user/00/trophy/conf/NPWR02333_00/TROP029.PNG (ux0:/user/00/trophy/conf/NPWR02333_00/TROP029.PNG), fd: 0x34
[12:58:01.913] |T| [write_file]: install_trophy_context: Writing to fd: 0x34, size: 46843
[12:58:01.913] |T| [close_file]: install_trophy_context: Closing file fd: 0x34
[12:58:01.916] |T| [open_file]: install_trophy_context: Opening file ux0:/user/00/trophy/conf/NPWR02333_00/TROP030.PNG (ux0:/user/00/trophy/conf/NPWR02333_00/TROP030.PNG), fd: 0x35
[12:58:01.917] |T| [write_file]: install_trophy_context: Writing to fd: 0x35, size: 48731
[12:58:01.917] |T| [close_file]: install_trophy_context: Closing file fd: 0x35
[12:58:01.920] |T| [close_file]: create_trophy_context: Closing file fd: 0x6
[12:58:01.920] |T| [export_sceNpTrophyCreateContext]: Trophy context for NPWR02333_00 create successfuly!
[12:58:01.920] |W| [stubbed_impl]: Stubbed sceNpTrophyCreateHandle import called. (Stubbed handle with 1)
[12:58:02.006] |W| [unimplemented_impl]: Unimplemented sceNpBasicRegisterHandler import called.
[12:58:02.007] |W| [unimplemented_impl]: Unimplemented sceNpLookupInit import called.
[12:58:02.008] |W| [unimplemented_impl]: Unimplemented sceNpLookupCreateTitleCtx import called.
[12:58:02.008] |W| [unimplemented_impl]: Unimplemented sceNpLookupCreateRequest import called.
[12:58:02.009] |W| [unimplemented_impl]: Unimplemented sceNpLookupUserProfileAsync import called.
[12:58:02.017] |I| [load_module]: Loading module ID: 0x4
[12:58:02.022] |I| [load_self]: sys/external/libhttp.suprx: Skipping special segment 0x6FFFFF01...
[12:58:02.023] |I| [load_self]: Loaded module segment 0 @ [0x16086000 - 0x160A3150 / 0x81000000] (size: 0x0001D150) of module sys/external/libhttp.suprx
[12:58:02.023] |I| [load_self]: Loaded module segment 1 @ [0x073B1000 - 0x073B1640 / 0x8101E000] (size: 0x00000640) of module sys/external/libhttp.suprx
[12:58:02.024] |I| [load_self]: Linking SELF sys/external/libhttp.suprx...
[12:58:02.024] |D| [load_var_exports]: 	NID 0x936C8A78 (SYSLYB) at 0x160A1E68
[12:58:02.024] |D| [load_var_exports]: 	NID 0x6C2224BA (NID_MODULE_INFO) at 0x1609ECA0
[12:58:02.024] |I| [load_module]: Module SceLibHttp (at "sys/external/libhttp.suprx") loaded
[12:58:02.024] |D| [load_module]: Running module_start of module: SceLibHttp
[12:58:02.024] |I| [load_module]: Module SceLibHttp (at "sys/external/libhttp.suprx") module_start returned 0x0
[12:58:02.036] |I| [load_self]: Loaded module segment 0 @ [0x160EA000 - 0x16150EA4 / 0x81000000] (size: 0x00066EA4) of module sys/external/libssl.suprx
[12:58:02.036] |I| [load_self]: Loaded module segment 1 @ [0x160A4000 - 0x160A9188 / 0x81067000] (size: 0x00005188) of module sys/external/libssl.suprx
[12:58:02.037] |I| [load_self]: Linking SELF sys/external/libssl.suprx...
[12:58:02.037] |D| [load_var_exports]: 	NID 0x936C8A78 (SYSLYB) at 0x1613C9B0
[12:58:02.037] |D| [load_var_exports]: 	NID 0x6C2224BA (NID_MODULE_INFO) at 0x16136C70
[12:58:02.038] |I| [load_module]: Module SceLibSsl (at "sys/external/libssl.suprx") loaded
[12:58:02.038] |E| [logging::ret_error_impl]: sceNetInit returned SCE_NET_ERROR_EBUSY (0x80410110)
[12:58:02.038] |T| [log_import_call]: [LLE] TID: 7   FUNC: 0x3C733316 sceSslInit at 0x813EFFC8
[12:58:02.041] |T| [log_import_call]: [LLE] TID: 7   FUNC: 0x214926D9 sceHttpInit at 0x813EFFD8
[12:58:02.088] |T| [write_file]: *** TTY: Added 115 canvas buttons
[12:58:02.331] |I| [renderer::vulkan::PipelineCache::retrieve_shader]: Generating vulkan spv shader 5c2bcfba70ce99416dd95ee01aa9f22dbeb0c0e056b2da07fa7d45dbefa145fb
[12:58:02.331] |I| [renderer::load_shader_generic]: Generating vert.spv.txt shader 5c2bcfba70ce99416dd95ee01aa9f22dbeb0c0e056b2da07fa7d45dbefa145fb
[12:58:02.332] |D| [shader::create_parameters]: [BUFFER0  + 0] pa0 = (float4) position
[12:58:02.332] |D| [shader::create_parameters]: [BUFFER0  + 4] pa4 = (float4) texCoord
[12:58:02.333] |D| [shader::create_parameters]: [BUFFER0  + 8] pa8 = (float4) texCoord2
[12:58:02.333] |D| [shader::create_parameters]: [BUFFER0  + 12] pa12 = (float4) offsetIndices
[12:58:02.333] |D| [shader::create_parameters]: [DEFAULT  + 0] sa0 = (float4) worldViewProj[4]
[12:58:02.333] |D| [shader::create_parameters]: [DEFAULT  + 22] sa22 = (float2) sampleOffsets[36]
[12:58:02.333] |D| [shader::create_parameters]: [DEFAULT  + 16] sa16 = (float2) texCoord2offset
[12:58:02.333] |D| [shader::create_parameters]: [DEFAULT  + 18] sa18 = (float3) posOffset
[12:58:02.333] |T| [shader::usse::USSERecompiler::compile_code_node]: Compiling code_0, size = 2
[12:58:02.334] |T| [shader::usse::USSERecompiler::compile_code_node]: Compiling code_0, size = 88
[12:58:02.380] |I| [renderer::vulkan::PipelineCache::retrieve_shader]: Generating vulkan spv shader c975f1efb90bab998fc26290d73db1238e342095c79e117233788d79c751fd6a
[12:58:02.382] |I| [renderer::load_shader_generic]: Generating frag.spv.txt shader c975f1efb90bab998fc26290d73db1238e342095c79e117233788d79c751fd6a
[12:58:02.383] |D| [shader::create_fragment_inputs]: Iterator: pa0 = (half4) v_Color0
[12:58:02.383] |T| [shader::create_fragment_inputs]: pa2 = tex2D<half4>(tex, TEXCOORD0.xy)
[12:58:02.383] |T| [shader::usse::USSERecompiler::compile_code_node]: Compiling code_0, size = 7
[12:58:03.119] |I| [renderer::vulkan::PipelineCache::retrieve_shader]: Generating vulkan spv shader e920405dd733ddaa0549251e1d5b7efa755b76ad958250a35fd13a9f216c7764
[12:58:03.120] |I| [renderer::load_shader_generic]: Generating frag.spv.txt shader e920405dd733ddaa0549251e1d5b7efa755b76ad958250a35fd13a9f216c7764
[12:58:03.122] |D| [shader::create_parameters]: [DEFAULT  + 0] sa0 = (half4) bloomFactor
[12:58:03.122] |D| [shader::create_parameters]: [DEFAULT  + 2] sa2 = (half1) accumFactor
[12:58:03.122] |D| [shader::create_parameters]: [DEFAULT  + 4] sa4 = (half3) screenTintColour
[12:58:03.122] |T| [shader::create_fragment_inputs]: pa0 = tex2D<half4>(mainTex, TEXCOORD0.xy)
[12:58:03.122] |T| [shader::create_fragment_inputs]: pa2 = tex2D<half4>(bloomTex, TEXCOORD1.xy)
[12:58:03.122] |T| [shader::usse::USSERecompiler::compile_code_node]: Compiling code_0, size = 1
[12:58:03.123] |T| [shader::usse::USSERecompiler::compile_code_node]: Compiling code_0, size = 11
[12:58:03.238] |E| [logging::ret_error_impl]: sceKernelTryLockLwMutex returned SCE_KERNEL_ERROR_LW_MUTEX_FAILED_TO_OWN (0x80028185)
[12:58:07.057] |I| [load_module]: Loading module ID: 0x2D
[12:58:07.060] |I| [load_self]: sys/external/libscemp4.suprx: Skipping special segment 0x6FFFFF01...
[12:58:07.061] |I| [load_self]: Loaded module segment 0 @ [0x160AA000 - 0x160B9D20 / 0x81000000] (size: 0x0000FD20) of module sys/external/libscemp4.suprx
[12:58:07.061] |I| [load_self]: Loaded module segment 1 @ [0x073B3000 - 0x073B3028 / 0x81010000] (size: 0x00000028) of module sys/external/libscemp4.suprx
[12:58:07.061] |I| [load_self]: Linking SELF sys/external/libscemp4.suprx...
[12:58:07.061] |D| [load_var_exports]: 	NID 0x936C8A78 (SYSLYB) at 0x160B99D0
[12:58:07.062] |D| [load_var_exports]: 	NID 0x6C2224BA (NID_MODULE_INFO) at 0x160B88C4
[12:58:07.062] |I| [load_module]: Module SceMp4 (at "sys/external/libscemp4.suprx") loaded
[12:58:07.064] |T| [log_import_call]: [LLE] TID: 7   FUNC: 0x5474AF0 sceMp4OpenFile at 0x813F10E8
[12:58:07.090] |T| [log_import_call]: [LLE] TID: 253 FUNC: 0x30E49E4D sceMp4StartFileStreaming at 0x813F1108
[12:58:07.298] |T| [log_import_call]: [LLE] TID: 253 FUNC: 0x8BE0E3D3 sceMp4GetStreamInfo at 0x813F1178
[12:58:07.326] |W| [stubbed_impl]: Stubbed sceAudiodecGetContextSize import called. (fake size)
[12:58:07.329] |W| [stubbed_impl]: Stubbed sceCodecEngineAllocMemoryFromUnmapMemBlock import called. (fake vaddr)
[12:58:07.331] |T| [log_import_call]: [LLE] TID: 253 FUNC: 0x609E57AD sceMp4EnableStream at 0x813F1148
[12:58:07.337] |W| [stubbed_impl]: Stubbed sceVideodecQueryMemSize import called. (fake size)
[12:58:07.367] |T| [log_import_call]: [LLE] TID: 253 FUNC: 0x20A01112 sceMp4GetNextUnit at 0x813F10F8
[12:58:07.378] |T| [log_import_call]: [LLE] TID: 253 FUNC: 0xD092A066 sceMp4GetNextUnitData at 0x813F11E8
[12:58:07.385] |W| [H264DecoderState::receive]: Error receiving H264 frame: Requires Another Call (AVERROR(EAGAIN)).
[12:58:10.018] |W| [stubbed_impl]: Stubbed sceCodecEngineFreeMemoryFromUnmapMemBlock import called. (always return success)
[12:58:10.020] |W| [unimplemented_impl]: Unimplemented sceKernelCloseMutex import called.
[12:58:10.024] |T| [log_import_call]: [LLE] TID: 7   FUNC: 0x920623C8 sceMp4CloseFile at 0x813F1188
[12:58:10.035] |T| [log_import_call]: [LLE] TID: 7   FUNC: 0x7B4832FE sceMp4ReleaseBuffer at 0x813F1168
[12:58:10.039] |W| [unimplemented_impl]: Unimplemented sceSysmoduleUnloadModule import called.
[12:58:10.045] |E| [open_file]: Missing file at D:/WORKSPACE/EMULATORS/PSVITA/Vita3K/ux0/user/00/savedata/PCSA00015/SlotParam_0.bin (target path: savedata0:/SlotParam_0.bin)
[12:58:10.046] |W| [io_error_impl]: open_file (sceAppUtilSaveDataSlotGetParam) returned 0x80010002
[12:58:10.046] |E| [logging::ret_error_impl]: sceAppUtilSaveDataSlotGetParam returned SCE_APPUTIL_ERROR_SAVEDATA_SLOT_NOT_FOUND (0x80100641)
[12:58:10.048] |T| [export_sceNgsPatchCreateRouting]: Patching 0x13FC5F0:0:0 to 0x13E8370:0
[12:58:10.053] |T| [export_sceNgsPatchCreateRouting]: Patching 0x13FC270:0:0 to 0x13E8370:0
[12:58:10.059] |I| [ngs::player::Module::process]: The currently running game requests playback rate scaling when decoding audio. Audio might crackle.
[12:58:10.062] |T| [export_sceNgsPatchCreateRouting]: Patching 0x13FBEF0:0:0 to 0x13E8370:0
[12:58:10.062] |T| [export_sceNgsPatchCreateRouting]: Patching 0x13FBB70:0:0 to 0x13E8370:0
[12:58:10.075] |T| [export_sceNgsPatchCreateRouting]: Patching 0x13FB7F0:0:0 to 0x13E8370:0
[12:58:10.076] |T| [export_sceNgsPatchCreateRouting]: Patching 0x13FB470:0:0 to 0x13E8370:0
[12:58:10.098] |E| [open_file]: Missing file at D:/WORKSPACE/EMULATORS/PSVITA/Vita3K/ux0/user/00/savedata/PCSA00015/SlotParam_0.bin (target path: savedata0:/SlotParam_0.bin)
[12:58:10.099] |W| [io_error_impl]: open_file (sceAppUtilSaveDataSlotGetParam) returned 0x80010002
[12:58:10.101] |T| [open_file]: sceAppUtilSaveDataSlotCreate: Opening file savedata0:/SlotParam_0.bin (ux0:/user/00/savedata/PCSA00015/SlotParam_0.bin), fd: 0x36
[12:58:10.102] |T| [write_file]: sceAppUtilSaveDataSlotCreate: Writing to fd: 0x36, size: 844
[12:58:10.102] |T| [close_file]: sceAppUtilSaveDataSlotCreate: Closing file fd: 0x36
[12:58:10.104] |T| [open_file]: sceAppUtilSaveDataDataSave: Opening file savedata0:/-AUTO-/DATA.BIN (ux0:/user/00/savedata/PCSA00015/-AUTO-/DATA.BIN), fd: 0x37
[12:58:10.104] |T| [write_file]: sceAppUtilSaveDataDataSave: Writing to fd: 0x37, size: 21178
[12:58:10.105] |T| [close_file]: sceAppUtilSaveDataDataSave: Closing file fd: 0x37
[12:58:10.111] |T| [open_file]: sceAppUtilSaveDataDataSave: Opening file savedata0:/SlotParam_0.bin (ux0:/user/00/savedata/PCSA00015/SlotParam_0.bin), fd: 0x38
[12:58:10.112] |T| [write_file]: sceAppUtilSaveDataDataSave: Writing to fd: 0x38, size: 844
[12:58:10.112] |T| [close_file]: sceAppUtilSaveDataDataSave: Closing file fd: 0x38
[12:58:10.138] |T| [open_file]: sceAppUtilSaveDataSlotGetParam: Opening file savedata0:/SlotParam_0.bin (ux0:/user/00/savedata/PCSA00015/SlotParam_0.bin), fd: 0x39
[12:58:10.139] |T| [close_file]: sceAppUtilSaveDataSlotGetParam: Closing file fd: 0x39
[12:58:10.140] |I| [export_sceIoOpen]: Opening file: savedata0:/-AUTO-/DATA.BIN
[12:58:10.140] |T| [open_file]: sceIoOpen: Opening file savedata0:/-AUTO-/DATA.BIN (ux0:/user/00/savedata/PCSA00015/-AUTO-/DATA.BIN), fd: 0x3A
[12:58:10.140] |T| [close_file]: sceIoClose: Closing file fd: 0x3A
[12:58:13.145] |T| [export_sceNgsPatchCreateRouting]: Patching 0x1418E44:0:0 to 0x13E8370:0
[12:58:14.382] |I| [renderer::vulkan::PipelineCache::retrieve_shader]: Generating vulkan spv shader 827f774a840f4d5665323e72abc39eb7c81926cbe9abd361f9d7c94c3ee8c245
[12:58:14.383] |I| [renderer::load_shader_generic]: Generating frag.spv.txt shader 827f774a840f4d5665323e72abc39eb7c81926cbe9abd361f9d7c94c3ee8c245
[12:58:14.384] |T| [shader::create_fragment_inputs]: pa0 = tex2D<half4>(tex, TEXCOORD0.xy)
[12:58:14.384] |T| [shader::create_fragment_inputs]: pa2 = tex2D<half4>(tex, TEXCOORD1.xy)
[12:58:14.384] |T| [shader::create_fragment_inputs]: pa4 = tex2D<half4>(tex, TEXCOORD2.xy)
[12:58:14.384] |T| [shader::create_fragment_inputs]: pa6 = tex2D<half4>(tex, TEXCOORD3.xy)
[12:58:14.384] |T| [shader::usse::USSERecompiler::compile_code_node]: Compiling code_0, size = 7
[12:58:15.223] |T| [log_import_call]: [LLE] TID: 7   FUNC: 0x74724147 sceSystemGestureGetTouchEventByIndex at 0x813F08B8
[12:58:15.278] |T| [open_file]: sceAppUtilSaveDataSlotGetParam: Opening file savedata0:/SlotParam_0.bin (ux0:/user/00/savedata/PCSA00015/SlotParam_0.bin), fd: 0x3B
[12:58:15.278] |T| [close_file]: sceAppUtilSaveDataSlotGetParam: Closing file fd: 0x3B
[12:58:15.279] |T| [open_file]: sceAppUtilSaveDataDataSave: Opening file savedata0:/-AUTO-/DATA.BIN (ux0:/user/00/savedata/PCSA00015/-AUTO-/DATA.BIN), fd: 0x3C
[12:58:15.279] |T| [write_file]: sceAppUtilSaveDataDataSave: Writing to fd: 0x3C, size: 21933
[12:58:15.279] |T| [close_file]: sceAppUtilSaveDataDataSave: Closing file fd: 0x3C
[12:58:15.283] |T| [open_file]: sceAppUtilSaveDataDataSave: Opening file savedata0:/SlotParam_0.bin (ux0:/user/00/savedata/PCSA00015/SlotParam_0.bin), fd: 0x3D
[12:58:15.284] |T| [write_file]: sceAppUtilSaveDataDataSave: Writing to fd: 0x3D, size: 844
[12:58:15.284] |T| [close_file]: sceAppUtilSaveDataDataSave: Closing file fd: 0x3D
[12:58:15.288] |T| [open_dir]: _sceIoDopen: Opening dir savedata0:/-AUTO- (ux0:/user/00/savedata/PCSA00015/-AUTO-), fd: 0x3E
[12:58:15.289] |T| [read_dir]: _sceIoDread: Reading entry savedata0:/-AUTO-/DATA.BIN of fd: 0x3E
[12:58:15.290] |T| [close_dir]: sceIoDclose: Closing dir fd: 0x3E
[12:58:15.290] |T| [open_file]: sceAppUtilSaveDataSlotGetParam: Opening file savedata0:/SlotParam_0.bin (ux0:/user/00/savedata/PCSA00015/SlotParam_0.bin), fd: 0x3F
[12:58:15.291] |T| [close_file]: sceAppUtilSaveDataSlotGetParam: Closing file fd: 0x3F
[12:58:15.291] |T| [open_file]: sceAppUtilSaveDataSlotSetParam: Opening file savedata0:/SlotParam_0.bin (ux0:/user/00/savedata/PCSA00015/SlotParam_0.bin), fd: 0x40
[12:58:15.291] |T| [write_file]: sceAppUtilSaveDataSlotSetParam: Writing to fd: 0x40, size: 844
[12:58:15.291] |T| [close_file]: sceAppUtilSaveDataSlotSetParam: Closing file fd: 0x40
[12:58:33.930] |W| [unimplemented_impl]: Unimplemented sceCameraOpen import called.
[12:58:33.930] |W| [unimplemented_impl]: Unimplemented sceJpegEncoderGetContextSize import called.
[12:58:33.930] |W| [unimplemented_impl]: Unimplemented sceJpegEncoderInit import called.
[12:58:35.280] |W| [unimplemented_impl]: Unimplemented sceCameraStart import called.
[12:58:35.584] |T| [export_sceNgsPatchCreateRouting]: Patching 0x13EC0F0:0:0 to 0x13E8370:0
[12:58:35.584] |T| [export_sceNgsPatchCreateRouting]: Patching 0x13EBD70:0:0 to 0x13E8370:0
[12:58:35.771] |W| [H264DecoderState::receive]: Error receiving H264 frame: Requires Another Call (AVERROR(EAGAIN)).
[12:58:35.929] |W| [stubbed_impl]: Stubbed sceGxmSetVisibilityBuffer import called. (Set all visible)
[12:58:35.950] |I| [renderer::vulkan::PipelineCache::retrieve_shader]: Generating vulkan spv shader 7713351dc54c4ddc200a6eccd9e412ea9b86dc064907e29945c377207163adff
[12:58:35.950] |I| [renderer::load_shader_generic]: Generating vert.spv.txt shader 7713351dc54c4ddc200a6eccd9e412ea9b86dc064907e29945c377207163adff
[12:58:35.953] |D| [shader::create_parameters]: [BUFFER0  + 0] pa0 = (float4) pos
[12:58:35.953] |D| [shader::create_parameters]: [BUFFER0  + 4] pa4 = (float4) uv
[12:58:35.953] |T| [shader::usse::USSERecompiler::compile_code_node]: Compiling code_0, size = 3
[12:58:35.959] |I| [renderer::vulkan::PipelineCache::retrieve_shader]: Generating vulkan spv shader c2781188cd194f9f03a5ee3305b32f826b718225ff3917b1c66ad28e4f6202d2
[12:58:35.960] |I| [renderer::load_shader_generic]: Generating frag.spv.txt shader c2781188cd194f9f03a5ee3305b32f826b718225ff3917b1c66ad28e4f6202d2
[12:58:35.973] |D| [shader::create_parameters]: [DEFAULT  + 0] sa0 = (float4) blendweights
[12:58:35.974] |T| [shader::create_fragment_inputs]: pa0 = tex2D<half4>(tex1, TEXCOORD0.xy)
[12:58:35.974] |T| [shader::create_fragment_inputs]: pa2 = tex2D<half4>(tex0, TEXCOORD0.xy)
[12:58:35.974] |T| [shader::create_fragment_inputs]: pa4 = tex2D<half4>(tex2, TEXCOORD0.xy)
[12:58:35.975] |T| [shader::create_fragment_inputs]: pa6 = tex2D<half4>(tex3, TEXCOORD0.xy)
[12:58:35.975] |T| [shader::usse::USSERecompiler::compile_code_node]: Compiling code_0, size = 1
[12:58:35.975] |T| [shader::usse::USSERecompiler::compile_code_node]: Compiling code_0, size = 6
[12:58:36.032] |W| [unimplemented_impl]: Unimplemented sceGxmSetFrontVisibilityTestEnable import called.
[12:58:36.033] |W| [unimplemented_impl]: Unimplemented sceGxmSetFrontVisibilityTestOp import called.
[12:58:36.034] |W| [unimplemented_impl]: Unimplemented sceGxmSetFrontVisibilityTestIndex import called.
[12:58:36.148] |I| [renderer::vulkan::PipelineCache::retrieve_shader]: Generating vulkan spv shader db5f4fc5de1735240645e1917d73567a281023bd3c95ecf74488332cd50977d7
[12:58:36.149] |I| [renderer::load_shader_generic]: Generating vert.spv.txt shader db5f4fc5de1735240645e1917d73567a281023bd3c95ecf74488332cd50977d7
[12:58:36.150] |D| [shader::create_parameters]: [BUFFER0  + 0] pa0 = (float4) position
[12:58:36.150] |D| [shader::create_parameters]: [BUFFER0  + 4] pa4 = (float4) Uv1
[12:58:36.150] |D| [shader::create_parameters]: [DEFAULT  + 0] sa0 = (float4) world[4]
[12:58:36.150] |D| [shader::create_parameters]: [DEFAULT  + 16] sa16 = (float4) viewProj[4]
[12:58:36.151] |T| [shader::usse::USSERecompiler::compile_code_node]: Compiling code_0, size = 13
[12:58:36.160] |I| [renderer::vulkan::PipelineCache::retrieve_shader]: Generating vulkan spv shader 849f3301981e2c2ba4c37982884057a06d99743b77a3d2cc4da7ac24839e1f17
[12:58:36.161] |I| [renderer::load_shader_generic]: Generating frag.spv.txt shader 849f3301981e2c2ba4c37982884057a06d99743b77a3d2cc4da7ac24839e1f17
[12:58:36.165] |D| [shader::create_parameters]: [DEFAULT  + 0] sa0 = (half1) SkyBrightness
[12:58:36.165] |T| [shader::create_fragment_inputs]: pa0 = tex2D<half4>(Texture1, TEXCOORD0.xy)
[12:58:36.166] |T| [shader::usse::USSERecompiler::compile_code_node]: Compiling code_0, size = 4
[12:58:36.212] |I| [renderer::vulkan::PipelineCache::retrieve_shader]: Generating vulkan spv shader 57cb3051397b2c239a2752e0cea13b6258f5a0f8064f22062ae4394deca0a87c
[12:58:36.213] |I| [renderer::load_shader_generic]: Generating vert.spv.txt shader 57cb3051397b2c239a2752e0cea13b6258f5a0f8064f22062ae4394deca0a87c
[12:58:36.214] |D| [shader::create_parameters]: [BUFFER0  + 0] pa0 = (float4) IN_position
[12:58:36.214] |D| [shader::create_parameters]: [BUFFER0  + 4] pa4 = (float4) IN_colour
[12:58:36.215] |D| [shader::create_parameters]: [BUFFER0  + 8] pa8 = (float4) IN_texCoord
[12:58:36.215] |D| [shader::create_parameters]: [BUFFER0  + 12] pa12 = (float4) IN_splitOffset
[12:58:36.215] |T| [shader::usse::USSERecompiler::compile_code_node]: Compiling code_0, size = 8
[12:58:36.221] |I| [renderer::vulkan::PipelineCache::retrieve_shader]: Generating vulkan spv shader d9a0e174e8f55cc18692e404f222bdb9a6f9db8611f8e5b37a670a59359f65ad
[12:58:36.221] |I| [renderer::load_shader_generic]: Generating frag.spv.txt shader d9a0e174e8f55cc18692e404f222bdb9a6f9db8611f8e5b37a670a59359f65ad
[12:58:36.222] |D| [shader::create_fragment_inputs]: Iterator: pa0 = (half4) v_Color0
[12:58:36.223] |T| [shader::create_fragment_inputs]: pa2 = tex2D<half4>(tex, TEXCOORD0.xy)
[12:58:36.223] |T| [shader::create_fragment_inputs]: pa4 = tex2D<half4>(tex, TEXCOORD1.xy)
[12:58:36.223] |T| [shader::create_fragment_inputs]: pa6 = tex2D<half4>(tex, TEXCOORD2.xy)
[12:58:36.223] |T| [shader::usse::USSERecompiler::compile_code_node]: Compiling code_0, size = 5
[12:58:36.259] |I| [renderer::vulkan::PipelineCache::retrieve_shader]: Generating vulkan spv shader bd71f363dfc7b307f9e98b4f0a5556d5bae7c9e9926125d4bd13c3131405f7e3
[12:58:36.260] |I| [renderer::load_shader_generic]: Generating vert.spv.txt shader bd71f363dfc7b307f9e98b4f0a5556d5bae7c9e9926125d4bd13c3131405f7e3
[12:58:36.262] |D| [shader::create_parameters]: [BUFFER0  + 0] pa0 = (float4) position
[12:58:36.262] |D| [shader::create_parameters]: [BUFFER0  + 4] pa4 = (float4) normal
[12:58:36.262] |D| [shader::create_parameters]: [BUFFER0  + 8] pa8 = (float4) uv1
[12:58:36.262] |D| [shader::create_parameters]: [BUFFER0  + 12] pa12 = (float4) NOVAColor
[12:58:36.263] |D| [shader::create_parameters]: [DEFAULT  + 16] sa16 = (float4) quakeOffset
[12:58:36.263] |D| [shader::create_parameters]: [DEFAULT  + 20] sa20 = (float4) quakePointA
[12:58:36.263] |D| [shader::create_parameters]: [DEFAULT  + 24] sa24 = (float4) quakePointB
[12:58:36.263] |D| [shader::create_parameters]: [DEFAULT  + 28] sa28 = (float4) quakeTrackUpNormal
[12:58:36.263] |D| [shader::create_parameters]: [DEFAULT  + 0] sa0 = (float4) viewProj[4]
[12:58:36.263] |D| [shader::create_parameters]: [DEFAULT  + 32] sa32 = (float3) eyePositionWorldSpace
[12:58:36.263] |D| [shader::create_parameters]: [DEFAULT  + 36] sa36 = (half4) fogColour
[12:58:36.263] |D| [shader::create_parameters]: [DEFAULT  + 38] sa38 = (half3) novaScaleBiasPower
[12:58:36.263] |T| [shader::usse::USSERecompiler::compile_code_node]: Compiling code_0, size = 8
[12:58:36.264] |T| [shader::usse::USSERecompiler::compile_code_node]: Compiling code_0, size = 63
[12:58:36.278] |I| [renderer::vulkan::PipelineCache::retrieve_shader]: Generating vulkan spv shader 6137934c98de278c42944afe4c6b98431c8b8ea9a7166f017f5f66b598dec37e
[12:58:36.279] |I| [renderer::load_shader_generic]: Generating frag.spv.txt shader 6137934c98de278c42944afe4c6b98431c8b8ea9a7166f017f5f66b598dec37e
[12:58:36.281] |D| [shader::create_parameters]: [DEFAULT  + 0] sa0 = (half3) liveLighting0diffuse
[12:58:36.281] |D| [shader::create_parameters]: [DEFAULT  + 2] sa2 = (half3) liveLighting0specular
[12:58:36.281] |D| [shader::create_parameters]: [DEFAULT  + 4] sa4 = (half3) liveLighting0direction
[12:58:36.282] |D| [shader::create_parameters]: [DEFAULT  + 6] sa6 = (half4) fogColour
[12:58:36.282] |D| [shader::create_fragment_inputs]: Iterator: pa0 = (half4) v_TexCoord0
[12:58:36.282] |T| [shader::create_fragment_inputs]: pa2 = tex2D<half4>(DiffuseAlphaMap, TEXCOORD2.xy)
[12:58:36.282] |D| [shader::create_fragment_inputs]: Iterator: pa4 = (half4) v_TexCoord1
[12:58:36.282] |D| [shader::create_fragment_inputs]: Iterator: pa6 = (half3) v_TexCoord3
[12:58:36.282] |D| [shader::create_fragment_inputs]: Iterator: pa8 = (half3) v_TexCoord4
[12:58:36.282] |T| [shader::usse::USSERecompiler::compile_code_node]: Compiling code_0, size = 27
[12:58:36.295] |C| [logging::exception_handler]: Exception EXCEPTION_INT_DIVIDE_BY_ZERO (0xC0000094). 
