[00:23:14.380] |I| [config::init_config]: backend-renderer: OpenGL
[00:23:14.381] |I| [config::init_config]: lle-modules: libcdlg_photoimport,libcdlg_remote_osk
[00:23:14.382] |I| [config::init_config]: log-level: 0
[00:23:14.383] |I| [SDL_main]: Vita3K v0.1 1530-a80f8f95
[00:23:14.900] |I| [renderer::gl::create]: Swap interval = -1
[00:23:14.903] |I| [renderer::gl::create]: GPU = GeForce RTX 2070/PCIe/SSE2
[00:23:14.904] |I| [renderer::gl::create]: GL_VERSION = 4.5.0 NVIDIA 451.48
[00:23:14.904] |I| [renderer::gl::create]: GL_SHADING_LANGUAGE_VERSION = 4.50 NVIDIA
[00:23:14.905] |I| [renderer::gl::create]: Your GPU supports shader interlock, some games that use programmable blending will have better performance.
[00:23:14.907] |W| [gui::init_live_area_font]: Could not find firmware font file at "C:/Users/Miguel/AppData/Roaming/Vita3K/Vita3K/sa0/data/font/pvf/jpn0.pvf", using defaut vita3k font.
[00:23:20.562] |I| [load_app_impl]: Title: Without Escape
[00:23:20.563] |I| [load_app_impl]: Serial: PCSE01445
[00:23:20.563] |I| [load_app_impl]: Version: 01.00
[00:23:20.564] |I| [load_app_impl]: Category: gd
[00:23:20.573] |C| [load_self]: Unknown segment type 0x6FFFFF01
[00:23:20.573] |I| [load_self]: Loaded module segment 0 @ [0x00004000 - 0x0005591C / 0x81000000] (size: 0x0005191C) of module app0:sce_module/libc.suprx
[00:23:20.573] |I| [load_self]: Loaded module segment 1 @ [0x00056000 - 0x000588A0 / 0x81052000] (size: 0x000028A0) of module app0:sce_module/libc.suprx
[00:23:20.574] |I| [load_self]: Loading symbols for SELF: app0:sce_module/libc.suprx
[00:23:20.574] |D| [load_var_exports]: 	NID 0x936C8A78 (SYSLYB) at 0x4B38C
[00:23:20.574] |D| [load_var_exports]: 	NID 0x6C2224BA (NID_MODULE_INFO) at 0x40550
[00:23:20.575] |W| [load_var_imports]: 	NID NOT FOUND 0x93B8AA67 (__stack_chk_guard) at 0x446B0, setting to stub value 0xDEADBEEF
[00:23:20.575] |W| [load_var_imports]: 	NID NOT FOUND 0xDF084DFA (UNRECOGNISED) at 0x46244, setting to stub value 0xDEADBEEF
[00:23:20.575] |I| [pre_load_module]: Pre-load module SceLibc (at "sce_module/libc.suprx") loaded
[00:23:20.580] |C| [load_self]: Unknown segment type 0x6FFFFF01
[00:23:20.581] |I| [load_self]: Loaded module segment 0 @ [0x0005B000 - 0x00087CBF / 0x81000000] (size: 0x0002CCBF) of module app0:sce_module/libfios2.suprx
[00:23:20.582] |I| [load_self]: Loaded module segment 1 @ [0x00088000 - 0x0008D255 / 0x8102D000] (size: 0x00005255) of module app0:sce_module/libfios2.suprx
[00:23:20.583] |I| [load_self]: Loading symbols for SELF: app0:sce_module/libfios2.suprx
[00:23:20.583] |D| [load_var_exports]: 	NID 0x936C8A78 (SYSLYB) at 0x87BC8
[00:23:20.583] |D| [load_var_exports]: 	NID 0x6C2224BA (NID_MODULE_INFO) at 0x7EF08
[00:23:20.584] |I| [pre_load_module]: Pre-load module SceLibFios2 (at "sce_module/libfios2.suprx") loaded
[00:23:20.587] |C| [load_self]: Unknown segment type 0x6FFFFF01
[00:23:20.587] |I| [load_self]: Loaded module segment 0 @ [0x0008E000 - 0x000A19BC / 0x81000000] (size: 0x000139BC) of module app0:sce_module/libult.suprx
[00:23:20.588] |I| [load_self]: Loaded module segment 1 @ [0x000A2000 - 0x000A2814 / 0x81014000] (size: 0x00000814) of module app0:sce_module/libult.suprx
[00:23:20.589] |I| [load_self]: Loading symbols for SELF: app0:sce_module/libult.suprx
[00:23:20.589] |D| [load_var_exports]: 	NID 0x936C8A78 (SYSLYB) at 0xA02E8
[00:23:20.589] |D| [load_var_exports]: 	NID 0x6C2224BA (NID_MODULE_INFO) at 0x9D870
[00:23:20.590] |I| [pre_load_module]: Pre-load module SceUlt (at "sce_module/libult.suprx") loaded
[00:23:20.597] |I| [load_self]: Loaded module segment 0 @ [0x000A3000 - 0x000F3F04 / 0x81000000] (size: 0x00050F04) of module vs0:sys/external/libSceFt2.suprx
[00:23:20.598] |I| [load_self]: Loaded module segment 1 @ [0x000F4000 - 0x000F42F4 / 0x81051000] (size: 0x000002F4) of module vs0:sys/external/libSceFt2.suprx
[00:23:20.599] |I| [load_self]: Loading symbols for SELF: vs0:sys/external/libSceFt2.suprx
[00:23:20.599] |D| [load_var_exports]: 	NID 0x936C8A78 (SYSLYB) at 0xDF7DC
[00:23:20.600] |D| [load_var_exports]: 	NID 0x6C2224BA (NID_MODULE_INFO) at 0xDEF10
[00:23:20.600] |I| [pre_load_module]: Pre-load module SceLibft2 (at "sys/external/libSceFt2.suprx") loaded
[00:23:20.602] |I| [load_self]: Loaded module segment 0 @ [0x000F5000 - 0x00104F14 / 0x81000000] (size: 0x0000FF14) of module vs0:sys/external/libpvf.suprx
[00:23:20.603] |I| [load_self]: Loaded module segment 1 @ [0x00105000 - 0x00105008 / 0x81010000] (size: 0x00000008) of module vs0:sys/external/libpvf.suprx
[00:23:20.603] |I| [load_self]: Loading symbols for SELF: vs0:sys/external/libpvf.suprx
[00:23:20.604] |D| [load_var_exports]: 	NID 0x936C8A78 (SYSLYB) at 0x103710
[00:23:20.604] |D| [load_var_exports]: 	NID 0x6C2224BA (NID_MODULE_INFO) at 0x103300
[00:23:20.605] |I| [pre_load_module]: Pre-load module SceLibPvf (at "sys/external/libpvf.suprx") loaded
[00:23:21.188] |C| [load_self]: Unknown segment type 0x6FFFFF01
[00:23:21.189] |I| [load_self]: Loaded module segment 0 @ [0x00106000 - 0x013F012C / 0x81000000] (size: 0x012EA12C) of module app0:eboot.bin
[00:23:21.190] |I| [load_self]: Loaded module segment 1 @ [0x013F1000 - 0x01501064 / 0x822EB000] (size: 0x00110064) of module app0:eboot.bin
[00:23:21.191] |I| [load_self]: Loading symbols for SELF: app0:eboot.bin
[00:23:21.191] |D| [load_var_exports]: 	NID 0x6C2224BA (NID_MODULE_INFO) at 0x11AD9D4
[00:23:21.192] |D| [load_var_exports]: 	NID 0x70FBA1E7 (SCE_PROC_PARAMS) at 0x1407528
[00:23:21.192] |D| [load_var_exports]: 	NID 0x936C8A78 (SYSLYB) at 0x135C080
[00:23:21.192] |W| [load_var_imports]: 	NID NOT FOUND 0x338B0BD1 (UNRECOGNISED) at 0x121AAFC, setting to stub value 0xDEADBEEF
[00:23:21.193] |W| [load_var_imports]: 	NID NOT FOUND 0x3A451B91 (UNRECOGNISED) at 0x121AAE8, setting to stub value 0xDEADBEEF
[00:23:21.193] |W| [load_var_imports]: 	NID NOT FOUND 0x550DFE23 (UNRECOGNISED) at 0x121AB10, setting to stub value 0xDEADBEEF
[00:23:21.194] |W| [load_var_imports]: 	NID NOT FOUND 0x56354517 (UNRECOGNISED) at 0x121AAB0, setting to stub value 0xDEADBEEF
[00:23:21.194] |W| [load_var_imports]: 	NID NOT FOUND 0x5EF67445 (UNRECOGNISED) at 0x121AB74, setting to stub value 0xDEADBEEF
[00:23:21.195] |W| [load_var_imports]: 	NID NOT FOUND 0x6ACA1D57 (UNRECOGNISED) at 0x121AB38, setting to stub value 0xDEADBEEF
[00:23:21.196] |W| [load_var_imports]: 	NID NOT FOUND 0x71A78083 (UNRECOGNISED) at 0x121AAD4, setting to stub value 0xDEADBEEF
[00:23:21.198] |W| [load_var_imports]: 	NID NOT FOUND 0x79F9DB75 (UNRECOGNISED) at 0x121AB24, setting to stub value 0xDEADBEEF
[00:23:21.198] |W| [load_var_imports]: 	NID NOT FOUND 0xAA0340C3 (UNRECOGNISED) at 0x121AB4C, setting to stub value 0xDEADBEEF
[00:23:21.199] |W| [load_var_imports]: 	NID NOT FOUND 0xF9A1DE92 (UNRECOGNISED) at 0x121AB60, setting to stub value 0xDEADBEEF
[00:23:21.201] |I| [load_app_impl]: Main executable UnityPlayer_2017432_M (eboot.bin) loaded
[00:23:21.213] |D| [run_app]: Running module_start of library: SceLibc at address 0x4871
[00:23:21.217] |T| [open_file]: sceKernelGetStdin: Opening terminal tty0:
[00:23:21.217] |T| [open_file]: sceKernelGetStdout: Opening terminal tty0:
[00:23:21.218] |T| [open_file]: sceKernelGetStderr: Opening terminal tty0:
[00:23:21.222] |I| [run_app]: Module SceLibc (at "app0:sce_module/libc.suprx") module_start returned 0x0
[00:23:21.223] |D| [run_app]: Running module_start of library: SceLibFios2 at address 0x5B001
[00:23:21.226] |W| [stubbed_impl]: Stubbed sceKernelGetProcessId import called. (pid: 0)
[00:23:21.226] |W| [unimplemented_impl]: Unimplemented sceFiosOverlayGetList02 import called.
[00:23:21.227] |I| [run_app]: Module SceLibFios2 (at "app0:sce_module/libfios2.suprx") module_start returned 0x0
[00:23:21.228] |D| [run_app]: Running module_start of library: SceUlt at address 0x91771
[00:23:21.231] |W| [unimplemented_impl]: Unimplemented _sceUlobjMgrRegisterLibultProtocolRevision import called.
[00:23:21.231] |I| [run_app]: Module SceUlt (at "app0:sce_module/libult.suprx") module_start returned 0x0
[00:23:21.234] |W| [unimplemented_impl]: Unimplemented sceKernelRegisterThreadEventHandler import called.
[00:23:21.305] |I| [export_sceIoOpen]: Opening file: app0:/Media/boot.config
[00:23:21.306] |T| [open_file]: sceIoOpen: Opening file app0:/Media/boot.config (ux0:/app/PCSE01445/Media/boot.config), fd: 0x3
[00:23:21.308] |T| [seek_file]: sceIoLseek: Seeking fd: 0x3, offset: 0x0, whence: SCE_SEEK_END
[00:23:21.309] |T| [seek_file]: sceIoLseek: Seeking fd: 0x3, offset: 0x0, whence: SCE_SEEK_CUR
[00:23:21.310] |T| [seek_file]: sceIoLseek: Seeking fd: 0x3, offset: 0x0, whence: SCE_SEEK_SET
[00:23:21.311] |T| [seek_file]: sceIoLseek: Seeking fd: 0x3, offset: 0x0, whence: SCE_SEEK_SET
[00:23:21.311] |T| [read_file]: sceIoRead: Reading 27 bytes of fd 0x3
[00:23:21.313] |T| [close_file]: sceIoClose: Closing file fd: 0x3
[00:23:21.317] |W| [stubbed_impl]: Stubbed sceKernelGetFreeMemorySize import called. (Single pool)
[00:23:21.318] |W| [unimplemented_impl]: Unimplemented sceAppUtilInit import called.
[00:23:21.319] |T| [open_file]: sceKernelLoadStartModule: Opening file app0:/Media/Modules/pthread.suprx (ux0:/app/PCSE01445/Media/Modules/pthread.suprx), fd: 0x4
[00:23:21.319] |T| [seek_file]: sceKernelLoadStartModule: Seeking fd: 0x4, offset: 0x0, whence: SCE_SEEK_END
[00:23:21.320] |T| [seek_file]: sceKernelLoadStartModule: Seeking fd: 0x4, offset: 0x0, whence: SCE_SEEK_SET
[00:23:21.320] |T| [read_file]: sceKernelLoadStartModule: Reading 43872 bytes of fd 0x4
[00:23:21.320] |C| [load_self]: Unknown segment type 0x6FFFFF01
[00:23:21.323] |I| [load_self]: Loaded module segment 0 @ [0x01953000 - 0x01959C9C / 0x81000000] (size: 0x00006C9C) of module app0:/Media/Modules/pthread.suprx
[00:23:21.323] |I| [load_self]: Loaded module segment 1 @ [0x0195A000 - 0x0195C178 / 0x81007000] (size: 0x00002178) of module app0:/Media/Modules/pthread.suprx
[00:23:21.324] |I| [load_self]: Loading symbols for SELF: app0:/Media/Modules/pthread.suprx
[00:23:21.324] |D| [load_var_exports]: 	NID 0x6C2224BA (NID_MODULE_INFO) at 0x19587E4
[00:23:21.325] |D| [load_var_exports]: 	NID 0x936C8A78 (SYSLYB) at 0x1959C98
[00:23:21.325] |T| [close_file]: sceKernelLoadStartModule: Closing file fd: 0x4
[00:23:21.327] |I| [export_sceKernelLoadStartModule]: Module PTHREAD_PRX (at "app0:/Media/Modules/pthread.suprx") module_start returned 0x0
[00:23:21.331] |W| [stubbed_impl]: Stubbed sceKernelGetThreadInfo import called. (STUB)
[00:23:21.336] |W| [stubbed_impl]: Stubbed sceKernelChangeThreadPriority import called. (STUB)
[00:23:21.337] |W| [unimplemented_impl]: Unimplemented sceKernelCreateCallback import called.
[00:23:21.338] |W| [unimplemented_impl]: Unimplemented sceKernelCallAbortHandler import called.
[00:23:21.338] |W| [unimplemented_impl]: Unimplemented sceKernelCallModuleExit import called.
[00:23:21.342] |E| [logging::ret_error_impl]: sceKernelLockLwMutex returned SCE_KERNEL_ERROR_UNKNOWN_LW_MUTEX_ID (0x80028181)
[00:23:21.342] |E| [logging::ret_error_impl]: sceKernelUnlockLwMutex returned SCE_KERNEL_ERROR_UNKNOWN_LW_MUTEX_ID (0x80028181)
