[23:50:12.753] |I| [config::init_config]: backend-renderer: Vulkan
[23:50:12.754] |I| [config::init_config]: log-level: 0
[23:50:12.899] |I| [SDL_main]: Vita3K v0.1.6 2889-0bc9ef9e
[23:50:12.899] |I| [SDL_main]: Number of logical CPU cores: 12
[23:50:12.900] |I| [SDL_main]: Available ram memory: 16332 MiB
[23:50:13.034] |I| [renderer::vulkan::VKState::create]: Vulkan device: NVIDIA GeForce RTX 3060 Ti
[23:50:13.034] |I| [renderer::vulkan::VKState::create]: Driver version: 517.48.0.0
[23:50:13.705] |I| [renderer::vulkan::ScreenRenderer::setup]: Present mode: Mailbox
[23:50:20.716] |I| [load_app_impl]: cpu-backend: Dynarmic
[23:50:20.716] |I| [load_app_impl]: CPU Optimisation state: true
[23:50:20.717] |I| [load_app_impl]: ngs state: true
[23:50:20.717] |I| [load_app_impl]: Resolution multiplier: 1
[23:50:20.717] |I| [load_app_impl]: modules mode: Automatic
[23:50:20.717] |I| [load_app_impl]: Title: A-men Demo
[23:50:20.717] |I| [load_app_impl]: Serial: PCSB00154
[23:50:20.717] |I| [load_app_impl]: Version: 1.00
[23:50:20.717] |I| [load_app_impl]: Category: gd
[23:50:20.730] |I| [load_self]: app0:sce_module/libc.suprx: Skipping special segment 0x6FFFFF01...
[23:50:20.730] |I| [load_self]: Loaded module segment 0 @ [0x00004000 - 0x000401CC / 0x81000000] (size: 0x0003C1CC) of module app0:sce_module/libc.suprx
[23:50:20.730] |I| [load_self]: Loaded module segment 1 @ [0x00041000 - 0x0004333C / 0x8103D000] (size: 0x0000233C) of module app0:sce_module/libc.suprx
[23:50:20.730] |I| [load_self]: Linking SELF app0:sce_module/libc.suprx...
[23:50:20.731] |D| [load_var_exports]: 	NID 0x6C2224BA (NID_MODULE_INFO) at 0x31CE4
[23:50:20.731] |W| [load_var_imports]: 	NID NOT FOUND 0xDF084DFA (UNRECOGNISED) at 0x3549C, setting to stub value 0xDEADBEEF
[23:50:20.732] |I| [pre_load_module]: Pre-load module SceLibc (at "sce_module/libc.suprx") loaded
[23:50:20.740] |I| [load_self]: app0:sce_module/libfios2.suprx: Skipping special segment 0x6FFFFF01...
[23:50:20.740] |I| [load_self]: Loaded module segment 0 @ [0x00045000 - 0x00066B7C / 0x81000000] (size: 0x00021B7C) of module app0:sce_module/libfios2.suprx
[23:50:20.740] |I| [load_self]: Loaded module segment 1 @ [0x00067000 - 0x0006C194 / 0x81022000] (size: 0x00005194) of module app0:sce_module/libfios2.suprx
[23:50:20.741] |I| [load_self]: Linking SELF app0:sce_module/libfios2.suprx...
[23:50:20.742] |D| [load_var_exports]: 	NID 0x6C2224BA (NID_MODULE_INFO) at 0x606CC
[23:50:20.743] |I| [pre_load_module]: Pre-load module SceLibFios2 (at "sce_module/libfios2.suprx") loaded
[23:50:20.749] |I| [load_self]: app0:sce_module/libult.suprx: Skipping special segment 0x6FFFFF01...
[23:50:20.749] |I| [load_self]: Loaded module segment 0 @ [0x0006D000 - 0x00080AE4 / 0x81000000] (size: 0x00013AE4) of module app0:sce_module/libult.suprx
[23:50:20.750] |I| [load_self]: Loaded module segment 1 @ [0x00081000 - 0x00081810 / 0x81014000] (size: 0x00000810) of module app0:sce_module/libult.suprx
[23:50:20.751] |I| [load_self]: Linking SELF app0:sce_module/libult.suprx...
[23:50:20.752] |D| [load_var_exports]: 	NID 0x6C2224BA (NID_MODULE_INFO) at 0x7D7C8
[23:50:20.752] |I| [pre_load_module]: Pre-load module SceUlt (at "sce_module/libult.suprx") loaded
[23:50:20.764] |I| [load_self]: Loaded module segment 0 @ [0x00082000 - 0x000D2F04 / 0x81000000] (size: 0x00050F04) of module vs0:sys/external/libSceFt2.suprx
[23:50:20.764] |I| [load_self]: Loaded module segment 1 @ [0x000D3000 - 0x000D32F4 / 0x81051000] (size: 0x000002F4) of module vs0:sys/external/libSceFt2.suprx
[23:50:20.766] |I| [load_self]: Linking SELF vs0:sys/external/libSceFt2.suprx...
[23:50:20.766] |D| [load_var_exports]: 	NID 0x936C8A78 (SYSLYB) at 0xBE7DC
[23:50:20.767] |D| [load_var_exports]: 	NID 0x6C2224BA (NID_MODULE_INFO) at 0xBDF10
[23:50:20.767] |W| [load_var_imports]: 	NID NOT FOUND 0x93B8AA67 (__stack_chk_guard) at 0xD2EE0, setting to stub value 0xDEADBEEF
[23:50:20.769] |I| [pre_load_module]: Pre-load module SceLibft2 (at "sys/external/libSceFt2.suprx") loaded
[23:50:20.773] |I| [load_self]: Loaded module segment 0 @ [0x000D5000 - 0x000E4F14 / 0x81000000] (size: 0x0000FF14) of module vs0:sys/external/libpvf.suprx
[23:50:20.775] |I| [load_self]: Loaded module segment 1 @ [0x000E5000 - 0x000E5008 / 0x81010000] (size: 0x00000008) of module vs0:sys/external/libpvf.suprx
[23:50:20.776] |I| [load_self]: Linking SELF vs0:sys/external/libpvf.suprx...
[23:50:20.777] |D| [load_var_exports]: 	NID 0x936C8A78 (SYSLYB) at 0xE3710
[23:50:20.777] |D| [load_var_exports]: 	NID 0x6C2224BA (NID_MODULE_INFO) at 0xE3300
[23:50:20.778] |I| [pre_load_module]: Pre-load module SceLibPvf (at "sys/external/libpvf.suprx") loaded
[23:50:20.858] |I| [load_self]: app0:eboot.bin: Skipping special segment 0x6FFFFF01...
[23:50:20.858] |I| [load_self]: Loaded module segment 0 @ [0x81000000 - 0x812C21A8 / 0x81000000] (size: 0x002C21A8) of module app0:eboot.bin
[23:50:20.859] |I| [load_self]: Loaded module segment 1 @ [0x812C3000 - 0x81313228 / 0x812C3000] (size: 0x00050228) of module app0:eboot.bin
[23:50:20.861] |I| [load_self]: Linking SELF app0:eboot.bin...
[23:50:20.861] |D| [load_var_exports]: 	NID 0x6C2224BA (NID_MODULE_INFO) at 0x812634D4
[23:50:20.862] |D| [load_var_exports]: 	NID 0x70FBA1E7 (SCE_PROC_PARAMS) at 0x812C314C
[23:50:20.862] |I| [load_app_impl]: Main executable core (eboot.bin) loaded
[23:50:20.882] |D| [run_app]: Running module_start of library: SceLibc at address 0x45E5
[23:50:20.955] |I| [export_sceIoOpen]: Opening file: tty0:
[23:50:20.955] |T| [open_file]: sceIoOpen: Opening terminal tty0:
[23:50:20.957] |I| [export_sceIoOpen]: Opening file: tty0:
[23:50:20.959] |T| [open_file]: sceIoOpen: Opening terminal tty0:
[23:50:20.960] |I| [export_sceIoOpen]: Opening file: tty1:
[23:50:20.961] |T| [open_file]: sceIoOpen: Opening terminal tty1:
[23:50:20.969] |I| [run_app]: Module SceLibc (at "app0:sce_module/libc.suprx") module_start returned 0x0
[23:50:20.975] |D| [run_app]: Running module_start of library: SceLibFios2 at address 0x45001
[23:50:20.995] |I| [run_app]: Module SceLibFios2 (at "app0:sce_module/libfios2.suprx") module_start returned 0x0
[23:50:21.000] |D| [run_app]: Running module_start of library: SceUlt at address 0x70B55
[23:50:21.019] |I| [run_app]: Module SceUlt (at "app0:sce_module/libult.suprx") module_start returned 0x0
[23:50:21.114] |T| [write_file]: *** TTY: [42m********** Game "Undisclosed Project" ver 1.0 by iFun4All ********** 104857600[0m
[23:50:21.143] |W| [unimplemented_impl]: Unimplemented sceKernelChangeThreadVfpException import called.
[23:50:21.144] |W| [unimplemented_impl]: Unimplemented _sceFiosKernelOverlayThreadSetDisabled import called.
[23:50:21.240] |W| [stubbed_impl]: Stubbed sceKernelGetProcessId import called. (pid: 0)
[23:50:21.241] |W| [stubbed_impl]: Stubbed _sceFiosKernelOverlayResolveWithRangeSync import called. (Using strncpy)
[23:50:21.251] |W| [unimplemented_impl]: Unimplemented _sceFiosKernelOverlayGetRecommendedScheduler import called.
[23:50:21.258] |I| [export_sceIoOpen]: Opening file: app0:/game_data.psarc
[23:50:21.258] |T| [open_file]: sceIoOpen: Opening file app0:/game_data.psarc (ux0:/app/PCSB00154/game_data.psarc), fd: 0x3
[23:50:21.278] |T| [close_file]: sceIoClose: Closing file fd: 0x3
[23:50:21.288] |I| [export_sceIoOpen]: Opening file: app0:/game_data.psarc
[23:50:21.288] |T| [open_file]: sceIoOpen: Opening file app0:/game_data.psarc (ux0:/app/PCSB00154/game_data.psarc), fd: 0x4
[23:50:21.362] |I| [export_sceIoOpen]: Opening file: app0:/game_data.000.psarc
[23:50:21.362] |E| [open_file]: Missing file at C:/Users/arthu/AppData/Roaming/Vita3K/Vita3K/ux0/app/PCSB00154/game_data.000.psarc (target path: app0:/game_data.000.psarc)
[23:50:21.364] |W| [io_error_impl]: open_file (sceIoOpen) returned 0x80010002
[23:50:21.367] |W| [io_error_impl]: tell_file (sceIoPread) returned 0x80010018
[23:50:21.370] |W| [io_error_impl]: close_file (sceIoClose) returned 0x80010018
[23:50:21.374] |I| [load_module]: Loading module ID: 0x13
[23:50:21.376] |I| [load_self]: sys/external/libsystemgesture.suprx: Skipping special segment 0x6FFFFF01...
[23:50:21.376] |I| [load_self]: Loaded module segment 0 @ [0x06543000 - 0x0654608C / 0x81000000] (size: 0x0000308C) of module sys/external/libsystemgesture.suprx
[23:50:21.380] |I| [load_self]: Loaded module segment 1 @ [0x06547000 - 0x06547BF0 / 0x81004000] (size: 0x00000BF0) of module sys/external/libsystemgesture.suprx
[23:50:21.383] |I| [load_self]: Linking SELF sys/external/libsystemgesture.suprx...
[23:50:21.385] |D| [load_var_exports]: 	NID 0x936C8A78 (SYSLYB) at 0x6546074
[23:50:21.387] |D| [load_var_exports]: 	NID 0x6C2224BA (NID_MODULE_INFO) at 0x6545BD4
[23:50:21.388] |I| [load_module]: Module SceSystemGesture (at "sys/external/libsystemgesture.suprx") loaded
[23:50:21.391] |D| [load_module]: Running module_start of module: SceSystemGesture
[23:50:21.394] |I| [load_module]: Module SceSystemGesture (at "sys/external/libsystemgesture.suprx") module_start returned 0x0
[23:50:21.400] |T| [log_import_call]: [LLE] TID: 7   FUNC: 0x6078A08B sceSystemGestureInitializePrimitiveTouchRecognizer at 0x812618C8
[23:50:21.403] |W| [unimplemented_impl]: Unimplemented sceTouchGetPixelDensity2 import called.
[23:50:21.404] |W| [unimplemented_impl]: Unimplemented sceAppUtilInit import called.
[23:50:21.432] |W| [stubbed_impl]: Stubbed sceGxmMapFragmentUsseMemory import called. (always return success)
[23:50:21.537] |W| [stubbed_impl]: Stubbed sceGxmMapVertexUsseMemory import called. (always return success)
[23:50:21.571] |W| [unimplemented_impl]: Unimplemented sceNgsSystemSetParamErrorCallback import called.
[23:50:21.574] |T| [export_sceNgsPatchCreateRouting]: Patching 0x188B50:0:0 to 0x1891A0:0
[23:50:21.575] |T| [export_sceNgsPatchCreateRouting]: Patching 0x1756D0:0:0 to 0x1891A0:0
[23:50:21.575] |T| [export_sceNgsPatchCreateRouting]: Patching 0x175BE0:0:0 to 0x1891A0:0
[23:50:21.576] |T| [export_sceNgsPatchCreateRouting]: Patching 0x1760F0:0:0 to 0x1891A0:0
[23:50:21.576] |T| [export_sceNgsPatchCreateRouting]: Patching 0x176600:0:0 to 0x1891A0:0
[23:50:21.577] |T| [export_sceNgsPatchCreateRouting]: Patching 0x176B10:0:0 to 0x1891A0:0
[23:50:21.577] |T| [export_sceNgsPatchCreateRouting]: Patching 0x177020:0:0 to 0x1891A0:0
[23:50:21.578] |T| [export_sceNgsPatchCreateRouting]: Patching 0x177530:0:0 to 0x1891A0:0
[23:50:21.578] |T| [export_sceNgsPatchCreateRouting]: Patching 0x177A40:0:0 to 0x1891A0:0
[23:50:21.579] |T| [export_sceNgsPatchCreateRouting]: Patching 0x177F50:0:0 to 0x1891A0:0
[23:50:21.580] |T| [export_sceNgsPatchCreateRouting]: Patching 0x178460:0:0 to 0x1891A0:0
[23:50:21.580] |T| [export_sceNgsPatchCreateRouting]: Patching 0x178970:0:0 to 0x1891A0:0
[23:50:21.581] |T| [export_sceNgsPatchCreateRouting]: Patching 0x178E80:0:0 to 0x1891A0:0
[23:50:21.582] |T| [export_sceNgsPatchCreateRouting]: Patching 0x179390:0:0 to 0x1891A0:0
[23:50:21.583] |T| [export_sceNgsPatchCreateRouting]: Patching 0x1798A0:0:0 to 0x1891A0:0
[23:50:21.584] |T| [export_sceNgsPatchCreateRouting]: Patching 0x179DB0:0:0 to 0x1891A0:0
[23:50:21.585] |T| [export_sceNgsPatchCreateRouting]: Patching 0x17A2C0:0:0 to 0x1891A0:0
[23:50:21.585] |T| [export_sceNgsPatchCreateRouting]: Patching 0x17A7D0:0:0 to 0x1891A0:0
[23:50:21.586] |T| [export_sceNgsPatchCreateRouting]: Patching 0x17ACE0:0:0 to 0x1891A0:0
[23:50:21.586] |T| [export_sceNgsPatchCreateRouting]: Patching 0x17B1F0:0:0 to 0x1891A0:0
[23:50:21.587] |T| [export_sceNgsPatchCreateRouting]: Patching 0x17B700:0:0 to 0x1891A0:0
[23:50:21.589] |T| [export_sceNgsPatchCreateRouting]: Patching 0x17BC10:0:0 to 0x1891A0:0
[23:50:21.590] |T| [export_sceNgsPatchCreateRouting]: Patching 0x17C120:0:0 to 0x1891A0:0
[23:50:21.591] |T| [export_sceNgsPatchCreateRouting]: Patching 0x17C630:0:0 to 0x1891A0:0
[23:50:21.591] |T| [export_sceNgsPatchCreateRouting]: Patching 0x17CB40:0:0 to 0x1891A0:0
[23:50:21.592] |T| [export_sceNgsPatchCreateRouting]: Patching 0x17D050:0:0 to 0x1891A0:0
[23:50:21.593] |T| [export_sceNgsPatchCreateRouting]: Patching 0x17D560:0:0 to 0x1891A0:0
[23:50:21.593] |T| [export_sceNgsPatchCreateRouting]: Patching 0x17DA70:0:0 to 0x1891A0:0
[23:50:21.594] |T| [export_sceNgsPatchCreateRouting]: Patching 0x17DF80:0:0 to 0x1891A0:0
[23:50:21.594] |T| [export_sceNgsPatchCreateRouting]: Patching 0x17E490:0:0 to 0x1891A0:0
[23:50:21.595] |T| [export_sceNgsPatchCreateRouting]: Patching 0x17E9A0:0:0 to 0x1891A0:0
[23:50:21.596] |T| [export_sceNgsPatchCreateRouting]: Patching 0x17EEB0:0:0 to 0x1891A0:0
[23:50:21.596] |T| [export_sceNgsPatchCreateRouting]: Patching 0x17F3C0:0:0 to 0x1891A0:0
[23:50:21.597] |T| [export_sceNgsPatchCreateRouting]: Patching 0x17F8D0:0:0 to 0x1891A0:0
[23:50:21.597] |T| [export_sceNgsPatchCreateRouting]: Patching 0x17FDE0:0:0 to 0x1891A0:0
[23:50:21.598] |T| [export_sceNgsPatchCreateRouting]: Patching 0x1802F0:0:0 to 0x1891A0:0
[23:50:21.599] |T| [export_sceNgsPatchCreateRouting]: Patching 0x180800:0:0 to 0x1891A0:0
[23:50:21.599] |T| [export_sceNgsPatchCreateRouting]: Patching 0x180D10:0:0 to 0x1891A0:0
[23:50:21.600] |T| [export_sceNgsPatchCreateRouting]: Patching 0x181220:0:0 to 0x1891A0:0
[23:50:21.600] |T| [export_sceNgsPatchCreateRouting]: Patching 0x181730:0:0 to 0x1891A0:0
[23:50:21.604] |T| [export_sceNgsPatchCreateRouting]: Patching 0x181C40:0:0 to 0x1891A0:0
[23:50:21.606] |T| [export_sceNgsPatchCreateRouting]: Patching 0x182150:0:0 to 0x1891A0:0
[23:50:21.607] |T| [export_sceNgsPatchCreateRouting]: Patching 0x182660:0:0 to 0x1891A0:0
[23:50:21.609] |T| [export_sceNgsPatchCreateRouting]: Patching 0x182B70:0:0 to 0x1891A0:0
[23:50:21.610] |T| [export_sceNgsPatchCreateRouting]: Patching 0x183080:0:0 to 0x1891A0:0
[23:50:21.610] |T| [export_sceNgsPatchCreateRouting]: Patching 0x183590:0:0 to 0x1891A0:0
[23:50:21.611] |T| [export_sceNgsPatchCreateRouting]: Patching 0x183AA0:0:0 to 0x1891A0:0
[23:50:21.612] |T| [export_sceNgsPatchCreateRouting]: Patching 0x183FB0:0:0 to 0x1891A0:0
[23:50:21.612] |T| [export_sceNgsPatchCreateRouting]: Patching 0x1844C0:0:0 to 0x1891A0:0
[23:50:21.613] |T| [export_sceNgsPatchCreateRouting]: Patching 0x1849D0:0:0 to 0x1891A0:0
[23:50:21.613] |T| [export_sceNgsPatchCreateRouting]: Patching 0x184EE0:0:0 to 0x1891A0:0
[23:50:21.615] |T| [export_sceNgsPatchCreateRouting]: Patching 0x1853F0:0:0 to 0x1891A0:0
[23:50:21.615] |T| [export_sceNgsPatchCreateRouting]: Patching 0x185900:0:0 to 0x1891A0:0
[23:50:21.616] |T| [export_sceNgsPatchCreateRouting]: Patching 0x185E10:0:0 to 0x1891A0:0
[23:50:21.645] |W| [unimplemented_impl]: Unimplemented sceMotionStartSampling import called.
[23:50:21.645] |W| [unimplemented_impl]: Unimplemented sceMotionSetTiltCorrection import called.
[23:50:21.648] |W| [unimplemented_impl]: Unimplemented sceAppUtilShutdown import called.
[23:50:21.673] |W| [stubbed_impl]: Stubbed sceNetCtlInit import called. (Stub)
[23:50:21.673] |W| [stubbed_impl]: Stubbed sceNetCtlInetGetState import called. (state = SCE_NETCTL_STATE_CONNECTED)
[23:50:21.674] |W| [stubbed_impl]: Stubbed sceHttpInit import called. (ignore poolSize)
[23:50:21.674] |W| [stubbed_impl]: Stubbed sceSslInit import called. (ignore poolSize)
[23:50:21.679] |W| [unimplemented_impl]: Unimplemented sceNpBasicInit import called.
[23:50:21.683] |W| [unimplemented_impl]: Unimplemented sceHttpGetMemoryPoolStats import called.
[23:50:21.683] |E| [logging::ret_error_impl]: sceHttpInit returned SCE_HTTP_ERROR_ALREADY_INITED (0x80431020)
[23:50:21.684] |W| [unimplemented_impl]: Unimplemented sceSslGetMemoryPoolStats import called.
[23:50:21.688] |W| [unimplemented_impl]: Unimplemented sceNpActivityInit import called.
[23:50:21.688] |W| [unimplemented_impl]: Unimplemented sceNpSnsFacebookInit import called.
[23:50:21.714] |E| [logging::ret_error_impl]: sceKernelWaitLwCond returned SCE_KERNEL_ERROR_WAIT_TIMEOUT (0x80028005)
[23:50:21.716] |W| [stubbed_impl]: Stubbed sceNetCtlCheckCallback import called. (Stub)
[23:50:21.719] |W| [stubbed_impl]: Stubbed sceNpCheckCallback import called. (Stub)
[23:50:21.737] |W| [stubbed_impl]: Stubbed __sceAppMgrGetAppState import called. (Set to 0.)
