[10:48:55.199] |I| [config::init_config]: backend-renderer: OpenGL
[10:48:55.201] |I| [config::init_config]: log-level: 0
[10:48:55.434] |I| [SDL_main]: Vita3K v0.1.5 2786-7ac13c3c
[10:48:55.435] |I| [SDL_main]: Number of logical CPU cores: 8
[10:48:55.436] |I| [SDL_main]: Available ram memory: 12279 MiB
[10:48:56.160] |I| [renderer::gl::create]: GPU = Radeon RX 580 Series
[10:48:56.161] |I| [renderer::gl::create]: GL_VERSION = 4.6.14800 Core Profile Context 22.5.1 30.0.15021.11005
[10:48:56.161] |I| [renderer::gl::create]: GL_SHADING_LANGUAGE_VERSION = 4.60
[10:48:56.162] |I| [renderer::gl::create]: Your GPU only supports texture barrier, performance may not be good on programmable blending games.
[10:48:56.162] |W| [renderer::gl::create]: Consider upgrading to a GPU that has shader interlock.
[10:49:10.185] |I| [gui::set_vsync_state]: V-Sync state: true
[10:49:10.271] |I| [load_app_impl]: cpu-backend: Dynarmic
[10:49:10.271] |I| [load_app_impl]: CPU Optimisation state: true
[10:49:10.272] |I| [load_app_impl]: ngs state: true
[10:49:10.272] |I| [load_app_impl]: Resolution multiplier: 1
[10:49:10.281] |I| [load_app_impl]: 1 Controllers Connected
[10:49:10.281] |I| [load_app_impl]: Controller 0: G-Shark GS-GP702
[10:49:10.282] |I| [load_app_impl]: modules mode: Automatic
[10:49:10.282] |I| [load_app_impl]: Title: A-men 2
[10:49:10.282] |I| [load_app_impl]: Serial: PCSE00324
[10:49:10.283] |I| [load_app_impl]: Version: 1.00
[10:49:10.283] |I| [load_app_impl]: Category: gd
[10:49:10.369] |C| [load_self]: Unknown segment type 0x6FFFFF01
[10:49:10.370] |I| [load_self]: Loaded module segment 0 @ [0x00007000 - 0x00054A2C / 0x81000000] (size: 0x0004DA2C) of module app0:sce_module/libc.suprx
[10:49:10.371] |I| [load_self]: Loaded module segment 1 @ [0x00055000 - 0x000576F8 / 0x8104E000] (size: 0x000026F8) of module app0:sce_module/libc.suprx
[10:49:10.371] |I| [load_self]: Loading symbols for SELF: app0:sce_module/libc.suprx
[10:49:10.372] |D| [load_var_exports]: 	NID 0x6C2224BA (NID_MODULE_INFO) at 0x40798
[10:49:10.373] |D| [load_var_exports]: 	NID 0x936C8A78 (SYSLYB) at 0x4A7D4
[10:49:10.373] |W| [load_var_imports]: 	NID NOT FOUND 0x93B8AA67 (UNRECOGNISED) at 0x44758, setting to stub value 0xDEADBEEF
[10:49:10.376] |W| [load_var_imports]: 	NID NOT FOUND 0xDF084DFA (UNRECOGNISED) at 0x4621C, setting to stub value 0xDEADBEEF
[10:49:10.379] |I| [pre_load_module]: Pre-load module SceLibc (at "sce_module/libc.suprx") loaded
[10:49:10.459] |C| [load_self]: Unknown segment type 0x6FFFFF01
[10:49:10.459] |I| [load_self]: Loaded module segment 0 @ [0x0005A000 - 0x00082928 / 0x81000000] (size: 0x00028928) of module app0:sce_module/libfios2.suprx
[10:49:10.461] |I| [load_self]: Loaded module segment 1 @ [0x00083000 - 0x000881FD / 0x81029000] (size: 0x000051FD) of module app0:sce_module/libfios2.suprx
[10:49:10.462] |I| [load_self]: Loading symbols for SELF: app0:sce_module/libfios2.suprx
[10:49:10.463] |D| [load_var_exports]: 	NID 0x6C2224BA (NID_MODULE_INFO) at 0x7A6A8
[10:49:10.464] |D| [load_var_exports]: 	NID 0x936C8A78 (SYSLYB) at 0x82810
[10:49:10.465] |I| [pre_load_module]: Pre-load module SceLibFios2 (at "sce_module/libfios2.suprx") loaded
[10:49:10.527] |C| [load_self]: Unknown segment type 0x6FFFFF01
[10:49:10.528] |I| [load_self]: Loaded module segment 0 @ [0x00089000 - 0x0009D744 / 0x81000000] (size: 0x00014744) of module app0:sce_module/libult.suprx
[10:49:10.529] |I| [load_self]: Loaded module segment 1 @ [0x0009E000 - 0x0009E814 / 0x81015000] (size: 0x00000814) of module app0:sce_module/libult.suprx
[10:49:10.530] |I| [load_self]: Loading symbols for SELF: app0:sce_module/libult.suprx
[10:49:10.531] |D| [load_var_exports]: 	NID 0x6C2224BA (NID_MODULE_INFO) at 0x99658
[10:49:10.532] |D| [load_var_exports]: 	NID 0x936C8A78 (SYSLYB) at 0x9C0A0
[10:49:10.532] |I| [pre_load_module]: Pre-load module SceUlt (at "sce_module/libult.suprx") loaded
[10:49:10.548] |I| [load_self]: Loaded module segment 0 @ [0x0009F000 - 0x000EFF04 / 0x81000000] (size: 0x00050F04) of module vs0:sys/external/libSceFt2.suprx
[10:49:10.549] |I| [load_self]: Loaded module segment 1 @ [0x000F0000 - 0x000F02F4 / 0x81051000] (size: 0x000002F4) of module vs0:sys/external/libSceFt2.suprx
[10:49:10.551] |I| [load_self]: Loading symbols for SELF: vs0:sys/external/libSceFt2.suprx
[10:49:10.552] |D| [load_var_exports]: 	NID 0x936C8A78 (SYSLYB) at 0xDB7DC
[10:49:10.552] |D| [load_var_exports]: 	NID 0x6C2224BA (NID_MODULE_INFO) at 0xDAF10
[10:49:10.553] |I| [pre_load_module]: Pre-load module SceLibft2 (at "sys/external/libSceFt2.suprx") loaded
[10:49:10.559] |I| [load_self]: Loaded module segment 0 @ [0x000F1000 - 0x00100F14 / 0x81000000] (size: 0x0000FF14) of module vs0:sys/external/libpvf.suprx
[10:49:10.560] |I| [load_self]: Loaded module segment 1 @ [0x00101000 - 0x00101008 / 0x81010000] (size: 0x00000008) of module vs0:sys/external/libpvf.suprx
[10:49:10.562] |I| [load_self]: Loading symbols for SELF: vs0:sys/external/libpvf.suprx
[10:49:10.563] |D| [load_var_exports]: 	NID 0x936C8A78 (SYSLYB) at 0xFF710
[10:49:10.563] |D| [load_var_exports]: 	NID 0x6C2224BA (NID_MODULE_INFO) at 0xFF300
[10:49:10.564] |I| [pre_load_module]: Pre-load module SceLibPvf (at "sys/external/libpvf.suprx") loaded
[10:49:10.795] |C| [load_self]: Unknown segment type 0x6FFFFF01
[10:49:10.796] |I| [load_self]: Loaded module segment 0 @ [0x81000000 - 0x813115F0 / 0x81000000] (size: 0x003115F0) of module app0:eboot.bin
[10:49:10.797] |I| [load_self]: Loaded module segment 1 @ [0x81312000 - 0x813628A0 / 0x81312000] (size: 0x000508A0) of module app0:eboot.bin
[10:49:10.798] |I| [load_self]: Loading symbols for SELF: app0:eboot.bin
[10:49:10.799] |D| [load_var_exports]: 	NID 0x6C2224BA (NID_MODULE_INFO) at 0x812AB1AC
[10:49:10.800] |D| [load_var_exports]: 	NID 0x70FBA1E7 (SCE_PROC_PARAMS) at 0x813121A8
[10:49:10.801] |I| [load_app_impl]: Main executable core (eboot.bin) loaded
[10:49:10.830] |D| [run_app]: Running module_start of library: SceLibc at address 0x7809
[10:49:10.918] |T| [open_file]: sceKernelGetStdin: Opening terminal tty0:
[10:49:10.919] |T| [open_file]: sceKernelGetStdout: Opening terminal tty0:
[10:49:10.920] |T| [open_file]: sceKernelGetStderr: Opening terminal tty0:
[10:49:10.936] |I| [run_app]: Module SceLibc (at "app0:sce_module/libc.suprx") module_start returned 0x0
[10:49:10.944] |D| [run_app]: Running module_start of library: SceLibFios2 at address 0x5A001
[10:49:10.973] |W| [stubbed_impl]: Stubbed sceKernelGetProcessId import called. (pid: 0)
[10:49:10.974] |W| [unimplemented_impl]: Unimplemented sceFiosOverlayGetList02 import called.
[10:49:10.975] |I| [run_app]: Module SceLibFios2 (at "app0:sce_module/libfios2.suprx") module_start returned 0x0
[10:49:10.983] |D| [run_app]: Running module_start of library: SceUlt at address 0x8C5ED
[10:49:11.012] |W| [unimplemented_impl]: Unimplemented _sceUlobjMgrRegisterLibultProtocolRevision import called.
[10:49:11.013] |I| [run_app]: Module SceUlt (at "app0:sce_module/libult.suprx") module_start returned 0x0
[10:49:11.216] |W| [unimplemented_impl]: Unimplemented sceKernelChangeThreadVfpException import called.
[10:49:11.217] |W| [unimplemented_impl]: Unimplemented sceFiosOverlayThreadSetDisabled02 import called.
[10:49:11.385] |W| [unimplemented_impl]: Unimplemented sceFiosOverlayGetRecommendedScheduler02 import called.
[10:49:11.394] |I| [export_sceIoOpen]: Opening file: app0:/game_data.psarc
[10:49:11.459] |T| [open_file]: sceIoOpen: Opening file app0:/game_data.psarc (ux0:/app/PCSE00324/game_data.psarc), fd: 0x3
[10:49:11.492] |T| [close_file]: sceIoClose: Closing file fd: 0x3
[10:49:11.514] |I| [export_sceIoOpen]: Opening file: app0:/game_data.psarc
[10:49:11.516] |T| [open_file]: sceIoOpen: Opening file app0:/game_data.psarc (ux0:/app/PCSE00324/game_data.psarc), fd: 0x4
[10:49:11.742] |I| [export_sceIoOpen]: Opening file: app0:/game_data.000.psarc
[10:49:11.743] |E| [open_file]: Missing file at C:/Users/Melenda/AppData/Roaming/Vita3K/Vita3K/ux0/app/PCSE00324/game_data.000.psarc (target path: app0:/game_data.000.psarc)
[10:49:11.744] |W| [io_error_impl]: open_file (sceIoOpen) returned 0x80010002
[10:49:11.746] |W| [io_error_impl]: tell_file (sceIoPread) returned 0x80010018
[10:49:11.749] |W| [io_error_impl]: close_file (sceIoClose) returned 0x80010018
[10:49:11.755] |I| [load_module]: Loading module ID: 0x13
[10:49:11.757] |C| [load_self]: Unknown segment type 0x6FFFFF01
[10:49:11.758] |I| [load_self]: Loaded module segment 0 @ [0x06563000 - 0x0656608C / 0x81000000] (size: 0x0000308C) of module sys/external/libsystemgesture.suprx
[10:49:11.759] |I| [load_self]: Loaded module segment 1 @ [0x06567000 - 0x06567BF0 / 0x81004000] (size: 0x00000BF0) of module sys/external/libsystemgesture.suprx
[10:49:11.762] |I| [load_self]: Loading symbols for SELF: sys/external/libsystemgesture.suprx
[10:49:11.766] |D| [load_var_exports]: 	NID 0x936C8A78 (SYSLYB) at 0x6566074
[10:49:11.766] |D| [load_var_exports]: 	NID 0x6C2224BA (NID_MODULE_INFO) at 0x6565BD4
[10:49:11.767] |I| [load_module]: Module SceSystemGesture (at "sys/external/libsystemgesture.suprx") loaded
[10:49:11.768] |D| [load_module]: Running module_start of module: SceSystemGesture
[10:49:11.769] |I| [load_module]: Module SceSystemGesture (at "sys/external/libsystemgesture.suprx") module_start returned 0x0
[10:49:11.770] |T| [log_import_call]: [LLE] TID: 8   FUNC: 0x6078A08B sceSystemGestureInitializePrimitiveTouchRecognizer at 0x812A91E0
[10:49:11.772] |W| [unimplemented_impl]: Unimplemented sceTouchGetPixelDensity2 import called.
[10:49:11.774] |W| [unimplemented_impl]: Unimplemented sceAppUtilInit import called.
[10:49:11.822] |W| [stubbed_impl]: Stubbed sceGxmMapFragmentUsseMemory import called. (always return success)
[10:49:11.854] |W| [stubbed_impl]: Stubbed sceGxmMapVertexUsseMemory import called. (always return success)
[10:49:11.909] |W| [unimplemented_impl]: Unimplemented sceNgsSystemSetParamErrorCallback import called.
[10:49:11.914] |T| [export_sceNgsPatchCreateRouting]: Patching 0x2145F0:0:0 to 0x214C40:0
[10:49:11.915] |T| [export_sceNgsPatchCreateRouting]: Patching 0x201170:0:0 to 0x214C40:0
[10:49:11.915] |T| [export_sceNgsPatchCreateRouting]: Patching 0x201680:0:0 to 0x214C40:0
[10:49:11.916] |T| [export_sceNgsPatchCreateRouting]: Patching 0x201B90:0:0 to 0x214C40:0
[10:49:11.917] |T| [export_sceNgsPatchCreateRouting]: Patching 0x2020A0:0:0 to 0x214C40:0
[10:49:11.918] |T| [export_sceNgsPatchCreateRouting]: Patching 0x2025B0:0:0 to 0x214C40:0
[10:49:11.918] |T| [export_sceNgsPatchCreateRouting]: Patching 0x202AC0:0:0 to 0x214C40:0
[10:49:11.919] |T| [export_sceNgsPatchCreateRouting]: Patching 0x202FD0:0:0 to 0x214C40:0
[10:49:11.920] |T| [export_sceNgsPatchCreateRouting]: Patching 0x2034E0:0:0 to 0x214C40:0
[10:49:11.920] |T| [export_sceNgsPatchCreateRouting]: Patching 0x2039F0:0:0 to 0x214C40:0
[10:49:11.921] |T| [export_sceNgsPatchCreateRouting]: Patching 0x203F00:0:0 to 0x214C40:0
[10:49:11.922] |T| [export_sceNgsPatchCreateRouting]: Patching 0x204410:0:0 to 0x214C40:0
[10:49:11.923] |T| [export_sceNgsPatchCreateRouting]: Patching 0x204920:0:0 to 0x214C40:0
[10:49:11.923] |T| [export_sceNgsPatchCreateRouting]: Patching 0x204E30:0:0 to 0x214C40:0
[10:49:11.924] |T| [export_sceNgsPatchCreateRouting]: Patching 0x205340:0:0 to 0x214C40:0
[10:49:11.925] |T| [export_sceNgsPatchCreateRouting]: Patching 0x205850:0:0 to 0x214C40:0
[10:49:11.926] |T| [export_sceNgsPatchCreateRouting]: Patching 0x205D60:0:0 to 0x214C40:0
[10:49:11.927] |T| [export_sceNgsPatchCreateRouting]: Patching 0x206270:0:0 to 0x214C40:0
[10:49:11.927] |T| [export_sceNgsPatchCreateRouting]: Patching 0x206780:0:0 to 0x214C40:0
[10:49:11.928] |T| [export_sceNgsPatchCreateRouting]: Patching 0x206C90:0:0 to 0x214C40:0
[10:49:11.929] |T| [export_sceNgsPatchCreateRouting]: Patching 0x2071A0:0:0 to 0x214C40:0
[10:49:11.933] |T| [export_sceNgsPatchCreateRouting]: Patching 0x2076B0:0:0 to 0x214C40:0
[10:49:11.934] |T| [export_sceNgsPatchCreateRouting]: Patching 0x207BC0:0:0 to 0x214C40:0
[10:49:11.934] |T| [export_sceNgsPatchCreateRouting]: Patching 0x2080D0:0:0 to 0x214C40:0
[10:49:11.935] |T| [export_sceNgsPatchCreateRouting]: Patching 0x2085E0:0:0 to 0x214C40:0
[10:49:11.936] |T| [export_sceNgsPatchCreateRouting]: Patching 0x208AF0:0:0 to 0x214C40:0
[10:49:11.937] |T| [export_sceNgsPatchCreateRouting]: Patching 0x209000:0:0 to 0x214C40:0
[10:49:11.937] |T| [export_sceNgsPatchCreateRouting]: Patching 0x209510:0:0 to 0x214C40:0
[10:49:11.938] |T| [export_sceNgsPatchCreateRouting]: Patching 0x209A20:0:0 to 0x214C40:0
[10:49:11.939] |T| [export_sceNgsPatchCreateRouting]: Patching 0x209F30:0:0 to 0x214C40:0
[10:49:11.939] |T| [export_sceNgsPatchCreateRouting]: Patching 0x20A440:0:0 to 0x214C40:0
[10:49:11.940] |T| [export_sceNgsPatchCreateRouting]: Patching 0x20A950:0:0 to 0x214C40:0
[10:49:11.941] |T| [export_sceNgsPatchCreateRouting]: Patching 0x20AE60:0:0 to 0x214C40:0
[10:49:11.941] |T| [export_sceNgsPatchCreateRouting]: Patching 0x20B370:0:0 to 0x214C40:0
[10:49:11.942] |T| [export_sceNgsPatchCreateRouting]: Patching 0x20B880:0:0 to 0x214C40:0
[10:49:11.943] |T| [export_sceNgsPatchCreateRouting]: Patching 0x20BD90:0:0 to 0x214C40:0
[10:49:11.943] |T| [export_sceNgsPatchCreateRouting]: Patching 0x20C2A0:0:0 to 0x214C40:0
[10:49:11.944] |T| [export_sceNgsPatchCreateRouting]: Patching 0x20C7B0:0:0 to 0x214C40:0
[10:49:11.945] |T| [export_sceNgsPatchCreateRouting]: Patching 0x20CCC0:0:0 to 0x214C40:0
[10:49:11.948] |T| [export_sceNgsPatchCreateRouting]: Patching 0x20D1D0:0:0 to 0x214C40:0
[10:49:11.953] |T| [export_sceNgsPatchCreateRouting]: Patching 0x20D6E0:0:0 to 0x214C40:0
[10:49:11.954] |T| [export_sceNgsPatchCreateRouting]: Patching 0x20DBF0:0:0 to 0x214C40:0
[10:49:11.954] |T| [export_sceNgsPatchCreateRouting]: Patching 0x20E100:0:0 to 0x214C40:0
[10:49:11.955] |T| [export_sceNgsPatchCreateRouting]: Patching 0x20E610:0:0 to 0x214C40:0
[10:49:11.956] |T| [export_sceNgsPatchCreateRouting]: Patching 0x20EB20:0:0 to 0x214C40:0
[10:49:11.957] |T| [export_sceNgsPatchCreateRouting]: Patching 0x20F030:0:0 to 0x214C40:0
[10:49:11.957] |T| [export_sceNgsPatchCreateRouting]: Patching 0x20F540:0:0 to 0x214C40:0
[10:49:11.958] |T| [export_sceNgsPatchCreateRouting]: Patching 0x20FA50:0:0 to 0x214C40:0
[10:49:11.959] |T| [export_sceNgsPatchCreateRouting]: Patching 0x20FF60:0:0 to 0x214C40:0
[10:49:11.959] |T| [export_sceNgsPatchCreateRouting]: Patching 0x210470:0:0 to 0x214C40:0
[10:49:11.960] |T| [export_sceNgsPatchCreateRouting]: Patching 0x210980:0:0 to 0x214C40:0
[10:49:11.961] |T| [export_sceNgsPatchCreateRouting]: Patching 0x210E90:0:0 to 0x214C40:0
[10:49:11.965] |T| [export_sceNgsPatchCreateRouting]: Patching 0x2113A0:0:0 to 0x214C40:0
[10:49:11.965] |T| [export_sceNgsPatchCreateRouting]: Patching 0x2118B0:0:0 to 0x214C40:0
[10:49:12.003] |W| [unimplemented_impl]: Unimplemented sceMotionStartSampling import called.
[10:49:12.005] |W| [unimplemented_impl]: Unimplemented sceMotionSetTiltCorrection import called.
[10:49:12.056] |W| [stubbed_impl]: Stubbed sceNetCtlInit import called. (Stub)
[10:49:12.058] |W| [stubbed_impl]: Stubbed sceNetCtlInetGetState import called. (state = SCE_NETCTL_STATE_DISCONNECTED)
[10:49:12.059] |W| [stubbed_impl]: Stubbed sceHttpInit import called. (Fail when called)
[10:49:12.062] |W| [unimplemented_impl]: Unimplemented sceHttpGetMemoryPoolStats import called.
[10:49:12.063] |W| [unimplemented_impl]: Unimplemented sceHttpTerm import called.
[10:49:12.064] |W| [unimplemented_impl]: Unimplemented sceSslGetMemoryPoolStats import called.
[10:49:12.065] |W| [unimplemented_impl]: Unimplemented sceSslTerm import called.
[10:49:12.066] |W| [unimplemented_impl]: Unimplemented sceSslInit import called.
[10:49:12.146] |W| [stubbed_impl]: Stubbed __sceAppMgrGetAppState import called. (Set to 0.)
