[16:52:35.403] |I| [config::init_config]: backend-renderer: OpenGL
[16:52:35.403] |I| [config::init_config]: log-level: 0
[16:52:35.604] |I| [SDL_main]: Vita3K v0.1.8 3182-5e0b62cc
[16:52:35.604] |I| [SDL_main]: Number of logical CPU cores: 16
[16:52:35.604] |I| [SDL_main]: Available ram memory: 16225 MiB
[16:52:35.733] |I| [renderer::gl::create]: GPU = NVIDIA GeForce RTX 3070/PCIe/SSE2
[16:52:35.733] |I| [renderer::gl::create]: GL_VERSION = 4.6.0 NVIDIA 512.15
[16:52:35.733] |I| [renderer::gl::create]: GL_SHADING_LANGUAGE_VERSION = 4.60 NVIDIA
[16:52:35.734] |I| [renderer::gl::create]: Your GPU supports shader interlock, some games that use programmable blending will have better performance.
[16:52:36.374] |I| [compat::update_compat_app_db]: Applications compatibility database is up to date.
[16:52:44.745] |I| [gui::set_vsync_state]: V-Sync state: true
[16:52:44.753] |I| [load_app_impl]: cpu-backend: Dynarmic
[16:52:44.754] |I| [load_app_impl]: CPU Optimisation state: true
[16:52:44.754] |I| [load_app_impl]: ngs state: true
[16:52:44.755] |I| [load_app_impl]: Resolution multiplier: 1
[16:52:44.755] |I| [load_app_impl]: 1 Controllers Connected
[16:52:44.756] |I| [load_app_impl]: Controller 0: PS4 Controller
[16:52:44.756] |I| [load_app_impl]: modules mode: Automatic
[16:52:44.756] |I| [load_app_impl]: Title: あやかしごはん ～おおもりっ！～
[16:52:44.756] |I| [load_app_impl]: Serial: PCSG00666
[16:52:44.756] |I| [load_app_impl]: Version: 1.00
[16:52:44.756] |I| [load_app_impl]: Category: gd
[16:52:44.766] |I| [load_self]: app0:sce_module/libc.suprx: Skipping special segment 0x6fffff01...
[16:52:44.766] |I| [load_self]: Loaded module segment 0 @ [0x00005000 - 0x00056814 / 0x81000000] (size: 0x00051814) of module app0:sce_module/libc.suprx
[16:52:44.767] |I| [load_self]: Loaded module segment 1 @ [0x00057000 - 0x000598A0 / 0x81052000] (size: 0x000028A0) of module app0:sce_module/libc.suprx
[16:52:44.767] |I| [load_self]: Linking SELF app0:sce_module/libc.suprx...
[16:52:44.767] |D| [load_var_exports]: 	NID 0x936c8a78 (SYSLYB) at 0x4c284
[16:52:44.767] |D| [load_var_exports]: 	NID 0x6c2224ba (NID_MODULE_INFO) at 0x4144c
[16:52:44.767] |I| [pre_load_module]: Pre-load module SceLibc (at "sce_module/libc.suprx") loaded
[16:52:44.772] |I| [load_self]: app0:sce_module/libfios2.suprx: Skipping special segment 0x6fffff01...
[16:52:44.773] |I| [load_self]: Loaded module segment 0 @ [0x0005A000 - 0x00086CBF / 0x81000000] (size: 0x0002CCBF) of module app0:sce_module/libfios2.suprx
[16:52:44.773] |I| [load_self]: Loaded module segment 1 @ [0x00087000 - 0x0008C255 / 0x8102D000] (size: 0x00005255) of module app0:sce_module/libfios2.suprx
[16:52:44.773] |I| [load_self]: Linking SELF app0:sce_module/libfios2.suprx...
[16:52:44.773] |D| [load_var_exports]: 	NID 0x936c8a78 (SYSLYB) at 0x86bc8
[16:52:44.773] |D| [load_var_exports]: 	NID 0x6c2224ba (NID_MODULE_INFO) at 0x7df08
[16:52:44.773] |I| [pre_load_module]: Pre-load module SceLibFios2 (at "sce_module/libfios2.suprx") loaded
[16:52:44.777] |I| [load_self]: app0:sce_module/libult.suprx: Skipping special segment 0x6fffff01...
[16:52:44.777] |I| [load_self]: Loaded module segment 0 @ [0x0008D000 - 0x000A09A4 / 0x81000000] (size: 0x000139A4) of module app0:sce_module/libult.suprx
[16:52:44.777] |I| [load_self]: Loaded module segment 1 @ [0x000A1000 - 0x000A1814 / 0x81014000] (size: 0x00000814) of module app0:sce_module/libult.suprx
[16:52:44.777] |I| [load_self]: Linking SELF app0:sce_module/libult.suprx...
[16:52:44.777] |D| [load_var_exports]: 	NID 0x936c8a78 (SYSLYB) at 0x9f2d0
[16:52:44.777] |D| [load_var_exports]: 	NID 0x6c2224ba (NID_MODULE_INFO) at 0x9c858
[16:52:44.777] |I| [pre_load_module]: Pre-load module SceUlt (at "sce_module/libult.suprx") loaded
[16:52:44.784] |I| [load_self]: Loaded module segment 0 @ [0x000A2000 - 0x000F2F04 / 0x81000000] (size: 0x00050F04) of module vs0:sys/external/libSceFt2.suprx
[16:52:44.784] |I| [load_self]: Loaded module segment 1 @ [0x000F3000 - 0x000F32F4 / 0x81051000] (size: 0x000002F4) of module vs0:sys/external/libSceFt2.suprx
[16:52:44.784] |I| [load_self]: Linking SELF vs0:sys/external/libSceFt2.suprx...
[16:52:44.785] |D| [load_var_exports]: 	NID 0x936c8a78 (SYSLYB) at 0xde7dc
[16:52:44.785] |D| [load_var_exports]: 	NID 0x6c2224ba (NID_MODULE_INFO) at 0xddf10
[16:52:44.785] |I| [pre_load_module]: Pre-load module SceLibft2 (at "sys/external/libSceFt2.suprx") loaded
[16:52:44.787] |I| [load_self]: Loaded module segment 0 @ [0x000F4000 - 0x00103F14 / 0x81000000] (size: 0x0000FF14) of module vs0:sys/external/libpvf.suprx
[16:52:44.787] |I| [load_self]: Loaded module segment 1 @ [0x00104000 - 0x00104008 / 0x81010000] (size: 0x00000008) of module vs0:sys/external/libpvf.suprx
[16:52:44.787] |I| [load_self]: Linking SELF vs0:sys/external/libpvf.suprx...
[16:52:44.788] |D| [load_var_exports]: 	NID 0x936c8a78 (SYSLYB) at 0x102710
[16:52:44.788] |D| [load_var_exports]: 	NID 0x6c2224ba (NID_MODULE_INFO) at 0x102300
[16:52:44.788] |I| [pre_load_module]: Pre-load module SceLibPvf (at "sys/external/libpvf.suprx") loaded
[16:52:44.857] |I| [load_self]: app0:eboot.bin: Skipping special segment 0x6fffff01...
[16:52:44.857] |I| [load_self]: Loaded module segment 0 @ [0x00105000 - 0x002752F3 / 0x81000000] (size: 0x001702F3) of module app0:eboot.bin
[16:52:44.858] |I| [load_self]: Loaded module segment 1 @ [0x00276000 - 0x0049C150 / 0x81171000] (size: 0x00226150) of module app0:eboot.bin
[16:52:44.858] |I| [load_self]: Linking SELF app0:eboot.bin...
[16:52:44.858] |D| [load_var_exports]: 	NID 0x6c2224ba (NID_MODULE_INFO) at 0x22c8ec
[16:52:44.858] |D| [load_var_exports]: 	NID 0x70fba1e7 (SCE_PROC_PARAMS) at 0x27f79c
[16:52:44.858] |D| [load_var_exports]: 	NID 0x936c8a78 (SYSLYB) at 0x2516cc
[16:52:44.858] |I| [load_app_impl]: Main executable ayksgohan (eboot.bin) loaded
[16:52:44.872] |I| [renderer::gl::compile_shader]: frag shader compiled: b36ee68a6c9d48756b682deab113e670f8194fa8ed3a66e81d941eae1f4d1484
[16:52:44.873] |I| [renderer::gl::compile_shader]: vert shader compiled: 70e73420ea86632478c78790adaea7846f7419fae4580402aae3987c0f8a84a0
[16:52:44.888] |E| [renderer::gl::compile_program]: Fragment info
-------------
0(30) : warning C7050: "pa[0].zw" might be used before being initialized


[16:52:44.889] |I| [renderer::gl::pre_compile_program]: Program Compiled 1/5
[16:52:44.979] |I| [renderer::gl::compile_shader]: frag shader compiled: d5d4141ef6161eca9d4498c2695d913ead4205e6c85b8a600fb9394655783174
[16:52:44.981] |I| [renderer::gl::compile_shader]: vert shader compiled: b91719da4c78da5ca5ae79d6c5e5fcea73ae6db03e97d4c4eaf65fc6187ed6df
[16:52:44.986] |I| [renderer::gl::pre_compile_program]: Program Compiled 2/5
[16:52:44.989] |I| [renderer::gl::compile_shader]: frag shader compiled: 4f9913d4e93662141cdb6c94ec3f07ff5d0b4fee86bb9ef57c48563ad3c0d807
[16:52:44.990] |I| [renderer::gl::compile_shader]: vert shader compiled: 801d0d3ce03b0285c759f86bbcd87cd1b48c1361352b957b44f2839975f496ed
[16:52:44.996] |I| [renderer::gl::pre_compile_program]: Program Compiled 3/5
[16:52:45.002] |I| [renderer::gl::compile_shader]: frag shader compiled: 850c188ef1d7d77126f2174b4b29c4a2feb96aa7ea13fdb66e6ddebb47d6e1b0
[16:52:45.003] |I| [renderer::gl::compile_shader]: vert shader compiled: 1683da530ed88f2dc8d7e61b883bb814280889945e5be29acc77340ce2c0e368
[16:52:45.010] |E| [renderer::gl::compile_program]: Fragment info
-------------
0(30) : warning C7050: "pa[0].zw" might be used before being initialized


[16:52:45.010] |I| [renderer::gl::pre_compile_program]: Program Compiled 4/5
[16:52:45.011] |I| [renderer::gl::compile_shader]: frag shader compiled: 4f9913d4e93662141cdb6c94ec3f07ff5d0b4fee86bb9ef57c48563ad3c0d807
[16:52:45.016] |I| [renderer::gl::compile_shader]: vert shader compiled: f2e2eaca533ffe260a73081be80f04114394f9b729f88649a7d20c20ecbc1591
[16:52:45.025] |E| [renderer::gl::compile_program]: Vertex info
-----------
0(33) : warning C7050: "internals[0]" might be used before being initialized
0(33) : warning C7050: "internals[1]" might be used before being initialized
0(33) : warning C7050: "internals[2]" might be used before being initialized


[16:52:45.025] |I| [renderer::gl::pre_compile_program]: Program Compiled 5/5
[16:52:45.037] |D| [run_app]: Running module_start of library: SceLibc at address 0x5871
[16:52:45.088] |T| [open_file]: sceKernelGetStdin: Opening terminal tty0:
[16:52:45.089] |T| [open_file]: sceKernelGetStdout: Opening terminal tty0:
[16:52:45.089] |T| [open_file]: sceKernelGetStderr: Opening terminal tty0:
[16:52:45.094] |I| [run_app]: Module SceLibc (at "app0:sce_module/libc.suprx") module_start returned 0x0
[16:52:45.097] |D| [run_app]: Running module_start of library: SceLibFios2 at address 0x5a001
[16:52:45.107] |W| [stubbed_impl]: Stubbed sceKernelGetProcessId import called. (pid: 0)
[16:52:45.108] |I| [run_app]: Module SceLibFios2 (at "app0:sce_module/libfios2.suprx") module_start returned 0x0
[16:52:45.110] |D| [run_app]: Running module_start of library: SceUlt at address 0x90769
[16:52:45.125] |W| [unimplemented_impl]: Unimplemented _sceUlobjMgrRegisterLibultProtocolRevision import called.
[16:52:45.125] |I| [run_app]: Module SceUlt (at "app0:sce_module/libult.suprx") module_start returned 0x0
[16:52:45.138] |T| [open_file]: create_trophy_context: Opening file app0:/sce_sys/trophy/NPWR09116_00/TROPHY.TRP (ux0:/app/PCSG00666/sce_sys/trophy/NPWR09116_00/TROPHY.TRP), fd: 0x3
[16:52:45.138] |T| [open_file]: create_trophy_context: Opening file ux0:/user/00/trophy/data/NPWR09116_00/TROPUSR.DAT (ux0:/user/00/trophy/data/NPWR09116_00/TROPUSR.DAT), fd: 0x4
[16:52:45.139] |T| [open_file]: install_trophy_context: Opening file ux0:/user/00/trophy/conf/NPWR09116_00/TROPCONF.SFM (ux0:/user/00/trophy/conf/NPWR09116_00/TROPCONF.SFM), fd: 0x5
[16:52:45.139] |T| [write_file]: install_trophy_context: Writing to fd: 0x5, size: 1968
[16:52:45.139] |T| [close_file]: install_trophy_context: Closing file fd: 0x5
[16:52:45.139] |T| [open_file]: install_trophy_context: Opening file ux0:/user/00/trophy/conf/NPWR09116_00/TROP.SFM (ux0:/user/00/trophy/conf/NPWR09116_00/TROP.SFM), fd: 0x6
[16:52:45.140] |T| [write_file]: install_trophy_context: Writing to fd: 0x6, size: 5206
[16:52:45.140] |T| [close_file]: install_trophy_context: Closing file fd: 0x6
[16:52:45.140] |T| [open_file]: install_trophy_context: Opening file ux0:/user/00/trophy/conf/NPWR09116_00/ICON0.PNG (ux0:/user/00/trophy/conf/NPWR09116_00/ICON0.PNG), fd: 0x7
[16:52:45.140] |T| [write_file]: install_trophy_context: Writing to fd: 0x7, size: 55647
[16:52:45.141] |T| [close_file]: install_trophy_context: Closing file fd: 0x7
[16:52:45.141] |T| [open_file]: install_trophy_context: Opening file ux0:/user/00/trophy/conf/NPWR09116_00/TROP000.PNG (ux0:/user/00/trophy/conf/NPWR09116_00/TROP000.PNG), fd: 0x8
[16:52:45.141] |T| [write_file]: install_trophy_context: Writing to fd: 0x8, size: 20174
[16:52:45.141] |T| [close_file]: install_trophy_context: Closing file fd: 0x8
[16:52:45.141] |T| [open_file]: install_trophy_context: Opening file ux0:/user/00/trophy/conf/NPWR09116_00/TROP001.PNG (ux0:/user/00/trophy/conf/NPWR09116_00/TROP001.PNG), fd: 0x9
[16:52:45.142] |T| [write_file]: install_trophy_context: Writing to fd: 0x9, size: 72223
[16:52:45.142] |T| [close_file]: install_trophy_context: Closing file fd: 0x9
[16:52:45.142] |T| [open_file]: install_trophy_context: Opening file ux0:/user/00/trophy/conf/NPWR09116_00/TROP002.PNG (ux0:/user/00/trophy/conf/NPWR09116_00/TROP002.PNG), fd: 0xa
[16:52:45.142] |T| [write_file]: install_trophy_context: Writing to fd: 0xa, size: 72009
[16:52:45.143] |T| [close_file]: install_trophy_context: Closing file fd: 0xa
[16:52:45.144] |T| [open_file]: install_trophy_context: Opening file ux0:/user/00/trophy/conf/NPWR09116_00/TROP003.PNG (ux0:/user/00/trophy/conf/NPWR09116_00/TROP003.PNG), fd: 0xb
[16:52:45.145] |T| [write_file]: install_trophy_context: Writing to fd: 0xb, size: 70412
[16:52:45.145] |T| [close_file]: install_trophy_context: Closing file fd: 0xb
[16:52:45.146] |T| [open_file]: install_trophy_context: Opening file ux0:/user/00/trophy/conf/NPWR09116_00/TROP004.PNG (ux0:/user/00/trophy/conf/NPWR09116_00/TROP004.PNG), fd: 0xc
[16:52:45.146] |T| [write_file]: install_trophy_context: Writing to fd: 0xc, size: 73581
[16:52:45.146] |T| [close_file]: install_trophy_context: Closing file fd: 0xc
[16:52:45.147] |T| [open_file]: install_trophy_context: Opening file ux0:/user/00/trophy/conf/NPWR09116_00/TROP005.PNG (ux0:/user/00/trophy/conf/NPWR09116_00/TROP005.PNG), fd: 0xd
[16:52:45.147] |T| [write_file]: install_trophy_context: Writing to fd: 0xd, size: 70640
[16:52:45.148] |T| [close_file]: install_trophy_context: Closing file fd: 0xd
[16:52:45.148] |T| [open_file]: install_trophy_context: Opening file ux0:/user/00/trophy/conf/NPWR09116_00/TROP006.PNG (ux0:/user/00/trophy/conf/NPWR09116_00/TROP006.PNG), fd: 0xe
[16:52:45.149] |T| [write_file]: install_trophy_context: Writing to fd: 0xe, size: 67371
[16:52:45.149] |T| [close_file]: install_trophy_context: Closing file fd: 0xe
[16:52:45.149] |T| [open_file]: install_trophy_context: Opening file ux0:/user/00/trophy/conf/NPWR09116_00/TROP007.PNG (ux0:/user/00/trophy/conf/NPWR09116_00/TROP007.PNG), fd: 0xf
[16:52:45.150] |T| [write_file]: install_trophy_context: Writing to fd: 0xf, size: 72443
[16:52:45.150] |T| [close_file]: install_trophy_context: Closing file fd: 0xf
[16:52:45.150] |T| [open_file]: install_trophy_context: Opening file ux0:/user/00/trophy/conf/NPWR09116_00/TROP008.PNG (ux0:/user/00/trophy/conf/NPWR09116_00/TROP008.PNG), fd: 0x10
[16:52:45.151] |T| [write_file]: install_trophy_context: Writing to fd: 0x10, size: 78882
[16:52:45.151] |T| [close_file]: install_trophy_context: Closing file fd: 0x10
[16:52:45.152] |T| [open_file]: install_trophy_context: Opening file ux0:/user/00/trophy/conf/NPWR09116_00/TROP009.PNG (ux0:/user/00/trophy/conf/NPWR09116_00/TROP009.PNG), fd: 0x11
[16:52:45.152] |T| [write_file]: install_trophy_context: Writing to fd: 0x11, size: 76051
[16:52:45.153] |T| [close_file]: install_trophy_context: Closing file fd: 0x11
[16:52:45.153] |T| [open_file]: install_trophy_context: Opening file ux0:/user/00/trophy/conf/NPWR09116_00/TROP010.PNG (ux0:/user/00/trophy/conf/NPWR09116_00/TROP010.PNG), fd: 0x12
[16:52:45.154] |T| [write_file]: install_trophy_context: Writing to fd: 0x12, size: 78525
[16:52:45.154] |T| [close_file]: install_trophy_context: Closing file fd: 0x12
[16:52:45.155] |T| [open_file]: install_trophy_context: Opening file ux0:/user/00/trophy/conf/NPWR09116_00/TROP011.PNG (ux0:/user/00/trophy/conf/NPWR09116_00/TROP011.PNG), fd: 0x13
[16:52:45.156] |T| [write_file]: install_trophy_context: Writing to fd: 0x13, size: 79771
[16:52:45.156] |T| [close_file]: install_trophy_context: Closing file fd: 0x13
[16:52:45.157] |T| [open_file]: install_trophy_context: Opening file ux0:/user/00/trophy/conf/NPWR09116_00/TROP012.PNG (ux0:/user/00/trophy/conf/NPWR09116_00/TROP012.PNG), fd: 0x14
[16:52:45.157] |T| [write_file]: install_trophy_context: Writing to fd: 0x14, size: 77997
[16:52:45.157] |T| [close_file]: install_trophy_context: Closing file fd: 0x14
[16:52:45.158] |T| [open_file]: install_trophy_context: Opening file ux0:/user/00/trophy/conf/NPWR09116_00/TROP013.PNG (ux0:/user/00/trophy/conf/NPWR09116_00/TROP013.PNG), fd: 0x15
[16:52:45.158] |T| [write_file]: install_trophy_context: Writing to fd: 0x15, size: 68296
[16:52:45.159] |T| [close_file]: install_trophy_context: Closing file fd: 0x15
[16:52:45.159] |T| [open_file]: install_trophy_context: Opening file ux0:/user/00/trophy/conf/NPWR09116_00/TROP014.PNG (ux0:/user/00/trophy/conf/NPWR09116_00/TROP014.PNG), fd: 0x16
[16:52:45.160] |T| [write_file]: install_trophy_context: Writing to fd: 0x16, size: 68530
[16:52:45.160] |T| [close_file]: install_trophy_context: Closing file fd: 0x16
[16:52:45.161] |T| [open_file]: install_trophy_context: Opening file ux0:/user/00/trophy/conf/NPWR09116_00/TROP015.PNG (ux0:/user/00/trophy/conf/NPWR09116_00/TROP015.PNG), fd: 0x17
[16:52:45.161] |T| [write_file]: install_trophy_context: Writing to fd: 0x17, size: 87295
[16:52:45.162] |T| [close_file]: install_trophy_context: Closing file fd: 0x17
[16:52:45.162] |T| [open_file]: install_trophy_context: Opening file ux0:/user/00/trophy/conf/NPWR09116_00/TROP016.PNG (ux0:/user/00/trophy/conf/NPWR09116_00/TROP016.PNG), fd: 0x18
[16:52:45.163] |T| [write_file]: install_trophy_context: Writing to fd: 0x18, size: 73288
[16:52:45.163] |T| [close_file]: install_trophy_context: Closing file fd: 0x18
[16:52:45.164] |T| [open_file]: install_trophy_context: Opening file ux0:/user/00/trophy/conf/NPWR09116_00/TROP017.PNG (ux0:/user/00/trophy/conf/NPWR09116_00/TROP017.PNG), fd: 0x19
[16:52:45.165] |T| [write_file]: install_trophy_context: Writing to fd: 0x19, size: 80107
[16:52:45.165] |T| [close_file]: install_trophy_context: Closing file fd: 0x19
[16:52:45.166] |T| [open_file]: install_trophy_context: Opening file ux0:/user/00/trophy/conf/NPWR09116_00/TROP018.PNG (ux0:/user/00/trophy/conf/NPWR09116_00/TROP018.PNG), fd: 0x1a
[16:52:45.166] |T| [write_file]: install_trophy_context: Writing to fd: 0x1a, size: 72712
[16:52:45.167] |T| [close_file]: install_trophy_context: Closing file fd: 0x1a
[16:52:45.167] |T| [open_file]: install_trophy_context: Opening file ux0:/user/00/trophy/conf/NPWR09116_00/TROP019.PNG (ux0:/user/00/trophy/conf/NPWR09116_00/TROP019.PNG), fd: 0x1b
[16:52:45.168] |T| [write_file]: install_trophy_context: Writing to fd: 0x1b, size: 78963
[16:52:45.168] |T| [close_file]: install_trophy_context: Closing file fd: 0x1b
[16:52:45.168] |T| [open_file]: install_trophy_context: Opening file ux0:/user/00/trophy/conf/NPWR09116_00/TROP020.PNG (ux0:/user/00/trophy/conf/NPWR09116_00/TROP020.PNG), fd: 0x1c
[16:52:45.169] |T| [write_file]: install_trophy_context: Writing to fd: 0x1c, size: 69420
[16:52:45.169] |T| [close_file]: install_trophy_context: Closing file fd: 0x1c
[16:52:45.169] |T| [open_file]: install_trophy_context: Opening file ux0:/user/00/trophy/conf/NPWR09116_00/TROP021.PNG (ux0:/user/00/trophy/conf/NPWR09116_00/TROP021.PNG), fd: 0x1d
[16:52:45.170] |T| [write_file]: install_trophy_context: Writing to fd: 0x1d, size: 73743
[16:52:45.170] |T| [close_file]: install_trophy_context: Closing file fd: 0x1d
[16:52:45.171] |T| [open_file]: install_trophy_context: Opening file ux0:/user/00/trophy/conf/NPWR09116_00/TROP022.PNG (ux0:/user/00/trophy/conf/NPWR09116_00/TROP022.PNG), fd: 0x1e
[16:52:45.171] |T| [write_file]: install_trophy_context: Writing to fd: 0x1e, size: 73540
[16:52:45.171] |T| [close_file]: install_trophy_context: Closing file fd: 0x1e
[16:52:45.172] |T| [open_file]: install_trophy_context: Opening file ux0:/user/00/trophy/conf/NPWR09116_00/TROP023.PNG (ux0:/user/00/trophy/conf/NPWR09116_00/TROP023.PNG), fd: 0x1f
[16:52:45.172] |T| [write_file]: install_trophy_context: Writing to fd: 0x1f, size: 62219
[16:52:45.172] |T| [close_file]: install_trophy_context: Closing file fd: 0x1f
[16:52:45.173] |T| [open_file]: install_trophy_context: Opening file ux0:/user/00/trophy/conf/NPWR09116_00/TROP024.PNG (ux0:/user/00/trophy/conf/NPWR09116_00/TROP024.PNG), fd: 0x20
[16:52:45.173] |T| [write_file]: install_trophy_context: Writing to fd: 0x20, size: 76869
[16:52:45.173] |T| [close_file]: install_trophy_context: Closing file fd: 0x20
[16:52:45.174] |T| [open_file]: install_trophy_context: Opening file ux0:/user/00/trophy/conf/NPWR09116_00/TROP025.PNG (ux0:/user/00/trophy/conf/NPWR09116_00/TROP025.PNG), fd: 0x21
[16:52:45.174] |T| [write_file]: install_trophy_context: Writing to fd: 0x21, size: 76652
[16:52:45.175] |T| [close_file]: install_trophy_context: Closing file fd: 0x21
[16:52:45.175] |T| [open_file]: install_trophy_context: Opening file ux0:/user/00/trophy/conf/NPWR09116_00/TROP026.PNG (ux0:/user/00/trophy/conf/NPWR09116_00/TROP026.PNG), fd: 0x22
[16:52:45.175] |T| [write_file]: install_trophy_context: Writing to fd: 0x22, size: 69575
[16:52:45.175] |T| [close_file]: install_trophy_context: Closing file fd: 0x22
[16:52:45.176] |T| [close_file]: create_trophy_context: Closing file fd: 0x4
[16:52:45.176] |T| [export_sceNpTrophyCreateContext]: Trophy context for NPWR09116_00 create successfuly!
[16:52:45.251] |I| [export_sceIoOpen]: Opening file: app0:data/sound/voice.cpk
[16:52:45.252] |T| [open_file]: sceIoOpen: Opening file app0:data/sound/voice.cpk (ux0:/app/PCSG00666/data/sound/voice.cpk), fd: 0x23
[16:52:45.262] |T| [close_file]: sceIoClose: Closing file fd: 0x23
[16:52:45.275] |I| [export_sceIoOpen]: Opening file: app0:data/sound/voice.cpk
[16:52:45.276] |T| [open_file]: sceIoOpen: Opening file app0:data/sound/voice.cpk (ux0:/app/PCSG00666/data/sound/voice.cpk), fd: 0x24
[16:52:45.283] |I| [export_sceIoOpen]: Opening file: app0:data/sound/SystemSE.cpk
[16:52:45.283] |T| [open_file]: sceIoOpen: Opening file app0:data/sound/SystemSE.cpk (ux0:/app/PCSG00666/data/sound/SystemSE.cpk), fd: 0x25
[16:52:45.284] |T| [close_file]: sceIoClose: Closing file fd: 0x25
[16:52:45.295] |I| [export_sceIoOpen]: Opening file: app0:data/sound/SystemSE.cpk
[16:52:45.296] |T| [open_file]: sceIoOpen: Opening file app0:data/sound/SystemSE.cpk (ux0:/app/PCSG00666/data/sound/SystemSE.cpk), fd: 0x26
[16:52:45.302] |I| [export_sceIoOpen]: Opening file: app0:data/sound/SE.cpk
[16:52:45.302] |T| [open_file]: sceIoOpen: Opening file app0:data/sound/SE.cpk (ux0:/app/PCSG00666/data/sound/SE.cpk), fd: 0x27
[16:52:45.304] |T| [close_file]: sceIoClose: Closing file fd: 0x27
[16:52:45.314] |I| [export_sceIoOpen]: Opening file: app0:data/sound/SE.cpk
[16:52:45.315] |T| [open_file]: sceIoOpen: Opening file app0:data/sound/SE.cpk (ux0:/app/PCSG00666/data/sound/SE.cpk), fd: 0x28
[16:52:45.321] |I| [export_sceIoOpen]: Opening file: app0:data/graphic.cpk
[16:52:45.321] |T| [open_file]: sceIoOpen: Opening file app0:data/graphic.cpk (ux0:/app/PCSG00666/data/graphic.cpk), fd: 0x29
[16:52:45.322] |T| [close_file]: sceIoClose: Closing file fd: 0x29
[16:52:45.332] |I| [export_sceIoOpen]: Opening file: app0:data/graphic.cpk
[16:52:45.333] |T| [open_file]: sceIoOpen: Opening file app0:data/graphic.cpk (ux0:/app/PCSG00666/data/graphic.cpk), fd: 0x2a
[16:52:45.340] |E| [logging::ret_error_impl]: sceSysmoduleIsLoaded returned SCE_SYSMODULE_ERROR_UNLOADED (0x805a1001)
[16:52:45.340] |W| [ngs::create_voice_definition]: Missing voice definition for Buss Type 7, using passthrough.
[16:52:45.347] |T| [export_sceNgsPatchCreateRouting]: Patching 0x68AA90:0:0 to 0x68F990:0
[16:52:45.417] |I| [load_module]: Loading module ID: 0x13
[16:52:45.419] |I| [load_self]: sys/external/libsystemgesture.suprx: Skipping special segment 0x6fffff01...
[16:52:45.419] |I| [load_self]: Loaded module segment 0 @ [0x084F9000 - 0x084FC08C / 0x81000000] (size: 0x0000308C) of module sys/external/libsystemgesture.suprx
[16:52:45.419] |I| [load_self]: Loaded module segment 1 @ [0x084FD000 - 0x084FDBF0 / 0x81004000] (size: 0x00000BF0) of module sys/external/libsystemgesture.suprx
[16:52:45.420] |I| [load_self]: Linking SELF sys/external/libsystemgesture.suprx...
[16:52:45.420] |D| [load_var_exports]: 	NID 0x936c8a78 (SYSLYB) at 0x84fc074
[16:52:45.420] |D| [load_var_exports]: 	NID 0x6c2224ba (NID_MODULE_INFO) at 0x84fbbd4
[16:52:45.421] |I| [load_module]: Module SceSystemGesture (at "sys/external/libsystemgesture.suprx") loaded
[16:52:45.421] |D| [load_module]: Running module_start of module: SceSystemGesture
[16:52:45.421] |I| [load_module]: Module SceSystemGesture (at "sys/external/libsystemgesture.suprx") module_start returned 0x0
[16:52:45.421] |T| [log_import_call]: [LLE] TID: 7   FUNC: 0x6078a08b sceSystemGestureInitializePrimitiveTouchRecognizer at 0x22c87c
[16:52:45.421] |W| [stubbed_impl]: Stubbed sceTouchGetPixelDensity2 import called. (Return constant values (22.0))
[16:52:45.422] |T| [log_import_call]: [LLE] TID: 7   FUNC: 0xc3367370 sceSystemGestureCreateTouchRecognizer at 0x22c8ac
[16:52:45.450] |W| [stubbed_impl]: Stubbed sceGxmMapVertexUsseMemory import called. (always return success)
[16:52:45.451] |W| [stubbed_impl]: Stubbed sceGxmMapFragmentUsseMemory import called. (always return success)
[16:52:45.503] |T| [log_import_call]: [LLE] TID: 7   FUNC: 0xd941b90 sceSystemGestureResetTouchRecognizer at 0x22c86c
[16:52:45.504] |T| [open_file]: _sceKernelLoadStartModule: Opening file app0:data/prx/liblua.suprx (ux0:/app/PCSG00666/data/prx/liblua.suprx), fd: 0x2b
[16:52:45.505] |I| [load_self]: app0:data/prx/liblua.suprx: Skipping special segment 0x6fffff01...
[16:52:45.505] |I| [load_self]: Loaded module segment 0 @ [0x08709000 - 0x087259A4 / 0x81000000] (size: 0x0001C9A4) of module app0:data/prx/liblua.suprx
[16:52:45.505] |I| [load_self]: Loaded module segment 1 @ [0x08607000 - 0x08607008 / 0x8101D000] (size: 0x00000008) of module app0:data/prx/liblua.suprx
[16:52:45.505] |I| [load_self]: Linking SELF app0:data/prx/liblua.suprx...
[16:52:45.505] |D| [load_var_exports]: 	NID 0x6c2224ba (NID_MODULE_INFO) at 0x8720328
[16:52:45.505] |D| [load_var_exports]: 	NID 0x936c8a78 (SYSLYB) at 0x87259a0
[16:52:45.506] |T| [close_file]: _sceKernelLoadStartModule: Closing file fd: 0x2b
[16:52:45.506] |I| [start_module]: Module liblua (at "app0:data/prx/liblua.suprx") module_start returned 0x0
[16:52:45.506] |W| [unimplemented_impl]: Unimplemented sceAppUtilInit import called.
[16:52:45.512] |I| [export_sceIoOpen]: Opening file: app0:data/font/FOT-TsukuARdGothicStd-D.otf
[16:52:45.512] |T| [open_file]: sceIoOpen: Opening file app0:data/font/FOT-TsukuARdGothicStd-D.otf (ux0:/app/PCSG00666/data/font/FOT-TsukuARdGothicStd-D.otf), fd: 0x2c
[16:52:45.513] |W| [unimplemented_impl]: Unimplemented sceIoIoctl import called.
[16:52:45.650] |T| [log_import_call]: [LLE] TID: 7   FUNC: 0x77e2ecbc UNRECOGNISED at 0x22b2fc
[16:52:45.655] |T| [log_import_call]: [LLE] TID: 7   FUNC: 0x6b4bdf7b UNRECOGNISED at 0x22b2cc
[16:52:45.670] |T| [log_import_call]: [LLE] TID: 7   FUNC: 0xcd8a8cc5 UNRECOGNISED at 0x22b3ac
[16:52:45.670] |T| [log_import_call]: [LLE] TID: 7   FUNC: 0x75974ef0 UNRECOGNISED at 0x22b2ec
[16:52:45.671] |T| [log_import_call]: [LLE] TID: 7   FUNC: 0x83e59dfe UNRECOGNISED at 0x22b30c
[16:52:45.671] |T| [log_import_call]: [LLE] TID: 7   FUNC: 0xbd669bf5 UNRECOGNISED at 0x22b37c
[16:52:45.677] |T| [log_import_call]: [LLE] TID: 7   FUNC: 0xee681e1d sceFiosFHOpenWithModeSync at 0x4142c
[16:52:45.678] |I| [export_sceIoOpen]: Opening file: app0:data/lua/base.lua
[16:52:45.678] |T| [open_file]: sceIoOpen: Opening file app0:data/lua/base.lua (ux0:/app/PCSG00666/data/lua/base.lua), fd: 0x2d
[16:52:45.680] |T| [log_import_call]: [LLE] TID: 7   FUNC: 0xa75f3c4a sceFiosFHSeek at 0x413cc
[16:52:45.680] |T| [log_import_call]: [LLE] TID: 7   FUNC: 0xb309e327 sceFiosIsValidHandle at 0x413ec
[16:52:45.681] |T| [log_import_call]: [LLE] TID: 7   FUNC: 0x76945919 sceFiosFHReadSync at 0x413ac
[16:52:45.716] |T| [log_import_call]: [LLE] TID: 7   FUNC: 0x45182328 sceFiosFHCloseSync at 0x4138c
[16:52:45.717] |T| [close_file]: sceIoClose: Closing file fd: 0x2d
[16:52:45.718] |T| [log_import_call]: [LLE] TID: 7   FUNC: 0xc9f038aa UNRECOGNISED at 0x22b38c
[16:52:45.721] |I| [export_sceIoOpen]: Opening file: app0:data/lua/scriptfunction.lua
[16:52:45.721] |T| [open_file]: sceIoOpen: Opening file app0:data/lua/scriptfunction.lua (ux0:/app/PCSG00666/data/lua/scriptfunction.lua), fd: 0x2e
[16:52:45.722] |T| [close_file]: sceIoClose: Closing file fd: 0x2e
[16:52:45.722] |I| [export_sceIoOpen]: Opening file: app0:data/lua/scriptfunction.lua
[16:52:45.722] |T| [open_file]: sceIoOpen: Opening file app0:data/lua/scriptfunction.lua (ux0:/app/PCSG00666/data/lua/scriptfunction.lua), fd: 0x2f
[16:52:45.735] |T| [close_file]: sceIoClose: Closing file fd: 0x2f
[16:52:45.737] |T| [write_file]: *** TTY: read scriptfunction.lua
[16:52:45.743] |T| [log_import_call]: [LLE] TID: 7   FUNC: 0xdf4c665a sceSystemGestureUpdatePrimitiveTouchRecognizer at 0x22c8cc
[16:52:45.744] |T| [log_import_call]: [LLE] TID: 7   FUNC: 0xc750d3da sceSystemGestureGetPrimitiveTouchEvents at 0x22c8bc
[16:52:45.745] |T| [log_import_call]: [LLE] TID: 7   FUNC: 0x851fb144 sceSystemGestureUpdateTouchRecognizer at 0x22c89c
[16:52:45.745] |T| [log_import_call]: [LLE] TID: 7   FUNC: 0x789d867c sceSystemGestureGetTouchEvents at 0x22c88c
[16:52:45.755] |W| [unimplemented_impl]: Unimplemented sceCommonDialogUpdate import called.
[16:52:45.818] |W| [stubbed_impl]: Stubbed sceNpTrophyCreateHandle import called. (Stubbed handle with 1)
[16:52:45.902] |E| [open_file]: Missing file at C:/Users/wiseh/AppData/Roaming/Vita3K/Vita3K/ux0/user/00/savedata/PCSG00666/SlotParam_100.bin (target path: savedata0:/SlotParam_100.bin)
[16:52:45.902] |W| [io_error_impl]: open_file (sceAppUtilSaveDataSlotGetParam) returned 0x80010002
[16:52:45.903] |E| [logging::ret_error_impl]: sceAppUtilSaveDataSlotGetParam returned SCE_APPUTIL_ERROR_SAVEDATA_SLOT_NOT_FOUND (0x80100641)
[16:52:46.053] |I| [export_sceIoOpen]: Opening file: app0:/data/movie/Brand.usm
[16:52:46.054] |T| [open_file]: sceIoOpen: Opening file app0:/data/movie/Brand.usm (ux0:/app/PCSG00666/data/movie/Brand.usm), fd: 0x30
[16:52:46.168] |T| [export_sceNgsPatchCreateRouting]: Patching 0x684A98:0:0 to 0x68AA90:0
[16:52:46.302] |T| [export_sceNgsPatchCreateRouting]: Patching 0x676DF0:0:0 to 0x68AA90:0
[16:52:50.750] |T| [close_file]: sceIoClose: Closing file fd: 0x30
[16:53:07.850] |I| [export_sceIoOpen]: Opening file: app0:/data/sound/BGM/loop/BGM_01.at9
[16:53:07.850] |T| [open_file]: sceIoOpen: Opening file app0:/data/sound/BGM/loop/BGM_01.at9 (ux0:/app/PCSG00666/data/sound/BGM/loop/BGM_01.at9), fd: 0x31
[16:53:08.000] |T| [close_file]: sceIoClose: Closing file fd: 0x31
[16:53:08.099] |I| [export_sceIoOpen]: Opening file: app0:/data/sound/BGM/loop/BGM_01.at9
[16:53:08.100] |T| [open_file]: sceIoOpen: Opening file app0:/data/sound/BGM/loop/BGM_01.at9 (ux0:/app/PCSG00666/data/sound/BGM/loop/BGM_01.at9), fd: 0x32
[16:53:08.199] |T| [export_sceNgsPatchCreateRouting]: Patching 0x684060:0:0 to 0x68AA90:0
[16:53:21.250] |T| [export_sceNgsPatchCreateRouting]: Patching 0x684FB4:0:0 to 0x68AA90:0
[16:53:24.960] |T| [open_file]: sceSaveDataDialogInit: Opening file savedata0:/SlotParam_0.bin (ux0:/user/00/savedata/PCSG00666/SlotParam_0.bin), fd: 0x33
[16:53:24.960] |T| [close_file]: sceSaveDataDialogInit: Closing file fd: 0x33
[16:53:24.961] |T| [open_file]: sceSaveDataDialogInit: Opening file savedata0:/SlotParam_1.bin (ux0:/user/00/savedata/PCSG00666/SlotParam_1.bin), fd: 0x34
[16:53:24.961] |T| [close_file]: sceSaveDataDialogInit: Closing file fd: 0x34
[16:53:24.962] |T| [open_file]: sceSaveDataDialogInit: Opening file savedata0:/SlotParam_2.bin (ux0:/user/00/savedata/PCSG00666/SlotParam_2.bin), fd: 0x35
[16:53:24.962] |T| [close_file]: sceSaveDataDialogInit: Closing file fd: 0x35
[16:53:24.963] |T| [open_file]: sceSaveDataDialogInit: Opening file savedata0:/SlotParam_3.bin (ux0:/user/00/savedata/PCSG00666/SlotParam_3.bin), fd: 0x36
[16:53:24.963] |T| [close_file]: sceSaveDataDialogInit: Closing file fd: 0x36
[16:53:24.964] |T| [open_file]: sceSaveDataDialogInit: Opening file savedata0:/SlotParam_4.bin (ux0:/user/00/savedata/PCSG00666/SlotParam_4.bin), fd: 0x37
[16:53:24.964] |T| [close_file]: sceSaveDataDialogInit: Closing file fd: 0x37
[16:53:24.965] |T| [open_file]: sceSaveDataDialogInit: Opening file savedata0:/SlotParam_5.bin (ux0:/user/00/savedata/PCSG00666/SlotParam_5.bin), fd: 0x38
[16:53:24.965] |T| [close_file]: sceSaveDataDialogInit: Closing file fd: 0x38
[16:53:24.965] |T| [open_file]: sceSaveDataDialogInit: Opening file savedata0:/SlotParam_6.bin (ux0:/user/00/savedata/PCSG00666/SlotParam_6.bin), fd: 0x39
[16:53:24.966] |T| [close_file]: sceSaveDataDialogInit: Closing file fd: 0x39
[16:53:24.966] |T| [open_file]: sceSaveDataDialogInit: Opening file savedata0:/SlotParam_7.bin (ux0:/user/00/savedata/PCSG00666/SlotParam_7.bin), fd: 0x3a
[16:53:24.966] |T| [close_file]: sceSaveDataDialogInit: Closing file fd: 0x3a
[16:53:24.967] |T| [open_file]: sceSaveDataDialogInit: Opening file savedata0:/SlotParam_8.bin (ux0:/user/00/savedata/PCSG00666/SlotParam_8.bin), fd: 0x3b
[16:53:24.967] |T| [close_file]: sceSaveDataDialogInit: Closing file fd: 0x3b
[16:53:24.967] |T| [open_file]: sceSaveDataDialogInit: Opening file savedata0:/SlotParam_9.bin (ux0:/user/00/savedata/PCSG00666/SlotParam_9.bin), fd: 0x3c
[16:53:24.968] |T| [close_file]: sceSaveDataDialogInit: Closing file fd: 0x3c
[16:53:24.969] |T| [open_file]: sceSaveDataDialogInit: Opening file savedata0:/SlotParam_10.bin (ux0:/user/00/savedata/PCSG00666/SlotParam_10.bin), fd: 0x3d
[16:53:24.969] |T| [close_file]: sceSaveDataDialogInit: Closing file fd: 0x3d
[16:53:24.970] |T| [open_file]: sceSaveDataDialogInit: Opening file savedata0:/SlotParam_11.bin (ux0:/user/00/savedata/PCSG00666/SlotParam_11.bin), fd: 0x3e
[16:53:24.970] |T| [close_file]: sceSaveDataDialogInit: Closing file fd: 0x3e
[16:53:24.971] |E| [open_file]: Missing file at C:/Users/wiseh/AppData/Roaming/Vita3K/Vita3K/ux0/user/00/savedata/PCSG00666/SlotParam_12.bin (target path: savedata0:/SlotParam_12.bin)
[16:53:24.971] |W| [io_error_impl]: open_file (sceSaveDataDialogInit) returned 0x80010002
[16:53:24.971] |E| [open_file]: Missing file at C:/Users/wiseh/AppData/Roaming/Vita3K/Vita3K/ux0/user/00/savedata/PCSG00666/SlotParam_13.bin (target path: savedata0:/SlotParam_13.bin)
[16:53:24.971] |W| [io_error_impl]: open_file (sceSaveDataDialogInit) returned 0x80010002
[16:53:24.971] |E| [open_file]: Missing file at C:/Users/wiseh/AppData/Roaming/Vita3K/Vita3K/ux0/user/00/savedata/PCSG00666/SlotParam_14.bin (target path: savedata0:/SlotParam_14.bin)
[16:53:24.971] |W| [io_error_impl]: open_file (sceSaveDataDialogInit) returned 0x80010002
[16:53:24.972] |E| [open_file]: Missing file at C:/Users/wiseh/AppData/Roaming/Vita3K/Vita3K/ux0/user/00/savedata/PCSG00666/SlotParam_15.bin (target path: savedata0:/SlotParam_15.bin)
[16:53:24.972] |W| [io_error_impl]: open_file (sceSaveDataDialogInit) returned 0x80010002
[16:53:24.972] |E| [open_file]: Missing file at C:/Users/wiseh/AppData/Roaming/Vita3K/Vita3K/ux0/user/00/savedata/PCSG00666/SlotParam_16.bin (target path: savedata0:/SlotParam_16.bin)
[16:53:24.972] |W| [io_error_impl]: open_file (sceSaveDataDialogInit) returned 0x80010002
[16:53:24.972] |E| [open_file]: Missing file at C:/Users/wiseh/AppData/Roaming/Vita3K/Vita3K/ux0/user/00/savedata/PCSG00666/SlotParam_17.bin (target path: savedata0:/SlotParam_17.bin)
[16:53:24.972] |W| [io_error_impl]: open_file (sceSaveDataDialogInit) returned 0x80010002
[16:53:24.972] |E| [open_file]: Missing file at C:/Users/wiseh/AppData/Roaming/Vita3K/Vita3K/ux0/user/00/savedata/PCSG00666/SlotParam_18.bin (target path: savedata0:/SlotParam_18.bin)
[16:53:24.972] |W| [io_error_impl]: open_file (sceSaveDataDialogInit) returned 0x80010002
[16:53:24.973] |E| [open_file]: Missing file at C:/Users/wiseh/AppData/Roaming/Vita3K/Vita3K/ux0/user/00/savedata/PCSG00666/SlotParam_19.bin (target path: savedata0:/SlotParam_19.bin)
[16:53:24.973] |W| [io_error_impl]: open_file (sceSaveDataDialogInit) returned 0x80010002
[16:53:24.973] |E| [open_file]: Missing file at C:/Users/wiseh/AppData/Roaming/Vita3K/Vita3K/ux0/user/00/savedata/PCSG00666/SlotParam_20.bin (target path: savedata0:/SlotParam_20.bin)
[16:53:24.974] |W| [io_error_impl]: open_file (sceSaveDataDialogInit) returned 0x80010002
[16:53:24.974] |E| [open_file]: Missing file at C:/Users/wiseh/AppData/Roaming/Vita3K/Vita3K/ux0/user/00/savedata/PCSG00666/SlotParam_21.bin (target path: savedata0:/SlotParam_21.bin)
[16:53:24.974] |W| [io_error_impl]: open_file (sceSaveDataDialogInit) returned 0x80010002
[16:53:24.974] |E| [open_file]: Missing file at C:/Users/wiseh/AppData/Roaming/Vita3K/Vita3K/ux0/user/00/savedata/PCSG00666/SlotParam_22.bin (target path: savedata0:/SlotParam_22.bin)
[16:53:24.974] |W| [io_error_impl]: open_file (sceSaveDataDialogInit) returned 0x80010002
[16:53:24.974] |E| [open_file]: Missing file at C:/Users/wiseh/AppData/Roaming/Vita3K/Vita3K/ux0/user/00/savedata/PCSG00666/SlotParam_23.bin (target path: savedata0:/SlotParam_23.bin)
[16:53:24.974] |W| [io_error_impl]: open_file (sceSaveDataDialogInit) returned 0x80010002
[16:53:24.974] |E| [open_file]: Missing file at C:/Users/wiseh/AppData/Roaming/Vita3K/Vita3K/ux0/user/00/savedata/PCSG00666/SlotParam_24.bin (target path: savedata0:/SlotParam_24.bin)
[16:53:24.975] |W| [io_error_impl]: open_file (sceSaveDataDialogInit) returned 0x80010002
[16:53:24.975] |E| [open_file]: Missing file at C:/Users/wiseh/AppData/Roaming/Vita3K/Vita3K/ux0/user/00/savedata/PCSG00666/SlotParam_25.bin (target path: savedata0:/SlotParam_25.bin)
[16:53:24.975] |W| [io_error_impl]: open_file (sceSaveDataDialogInit) returned 0x80010002
[16:53:24.975] |E| [open_file]: Missing file at C:/Users/wiseh/AppData/Roaming/Vita3K/Vita3K/ux0/user/00/savedata/PCSG00666/SlotParam_26.bin (target path: savedata0:/SlotParam_26.bin)
[16:53:24.975] |W| [io_error_impl]: open_file (sceSaveDataDialogInit) returned 0x80010002
[16:53:24.975] |E| [open_file]: Missing file at C:/Users/wiseh/AppData/Roaming/Vita3K/Vita3K/ux0/user/00/savedata/PCSG00666/SlotParam_27.bin (target path: savedata0:/SlotParam_27.bin)
[16:53:24.975] |W| [io_error_impl]: open_file (sceSaveDataDialogInit) returned 0x80010002
[16:53:24.975] |E| [open_file]: Missing file at C:/Users/wiseh/AppData/Roaming/Vita3K/Vita3K/ux0/user/00/savedata/PCSG00666/SlotParam_28.bin (target path: savedata0:/SlotParam_28.bin)
[16:53:24.976] |W| [io_error_impl]: open_file (sceSaveDataDialogInit) returned 0x80010002
[16:53:24.976] |E| [open_file]: Missing file at C:/Users/wiseh/AppData/Roaming/Vita3K/Vita3K/ux0/user/00/savedata/PCSG00666/SlotParam_29.bin (target path: savedata0:/SlotParam_29.bin)
[16:53:24.976] |W| [io_error_impl]: open_file (sceSaveDataDialogInit) returned 0x80010002
[16:53:24.976] |E| [open_file]: Missing file at C:/Users/wiseh/AppData/Roaming/Vita3K/Vita3K/ux0/user/00/savedata/PCSG00666/SlotParam_30.bin (target path: savedata0:/SlotParam_30.bin)
[16:53:24.976] |W| [io_error_impl]: open_file (sceSaveDataDialogInit) returned 0x80010002
[16:53:24.976] |E| [open_file]: Missing file at C:/Users/wiseh/AppData/Roaming/Vita3K/Vita3K/ux0/user/00/savedata/PCSG00666/SlotParam_31.bin (target path: savedata0:/SlotParam_31.bin)
[16:53:24.977] |W| [io_error_impl]: open_file (sceSaveDataDialogInit) returned 0x80010002
[16:53:24.977] |E| [open_file]: Missing file at C:/Users/wiseh/AppData/Roaming/Vita3K/Vita3K/ux0/user/00/savedata/PCSG00666/SlotParam_32.bin (target path: savedata0:/SlotParam_32.bin)
[16:53:24.977] |W| [io_error_impl]: open_file (sceSaveDataDialogInit) returned 0x80010002
[16:53:24.977] |E| [open_file]: Missing file at C:/Users/wiseh/AppData/Roaming/Vita3K/Vita3K/ux0/user/00/savedata/PCSG00666/SlotParam_33.bin (target path: savedata0:/SlotParam_33.bin)
[16:53:24.977] |W| [io_error_impl]: open_file (sceSaveDataDialogInit) returned 0x80010002
[16:53:24.978] |E| [open_file]: Missing file at C:/Users/wiseh/AppData/Roaming/Vita3K/Vita3K/ux0/user/00/savedata/PCSG00666/SlotParam_34.bin (target path: savedata0:/SlotParam_34.bin)
[16:53:24.978] |W| [io_error_impl]: open_file (sceSaveDataDialogInit) returned 0x80010002
[16:53:24.978] |E| [open_file]: Missing file at C:/Users/wiseh/AppData/Roaming/Vita3K/Vita3K/ux0/user/00/savedata/PCSG00666/SlotParam_35.bin (target path: savedata0:/SlotParam_35.bin)
[16:53:24.978] |W| [io_error_impl]: open_file (sceSaveDataDialogInit) returned 0x80010002
[16:53:24.978] |E| [open_file]: Missing file at C:/Users/wiseh/AppData/Roaming/Vita3K/Vita3K/ux0/user/00/savedata/PCSG00666/SlotParam_36.bin (target path: savedata0:/SlotParam_36.bin)
[16:53:24.978] |W| [io_error_impl]: open_file (sceSaveDataDialogInit) returned 0x80010002
[16:53:24.978] |E| [open_file]: Missing file at C:/Users/wiseh/AppData/Roaming/Vita3K/Vita3K/ux0/user/00/savedata/PCSG00666/SlotParam_37.bin (target path: savedata0:/SlotParam_37.bin)
[16:53:24.978] |W| [io_error_impl]: open_file (sceSaveDataDialogInit) returned 0x80010002
[16:53:24.978] |E| [open_file]: Missing file at C:/Users/wiseh/AppData/Roaming/Vita3K/Vita3K/ux0/user/00/savedata/PCSG00666/SlotParam_38.bin (target path: savedata0:/SlotParam_38.bin)
[16:53:24.978] |W| [io_error_impl]: open_file (sceSaveDataDialogInit) returned 0x80010002
[16:53:24.979] |E| [open_file]: Missing file at C:/Users/wiseh/AppData/Roaming/Vita3K/Vita3K/ux0/user/00/savedata/PCSG00666/SlotParam_39.bin (target path: savedata0:/SlotParam_39.bin)
[16:53:24.979] |W| [io_error_impl]: open_file (sceSaveDataDialogInit) returned 0x80010002
[16:53:24.979] |E| [open_file]: Missing file at C:/Users/wiseh/AppData/Roaming/Vita3K/Vita3K/ux0/user/00/savedata/PCSG00666/SlotParam_40.bin (target path: savedata0:/SlotParam_40.bin)
[16:53:24.979] |W| [io_error_impl]: open_file (sceSaveDataDialogInit) returned 0x80010002
[16:53:24.979] |E| [open_file]: Missing file at C:/Users/wiseh/AppData/Roaming/Vita3K/Vita3K/ux0/user/00/savedata/PCSG00666/SlotParam_41.bin (target path: savedata0:/SlotParam_41.bin)
[16:53:24.979] |W| [io_error_impl]: open_file (sceSaveDataDialogInit) returned 0x80010002
[16:53:24.979] |E| [open_file]: Missing file at C:/Users/wiseh/AppData/Roaming/Vita3K/Vita3K/ux0/user/00/savedata/PCSG00666/SlotParam_42.bin (target path: savedata0:/SlotParam_42.bin)
[16:53:24.979] |W| [io_error_impl]: open_file (sceSaveDataDialogInit) returned 0x80010002
[16:53:24.979] |E| [open_file]: Missing file at C:/Users/wiseh/AppData/Roaming/Vita3K/Vita3K/ux0/user/00/savedata/PCSG00666/SlotParam_43.bin (target path: savedata0:/SlotParam_43.bin)
[16:53:24.980] |W| [io_error_impl]: open_file (sceSaveDataDialogInit) returned 0x80010002
[16:53:24.980] |E| [open_file]: Missing file at C:/Users/wiseh/AppData/Roaming/Vita3K/Vita3K/ux0/user/00/savedata/PCSG00666/SlotParam_44.bin (target path: savedata0:/SlotParam_44.bin)
[16:53:24.980] |W| [io_error_impl]: open_file (sceSaveDataDialogInit) returned 0x80010002
[16:53:24.980] |E| [open_file]: Missing file at C:/Users/wiseh/AppData/Roaming/Vita3K/Vita3K/ux0/user/00/savedata/PCSG00666/SlotParam_45.bin (target path: savedata0:/SlotParam_45.bin)
[16:53:24.980] |W| [io_error_impl]: open_file (sceSaveDataDialogInit) returned 0x80010002
[16:53:24.980] |E| [open_file]: Missing file at C:/Users/wiseh/AppData/Roaming/Vita3K/Vita3K/ux0/user/00/savedata/PCSG00666/SlotParam_46.bin (target path: savedata0:/SlotParam_46.bin)
[16:53:24.980] |W| [io_error_impl]: open_file (sceSaveDataDialogInit) returned 0x80010002
[16:53:24.980] |E| [open_file]: Missing file at C:/Users/wiseh/AppData/Roaming/Vita3K/Vita3K/ux0/user/00/savedata/PCSG00666/SlotParam_47.bin (target path: savedata0:/SlotParam_47.bin)
[16:53:24.981] |W| [io_error_impl]: open_file (sceSaveDataDialogInit) returned 0x80010002
[16:53:24.981] |E| [open_file]: Missing file at C:/Users/wiseh/AppData/Roaming/Vita3K/Vita3K/ux0/user/00/savedata/PCSG00666/SlotParam_48.bin (target path: savedata0:/SlotParam_48.bin)
[16:53:24.981] |W| [io_error_impl]: open_file (sceSaveDataDialogInit) returned 0x80010002
[16:53:24.981] |E| [open_file]: Missing file at C:/Users/wiseh/AppData/Roaming/Vita3K/Vita3K/ux0/user/00/savedata/PCSG00666/SlotParam_49.bin (target path: savedata0:/SlotParam_49.bin)
[16:53:24.981] |W| [io_error_impl]: open_file (sceSaveDataDialogInit) returned 0x80010002
[16:53:24.981] |E| [open_file]: Missing file at C:/Users/wiseh/AppData/Roaming/Vita3K/Vita3K/ux0/user/00/savedata/PCSG00666/SlotParam_50.bin (target path: savedata0:/SlotParam_50.bin)
[16:53:24.981] |W| [io_error_impl]: open_file (sceSaveDataDialogInit) returned 0x80010002
[16:53:24.981] |E| [open_file]: Missing file at C:/Users/wiseh/AppData/Roaming/Vita3K/Vita3K/ux0/user/00/savedata/PCSG00666/SlotParam_51.bin (target path: savedata0:/SlotParam_51.bin)
[16:53:24.981] |W| [io_error_impl]: open_file (sceSaveDataDialogInit) returned 0x80010002
[16:53:24.981] |E| [open_file]: Missing file at C:/Users/wiseh/AppData/Roaming/Vita3K/Vita3K/ux0/user/00/savedata/PCSG00666/SlotParam_52.bin (target path: savedata0:/SlotParam_52.bin)
[16:53:24.982] |W| [io_error_impl]: open_file (sceSaveDataDialogInit) returned 0x80010002
[16:53:24.982] |E| [open_file]: Missing file at C:/Users/wiseh/AppData/Roaming/Vita3K/Vita3K/ux0/user/00/savedata/PCSG00666/SlotParam_53.bin (target path: savedata0:/SlotParam_53.bin)
[16:53:24.982] |W| [io_error_impl]: open_file (sceSaveDataDialogInit) returned 0x80010002
[16:53:24.982] |E| [open_file]: Missing file at C:/Users/wiseh/AppData/Roaming/Vita3K/Vita3K/ux0/user/00/savedata/PCSG00666/SlotParam_54.bin (target path: savedata0:/SlotParam_54.bin)
[16:53:24.982] |W| [io_error_impl]: open_file (sceSaveDataDialogInit) returned 0x80010002
[16:53:24.982] |E| [open_file]: Missing file at C:/Users/wiseh/AppData/Roaming/Vita3K/Vita3K/ux0/user/00/savedata/PCSG00666/SlotParam_55.bin (target path: savedata0:/SlotParam_55.bin)
[16:53:24.982] |W| [io_error_impl]: open_file (sceSaveDataDialogInit) returned 0x80010002
[16:53:24.982] |E| [open_file]: Missing file at C:/Users/wiseh/AppData/Roaming/Vita3K/Vita3K/ux0/user/00/savedata/PCSG00666/SlotParam_56.bin (target path: savedata0:/SlotParam_56.bin)
[16:53:24.982] |W| [io_error_impl]: open_file (sceSaveDataDialogInit) returned 0x80010002
[16:53:24.982] |E| [open_file]: Missing file at C:/Users/wiseh/AppData/Roaming/Vita3K/Vita3K/ux0/user/00/savedata/PCSG00666/SlotParam_57.bin (target path: savedata0:/SlotParam_57.bin)
[16:53:24.983] |W| [io_error_impl]: open_file (sceSaveDataDialogInit) returned 0x80010002
[16:53:24.983] |E| [open_file]: Missing file at C:/Users/wiseh/AppData/Roaming/Vita3K/Vita3K/ux0/user/00/savedata/PCSG00666/SlotParam_58.bin (target path: savedata0:/SlotParam_58.bin)
[16:53:24.983] |W| [io_error_impl]: open_file (sceSaveDataDialogInit) returned 0x80010002
[16:53:24.983] |E| [open_file]: Missing file at C:/Users/wiseh/AppData/Roaming/Vita3K/Vita3K/ux0/user/00/savedata/PCSG00666/SlotParam_59.bin (target path: savedata0:/SlotParam_59.bin)
[16:53:24.983] |W| [io_error_impl]: open_file (sceSaveDataDialogInit) returned 0x80010002
[16:53:24.983] |E| [open_file]: Missing file at C:/Users/wiseh/AppData/Roaming/Vita3K/Vita3K/ux0/user/00/savedata/PCSG00666/SlotParam_60.bin (target path: savedata0:/SlotParam_60.bin)
[16:53:24.983] |W| [io_error_impl]: open_file (sceSaveDataDialogInit) returned 0x80010002
[16:53:24.983] |E| [open_file]: Missing file at C:/Users/wiseh/AppData/Roaming/Vita3K/Vita3K/ux0/user/00/savedata/PCSG00666/SlotParam_61.bin (target path: savedata0:/SlotParam_61.bin)
[16:53:24.983] |W| [io_error_impl]: open_file (sceSaveDataDialogInit) returned 0x80010002
[16:53:24.984] |E| [open_file]: Missing file at C:/Users/wiseh/AppData/Roaming/Vita3K/Vita3K/ux0/user/00/savedata/PCSG00666/SlotParam_62.bin (target path: savedata0:/SlotParam_62.bin)
[16:53:24.984] |W| [io_error_impl]: open_file (sceSaveDataDialogInit) returned 0x80010002
[16:53:24.984] |E| [open_file]: Missing file at C:/Users/wiseh/AppData/Roaming/Vita3K/Vita3K/ux0/user/00/savedata/PCSG00666/SlotParam_63.bin (target path: savedata0:/SlotParam_63.bin)
[16:53:24.984] |W| [io_error_impl]: open_file (sceSaveDataDialogInit) returned 0x80010002
[16:53:24.984] |E| [open_file]: Missing file at C:/Users/wiseh/AppData/Roaming/Vita3K/Vita3K/ux0/user/00/savedata/PCSG00666/SlotParam_64.bin (target path: savedata0:/SlotParam_64.bin)
[16:53:24.984] |W| [io_error_impl]: open_file (sceSaveDataDialogInit) returned 0x80010002
[16:53:24.984] |E| [open_file]: Missing file at C:/Users/wiseh/AppData/Roaming/Vita3K/Vita3K/ux0/user/00/savedata/PCSG00666/SlotParam_65.bin (target path: savedata0:/SlotParam_65.bin)
[16:53:24.984] |W| [io_error_impl]: open_file (sceSaveDataDialogInit) returned 0x80010002
[16:53:24.984] |E| [open_file]: Missing file at C:/Users/wiseh/AppData/Roaming/Vita3K/Vita3K/ux0/user/00/savedata/PCSG00666/SlotParam_66.bin (target path: savedata0:/SlotParam_66.bin)
[16:53:24.984] |W| [io_error_impl]: open_file (sceSaveDataDialogInit) returned 0x80010002
[16:53:24.985] |E| [open_file]: Missing file at C:/Users/wiseh/AppData/Roaming/Vita3K/Vita3K/ux0/user/00/savedata/PCSG00666/SlotParam_67.bin (target path: savedata0:/SlotParam_67.bin)
[16:53:24.985] |W| [io_error_impl]: open_file (sceSaveDataDialogInit) returned 0x80010002
[16:53:24.985] |E| [open_file]: Missing file at C:/Users/wiseh/AppData/Roaming/Vita3K/Vita3K/ux0/user/00/savedata/PCSG00666/SlotParam_68.bin (target path: savedata0:/SlotParam_68.bin)
[16:53:24.985] |W| [io_error_impl]: open_file (sceSaveDataDialogInit) returned 0x80010002
[16:53:24.985] |E| [open_file]: Missing file at C:/Users/wiseh/AppData/Roaming/Vita3K/Vita3K/ux0/user/00/savedata/PCSG00666/SlotParam_69.bin (target path: savedata0:/SlotParam_69.bin)
[16:53:24.985] |W| [io_error_impl]: open_file (sceSaveDataDialogInit) returned 0x80010002
[16:53:24.985] |E| [open_file]: Missing file at C:/Users/wiseh/AppData/Roaming/Vita3K/Vita3K/ux0/user/00/savedata/PCSG00666/SlotParam_70.bin (target path: savedata0:/SlotParam_70.bin)
[16:53:24.985] |W| [io_error_impl]: open_file (sceSaveDataDialogInit) returned 0x80010002
[16:53:24.985] |E| [open_file]: Missing file at C:/Users/wiseh/AppData/Roaming/Vita3K/Vita3K/ux0/user/00/savedata/PCSG00666/SlotParam_71.bin (target path: savedata0:/SlotParam_71.bin)
[16:53:24.985] |W| [io_error_impl]: open_file (sceSaveDataDialogInit) returned 0x80010002
[16:53:24.986] |E| [open_file]: Missing file at C:/Users/wiseh/AppData/Roaming/Vita3K/Vita3K/ux0/user/00/savedata/PCSG00666/SlotParam_72.bin (target path: savedata0:/SlotParam_72.bin)
[16:53:24.986] |W| [io_error_impl]: open_file (sceSaveDataDialogInit) returned 0x80010002
[16:53:24.986] |E| [open_file]: Missing file at C:/Users/wiseh/AppData/Roaming/Vita3K/Vita3K/ux0/user/00/savedata/PCSG00666/SlotParam_73.bin (target path: savedata0:/SlotParam_73.bin)
[16:53:24.986] |W| [io_error_impl]: open_file (sceSaveDataDialogInit) returned 0x80010002
[16:53:24.986] |E| [open_file]: Missing file at C:/Users/wiseh/AppData/Roaming/Vita3K/Vita3K/ux0/user/00/savedata/PCSG00666/SlotParam_74.bin (target path: savedata0:/SlotParam_74.bin)
[16:53:24.986] |W| [io_error_impl]: open_file (sceSaveDataDialogInit) returned 0x80010002
[16:53:24.986] |E| [open_file]: Missing file at C:/Users/wiseh/AppData/Roaming/Vita3K/Vita3K/ux0/user/00/savedata/PCSG00666/SlotParam_75.bin (target path: savedata0:/SlotParam_75.bin)
[16:53:24.986] |W| [io_error_impl]: open_file (sceSaveDataDialogInit) returned 0x80010002
[16:53:24.987] |E| [open_file]: Missing file at C:/Users/wiseh/AppData/Roaming/Vita3K/Vita3K/ux0/user/00/savedata/PCSG00666/SlotParam_76.bin (target path: savedata0:/SlotParam_76.bin)
[16:53:24.987] |W| [io_error_impl]: open_file (sceSaveDataDialogInit) returned 0x80010002
[16:53:24.987] |E| [open_file]: Missing file at C:/Users/wiseh/AppData/Roaming/Vita3K/Vita3K/ux0/user/00/savedata/PCSG00666/SlotParam_77.bin (target path: savedata0:/SlotParam_77.bin)
[16:53:24.987] |W| [io_error_impl]: open_file (sceSaveDataDialogInit) returned 0x80010002
[16:53:24.987] |E| [open_file]: Missing file at C:/Users/wiseh/AppData/Roaming/Vita3K/Vita3K/ux0/user/00/savedata/PCSG00666/SlotParam_78.bin (target path: savedata0:/SlotParam_78.bin)
[16:53:24.987] |W| [io_error_impl]: open_file (sceSaveDataDialogInit) returned 0x80010002
[16:53:24.987] |E| [open_file]: Missing file at C:/Users/wiseh/AppData/Roaming/Vita3K/Vita3K/ux0/user/00/savedata/PCSG00666/SlotParam_79.bin (target path: savedata0:/SlotParam_79.bin)
[16:53:24.987] |W| [io_error_impl]: open_file (sceSaveDataDialogInit) returned 0x80010002
[16:53:24.988] |E| [open_file]: Missing file at C:/Users/wiseh/AppData/Roaming/Vita3K/Vita3K/ux0/user/00/savedata/PCSG00666/SlotParam_80.bin (target path: savedata0:/SlotParam_80.bin)
[16:53:24.988] |W| [io_error_impl]: open_file (sceSaveDataDialogInit) returned 0x80010002
[16:53:24.988] |E| [open_file]: Missing file at C:/Users/wiseh/AppData/Roaming/Vita3K/Vita3K/ux0/user/00/savedata/PCSG00666/SlotParam_81.bin (target path: savedata0:/SlotParam_81.bin)
[16:53:24.988] |W| [io_error_impl]: open_file (sceSaveDataDialogInit) returned 0x80010002
[16:53:24.988] |E| [open_file]: Missing file at C:/Users/wiseh/AppData/Roaming/Vita3K/Vita3K/ux0/user/00/savedata/PCSG00666/SlotParam_82.bin (target path: savedata0:/SlotParam_82.bin)
[16:53:24.988] |W| [io_error_impl]: open_file (sceSaveDataDialogInit) returned 0x80010002
[16:53:24.988] |E| [open_file]: Missing file at C:/Users/wiseh/AppData/Roaming/Vita3K/Vita3K/ux0/user/00/savedata/PCSG00666/SlotParam_83.bin (target path: savedata0:/SlotParam_83.bin)
[16:53:24.988] |W| [io_error_impl]: open_file (sceSaveDataDialogInit) returned 0x80010002
[16:53:24.989] |E| [open_file]: Missing file at C:/Users/wiseh/AppData/Roaming/Vita3K/Vita3K/ux0/user/00/savedata/PCSG00666/SlotParam_84.bin (target path: savedata0:/SlotParam_84.bin)
[16:53:24.989] |W| [io_error_impl]: open_file (sceSaveDataDialogInit) returned 0x80010002
[16:53:24.989] |E| [open_file]: Missing file at C:/Users/wiseh/AppData/Roaming/Vita3K/Vita3K/ux0/user/00/savedata/PCSG00666/SlotParam_85.bin (target path: savedata0:/SlotParam_85.bin)
[16:53:24.989] |W| [io_error_impl]: open_file (sceSaveDataDialogInit) returned 0x80010002
[16:53:24.989] |E| [open_file]: Missing file at C:/Users/wiseh/AppData/Roaming/Vita3K/Vita3K/ux0/user/00/savedata/PCSG00666/SlotParam_86.bin (target path: savedata0:/SlotParam_86.bin)
[16:53:24.989] |W| [io_error_impl]: open_file (sceSaveDataDialogInit) returned 0x80010002
[16:53:24.989] |E| [open_file]: Missing file at C:/Users/wiseh/AppData/Roaming/Vita3K/Vita3K/ux0/user/00/savedata/PCSG00666/SlotParam_87.bin (target path: savedata0:/SlotParam_87.bin)
[16:53:24.989] |W| [io_error_impl]: open_file (sceSaveDataDialogInit) returned 0x80010002
[16:53:24.989] |E| [open_file]: Missing file at C:/Users/wiseh/AppData/Roaming/Vita3K/Vita3K/ux0/user/00/savedata/PCSG00666/SlotParam_88.bin (target path: savedata0:/SlotParam_88.bin)
[16:53:24.990] |W| [io_error_impl]: open_file (sceSaveDataDialogInit) returned 0x80010002
[16:53:24.990] |E| [open_file]: Missing file at C:/Users/wiseh/AppData/Roaming/Vita3K/Vita3K/ux0/user/00/savedata/PCSG00666/SlotParam_89.bin (target path: savedata0:/SlotParam_89.bin)
[16:53:24.990] |W| [io_error_impl]: open_file (sceSaveDataDialogInit) returned 0x80010002
[16:53:24.990] |E| [open_file]: Missing file at C:/Users/wiseh/AppData/Roaming/Vita3K/Vita3K/ux0/user/00/savedata/PCSG00666/SlotParam_90.bin (target path: savedata0:/SlotParam_90.bin)
[16:53:24.990] |W| [io_error_impl]: open_file (sceSaveDataDialogInit) returned 0x80010002
[16:53:24.990] |E| [open_file]: Missing file at C:/Users/wiseh/AppData/Roaming/Vita3K/Vita3K/ux0/user/00/savedata/PCSG00666/SlotParam_91.bin (target path: savedata0:/SlotParam_91.bin)
[16:53:24.990] |W| [io_error_impl]: open_file (sceSaveDataDialogInit) returned 0x80010002
[16:53:24.990] |E| [open_file]: Missing file at C:/Users/wiseh/AppData/Roaming/Vita3K/Vita3K/ux0/user/00/savedata/PCSG00666/SlotParam_92.bin (target path: savedata0:/SlotParam_92.bin)
[16:53:24.990] |W| [io_error_impl]: open_file (sceSaveDataDialogInit) returned 0x80010002
[16:53:24.990] |E| [open_file]: Missing file at C:/Users/wiseh/AppData/Roaming/Vita3K/Vita3K/ux0/user/00/savedata/PCSG00666/SlotParam_93.bin (target path: savedata0:/SlotParam_93.bin)
[16:53:24.991] |W| [io_error_impl]: open_file (sceSaveDataDialogInit) returned 0x80010002
[16:53:24.991] |E| [open_file]: Missing file at C:/Users/wiseh/AppData/Roaming/Vita3K/Vita3K/ux0/user/00/savedata/PCSG00666/SlotParam_94.bin (target path: savedata0:/SlotParam_94.bin)
[16:53:24.991] |W| [io_error_impl]: open_file (sceSaveDataDialogInit) returned 0x80010002
[16:53:24.991] |E| [open_file]: Missing file at C:/Users/wiseh/AppData/Roaming/Vita3K/Vita3K/ux0/user/00/savedata/PCSG00666/SlotParam_95.bin (target path: savedata0:/SlotParam_95.bin)
[16:53:24.991] |W| [io_error_impl]: open_file (sceSaveDataDialogInit) returned 0x80010002
[16:53:24.991] |E| [open_file]: Missing file at C:/Users/wiseh/AppData/Roaming/Vita3K/Vita3K/ux0/user/00/savedata/PCSG00666/SlotParam_96.bin (target path: savedata0:/SlotParam_96.bin)
[16:53:24.991] |W| [io_error_impl]: open_file (sceSaveDataDialogInit) returned 0x80010002
[16:53:24.991] |E| [open_file]: Missing file at C:/Users/wiseh/AppData/Roaming/Vita3K/Vita3K/ux0/user/00/savedata/PCSG00666/SlotParam_97.bin (target path: savedata0:/SlotParam_97.bin)
[16:53:24.991] |W| [io_error_impl]: open_file (sceSaveDataDialogInit) returned 0x80010002
[16:53:24.991] |E| [open_file]: Missing file at C:/Users/wiseh/AppData/Roaming/Vita3K/Vita3K/ux0/user/00/savedata/PCSG00666/SlotParam_98.bin (target path: savedata0:/SlotParam_98.bin)
[16:53:24.992] |W| [io_error_impl]: open_file (sceSaveDataDialogInit) returned 0x80010002
[16:53:28.496] |T| [open_file]: sceSaveDataDialogContinue: Opening file savedata0:/SlotParam_11.bin (ux0:/user