
[11:42:14.526] |I| [config::init_config]: backend-renderer: Vulkan
[11:42:14.526] |I| [config::init_config]: log-level: 0
[11:42:14.680] |I| [SDL_main]: Vita3K v0.1.6 2933-fa90e66b
[11:42:14.680] |I| [SDL_main]: Number of logical CPU cores: 8
[11:42:14.681] |I| [SDL_main]: Available ram memory: 16215 MiB
[11:42:15.395] |I| [renderer::vulkan::VKState::create]: Enabling vulkan validation layers (has a performance impact but allows better error messages)
[11:42:15.640] |I| [renderer::vulkan::VKState::create]: Vulkan device: NVIDIA GeForce RTX 3060 Laptop GPU
[11:42:15.641] |I| [renderer::vulkan::VKState::create]: Driver version: 522.25.0.0
[11:42:16.239] |I| [renderer::vulkan::ScreenRenderer::setup]: Present mode: Mailbox
[11:42:18.104] |E| [SDL_main]: File dropped: [Othmane\Downloads\windows-latest\Vita3K.exe] is not supported.
[11:42:19.063] |I| [load_app_impl]: cpu-backend: Dynarmic
[11:42:19.064] |I| [load_app_impl]: CPU Optimisation state: true
[11:42:19.065] |I| [load_app_impl]: ngs state: true
[11:42:19.065] |I| [load_app_impl]: Resolution multiplier: 1
[11:42:19.066] |I| [load_app_impl]: modules mode: Automatic
[11:42:19.066] |I| [load_app_impl]: Title: DEAD OR ALIVE Xtreme 3 Venus
[11:42:19.067] |I| [load_app_impl]: Serial: PCSG00771
[11:42:19.067] |I| [load_app_impl]: Version: 1.00
[11:42:19.068] |I| [load_app_impl]: Category: gd
[11:42:19.091] |I| [load_self]: app0:sce_module/libc.suprx: Skipping special segment 0x6FFFFF01...
[11:42:19.092] |I| [load_self]: Loaded module segment 0 @ [0x00004000 - 0x000558A4 / 0x81000000] (size: 0x000518A4) of module app0:sce_module/libc.suprx
[11:42:19.095] |I| [load_self]: Loaded module segment 1 @ [0x00056000 - 0x000588A0 / 0x81052000] (size: 0x000028A0) of module app0:sce_module/libc.suprx
[11:42:19.096] |I| [load_self]: Linking SELF app0:sce_module/libc.suprx...
[11:42:19.098] |D| [load_var_exports]: 	NID 0x936C8A78 (SYSLYB) at 0x4B314
[11:42:19.098] |D| [load_var_exports]: 	NID 0x6C2224BA (NID_MODULE_INFO) at 0x404DC
[11:42:19.099] |W| [load_var_imports]: 	NID NOT FOUND 0x93B8AA67 (__stack_chk_guard) at 0x4463C, setting to stub value 0xDEADBEEF
[11:42:19.104] |W| [load_var_imports]: 	NID NOT FOUND 0xDF084DFA (UNRECOGNISED) at 0x461D0, setting to stub value 0xDEADBEEF
[11:42:19.107] |I| [pre_load_module]: Pre-load module SceLibc (at "sce_module/libc.suprx") loaded
[11:42:19.120] |I| [load_self]: app0:sce_module/libfios2.suprx: Skipping special segment 0x6FFFFF01...
[11:42:19.120] |I| [load_self]: Loaded module segment 0 @ [0x0005B000 - 0x00087CBF / 0x81000000] (size: 0x0002CCBF) of module app0:sce_module/libfios2.suprx
[11:42:19.124] |I| [load_self]: Loaded module segment 1 @ [0x00088000 - 0x0008D255 / 0x8102D000] (size: 0x00005255) of module app0:sce_module/libfios2.suprx
[11:42:19.125] |I| [load_self]: Linking SELF app0:sce_module/libfios2.suprx...
[11:42:19.126] |D| [load_var_exports]: 	NID 0x936C8A78 (SYSLYB) at 0x87BC8
[11:42:19.127] |D| [load_var_exports]: 	NID 0x6C2224BA (NID_MODULE_INFO) at 0x7EF08
[11:42:19.128] |I| [pre_load_module]: Pre-load module SceLibFios2 (at "sce_module/libfios2.suprx") loaded
[11:42:19.136] |I| [load_self]: app0:sce_module/libult.suprx: Skipping special segment 0x6FFFFF01...
[11:42:19.137] |I| [load_self]: Loaded module segment 0 @ [0x0008E000 - 0x000A19BC / 0x81000000] (size: 0x000139BC) of module app0:sce_module/libult.suprx
[11:42:19.140] |I| [load_self]: Loaded module segment 1 @ [0x000A2000 - 0x000A2814 / 0x81014000] (size: 0x00000814) of module app0:sce_module/libult.suprx
[11:42:19.141] |I| [load_self]: Linking SELF app0:sce_module/libult.suprx...
[11:42:19.142] |D| [load_var_exports]: 	NID 0x936C8A78 (SYSLYB) at 0xA02E8
[11:42:19.143] |D| [load_var_exports]: 	NID 0x6C2224BA (NID_MODULE_INFO) at 0x9D870
[11:42:19.144] |I| [pre_load_module]: Pre-load module SceUlt (at "sce_module/libult.suprx") loaded
[11:42:19.162] |I| [load_self]: Loaded module segment 0 @ [0x000A3000 - 0x000F3F04 / 0x81000000] (size: 0x00050F04) of module vs0:sys/external/libSceFt2.suprx
[11:42:19.165] |I| [load_self]: Loaded module segment 1 @ [0x000F4000 - 0x000F42F4 / 0x81051000] (size: 0x000002F4) of module vs0:sys/external/libSceFt2.suprx
[11:42:19.169] |I| [load_self]: Linking SELF vs0:sys/external/libSceFt2.suprx...
[11:42:19.170] |D| [load_var_exports]: 	NID 0x936C8A78 (SYSLYB) at 0xDF7DC
[11:42:19.170] |D| [load_var_exports]: 	NID 0x6C2224BA (NID_MODULE_INFO) at 0xDEF10
[11:42:19.171] |I| [pre_load_module]: Pre-load module SceLibft2 (at "sys/external/libSceFt2.suprx") loaded
[11:42:19.179] |I| [load_self]: Loaded module segment 0 @ [0x000F5000 - 0x00104F14 / 0x81000000] (size: 0x0000FF14) of module vs0:sys/external/libpvf.suprx
[11:42:19.181] |I| [load_self]: Loaded module segment 1 @ [0x00105000 - 0x00105008 / 0x81010000] (size: 0x00000008) of module vs0:sys/external/libpvf.suprx
[11:42:19.184] |I| [load_self]: Linking SELF vs0:sys/external/libpvf.suprx...
[11:42:19.185] |D| [load_var_exports]: 	NID 0x936C8A78 (SYSLYB) at 0x103710
[11:42:19.186] |D| [load_var_exports]: 	NID 0x6C2224BA (NID_MODULE_INFO) at 0x103300
[11:42:19.187] |I| [pre_load_module]: Pre-load module SceLibPvf (at "sys/external/libpvf.suprx") loaded
[11:42:19.470] |I| [load_self]: app0:eboot.bin: Skipping special segment 0x6FFFFF01...
[11:42:19.471] |I| [load_self]: Loaded module segment 0 @ [0x00106000 - 0x00604914 / 0x81000000] (size: 0x004FE914) of module app0:eboot.bin
[11:42:19.472] |I| [load_self]: Loaded module segment 1 @ [0x00605000 - 0x019B99A8 / 0x814FF000] (size: 0x013B49A8) of module app0:eboot.bin
[11:42:19.473] |I| [load_self]: Linking SELF app0:eboot.bin...
[11:42:19.474] |D| [load_var_exports]: 	NID 0x6C2224BA (NID_MODULE_INFO) at 0x5A3F04
[11:42:19.475] |D| [load_var_exports]: 	NID 0x70FBA1E7 (SCE_PROC_PARAMS) at 0x6249FC
[11:42:19.476] |D| [load_var_exports]: 	NID 0x936C8A78 (SYSLYB) at 0x5F0AE8
[11:42:19.477] |I| [load_app_impl]: Main executable game_common (eboot.bin) loaded
[11:42:19.509] |D| [run_app]: Running module_start of library: SceLibc at address 0x4871
[11:42:19.542] |T| [open_file]: sceKernelGetStdin: Opening terminal tty0:
[11:42:19.542] |T| [open_file]: sceKernelGetStdout: Opening terminal tty0:
[11:42:19.543] |T| [open_file]: sceKernelGetStderr: Opening terminal tty0:
[11:42:19.564] |I| [run_app]: Module SceLibc (at "app0:sce_module/libc.suprx") module_start returned 0x0
[11:42:19.573] |D| [run_app]: Running module_start of library: SceLibFios2 at address 0x5B001
[11:42:19.603] |W| [stubbed_impl]: Stubbed sceKernelGetProcessId import called. (pid: 0)
[11:42:19.604] |I| [run_app]: Module SceLibFios2 (at "app0:sce_module/libfios2.suprx") module_start returned 0x0
[11:42:19.615] |D| [run_app]: Running module_start of library: SceUlt at address 0x91771
[11:42:19.645] |W| [unimplemented_impl]: Unimplemented _sceUlobjMgrRegisterLibultProtocolRevision import called.
[11:42:19.645] |I| [run_app]: Module SceUlt (at "app0:sce_module/libult.suprx") module_start returned 0x0
[11:42:20.423] |W| [unimplemented_impl]: Unimplemented sceAppUtilInit import called.
[11:42:20.768] |W| [stubbed_impl]: Stubbed sceGxmMapVertexUsseMemory import called. (always return success)
[11:42:20.769] |W| [stubbed_impl]: Stubbed sceGxmMapFragmentUsseMemory import called. (always return success)
[11:42:20.976] |W| [stubbed_impl]: Stubbed sceGxmSetVisibilityBuffer import called. (Set all visible)
[11:42:21.174] |W| [stubbed_impl]: Stubbed sceNetCtlInit import called. (Stub)
[11:42:21.174] |W| [stubbed_impl]: Stubbed sceSslInit import called. (ignore poolSize)
[11:42:21.177] |W| [stubbed_impl]: Stubbed sceHttpInit import called. (ignore poolSize)
[11:42:21.181] |W| [unimplemented_impl]: Unimplemented sceNpAuthInit import called.
[11:42:21.182] |W| [unimplemented_impl]: Unimplemented sceNpTusInit import called.
[11:42:21.183] |W| [unimplemented_impl]: Unimplemented sceNpCommerce2Init import called.
[11:42:21.214] |E| [call_import]: Import function for NID 0xD7F0F610 not found (thread name: PCSG00771, thread ID: 7)
[11:42:21.226] |W| [stubbed_impl]: Stubbed sceNpCheckCallback import called. (Stub)
[11:42:21.235] |T| [open_file]: create_trophy_context: Opening file app0:/sce_sys/trophy/NPWR10022_00/TROPHY.TRP (ux0:/app/PCSG00771/sce_sys/trophy/NPWR10022_00/TROPHY.TRP), fd: 0x3
[11:42:21.237] |T| [open_file]: create_trophy_context: Opening file ux0:/user/00/trophy/data/NPWR10022_00/TROPUSR.DAT (ux0:/user/00/trophy/data/NPWR10022_00/TROPUSR.DAT), fd: 0x4
[11:42:21.241] |T| [open_file]: install_trophy_context: Opening file ux0:/user/00/trophy/conf/NPWR10022_00/TROPCONF.SFM (ux0:/user/00/trophy/conf/NPWR10022_00/TROPCONF.SFM), fd: 0x5
[11:42:21.241] |T| [write_file]: install_trophy_context: Writing to fd: 0x5, size: 3164
[11:42:21.242] |T| [close_file]: install_trophy_context: Closing file fd: 0x5
[11:42:21.243] |T| [open_file]: install_trophy_context: Opening file ux0:/user/00/trophy/conf/NPWR10022_00/TROP.SFM (ux0:/user/00/trophy/conf/NPWR10022_00/TROP.SFM), fd: 0x6
[11:42:21.244] |T| [write_file]: install_trophy_context: Writing to fd: 0x6, size: 8369
[11:42:21.245] |T| [close_file]: install_trophy_context: Closing file fd: 0x6
[11:42:21.249] |T| [open_file]: install_trophy_context: Opening file ux0:/user/00/trophy/conf/NPWR10022_00/TROP_00.SFM (ux0:/user/00/trophy/conf/NPWR10022_00/TROP_00.SFM), fd: 0x7
[11:42:21.252] |T| [write_file]: install_trophy_context: Writing to fd: 0x7, size: 9629
[11:42:21.253] |T| [close_file]: install_trophy_context: Closing file fd: 0x7
[11:42:21.255] |T| [open_file]: install_trophy_context: Opening file ux0:/user/00/trophy/conf/NPWR10022_00/TROP_09.SFM (ux0:/user/00/trophy/conf/NPWR10022_00/TROP_09.SFM), fd: 0x8
[11:42:21.257] |T| [write_file]: install_trophy_context: Writing to fd: 0x8, size: 9243
[11:42:21.258] |T| [close_file]: install_trophy_context: Closing file fd: 0x8
[11:42:21.259] |T| [open_file]: install_trophy_context: Opening file ux0:/user/00/trophy/conf/NPWR10022_00/TROP_10.SFM (ux0:/user/00/trophy/conf/NPWR10022_00/TROP_10.SFM), fd: 0x9
[11:42:21.262] |T| [write_file]: install_trophy_context: Writing to fd: 0x9, size: 8206
[11:42:21.265] |T| [close_file]: install_trophy_context: Closing file fd: 0x9
[11:42:21.267] |T| [open_file]: install_trophy_context: Opening file ux0:/user/00/trophy/conf/NPWR10022_00/TROP_11.SFM (ux0:/user/00/trophy/conf/NPWR10022_00/TROP_11.SFM), fd: 0xA
[11:42:21.269] |T| [write_file]: install_trophy_context: Writing to fd: 0xA, size: 8206
[11:42:21.270] |T| [close_file]: install_trophy_context: Closing file fd: 0xA
[11:42:21.271] |T| [open_file]: install_trophy_context: Opening file ux0:/user/00/trophy/conf/NPWR10022_00/ICON0.PNG (ux0:/user/00/trophy/conf/NPWR10022_00/ICON0.PNG), fd: 0xB
[11:42:21.272] |T| [write_file]: install_trophy_context: Writing to fd: 0xB, size: 82373
[11:42:21.272] |T| [close_file]: install_trophy_context: Closing file fd: 0xB
[11:42:21.274] |T| [open_file]: install_trophy_context: Opening file ux0:/user/00/trophy/conf/NPWR10022_00/TROP000.PNG (ux0:/user/00/trophy/conf/NPWR10022_00/TROP000.PNG), fd: 0xC
[11:42:21.281] |T| [write_file]: install_trophy_context: Writing to fd: 0xC, size: 130338
[11:42:21.282] |T| [close_file]: install_trophy_context: Closing file fd: 0xC
[11:42:21.285] |T| [open_file]: install_trophy_context: Opening file ux0:/user/00/trophy/conf/NPWR10022_00/TROP001.PNG (ux0:/user/00/trophy/conf/NPWR10022_00/TROP001.PNG), fd: 0xD
[11:42:21.286] |T| [write_file]: install_trophy_context: Writing to fd: 0xD, size: 91414
[11:42:21.287] |T| [close_file]: install_trophy_context: Closing file fd: 0xD
[11:42:21.288] |T| [open_file]: install_trophy_context: Opening file ux0:/user/00/trophy/conf/NPWR10022_00/TROP002.PNG (ux0:/user/00/trophy/conf/NPWR10022_00/TROP002.PNG), fd: 0xE
[11:42:21.289] |T| [write_file]: install_trophy_context: Writing to fd: 0xE, size: 91414
[11:42:21.290] |T| [close_file]: install_trophy_context: Closing file fd: 0xE
[11:42:21.291] |T| [open_file]: install_trophy_context: Opening file ux0:/user/00/trophy/conf/NPWR10022_00/TROP003.PNG (ux0:/user/00/trophy/conf/NPWR10022_00/TROP003.PNG), fd: 0xF
[11:42:21.292] |T| [write_file]: install_trophy_context: Writing to fd: 0xF, size: 83930
[11:42:21.293] |T| [close_file]: install_trophy_context: Closing file fd: 0xF
[11:42:21.297] |T| [open_file]: install_trophy_context: Opening file ux0:/user/00/trophy/conf/NPWR10022_00/TROP004.PNG (ux0:/user/00/trophy/conf/NPWR10022_00/TROP004.PNG), fd: 0x10
[11:42:21.300] |T| [write_file]: install_trophy_context: Writing to fd: 0x10, size: 81194
[11:42:21.301] |T| [close_file]: install_trophy_context: Closing file fd: 0x10
[11:42:21.303] |T| [open_file]: install_trophy_context: Opening file ux0:/user/00/trophy/conf/NPWR10022_00/TROP005.PNG (ux0:/user/00/trophy/conf/NPWR10022_00/TROP005.PNG), fd: 0x11
[11:42:21.304] |T| [write_file]: install_trophy_context: Writing to fd: 0x11, size: 81194
[11:42:21.304] |T| [close_file]: install_trophy_context: Closing file fd: 0x11
[11:42:21.306] |T| [open_file]: install_trophy_context: Opening file ux0:/user/00/trophy/conf/NPWR10022_00/TROP006.PNG (ux0:/user/00/trophy/conf/NPWR10022_00/TROP006.PNG), fd: 0x12
[11:42:21.307] |T| [write_file]: install_trophy_context: Writing to fd: 0x12, size: 72545
[11:42:21.308] |T| [close_file]: install_trophy_context: Closing file fd: 0x12
[11:42:21.311] |T| [open_file]: install_trophy_context: Opening file ux0:/user/00/trophy/conf/NPWR10022_00/TROP007.PNG (ux0:/user/00/trophy/conf/NPWR10022_00/TROP007.PNG), fd: 0x13
[11:42:21.314] |T| [write_file]: install_trophy_context: Writing to fd: 0x13, size: 83348
[11:42:21.315] |T| [close_file]: install_trophy_context: Closing file fd: 0x13
[11:42:21.317] |T| [open_file]: install_trophy_context: Opening file ux0:/user/00/trophy/conf/NPWR10022_00/TROP008.PNG (ux0:/user/00/trophy/conf/NPWR10022_00/TROP008.PNG), fd: 0x14
[11:42:21.319] |T| [write_file]: install_trophy_context: Writing to fd: 0x14, size: 83348
[11:42:21.320] |T| [close_file]: install_trophy_context: Closing file fd: 0x14
[11:42:21.322] |T| [open_file]: install_trophy_context: Opening file ux0:/user/00/trophy/conf/NPWR10022_00/TROP009.PNG (ux0:/user/00/trophy/conf/NPWR10022_00/TROP009.PNG), fd: 0x15
[11:42:21.323] |T| [write_file]: install_trophy_context: Writing to fd: 0x15, size: 79966
[11:42:21.326] |T| [close_file]: install_trophy_context: Closing file fd: 0x15
[11:42:21.327] |T| [open_file]: install_trophy_context: Opening file ux0:/user/00/trophy/conf/NPWR10022_00/TROP010.PNG (ux0:/user/00/trophy/conf/NPWR10022_00/TROP010.PNG), fd: 0x16
[11:42:21.330] |T| [write_file]: install_trophy_context: Writing to fd: 0x16, size: 80077
[11:42:21.331] |T| [close_file]: install_trophy_context: Closing file fd: 0x16
[11:42:21.332] |T| [open_file]: install_trophy_context: Opening file ux0:/user/00/trophy/conf/NPWR10022_00/TROP011.PNG (ux0:/user/00/trophy/conf/NPWR10022_00/TROP011.PNG), fd: 0x17
[11:42:21.333] |T| [write_file]: install_trophy_context: Writing to fd: 0x17, size: 80077
[11:42:21.333] |T| [close_file]: install_trophy_context: Closing file fd: 0x17
[11:42:21.334] |T| [open_file]: install_trophy_context: Opening file ux0:/user/00/trophy/conf/NPWR10022_00/TROP012.PNG (ux0:/user/00/trophy/conf/NPWR10022_00/TROP012.PNG), fd: 0x18
[11:42:21.336] |T| [write_file]: install_trophy_context: Writing to fd: 0x18, size: 80966
[11:42:21.337] |T| [close_file]: install_trophy_context: Closing file fd: 0x18
[11:42:21.339] |T| [open_file]: install_trophy_context: Opening file ux0:/user/00/trophy/conf/NPWR10022_00/TROP013.PNG (ux0:/user/00/trophy/conf/NPWR10022_00/TROP013.PNG), fd: 0x19
[11:42:21.344] |T| [write_file]: install_trophy_context: Writing to fd: 0x19, size: 91347
[11:42:21.346] |T| [close_file]: install_trophy_context: Closing file fd: 0x19
[11:42:21.347] |T| [open_file]: install_trophy_context: Opening file ux0:/user/00/trophy/conf/NPWR10022_00/TROP014.PNG (ux0:/user/00/trophy/conf/NPWR10022_00/TROP014.PNG), fd: 0x1A
[11:42:21.349] |T| [write_file]: install_trophy_context: Writing to fd: 0x1A, size: 91347
[11:42:21.349] |T| [close_file]: install_trophy_context: Closing file fd: 0x1A
[11:42:21.352] |T| [open_file]: install_trophy_context: Opening file ux0:/user/00/trophy/conf/NPWR10022_00/TROP015.PNG (ux0:/user/00/trophy/conf/NPWR10022_00/TROP015.PNG), fd: 0x1B
[11:42:21.353] |T| [write_file]: install_trophy_context: Writing to fd: 0x1B, size: 87214
[11:42:21.357] |T| [close_file]: install_trophy_context: Closing file fd: 0x1B
[11:42:21.362] |T| [open_file]: install_trophy_context: Opening file ux0:/user/00/trophy/conf/NPWR10022_00/TROP016.PNG (ux0:/user/00/trophy/conf/NPWR10022_00/TROP016.PNG), fd: 0x1C
[11:42:21.364] |T| [write_file]: install_trophy_context: Writing to fd: 0x1C, size: 90949
[11:42:21.365] |T| [close_file]: install_trophy_context: Closing file fd: 0x1C
[11:42:21.366] |T| [open_file]: install_trophy_context: Opening file ux0:/user/00/trophy/conf/NPWR10022_00/TROP017.PNG (ux0:/user/00/trophy/conf/NPWR10022_00/TROP017.PNG), fd: 0x1D
[11:42:21.368] |T| [write_file]: install_trophy_context: Writing to fd: 0x1D, size: 90949
[11:42:21.368] |T| [close_file]: install_trophy_context: Closing file fd: 0x1D
[11:42:21.369] |T| [open_file]: install_trophy_context: Opening file ux0:/user/00/trophy/conf/NPWR10022_00/TROP018.PNG (ux0:/user/00/trophy/conf/NPWR10022_00/TROP018.PNG), fd: 0x1E
[11:42:21.374] |T| [write_file]: install_trophy_context: Writing to fd: 0x1E, size: 79220
[11:42:21.376] |T| [close_file]: install_trophy_context: Closing file fd: 0x1E
[11:42:21.378] |T| [open_file]: install_trophy_context: Opening file ux0:/user/00/trophy/conf/NPWR10022_00/TROP019.PNG (ux0:/user/00/trophy/conf/NPWR10022_00/TROP019.PNG), fd: 0x1F
[11:42:21.379] |T| [write_file]: install_trophy_context: Writing to fd: 0x1F, size: 78277
[11:42:21.380] |T| [close_file]: install_trophy_context: Closing file fd: 0x1F
[11:42:21.383] |T| [open_file]: install_trophy_context: Opening file ux0:/user/00/trophy/conf/NPWR10022_00/TROP020.PNG (ux0:/user/00/trophy/conf/NPWR10022_00/TROP020.PNG), fd: 0x20
[11:42:21.385] |T| [write_file]: install_trophy_context: Writing to fd: 0x20, size: 78277
[11:42:21.387] |T| [close_file]: install_trophy_context: Closing file fd: 0x20
[11:42:21.388] |T| [open_file]: install_trophy_context: Opening file ux0:/user/00/trophy/conf/NPWR10022_00/TROP021.PNG (ux0:/user/00/trophy/conf/NPWR10022_00/TROP021.PNG), fd: 0x21
[11:42:21.392] |T| [write_file]: install_trophy_context: Writing to fd: 0x21, size: 81397
[11:42:21.393] |T| [close_file]: install_trophy_context: Closing file fd: 0x21
[11:42:21.394] |T| [open_file]: install_trophy_context: Opening file ux0:/user/00/trophy/conf/NPWR10022_00/TROP022.PNG (ux0:/user/00/trophy/conf/NPWR10022_00/TROP022.PNG), fd: 0x22
[11:42:21.395] |T| [write_file]: install_trophy_context: Writing to fd: 0x22, size: 81069
[11:42:21.395] |T| [close_file]: install_trophy_context: Closing file fd: 0x22
[11:42:21.396] |T| [open_file]: install_trophy_context: Opening file ux0:/user/00/trophy/conf/NPWR10022_00/TROP023.PNG (ux0:/user/00/trophy/conf/NPWR10022_00/TROP023.PNG), fd: 0x23
[11:42:21.397] |T| [write_file]: install_trophy_context: Writing to fd: 0x23, size: 81069
[11:42:21.398] |T| [close_file]: install_trophy_context: Closing file fd: 0x23
[11:42:21.401] |T| [open_file]: install_trophy_context: Opening file ux0:/user/00/trophy/conf/NPWR10022_00/TROP024.PNG (ux0:/user/00/trophy/conf/NPWR10022_00/TROP024.PNG), fd: 0x24
[11:42:21.405] |T| [write_file]: install_trophy_context: Writing to fd: 0x24, size: 72370
[11:42:21.407] |T| [close_file]: install_trophy_context: Closing file fd: 0x24
[11:42:21.408] |T| [open_file]: install_trophy_context: Opening file ux0:/user/00/trophy/conf/NPWR10022_00/TROP025.PNG (ux0:/user/00/trophy/conf/NPWR10022_00/TROP025.PNG), fd: 0x25
[11:42:21.410] |T| [write_file]: install_trophy_context: Writing to fd: 0x25, size: 82110
[11:42:21.410] |T| [close_file]: install_trophy_context: Closing file fd: 0x25
[11:42:21.411] |T| [open_file]: install_trophy_context: Opening file ux0:/user/00/trophy/conf/NPWR10022_00/TROP026.PNG (ux0:/user/00/trophy/conf/NPWR10022_00/TROP026.PNG), fd: 0x26
[11:42:21.413] |T| [write_file]: install_trophy_context: Writing to fd: 0x26, size: 82110
[11:42:21.413] |T| [close_file]: install_trophy_context: Closing file fd: 0x26
[11:42:21.415] |T| [open_file]: install_trophy_context: Opening file ux0:/user/00/trophy/conf/NPWR10022_00/TROP027.PNG (ux0:/user/00/trophy/conf/NPWR10022_00/TROP027.PNG), fd: 0x27
[11:42:21.419] |T| [write_file]: install_trophy_context: Writing to fd: 0x27, size: 78879
[11:42:21.423] |T| [close_file]: install_trophy_context: Closing file fd: 0x27
[11:42:21.425] |T| [open_file]: install_trophy_context: Opening file ux0:/user/00/trophy/conf/NPWR10022_00/TROP028.PNG (ux0:/user/00/trophy/conf/NPWR10022_00/TROP028.PNG), fd: 0x28
[11:42:21.426] |T| [write_file]: install_trophy_context: Writing to fd: 0x28, size: 96683
[11:42:21.427] |T| [close_file]: install_trophy_context: Closing file fd: 0x28
[11:42:21.428] |T| [open_file]: install_trophy_context: Opening file ux0:/user/00/trophy/conf/NPWR10022_00/TROP029.PNG (ux0:/user/00/trophy/conf/NPWR10022_00/TROP029.PNG), fd: 0x29
[11:42:21.430] |T| [write_file]: install_trophy_context: Writing to fd: 0x29, size: 101325
[11:42:21.430] |T| [close_file]: install_trophy_context: Closing file fd: 0x29
[11:42:21.436] |T| [open_file]: install_trophy_context: Opening file ux0:/user/00/trophy/conf/NPWR10022_00/TROP030.PNG (ux0:/user/00/trophy/conf/NPWR10022_00/TROP030.PNG), fd: 0x2A
[11:42:21.439] |T| [write_file]: install_trophy_context: Writing to fd: 0x2A, size: 97584
[11:42:21.440] |T| [close_file]: install_trophy_context: Closing file fd: 0x2A
[11:42:21.442] |T| [open_file]: install_trophy_context: Opening file ux0:/user/00/trophy/conf/NPWR10022_00/TROP031.PNG (ux0:/user/00/trophy/conf/NPWR10022_00/TROP031.PNG), fd: 0x2B
[11:42:21.445] |T| [write_file]: install_trophy_context: Writing to fd: 0x2B, size: 77836
[11:42:21.445] |T| [close_file]: install_trophy_context: Closing file fd: 0x2B
[11:42:21.450] |T| [open_file]: install_trophy_context: Opening file ux0:/user/00/trophy/conf/NPWR10022_00/TROP032.PNG (ux0:/user/00/trophy/conf/NPWR10022_00/TROP032.PNG), fd: 0x2C
[11:42:21.452] |T| [write_file]: install_trophy_context: Writing to fd: 0x2C, size: 107815
[11:42:21.453] |T| [close_file]: install_trophy_context: Closing file fd: 0x2C
[11:42:21.455] |T| [open_file]: install_trophy_context: Opening file ux0:/user/00/trophy/conf/NPWR10022_00/TROP033.PNG (ux0:/user/00/trophy/conf/NPWR10022_00/TROP033.PNG), fd: 0x2D
[11:42:21.456] |T| [write_file]: install_trophy_context: Writing to fd: 0x2D, size: 90478
[11:42:21.457] |T| [close_file]: install_trophy_context: Closing file fd: 0x2D
[11:42:21.459] |T| [open_file]: install_trophy_context: Opening file ux0:/user/00/trophy/conf/NPWR10022_00/TROP034.PNG (ux0:/user/00/trophy/conf/NPWR10022_00/TROP034.PNG), fd: 0x2E
[11:42:21.461] |T| [write_file]: install_trophy_context: Writing to fd: 0x2E, size: 130632
[11:42:21.466] |T| [close_file]: install_trophy_context: Closing file fd: 0x2E
[11:42:21.468] |T| [open_file]: install_trophy_context: Opening file ux0:/user/00/trophy/conf/NPWR10022_00/TROP035.PNG (ux0:/user/00/trophy/conf/NPWR10022_00/TROP035.PNG), fd: 0x2F
[11:42:21.471] |T| [write_file]: install_trophy_context: Writing to fd: 0x2F, size: 100857
[11:42:21.472] |T| [close_file]: install_trophy_context: Closing file fd: 0x2F
[11:42:21.473] |T| [open_file]: install_trophy_context: Opening file ux0:/user/00/trophy/conf/NPWR10022_00/TROP036.PNG (ux0:/user/00/trophy/conf/NPWR10022_00/TROP036.PNG), fd: 0x30
[11:42:21.474] |T| [write_file]: install_trophy_context: Writing to fd: 0x30, size: 112636
[11:42:21.475] |T| [close_file]: install_trophy_context: Closing file fd: 0x30
[11:42:21.477] |T| [open_file]: install_trophy_context: Opening file ux0:/user/00/trophy/conf/NPWR10022_00/TROP037.PNG (ux0:/user/00/trophy/conf/NPWR10022_00/TROP037.PNG), fd: 0x31
[11:42:21.481] |T| [write_file]: install_trophy_context: Writing to fd: 0x31, size: 71692
[11:42:21.482] |T| [close_file]: install_trophy_context: Closing file fd: 0x31
[11:42:21.485] |T| [open_file]: install_trophy_context: Opening file ux0:/user/00/trophy/conf/NPWR10022_00/TROP038.PNG (ux0:/user/00/trophy/conf/NPWR10022_00/TROP038.PNG), fd: 0x32
[11:42:21.486] |T| [write_file]: install_trophy_context: Writing to fd: 0x32, size: 101921
[11:42:21.487] |T| [close_file]: install_trophy_context: Closing file fd: 0x32
[11:42:21.488] |T| [open_file]: install_trophy_context: Opening file ux0:/user/00/trophy/conf/NPWR10022_00/TROP039.PNG (ux0:/user/00/trophy/conf/NPWR10022_00/TROP039.PNG), fd: 0x33
[11:42:21.490] |T| [write_file]: install_trophy_context: Writing to fd: 0x33, size: 92263
[11:42:21.491] |T| [close_file]: install_trophy_context: Closing file fd: 0x33
[11:42:21.492] |T| [open_file]: install_trophy_context: Opening file ux0:/user/00/trophy/conf/NPWR10022_00/TROP040.PNG (ux0:/user/00/trophy/conf/NPWR10022_00/TROP040.PNG), fd: 0x34
[11:42:21.497] |T| [write_file]: install_trophy_context: Writing to fd: 0x34, size: 83425
[11:42:21.499] |T| [close_file]: install_trophy_context: Closing file fd: 0x34
[11:42:21.500] |T| [open_file]: install_trophy_context: Opening file ux0:/user/00/trophy/conf/NPWR10022_00/TROP041.PNG (ux0:/user/00/trophy/conf/NPWR10022_00/TROP041.PNG), fd: 0x35
[11:42:21.501] |T| [write_file]: install_trophy_context: Writing to fd: 0x35, size: 78048
[11:42:21.501] |E| [logging::ret_error_impl]: _sceKernelWaitSema returned SCE_KERNEL_ERROR_WAIT_TIMEOUT (0x80028005)
[11:42:21.502] |T| [close_file]: install_trophy_context: Closing file fd: 0x35
[11:42:21.504] |T| [open_file]: install_trophy_context: Opening file ux0:/user/00/trophy/conf/NPWR10022_00/TROP042.PNG (ux0:/user/00/trophy/conf/NPWR10022_00/TROP042.PNG), fd: 0x36
[11:42:21.507] |T| [write_file]: install_trophy_context: Writing to fd: 0x36, size: 105316
[11:42:21.510] |T| [close_file]: install_trophy_context: Closing file fd: 0x36
[11:42:21.511] |T| [open_file]: install_trophy_context: Opening file ux0:/user/00/trophy/conf/NPWR10022_00/TROP043.PNG (ux0:/user/00/trophy/conf/NPWR10022_00/TROP043.PNG), fd: 0x37
[11:42:21.514] |T| [write_file]: install_trophy_context: Writing to fd: 0x37, size: 103943
[11:42:21.514] |T| [close_file]: install_trophy_context: Closing file fd: 0x37
[11:42:21.514] |W| [unimplemented_impl]: Unimplemented sceAppUtilBgdlGetStatus import called.
[11:42:21.515] |T| [open_file]: install_trophy_context: Opening file ux0:/user/00/trophy/conf/NPWR10022_00/TROP044.PNG (ux0:/user/00/trophy/conf/NPWR10022_00/TROP044.PNG), fd: 0x38
[11:42:21.518] |T| [write_file]: install_trophy_context: Writing to fd: 0x38, size: 105386
[11:42:21.518] |T| [close_file]: install_trophy_context: Closing file fd: 0x38
[11:42:21.520] |T| [open_file]: install_trophy_context: Opening file ux0:/user/00/trophy/conf/NPWR10022_00/TROP045.PNG (ux0:/user/00/trophy/conf/NPWR10022_00/TROP045.PNG), fd: 0x39
[11:42:21.521] |T| [write_file]: install_trophy_context: Writing to fd: 0x39, size: 101321
[11:42:21.522] |T| [close_file]: install_trophy_context: Closing file fd: 0x39
[11:42:21.523] |T| [open_file]: install_trophy_context: Opening file ux0:/user/00/trophy/conf/NPWR10022_00/TROP046.PNG (ux0:/user/00/trophy/conf/NPWR10022_00/TROP046.PNG), fd: 0x3A
[11:42:21.529] |T| [write_file]: install_trophy_context: Writing to fd: 0x3A, size: 104802
[11:42:21.530] |T| [close_file]: install_trophy_context: Closing file fd: 0x3A
[11:42:21.532] |T| [open_file]: install_trophy_context: Opening file ux0:/user/00/trophy/conf/NPWR10022_00/TROP047.PNG (ux0:/user/00/trophy/conf/NPWR10022_00/TROP047.PNG), fd: 0x3B
[11:42:21.533] |T| [write_file]: install_trophy_context: Writing to fd: 0x3B, size: 107511
[11:42:21.534] |T| [close_file]: install_trophy_context: Closing file fd: 0x3B
[11:42:21.535] |T| [open_file]: install_trophy_context: Opening file ux0:/user/00/trophy/conf/NPWR10022_00/TROP048.PNG (ux0:/user/00/trophy/conf/NPWR10022_00/TROP048.PNG), fd: 0x3C
[11:42:21.536] |T| [write_file]: install_trophy_context: Writing to fd: 0x3C, size: 91962
[11:42:21.536] |T| [close_file]: install_trophy_context: Closing file fd: 0x3C
[11:42:21.538] |T| [open_file]: install_trophy_context: Opening file ux0:/user/00/trophy/conf/NPWR10022_00/TROP049.PNG (ux0:/user/00/trophy/conf/NPWR10022_00/TROP049.PNG), fd: 0x3D
[11:42:21.542] |T| [write_file]: install_trophy_context: Writing to fd: 0x3D, size: 97635
[11:42:21.543] |T| [close_file]: install_trophy_context: Closing file fd: 0x3D
[11:42:21.545] |T| [close_file]: create_trophy_context: Closing file fd: 0x4
[11:42:21.546] |T| [export_sceNpTrophyCreateContext]: Trophy context for NPWR10022_00 create successfuly!
[11:42:21.730] |W| [unimplemented_impl]: Unimplemented sceKernelChangeThreadVfpException import called.
[11:42:21.731] |W| [unimplemented_impl]: Unimplemented sceFiosOverlayThreadSetDisabled02 import called.
[11:42:21.897] |T| [open_dir]: _sceIoDopen: Opening dir app0:. (ux0:/app/PCSG00771/.), fd: 0x3E
[11:42:21.897] |T| [read_dir]: _sceIoDread: Reading entry app0:./00 of fd: 0x3E
[11:42:21.950] |I| [export_sceIoOpen]: Opening file: app0:/00/Archive.psarc
[11:42:21.951] |T| [open_file]: sceIoOpen: Opening file app0:/00/Archive.psarc (ux0:/app/PCSG00771/00/Archive.psarc), fd: 0x3F
[11:42:21.984] |T| [close_file]: sceIoClose: Closing file fd: 0x3F
[11:42:21.999] |I| [export_sceIoOpen]: Opening file: app0:/00/Archive.psarc
[11:42:21.999] |T| [open_file]: sceIoOpen: Opening file app0:/00/Archive.psarc (ux0:/app/PCSG00771/00/Archive.psarc), fd: 0x40
[11:42:22.074] |T| [read_dir]: _sceIoDread: Reading entry app0:./01 of fd: 0x3E
[11:42:22.078] |I| [export_sceIoOpen]: Opening file: app0:/01/Archive.psarc
[11:42:22.078] |T| [open_file]: sceIoOpen: Opening file app0:/01/Archive.psarc (ux0:/app/PCSG00771/01/Archive.psarc), fd: 0x41
[11:42:22.080] |T| [close_file]: sceIoClose: Closing file fd: 0x41
[11:42:22.087] |I| [export_sceIoOpen]: Opening file: app0:/01/Archive.psarc
[11:42:22.088] |T| [open_file]: sceIoOpen: Opening file app0:/01/Archive.psarc (ux0:/app/PCSG00771/01/Archive.psarc), fd: 0x42
[11:42:22.137] |T| [read_dir]: _sceIoDread: Reading entry app0:./eboot.bin of fd: 0x3E
[11:42:22.138] |T| [read_dir]: _sceIoDread: Reading entry app0:./sce_module of fd: 0x3E
[11:42:22.139] |E| [stat_file]: Missing file at C:/Users/ Othmane/AppData/Roaming/Vita3K/Vita3K/ux0/app/PCSG00771/sce_module/Archive.psarc (target path: app0:/sce_module/Archive.psarc)
[11:42:22.140] |W| [io_error_impl]: stat_file (_sceIoGetstat) returned 0x80010002
[11:42:22.142] |T| [read_dir]: _sceIoDread: Reading entry app0:./sce_sys of fd: 0x3E
[11:42:22.143] |E| [stat_file]: Missing file at C:/Users/ Othmane/AppData/Roaming/Vita3K/Vita3K/ux0/app/PCSG00771/sce_sys/Archive.psarc (target path: app0:/sce_sys/Archive.psarc)
[11:42:22.144] |W| [io_error_impl]: stat_file (_sceIoGetstat) returned 0x80010002
[11:42:22.147] |T| [close_dir]: sceIoDclose: Closing dir fd: 0x3E
[11:42:22.156] |T| [open_dir]: _sceIoDopen: Opening dir app0:. (ux0:/app/PCSG00771/.), fd: 0x43
[11:42:22.157] |T| [read_dir]: _sceIoDread: Reading entry app0:./00 of fd: 0x43
[11:42:22.160] |T| [read_dir]: _sceIoDread: Reading entry app0:./01 of fd: 0x43
[11:42:22.165] |T| [read_dir]: _sceIoDread: Reading entry app0:./eboot.bin of fd: 0x43
[11:42:22.166] |T| [read_dir]: _sceIoDread: Reading entry app0:./sce_module of fd: 0x43
[11:42:22.167] |E| [stat_file]: Missing file at C:/Users/ Othmane/AppData/Roaming/Vita3K/Vita3K/ux0/app/PCSG00771/sce_module/package_data.bin (target path: app0:/sce_module/package_data.bin)
[11:42:22.168] |W| [io_error_impl]: stat_file (_sceIoGetstat) returned 0x80010002
[11:42:22.169] |T| [read_dir]: _sceIoDread: Reading entry app0:./sce_sys of fd: 0x43
[11:42:22.171] |E| [stat_file]: Missing file at C:/Users/ Othmane/AppData/Roaming/Vita3K/Vita3K/ux0/app/PCSG00771/sce_sys/package_data.bin (target path: app0:/sce_sys/package_data.bin)
[11:42:22.173] |W| [io_error_impl]: stat_file (_sceIoGetstat) returned 0x80010002
[11:42:22.174] |T| [close_dir]: sceIoDclose: Closing dir fd: 0x43
[11:42:22.184] |I| [export_sceIoOpen]: Opening file: app0:/00/package_data.bin
[11:42:22.184] |T| [open_file]: sceIoOpen: Opening file app0:/00/package_data.bin (ux0:/app/PCSG00771/00/package_data.bin), fd: 0x44
[11:42:22.300] |T| [close_file]: sceIoClose: Closing file fd: 0x44
[11:42:22.302] |I| [export_sceIoOpen]: Opening file: app0:/01/package_data.bin
[11:42:22.303] |T| [open_file]: sceIoOpen: Opening file app0:/01/package_data.bin (ux0:/app/PCSG00771/01/package_data.bin), fd: 0x45
[11:42:22.355] |T| [close_file]: sceIoClose: Closing file fd: 0x45
[11:42:22.429] |W| [ngs::create_voice_definition]: Missing voice definition for Buss Type 6, using passthrough.
[11:42:22.430] |W| [ngs::create_voice_definition]: Missing voice definition for Buss Type 1, using passthrough.
[11:42:22.431] |W| [ngs::create_voice_definition]: Missing voice definition for Buss Type 10, using passthrough.
[11:42:22.438] |T| [ngs::simple::PlayerVoiceDefinition::new_modules]: Simple player voice definition stubbed
[11:42:22.439] |T| [ngs::simple::Atrac9VoiceDefinition::new_modules]: AT9 player voice definition stubbed
[11:42:22.443] |T| [ngs::simple::PlayerVoiceDefinition::new_modules]: Simple player voice definition stubbed
[11:42:22.445] |T| [export_sceNgsPatchCreateRouting]: Patching 0x4DE2D30:0:0 to 0x4DE31C8:0
[11:42:22.447] |T| [export_sceNgsPatchCreateRouting]: Patching 0x4DE2898:0:0 to 0x4DE2D30:0
[11:42:22.448] |T| [export_sceNgsPatchCreateRouting]: Patching 0x4DE2400:0:0 to 0x4DE2898:0
[11:42:22.493] |W| [unimplemented_impl]: Unimplemented sceAppMgrAcquireBgmPort import called.
[11:42:23.095] |W| [unimplemented_impl]: Unimplemented sceNgsSystemLock import called.
[11:42:23.096] |W| [unimplemented_impl]: Unimplemented sceNgsSystemUnlock import called.
[11:42:23.338] |I| [load_module]: Loading module ID: 0x4C
[11:42:23.347] |I| [load_self]: sys/external/libsceavplayer.suprx: Skipping special segment 0x6FFFFF01...
[11:42:23.348] |I| [load_self]: Loaded module segment 0 @ [0x152E8000 - 0x152FC9FC / 0x81000000] (size: 0x000149FC) of module sys/external/libsceavplayer.suprx
[11:42:23.350] |I| [load_self]: Loaded module segment 1 @ [0x152FD000 - 0x152FD06C / 0x81015000] (size: 0x0000006C) of module sys/external/libsceavplayer.suprx
[11:42:23.351] |I| [load_self]: Linking SELF sys/external/libsceavplayer.suprx...
[11:42:23.352] |D| [load_var_exports]: 	NID 0x936C8A78 (SYSLYB) at 0x152F9D40
[11:42:23.353] |D| [load_var_exports]: 	NID 0x6C2224BA (NID_MODULE_INFO) at 0x152F8548
[11:42:23.354] |I| [load_module]: Module SceAvPlayer (at "sys/external/libsceavplayer.suprx") loaded
[11:42:23.357] |D| [load_module]: Running module_start of module: SceAvPlayer
[11:42:23.362] |I| [load_module]: Module SceAvPlayer (at "sys/external/libsceavplayer.suprx") module_start returned 0x0
[11:42:23.370] |I| [load_self]: sys/external/libscemp4.suprx: Skipping special segment 0x6FFFFF01...
[11:42:23.372] |I| [load_self]: Loaded module segment 0 @ [0x152FE000 - 0x1530DD20 / 0x81000000] (size: 0x0000FD20) of module sys/external/libscemp4.suprx
[11:42:23.375] |I| [load_self]: Loaded module segment 1 @ [0x1530E000 - 0x1530E028 / 0x81010000] (size: 0x00000028) of module sys/external/libscemp4.suprx
[11:42:23.377] |I| [load_self]: Linking SELF sys/external/libscemp4.suprx...
[11:42:23.378] |D| [load_var_exports]: 	NID 0x936C8A78 (SYSLYB) at 0x1530D9D0
[11:42:23.379] |D| [load_var_exports]: 	NID 0x6C2224BA (NID_MODULE_INFO) at 0x1530C8C4
[11:42:23.382] |I| [load_module]: Module SceMp4 (at "sys/external/libscemp4.suprx") loaded
[11:42:23.397] |I| [load_module]: Loading module ID: 0x13
[11:42:23.400] |I| [load_self]: sys/external/libsystemgesture.suprx: Skipping special segment 0x6FFFFF01...
[11:42:23.401] |I| [load_self]: Loaded module segment 0 @ [0x15327000 - 0x1532A08C / 0x81000000] (size: 0x0000308C) of module sys/external/libsystemgesture.suprx
[11:42:23.405] |I| [load_self]: Loaded module segment 1 @ [0x1530F000 - 0x1530FBF0 / 0x81004000] (size: 0x00000BF0) of module sys/external/libsystemgesture.suprx
[11:42:23.409] |I| [load_self]: Linking SELF sys/external/libsystemgesture.suprx...
[11:42:23.409] |D| [load_var_exports]: 	NID 0x936C8A78 (SYSLYB) at 0x1532A074
[11:42:23.410] |D| [load_var_exports]: 	NID 0x6C2224BA (NID_MODULE_INFO) at 0x15329BD4
[11:42:23.411] |I| [load_module]: Module SceSystemGesture (at "sys/external/libsystemgesture.suprx") loaded
[11:42:23.411] |D| [load_module]: Running module_start of module: SceSystemGesture
[11:42:23.413] |I| [load_module]: Module SceSystemGesture (at "sys/external/libsystemgesture.suprx") module_start returned 0x0
[11:42:23.415] |T| [log_import_call]: [LLE] TID: 7   FUNC: 0x6078A08B sceSystemGestureInitializePrimitiveTouchRecognizer at 0x5A2948
[11:42:23.417] |W| [stubbed_impl]: Stubbed sceTouchGetPixelDensity2 import called. (Return constant values (22.0))
[11:42:23.425] |T| [log_import_call]: [LLE] TID: 7   FUNC: 0xC3367370 sceSystemGestureCreateTouchRecognizer at 0x5A2988
[11:42:23.427] |E| [call_import]: Import function for NID 0xE341C532 not found (thread name: PCSG00771, thread ID: 7)
[11:42:23.496] |T| [log_import_call]: [LLE] TID: 7   FUNC: 0xDF4C665A sceSystemGestureUpdatePrimitiveTouchRecognizer at 0x5A29A8
[11:42:23.502] |T| [log_import_call]: [LLE] TID: 7   FUNC: 0x851FB144 sceSystemGestureUpdateTouchRecognizer at 0x5A2968
[11:42:23.507] |T| [log_import_call]: [LLE] TID: 7   FUNC: 0x13AD2218 sceSystemGestureGetTouchEventsCount at 0x5A2938
[11:42:23.514] |E| [logging::ret_error_impl]: sceFiberSwitch returned SCE_FIBER_ERROR_PERMISSION (0x80590005)
[11:42:23.594] |W| [stubbed_impl]: Stubbed sceGxmGetRenderTargetMemSize import called. (2MiB emuenv mem)
[11:42:23.685] |I| [renderer::vulkan::PipelineCache::retrieve_shader]: Generating vulkan spv shader 4e4c4cc903c034ae12f6a8b6586e1b117655345f866401d4840f558dba3130e9
[11:42:23.686] |I| [renderer::load_shader_generic]: Generating vert.spv.txt shader 4e4c4cc903c034ae12f6a8b6586e1b117655345f866401d4840f558dba3130e9
[11:42:23.689] |D| [shader::create_parameters]: [BUFFER0  + 0] pa0 = (float2) pos
[11:42:23.689] |D| [shader::create_parameters]: [DEFAULT  + 0] sa0 = (float4) color_depth[2]
[11:42:23.692] |T| [shader::usse::USSERecompiler::compile_code_node]: Compiling code_0, size = 2
[11:42:23.696] |T| [shader::usse::USSERecompiler::compile_code_node]: Compiling code_0, size = 6
[11:42:23.712] |I| [renderer::vulkan::PipelineCache::retrieve_shader]: Generating vulkan spv shader 70a54078de902ecfb4ce783c5ee84efa11478de2490ccf9d160fcabff8805bac
[11:42:23.715] |I| [renderer::load_shader_generic]: Generating frag.spv.txt shader 70a54078de902ecfb4ce783c5ee84efa11478de2490ccf9d160fcabff8805bac
[11:42:23.721] |D| [shader::create_fragment_inputs]: Iterator: pa0 = (half4) v_Color0
[11:42:23.722] |T| [shader::usse::USSERecompiler::compile_code_node]: Compiling code_0, size = 1
[11:42:23.910] |W| [unimplemented_impl]: Unimplemented sceCommonDialogUpdate import called.
[11:42:23.912] |W| [unimplemented_impl]: Unimplemented sceGxmWaitEvent import called.
[11:42:23.925] |I| [renderer::vulkan::PipelineCache::retrieve_shader]: Generating vulkan spv shader bef888e43aa1649492a048bfd0e21064c8355235970326594df720740715a7be
[11:42:23.929] |I| [renderer::load_shader_generic]: Generating vert.spv.txt shader bef888e43aa1649492a048bfd0e21064c8355235970326594df720740715a7be
[11:42:23.934] |D| [shader::create_parameters]: [BUFFER0  + 0] pa0 = (float4) In_Position
[11:42:23.934] |D| [shader::create_parameters]: [BUFFER0  + 4] pa4 = (float4) In_TexCoord
[11:42:23.936] |T| [shader::usse::USSERecompiler::compile_code_node]: Compiling code_0, size = 3
[11:42:23.948] |I| [renderer::vulkan::PipelineCache::retrieve_shader]: Generating vulkan spv shader 3f39d9e65ebc6aa6176f59d8e2ea4a00b95c9d5f8b2a4c27664f654645e4d4d6
[11:42:23.949] |I| [export_sceIoOpen]: Opening file: app0:/00/ui/COMMON/LAYOUT_SLECOMMONTEXTURES_KSLT.kslt
[11:42:23.950] |I| [renderer::load_shader_generic]: Generating frag.spv.txt shader 3f39d9e65ebc6aa6176f59d8e2ea4a00b95c9d5f8b2a4c27664f654645e4d4d6
[11:42:23.952] |T| [open_file]: sceIoOpen: Opening file app0:/00/ui/COMMON/LAYOUT_SLECOMMONTEXTURES_KSLT.kslt (ux0:/app/PCSG00771/00/ui/COMMON/LAYOUT_SLECOMMONTEXTURES_KSLT.kslt), fd: 0x46
[11:42:23.955] |T| [shader::create_fragment_inputs]: pa0 = tex2D<half4>(gTextureSampler, TEXCOORD0.xy)
[11:42:23.957] |T| [shader::usse::USSERecompiler::compile_code_node]: Compiling code_0, size = 1
[11:42:23.961] |I| [export_sceIoOpen]: Opening file: app0:/00/shader/SHADER_CHARACTER_SKIN_SWEAT.sdat
[11:42:23.964] |T| [open_file]: sceIoOpen: Opening file app0:/00/shader/SHADER_CHARACTER_SKIN_SWEAT.sdat (ux0:/app/PCSG00771/00/shader/SHADER_CHARACTER_SKIN_SWEAT.sdat), fd: 0x47
[11:42:24.035] |T| [close_file]: sceIoClose: Closing file fd: 0x46
[11:42:24.036] |T| [close_file]: sceIoClose: Closing file fd: 0x47
[11:42:24.040] |I| [export_sceIoOpen]: Opening file: app0:/00/shader/SHADER_CHARACTER_WET_CLOTH_ABS.sdat
[11:42:24.042] |T| [open_file]: sceIoOpen: Opening file app0:/00/shader/SHADER_CHARACTER_WET_CLOTH_ABS.sdat (ux0:/app/PCSG00771/00/shader/SHADER_CHARACTER_WET_CLOTH_ABS.sdat), fd: 0x48
[11:42:24.045] |I| [export_sceIoOpen]: Opening file: app0:/00/shader/SHADER_EFFECT_SHIMMER.sdat
[11:42:24.045] |T| [open_file]: sceIoOpen: Opening file app0:/00/shader/SHADER_EFFECT_SHIMMER.sdat (ux0:/app/PCSG00771/00/shader/SHADER_EFFECT_SHIMMER.sdat), fd: 0x49
[11:42:24.072] |T| [close_file]: sceIoClose: Closing file fd: 0x48
[11:42:24.073] |T| [close_file]: sceIoClose: Closing file fd: 0x49
[11:42:24.074] |I| [export_sceIoOpen]: Opening file: app0:/00/shader/SHADER_STAGE_BUMPWAVE.sdat
[11:42:24.075] |T| [open_file]: sceIoOpen: Opening file app0:/00/shader/SHADER_STAGE_BUMPWAVE.sdat (ux0:/app/PCSG00771/00/shader/SHADER_STAGE_BUMPWAVE.sdat), fd: 0x4A
[11:42:24.078] |I| [export_sceIoOpen]: Opening file: app0:/00/shader/SHADER_ITEM_MASSDRAW.sdat
[11:42:24.079] |T| [open_file]: sceIoOpen: Opening file app0:/00/shader/SHADER_ITEM_MASSDRAW.sdat (ux0:/app/PCSG00771/00/shader/SHADER_ITEM_MASSDRAW.sdat), fd: 0x4B
[11:42:24.107] |T| [close_file]: sceIoClose: Closing file fd: 0x4A
[11:42:24.109] |T| [close_file]: sceIoClose: Closing file fd: 0x4B
[11:42:24.111] |I| [export_sceIoOpen]: Opening file: app0:/00/sound/bgm/SND_BGM_STAGE_XHS.xhs
[11:42:24.111] |T| [open_file]: sceIoOpen: Opening file app0:/00/sound/bgm/SND_BGM_STAGE_XHS.xhs (ux0:/app/PCSG00771/00/sound/bgm/SND_BGM_STAGE_XHS.xhs), fd: 0x4C
[11:42:24.113] |I| [export_sceIoOpen]: Opening file: app0:/00/sound/system/SND_SYS_DO_XHS.xhs
[11:42:24.114] |T| [open_file]: sceIoOpen: Opening file app0:/00/sound/system/SND_SYS_DO_XHS.xhs (ux0:/app/PCSG00771/00/sound/system/SND_SYS_DO_XHS.xhs), fd: 0x4D
[11:42:24.139] |T| [close_file]: sceIoClose: Closing file fd: 0x4C
[11:42:24.140] |T| [close_file]: sceIoClose: Closing file fd: 0x4D
[11:42:24.142] |I| [export_sceIoOpen]: Opening file: app0:/00/sound/char/SND_CHAR_ZAC_JP_XHS.xhs
[11:42:24.143] |T| [open_file]: sceIoOpen: Opening file app0:/00/sound/char/SND_CHAR_ZAC_JP_XHS.xhs (ux0:/app/PCSG00771/00/sound/char/SND_CHAR_ZAC_JP_XHS.xhs), fd: 0x4E
[11:42:24.149] |I| [export_sceIoOpen]: Opening file: app0:/00/character/CHARA_PBS_MATERIAL_LIST.pbs
[11:42:24.150] |T| [open_file]: sceIoOpen: Opening file app0:/00/character/CHARA_PBS_MATERIAL_LIST.pbs (ux0:/app/PCSG00771/00/character/CHARA_PBS_MATERIAL_LIST.pbs), fd: 0x4F
[11:42:24.173] |T| [close_file]: sceIoClose: Closing file fd: 0x4E
[11:42:24.174] |T| [close_file]: sceIoClose: Closing file fd: 0x4F
[11:42:24.175] |I| [export_sceIoOpen]: Opening file: app0:/00/character/CHARA_PBS_MATERIAL_LIST_WET.pbs
[11:42:24.178] |T| [open_file]: sceIoOpen: Opening file app0:/00/character/CHARA_PBS_MATERIAL_LIST_WET.pbs (ux0:/app/PCSG00771/00/character/CHARA_PBS_MATERIAL_LIST_WET.pbs), fd: 0x50
[11:42:24.183] |I| [export_sceIoOpen]: Opening file: app0:/00/item/ITM_PBS_MATERIAL_LIST.pbs
[11:42:24.184] |T| [open_file]: sceIoOpen: Opening file app0:/00/item/ITM_PBS_MATERIAL_LIST.pbs (ux0:/app/PCSG00771/00/item/ITM_PBS_MATERIAL_LIST.pbs), fd: 0x51
[11:42:24.207] |T| [close_file]: sceIoClose: Closing file fd: 0x50
[11:42:24.208] |T| [close_file]: sceIoClose: Closing file fd: 0x51
[11:42:24.209] |I| [export_sceIoOpen]: Opening file: app0:/00/stage/STG_PBS_MATERIAL_LIST.pbs
[11:42:24.209] |T| [open_file