[09:00:43.233] |I| [SDL_main]:  Vita3K v0.1 408-8b50c0b
[09:00:45.261] |I| [install_vpk]:  PCSE00928 already installed, launching application...
[09:00:45.261] |I| [load_app]:  Title: Fate Extella
[09:00:45.261] |I| [load_app]:  Serial: PCSE00928
[09:00:45.262] |I| [load_app]:  Category: gd
[09:00:45.695] |I| [load_self]:  *** Loading symbols for (S)ELF: app0:sce_module/libc.suprx
[09:00:45.696] |D| [load_var_exports]:  	NID 0x936C8A78 (SYSLYB) at 0x48314
[09:00:45.696] |D| [load_var_exports]:  	NID 0x6C2224BA (NID_MODULE_INFO) at 0x3d4dc
[09:00:45.697] |E| [load_var_imports]:  	NID NOT FOUND 0xDF084DFA (UNRECOGNISED) at 0x431d0: 0x00000140
[09:00:45.697] |I| [load_app]:  LIBC loaded
[09:00:45.705] |I| [load_self]:  *** Loading symbols for (S)ELF: app0:eboot.bin
[09:00:45.706] |D| [load_var_exports]:  	NID 0x6C2224BA (NID_MODULE_INFO) at 0x72c938
[09:00:45.706] |D| [load_var_exports]:  	NID 0x70FBA1E7 (SCE_PROC_PARAMS) at 0x809b30
[09:00:45.707] |D| [load_var_exports]:  	NID 0x936C8A78 (SYSLYB) at 0x7b2e1c
[09:00:45.807] |I| [load_self]:  *** Loading symbols for (S)ELF: app0:mai_moe/mai.suprx
[09:00:45.807] |D| [load_var_exports]:  	NID 0x6C2224BA (NID_MODULE_INFO) at 0xed9e7e4
[09:00:45.808] |D| [load_var_exports]:  	NID 0x70FBA1E7 (SCE_PROC_PARAMS) at 0xed9e840
[09:00:45.834] |I| [export_sceIoOpen]:  Opening file: app0:mai_moe/load_type.mai
[09:00:45.836] |I| [load_self]:  *** Loading symbols for (S)ELF: app0:sce_module/libfios2_m.suprx
[09:00:45.836] |D| [load_var_exports]:  	NID 0x936C8A78 (SYSLYB) at 0xee4dbc8
[09:00:45.836] |D| [load_var_exports]:  	NID 0x6C2224BA (NID_MODULE_INFO) at 0xee44f08
[09:00:45.841] |W| [unimplemented_impl]:  Unimplemented sceKernelGetProcessId import called.
[09:00:45.842] |W| [unimplemented_impl]:  Unimplemented sceFiosOverlayGetList02 import called.
[09:00:45.842] |I| [export_sceKernelLoadStartModule]:  mceLibFios2 returned 0x00000000
[09:00:45.843] |I| [load_self]:  *** Loading symbols for (S)ELF: app0:sce_module/libc_m.suprx
[09:00:45.844] |D| [load_var_exports]:  	NID 0x936C8A78 (SYSLYB) at 0xee9b314
[09:00:45.844] |D| [load_var_exports]:  	NID 0x6C2224BA (NID_MODULE_INFO) at 0xee904dc
[09:00:45.844] |E| [load_var_imports]:  	NID NOT FOUND 0xDF084DFA (UNRECOGNISED) at 0xee961d0: 0x00000140
> crash