[22:27:35.921] |I| [config::init_config]: backend-renderer: Vulkan
[22:27:35.922] |I| [config::init_config]: log-level: 0
[22:27:36.022] |I| [SDL_main]: Vita3K v0.1.6 2901-692549a2
[22:27:36.022] |I| [SDL_main]: Number of logical CPU cores: 8
[22:27:36.023] |I| [SDL_main]: Available ram memory: 8075 MiB
[22:27:36.826] |I| [renderer::vulkan::VKState::create]: Vulkan device: NVIDIA GeForce GTX 1050
[22:27:36.827] |I| [renderer::vulkan::VKState::create]: Driver version: 466.11.0.0
[22:27:37.311] |I| [renderer::vulkan::ScreenRenderer::setup]: Present mode: Mailbox
[22:27:48.194] |I| [load_app_impl]: cpu-backend: Unicorn
[22:27:48.195] |I| [load_app_impl]: ngs state: true
[22:27:48.196] |I| [load_app_impl]: Resolution multiplier: 2
[22:27:48.197] |I| [load_app_impl]: 1 Controllers Connected
[22:27:48.198] |I| [load_app_impl]: Controller 0: PS4 Controller
[22:27:48.199] |I| [load_app_impl]: modules mode: Auto & Manual
[22:27:48.199] |I| [load_app_impl]: Title: GOD EATER RESURRECTION
[22:27:48.200] |I| [load_app_impl]: Serial: PCSH00199
[22:27:48.200] |I| [load_app_impl]: Version: 1.10
[22:27:48.200] |I| [load_app_impl]: Category: gp
[22:27:48.215] |I| [load_self]: app0:sce_module/libc.suprx: Skipping special segment 0x6FFFFF01...
[22:27:48.215] |I| [load_self]: Loaded module segment 0 @ [0x00004000 - 0x000558A4 / 0x81000000] (size: 0x000518A4) of module app0:sce_module/libc.suprx
[22:27:48.216] |I| [load_self]: Loaded module segment 1 @ [0x00056000 - 0x000588A0 / 0x81052000] (size: 0x000028A0) of module app0:sce_module/libc.suprx
[22:27:48.217] |I| [load_self]: Linking SELF app0:sce_module/libc.suprx...
[22:27:48.218] |D| [load_var_exports]: 	NID 0x936C8A78 (SYSLYB) at 0x4B314
[22:27:48.218] |D| [load_var_exports]: 	NID 0x6C2224BA (NID_MODULE_INFO) at 0x404DC
[22:27:48.218] |W| [load_var_imports]: 	NID NOT FOUND 0x93B8AA67 (__stack_chk_guard) at 0x4463C, setting to stub value 0xDEADBEEF
[22:27:48.220] |W| [load_var_imports]: 	NID NOT FOUND 0xDF084DFA (UNRECOGNISED) at 0x461D0, setting to stub value 0xDEADBEEF
[22:27:48.222] |I| [pre_load_module]: Pre-load module SceLibc (at "sce_module/libc.suprx") loaded
[22:27:48.231] |I| [load_self]: app0:sce_module/libfios2.suprx: Skipping special segment 0x6FFFFF01...
[22:27:48.232] |I| [load_self]: Loaded module segment 0 @ [0x0005B000 - 0x00087CBF / 0x81000000] (size: 0x0002CCBF) of module app0:sce_module/libfios2.suprx
[22:27:48.233] |I| [load_self]: Loaded module segment 1 @ [0x00088000 - 0x0008D255 / 0x8102D000] (size: 0x00005255) of module app0:sce_module/libfios2.suprx
[22:27:48.234] |I| [load_self]: Linking SELF app0:sce_module/libfios2.suprx...
[22:27:48.236] |D| [load_var_exports]: 	NID 0x936C8A78 (SYSLYB) at 0x87BC8
[22:27:48.237] |D| [load_var_exports]: 	NID 0x6C2224BA (NID_MODULE_INFO) at 0x7EF08
[22:27:48.238] |I| [pre_load_module]: Pre-load module SceLibFios2 (at "sce_module/libfios2.suprx") loaded
[22:27:48.245] |I| [load_self]: app0:sce_module/libult.suprx: Skipping special segment 0x6FFFFF01...
[22:27:48.245] |I| [load_self]: Loaded module segment 0 @ [0x0008E000 - 0x000A19A4 / 0x81000000] (size: 0x000139A4) of module app0:sce_module/libult.suprx
[22:27:48.247] |I| [load_self]: Loaded module segment 1 @ [0x000A2000 - 0x000A2814 / 0x81014000] (size: 0x00000814) of module app0:sce_module/libult.suprx
[22:27:48.249] |I| [load_self]: Linking SELF app0:sce_module/libult.suprx...
[22:27:48.250] |D| [load_var_exports]: 	NID 0x936C8A78 (SYSLYB) at 0xA02D0
[22:27:48.251] |D| [load_var_exports]: 	NID 0x6C2224BA (NID_MODULE_INFO) at 0x9D858
[22:27:48.252] |I| [pre_load_module]: Pre-load module SceUlt (at "sce_module/libult.suprx") loaded
[22:27:48.265] |I| [load_self]: Loaded module segment 0 @ [0x000A3000 - 0x000F3F04 / 0x81000000] (size: 0x00050F04) of module vs0:sys/external/libSceFt2.suprx
[22:27:48.267] |I| [load_self]: Loaded module segment 1 @ [0x000F4000 - 0x000F42F4 / 0x81051000] (size: 0x000002F4) of module vs0:sys/external/libSceFt2.suprx
[22:27:48.270] |I| [load_self]: Linking SELF vs0:sys/external/libSceFt2.suprx...
[22:27:48.271] |D| [load_var_exports]: 	NID 0x936C8A78 (SYSLYB) at 0xDF7DC
[22:27:48.272] |D| [load_var_exports]: 	NID 0x6C2224BA (NID_MODULE_INFO) at 0xDEF10
[22:27:48.273] |I| [pre_load_module]: Pre-load module SceLibft2 (at "sys/external/libSceFt2.suprx") loaded
[22:27:48.277] |I| [load_self]: Loaded module segment 0 @ [0x000F5000 - 0x00104F14 / 0x81000000] (size: 0x0000FF14) of module vs0:sys/external/libpvf.suprx
[22:27:48.278] |I| [load_self]: Loaded module segment 1 @ [0x00105000 - 0x00105008 / 0x81010000] (size: 0x00000008) of module vs0:sys/external/libpvf.suprx
[22:27:48.280] |I| [load_self]: Linking SELF vs0:sys/external/libpvf.suprx...
[22:27:48.281] |D| [load_var_exports]: 	NID 0x936C8A78 (SYSLYB) at 0x103710
[22:27:48.283] |D| [load_var_exports]: 	NID 0x6C2224BA (NID_MODULE_INFO) at 0x103300
[22:27:48.284] |I| [pre_load_module]: Pre-load module SceLibPvf (at "sys/external/libpvf.suprx") loaded
[22:27:48.452] |I| [load_self]: app0:eboot.bin: Skipping special segment 0x6FFFFF01...
[22:27:48.453] |I| [load_self]: Loaded module segment 0 @ [0x00106000 - 0x0056826C / 0x81000000] (size: 0x0046226C) of module app0:eboot.bin
[22:27:48.455] |I| [load_self]: Loaded module segment 1 @ [0x00569000 - 0x005C0010 / 0x81463000] (size: 0x00057010) of module app0:eboot.bin
[22:27:48.457] |I| [load_self]: Linking SELF app0:eboot.bin...
[22:27:48.460] |D| [load_var_exports]: 	NID 0x6C2224BA (NID_MODULE_INFO) at 0x40B1AC
[22:27:48.460] |D| [load_var_exports]: 	NID 0x70FBA1E7 (SCE_PROC_PARAMS) at 0x579CC4
[22:27:48.461] |D| [load_var_exports]: 	NID 0x936C8A78 (SYSLYB) at 0x4A3D90
[22:27:48.462] |W| [load_var_imports]: 	NID NOT FOUND 0xF8BB02D (UNRECOGNISED) at 0x425524, setting to stub value 0xDEADBEEF
[22:27:48.464] |W| [load_var_imports]: 	NID NOT FOUND 0x6FA2FA9D (UNRECOGNISED) at 0x4252BC, setting to stub value 0xDEADBEEF
[22:27:48.466] |W| [load_var_imports]: 	NID NOT FOUND 0xAD183F20 (UNRECOGNISED) at 0x425314, setting to stub value 0xDEADBEEF
[22:27:48.468] |W| [load_var_imports]: 	NID NOT FOUND 0xBD3A9E9A (UNRECOGNISED) at 0x42567C, setting to stub value 0xDEADBEEF
[22:27:48.471] |W| [load_var_imports]: 	NID NOT FOUND 0xD73630A4 (UNRECOGNISED) at 0x425300, setting to stub value 0xDEADBEEF
[22:27:48.472] |W| [load_var_imports]: 	NID NOT FOUND 0xE581B1D0 (UNRECOGNISED) at 0x4253FC, setting to stub value 0xDEADBEEF
[22:27:48.476] |W| [load_var_imports]: 	NID NOT FOUND 0xF48EA0E5 (UNRECOGNISED) at 0x425328, setting to stub value 0xDEADBEEF
[22:27:48.478] |W| [load_var_imports]: 	NID NOT FOUND 0x17E66A2E (UNRECOGNISED) at 0x425938, setting to stub value 0xDEADBEEF
[22:27:48.479] |W| [load_var_imports]: 	NID NOT FOUND 0xDAB3B411 (UNRECOGNISED) at 0x425A60, setting to stub value 0xDEADBEEF
[22:27:48.481] |W| [load_var_imports]: 	NID NOT FOUND 0x3D3AA6F4 (UNRECOGNISED) at 0x4258C4, setting to stub value 0xDEADBEEF
[22:27:48.483] |W| [load_var_imports]: 	NID NOT FOUND 0x51E99A42 (UNRECOGNISED) at 0x425890, setting to stub value 0xDEADBEEF
[22:27:48.484] |W| [load_var_imports]: 	NID NOT FOUND 0x619363C3 (UNRECOGNISED) at 0x4258D8, setting to stub value 0xDEADBEEF
[22:27:48.486] |W| [load_var_imports]: 	NID NOT FOUND 0xC193EF11 (UNRECOGNISED) at 0x425900, setting to stub value 0xDEADBEEF
[22:27:48.487] |W| [load_var_imports]: 	NID NOT FOUND 0xF6E01CE1 (UNRECOGNISED) at 0x4258EC, setting to stub value 0xDEADBEEF
[22:27:48.490] |W| [load_var_imports]: 	NID NOT FOUND 0x80BDCAE4 (UNRECOGNISED) at 0x42595C, setting to stub value 0xDEADBEEF
[22:27:48.492] |W| [load_var_imports]: 	NID NOT FOUND 0xD4250C7D (UNRECOGNISED) at 0x425AA4, setting to stub value 0xDEADBEEF
[22:27:48.494] |W| [load_var_imports]: 	NID NOT FOUND 0x688377FA (UNRECOGNISED) at 0x425914, setting to stub value 0xDEADBEEF
[22:27:48.496] |I| [load_app_impl]: Main executable main (eboot.bin) loaded
[22:27:48.497] |I| [renderer::vulkan::PipelineCache::read_pipeline_cache]: Found pipeline cache, reading...
[22:27:48.497] |I| [renderer::vulkan::PipelineCache::read_pipeline_cache]: Pipeline cache read and loaded
[22:27:48.500] |I| [renderer::vulkan::VKState::precompile_shader]: Program Compiled 1/17
[22:27:48.503] |I| [renderer::vulkan::VKState::precompile_shader]: Program Compiled 2/17
[22:27:48.505] |I| [renderer::vulkan::VKState::precompile_shader]: Program Compiled 3/17
[22:27:48.507] |I| [renderer::vulkan::VKState::precompile_shader]: Program Compiled 4/17
[22:27:48.512] |I| [renderer::vulkan::VKState::precompile_shader]: Program Compiled 5/17
[22:27:48.514] |I| [renderer::vulkan::VKState::precompile_shader]: Program Compiled 6/17
[22:27:48.518] |I| [renderer::vulkan::VKState::precompile_shader]: Program Compiled 7/17
[22:27:48.521] |I| [renderer::vulkan::VKState::precompile_shader]: Program Compiled 8/17
[22:27:48.524] |I| [renderer::vulkan::VKState::precompile_shader]: Program Compiled 9/17
[22:27:48.528] |I| [renderer::vulkan::VKState::precompile_shader]: Program Compiled 10/17
[22:27:48.530] |I| [renderer::vulkan::VKState::precompile_shader]: Program Compiled 11/17
[22:27:48.532] |I| [renderer::vulkan::VKState::precompile_shader]: Program Compiled 12/17
[22:27:48.536] |I| [renderer::vulkan::VKState::precompile_shader]: Program Compiled 13/17
[22:27:48.538] |I| [renderer::vulkan::VKState::precompile_shader]: Program Compiled 14/17
[22:27:48.540] |I| [renderer::vulkan::VKState::precompile_shader]: Program Compiled 15/17
[22:27:48.547] |I| [renderer::vulkan::VKState::precompile_shader]: Program Compiled 16/17
[22:27:48.550] |I| [renderer::vulkan::VKState::precompile_shader]: Program Compiled 17/17
[22:27:48.558] |D| [run_app]: Running module_start of library: SceLibc at address 0x4871
[22:27:48.567] |W| [stubbed_impl]: Stubbed sceKernelGetFreeMemorySize import called. (Single pool)
[22:27:48.723] |T| [open_file]: sceKernelGetStdin: Opening terminal tty0:
[22:27:48.724] |T| [open_file]: sceKernelGetStdout: Opening terminal tty0:
[22:27:48.725] |T| [open_file]: sceKernelGetStderr: Opening terminal tty0:
[22:27:48.739] |I| [run_app]: Module SceLibc (at "app0:sce_module/libc.suprx") module_start returned 0x0
[22:27:48.742] |D| [run_app]: Running module_start of library: SceLibFios2 at address 0x5B001
[22:27:48.747] |W| [stubbed_impl]: Stubbed sceKernelGetProcessId import called. (pid: 0)
[22:27:48.748] |I| [run_app]: Module SceLibFios2 (at "app0:sce_module/libfios2.suprx") module_start returned 0x0
[22:27:48.749] |D| [run_app]: Running module_start of library: SceUlt at address 0x91769
[22:27:48.753] |W| [unimplemented_impl]: Unimplemented _sceUlobjMgrRegisterLibultProtocolRevision import called.
[22:27:48.754] |I| [run_app]: Module SceUlt (at "app0:sce_module/libult.suprx") module_start returned 0x0
[22:27:48.758] |W| [unimplemented_impl]: Unimplemented sceKernelRegisterThreadEventHandler import called.
[22:27:48.784] |W| [unimplemented_impl]: Unimplemented sceKernelChangeThreadVfpException import called.
[22:27:48.790] |T| [write_file]: *** TTY: r139859:ge_reburst_zh:r10748:ge_reburst:gerebpkg_PSVita_normal_ge_reburst_zh-r139859-ge_reburst-r10748
[22:27:48.819] |W| [unimplemented_impl]: Unimplemented sceCoredumpRegisterCoredumpHandler import called.
[22:27:48.848] |I| [load_module]: Loading module ID: 0x55
[22:27:48.851] |I| [load_self]: sys/external/libSceJson.suprx: Skipping special segment 0x6FFFFF01...
[22:27:48.851] |I| [load_self]: Loaded module segment 0 @ [0x006A0000 - 0x006A6230 / 0x81000000] (size: 0x00006230) of module sys/external/libSceJson.suprx
[22:27:48.856] |I| [load_self]: Loaded module segment 1 @ [0x00616000 - 0x00616049 / 0x81007000] (size: 0x00000049) of module sys/external/libSceJson.suprx
[22:27:48.859] |I| [load_self]: Linking SELF sys/external/libSceJson.suprx...
[22:27:48.861] |D| [load_var_exports]: 	NID 0x936C8A78 (SYSLYB) at 0x6A60A8
[22:27:48.862] |D| [load_var_exports]: 	NID 0x6C2224BA (NID_MODULE_INFO) at 0x6A5020
[22:27:48.865] |I| [load_module]: Module SceLibJson (at "sys/external/libSceJson.suprx") loaded
[22:27:48.867] |I| [load_module]: Loading module ID: 0xE
[22:27:48.869] |I| [load_self]: Loaded module segment 0 @ [0x006A7000 - 0x006ACCB4 / 0x81000000] (size: 0x00005CB4) of module sys/external/libpgf.suprx
[22:27:48.872] |I| [load_self]: Loaded module segment 1 @ [0x00617000 - 0x00617FE8 / 0x81006000] (size: 0x00000FE8) of module sys/external/libpgf.suprx
[22:27:48.873] |I| [load_self]: Linking SELF sys/external/libpgf.suprx...
[22:27:48.876] |D| [load_var_exports]: 	NID 0x936C8A78 (SYSLYB) at 0x6ACA64
[22:27:48.878] |D| [load_var_exports]: 	NID 0x6C2224BA (NID_MODULE_INFO) at 0x6AC810
[22:27:48.878] |I| [load_module]: Module SceLibPgf (at "sys/external/libpgf.suprx") loaded
[22:27:48.882] |I| [load_module]: Loading module ID: 0x4C
[22:27:48.887] |I| [load_self]: sys/external/libsceavplayer.suprx: Skipping special segment 0x6FFFFF01...
[22:27:48.888] |I| [load_self]: Loaded module segment 0 @ [0x006AD000 - 0x006C19FC / 0x81000000] (size: 0x000149FC) of module sys/external/libsceavplayer.suprx
[22:27:48.890] |I| [load_self]: Loaded module segment 1 @ [0x006C2000 - 0x006C206C / 0x81015000] (size: 0x0000006C) of module sys/external/libsceavplayer.suprx
[22:27:48.893] |I| [load_self]: Linking SELF sys/external/libsceavplayer.suprx...
[22:27:48.896] |D| [load_var_exports]: 	NID 0x936C8A78 (SYSLYB) at 0x6BED40
[22:27:48.898] |D| [load_var_exports]: 	NID 0x6C2224BA (NID_MODULE_INFO) at 0x6BD548
[22:27:48.901] |I| [load_module]: Module SceAvPlayer (at "sys/external/libsceavplayer.suprx") loaded
[22:27:48.903] |D| [load_module]: Running module_start of module: SceAvPlayer
[22:27:48.905] |I| [load_module]: Module SceAvPlayer (at "sys/external/libsceavplayer.suprx") module_start returned 0x0
[22:27:48.910] |I| [load_self]: sys/external/libscemp4.suprx: Skipping special segment 0x6FFFFF01...
[22:27:48.912] |I| [load_self]: Loaded module segment 0 @ [0x006C3000 - 0x006D2D20 / 0x81000000] (size: 0x0000FD20) of module sys/external/libscemp4.suprx
[22:27:48.914] |I| [load_self]: Loaded module segment 1 @ [0x006D3000 - 0x006D3028 / 0x81010000] (size: 0x00000028) of module sys/external/libscemp4.suprx
[22:27:48.919] |I| [load_self]: Linking SELF sys/external/libscemp4.suprx...
[22:27:48.921] |D| [load_var_exports]: 	NID 0x936C8A78 (SYSLYB) at 0x6D29D0
[22:27:48.922] |D| [load_var_exports]: 	NID 0x6C2224BA (NID_MODULE_INFO) at 0x6D18C4
[22:27:48.922] |I| [load_module]: Module SceMp4 (at "sys/external/libscemp4.suprx") loaded
[22:27:48.923] |I| [load_module]: Loading module ID: 0x13
[22:27:48.925] |I| [load_self]: sys/external/libsystemgesture.suprx: Skipping special segment 0x6FFFFF01...
[22:27:48.926] |I| [load_self]: Loaded module segment 0 @ [0x006D4000 - 0x006D708C / 0x81000000] (size: 0x0000308C) of module sys/external/libsystemgesture.suprx
[22:27:48.930] |I| [load_self]: Loaded module segment 1 @ [0x006D8000 - 0x006D8BF0 / 0x81004000] (size: 0x00000BF0) of module sys/external/libsystemgesture.suprx
[22:27:48.934] |I| [load_self]: Linking SELF sys/external/libsystemgesture.suprx...
[22:27:48.935] |D| [load_var_exports]: 	NID 0x936C8A78 (SYSLYB) at 0x6D7074
[22:27:48.936] |D| [load_var_exports]: 	NID 0x6C2224BA (NID_MODULE_INFO) at 0x6D6BD4
[22:27:48.937] |I| [load_module]: Module SceSystemGesture (at "sys/external/libsystemgesture.suprx") loaded
[22:27:48.938] |D| [load_module]: Running module_start of module: SceSystemGesture
[22:27:48.941] |I| [load_module]: Module SceSystemGesture (at "sys/external/libsystemgesture.suprx") module_start returned 0x0
[22:27:48.949] |T| [open_file]: _sceKernelLoadStartModule: Opening file app0:/modules_psvita/libdeflt.suprx (ux0:/app/PCSH00199/modules_psvita/libdeflt.suprx), fd: 0x3
[22:27:48.951] |I| [load_self]: app0:/modules_psvita/libdeflt.suprx: Skipping special segment 0x6FFFFF01...
[22:27:48.952] |I| [load_self]: Loaded module segment 0 @ [0x006D9000 - 0x006DA870 / 0x81000000] (size: 0x00001870) of module app0:/modules_psvita/libdeflt.suprx
[22:27:48.955] |I| [load_self]: Linking SELF app0:/modules_psvita/libdeflt.suprx...
[22:27:48.956] |D| [load_var_exports]: 	NID 0x936C8A78 (SYSLYB) at 0x6DA30C
[22:27:48.961] |D| [load_var_exports]: 	NID 0x6C2224BA (NID_MODULE_INFO) at 0x6DA1A0
[22:27:48.962] |T| [close_file]: _sceKernelLoadStartModule: Closing file fd: 0x3
[22:27:48.964] |E| [UnicornCPU::log_error_details]: Unicorn error 0x8. Invalid memory fetch (UC_ERR_FETCH_UNMAPPED)
PC: 0x00000000,   SP: 0x00612df8,   LR: 0x005d2001
r0 : 0x00000000   r6 : 0x00000438
r1 : 0x00000000   r7 : 0x005a7fc8
r2 : 0x00000000   r8 : 0x00612e30
r3 : 0x00000000   r9 : 0x00000001
r4 : 0x00000000   r10: 0x00000000
r5 : 0x0000001b   r11: 0x00059000
r12: 0x0001829f
Thumb: false

[22:27:48.965] |C| [UnicornCPU::log_error_details]: PC is 0x0
[22:27:48.966] |E| [ThreadState::run_loop]: Thread PCSH00199 (7) experienced a cpu error.
[22:27:48.970] |I| [start_module]: Module SceLibDeflt (at "app0:/modules_psvita/libdeflt.suprx") module_start returned 0xDEADDEAD
[22:27:48.980] |T| [open_file]: _sceKernelLoadStartModule: Opening file app0:/modules_psvita/libmd5.suprx (ux0:/app/PCSH00199/modules_psvita/libmd5.suprx), fd: 0x4
[22:27:48.982] |I| [load_self]: app0:/modules_psvita/libmd5.suprx: Skipping special segment 0x6FFFFF01...
[22:27:48.983] |I| [load_self]: Loaded module segment 0 @ [0x006DB000 - 0x006DB5B0 / 0x81000000] (size: 0x000005B0) of module app0:/modules_psvita/libmd5.suprx
[22:27:48.985] |I| [load_self]: Linking SELF app0:/modules_psvita/libmd5.suprx...
[22:27:48.986] |D| [load_var_exports]: 	NID 0x936C8A78 (SYSLYB) at 0x6DB454
[22:27:48.988] |D| [load_var_exports]: 	NID 0x6C2224BA (NID_MODULE_INFO) at 0x6DB380
[22:27:48.994] |T| [close_file]: _sceKernelLoadStartModule: Closing file fd: 0x4
[22:27:48.998] |E| [UnicornCPU::log_error_details]: Unicorn error 0x8. Invalid memory fetch (UC_ERR_FETCH_UNMAPPED)
PC: 0x00000000,   SP: 0x00612df8,   LR: 0x005d2001
r0 : 0x00000000   r6 : 0x00000438
r1 : 0x00000000   r7 : 0x005a7fc8
r2 : 0x00000000   r8 : 0x00612e30
r3 : 0x00000000   r9 : 0x00000001
r4 : 0x00000000   r10: 0x00000000
r5 : 0x0000001b   r11: 0x00059000
r12: 0x0001829f
Thumb: false

[22:27:48.999] |C| [UnicornCPU::log_error_details]: PC is 0x0
[22:27:49.001] |E| [ThreadState::run_loop]: Thread PCSH00199 (7) experienced a cpu error.
[22:27:49.001] |I| [start_module]: Module SceLibmd5 (at "app0:/modules_psvita/libmd5.suprx") module_start returned 0xDEADDEAD
[22:27:49.011] |T| [open_file]: _sceKernelLoadStartModule: Opening file app0:/bin/enemy.self (ux0:/app/PCSH00199/bin/enemy.self), fd: 0x5
[22:27:49.015] |I| [load_self]: app0:/bin/enemy.self: Skipping special segment 0x6FFFFF01...
[22:27:49.016] |I| [load_self]: Loaded module segment 0 @ [0x0F63F000 - 0x0F6AC4B8 / 0x81000000] (size: 0x0006D4B8) of module app0:/bin/enemy.self
[22:27:49.020] |I| [load_self]: Loaded module segment 1 @ [0x006DC000 - 0x006DCE74 / 0x8106E000] (size: 0x00000E74) of module app0:/bin/enemy.self
[22:27:49.024] |I| [load_self]: Linking SELF app0:/bin/enemy.self...
[22:27:49.029] |D| [load_var_exports]: 	NID 0x6C2224BA (NID_MODULE_INFO) at 0xF68F300
[22:27:49.030] |D| [load_var_exports]: 	NID 0x936C8A78 (SYSLYB) at 0xF6A7BE4
[22:27:49.032] |W| [load_var_imports]: 	NID NOT FOUND 0x45BABE40 (UNRECOGNISED) at 0xF69B9CC, setting to stub value 0xDEADBEEF
[22:27:49.034] |W| [load_var_imports]: 	NID NOT FOUND 0x4DF9E2CF (UNRECOGNISED) at 0xF69B694, setting to stub value 0xDEADBEEF
[22:27:49.039] |W| [load_var_imports]: 	NID NOT FOUND 0x5833D276 (UNRECOGNISED) at 0xF69B870, setting to stub value 0xDEADBEEF
[22:27:49.044] |W| [load_var_imports]: 	NID NOT FOUND 0x667D78DA (UNRECOGNISED) at 0xF69BA00, setting to stub value 0xDEADBEEF
[22:27:49.047] |W| [load_var_imports]: 	NID NOT FOUND 0x6C53B82B (UNRECOGNISED) at 0xF69B660, setting to stub value 0xDEADBEEF
[22:27:49.049] |W| [load_var_imports]: 	NID NOT FOUND 0x6CEDE910 (UNRECOGNISED) at 0xF69B984, setting to stub value 0xDEADBEEF
[22:27:49.054] |W| [load_var_imports]: 	NID NOT FOUND 0x6D2ABB7F (UNRECOGNISED) at 0xF69B83C, setting to stub value 0xDEADBEEF
[22:27:49.056] |W| [load_var_imports]: 	NID NOT FOUND 0x9B1BC09F (UNRECOGNISED) at 0xF69B64C, setting to stub value 0xDEADBEEF
[22:27:49.060] |W| [load_var_imports]: 	NID NOT FOUND 0x9BFD4462 (UNRECOGNISED) at 0xF69B8FC, setting to stub value 0xDEADBEEF
[22:27:49.062] |W| [load_var_imports]: 	NID NOT FOUND 0xBEC36D04 (UNRECOGNISED) at 0xF69B8E8, setting to stub value 0xDEADBEEF
[22:27:49.064] |W| [load_var_imports]: 	NID NOT FOUND 0xC10A791F (UNRECOGNISED) at 0xF69A818, setting to stub value 0xDEADBEEF
[22:27:49.066] |W| [load_var_imports]: 	NID NOT FOUND 0xDA362F12 (UNRECOGNISED) at 0xF69A714, setting to stub value 0xDEADBEEF
[22:27:49.073] |W| [load_var_imports]: 	NID NOT FOUND 0x28DEA39 (UNRECOGNISED) at 0xF69BA34, setting to stub value 0xDEADBEEF
[22:27:49.077] |W| [load_var_imports]: 	NID NOT FOUND 0x51FA2261 (UNRECOGNISED) at 0xF69B4EC, setting to stub value 0xDEADBEEF
[22:27:49.079] |W| [load_var_imports]: 	NID NOT FOUND 0x69E6CC4B (UNRECOGNISED) at 0xF69B458, setting to stub value 0xDEADBEEF
[22:27:49.082] |T| [close_file]: _sceKernelLoadStartModule: Closing file fd: 0x5
[22:27:49.092] |I| [start_module]: Module enemy (at "app0:/bin/enemy.self") module_start returned 0x0
[22:27:49.101] |T| [open_file]: _sceKernelLoadStartModule: Opening file app0:/bin/musen.self (ux0:/app/PCSH00199/bin/musen.self), fd: 0x6
[22:27:49.104] |I| [load_self]: app0:/bin/musen.self: Skipping special segment 0x6FFFFF01...
[22:27:49.105] |I| [load_self]: Loaded module segment 0 @ [0x0F6AD000 - 0x0F6EC164 / 0x81000000] (size: 0x0003F164) of module app0:/bin/musen.self
[22:27:49.111] |I| [load_self]: Loaded module segment 1 @ [0x006EC000 - 0x006ED4DC / 0x81040000] (size: 0x000014DC) of module app0:/bin/musen.self
[22:27:49.113] |I| [load_self]: Linking SELF app0:/bin/musen.self...
[22:27:49.116] |D| [load_var_exports]: 	NID 0x6C2224BA (NID_MODULE_INFO) at 0xF6DB200
[22:27:49.117] |D| [load_var_exports]: 	NID 0x936C8A78 (SYSLYB) at 0xF6E8E44
[22:27:49.119] |W| [load_var_imports]: 	NID NOT FOUND 0x1FD43015 (UNRECOGNISED) at 0xF6DD068, setting to stub value 0xDEADBEEF
[22:27:49.123] |W| [load_var_imports]: 	NID NOT FOUND 0xF7112D78 (UNRECOGNISED) at 0xF6DD908, setting to stub value 0xDEADBEEF
[22:27:49.129] |T| [close_file]: _sceKernelLoadStartModule: Closing file fd: 0x6
[22:27:49.137] |I| [start_module]: Module musen (at "app0:/bin/musen.self") module_start returned 0x0
[22:27:49.145] |T| [open_file]: _sceKernelLoadStartModule: Opening file app0:/bin/ys.self (ux0:/app/PCSH00199/bin/ys.self), fd: 0x7
[22:27:49.148] |I| [load_self]: app0:/bin/ys.self: Skipping special segment 0x6FFFFF01...
[22:27:49.149] |I| [load_self]: Loaded module segment 0 @ [0x0F6ED000 - 0x0F70EDB4 / 0x81000000] (size: 0x00021DB4) of module app0:/bin/ys.self
[22:27:49.154] |I| [load_self]: Loaded module segment 1 @ [0x006F0000 - 0x006F019C / 0x81022000] (size: 0x0000019C) of module app0:/bin/ys.self
[22:27:49.156] |I| [load_self]: Linking SELF app0:/bin/ys.self...
[22:27:49.160] |D| [load_var_exports]: 	NID 0x6C2224BA (NID_MODULE_INFO) at 0xF70349C
[22:27:49.162] |D| [load_var_exports]: 	NID 0x936C8A78 (SYSLYB) at 0xF70D9E8
[22:27:49.163] |W| [load_var_imports]: 	NID NOT FOUND 0x7C5EC10B (UNRECOGNISED) at 0xF708A20, setting to stub value 0xDEADBEEF
[22:27:49.167] |T| [close_file]: _sceKernelLoadStartModule: Closing file fd: 0x7
[22:27:49.177] |I| [start_module]: Module ys (at "app0:/bin/ys.self") module_start returned 0x0
[22:27:49.184] |T| [open_file]: _sceKernelLoadStartModule: Opening file app0:/bin/net.self (ux0:/app/PCSH00199/bin/net.self), fd: 0x8
[22:27:49.188] |I| [load_self]: app0:/bin/net.self: Skipping special segment 0x6FFFFF01...
[22:27:49.189] |I| [load_self]: Loaded module segment 0 @ [0x0F70F000 - 0x0F796390 / 0x81000000] (size: 0x00087390) of module app0:/bin/net.self
[22:27:49.197] |I| [load_self]: Loaded module segment 1 @ [0x006F2000 - 0x006F322C / 0x81088000] (size: 0x0000122C) of module app0:/bin/net.self
[22:27:49.200] |I| [load_self]: Linking SELF app0:/bin/net.self...
[22:27:49.205] |D| [load_var_exports]: 	NID 0x6C2224BA (NID_MODULE_INFO) at 0xF773508
[22:27:49.205] |D| [load_var_exports]: 	NID 0x936C8A78 (SYSLYB) at 0xF792A18
[22:27:49.207] |T| [close_file]: _sceKernelLoadStartModule: Closing file fd: 0x8
[22:27:49.235] |I| [start_module]: Module net (at "app0:/bin/net.self") module_start returned 0x0
[22:27:49.245] |T| [open_file]: _sceKernelLoadStartModule: Opening file app0:/bin/god.self (ux0:/app/PCSH00199/bin/god.self), fd: 0x9
[22:27:49.249] |I| [load_self]: app0:/bin/god.self: Skipping special segment 0x6FFFFF01...
[22:27:49.250] |I| [load_self]: Loaded module segment 0 @ [0x0F797000 - 0x0F81CBF8 / 0x81000000] (size: 0x00085BF8) of module app0:/bin/god.self
[22:27:49.252] |I| [load_self]: Loaded module segment 1 @ [0x0F81D000 - 0x0F83CE38 / 0x81086000] (size: 0x0001FE38) of module app0:/bin/god.self
[22:27:49.254] |I| [load_self]: Linking SELF app0:/bin/god.self...
[22:27:49.260] |D| [load_var_exports]: 	NID 0x6C2224BA (NID_MODULE_INFO) at 0xF7F9C58
[22:27:49.261] |D| [load_var_exports]: 	NID 0x936C8A78 (SYSLYB) at 0xF81B514
[22:27:49.264] |T| [close_file]: _sceKernelLoadStartModule: Closing file fd: 0x9
[22:27:49.280] |I| [start_module]: Module god (at "app0:/bin/god.self") module_start returned 0x0
[22:27:49.288] |T| [open_file]: _sceKernelLoadStartModule: Opening file app0:/bin/script.self (ux0:/app/PCSH00199/bin/script.self), fd: 0xA
[22:27:49.294] |I| [load_self]: app0:/bin/script.self: Skipping special segment 0x6FFFFF01...
[22:27:49.297] |I| [load_self]: Loaded module segment 0 @ [0x0F83D000 - 0x0F84A898 / 0x81000000] (size: 0x0000D898) of module app0:/bin/script.self
[22:27:49.298] |I| [load_self]: Loaded module segment 1 @ [0x006F4000 - 0x006F4940 / 0x8100E000] (size: 0x00000940) of module app0:/bin/script.self
[22:27:49.300] |I| [load_self]: Linking SELF app0:/bin/script.self...
[22:27:49.301] |D| [load_var_exports]: 	NID 0x6C2224BA (NID_MODULE_INFO) at 0xF847E20
[22:27:49.302] |D| [load_var_exports]: 	NID 0x936C8A78 (SYSLYB) at 0xF84A894
[22:27:49.305] |T| [close_file]: _sceKernelLoadStartModule: Closing file fd: 0xA
[22:27:49.306] |I| [start_module]: Module script (at "app0:/bin/script.self") module_start returned 0x0
[22:27:49.316] |T| [open_file]: _sceKernelLoadStartModule: Opening file app0:/bin/missionorder.self (ux0:/app/PCSH00199/bin/missionorder.self), fd: 0xB
[22:27:49.318] |I| [load_self]: app0:/bin/missionorder.self: Skipping special segment 0x6FFFFF01...
[22:27:49.320] |I| [load_self]: Loaded module segment 0 @ [0x0F84B000 - 0x0F877D4C / 0x81000000] (size: 0x0002CD4C) of module app0:/bin/missionorder.self
[22:27:49.322] |I| [load_self]: Loaded module segment 1 @ [0x006F5000 - 0x006F5D24 / 0x8102D000] (size: 0x00000D24) of module app0:/bin/missionorder.self
[22:27:49.329] |I| [load_self]: Linking SELF app0:/bin/missionorder.self...
[22:27:49.330] |D| [load_var_exports]: 	NID 0x6C2224BA (NID_MODULE_INFO) at 0xF86C6F0
[22:27:49.332] |D| [load_var_exports]: 	NID 0x936C8A78 (SYSLYB) at 0xF876EF8
[22:27:49.333] |W| [load_var_imports]: 	NID NOT FOUND 0xC12FA7E7 (UNRECOGNISED) at 0xF86E1E8, setting to stub value 0xDEADBEEF
[22:27:49.336] |T| [close_file]: _sceKernelLoadStartModule: Closing file fd: 0xB
[22:27:49.346] |I| [start_module]: Module missionorder (at "app0:/bin/missionorder.self") module_start returned 0x0
[22:27:49.353] |T| [open_file]: _sceKernelLoadStartModule: Opening file app0:/bin/ui.self (ux0:/app/PCSH00199/bin/ui.self), fd: 0xC
[22:27:49.356] |I| [load_self]: app0:/bin/ui.self: Skipping special segment 0x6FFFFF01...
[22:27:49.357] |I| [load_self]: Loaded module segment 0 @ [0x0F878000 - 0x0F88DA2C / 0x81000000] (size: 0x00015A2C) of module app0:/bin/ui.self
[22:27:49.361] |I| [load_self]: Loaded module segment 1 @ [0x006F7000 - 0x006F7A94 / 0x81016000] (size: 0x00000A94) of module app0:/bin/ui.self
[22:27:49.363] |I| [load_self]: Linking SELF app0:/bin/ui.self...
[22:27:49.367] |D| [load_var_exports]: 	NID 0x6C2224BA (NID_MODULE_INFO) at 0xF887B88
[22:27:49.374] |D| [load_var_exports]: 	NID 0x936C8A78 (SYSLYB) at 0xF88C350
[22:27:49.377] |T| [close_file]: _sceKernelLoadStartModule: Closing file fd: 0xC
[22:27:49.385] |I| [start_module]: Module ui (at "app0:/bin/ui.self") module_start returned 0x0
[22:27:49.395] |T| [open_file]: _sceKernelLoadStartModule: Opening file app0:/bin/rune.self (ux0:/app/PCSH00199/bin/rune.self), fd: 0xD
[22:27:49.400] |I| [load_self]: app0:/bin/rune.self: Skipping special segment 0x6FFFFF01...
[22:27:49.406] |I| [load_self]: Loaded module segment 0 @ [0x0F88E000 - 0x0F896E84 / 0x81000000] (size: 0x00008E84) of module app0:/bin/rune.self
[22:27:49.408] |I| [load_self]: Loaded module segment 1 @ [0x006F8000 - 0x006F9434 / 0x81009000] (size: 0x00001434) of module app0:/bin/rune.self
[22:27:49.411] |I| [load_self]: Linking SELF app0:/bin/rune.self...
[22:27:49.412] |D| [load_var_exports]: 	NID 0x6C2224BA (NID_MODULE_INFO) at 0xF89490C
[22:27:49.415] |D| [load_var_exports]: 	NID 0x936C8A78 (SYSLYB) at 0xF896B64
[22:27:49.417] |T| [close_file]: _sceKernelLoadStartModule: Closing file fd: 0xD
[22:27:49.427] |I| [start_module]: Module rune (at "app0:/bin/rune.self") module_start returned 0x0
[22:27:49.442] |T| [log_import_call]: [LLE] TID: 7   FUNC: 0x4D6436F9 UNRECOGNISED at 0x40A3B0
[22:27:49.465] |W| [unimplemented_impl]: Unimplemented sceKernelGetGPI import called.
[22:27:49.466] |W| [unimplemented_impl]: Unimplemented sceKernelSetGPO import called.
[22:27:49.473] |W| [unimplemented_impl]: Unimplemented sceAppUtilInit import called.
[22:27:49.496] |T| [log_import_call]: [LLE] TID: 7   FUNC: 0xDF8A5E4A UNRECOGNISED at 0x407F60
[22:27:49.501] |T| [log_import_call]: [LLE] TID: 7   FUNC: 0x583F6BE2 UNRECOGNISED at 0xF7027D0
[22:27:49.534] |T| [log_import_call]: [LLE] TID: 7   FUNC: 0xBA32DC66 UNRECOGNISED at 0x407E60
[22:27:49.536] |T| [log_import_call]: [LLE] TID: 7   FUNC: 0x3988E87D UNRECOGNISED at 0x407BA0
[22:27:49.537] |T| [log_import_call]: [LLE] TID: 7   FUNC: 0xD2D67428 UNRECOGNISED at 0xF7027F0
[22:27:49.539] |T| [log_import_call]: [LLE] TID: 7   FUNC: 0x1E713916 UNRECOGNISED at 0xF7027B0
[22:27:49.555] |W| [stubbed_impl]: Stubbed sceNetCtlInit import called. (Stub)
[22:27:49.559] |W| [unimplemented_impl]: Unimplemented sceNetAdhocInit import called.
[22:27:49.561] |W| [unimplemented_impl]: Unimplemented sceNetAdhocctlInit import called.
[22:27:49.562] |W| [stubbed_impl]: Stubbed sceSslInit import called. (ignore poolSize)
[22:27:49.566] |W| [stubbed_impl]: Stubbed sceHttpInit import called. (ignore poolSize)
[22:27:49.571] |W| [unimplemented_impl]: Unimplemented sceNpBasicInit import called.
[22:27:49.574] |W| [unimplemented_impl]: Unimplemented sceNpSignalingInit import called.
[22:27:49.577] |W| [unimplemented_impl]: Unimplemented sceNpLookupInit import called.
[22:27:49.578] |W| [unimplemented_impl]: Unimplemented sceNpWordFilterInit import called.
[22:27:49.580] |W| [unimplemented_impl]: Unimplemented sceNpWebApiInitialize import called.
[22:27:49.581] |W| [unimplemented_impl]: Unimplemented sceNpWebApiSetNpTitleId import called.
[22:27:49.584] |W| [unimplemented_impl]: Unimplemented sceNpMatching2Init import called.
[22:27:49.594] |W| [unimplemented_impl]: Unimplemented sceNetAdhocctlGetEtherAddr import called.
[22:27:49.604] |T| [log_import_call]: [LLE] TID: 7   FUNC: 0xB58E8216 UNRECOGNISED at 0xF7027E0
[22:27:49.630] |W| [unimplemented_impl]: Unimplemented sceNgsSystemSetFlags import called.
[22:27:49.634] |T| [ngs::simple::PlayerVoiceDefinition::new_modules]: Simple player voice definition stubbed
[22:27:49.638] |T| [ngs::simple::Atrac9VoiceDefinition::new_modules]: AT9 player voice definition stubbed
[22:27:49.660] |W| [ngs::create_voice_definition]: Missing voice definition for Buss Type 7, using passthrough.
[22:27:49.662] |T| [export_sceNgsPatchCreateRouting]: Patching 0xD19BB0:0:0 to 0xD189E0:0
[22:27:49.874] |T| [log_import_call]: [LLE] TID: 7   FUNC: 0x1055ABA3 sceFontNewLib at 0x40A3E0
[22:27:49.978] |T| [log_import_call]: [LLE] TID: 7   FUNC: 0x6C6D1A87 UNRECOGNISED at 0x408E20
[22:27:50.178] |T| [log_import_call]: [LLE] TID: 7   FUNC: 0xF6946C6 UNRECOGNISED at 0x4080B0
[22:27:50.225] |T| [log_import_call]: [LLE] TID: 7   FUNC: 0x3348356D UNRECOGNISED at 0x408270
[22:27:50.227] |T| [log_import_call]: [LLE] TID: 7   FUNC: 0x1F4B82CD UNRECOGNISED at 0x408180
[22:27:50.229] |T| [log_import_call]: [LLE] TID: 7   FUNC: 0x17365CB0 UNRECOGNISED at 0x408E90
[22:27:50.598] |W| [stubbed_impl]: Stubbed sceGxmMapFragmentUsseMemory import called. (always return success)
[22:27:50.707] |W| [unimplemented_impl]: Unimplemented sceGxmSetWarningEnabled import called.
[22:27:50.714] |E| [logging::ret_error_impl]: sceGxmTextureSetMinFilter returned SCE_GXM_ERROR_UNSUPPORTED (0x805B0009)
[22:27:50.715] |E| [logging::ret_error_impl]: sceGxmTextureSetMipFilter returned SCE_GXM_ERROR_UNSUPPORTED (0x805B0009)
[22:27:50.737] |W| [stubbed_impl]: Stubbed sceGxmMapVertexUsseMemory import called. (always return success)
[22:28:05.095] |W| [stubbed_impl]: Stubbed sceGxmGetRenderTargetMemSize import called. (2MiB emuenv mem)
[22:28:21.285] |E| [renderer::vulkan::VKSurfaceCache::retrieve_color_surface_texture_handle]: Surface copy with nonzero delta x
[22:28:21.357] |I| [export_sceIoOpen]: Opening file: app0:/system_update.res
[22:28:21.359] |T| [open_file]: sceIoOpen: Opening file app0:/system_update.res (ux0:/app/PCSH00199/system_update.res), fd: 0xE
[22:28:21.372] |T| [open_file]: _sceKernelLoadStartModule: Opening file app0:/bin/system.self (ux0:/app/PCSH00199/bin/system.self), fd: 0xF
[22:28:21.376] |I| [load_self]: app0:/bin/system.self: Skipping special segment 0x6FFFFF01...
[22:28:21.376] |I| [load_self]: Loaded module segment 0 @ [0x1AA8D000 - 0x1AA8E238 / 0x81000000] (size: 0x00001238) of module app0:/bin/system.self
[22:28:21.378] |I| [load_self]: Loaded module segment 1 @ [0x1AA8F000 - 0x1AA8F03C / 0x81002000] (size: 0x0000003C) of module app0:/bin/system.self
[22:28:21.380] |I| [load_self]: Linking SELF app0:/bin/system.self...
[22:28:21.380] |D| [load_var_exports]: 	NID 0x6C2224BA (NID_MODULE_INFO) at 0x1AA8D9B0
[22:28:21.381] |D| [load_var_exports]: 	NID 0x936C8A78 (SYSLYB) at 0x1AA8E234
[22:28:21.382] |T| [close_file]: _sceKernelLoadStartModule: Closing file fd: 0xF
[22:28:21.387] |I| [start_module]: Module system (at "app0:/bin/system.self") module_start returned 0x0
[22:28:21.740] |T| [log_import_call]: [LLE] TID: 46  FUNC: 0xB23ED47C sceFontOpenUserMemory at 0x40A440
[22:28:21.744] |T| [log_import_call]: [LLE] TID: 46  FUNC: 0xF9414FA2 sceFontGetFontInfo at 0x40A450
[22:28:21.745] |T| [log_import_call]: [LLE] TID: 46  FUNC: 0x8D5B44DF sceFontSetAltCharacterCode at 0x40A420
[22:28:21.769] |T| [write_file]: *** TTY: DEBUG:fontInfo.maxIGlyphMetrics.ascender64=1793
[22:28:21.797] |T| [write_file]: *** TTY: DEBUG:fontInfo.maxIGlyphMetrics.descender64=-447
[22:28:23.713] |T| [close_file]: sceIoClose: Closing file fd: 0xE
[22:28:23.778] |W| [unimplemented_impl]: Unimplemented sceScreenShotSetOverlayImage import called.
[22:28:23.779] |W| [unimplemented_impl]: Unimplemented sceScreenShotSetParam import called.
[22:28:23.780] |W| [unimplemented_impl]: Unimplemented sceSysmoduleUnloadModule import called.
[22:28:23.793] |T| [export_sceNgsPatchCreateRouting]: Patching 0xD2D750:0:0 to 0xD189E0:0
[22:28:23.797] |T| [export_sceNgsPatchCreateRouting]: Patching 0xD2DC00:0:0 to 0xD189E0:0
[22:28:23.802] |T| [export_sceNgsPatchCreateRouting]: Patching 0xD2E0B0:0:0 to 0xD189E0:0
[22:28:23.805] |T| [export_sceNgsPatchCreateRouting]: Patching 0xD2E560:0:0 to 0xD189E0:0
[22:28:23.809] |T| [export_sceNgsPatchCreateRouting]: Patching 0xD2EA10:0:0 to 0xD189E0:0
[22:28:24.254] |T| [log_import_call]: [LLE] TID: 7   FUNC: 0xD6043543 UNRECOGNISED at 0x407F30
[22:28:24.256] |T| [log_import_call]: [LLE] TID: 7   FUNC: 0x73CC8E0E UNRECOGNISED at 0x407D00
[22:28:24.258] |T| [log_import_call]: [LLE] TID: 7   FUNC: 0x7978B913 UNRECOGNISED at 0x407D60
[22:28:24.258] |T| [log_import_call]: [LLE] TID: 7   FUNC: 0x6E313400 UNRECOGNISED at 0x407CE0
[22:28:24.259] |T| [log_import_call]: [LLE] TID: 7   FUNC: 0xCEBEA453 UNRECOGNISED at 0x407F10
[22:28:24.261] |T| [log_import_call]: [LLE] TID: 7   FUNC: 0x1CD2E03E UNRECOGNISED at 0x407B00
[22:28:24.262] |T| [log_import_call]: [LLE] TID: 7   FUNC: 0xB070CF23 UNRECOGNISED at 0x407E40
[22:28:24.262] |T| [log_import_call]: [LLE] TID: 7   FUNC: 0x6078A08B sceSystemGestureInitializePrimitiveTouchRecognizer at 0x40A6E0
[22:28:24.266] |W| [unimplemented_impl]: Unimplemented sceTouchGetPixelDensity2 import called.
[22:28:24.266] |T| [log_import_call]: [LLE] TID: 7   FUNC: 0xC3367370 sceSystemGestureCreateTouchRecognizer at 0x40A710
[22:28:24.268] |E| [call_import]: Import function for NID 0xE340C06D not found (thread name: PCSH00199, thread ID: 7)
[22:28:24.271] |E| [call_import]: Import function for NID 0xE340CF6F not found (thread name: PCSH00199, thread ID: 7)
[22:28:24.401] |T| [log_import_call]: [LLE] TID: 7   FUNC: 0xFAB55945 UNRECOGNISED at 0x407FC0
[22:28:26.592] |T| [log_import_call]: [LLE] TID: 7   FUNC: 0x94E98915 UNRECOGNISED at 0x409150
[22:28:26.599] |T| [log_import_call]: [LLE] TID: 7   FUNC: 0xC09BB266 UNRECOGNISED at 0x409240
[22:28:26.601] |T| [log_import_call]: [LLE] TID: 7   FUNC: 0x4066A2B9 UNRECOGNISED at 0x408FA0
[22:28:26.607] |T| [log_import_call]: [LLE] TID: 7   FUNC: 0x32E7AB85 UNRECOGNISED at 0x408260
[22:28:26.614] |T| [log_import_call]: [LLE] TID: 7   FUNC: 0xDF4C665A sceSystemGestureUpdatePrimitiveTouchRecognizer at 0x40A720
[22:28:26.616] |T| [log_import_call]: [LLE] TID: 7   FUNC: 0x851FB144 sceSystemGestureUpdateTouchRecognizer at 0x40A700
[22:28:26.617] |T| [log_import_call]: [LLE] TID: 7   FUNC: 0x13AD2218 sceSystemGestureGetTouchEventsCount at 0x40A6D0
[22:28:26.619] |T| [log_import_call]: [LLE] TID: 7   FUNC: 0x7ED8DBBE UNRECOGNISED at 0x4090E0
[22:28:26.620] |T| [log_import_call]: [LLE] TID: 7   FUNC: 0x8BA3C8DC UNRECOGNISED at 0x409130
[22:28:26.620] |E| [call_import]: Import function for NID 0xE340CF73 not found (thread name: PCSH00199, thread ID: 7)
[22:28:26.623] |W| [stubbed_impl]: Stubbed __sceAppMgrGetAppState import called. (Set to 0.)
[22:28:26.625] |I| [export_sceIoOpen]: Opening file: app0:/package.rdp
[22:28:26.626] |T| [log_import_call]: [LLE] TID: 7   FUNC: 0x2BA9B619 UNRECOGNISED at 0x408220
[22:28:26.626] |T| [open_file]: sceIoOpen: Opening file app0:/package.rdp (ux0:/app/PCSH00199/package.rdp), fd: 0x10
[22:28:26.628] |E| [call_import]: Import function for NID 0xE340CF7B not found (thread name: PCSH00199, thread ID: 7)
[22:28:26.631] |T| [close_file]: sceIoClose: Closing file fd: 0x10
[22:28:26.687] |I| [export_sceIoOpen]: Opening file: app0:/package.rdp
[22:28:26.688] |T| [open_file]: sceIoOpen: Opening file app0:/package.rdp (ux0:/app/PCSH00199/package.rdp), fd: 0x11
[22:28:26.693] |T| [close_file]: sceIoClose: Closing file fd: 0x11
[22:28:26.909] |I| [export_sceIoOpen]: Opening file: app0:/patch.rdp
[22:28:26.910] |T| [open_file]: sceIoOpen: Opening file app0:/patch.rdp (ux0:/app/PCSH00199/patch.rdp), fd: 0x12
[22:28:26.917] |T| [close_file]: sceIoClose: Closing file fd: 0x12
[22:28:26.927] |T| [open_file]: _sceKernelLoadStartModule: Opening file app0:/bin/god_menu.self (ux0:/app/PCSH00199/bin/god_menu.self), fd: 0x13
[22:28:26.929] |I| [load_self]: app0:/bin/god_menu.self: Skipping special segment 0x6FFFFF01...
[22:28:26.930] |I| [load_self]: Loaded module segment 0 @ [0x1AA90000 - 0x1AA91558 / 0x81000000] (size: 0x00001558) of module app0:/bin/god_menu.self
[22:28:26.933] |I| [load_self]: Loaded module segment 1 @ [0x1AA92000 - 0x1AA920DC / 0x81002000] (size: 0x000000DC) of module app0:/bin/god_menu.self
[22:28:26.934] |I| [load_self]: Linking SELF app0:/bin/god_menu.self...
[22:28:26.935] |D| [load_var_exports]: 	NID 0x6C2224BA (NID_MODULE_INFO) at 0x1AA90E50
[22:28:26.936] |D| [load_var_exports]: 	NID 0x936C8A78 (SYSLYB) at 0x1AA91554
[22:28:26.936] |T| [close_file]: _sceKernelLoadStartModule: Closing file fd: 0x13
[22:28:26.941] |I| [start_module]: Module god_menu (at "app0:/bin/god_menu.self") module_start returned 0x0
[22:28:27.649] |E| [call_import]: Import function for NID 0xE340CF79 not found (thread name: PCSH00199, thread ID: 7)
[22:28:27.710] |I| [export_sceIoOpen]: Opening file: app0:/package.rdp
[22:28:27.711] |T| [open_file]: sceIoOpen: Opening file app0:/package.rdp (ux0:/app/PCSH00199/package.rdp), fd: 0x14
[22:28:32.349] |T| [close_file]: sceIoClose: Closing file fd: 0x14
[22:28:32.353] |I| [export_sceIoOpen]: Opening file: app0:/package.rdp
[22:28:32.354] |T| [open_file]: sceIoOpen: Opening file app0:/package.rdp (ux0:/app/PCSH00199/package.rdp), fd: 0x15
[22:28:32.359] |T| [close_file]: sceIoClose: Closing file fd: 0x15
[22:28:32.405] |I| [export_sceIoOpen]: Opening file: app0:/package.rdp
[22:28:32.407] |T| [open_file]: sceIoOpen: Opening file app0:/package.rdp (ux0:/app/PCSH00199/package.rdp), fd: 0x16
[22:28:37.223] |T| [close_file]: sceIoClose: Closing file fd: 0x16
[22:28:45.879] |I| [export_sceIoOpen]: Opening file: app0:/patch.rdp
[22:28:45.880] |T| [open_file]: sceIoOpen: Opening file app0:/patch.rdp (ux0:/app/PCSH00199/patch.rdp), fd: 0x17
[22:28:45.996] |T| [close_file]: sceIoClose: Closing file fd: 0x17
[22:28:46.020] |I| [export_sceIoOpen]: Opening file: app0:/patch.rdp
[22:28:46.021] |T| [open_file]: sceIoOpen: Opening file app0:/patch.rdp (ux0:/app/PCSH00199/patch.rdp), fd: 0x18
[22:28:46.040] |T| [close_file]: sceIoClose: Closing file fd: 0x18
[22:28:46.202] |I| [export_sceIoOpen]: Opening file: app0:/package.rdp
[22:28:46.203] |T| [open_file]: sceIoOpen: Opening file app0:/package.rdp (ux0:/app/PCSH00199/package.rdp), fd: 0x19
[22:28:46.211] |T| [open_file]: _sceKernelLoadStartModule: Opening file app0:/bin/god_m000_Boot.self (ux0:/app/PCSH00199/bin/god_m000_Boot.self), fd: 0x1A
[22:28:46.214] |I| [load_self]: app0:/bin/god_m000_Boot.self: Skipping special segment 0x6FFFFF01...
[22:28:46.214] |I| [load_self]: Loaded module segment 0 @ [0x1AA93000 - 0x1AA94160 / 0x81000000] (size: 0x00001160) of module app0:/bin/god_m000_Boot.self
[22:28:46.216] |I| [load_self]: Loaded module segment 1 @ [0x1AA95000 - 0x1AA9507C / 0x81002000] (size: 0x0000007C) of module app0:/bin/god_m000_Boot.self
[22:28:46.219] |I| [load_self]: Linking SELF app0:/bin/god_m000_Boot.self...
[22:28:46.220] |D| [load_var_exports]: 	NID 0x6C2224BA (NID_MODULE_INFO) at 0x1AA93AF8
[22:28:46.221] |D| [load_var_exports]: 	NID 0x936C8A78 (SYSLYB) at 0x1AA9415C
[22:28:46.222] |T| [close_file]: _sceKernelLoadStartModule: Closing file fd: 0x1A
[22:28:46.227] |I| [start_module]: Module god_m000_Boot (at "app0:/bin/god_m000_Boot.self") module_start returned 0x0
[22:28:46.754] |T| [close_file]: sceIoClose: Closing file fd: 0x19
[22:28:46.757] |I| [export_sceIoOpen]: Opening file: app0:/package.rdp
[22:28:46.757] |T| [open_file]: sceIoOpen: Opening file app0:/package.rdp (ux0:/app/PCSH00199/package.rdp), fd: 0x1B
[22:28:46.759] |T| [close_file]: sceIoClose: Closing file fd: 0x1B
[22:28:46.796] |I| [export_sceIoOpen]: Opening file: app0:/package.rdp
[22:28:46.797] |T| [open_file]: sceIoOpen: Opening file app0:/package.rdp (ux0:/app/PCSH00199/package.rdp), fd: 0x1C
[22:28:47.077] |T| [close_file]: sceIoClose: Closing file fd: 0x1C
[22:28:47.120] |T| [log_import_call]: [LLE] TID: 7   FUNC: 0x27FD0EA1 UNRECOGNISED at 0x408F20
[22:28:47.121] |T| [log_import_call]: [LLE] TID: 7   FUNC: 0x21B5D6E6 UNRECOGNISED at 0x408EF0
[22:28:47.122] |T| [log_import_call]: [LLE] TID: 7   FUNC: 0x8A629F16 UNRECOGNISED at 0x409120
[22:28:47.123] |T| [open_file]: create_trophy_context: Opening file app0:/sce_sys/trophy/NPWR09483_00/TROPHY.TRP (ux0:/app/PCSH00199/sce_sys/trophy/NPWR09483_00/TROPHY.TRP), fd: 0x1D
[22:28:47.124] |T| [open_file]: create_trophy_context: Opening file ux0:/user/00/trophy/data/NPWR09483_00/TROPUSR.DAT (ux0:/user/00/trophy/data/NPWR09483_00/TROPUSR.DAT), fd: 0x1E
[22:28:47.126] |T| [open_file]: install_trophy_context: Opening file ux0:/user/00/trophy/conf/NPWR09483_00/TROPCONF.SFM (ux0:/user/00/trophy/conf/NPWR09483_00/TROPCONF.SFM), fd: 0x1F
[22:28:47.127] |T| [write_file]: install_trophy_context: Writing to fd: 0x1F, size: 2295
[22:28:47.127] |T| [close_file]: install_trophy_context: Closing file fd: 0x1F
[22:28:47.128] |T| [open_file]: install_trophy_context: Opening file ux0:/user/00/trophy/conf/NPWR09483_00/TROP.SFM (ux0:/user/00/trophy/conf/NPWR09483_00/TROP.SFM), fd: 0x20
[22:28:47.129] |T| [write_file]: install_trophy_context: Writing to fd: 0x20, size: 6339
[22:28:47.129] |T| [close_file]: install_trophy_context: Closing file fd: 0x20
[22:28:47.130] |T| [open_file]: install_trophy_context: Opening file ux0:/user/00/trophy/conf/NPWR09483_00/TROP_00.SFM (ux0:/user/00/trophy/conf/NPWR09483_00/TROP_00.SFM), fd: 0x21
[22:28:47.131] |T| [write_file]: install_trophy_context: Writing to fd: 0x21, size: 6339
[22:28:47.132] |T| [close_file]: install_trophy_context: Closing file fd: 0x21
[22:28:47.134] |T| [open_file]: install_trophy_context: Opening file ux0:/user/00/trophy/conf/NPWR09483_00/TROP_10.SFM (ux0:/user/00/trophy/conf/NPWR09483_00/TROP_10.SFM), fd: 0x22
[22:28:47.135] |T| [write_file]: install_trophy_context: Writing to fd: 0x22, size: 5799
[22:28:47.136] |T| [close_file]: install_trophy_context: Closing file fd: 0x22
[22:28:47.136] |T| [open_file]: install_trophy_context: Opening file ux0:/user/00/trophy/conf/NPWR09483_00/ICON0.PNG (ux0:/user/00/trophy/conf/NPWR09483_00/ICON0.PNG), fd: 0x23
[22:28:47.137] |T| [write_file]: install_trophy_context: Writing to fd: 0x23, size: 117570
[22:28:47.138] |T| [close_file]: install_trophy_context: Closing file fd: 0x23
[22:28:47.138] |T| [open_file]: install_trophy_context: Opening file ux0:/user/00/trophy/conf/NPWR09483_00/TROP000.PNG (ux0:/user/00/trophy/conf/NPWR09483_00/TROP000.PNG), fd: 0x24
[22:28:47.139] |T| [write_file]: install_trophy_context: Writing to fd: 0x24, size: 151823
[22:28:47.140] |T| [close_file]: install_trophy_context: Closing file fd: 0x24
[22:28:47.140] |T| [open_file]: install_trophy_context: Opening file ux0:/user/00/trophy/conf/NPWR09483_00/TROP001.PNG (ux0:/user/00/trophy/conf/NPWR09483_00/TROP001.PNG), fd: 0x25
[22:28:47.141] |T| [write_file]: install_trophy_context: Writing to fd: 0x25, size: 144424
[22:28:47.141] |T| [close_file]: install_trophy_context: Closing file fd: 0x25
[22:28:47.142] |T| [open_file]: install_trophy_context: Opening file ux0:/user/00/trophy/conf/NPWR09483_00/TROP002.PNG (ux0:/user/00/trophy/conf/NPWR09483_00/TROP002.PNG), fd: 0x26
[22:28:47.143] |T| [write_file]: install_trophy_context: Writing to fd: 0x26, size: 144406
[22:28:47.144] |T| [close_file]: install_trophy_context: Closing file fd: 0x26
[22:28:47.144] |T| [open_file]: install_trophy_context: Opening file ux0:/user/00/trophy/conf/NPWR09483_00/TROP003.PNG (ux0:/user/00/trophy/conf/NPWR09483_00/TROP003.PNG), fd: 0x27
[22:28:47.145] |T| [write_file]: install_trophy_context: Writing to fd: 0x27, size: 144424
[22:28:47.146] |T| [close_file]: install_trophy_context: Closing file fd: 0x27
[22:28:47.146] |T| [open_file]: install_trophy_context: Opening file ux0:/user/00/trophy/conf/NPWR09483_00/TROP004.PNG (ux0:/user/00/trophy/conf/NPWR09483_00/TROP004.PNG), fd: 0x28
[22:28:47.147] |T| [write_file]: install_trophy_context: Writing to fd: 0x28, size: 144424
[22:28:47.148] |T| [close_file]: install_trophy_context: Closing file fd: 0x28
[22:28:47.151] |T| [open_file]: install_trophy_context: Opening file ux0:/user/00/trophy/conf/NPWR09483_00/TROP005.PNG (ux0:/user/00/trophy/conf/NPWR09483_00/TROP005.PNG), fd: 0x29
[22:28:47.153] |T| [write_file]: install_trophy_context: Writing to fd: 0x29, size: 152048
[22:28:47.153] |T| [close_file]: install_trophy_context: Closing file fd: 0x29
[22:28:47.154] |T| [open_file]: install_trophy_context: Opening file ux0:/user/00/trophy/conf/NPWR09483_00/TROP006.PNG (ux0:/user/00/trophy/conf/NPWR09483_00/TROP006.PNG), fd: 0x2A
[22:28:47.155] |T| [write_file]: install_trophy_context: Writing to fd: 0x2A, size: 144415
[22:28:47.156] |T| [close_file]: install_trophy_context: Closing file fd: 0x2A
[22:28:47.157] |T| [open_file]: install_trophy_context: Opening file ux0:/user/00/trophy/conf/NPWR09483_00/TROP007.PNG (ux0:/user/00/trophy/conf/NPWR09483_00/TROP007.PNG), fd: 0x2B
[22:28:47.158] |T| [write_file]: install_trophy_context: Writing to fd: 0x2B, size: 152048
[22:28:47.158] |T| [close_file]: install_trophy_context: Closing file fd: 0x2B
[22:28:47.159] |T| [open_file]: install_trophy_context: Opening file ux0:/user/00/trophy/conf/NPWR09483_00/TROP008.PNG (ux0:/user/00/trophy/conf/NPWR09483_00/TROP008.PNG), fd: 0x2C
[22:28:47.160] |T| [write_file]: install_trophy_context: Writing to fd: 0x2C, size: 144424
[22:28:47.161] |T| [close_file]: install_trophy_context: Closing file fd: 0x2C
[22:28:47.161] |T| [open_file]: install_trophy_context: Opening file ux0:/user/00/trophy/conf/NPWR09483_00/TROP009.PNG (ux0:/user/00/trophy/conf/NPWR09483_00/TROP009.PNG), fd: 0x2D
[22:28:47.162] |T| [write_file]: install_trophy_context: Writing to fd: 0x2D, size: 141871
[22:28:47.163] |T| [close_file]: install_trophy_context: Closing file fd: 0x2D
[22:28:47.163] |T| [open_file]: install_trophy_context: Opening file ux0:/user/00/trophy/conf/NPWR09483_00/TROP010.PNG (ux0:/user/00/trophy/conf/NPWR09483_00/TROP010.PNG), fd: 0x2E
[22:28:47.167] |T| [write_file]: install_trophy_context: Writing to fd: 0x2E, size: 144424
[22:28:47.168] |T| [close_file]: install_trophy_context: Closing file fd: 0x2E
[22:28:47.169] |T| [open_file]: install_trophy_context: Opening file ux0:/user/00/trophy/conf/NPWR09483_00/TROP011.PNG (ux0:/user/00/trophy/conf/NPWR09483_00/TROP011.PNG), fd: 0x2F
[22:28:47.170] |T| [write_file]: install_trophy_context: Writing to fd: 0x2F, size: 144424
[22:28:47.171] |T| [close_file]: install_trophy_context: Closing file fd: 0x2F
[22:28:47.172] |T| [open_file]: install_trophy_context: Opening file ux0:/user/00/trophy/conf/NPWR09483_00/TROP012.PNG (ux0:/user/00/trophy/conf/NPWR09483_00/TROP012.PNG), fd: 0x30
[22:28:47.172] |T| [write_file]: install_trophy_context: Writing to fd: 0x30, size: 144424
[22:28:47.173] |T| [close_file]: install_trophy_context: Closing file fd: 0x30
[22:28:47.174] |T| [open_file]: install_trophy_context: Opening file ux0:/user/00/trophy/conf/NPWR09483_00/TROP013.PNG (ux0:/user/00/trophy/conf/NPWR09483_00/TROP013.PNG), fd: 0x31
[22:28:47.175] |T| [write_file]: install_trophy_context: Writing to fd: 0x31, size: 144424
[22:28:47.175] |T| [close_file]: install_trophy_context: Closing file fd: 0x31
[22:28:47.176] |T| [open_file]: install_trophy_context: Opening file ux0:/user/00/trophy/conf/NPWR09483_00/TROP014.PNG (ux0:/user/00/trophy/conf/NPWR09483_00/TROP014.PNG), fd: 0x32
[22:28:47.177] |T| [write_file]: install_trophy_context: Writing to fd: 0x32, size: 144424
[22:28:47.177] |T| [close_file]: install_trophy_context: Closing file fd: 0x32
[22:28:47.178] |T| [open_file]: install_trophy_context: Opening file ux0:/user/00/trophy/conf/NPWR09483_00/TROP015.PNG (ux0:/user/00/trophy/conf/NPWR09483_00/TROP015.PNG), fd: 0x33
[22:28:47.179] |T| [write_file]: install_trophy_context: Writing to fd: 0x33, size: 144424
[22:28:47.179] |T| [close_file]: install_trophy_context: Closing file fd: 0x33
[22:28:47.180] |T| [open_file]: install_trophy_context: Opening file ux0:/user/00/trophy/conf/NPWR09483_00/TROP016.PNG (ux0:/user/00/trophy/conf/NPWR09483_00/TROP016.PNG), fd: 0x34
[22:28:47.183] |T| [write_file]: install_trophy_context: Writing to fd: 0x34, size: 144406
[22:28:47.184] |T| [close_file]: install_trophy_context: Closing file fd: 0x34
[22:28:47.185] |T| [open_file]: install_trophy_context: Opening file ux0:/user/00/trophy/conf/NPWR09483_00/TROP017.PNG (ux0:/user/00/trophy/conf/NPWR09483_00/TROP017.PNG), fd: 0x35
[22:28:47.186] |T| [write_file]: install_trophy_context: Writing to fd: 0x35, size: 144406
[22:28:47.186] |T| [close_file]: install_trophy_context: Closing file fd: 0x35
[22:28:47.187] |T| [open_file]: install_trophy_context: Opening file ux0:/user/00/trophy/conf/NPWR09483_00/TROP018.PNG (ux0:/user/00/trophy/conf/NPWR09483_00/TROP018.PNG), fd: 0x36
[22:28:47.188] |T| [write_file]: install_trophy_context: Writing to fd: 0x36, size: 144406
[22:28:47.189] |T| [close_file]: install_trophy_context: Closing file fd: 0x36
[22:28:47.190] |T| [open_file]: install_trophy_context: Opening file ux0:/user/00/trophy/conf/NPWR09483_00/TROP019.PNG (ux0:/user/00/trophy/conf/NPWR09483_00/TROP019.PNG), fd: 0x37
[22:28:47.191] |T| [write_file]: install_trophy_context: Writing to fd: 0x37, size: 144333
[22:28:47.191] |T| [close_file]: install_trophy_context: Closing file fd: 0x37
[22:28:47.192] |T| [open_file]: install_trophy_context: Opening file ux0:/user/00/trophy/conf/NPWR09483_00/TROP020.PNG (ux0:/user/00/trophy/conf/NPWR09483_00/TROP020.PNG), fd: 0x38
[22:28:47.194] |T| [write_file]: install_trophy_context: Writing to fd: 0x38, size: 141889
[22:28:47.194] |T| [close_file]: install_trophy_context: Closing file fd: 0x38
[22:28:47.195] |T| [open_file]: install_trophy_context: Opening file ux0:/user/00/trophy/conf/NPWR09483_00/TROP021.PNG (ux0:/user/00/trophy/conf/NPWR09483_00/TROP021.PNG), fd: 0x39
[22:28:47.196] |T| [write_file]: install_trophy_context: Writing to fd: 0x39, size: 152066
[22:28:47.199] |T| [close_file]: install_trophy_context: Closing file fd: 0x39
[22:28:47.200] |T| [open_file]: install_trophy_context: Opening file ux0:/user/00/trophy/conf/NPWR09483_00/TROP022.PNG (ux0:/user/00/trophy/conf/NPWR09483_00/TROP022.PNG), fd: 0x3A
[22:28:47.201] |T| [write_file]: install_trophy_context: Writing to fd: 0x3A, size: 141871
[22:28:47.202] |T| [close_file]: install_trophy_context: Closing file fd: 0x3A
[22:28:47.203] |T| [open_file]: install_trophy_context: Opening file ux0:/user/00/trophy/conf/NPWR09483_00/TROP023.PNG (ux0:/user/00/trophy/conf/NPWR09483_00/TROP023.PNG), fd: 0x3B
[22:28:47.204] |T| [write_file]: install_trophy_context: Writing to fd: 0x3B, size: 152066
[22:28:47.204] |T| [close_file]: install_trophy_context: Closing file fd: 0x3B
[22:28:47.205] |T| [open_file]: install_trophy_context: Opening file ux0:/user/00/trophy/conf/NPWR09483_00/TROP024.PNG (ux0:/user/00/trophy/conf/NPWR09483_00/TROP024.PNG), fd: 0x3C
[22:28:47.206] |T| [write_file]: install_trophy_context: Writing to fd: 0x3C, size: 141871
[22:28:47.206] |T| [close_file]: install_trophy_context: Closing file fd: 0x3C
[22:28:47.207] |T| [open_file]: install_trophy_context: Opening file ux0:/user/00/trophy/conf/NPWR09483_00/TROP025.PNG (ux0:/user/00/trophy/conf/NPWR09483_00/TROP025.PNG), fd: 0x3D
[22:28:47.208] |T| [write_file]: install_trophy_context: Writing to fd: 0x3D, size: 144333
[22:28:47.209] |T| [close_file]: install_trophy_context: Closing file fd: 0x3D
[22:28:47.209] |T| [open_file]: install_trophy_context: Opening file ux0:/user/00/trophy/conf/NPWR09483_00/TROP026.PNG (ux0:/user/00/trophy/conf/NPWR09483_00/TROP026.PNG), fd: 0x3E
[22:28:47.210] |T| [write_file]: install_trophy_context: Writing to fd: 0x3E, size: 152066
[22:28:47.211] |T| [close_file]: install_trophy_context: Closing file fd: 0x3E
[22:28:47.212] |T| [open_file]: install_trophy_context: Opening file ux0:/user/00/trophy/conf/NPWR09483_00/TROP027.PNG (ux0:/user/00/trophy/conf/NPWR09483_00/TROP027.PNG), fd: 0x3F
[22:28:47.212] |T| [write_file]: install_trophy_context: Writing to fd: 0x3F, size: 152066
[22:28:47.216] |T| [close_file]: install_trophy_context: Closing file fd: 0x3F
[22:28:47.217] |T| [open_file]: install_trophy_context: Opening file ux0:/user/00/trophy/conf/NPWR09483_00/TROP028.PNG (ux0:/user/00/trophy/conf/NPWR09483_00/TROP028.PNG), fd: 0x40
[22:28:47.219] |T| [write_file]: install_trophy_context: Writing to fd: 0x40, size: 141871
[22:28:47.220] |T| [close_file]: install_trophy_context: Closing file fd: 0x40
[22:28:47.221] |T| [open_file]: install_trophy_context: Opening file ux0:/user/00/trophy/conf/NPWR09483_00/TROP029.PNG (ux0:/user/00/trophy/conf/NPWR09483_00/TROP029.PNG), fd: 0x41
[22:28:47.221] |T| [write_file]: install_trophy_context: Writing to fd: 0x41, size: 144333
[22:28:47.222] |T| [close_file]: install_trophy_context: Closing file fd: 0x41
[22:28:47.223] |T| [open_file]: install_trophy_context: Opening file ux0:/user/00/trophy/conf/NPWR09483_00/TROP030.PNG (ux0:/user/00/trophy/conf/NPWR09483_00/TROP030.PNG), fd: 0x42
[22:28:47.224] |T| [write_file]: install_trophy_context: Writing to fd: 0x42, size: 141871
[22:28:47.224] |T| [close_file]: install_trophy_context: Closing file fd: 0x42
[22:28:47.225] |T| [open_file]: install_trophy_context: Opening file ux0:/user/00/trophy/conf/NPWR09483_00/TROP031.PNG (ux0:/user/00/trophy/conf/NPWR09483_00/TROP031.PNG), fd: 0x43
[22:28:47.226] |T| [write_file]: install_trophy_context: Writing to fd: 0x43, size: 152066
[22:28:47.226] |T| [close_file]: install_trophy_context: Closing file fd: 0x43
[22:28:47.227] |T| [open_file]: install_trophy_context: Opening file ux0:/user/00/trophy/conf/NPWR09483_00/TROP032.PNG (ux0:/user/00/trophy/conf/NPWR09483_00/TROP032.PNG), fd: 0x44
[22:28:47.228] |T| [write_file]: install_trophy_context: Writing to fd: 0x44, size: 144333
[22:28:47.228] |T| [close_file]: install_trophy_context: Closing file fd: 0x44
[22:28:47.229] |T| [close_file]: create_trophy_context: Closing file fd: 0x1E
[22:28:47.231] |T| [export_sceNpTrophyCreateContext]: Trophy context for NPWR09483_00 create successfuly!
[22:28:47.232] |W| [stubbed_impl]: Stubbed sceNpTrophyCreateHandle import called. (Stubbed handle with 1)
[22:28:47.271] |W| [unimplemented_impl]: Unimplemented sceCommonDialogUpdate import called.
[22:28:49.401] |E| [renderer::vulkan::texture::translate_swizzle4]: Unknown swizzle mode 0x5000
[22:28:53.743] |E| [renderer::vulkan::texture::translate_swizzle4]: Unknown swizzle mode 0x5000
[22:28:58.198] |E| [renderer::vulkan::texture::translate_swizzle4]: Unknown swizzle mode 0x5000
[22:29:02.710] |T| [log_import_call]: [LLE] TID: 7   FUNC: 0x7D8CB13B sceFontFlush at 0x40A410
[22:29:02.961] |W| [unimplemented_impl]: Unimplemented sceKernelStopUnloadModule import called.
[22:29:03.190] |I| [export_sceIoOpen]: Opening file: app0:/package.rdp
[22:29:03.191] |T| [open_file]: sceIoOpen: Opening file app0:/package.rdp (ux0:/app/PCSH00199/package.rdp), fd: 0x45
[22:29:03.197] |T| [open_file]: _sceKernelLoadStartModule: Opening file app0:/bin/god_m002_Movie.self (ux0:/app/PCSH00199/bin/god_m002_Movie.self), fd: 0x46
[22:29:03.201] |I| [load_self]: app0:/bin/god_m002_Movie.self: Skipping special segment 0x6FFFFF01...
[22:29:03.201] |I| [load_self]: Loaded module segment 0 @ [0x1AA9C000 - 0x1AA9D9B0 / 0x81000000] (size: 0x000019B0) of module app0:/bin/god_m002_Movie.self
[22:29:03.202] |I| [load_self]: Loaded module segment 1 @ [0x1AA9E000 - 0x1AA9E0A4 / 0x81002000] (size: 0x000000A4) of module app0:/bin/god_m002_Movie.self
[22:29:03.204] |I| [load_self]: Linking SELF app0:/bin/god_m002_Movie.self...
[22:29:03.204] |D| [load_var_exports]: 	NID 0x6C2224BA (NID_MODULE_INFO) at 0x1AA9CF40
[22:29:03.205] |D| [load_var_exports]: 	NID 0x936C8A78 (SYSLYB) at 0x1AA9D9AC
[22:29:03.206] |T| [close_file]: _sceKernelLoadStartModule: Closing file fd: 0x46
[22:29:03.211] |I| [start_module]: Module god_m002_Movie (at "app0:/bin/god_m002_Movie.self") module_start returned 0x0
[22:29:03.216] |T| [close_file]: sceIoClose: Closing file fd: 0x45
[22:29:03.282] |T| [log_import_call]: [LLE] TID: 7   FUNC: 0x4C847ADF sceAvPlayerInit at 0x40A160
[22:29:03.293] |T| [log_import_call]: [LLE] TID: 7   FUNC: 0xBC83C8FD sceAvPlayerAddSource at 0x40A1B0
[22:29:03.297] |T| [log_import_call]: [LLE] TID: 7   FUNC: 0x5474AF0 sceMp4OpenFile at 0x6BD1AC
[22:29:03.299] |I| [export_sceIoOpen]: Opening file: app0:/data_3/op_res.mp4
[22:29:03.300] |E| [open_file]: Missing file at D:/vita3k/ux0/app/PCSH00199/data_3/op_res.mp4 (target path: app0:/data_3/op_res.mp4)
[22:29:03.301] |W| [io_error_impl]: open_file (sceIoOpen) returned 0x80010002
[22:29:03.306] |T| [write_file]: *** TTY: !!! Error !!! : src/app_mod/movie_psvita.cpp 573 : PrepareMovie : sceAvPlayerAddSource failed: 0x806A0002
[22:29:03.308] |T| [log_import_call]: [LLE] TID: 7   FUNC: 0x7AA29B2D sceAvPlayerClose at 0x40A180
[22:29:03.490] |E| [call_import]: Import function for NID 0xE340C06A not found (thread name: PCSH00199, thread ID: 7)
[22:29:03.747] |I| [export_sceIoOpen]: Opening file: app0:/patch.rdp
[22:29:03.748] |T| [open_file]: sceIoOpen: Opening file app0:/patch.rdp (ux0:/app/PCSH00199/patch.rdp), fd: 0x47
[22:29:03.755] |T| [close_file]: sceIoClose: Closing file fd: 0x47
[22:29:03.763] |T| [open_file]: _sceKernelLoadStartModule: Opening file app0:/bin/god_m001_Title.self (ux0:/app/PCSH00199/bin/god_m001_Title.self), fd: 0x48
[22:29:03.767] |I| [load_self]: app0:/bin/god_m001_Title.self: Skipping special segment 0x6FFFFF01...
[22:29:03.768] |I| [load_self]: Loaded module segment 0 @ [0x1AA9F000 - 0x1AB02C0C / 0x81000000] (size: 0x00063C0C) of module app0:/bin/god_m001_Title.self
[22:29:03.770] |I| [load_self]: Loaded module segment 1 @ [0x1AB03000 - 0x1AB04FAC / 0x81064000] (size: 0x00001FAC) of module app0:/bin/god_m001_Title.self
[22:29:03.775] |I| [load_self]: Linking SELF app0:/bin/god_m001_Title.self...
[22:29:03.777] |D| [load_var_exports]: 	NID 0x6C2224BA (NID_MODULE_INFO) at 0x1AAE5320
[22:29:03.778] |D| [load_var_exports]: 	NID 0x936C8A78 (SYSLYB) at 0x1AAFED04
[22:29:03.778] |T| [close_file]: _sceKernelLoadStartModule: Closing file fd: 0x48
[22:29:03.785] |I| [start_module]: Module god_m001_Title (at "app0:/bin/god_m001_Title.self") module_start returned 0x0
[22:29:03.860] |I| [export_sceIoOpen]: Opening file: app0:/package.rdp
[22:29:03.862] |T| [open_file]: sceIoOpen: Opening file app0:/package.rdp (ux0:/app/PCSH00199/package.rdp), fd: 0x49
[22:29:33.283] |T| [close_file]: sceIoClose: Closing file fd: 0x49
[22:29:33.286] |I| [export_sceIoOpen]: Opening file: app0:/patch.rdp
[22:29:33.287] |T| [open_file]: sceIoOpen: Opening file app0:/patch.rdp (ux0:/app/PCSH00199/patch.rdp), fd: 0x4A
[22:29:33.294] |T| [close_file]: sceIoClose: Closing file fd: 0x4A
[22:29:33.348] |I| [export_sceIoOpen]: Opening file: app0:/patch.rdp
[22:29:33.349] |T| [open_file]: sceIoOpen: Opening file app0:/patch.rdp (ux0:/app/PCSH00199/patch.rdp), fd: 0x4B
[22:29:33.361] |T| [close_file]: sceIoClose: Closing file fd: 0x4B
[22:29:33.400] |I| [export_sceIoOpen]: Opening file: app0:/package.rdp
[22:29:33.401] |T| [open_file]: sceIoOpen: Opening file app0:/package.rdp (ux0:/app/PCSH00199/package.rdp), fd: 0x4C
[22:29:33.595] |T| [close_file]: sceIoClose: Closing file fd: 0x4C
[22:29:33.598] |I| [export_sceIoOpen]: Opening file: app0:/patch.rdp
[22:29:33.599] |T| [open_file]: sceIoOpen: Opening file app0:/patch.rdp (ux0:/app/PCSH00199/patch.rdp), fd: 0x4D
[22:29:33.604] |T| [close_file]: sceIoClose: Closing file fd: 0x4D
[22:29:33.650] |I| [export_sceIoOpen]: Opening file: app0:/patch.rdp
[22:29:33.651] |T| [open_file]: sceIoOpen: Opening file app0:/patch.rdp (ux0:/app/PCSH00199/patch.rdp), fd: 0x4E
[22:29:33.655] |T| [close_file]: sceIoClose: Closing file fd: 0x4E
[22:29:33.715] |I| [export_sceIoOpen]: Opening file: app0:/patch.rdp
[22:29:33.716] |T| [open_file]: sceIoOpen: Opening file app0:/patch.rdp (ux0:/app/PCSH00199/patch.rdp), fd: 0x4F
[22:29:33.721] |T| [close_file]: sceIoClose: Closing file fd: 0x4F
[22:29:33.764] |I| [export_sceIoOpen]: Opening file: app0:/package.rdp
[22:29:33.764] |T| [open_file]: sceIoOpen: Opening file app0:/package.rdp (ux0:/app/PCSH00199/package.rdp), fd: 0x50
[22:29:33.832] |T| [close_file]: sceIoClose: Closing file fd: 0x50
[22:29:33.837] |I| [export_sceIoOpen]: Opening file: app0:/patch.rdp
[22:29:33.837] |T| [open_file]: sceIoOpen: Opening file app0:/patch.rdp (ux0:/app/PCSH00199/patch.rdp), fd: 0x51
[22:29:33.841] |T| [close_file]: sceIoClose: Closing file fd: 0x51
[22:29:33.933] |I| [export_sceIoOpen]: Opening file: app0:/package.rdp
[22:29:33.934] |T| [open_file]: sceIoOpen: Opening file app0:/package.rdp (ux0:/app/PCSH00199/package.rdp), fd: 0x52
[22:29:45.951] |T| [log_import_call]: [LLE] TID: 46  FUNC: 0x348B9593 UNRECOGNISED at 0x4082A0
[22:30:04.552] |T| [close_file]: sceIoClose: Closing file fd: 0x52
[22:30:04.556] |I| [export_sceIoOpen]: Opening file: app0:/patch.rdp
[22:30:04.557] |T| [open_file]: sceIoOpen: Opening file app0:/patch.rdp (ux0:/app/PCSH00199/patch.rdp), fd: 0x53
[22:30:04.561] |T| [close_file]: sceIoClose: Closing file fd: 0x53
[22:30:04.610] |I| [export_sceIoOpen]: Opening file: app0:/patch.rdp
[22:30:04.611] |T| [open_file]: sceIoOpen: Opening file app0:/patch.rdp (ux0:/app/PCSH00199/patch.rdp), fd: 0x54
[22:30:04.619] |T| [close_file]: sceIoClose: Closing file fd: 0x54
[22:30:04.652] |I| [export_sceIoOpen]: Opening file: app0:/package.rdp
[22:30:04.653] |T| [open_file]: sceIoOpen: Opening file app0:/package.rdp (ux0:/app/PCSH00199/package.rdp), fd: 0x55
[22:31:14.439] |T| [close_file]: sceIoClose: Closing file fd: 0x55
[22:31:14.442] |I| [export_sceIoOpen]: Opening file: app0:/package.rdp
[22:31:14.442] |T| [open_file]: sceIoOpen: Opening file app0:/package.rdp (ux0:/app/PCSH00199/package.rdp), fd: 0x56
[22:31:14.459] |T| [close_file]: sceIoClose: Closing file fd: 0x56
[22:31:14.508] |I| [export_sceIoOpen]: Opening file: app0:/package.rdp
[22:31:14.508] |T| [open_file]: sceIoOpen: Opening file app0:/package.rdp (ux0:/app/PCSH00199/package.rdp), fd: 0x57
[22:32:34.234] |T| [close_file]: sceIoClose: Closing file fd: 0x57
[22:32:34.237] |I| [export_sceIoOpen]: Opening file: app0:/package.rdp
[22:32:34.238] |T| [open_file]: sceIoOpen: Opening file app0:/package.rdp (ux0:/app/PCSH00199/package.rdp), fd: 0x58
[22:32:34.260] |T| [close_file]: sceIoClose: Closing file fd: 0x58
[22:32:34.301] |I| [export_sceIoOpen]: Opening file: app0:/package.rdp
[22:32:34.302] |T| [open_file]: sceIoOpen: Opening file app0:/package.rdp (ux0:/app/PCSH00199/package.rdp), fd: 0x59
[22:32:43.647] |T| [close_file]: sceIoClose: Closing file fd: 0x59
[22:32:43.650] |I| [export_sceIoOpen]: Opening file: app0:/package.rdp
[22:32:43.650] |T| [open_file]: sceIoOpen: Opening file app0:/package.rdp (ux0:/app/PCSH00199/package.rdp), fd: 0x5A
[22:32:43.654] |T| [close_file]: sceIoClose: Closing file fd: 0x5A
[22:32:43.716] |I| [export_sceIoOpen]: Opening file: app0:/package.rdp
[22:32:43.717] |T| [open_file]: sceIoOpen: Opening file app0:/package.rdp (ux0:/app/PCSH00199/package.rdp), fd: 0x5B
[22:32:51.678] |T| [close_file]: sceIoClose: Closing file fd: 0x5B
[22:32:51.971] |E| [renderer::vulkan::texture::translate_swizzle4]: Unknown swizzle mode 0x5000
[22:33:09.347] |T| [log_import_call]: [LLE] TID: 7   FUNC: 0x74724147 sceSystemGestureGetTouchEventByIndex at 0x40A6F0
[22:33:12.513] |T| [log_import_call]: [LLE] TID: 7   FUNC: 0x9B63BC14 UNRECOGNISED at 0x408840
[22:33:12.514] |T| [log_import_call]: [LLE] TID: 7   FUNC: 0x561BE055 UNRECOGNISED at 0x408430
[22:33:12.519] |W| [stubbed_impl]: Stubbed sceNgsVoiceInit import called. (Default preset not implemented)
[22:33:12.571] |E| [renderer::vulkan::texture::translate_swizzle4]: Unknown swizzle mode 0x5000
[22:33:13.182] |W| [unimplemented_impl]: Unimplemented sceKernelGetOpenPsId import called.
[22:33:13.478] |W| [stubbed_impl]: Stubbed sceAppUtilSaveDataSlotSearch import called. (No sort slot list)
[22:33:13.480] |E| [open_file]: Missing file at D:/vita3k/ux0/user/00/savedata/PCSG00719/SlotParam_0.bin (target path: savedata0:/SlotParam_0.bin)
[22:33:13.482] |W| [io_error_impl]: open_file (sceAppUtilSaveDataSlotSearch) returned 0x80010002
[22:33:13.483] |E| [open_file]: Missing file at D:/vita3k/ux0/user/00/savedata/PCSG00719/SlotParam_1.bin (target path: savedata0:/SlotParam_1.bin)
[22:33:13.485] |W| [io_error_impl]: open_file (sceAppUtilSaveDataSlotSearch) returned 0x80010002
[22:33:13.485] |E| [open_file]: Missing file at D:/vita3k/ux0/user/00/savedata/PCSG00719/SlotParam_2.bin (target path: savedata0:/SlotParam_2.bin)
[22:33:13.486] |W| [io_error_impl]: open_file (sceAppUtilSaveDataSlotSearch) returned 0x80010002
[22:33:13.487] |E| [open_file]: Missing file at D:/vita3k/ux0/user/00/savedata/PCSG00719/SlotParam_3.bin (target path: savedata0:/SlotParam_3.bin)
[22:33:13.488] |W| [io_error_impl]: open_file (sceAppUtilSaveDataSlotSearch) returned 0x80010002
[22:33:13.488] |E| [open_file]: Missing file at D:/vita3k/ux0/user/00/savedata/PCSG00719/SlotParam_4.bin (target path: savedata0:/SlotParam_4.bin)
[22:33:13.489] |W| [io_error_impl]: open_file (sceAppUtilSaveDataSlotSearch) returned 0x80010002
[22:33:13.489] |E| [open_file]: Missing file at D:/vita3k/ux0/user/00/savedata/PCSG00719/SlotParam_5.bin (target path: savedata0:/SlotParam_5.bin)
[22:33:13.490] |W| [io_error_impl]: open_file (sceAppUtilSaveDataSlotSearch) returned 0x80010002
[22:33:13.491] |E| [open_file]: Missing file at D:/vita3k/ux0/user/00/savedata/PCSG00719/SlotParam_6.bin (target path: savedata0:/SlotParam_6.bin)
[22:33:13.492] |W| [io_error_impl]: open_file (sceAppUtilSaveDataSlotSearch) returned 0x80010002
[22:33:13.493] |E| [open_file]: Missing file at D:/vita3k/ux0/user/00/savedata/PCSG00719/SlotParam_7.bin (target path: savedata0:/SlotParam_7.bin)
[22:33:13.493] |W| [io_error_impl]: open_file (sceAppUtilSaveDataSlotSearch) returned 0x80010002
[22:33:13.496] |E| [open_file]: Missing file at D:/vita3k/ux0/user/00/savedata/PCSG00719/SlotParam_8.bin (target path: savedata0:/SlotParam_8.bin)
[22:33:13.498] |W| [io_error_impl]: open_file (sceAppUtilSaveDataSlotSearch) returned 0x80010002
[22:33:13.499] |E| [open_file]: Missing file at D:/vita3k/ux0/user/00/savedata/PCSG00719/SlotParam_9.bin (target path: savedata0:/SlotParam_9.bin)
[22:33:13.500] |W| [io_error_impl]: open_file (sceAppUtilSaveDataSlotSearch) returned 0x80010002
[22:33:13.503] |E| [open_file]: Missing file at D:/vita3k/ux0/user/00/savedata/PCSG00719/SlotParam_15.bin (target path: savedata0:/SlotParam_15.bin)
[22:33:13.503] |W| [io_error_impl]: open_file (sceAppUtilSaveDataSlotGetParam) returned 0x80010002
[22:33:13.504] |E| [logging::ret_error_impl]: sceAppUtilSaveDataSlotGetParam returned SCE_APPUTIL_ERROR_SAVEDATA_SLOT_NOT_FOUND (0x80100641)
[22:33:13.506] |E| [stat_file]: Cannot find device for path: PCSG007190db050553118000100?/
[22:33:13.506] |W| [io_error_impl]: stat_file (_sceIoGetstat) returned 0x80010002
[22:33:13.523] |E| [open_file]: Missing file at D:/vita3k/ux0/user/00/savedata/PCSG00719/SlotParam_0.bin (target path: savedata0:/SlotParam_0.bin)
[22:33:13.524] |W| [io_error_impl]: open_file (sceAppUtilSaveDataSlotSearch) returned 0x80010002
[22:33:13.528] |E| [open_file]: Missing file at D:/vita3k/ux0/user/00/savedata/PCSG00719/SlotParam_1.bin (target path: savedata0:/SlotParam_1.bin)
[22:33:13.529] |W| [io_error_impl]: open_file (sceAppUtilSaveDataSlotSearch) returned 0x80010002
[22:33:13.530] |E| [open_file]: Missing file at D:/vita3k/ux0/user/00/savedata/PCSG00719/SlotParam_2.bin (target path: savedata0:/SlotParam_2.bin)
[22:33:13.532] |W| [io_error_impl]: open_file (sceAppUtilSaveDataSlotSearch) returned 0x80010002
[22:33:13.533] |E| [open_file]: Missing file at D:/vita3k/ux0/user/00/savedata/PCSG00719/SlotParam_3.bin (target path: savedata0:/SlotParam_3.bin)
[22:33:13.534] |W| [io_error_impl]: open_file (sceAppUtilSaveDataSlotSearch) returned 0x80010002
[22:33:13.535] |E| [open_file]: Missing file at D:/vita3k/ux0/user/00/savedata/PCSG00719/SlotParam_4.bin (target path: savedata0:/SlotParam_4.bin)
[22:33:13.536] |W| [io_error_impl]: open_file (sceAppUtilSaveDataSlotSearch) returned 0x80010002
[22:33:13.536] |E| [open_file]: Missing file at D:/vita3k/ux0/user/00/savedata/PCSG00719/SlotParam_5.bin (target path: savedata0:/SlotParam_5.bin)
[22:33:13.537] |W| [io_error_impl]: open_file (sceAppUtilSaveDataSlotSearch) returned 0x80010002
[22:33:13.538] |E| [open_file]: Missing file at D:/vita3k/ux0/user/00/savedata/PCSG00719/SlotParam_6.bin (target path: savedata0:/SlotParam_6.bin)
[22:33:13.539] |W| [io_error_impl]: open_file (sceAppUtilSaveDataSlotSearch) returned 0x80010002
[22:33:13.539] |E| [open_file]: Missing file at D:/vita3k/ux0/user/00/savedata/PCSG00719/SlotParam_7.bin (target path: savedata0:/SlotParam_7.bin)
[22:33:13.540] |W| [io_error_impl]: open_file (sceAppUtilSaveDataSlotSearch) returned 0x80010002
[22:33:13.542] |E| [open_file]: Missing file at D:/vita3k/ux0/user/00/savedata/PCSG00719/SlotParam_8.bin (target path: savedata0:/SlotParam_8.bin)
[22:33:13.543] |W| [io_error_impl]: open_file (sceAppUtilSaveDataSlotSearch) returned 0x80010002
[22:33:13.544] |E| [open_file]: Missing file at D:/vita3k/ux0/user/00/savedata/PCSG00719/SlotParam_9.bin (target path: savedata0:/SlotParam_9.bin)
[22:33:13.545] |W| [io_error_impl]: open_file (sceAppUtilSaveDataSlotSearch) returned 0x80010002
[22:33:13.546] |E| [open_file]: Missing file at D:/vita3k/ux0/user/00/savedata/PCSG00719/SlotParam_0.bin (target path: savedata0:/SlotParam_0.bin)
[22:33:13.547] |W| [io_error_impl]: open_file (sceAppUtilSaveDataSlotGetParam) returned 0x80010002
[22:33:13.560] |E| [open_file]: Missing file at D:/vita3k/ux0/user/00/savedata/PCSG00719/SlotParam_1.bin (target path: savedata0:/SlotParam_1.bin)
[22:33:13.561] |W| [io_error_impl]: open_file (sceAppUtilSaveDataSlotGetParam) returned 0x80010002
[22:33:13.578] |E| [open_file]: Missing file at D:/vita3k/ux0/user/00/savedata/PCSG00719/SlotParam_2.bin (target path: savedata0:/SlotParam_2.bin)
[22:33:13.579] |W| [io_error_impl]: open_file (sceAppUtilSaveDataSlotGetParam) returned 0x80010002
[22:33:13.595] |E| [open_file]: Missing file at D:/vita3k/ux0/user/00/savedata/PCSG00719/SlotParam_3.bin (target path: savedata0:/SlotParam_3.bin)
[22:33:13.596] |W| [io_error_impl]: open_file (sceAppUtilSaveDataSlotGetParam) returned 0x80010002
[22:33:13.610] |E| [open_file]: Missing file at D:/vita3k/ux0/user/00/savedata/PCSG00719/SlotParam_4.bin (target path: savedata0:/SlotParam_4.bin)
[22:33:13.612] |W| [io_error_impl]: open_file (sceAppUtilSaveDataSlotGetParam) returned 0x80010002
[22:33:13.627] |E| [open_file]: Missing file at D:/vita3k/ux0/user/00/savedata/PCSG00719/SlotParam_5.bin (target path: savedata0:/SlotParam_5.bin)
[22:33:13.628] |W| [io_error_impl]: open_file (sceAppUtilSaveDataSlotGetParam) returned 0x80010002
[22:33:13.643] |E| [open_file]: Missing file at D:/vita3k/ux0/user/00/savedata/PCSG00719/SlotParam_6.bin (target path: savedata0:/SlotParam_6.bin)
[22:33:13.644] |W| [io_error_impl]: open_file (sceAppUtilSaveDataSlotGetParam) returned 0x80010002
[22:33:13.658] |E| [open_file]: Missing file at D:/vita3k/ux0/user/00/savedata/PCSG00719/SlotParam_7.bin (target path: savedata0:/SlotParam_7.bin)
[22:33:13.659] |W| [io_error_impl]: open_file (sceAppUtilSaveDataSlotGetParam) returned 0x80010002
[22:33:13.676] |E| [open_file]: Missing file at D:/vita3k/ux0/user/00/savedata/PCSG00719/SlotParam_8.bin (target path: savedata0:/SlotParam_8.bin)
[22:33:13.678] |W| [io_error_impl]: open_file (sceAppUtilSaveDataSlotGetParam) returned 0x80010002
[22:33:13.696] |E| [open_file]: Missing file at D:/vita3k/ux0/user/00/savedata/PCSG00719/SlotParam_9.bin (target path: savedata0:/SlotParam_9.bin)
[22:33:13.700] |W| [io_error_impl]: open_file (sceAppUtilSaveDataSlotGetParam) returned 0x80010002
[22:33:14.261] |T| [log_import_call]: [LLE] TID: 7   FUNC: 0x4F26425B UNRECOGNISED at 0x407BF0
[22:33:15.032] |T| [log_import_call]: [LLE] TID: 7   FUNC: 0x15370D0D UNRECOGNISED at 0x408120
[22:33:15.033] |T| [log_import_call]: [LLE] TID: 7   FUNC: 0xED111146 UNRECOGNISED at 0x408D80
[22:33:15.189] |E| [call_import]: Import function for NID 0xE340CF7A not found (thread name: PCSH00199, thread ID: 7)
[22:33:16.193] |I| [renderer::vulkan::PipelineCache::retrieve_shader]: Generating vulkan spv shader dbf6ca2ec078eb705d37d2ea5379a8f08c31efc7ec86e15e97030fdb708ba71d
[22:33:16.195] |I| [renderer::load_shader_generic]: Generating vert.spv.txt shader dbf6ca2ec078eb705d37d2ea5379a8f08c31efc7ec86e15e97030fdb708ba71d
[22:33:16.252] |D| [shader::create_parameters]: [BUFFER0  + 0] pa0 = (float4) Pos
[22:33:16.253] |D| [shader::create_parameters]: [BUFFER0  + 4] pa4 = (float4) Tex
[22:33:16.254] |D| [shader::create_parameters]: [BUFFER0  + 8] pa8 = (float4) Color
[22:33:16.255] |D| [shader::create_parameters]: [DEFAULT  + 16] sa16 = (float4) WorldTransform[4]
[22:33:16.256] |D| [shader::create_parameters]: [DEFAULT  + 0] sa0 = (float4) ViewProjTransform[4]
[22:33:16.257] |T| [shader::usse::USSERecompiler::compile_code_node]: Compiling code_0, size = 15
[22:33:16.305] |I| [renderer::vulkan::PipelineCache::retrieve_shader]: Generating vulkan spv shader 3e713074fd2a267efbee5014b2bbcf103d423f0c246d3310ccf24c024a684957
[22:33:16.307] |I| [renderer::load_shader_generic]: Generating frag.spv.txt shader 3e713074fd2a267efbee5014b2bbcf103d423f0c246d3310ccf24c024a684957
[22:33:16.310] |D| [shader::create_parameters]: [DEFAULT  + 0] sa0 = (half4) BaseColor
[22:33:16.310] |D| [shader::create_fragment_inputs]: Iterator: pa0 = (half4) v_TexCoord1
[22:33:16.311] |T| [shader::create_fragment_inputs]: pa2 = tex2D<half4>(DiffuseTexture, TEXCOORD0.xy)
[22:33:16.313] |T| [shader::usse::USSERecompiler::compile_code_node]: Compiling code_0, size = 6
[22:33:16.356] |I| [renderer::vulkan::PipelineCache::retrieve_shader]: Generating vulkan spv shader 05d22d53b23e6be054f6c00b924d633e6e76ae7c0c5ccaba3320bd643e5fc701
[22:33:16.358] |I| [renderer::load_shader_generic]: Generating frag.spv.txt shader 05d22d53b23e6be054f6c00b924d633e6e76ae7c0c5ccaba3320bd643e5fc701
[22:33:16.382] |D| [shader::create_parameters]: [DEFAULT  + 0] sa0 = (half4) BaseColor
[22:33:16.383] |D| [shader::create_fragment_inputs]: Iterator: pa0 = (half4) v_TexCoord1
[22:33:16.386] |T| [shader::create_fragment_inputs]: pa2 = tex2D<half4>(DiffuseTexture, TEXCOORD0.xy)
[22:33:16.387] |T| [shader::usse::USSERecompiler::compile_code_node]: Compiling code_0, size = 6
[22:33:42.825] |T| [log_import_call]: [LLE] TID: 7   FUNC: 0xE151BF28 UNRECOGNISED at 0x407F70
[22:33:43.637] |T| [log_import_call]: [LLE] TID: 7   FUNC: 0x6FD1BA65 sceFontGetCharInfo at 0x40A400
[22:33:43.640] |T| [log_import_call]: [LLE] TID: 7   FUNC: 0xAB45AAD3 sceFontGetCharGlyphImage at 0x40A430
[22:33:44.088] |E| [renderer::vulkan::texture::translate_swizzle4]: Unknown swizzle mode 0x5000
[22:33:46.087] |I| [renderer::vulkan::PipelineCache::save_pipeline_cache]: Saving pipeline cache...
[22:33:46.088] |I| [renderer::vulkan::PipelineCache::save_pipeline_cache]: Pipeline cache saved
[22:34:14.889] |W| [unimplemented_impl]: Unimplemented sceRtcGetAccumulativeTime import called.
[22:34:14.890] |T| [log_import_call]: [LLE] TID: 7   FUNC: 0x94A4902 UNRECOGNISED at 0x40A3A0
[22:34:14.891] |T| [log_import_call]: [LLE] TID: 7   FUNC: 0xB94ABF83 UNRECOGNISED at 0x40A3C0
[22:34:15.323] |T| [log_import_call]: [LLE] TID: 7   FUNC: 0x152C1730 UNRECOGNISED at 0x408110
[22:34:15.613] |T| [log_import_call]: [LLE] TID: 7   FUNC: 0xF85854C9 UNRECOGNISED at 0x408DF0
[22:34:15.614] |T| [log_import_call]: [LLE] TID: 7   FUNC: 0x8F96E03A UNRECOGNISED at 0x408720
[22:34:15.642] |I| [export_sceIoOpen]: Opening file: app0:/package.rdp
[22:34:15.643] |T| [open_file]: sceIoOpen: Opening file app0:/package.rdp (ux0:/app/PCSH00199/package.rdp), fd: 0x5C
[22:34:17.762] |T| [close_file]: sceIoClose: Closing file fd: 0x5C
[22:34:17.801] |I| [export_sceIoOpen]: Opening file: app0:/package.rdp
[22:34:17.803] |T| [open_file]: sceIoOpen: Opening file app0:/package.rdp (ux0:/app/PCSH00199/package.rdp), fd: 0x5D
[22:34:23.047] |T| [close_file]: sceIoClose: Closing file fd: 0x5D
[22:34:23.075] |I| [export_sceIoOpen]: Opening file: app0:/package.rdp
[22:34:23.076] |T| [open_file]: sceIoOpen: Opening file app0:/package.rdp (ux0:/app/PCSH00199/package.rdp), fd: 0x5E
[22:34:23.085] |T| [close_file]: sceIoClose: Closing file fd: 0x5E
[22:34:23.152] |I| [export_sceIoOpen]: Opening file: app0:/patch.rdp
[22:34:23.153] |T| [open_file]: sceIoOpen: Opening file app0:/patch.rdp (ux0:/app/PCSH00199/patch.rdp), fd: 0x5F
[22:34:23.255] |T| [close_file]: sceIoClose: Closing file fd: 0x5F
[22:34:23.265] |I| [export_sceIoOpen]: Opening file: app0:/package.rdp
[22:34:23.266] |T| [open_file]: sceIoOpen: Opening file app0:/package.rdp (ux0:/app/PCSH00199/package.rdp), fd: 0x60
[22:34:23.416] |T| [close_file]: sceIoClose: Closing file fd: 0x60
[22:34:23.419] |I| [export_sceIoOpen]: Opening file: app0:/package.rdp
[22:34:23.420] |T| [open_file]: sceIoOpen: Opening file app0:/package.rdp (ux0:/app/PCSH00199/package.rdp), fd: 0x61
[22:34:23.425] |T| [close_file]: sceIoClose: Closing file fd: 0x61
[22:34:23.493] |I| [export_sceIoOpen]: Opening file: app0:/package.rdp
[22:34:23.494] |T| [open_file]: sceIoOpen: Opening file app0:/package.rdp (ux0:/app/PCSH00199/package.rdp), fd: 0x62
[22:34:29.037] |T| [close_file]: sceIoClose: Closing file fd: 0x62
[22:34:29.062] |I| [export_sceIoOpen]: Opening file: app0:/patch.rdp
[22:34:29.062] |T| [open_file]: sceIoOpen: Opening file app0:/patch.rdp (ux0:/app/PCSH00199/patch.rdp), fd: 0x63
[22:34:29.066] |T| [close_file]: sceIoClose: Closing file fd: 0x63
[22:34:29.076] |I| [export_sceIoOpen]: Opening file: app0:/package.rdp
[22:34:29.076] |T| [open_file]: sceIoOpen: Opening file app0:/package.rdp (ux0:/app/PCSH00199/package.rdp), fd: 0x64
[22:34:29.206] |T| [close_file]: sceIoClose: Closing file fd: 0x64
[22:34:29.209] |I| [export_sceIoOpen]: Opening file: app0:/package.rdp
[22:34:29.209] |T| [open_file]: sceIoOpen: Opening file app0:/package.rdp (ux0:/app/PCSH00199/package.rdp), fd: 0x65
[22:34:29.214] |T| [close_file]: sceIoClose: Closing file fd: 0x65
[22:34:29.286] |I| [export_sceIoOpen]: Opening file: app0:/package.rdp
[22:34:29.287] |T| [open_file]: sceIoOpen: Opening file app0:/package.rdp (ux0:/app/PCSH00199/package.rdp), fd: 0x66
[22:34:33.840] |T| [close_file]: sceIoClose: Closing file fd: 0x66
[22:34:33.869] |I| [export_sceIoOpen]: Opening file: app0:/package.rdp
[22:34:33.869] |T| [open_file]: sceIoOpen: Opening file app0:/package.rdp (ux0:/app/PCSH00199/package.rdp), fd: 0x67
[22:34:33.877] |T| [close_file]: sceIoClose: Closing file fd: 0x67
[22:34:33.947] |I| [export_sceIoOpen]: Opening file: app0:/package.rdp
[22:34:33.948] |T| [open_file]: sceIoOpen: Opening file app0:/package.rdp (ux0:/app/PCSH00199/package.rdp), fd: 0x68
[22:34:37.125] |T| [close_file]: sceIoClose: Closing file fd: 0x68
[22:34:37.154] |I| [export_sceIoOpen]: Opening file: app0:/package.rdp
[22:34:37.155] |T| [open_file]: sceIoOpen: Opening file app0:/package.rdp (ux0:/app/PCSH00199/package.rdp), fd: 0x69
[22:34:46.131] |T| [close_file]: sceIoClose: Closing file fd: 0x69
[22:34:46.134] |I| [export_sceIoOpen]: Opening file: app0:/package.rdp
[22:34:46.135] |T| [open_file]: sceIoOpen: Opening file app0:/package.rdp (ux0:/app/PCSH00199/package.rdp), fd: 0x6A
[22:35:24.594] |T| [close_file]: sceIoClose: Closing file fd: 0x6A
[22:35:24.619] |I| [export_sceIoOpen]: Opening file: app0:/package.rdp
[22:35:24.620] |T| [open_file]: sceIoOpen: Opening file app0:/package.rdp (ux0:/app/PCSH00199/package.rdp), fd: 0x6B
[22:35:24.627] |T| [close_file]: sceIoClose: Closing file fd: 0x6B
[22:35:24.691] |I| [export_sceIoOpen]: Opening file: app0:/patch.rdp
[22:35:24.692] |T| [open_file]: sceIoOpen: Opening file app0:/patch.rdp (ux0:/app/PCSH00199/patch.rdp), fd: 0x6C
[22:35:26.653] |T| [close_file]: sceIoClose: Closing file fd: 0x6C
[22:35:26.663] |I| [export_sceIoOpen]: Opening file: app0:/package.rdp
[22:35:26.664] |T| [open_file]: sceIoOpen: Opening file app0:/package.rdp (ux0:/app/PCSH00199/package.rdp), fd: 0x6D
[22:35:26.683] |T| [close_file]: sceIoClose: Closing file fd: 0x6D
[22:35:26.686] |I| [export_sceIoOpen]: Opening file: app0:/package.rdp
[22:35:26.687] |T| [open_file]: sceIoOpen: Opening file app0:/package.rdp (ux0:/app/PCSH00199/package.rdp), fd: 0x6E
[22:35:26.710] |T| [close_file]: sceIoClose: Closing file fd: 0x6E
[22:35:26.734] |I| [export_sceIoOpen]: Opening file: app0:/package.rdp
[22:35:26.734] |T| [open_file]: sceIoOpen: Opening file app0:/package.rdp (ux0:/app/PCSH00199/package.rdp), fd: 0x6F
[22:35:26.739] |T| [close_file]: sceIoClose: Closing file fd: 0x6F
[22:35:26.810] |I| [export_sceIoOpen]: Opening file: app0:/package.rdp
[22:35:26.811] |T| [open_file]: sceIoOpen: Opening file app0:/package.rdp (ux0:/app/PCSH00199/package.rdp), fd: 0x70
[22:35:28.664] |T| [close_file]: sceIoClose: Closing file fd: 0x70
[22:35:28.699] |I| [export_sceIoOpen]: Opening file: app0:/patch.rdp
[22:35:28.700] |T| [open_file]: sceIoOpen: Opening file app0:/patch.rdp (ux0:/app/PCSH00199/patch.rdp), fd: 0x71
[22:35:28.702] |T| [close_file]: sceIoClose: Closing file fd: 0x71
[22:35:28.712] |I| [export_sceIoOpen]: Opening file: app0:/package.rdp
[22:35:28.713] |T| [open_file]: sceIoOpen: Opening file app0:/package.rdp (ux0:/app/PCSH00199/package.rdp), fd: 0x72
[22:35:28.722] |T| [close_file]: sceIoClose: Closing file fd: 0x72
[22:35:28.726] |I| [export_sceIoOpen]: Opening file: app0:/package.rdp
[22:35:28.727] |T| [open_file]: sceIoOpen: Opening file app0:/package.rdp (ux0:/app/PCSH00199/package.rdp), fd: 0x73
[22:35:28.734] |T| [close_file]: sceIoClose: Closing file fd: 0x73
[22:35:28.766] |I| [export_sceIoOpen]: Opening file: app0:/package.rdp
[22:35:28.767] |T| [open_file]: sceIoOpen: Opening file app0:/package.rdp (ux0:/app/PCSH00199/package.rdp), fd: 0x74
[22:35:28.772] |T| [close_file]: sceIoClose: Closing file fd: 0x74
[22:35:28.843] |I| [export_sceIoOpen]: Opening file: app0:/package.rdp
[22:35:28.844] |T| [open_file]: sceIoOpen: Opening file app0:/package.rdp (ux0:/app/PCSH00199/package.rdp), fd: 0x75
[22:35:30.742] |T| [close_file]: sceIoClose: Closing file fd: 0x75
[22:35:34.661] |I| [export_sceIoOpen]: Opening file: app0:/package.rdp
[22:35:34.662] |T| [open_file]: sceIoOpen: Opening file app0:/package.rdp (ux0:/app/PCSH00199/package.rdp), fd: 0x76
[22:35:39.919] |T| [close_file]: sceIoClose: Closing file fd: 0x76
[22:35:39.948] |I| [export_sceIoOpen]: Opening file: app0:/package.rdp
[22:35:39.949] |T| [open_file]: sceIoOpen: Opening file app0:/package.rdp (ux0:/app/PCSH00199/package.rdp), fd: 0x77
[22:35:39.955] |T| [close_file]: sceIoClose: Closing file fd: 0x77
[22:35:40.025] |I| [export_sceIoOpen]: Opening file: app0:/patch.rdp
[22:35:40.026] |T| [open_file]: sceIoOpen: Opening file app0:/patch.rdp (ux0:/app/PCSH00199/patch.rdp), fd: 0x78
[22:35:40.028] |T| [close_file]: sceIoClose: Closing file fd: 0x78
[22:35:40.036] |I| [export_sceIoOpen]: Opening file: app0:/package.rdp
[22:35:40.038] |T| [open_file]: sceIoOpen: Opening file app0:/package.rdp (ux0:/app/PCSH00199/package.rdp), fd: 0x79
[22:35:40.158] |T| [close_file]: sceIoClose: Closing file fd: 0x79
[22:35:40.161] |I| [export_sceIoOpen]: Opening file: app0:/package.rdp
[22:35:40.161] |T| [open_file]: sceIoOpen: Opening file app0:/package.rdp (ux0:/app/PCSH00199/package.rdp), fd: 0x7A
[22:35:40.166] |T| [close_file]: sceIoClose: Closing file fd: 0x7A
[22:35:40.235] |I| [export_sceIoOpen]: Opening file: app0:/package.rdp
[22:35:40.236] |T| [open_file]: sceIoOpen: Opening file app0:/package.rdp (ux0:/app/PCSH00199/package.rdp), fd: 0x7B
[22:35:46.112] |T| [close_file]: sceIoClose: Closing file fd: 0x7B
[22:35:46.137] |I| [export_sceIoOpen]: Opening file: app0:/patch.rdp
[22:35:46.138] |T| [open_file]: sceIoOpen: Opening file app0:/patch.rdp (ux0:/app/PCSH00199/patch.rdp), fd: 0x7C
[22:35:46.140] |T| [close_file]: sceIoClose: Closing file fd: 0x7C
[22:35:46.149] |I| [export_sceIoOpen]: Opening file: app0:/package.rdp
[22:35:46.150] |T| [open_file]: sceIoOpen: Opening file app0:/package.rdp (ux0:/app/PCSH00199/package.rdp), fd: 0x7D
[22:35:46.272] |T| [close_file]: sceIoClose: Closing file fd: 0x7D
[22:35:46.275] |I| [export_sceIoOpen]: Opening file: app0:/package.rdp
[22:35:46.275] |T| [open_file]: sceIoOpen: Opening file app0:/package.rdp (ux0:/app/PCSH00199/package.rdp), fd: 0x7E
[22:35:46.280] |T| [close_file]: sceIoClose: Closing file fd: 0x7E
[22:35:46.349] |I| [export_sceIoOpen]: Opening file: app0:/package.rdp
[22:35:46.351] |T| [open_file]: sceIoOpen: Opening file app0:/package.rdp (ux0:/app/PCSH00199/package.rdp), fd: 0x7F
[22:35:50.851] |T| [close_file]: sceIoClose: Closing file fd: 0x7F
[22:35:50.885] |I| [export_sceIoOpen]: Opening file: app0:/package.rdp
[22:35:50.886] |T| [open_file]: sceIoOpen: Opening file app0:/package.rdp (ux0:/app/PCSH00199/package.rdp), fd: 0x80
[22:35:50.891] |T| [close_file]: sceIoClose: Closing file fd: 0x80
[22:35:50.976] |I| [export_sceIoOpen]: Opening file: app0:/package.rdp
[22:35:50.977] |T| [open_file]: sceIoOpen: Opening file app0:/package.rdp (ux0:/app/PCSH00199/package.rdp), fd: 0x81
[22:35:54.615] |T| [close_file]: sceIoClose: Closing file fd: 0x81
[22:35:54.648] |I| [export_sceIoOpen]: Opening file: app0:/package.rdp
[22:35:54.649] |T| [open_file]: sceIoOpen: Opening file app0:/package.rdp (ux0:/app/PCSH00199/package.rdp), fd: 0x82
[22:36:04.140] |T| [close_file]: sceIoClose: Closing file fd: 0x82
[22:36:04.143] |I| [export_sceIoOpen]: Opening file: app0:/package.rdp
[22:36:04.143] |T| [open_file]: sceIoOpen: Opening file app0:/package.rdp (ux0:/app/PCSH00199/package.rdp), fd: 0x83
[22:36:49.393] |T| [close_file]: sceIoClose: Closing file fd: 0x83
[22:36:49.427] |I| [export_sceIoOpen]: Opening file: app0:/package.rdp
[22:36:49.428] |T| [open_file]: sceIoOpen: Opening file app0:/package.rdp (ux0:/app/PCSH00199/package.rdp), fd: 0x84
[22:36:49.433] |T| [close_file]: sceIoClose: Closing file fd: 0x84
[22:36:49.516] |I| [export_sceIoOpen]: Opening file: app0:/patch.rdp
[22:36:49.517] |T| [open_file]: sceIoOpen: Opening file app0:/patch.rdp (ux0:/app/PCSH00199/patch.rdp), fd: 0x85
[22:36:49.519] |T| [close_file]: sceIoClose: Closing file fd: 0x85
[22:36:49.529] |I| [export_sceIoOpen]: Opening file: app0:/package.rdp
[22:36:49.530] |T| [open_file]: sceIoOpen: Opening file app0:/package.rdp (ux0:/app/PCSH00199/package.rdp), fd: 0x86
[22:36:49.536] |T| [close_file]: sceIoClose: Closing file fd: 0x86
[22:36:49.539] |I| [export_sceIoOpen]: Opening file: app0:/package.rdp
[22:36:49.539] |T| [open_file]: sceIoOpen: Opening file app0:/package.rdp (ux0:/app/PCSH00199/package.rdp), fd: 0x87
[22:36:49.545] |T| [close_file]: sceIoClose: Closing file fd: 0x87
[22:36:49.587] |I| [export_sceIoOpen]: Opening file: app0:/package.rdp
[22:36:49.588] |T| [open_file]: sceIoOpen: Opening file app0:/package.rdp (ux0:/app/PCSH00199/package.rdp), fd: 0x88
[22:36:49.593] |T| [close_file]: sceIoClose: Closing file fd: 0x88
[22:36:49.672] |I| [export_sceIoOpen]: Opening file: app0:/package.rdp
[22:36:49.673] |T| [open_file]: sceIoOpen: Opening file app0:/package.rdp (ux0:/app/PCSH00199/package.rdp), fd: 0x89
[22:36:51.783] |T| [close_file]: sceIoClose: Closing file fd: 0x89
[22:36:51.822] |I| [export_sceIoOpen]: Opening file: app0:/patch.rdp
[22:36:51.823] |T| [open_file]: sceIoOpen: Opening file app0:/patch.rdp (ux0:/app/PCSH00199/patch.rdp), fd: 0x8A
[22:36:51.825] |T| [close_file]: sceIoClose: Closing file fd: 0x8A
[22:36:51.836] |I| [export_sceIoOpen]: Opening file: app0:/package.rdp
[22:36:51.836] |T| [open_file]: sceIoOpen: Opening file app0:/package.rdp (ux0:/app/PCSH00199/package.rdp), fd: 0x8B
[22:36:51.842] |T| [close_file]: sceIoClose: Closing file fd: 0x8B
[22:36:51.845] |I| [export_sceIoOpen]: Opening file: app0:/package.rdp
[22:36:51.846] |T| [open_file]: sceIoOpen: Opening file app0:/package.rdp (ux0:/app/PCSH00199/package.rdp), fd: 0x8C
[22:36:51.854] |T| [close_file]: sceIoClose: Closing file fd: 0x8C
[22:36:51.891] |I| [export_sceIoOpen]: Opening file: app0:/package.rdp
[22:36:51.892] |T| [open_file]: sceIoOpen: Opening file app0:/package.rdp (ux0:/app/PCSH00199/package.rdp), fd: 0x8D
[22:36:51.897] |T| [close_file]: sceIoClose: Closing file fd: 0x8D
[22:36:51.975] |I| [export_sceIoOpen]: Opening file: app0:/package.rdp
[22:36:51.976] |T| [open_file]: sceIoOpen: Opening file app0:/package.rdp (ux0:/app/PCSH00199/package.rdp), fd: 0x8E
[22:36:53.861] |T| [close_file]: sceIoClose: Closing file fd: 0x8E
[22:37:33.202] |E| [UnicornCPU::log_error_details]: Unicorn error 0x8. Invalid memory fetch (UC_ERR_FETCH_UNMAPPED)
PC: 0x00000000,   SP: 0x006117a8,   LR: 0x0f87af3f
r0 : 0x0f160940   r6 : 0x00000001
r1 : 0x0f1608a0   r7 : 0x00000001
r2 : 0x00000000   r8 : 0x0f160940
r3 : 0x00000001   r9 : 0x04acbf30
r4 : 0xdeadbeef   r10: 0x04acbe90
r5 : 0x00000000   r11: 0x00059000
r12: 0x0f87af19
Thumb: false

[22:37:33.204] |C| [UnicornCPU::log_error_details]: PC is 0x0
[22:37:33.206] |E| [ThreadState::run_loop]: Thread PCSH00199 (7) experienced a cpu error.
