[23:28:10.768] |I| [config::init_config]: backend-renderer: OpenGL
[23:28:10.769] |I| [config::init_config]: log-level: 0
[23:28:10.878] |I| [SDL_main]: Vita3K v0.1.5 2647-d2e99945
[23:28:10.878] |I| [SDL_main]: Number of logical CPU cores: 8
[23:28:10.878] |I| [SDL_main]: Available ram memory: 16215 mo
[23:28:11.278] |I| [renderer::gl::create]: Swap interval = -1
[23:28:11.282] |I| [renderer::gl::create]: GPU = NVIDIA GeForce RTX 3060 Laptop GPU/PCIe/SSE2
[23:28:11.282] |I| [renderer::gl::create]: GL_VERSION = 4.6.0 NVIDIA 512.15
[23:28:11.283] |I| [renderer::gl::create]: GL_SHADING_LANGUAGE_VERSION = 4.60 NVIDIA
[23:28:11.284] |I| [renderer::gl::create]: Your GPU supports shader interlock, some games that use programmable blending will have better performance.
[23:28:16.839] |I| [load_app_impl]: cpu-backend: Dynarmic
[23:28:16.840] |I| [load_app_impl]: CPU Optimisation state: true
[23:28:16.840] |I| [load_app_impl]: ngs state: true
[23:28:16.841] |I| [load_app_impl]: Resolution multiplier: 1
[23:28:16.841] |I| [load_app_impl]: modules mode: Auto & Manual
[23:28:16.841] |I| [load_app_impl]: lle-modules: libhttp
[23:28:16.842] |I| [load_app_impl]: Title: 遙かなる時空の中で Ultimate
[23:28:16.842] |I| [load_app_impl]: Serial: PCSG01157
[23:28:16.842] |I| [load_app_impl]: Version: 1.00
[23:28:16.842] |I| [load_app_impl]: Category: gd
[23:28:16.854] |C| [load_self]: Unknown segment type 0x6FFFFF01
[23:28:16.855] |I| [load_self]: Loaded module segment 0 @ [0x00007000 - 0x000588A4 / 0x81000000] (size: 0x000518A4) of module app0:sce_module/libc.suprx
[23:28:16.855] |I| [load_self]: Loaded module segment 1 @ [0x00059000 - 0x0005B8A0 / 0x81052000] (size: 0x000028A0) of module app0:sce_module/libc.suprx
[23:28:16.856] |I| [load_self]: Loading symbols for SELF: app0:sce_module/libc.suprx
[23:28:16.856] |D| [load_var_exports]: 	NID 0x936C8A78 (SYSLYB) at 0x4E314
[23:28:16.856] |D| [load_var_exports]: 	NID 0x6C2224BA (NID_MODULE_INFO) at 0x434DC
[23:28:16.856] |W| [load_var_imports]: 	NID NOT FOUND 0x93B8AA67 (UNRECOGNISED) at 0x4763C, setting to stub value 0xDEADBEEF
[23:28:16.857] |W| [load_var_imports]: 	NID NOT FOUND 0xDF084DFA (UNRECOGNISED) at 0x491D0, setting to stub value 0xDEADBEEF
[23:28:16.859] |I| [pre_load_module]: Pre-load module SceLibc (at "sce_module/libc.suprx") loaded
[23:28:16.869] |C| [load_self]: Unknown segment type 0x6FFFFF01
[23:28:16.871] |I| [load_self]: Loaded module segment 0 @ [0x0005E000 - 0x0008ACBF / 0x81000000] (size: 0x0002CCBF) of module app0:sce_module/libfios2.suprx
[23:28:16.874] |I| [load_self]: Loaded module segment 1 @ [0x0008B000 - 0x00090255 / 0x8102D000] (size: 0x00005255) of module app0:sce_module/libfios2.suprx
[23:28:16.874] |I| [load_self]: Loading symbols for SELF: app0:sce_module/libfios2.suprx
[23:28:16.875] |D| [load_var_exports]: 	NID 0x936C8A78 (SYSLYB) at 0x8ABC8
[23:28:16.875] |D| [load_var_exports]: 	NID 0x6C2224BA (NID_MODULE_INFO) at 0x81F08
[23:28:16.876] |I| [pre_load_module]: Pre-load module SceLibFios2 (at "sce_module/libfios2.suprx") loaded
[23:28:16.881] |C| [load_self]: Unknown segment type 0x6FFFFF01
[23:28:16.881] |I| [load_self]: Loaded module segment 0 @ [0x00091000 - 0x000A49BC / 0x81000000] (size: 0x000139BC) of module app0:sce_module/libult.suprx
[23:28:16.882] |I| [load_self]: Loaded module segment 1 @ [0x000A5000 - 0x000A5814 / 0x81014000] (size: 0x00000814) of module app0:sce_module/libult.suprx
[23:28:16.883] |I| [load_self]: Loading symbols for SELF: app0:sce_module/libult.suprx
[23:28:16.883] |D| [load_var_exports]: 	NID 0x936C8A78 (SYSLYB) at 0xA32E8
[23:28:16.884] |D| [load_var_exports]: 	NID 0x6C2224BA (NID_MODULE_INFO) at 0xA0870
[23:28:16.884] |I| [pre_load_module]: Pre-load module SceUlt (at "sce_module/libult.suprx") loaded
[23:28:16.894] |I| [load_self]: Loaded module segment 0 @ [0x000A6000 - 0x000F6F04 / 0x81000000] (size: 0x00050F04) of module vs0:sys/external/libSceFt2.suprx
[23:28:16.894] |I| [load_self]: Loaded module segment 1 @ [0x000F7000 - 0x000F72F4 / 0x81051000] (size: 0x000002F4) of module vs0:sys/external/libSceFt2.suprx
[23:28:16.896] |I| [load_self]: Loading symbols for SELF: vs0:sys/external/libSceFt2.suprx
[23:28:16.896] |D| [load_var_exports]: 	NID 0x936C8A78 (SYSLYB) at 0xE27DC
[23:28:16.897] |D| [load_var_exports]: 	NID 0x6C2224BA (NID_MODULE_INFO) at 0xE1F10
[23:28:16.902] |I| [pre_load_module]: Pre-load module SceLibft2 (at "sys/external/libSceFt2.suprx") loaded
[23:28:16.905] |I| [load_self]: Loaded module segment 0 @ [0x000F8000 - 0x00107F14 / 0x81000000] (size: 0x0000FF14) of module vs0:sys/external/libpvf.suprx
[23:28:16.906] |I| [load_self]: Loaded module segment 1 @ [0x00108000 - 0x00108008 / 0x81010000] (size: 0x00000008) of module vs0:sys/external/libpvf.suprx
[23:28:16.906] |I| [load_self]: Loading symbols for SELF: vs0:sys/external/libpvf.suprx
[23:28:16.906] |D| [load_var_exports]: 	NID 0x936C8A78 (SYSLYB) at 0x106710
[23:28:16.907] |D| [load_var_exports]: 	NID 0x6C2224BA (NID_MODULE_INFO) at 0x106300
[23:28:16.907] |I| [pre_load_module]: Pre-load module SceLibPvf (at "sys/external/libpvf.suprx") loaded
[23:28:16.967] |C| [load_self]: Unknown segment type 0x6FFFFF01
[23:28:16.967] |I| [load_self]: Loaded module segment 0 @ [0x00109000 - 0x0029F384 / 0x81000000] (size: 0x00196384) of module app0:eboot.bin
[23:28:16.968] |I| [load_self]: Loaded module segment 1 @ [0x002A0000 - 0x02C6A2B0 / 0x81197000] (size: 0x029CA2B0) of module app0:eboot.bin
[23:28:16.968] |I| [load_self]: Loading symbols for SELF: app0:eboot.bin
[23:28:16.969] |D| [load_var_exports]: 	NID 0x6C2224BA (NID_MODULE_INFO) at 0x24B4A8
[23:28:16.972] |D| [load_var_exports]: 	NID 0x70FBA1E7 (SCE_PROC_PARAMS) at 0x2AAAA8
[23:28:16.973] |D| [load_var_exports]: 	NID 0x936C8A78 (SYSLYB) at 0x27D0D4
[23:28:16.973] |I| [load_app_impl]: Main executable One_Vita_Release (eboot.bin) loaded
[23:28:16.996] |I| [renderer::gl::compile_shader]: frag shader compiled: 62b0a5c153ae1e86db799538d80d36dd394d1f3420f69fe2393173f9beeca2c8
[23:28:16.999] |I| [renderer::gl::compile_shader]: vert shader compiled: 4879feff2db0f1c2d0da0bc1fcb646381a48f90a2a7e334b4c1942fb04298b6d
[23:28:17.031] |E| [renderer::gl::compile_program]: Vertex info
-----------
0(29) : warning C7050: "pa[0].zw" might be used before being initialized


[23:28:17.032] |I| [renderer::gl::pre_compile_program]: Program Compiled 1/1
[23:28:17.054] |D| [run_app]: Running module_start of library: SceLibc at address 0x7871
[23:28:17.088] |T| [open_file]: sceKernelGetStdin: Opening terminal tty0:
[23:28:17.088] |T| [open_file]: sceKernelGetStdout: Opening terminal tty0:
[23:28:17.088] |T| [open_file]: sceKernelGetStderr: Opening terminal tty0:
[23:28:17.102] |I| [run_app]: Module SceLibc (at "app0:sce_module/libc.suprx") module_start returned 0x0
[23:28:17.110] |D| [run_app]: Running module_start of library: SceLibFios2 at address 0x5E001
[23:28:17.136] |W| [stubbed_impl]: Stubbed sceKernelGetProcessId import called. (pid: 0)
[23:28:17.137] |W| [unimplemented_impl]: Unimplemented sceFiosOverlayGetList02 import called.
[23:28:17.139] |I| [run_app]: Module SceLibFios2 (at "app0:sce_module/libfios2.suprx") module_start returned 0x0
[23:28:17.144] |D| [run_app]: Running module_start of library: SceUlt at address 0x94771
[23:28:17.165] |W| [unimplemented_impl]: Unimplemented _sceUlobjMgrRegisterLibultProtocolRevision import called.
[23:28:17.166] |I| [run_app]: Module SceUlt (at "app0:sce_module/libult.suprx") module_start returned 0x0
[23:28:17.225] |I| [load_module]: Loading module ID: 0x30
[23:28:17.227] |C| [load_self]: Unknown segment type 0x6FFFFF01
[23:28:17.228] |I| [load_self]: Loaded module segment 0 @ [0x02CF1000 - 0x02CF455C / 0x81000000] (size: 0x0000355C) of module sys/external/libatrac.suprx
[23:28:17.229] |I| [load_self]: Loaded module segment 1 @ [0x02CAD000 - 0x02CAE038 / 0x81004000] (size: 0x00001038) of module sys/external/libatrac.suprx
[23:28:17.230] |I| [load_self]: Loading symbols for SELF: sys/external/libatrac.suprx
[23:28:17.234] |D| [load_var_exports]: 	NID 0x936C8A78 (SYSLYB) at 0x2CF4558
[23:28:17.234] |D| [load_var_exports]: 	NID 0x6C2224BA (NID_MODULE_INFO) at 0x2CF3DB4
[23:28:17.235] |I| [load_module]: Module SceAtrac (at "sys/external/libatrac.suprx") loaded
[23:28:17.236] |D| [load_module]: Running module_start of module: SceAtrac
[23:28:17.237] |I| [load_module]: Module SceAtrac (at "sys/external/libatrac.suprx") module_start returned 0x0
[23:28:17.238] |I| [load_module]: Loading module ID: 0x4C
[23:28:17.243] |C| [load_self]: Unknown segment type 0x6FFFFF01
[23:28:17.245] |I| [load_self]: Loaded module segment 0 @ [0x02CF5000 - 0x02D099FC / 0x81000000] (size: 0x000149FC) of module sys/external/libsceavplayer.suprx
[23:28:17.247] |I| [load_self]: Loaded module segment 1 @ [0x02CAF000 - 0x02CAF06C / 0x81015000] (size: 0x0000006C) of module sys/external/libsceavplayer.suprx
[23:28:17.248] |I| [load_self]: Loading symbols for SELF: sys/external/libsceavplayer.suprx
[23:28:17.248] |D| [load_var_exports]: 	NID 0x936C8A78 (SYSLYB) at 0x2D06D40
[23:28:17.249] |D| [load_var_exports]: 	NID 0x6C2224BA (NID_MODULE_INFO) at 0x2D05548
[23:28:17.250] |I| [load_module]: Module SceAvPlayer (at "sys/external/libsceavplayer.suprx") loaded
[23:28:17.250] |D| [load_module]: Running module_start of module: SceAvPlayer
[23:28:17.251] |I| [load_module]: Module SceAvPlayer (at "sys/external/libsceavplayer.suprx") module_start returned 0x0
[23:28:17.257] |C| [load_self]: Unknown segment type 0x6FFFFF01
[23:28:17.257] |I| [load_self]: Loaded module segment 0 @ [0x02D0A000 - 0x02D19D20 / 0x81000000] (size: 0x0000FD20) of module sys/external/libscemp4.suprx
[23:28:17.258] |I| [load_self]: Loaded module segment 1 @ [0x02D1A000 - 0x02D1A028 / 0x81010000] (size: 0x00000028) of module sys/external/libscemp4.suprx
[23:28:17.261] |I| [load_self]: Loading symbols for SELF: sys/external/libscemp4.suprx
[23:28:17.263] |D| [load_var_exports]: 	NID 0x936C8A78 (SYSLYB) at 0x2D199D0
[23:28:17.264] |D| [load_var_exports]: 	NID 0x6C2224BA (NID_MODULE_INFO) at 0x2D188C4
[23:28:17.264] |I| [load_module]: Module SceMp4 (at "sys/external/libscemp4.suprx") loaded
[23:28:17.265] |I| [load_module]: Loading module ID: 0x13
[23:28:17.269] |C| [load_self]: Unknown segment type 0x6FFFFF01
[23:28:17.270] |I| [load_self]: Loaded module segment 0 @ [0x02D1B000 - 0x02D1E08C / 0x81000000] (size: 0x0000308C) of module sys/external/libsystemgesture.suprx
[23:28:17.271] |I| [load_self]: Loaded module segment 1 @ [0x02D1F000 - 0x02D1FBF0 / 0x81004000] (size: 0x00000BF0) of module sys/external/libsystemgesture.suprx
[23:28:17.271] |I| [load_self]: Loading symbols for SELF: sys/external/libsystemgesture.suprx
[23:28:17.272] |D| [load_var_exports]: 	NID 0x936C8A78 (SYSLYB) at 0x2D1E074
[23:28:17.277] |D| [load_var_exports]: 	NID 0x6C2224BA (NID_MODULE_INFO) at 0x2D1DBD4
[23:28:17.277] |I| [load_module]: Module SceSystemGesture (at "sys/external/libsystemgesture.suprx") loaded
[23:28:17.280] |D| [load_module]: Running module_start of module: SceSystemGesture
[23:28:17.281] |I| [load_module]: Module SceSystemGesture (at "sys/external/libsystemgesture.suprx") module_start returned 0x0
[23:28:17.282] |I| [load_module]: Loading module ID: 0x4
[23:28:17.290] |C| [load_self]: Unknown segment type 0x6FFFFF01
[23:28:17.291] |I| [load_self]: Loaded module segment 0 @ [0x02D20000 - 0x02D3D150 / 0x81000000] (size: 0x0001D150) of module sys/external/libhttp.suprx
[23:28:17.294] |I| [load_self]: Loaded module segment 1 @ [0x02D3E000 - 0x02D3E640 / 0x8101E000] (size: 0x00000640) of module sys/external/libhttp.suprx
[23:28:17.296] |I| [load_self]: Loading symbols for SELF: sys/external/libhttp.suprx
[23:28:17.297] |D| [load_var_exports]: 	NID 0x936C8A78 (SYSLYB) at 0x2D3BE68
[23:28:17.298] |D| [load_var_exports]: 	NID 0x6C2224BA (NID_MODULE_INFO) at 0x2D38CA0
[23:28:17.298] |I| [load_module]: Module SceLibHttp (at "sys/external/libhttp.suprx") loaded
[23:28:17.299] |D| [load_module]: Running module_start of module: SceLibHttp
[23:28:17.300] |I| [load_module]: Module SceLibHttp (at "sys/external/libhttp.suprx") module_start returned 0x0
[23:28:17.320] |I| [load_self]: Loaded module segment 0 @ [0x02D3F000 - 0x02DA5EA4 / 0x81000000] (size: 0x00066EA4) of module sys/external/libssl.suprx
[23:28:17.322] |I| [load_self]: Loaded module segment 1 @ [0x02DA6000 - 0x02DAB188 / 0x81067000] (size: 0x00005188) of module sys/external/libssl.suprx
[23:28:17.326] |I| [load_self]: Loading symbols for SELF: sys/external/libssl.suprx
[23:28:17.327] |D| [load_var_exports]: 	NID 0x936C8A78 (SYSLYB) at 0x2D919B0
[23:28:17.328] |D| [load_var_exports]: 	NID 0x6C2224BA (NID_MODULE_INFO) at 0x2D8BC70
[23:28:17.328] |I| [load_module]: Module SceLibSsl (at "sys/external/libssl.suprx") loaded
[23:28:17.329] |W| [unimplemented_impl]: Unimplemented sceScreenShotDisable import called.
[23:28:17.330] |W| [unimplemented_impl]: Unimplemented sceScreenShotSetOverlayImage import called.
[23:28:17.330] |W| [unimplemented_impl]: Unimplemented sceScreenShotEnable import called.
[23:28:17.330] |W| [unimplemented_impl]: Unimplemented sceAppUtilInit import called.
[23:28:17.900] |W| [stubbed_impl]: Stubbed sceGxmMapVertexUsseMemory import called. (always return success)
[23:28:17.901] |W| [stubbed_impl]: Stubbed sceGxmMapFragmentUsseMemory import called. (always return success)
[23:28:17.909] |W| [unimplemented_impl]: Unimplemented sceGxmProgramParameterIsRegFormat import called.
[23:28:17.948] |W| [unimplemented_impl]: Unimplemented sceGxmColorSurfaceSetGammaMode import called.
[23:28:17.974] |T| [log_import_call]: [LLE] TID: 8   FUNC: 0x6078A08B sceSystemGestureInitializePrimitiveTouchRecognizer at 0x249C0C
[23:28:17.976] |W| [unimplemented_impl]: Unimplemented sceTouchGetPixelDensity2 import called.
[23:28:17.979] |T| [log_import_call]: [LLE] TID: 8   FUNC: 0xC3367370 sceSystemGestureCreateTouchRecognizer at 0x249C4C
[23:28:17.981] |E| [call_import]: Import function for NID 0xE340C2D1 not found (thread name: PCSG01157, thread ID: 8)
[23:28:18.112] |I| [export_sceIoOpen]: Opening file: app0:DATA.BIN
[23:28:18.113] |T| [open_file]: sceIoOpen: Opening file app0:DATA.BIN (ux0:/app/PCSG01157/DATA.BIN), fd: 0x3
[23:28:18.114] |T| [seek_file]: _sceIoLseek: Seeking fd: 0x3, offset: 0x0, whence: SCE_SEEK_END
[23:28:18.116] |T| [seek_file]: _sceIoLseek: Seeking fd: 0x3, offset: 0x0, whence: SCE_SEEK_SET
[23:28:18.117] |T| [seek_file]: _sceIoLseek: Seeking fd: 0x3, offset: 0x0, whence: SCE_SEEK_SET
[23:28:18.123] |T| [read_file]: sceIoRead: Reading 64 bytes of fd 0x3
[23:28:18.140] |T| [close_file]: sceIoClose: Closing file fd: 0x3
[23:28:18.142] |I| [export_sceIoOpen]: Opening file: app0:DATA.BIN
[23:28:18.147] |T| [open_file]: sceIoOpen: Opening file app0:DATA.BIN (ux0:/app/PCSG01157/DATA.BIN), fd: 0x4
[23:28:18.147] |T| [seek_file]: _sceIoLseek: Seeking fd: 0x4, offset: 0x0, whence: SCE_SEEK_END
[23:28:18.148] |T| [seek_file]: _sceIoLseek: Seeking fd: 0x4, offset: 0x0, whence: SCE_SEEK_SET
[23:28:18.154] |T| [seek_file]: _sceIoLseek: Seeking fd: 0x4, offset: 0x0, whence: SCE_SEEK_SET
[23:28:18.155] |T| [read_file]: sceIoRead: Reading 45440 bytes of fd 0x4
[23:28:18.172] |T| [close_file]: sceIoClose: Closing file fd: 0x4
[23:28:18.231] |I| [export_sceIoOpen]: Opening file: app0:DATA.BIN
[23:28:18.232] |T| [open_file]: sceIoOpen: Opening file app0:DATA.BIN (ux0:/app/PCSG01157/DATA.BIN), fd: 0x5
[23:28:18.232] |T| [seek_file]: _sceIoLseek: Seeking fd: 0x5, offset: 0x0, whence: SCE_SEEK_END
[23:28:18.234] |T| [seek_file]: _sceIoLseek: Seeking fd: 0x5, offset: 0xBA31800, whence: SCE_SEEK_SET
[23:28:18.237] |T| [seek_file]: _sceIoLseek: Seeking fd: 0x5, offset: 0xBA31800, whence: SCE_SEEK_SET
[23:28:18.255] |T| [read_file]: sceIoRead: Reading 256 bytes of fd 0x5
[23:28:18.272] |T| [read_file]: sceIoRead: Reading 256 bytes of fd 0x5
[23:28:18.305] |T| [close_file]: sceIoClose: Closing file fd: 0x5
[23:28:18.308] |I| [export_sceIoOpen]: Opening file: app0:DATA.BIN
[23:28:18.308] |T| [open_file]: sceIoOpen: Opening file app0:DATA.BIN (ux0:/app/PCSG01157/DATA.BIN), fd: 0x6
[23:28:18.309] |T| [seek_file]: _sceIoLseek: Seeking fd: 0x6, offset: 0x0, whence: SCE_SEEK_END
[23:28:18.310] |T| [seek_file]: _sceIoLseek: Seeking fd: 0x6, offset: 0x1AA34000, whence: SCE_SEEK_SET
[23:28:18.310] |T| [seek_file]: _sceIoLseek: Seeking fd: 0x6, offset: 0x1AA34000, whence: SCE_SEEK_SET
[23:28:18.322] |T| [read_file]: sceIoRead: Reading 32768 bytes of fd 0x6
[23:28:18.338] |T| [read_file]: sceIoRead: Reading 32768 bytes of fd 0x6
[23:28:18.355] |T| [read_file]: sceIoRead: Reading 32768 bytes of fd 0x6
[23:28:18.372] |T| [read_file]: sceIoRead: Reading 32768 bytes of fd 0x6
[23:28:18.388] |T| [read_file]: sceIoRead: Reading 32768 bytes of fd 0x6
[23:28:18.405] |T| [read_file]: sceIoRead: Reading 32768 bytes of fd 0x6
[23:28:18.422] |T| [read_file]: sceIoRead: Reading 32768 bytes of fd 0x6
[23:28:18.439] |T| [read_file]: sceIoRead: Reading 32768 bytes of fd 0x6
[23:28:18.454] |T| [read_file]: sceIoRead: Reading 32768 bytes of fd 0x6
[23:28:18.471] |T| [read_file]: sceIoRead: Reading 32768 bytes of fd 0x6
[23:28:18.488] |T| [read_file]: sceIoRead: Reading 32768 bytes of fd 0x6
[23:28:18.505] |T| [read_file]: sceIoRead: Reading 32768 bytes of fd 0x6
[23:28:18.522] |T| [read_file]: sceIoRead: Reading 32768 bytes of fd 0x6
[23:28:18.539] |T| [read_file]: sceIoRead: Reading 32768 bytes of fd 0x6
[23:28:18.555] |T| [read_file]: sceIoRead: Reading 32768 bytes of fd 0x6
[23:28:18.572] |T| [read_file]: sceIoRead: Reading 32768 bytes of fd 0x6
[23:28:18.589] |T| [read_file]: sceIoRead: Reading 32768 bytes of fd 0x6
[23:28:18.605] |T| [read_file]: sceIoRead: Reading 32768 bytes of fd 0x6
[23:28:18.622] |T| [read_file]: sceIoRead: Reading 32768 bytes of fd 0x6
[23:28:18.638] |T| [read_file]: sceIoRead: Reading 32768 bytes of fd 0x6
[23:28:18.655] |T| [read_file]: sceIoRead: Reading 32768 bytes of fd 0x6
[23:28:18.672] |T| [read_file]: sceIoRead: Reading 32768 bytes of fd 0x6
[23:28:18.688] |T| [read_file]: sceIoRead: Reading 32768 bytes of fd 0x6
[23:28:18.705] |T| [read_file]: sceIoRead: Reading 32768 bytes of fd 0x6
[23:28:18.722] |T| [read_file]: sceIoRead: Reading 32768 bytes of fd 0x6
[23:28:18.739] |T| [read_file]: sceIoRead: Reading 32768 bytes of fd 0x6
[23:28:18.755] |T| [read_file]: sceIoRead: Reading 32768 bytes of fd 0x6
[23:28:18.772] |T| [read_file]: sceIoRead: Reading 32768 bytes of fd 0x6
[23:28:18.788] |T| [read_file]: sceIoRead: Reading 32768 bytes of fd 0x6
[23:28:18.804] |T| [read_file]: sceIoRead: Reading 32768 bytes of fd 0x6
[23:28:18.822] |T| [read_file]: sceIoRead: Reading 32768 bytes of fd 0x6
[23:28:18.838] |T| [read_file]: sceIoRead: Reading 32768 bytes of fd 0x6
[23:28:18.855] |T| [read_file]: sceIoRead: Reading 32768 bytes of fd 0x6
[23:28:18.871] |T| [read_file]: sceIoRead: Reading 32768 bytes of fd 0x6
[23:28:18.888] |T| [read_file]: sceIoRead: Reading 32768 bytes of fd 0x6
[23:28:18.905] |T| [read_file]: sceIoRead: Reading 32768 bytes of fd 0x6
[23:28:18.921] |T| [read_file]: sceIoRead: Reading 32768 bytes of fd 0x6
[23:28:18.938] |T| [read_file]: sceIoRead: Reading 32768 bytes of fd 0x6
[23:28:18.955] |T| [read_file]: sceIoRead: Reading 32768 bytes of fd 0x6
[23:28:18.972] |T| [read_file]: sceIoRead: Reading 32768 bytes of fd 0x6
[23:28:18.987] |T| [read_file]: sceIoRead: Reading 32768 bytes of fd 0x6
[23:28:19.005] |T| [read_file]: sceIoRead: Reading 32768 bytes of fd 0x6
[23:28:19.022] |T| [read_file]: sceIoRead: Reading 32768 bytes of fd 0x6
[23:28:19.039] |T| [read_file]: sceIoRead: Reading 20096 bytes of fd 0x6
[23:28:19.054] |T| [close_file]: sceIoClose: Closing file fd: 0x6
[23:28:19.071] |I| [export_sceIoOpen]: Opening file: app0:DATA.BIN
[23:28:19.072] |T| [open_file]: sceIoOpen: Opening file app0:DATA.BIN (ux0:/app/PCSG01157/DATA.BIN), fd: 0x7
[23:28:19.074] |T| [seek_file]: _sceIoLseek: Seeking fd: 0x7, offset: 0x0, whence: SCE_SEEK_END
[23:28:19.078] |T| [seek_file]: _sceIoLseek: Seeking fd: 0x7, offset: 0xEBF2000, whence: SCE_SEEK_SET
[23:28:19.082] |T| [seek_file]: _sceIoLseek: Seeking fd: 0x7, offset: 0xEBF2000, whence: SCE_SEEK_SET
[23:28:19.089] |T| [read_file]: sceIoRead: Reading 2419456 bytes of fd 0x7
[23:28:19.105] |T| [close_file]: sceIoClose: Closing file fd: 0x7
[23:28:19.162] |T| [log_import_call]: [LLE] TID: 8   FUNC: 0xDF4C665A sceSystemGestureUpdatePrimitiveTouchRecognizer at 0x249C5C
[23:28:19.167] |T| [log_import_call]: [LLE] TID: 8   FUNC: 0x851FB144 sceSystemGestureUpdateTouchRecognizer at 0x249C2C
[23:28:19.169] |T| [log_import_call]: [LLE] TID: 8   FUNC: 0x13AD2218 sceSystemGestureGetTouchEventsCount at 0x249BEC
[23:28:19.188] |W| [stubbed_impl]: Stubbed sceGxmGetRenderTargetMemSize import called. (2MB host mem)
[23:28:19.212] |W| [unimplemented_impl]: Unimplemented sceGxmSetFrontVisibilityTestEnable import called.
[23:28:19.213] |W| [unimplemented_impl]: Unimplemented sceGxmSetFrontVisibilityTestOp import called.
[23:28:19.215] |W| [unimplemented_impl]: Unimplemented sceGxmSetFrontVisibilityTestIndex import called.
[23:28:19.264] |W| [unimplemented_impl]: Unimplemented sceCommonDialogUpdate import called.
[23:28:19.354] |I| [export_sceIoOpen]: Opening file: app0:DATA.BIN
[23:28:19.354] |T| [open_file]: sceIoOpen: Opening file app0:DATA.BIN (ux0:/app/PCSG01157/DATA.BIN), fd: 0x8
[23:28:19.355] |T| [seek_file]: _sceIoLseek: Seeking fd: 0x8, offset: 0x0, whence: SCE_SEEK_END
[23:28:19.357] |T| [seek_file]: _sceIoLseek: Seeking fd: 0x8, offset: 0x15C94000, whence: SCE_SEEK_SET
[23:28:19.361] |T| [seek_file]: _sceIoLseek: Seeking fd: 0x8, offset: 0x15C94000, whence: SCE_SEEK_SET
[23:28:19.372] |T| [read_file]: sceIoRead: Reading 896 bytes of fd 0x8
[23:28:19.388] |T| [read_file]: sceIoRead: Reading 832 bytes of fd 0x8
[23:28:19.412] |T| [close_file]: sceIoClose: Closing file fd: 0x8
[23:28:19.418] |E| [renderer::gl::GLSurfaceCache::sourcing_color_surface_for_presentation]: Trying to present non-existen segment in cached color surface!
[23:28:19.425] |I| [export_sceIoOpen]: Opening file: app0:DATA.BIN
[23:28:19.425] |T| [open_file]: sceIoOpen: Opening file app0:DATA.BIN (ux0:/app/PCSG01157/DATA.BIN), fd: 0x9
[23:28:19.426] |T| [seek_file]: _sceIoLseek: Seeking fd: 0x9, offset: 0x0, whence: SCE_SEEK_END
[23:28:19.429] |T| [seek_file]: _sceIoLseek: Seeking fd: 0x9, offset: 0x15450800, whence: SCE_SEEK_SET
[23:28:19.429] |T| [seek_file]: _sceIoLseek: Seeking fd: 0x9, offset: 0x15450800, whence: SCE_SEEK_SET
[23:28:19.438] |T| [read_file]: sceIoRead: Reading 1600 bytes of fd 0x9
[23:28:19.455] |T| [read_file]: sceIoRead: Reading 1600 bytes of fd 0x9
[23:28:19.459] |T| [close_file]: sceIoClose: Closing file fd: 0x9
[23:28:19.473] |I| [export_sceIoOpen]: Opening file: app0:DATA.BIN
[23:28:19.474] |T| [open_file]: sceIoOpen: Opening file app0:DATA.BIN (ux0:/app/PCSG01157/DATA.BIN), fd: 0xA
[23:28:19.475] |T| [seek_file]: _sceIoLseek: Seeking fd: 0xA, offset: 0x0, whence: SCE_SEEK_END
[23:28:19.479] |T| [seek_file]: _sceIoLseek: Seeking fd: 0xA, offset: 0x8722000, whence: SCE_SEEK_SET
[23:28:19.480] |T| [seek_file]: _sceIoLseek: Seeking fd: 0xA, offset: 0x8722000, whence: SCE_SEEK_SET
[23:28:19.488] |T| [read_file]: sceIoRead: Reading 1088 bytes of fd 0xA
[23:28:19.505] |T| [read_file]: sceIoRead: Reading 1024 bytes of fd 0xA
[23:28:19.509] |T| [close_file]: sceIoClose: Closing file fd: 0xA
[23:28:19.525] |I| [export_sceIoOpen]: Opening file: app0:DATA.BIN
[23:28:19.526] |T| [open_file]: sceIoOpen: Opening file app0:DATA.BIN (ux0:/app/PCSG01157/DATA.BIN), fd: 0xB
[23:28:19.527] |T| [seek_file]: _sceIoLseek: Seeking fd: 0xB, offset: 0x0, whence: SCE_SEEK_END
[23:28:19.534] |T| [seek_file]: _sceIoLseek: Seeking fd: 0xB, offset: 0xF7F9000, whence: SCE_SEEK_SET
[23:28:19.535] |T| [seek_file]: _sceIoLseek: Seeking fd: 0xB, offset: 0xF7F9000, whence: SCE_SEEK_SET
[23:28:19.555] |T| [read_file]: sceIoRead: Reading 3136 bytes of fd 0xB
[23:28:19.571] |T| [read_file]: sceIoRead: Reading 3136 bytes of fd 0xB
[23:28:19.577] |T| [close_file]: sceIoClose: Closing file fd: 0xB
[23:28:19.580] |I| [export_sceIoOpen]: Opening file: app0:DATA.BIN
[23:28:19.580] |T| [open_file]: sceIoOpen: Opening file app0:DATA.BIN (ux0:/app/PCSG01157/DATA.BIN), fd: 0xC
[23:28:19.583] |T| [seek_file]: _sceIoLseek: Seeking fd: 0xC, offset: 0x0, whence: SCE_SEEK_END
[23:28:19.584] |T| [seek_file]: _sceIoLseek: Seeking fd: 0xC, offset: 0x7B90800, whence: SCE_SEEK_SET
[23:28:19.585] |T| [seek_file]: _sceIoLseek: Seeking fd: 0xC, offset: 0x7B90800, whence: SCE_SEEK_SET
[23:28:19.589] |T| [read_file]: sceIoRead: Reading 3200 bytes of fd 0xC
[23:28:19.605] |T| [read_file]: sceIoRead: Reading 3136 bytes of fd 0xC
[23:28:19.607] |T| [close_file]: sceIoClose: Closing file fd: 0xC
[23:28:19.617] |I| [export_sceIoOpen]: Opening file: app0:DATA.BIN
[23:28:19.617] |T| [open_file]: sceIoOpen: Opening file app0:DATA.BIN (ux0:/app/PCSG01157/DATA.BIN), fd: 0xD
[23:28:19.618] |T| [seek_file]: _sceIoLseek: Seeking fd: 0xD, offset: 0x0, whence: SCE_SEEK_END
[23:28:19.619] |T| [seek_file]: _sceIoLseek: Seeking fd: 0xD, offset: 0x1379C800, whence: SCE_SEEK_SET
[23:28:19.620] |T| [seek_file]: _sceIoLseek: Seeking fd: 0xD, offset: 0x1379C800, whence: SCE_SEEK_SET
[23:28:19.639] |T| [read_file]: sceIoRead: Reading 2816 bytes of fd 0xD
[23:28:19.655] |T| [read_file]: sceIoRead: Reading 2816 bytes of fd 0xD
[23:28:19.659] |T| [close_file]: sceIoClose: Closing file fd: 0xD
[23:28:19.662] |I| [export_sceIoOpen]: Opening file: app0:DATA.BIN
[23:28:19.663] |T| [open_file]: sceIoOpen: Opening file app0:DATA.BIN (ux0:/app/PCSG01157/DATA.BIN), fd: 0xE
[23:28:19.663] |T| [seek_file]: _sceIoLseek: Seeking fd: 0xE, offset: 0x0, whence: SCE_SEEK_END
[23:28:19.664] |T| [seek_file]: _sceIoLseek: Seeking fd: 0xE, offset: 0xDAE6000, whence: SCE_SEEK_SET
[23:28:19.665] |T| [seek_file]: _sceIoLseek: Seeking fd: 0xE, offset: 0xDAE6000, whence: SCE_SEEK_SET
[23:28:19.672] |T| [read_file]: sceIoRead: Reading 2816 bytes of fd 0xE
[23:28:19.688] |T| [read_file]: sceIoRead: Reading 2816 bytes of fd 0xE
[23:28:19.691] |T| [close_file]: sceIoClose: Closing file fd: 0xE
[23:28:19.693] |I| [export_sceIoOpen]: Opening file: app0:DATA.BIN
[23:28:19.694] |T| [open_file]: sceIoOpen: Opening file app0:DATA.BIN (ux0:/app/PCSG01157/DATA.BIN), fd: 0xF
[23:28:19.697] |T| [seek_file]: _sceIoLseek: Seeking fd: 0xF, offset: 0x0, whence: SCE_SEEK_END
[23:28:19.698] |T| [seek_file]: _sceIoLseek: Seeking fd: 0xF, offset: 0x1AD42000, whence: SCE_SEEK_SET
[23:28:19.699] |T| [seek_file]: _sceIoLseek: Seeking fd: 0xF, offset: 0x1AD42000, whence: SCE_SEEK_SET
[23:28:19.705] |T| [read_file]: sceIoRead: Reading 2880 bytes of fd 0xF
[23:28:19.722] |T| [read_file]: sceIoRead: Reading 2880 bytes of fd 0xF
[23:28:19.725] |T| [close_file]: sceIoClose: Closing file fd: 0xF
[23:28:19.726] |I| [export_sceIoOpen]: Opening file: app0:DATA.BIN
[23:28:19.727] |T| [open_file]: sceIoOpen: Opening file app0:DATA.BIN (ux0:/app/PCSG01157/DATA.BIN), fd: 0x10
[23:28:19.728] |T| [seek_file]: _sceIoLseek: Seeking fd: 0x10, offset: 0x0, whence: SCE_SEEK_END
[23:28:19.729] |T| [seek_file]: _sceIoLseek: Seeking fd: 0x10, offset: 0x6648800, whence: SCE_SEEK_SET
[23:28:19.730] |T| [seek_file]: _sceIoLseek: Seeking fd: 0x10, offset: 0x6648800, whence: SCE_SEEK_SET
[23:28:19.738] |T| [read_file]: sceIoRead: Reading 2944 bytes of fd 0x10
[23:28:19.755] |T| [read_file]: sceIoRead: Reading 2944 bytes of fd 0x10
[23:28:19.759] |T| [close_file]: sceIoClose: Closing file fd: 0x10
[23:28:19.761] |I| [export_sceIoOpen]: Opening file: app0:DATA.BIN
[23:28:19.761] |T| [open_file]: sceIoOpen: Opening file app0:DATA.BIN (ux0:/app/PCSG01157/DATA.BIN), fd: 0x11
[23:28:19.762] |T| [seek_file]: _sceIoLseek: Seeking fd: 0x11, offset: 0x0, whence: SCE_SEEK_END
[23:28:19.762] |T| [seek_file]: _sceIoLseek: Seeking fd: 0x11, offset: 0x15BF9000, whence: SCE_SEEK_SET
[23:28:19.763] |T| [seek_file]: _sceIoLseek: Seeking fd: 0x11, offset: 0x15BF9000, whence: SCE_SEEK_SET
[23:28:19.771] |T| [read_file]: sceIoRead: Reading 3008 bytes of fd 0x11
[23:28:19.788] |T| [read_file]: sceIoRead: Reading 3008 bytes of fd 0x11
[23:28:19.792] |T| [close_file]: sceIoClose: Closing file fd: 0x11
[23:28:19.794] |I| [export_sceIoOpen]: Opening file: app0:DATA.BIN
[23:28:19.795] |T| [open_file]: sceIoOpen: Opening file app0:DATA.BIN (ux0:/app/PCSG01157/DATA.BIN), fd: 0x12
[23:28:19.798] |T| [seek_file]: _sceIoLseek: Seeking fd: 0x12, offset: 0x0, whence: SCE_SEEK_END
[23:28:19.802] |T| [seek_file]: _sceIoLseek: Seeking fd: 0x12, offset: 0x56F000, whence: SCE_SEEK_SET
[23:28:19.802] |T| [seek_file]: _sceIoLseek: Seeking fd: 0x12, offset: 0x56F000, whence: SCE_SEEK_SET
[23:28:19.805] |T| [read_file]: sceIoRead: Reading 3072 bytes of fd 0x12
[23:28:19.821] |T| [read_file]: sceIoRead: Reading 3072 bytes of fd 0x12
[23:28:19.825] |T| [close_file]: sceIoClose: Closing file fd: 0x12
[23:28:19.827] |I| [export_sceIoOpen]: Opening file: app0:DATA.BIN
[23:28:19.829] |T| [open_file]: sceIoOpen: Opening file app0:DATA.BIN (ux0:/app/PCSG01157/DATA.BIN), fd: 0x13
[23:28:19.830] |T| [seek_file]: _sceIoLseek: Seeking fd: 0x13, offset: 0x0, whence: SCE_SEEK_END
[23:28:19.833] |T| [seek_file]: _sceIoLseek: Seeking fd: 0x13, offset: 0xD737800, whence: SCE_SEEK_SET
[23:28:19.834] |T| [seek_file]: _sceIoLseek: Seeking fd: 0x13, offset: 0xD737800, whence: SCE_SEEK_SET
[23:28:19.838] |T| [read_file]: sceIoRead: Reading 3008 bytes of fd 0x13
[23:28:19.855] |T| [read_file]: sceIoRead: Reading 3008 bytes of fd 0x13
[23:28:19.860] |T| [close_file]: sceIoClose: Closing file fd: 0x13
[23:28:19.863] |I| [export_sceIoOpen]: Opening file: app0:DATA.BIN
[23:28:19.865] |T| [open_file]: sceIoOpen: Opening file app0:DATA.BIN (ux0:/app/PCSG01157/DATA.BIN), fd: 0x14
[23:28:19.865] |T| [seek_file]: _sceIoLseek: Seeking fd: 0x14, offset: 0x0, whence: SCE_SEEK_END
[23:28:19.866] |T| [seek_file]: _sceIoLseek: Seeking fd: 0x14, offset: 0x13D57000, whence: SCE_SEEK_SET
[23:28:19.867] |T| [seek_file]: _sceIoLseek: Seeking fd: 0x14, offset: 0x13D57000, whence: SCE_SEEK_SET
[23:28:19.871] |T| [read_file]: sceIoRead: Reading 3008 bytes of fd 0x14
[23:28:19.888] |T| [read_file]: sceIoRead: Reading 3008 bytes of fd 0x14
[23:28:19.890] |T| [close_file]: sceIoClose: Closing file fd: 0x14
[23:28:19.892] |I| [export_sceIoOpen]: Opening file: app0:DATA.BIN
[23:28:19.893] |T| [open_file]: sceIoOpen: Opening file app0:DATA.BIN (ux0:/app/PCSG01157/DATA.BIN), fd: 0x15
[23:28:19.896] |T| [seek_file]: _sceIoLseek: Seeking fd: 0x15, offset: 0x0, whence: SCE_SEEK_END
[23:28:19.897] |T| [seek_file]: _sceIoLseek: Seeking fd: 0x15, offset: 0x80DD000, whence: SCE_SEEK_SET
[23:28:19.898] |T| [seek_file]: _sceIoLseek: Seeking fd: 0x15, offset: 0x80DD000, whence: SCE_SEEK_SET
[23:28:19.922] |T| [read_file]: sceIoRead: Reading 3072 bytes of fd 0x15
[23:28:19.938] |T| [read_file]: sceIoRead: Reading 3008 bytes of fd 0x15
[23:28:19.942] |T| [close_file]: sceIoClose: Closing file fd: 0x15
[23:28:19.944] |I| [export_sceIoOpen]: Opening file: app0:DATA.BIN
[23:28:19.945] |T| [open_file]: sceIoOpen: Opening file app0:DATA.BIN (ux0:/app/PCSG01157/DATA.BIN), fd: 0x16
[23:28:19.947] |T| [seek_file]: _sceIoLseek: Seeking fd: 0x16, offset: 0x0, whence: SCE_SEEK_END
[23:28:19.947] |T| [seek_file]: _sceIoLseek: Seeking fd: 0x16, offset: 0xEFF6000, whence: SCE_SEEK_SET
[23:28:19.948] |T| [seek_file]: _sceIoLseek: Seeking fd: 0x16, offset: 0xEFF6000, whence: SCE_SEEK_SET
[23:28:19.956] |T| [read_file]: sceIoRead: Reading 3072 bytes of fd 0x16
[23:28:19.971] |T| [read_file]: sceIoRead: Reading 3008 bytes of fd 0x16
[23:28:19.974] |T| [close_file]: sceIoClose: Closing file fd: 0x16
[23:28:19.976] |I| [export_sceIoOpen]: Opening file: app0:DATA.BIN
[23:28:19.977] |T| [open_file]: sceIoOpen: Opening file app0:DATA.BIN (ux0:/app/PCSG01157/DATA.BIN), fd: 0x17
[23:28:19.977] |T| [seek_file]: _sceIoLseek: Seeking fd: 0x17, offset: 0x0, whence: SCE_SEEK_END
[23:28:19.978] |T| [seek_file]: _sceIoLseek: Seeking fd: 0x17, offset: 0xC800, whence: SCE_SEEK_SET
[23:28:19.979] |T| [seek_file]: _sceIoLseek: Seeking fd: 0x17, offset: 0xC800, whence: SCE_SEEK_SET
[23:28:19.988] |T| [read_file]: sceIoRead: Reading 3008 bytes of fd 0x17
[23:28:20.005] |T| [read_file]: sceIoRead: Reading 3008 bytes of fd 0x17
[23:28:20.008] |T| [close_file]: sceIoClose: Closing file fd: 0x17
[23:28:20.010] |I| [export_sceIoOpen]: Opening file: app0:DATA.BIN
[23:28:20.011] |T| [open_file]: sceIoOpen: Opening file app0:DATA.BIN (ux0:/app/PCSG01157/DATA.BIN), fd: 0x18
[23:28:20.012] |T| [seek_file]: _sceIoLseek: Seeking fd: 0x18, offset: 0x0, whence: SCE_SEEK_END
[23:28:20.013] |T| [seek_file]: _sceIoLseek: Seeking fd: 0x18, offset: 0x1601B800, whence: SCE_SEEK_SET
[23:28:20.015] |T| [seek_file]: _sceIoLseek: Seeking fd: 0x18, offset: 0x1601B800, whence: SCE_SEEK_SET
[23:28:20.022] |T| [read_file]: sceIoRead: Reading 3008 bytes of fd 0x18
[23:28:20.039] |T| [read_file]: sceIoRead: Reading 3008 bytes of fd 0x18
[23:28:20.043] |T| [close_file]: sceIoClose: Closing file fd: 0x18
[23:28:20.045] |I| [export_sceIoOpen]: Opening file: app0:DATA.BIN
[23:28:20.052] |T| [open_file]: sceIoOpen: Opening file app0:DATA.BIN (ux0:/app/PCSG01157/DATA.BIN), fd: 0x19
[23:28:20.053] |T| [seek_file]: _sceIoLseek: Seeking fd: 0x19, offset: 0x0, whence: SCE_SEEK_END
[23:28:20.057] |T| [seek_file]: _sceIoLseek: Seeking fd: 0x19, offset: 0x72F0000, whence: SCE_SEEK_SET
[23:28:20.058] |T| [seek_file]: _sceIoLseek: Seeking fd: 0x19, offset: 0x72F0000, whence: SCE_SEEK_SET
[23:28:20.071] |T| [read_file]: sceIoRead: Reading 2624 bytes of fd 0x19
[23:28:20.088] |T| [read_file]: sceIoRead: Reading 2560 bytes of fd 0x19
[23:28:20.092] |T| [close_file]: sceIoClose: Closing file fd: 0x19
[23:28:20.096] |I| [export_sceIoOpen]: Opening file: app0:DATA.BIN
[23:28:20.097] |T| [open_file]: sceIoOpen: Opening file app0:DATA.BIN (ux0:/app/PCSG01157/DATA.BIN), fd: 0x1A
[23:28:20.098] |T| [seek_file]: _sceIoLseek: Seeking fd: 0x1A, offset: 0x0, whence: SCE_SEEK_END
[23:28:20.099] |T| [seek_file]: _sceIoLseek: Seeking fd: 0x1A, offset: 0x1A643000, whence: SCE_SEEK_SET
[23:28:20.100] |T| [seek_file]: _sceIoLseek: Seeking fd: 0x1A, offset: 0x1A643000, whence: SCE_SEEK_SET
[23:28:20.105] |T| [read_file]: sceIoRead: Reading 2624 bytes of fd 0x1A
[23:28:20.121] |T| [read_file]: sceIoRead: Reading 2560 bytes of fd 0x1A
[23:28:20.125] |T| [close_file]: sceIoClose: Closing file fd: 0x1A
[23:28:20.127] |I| [export_sceIoOpen]: Opening file: app0:DATA.BIN
[23:28:20.127] |T| [open_file]: sceIoOpen: Opening file app0:DATA.BIN (ux0:/app/PCSG01157/DATA.BIN), fd: 0x1B
[23:28:20.134] |T| [seek_file]: _sceIoLseek: Seeking fd: 0x1B, offset: 0x0, whence: SCE_SEEK_END
[23:28:20.134] |T| [seek_file]: _sceIoLseek: Seeking fd: 0x1B, offset: 0x14E30800, whence: SCE_SEEK_SET
[23:28:20.135] |T| [seek_file]: _sceIoLseek: Seeking fd: 0x1B, offset: 0x14E30800, whence: SCE_SEEK_SET
[23:28:20.138] |T| [read_file]: sceIoRead: Reading 3072 bytes of fd 0x1B
[23:28:20.155] |T| [read_file]: sceIoRead: Reading 3008 bytes of fd 0x1B
[23:28:20.158] |T| [close_file]: sceIoClose: Closing file fd: 0x1B
[23:28:20.160] |I| [export_sceIoOpen]: Opening file: app0:DATA.BIN
[23:28:20.161] |T| [open_file]: sceIoOpen: Opening file app0:DATA.BIN (ux0:/app/PCSG01157/DATA.BIN), fd: 0x1C
[23:28:20.162] |T| [seek_file]: _sceIoLseek: Seeking fd: 0x1C, offset: 0x0, whence: SCE_SEEK_END
[23:28:20.163] |T| [seek_file]: _sceIoLseek: Seeking fd: 0x1C, offset: 0xCDAB000, whence: SCE_SEEK_SET
[23:28:20.164] |T| [seek_file]: _sceIoLseek: Seeking fd: 0x1C, offset: 0xCDAB000, whence: SCE_SEEK_SET
[23:28:20.172] |T| [read_file]: sceIoRead: Reading 3072 bytes of fd 0x1C
[23:28:20.188] |T| [read_file]: sceIoRead: Reading 3008 bytes of fd 0x1C
[23:28:20.192] |T| [close_file]: sceIoClose: Closing file fd: 0x1C
[23:28:20.194] |I| [export_sceIoOpen]: Opening file: app0:DATA.BIN
[23:28:20.197] |T| [open_file]: sceIoOpen: Opening file app0:DATA.BIN (ux0:/app/PCSG01157/DATA.BIN), fd: 0x1D
[23:28:20.198] |T| [seek_file]: _sceIoLseek: Seeking fd: 0x1D, offset: 0x0, whence: SCE_SEEK_END
[23:28:20.199] |T| [seek_file]: _sceIoLseek: Seeking fd: 0x1D, offset: 0xE05A000, whence: SCE_SEEK_SET
[23:28:20.200] |T| [seek_file]: _sceIoLseek: Seeking fd: 0x1D, offset: 0xE05A000, whence: SCE_SEEK_SET
[23:28:20.205] |T| [read_file]: sceIoRead: Reading 2752 bytes of fd 0x1D
[23:28:20.221] |T| [read_file]: sceIoRead: Reading 2688 bytes of fd 0x1D
[23:28:20.225] |T| [close_file]: sceIoClose: Closing file fd: 0x1D
[23:28:20.227] |I| [export_sceIoOpen]: Opening file: app0:DATA.BIN
[23:28:20.228] |T| [open_file]: sceIoOpen: Opening file app0:DATA.BIN (ux0:/app/PCSG01157/DATA.BIN), fd: 0x1E
[23:28:20.229] |T| [seek_file]: _sceIoLseek: Seeking fd: 0x1E, offset: 0x0, whence: SCE_SEEK_END
[23:28:20.229] |T| [seek_file]: _sceIoLseek: Seeking fd: 0x1E, offset: 0x8B30800, whence: SCE_SEEK_SET
[23:28:20.230] |T| [seek_file]: _sceIoLseek: Seeking fd: 0x1E, offset: 0x8B30800, whence: SCE_SEEK_SET
[23:28:20.238] |T| [read_file]: sceIoRead: Reading 2752 bytes of fd 0x1E
[23:28:20.255] |T| [read_file]: sceIoRead: Reading 2688 bytes of fd 0x1E
[23:28:20.259] |T| [close_file]: sceIoClose: Closing file fd: 0x1E
[23:28:20.261] |I| [export_sceIoOpen]: Opening file: app0:DATA.BIN
[23:28:20.261] |T| [open_file]: sceIoOpen: Opening file app0:DATA.BIN (ux0:/app/PCSG01157/DATA.BIN), fd: 0x1F
[23:28:20.262] |T| [seek_file]: _sceIoLseek: Seeking fd: 0x1F, offset: 0x0, whence: SCE_SEEK_END
[23:28:20.262] |T| [seek_file]: _sceIoLseek: Seeking fd: 0x1F, offset: 0x7B96800, whence: SCE_SEEK_SET
[23:28:20.263] |T| [seek_file]: _sceIoLseek: Seeking fd: 0x1F, offset: 0x7B96800, whence: SCE_SEEK_SET
[23:28:20.271] |T| [read_file]: sceIoRead: Reading 3072 bytes of fd 0x1F
[23:28:20.288] |T| [read_file]: sceIoRead: Reading 3008 bytes of fd 0x1F
[23:28:20.291] |T| [close_file]: sceIoClose: Closing file fd: 0x1F
[23:28:20.293] |I| [export_sceIoOpen]: Opening file: app0:DATA.BIN
[23:28:20.294] |T| [open_file]: sceIoOpen: Opening file app0:DATA.BIN (ux0:/app/PCSG01157/DATA.BIN), fd: 0x20
[23:28:20.298] |T| [seek_file]: _sceIoLseek: Seeking fd: 0x20, offset: 0x0, whence: SCE_SEEK_END
[23:28:20.299] |T| [seek_file]: _sceIoLseek: Seeking fd: 0x20, offset: 0xEA1E000, whence: SCE_SEEK_SET
[23:28:20.304] |T| [seek_file]: _sceIoLseek: Seeking fd: 0x20, offset: 0xEA1E000, whence: SCE_SEEK_SET
[23:28:20.321] |T| [read_file]: sceIoRead: Reading 3072 bytes of fd 0x20
[23:28:20.339] |T| [read_file]: sceIoRead: Reading 3008 bytes of fd 0x20
[23:28:20.341] |T| [close_file]: sceIoClose: Closing file fd: 0x20
[23:28:20.343] |I| [export_sceIoOpen]: Opening file: app0:DATA.BIN
[23:28:20.345] |T| [open_file]: sceIoOpen: Opening file app0:DATA.BIN (ux0:/app/PCSG01157/DATA.BIN), fd: 0x21
[23:28:20.346] |T| [seek_file]: _sceIoLseek: Seeking fd: 0x21, offset: 0x0, whence: SCE_SEEK_END
[23:28:20.349] |T| [seek_file]: _sceIoLseek: Seeking fd: 0x21, offset: 0xD551000, whence: SCE_SEEK_SET
[23:28:20.350] |T| [seek_file]: _sceIoLseek: Seeking fd: 0x21, offset: 0xD551000, whence: SCE_SEEK_SET
[23:28:20.356] |T| [read_file]: sceIoRead: Reading 2880 bytes of fd 0x21
[23:28:20.371] |T| [read_file]: sceIoRead: Reading 2880 bytes of fd 0x21
[23:28:20.375] |T| [close_file]: sceIoClose: Closing file fd: 0x21
[23:28:20.378] |I| [export_sceIoOpen]: Opening file: app0:DATA.BIN
[23:28:20.379] |T| [open_file]: sceIoOpen: Opening file app0:DATA.BIN (ux0:/app/PCSG01157/DATA.BIN), fd: 0x22
[23:28:20.387] |T| [seek_file]: _sceIoLseek: Seeking fd: 0x22, offset: 0x0, whence: SCE_SEEK_END
[23:28:20.388] |T| [seek_file]: _sceIoLseek: Seeking fd: 0x22, offset: 0x13D0E000, whence: SCE_SEEK_SET
[23:28:20.388] |T| [seek_file]: _sceIoLseek: Seeking fd: 0x22, offset: 0x13D0E000, whence: SCE_SEEK_SET
[23:28:20.405] |T| [read_file]: sceIoRead: Reading 2880 bytes of fd 0x22
[23:28:20.422] |T| [read_file]: sceIoRead: Reading 2880 bytes of fd 0x22
[23:28:20.424] |T| [close_file]: sceIoClose: Closing file fd: 0x22
[23:28:20.430] |I| [export_sceIoOpen]: Opening file: app0:DATA.BIN
[23:28:20.430] |T| [open_file]: sceIoOpen: Opening file app0:DATA.BIN (ux0:/app/PCSG01157/DATA.BIN), fd: 0x23
[23:28:20.432] |T| [seek_file]: _sceIoLseek: Seeking fd: 0x23, offset: 0x0, whence: SCE_SEEK_END
[23:28:20.432] |T| [seek_file]: _sceIoLseek: Seeking fd: 0x23, offset: 0x7535800, whence: SCE_SEEK_SET
[23:28:20.435] |T| [seek_file]: _sceIoLseek: Seeking fd: 0x23, offset: 0x7535800, whence: SCE_SEEK_SET
[23:28:20.438] |T| [read_file]: sceIoRead: Reading 2624 bytes of fd 0x23
[23:28:20.455] |T| [read_file]: sceIoRead: Reading 2560 bytes of fd 0x23
[23:28:20.458] |T| [close_file]: sceIoClose: Closing file fd: 0x23
[23:28:20.460] |I| [export_sceIoOpen]: Opening file: app0:DATA.BIN
[23:28:20.461] |T| [open_file]: sceIoOpen: Opening file app0:DATA.BIN (ux0:/app/PCSG01157/DATA.BIN), fd: 0x24
[23:28:20.462] |T| [seek_file]: _sceIoLseek: Seeking fd: 0x24, offset: 0x0, whence: SCE_SEEK_END
[23:28:20.466] |T| [seek_file]: _sceIoLseek: Seeking fd: 0x24, offset: 0x1A763000, whence: SCE_SEEK_SET
[23:28:20.467] |T| [seek_file]: _sceIoLseek: Seeking fd: 0x24, offset: 0x1A763000, whence: SCE_SEEK_SET
[23:28:20.471] |T| [read_file]: sceIoRead: Reading 2752 bytes of fd 0x24
[23:28:20.488] |T| [read_file]: sceIoRead: Reading 2688 bytes of fd 0x24
[23:28:20.492] |T| [close_file]: sceIoClose: Closing file fd: 0x24
[23:28:20.494] |I| [export_sceIoOpen]: Opening file: app0:DATA.BIN
[23:28:20.495] |T| [open_file]: sceIoOpen: Opening file app0:DATA.BIN (ux0:/app/PCSG01157/DATA.BIN), fd: 0x25
[23:28:20.496] |T| [seek_file]: _sceIoLseek: Seeking fd: 0x25, offset: 0x0, whence: SCE_SEEK_END
[23:28:20.497] |T| [seek_file]: _sceIoLseek: Seeking fd: 0x25, offset: 0x51F000, whence: SCE_SEEK_SET
[23:28:20.497] |T| [seek_file]: _sceIoLseek: Seeking fd: 0x25, offset: 0x51F000, whence: SCE_SEEK_SET
[23:28:20.505] |T| [read_file]: sceIoRead: Reading 2816 bytes of fd 0x25
[23:28:20.522] |T| [read_file]: sceIoRead: Reading 2752 bytes of fd 0x25
[23:28:20.525] |T| [close_file]: sceIoClose: Closing file fd: 0x25
[23:28:20.533] |I| [export_sceIoOpen]: Opening file: app0:DATA.BIN
[23:28:20.536] |T| [open_file]: sceIoOpen: Opening file app0:DATA.BIN (ux0:/app/PCSG01157/DATA.BIN), fd: 0x26
[23:28:20.537] |T| [seek_file]: _sceIoLseek: Seeking fd: 0x26, offset: 0x0, whence: SCE_SEEK_END
[23:28:20.540] |T| [seek_file]: _sceIoLseek: Seeking fd: 0x26, offset: 0x1650F000, whence: SCE_SEEK_SET
[23:28:20.541] |T| [seek_file]: _sceIoLseek: Seeking fd: 0x26, offset: 0x1650F000, whence: SCE_SEEK_SET
[23:28:20.554] |T| [read_file]: sceIoRead: Reading 2816 bytes of fd 0x26
[23:28:20.571] |T| [read_file]: sceIoRead: Reading 2752 bytes of fd 0x26
[23:28:20.574] |T| [close_file]: sceIoClose: Closing file fd: 0x26
[23:28:20.578] |I| [export_sceIoOpen]: Opening file: app0:DATA.BIN
[23:28:20.578] |T| [open_file]: sceIoOpen: Opening file app0:DATA.BIN (ux0:/app/PCSG01157/DATA.BIN), fd: 0x27
[23:28:20.579] |T| [seek_file]: _sceIoLseek: Seeking fd: 0x27, offset: 0x0, whence: SCE_SEEK_END
[23:28:20.582] |T| [seek_file]: _sceIoLseek: Seeking fd: 0x27, offset: 0x1378E800, whence: SCE_SEEK_SET
[23:28:20.583] |T| [seek_file]: _sceIoLseek: Seeking fd: 0x27, offset: 0x1378E800, whence: SCE_SEEK_SET
[23:28:20.588] |T| [read_file]: sceIoRead: Reading 3008 bytes of fd 0x27
[23:28:20.604] |T| [read_file]: sceIoRead: Reading 2944 bytes of fd 0x27
[23:28:20.607] |T| [close_file]: sceIoClose: Closing file fd: 0x27
[23:28:20.609] |I| [export_sceIoOpen]: Opening file: app0:DATA.BIN
[23:28:20.610] |T| [open_file]: sceIoOpen: Opening file app0:DATA.BIN (ux0:/app/PCSG01157/DATA.BIN), fd: 0x28
[23:28:20.615] |T| [seek_file]: _sceIoLseek: Seeking fd: 0x28, offset: 0x0, whence: SCE_SEEK_END
[23:28:20.615] |T| [seek_file]: _sceIoLseek: Seeking fd: 0x28, offset: 0xD99D000, whence: SCE_SEEK_SET
[23:28:20.618] |T| [seek_file]: _sceIoLseek: Seeking fd: 0x28, offset: 0xD99D000, whence: SCE_SEEK_SET
[23:28:20.622] |T| [read_file]: sceIoRead: Reading 2944 bytes of fd 0x28
[23:28:20.638] |T| [read_file]: sceIoRead: Reading 2880 bytes of fd 0x28
[23:28:20.642] |T| [close_file]: sceIoClose: Closing file fd: 0x28
[23:28:20.644] |I| [export_sceIoOpen]: Opening file: app0:DATA.BIN
[23:28:20.645] |T| [open_file]: sceIoOpen: Opening file app0:DATA.BIN (ux0:/app/PCSG01157/DATA.BIN), fd: 0x29
[23:28:20.646] |T| [seek_file]: _sceIoLseek: Seeking fd: 0x29, offset: 0x0, whence: SCE_SEEK_END
[23:28:20.651] |T| [seek_file]: _sceIoLseek: Seeking fd: 0x29, offset: 0xF3C0000, whence: SCE_SEEK_SET
[23:28:20.652] |T| [seek_file]: _sceIoLseek: Seeking fd: 0x29, offset: 0xF3C0000, whence: SCE_SEEK_SET
[23:28:20.655] |T| [read_file]: sceIoRead: Reading 3072 bytes of fd 0x29
[23:28:20.672] |T| [read_file]: sceIoRead: Reading 3008 bytes of fd 0x29
[23:28:20.677] |T| [close_file]: sceIoClose: Closing file fd: 0x29
[23:28:20.679] |I| [export_sceIoOpen]: Opening file: app0:DATA.BIN
[23:28:20.679] |T| [open_file]: sceIoOpen: Opening file app0:DATA.BIN (ux0:/app/PCSG01157/DATA.BIN), fd: 0x2A
[23:28:20.681] |T| [seek_file]: _sceIoLseek: Seeking fd: 0x2A, offset: 0x0, whence: SCE_SEEK_END
[23:28:20.682] |T| [seek_file]: _sceIoLseek: Seeking fd: 0x2A, offset: 0x76C7800, whence: SCE_SEEK_SET
[23:28:20.683] |T| [seek_file]: _sceIoLseek: Seeking fd: 0x2A, offset: 0x76C7800, whence: SCE_SEEK_SET
[23:28:20.704] |T| [read_file]: sceIoRead: Reading 3008 bytes of fd 0x2A
[23:28:20.722] |T| [read_file]: sceIoRead: Reading 3008 bytes of fd 0x2A
[23:28:20.727] |T| [close_file]: sceIoClose: Closing file fd: 0x2A
[23:28:20.729] |I| [export_sceIoOpen]: Opening file: app0:DATA.BIN
[23:28:20.730] |T| [open_file]: sceIoOpen: Opening file app0:DATA.BIN (ux0:/app/PCSG01157/DATA.BIN), fd: 0x2B
[23:28:20.732] |T| [seek_file]: _sceIoLseek: Seeking fd: 0x2B, offset: 0x0, whence: SCE_SEEK_END
[23:28:20.732] |T| [seek_file]: _sceIoLseek: Seeking fd: 0x2B, offset: 0x15ECE000, whence: SCE_SEEK_SET
[23:28:20.733] |T| [seek_file]: _sceIoLseek: Seeking fd: 0x2B, offset: 0x15ECE000, whence: SCE_SEEK_SET
[23:28:20.737] |T| [read_file]: sceIoRead: Reading 2816 bytes of fd 0x2B
[23:28:20.755] |T| [read_file]: sceIoRead: Reading 2816 bytes of fd 0x2B
[23:28:20.759] |T| [close_file]: sceIoClose: Closing file fd: 0x2B
[23:28:20.760] |I| [export_sceIoOpen]: Opening file: app0:DATA.BIN
[23:28:20.761] |T| [open_file]: sceIoOpen: Opening file app0:DATA.BIN (ux0:/app/PCSG01157/DATA.BIN), fd: 0x2C
[23:28:20.762] |T| [seek_file]: _sceIoLseek: Seeking fd: 0x2C, offset: 0x0, whence: SCE_SEEK_END
[23:28:20.762] |T| [seek_file]: _sceIoLseek: Seeking fd: 0x2C, offset: 0xD6B000, whence: SCE_SEEK_SET
[23:28:20.763] |T| [seek_file]: _sceIoLseek: Seeking fd: 0x2C, offset: 0xD6B000, whence: SCE_SEEK_SET
[23:28:20.771] |T| [read_file]: sceIoRead: Reading 2944 bytes of fd 0x2C
[23:28:20.788] |T| [read_file]: sceIoRead: Reading 2880 bytes of fd 0x2C
[23:28:20.791] |T| [close_file]: sceIoClose: Closing file fd: 0x2C
[23:28:20.793] |I| [export_sceIoOpen]: Opening file: app0:DATA.BIN
[23:28:20.796] |T| [open_file]: sceIoOpen: Opening file app0:DATA.BIN (ux0:/app/PCSG01157/DATA.BIN), fd: 0x2D
[23:28:20.797] |T| [seek_file]: _sceIoLseek: Seeking fd: 0x2D, offset: 0x0, whence: SCE_SEEK_END
[23:28:20.797] |T| [seek_file]: _sceIoLseek: Seeking fd: 0x2D, offset: 0x1AD55800, whence: SCE_SEEK_SET
[23:28:20.798] |T| [seek_file]: _sceIoLseek: Seeking fd: 0x2D, offset: 0x1AD55800, whence: SCE_SEEK_SET
[23:28:20.805] |T| [read_file]: sceIoRead: Reading 3008 bytes of fd 0x2D
[23:28:20.822] |T| [read_file]: sceIoRead: Reading 2944 bytes of fd 0x2D
[23:28:20.825] |T| [close_file]: sceIoClose: Closing file fd: 0x2D
[23:28:20.827] |I| [export_sceIoOpen]: Opening file: app0:DATA.BIN
[23:28:20.828] |T| [open_file]: sceIoOpen: Opening file app0:DATA.BIN (ux0:/app/PCSG01157/DATA.BIN), fd: 0x2E
[23:28:20.828] |T| [seek_file]: _sceIoLseek: Seeking fd: 0x2E, offset: 0x0, whence: SCE_SEEK_END
[23:28:20.829] |T| [seek_file]: _sceIoLseek: Seeking fd: 0x2E, offset: 0x68A3000, whence: SCE_SEEK_SET
[23:28:20.836] |T| [seek_file]: _sceIoLseek: Seeking fd: 0x2E, offset: 0x68A3000, whence: SCE_SEEK_SET
[23:28:20.838] |T| [read_file]: sceIoRead: Reading 3008 bytes of fd 0x2E
[23:28:20.855] |T| [read_file]: sceIoRead: Reading 3008 bytes of fd 0x2E
[23:28:20.859] |T| [close_file]: sceIoClose: Closing file fd: 0x2E
[23:28:20.861] |I| [export_sceIoOpen]: Opening file: app0:DATA.BIN
[23:28:20.862] |T| [open_file]: sceIoOpen: Opening file app0:DATA.BIN (ux0:/app/PCSG01157/DATA.BIN), fd: 0x2F
[23:28:20.863] |T| [seek_file]: _sceIoLseek: Seeking fd: 0x2F, offset: 0x0, whence: SCE_SEEK_END
[23:28:20.868] |T| [seek_file]: _sceIoLseek: Seeking fd: 0x2F, offset: 0xCEAE000, whence: SCE_SEEK_SET
[23:28:20.868] |T| [seek_file]: _sceIoLseek: Seeking fd: 0x2F, offset: 0xCEAE000, whence: SCE_SEEK_SET
[23:28:20.871] |T| [read_file]: sceIoRead: Reading 2880 bytes of fd 0x2F
[23:28:20.888] |T| [read_file]: sceIoRead: Reading 2816 bytes of fd 0x2F
[23:28:20.891] |T| [close_file]: sceIoClose: Closing file fd: 0x2F
[23:28:20.895] |I| [export_sceIoOpen]: Opening file: app0:DATA.BIN
[23:28:20.896] |T| [open_file]: sceIoOpen: Opening file app0:DATA.BIN (ux0:/app/PCSG01157/DATA.BIN), fd: 0x30
[23:28:20.901] |T| [seek_file]: _sceIoLseek: Seeking fd: 0x30, offset: 0x0, whence: SCE_SEEK_END
[23:28:20.901] |T| [seek_file]: _sceIoLseek: Seeking fd: 0x30, offset: 0x13F05000, whence: SCE_SEEK_SET
[23:28:20.902] |T| [seek_file]: _sceIoLseek: Seeking fd: 0x30, offset: 0x13F05000, whence: SCE_SEEK_SET
[23:28:20.905] |T| [read_file]: sceIoRead: Reading 2752 bytes of fd 0x30
[23:28:20.921] |T| [read_file]: sceIoRead: Reading 2688 bytes of fd 0x30
[23:28:20.924] |T| [close_file]: sceIoClose: Closing file fd: 0x30
[23:28:20.927] |I| [export_sceIoOpen]: Opening file: app0:DATA.BIN
[23:28:20.927] |T| [open_file]: sceIoOpen: Opening file app0:DATA.BIN (ux0:/app/PCSG01157/DATA.BIN), fd: 0x31
[23:28:20.928] |T| [seek_file]: _sceIoLseek: Seeking fd: 0x31, offset: 0x0, whence: SCE_SEEK_END
[23:28:20.929] |T| [seek_file]: _sceIoLseek: Seeking fd: 0x31, offset: 0x81EC000, whence: SCE_SEEK_SET
[23:28:20.929] |T| [seek_file]: _sceIoLseek: Seeking fd: 0x31, offset: 0x81EC000, whence: SCE_SEEK_SET
[23:28:20.937] |T| [read_file]: sceIoRead: Reading 2752 bytes of fd 0x31
[23:28:20.955] |T| [read_file]: sceIoRead: Reading 2752 bytes of fd 0x31
[23:28:20.959] |T| [close_file]: sceIoClose: Closing file fd: 0x31
[23:28:20.960] |I| [export_sceIoOpen]: Opening file: app0:DATA.BIN
[23:28:20.963] |T| [open_file]: sceIoOpen: Opening file app0:DATA.BIN (ux0:/app/PCSG01157/DATA.BIN), fd: 0x32
[23:28:20.963] |T| [seek_file]: _sceIoLseek: Seeking fd: 0x32, offset: 0x0, whence: SCE_SEEK_END
[23:28:20.964] |T| [seek_file]: _sceIoLseek: Seeking fd: 0x32, offset: 0xE4D7800, whence: SCE_SEEK_SET
[23:28:20.965] |T| [seek_file]: _sceIoLseek: Seeking fd: 0x32, offset: 0xE4D7800, whence: SCE_SEEK_SET
[23:28:20.971] |T| [read_file]: sceIoRead: Reading 2816 bytes of fd 0x32
[23:28:20.989] |T| [read_file]: sceIoRead: Reading 2816 bytes of fd 0x32
[23:28:20.991] |T| [close_file]: sceIoClose: Closing file fd: 0x32
[23:28:20.995] |I| [export_sceIoOpen]: Opening file: app0:DATA.BIN
[23:28:20.995] |T| [open_file]: sceIoOpen: Opening file app0:DATA.BIN (ux0:/app/PCSG01157/DATA.BIN), fd: 0x33
[23:28:20.996] |T| [seek_file]: _sceIoLseek: Seeking fd: 0x33, offset: 0x0, whence: SCE_SEEK_END
[23:28:21.001] |T| [seek_file]: _sceIoLseek: Seeking fd: 0x33, offset: 0x15465800, whence: SCE_SEEK_SET
[23:28:21.003] |T| [seek_file]: _sceIoLseek: Seeking fd: 0x33, offset: 0x15465800, whence: SCE_SEEK_SET
[23:28:21.005] |T| [read_file]: sceIoRead: Reading 2752 bytes of fd 0x33
[23:28:21.021] |T| [read_file]: sceIoRead: Reading 2752 bytes of fd 0x33
[23:28:21.024] |T| [close_file]: sceIoClose: Closing file fd: 0x33
[23:28:21.026] |I| [export_sceIoOpen]: Opening file: app0:DATA.BIN
[23:28:21.026] |T| [open_file]: sceIoOpen: Opening file app0:DATA.BIN (ux0:/app/PCSG01157/DATA.BIN), fd: 0x34
[23:28:21.027] |T| [seek_file]: _sceIoLseek: Seeking fd: 0x34, offset: 0x0, whence: SCE_SEEK_END
[23:28:21.028] |T| [seek_file]: _sceIoLseek: Seeking fd: 0x34, offset: 0x1827800, whence: SCE_SEEK_SET
[23:28:21.029] |T| [seek_file]: _sceIoLseek: Seeking fd: 0x34, offset: 0x1827800, whence: SCE_SEEK_SET
[23:28:21.039] |T| [read_file]: sceIoRead: Reading 2752 bytes of fd 0x34
[23:28:21.054] |T| [read_file]: sceIoRead: Reading 2688 bytes of fd 0x34
[23:28:21.057] |T| [close_file]: sceIoClose: Closing file fd: 0x34
[23:28:21.059] |I| [export_sceIoOpen]: Opening file: app0:DATA.BIN
[23:28:21.060] |T| [open_file]: sceIoOpen: Opening file app0:DATA.BIN (ux0:/app/PCSG01157/DATA.BIN), fd: 0x35
[23:28:21.066] |T| [seek_file]: _sceIoLseek: Seeking fd: 0x35, offset: 0x0, whence: SCE_SEEK_END
[23:28:21.068] |T| [seek_file]: _sceIoLseek: Seeking fd: 0x35, offset: 0x1BC19000, whence: SCE_SEEK_SET
[23:28:21.070] |T| [seek_file]: _sceIoLseek: Seeking fd: 0x35, offset: 0x1BC19000, whence: SCE_SEEK_SET
[23:28:21.088] |T| [read_file]: sceIoRead: Reading 2880 bytes of fd 0x35
[23:28:21.104] |T| [read_file]: sceIoRead: Reading 2839 bytes of fd 0x35
[23:28:21.108] |T| [close_file]: sceIoClose: Closing file fd: 0x35
[23:28:21.110] |I| [export_sceIoOpen]: Opening file: app0:DATA.BIN
[23:28:21.112] |T| [open_file]: sceIoOpen: Opening file app0:DATA.BIN (ux0:/app/PCSG01157/DATA.BIN), fd: 0x36
[23:28:21.112] |T| [seek_file]: _sceIoLseek: Seeking fd: 0x36, offset: 0x0, whence: SCE_SEEK_END
[23:28:21.118] |T| [seek_file]: _sceIoLseek: Seeking fd: 0x36, offset: 0x5B59800, whence: SCE_SEEK_SET
[23:28:21.118] |T| [seek_file]: _sceIoLseek: Seeking fd: 0x36, offset: 0x5B59800, whence: SCE_SEEK_SET
[23:28:21.121] |T| [read_file]: sceIoRead: Reading 2880 bytes of fd 0x36
[23:28:21.138] |T| [read_file]: sceIoRead: Reading 2816 bytes of fd 0x36
[23:28:21.142] |T| [close_file]: sceIoClose: Closing file fd: 0x36
[23:28:21.144] |I| [export_sceIoOpen]: Opening file: app0:DATA.BIN
[23:28:21.145] |T| [open_file]: sceIoOpen: Opening file app0:DATA.BIN (ux0:/app/PCSG01157/DATA.BIN), fd: 0x37
[23:28:21.150] |T| [seek_file]: _sceIoLseek: Seeking fd: 0x37, offset: 0x0, whence: SCE_SEEK_END
[23:28:21.151] |T| [seek_file]: _sceIoLseek: Seeking fd: 0x37, offset: 0x13F01000, whence: SCE_SEEK_SET
[23:28:21.152] |T| [seek_file]: _sceIoLseek: Seeking fd: 0x37, offset: 0x13F01000, whence: SCE_SEEK_SET
[23:28:21.155] |T| [read_file]: sceIoRead: Reading 2944 bytes of fd 0x37
[23:28:21.172] |T| [read_file]: sceIoRead: Reading 2944 bytes of fd 0x37
[23:28:21.175] |T| [close_file]: sceIoClose: Closing file fd: 0x37
[23:28:21.177] |I| [export_sceIoOpen]: Opening file: app0:DATA.BIN
[23:28:21.178] |T| [open_file]: sceIoOpen: Opening file app0:DATA.BIN (ux0:/app/PCSG01157/DATA.BIN), fd: 0x38
[23:28:21.181] |T| [seek_file]: _sceIoLseek: Seeking fd: 0x38, offset: 0x0, whence: SCE_SEEK_END
[23:28:21.183] |T| [seek_file]: _sceIoLseek: Seeking fd: 0x38, offset: 0xCFF2800, whence: SCE_SEEK_SET
[23:28:21.184] |T| [seek_file]: _sceIoLseek: Seeking fd: 0x38, offset: 0xCFF2800, whence: SCE_SEEK_SET
[23:28:21.205] |T| [read_file]: sceIoRead: Reading 3008 bytes of fd 0x38
[23:28:21.221] |T| [read_file]: sceIoRead: Reading 2944 bytes of fd 0x38
[23:28:21.224] |T| [close_file]: sceIoClose: Closing file fd: 0x38
[23:28:21.227] |I| [export_sceIoOpen]: Opening file: app0:DATA.BIN
[23:28:21.227] |T| [open_file]: sceIoOpen: Opening file app0:DATA.BIN (ux0:/app/PCSG01157/DATA.BIN), fd: 0x39
[23:28:21.228] |T| [seek_file]: _sceIoLseek: Seeking fd: 0x39, offset: 0x0, whence: SCE_SEEK_END
[23:28:21.229] |T| [seek_file]: _sceIoLseek: Seeking fd: 0x39, offset: 0xE3A6800, whence: SCE_SEEK_SET
[23:28:21.230] |T| [seek_file]: _sceIoLseek: Seeking fd: 0x39, offset: 0xE3A6800, whence: SCE_SEEK_SET
[23:28:21.238] |T| [read_file]: sceIoRead: Reading 3072 bytes of fd 0x39
[23:28:21.255] |T| [read_file]: sceIoRead: Reading 3072 bytes of fd 0x39
[23:28:21.258] |T| [close_file]: sceIoClose: Closing file fd: 0x39
[23:28:21.260] |I| [export_sceIoOpen]: Opening file: app0:DATA.BIN
[23:28:21.263] |T| [open_file]: sceIoOpen: Opening file app0:DATA.BIN (ux0:/app/PCSG01157/DATA.BIN), fd: 0x3A
[23:28:21.266] |T| [seek_file]: _sceIoLseek: Seeking fd: 0x3A, offset: 0x0, whence: SCE_SEEK_END
[23:28:21.267] |T| [seek_file]: _sceIoLseek: Seeking fd: 0x3A, offset: 0x822E000, whence: SCE_SEEK_SET
[23:28:21.272] |T| [seek_file]: _sceIoLseek: Seeking fd: 0x3A, offset: 0x822E000, whence: SCE_SEEK_SET
[23:28:21.288] |T| [read_file]: sceIoRead: Reading 3072 bytes of fd 0x3A
[23:28:21.305] |T| [read_file]: sceIoRead: Reading 3072 bytes of fd 0x3A
[23:28:21.308] |T| [close_file]: sceIoClose: Closing file fd: 0x3A
[23:28:21.310] |I| [export_sceIoOpen]: Opening file: app0:DATA.BIN
[23:28:21.312] |T| [open_file]: sceIoOpen: Opening file app0:DATA.BIN (ux0:/app/PCSG01157/DATA.BIN), fd: 0x3B
[23:28:21.313] |T| [seek_file]: _sceIoLseek: Seeking fd: 0x3B, offset: 0x0, whence: SCE_SEEK_END
[23:28:21.321] |T| [seek_file]: _sceIoLseek: Seeking fd: 0x3B, offset: 0x61F8000, whence: SCE_SEEK_SET
[23:28:21.322] |T| [seek_file]: _sceIoLseek: Seeking fd: 0x3B, offset: 0x61F8000, whence: SCE_SEEK_SET
[23:28:21.338] |T| [read_file]: sceIoRead: Reading 2496 bytes of fd 0x3B
[23:28:21.354] |T| [read_file]: sceIoRead: Reading 2496 bytes of fd 0x3B
[23:28:21.359] |T| [close_file]: sceIoClose: Closing file fd: 0x3B
[23:28:21.361] |I| [export_sceIoOpen]: Opening file: app0:DATA.BIN
[23:28:21.362] |T| [open_file]: sceIoOpen: Opening file app0:DATA.BIN (ux0:/app/PCSG01157/DATA.BIN), fd: 0x3C
[23:28:21.363] |T| [seek_file]: _sceIoLseek: Seeking fd: 0x3C, offset: 0x0, whence: SCE_SEEK_END
[23:28:21.364] |T| [seek_file]: _sceIoLseek: Seeking fd: 0x3C, offset: 0x1B3AB000, whence: SCE_SEEK_SET
[23:28:21.365] |T| [seek_file]: _sceIoLseek: Seeking fd: 0x3C, offset: 0x1B3AB000, whence: SCE_SEEK_SET
[23:28:21.372] |T| [read_file]: sceIoRead: Reading 2560 bytes of fd 0x3C
[23:28:21.388] |T| [read_file]: sceIoRead: Reading 2560 bytes of fd 0x3C
[23:28:21.391] |T| [close_file]: sceIoClose: Closing file fd: 0x3C
[23:28:21.393] |I| [export_sceIoOpen]: Opening file: app0:DATA.BIN
[23:28:21.394] |T| [open_file]: sceIoOpen: Opening file app0:DATA.BIN (ux0:/app/PCSG01157/DATA.BIN), fd: 0x3D
[23:28:21.400] |T| [seek_file]: _sceIoLseek: Seeking fd: 0x3D, offset: 0x0, whence: SCE_SEEK_END
[23:28:21.401] |T| [seek_file]: _sceIoLseek: Seeking fd: 0x3D, offset: 0x1255000, whence: SCE_SEEK_SET
[23:28:21.402] |T| [seek_file]: _sceIoLseek: Seeking fd: 0x3D, offset: 0x1255000, whence: SCE_SEEK_SET
[23:28:21.405] |T| [read_file]: sceIoRead: Reading 3008 bytes of fd 0x3D
[23:28:21.423] |T| [read_file]: sceIoRead: Reading 2944 bytes of fd 0x3D
[23:28:21.427] |T| [close_file]: sceIoClose: Closing file fd: 0x3D
[23:28:21.428] |I| [export_sceIoOpen]: Opening file: app0:DATA.BIN
[23:28:21.429] |T| [open_file]: sceIoOpen: Opening file app0:DATA.BIN (ux0:/app/PCSG01157/DATA.BIN), fd: 0x3E
[23:28:21.430] |T| [seek_file]: _sceIoLseek: Seeking fd: 0x3E, offset: 0x0, whence: SCE_SEEK_END
[23:28:21.431] |T| [seek_file]: _sceIoLseek: Seeking fd: 0x3E, offset: 0x158D9000, whence: SCE_SEEK_SET
[23:28:21.432] |T| [seek_file]: _sceIoLseek: Seeking fd: 0x3E, offset: 0x158D9000, whence: SCE_SEEK_SET
[23:28:21.455] |T| [read_file]: sceIoRead: Reading 3008 bytes of fd 0x3E
[23:28:21.474] |T| [read_file]: sceIoRead: Reading 3008 bytes of fd 0x3E
[23:28:21.477] |T| [close_file]: sceIoClose: Closing file fd: 0x3E
[23:28:21.480] |I| [export_sceIoOpen]: Opening file: app0:DATA.BIN
[23:28:21.481] |T| [open_file]: sceIoOpen: Opening file app0:DATA.BIN (ux0:/app/PCSG01157/DATA.BIN), fd: 0x3F
[23:28:21.483] |T| [seek_file]: _sceIoLseek: Seeking fd: 0x3F, offset: 0x0, whence: SCE_SEEK_END
[23:28:21.484] |T| [seek_file]: _sceIoLseek: Seeking fd: 0x3F, offset: 0x891A000, whence: SCE_SEEK_SET
[23:28:21.487] |T| [seek_file]: _sceIoLseek: Seeking fd: 0x3F, offset: 0x891A000, whence: SCE_SEEK_SET
[23:28:21.504] |T| [read_file]: sceIoRead: Reading 2752 bytes of fd 0x3F
[23:28:21.522] |T| [read_file]: sceIoRead: Reading 2752 bytes of fd 0x3F
[23:28:21.526] |T| [close_file]: sceIoClose: Closing file fd: 0x3F
[23:28:21.528] |I| [export_sceIoOpen]: Opening file: app0:DATA.BIN
[23:28:21.529] |T| [open_file]: sceIoOpen: Opening file app0:DATA.BIN (ux0:/app/PCSG01157/DATA.BIN), fd: 0x40
[23:28:21.531] |T| [seek_file]: _sceIoLseek: Seeking fd: 0x40, offset: 0x0, whence: SCE_SEEK_END
[23:28:21.538] |T| [seek_file]: _sceIoLseek: Seeking fd: 0x40, offset: 0xDFEF000, whence: SCE_SEEK_SET
[23:28:21.539] |T| [seek_file]: _sceIoLseek: Seeking fd: 0x40, offset: 0xDFEF000, whence: SCE_SEEK_SET
[23:28:21.555] |T| [read_file]: sceIoRead: Reading 2688 bytes of fd 0x40
[23:28:21.572] |T| [read_file]: sceIoRead: Reading 2624 bytes of fd 0x40
[23:28:21.577] |T| [close_file]: sceIoClose: Closing file fd: 0x40
[23:28:21.581] |I| [export_sceIoOpen]: Opening file: app0:DATA.BIN
[23:28:21.582] |T| [open_file]: sceIoOpen: Opening file app0:DATA.BIN (ux0:/app/PCSG01157/DATA.BIN), fd: 0x41
[23:28:21.587] |T| [seek_file]: _sceIoLseek: Seeking fd: 0x41, offset: 0x0, whence: SCE_SEEK_END
[23:28:21.588] |T| [seek_file]: _sceIoLseek: Seeking fd: 0x41, offset: 0xC863800, whence: SCE_SEEK_SET
[23:28:21.590] |T| [seek_file]: _sceIoLseek: Seeking fd: 0x41, offset: 0xC863800, whence: SCE_SEEK_SET
[23:28:21.605] |T| [read_file]: sceIoRead: Reading 2752 bytes of fd 0x41
[23:28:21.622] |T| [read_file]: sceIoRead: Reading 2752 bytes of fd 0x41
[23:28:21.625] |T| [close_file]: sceIoClose: Closing file fd: 0x41
[23:28:21.627] |I| [export_sceIoOpen]: Opening file: app0:DATA.BIN
[23:28:21.629] |T| [open_file]: sceIoOpen: Opening file app0:DATA.BIN (ux0:/app/PCSG01157/DATA.BIN), fd: 0x42
[23:28:21.629] |T| [seek_file]: _sceIoLseek: Seeking fd: 0x42, offset: 0x0, whence: SCE_SEEK_END
[23:28:21.630] |T| [seek_file]: _sceIoLseek: Seeking fd: 0x42, offset: 0x14599800, whence: SCE_SEEK_SET
[23:28:21.633] |T| [seek_file]: _sceIoLseek: Seeking fd: 0x42, offset: 0x14599800, whence: SCE_SEEK_SET
[23:28:21.638] |T| [read_file]: sceIoRead: Reading 3008 bytes of fd 0x42
[23:28:21.654] |T| [read_file]: sceIoRead: Reading 2944 bytes of fd 0x42
[23:28:21.659] |T| [close_file]: sceIoClose: Closing file fd: 0x42
[23:28:21.662] |I| [export_sceIoOpen]: Opening file: app0:DATA.BIN
[23:28:21.663] |T| [open_file]: sceIoOpen: Opening file app0:DATA.BIN (ux0:/app/PCSG01157/DATA.BIN), fd: 0x43
[23:28:21.664] |T| [seek_file]: _sceIoLseek: Seeking fd: 0x43, offset: 0x0, whence: SCE_SEEK_END
[23:28:21.665] |T| [seek_file]: _sceIoLseek: Seeking fd: 0x43, offset: 0x1A7BB000, whence: SCE_SEEK_SET
[23:28:21.665] |T| [seek_file]: _sceIoLseek: Seeking fd: 0x43, offset: 0x1A7BB000, whence: SCE_SEEK_SET
[23:28:21.672] |T| [read_file]: sceIoRead: Reading 2944 bytes of fd 0x43
[23:28:21.688] |T| [read_file]: sceIoRead: Reading 2944 bytes of fd 0x43
[23:28:21.691] |T| [close_file]: sceIoClose: Closing file fd: 0x43
[23:28:21.693] |I| [export_sceIoOpen]: Opening file: app0:DATA.BIN
[23:28:21.697] |T| [open_file]: sceIoOpen: Opening file app0:DATA.BIN (ux0:/app/PCSG01157/DATA.BIN), fd: 0x44
[23:28:21.698] |T| [seek_file]: _sceIoLseek: Seeking fd: 0x44, offset: 0x0, whence: SCE_SEEK_END
[23:28:21.699] |T| [seek_file]: _sceIoLseek: Seeking fd: 0x44, offset: 0x7432800, whence: SCE_SEEK_SET
[23:28:21.704] |T| [seek_file]: _sceIoLseek: Seeking fd: 0x44, offset: 0x7432800, whence: SCE_SEEK_SET
[23:28:21.722] |T| [read_file]: sceIoRead: Reading 2944 bytes of fd 0x44
[23:28:21.738] |T| [read_file]: sceIoRead: Reading 2880 bytes of fd 0x44
[23:28:21.742] |T| [close_file]: sceIoClose: Closing file fd: 0x44
[23:28:21.744] |I| [export_sceIoOpen]: Opening file: app0:DATA.BIN
[23:28:21.748] |T| [open_file]: sceIoOpen: Opening file app0:DATA.BIN (ux0:/app/PCSG01157/DATA.BIN), fd: 0x45
[23:28:21.749] |T| [seek_file]: _sceIoLseek: Seeking fd: 0x45, offset: 0x0, whence: SCE_SEEK_END
[23:28:21.759] |T| [seek_file]: _sceIoLseek: Seeking fd: 0x45, offset: 0x166AD800, whence: SCE_SEEK_SET
[23:28:21.760] |T| [seek_file]: _sceIoLseek: Seeking fd: 0x45, offset: 0x166AD800, whence: SCE_SEEK_SET
[23:28:21.772] |T| [read_file]: sceIoRead: Reading 2688 bytes of fd 0x45
[23:28:21.788] |T| [read_file]: sceIoRead: Reading 2688 bytes of fd 0x45
[23:28:21.793] |T| [close_file]: sceIoClose: Closing file fd: 0x45
[23:28:21.796] |I| [export_sceIoOpen]: Opening file: app0:DATA.BIN
[23:28:21.801] |T| [open_file]: sceIoOpen: Opening file app0:DATA.BIN (ux0:/app/PCSG01157/DATA.BIN), fd: 0x46
[23:28:21.802] |T| [seek_file]: _sceIoLseek: Seeking fd: 0x46, offset: 0x0, whence: SCE_SEEK_END
[23:28:21.803] |T| [seek_file]: _sceIoLseek: Seeking fd: 0x46, offset: 0x51D800, whence: SCE_SEEK_SET
[23:28:21.805] |T| [seek_file]: _sceIoLseek: Seeking fd: 0x46, offset: 0x51D800, whence: SCE_SEEK_SET
[23:28:21.822] |T| [read_file]: sceIoRead: Reading 2624 bytes of