[21:16:40.182] |I| [config::init_config]: backend-renderer: OpenGL
[21:16:40.183] |I| [config::init_config]: hardware-flip: enabled
[21:16:40.183] |I| [config::init_config]: lle-modules: libpgf
[21:16:40.183] |I| [config::init_config]: log-level: 1
[21:16:40.185] |I| [SDL_main]: Vita3K v0.1 1309-c2a014f1
[21:16:40.635] |I| [renderer::gl::create]: Swap interval = -1
[21:16:40.637] |I| [renderer::gl::create]: GPU = GeForce GTX 1050 Ti/PCIe/SSE2
[21:16:40.637] |I| [renderer::gl::create]: GL_VERSION = 4.5.0 NVIDIA 436.48
[21:16:40.637] |I| [renderer::gl::create]: GL_SHADING_LANGUAGE_VERSION = 4.50 NVIDIA
[21:16:40.639] |I| [renderer::gl::create]: Your GPU supports shader interlock, some games that use programmable blending will have better performance.
[21:16:40.746] |I| [gui::init_icons]: Default icon found for title ABCD00002, Test Application Season 2.
[21:16:40.747] |I| [gui::init_icons]: Default icon found for title ACTI00000, Vita Activator.
[21:16:40.755] |I| [gui::init_icons]: Default icon found for title BARR00111, BARR00111.
[21:16:40.757] |I| [gui::init_icons]: Default icon found for title BIRD00000, flappybird.
[21:16:40.760] |I| [gui::init_icons]: Default icon found for title BUBBLE000, bubbleride.
[21:16:40.761] |I| [gui::init_icons]: Default icon found for title bubbles, bubbles.
[21:16:40.772] |I| [gui::init_icons]: Default icon found for title dumper_e, イースVIII -Lacrimosa of DANA-.
[21:16:40.781] |I| [gui::init_icons]: Default icon found for title git, git.
[21:16:40.790] |I| [gui::init_icons]: Default icon found for title mai_moe, mai_moe.
[21:16:40.790] |I| [gui::init_icons]: Default icon found for title mai_vv, mai_vv.
[21:16:40.886] |I| [gui::init_icons]: Default icon found for title PSPEMUXXX, PSPEMUXXX.
[21:16:40.891] |I| [gui::init_icons]: Default icon found for title resources, resources.
[21:16:40.896] |I| [gui::init_icons]: Default icon found for title sce_module, sce_module.
[21:16:40.897] |I| [gui::init_icons]: Default icon found for title sce_sys, sce_sys.
[21:16:40.899] |I| [gui::init_icons]: Default icon found for title SHDW00001, advremap.
[21:16:40.900] |I| [gui::init_icons]: Default icon found for title SKOG00001, Snes9xVITA.
[21:16:40.908] |I| [gui::init_icons]: Default icon found for title system, system.
[21:16:40.916] |I| [gui::init_icons]: Default icon found for title VDEC00001, French American Games Decrypter.
[21:16:40.923] |I| [gui::init_icons]: Default icon found for title VITATESTR, VitaTester.
[21:16:40.932] |I| [gui::init_icons]: Default icon found for title XYZZ00001, button-swapper.
[21:16:47.956] |I| [load_app_impl]: Title: Hotline Miami 2: Wrong Number
[21:16:47.957] |I| [load_app_impl]: Serial: PCSE00402
[21:16:47.957] |I| [load_app_impl]: Version: 01.00
[21:16:47.957] |I| [load_app_impl]: Category: gd
[21:16:47.968] |I| [load_self]: Loaded module segment 0 @ [0x00001000 - 0x00050C54] (size: 0x0004FC54) of module app0:sce_module/libc.suprx
[21:16:47.969] |I| [load_self]: Loaded module segment 1 @ [0x00051000 - 0x00053688] (size: 0x00002688) of module app0:sce_module/libc.suprx
[21:16:47.970] |I| [load_self]: Loading symbols for SELF: app0:sce_module/libc.suprx
[21:16:47.970] |D| [load_var_exports]: 	NID 0x936C8A78 (SYSLYB) at 0x46744
[21:16:47.971] |D| [load_var_exports]: 	NID 0x6C2224BA (NID_MODULE_INFO) at 0x3C4F8
[21:16:47.971] |W| [load_var_imports]: 	NID NOT FOUND 0x93B8AA67 (__stack_chk_guard) at 0x40520, setting to stub value 0xDEADBEEF
[21:16:47.972] |W| [load_var_imports]: 	NID NOT FOUND 0xDF084DFA (UNRECOGNISED) at 0x420A4, setting to stub value 0xDEADBEEF
[21:16:47.973] |I| [load_app_impl]: Pre-load module SceLibc (at "sce_module/libc.suprx") loaded
[21:16:47.979] |I| [load_self]: Loaded module segment 0 @ [0x00056000 - 0x0008133C] (size: 0x0002B33C) of module app0:sce_module/libfios2.suprx
[21:16:47.980] |I| [load_self]: Loaded module segment 1 @ [0x00082000 - 0x0008723D] (size: 0x0000523D) of module app0:sce_module/libfios2.suprx
[21:16:47.981] |I| [load_self]: Loading symbols for SELF: app0:sce_module/libfios2.suprx
[21:16:47.981] |D| [load_var_exports]: 	NID 0x936C8A78 (SYSLYB) at 0x81244
[21:16:47.982] |D| [load_var_exports]: 	NID 0x6C2224BA (NID_MODULE_INFO) at 0x78878
[21:16:47.982] |I| [load_app_impl]: Pre-load module SceLibFios2 (at "sce_module/libfios2.suprx") loaded
[21:16:47.986] |I| [load_self]: Loaded module segment 0 @ [0x00088000 - 0x0009B9A4] (size: 0x000139A4) of module app0:sce_module/libult.suprx
[21:16:47.986] |I| [load_self]: Loaded module segment 1 @ [0x0009C000 - 0x0009C814] (size: 0x00000814) of module app0:sce_module/libult.suprx
[21:16:47.987] |I| [load_self]: Loading symbols for SELF: app0:sce_module/libult.suprx
[21:16:47.988] |D| [load_var_exports]: 	NID 0x936C8A78 (SYSLYB) at 0x9A2D0
[21:16:47.988] |D| [load_var_exports]: 	NID 0x6C2224BA (NID_MODULE_INFO) at 0x97858
[21:16:47.988] |W| [load_var_imports]: 	NID NOT FOUND 0x936A5F31 (_pLibPerfCaptureFlagPtr) at 0x980A4, setting to stub value 0xDEADBEEF
[21:16:47.989] |I| [load_app_impl]: Pre-load module SceUlt (at "sce_module/libult.suprx") loaded
[21:16:48.574] |I| [load_self]: Loaded module segment 0 @ [0x0009E000 - 0x01427EF0] (size: 0x01389EF0) of module app0:eboot.bin
[21:16:48.575] |I| [load_self]: Loaded module segment 1 @ [0x01428000 - 0x01576140] (size: 0x0014E140) of module app0:eboot.bin
[21:16:48.576] |I| [load_self]: Loading symbols for SELF: app0:eboot.bin
[21:16:48.576] |D| [load_var_exports]: 	NID 0x6C2224BA (NID_MODULE_INFO) at 0x138F144
[21:16:48.576] |D| [load_var_exports]: 	NID 0x70FBA1E7 (SCE_PROC_PARAMS) at 0x1433F44
[21:16:48.577] |D| [load_var_exports]: 	NID 0x936C8A78 (SYSLYB) at 0x141EA70
[21:16:48.578] |I| [load_app_impl]: Main executable HotlineMiami2 (eboot.bin) loaded
[21:16:48.585] |D| [run_app]: Running module_start of library: SceLibc at address 0x1871
[21:16:48.597] |I| [run_app]: Module SceLibc (at "app0:sce_module/libc.suprx") module_start returned 0x0
[21:16:48.598] |D| [run_app]: Running module_start of library: SceLibFios2 at address 0x56001
[21:16:48.602] |W| [stubbed_impl]: Stubbed sceKernelGetProcessId import called. (pid: 0)
[21:16:48.602] |W| [unimplemented_impl]: Unimplemented sceFiosOverlayGetList02 import called.
[21:16:48.603] |I| [run_app]: Module SceLibFios2 (at "app0:sce_module/libfios2.suprx") module_start returned 0x0
[21:16:48.604] |D| [run_app]: Running module_start of library: SceUlt at address 0x8B769
[21:16:48.608] |W| [unimplemented_impl]: Unimplemented _sceUlobjMgrRegisterLibultProtocolRevision import called.
[21:16:48.608] |I| [run_app]: Module SceUlt (at "app0:sce_module/libult.suprx") module_start returned 0x0
[21:16:48.611] |I| [load_self]: Loaded module segment 0 @ [0x015B9000 - 0x015BBC24] (size: 0x00002C24) of module app0:mai_moe/mai.suprx
[21:16:48.611] |I| [load_self]: Loaded module segment 1 @ [0x015BC000 - 0x015BD82C] (size: 0x0000182C) of module app0:mai_moe/mai.suprx
[21:16:48.612] |I| [load_self]: Loading symbols for SELF: app0:mai_moe/mai.suprx
[21:16:48.613] |D| [load_var_exports]: 	NID 0x6C2224BA (NID_MODULE_INFO) at 0x15BB7E4
[21:16:48.613] |D| [load_var_exports]: 	NID 0x70FBA1E7 (SCE_PROC_PARAMS) at 0x15BB840
[21:16:48.623] |I| [export_sceIoOpen]: Opening file: app0:mai_moe/load_type.mai
[21:16:48.628] |I| [export_sceKernelLoadStartModule]: Module SceLibFios2 (at "app0:sce_module/libfios2.suprx") module_start returned 0x0
[21:16:48.630] |I| [load_self]: Loaded module segment 0 @ [0x0163E000 - 0x0166933C] (size: 0x0002B33C) of module app0:sce_module/libfios2_m.suprx
[21:16:48.630] |I| [load_self]: Loaded module segment 1 @ [0x0166A000 - 0x0166F23D] (size: 0x0000523D) of module app0:sce_module/libfios2_m.suprx
[21:16:48.631] |I| [load_self]: Loading symbols for SELF: app0:sce_module/libfios2_m.suprx
[21:16:48.631] |D| [load_var_exports]: 	NID 0x936C8A78 (SYSLYB) at 0x1669244
[21:16:48.632] |D| [load_var_exports]: 	NID 0x6C2224BA (NID_MODULE_INFO) at 0x1660878
[21:16:48.637] |I| [export_sceKernelLoadStartModule]: Module mceLibFios2 (at "app0:sce_module/libfios2_m.suprx") module_start returned 0x0
[21:16:48.723] |I| [export_sceKernelLoadStartModule]: Module output/testprx.elf (at "app0:mai_moe/mai.suprx") module_start returned 0x0
[21:16:48.924] |W| [unimplemented_impl]: Unimplemented sceKernelLibcClock import called.
[21:16:48.929] |W| [unimplemented_impl]: Unimplemented sceAppUtilInit import called.
[21:16:48.930] |W| [unimplemented_impl]: Unimplemented sceAppMgrAcquireBgmPort import called.
[21:16:48.933] |W| [unimplemented_impl]: Unimplemented sceNetCtlInit import called.
[21:16:48.934] |W| [unimplemented_impl]: Unimplemented sceSslInit import called.
[21:16:48.934] |W| [unimplemented_impl]: Unimplemented sceHttpInit import called.
[21:16:49.008] |W| [unimplemented_impl]: Unimplemented sceKernelGetThreadCurrentPriority import called.
[21:16:49.037] |W| [stubbed_impl]: Stubbed sceNetCtlInetGetState import called. (state = SCE_NETCTL_STATE_DISCONNECTED)
[21:16:49.055] |W| [unimplemented_impl]: Unimplemented sceKernelChangeThreadVfpException import called.
[21:16:49.055] |W| [unimplemented_impl]: Unimplemented sceFiosOverlayThreadSetDisabled02 import called.
[21:16:49.110] |W| [stubbed_impl]: Stubbed sceKernelChangeThreadPriority import called. (STUB)
[21:16:49.116] |W| [stubbed_impl]: Stubbed sceNgsSystemGetRequiredMemorySize import called. (size = 1)
[21:16:49.116] |W| [unimplemented_impl]: Unimplemented sceNgsSystemInit import called.
[21:16:49.117] |W| [unimplemented_impl]: Unimplemented sceNgsVoiceDefGetAtrac9Voice import called.
[21:16:49.117] |W| [unimplemented_impl]: Unimplemented sceNgsVoiceDefGetTemplate1 import called.
[21:16:49.118] |W| [unimplemented_impl]: Unimplemented sceNgsVoiceDefGetMasterBuss import called.
[21:16:49.118] |W| [stubbed_impl]: Stubbed sceNgsRackGetRequiredMemorySize import called. (size = 1)
[21:16:49.118] |W| [unimplemented_impl]: Unimplemented sceNgsRackInit import called.
[21:16:49.120] |W| [unimplemented_impl]: Unimplemented sceNgsRackGetVoiceHandle import called.
[21:16:49.120] |W| [unimplemented_impl]: Unimplemented sceNgsPatchCreateRouting import called.
[21:16:49.120] |W| [stubbed_impl]: Stubbed sceNgsPatchGetInfo import called. (2 in/out channels)
[21:16:49.121] |W| [unimplemented_impl]: Unimplemented sceNgsVoicePatchSetVolumesMatrix import called.
[21:16:49.122] |W| [unimplemented_impl]: Unimplemented sceNgsVoicePlay import called.
[21:16:49.122] |W| [unimplemented_impl]: Unimplemented sceAudioOutSetVolume import called.
[21:16:49.129] |W| [unimplemented_impl]: Unimplemented sceNgsSystemUpdate import called.
[21:16:49.129] |W| [unimplemented_impl]: Unimplemented sceNgsVoiceGetStateData import called.
[21:16:49.130] |C| [run]: Unicorn error 0x7 at: start PC: 0x12B86EB error PC 0x12B8708 LR: 0x12B61D7
[21:16:49.130] |W| [stubbed_impl]: Stubbed sceNpCheckCallback import called. (Stub)
