[17:47:48.754] |I| [config::init_config]: backend-renderer: Vulkan
[17:47:48.755] |I| [config::init_config]: log-level: 0
[17:47:49.017] |I| [SDL_main]: Vita3K v0.1.8 3288-48c70266-nishinji/update_histry
[17:47:49.017] |I| [SDL_main]: Number of logical CPU cores: 32
[17:47:49.018] |I| [SDL_main]: Available ram memory: 32648 MiB
[17:47:49.134] |I| [renderer::vulkan::VKState::create]: Vulkan device: NVIDIA GeForce RTX 3060 Ti
[17:47:49.135] |I| [renderer::vulkan::VKState::create]: Driver version: 531.79.0.0
[17:47:49.135] |I| [renderer::vulkan::VKState::create]: Memory mapping is enabled
[17:47:49.136] |I| [renderer::vulkan::VKState::create]: Using shader interlock for accurate framebuffer fetch emulation
[17:47:49.427] |I| [renderer::vulkan::ScreenRenderer::setup]: Present mode: Mailbox
[17:47:49.683] |W| [compat::load_compat_app_db]: App with Title ID PCSF00269 has an issue but no status label. Please check GitHub issue 2226 and request a status label be added.
[17:47:49.684] |W| [compat::load_compat_app_db]: App with Title ID PCSG00289 has an issue but no status label. Please check GitHub issue 2218 and request a status label be added.
[17:47:49.684] |W| [compat::load_compat_app_db]: App with Title ID PCSB00468 has an issue but no status label. Please check GitHub issue 2178 and request a status label be added.
[17:47:49.684] |W| [compat::load_compat_app_db]: App with Title ID PCSE00307 has an issue but no status label. Please check GitHub issue 2129 and request a status label be added.
[17:47:49.685] |W| [compat::load_compat_app_db]: App with Title ID PCSA00133 has an issue but no status label. Please check GitHub issue 1649 and request a status label be added.
[17:47:49.703] |E| [regmgr::load_system_dreg]: Invalid entry name: serial_id, expected: region_no, in category: /REGISTRY/
[17:47:49.703] |W| [regmgr::init_regmgr]: Failed to load system.dreg, attempting to create it
[17:47:50.201] |I| [gui::load_app_icon]: Default icon found for App RETROVITA, [RETROVITA] in path RETROVITA.
[17:47:50.202] |I| [gui::load_app_icon]: Default icon found for App SMLA00002, [SMLA00002] in path SMLA00002.
[17:47:50.203] |I| [gui::load_app_icon]: Default icon found for App VDEC00001, [French American Games Decrypter] in path VDEC00001.
[17:47:50.206] |I| [gui::load_app_icon]: Default icon found for App WAVE00001, [Wave Viewer] in path WAVE00001.
[17:47:50.228] |I| [compat::update_compat_app_db]: Applications compatibility database is outdated, attempting to download latest updated at: 07-25-2023 15:42:30
[17:47:51.811] |W| [compat::load_compat_app_db]: App with Title ID PCSF00269 has an issue but no status label. Please check GitHub issue 2226 and request a status label be added.
[17:47:51.813] |W| [compat::load_compat_app_db]: App with Title ID PCSG00289 has an issue but no status label. Please check GitHub issue 2218 and request a status label be added.
[17:47:51.814] |W| [compat::load_compat_app_db]: App with Title ID PCSB00468 has an issue but no status label. Please check GitHub issue 2178 and request a status label be added.
[17:47:51.815] |W| [compat::load_compat_app_db]: App with Title ID PCSE00307 has an issue but no status label. Please check GitHub issue 2129 and request a status label be added.
[17:47:51.816] |W| [compat::load_compat_app_db]: App with Title ID PCSA00133 has an issue but no status label. Please check GitHub issue 1649 and request a status label be added.
[17:47:58.350] |I| [load_app_impl]: cpu-backend: Dynarmic
[17:47:58.350] |I| [load_app_impl]: CPU Optimisation state: true
[17:47:58.351] |I| [load_app_impl]: ngs state: true
[17:47:58.352] |I| [load_app_impl]: Resolution multiplier: 1
[17:47:58.352] |I| [load_app_impl]: 1 Controllers Connected
[17:47:58.353] |I| [load_app_impl]: Controller 0: PS4 Controller
[17:47:58.354] |I| [load_app_impl]: modules mode: Automatic
[17:47:58.354] |I| [load_app_impl]: Title: 実況パワフルプロ野球２０１２決定版
[17:47:58.355] |I| [load_app_impl]: Serial: PCSG00134
[17:47:58.355] |I| [load_app_impl]: Version: 1.02
[17:47:58.356] |I| [load_app_impl]: Category: gp
[17:47:58.369] |I| [load_self]: app0:sce_module/libc.suprx: Skipping special segment 0x6fffff01...
[17:47:58.370] |I| [load_self]: Loaded module segment 0 @ [0x00005000 - 0x0004F4B0 / 0x81000000] (size: 0x0004A4B0) of module app0:sce_module/libc.suprx
[17:47:58.371] |I| [load_self]: Loaded module segment 1 @ [0x00050000 - 0x000526F4 / 0x8104B000] (size: 0x000026F4) of module app0:sce_module/libc.suprx
[17:47:58.372] |I| [load_self]: Linking SELF app0:sce_module/libc.suprx...
[17:47:58.373] |D| [load_var_exports]: 	NID 0x6c2224ba (NID_MODULE_INFO) at 0x3bf30
[17:47:58.373] |I| [pre_load_module]: Pre-load module SceLibc (at "sce_module/libc.suprx") loaded
[17:47:58.380] |I| [load_self]: app0:sce_module/libfios2.suprx: Skipping special segment 0x6fffff01...
[17:47:58.381] |I| [load_self]: Loaded module segment 0 @ [0x00053000 - 0x00077220 / 0x81000000] (size: 0x00024220) of module app0:sce_module/libfios2.suprx
[17:47:58.382] |I| [load_self]: Loaded module segment 1 @ [0x00078000 - 0x0007D1A4 / 0x81025000] (size: 0x000051A4) of module app0:sce_module/libfios2.suprx
[17:47:58.385] |I| [load_self]: Linking SELF app0:sce_module/libfios2.suprx...
[17:47:58.386] |D| [load_var_exports]: 	NID 0x6c2224ba (NID_MODULE_INFO) at 0x6fb64
[17:47:58.386] |I| [pre_load_module]: Pre-load module SceLibFios2 (at "sce_module/libfios2.suprx") loaded
[17:47:58.391] |I| [load_self]: app0:sce_module/libult.suprx: Skipping special segment 0x6fffff01...
[17:47:58.391] |I| [load_self]: Loaded module segment 0 @ [0x0007E000 - 0x00092144 / 0x81000000] (size: 0x00014144) of module app0:sce_module/libult.suprx
[17:47:58.392] |I| [load_self]: Loaded module segment 1 @ [0x00093000 - 0x00093814 / 0x81015000] (size: 0x00000814) of module app0:sce_module/libult.suprx
[17:47:58.394] |I| [load_self]: Linking SELF app0:sce_module/libult.suprx...
[17:47:58.394] |D| [load_var_exports]: 	NID 0x6c2224ba (NID_MODULE_INFO) at 0x8e1cc
[17:47:58.395] |I| [pre_load_module]: Pre-load module SceUlt (at "sce_module/libult.suprx") loaded
[17:47:58.404] |I| [load_self]: Loaded module segment 0 @ [0x00094000 - 0x000E4F04 / 0x81000000] (size: 0x00050F04) of module vs0:sys/external/libSceFt2.suprx
[17:47:58.405] |I| [load_self]: Loaded module segment 1 @ [0x000E5000 - 0x000E52F4 / 0x81051000] (size: 0x000002F4) of module vs0:sys/external/libSceFt2.suprx
[17:47:58.406] |I| [load_self]: Linking SELF vs0:sys/external/libSceFt2.suprx...
[17:47:58.406] |D| [load_var_exports]: 	NID 0x936c8a78 (SYSLYB) at 0xd07dc
[17:47:58.407] |D| [load_var_exports]: 	NID 0x6c2224ba (NID_MODULE_INFO) at 0xcff10
[17:47:58.407] |I| [pre_load_module]: Pre-load module SceLibft2 (at "sys/external/libSceFt2.suprx") loaded
[17:47:58.411] |I| [load_self]: Loaded module segment 0 @ [0x000E6000 - 0x000F5F14 / 0x81000000] (size: 0x0000FF14) of module vs0:sys/external/libpvf.suprx
[17:47:58.411] |I| [load_self]: Loaded module segment 1 @ [0x000F6000 - 0x000F6008 / 0x81010000] (size: 0x00000008) of module vs0:sys/external/libpvf.suprx
[17:47:58.412] |I| [load_self]: Linking SELF vs0:sys/external/libpvf.suprx...
[17:47:58.416] |D| [load_var_exports]: 	NID 0x936c8a78 (SYSLYB) at 0xf4710
[17:47:58.416] |D| [load_var_exports]: 	NID 0x6c2224ba (NID_MODULE_INFO) at 0xf4300
[17:47:58.417] |I| [pre_load_module]: Pre-load module SceLibPvf (at "sys/external/libpvf.suprx") loaded
[17:47:58.696] |I| [load_self]: app0:eboot.bin: Skipping special segment 0x6fffff01...
[17:47:58.697] |I| [load_self]: Loaded module segment 0 @ [0x81000000 - 0x8196C4C0 / 0x81000000] (size: 0x0096C4C0) of module app0:eboot.bin
[17:47:58.698] |I| [load_self]: Loaded module segment 1 @ [0x8196D000 - 0x834F0745 / 0x8196D000] (size: 0x01B83745) of module app0:eboot.bin
[17:47:58.699] |I| [load_self]: Linking SELF app0:eboot.bin...
[17:47:58.699] |D| [load_var_exports]: 	NID 0x6c2224ba (NID_MODULE_INFO) at 0x817e24b4
[17:47:58.700] |D| [load_var_exports]: 	NID 0x70fba1e7 (SCE_PROC_PARAMS) at 0x81c00b10
[17:47:58.701] |I| [load_app_impl]: Main executable ppMulti2012R_vita (eboot.bin) loaded
[17:47:58.717] |D| [run_app]: Running module_start of library: SceLibc at address 0x57f1
[17:47:58.734] |T| [open_file]: sceKernelGetStdin: Opening terminal tty0:
[17:47:58.735] |T| [open_file]: sceKernelGetStdout: Opening terminal tty0:
[17:47:58.735] |T| [open_file]: sceKernelGetStderr: Opening terminal tty0:
[17:47:58.743] |I| [run_app]: Module SceLibc (at "app0:sce_module/libc.suprx") module_start returned 0x0
[17:47:58.747] |D| [run_app]: Running module_start of library: SceLibFios2 at address 0x53001
[17:47:58.762] |W| [stubbed_impl]: Stubbed sceKernelGetProcessId import called. (pid: 0)
[17:47:58.762] |I| [run_app]: Module SceLibFios2 (at "app0:sce_module/libfios2.suprx") module_start returned 0x0
[17:47:58.765] |D| [run_app]: Running module_start of library: SceUlt at address 0x8184d
[17:47:58.779] |W| [unimplemented_impl]: Unimplemented _sceUlobjMgrRegisterLibultProtocolRevision import called.
[17:47:58.779] |I| [run_app]: Module SceUlt (at "app0:sce_module/libult.suprx") module_start returned 0x0
[17:47:58.879] |W| [unimplemented_impl]: Unimplemented sceAppUtilInit import called.
[17:47:58.899] |W| [stubbed_impl]: Stubbed _sceKernelGetThreadInfo import called. (STUB)
[17:47:58.929] |E| [call_import]: Import function for NID 0xd7f0f610 not found (thread name: PCSG00134, thread ID: 7)
[17:47:58.931] |W| [stubbed_impl]: Stubbed _sceKernelWaitSignal import called. (sceKernelWaitSignal)
[17:47:58.953] |W| [stubbed_impl]: Stubbed sceGxmMapFragmentUsseMemory import called. (always return success)
[17:47:58.963] |W| [stubbed_impl]: Stubbed sceGxmMapVertexUsseMemory import called. (always return success)
[17:47:59.013] |W| [stubbed_impl]: Stubbed sceGxmGetRenderTargetMemSize import called. (2MiB emuenv mem)
[17:47:59.281] |E| [logging::ret_error_impl]: sceKernelTryLockLwMutex returned SCE_KERNEL_ERROR_LW_MUTEX_FAILED_TO_OWN (0x80028185)
[17:47:59.285] |I| [export_sceIoOpen]: Opening file: app0:/cdvdroot/baseball.fbd
[17:47:59.285] |T| [open_file]: sceIoOpen: Opening file app0:/cdvdroot/baseball.fbd (ux0:/app/PCSG00134/cdvdroot/baseball.fbd), fd: 0x3
[17:47:59.366] |W| [stubbed_impl]: Stubbed sceKernelSendSignal import called. (sceKernelSendSignal)
[17:47:59.368] |T| [open_dir]: _sceIoDopen: Opening dir app0:exdata (ux0:/app/PCSG00134/exdata), fd: 0x4
[17:47:59.369] |T| [read_dir]: _sceIoDread: Reading entry app0:exdata/TAKEOVER.CHK of fd: 0x4
[17:47:59.370] |T| [read_dir]: _sceIoDread: Reading entry app0:exdata/UTL_SUB2.CHK of fd: 0x4
[17:47:59.370] |T| [close_dir]: sceIoDclose: Closing dir fd: 0x4
[17:47:59.373] |T| [open_dir]: _sceIoDopen: Opening dir app0:exdata (ux0:/app/PCSG00134/exdata), fd: 0x5
[17:47:59.374] |T| [read_dir]: _sceIoDread: Reading entry app0:exdata/TAKEOVER.CHK of fd: 0x5
[17:47:59.375] |T| [read_dir]: _sceIoDread: Reading entry app0:exdata/UTL_SUB2.CHK of fd: 0x5
[17:47:59.377] |T| [close_dir]: sceIoDclose: Closing dir fd: 0x5
[17:47:59.380] |E| [call_import]: Import function for NID 0xf9c0f5da not found (thread name: PCSG00134, thread ID: 7)
[17:47:59.412] |W| [unimplemented_impl]: Unimplemented sceAppMgrReleaseBgmPort import called.
[17:47:59.413] |W| [unimplemented_impl]: Unimplemented sceNgsModuleGetNumPresets import called.
[17:47:59.414] |W| [unimplemented_impl]: Unimplemented sceNgsModuleGetPreset import called.
[17:47:59.414] |W| [timer_waitorpoll]: Ignoring timeout
[17:47:59.433] |W| [ngs::ReverbModule::process]: Game is using unimplemented reverb audio module
[17:47:59.439] |W| [stubbed_impl]: Stubbed __sceAppMgrGetAppState import called. (Set to 0.)
[17:47:59.459] |I| [load_module]: Loading module ID: 0x4
[17:47:59.466] |I| [load_self]: sys/external/libhttp.suprx: Skipping special segment 0x6fffff01...
[17:47:59.466] |I| [load_self]: Loaded module segment 0 @ [0x1299B000 - 0x129B8150 / 0x81000000] (size: 0x0001D150) of module sys/external/libhttp.suprx
[17:47:59.467] |I| [load_self]: Loaded module segment 1 @ [0x00637000 - 0x00637640 / 0x8101E000] (size: 0x00000640) of module sys/external/libhttp.suprx
[17:47:59.468] |I| [load_self]: Linking SELF sys/external/libhttp.suprx...
[17:47:59.469] |D| [load_var_exports]: 	NID 0x936c8a78 (SYSLYB) at 0x129b6e68
[17:47:59.469] |D| [load_var_exports]: 	NID 0x6c2224ba (NID_MODULE_INFO) at 0x129b3ca0
[17:47:59.472] |I| [load_module]: Module SceLibHttp (at "sys/external/libhttp.suprx") loaded
[17:47:59.473] |D| [load_module]: Running module_start of module: SceLibHttp
[17:47:59.473] |I| [load_module]: Module SceLibHttp (at "sys/external/libhttp.suprx") module_start returned 0x0
[17:47:59.485] |I| [load_self]: Loaded module segment 0 @ [0x129B9000 - 0x12A1FEA4 / 0x81000000] (size: 0x00066EA4) of module sys/external/libssl.suprx
[17:47:59.487] |I| [load_self]: Loaded module segment 1 @ [0x00638000 - 0x0063D188 / 0x81067000] (size: 0x00005188) of module sys/external/libssl.suprx
[17:47:59.488] |I| [load_self]: Linking SELF sys/external/libssl.suprx...
[17:47:59.489] |D| [load_var_exports]: 	NID 0x936c8a78 (SYSLYB) at 0x12a0b9b0
[17:47:59.490] |D| [load_var_exports]: 	NID 0x6c2224ba (NID_MODULE_INFO) at 0x12a05c70
[17:47:59.490] |I| [load_module]: Module SceLibSsl (at "sys/external/libssl.suprx") loaded
[17:47:59.496] |I| [renderer::vulkan::PipelineCache::retrieve_shader]: Generating vulkan spv shader 2bfa37b9a05e46f9411956507c0d6c9c05764e8534e310a865bed13924c8e22e
[17:47:59.497] |I| [renderer::load_shader_generic]: Generating vert.spv.txt shader 2bfa37b9a05e46f9411956507c0d6c9c05764e8534e310a865bed13924c8e22e
[17:47:59.499] |D| [shader::create_parameters]: [BUFFER0  + 0] pa0 = (float4) inPos
[17:47:59.499] |D| [shader::create_parameters]: [BUFFER0  + 4] pa4 = (float4) inColor
[17:47:59.499] |T| [shader::usse::USSERecompiler::compile_code_node]: Compiling code_0, size = 3
[17:47:59.508] |I| [renderer::vulkan::PipelineCache::retrieve_shader]: Generating vulkan spv shader a2afbf39655f60197b70e52828bbdc42f99146f9a9d555b54070b4621b34cdc0
[17:47:59.508] |I| [renderer::load_shader_generic]: Generating frag.spv.txt shader a2afbf39655f60197b70e52828bbdc42f99146f9a9d555b54070b4621b34cdc0
[17:47:59.510] |D| [shader::create_fragment_inputs]: Iterator: pa0 = (half4) v_Color0
[17:47:59.510] |T| [shader::usse::USSERecompiler::compile_code_node]: Compiling code_0, size = 1
[17:47:59.527] |E| [stat_file]: Missing file at F:/vita3k/ux0/app/PCSG00134/cdvdroot/sound/voice13.bin (target path: app0:/cdvdroot/sound/voice13.bin)
[17:47:59.528] |W| [io_error_impl]: stat_file (_sceIoGetstat) returned 0x80010002
[17:47:59.548] |T| [open_file]: create_trophy_context: Opening file app0:/sce_sys/trophy/NPWR04037_00/TROPHY.TRP (ux0:/app/PCSG00134/sce_sys/trophy/NPWR04037_00/TROPHY.TRP), fd: 0x6
[17:47:59.550] |T| [open_file]: create_trophy_context: Opening file ux0:/user/00/trophy/data/NPWR04037_00/TROPUSR.DAT (ux0:/user/00/trophy/data/NPWR04037_00/TROPUSR.DAT), fd: 0x7
[17:47:59.551] |T| [open_file]: install_trophy_context: Opening file ux0:/user/00/trophy/conf/NPWR04037_00/TROPCONF.SFM (ux0:/user/00/trophy/conf/NPWR04037_00/TROPCONF.SFM), fd: 0x8
[17:47:59.552] |T| [write_file]: install_trophy_context: Writing to fd: 0x8, size: 2577
[17:47:59.552] |T| [close_file]: install_trophy_context: Closing file fd: 0x8
[17:47:59.553] |T| [open_file]: install_trophy_context: Opening file ux0:/user/00/trophy/conf/NPWR04037_00/TROP.SFM (ux0:/user/00/trophy/conf/NPWR04037_00/TROP.SFM), fd: 0x9
[17:47:59.554] |T| [write_file]: install_trophy_context: Writing to fd: 0x9, size: 7909
[17:47:59.555] |T| [close_file]: install_trophy_context: Closing file fd: 0x9
[17:47:59.556] |T| [open_file]: install_trophy_context: Opening file ux0:/user/00/trophy/conf/NPWR04037_00/ICON0.PNG (ux0:/user/00/trophy/conf/NPWR04037_00/ICON0.PNG), fd: 0xa
[17:47:59.556] |T| [write_file]: install_trophy_context: Writing to fd: 0xa, size: 73882
[17:47:59.557] |T| [close_file]: install_trophy_context: Closing file fd: 0xa
[17:47:59.558] |T| [open_file]: install_trophy_context: Opening file ux0:/user/00/trophy/conf/NPWR04037_00/TROP000.PNG (ux0:/user/00/trophy/conf/NPWR04037_00/TROP000.PNG), fd: 0xb
[17:47:59.559] |T| [write_file]: install_trophy_context: Writing to fd: 0xb, size: 53332
[17:47:59.559] |T| [close_file]: install_trophy_context: Closing file fd: 0xb
[17:47:59.560] |T| [open_file]: install_trophy_context: Opening file ux0:/user/00/trophy/conf/NPWR04037_00/TROP001.PNG (ux0:/user/00/trophy/conf/NPWR04037_00/TROP001.PNG), fd: 0xc
[17:47:59.561] |T| [write_file]: install_trophy_context: Writing to fd: 0xc, size: 53423
[17:47:59.562] |T| [close_file]: install_trophy_context: Closing file fd: 0xc
[17:47:59.563] |T| [open_file]: install_trophy_context: Opening file ux0:/user/00/trophy/conf/NPWR04037_00/TROP002.PNG (ux0:/user/00/trophy/conf/NPWR04037_00/TROP002.PNG), fd: 0xd
[17:47:59.566] |I| [export_sceIoOpen]: Opening file: app0:/cdvdroot/sound/SeData.bin
[17:47:59.568] |T| [write_file]: install_trophy_context: Writing to fd: 0xd, size: 52209
[17:47:59.569] |T| [open_file]: sceIoOpen: Opening file app0:/cdvdroot/sound/SeData.bin (ux0:/app/PCSG00134/cdvdroot/sound/SeData.bin), fd: 0xe
[17:47:59.569] |T| [close_file]: install_trophy_context: Closing file fd: 0xd
[17:47:59.571] |T| [open_file]: install_trophy_context: Opening file ux0:/user/00/trophy/conf/NPWR04037_00/TROP003.PNG (ux0:/user/00/trophy/conf/NPWR04037_00/TROP003.PNG), fd: 0xf
[17:47:59.573] |T| [write_file]: install_trophy_context: Writing to fd: 0xf, size: 52209
[17:47:59.574] |T| [close_file]: install_trophy_context: Closing file fd: 0xf
[17:47:59.575] |T| [open_file]: install_trophy_context: Opening file ux0:/user/00/trophy/conf/NPWR04037_00/TROP004.PNG (ux0:/user/00/trophy/conf/NPWR04037_00/TROP004.PNG), fd: 0x10
[17:47:59.576] |T| [close_file]: sceIoClose: Closing file fd: 0xe
[17:47:59.577] |T| [write_file]: install_trophy_context: Writing to fd: 0x10, size: 53578
[17:47:59.579] |T| [close_file]: install_trophy_context: Closing file fd: 0x10
[17:47:59.582] |T| [open_file]: install_trophy_context: Opening file ux0:/user/00/trophy/conf/NPWR04037_00/TROP005.PNG (ux0:/user/00/trophy/conf/NPWR04037_00/TROP005.PNG), fd: 0x11
[17:47:59.583] |T| [write_file]: install_trophy_context: Writing to fd: 0x11, size: 53578
[17:47:59.584] |T| [close_file]: install_trophy_context: Closing file fd: 0x11
[17:47:59.585] |T| [open_file]: install_trophy_context: Opening file ux0:/user/00/trophy/conf/NPWR04037_00/TROP006.PNG (ux0:/user/00/trophy/conf/NPWR04037_00/TROP006.PNG), fd: 0x12
[17:47:59.586] |T| [write_file]: install_trophy_context: Writing to fd: 0x12, size: 53578
[17:47:59.586] |T| [close_file]: install_trophy_context: Closing file fd: 0x12
[17:47:59.587] |T| [open_file]: install_trophy_context: Opening file ux0:/user/00/trophy/conf/NPWR04037_00/TROP007.PNG (ux0:/user/00/trophy/conf/NPWR04037_00/TROP007.PNG), fd: 0x13
[17:47:59.588] |T| [write_file]: install_trophy_context: Writing to fd: 0x13, size: 53578
[17:47:59.588] |I| [export_sceIoOpen]: Opening file: app0:/cdvdroot/sound/SeData.bin
[17:47:59.589] |T| [close_file]: install_trophy_context: Closing file fd: 0x13
[17:47:59.589] |T| [open_file]: sceIoOpen: Opening file app0:/cdvdroot/sound/SeData.bin (ux0:/app/PCSG00134/cdvdroot/sound/SeData.bin), fd: 0x14
[17:47:59.590] |T| [open_file]: install_trophy_context: Opening file ux0:/user/00/trophy/conf/NPWR04037_00/TROP008.PNG (ux0:/user/00/trophy/conf/NPWR04037_00/TROP008.PNG), fd: 0x15
[17:47:59.592] |T| [write_file]: install_trophy_context: Writing to fd: 0x15, size: 53578
[17:47:59.592] |T| [close_file]: install_trophy_context: Closing file fd: 0x15
[17:47:59.593] |T| [open_file]: install_trophy_context: Opening file ux0:/user/00/trophy/conf/NPWR04037_00/TROP009.PNG (ux0:/user/00/trophy/conf/NPWR04037_00/TROP009.PNG), fd: 0x16
[17:47:59.594] |T| [write_file]: install_trophy_context: Writing to fd: 0x16, size: 53578
[17:47:59.594] |T| [close_file]: install_trophy_context: Closing file fd: 0x16
[17:47:59.595] |T| [open_file]: install_trophy_context: Opening file ux0:/user/00/trophy/conf/NPWR04037_00/TROP010.PNG (ux0:/user/00/trophy/conf/NPWR04037_00/TROP010.PNG), fd: 0x17
[17:47:59.595] |T| [close_file]: sceIoClose: Closing file fd: 0x14
[17:47:59.601] |T| [write_file]: install_trophy_context: Writing to fd: 0x17, size: 53578
[17:47:59.602] |T| [close_file]: install_trophy_context: Closing file fd: 0x17
[17:47:59.603] |T| [open_file]: install_trophy_context: Opening file ux0:/user/00/trophy/conf/NPWR04037_00/TROP011.PNG (ux0:/user/00/trophy/conf/NPWR04037_00/TROP011.PNG), fd: 0x18
[17:47:59.604] |T| [write_file]: install_trophy_context: Writing to fd: 0x18, size: 53578
[17:47:59.604] |T| [close_file]: install_trophy_context: Closing file fd: 0x18
[17:47:59.605] |T| [open_file]: install_trophy_context: Opening file ux0:/user/00/trophy/conf/NPWR04037_00/TROP012.PNG (ux0:/user/00/trophy/conf/NPWR04037_00/TROP012.PNG), fd: 0x19
[17:47:59.606] |T| [write_file]: install_trophy_context: Writing to fd: 0x19, size: 53578
[17:47:59.606] |T| [close_file]: install_trophy_context: Closing file fd: 0x19
[17:47:59.607] |T| [open_file]: install_trophy_context: Opening file ux0:/user/00/trophy/conf/NPWR04037_00/TROP013.PNG (ux0:/user/00/trophy/conf/NPWR04037_00/TROP013.PNG), fd: 0x1a
[17:47:59.608] |T| [write_file]: install_trophy_context: Writing to fd: 0x1a, size: 52209
[17:47:59.609] |T| [close_file]: install_trophy_context: Closing file fd: 0x1a
[17:47:59.609] |T| [open_file]: install_trophy_context: Opening file ux0:/user/00/trophy/conf/NPWR04037_00/TROP014.PNG (ux0:/user/00/trophy/conf/NPWR04037_00/TROP014.PNG), fd: 0x1b
[17:47:59.610] |T| [write_file]: install_trophy_context: Writing to fd: 0x1b, size: 53578
[17:47:59.611] |T| [close_file]: install_trophy_context: Closing file fd: 0x1b
[17:47:59.612] |I| [export_sceIoOpen]: Opening file: app0:/cdvdroot/sound/WaveData.bin
[17:47:59.615] |T| [open_file]: install_trophy_context: Opening file ux0:/user/00/trophy/conf/NPWR04037_00/TROP015.PNG (ux0:/user/00/trophy/conf/NPWR04037_00/TROP015.PNG), fd: 0x1c
[17:47:59.616] |T| [open_file]: sceIoOpen: Opening file app0:/cdvdroot/sound/WaveData.bin (ux0:/app/PCSG00134/cdvdroot/sound/WaveData.bin), fd: 0x1d
[17:47:59.617] |T| [write_file]: install_trophy_context: Writing to fd: 0x1c, size: 53578
[17:47:59.619] |T| [close_file]: install_trophy_context: Closing file fd: 0x1c
[17:47:59.619] |T| [open_file]: install_trophy_context: Opening file ux0:/user/00/trophy/conf/NPWR04037_00/TROP016.PNG (ux0:/user/00/trophy/conf/NPWR04037_00/TROP016.PNG), fd: 0x1e
[17:47:59.620] |T| [write_file]: install_trophy_context: Writing to fd: 0x1e, size: 53578
[17:47:59.621] |T| [close_file]: install_trophy_context: Closing file fd: 0x1e
[17:47:59.622] |T| [open_file]: install_trophy_context: Opening file ux0:/user/00/trophy/conf/NPWR04037_00/TROP017.PNG (ux0:/user/00/trophy/conf/NPWR04037_00/TROP017.PNG), fd: 0x1f
[17:47:59.622] |T| [close_file]: sceIoClose: Closing file fd: 0x1d
[17:47:59.623] |T| [write_file]: install_trophy_context: Writing to fd: 0x1f, size: 53423
[17:47:59.624] |T| [close_file]: install_trophy_context: Closing file fd: 0x1f
[17:47:59.625] |T| [open_file]: install_trophy_context: Opening file ux0:/user/00/trophy/conf/NPWR04037_00/TROP018.PNG (ux0:/user/00/trophy/conf/NPWR04037_00/TROP018.PNG), fd: 0x20
[17:47:59.625] |T| [write_file]: install_trophy_context: Writing to fd: 0x20, size: 52209
[17:47:59.626] |T| [close_file]: install_trophy_context: Closing file fd: 0x20
[17:47:59.627] |T| [open_file]: install_trophy_context: Opening file ux0:/user/00/trophy/conf/NPWR04037_00/TROP019.PNG (ux0:/user/00/trophy/conf/NPWR04037_00/TROP019.PNG), fd: 0x21
[17:47:59.632] |T| [write_file]: install_trophy_context: Writing to fd: 0x21, size: 52209
[17:47:59.632] |T| [close_file]: install_trophy_context: Closing file fd: 0x21
[17:47:59.633] |T| [open_file]: install_trophy_context: Opening file ux0:/user/00/trophy/conf/NPWR04037_00/TROP020.PNG (ux0:/user/00/trophy/conf/NPWR04037_00/TROP020.PNG), fd: 0x22
[17:47:59.634] |T| [write_file]: install_trophy_context: Writing to fd: 0x22, size: 53578
[17:47:59.635] |T| [close_file]: install_trophy_context: Closing file fd: 0x22
[17:47:59.635] |T| [open_file]: install_trophy_context: Opening file ux0:/user/00/trophy/conf/NPWR04037_00/TROP021.PNG (ux0:/user/00/trophy/conf/NPWR04037_00/TROP021.PNG), fd: 0x23
[17:47:59.636] |T| [write_file]: install_trophy_context: Writing to fd: 0x23, size: 53578
[17:47:59.637] |T| [close_file]: install_trophy_context: Closing file fd: 0x23
[17:47:59.637] |I| [export_sceIoOpen]: Opening file: app0:/cdvdroot/sound/WaveData.bin
[17:47:59.638] |T| [open_file]: install_trophy_context: Opening file ux0:/user/00/trophy/conf/NPWR04037_00/TROP022.PNG (ux0:/user/00/trophy/conf/NPWR04037_00/TROP022.PNG), fd: 0x24
[17:47:59.638] |T| [open_file]: sceIoOpen: Opening file app0:/cdvdroot/sound/WaveData.bin (ux0:/app/PCSG00134/cdvdroot/sound/WaveData.bin), fd: 0x25
[17:47:59.639] |T| [write_file]: install_trophy_context: Writing to fd: 0x24, size: 53578
[17:47:59.641] |T| [close_file]: install_trophy_context: Closing file fd: 0x24
[17:47:59.641] |T| [open_file]: install_trophy_context: Opening file ux0:/user/00/trophy/conf/NPWR04037_00/TROP023.PNG (ux0:/user/00/trophy/conf/NPWR04037_00/TROP023.PNG), fd: 0x26
[17:47:59.643] |T| [write_file]: install_trophy_context: Writing to fd: 0x26, size: 53578
[17:47:59.643] |T| [close_file]: install_trophy_context: Closing file fd: 0x26
[17:47:59.644] |T| [close_file]: sceIoClose: Closing file fd: 0x25
[17:47:59.648] |T| [open_file]: install_trophy_context: Opening file ux0:/user/00/trophy/conf/NPWR04037_00/TROP024.PNG (ux0:/user/00/trophy/conf/NPWR04037_00/TROP024.PNG), fd: 0x27
[17:47:59.649] |T| [write_file]: install_trophy_context: Writing to fd: 0x27, size: 53578
[17:47:59.650] |T| [close_file]: install_trophy_context: Closing file fd: 0x27
[17:47:59.651] |T| [open_file]: install_trophy_context: Opening file ux0:/user/00/trophy/conf/NPWR04037_00/TROP025.PNG (ux0:/user/00/trophy/conf/NPWR04037_00/TROP025.PNG), fd: 0x28
[17:47:59.651] |T| [write_file]: install_trophy_context: Writing to fd: 0x28, size: 53578
[17:47:59.652] |T| [close_file]: install_trophy_context: Closing file fd: 0x28
[17:47:59.653] |T| [open_file]: install_trophy_context: Opening file ux0:/user/00/trophy/conf/NPWR04037_00/TROP026.PNG (ux0:/user/00/trophy/conf/NPWR04037_00/TROP026.PNG), fd: 0x29
[17:47:59.654] |T| [write_file]: install_trophy_context: Writing to fd: 0x29, size: 53578
[17:47:59.654] |T| [close_file]: install_trophy_context: Closing file fd: 0x29
[17:47:59.655] |T| [open_file]: install_trophy_context: Opening file ux0:/user/00/trophy/conf/NPWR04037_00/TROP027.PNG (ux0:/user/00/trophy/conf/NPWR04037_00/TROP027.PNG), fd: 0x2a
[17:47:59.656] |T| [write_file]: install_trophy_context: Writing to fd: 0x2a, size: 53423
[17:47:59.656] |T| [close_file]: install_trophy_context: Closing file fd: 0x2a
[17:47:59.657] |T| [open_file]: install_trophy_context: Opening file ux0:/user/00/trophy/conf/NPWR04037_00/TROP028.PNG (ux0:/user/00/trophy/conf/NPWR04037_00/TROP028.PNG), fd: 0x2b
[17:47:59.658] |T| [write_file]: install_trophy_context: Writing to fd: 0x2b, size: 53423
[17:47:59.662] |T| [close_file]: install_trophy_context: Closing file fd: 0x2b
[17:47:59.662] |I| [export_sceIoOpen]: Opening file: app0:/cdvdroot/sound/TrSeData.bin
[17:47:59.663] |T| [open_file]: install_trophy_context: Opening file ux0:/user/00/trophy/conf/NPWR04037_00/TROP029.PNG (ux0:/user/00/trophy/conf/NPWR04037_00/TROP029.PNG), fd: 0x2c
[17:47:59.663] |T| [open_file]: sceIoOpen: Opening file app0:/cdvdroot/sound/TrSeData.bin (ux0:/app/PCSG00134/cdvdroot/sound/TrSeData.bin), fd: 0x2d
[17:47:59.664] |T| [write_file]: install_trophy_context: Writing to fd: 0x2c, size: 53423
[17:47:59.666] |T| [close_file]: install_trophy_context: Closing file fd: 0x2c
[17:47:59.667] |T| [open_file]: install_trophy_context: Opening file ux0:/user/00/trophy/conf/NPWR04037_00/TROP030.PNG (ux0:/user/00/trophy/conf/NPWR04037_00/TROP030.PNG), fd: 0x2e
[17:47:59.668] |T| [write_file]: install_trophy_context: Writing to fd: 0x2e, size: 53578
[17:47:59.668] |T| [close_file]: install_trophy_context: Closing file fd: 0x2e
[17:47:59.669] |T| [open_file]: install_trophy_context: Opening file ux0:/user/00/trophy/conf/NPWR04037_00/TROP031.PNG (ux0:/user/00/trophy/conf/NPWR04037_00/TROP031.PNG), fd: 0x2f
[17:47:59.670] |T| [write_file]: install_trophy_context: Writing to fd: 0x2f, size: 53578
[17:47:59.670] |T| [close_file]: sceIoClose: Closing file fd: 0x2d
[17:47:59.670] |T| [close_file]: install_trophy_context: Closing file fd: 0x2f
[17:47:59.672] |T| [open_file]: install_trophy_context: Opening file ux0:/user/00/trophy/conf/NPWR04037_00/TROP032.PNG (ux0:/user/00/trophy/conf/NPWR04037_00/TROP032.PNG), fd: 0x30
[17:47:59.673] |T| [write_file]: install_trophy_context: Writing to fd: 0x30, size: 53578
[17:47:59.673] |T| [close_file]: install_trophy_context: Closing file fd: 0x30
[17:47:59.678] |T| [open_file]: install_trophy_context: Opening file ux0:/user/00/trophy/conf/NPWR04037_00/TROP033.PNG (ux0:/user/00/trophy/conf/NPWR04037_00/TROP033.PNG), fd: 0x31
[17:47:59.679] |T| [write_file]: install_trophy_context: Writing to fd: 0x31, size: 53578
[17:47:59.679] |T| [close_file]: install_trophy_context: Closing file fd: 0x31
[17:47:59.680] |T| [open_file]: install_trophy_context: Opening file ux0:/user/00/trophy/conf/NPWR04037_00/TROP034.PNG (ux0:/user/00/trophy/conf/NPWR04037_00/TROP034.PNG), fd: 0x32
[17:47:59.681] |T| [write_file]: install_trophy_context: Writing to fd: 0x32, size: 53578
[17:47:59.682] |T| [close_file]: install_trophy_context: Closing file fd: 0x32
[17:47:59.682] |T| [open_file]: install_trophy_context: Opening file ux0:/user/00/trophy/conf/NPWR04037_00/TROP035.PNG (ux0:/user/00/trophy/conf/NPWR04037_00/TROP035.PNG), fd: 0x33
[17:47:59.683] |T| [write_file]: install_trophy_context: Writing to fd: 0x33, size: 53578
[17:47:59.684] |T| [close_file]: install_trophy_context: Closing file fd: 0x33
[17:47:59.685] |T| [open_file]: install_trophy_context: Opening file ux0:/user/00/trophy/conf/NPWR04037_00/TROP036.PNG (ux0:/user/00/trophy/conf/NPWR04037_00/TROP036.PNG), fd: 0x34
[17:47:59.685] |T| [write_file]: install_trophy_context: Writing to fd: 0x34, size: 53578
[17:47:59.686] |T| [close_file]: install_trophy_context: Closing file fd: 0x34
[17:47:59.687] |T| [open_file]: install_trophy_context: Opening file ux0:/user/00/trophy/conf/NPWR04037_00/TROP037.PNG (ux0:/user/00/trophy/conf/NPWR04037_00/TROP037.PNG), fd: 0x35
[17:47:59.687] |I| [export_sceIoOpen]: Opening file: app0:/cdvdroot/sound/TrSeData.bin
[17:47:59.688] |T| [write_file]: install_trophy_context: Writing to fd: 0x35, size: 52209
[17:47:59.688] |T| [open_file]: sceIoOpen: Opening file app0:/cdvdroot/sound/TrSeData.bin (ux0:/app/PCSG00134/cdvdroot/sound/TrSeData.bin), fd: 0x36
[17:47:59.689] |T| [close_file]: install_trophy_context: Closing file fd: 0x35
[17:47:59.694] |T| [open_file]: install_trophy_context: Opening file ux0:/user/00/trophy/conf/NPWR04037_00/TROP038.PNG (ux0:/user/00/trophy/conf/NPWR04037_00/TROP038.PNG), fd: 0x37
[17:47:59.695] |T| [write_file]: install_trophy_context: Writing to fd: 0x37, size: 52209
[17:47:59.696] |T| [close_file]: install_trophy_context: Closing file fd: 0x37
[17:47:59.696] |T| [close_file]: create_trophy_context: Closing file fd: 0x7
[17:47:59.697] |T| [export_sceNpTrophyCreateContext]: Trophy context for NPWR04037_00 create successfuly!
[17:47:59.697] |W| [stubbed_impl]: Stubbed sceNpTrophyCreateHandle import called. (Stubbed handle with 1)
[17:47:59.698] |T| [close_file]: sceIoClose: Closing file fd: 0x36
[17:47:59.700] |W| [unimplemented_impl]: Unimplemented sceCommonDialogUpdate import called.
[17:47:59.715] |W| [unimplemented_impl]: Unimplemented sceCommonDialogSetConfigParam import called.
[17:47:59.723] |I| [export_sceIoOpen]: Opening file: app0:/cdvdroot/sound/WaveData.bin
[17:47:59.724] |T| [open_file]: sceIoOpen: Opening file app0:/cdvdroot/sound/WaveData.bin (ux0:/app/PCSG00134/cdvdroot/sound/WaveData.bin), fd: 0x38
[17:47:59.729] |T| [close_file]: sceIoClose: Closing file fd: 0x38
[17:47:59.745] |E| [logging::ret_error_impl]: sceMsgDialogAbort returned SCE_COMMON_DIALOG_ERROR_NOT_IN_USE (0x80020411)
[17:47:59.754] |I| [export_sceIoOpen]: Opening file: app0:/cdvdroot/sound/WaveData.bin
[17:47:59.755] |T| [open_file]: sceIoOpen: Opening file app0:/cdvdroot/sound/WaveData.bin (ux0:/app/PCSG00134/cdvdroot/sound/WaveData.bin), fd: 0x39
[17:47:59.760] |T| [close_file]: sceIoClose: Closing file fd: 0x39
[17:47:59.764] |T| [open_file]: sceSaveDataDialogInit: Opening file savedata0:/SlotParam_0.bin (ux0:/user/00/savedata/PCSG00134/SlotParam_0.bin), fd: 0x3a
[17:47:59.764] |T| [close_file]: sceSaveDataDialogInit: Closing file fd: 0x3a
[17:47:59.781] |T| [open_file]: sceAppUtilSaveDataSlotGetParam: Opening file savedata0:/SlotParam_0.bin (ux0:/user/00/savedata/PCSG00134/SlotParam_0.bin), fd: 0x3b
[17:47:59.782] |T| [close_file]: sceAppUtilSaveDataSlotGetParam: Closing file fd: 0x3b
[17:47:59.787] |I| [export_sceIoOpen]: Opening file: savedata0:00
[17:47:59.787] |T| [open_file]: sceIoOpen: Opening file savedata0:00 (ux0:/user/00/savedata/PCSG00134/00), fd: 0x3c
[17:47:59.788] |T| [close_file]: sceIoClose: Closing file fd: 0x3c
[17:47:59.793] |I| [export_sceIoOpen]: Opening file: app0:/cdvdroot/sound/WaveData.bin
[17:47:59.794] |T| [open_file]: sceIoOpen: Opening file app0:/cdvdroot/sound/WaveData.bin (ux0:/app/PCSG00134/cdvdroot/sound/WaveData.bin), fd: 0x3d
[17:47:59.799] |T| [close_file]: sceIoClose: Closing file fd: 0x3d
[17:47:59.825] |I| [export_sceIoOpen]: Opening file: app0:/cdvdroot/sound/WaveData.bin
[17:47:59.826] |T| [open_file]: sceIoOpen: Opening file app0:/cdvdroot/sound/WaveData.bin (ux0:/app/PCSG00134/cdvdroot/sound/WaveData.bin), fd: 0x3e
[17:47:59.831] |T| [close_file]: sceIoClose: Closing file fd: 0x3e
[17:47:59.857] |I| [export_sceIoOpen]: Opening file: app0:/cdvdroot/sound/WaveData.bin
[17:47:59.858] |T| [open_file]: sceIoOpen: Opening file app0:/cdvdroot/sound/WaveData.bin (ux0:/app/PCSG00134/cdvdroot/sound/WaveData.bin), fd: 0x3f
[17:47:59.863] |T| [close_file]: sceIoClose: Closing file fd: 0x3f
[17:47:59.888] |I| [export_sceIoOpen]: Opening file: app0:/cdvdroot/sound/WaveData.bin
[17:47:59.889] |T| [open_file]: sceIoOpen: Opening file app0:/cdvdroot/sound/WaveData.bin (ux0:/app/PCSG00134/cdvdroot/sound/WaveData.bin), fd: 0x40
[17:47:59.894] |T| [close_file]: sceIoClose: Closing file fd: 0x40
[17:47:59.930] |I| [export_sceIoOpen]: Opening file: app0:/cdvdroot/sound/WaveData.bin
[17:47:59.931] |T| [open_file]: sceIoOpen: Opening file app0:/cdvdroot/sound/WaveData.bin (ux0:/app/PCSG00134/cdvdroot/sound/WaveData.bin), fd: 0x41
[17:47:59.936] |T| [close_file]: sceIoClose: Closing file fd: 0x41
[17:47:59.961] |I| [export_sceIoOpen]: Opening file: app0:/cdvdroot/sound/WaveData.bin
[17:47:59.962] |T| [open_file]: sceIoOpen: Opening file app0:/cdvdroot/sound/WaveData.bin (ux0:/app/PCSG00134/cdvdroot/sound/WaveData.bin), fd: 0x42
[17:47:59.968] |T| [close_file]: sceIoClose: Closing file fd: 0x42
[17:47:59.998] |I| [export_sceIoOpen]: Opening file: app0:/cdvdroot/sound/strbgm.vas
[17:47:59.999] |T| [open_file]: sceIoOpen: Opening file app0:/cdvdroot/sound/strbgm.vas (ux0:/app/PCSG00134/cdvdroot/sound/strbgm.vas), fd: 0x43
[17:48:00.004] |T| [close_file]: sceIoClose: Closing file fd: 0x43
[17:48:00.014] |I| [export_sceIoOpen]: Opening file: app0:/cdvdroot/sound/strbgm.vas
[17:48:00.015] |T| [open_file]: sceIoOpen: Opening file app0:/cdvdroot/sound/strbgm.vas (ux0:/app/PCSG00134/cdvdroot/sound/strbgm.vas), fd: 0x44
[17:48:00.020] |T| [close_file]: sceIoClose: Closing file fd: 0x44
[17:48:00.030] |I| [export_sceIoOpen]: Opening file: app0:/cdvdroot/sound/strbgm_m.vas
[17:48:00.031] |T| [open_file]: sceIoOpen: Opening file app0:/cdvdroot/sound/strbgm_m.vas (ux0:/app/PCSG00134/cdvdroot/sound/strbgm_m.vas), fd: 0x45
[17:48:00.036] |T| [close_file]: sceIoClose: Closing file fd: 0x45
[17:48:00.047] |I| [export_sceIoOpen]: Opening file: app0:/cdvdroot/sound/strbgm_m.vas
[17:48:00.048] |T| [open_file]: sceIoOpen: Opening file app0:/cdvdroot/sound/strbgm_m.vas (ux0:/app/PCSG00134/cdvdroot/sound/strbgm_m.vas), fd: 0x46
[17:48:00.053] |T| [close_file]: sceIoClose: Closing file fd: 0x46
[17:48:00.063] |I| [export_sceIoOpen]: Opening file: app0:/cdvdroot/sound/strbgm_s.vas
[17:48:00.064] |T| [open_file]: sceIoOpen: Opening file app0:/cdvdroot/sound/strbgm_s.vas (ux0:/app/PCSG00134/cdvdroot/sound/strbgm_s.vas), fd: 0x47
[17:48:00.069] |T| [close_file]: sceIoClose: Closing file fd: 0x47
[17:48:00.079] |I| [export_sceIoOpen]: Opening file: app0:/cdvdroot/sound/strbgm_s.vas
[17:48:00.080] |T| [open_file]: sceIoOpen: Opening file app0:/cdvdroot/sound/strbgm_s.vas (ux0:/app/PCSG00134/cdvdroot/sound/strbgm_s.vas), fd: 0x48
[17:48:00.085] |T| [close_file]: sceIoClose: Closing file fd: 0x48
[17:48:00.095] |I| [export_sceIoOpen]: Opening file: app0:/cdvdroot/sound/strbgm_g.vas
[17:48:00.096] |T| [open_file]: sceIoOpen: Opening file app0:/cdvdroot/sound/strbgm_g.vas (ux0:/app/PCSG00134/cdvdroot/sound/strbgm_g.vas), fd: 0x49
[17:48:00.101] |T| [close_file]: sceIoClose: Closing file fd: 0x49
[17:48:00.111] |I| [export_sceIoOpen]: Opening file: app0:/cdvdroot/sound/strbgm_g.vas
[17:48:00.112] |T| [open_file]: sceIoOpen: Opening file app0:/cdvdroot/sound/strbgm_g.vas (ux0:/app/PCSG00134/cdvdroot/sound/strbgm_g.vas), fd: 0x4a
[17:48:00.118] |T| [close_file]: sceIoClose: Closing file fd: 0x4a
[17:48:00.128] |I| [export_sceIoOpen]: Opening file: app0:/cdvdroot/sound/voice0.bin
[17:48:00.129] |T| [open_file]: sceIoOpen: Opening file app0:/cdvdroot/sound/voice0.bin (ux0:/app/PCSG00134/cdvdroot/sound/voice0.bin), fd: 0x4b
[17:48:00.134] |T| [close_file]: sceIoClose: Closing file fd: 0x4b
[17:48:00.144] |I| [export_sceIoOpen]: Opening file: app0:/cdvdroot/sound/voice0.bin
[17:48:00.145] |T| [open_file]: sceIoOpen: Opening file app0:/cdvdroot/sound/voice0.bin (ux0:/app/PCSG00134/cdvdroot/sound/voice0.bin), fd: 0x4c
[17:48:00.150] |T| [close_file]: sceIoClose: Closing file fd: 0x4c
[17:48:00.160] |I| [export_sceIoOpen]: Opening file: app0:/cdvdroot/sound/voice1.bin
[17:48:00.161] |T| [open_file]: sceIoOpen: Opening file app0:/cdvdroot/sound/voice1.bin (ux0:/app/PCSG00134/cdvdroot/sound/voice1.bin), fd: 0x4d
[17:48:00.166] |T| [close_file]: sceIoClose: Closing file fd: 0x4d
[17:48:00.176] |I| [export_sceIoOpen]: Opening file: app0:/cdvdroot/sound/voice1.bin
[17:48:00.177] |T| [open_file]: sceIoOpen: Opening file app0:/cdvdroot/sound/voice1.bin (ux0:/app/PCSG00134/cdvdroot/sound/voice1.bin), fd: 0x4e
[17:48:00.182] |T| [close_file]: sceIoClose: Closing file fd: 0x4e
[17:48:00.192] |I| [export_sceIoOpen]: Opening file: app0:/cdvdroot/sound/voice2.bin
[17:48:00.193] |T| [open_file]: sceIoOpen: Opening file app0:/cdvdroot/sound/voice2.bin (ux0:/app/PCSG00134/cdvdroot/sound/voice2.bin), fd: 0x4f
[17:48:00.198] |T| [close_file]: sceIoClose: Closing file fd: 0x4f
[17:48:00.208] |I| [export_sceIoOpen]: Opening file: app0:/cdvdroot/sound/voice2.bin
[17:48:00.209] |T| [open_file]: sceIoOpen: Opening file app0:/cdvdroot/sound/voice2.bin (ux0:/app/PCSG00134/cdvdroot/sound/voice2.bin), fd: 0x50
[17:48:00.214] |T| [close_file]: sceIoClose: Closing file fd: 0x50
[17:48:00.224] |I| [export_sceIoOpen]: Opening file: app0:/cdvdroot/sound/voice3.bin
[17:48:00.224] |T| [open_file]: sceIoOpen: Opening file app0:/cdvdroot/sound/voice3.bin (ux0:/app/PCSG00134/cdvdroot/sound/voice3.bin), fd: 0x51
[17:48:00.230] |T| [close_file]: sceIoClose: Closing file fd: 0x51
[17:48:00.240] |I| [export_sceIoOpen]: Opening file: app0:/cdvdroot/sound/voice3.bin
[17:48:00.241] |T| [open_file]: sceIoOpen: Opening file app0:/cdvdroot/sound/voice3.bin (ux0:/app/PCSG00134/cdvdroot/sound/voice3.bin), fd: 0x52
[17:48:00.246] |T| [close_file]: sceIoClose: Closing file fd: 0x52
[17:48:00.256] |I| [export_sceIoOpen]: Opening file: app0:/cdvdroot/sound/voice4.bin
[17:48:00.257] |T| [open_file]: sceIoOpen: Opening file app0:/cdvdroot/sound/voice4.bin (ux0:/app/PCSG00134/cdvdroot/sound/voice4.bin), fd: 0x53
[17:48:00.262] |T| [close_file]: sceIoClose: Closing file fd: 0x53
[17:48:00.272] |I| [export_sceIoOpen]: Opening file: app0:/cdvdroot/sound/voice4.bin
[17:48:00.273] |T| [open_file]: sceIoOpen: Opening file app0:/cdvdroot/sound/voice4.bin (ux0:/app/PCSG00134/cdvdroot/sound/voice4.bin), fd: 0x54
[17:48:00.278] |T| [close_file]: sceIoClose: Closing file fd: 0x54
[17:48:00.288] |I| [export_sceIoOpen]: Opening file: app0:/cdvdroot/sound/voice5.bin
[17:48:00.289] |T| [open_file]: sceIoOpen: Opening file app0:/cdvdroot/sound/voice5.bin (ux0:/app/PCSG00134/cdvdroot/sound/voice5.bin), fd: 0x55
[17:48:00.294] |T| [close_file]: sceIoClose: Closing file fd: 0x55
[17:48:00.304] |I| [export_sceIoOpen]: Opening file: app0:/cdvdroot/sound/voice5.bin
[17:48:00.305] |T| [open_file]: sceIoOpen: Opening file app0:/cdvdroot/sound/voice5.bin (ux0:/app/PCSG00134/cdvdroot/sound/voice5.bin), fd: 0x56
[17:48:00.310] |T| [close_file]: sceIoClose: Closing file fd: 0x56
[17:48:00.320] |I| [export_sceIoOpen]: Opening file: app0:/cdvdroot/sound/voice6.bin
[17:48:00.321] |T| [open_file]: sceIoOpen: Opening file app0:/cdvdroot/sound/voice6.bin (ux0:/app/PCSG00134/cdvdroot/sound/voice6.bin), fd: 0x57
[17:48:00.326] |T| [close_file]: sceIoClose: Closing file fd: 0x57
[17:48:00.336] |I| [export_sceIoOpen]: Opening file: app0:/cdvdroot/sound/voice6.bin
[17:48:00.337] |T| [open_file]: sceIoOpen: Opening file app0:/cdvdroot/sound/voice6.bin (ux0:/app/PCSG00134/cdvdroot/sound/voice6.bin), fd: 0x58
[17:48:00.342] |T| [close_file]: sceIoClose: Closing file fd: 0x58
[17:48:00.352] |I| [export_sceIoOpen]: Opening file: app0:/cdvdroot/sound/voice7.bin
[17:48:00.353] |T| [open_file]: sceIoOpen: Opening file app0:/cdvdroot/sound/voice7.bin (ux0:/app/PCSG00134/cdvdroot/sound/voice7.bin), fd: 0x59
[17:48:00.358] |T| [close_file]: sceIoClose: Closing file fd: 0x59
[17:48:00.368] |I| [export_sceIoOpen]: Opening file: app0:/cdvdroot/sound/voice7.bin
[17:48:00.369] |T| [open_file]: sceIoOpen: Opening file app0:/cdvdroot/sound/voice7.bin (ux0:/app/PCSG00134/cdvdroot/sound/voice7.bin), fd: 0x5a
[17:48:00.374] |T| [close_file]: sceIoClose: Closing file fd: 0x5a
[17:48:00.384] |I| [export_sceIoOpen]: Opening file: app0:/cdvdroot/sound/voice8.bin
[17:48:00.385] |T| [open_file]: sceIoOpen: Opening file app0:/cdvdroot/sound/voice8.bin (ux0:/app/PCSG00134/cdvdroot/sound/voice8.bin), fd: 0x5b
[17:48:00.390] |T| [close_file]: sceIoClose: Closing file fd: 0x5b
[17:48:00.400] |I| [export_sceIoOpen]: Opening file: app0:/cdvdroot/sound/voice8.bin
[17:48:00.401] |T| [open_file]: sceIoOpen: Opening file app0:/cdvdroot/sound/voice8.bin (ux0:/app/PCSG00134/cdvdroot/sound/voice8.bin), fd: 0x5c
[17:48:00.406] |T| [close_file]: sceIoClose: Closing file fd: 0x5c
[17:48:00.416] |I| [export_sceIoOpen]: Opening file: app0:/cdvdroot/sound/voice9.bin
[17:48:00.417] |T| [open_file]: sceIoOpen: Opening file app0:/cdvdroot/sound/voice9.bin (ux0:/app/PCSG00134/cdvdroot/sound/voice9.bin), fd: 0x5d
[17:48:00.422] |T| [close_file]: sceIoClose: Closing file fd: 0x5d
[17:48:00.432] |I| [export_sceIoOpen]: Opening file: app0:/cdvdroot/sound/voice9.bin
[17:48:00.433] |T| [open_file]: sceIoOpen: Opening file app0:/cdvdroot/sound/voice9.bin (ux0:/app/PCSG00134/cdvdroot/sound/voice9.bin), fd: 0x5e
[17:48:00.438] |T| [close_file]: sceIoClose: Closing file fd: 0x5e
[17:48:00.448] |I| [export_sceIoOpen]: Opening file: app0:/cdvdroot/sound/voice10.bin
[17:48:00.449] |T| [open_file]: sceIoOpen: Opening file app0:/cdvdroot/sound/voice10.bin (ux0:/app/PCSG00134/cdvdroot/sound/voice10.bin), fd: 0x5f
[17:48:00.454] |T| [close_file]: sceIoClose: Closing file fd: 0x5f
[17:48:00.464] |I| [export_sceIoOpen]: Opening file: app0:/cdvdroot/sound/voice10.bin
[17:48:00.465] |T| [open_file]: sceIoOpen: Opening file app0:/cdvdroot/sound/voice10.bin (ux0:/app/PCSG00134/cdvdroot/sound/voice10.bin), fd: 0x60
[17:48:00.470] |T| [close_file]: sceIoClose: Closing file fd: 0x60
[17:48:00.480] |I| [export_sceIoOpen]: Opening file: app0:/cdvdroot/sound/voice11.bin
[17:48:00.481] |T| [open_file]: sceIoOpen: Opening file app0:/cdvdroot/sound/voice11.bin (ux0:/app/PCSG00134/cdvdroot/sound/voice11.bin), fd: 0x61
[17:48:00.486] |T| [close_file]: sceIoClose: Closing file fd: 0x61
[17:48:00.491] |I| [renderer::vulkan::PipelineCache::retrieve_shader]: Generating vulkan spv shader 21d00446c2666c189ce1f5f780f9b6f8e24e9560ca67046fa8b9258ed19e10ed
[17:48:00.492] |I| [renderer::load_shader_generic]: Generating vert.spv.txt shader 21d00446c2666c189ce1f5f780f9b6f8e24e9560ca67046fa8b9258ed19e10ed
[17:48:00.494] |D| [shader::create_parameters]: [BUFFER0  + 0] pa0 = (float4) v_Pos
[17:48:00.494] |D| [shader::create_parameters]: [BUFFER0  + 4] pa4 = (float4) v_Color
[17:48:00.494] |D| [shader::create_parameters]: [BUFFER0  + 8] pa8 = (float4) v_Tex
[17:48:00.495] |D| [shader::create_parameters]: [DEFAULT  + 16] sa16 = (float4) wMtx[3]
[17:48:00.496] |D| [shader::create_parameters]: [DEFAULT  + 0] sa0 = (float4) projMtx[4]
[17:48:00.496] |I| [export_sceIoOpen]: Opening file: app0:/cdvdroot/sound/voice11.bin
[17:48:00.496] |D| [shader::create_parameters]: [DEFAULT  + 28] sa28 = (float4) g_scissorRect
[17:48:00.497] |T| [open_file]: sceIoOpen: Opening file app0:/cdvdroot/sound/voice11.bin (ux0:/app/PCSG00134/cdvdroot/sound/voice11.bin), fd: 0x62
[17:48:00.498] |T| [shader::usse::USSERecompiler::compile_code_node]: Compiling code_0, size = 5
[17:48:00.505] |T| [shader::usse::USSERecompiler::compile_code_node]: Compiling code_0, size = 12
[17:48:00.507] |T| [close_file]: sceIoClose: Closing file fd: 0x62
[17:48:00.518] |I| [export_sceIoOpen]: Opening file: app0:/cdvdroot/sound/voice12.bin
[17:48:00.520] |T| [open_file]: sceIoOpen: Opening file app0:/cdvdroot/sound/voice12.bin (ux0:/app/PCSG00134/cdvdroot/sound/voice12.bin), fd: 0x63
[17:48:00.521] |I| [renderer::vulkan::PipelineCache::retrieve_shader]: Generating vulkan spv shader 4085964cce75db3d56e6e04a379c12469599f9dc3b0a9bb86002bf43999ac471
[17:48:00.522] |I| [renderer::load_shader_generic]: Generating frag.spv.txt shader 4085964cce75db3d56e6e04a379c12469599f9dc3b0a9bb86002bf43999ac471
[17:48:00.523] |D| [shader::create_fragment_inputs]: Iterator: pa0 = (float4) v_Color0
[17:48:00.524] |T| [shader::create_fragment_inputs]: pa4 = tex2D<float4>(srcSampler, TEXCOORD0.xy)
[17:48:00.524] |T| [shader::usse::USSERecompiler::compile_code_node]: Compiling code_0, size = 5
[17:48:00.525] |T| [close_file]: sceIoClose: Closing file fd: 0x63
[17:48:00.532] |I| [renderer::vulkan::PipelineCache::retrieve_shader]: Generating vulkan spv shader 2bb4475123e4473456c1052cfa4d87d29660b0eff4fd25e754c8779ad2a1ecae
[17:48:00.534] |I| [renderer::load_shader_generic]: Generating vert.spv.txt shader 2bb4475123e4473456c1052cfa4d87d29660b0eff4fd25e754c8779ad2a1ecae
[17:48:00.536] |D| [shader::create_parameters]: [BUFFER0  + 0] pa0 = (float4) v_Pos
[17:48:00.536] |D| [shader::create_parameters]: [BUFFER0  + 4] pa4 = (float4) v_Color
[17:48:00.537] |D| [shader::create_parameters]: [DEFAULT  + 16] sa16 = (float4) wMtx[3]
[17:48:00.537] |I| [export_sceIoOpen]: Opening file: app0:/cdvdroot/sound/voice12.bin
[17:48:00.537] |D| [shader::create_parameters]: [DEFAULT  + 0] sa0 = (float4) projMtx[4]
[17:48:00.538] |T| [open_file]: sceIoOpen: Opening file app0:/cdvdroot/sound/voice12.bin (ux0:/app/PCSG00134/cdvdroot/sound/voice12.bin), fd: 0x64
[17:48:00.539] |D| [shader::create_parameters]: [DEFAULT  + 28] sa28 = (float4) g_scissorRect
[17:48:00.540] |T| [shader::usse::USSERecompiler::compile_code_node]: Compiling code_0, size = 5
[17:48:00.543] |T| [shader::usse::USSERecompiler::compile_code_node]: Compiling code_0, size = 12
[17:48:00.544] |T| [close_file]: sceIoClose: Closing file fd: 0x64
[17:48:00.555] |I| [export_sceIoOpen]: Opening file: app0:/cdvdroot/sound/voice14.bin
[17:48:00.557] |T| [open_file]: sceIoOpen: Opening file app0:/cdvdroot/sound/voice14.bin (ux0:/app/PCSG00134/cdvdroot/sound/voice14.bin), fd: 0x65
[17:48:00.559] |I| [renderer::vulkan::PipelineCache::retrieve_shader]: Generating vulkan spv shader 40c39c5ea6096eecf3bae3497984b55ad44ba6edb682f8ffab571340ae604833
[17:48:00.560] |I| [renderer::load_shader_generic]: Generating frag.spv.txt shader 40c39c5ea6096eecf3bae3497984b55ad44ba6edb682f8ffab571340ae604833
[17:48:00.561] |D| [shader::create_fragment_inputs]: Iterator: pa0 = (float4) v_Color0
[17:48:00.561] |T| [shader::usse::USSERecompiler::compile_code_node]: Compiling code_0, size = 2
[17:48:00.563] |T| [close_file]: sceIo