[22:36:22.148] |I| [config::init_config]: backend-renderer: OpenGL
[22:36:22.148] |I| [config::init_config]: log-level: 0
[22:36:22.353] |I| [SDL_main]: Vita3K v0.1.5 2789-0cc549e1
[22:36:22.353] |I| [SDL_main]: Number of logical CPU cores: 32
[22:36:22.353] |I| [SDL_main]: Available ram memory: 32648 MiB
[22:36:22.495] |I| [renderer::gl::create]: GPU = NVIDIA GeForce RTX 3060 Ti/PCIe/SSE2
[22:36:22.496] |I| [renderer::gl::create]: GL_VERSION = 4.6.0 NVIDIA 512.95
[22:36:22.496] |I| [renderer::gl::create]: GL_SHADING_LANGUAGE_VERSION = 4.60 NVIDIA
[22:36:22.496] |I| [renderer::gl::create]: Your GPU supports shader interlock, some games that use programmable blending will have better performance.
[22:39:48.447] |I| [gui::set_vsync_state]: V-Sync state: true
[22:39:48.470] |I| [load_app_impl]: cpu-backend: Dynarmic
[22:39:48.470] |I| [load_app_impl]: CPU Optimisation state: true
[22:39:48.470] |I| [load_app_impl]: ngs state: true
[22:39:48.470] |I| [load_app_impl]: Resolution multiplier: 3
[22:39:48.477] |I| [load_app_impl]: 1 Controllers Connected
[22:39:48.477] |I| [load_app_impl]: Controller 0: PS5 Controller
[22:39:48.477] |I| [load_app_impl]: modules mode: Automatic
[22:39:48.477] |I| [load_app_impl]: Title: 実況パワフルプロ野球２０１３
[22:39:48.477] |I| [load_app_impl]: Serial: PCSG00207
[22:39:48.477] |I| [load_app_impl]: Version: 1.00
[22:39:48.477] |I| [load_app_impl]: Category: gd
[22:39:48.487] |C| [load_self]: Unknown segment type 0x6FFFFF01
[22:39:48.487] |I| [load_self]: Loaded module segment 0 @ [0x00007000 - 0x000543BC / 0x81000000] (size: 0x0004D3BC) of module app0:sce_module/libc.suprx
[22:39:48.487] |I| [load_self]: Loaded module segment 1 @ [0x00055000 - 0x000576F0 / 0x8104E000] (size: 0x000026F0) of module app0:sce_module/libc.suprx
[22:39:48.487] |I| [load_self]: Loading symbols for SELF: app0:sce_module/libc.suprx
[22:39:48.488] |D| [load_var_exports]: 	NID 0x936C8A78 (SYSLYB) at 0x4A164
[22:39:48.490] |D| [load_var_exports]: 	NID 0x6C2224BA (NID_MODULE_INFO) at 0x400FC
[22:39:48.490] |W| [load_var_imports]: 	NID NOT FOUND 0x93B8AA67 (UNRECOGNISED) at 0x440BC, setting to stub value 0xDEADBEEF
[22:39:48.491] |W| [load_var_imports]: 	NID NOT FOUND 0xDF084DFA (UNRECOGNISED) at 0x45B70, setting to stub value 0xDEADBEEF
[22:39:48.492] |I| [pre_load_module]: Pre-load module SceLibc (at "sce_module/libc.suprx") loaded
[22:39:48.498] |C| [load_self]: Unknown segment type 0x6FFFFF01
[22:39:48.498] |I| [load_self]: Loaded module segment 0 @ [0x0005A000 - 0x0008512C / 0x81000000] (size: 0x0002B12C) of module app0:sce_module/libfios2.suprx
[22:39:48.499] |I| [load_self]: Loaded module segment 1 @ [0x00086000 - 0x0008B23D / 0x8102C000] (size: 0x0000523D) of module app0:sce_module/libfios2.suprx
[22:39:48.500] |I| [load_self]: Loading symbols for SELF: app0:sce_module/libfios2.suprx
[22:39:48.500] |D| [load_var_exports]: 	NID 0x936C8A78 (SYSLYB) at 0x85034
[22:39:48.501] |D| [load_var_exports]: 	NID 0x6C2224BA (NID_MODULE_INFO) at 0x7C548
[22:39:48.501] |I| [pre_load_module]: Pre-load module SceLibFios2 (at "sce_module/libfios2.suprx") loaded
[22:39:48.505] |C| [load_self]: Unknown segment type 0x6FFFFF01
[22:39:48.506] |I| [load_self]: Loaded module segment 0 @ [0x0008C000 - 0x0009F84C / 0x81000000] (size: 0x0001384C) of module app0:sce_module/libult.suprx
[22:39:48.507] |I| [load_self]: Loaded module segment 1 @ [0x000A0000 - 0x000A0814 / 0x81014000] (size: 0x00000814) of module app0:sce_module/libult.suprx
[22:39:48.508] |I| [load_self]: Loading symbols for SELF: app0:sce_module/libult.suprx
[22:39:48.508] |D| [load_var_exports]: 	NID 0x936C8A78 (SYSLYB) at 0x9E1A8
[22:39:48.509] |D| [load_var_exports]: 	NID 0x6C2224BA (NID_MODULE_INFO) at 0x9B738
[22:39:48.509] |I| [pre_load_module]: Pre-load module SceUlt (at "sce_module/libult.suprx") loaded
[22:39:48.516] |I| [load_self]: Loaded module segment 0 @ [0x000A1000 - 0x000F1F04 / 0x81000000] (size: 0x00050F04) of module vs0:sys/external/libSceFt2.suprx
[22:39:48.517] |I| [load_self]: Loaded module segment 1 @ [0x000F2000 - 0x000F22F4 / 0x81051000] (size: 0x000002F4) of module vs0:sys/external/libSceFt2.suprx
[22:39:48.518] |I| [load_self]: Loading symbols for SELF: vs0:sys/external/libSceFt2.suprx
[22:39:48.518] |D| [load_var_exports]: 	NID 0x936C8A78 (SYSLYB) at 0xDD7DC
[22:39:48.519] |D| [load_var_exports]: 	NID 0x6C2224BA (NID_MODULE_INFO) at 0xDCF10
[22:39:48.519] |I| [pre_load_module]: Pre-load module SceLibft2 (at "sys/external/libSceFt2.suprx") loaded
[22:39:48.522] |I| [load_self]: Loaded module segment 0 @ [0x000F3000 - 0x00102F14 / 0x81000000] (size: 0x0000FF14) of module vs0:sys/external/libpvf.suprx
[22:39:48.523] |I| [load_self]: Loaded module segment 1 @ [0x00103000 - 0x00103008 / 0x81010000] (size: 0x00000008) of module vs0:sys/external/libpvf.suprx
[22:39:48.524] |I| [load_self]: Loading symbols for SELF: vs0:sys/external/libpvf.suprx
[22:39:48.525] |D| [load_var_exports]: 	NID 0x936C8A78 (SYSLYB) at 0x101710
[22:39:48.525] |D| [load_var_exports]: 	NID 0x6C2224BA (NID_MODULE_INFO) at 0x101300
[22:39:48.526] |I| [pre_load_module]: Pre-load module SceLibPvf (at "sys/external/libpvf.suprx") loaded
[22:39:48.738] |C| [load_self]: Unknown segment type 0x6FFFFF01
[22:39:48.739] |I| [load_self]: Loaded module segment 0 @ [0x81000000 - 0x8192CF2C / 0x81000000] (size: 0x0092CF2C) of module app0:eboot.bin
[22:39:48.739] |I| [load_self]: Loaded module segment 1 @ [0x8192D000 - 0x836DFDC5 / 0x8192D000] (size: 0x01DB2DC5) of module app0:eboot.bin
[22:39:48.740] |I| [load_self]: Loading symbols for SELF: app0:eboot.bin
[22:39:48.741] |D| [load_var_exports]: 	NID 0x6C2224BA (NID_MODULE_INFO) at 0x817A0870
[22:39:48.741] |D| [load_var_exports]: 	NID 0x70FBA1E7 (SCE_PROC_PARAMS) at 0x81B6A544
[22:39:48.741] |I| [load_app_impl]: Main executable ppMulti2013_vita (eboot.bin) loaded
[22:39:48.743] |I| [renderer::gl::compile_shader]: frag shader compiled: a2afbf39655f60197b70e52828bbdc42f99146f9a9d555b54070b4621b34cdc0
[22:39:48.744] |I| [renderer::gl::compile_shader]: vert shader compiled: 2bfa37b9a05e46f9411956507c0d6c9c05764e8534e310a865bed13924c8e22e
[22:39:48.745] |I| [renderer::gl::pre_compile_program]: Program Compiled 1/1
[22:39:48.761] |D| [run_app]: Running module_start of library: SceLibc at address 0x7809
[22:39:48.779] |T| [open_file]: sceKernelGetStdin: Opening terminal tty0:
[22:39:48.779] |T| [open_file]: sceKernelGetStdout: Opening terminal tty0:
[22:39:48.779] |T| [open_file]: sceKernelGetStderr: Opening terminal tty0:
[22:39:48.786] |I| [run_app]: Module SceLibc (at "app0:sce_module/libc.suprx") module_start returned 0x0
[22:39:48.790] |D| [run_app]: Running module_start of library: SceLibFios2 at address 0x5A001
[22:39:48.805] |W| [stubbed_impl]: Stubbed sceKernelGetProcessId import called. (pid: 0)
[22:39:48.805] |W| [unimplemented_impl]: Unimplemented sceFiosOverlayGetList02 import called.
[22:39:48.807] |I| [run_app]: Module SceLibFios2 (at "app0:sce_module/libfios2.suprx") module_start returned 0x0
[22:39:48.811] |D| [run_app]: Running module_start of library: SceUlt at address 0x8F661
[22:39:48.824] |W| [unimplemented_impl]: Unimplemented _sceUlobjMgrRegisterLibultProtocolRevision import called.
[22:39:48.825] |I| [run_app]: Module SceUlt (at "app0:sce_module/libult.suprx") module_start returned 0x0
[22:39:49.037] |W| [unimplemented_impl]: Unimplemented sceAppUtilInit import called.
[22:39:49.058] |W| [stubbed_impl]: Stubbed _sceKernelGetThreadInfo import called. (STUB)
[22:39:49.086] |E| [call_import]: Import function for NID 0xD7F0F610 not found (thread name: PCSG00207, thread ID: 8)
[22:39:49.088] |W| [stubbed_impl]: Stubbed _sceKernelWaitSignal import called. (sceKernelWaitSignal)
[22:39:49.104] |W| [stubbed_impl]: Stubbed sceGxmMapFragmentUsseMemory import called. (always return success)
[22:39:49.131] |W| [stubbed_impl]: Stubbed sceGxmMapVertexUsseMemory import called. (always return success)
[22:39:49.140] |W| [unimplemented_impl]: Unimplemented sceGxmColorSurfaceSetGammaMode import called.
[22:39:49.150] |W| [stubbed_impl]: Stubbed sceGxmGetRenderTargetMemSize import called. (2MiB emuenv mem)
[22:39:49.313] |E| [logging::ret_error_impl]: sceKernelTryLockLwMutex returned SCE_KERNEL_ERROR_LW_MUTEX_FAILED_TO_OWN (0x80028185)
[22:39:49.316] |I| [export_sceIoOpen]: Opening file: app0:/cdvdroot/baseball.fbd
[22:39:49.322] |T| [open_file]: sceIoOpen: Opening file app0:/cdvdroot/baseball.fbd (ux0:/app/PCSG00207/cdvdroot/baseball.fbd), fd: 0x3
[22:39:49.380] |W| [stubbed_impl]: Stubbed sceKernelSendSignal import called. (sceKernelSendSignal)
[22:39:49.383] |E| [open_dir]: Directory does not exist at: F:/vita3k/ux0/app/PCSG00207/exdata/ (target path: app0:exdata)
[22:39:49.383] |W| [io_error_impl]: open_dir (_sceIoDopen) returned 0x80010002
[22:39:49.387] |E| [call_import]: Import function for NID 0xF9C0F5DA not found (thread name: PCSG00207, thread ID: 8)
[22:39:49.391] |W| [stubbed_impl]: Stubbed sceKernelSetTimerEvent import called. (Type not implemented.)
[22:39:49.396] |W| [stubbed_impl]: Stubbed __sceAppMgrGetAppState import called. (Set to 0.)
[22:39:49.553] |T| [open_file]: create_trophy_context: Opening file app0:/sce_sys/trophy/NPWR04688_00/TROPHY.TRP (ux0:/app/PCSG00207/sce_sys/trophy/NPWR04688_00/TROPHY.TRP), fd: 0x4
[22:39:49.554] |T| [open_file]: create_trophy_context: Opening file ux0:/user/00/trophy/data/NPWR04688_00/TROPUSR.DAT (ux0:/user/00/trophy/data/NPWR04688_00/TROPUSR.DAT), fd: 0x5
[22:39:49.555] |T| [open_file]: install_trophy_context: Opening file ux0:/user/00/trophy/conf/NPWR04688_00/TROPCONF.SFM (ux0:/user/00/trophy/conf/NPWR04688_00/TROPCONF.SFM), fd: 0x6
[22:39:49.556] |T| [write_file]: install_trophy_context: Writing to fd: 0x6, size: 2648
[22:39:49.556] |T| [close_file]: install_trophy_context: Closing file fd: 0x6
[22:39:49.557] |T| [open_file]: install_trophy_context: Opening file ux0:/user/00/trophy/conf/NPWR04688_00/TROP.SFM (ux0:/user/00/trophy/conf/NPWR04688_00/TROP.SFM), fd: 0x7
[22:39:49.558] |T| [write_file]: install_trophy_context: Writing to fd: 0x7, size: 8065
[22:39:49.558] |T| [close_file]: install_trophy_context: Closing file fd: 0x7
[22:39:49.559] |T| [open_file]: install_trophy_context: Opening file ux0:/user/00/trophy/conf/NPWR04688_00/ICON0.PNG (ux0:/user/00/trophy/conf/NPWR04688_00/ICON0.PNG), fd: 0x8
[22:39:49.559] |T| [write_file]: install_trophy_context: Writing to fd: 0x8, size: 69566
[22:39:49.560] |T| [close_file]: install_trophy_context: Closing file fd: 0x8
[22:39:49.560] |T| [open_file]: install_trophy_context: Opening file ux0:/user/00/trophy/conf/NPWR04688_00/TROP000.PNG (ux0:/user/00/trophy/conf/NPWR04688_00/TROP000.PNG), fd: 0x9
[22:39:49.561] |T| [write_file]: install_trophy_context: Writing to fd: 0x9, size: 53332
[22:39:49.562] |T| [close_file]: install_trophy_context: Closing file fd: 0x9
[22:39:49.562] |T| [open_file]: install_trophy_context: Opening file ux0:/user/00/trophy/conf/NPWR04688_00/TROP001.PNG (ux0:/user/00/trophy/conf/NPWR04688_00/TROP001.PNG), fd: 0xA
[22:39:49.563] |T| [write_file]: install_trophy_context: Writing to fd: 0xA, size: 53578
[22:39:49.563] |T| [close_file]: install_trophy_context: Closing file fd: 0xA
[22:39:49.564] |T| [open_file]: install_trophy_context: Opening file ux0:/user/00/trophy/conf/NPWR04688_00/TROP002.PNG (ux0:/user/00/trophy/conf/NPWR04688_00/TROP002.PNG), fd: 0xB
[22:39:49.565] |T| [write_file]: install_trophy_context: Writing to fd: 0xB, size: 53578
[22:39:49.565] |T| [close_file]: install_trophy_context: Closing file fd: 0xB
[22:39:49.566] |T| [open_file]: install_trophy_context: Opening file ux0:/user/00/trophy/conf/NPWR04688_00/TROP003.PNG (ux0:/user/00/trophy/conf/NPWR04688_00/TROP003.PNG), fd: 0xC
[22:39:49.567] |T| [write_file]: install_trophy_context: Writing to fd: 0xC, size: 53578
[22:39:49.567] |T| [close_file]: install_trophy_context: Closing file fd: 0xC
[22:39:49.568] |T| [open_file]: install_trophy_context: Opening file ux0:/user/00/trophy/conf/NPWR04688_00/TROP004.PNG (ux0:/user/00/trophy/conf/NPWR04688_00/TROP004.PNG), fd: 0xD
[22:39:49.568] |T| [write_file]: install_trophy_context: Writing to fd: 0xD, size: 53423
[22:39:49.569] |T| [close_file]: install_trophy_context: Closing file fd: 0xD
[22:39:49.569] |T| [open_file]: install_trophy_context: Opening file ux0:/user/00/trophy/conf/NPWR04688_00/TROP005.PNG (ux0:/user/00/trophy/conf/NPWR04688_00/TROP005.PNG), fd: 0xE
[22:39:49.570] |T| [write_file]: install_trophy_context: Writing to fd: 0xE, size: 52209
[22:39:49.570] |T| [close_file]: install_trophy_context: Closing file fd: 0xE
[22:39:49.571] |T| [open_file]: install_trophy_context: Opening file ux0:/user/00/trophy/conf/NPWR04688_00/TROP006.PNG (ux0:/user/00/trophy/conf/NPWR04688_00/TROP006.PNG), fd: 0xF
[22:39:49.572] |T| [write_file]: install_trophy_context: Writing to fd: 0xF, size: 53578
[22:39:49.572] |T| [close_file]: install_trophy_context: Closing file fd: 0xF
[22:39:49.573] |T| [open_file]: install_trophy_context: Opening file ux0:/user/00/trophy/conf/NPWR04688_00/TROP007.PNG (ux0:/user/00/trophy/conf/NPWR04688_00/TROP007.PNG), fd: 0x10
[22:39:49.578] |T| [write_file]: install_trophy_context: Writing to fd: 0x10, size: 53578
[22:39:49.578] |T| [close_file]: install_trophy_context: Closing file fd: 0x10
[22:39:49.579] |T| [open_file]: install_trophy_context: Opening file ux0:/user/00/trophy/conf/NPWR04688_00/TROP008.PNG (ux0:/user/00/trophy/conf/NPWR04688_00/TROP008.PNG), fd: 0x11
[22:39:49.579] |T| [write_file]: install_trophy_context: Writing to fd: 0x11, size: 53578
[22:39:49.580] |T| [close_file]: install_trophy_context: Closing file fd: 0x11
[22:39:49.580] |T| [open_file]: install_trophy_context: Opening file ux0:/user/00/trophy/conf/NPWR04688_00/TROP009.PNG (ux0:/user/00/trophy/conf/NPWR04688_00/TROP009.PNG), fd: 0x12
[22:39:49.581] |T| [write_file]: install_trophy_context: Writing to fd: 0x12, size: 53578
[22:39:49.582] |T| [close_file]: install_trophy_context: Closing file fd: 0x12
[22:39:49.582] |T| [open_file]: install_trophy_context: Opening file ux0:/user/00/trophy/conf/NPWR04688_00/TROP010.PNG (ux0:/user/00/trophy/conf/NPWR04688_00/TROP010.PNG), fd: 0x13
[22:39:49.583] |T| [write_file]: install_trophy_context: Writing to fd: 0x13, size: 53578
[22:39:49.583] |T| [close_file]: install_trophy_context: Closing file fd: 0x13
[22:39:49.584] |T| [open_file]: install_trophy_context: Opening file ux0:/user/00/trophy/conf/NPWR04688_00/TROP011.PNG (ux0:/user/00/trophy/conf/NPWR04688_00/TROP011.PNG), fd: 0x14
[22:39:49.592] |T| [write_file]: install_trophy_context: Writing to fd: 0x14, size: 53578
[22:39:49.592] |T| [close_file]: install_trophy_context: Closing file fd: 0x14
[22:39:49.593] |T| [open_file]: install_trophy_context: Opening file ux0:/user/00/trophy/conf/NPWR04688_00/TROP012.PNG (ux0:/user/00/trophy/conf/NPWR04688_00/TROP012.PNG), fd: 0x15
[22:39:49.594] |T| [write_file]: install_trophy_context: Writing to fd: 0x15, size: 52209
[22:39:49.594] |T| [close_file]: install_trophy_context: Closing file fd: 0x15
[22:39:49.595] |T| [open_file]: install_trophy_context: Opening file ux0:/user/00/trophy/conf/NPWR04688_00/TROP013.PNG (ux0:/user/00/trophy/conf/NPWR04688_00/TROP013.PNG), fd: 0x16
[22:39:49.595] |T| [write_file]: install_trophy_context: Writing to fd: 0x16, size: 53423
[22:39:49.596] |T| [close_file]: install_trophy_context: Closing file fd: 0x16
[22:39:49.596] |T| [open_file]: install_trophy_context: Opening file ux0:/user/00/trophy/conf/NPWR04688_00/TROP014.PNG (ux0:/user/00/trophy/conf/NPWR04688_00/TROP014.PNG), fd: 0x17
[22:39:49.597] |T| [write_file]: install_trophy_context: Writing to fd: 0x17, size: 52209
[22:39:49.597] |T| [close_file]: install_trophy_context: Closing file fd: 0x17
[22:39:49.598] |T| [open_file]: install_trophy_context: Opening file ux0:/user/00/trophy/conf/NPWR04688_00/TROP015.PNG (ux0:/user/00/trophy/conf/NPWR04688_00/TROP015.PNG), fd: 0x18
[22:39:49.599] |T| [write_file]: install_trophy_context: Writing to fd: 0x18, size: 52209
[22:39:49.599] |T| [close_file]: install_trophy_context: Closing file fd: 0x18
[22:39:49.600] |T| [open_file]: install_trophy_context: Opening file ux0:/user/00/trophy/conf/NPWR04688_00/TROP016.PNG (ux0:/user/00/trophy/conf/NPWR04688_00/TROP016.PNG), fd: 0x19
[22:39:49.601] |T| [write_file]: install_trophy_context: Writing to fd: 0x19, size: 53578
[22:39:49.601] |T| [close_file]: install_trophy_context: Closing file fd: 0x19
[22:39:49.602] |T| [open_file]: install_trophy_context: Opening file ux0:/user/00/trophy/conf/NPWR04688_00/TROP017.PNG (ux0:/user/00/trophy/conf/NPWR04688_00/TROP017.PNG), fd: 0x1A
[22:39:49.602] |T| [write_file]: install_trophy_context: Writing to fd: 0x1A, size: 53578
[22:39:49.603] |T| [close_file]: install_trophy_context: Closing file fd: 0x1A
[22:39:49.603] |T| [open_file]: install_trophy_context: Opening file ux0:/user/00/trophy/conf/NPWR04688_00/TROP018.PNG (ux0:/user/00/trophy/conf/NPWR04688_00/TROP018.PNG), fd: 0x1B
[22:39:49.604] |T| [write_file]: install_trophy_context: Writing to fd: 0x1B, size: 53578
[22:39:49.604] |T| [close_file]: install_trophy_context: Closing file fd: 0x1B
[22:39:49.609] |T| [open_file]: install_trophy_context: Opening file ux0:/user/00/trophy/conf/NPWR04688_00/TROP019.PNG (ux0:/user/00/trophy/conf/NPWR04688_00/TROP019.PNG), fd: 0x1C
[22:39:49.610] |T| [write_file]: install_trophy_context: Writing to fd: 0x1C, size: 53578
[22:39:49.611] |T| [close_file]: install_trophy_context: Closing file fd: 0x1C
[22:39:49.611] |T| [open_file]: install_trophy_context: Opening file ux0:/user/00/trophy/conf/NPWR04688_00/TROP020.PNG (ux0:/user/00/trophy/conf/NPWR04688_00/TROP020.PNG), fd: 0x1D
[22:39:49.612] |T| [write_file]: install_trophy_context: Writing to fd: 0x1D, size: 53578
[22:39:49.612] |T| [close_file]: install_trophy_context: Closing file fd: 0x1D
[22:39:49.613] |T| [open_file]: install_trophy_context: Opening file ux0:/user/00/trophy/conf/NPWR04688_00/TROP021.PNG (ux0:/user/00/trophy/conf/NPWR04688_00/TROP021.PNG), fd: 0x1E
[22:39:49.614] |T| [write_file]: install_trophy_context: Writing to fd: 0x1E, size: 53578
[22:39:49.614] |T| [close_file]: install_trophy_context: Closing file fd: 0x1E
[22:39:49.615] |T| [open_file]: install_trophy_context: Opening file ux0:/user/00/trophy/conf/NPWR04688_00/TROP022.PNG (ux0:/user/00/trophy/conf/NPWR04688_00/TROP022.PNG), fd: 0x1F
[22:39:49.615] |T| [write_file]: install_trophy_context: Writing to fd: 0x1F, size: 53578
[22:39:49.616] |T| [close_file]: install_trophy_context: Closing file fd: 0x1F
[22:39:49.616] |T| [open_file]: install_trophy_context: Opening file ux0:/user/00/trophy/conf/NPWR04688_00/TROP023.PNG (ux0:/user/00/trophy/conf/NPWR04688_00/TROP023.PNG), fd: 0x20
[22:39:49.617] |T| [write_file]: install_trophy_context: Writing to fd: 0x20, size: 53578
[22:39:49.618] |T| [close_file]: install_trophy_context: Closing file fd: 0x20
[22:39:49.618] |T| [open_file]: install_trophy_context: Opening file ux0:/user/00/trophy/conf/NPWR04688_00/TROP024.PNG (ux0:/user/00/trophy/conf/NPWR04688_00/TROP024.PNG), fd: 0x21
[22:39:49.619] |T| [write_file]: install_trophy_context: Writing to fd: 0x21, size: 53578
[22:39:49.619] |T| [close_file]: install_trophy_context: Closing file fd: 0x21
[22:39:49.620] |T| [open_file]: install_trophy_context: Opening file ux0:/user/00/trophy/conf/NPWR04688_00/TROP025.PNG (ux0:/user/00/trophy/conf/NPWR04688_00/TROP025.PNG), fd: 0x22
[22:39:49.621] |T| [write_file]: install_trophy_context: Writing to fd: 0x22, size: 53578
[22:39:49.625] |T| [close_file]: install_trophy_context: Closing file fd: 0x22
[22:39:49.626] |T| [open_file]: install_trophy_context: Opening file ux0:/user/00/trophy/conf/NPWR04688_00/TROP026.PNG (ux0:/user/00/trophy/conf/NPWR04688_00/TROP026.PNG), fd: 0x23
[22:39:49.627] |T| [write_file]: install_trophy_context: Writing to fd: 0x23, size: 53578
[22:39:49.627] |T| [close_file]: install_trophy_context: Closing file fd: 0x23
[22:39:49.628] |T| [open_file]: install_trophy_context: Opening file ux0:/user/00/trophy/conf/NPWR04688_00/TROP027.PNG (ux0:/user/00/trophy/conf/NPWR04688_00/TROP027.PNG), fd: 0x24
[22:39:49.628] |T| [write_file]: install_trophy_context: Writing to fd: 0x24, size: 53578
[22:39:49.629] |T| [close_file]: install_trophy_context: Closing file fd: 0x24
[22:39:49.629] |T| [open_file]: install_trophy_context: Opening file ux0:/user/00/trophy/conf/NPWR04688_00/TROP028.PNG (ux0:/user/00/trophy/conf/NPWR04688_00/TROP028.PNG), fd: 0x25
[22:39:49.631] |T| [write_file]: install_trophy_context: Writing to fd: 0x25, size: 53578
[22:39:49.631] |T| [close_file]: install_trophy_context: Closing file fd: 0x25
[22:39:49.632] |T| [open_file]: install_trophy_context: Opening file ux0:/user/00/trophy/conf/NPWR04688_00/TROP029.PNG (ux0:/user/00/trophy/conf/NPWR04688_00/TROP029.PNG), fd: 0x26
[22:39:49.632] |T| [write_file]: install_trophy_context: Writing to fd: 0x26, size: 53423
[22:39:49.633] |T| [close_file]: install_trophy_context: Closing file fd: 0x26
[22:39:49.633] |T| [open_file]: install_trophy_context: Opening file ux0:/user/00/trophy/conf/NPWR04688_00/TROP030.PNG (ux0:/user/00/trophy/conf/NPWR04688_00/TROP030.PNG), fd: 0x27
[22:39:49.634] |T| [write_file]: install_trophy_context: Writing to fd: 0x27, size: 53423
[22:39:49.635] |T| [close_file]: install_trophy_context: Closing file fd: 0x27
[22:39:49.635] |T| [open_file]: install_trophy_context: Opening file ux0:/user/00/trophy/conf/NPWR04688_00/TROP031.PNG (ux0:/user/00/trophy/conf/NPWR04688_00/TROP031.PNG), fd: 0x28
[22:39:49.636] |T| [write_file]: install_trophy_context: Writing to fd: 0x28, size: 53423
[22:39:49.636] |T| [close_file]: install_trophy_context: Closing file fd: 0x28
[22:39:49.637] |T| [open_file]: install_trophy_context: Opening file ux0:/user/00/trophy/conf/NPWR04688_00/TROP032.PNG (ux0:/user/00/trophy/conf/NPWR04688_00/TROP032.PNG), fd: 0x29
[22:39:49.642] |T| [write_file]: install_trophy_context: Writing to fd: 0x29, size: 53578
[22:39:49.642] |T| [close_file]: install_trophy_context: Closing file fd: 0x29
[22:39:49.643] |T| [open_file]: install_trophy_context: Opening file ux0:/user/00/trophy/conf/NPWR04688_00/TROP033.PNG (ux0:/user/00/trophy/conf/NPWR04688_00/TROP033.PNG), fd: 0x2A
[22:39:49.643] |T| [write_file]: install_trophy_context: Writing to fd: 0x2A, size: 53578
[22:39:49.644] |T| [close_file]: install_trophy_context: Closing file fd: 0x2A
[22:39:49.644] |T| [open_file]: install_trophy_context: Opening file ux0:/user/00/trophy/conf/NPWR04688_00/TROP034.PNG (ux0:/user/00/trophy/conf/NPWR04688_00/TROP034.PNG), fd: 0x2B
[22:39:49.645] |T| [write_file]: install_trophy_context: Writing to fd: 0x2B, size: 53578
[22:39:49.646] |T| [close_file]: install_trophy_context: Closing file fd: 0x2B
[22:39:49.646] |T| [open_file]: install_trophy_context: Opening file ux0:/user/00/trophy/conf/NPWR04688_00/TROP035.PNG (ux0:/user/00/trophy/conf/NPWR04688_00/TROP035.PNG), fd: 0x2C
[22:39:49.647] |T| [write_file]: install_trophy_context: Writing to fd: 0x2C, size: 52209
[22:39:49.647] |T| [close_file]: install_trophy_context: Closing file fd: 0x2C
[22:39:49.648] |T| [open_file]: install_trophy_context: Opening file ux0:/user/00/trophy/conf/NPWR04688_00/TROP036.PNG (ux0:/user/00/trophy/conf/NPWR04688_00/TROP036.PNG), fd: 0x2D
[22:39:49.649] |T| [write_file]: install_trophy_context: Writing to fd: 0x2D, size: 52209
[22:39:49.649] |T| [close_file]: install_trophy_context: Closing file fd: 0x2D
[22:39:49.650] |T| [open_file]: install_trophy_context: Opening file ux0:/user/00/trophy/conf/NPWR04688_00/TROP037.PNG (ux0:/user/00/trophy/conf/NPWR04688_00/TROP037.PNG), fd: 0x2E
[22:39:49.651] |T| [write_file]: install_trophy_context: Writing to fd: 0x2E, size: 53578
[22:39:49.651] |T| [close_file]: install_trophy_context: Closing file fd: 0x2E
[22:39:49.652] |T| [open_file]: install_trophy_context: Opening file ux0:/user/00/trophy/conf/NPWR04688_00/TROP038.PNG (ux0:/user/00/trophy/conf/NPWR04688_00/TROP038.PNG), fd: 0x2F
[22:39:49.652] |T| [write_file]: install_trophy_context: Writing to fd: 0x2F, size: 53578
[22:39:49.658] |T| [close_file]: install_trophy_context: Closing file fd: 0x2F
[22:39:49.658] |T| [open_file]: install_trophy_context: Opening file ux0:/user/00/trophy/conf/NPWR04688_00/TROP039.PNG (ux0:/user/00/trophy/conf/NPWR04688_00/TROP039.PNG), fd: 0x30
[22:39:49.659] |T| [write_file]: install_trophy_context: Writing to fd: 0x30, size: 53578
[22:39:49.660] |T| [close_file]: install_trophy_context: Closing file fd: 0x30
[22:39:49.660] |T| [close_file]: create_trophy_context: Closing file fd: 0x5
[22:39:49.660] |T| [export_sceNpTrophyCreateContext]: Trophy context for NPWR04688_00 create successfuly!
[22:39:49.661] |W| [stubbed_impl]: Stubbed sceNpTrophyCreateHandle import called. (Stubbed handle with 1)
[22:39:49.664] |W| [unimplemented_impl]: Unimplemented sceCommonDialogUpdate import called.
[22:39:49.714] |E| [logging::ret_error_impl]: sceMsgDialogAbort returned SCE_COMMON_DIALOG_ERROR_NOT_IN_USE (0x80020411)
[22:39:49.779] |T| [open_file]: sceAppUtilSaveDataSlotGetParam: Opening file savedata0:/SlotParam_0.bin (ux0:/user/00/savedata/PCSG00207/SlotParam_0.bin), fd: 0x31
[22:39:49.781] |T| [close_file]: sceAppUtilSaveDataSlotGetParam: Closing file fd: 0x31
[22:39:49.786] |I| [export_sceIoOpen]: Opening file: savedata0:00
[22:39:49.788] |T| [open_file]: sceIoOpen: Opening file savedata0:00 (ux0:/user/00/savedata/PCSG00207/00), fd: 0x32
[22:39:49.788] |T| [close_file]: sceIoClose: Closing file fd: 0x32
