[17:08:17.898] |I| [config::init_config]: backend-renderer: OpenGL
[17:08:17.900] |I| [config::init_config]: log-level: 0
[17:08:18.023] |I| [SDL_main]: Vita3K v0.1.5 2647-d2e99945
[17:08:18.023] |I| [SDL_main]: Number of logical CPU cores: 8
[17:08:18.023] |I| [SDL_main]: Available ram memory: 16215 mo
[17:08:18.782] |I| [renderer::gl::create]: Swap interval = -1
[17:08:18.787] |I| [renderer::gl::create]: GPU = NVIDIA GeForce RTX 3060 Laptop GPU/PCIe/SSE2
[17:08:18.787] |I| [renderer::gl::create]: GL_VERSION = 4.6.0 NVIDIA 512.15
[17:08:18.787] |I| [renderer::gl::create]: GL_SHADING_LANGUAGE_VERSION = 4.60 NVIDIA
[17:08:18.789] |I| [renderer::gl::create]: Your GPU supports shader interlock, some games that use programmable blending will have better performance.
[17:08:24.313] |I| [load_app_impl]: cpu-backend: Dynarmic
[17:08:24.314] |I| [load_app_impl]: CPU Optimisation state: true
[17:08:24.314] |I| [load_app_impl]: ngs state: true
[17:08:24.314] |I| [load_app_impl]: Resolution multiplier: 1
[17:08:24.315] |I| [load_app_impl]: modules mode: Auto & Manual
[17:08:24.315] |I| [load_app_impl]: lle-modules: libhttp
[17:08:24.315] |I| [load_app_impl]: Title: 金色のコルダ３ フルボイス Special
[17:08:24.316] |I| [load_app_impl]: Serial: PCSG01211
[17:08:24.316] |I| [load_app_impl]: Version: 1.00
[17:08:24.316] |I| [load_app_impl]: Category: gd
[17:08:24.335] |C| [load_self]: Unknown segment type 0x6FFFFF01
[17:08:24.335] |I| [load_self]: Loaded module segment 0 @ [0x00007000 - 0x000588A4 / 0x81000000] (size: 0x000518A4) of module app0:sce_module/libc.suprx
[17:08:24.335] |I| [load_self]: Loaded module segment 1 @ [0x00059000 - 0x0005B8A0 / 0x81052000] (size: 0x000028A0) of module app0:sce_module/libc.suprx
[17:08:24.335] |I| [load_self]: Loading symbols for SELF: app0:sce_module/libc.suprx
[17:08:24.336] |D| [load_var_exports]: 	NID 0x936C8A78 (SYSLYB) at 0x4E314
[17:08:24.337] |D| [load_var_exports]: 	NID 0x6C2224BA (NID_MODULE_INFO) at 0x434DC
[17:08:24.337] |W| [load_var_imports]: 	NID NOT FOUND 0x93B8AA67 (UNRECOGNISED) at 0x4763C, setting to stub value 0xDEADBEEF
[17:08:24.339] |W| [load_var_imports]: 	NID NOT FOUND 0xDF084DFA (UNRECOGNISED) at 0x491D0, setting to stub value 0xDEADBEEF
[17:08:24.341] |I| [pre_load_module]: Pre-load module SceLibc (at "sce_module/libc.suprx") loaded
[17:08:24.353] |C| [load_self]: Unknown segment type 0x6FFFFF01
[17:08:24.353] |I| [load_self]: Loaded module segment 0 @ [0x0005E000 - 0x0008ACBF / 0x81000000] (size: 0x0002CCBF) of module app0:sce_module/libfios2.suprx
[17:08:24.357] |I| [load_self]: Loaded module segment 1 @ [0x0008B000 - 0x00090255 / 0x8102D000] (size: 0x00005255) of module app0:sce_module/libfios2.suprx
[17:08:24.358] |I| [load_self]: Loading symbols for SELF: app0:sce_module/libfios2.suprx
[17:08:24.359] |D| [load_var_exports]: 	NID 0x936C8A78 (SYSLYB) at 0x8ABC8
[17:08:24.359] |D| [load_var_exports]: 	NID 0x6C2224BA (NID_MODULE_INFO) at 0x81F08
[17:08:24.360] |I| [pre_load_module]: Pre-load module SceLibFios2 (at "sce_module/libfios2.suprx") loaded
[17:08:24.369] |C| [load_self]: Unknown segment type 0x6FFFFF01
[17:08:24.370] |I| [load_self]: Loaded module segment 0 @ [0x00091000 - 0x000A49BC / 0x81000000] (size: 0x000139BC) of module app0:sce_module/libult.suprx
[17:08:24.372] |I| [load_self]: Loaded module segment 1 @ [0x000A5000 - 0x000A5814 / 0x81014000] (size: 0x00000814) of module app0:sce_module/libult.suprx
[17:08:24.373] |I| [load_self]: Loading symbols for SELF: app0:sce_module/libult.suprx
[17:08:24.374] |D| [load_var_exports]: 	NID 0x936C8A78 (SYSLYB) at 0xA32E8
[17:08:24.375] |D| [load_var_exports]: 	NID 0x6C2224BA (NID_MODULE_INFO) at 0xA0870
[17:08:24.376] |I| [pre_load_module]: Pre-load module SceUlt (at "sce_module/libult.suprx") loaded
[17:08:24.391] |I| [load_self]: Loaded module segment 0 @ [0x000A6000 - 0x000F6F04 / 0x81000000] (size: 0x00050F04) of module vs0:sys/external/libSceFt2.suprx
[17:08:24.391] |I| [load_self]: Loaded module segment 1 @ [0x000F7000 - 0x000F72F4 / 0x81051000] (size: 0x000002F4) of module vs0:sys/external/libSceFt2.suprx
[17:08:24.396] |I| [load_self]: Loading symbols for SELF: vs0:sys/external/libSceFt2.suprx
[17:08:24.399] |D| [load_var_exports]: 	NID 0x936C8A78 (SYSLYB) at 0xE27DC
[17:08:24.400] |D| [load_var_exports]: 	NID 0x6C2224BA (NID_MODULE_INFO) at 0xE1F10
[17:08:24.400] |I| [pre_load_module]: Pre-load module SceLibft2 (at "sys/external/libSceFt2.suprx") loaded
[17:08:24.406] |I| [load_self]: Loaded module segment 0 @ [0x000F8000 - 0x00107F14 / 0x81000000] (size: 0x0000FF14) of module vs0:sys/external/libpvf.suprx
[17:08:24.407] |I| [load_self]: Loaded module segment 1 @ [0x00108000 - 0x00108008 / 0x81010000] (size: 0x00000008) of module vs0:sys/external/libpvf.suprx
[17:08:24.409] |I| [load_self]: Loading symbols for SELF: vs0:sys/external/libpvf.suprx
[17:08:24.413] |D| [load_var_exports]: 	NID 0x936C8A78 (SYSLYB) at 0x106710
[17:08:24.414] |D| [load_var_exports]: 	NID 0x6C2224BA (NID_MODULE_INFO) at 0x106300
[17:08:24.416] |I| [pre_load_module]: Pre-load module SceLibPvf (at "sys/external/libpvf.suprx") loaded
[17:08:24.559] |C| [load_self]: Unknown segment type 0x6FFFFF01
[17:08:24.559] |I| [load_self]: Loaded module segment 0 @ [0x00109000 - 0x0036E10C / 0x81000000] (size: 0x0026510C) of module app0:eboot.bin
[17:08:24.560] |I| [load_self]: Loaded module segment 1 @ [0x0036F000 - 0x0304ED30 / 0x81266000] (size: 0x02CDFD30) of module app0:eboot.bin
[17:08:24.561] |I| [load_self]: Loading symbols for SELF: app0:eboot.bin
[17:08:24.562] |D| [load_var_exports]: 	NID 0x6C2224BA (NID_MODULE_INFO) at 0x30D8F8
[17:08:24.565] |D| [load_var_exports]: 	NID 0x70FBA1E7 (SCE_PROC_PARAMS) at 0x375150
[17:08:24.565] |D| [load_var_exports]: 	NID 0x936C8A78 (SYSLYB) at 0x3482C8
[17:08:24.566] |I| [load_app_impl]: Main executable Corda3_FVRelease (eboot.bin) loaded
[17:08:24.602] |I| [renderer::gl::compile_shader]: frag shader compiled: f93321379bf5200ff746e6cfb94754be29fbca1e84f413136dcc0a3b1bf0daee
[17:08:24.605] |I| [renderer::gl::compile_shader]: vert shader compiled: 0710353ec306773366b883324aee6f753a18ad4a89b87c0b8d4e0f2b07f362e7
[17:08:24.659] |E| [renderer::gl::compile_program]: Vertex info
-----------
0(29) : warning C7050: "pa[0].zw" might be used before being initialized


[17:08:24.660] |I| [renderer::gl::pre_compile_program]: Program Compiled 1/3
[17:08:24.667] |I| [renderer::gl::compile_shader]: frag shader compiled: 7612fedc6089603586ab1e8fc6a3bdd3dd5ef8f019d1de95cee754f43d0368ff
[17:08:24.673] |I| [renderer::gl::compile_shader]: vert shader compiled: 3282c545e0800279be1a0029a5c2dba91bf56995172b52f2b7abd6fb469ed066
[17:08:24.709] |E| [renderer::gl::compile_program]: Vertex info
-----------
0(32) : warning C7050: "pa[0].zw" might be used before being initialized
0(32) : warning C7050: "pa[1].yzw" might be used before being initialized


[17:08:24.710] |I| [renderer::gl::pre_compile_program]: Program Compiled 2/3
[17:08:24.718] |I| [renderer::gl::compile_shader]: frag shader compiled: 3aae09128817aedde8bb47db40f2ba4438b2165f6a343583a409de655f25955c
[17:08:24.719] |I| [renderer::gl::compile_shader]: vert shader compiled: 3282c545e0800279be1a0029a5c2dba91bf56995172b52f2b7abd6fb469ed066
[17:08:24.753] |E| [renderer::gl::compile_program]: Vertex info
-----------
0(32) : warning C7050: "pa[0].zw" might be used before being initialized
0(32) : warning C7050: "pa[1].yzw" might be used before being initialized


[17:08:24.755] |I| [renderer::gl::pre_compile_program]: Program Compiled 3/3
[17:08:24.804] |D| [run_app]: Running module_start of library: SceLibc at address 0x7871
[17:08:24.863] |T| [open_file]: sceKernelGetStdin: Opening terminal tty0:
[17:08:24.864] |T| [open_file]: sceKernelGetStdout: Opening terminal tty0:
[17:08:24.865] |T| [open_file]: sceKernelGetStderr: Opening terminal tty0:
[17:08:24.890] |I| [run_app]: Module SceLibc (at "app0:sce_module/libc.suprx") module_start returned 0x0
[17:08:24.901] |D| [run_app]: Running module_start of library: SceLibFios2 at address 0x5E001
[17:08:24.945] |W| [stubbed_impl]: Stubbed sceKernelGetProcessId import called. (pid: 0)
[17:08:24.946] |W| [unimplemented_impl]: Unimplemented sceFiosOverlayGetList02 import called.
[17:08:24.947] |I| [run_app]: Module SceLibFios2 (at "app0:sce_module/libfios2.suprx") module_start returned 0x0
[17:08:24.958] |D| [run_app]: Running module_start of library: SceUlt at address 0x94771
[17:08:24.994] |W| [unimplemented_impl]: Unimplemented _sceUlobjMgrRegisterLibultProtocolRevision import called.
[17:08:24.994] |I| [run_app]: Module SceUlt (at "app0:sce_module/libult.suprx") module_start returned 0x0
[17:08:25.040] |I| [load_module]: Loading module ID: 0x30
[17:08:25.043] |C| [load_self]: Unknown segment type 0x6FFFFF01
[17:08:25.043] |I| [load_self]: Loaded module segment 0 @ [0x030D5000 - 0x030D855C / 0x81000000] (size: 0x0000355C) of module sys/external/libatrac.suprx
[17:08:25.044] |I| [load_self]: Loaded module segment 1 @ [0x03091000 - 0x03092038 / 0x81004000] (size: 0x00001038) of module sys/external/libatrac.suprx
[17:08:25.046] |I| [load_self]: Loading symbols for SELF: sys/external/libatrac.suprx
[17:08:25.046] |D| [load_var_exports]: 	NID 0x936C8A78 (SYSLYB) at 0x30D8558
[17:08:25.047] |D| [load_var_exports]: 	NID 0x6C2224BA (NID_MODULE_INFO) at 0x30D7DB4
[17:08:25.048] |I| [load_module]: Module SceAtrac (at "sys/external/libatrac.suprx") loaded
[17:08:25.048] |D| [load_module]: Running module_start of module: SceAtrac
[17:08:25.050] |I| [load_module]: Module SceAtrac (at "sys/external/libatrac.suprx") module_start returned 0x0
[17:08:25.050] |I| [load_module]: Loading module ID: 0x4C
[17:08:25.057] |C| [load_self]: Unknown segment type 0x6FFFFF01
[17:08:25.060] |I| [load_self]: Loaded module segment 0 @ [0x030D9000 - 0x030ED9FC / 0x81000000] (size: 0x000149FC) of module sys/external/libsceavplayer.suprx
[17:08:25.065] |I| [load_self]: Loaded module segment 1 @ [0x03093000 - 0x0309306C / 0x81015000] (size: 0x0000006C) of module sys/external/libsceavplayer.suprx
[17:08:25.067] |I| [load_self]: Loading symbols for SELF: sys/external/libsceavplayer.suprx
[17:08:25.068] |D| [load_var_exports]: 	NID 0x936C8A78 (SYSLYB) at 0x30EAD40
[17:08:25.069] |D| [load_var_exports]: 	NID 0x6C2224BA (NID_MODULE_INFO) at 0x30E9548
[17:08:25.070] |I| [load_module]: Module SceAvPlayer (at "sys/external/libsceavplayer.suprx") loaded
[17:08:25.070] |D| [load_module]: Running module_start of module: SceAvPlayer
[17:08:25.071] |I| [load_module]: Module SceAvPlayer (at "sys/external/libsceavplayer.suprx") module_start returned 0x0
[17:08:25.077] |C| [load_self]: Unknown segment type 0x6FFFFF01
[17:08:25.078] |I| [load_self]: Loaded module segment 0 @ [0x030EE000 - 0x030FDD20 / 0x81000000] (size: 0x0000FD20) of module sys/external/libscemp4.suprx
[17:08:25.086] |I| [load_self]: Loaded module segment 1 @ [0x030FE000 - 0x030FE028 / 0x81010000] (size: 0x00000028) of module sys/external/libscemp4.suprx
[17:08:25.089] |I| [load_self]: Loading symbols for SELF: sys/external/libscemp4.suprx
[17:08:25.090] |D| [load_var_exports]: 	NID 0x936C8A78 (SYSLYB) at 0x30FD9D0
[17:08:25.092] |D| [load_var_exports]: 	NID 0x6C2224BA (NID_MODULE_INFO) at 0x30FC8C4
[17:08:25.093] |I| [load_module]: Module SceMp4 (at "sys/external/libscemp4.suprx") loaded
[17:08:25.094] |I| [load_module]: Loading module ID: 0x13
[17:08:25.099] |C| [load_self]: Unknown segment type 0x6FFFFF01
[17:08:25.099] |I| [load_self]: Loaded module segment 0 @ [0x030FF000 - 0x0310208C / 0x81000000] (size: 0x0000308C) of module sys/external/libsystemgesture.suprx
[17:08:25.107] |I| [load_self]: Loaded module segment 1 @ [0x03103000 - 0x03103BF0 / 0x81004000] (size: 0x00000BF0) of module sys/external/libsystemgesture.suprx
[17:08:25.110] |I| [load_self]: Loading symbols for SELF: sys/external/libsystemgesture.suprx
[17:08:25.111] |D| [load_var_exports]: 	NID 0x936C8A78 (SYSLYB) at 0x3102074
[17:08:25.112] |D| [load_var_exports]: 	NID 0x6C2224BA (NID_MODULE_INFO) at 0x3101BD4
[17:08:25.112] |I| [load_module]: Module SceSystemGesture (at "sys/external/libsystemgesture.suprx") loaded
[17:08:25.113] |D| [load_module]: Running module_start of module: SceSystemGesture
[17:08:25.114] |I| [load_module]: Module SceSystemGesture (at "sys/external/libsystemgesture.suprx") module_start returned 0x0
[17:08:25.116] |I| [load_module]: Loading module ID: 0x4
[17:08:25.126] |C| [load_self]: Unknown segment type 0x6FFFFF01
[17:08:25.127] |I| [load_self]: Loaded module segment 0 @ [0x03104000 - 0x03121150 / 0x81000000] (size: 0x0001D150) of module sys/external/libhttp.suprx
[17:08:25.131] |I| [load_self]: Loaded module segment 1 @ [0x03122000 - 0x03122640 / 0x8101E000] (size: 0x00000640) of module sys/external/libhttp.suprx
[17:08:25.133] |I| [load_self]: Loading symbols for SELF: sys/external/libhttp.suprx
[17:08:25.134] |D| [load_var_exports]: 	NID 0x936C8A78 (SYSLYB) at 0x311FE68
[17:08:25.136] |D| [load_var_exports]: 	NID 0x6C2224BA (NID_MODULE_INFO) at 0x311CCA0
[17:08:25.137] |I| [load_module]: Module SceLibHttp (at "sys/external/libhttp.suprx") loaded
[17:08:25.140] |D| [load_module]: Running module_start of module: SceLibHttp
[17:08:25.141] |I| [load_module]: Module SceLibHttp (at "sys/external/libhttp.suprx") module_start returned 0x0
[17:08:25.166] |I| [load_self]: Loaded module segment 0 @ [0x03123000 - 0x03189EA4 / 0x81000000] (size: 0x00066EA4) of module sys/external/libssl.suprx
[17:08:25.170] |I| [load_self]: Loaded module segment 1 @ [0x0318A000 - 0x0318F188 / 0x81067000] (size: 0x00005188) of module sys/external/libssl.suprx
[17:08:25.172] |I| [load_self]: Loading symbols for SELF: sys/external/libssl.suprx
[17:08:25.173] |D| [load_var_exports]: 	NID 0x936C8A78 (SYSLYB) at 0x31759B0
[17:08:25.173] |D| [load_var_exports]: 	NID 0x6C2224BA (NID_MODULE_INFO) at 0x316FC70
[17:08:25.174] |I| [load_module]: Module SceLibSsl (at "sys/external/libssl.suprx") loaded
[17:08:25.175] |W| [unimplemented_impl]: Unimplemented sceScreenShotDisable import called.
[17:08:25.175] |W| [unimplemented_impl]: Unimplemented sceScreenShotSetOverlayImage import called.
[17:08:25.176] |W| [unimplemented_impl]: Unimplemented sceScreenShotEnable import called.
[17:08:25.177] |W| [unimplemented_impl]: Unimplemented sceAppUtilInit import called.
[17:08:25.588] |W| [stubbed_impl]: Stubbed sceGxmMapVertexUsseMemory import called. (always return success)
[17:08:25.589] |W| [stubbed_impl]: Stubbed sceGxmMapFragmentUsseMemory import called. (always return success)
[17:08:25.602] |W| [unimplemented_impl]: Unimplemented sceGxmProgramParameterIsRegFormat import called.
[17:08:25.629] |W| [unimplemented_impl]: Unimplemented sceGxmColorSurfaceSetGammaMode import called.
[17:08:25.654] |T| [log_import_call]: [LLE] TID: 8   FUNC: 0x6078A08B sceSystemGestureInitializePrimitiveTouchRecognizer at 0x30BF9C
[17:08:25.656] |W| [unimplemented_impl]: Unimplemented sceTouchGetPixelDensity2 import called.
[17:08:25.661] |T| [log_import_call]: [LLE] TID: 8   FUNC: 0xC3367370 sceSystemGestureCreateTouchRecognizer at 0x30BFDC
[17:08:25.663] |E| [call_import]: Import function for NID 0xE340C30F not found (thread name: PCSG01211, thread ID: 8)
[17:08:25.672] |W| [stubbed_impl]: Stubbed sceNetCtlInit import called. (Stub)
[17:08:25.674] |T| [log_import_call]: [LLE] TID: 8   FUNC: 0x3C733316 sceSslInit at 0x30C1CC
[17:08:25.679] |T| [log_import_call]: [LLE] TID: 8   FUNC: 0x214926D9 sceHttpInit at 0x30C19C
[17:08:25.684] |T| [open_file]: create_trophy_context: Opening file app0:/sce_sys/trophy/NPWR15756_00/TROPHY.TRP (ux0:/app/PCSG01211/sce_sys/trophy/NPWR15756_00/TROPHY.TRP), fd: 0x3
[17:08:25.686] |T| [open_file]: create_trophy_context: Opening file ux0:/user/00/trophy/data/NPWR15756_00/TROPUSR.DAT (ux0:/user/00/trophy/data/NPWR15756_00/TROPUSR.DAT), fd: 0x4
[17:08:25.692] |T| [read_file]: parse_trophy_file: Reading 4 bytes of fd 0x3
[17:08:25.696] |T| [seek_file]: parse_trophy_file: Seeking fd: 0x3, offset: 0x10, whence: SCE_SEEK_SET
[17:08:25.696] |T| [read_file]: parse_trophy_file: Reading 4 bytes of fd 0x3
[17:08:25.697] |T| [read_file]: parse_trophy_file: Reading 4 bytes of fd 0x3
[17:08:25.698] |T| [seek_file]: parse_trophy_file: Seeking fd: 0x3, offset: 0x40, whence: SCE_SEEK_SET
[17:08:25.700] |T| [read_file]: parse_trophy_file: Reading 1 bytes of fd 0x3
[17:08:25.701] |T| [read_file]: parse_trophy_file: Reading 1 bytes of fd 0x3
[17:08:25.702] |T| [read_file]: parse_trophy_file: Reading 1 bytes of fd 0x3
[17:08:25.702] |T| [read_file]: parse_trophy_file: Reading 1 bytes of fd 0x3
[17:08:25.705] |T| [read_file]: parse_trophy_file: Reading 1 bytes of fd 0x3
[17:08:25.707] |T| [read_file]: parse_trophy_file: Reading 1 bytes of fd 0x3
[17:08:25.712] |T| [read_file]: parse_trophy_file: Reading 1 bytes of fd 0x3
[17:08:25.713] |T| [read_file]: parse_trophy_file: Reading 1 bytes of fd 0x3
[17:08:25.713] |T| [read_file]: parse_trophy_file: Reading 1 bytes of fd 0x3
[17:08:25.714] |T| [read_file]: parse_trophy_file: Reading 1 bytes of fd 0x3
[17:08:25.715] |T| [read_file]: parse_trophy_file: Reading 1 bytes of fd 0x3
[17:08:25.715] |T| [read_file]: parse_trophy_file: Reading 1 bytes of fd 0x3
[17:08:25.716] |T| [read_file]: parse_trophy_file: Reading 1 bytes of fd 0x3
[17:08:25.717] |T| [seek_file]: parse_trophy_file: Seeking fd: 0x3, offset: 0x60, whence: SCE_SEEK_SET
[17:08:25.717] |T| [read_file]: parse_trophy_file: Reading 8 bytes of fd 0x3
[17:08:25.718] |T| [read_file]: parse_trophy_file: Reading 8 bytes of fd 0x3
[17:08:25.722] |T| [seek_file]: parse_trophy_file: Seeking fd: 0x3, offset: 0x80, whence: SCE_SEEK_SET
[17:08:25.722] |T| [read_file]: parse_trophy_file: Reading 1 bytes of fd 0x3
[17:08:25.724] |T| [read_file]: parse_trophy_file: Reading 1 bytes of fd 0x3
[17:08:25.725] |T| [read_file]: parse_trophy_file: Reading 1 bytes of fd 0x3
[17:08:25.726] |T| [read_file]: parse_trophy_file: Reading 1 bytes of fd 0x3
[17:08:25.731] |T| [read_file]: parse_trophy_file: Reading 1 bytes of fd 0x3
[17:08:25.732] |T| [read_file]: parse_trophy_file: Reading 1 bytes of fd 0x3
[17:08:25.732] |T| [read_file]: parse_trophy_file: Reading 1 bytes of fd 0x3
[17:08:25.733] |T| [read_file]: parse_trophy_file: Reading 1 bytes of fd 0x3
[17:08:25.734] |T| [read_file]: parse_trophy_file: Reading 1 bytes of fd 0x3
[17:08:25.738] |T| [seek_file]: parse_trophy_file: Seeking fd: 0x3, offset: 0xA0, whence: SCE_SEEK_SET
[17:08:25.739] |T| [read_file]: parse_trophy_file: Reading 8 bytes of fd 0x3
[17:08:25.743] |T| [read_file]: parse_trophy_file: Reading 8 bytes of fd 0x3
[17:08:25.743] |T| [seek_file]: parse_trophy_file: Seeking fd: 0x3, offset: 0xC0, whence: SCE_SEEK_SET
[17:08:25.744] |T| [read_file]: parse_trophy_file: Reading 1 bytes of fd 0x3
[17:08:25.745] |T| [read_file]: parse_trophy_file: Reading 1 bytes of fd 0x3
[17:08:25.746] |T| [read_file]: parse_trophy_file: Reading 1 bytes of fd 0x3
[17:08:25.747] |T| [read_file]: parse_trophy_file: Reading 1 bytes of fd 0x3
[17:08:25.754] |T| [read_file]: parse_trophy_file: Reading 1 bytes of fd 0x3
[17:08:25.755] |T| [read_file]: parse_trophy_file: Reading 1 bytes of fd 0x3
[17:08:25.757] |T| [read_file]: parse_trophy_file: Reading 1 bytes of fd 0x3
[17:08:25.757] |T| [read_file]: parse_trophy_file: Reading 1 bytes of fd 0x3
[17:08:25.758] |T| [read_file]: parse_trophy_file: Reading 1 bytes of fd 0x3
[17:08:25.759] |T| [read_file]: parse_trophy_file: Reading 1 bytes of fd 0x3
[17:08:25.760] |T| [seek_file]: parse_trophy_file: Seeking fd: 0x3, offset: 0xE0, whence: SCE_SEEK_SET
[17:08:25.760] |T| [read_file]: parse_trophy_file: Reading 8 bytes of fd 0x3
[17:08:25.762] |T| [read_file]: parse_trophy_file: Reading 8 bytes of fd 0x3
[17:08:25.763] |T| [seek_file]: parse_trophy_file: Seeking fd: 0x3, offset: 0x100, whence: SCE_SEEK_SET
[17:08:25.764] |T| [read_file]: parse_trophy_file: Reading 1 bytes of fd 0x3
[17:08:25.764] |T| [read_file]: parse_trophy_file: Reading 1 bytes of fd 0x3
[17:08:25.765] |T| [read_file]: parse_trophy_file: Reading 1 bytes of fd 0x3
[17:08:25.766] |T| [read_file]: parse_trophy_file: Reading 1 bytes of fd 0x3
[17:08:25.771] |T| [read_file]: parse_trophy_file: Reading 1 bytes of fd 0x3
[17:08:25.772] |T| [read_file]: parse_trophy_file: Reading 1 bytes of fd 0x3
[17:08:25.774] |T| [read_file]: parse_trophy_file: Reading 1 bytes of fd 0x3
[17:08:25.775] |T| [read_file]: parse_trophy_file: Reading 1 bytes of fd 0x3
[17:08:25.776] |T| [read_file]: parse_trophy_file: Reading 1 bytes of fd 0x3
[17:08:25.776] |T| [read_file]: parse_trophy_file: Reading 1 bytes of fd 0x3
[17:08:25.777] |T| [read_file]: parse_trophy_file: Reading 1 bytes of fd 0x3
[17:08:25.778] |T| [read_file]: parse_trophy_file: Reading 1 bytes of fd 0x3
[17:08:25.778] |T| [seek_file]: parse_trophy_file: Seeking fd: 0x3, offset: 0x120, whence: SCE_SEEK_SET
[17:08:25.779] |T| [read_file]: parse_trophy_file: Reading 8 bytes of fd 0x3
[17:08:25.780] |T| [read_file]: parse_trophy_file: Reading 8 bytes of fd 0x3
[17:08:25.780] |T| [seek_file]: parse_trophy_file: Seeking fd: 0x3, offset: 0x140, whence: SCE_SEEK_SET
[17:08:25.782] |T| [read_file]: parse_trophy_file: Reading 1 bytes of fd 0x3
[17:08:25.785] |T| [read_file]: parse_trophy_file: Reading 1 bytes of fd 0x3
[17:08:25.786] |T| [read_file]: parse_trophy_file: Reading 1 bytes of fd 0x3
[17:08:25.788] |T| [read_file]: parse_trophy_file: Reading 1 bytes of fd 0x3
[17:08:25.789] |T| [read_file]: parse_trophy_file: Reading 1 bytes of fd 0x3
[17:08:25.794] |T| [read_file]: parse_trophy_file: Reading 1 bytes of fd 0x3
[17:08:25.794] |T| [read_file]: parse_trophy_file: Reading 1 bytes of fd 0x3
[17:08:25.795] |T| [read_file]: parse_trophy_file: Reading 1 bytes of fd 0x3
[17:08:25.796] |T| [read_file]: parse_trophy_file: Reading 1 bytes of fd 0x3
[17:08:25.797] |T| [read_file]: parse_trophy_file: Reading 1 bytes of fd 0x3
[17:08:25.797] |T| [read_file]: parse_trophy_file: Reading 1 bytes of fd 0x3
[17:08:25.798] |T| [read_file]: parse_trophy_file: Reading 1 bytes of fd 0x3
[17:08:25.803] |T| [seek_file]: parse_trophy_file: Seeking fd: 0x3, offset: 0x160, whence: SCE_SEEK_SET
[17:08:25.805] |T| [read_file]: parse_trophy_file: Reading 8 bytes of fd 0x3
[17:08:25.807] |T| [read_file]: parse_trophy_file: Reading 8 bytes of fd 0x3
[17:08:25.808] |T| [seek_file]: parse_trophy_file: Seeking fd: 0x3, offset: 0x180, whence: SCE_SEEK_SET
[17:08:25.809] |T| [read_file]: parse_trophy_file: Reading 1 bytes of fd 0x3
[17:08:25.815] |T| [read_file]: parse_trophy_file: Reading 1 bytes of fd 0x3
[17:08:25.816] |T| [read_file]: parse_trophy_file: Reading 1 bytes of fd 0x3
[17:08:25.821] |T| [read_file]: parse_trophy_file: Reading 1 bytes of fd 0x3
[17:08:25.822] |T| [read_file]: parse_trophy_file: Reading 1 bytes of fd 0x3
[17:08:25.822] |T| [read_file]: parse_trophy_file: Reading 1 bytes of fd 0x3
[17:08:25.823] |T| [read_file]: parse_trophy_file: Reading 1 bytes of fd 0x3
[17:08:25.825] |T| [read_file]: parse_trophy_file: Reading 1 bytes of fd 0x3
[17:08:25.825] |T| [read_file]: parse_trophy_file: Reading 1 bytes of fd 0x3
[17:08:25.826] |T| [read_file]: parse_trophy_file: Reading 1 bytes of fd 0x3
[17:08:25.827] |T| [read_file]: parse_trophy_file: Reading 1 bytes of fd 0x3
[17:08:25.828] |T| [read_file]: parse_trophy_file: Reading 1 bytes of fd 0x3
[17:08:25.829] |T| [seek_file]: parse_trophy_file: Seeking fd: 0x3, offset: 0x1A0, whence: SCE_SEEK_SET
[17:08:25.835] |T| [read_file]: parse_trophy_file: Reading 8 bytes of fd 0x3
[17:08:25.836] |T| [read_file]: parse_trophy_file: Reading 8 bytes of fd 0x3
[17:08:25.837] |T| [seek_file]: parse_trophy_file: Seeking fd: 0x3, offset: 0x1C0, whence: SCE_SEEK_SET
[17:08:25.838] |T| [read_file]: parse_trophy_file: Reading 1 bytes of fd 0x3
[17:08:25.839] |T| [read_file]: parse_trophy_file: Reading 1 bytes of fd 0x3
[17:08:25.840] |T| [read_file]: parse_trophy_file: Reading 1 bytes of fd 0x3
[17:08:25.840] |T| [read_file]: parse_trophy_file: Reading 1 bytes of fd 0x3
[17:08:25.841] |T| [read_file]: parse_trophy_file: Reading 1 bytes of fd 0x3
[17:08:25.842] |T| [read_file]: parse_trophy_file: Reading 1 bytes of fd 0x3
[17:08:25.842] |T| [read_file]: parse_trophy_file: Reading 1 bytes of fd 0x3
[17:08:25.843] |T| [read_file]: parse_trophy_file: Reading 1 bytes of fd 0x3
[17:08:25.847] |T| [read_file]: parse_trophy_file: Reading 1 bytes of fd 0x3
[17:08:25.848] |T| [read_file]: parse_trophy_file: Reading 1 bytes of fd 0x3
[17:08:25.850] |T| [read_file]: parse_trophy_file: Reading 1 bytes of fd 0x3
[17:08:25.851] |T| [read_file]: parse_trophy_file: Reading 1 bytes of fd 0x3
[17:08:25.857] |T| [seek_file]: parse_trophy_file: Seeking fd: 0x3, offset: 0x1E0, whence: SCE_SEEK_SET
[17:08:25.858] |T| [read_file]: parse_trophy_file: Reading 8 bytes of fd 0x3
[17:08:25.858] |T| [read_file]: parse_trophy_file: Reading 8 bytes of fd 0x3
[17:08:25.859] |T| [seek_file]: parse_trophy_file: Seeking fd: 0x3, offset: 0x200, whence: SCE_SEEK_SET
[17:08:25.860] |T| [read_file]: parse_trophy_file: Reading 1 bytes of fd 0x3
[17:08:25.863] |T| [read_file]: parse_trophy_file: Reading 1 bytes of fd 0x3
[17:08:25.863] |T| [read_file]: parse_trophy_file: Reading 1 bytes of fd 0x3
[17:08:25.868] |T| [read_file]: parse_trophy_file: Reading 1 bytes of fd 0x3
[17:08:25.868] |T| [read_file]: parse_trophy_file: Reading 1 bytes of fd 0x3
[17:08:25.869] |T| [read_file]: parse_trophy_file: Reading 1 bytes of fd 0x3
[17:08:25.870] |T| [read_file]: parse_trophy_file: Reading 1 bytes of fd 0x3
[17:08:25.871] |T| [read_file]: parse_trophy_file: Reading 1 bytes of fd 0x3
[17:08:25.872] |T| [read_file]: parse_trophy_file: Reading 1 bytes of fd 0x3
[17:08:25.879] |T| [read_file]: parse_trophy_file: Reading 1 bytes of fd 0x3
[17:08:25.880] |T| [read_file]: parse_trophy_file: Reading 1 bytes of fd 0x3
[17:08:25.882] |T| [read_file]: parse_trophy_file: Reading 1 bytes of fd 0x3
[17:08:25.883] |T| [seek_file]: parse_trophy_file: Seeking fd: 0x3, offset: 0x220, whence: SCE_SEEK_SET
[17:08:25.883] |T| [read_file]: parse_trophy_file: Reading 8 bytes of fd 0x3
[17:08:25.884] |T| [read_file]: parse_trophy_file: Reading 8 bytes of fd 0x3
[17:08:25.885] |T| [seek_file]: parse_trophy_file: Seeking fd: 0x3, offset: 0x240, whence: SCE_SEEK_SET
[17:08:25.885] |T| [read_file]: parse_trophy_file: Reading 1 bytes of fd 0x3
[17:08:25.887] |T| [read_file]: parse_trophy_file: Reading 1 bytes of fd 0x3
[17:08:25.888] |T| [read_file]: parse_trophy_file: Reading 1 bytes of fd 0x3
[17:08:25.888] |T| [read_file]: parse_trophy_file: Reading 1 bytes of fd 0x3
[17:08:25.889] |T| [read_file]: parse_trophy_file: Reading 1 bytes of fd 0x3
[17:08:25.890] |T| [read_file]: parse_trophy_file: Reading 1 bytes of fd 0x3
[17:08:25.890] |T| [read_file]: parse_trophy_file: Reading 1 bytes of fd 0x3
[17:08:25.894] |T| [read_file]: parse_trophy_file: Reading 1 bytes of fd 0x3
[17:08:25.896] |T| [read_file]: parse_trophy_file: Reading 1 bytes of fd 0x3
[17:08:25.899] |T| [read_file]: parse_trophy_file: Reading 1 bytes of fd 0x3
[17:08:25.900] |T| [read_file]: parse_trophy_file: Reading 1 bytes of fd 0x3
[17:08:25.901] |T| [read_file]: parse_trophy_file: Reading 1 bytes of fd 0x3
[17:08:25.901] |T| [seek_file]: parse_trophy_file: Seeking fd: 0x3, offset: 0x260, whence: SCE_SEEK_SET
[17:08:25.902] |T| [read_file]: parse_trophy_file: Reading 8 bytes of fd 0x3
[17:08:25.903] |T| [read_file]: parse_trophy_file: Reading 8 bytes of fd 0x3
[17:08:25.903] |T| [seek_file]: parse_trophy_file: Seeking fd: 0x3, offset: 0x280, whence: SCE_SEEK_SET
[17:08:25.904] |T| [read_file]: parse_trophy_file: Reading 1 bytes of fd 0x3
[17:08:25.905] |T| [read_file]: parse_trophy_file: Reading 1 bytes of fd 0x3
[17:08:25.905] |T| [read_file]: parse_trophy_file: Reading 1 bytes of fd 0x3
[17:08:25.906] |T| [read_file]: parse_trophy_file: Reading 1 bytes of fd 0x3
[17:08:25.911] |T| [read_file]: parse_trophy_file: Reading 1 bytes of fd 0x3
[17:08:25.912] |T| [read_file]: parse_trophy_file: Reading 1 bytes of fd 0x3
[17:08:25.919] |T| [read_file]: parse_trophy_file: Reading 1 bytes of fd 0x3
[17:08:25.919] |T| [read_file]: parse_trophy_file: Reading 1 bytes of fd 0x3
[17:08:25.920] |T| [read_file]: parse_trophy_file: Reading 1 bytes of fd 0x3
[17:08:25.921] |T| [read_file]: parse_trophy_file: Reading 1 bytes of fd 0x3
[17:08:25.921] |T| [read_file]: parse_trophy_file: Reading 1 bytes of fd 0x3
[17:08:25.922] |T| [read_file]: parse_trophy_file: Reading 1 bytes of fd 0x3
[17:08:25.924] |T| [seek_file]: parse_trophy_file: Seeking fd: 0x3, offset: 0x2A0, whence: SCE_SEEK_SET
[17:08:25.925] |T| [read_file]: parse_trophy_file: Reading 8 bytes of fd 0x3
[17:08:25.929] |T| [read_file]: parse_trophy_file: Reading 8 bytes of fd 0x3
[17:08:25.930] |T| [seek_file]: parse_trophy_file: Seeking fd: 0x3, offset: 0x2C0, whence: SCE_SEEK_SET
[17:08:25.930] |T| [read_file]: parse_trophy_file: Reading 1 bytes of fd 0x3
[17:08:25.931] |T| [read_file]: parse_trophy_file: Reading 1 bytes of fd 0x3
[17:08:25.932] |T| [read_file]: parse_trophy_file: Reading 1 bytes of fd 0x3
[17:08:25.933] |T| [read_file]: parse_trophy_file: Reading 1 bytes of fd 0x3
[17:08:25.933] |T| [read_file]: parse_trophy_file: Reading 1 bytes of fd 0x3
[17:08:25.934] |T| [read_file]: parse_trophy_file: Reading 1 bytes of fd 0x3
[17:08:25.941] |T| [read_file]: parse_trophy_file: Reading 1 bytes of fd 0x3
[17:08:25.942] |T| [read_file]: parse_trophy_file: Reading 1 bytes of fd 0x3
[17:08:25.945] |T| [read_file]: parse_trophy_file: Reading 1 bytes of fd 0x3
[17:08:25.946] |T| [read_file]: parse_trophy_file: Reading 1 bytes of fd 0x3
[17:08:25.947] |T| [read_file]: parse_trophy_file: Reading 1 bytes of fd 0x3
[17:08:25.947] |T| [read_file]: parse_trophy_file: Reading 1 bytes of fd 0x3
[17:08:25.948] |T| [seek_file]: parse_trophy_file: Seeking fd: 0x3, offset: 0x2E0, whence: SCE_SEEK_SET
[17:08:25.949] |T| [read_file]: parse_trophy_file: Reading 8 bytes of fd 0x3
[17:08:25.950] |T| [read_file]: parse_trophy_file: Reading 8 bytes of fd 0x3
[17:08:25.951] |T| [seek_file]: parse_trophy_file: Seeking fd: 0x3, offset: 0x300, whence: SCE_SEEK_SET
[17:08:25.951] |T| [read_file]: parse_trophy_file: Reading 1 bytes of fd 0x3
[17:08:25.952] |T| [read_file]: parse_trophy_file: Reading 1 bytes of fd 0x3
[17:08:25.953] |T| [read_file]: parse_trophy_file: Reading 1 bytes of fd 0x3
[17:08:25.957] |T| [read_file]: parse_trophy_file: Reading 1 bytes of fd 0x3
[17:08:25.958] |T| [read_file]: parse_trophy_file: Reading 1 bytes of fd 0x3
[17:08:25.961] |T| [read_file]: parse_trophy_file: Reading 1 bytes of fd 0x3
[17:08:25.962] |T| [read_file]: parse_trophy_file: Reading 1 bytes of fd 0x3
[17:08:25.963] |T| [read_file]: parse_trophy_file: Reading 1 bytes of fd 0x3
[17:08:25.963] |T| [read_file]: parse_trophy_file: Reading 1 bytes of fd 0x3
[17:08:25.964] |T| [read_file]: parse_trophy_file: Reading 1 bytes of fd 0x3
[17:08:25.965] |T| [read_file]: parse_trophy_file: Reading 1 bytes of fd 0x3
[17:08:25.965] |T| [read_file]: parse_trophy_file: Reading 1 bytes of fd 0x3
[17:08:25.966] |T| [seek_file]: parse_trophy_file: Seeking fd: 0x3, offset: 0x320, whence: SCE_SEEK_SET
[17:08:25.967] |T| [read_file]: parse_trophy_file: Reading 8 bytes of fd 0x3
[17:08:25.967] |T| [read_file]: parse_trophy_file: Reading 8 bytes of fd 0x3
[17:08:25.968] |T| [seek_file]: parse_trophy_file: Seeking fd: 0x3, offset: 0x340, whence: SCE_SEEK_SET
[17:08:25.972] |T| [read_file]: parse_trophy_file: Reading 1 bytes of fd 0x3
[17:08:25.972] |T| [read_file]: parse_trophy_file: Reading 1 bytes of fd 0x3
[17:08:25.974] |T| [read_file]: parse_trophy_file: Reading 1 bytes of fd 0x3
[17:08:25.975] |T| [read_file]: parse_trophy_file: Reading 1 bytes of fd 0x3
[17:08:25.976] |T| [read_file]: parse_trophy_file: Reading 1 bytes of fd 0x3
[17:08:25.981] |T| [read_file]: parse_trophy_file: Reading 1 bytes of fd 0x3
[17:08:25.981] |T| [read_file]: parse_trophy_file: Reading 1 bytes of fd 0x3
[17:08:25.982] |T| [read_file]: parse_trophy_file: Reading 1 bytes of fd 0x3
[17:08:25.984] |T| [read_file]: parse_trophy_file: Reading 1 bytes of fd 0x3
[17:08:25.984] |T| [read_file]: parse_trophy_file: Reading 1 bytes of fd 0x3
[17:08:25.989] |T| [read_file]: parse_trophy_file: Reading 1 bytes of fd 0x3
[17:08:25.990] |T| [read_file]: parse_trophy_file: Reading 1 bytes of fd 0x3
[17:08:25.994] |T| [seek_file]: parse_trophy_file: Seeking fd: 0x3, offset: 0x360, whence: SCE_SEEK_SET
[17:08:25.994] |T| [read_file]: parse_trophy_file: Reading 8 bytes of fd 0x3
[17:08:25.995] |T| [read_file]: parse_trophy_file: Reading 8 bytes of fd 0x3
[17:08:25.996] |T| [seek_file]: parse_trophy_file: Seeking fd: 0x3, offset: 0x380, whence: SCE_SEEK_SET
[17:08:25.996] |T| [read_file]: parse_trophy_file: Reading 1 bytes of fd 0x3
[17:08:26.004] |T| [read_file]: parse_trophy_file: Reading 1 bytes of fd 0x3
[17:08:26.005] |T| [read_file]: parse_trophy_file: Reading 1 bytes of fd 0x3
[17:08:26.008] |T| [read_file]: parse_trophy_file: Reading 1 bytes of fd 0x3
[17:08:26.010] |T| [read_file]: parse_trophy_file: Reading 1 bytes of fd 0x3
[17:08:26.010] |T| [read_file]: parse_trophy_file: Reading 1 bytes of fd 0x3
[17:08:26.012] |T| [read_file]: parse_trophy_file: Reading 1 bytes of fd 0x3
[17:08:26.013] |T| [read_file]: parse_trophy_file: Reading 1 bytes of fd 0x3
[17:08:26.013] |T| [read_file]: parse_trophy_file: Reading 1 bytes of fd 0x3
[17:08:26.014] |T| [read_file]: parse_trophy_file: Reading 1 bytes of fd 0x3
[17:08:26.015] |T| [read_file]: parse_trophy_file: Reading 1 bytes of fd 0x3
[17:08:26.015] |T| [read_file]: parse_trophy_file: Reading 1 bytes of fd 0x3
[17:08:26.020] |T| [seek_file]: parse_trophy_file: Seeking fd: 0x3, offset: 0x3A0, whence: SCE_SEEK_SET
[17:08:26.021] |T| [read_file]: parse_trophy_file: Reading 8 bytes of fd 0x3
[17:08:26.024] |T| [read_file]: parse_trophy_file: Reading 8 bytes of fd 0x3
[17:08:26.025] |T| [seek_file]: parse_trophy_file: Seeking fd: 0x3, offset: 0x3C0, whence: SCE_SEEK_SET
[17:08:26.026] |T| [read_file]: parse_trophy_file: Reading 1 bytes of fd 0x3
[17:08:26.027] |T| [read_file]: parse_trophy_file: Reading 1 bytes of fd 0x3
[17:08:26.027] |T| [read_file]: parse_trophy_file: Reading 1 bytes of fd 0x3
[17:08:26.028] |T| [read_file]: parse_trophy_file: Reading 1 bytes of fd 0x3
[17:08:26.029] |T| [read_file]: parse_trophy_file: Reading 1 bytes of fd 0x3
[17:08:26.029] |T| [read_file]: parse_trophy_file: Reading 1 bytes of fd 0x3
[17:08:26.030] |T| [read_file]: parse_trophy_file: Reading 1 bytes of fd 0x3
[17:08:26.034] |T| [read_file]: parse_trophy_file: Reading 1 bytes of fd 0x3
[17:08:26.035] |T| [read_file]: parse_trophy_file: Reading 1 bytes of fd 0x3
[17:08:26.037] |T| [read_file]: parse_trophy_file: Reading 1 bytes of fd 0x3
[17:08:26.038] |T| [read_file]: parse_trophy_file: Reading 1 bytes of fd 0x3
[17:08:26.039] |T| [read_file]: parse_trophy_file: Reading 1 bytes of fd 0x3
[17:08:26.043] |T| [seek_file]: parse_trophy_file: Seeking fd: 0x3, offset: 0x3E0, whence: SCE_SEEK_SET
[17:08:26.044] |T| [read_file]: parse_trophy_file: Reading 8 bytes of fd 0x3
[17:08:26.045] |T| [read_file]: parse_trophy_file: Reading 8 bytes of fd 0x3
[17:08:26.046] |T| [seek_file]: parse_trophy_file: Seeking fd: 0x3, offset: 0x400, whence: SCE_SEEK_SET
[17:08:26.048] |T| [read_file]: parse_trophy_file: Reading 1 bytes of fd 0x3
[17:08:26.049] |T| [read_file]: parse_trophy_file: Reading 1 bytes of fd 0x3
[17:08:26.051] |T| [read_file]: parse_trophy_file: Reading 1 bytes of fd 0x3
[17:08:26.052] |T| [read_file]: parse_trophy_file: Reading 1 bytes of fd 0x3
[17:08:26.054] |T| [read_file]: parse_trophy_file: Reading 1 bytes of fd 0x3
[17:08:26.054] |T| [read_file]: parse_trophy_file: Reading 1 bytes of fd 0x3
[17:08:26.055] |T| [read_file]: parse_trophy_file: Reading 1 bytes of fd 0x3
[17:08:26.056] |T| [read_file]: parse_trophy_file: Reading 1 bytes of fd 0x3
[17:08:26.056] |T| [read_file]: parse_trophy_file: Reading 1 bytes of fd 0x3
[17:08:26.057] |T| [read_file]: parse_trophy_file: Reading 1 bytes of fd 0x3
[17:08:26.059] |T| [read_file]: parse_trophy_file: Reading 1 bytes of fd 0x3
[17:08:26.066] |T| [read_file]: parse_trophy_file: Reading 1 bytes of fd 0x3
[17:08:26.067] |T| [seek_file]: parse_trophy_file: Seeking fd: 0x3, offset: 0x420, whence: SCE_SEEK_SET
[17:08:26.071] |T| [read_file]: parse_trophy_file: Reading 8 bytes of fd 0x3
[17:08:26.071] |T| [read_file]: parse_trophy_file: Reading 8 bytes of fd 0x3
[17:08:26.072] |T| [seek_file]: parse_trophy_file: Seeking fd: 0x3, offset: 0x440, whence: SCE_SEEK_SET
[17:08:26.073] |T| [read_file]: parse_trophy_file: Reading 1 bytes of fd 0x3
[17:08:26.074] |T| [read_file]: parse_trophy_file: Reading 1 bytes of fd 0x3
[17:08:26.075] |T| [read_file]: parse_trophy_file: Reading 1 bytes of fd 0x3
[17:08:26.076] |T| [read_file]: parse_trophy_file: Reading 1 bytes of fd 0x3
[17:08:26.076] |T| [read_file]: parse_trophy_file: Reading 1 bytes of fd 0x3
[17:08:26.077] |T| [read_file]: parse_trophy_file: Reading 1 bytes of fd 0x3
[17:08:26.081] |T| [read_file]: parse_trophy_file: Reading 1 bytes of fd 0x3
[17:08:26.082] |T| [read_file]: parse_trophy_file: Reading 1 bytes of fd 0x3
[17:08:26.087] |T| [read_file]: parse_trophy_file: Reading 1 bytes of fd 0x3
[17:08:26.087] |T| [read_file]: parse_trophy_file: Reading 1 bytes of fd 0x3
[17:08:26.088] |T| [read_file]: parse_trophy_file: Reading 1 bytes of fd 0x3
[17:08:26.089] |T| [read_file]: parse_trophy_file: Reading 1 bytes of fd 0x3
[17:08:26.089] |T| [seek_file]: parse_trophy_file: Seeking fd: 0x3, offset: 0x460, whence: SCE_SEEK_SET
[17:08:26.090] |T| [read_file]: parse_trophy_file: Reading 8 bytes of fd 0x3
[17:08:26.091] |T| [read_file]: parse_trophy_file: Reading 8 bytes of fd 0x3
[17:08:26.091] |T| [seek_file]: parse_trophy_file: Seeking fd: 0x3, offset: 0x480, whence: SCE_SEEK_SET
[17:08:26.092] |T| [read_file]: parse_trophy_file: Reading 1 bytes of fd 0x3
[17:08:26.093] |T| [read_file]: parse_trophy_file: Reading 1 bytes of fd 0x3
[17:08:26.097] |T| [read_file]: parse_trophy_file: Reading 1 bytes of fd 0x3
[17:08:26.098] |T| [read_file]: parse_trophy_file: Reading 1 bytes of fd 0x3
[17:08:26.100] |T| [read_file]: parse_trophy_file: Reading 1 bytes of fd 0x3
[17:08:26.100] |T| [read_file]: parse_trophy_file: Reading 1 bytes of fd 0x3
[17:08:26.101] |T| [read_file]: parse_trophy_file: Reading 1 bytes of fd 0x3
[17:08:26.106] |T| [read_file]: parse_trophy_file: Reading 1 bytes of fd 0x3
[17:08:26.107] |T| [read_file]: parse_trophy_file: Reading 1 bytes of fd 0x3
[17:08:26.108] |T| [read_file]: parse_trophy_file: Reading 1 bytes of fd 0x3
[17:08:26.108] |T| [read_file]: parse_trophy_file: Reading 1 bytes of fd 0x3
[17:08:26.111] |T| [read_file]: parse_trophy_file: Reading 1 bytes of fd 0x3
[17:08:26.113] |T| [seek_file]: parse_trophy_file: Seeking fd: 0x3, offset: 0x4A0, whence: SCE_SEEK_SET
[17:08:26.114] |T| [read_file]: parse_trophy_file: Reading 8 bytes of fd 0x3
[17:08:26.115] |T| [read_file]: parse_trophy_file: Reading 8 bytes of fd 0x3
[17:08:26.116] |T| [seek_file]: parse_trophy_file: Seeking fd: 0x3, offset: 0x4C0, whence: SCE_SEEK_SET
[17:08:26.117] |T| [read_file]: parse_trophy_file: Reading 1 bytes of fd 0x3
[17:08:26.118] |T| [read_file]: parse_trophy_file: Reading 1 bytes of fd 0x3
[17:08:26.118] |T| [read_file]: parse_trophy_file: Reading 1 bytes of fd 0x3
[17:08:26.119] |T| [read_file]: parse_trophy_file: Reading 1 bytes of fd 0x3
[17:08:26.120] |T| [read_file]: parse_trophy_file: Reading 1 bytes of fd 0x3
[17:08:26.120] |T| [read_file]: parse_trophy_file: Reading 1 bytes of fd 0x3
[17:08:26.122] |T| [read_file]: parse_trophy_file: Reading 1 bytes of fd 0x3
[17:08:26.129] |T| [read_file]: parse_trophy_file: Reading 1 bytes of fd 0x3
[17:08:26.129] |T| [read_file]: parse_trophy_file: Reading 1 bytes of fd 0x3
[17:08:26.131] |T| [read_file]: parse_trophy_file: Reading 1 bytes of fd 0x3
[17:08:26.132] |T| [read_file]: parse_trophy_file: Reading 1 bytes of fd 0x3
[17:08:26.133] |T| [read_file]: parse_trophy_file: Reading 1 bytes of fd 0x3
[17:08:26.133] |T| [seek_file]: parse_trophy_file: Seeking fd: 0x3, offset: 0x4E0, whence: SCE_SEEK_SET
[17:08:26.134] |T| [read_file]: parse_trophy_file: Reading 8 bytes of fd 0x3
[17:08:26.134] |T| [read_file]: parse_trophy_file: Reading 8 bytes of fd 0x3
[17:08:26.135] |T| [seek_file]: parse_trophy_file: Seeking fd: 0x3, offset: 0x500, whence: SCE_SEEK_SET
[17:08:26.137] |T| [read_file]: parse_trophy_file: Reading 1 bytes of fd 0x3
[17:08:26.137] |T| [read_file]: parse_trophy_file: Reading 1 bytes of fd 0x3
[17:08:26.138] |T| [read_file]: parse_trophy_file: Reading 1 bytes of fd 0x3
[17:08:26.142] |T| [read_file]: parse_trophy_file: Reading 1 bytes of fd 0x3
[17:08:26.144] |T| [read_file]: parse_trophy_file: Reading 1 bytes of fd 0x3
[17:08:26.149] |T| [read_file]: parse_trophy_file: Reading 1 bytes of fd 0x3
[17:08:26.150] |T| [read_file]: parse_trophy_file: Reading 1 bytes of fd 0x3
[17:08:26.151] |T| [read_file]: parse_trophy_file: Reading 1 bytes of fd 0x3
[17:08:26.152] |T| [read_file]: parse_trophy_file: Reading 1 bytes of fd 0x3
[17:08:26.153] |T| [read_file]: parse_trophy_file: Reading 1 bytes of fd 0x3
[17:08:26.153] |T| [read_file]: parse_trophy_file: Reading 1 bytes of fd 0x3
[17:08:26.154] |T| [read_file]: parse_trophy_file: Reading 1 bytes of fd 0x3
[17:08:26.155] |T| [seek_file]: parse_trophy_file: Seeking fd: 0x3, offset: 0x520, whence: SCE_SEEK_SET
[17:08:26.158] |T| [read_file]: parse_trophy_file: Reading 8 bytes of fd 0x3
[17:08:26.161] |T| [read_file]: parse_trophy_file: Reading 8 bytes of fd 0x3
[17:08:26.162] |T| [seek_file]: parse_trophy_file: Seeking fd: 0x3, offset: 0x540, whence: SCE_SEEK_SET
[17:08:26.163] |T| [read_file]: parse_trophy_file: Reading 1 bytes of fd 0x3
[17:08:26.167] |T| [read_file]: parse_trophy_file: Reading 1 bytes of fd 0x3
[17:08:26.167] |T| [read_file]: parse_trophy_file: Reading 1 bytes of fd 0x3
[17:08:26.168] |T| [read_file]: parse_trophy_file: Reading 1 bytes of fd 0x3
[17:08:26.169] |T| [read_file]: parse_trophy_file: Reading 1 bytes of fd 0x3
[17:08:26.169] |T| [read_file]: parse_trophy_file: Reading 1 bytes of fd 0x3
[17:08:26.170] |T| [read_file]: parse_trophy_file: Reading 1 bytes of fd 0x3
[17:08:26.174] |T| [read_file]: parse_trophy_file: Reading 1 bytes of fd 0x3
[17:08:26.175] |T| [read_file]: parse_trophy_file: Reading 1 bytes of fd 0x3
[17:08:26.179] |T| [read_file]: parse_trophy_file: Reading 1 bytes of fd 0x3
[17:08:26.180] |T| [read_file]: parse_trophy_file: Reading 1 bytes of fd 0x3
[17:08:26.180] |T| [read_file]: parse_trophy_file: Reading 1 bytes of fd 0x3
[17:08:26.181] |T| [seek_file]: parse_trophy_file: Seeking fd: 0x3, offset: 0x560, whence: SCE_SEEK_SET
[17:08:26.182] |T| [read_file]: parse_trophy_file: Reading 8 bytes of fd 0x3
[17:08:26.182] |T| [read_file]: parse_trophy_file: Reading 8 bytes of fd 0x3
[17:08:26.183] |T| [seek_file]: parse_trophy_file: Seeking fd: 0x3, offset: 0x580, whence: SCE_SEEK_SET
[17:08:26.184] |T| [read_file]: parse_trophy_file: Reading 1 bytes of fd 0x3
[17:08:26.191] |T| [read_file]: parse_trophy_file: Reading 1 bytes of fd 0x3
[17:08:26.192] |T| [read_file]: parse_trophy_file: Reading 1 bytes of fd 0x3
[17:08:26.194] |T| [read_file]: parse_trophy_file: Reading 1 bytes of fd 0x3
[17:08:26.195] |T| [read_file]: parse_trophy_file: Reading 1 bytes of fd 0x3
[17:08:26.195] |T| [read_file]: parse_trophy_file: Reading 1 bytes of fd 0x3
[17:08:26.196] |T| [read_file]: parse_trophy_file: Reading 1 bytes of fd 0x3
[17:08:26.197] |T| [read_file]: parse_trophy_file: Reading 1 bytes of fd 0x3
[17:08:26.197] |T| [read_file]: parse_trophy_file: Reading 1 bytes of fd 0x3
[17:08:26.199] |T| [read_file]: parse_trophy_file: Reading 1 bytes of fd 0x3
[17:08:26.200] |T| [read_file]: parse_trophy_file: Reading 1 bytes of fd 0x3
[17:08:26.201] |T| [read_file]: parse_trophy_file: Reading 1 bytes of fd 0x3
[17:08:26.202] |T| [seek_file]: parse_trophy_file: Seeking fd: 0x3, offset: 0x5A0, whence: SCE_SEEK_SET
[17:08:26.202] |T| [read_file]: parse_trophy_file: Reading 8 bytes of fd 0x3
[17:08:26.209] |T| [read_file]: parse_trophy_file: Reading 8 bytes of fd 0x3
[17:08:26.212] |T| [seek_file]: parse_trophy_file: Seeking fd: 0x3, offset: 0x5C0, whence: SCE_SEEK_SET
[17:08:26.212] |T| [read_file]: parse_trophy_file: Reading 1 bytes of fd 0x3
[17:08:26.213] |T| [read_file]: parse_trophy_file: Reading 1 bytes of fd 0x3
[17:08:26.214] |T| [read_file]: parse_trophy_file: Reading 1 bytes of fd 0x3
[17:08:26.214] |T| [read_file]: parse_trophy_file: Reading 1 bytes of fd 0x3
[17:08:26.215] |T| [read_file]: parse_trophy_file: Reading 1 bytes of fd 0x3
[17:08:26.216] |T| [read_file]: parse_trophy_file: Reading 1 bytes of fd 0x3
[17:08:26.216] |T| [read_file]: parse_trophy_file: Reading 1 bytes of fd 0x3
[17:08:26.217] |T| [read_file]: parse_trophy_file: Reading 1 bytes of fd 0x3
[17:08:26.218] |T| [read_file]: parse_trophy_file: Reading 1 bytes of fd 0x3
[17:08:26.221] |T| [read_file]: parse_trophy_file: Reading 1 bytes of fd 0x3
[17:08:26.222] |T| [read_file]: parse_trophy_file: Reading 1 bytes of fd 0x3
[17:08:26.224] |T| [read_file]: parse_trophy_file: Reading 1 bytes of fd 0x3
[17:08:26.225] |T| [seek_file]: parse_trophy_file: Seeking fd: 0x3, offset: 0x5E0, whence: SCE_SEEK_SET
[17:08:26.226] |T| [read_file]: parse_trophy_file: Reading 8 bytes of fd 0x3
[17:08:26.231] |T| [read_file]: parse_trophy_file: Reading 8 bytes of fd 0x3
[17:08:26.231] |T| [seek_file]: parse_trophy_file: Seeking fd: 0x3, offset: 0x600, whence: SCE_SEEK_SET
[17:08:26.232] |T| [read_file]: parse_trophy_file: Reading 1 bytes of fd 0x3
[17:08:26.233] |T| [read_file]: parse_trophy_file: Reading 1 bytes of fd 0x3
[17:08:26.234] |T| [read_file]: parse_trophy_file: Reading 1 bytes of fd 0x3
[17:08:26.238] |T| [read_file]: parse_trophy_file: Reading 1 bytes of fd 0x3
[17:08:26.239] |T| [read_file]: parse_trophy_file: Reading 1 bytes of fd 0x3
[17:08:26.242] |T| [read_file]: parse_trophy_file: Reading 1 bytes of fd 0x3
[17:08:26.243] |T| [read_file]: parse_trophy_file: Reading 1 bytes of fd 0x3
[17:08:26.244] |T| [read_file]: parse_trophy_file: Reading 1 bytes of fd 0x3
[17:08:26.245] |T| [read_file]: parse_trophy_file: Reading 1 bytes of fd 0x3
[17:08:26.246] |T| [read_file]: parse_trophy_file: Reading 1 bytes of fd 0x3
[17:08:26.247] |T| [read_file]: parse_trophy_file: Reading 1 bytes of fd 0x3
[17:08:26.253] |T| [read_file]: parse_trophy_file: Reading 1 bytes of fd 0x3
[17:08:26.255] |T| [seek_file]: parse_trophy_file: Seeking fd: 0x3, offset: 0x620, whence: SCE_SEEK_SET
[17:08:26.258] |T| [read_file]: parse_trophy_file: Reading 8 bytes of fd 0x3
[17:08:26.259] |T| [read_file]: parse_trophy_file: Reading 8 bytes of fd 0x3
[17:08:26.259] |T| [seek_file]: parse_trophy_file: Seeking fd: 0x3, offset: 0x640, whence: SCE_SEEK_SET
[17:08:26.260] |T| [read_file]: parse_trophy_file: Reading 1 bytes of fd 0x3
[17:08:26.262] |T| [read_file]: parse_trophy_file: Reading 1 bytes of fd 0x3
[17:08:26.262] |T| [read_file]: parse_trophy_file: Reading 1 bytes of fd 0x3
[17:08:26.263] |T| [read_file]: parse_trophy_file: Reading 1 bytes of fd 0x3
[17:08:26.264] |T| [read_file]: parse_trophy_file: Reading 1 bytes of fd 0x3
[17:08:26.265] |T| [read_file]: parse_trophy_file: Reading 1 bytes of fd 0x3
[17:08:26.265] |T| [read_file]: parse_trophy_file: Reading 1 bytes of fd 0x3
[17:08:26.270] |T| [read_file]: parse_trophy_file: Reading 1 bytes of fd 0x3
[17:08:26.271] |T| [read_file]: parse_trophy_file: Reading 1 bytes of fd 0x3
[17:08:26.274] |T| [read_file]: parse_trophy_file: Reading 1 bytes of fd 0x3
[17:08:26.275] |T| [read_file]: parse_trophy_file: Reading 1 bytes of fd 0x3
[17:08:26.276] |T| [read_file]: parse_trophy_file: Reading 1 bytes of fd 0x3
[17:08:26.277] |T| [seek_file]: parse_trophy_file: Seeking fd: 0x3, offset: 0x660, whence: SCE_SEEK_SET
[17:08:26.278] |T| [read_file]: parse_trophy_file: Reading 8 bytes of fd 0x3
[17:08:26.278] |T| [read_file]: parse_trophy_file: Reading 8 bytes of fd 0x3
[17:08:26.279] |T| [seek_file]: parse_trophy_file: Seeking fd: 0x3, offset: 0x680, whence: SCE_SEEK_SET
[17:08:26.280] |T| [seek_file]: parse_trophy_file: Seeking fd: 0x3, offset: 0x680, whence: SCE_SEEK_SET
[17:08:26.280] |T| [read_file]: parse_trophy_file: Reading 1726 bytes of fd 0x3
[17:08:26.285] |T| [open_file]: install_trophy_context: Opening file ux0:/user/00/trophy/conf/NPWR15756_00/TROPCONF.SFM (ux0:/user/00/trophy/conf/NPWR15756_00/TROPCONF.SFM), fd: 0x5
[17:08:26.288] |T| [write_file]: install_trophy_context: Writing to fd: 0x5, size: 1726
[17:08:26.288] |T| [close_file]: install_trophy_context: Closing file fd: 0x5
[17:08:26.294] |T| [seek_file]: parse_trophy_file: Seeking fd: 0x3, offset: 0xD40, whence: SCE_SEEK_SET
[17:08:26.295] |T| [read_file]: parse_trophy_file: Reading 4299 bytes of fd 0x3
[17:08:26.300] |T| [open_file]: install_trophy_context: Opening file ux0:/user/00/trophy/conf/NPWR15756_00/TROP.SFM (ux0:/user/00/trophy/conf/NPWR15756_00/TROP.SFM), fd: 0x6
[17:08:26.305] |T| [write_file]: install_trophy_context: Writing to fd: 0x6, size: 4299
[17:08:26.305] |T| [close_file]: install_trophy_context: Closing file fd: 0x6
[17:08:26.306] |T| [seek_file]: parse_trophy_file: Seeking fd: 0x3, offset: 0x1E10, whence: SCE_SEEK_SET
[17:08:26.307] |T| [read_file]: parse_trophy_file: Reading 65536 bytes of fd 0x3
[17:08:26.308] |T| [read_file]: parse_trophy_file: Reading 13217 bytes of fd 0x3
[17:08:26.315] |T| [open_file]: install_trophy_context: Opening file ux0:/user/00/trophy/conf/NPWR15756_00/ICON0.PNG (ux0:/user/00/trophy/conf/NPWR15756_00/ICON0.PNG), fd: 0x7
[17:08:26.318] |T| [write_file]: install_trophy_context: Writing to fd: 0x7, size: 78753
[17:08:26.318] |T| [close_file]: install_trophy_context: Closing file fd: 0x7
[17:08:26.319] |T| [seek_file]: parse_trophy_file: Seeking fd: 0x3, offset: 0x151C0, whence: SCE_SEEK_SET
[17:08:26.320] |T| [read_file]: parse_trophy_file: Reading 65536 bytes of fd 0x3
[17:08:26.323] |T| [read_file]: parse_trophy_file: Reading 28736 bytes of fd 0x3
[17:08:26.327] |T| [open_file]: install_trophy_context: Opening file ux0:/user/00/trophy/conf/NPWR15756_00/TROP000.PNG (ux0:/user/00/trophy/conf/NPWR15756_00/TROP000.PNG), fd: 0x8
[17:08:26.337] |T| [write_file]: install_trophy_context: Writing to fd: 0x8, size: 94272
[17:08:26.337] |T| [close_file]: install_trophy_context: Closing file fd: 0x8
[17:08:26.338] |T| [seek_file]: parse_trophy_file: Seeking fd: 0x3, offset: 0x2C200, whence: SCE_SEEK_SET
[17:08:26.339] |T| [read_file]: parse_trophy_file: Reading 65536 bytes of fd 0x3
[17:08:26.339] |T| [read_file]: parse_trophy_file: Reading 9101 bytes of fd 0x3
[17:08:26.340] |T| [open_file]: install_trophy_context: Opening file ux0:/user/00/trophy/conf/NPWR15756_00/TROP001.PNG (ux0:/user/00/trophy/conf/NPWR15756_00/TROP001.PNG), fd: 0x9
[17:08:26.348] |T| [write_file]: install_trophy_context: Writing to fd: 0x9, size: 74637
[17:08:26.351] |T| [close_file]: install_trophy_context: Closing file fd: 0x9
[17:08:26.352] |T| [seek_file]: parse_trophy_file: Seeking fd: 0x3, offset: 0x3E590, whence: SCE_SEEK_SET
[17:08:26.356] |T| [read_file]: parse_trophy_file: Reading 59451 bytes of fd 0x3
[17:08:26.357] |T| [open_file]: install_trophy_context: Opening file ux0:/user/00/trophy/conf/NPWR15756_00/TROP002.PNG (ux0:/user/00/trophy/conf/NPWR15756_00/TROP002.PNG), fd: 0xA
[17:08:26.361] |T| [write_file]: install_trophy_context: Writing to fd: 0xA, size: 59451
[17:08:26.362] |T| [close_file]: install_trophy_context: Closing file fd: 0xA
[17:08:26.364] |T| [seek_file]: parse_trophy_file: Seeking fd: 0x3, offset: 0x4CDD0, whence: SCE_SEEK_SET
[17:08:26.365] |T| [read_file]: parse_trophy_file: Reading 57777 bytes of fd 0x3
[17:08:26.366] |T| [open_file]: install_trophy_context: Opening file ux0:/user/00/trophy/conf/NPWR15756_00/TROP003.PNG (ux0:/user/00/trophy/conf/NPWR15756_00/TROP003.PNG), fd: 0xB
[17:08:26.368] |T| [write_file]: install_trophy_context: Writing to fd: 0xB, size: 57777
[17:08:26.368] |T| [close_file]: install_trophy_context: Closing file fd: 0xB
[17:08:26.369] |T| [seek_file]: parse_trophy_file: Seeking fd: 0x3, offset: 0x5AF90, whence: SCE_SEEK_SET
[17:08:26.370] |T| [read_file]: parse_trophy_file: Reading 57883 bytes of fd 0x3
[17:08:26.371] |T| [open_file]: install_trophy_context: Opening file ux0:/user/00/trophy/conf/NPWR15756_00/TROP004.PNG (ux0:/user/00/trophy/conf/NPWR15756_00/TROP004.PNG), fd: 0xC
[17:08:26.372] |T| [write_file]: install_trophy_context: Writing to fd: 0xC, size: 57883
[17:08:26.378] |T| [close_file]: install_trophy_context: Closing file fd: 0xC
[17:08:26.379] |T| [seek_file]: parse_trophy_file: Seeking fd: 0x3, offset: 0x691B0, whence: SCE_SEEK_SET
[17:08:26.381] |T| [read_file]: parse_trophy_file: Reading 63176 bytes of fd 0x3
[17:08:26.382] |T| [open_file]: install_trophy_context: Opening file ux0:/user/00/trophy/conf/NPWR15756_00/TROP005.PNG (ux0:/user/00/trophy/conf/NPWR15756_00/TROP005.PNG), fd: 0xD
[17:08:26.383] |T| [write_file]: install_trophy_context: Writing to fd: 0xD, size: 63176
[17:08:26.384] |T| [close_file]: install_trophy_context: Closing file fd: 0xD
[17:08:26.385] |T| [seek_file]: parse_trophy_file: Seeking fd: 0x3, offset: 0x78880, whence: SCE_SEEK_SET
[17:08:26.385] |T| [read_file]: parse_trophy_file: Reading 65536 bytes of fd 0x3
[17:08:26.386] |T| [read_file]: parse_trophy_file: Reading 19102 bytes of fd 0x3
[17:08:26.387] |T| [open_file]: install_trophy_context: Opening file ux0:/user/00/trophy/conf/NPWR15756_00/TROP006.PNG (ux0:/user/00/trophy/conf/NPWR15756_00/TROP006.PNG), fd: 0xE
[17:08:26.389] |T| [write_file]: install_trophy_context: Writing to fd: 0xE, size: 84638
[17:08:26.392] |T| [close_file]: install_trophy_context: Closing file fd: 0xE
[17:08:26.394] |T| [seek_file]: parse_trophy_file: Seeking fd: 0x3, offset: 0x8D320, whence: SCE_SEEK_SET
[17:08:26.399] |T| [read_file]: parse_trophy_file: Reading 65536 bytes of fd 0x3
[17:08:26.400] |T| [read_file]: parse_trophy_file: Reading 28901 bytes of fd 0x3
[17:08:26.401] |T| [open_file]: install_trophy_context: Opening file ux0:/user/00/trophy/conf/NPWR15756_00/TROP007.PNG (ux0:/user/00/trophy/conf/NPWR15756_00/TROP007.PNG), fd: 0xF
[17:08:26.402] |T| [write_file]: install_trophy_context: Writing to fd: 0xF, size: 94437
[17:08:26.403] |T| [close_file]: install_trophy_context: Closing file fd: 0xF
[17:08:26.403] |T| [seek_file]: parse_trophy_file: Seeking fd: 0x3, offset: 0xA4410, whence: SCE_SEEK_SET
[17:08:26.404] |T| [read_file]: parse_trophy_file: Reading 65536 bytes of fd 0x3
[17:08:26.408] |T| [read_file]: parse_trophy_file: Reading 28886 bytes of fd 0x3
[17:08:26.409] |T| [open_file]: install_trophy_context: Opening file ux0:/user/00/trophy/conf/NPWR15756_00/TROP008.PNG (ux0:/user/00/trophy/conf/NPWR15756_00/TROP008.PNG), fd: 0x10
[17:08:26.412] |T| [write_file]: install_trophy_context: Writing to fd: 0x10, size: 94422
[17:08:26.413] |T| [close_file]: install_trophy_context: Closing file fd: 0x10
[17:08:26.414] |T| [seek_file]: parse_trophy_file: Seeking fd: 0x3, offset: 0xBB4F0, whence: SCE_SEEK_SET
[17:08:26.418] |T| [read_file]: parse_trophy_file: Reading 65536 bytes of fd 0x3
[17:08:26.419] |T| [read_file]: parse_trophy_file: Reading 17153 bytes of fd 0x3
[17:08:26.422] |T| [open_file]: install_trophy_context: Opening file ux0:/user/00/trophy/conf/NPWR15756_00/TROP009.PNG (ux0:/user/00/trophy/conf/NPWR15756_00/TROP009.PNG), fd: 0x11
[17:08:26.425] |T| [write_file]: install_trophy_context: Writing to fd: 0x11, size: 82689
[17:08:26.425] |T| [close_file]: install_trophy_context: Closing file fd: 0x11
[17:08:26.426] |T| [seek_file]: parse_trophy_file: Seeking fd: 0x3, offset: 0xCF800, whence: SCE_SEEK_SET
[17:08:26.427] |T| [read_file]: parse_trophy_file: Reading 65536 bytes of fd 0x3
[17:08:26.428] |T| [read_file]: parse_trophy_file: Reading 19646 bytes of fd 0x3
[17:08:26.429] |T| [open_file]: install_trophy_context: Opening file ux0:/user/00/trophy/conf/NPWR15756_00/TROP010.PNG (ux0:/user/00/trophy/conf/NPWR15756_00/TROP010.PNG), fd: 0x12
[17:08:26.431] |T| [write_file]: install_trophy_context: Writing to fd: 0x12, size: 85182
[17:08:26.431] |T| [close_file]: install_trophy_context: Closing file fd: 0x12
[17:08:26.432] |T| [seek_file]: parse_trophy_file: Seeking fd: 0x3, offset: 0xE44C0, whence: SCE_SEEK_SET
[17:08:26.433] |T| [read_file]: parse_trophy_file: Reading 65536 bytes of fd 0x3
[17:08:26.433] |T| [read_file]: parse_trophy_file: Reading 21086 bytes of fd 0x3
[17:08:26.435] |T| [open_file]: install_trophy_context: Opening file ux0:/user/00/trophy/conf/NPWR15756_00/TROP011.PNG (ux0:/user/00/trophy/conf/NPWR15756_00/TROP011.PNG), fd: 0x13
[17:08:26.444] |T| [write_file]: install_trophy_context: Writing to fd: 0x13, size: 86622
[17:08:26.445] |T| [close_file]: install_trophy_context: Closing file fd: 0x13
[17:08:26.446] |T| [seek_file]: parse_trophy_file: Seeking fd: 0x3, offset: 0xF9720, whence: SCE_SEEK_SET
[17:08:26.447] |T| [read_file]: parse_trophy_file: Reading 65536 bytes of fd 0x3
[17:08:26.447] |T| [read_file]: parse_trophy_file: Reading 24956 bytes of fd 0x3
[17:08:26.448] |T| [open_file]: install_trophy_context: Opening file ux0:/user/00/trophy/conf/NPWR15756_00/TROP012.PNG (ux0:/user/00/trophy/conf/NPWR15756_00/TROP012.PNG), fd: 0x14
[17:08:26.451] |T| [write_file]: install_trophy_context: Writing to fd: 0x14, size: 90492
[17:08:26.452] |T| [close_file]: install_trophy_context: Closing file fd: 0x14
[17:08:26.453] |T| [seek_file]: parse_trophy_file: Seeking fd: 0x3, offset: 0x10F8A0, whence: SCE_SEEK_SET
[17:08:26.454] |T| [read_file]: parse_trophy_file: Reading 65536 bytes of fd 0x3
[17:08:26.455] |T| [read_file]: parse_trophy_file: Reading 25501 bytes of fd 0x3
[17:08:26.456] |T| [open_file]: install_trophy_context: Opening file ux0:/user/00/trophy/conf/NPWR15756_00/TROP013.PNG (ux0:/user/00/trophy/conf/NPWR15756_00/TROP013.PNG), fd: 0x15
[17:08:26.461] |T| [write_file]: install_trophy_context: Writing to fd: 0x15, size: 91037
[17:08:26.462] |T| [close_file]: install_trophy_context: Closing file fd: 0x15
[17:08:26.463] |T| [seek_file]: parse_trophy_file: Seeking fd: 0x3, offset: 0x125C40, whence: SCE_SEEK_SET
[17:08:26.463] |T| [read_file]: parse_trophy_file: Reading 65536 bytes of fd 0x3
[17:08:26.464] |T| [read_file]: parse_trophy_file: Reading 24805 bytes of fd 0x3
[17:08:26.465] |T| [open_file]: install_trophy_context: Opening file ux0:/user/00/trophy/conf/NPWR15756_00/TROP014.PNG (ux0:/user/00/trophy/conf/NPWR15756_00/TROP014.PNG), fd: 0x16
[17:08:26.471] |T| [write_file]: install_trophy_context: Writing to fd: 0x16, size: 90341
[17:08:26.472] |T| [close_file]: install_trophy_context: Closing file fd: 0x16
[17:08:26.473] |T| [seek_file]: parse_trophy_file: Seeking fd: 0x3, offset: 0x13BD30, whence: SCE_SEEK_SET
[17:08:26.474] |T| [read_file]: parse_trophy_file: Reading 65536 bytes of fd 0x3
[17:08:26.474] |T| [read_file]: parse_trophy_file: Reading 19927 bytes of fd 0x3
[17:08:26.475] |T| [open_file]: install_trophy_context: Opening file ux0:/user/00/trophy/conf/NPWR15756_00/TROP015.PNG (ux0:/user/00/trophy/conf/NPWR15756_00/TROP015.PNG), fd: 0x17
[17:08:26.481] |T| [write_file]: install_trophy_context: Writing to fd: 0x17, size: 85463
[17:08:26.484] |T| [close_file]: install_trophy_context: Closing file fd: 0x17
[17:08:26.485] |T| [seek_file]: parse_trophy_file: Seeking fd: 0x3, offset: 0x150B10, whence: SCE_SEEK_SET
[17:08:26.487] |T| [read_file]: parse_trophy_file: Reading 65536 bytes of fd 0x3
[17:08:26.487] |T| [read_file]: parse_trophy_file: Reading 22217 bytes of fd 0x3
[17:08:26.488] |T| [open_file]: install_trophy_context: Opening file ux0:/user/00/trophy/conf/NPWR15756_00/TROP016.PNG (ux0:/user/00/trophy/conf/NPWR15756_00/TROP016.PNG), fd: 0x18
[17:08:26.489] |T| [write_file]: install_trophy_context: Writing to fd: 0x18, size: 87753
[17:08:26.491] |T| [close_file]: install_trophy_context: Closing file fd: 0x18
[17:08:26.492] |T| [seek_file]: parse_trophy_file: Seeking fd: 0x3, offset: 0x1661E0, whence: SCE_SEEK_SET
[17:08:26.493] |T| [read_file]: parse_trophy_file: Reading 65536 bytes of fd 0x3
[17:08:26.494] |T| [read_file]: parse_trophy_file: Reading 21598 bytes of fd 0x3
[17:08:26.494] |T| [open_file]: install_trophy_context: Opening file ux0:/user/00/trophy/conf/NPWR15756_00/TROP017.PNG (ux0:/user/00/trophy/conf/NPWR15756_00/TROP017.PNG), fd: 0x19
[17:08:26.496] |T| [write_file]: install_trophy_context: Writing to fd: 0x19, size: 87134
[17:08:26.497] |T| [close_file]: install_trophy_context: Closing file fd: 0x19
[17:08:26.502] |T| [seek_file]: parse_trophy_file: Seeking fd: 0x3, offset: 0x17B640, whence: SCE_SEEK_SET
[17:08:26.503] |T| [read_file]: parse_trophy_file: Reading 46351 bytes of fd 0x3
[17:08:26.504] |T| [open_file]: install_trophy_context: Opening file ux0:/user/00/trophy/conf/NPWR15756_00/TROP018.PNG (ux0:/user/00/trophy/conf/NPWR15756_00/TROP018.PNG), fd: 0x1A
[17:08:26.506] |T| [write_file]: install_trophy_context: Writing to fd: 0x1A, size: 46351
[17:08:26.506] |T| [close_file]: install_trophy_context: Closing file fd: 0x1A
[17:08:26.507] |T| [seek_file]: parse_trophy_file: Seeking fd: 0x3, offset: 0x186B50, whence: SCE_SEEK_SET
[17:08:26.508] |T| [read_file]: parse_trophy_file: Reading 57875 bytes of fd 0x3
[17:08:26.509] |T| [open_file]: install_trophy_context: Opening file ux0:/user/00/trophy/conf/NPWR15756_00/TROP019.PNG (ux0:/user/00/trophy/conf/NPWR15756_00/TROP019.PNG), fd: 0x1B
[17:08:26.510] |T| [write_file]: install_trophy_context: Writing to fd: 0x1B, size: 57875
[17:08:26.511] |T| [close_file]: install_trophy_context: Closing file fd: 0x1B
[17:08:26.515] |T| [seek_file]: parse_trophy_file: Seeking fd: 0x3, offset: 0x194D70, whence: SCE_SEEK_SET
[17:08:26.516] |T| [read_file]: parse_trophy_file: Reading 65536 bytes of fd 0x3
[17:08:26.518] |T| [read_file]: parse_trophy_file: Reading 18169 bytes of fd 0x3
[17:08:26.520] |T| [open_file]: install_trophy_context: Opening file ux0:/user/00/trophy/conf/NPWR15756_00/TROP020.PNG (ux0:/user/00/trophy/conf/NPWR15756_00/TROP020.PNG), fd: 0x1C
[17:08:26.524] |T| [write_file]: install_trophy_context: Writing to fd: 0x1C, size: 83705
[17:08:26.525] |T| [close_file]: install_trophy_context: Closing file fd: 0x1C
[17:08:26.526] |T| [seek_file]: parse_trophy_file: Seeking fd: 0x3, offset: 0x1A9470, whence: SCE_SEEK_SET
[17:08:26.526] |T| [read_file]: parse_trophy_file: Reading 65536 bytes of fd 0x3
[17:08:26.527] |T| [read_file]: parse_trophy_file: Reading 11010 bytes of fd 0x3
[17:08:26.530] |T| [open_file]: install_trophy_context: Opening file ux0:/user/00/trophy/conf/NPWR15756_00/TROP021.PNG (ux0:/user/00/trophy/conf/NPWR15756_00/TROP021.PNG), fd: 0x1D
[17:08:26.535] |T| [write_file]: install_trophy_context: Writing to fd: 0x1D, size: 76546
[17:08:26.535] |T| [close_file]: install_trophy_context: Closing file fd: 0x1D
[17:08:26.536] |T| [read_file]: load_trophy_progress_file: Reading 4 bytes of fd 0x4
[17:08:26.537] |T| [read_file]: load_trophy_progress_file: Reading 16 bytes of fd 0x4
[17:08:26.537] |T| [read_file]: load_trophy_progress_file: Reading 16 bytes of fd 0x4
[17:08:26.539] |T| [read_file]: load_trophy_progress_file: Reading 4 bytes of fd 0x4
[17:08:26.546] |T| [read_file]: load_trophy_progress_file: Reading 4 bytes of fd 0x4
[17:08:26.546] |T| [read_file]: load_trophy_progress_file: Reading 4 bytes of fd 0x4
[17:08:26.548] |T| [read_file]: load_trophy_progress_file: Reading 64 bytes of fd 0x4
[17:08:26.549] |T| [read_file]: load_trophy_progress_file: Reading 1024 bytes of fd 0x4
[17:08:26.550] |T| [read_file]: load_trophy_progress_file: Reading 512 bytes of fd 0x4
[17:08:26.550] |T| [close_file]: create_trophy_context: Closing file fd: 0x4
[17:08:26.551] |T| [export_sceNpTrophyCreateContext]: Trophy context for NPWR15756_00 create successfuly!
[17:08:26.552] |W| [stubbed_impl]: Stubbed sceNpTrophyCreateHandle import called. (Stubbed handle with 1)
[17:08:26.694] |I| [export_sceIoOpen]: Opening file: app0:DATA.BIN
[17:08:26.694] |T| [open_file]: sceIoOpen: Opening file app0:DATA.BIN (ux0:/app/PCSG01211/DATA.BIN), fd: 0x1E
[17:08:26.695] |T| [seek_file]: _sceIoLseek: Seeking fd: 0x1E, offset: 0x0, whence: SCE_SEEK_END
[17:08:26.696] |T| [seek_file]: _sceIoLseek: Seeking fd: 0x1E, offset: 0x0, whence: SCE_SEEK_SET
[17:08:26.696] |T| [seek_file]: _sceIoLseek: Seeking fd: 0x1E, offset: 0x0, whence: SCE_SEEK_SET
[17:08:26.712] |T| [read_file]: sceIoRead: Reading 64 bytes of fd 0x1E
[17:08:26.728] |T| [close_file]: sceIoClose: Closing file fd: 0x1E
[17:08:26.730] |I| [export_sceIoOpen]: Opening file: app0:DATA.BIN
[17:08:26.733] |T| [open_file]: sceIoOpen: Opening file app0:DATA.BIN (ux0:/app/PCSG01211/DATA.BIN), fd: 0x1F
[17:08:26.734] |T| [seek_file]: _sceIoLseek: Seeking fd: 0x1F, offset: 0x0, whence: SCE_SEEK_END
[17:08:26.737] |T| [seek_file]: _sceIoLseek: Seeking fd: 0x1F, offset: 0x0, whence: SCE_SEEK_SET
[17:08:26.738] |T| [seek_file]: _sceIoLseek: Seeking fd: 0x1F, offset: 0x0, whence: SCE_SEEK_SET
[17:08:26.744] |T| [read_file]: sceIoRead: Reading 150912 bytes of fd 0x1F
[17:08:26.760] |T| [close_file]: sceIoClose: Closing file fd: 0x1F
[17:08:26.767] |I| [export_sceIoOpen]: Opening file: app0:DATA.BIN
[17:08:26.768] |T| [open_file]: sceIoOpen: Opening file app0:DATA.BIN (ux0:/app/PCSG01211/DATA.BIN), fd: 0x20
[17:08:26.769] |T| [seek_file]: _sceIoLseek: Seeking fd: 0x20, offset: 0x0, whence: SCE_SEEK_END
[17:08:26.771] |T| [seek_file]: _sceIoLseek: Seeking fd: 0x20, offset: 0xDC8E800, whence: SCE_SEEK_SET
[17:08:26.772] |T| [seek_file]: _sceIoLseek: Seeking fd: 0x20, offset: 0xDC8E800, whence: SCE_SEEK_SET
[17:08:26.779] |T| [read_file]: sceIoRead: Reading 2966208 bytes of fd 0x20
[17:08:26.794] |T| [close_file]: sceIoClose: Closing file fd: 0x20
[17:08:26.828] |T| [log_import_call]: [LLE] TID: 8   FUNC: 0xDF4C665A sceSystemGestureUpdatePrimitiveTouchRecognizer at 0x30BFEC
[17:08:26.833] |T| [log_import_call]: [LLE] TID: 8   FUNC: 0x851FB144 sceSystemGestureUpdateTouchRecognizer at 0x30BFBC
[17:08:26.835] |T| [log_import_call]: [LLE] TID: 8   FUNC: 0x13AD2218 sceSystemGestureGetTouchEventsCount at 0x30BF7C
[17:08:26.836] |E| [call_import]: Import function for NID 0xE340C310 not found (thread name: PCSG01211, thread ID: 8)
[17:08:26.846] |W| [stubbed_impl]: Stubbed sceNpCheckCallback import called. (Stub)
[17:08:26.879] |W| [stubbed_impl]: Stubbed sceGxmGetRenderTargetMemSize import called. (2MB host mem)
[17:08:26.899] |W| [unimplemented_impl]: Unimplemented sceGxmSetFrontVisibilityTestEnable import called.
[17:08:26.900] |W| [unimplemented_impl]: Unimplemented sceGxmSetFrontVisibilityTestOp import called.
[17:08:26.903] |W| [unimplemented_impl]: Unimplemented sceGxmSetFrontVisibilityTestIndex import called.
[17:08:26.912] |W| [unimplemented_impl]: Unimplemented sceCommonDialogUpdate import called.
[17:08:27.226] |I| [float_to_half_init]: AVX+F16C instruction set is supported. Using fast f32 to f16 conversion
[17:08:27.287] |I| [export_sceIoOpen]: Opening file: app0:DATA.BIN
[17:08:27.287] |T| [open_file]: sceIoOpen: Opening file app0:DATA.BIN (ux0:/app/PCSG01211/DATA.BIN), fd: 0x21
[17:08:27.289] |T| [seek_file]: _sceIoLseek: Seeking fd: 0x21, offset: 0x0, whence: SCE_SEEK_END
[17:08:27.289] |T| [seek_file]: _sceIoLseek: Seeking fd: 0x21, offset: 0x19F3C800, whence: SCE_SEEK_SET
[17:08:27.291] |T| [seek_file]: _sceIoLseek: Seeking fd: 0x21, offset: 0x19F3C800, whence: SCE_SEEK_SET
[17:08:27.311] |T| [read_file]: sceIoRead: Reading 32768 bytes of fd 0x21
[17:08:27.327] |T| [read_file]: sceIoRead: Reading 32768 bytes of fd 0x21
[17:08:27.343] |T| [read_file]: sceIoRead: Reading 32768 bytes of fd 0x21
[17:08:27.361] |T| [read_file]: sceIoRead: Reading 32768 bytes of fd 0x21
[17:08:27.377] |T| [read_file]: sceIoRead: Reading 32768 bytes of fd 0x21
[17:08:27.395] |T| [read_file]: sceIoRead: Reading 32768 bytes of fd 0x21
[17:08:27.411] |T| [read_file]: sceIoRead: Reading 32768 bytes of fd 0x21
[17:08:27.427] |T| [read_file]: sceIoRead: Reading 32768 bytes of fd 0x21
[17:08:27.444] |T| [read_file]: sceIoRead: Reading 32768 bytes of fd 0x21
[17:08:27.460] |T| [read_file]: sceIoRead: Reading 32768 bytes of fd 0x21
[17:08:27.478] |T| [read_file]: sceIoRead: Reading 32768 bytes of fd 0x21
[17:08:27.494] |T| [read_file]: sceIoRead: Reading 32768 bytes of fd 0x21
[17:08:27.511] |T| [read_file]: sceIoRead: Reading 32768 bytes of fd 0x21
[17:08:27.528] |T| [read_file]: sceIoRead: Reading 32768 bytes of fd 0x21
[17:08:27.544] |T| [read_file]: sceIoRead: Reading 32768 bytes of fd 0x21
[17:08:27.561] |T| [read_file]: sceIoRead: Reading 32768 bytes of fd 0x21
[17:08:27.577] |T| [read_file]: sceIoRead: Reading 32768 bytes of fd 0x21
[17:08:27.594] |T| [read_file]: sceIoRead: Reading 32768 bytes of fd 0x21
[17:08:27.611] |T| [read_file]: sceIoRead: Reading 32768 bytes of fd 0x21
[17:08:27.627] |T| [read_file]: 