[12:06:36.317] |I| [config::init_config]: backend-renderer: OpenGL
[12:06:36.318] |I| [config::init_config]: log-level: 0
[12:06:36.447] |I| [SDL_main]: Vita3K v0.1.8 3203-2101d1ea
[12:06:36.448] |I| [SDL_main]: Number of logical CPU cores: 12
[12:06:36.448] |I| [SDL_main]: Available ram memory: 6005 MiB
[12:06:36.696] |I| [renderer::gl::create]: GPU = AMD Radeon(TM) Graphics
[12:06:36.696] |I| [renderer::gl::create]: GL_VERSION = 4.6.0 Core Profile Context 23.5.1.230512
[12:06:36.696] |I| [renderer::gl::create]: GL_SHADING_LANGUAGE_VERSION = 4.60
[12:06:36.697] |I| [renderer::gl::create]: Your GPU only supports texture barrier, performance may not be good on programmable blending games.
[12:06:36.697] |W| [renderer::gl::create]: Consider upgrading to a GPU that has shader interlock.
[12:06:37.439] |I| [gui::load_app_icon]: Default icon found for App PCSG01238, [√Letter ルートレター Last Answer] in path PCSG01238.
[12:06:37.444] |W| [compat::load_compat_app_db]: App with Title ID PCSE00301 has an issue but no status label. Please check GitHub issue 1623 and request a status label be added.
[12:06:37.444] |W| [compat::load_compat_app_db]: App with Title ID PCSA00127 has an issue but no status label. Please check GitHub issue 1578 and request a status label be added.
[12:06:37.627] |I| [compat::update_compat_app_db]: Applications compatibility database is up to date.
[12:07:55.583] |I| [gui::set_vsync_state]: V-Sync state: true
[12:07:55.597] |I| [load_app_impl]: cpu-backend: Dynarmic
[12:07:55.597] |I| [load_app_impl]: CPU Optimisation state: true
[12:07:55.597] |I| [load_app_impl]: ngs state: true
[12:07:55.597] |I| [load_app_impl]: Resolution multiplier: 2
[12:07:55.598] |I| [load_app_impl]: 1 Controllers Connected
[12:07:55.598] |I| [load_app_impl]: Controller 0: Controller (Wireless Gamepad F710)
[12:07:55.598] |I| [load_app_impl]: modules mode: Automatic
[12:07:55.598] |I| [load_app_impl]: Title: Lone Survivor
[12:07:55.599] |I| [load_app_impl]: Serial: PCSE00301
[12:07:55.599] |I| [load_app_impl]: Version: 1.00
[12:07:55.599] |I| [load_app_impl]: Category: gd
[12:07:55.617] |I| [load_self]: app0:sce_module/libc.suprx: Skipping special segment 0x6fffff01...
[12:07:55.617] |I| [load_self]: Loaded module segment 0 @ [0x00005000 - 0x00052A2C / 0x81000000] (size: 0x0004DA2C) of module app0:sce_module/libc.suprx
[12:07:55.619] |I| [load_self]: Loaded module segment 1 @ [0x00053000 - 0x000556F8 / 0x8104E000] (size: 0x000026F8) of module app0:sce_module/libc.suprx
[12:07:55.621] |I| [load_self]: Linking SELF app0:sce_module/libc.suprx...
[12:07:55.621] |D| [load_var_exports]: 	NID 0x6c2224ba (NID_MODULE_INFO) at 0x3e798
[12:07:55.622] |D| [load_var_exports]: 	NID 0x936c8a78 (SYSLYB) at 0x487d4
[12:07:55.624] |I| [pre_load_module]: Pre-load module SceLibc (at "sce_module/libc.suprx") loaded
[12:07:55.638] |I| [load_self]: app0:sce_module/libfios2.suprx: Skipping special segment 0x6fffff01...
[12:07:55.639] |I| [load_self]: Loaded module segment 0 @ [0x00056000 - 0x0007EB8C / 0x81000000] (size: 0x00028B8C) of module app0:sce_module/libfios2.suprx
[12:07:55.641] |I| [load_self]: Loaded module segment 1 @ [0x0007F000 - 0x000841FD / 0x81029000] (size: 0x000051FD) of module app0:sce_module/libfios2.suprx
[12:07:55.642] |I| [load_self]: Linking SELF app0:sce_module/libfios2.suprx...
[12:07:55.643] |D| [load_var_exports]: 	NID 0x6c2224ba (NID_MODULE_INFO) at 0x76884
[12:07:55.643] |D| [load_var_exports]: 	NID 0x936c8a78 (SYSLYB) at 0x7ea74
[12:07:55.644] |I| [pre_load_module]: Pre-load module SceLibFios2 (at "sce_module/libfios2.suprx") loaded
[12:07:55.655] |I| [load_self]: app0:sce_module/libult.suprx: Skipping special segment 0x6fffff01...
[12:07:55.656] |I| [load_self]: Loaded module segment 0 @ [0x00085000 - 0x00099744 / 0x81000000] (size: 0x00014744) of module app0:sce_module/libult.suprx
[12:07:55.658] |I| [load_self]: Loaded module segment 1 @ [0x0009A000 - 0x0009A814 / 0x81015000] (size: 0x00000814) of module app0:sce_module/libult.suprx
[12:07:55.659] |I| [load_self]: Linking SELF app0:sce_module/libult.suprx...
[12:07:55.660] |D| [load_var_exports]: 	NID 0x6c2224ba (NID_MODULE_INFO) at 0x95658
[12:07:55.660] |D| [load_var_exports]: 	NID 0x936c8a78 (SYSLYB) at 0x980a0
[12:07:55.661] |I| [pre_load_module]: Pre-load module SceUlt (at "sce_module/libult.suprx") loaded
[12:07:55.676] |I| [load_self]: Loaded module segment 0 @ [0x0009B000 - 0x000EBF04 / 0x81000000] (size: 0x00050F04) of module vs0:sys/external/libSceFt2.suprx
[12:07:55.677] |I| [load_self]: Loaded module segment 1 @ [0x000EC000 - 0x000EC2F4 / 0x81051000] (size: 0x000002F4) of module vs0:sys/external/libSceFt2.suprx
[12:07:55.679] |I| [load_self]: Linking SELF vs0:sys/external/libSceFt2.suprx...
[12:07:55.679] |D| [load_var_exports]: 	NID 0x936c8a78 (SYSLYB) at 0xd77dc
[12:07:55.680] |D| [load_var_exports]: 	NID 0x6c2224ba (NID_MODULE_INFO) at 0xd6f10
[12:07:55.680] |I| [pre_load_module]: Pre-load module SceLibft2 (at "sys/external/libSceFt2.suprx") loaded
[12:07:55.690] |I| [load_self]: Loaded module segment 0 @ [0x000ED000 - 0x000FCF14 / 0x81000000] (size: 0x0000FF14) of module vs0:sys/external/libpvf.suprx
[12:07:55.691] |I| [load_self]: Loaded module segment 1 @ [0x000FD000 - 0x000FD008 / 0x81010000] (size: 0x00000008) of module vs0:sys/external/libpvf.suprx
[12:07:55.693] |I| [load_self]: Linking SELF vs0:sys/external/libpvf.suprx...
[12:07:55.694] |D| [load_var_exports]: 	NID 0x936c8a78 (SYSLYB) at 0xfb710
[12:07:55.694] |D| [load_var_exports]: 	NID 0x6c2224ba (NID_MODULE_INFO) at 0xfb300
[12:07:55.695] |I| [pre_load_module]: Pre-load module SceLibPvf (at "sys/external/libpvf.suprx") loaded
[12:07:55.720] |I| [load_self]: app0:eboot.bin: Skipping special segment 0x6fffff01...
[12:07:55.720] |I| [load_self]: Loaded module segment 0 @ [0x81000000 - 0x810E62B4 / 0x81000000] (size: 0x000E62B4) of module app0:eboot.bin
[12:07:55.722] |I| [load_self]: Loaded module segment 1 @ [0x810E7000 - 0x8118BFC8 / 0x810E7000] (size: 0x000A4FC8) of module app0:eboot.bin
[12:07:55.724] |I| [load_self]: Linking SELF app0:eboot.bin...
[12:07:55.724] |D| [load_var_exports]: 	NID 0x6c2224ba (NID_MODULE_INFO) at 0x810ad608
[12:07:55.725] |D| [load_var_exports]: 	NID 0x70fba1e7 (SCE_PROC_PARAMS) at 0x810e8394
[12:07:55.725] |I| [load_app_impl]: Main executable game (eboot.bin) loaded
[12:07:55.771] |I| [renderer::gl::compile_shader]: frag shader compiled: a6589bc0456d494be7226e8922a5b183db135de009dfe6636c18eca416f84a82
[12:07:55.777] |I| [renderer::gl::compile_shader]: vert shader compiled: 4d4d69de960f6e16044841cea0c81bcd71546ca4464f8986ba605a6a0d145c48
[12:07:55.781] |I| [renderer::gl::pre_compile_program]: Program Compiled 1/10
[12:07:55.786] |I| [renderer::gl::compile_shader]: frag shader compiled: 9fba6c25385d5d7eb859b8366716b882cb824dbb4ace2740c1f5adb7e0631843
[12:07:55.790] |I| [renderer::gl::compile_shader]: vert shader compiled: a8a1d83a0fd2f3b386ff21abbb1fdc87b5514d33ed21ad5a63602381f146714d
[12:07:55.795] |I| [renderer::gl::pre_compile_program]: Program Compiled 2/10
[12:07:55.806] |I| [renderer::gl::compile_shader]: frag shader compiled: 21f612cdfa5442a3fe20d50753f4cc8ab787ffbb4aa536d7ea5f2796bcfcb49f
[12:07:55.819] |I| [renderer::gl::compile_shader]: vert shader compiled: 13ccda0d52b1d20b04f8de1d6943f220a681a7a8ef1c58785f70509d0ca8023c
[12:07:55.826] |I| [renderer::gl::pre_compile_program]: Program Compiled 3/10
[12:07:55.841] |I| [renderer::gl::compile_shader]: frag shader compiled: cf0a88ae90fe62756de2d93abfda85f9a502fc86c2daf2e9d208afd291f48076
[12:07:55.848] |I| [renderer::gl::compile_shader]: vert shader compiled: 72cb448bfe276df1dc805bdf2d18fbc8b6d44950dc07d479ad4038ca16ce13d9
[12:07:55.857] |I| [renderer::gl::pre_compile_program]: Program Compiled 4/10
[12:07:55.874] |I| [renderer::gl::compile_shader]: frag shader compiled: a931f4a907da737ed3c067199be1cad51b9ec3a8c1ddb3657fefd02be90d7938
[12:07:55.879] |I| [renderer::gl::compile_shader]: vert shader compiled: 36ae3023e92522ba612a6340c280e6fe00970205347ac5d324f91c6d0d55aad6
[12:07:55.891] |I| [renderer::gl::pre_compile_program]: Program Compiled 5/10
[12:07:55.899] |I| [renderer::gl::compile_shader]: frag shader compiled: a7252a5a168d6e9170f1cc1666c788890df6a04fbe82d38cba455a92dff16591
[12:07:55.902] |I| [renderer::gl::compile_shader]: vert shader compiled: 05c0d5a8eb8b33b9b2d634c0cfbed23b50e1c2bd27a6a7b6c478d07bc784663d
[12:07:55.910] |I| [renderer::gl::pre_compile_program]: Program Compiled 6/10
[12:07:55.915] |I| [renderer::gl::compile_shader]: frag shader compiled: 1c488353832f2d51a77651806d5c209ba805544b9581e3d93a82523509ebd8b3
[12:07:55.919] |I| [renderer::gl::compile_shader]: vert shader compiled: ed34cfc1edaad04ba43c7392d9e73e0a464f3c9a3348cbfc9a44ba6ad635cd65
[12:07:55.925] |I| [renderer::gl::pre_compile_program]: Program Compiled 7/10
[12:07:55.943] |I| [renderer::gl::compile_shader]: frag shader compiled: bce510d607586f307727ff6c4cc42b9d5144c8bb0e4bbaa7c210ec599a6fb305
[12:07:55.948] |I| [renderer::gl::compile_shader]: vert shader compiled: 7c8c76d44dac0d2d2e130eca5a50070e9adad1ee952e918cd5b9095e269900a9
[12:07:55.959] |I| [renderer::gl::pre_compile_program]: Program Compiled 8/10
[12:07:55.965] |I| [renderer::gl::compile_shader]: frag shader compiled: 17c9b365d7af155fb28c37a6dbb9d30fcd70618a0ec6c46755bf6946280c112a
[12:07:55.969] |I| [renderer::gl::compile_shader]: vert shader compiled: 68b2fd931b38627282a34b7669181c791b36f6db66dd94755c99924b4cd18104
[12:07:55.973] |I| [renderer::gl::pre_compile_program]: Program Compiled 9/10
[12:07:55.997] |I| [renderer::gl::compile_shader]: frag shader compiled: d101aab94d438618bb615b4847521bb7a130e4781b46acef47a9a6333ff1b31a
[12:07:56.002] |I| [renderer::gl::compile_shader]: vert shader compiled: 503e0921e74287c0686b0c35bc2775128a7a5d3e21b6e86c0f4b7cf36666f0b1
[12:07:56.016] |I| [renderer::gl::pre_compile_program]: Program Compiled 10/10
[12:07:56.034] |D| [run_app]: Running module_start of library: SceLibc at address 0x5809
[12:07:56.053] |T| [open_file]: sceKernelGetStdin: Opening terminal tty0:
[12:07:56.054] |T| [open_file]: sceKernelGetStdout: Opening terminal tty0:
[12:07:56.055] |T| [open_file]: sceKernelGetStderr: Opening terminal tty0:
[12:07:56.063] |I| [run_app]: Module SceLibc (at "app0:sce_module/libc.suprx") module_start returned 0x0
[12:07:56.067] |D| [run_app]: Running module_start of library: SceLibFios2 at address 0x56001
[12:07:56.083] |W| [stubbed_impl]: Stubbed sceKernelGetProcessId import called. (pid: 0)
[12:07:56.083] |I| [run_app]: Module SceLibFios2 (at "app0:sce_module/libfios2.suprx") module_start returned 0x0
[12:07:56.087] |D| [run_app]: Running module_start of library: SceUlt at address 0x885ed
[12:07:56.102] |W| [unimplemented_impl]: Unimplemented _sceUlobjMgrRegisterLibultProtocolRevision import called.
[12:07:56.103] |I| [run_app]: Module SceUlt (at "app0:sce_module/libult.suprx") module_start returned 0x0
[12:07:56.172] |W| [unimplemented_impl]: Unimplemented sceAppUtilInit import called.
[12:07:56.207] |W| [stubbed_impl]: Stubbed sceGxmMapVertexUsseMemory import called. (always return success)
[12:07:56.208] |W| [stubbed_impl]: Stubbed sceGxmMapFragmentUsseMemory import called. (always return success)
[12:07:56.216] |I| [load_module]: Loading module ID: 0x3
[12:07:56.235] |I| [load_self]: Loaded module segment 0 @ [0x0B8F1000 - 0x0B957EA4 / 0x81000000] (size: 0x00066EA4) of module sys/external/libssl.suprx
[12:07:56.237] |I| [load_self]: Loaded module segment 1 @ [0x0AF37000 - 0x0AF3C188 / 0x81067000] (size: 0x00005188) of module sys/external/libssl.suprx
[12:07:56.239] |I| [load_self]: Linking SELF sys/external/libssl.suprx...
[12:07:56.239] |D| [load_var_exports]: 	NID 0x936c8a78 (SYSLYB) at 0xb9439b0
[12:07:56.240] |D| [load_var_exports]: 	NID 0x6c2224ba (NID_MODULE_INFO) at 0xb93dc70
[12:07:56.240] |I| [load_module]: Module SceLibSsl (at "sys/external/libssl.suprx") loaded
[12:07:56.241] |I| [load_module]: Loading module ID: 0x4
[12:07:56.252] |I| [load_self]: sys/external/libhttp.suprx: Skipping special segment 0x6fffff01...
[12:07:56.253] |I| [load_self]: Loaded module segment 0 @ [0x0B958000 - 0x0B975150 / 0x81000000] (size: 0x0001D150) of module sys/external/libhttp.suprx
[12:07:56.255] |I| [load_self]: Loaded module segment 1 @ [0x00147000 - 0x00147640 / 0x8101E000] (size: 0x00000640) of module sys/external/libhttp.suprx
[12:07:56.256] |I| [load_self]: Linking SELF sys/external/libhttp.suprx...
[12:07:56.256] |D| [load_var_exports]: 	NID 0x936c8a78 (SYSLYB) at 0xb973e68
[12:07:56.257] |D| [load_var_exports]: 	NID 0x6c2224ba (NID_MODULE_INFO) at 0xb970ca0
[12:07:56.257] |I| [load_module]: Module SceLibHttp (at "sys/external/libhttp.suprx") loaded
[12:07:56.258] |D| [load_module]: Running module_start of module: SceLibHttp
[12:07:56.259] |I| [load_module]: Module SceLibHttp (at "sys/external/libhttp.suprx") module_start returned 0x0
[12:07:56.269] |I| [load_self]: Loaded module segment 0 @ [0x0B976000 - 0x0B9DCEA4 / 0x81000000] (size: 0x00066EA4) of module sys/external/libssl.suprx
[12:07:56.270] |I| [load_self]: Loaded module segment 1 @ [0x0B1AB000 - 0x0B1B0188 / 0x81067000] (size: 0x00005188) of module sys/external/libssl.suprx
[12:07:56.272] |I| [load_self]: Linking SELF sys/external/libssl.suprx...
[12:07:56.273] |D| [load_var_exports]: 	NID 0x936c8a78 (SYSLYB) at 0xb9c89b0
[12:07:56.273] |D| [load_var_exports]: 	NID 0x6c2224ba (NID_MODULE_INFO) at 0xb9c2c70
[12:07:56.274] |I| [load_module]: Module SceLibSsl (at "sys/external/libssl.suprx") loaded
[12:07:56.274] |W| [stubbed_impl]: Stubbed sceNetCtlInit import called. (Stub)
[12:07:56.275] |T| [log_import_call]: [LLE] TID: 7   FUNC: 0x3c733316 sceSslInit at 0x810ad298
[12:07:56.278] |T| [log_import_call]: [LLE] TID: 7   FUNC: 0x214926d9 sceHttpInit at 0x810ad268
[12:07:56.288] |T| [open_file]: create_trophy_context: Opening file app0:/sce_sys/trophy/NPWR04948_00/TROPHY.TRP (ux0:/app/PCSE00301/sce_sys/trophy/NPWR04948_00/TROPHY.TRP), fd: 0x3
[12:07:56.290] |T| [open_file]: create_trophy_context: Opening file ux0:/user/00/trophy/data/NPWR04948_00/TROPUSR.DAT (ux0:/user/00/trophy/data/NPWR04948_00/TROPUSR.DAT), fd: 0x4
[12:07:56.292] |T| [open_file]: install_trophy_context: Opening file ux0:/user/00/trophy/conf/NPWR04948_00/TROPCONF.SFM (ux0:/user/00/trophy/conf/NPWR04948_00/TROPCONF.SFM), fd: 0x5
[12:07:56.293] |T| [write_file]: install_trophy_context: Writing to fd: 0x5, size: 2524
[12:07:56.293] |T| [close_file]: install_trophy_context: Closing file fd: 0x5
[12:07:56.296] |T| [open_file]: install_trophy_context: Opening file ux0:/user/00/trophy/conf/NPWR04948_00/TROP.SFM (ux0:/user/00/trophy/conf/NPWR04948_00/TROP.SFM), fd: 0x6
[12:07:56.299] |T| [write_file]: install_trophy_context: Writing to fd: 0x6, size: 5987
[12:07:56.299] |T| [close_file]: install_trophy_context: Closing file fd: 0x6
[12:07:56.301] |T| [open_file]: install_trophy_context: Opening file ux0:/user/00/trophy/conf/NPWR04948_00/TROP_02.SFM (ux0:/user/00/trophy/conf/NPWR04948_00/TROP_02.SFM), fd: 0x7
[12:07:56.302] |T| [write_file]: install_trophy_context: Writing to fd: 0x7, size: 6264
[12:07:56.302] |T| [close_file]: install_trophy_context: Closing file fd: 0x7
[12:07:56.304] |T| [open_file]: install_trophy_context: Opening file ux0:/user/00/trophy/conf/NPWR04948_00/TROP_04.SFM (ux0:/user/00/trophy/conf/NPWR04948_00/TROP_04.SFM), fd: 0x8
[12:07:56.305] |T| [write_file]: install_trophy_context: Writing to fd: 0x8, size: 6111
[12:07:56.305] |T| [close_file]: install_trophy_context: Closing file fd: 0x8
[12:07:56.311] |T| [open_file]: install_trophy_context: Opening file ux0:/user/00/trophy/conf/NPWR04948_00/ICON0.PNG (ux0:/user/00/trophy/conf/NPWR04948_00/ICON0.PNG), fd: 0x9
[12:07:56.316] |T| [write_file]: install_trophy_context: Writing to fd: 0x9, size: 56767
[12:07:56.316] |T| [close_file]: install_trophy_context: Closing file fd: 0x9
[12:07:56.322] |T| [open_file]: install_trophy_context: Opening file ux0:/user/00/trophy/conf/NPWR04948_00/ICON0_02.PNG (ux0:/user/00/trophy/conf/NPWR04948_00/ICON0_02.PNG), fd: 0xa
[12:07:56.323] |T| [write_file]: install_trophy_context: Writing to fd: 0xa, size: 52550
[12:07:56.323] |T| [close_file]: install_trophy_context: Closing file fd: 0xa
[12:07:56.330] |T| [open_file]: install_trophy_context: Opening file ux0:/user/00/trophy/conf/NPWR04948_00/ICON0_04.PNG (ux0:/user/00/trophy/conf/NPWR04948_00/ICON0_04.PNG), fd: 0xb
[12:07:56.331] |T| [write_file]: install_trophy_context: Writing to fd: 0xb, size: 52503
[12:07:56.332] |T| [close_file]: install_trophy_context: Closing file fd: 0xb
[12:07:56.338] |T| [open_file]: install_trophy_context: Opening file ux0:/user/00/trophy/conf/NPWR04948_00/TROP000.PNG (ux0:/user/00/trophy/conf/NPWR04948_00/TROP000.PNG), fd: 0xc
[12:07:56.339] |T| [write_file]: install_trophy_context: Writing to fd: 0xc, size: 51952
[12:07:56.340] |T| [close_file]: install_trophy_context: Closing file fd: 0xc
[12:07:56.347] |T| [open_file]: install_trophy_context: Opening file ux0:/user/00/trophy/conf/NPWR04948_00/TROP001.PNG (ux0:/user/00/trophy/conf/NPWR04948_00/TROP001.PNG), fd: 0xd
[12:07:56.348] |T| [write_file]: install_trophy_context: Writing to fd: 0xd, size: 51778
[12:07:56.349] |T| [close_file]: install_trophy_context: Closing file fd: 0xd
[12:07:56.355] |T| [open_file]: install_trophy_context: Opening file ux0:/user/00/trophy/conf/NPWR04948_00/TROP002.PNG (ux0:/user/00/trophy/conf/NPWR04948_00/TROP002.PNG), fd: 0xe
[12:07:56.356] |T| [write_file]: install_trophy_context: Writing to fd: 0xe, size: 51702
[12:07:56.356] |T| [close_file]: install_trophy_context: Closing file fd: 0xe
[12:07:56.363] |T| [open_file]: install_trophy_context: Opening file ux0:/user/00/trophy/conf/NPWR04948_00/TROP003.PNG (ux0:/user/00/trophy/conf/NPWR04948_00/TROP003.PNG), fd: 0xf
[12:07:56.365] |T| [write_file]: install_trophy_context: Writing to fd: 0xf, size: 50528
[12:07:56.365] |T| [close_file]: install_trophy_context: Closing file fd: 0xf
[12:07:56.371] |T| [open_file]: install_trophy_context: Opening file ux0:/user/00/trophy/conf/NPWR04948_00/TROP004.PNG (ux0:/user/00/trophy/conf/NPWR04948_00/TROP004.PNG), fd: 0x10
[12:07:56.372] |T| [write_file]: install_trophy_context: Writing to fd: 0x10, size: 50979
[12:07:56.373] |T| [close_file]: install_trophy_context: Closing file fd: 0x10
[12:07:56.381] |T| [open_file]: install_trophy_context: Opening file ux0:/user/00/trophy/conf/NPWR04948_00/TROP005.PNG (ux0:/user/00/trophy/conf/NPWR04948_00/TROP005.PNG), fd: 0x11
[12:07:56.382] |T| [write_file]: install_trophy_context: Writing to fd: 0x11, size: 51719
[12:07:56.382] |T| [close_file]: install_trophy_context: Closing file fd: 0x11
[12:07:56.388] |T| [open_file]: install_trophy_context: Opening file ux0:/user/00/trophy/conf/NPWR04948_00/TROP006.PNG (ux0:/user/00/trophy/conf/NPWR04948_00/TROP006.PNG), fd: 0x12
[12:07:56.391] |T| [write_file]: install_trophy_context: Writing to fd: 0x12, size: 51269
[12:07:56.392] |T| [close_file]: install_trophy_context: Closing file fd: 0x12
[12:07:56.398] |T| [open_file]: install_trophy_context: Opening file ux0:/user/00/trophy/conf/NPWR04948_00/TROP007.PNG (ux0:/user/00/trophy/conf/NPWR04948_00/TROP007.PNG), fd: 0x13
[12:07:56.399] |T| [write_file]: install_trophy_context: Writing to fd: 0x13, size: 51255
[12:07:56.400] |T| [close_file]: install_trophy_context: Closing file fd: 0x13
[12:07:56.405] |T| [open_file]: install_trophy_context: Opening file ux0:/user/00/trophy/conf/NPWR04948_00/TROP008.PNG (ux0:/user/00/trophy/conf/NPWR04948_00/TROP008.PNG), fd: 0x14
[12:07:56.407] |T| [write_file]: install_trophy_context: Writing to fd: 0x14, size: 50811
[12:07:56.408] |T| [close_file]: install_trophy_context: Closing file fd: 0x14
[12:07:56.415] |T| [open_file]: install_trophy_context: Opening file ux0:/user/00/trophy/conf/NPWR04948_00/TROP009.PNG (ux0:/user/00/trophy/conf/NPWR04948_00/TROP009.PNG), fd: 0x15
[12:07:56.416] |T| [write_file]: install_trophy_context: Writing to fd: 0x15, size: 51124
[12:07:56.417] |T| [close_file]: install_trophy_context: Closing file fd: 0x15
[12:07:56.423] |T| [open_file]: install_trophy_context: Opening file ux0:/user/00/trophy/conf/NPWR04948_00/TROP010.PNG (ux0:/user/00/trophy/conf/NPWR04948_00/TROP010.PNG), fd: 0x16
[12:07:56.424] |T| [write_file]: install_trophy_context: Writing to fd: 0x16, size: 51463
[12:07:56.425] |T| [close_file]: install_trophy_context: Closing file fd: 0x16
[12:07:56.431] |T| [open_file]: install_trophy_context: Opening file ux0:/user/00/trophy/conf/NPWR04948_00/TROP011.PNG (ux0:/user/00/trophy/conf/NPWR04948_00/TROP011.PNG), fd: 0x17
[12:07:56.432] |T| [write_file]: install_trophy_context: Writing to fd: 0x17, size: 51944
[12:07:56.433] |T| [close_file]: install_trophy_context: Closing file fd: 0x17
[12:07:56.439] |T| [open_file]: install_trophy_context: Opening file ux0:/user/00/trophy/conf/NPWR04948_00/TROP012.PNG (ux0:/user/00/trophy/conf/NPWR04948_00/TROP012.PNG), fd: 0x18
[12:07:56.440] |T| [write_file]: install_trophy_context: Writing to fd: 0x18, size: 51025
[12:07:56.441] |T| [close_file]: install_trophy_context: Closing file fd: 0x18
[12:07:56.448] |T| [open_file]: install_trophy_context: Opening file ux0:/user/00/trophy/conf/NPWR04948_00/TROP013.PNG (ux0:/user/00/trophy/conf/NPWR04948_00/TROP013.PNG), fd: 0x19
[12:07:56.449] |T| [write_file]: install_trophy_context: Writing to fd: 0x19, size: 51087
[12:07:56.449] |T| [close_file]: install_trophy_context: Closing file fd: 0x19
[12:07:56.456] |T| [open_file]: install_trophy_context: Opening file ux0:/user/00/trophy/conf/NPWR04948_00/TROP014.PNG (ux0:/user/00/trophy/conf/NPWR04948_00/TROP014.PNG), fd: 0x1a
[12:07:56.457] |T| [write_file]: install_trophy_context: Writing to fd: 0x1a, size: 51835
[12:07:56.458] |T| [close_file]: install_trophy_context: Closing file fd: 0x1a
[12:07:56.465] |T| [open_file]: install_trophy_context: Opening file ux0:/user/00/trophy/conf/NPWR04948_00/TROP015.PNG (ux0:/user/00/trophy/conf/NPWR04948_00/TROP015.PNG), fd: 0x1b
[12:07:56.466] |T| [write_file]: install_trophy_context: Writing to fd: 0x1b, size: 50968
[12:07:56.468] |T| [close_file]: install_trophy_context: Closing file fd: 0x1b
[12:07:56.474] |T| [open_file]: install_trophy_context: Opening file ux0:/user/00/trophy/conf/NPWR04948_00/TROP016.PNG (ux0:/user/00/trophy/conf/NPWR04948_00/TROP016.PNG), fd: 0x1c
[12:07:56.475] |T| [write_file]: install_trophy_context: Writing to fd: 0x1c, size: 50965
[12:07:56.476] |T| [close_file]: install_trophy_context: Closing file fd: 0x1c
[12:07:56.483] |T| [open_file]: install_trophy_context: Opening file ux0:/user/00/trophy/conf/NPWR04948_00/TROP017.PNG (ux0:/user/00/trophy/conf/NPWR04948_00/TROP017.PNG), fd: 0x1d
[12:07:56.485] |T| [write_file]: install_trophy_context: Writing to fd: 0x1d, size: 50790
[12:07:56.486] |T| [close_file]: install_trophy_context: Closing file fd: 0x1d
[12:07:56.492] |T| [open_file]: install_trophy_context: Opening file ux0:/user/00/trophy/conf/NPWR04948_00/TROP018.PNG (ux0:/user/00/trophy/conf/NPWR04948_00/TROP018.PNG), fd: 0x1e
[12:07:56.493] |T| [write_file]: install_trophy_context: Writing to fd: 0x1e, size: 50855
[12:07:56.494] |T| [close_file]: install_trophy_context: Closing file fd: 0x1e
[12:07:56.501] |T| [open_file]: install_trophy_context: Opening file ux0:/user/00/trophy/conf/NPWR04948_00/TROP019.PNG (ux0:/user/00/trophy/conf/NPWR04948_00/TROP019.PNG), fd: 0x1f
[12:07:56.502] |T| [write_file]: install_trophy_context: Writing to fd: 0x1f, size: 53374
[12:07:56.502] |T| [close_file]: install_trophy_context: Closing file fd: 0x1f
[12:07:56.508] |T| [open_file]: install_trophy_context: Opening file ux0:/user/00/trophy/conf/NPWR04948_00/TROP020.PNG (ux0:/user/00/trophy/conf/NPWR04948_00/TROP020.PNG), fd: 0x20
[12:07:56.509] |T| [write_file]: install_trophy_context: Writing to fd: 0x20, size: 50529
[12:07:56.510] |T| [close_file]: install_trophy_context: Closing file fd: 0x20
[12:07:56.517] |T| [open_file]: install_trophy_context: Opening file ux0:/user/00/trophy/conf/NPWR04948_00/TROP021.PNG (ux0:/user/00/trophy/conf/NPWR04948_00/TROP021.PNG), fd: 0x21
[12:07:56.518] |T| [write_file]: install_trophy_context: Writing to fd: 0x21, size: 50985
[12:07:56.519] |T| [close_file]: install_trophy_context: Closing file fd: 0x21
[12:07:56.525] |T| [open_file]: install_trophy_context: Opening file ux0:/user/00/trophy/conf/NPWR04948_00/TROP022.PNG (ux0:/user/00/trophy/conf/NPWR04948_00/TROP022.PNG), fd: 0x22
[12:07:56.526] |T| [write_file]: install_trophy_context: Writing to fd: 0x22, size: 51319
[12:07:56.526] |T| [close_file]: install_trophy_context: Closing file fd: 0x22
[12:07:56.535] |T| [open_file]: install_trophy_context: Opening file ux0:/user/00/trophy/conf/NPWR04948_00/TROP023.PNG (ux0:/user/00/trophy/conf/NPWR04948_00/TROP023.PNG), fd: 0x23
[12:07:56.536] |T| [write_file]: install_trophy_context: Writing to fd: 0x23, size: 51282
[12:07:56.538] |T| [close_file]: install_trophy_context: Closing file fd: 0x23
[12:07:56.544] |T| [open_file]: install_trophy_context: Opening file ux0:/user/00/trophy/conf/NPWR04948_00/TROP024.PNG (ux0:/user/00/trophy/conf/NPWR04948_00/TROP024.PNG), fd: 0x24
[12:07:56.545] |T| [write_file]: install_trophy_context: Writing to fd: 0x24, size: 50865
[12:07:56.547] |T| [close_file]: install_trophy_context: Closing file fd: 0x24
[12:07:56.554] |T| [open_file]: install_trophy_context: Opening file ux0:/user/00/trophy/conf/NPWR04948_00/TROP025.PNG (ux0:/user/00/trophy/conf/NPWR04948_00/TROP025.PNG), fd: 0x25
[12:07:56.555] |T| [write_file]: install_trophy_context: Writing to fd: 0x25, size: 51544
[12:07:56.556] |T| [close_file]: install_trophy_context: Closing file fd: 0x25
[12:07:56.563] |T| [open_file]: install_trophy_context: Opening file ux0:/user/00/trophy/conf/NPWR04948_00/TROP026.PNG (ux0:/user/00/trophy/conf/NPWR04948_00/TROP026.PNG), fd: 0x26
[12:07:56.564] |T| [write_file]: install_trophy_context: Writing to fd: 0x26, size: 53708
[12:07:56.567] |T| [close_file]: install_trophy_context: Closing file fd: 0x26
[12:07:56.573] |T| [open_file]: install_trophy_context: Opening file ux0:/user/00/trophy/conf/NPWR04948_00/TROP027.PNG (ux0:/user/00/trophy/conf/NPWR04948_00/TROP027.PNG), fd: 0x27
[12:07:56.574] |T| [write_file]: install_trophy_context: Writing to fd: 0x27, size: 53404
[12:07:56.574] |T| [close_file]: install_trophy_context: Closing file fd: 0x27
[12:07:56.582] |T| [open_file]: install_trophy_context: Opening file ux0:/user/00/trophy/conf/NPWR04948_00/TROP028.PNG (ux0:/user/00/trophy/conf/NPWR04948_00/TROP028.PNG), fd: 0x28
[12:07:56.583] |T| [write_file]: install_trophy_context: Writing to fd: 0x28, size: 52722
[12:07:56.584] |T| [close_file]: install_trophy_context: Closing file fd: 0x28
[12:07:56.589] |T| [open_file]: install_trophy_context: Opening file ux0:/user/00/trophy/conf/NPWR04948_00/TROP029.PNG (ux0:/user/00/trophy/conf/NPWR04948_00/TROP029.PNG), fd: 0x29
[12:07:56.590] |T| [write_file]: install_trophy_context: Writing to fd: 0x29, size: 52036
[12:07:56.591] |T| [close_file]: install_trophy_context: Closing file fd: 0x29
[12:07:56.597] |T| [open_file]: install_trophy_context: Opening file ux0:/user/00/trophy/conf/NPWR04948_00/TROP030.PNG (ux0:/user/00/trophy/conf/NPWR04948_00/TROP030.PNG), fd: 0x2a
[12:07:56.599] |T| [write_file]: install_trophy_context: Writing to fd: 0x2a, size: 52089
[12:07:56.599] |T| [close_file]: install_trophy_context: Closing file fd: 0x2a
[12:07:56.605] |T| [open_file]: install_trophy_context: Opening file ux0:/user/00/trophy/conf/NPWR04948_00/TROP031.PNG (ux0:/user/00/trophy/conf/NPWR04948_00/TROP031.PNG), fd: 0x2b
[12:07:56.606] |T| [write_file]: install_trophy_context: Writing to fd: 0x2b, size: 50788
[12:07:56.607] |T| [close_file]: install_trophy_context: Closing file fd: 0x2b
[12:07:56.614] |T| [open_file]: install_trophy_context: Opening file ux0:/user/00/trophy/conf/NPWR04948_00/TROP032.PNG (ux0:/user/00/trophy/conf/NPWR04948_00/TROP032.PNG), fd: 0x2c
[12:07:56.615] |T| [write_file]: install_trophy_context: Writing to fd: 0x2c, size: 52973
[12:07:56.616] |T| [close_file]: install_trophy_context: Closing file fd: 0x2c
[12:07:56.621] |T| [open_file]: install_trophy_context: Opening file ux0:/user/00/trophy/conf/NPWR04948_00/TROP033.PNG (ux0:/user/00/trophy/conf/NPWR04948_00/TROP033.PNG), fd: 0x2d
[12:07:56.623] |T| [write_file]: install_trophy_context: Writing to fd: 0x2d, size: 53219
[12:07:56.623] |T| [close_file]: install_trophy_context: Closing file fd: 0x2d
[12:07:56.630] |T| [open_file]: install_trophy_context: Opening file ux0:/user/00/trophy/conf/NPWR04948_00/TROP034.PNG (ux0:/user/00/trophy/conf/NPWR04948_00/TROP034.PNG), fd: 0x2e
[12:07:56.631] |T| [write_file]: install_trophy_context: Writing to fd: 0x2e, size: 52997
[12:07:56.632] |T| [close_file]: install_trophy_context: Closing file fd: 0x2e
[12:07:56.638] |T| [open_file]: install_trophy_context: Opening file ux0:/user/00/trophy/conf/NPWR04948_00/TROP035.PNG (ux0:/user/00/trophy/conf/NPWR04948_00/TROP035.PNG), fd: 0x2f
[12:07:56.639] |T| [write_file]: install_trophy_context: Writing to fd: 0x2f, size: 53198
[12:07:56.639] |T| [close_file]: install_trophy_context: Closing file fd: 0x2f
[12:07:56.646] |T| [open_file]: install_trophy_context: Opening file ux0:/user/00/trophy/conf/NPWR04948_00/TROP036.PNG (ux0:/user/00/trophy/conf/NPWR04948_00/TROP036.PNG), fd: 0x30
[12:07:56.647] |T| [write_file]: install_trophy_context: Writing to fd: 0x30, size: 53206
[12:07:56.648] |T| [close_file]: install_trophy_context: Closing file fd: 0x30
[12:07:56.648] |T| [close_file]: create_trophy_context: Closing file fd: 0x4
[12:07:56.649] |T| [export_sceNpTrophyCreateContext]: Trophy context for NPWR04948_00 create successfuly!
[12:07:56.651] |I| [float_to_half_init]: AVX+F16C instruction set is supported. Using fast f32 to f16 conversion
[12:07:56.652] |W| [unimplemented_impl]: Unimplemented sceCommonDialogUpdate import called.
[12:07:58.843] |W| [stubbed_impl]: Stubbed sceNpTrophyCreateHandle import called. (Stubbed handle with 1)
[12:07:58.844] |W| [stubbed_impl]: Stubbed sceNpTrophyDestroyHandle import called. (Stubbed with SCE_OK)
[12:07:58.846] |W| [unimplemented_impl]: Unimplemented sceNpTusInit import called.
[12:07:58.850] |T| [open_file]: sceAppUtilSaveDataSlotGetParam: Opening file savedata0:/SlotParam_0.bin (ux0:/user/00/savedata/PCSE00301/SlotParam_0.bin), fd: 0x31
[12:07:58.851] |T| [close_file]: sceAppUtilSaveDataSlotGetParam: Closing file fd: 0x31
[12:07:58.874] |I| [export_sceIoOpen]: Opening file: savedata0:data_0.bin
[12:07:58.874] |T| [open_file]: sceIoOpen: Opening file savedata0:data_0.bin (ux0:/user/00/savedata/PCSE00301/data_0.bin), fd: 0x32
[12:07:58.880] |T| [close_file]: sceIoClose: Closing file fd: 0x32
[12:07:58.899] |I| [export_sceIoOpen]: Opening file: app0:data/shaders/sprite_basic.vs
[12:07:58.899] |T| [open_file]: sceIoOpen: Opening file app0:data/shaders/sprite_basic.vs (ux0:/app/PCSE00301/data/shaders/sprite_basic.vs), fd: 0x33
[12:07:58.903] |T| [close_file]: sceIoClose: Closing file fd: 0x33
[12:07:58.907] |I| [export_sceIoOpen]: Opening file: app0:data/shaders/sprite_basic.fs
[12:07:58.907] |T| [open_file]: sceIoOpen: Opening file app0:data/shaders/sprite_basic.fs (ux0:/app/PCSE00301/data/shaders/sprite_basic.fs), fd: 0x34
[12:07:58.910] |T| [close_file]: sceIoClose: Closing file fd: 0x34
[12:07:58.939] |I| [export_sceIoOpen]: Opening file: app0:data/misc/tiles1_atlas.csv
[12:07:58.939] |T| [open_file]: sceIoOpen: Opening file app0:data/misc/tiles1_atlas.csv (ux0:/app/PCSE00301/data/misc/tiles1_atlas.csv), fd: 0x35
[12:07:58.941] |T| [close_file]: sceIoClose: Closing file fd: 0x35
[12:07:58.946] |I| [export_sceIoOpen]: Opening file: app0:data/textures/tiles1_atlas-0.tex
[12:07:58.947] |T| [open_file]: sceIoOpen: Opening file app0:data/textures/tiles1_atlas-0.tex (ux0:/app/PCSE00301/data/textures/tiles1_atlas-0.tex), fd: 0x36
[12:07:58.950] |T| [close_file]: sceIoClose: Closing file fd: 0x36
[12:07:58.963] |I| [export_sceIoOpen]: Opening file: app0:data/misc/tiles2_atlas_eng.csv
[12:07:58.964] |T| [open_file]: sceIoOpen: Opening file app0:data/misc/tiles2_atlas_eng.csv (ux0:/app/PCSE00301/data/misc/tiles2_atlas_eng.csv), fd: 0x37
[12:07:58.965] |T| [close_file]: sceIoClose: Closing file fd: 0x37
[12:07:58.966] |I| [export_sceIoOpen]: Opening file: app0:data/textures/tiles2_atlas_eng-0.tex
[12:07:58.966] |T| [open_file]: sceIoOpen: Opening file app0:data/textures/tiles2_atlas_eng-0.tex (ux0:/app/PCSE00301/data/textures/tiles2_atlas_eng-0.tex), fd: 0x38
[12:07:58.971] |T| [close_file]: sceIoClose: Closing file fd: 0x38
[12:07:58.974] |I| [export_sceIoOpen]: Opening file: app0:data/misc/tiles3_atlas_eng.csv
[12:07:58.975] |T| [open_file]: sceIoOpen: Opening file app0:data/misc/tiles3_atlas_eng.csv (ux0:/app/PCSE00301/data/misc/tiles3_atlas_eng.csv), fd: 0x39
[12:07:58.977] |T| [close_file]: sceIoClose: Closing file fd: 0x39
[12:07:58.978] |I| [export_sceIoOpen]: Opening file: app0:data/textures/tiles3_atlas_eng-0.tex
[12:07:58.979] |T| [open_file]: sceIoOpen: Opening file app0:data/textures/tiles3_atlas_eng-0.tex (ux0:/app/PCSE00301/data/textures/tiles3_atlas_eng-0.tex), fd: 0x3a
[12:07:58.981] |T| [close_file]: sceIoClose: Closing file fd: 0x3a
[12:07:58.984] |I| [export_sceIoOpen]: Opening file: app0:data/misc/tiles4_atlas.csv
[12:07:58.985] |T| [open_file]: sceIoOpen: Opening file app0:data/misc/tiles4_atlas.csv (ux0:/app/PCSE00301/data/misc/tiles4_atlas.csv), fd: 0x3b
[12:07:58.987] |T| [close_file]: sceIoClose: Closing file fd: 0x3b
[12:07:58.987] |I| [export_sceIoOpen]: Opening file: app0:data/textures/tiles4_atlas-0.tex
[12:07:58.988] |T| [open_file]: sceIoOpen: Opening file app0:data/textures/tiles4_atlas-0.tex (ux0:/app/PCSE00301/data/textures/tiles4_atlas-0.tex), fd: 0x3c
[12:07:58.990] |T| [close_file]: sceIoClose: Closing file fd: 0x3c
[12:07:58.993] |I| [export_sceIoOpen]: Opening file: app0:data/misc/tiles5_atlas.csv
[12:07:58.993] |T| [open_file]: sceIoOpen: Opening file app0:data/misc/tiles5_atlas.csv (ux0:/app/PCSE00301/data/misc/tiles5_atlas.csv), fd: 0x3d
[12:07:58.995] |T| [close_file]: sceIoClose: Closing file fd: 0x3d
[12:07:58.995] |I| [export_sceIoOpen]: Opening file: app0:data/textures/tiles5_atlas-0.tex
[12:07:58.996] |T| [open_file]: sceIoOpen: Opening file app0:data/textures/tiles5_atlas-0.tex (ux0:/app/PCSE00301/data/textures/tiles5_atlas-0.tex), fd: 0x3e
[12:07:58.998] |T| [close_file]: sceIoClose: Closing file fd: 0x3e
[12:07:59.003] |I| [export_sceIoOpen]: Opening file: app0:data/misc/tiles6_atlas.csv
[12:07:59.003] |T| [open_file]: sceIoOpen: Opening file app0:data/misc/tiles6_atlas.csv (ux0:/app/PCSE00301/data/misc/tiles6_atlas.csv), fd: 0x3f
[12:07:59.004] |T| [close_file]: sceIoClose: Closing file fd: 0x3f
[12:07:59.005] |I| [export_sceIoOpen]: Opening file: app0:data/textures/tiles6_atlas-0.tex
[12:07:59.006] |T| [open_file]: sceIoOpen: Opening file app0:data/textures/tiles6_atlas-0.tex (ux0:/app/PCSE00301/data/textures/tiles6_atlas-0.tex), fd: 0x40
[12:07:59.008] |T| [close_file]: sceIoClose: Closing file fd: 0x40
[12:07:59.011] |I| [export_sceIoOpen]: Opening file: app0:data/misc/tiles7_atlas.csv
[12:07:59.011] |T| [open_file]: sceIoOpen: Opening file app0:data/misc/tiles7_atlas.csv (ux0:/app/PCSE00301/data/misc/tiles7_atlas.csv), fd: 0x41
[12:07:59.013] |T| [close_file]: sceIoClose: Closing file fd: 0x41
[12:07:59.013] |I| [export_sceIoOpen]: Opening file: app0:data/textures/tiles7_atlas-0.tex
[12:07:59.014] |T| [open_file]: sceIoOpen: Opening file app0:data/textures/tiles7_atlas-0.tex (ux0:/app/PCSE00301/data/textures/tiles7_atlas-0.tex), fd: 0x42
[12:07:59.018] |T| [close_file]: sceIoClose: Closing file fd: 0x42
[12:07:59.020] |I| [export_sceIoOpen]: Opening file: app0:data/misc/tiles8_atlas.csv
[12:07:59.021] |T| [open_file]: sceIoOpen: Opening file app0:data/misc/tiles8_atlas.csv (ux0:/app/PCSE00301/data/misc/tiles8_atlas.csv), fd: 0x43
[12:07:59.022] |T| [close_file]: sceIoClose: Closing file fd: 0x43
[12:07:59.023] |I| [export_sceIoOpen]: Opening file: app0:data/textures/tiles8_atlas-0.tex
[12:07:59.024] |T| [open_file]: sceIoOpen: Opening file app0:data/textures/tiles8_atlas-0.tex (ux0:/app/PCSE00301/data/textures/tiles8_atlas-0.tex), fd: 0x44
[12:07:59.026] |T| [close_file]: sceIoClose: Closing file fd: 0x44
[12:07:59.029] |I| [export_sceIoOpen]: Opening file: app0:data/misc/player_atlas.csv
[12:07:59.030] |T| [open_file]: sceIoOpen: Opening file app0:data/misc/player_atlas.csv (ux0:/app/PCSE00301/data/misc/player_atlas.csv), fd: 0x45
[12:07:59.033] |T| [close_file]: sceIoClose: Closing file fd: 0x45
[12:07:59.034] |I| [export_sceIoOpen]: Opening file: app0:data/textures/player_atlas-0.tex
[12:07:59.034] |T| [open_file]: sceIoOpen: Opening file app0:data/textures/player_atlas-0.tex (ux0:/app/PCSE00301/data/textures/player_atlas-0.tex), fd: 0x46
[12:07:59.036] |T| [close_file]: sceIoClose: Closing file fd: 0x46
[12:07:59.041] |I| [export_sceIoOpen]: Opening file: app0:data/misc/playernf_atlas.csv
[12:07:59.041] |T| [open_file]: sceIoOpen: Opening file app0:data/misc/playernf_atlas.csv (ux0:/app/PCSE00301/data/misc/playernf_atlas.csv), fd: 0x47
[12:07:59.044] |T| [close_file]: sceIoClose: Closing file fd: 0x47
[12:07:59.044] |I| [export_sceIoOpen]: Opening file: app0:data/textures/playernf_atlas-0.tex
[12:07:59.045] |T| [open_file]: sceIoOpen: Opening file app0:data/textures/playernf_atlas-0.tex (ux0:/app/PCSE00301/data/textures/playernf_atlas-0.tex), fd: 0x48
[12:07:59.050] |T| [close_file]: sceIoClose: Closing file fd: 0x48
[12:07:59.053] |I| [export_sceIoOpen]: Opening file: app0:data/misc/items_atlas.csv
[12:07:59.053] |T| [open_file]: sceIoOpen: Opening file app0:data/misc/items_atlas.csv (ux0:/app/PCSE00301/data/misc/items_atlas.csv), fd: 0x49
[12:07:59.056] |T| [close_file]: sceIoClose: Closing file fd: 0x49
[12:07:59.056] |I| [export_sceIoOpen]: Opening file: app0:data/textures/items_atlas-0.tex
[12:07:59.057] |T| [open_file]: sceIoOpen: Opening file app0:data/textures/items_atlas-0.tex (ux0:/app/PCSE00301/data/textures/items_atlas-0.tex), fd: 0x4a
[12:07:59.058] |T| [close_file]: sceIoClose: Closing file fd: 0x4a
[12:07:59.061] |I| [export_sceIoOpen]: Opening file: app0:data/misc/decorsimplea_atlas.csv
[12:07:59.063] |T| [open_file]: sceIoOpen: Opening file app0:data/misc/decorsimplea_atlas.csv (ux0:/app/PCSE00301/data/misc/decorsimplea_atlas.csv), fd: 0x4b
[12:07:59.064] |T| [close_file]: sceIoClose: Closing file fd: 0x4b
[12:07:59.065] |I| [export_sceIoOpen]: Opening file: app0:data/textures/decorsimplea_atlas-0.tex
[12:07:59.065] |T| [open_file]: sceIoOpen: Opening file app0:data/textures/decorsimplea_atlas-0.tex (ux0:/app/PCSE00301/data/textures/decorsimplea_atlas-0.tex), fd: 0x4c
[12:07:59.067] |T| [close_file]: sceIoClose: Closing file fd: 0x4c
[12:07:59.068] |I| [export_sceIoOpen]: Opening file: app0:data/misc/decorsimpleb_atlas.csv
[12:07:59.068] |T| [open_file]: sceIoOpen: Opening file app0:data/misc/decorsimpleb_atlas.csv (ux0:/app/PCSE00301/data/misc/decorsimpleb_atlas.csv), fd: 0x4d
[12:07:59.069] |T| [close_file]: sceIoClose: Closing file fd: 0x4d
[12:07:59.070] |I| [export_sceIoOpen]: Opening file: app0:data/textures/decorsimpleb_atlas-0.tex
[12:07:59.070] |T| [open_file]: sceIoOpen: Opening file app0:data/textures/decorsimpleb_atlas-0.tex (ux0:/app/PCSE00301/data/textures/decorsimpleb_atlas-0.tex), fd: 0x4e
[12:07:59.072] |T| [close_file]: sceIoClose: Closing file fd: 0x4e
[12:07:59.074] |I| [export_sceIoOpen]: Opening file: app0:data/misc/decortiled_atlas_eng.csv
[12:07:59.074] |T| [open_file]: sceIoOpen: Opening file app0:data/misc/decortiled_atlas_eng.csv (ux0:/app/PCSE00301/data/misc/decortiled_atlas_eng.csv), fd: 0x4f
[12:07:59.076] |T| [close_file]: sceIoClose: Closing file fd: 0x4f
[12:07:59.076] |I| [export_sceIoOpen]: Opening file: app0:data/textures/decortiled_atlas_eng-0.tex
[12:07:59.081] |T| [open_file]: sceIoOpen: Opening file app0:data/textures/decortiled_atlas_eng-0.tex (ux0:/app/PCSE00301/data/textures/decortiled_atlas_eng-0.tex), fd: 0x50
[12:07:59.083] |T| [close_file]: sceIoClose: Closing file fd: 0x50
[12:07:59.086] |I| [export_sceIoOpen]: Opening file: app0:data/misc/chars_atlas.csv
[12:07:59.087] |T| [open_file]: sceIoOpen: Opening file app0:data/misc/chars_atlas.csv (ux0:/app/PCSE00301/data/misc/chars_atlas.csv), fd: 0x51
[12:07:59.088] |T| [close_file]: sceIoClose: Closing file fd: 0x51
[12:07:59.089] |I| [export_sceIoOpen]: Opening file: app0:data/textures/chars_atlas-0.tex
[12:07:59.089] |T| [open_file]: sceIoOpen: Opening file app0:data/textures/chars_atlas-0.tex (ux0:/app/PCSE00301/data/textures/chars_atlas-0.tex), fd: 0x52
[12:07:59.091] |T| [close_file]: sceIoClose: Closing file fd: 0x52
[12:07:59.096] |I| [export_sceIoOpen]: Opening file: app0:data/misc/monster_atlas.csv
[12:07:59.096] |T| [open_file]: sceIoOpen: Opening file app0:data/misc/monster_atlas.csv (ux0:/app/PCSE00301/data/misc/monster_atlas.csv), fd: 0x53
[12:07:59.097] |T| [close_file]: sceIoClose: Closing file fd: 0x53
[12:07:59.098] |I| [export_sceIoOpen]: Opening file: app0:data/textures/monster_atlas-0.tex
[12:07:59.098] |T| [open_file]: sceIoOpen: Opening file app0:data/textures/monster_atlas-0.tex (ux0:/app/PCSE00301/data/textures/monster_atlas-0.tex), fd: 0x54
[12:07:59.104] |T| [close_file]: sceIoClose: Closing file fd: 0x54
[12:07:59.113] |I| [export_sceIoOpen]: Opening file: app0:data/misc/pickups_atlas.csv
[12:07:59.114] |T| [open_file]: sceIoOpen: Opening file app0:data/misc/pickups_atlas.csv (ux0:/app/PCSE00301/data/misc/pickups_atlas.csv), fd: 0x55
[12:07:59.116] |T| [close_file]: sceIoClose: Closing file fd: 0x55
[12:07:59.116] |I| [export_sceIoOpen]: Opening file: app0:data/textures/pickups_atlas-0.tex
[12:07:59.116] |T| [open_file]: sceIoOpen: Opening file app0:data/textures/pickups_atlas-0.tex (ux0:/app/PCSE00301/data/textures/pickups_atlas-0.tex), fd: 0x56
[12:07:59.118] |T| [close_file]: sceIoClose: Closing file fd: 0x56
[12:07:59.120] |I| [export_sceIoOpen]: Opening file: app0:data/misc/splash2_atlas_eng_vita.csv
[12:07:59.121] |T| [open_file]: sceIoOpen: Opening file app0:data/misc/splash2_atlas_eng_vita.csv (ux0:/app/PCSE00301/data/misc/splash2_atlas_eng_vita.csv), fd: 0x57
[12:07:59.122] |T| [close_file]: sceIoClose: Closing file fd: 0x57
[12:07:59.122] |I| [export_sceIoOpen]: Opening file: app0:data/textures/splash2_atlas_eng_vita-0.tex
[12:07:59.123] |T| [open_file]: sceIoOpen: Opening file app0:data/textures/splash2_atlas_eng_vita-0.tex (ux0:/app/PCSE00301/data/textures/splash2_atlas_eng_vita-0.tex), fd: 0x58
[12:07:59.128] |T| [close_file]: sceIoClose: Closing file fd: 0x58
[12:07:59.130] |I| [export_sceIoOpen]: Opening file: app0:data/misc/splash_atlas_eng_vita.csv
[12:07:59.131] |T| [open_file]: sceIoOpen: Opening file app0:data/misc/splash_atlas_eng_vita.csv (ux0:/app/PCSE00301/data/misc/splash_atlas_eng_vita.csv), fd: 0x59
[12:07:59.132] |T| [close_file]: sceIoClose: Closing file fd: 0x59
[12:07:59.132] |I| [export_sceIoOpen]: Opening file: app0:data/textures/splash_atlas_eng_vita-0.tex
[12:07:59.133] |T| [open_file]: sceIoOpen: Opening file app0:data/textures/splash_atlas_eng_vita-0.tex (ux0:/app/PCSE00301/data/textures/splash_atlas_eng_vita-0.tex), fd: 0x5a
[12:07:59.139] |T| [close_file]: sceIoClose: Closing file fd: 0x5a
[12:07:59.148] |I| [export_sceIoOpen]: Opening file: app0:data/misc/postlighting_atlas_eng_vita.csv
[12:07:59.148] |T| [open_file]: sceIoOpen: Opening file app0:data/misc/postlighting_atlas_eng_vita.csv (ux0:/app/PCSE00301/data/misc/postlighting_atlas_eng_vita.csv), fd: 0x5b
[12:07:59.150] |T| [close_file]: sceIoClose: Closing file fd: 0x5b
[12:07:59.150] |I| [export_sceIoOpen]: Opening file: app0:data/textures/postlighting_atlas_eng_vita-0.tex
[12:07:59.151] |T| [open_file]: sceIoOpen: Opening file app0:data/textures/postlighting_atlas_eng_vita-0.tex (ux0:/app/PCSE00301/data/textures/postlighting_atlas_eng_vita-0.tex), fd: 0x5c
[12:07:59.153] |T| [close_file]: sceIoClose: Closing file fd: 0x5c
[12:07:59.156] |I| [export_sceIoOpen]: Opening file: app0:data/misc/map_atlas_eng.csv
[12:07:59.156] |T| [open_file]: sceIoOpen: Opening file app0:data/misc/map_atlas_eng.csv (ux0:/app/PCSE00301/data/misc/map_atlas_eng.csv), fd: 0x5d
[12:07:59.158] |T| [close_file]: sceIoClose: Closing file fd: 0x5d
[12:07:59.159] |I| [export_sceIoOpen]: Opening file: app0:data/textures/map_atlas_eng-0.tex
[12:07:59.159] |T| [open_file]: sceIoOpen: Opening file app0:data/textures/map_atlas_eng-0.tex (ux0:/app/PCSE00301/data/textures/map_atlas_eng-0.tex), fd: 0x5e
[12:07:59.162] |T| [close_file]: sceIoClose: Closing file fd: 0x5e
[12:07:59.164] |I| [export_sceIoOpen]: Opening file: app0:data/misc/flashlight_atlas.csv
[12:07:59.165] |T| [open_file]: sceIoOpen: Opening file app0:data/misc/flashlight_atlas.csv (ux0:/app/PCSE00301/data/misc/flashlight_atlas.csv), fd: 0x5f
[12:07:59.166] |T| [close_file]: sceIoClose: Closing file fd: 0x5f
[12:07:59.167] |I| [export_sceIoOpen]: Opening file: app0:data/textures/flashlight_atlas-0.tex
[12:07:59.167] |T| [open_file]: sceIoOpen: Opening file app0:data/textures/flashlight_atlas-0.tex (ux0:/app/PCSE00301/data/textures/flashlight_atlas-0.tex), fd: 0x60
[12:07:59.169] |T| [close_file]: sceIoClose: Closing file fd: 0x60
[12:07:59.173] |I| [export_sceIoOpen]: Opening file: app0:data/misc/lensflare_atlas.csv
[12:07:59.173] |T| [open_file]: sceIoOpen: Opening file app0:data/misc/lensflare_atlas.csv (ux0:/app/PCSE00301/data/misc/lensflare_atlas.csv), fd: 0x61
[12:07:59.175] |T| [close_file]: sceIoClose: Closing file fd: 0x61
[12:07:59.175] |I| [export_sceIoOpen]: Opening file: app0:data/textures/lensflare_atlas-0.tex
[12:07:59.176] |T| [open_file]: sceIoOpen: Opening file app0:data/textures/lensflare_atlas-0.tex (ux0:/app/PCSE00301/data/textures/lensflare_atlas-0.tex), fd: 0x62
[12:07:59.178] |T| [close_file]: sceIoClose: Closing file fd: 0x62
[12:07:59.179] |I| [export_sceIoOpen]: Opening file: app0:data/misc/additive_atlas.csv
[12:07:59.180] |T| [open_file]: sceIoOpen: Opening file app0:data/misc/additive_atlas.csv (ux0:/app/PCSE00301/data/misc/additive_atlas.csv), fd: 0x63
[12:07:59.181] |T| [close_file]: sceIoClose: Closing file fd: 0x63
[12:07:59.181] |I| [export_sceIoOpen]: Opening file: app0:data/textures/additive_atlas-0.tex
[12:07:59.182] |T| [open_file]: sceIoOpen: Opening file app0:data/textures/additive_atlas-0.tex (ux0:/app/PCSE00301/data/textures/additive_atlas-0.tex), fd: 0x64
[12:07:59.183] |T| [close_file]: sceIoClose: Closing file fd: 0x64
[12:07:59.184] |I| [export_sceIoOpen]: Opening file: app0:data\strings\ENGLISH.bin
[12:07:59.184] |T| [open_file]: sceIoOpen: Opening file app0:data\strings\ENGLISH.bin (ux0:/app/PCSE00301/data/strings/ENGLISH.bin), fd: 0x65
[12:07:59.186] |T| [close_file]: sceIoClose: Closing file fd: 0x65
[12:07:59.233] |I| [export_sceIoOpen]: Opening file: app0:data/strings/ENGLISH.bin
[12:07:59.233] |T| [open_file]: sceIoOpen: Opening file app0:data/strings/ENGLISH.bin (ux0:/app/PCSE00301/data/strings/ENGLISH.bin), fd: 0x66
[12:07:59.236] |T| [close_file]: sceIoClose: Closing file fd: 0x66
[12:07:59.351] |I| [export_sceIoOpen]: Opening file: app0:data/misc/Functions.dat
[12:07:59.352] |T| [open_file]: sceIoOpen: Opening file app0:data/misc/Functions.dat (ux0:/app/PCSE00301/data/misc/Functions.dat), fd: 0x67
[12:07:59.355] |T| [close_file]: sceIoClose: Closing file fd: 0x67
[12:07:59.385] |I| [export_sceIoOpen]: Opening file: app0:data/misc/Items.dat
[12:07:59.386] |T| [open_file]: sceIoOpen: Opening file app0:data/misc/Items.dat (ux0:/app/PCSE00301/data/misc/Items.dat), fd: 0x68
[12:07:59.389] |T| [close_file]: sceIoClose: Closing file fd: 0x68
[12:07:59.449] |I| [export_sceIoOpen]: Opening file: app0:data/misc/SpriteClasses.dat
[12:07:59.450] |T| [open_file]: sceIoOpen: Opening file app0:data/misc/SpriteClasses.dat (ux0:/app/PCSE00301/data/misc/SpriteClasses.dat), fd: 0x69
[12:07:59.453] |T| [close_file]: sceIoClose: Closing file fd: 0x69
[12:07:59.577] |I| [export_sceIoOpen]: Opening file: app0:data/textures/loading_atlas_eng_vita-0.tex
[12:07:59.578] |T| [open_file]: sceIoOpen: Opening file app0:data/textures/loading_atlas_eng_vita-0.tex (ux0:/app/PCSE00301/data/textures/loading_atlas_eng_vita-0.tex), fd: 0x6a
[12:07:59.584] |T| [close_file]: sceIoClose: Closing file fd: 0x6a
[12:07:59.590] |I| [export_sceIoOpen]: Opening file: app0:data/shaders/d_font.vs
[12:07:59.591] |T| [open_file]: sceIoOpen: Opening file app0:data/shaders/d_font.vs (ux0:/app/PCSE00301/data/shaders/d_font.vs), fd: 0x6b
[12:07:59.593] |T| [close_file]: sceIoClose: Closing file fd: 0x6b
[12:07:59.595] |I| [export_sceIoOpen]: Opening file: app0:data/shaders/d_font.fs
[12:07:59.596] |T| [open_file]: sceIoOpen: Opening file app0:data/shaders/d_font.fs (ux0:/app/PCSE00301/data/shaders/d_font.fs), fd: 0x6c
[12:07:59.597] |T| [close_file]: sceIoClose: Closing file fd: 0x6c
[12:07:59.612] |W| [unimplemented_impl]: Unimplemented sceGxmTextureValidate import called.
[12:07:59.613] |W| [unimplemented_impl]: Unimplemented sceGxmColorSurfaceSetDitherMode import called.
[12:07:59.663] |I| [export_sceIoOpen]: Opening file: app0:data/misc/TempRooms.dat
[12:07:59.664] |T| [open_file]: sceIoOpen: Opening file app0:data/misc/TempRooms.dat (ux0:/app/PCSE00301/data/misc/TempRooms.dat), fd: 0x6d
[12:07:59.666] |T| [close_file]: sceIoClose: Closing file fd: 0x6d
[12:08:00.047] |I| [export_sceIoOpen]: Opening file: app0:data/textures/font.tex
[12:08:00.048] |T| [open_file]: sceIoOpen: Opening file app0:data/textures/font.tex (ux0:/app/PCSE00301/data/textures/font.tex), fd: 0x6e
[12:08:00.050] |T| [close_file]: sceIoClose: Closing file fd: 0x6e
[12:08:00.051] |I| [export_sceIoOpen]: Opening file: app0:data/shaders/d_font.vs
[12:08:00.052] |T| [open_file]: sceIoOpen: Opening file app0:data/shaders/d_font.vs (ux0:/app/PCSE00301/data/shaders/d_font.vs), fd: 0x6f
[12:08:00.053] |T| [close_file]: sceIoClose: Closing file fd: 0x6f
[12:08:00.053] |I| [export_sceIoOpen]: Opening file: app0:data/shaders/d_font.fs
[12:08:00.054] |T| [open_file]: sceIoOpen: Opening file app0:data/shaders/d_font.fs (ux0:/app/PCSE00301/data/shaders/d_font.fs), fd: 0x70
[12:08:00.055] |T| [close_file]: sceIoClose: Closing file fd: 0x70
[12:08:00.057] |I| [export_sceIoOpen]: Opening file: app0:data/misc/fontuvs.txt
[12:08:00.057] |T| [open_file]: sceIoOpen: Opening file app0:data/misc/fontuvs.txt (ux0:/app/PCSE00301/data/misc/fontuvs.txt), fd: 0x71
[12:08:00.058] |T| [close_file]: sceIoClose: Closing file fd: 0x71
[12:08:00.073] |I| [export_sceIoOpen]: Opening file: app0:data/shaders/font.vs
[12:08:00.073] |T| [open_file]: sceIoOpen: Opening file app0:data/shaders/font.vs (ux0:/app/PCSE00301/data/shaders/font.vs), fd: 0x72
[12:08:00.078] |T| [close_file]: sceIoClose: Closing file fd: 0x72
[12:08:00.080] |I| [export_sceIoOpen]: Opening file: app0:data/shaders/font.fs
[12:08:00.081] |T| [open_file]: sceIoOpen: Opening file app0:data/shaders/font.fs (ux0:/app/PCSE00301/data/shaders/font.fs), fd: 0x73
[12:08:00.082] |T| [close_file]: sceIoClose: Closing file fd: 0x73
[12:08:00.088] |I| [export_sceIoOpen]: Opening file: app0:data/fonts/arial.ttf
[12:08:00.088] |T| [open_file]: sceIoOpen: Opening file app0:data/fonts/arial.ttf (ux0:/app/PCSE00301/data/fonts/arial.ttf), fd: 0x74
[12:08:00.091] |T| [close_file]: sceIoClose: Closing file fd: 0x74
[12:08:00.219] |W| [unimplemented_impl]: Unimplemented sceAppMgrAcquireBgmPort import called.
[12:08:00.532] |T| [export_sceNgsPatchCreateRouting]: Patching 0x42D29B0:0:0 to 0x4331DF0:0
[12:08:00.534] |T| [export_sceNgsPatchCreateRouting]: Patching 0x42D3170:0:0 to 0x4331DF0:0
[12:08:00.535] |T| [export_sceNgsPatchCreateRouting]: Patching 0x42D39B0:0:0 to 0x4331DF0:0
[12:08:00.536] |T| [export_sceNgsPatchCreateRouting]: Patching 0x42D41F0:0:0 to 0x4331DF0:0
[12:08:00.536] |T| [export_sceNgsPatchCreateRouting]: Patching 0x42D4A30:0:0 to 0x4331DF0:0
[12:08:00.537] |T| [export_sceNgsPatchCreateRouting]: Patching 0x42D5270:0:0 to 0x4331DF0:0
[12:08:00.537] |T| [export_sceNgsPatchCreateRouting]: Patching 0x42D5AB0:0:0 to 0x4331DF0:0
[12:08:00.538] |T| [export_sceNgsPatchCreateRouting]: Patching 0x42D62F0:0:0 to 0x4331DF0:0
[12:08:00.539] |T| [export_sceNgsPatchCreateRouting]: Patching 0x42D6B30:0:0 to 0x4331DF0:0
[12:08:00.539] |T| [export_sceNgsPatchCreateRouting]: Patching 0x42D7370:0:0 to 0x4331DF0:0
[12:08:00.540] |T| [export_sceNgsPatchCreateRouting]: Patching 0x42D7BB0:0:0 to 0x4331DF0:0
[12:08:00.541] |T| [export_sceNgsPatchCreateRouting]: Patching 0x42D83F0:0:0 to 0x4331DF0:0
[12:08:00.542] |T| [export_sceNgsPatchCreateRouting]: Patching 0x42D8C30:0:0 to 0x4331DF0:0
[12:08:00.543] |T| [export_sceNgsPatchCreateRouting]: Patching 0x42D9470:0:0 to 0x4331DF0:0
[12:08:00.544] |T| [export_sceNgsPatchCreateRouting]: Patching 0x42D9CB0:0:0 to 0x4331DF0:0
[12:08:00.545] |T| [export_sceNgsPatchCreateRouting]: Patching 0x42DA4F0:0:0 to 0x4331DF0:0
[12:08:00.551] |I| [export_sceIoOpen]: Opening file: app0:data/audio/cat1.wav
[12:08:00.553] |T| [open_file]: sceIoOpen: Opening file app0:data/audio/cat1.wav (ux0:/app/PCSE00301/data/audio/cat1.wav), fd: 0x75
[12:08:00.555] |T| [close_file]: sceIoClose: Closing file fd: 0x75
[12:08:00.560] |I| [export_sceIoOpen]: Opening file: app0:data/audio/cat2.wav
[12:08:00.560] |T| [open_file]: sceIoOpen: Opening file app0:data/audio/cat2.wav (ux0:/app/PCSE00301/data/audio/cat2.wav), fd: 0x76
[12:08:00.563] |T| [close_file]: sceIoClose: Closing file fd: 0x76
[12:08:00.563] |I| [export_sceIoOpen]: Opening file: app0:data/audio/cat3.wav
[12:08:00.564] |T| [open_file]: sceIoOpen: Opening file app0:data/audio/cat3.wav (ux0:/app/PCSE00301/data/audio/cat3.wav), fd: 0x77
[12:08:00.565] |T| [close_file]: sceIoClose: Closing file fd: 0x77
[12:08:00.566] |I| [export_sceIoOpen]: Opening file: app0:data/audio/cat4.wav
[12:08:00.568] |T| [open_file]: sceIoOpen: Opening file app0:data/audio/cat4.wav (ux0:/app/PCSE00301/data/audio/cat4.wav), fd: 0x78
[12:08:00.570] |T| [close_file]: sceIoClose: Closing file fd: 0x78
[12:08:00.571] |I| [export_sceIoOpen]: Opening file: app0:data/audio/cooking.wav
[12:08:00.571] |T| [open_file]: sceIoOpen: Opening file app0:data/audio/cooking.wav (ux0:/app/PCSE00301/data/audio/cooking.wav), fd: 0x79
[12:08:00.574] |T| [close_file]: sceIoClose: Closing file fd: 0x79
[12:08:00.575] |I| [export_sceIoOpen]: Opening file: app0:data/audio/cupboard1.wav
[12:08:00.575] |T| [open_file]: sceIoOpen: Opening file app0:data/audio/cupboard1.wav (ux0:/app/PCSE00301/data/audio/cupboard1.wav), fd: 0x7a
[12:08:00.578] |T| [close_file]: sceIoClose: Closing file fd: 0x7a
[12:08:00.579] |I| [export_sceIoOpen]: Opening file: app0:data/audio/cut1.wav
[12:08:00.579] |T| [open_file]: sceIoOpen: Opening file app0:data/audio/cut1.wav (ux0:/app/PCSE00301/data/audio/cut1.wav), fd: 0x7b
[12:08:00.582] |T| [close_file]: sceIoClose: Closing file fd: 0x7b
[12:08:00.582] |I| [export_sceIoOpen]: Opening file: app0:data/audio/daddy1.wav
[12:08:00.585] |T| [open_file]: sceIoOpen: Opening file app0:data/audio/daddy1.wav (ux0:/app/PCSE00301/data/audio/daddy1.wav), fd: 0x7c
[12:08:00.587] |T| [close_file]: sceIoClose: Closing file fd: 0x7c
[12:08:00.587] |I| [export_sceIoOpen]: Opening file: app0:data/audio/daddy2.wav
[12:08:00.588] |T| [open_file]: sceIoOpen: Opening file app0:data/audio/daddy2.wav (ux0:/app/PCSE00301/data/audio/daddy2.wav), fd: 0x7d
[12:08:00.590] |T| [close_file]: sceIoClose: Closing file fd: 0x7d
[12:08:00.590] |I| [export_sceIoOpen]: Opening file: app0:data/audio/daddy3.wav
[12:08:00.591] |T| [open_file]: sceIoOpen: Opening file app0:data/audio/daddy3.wav (ux0:/app/PCSE00301/data/audio/daddy3.wav), fd: 0x7e
[12:08:00.593] |T| [close_file]: sceIoClose: Closing file fd: 0x7e
[12:08:00.594] |I| [export_sceIoOpen]: Opening file: app0:data/audio/daddy4.wav
[12:08:00.594] |T| [open_file]: sceIoOpen: Opening file app0:data/audio/daddy4.wav (ux0:/app/PCSE00301/data/audio/daddy4.wav), fd: 0x7f
[12:08:00.597] |T| [close_file]: sceIoClose: Closing file fd: 0x7f
[12:08:00.597] |I| [export_sceIoOpen]: Opening file: app0:data/audio/daddy5.wav
[12:08:00.601] |T| [open_file]: sceIoOpen: Opening file app0:data/audio/daddy5.wav (ux0:/app/PCSE00301/data/audio/daddy5.wav), fd: 0x80
[12:08:00.603] |T| [close_file]: sceIoClose: Closing file fd: 0x80
[12:08:00.603] |I| [export_sceIoOpen]: Opening file: app0:data/audio/daddyambience1.wav
[12:08:00.604] |T| [open_file]: sceIoOpen: Opening file app0:data/audio/daddyambience1.wav (ux0:/app/PCSE00301/data/audio/daddyambience1.wav), fd: 0x81
[12:08:00.609] |T| [close_file]: sceIoClose: Closing file fd: 0x81
[12:08:00.613] |I| [export_sceIoOpen]: Opening file: app0:data/audio/daddystep1.wav
[12:08:00.614] |T| [open_file]: sceIoOpen: Opening file app0:data/audio/daddystep1.wav (ux0:/app/PCSE00301/data/audio/daddystep1.wav), fd: 0x82
[12:08:00.616] |T| [close_file]: sceIoClose: Closing file fd: 0x82
[12:08:00.617] |I| [export_sceIoOpen]: Opening file: app0:data/audio/daddystep2.wav
[12:08:00.617] |T| [open_file]: sceIoOpen: Opening file app0:data/audio/daddystep2.wav (ux0:/app/PCSE00301/data/audio/daddystep2.wav), fd: 0x83
[12:08:00.619] |T| [close_file]: sceIoClose: Closing file fd: 0x83
[12:08:00.620] |I| [export_sceIoOpen]: Opening file: app0:data/audio/daddystep3.wav
[12:08:00.620] |T| [open_file]: sceIoOpen: Opening file app0:data/audio/daddystep3.wav (ux0:/app/PCSE00301/data/audio/daddystep3.wav), fd: 0x84
[12:08:00.622] |T| [close_file]: sceIoClose: Closing file fd: 0x84
[12:08:00.622] |I| [export_sceIoOpen]: Opening file: app0:data/audio/daddystep4.wav
[12:08:00.623] |T| [open_file]: sceIoOpen: Opening file app0:data/audio/daddystep4.wav (ux0:/app/PCSE00301/data/audio/daddystep4.wav), fd: 0x85
[12:08:00.625] |T| [close_file]: sceIoClose: Closing file fd: 0x85
[12:08:00.625] |I| [export_sceIoOpen]: Opening file: app0:data/audio/die1.wav
[12:08:00.627] |T| [open_file]: sceIoOpen: Opening file app0:data/audio/die1.wav (ux0:/app/PCSE00301/data/audio/die1.wav), fd: 0x86
[12:08:00.629] |T| [close_file]: sceIoClose: Closing file fd: 0x86
[12:08:00.633] |I| [export_sceIoOpen]: Opening file: app0:data/audio/dropgun.wav
[12:08:00.633] |T| [open_file]: sceIoOpen: Opening file app0:data/audio/dropgun.wav (ux0:/app/PCSE00301/data/audio/dropgun.wav), fd: 0x87
[12:08:00.635] |T| [close_file]: sceIoClose: Closing file fd: 0x87
[12:08:00.636] |I| [export_sceIoOpen]: Opening file: app0:data/audio/eat1.wav
[12:08:00.636] |T| [open_file]: sceIoOpen: Opening file app0:data/audio/eat1.wav (ux0:/app/PCSE00301/data/audio/eat1.wav), fd: 0x88
[12:08:00.638] |T| [close_file]: sceIoClose: Closing file fd: 0x88
[12:08:00.638] |I| [export_sceIoOpen]: Opening file: app0:data/audio/emptygun.wav
[12:08:00.639] |T| [open_file]: sceIoOpen: Opening file app0:data/audio/emptygun.wav (ux0:/app/PCSE00301/data/audio/emptygun.wav), fd: 0x89
[12:08:00.641] |T| [close_file]: sceIoClose: Closing file fd: 0x89
[12:08:00.641] |I| [export_sceIoOpen]: Opening file: app0:data/audio/explode.wav
[12:08:00.642] |T| [open_file]: sceIoOpen: Opening file app0:data/audio/explode.wav (ux0:/app/PCSE00301/data/audio/explode.wav), fd: 0x8a
[12:08:00.646] |T| [close_file]: sceIoClose: Closing file fd: 0x8a
[12:08:00.649] |I| [export_sceIoOpen]: Opening file: app0:data/audio/fatman1.wav
[12:08:00.650] |T| [open_file]: sceIoOpen: Opening file app0:data/audio/fatman1.wav (ux0:/app/PCSE00301/data/audio/fatman1.wav), fd: 0x8b
[12:08:00.653] |T| [close_file]: sceIoClose: Closing file fd: 0x8b
[12:08:00.654] |I| [export_sceIoOpen]: Opening file: app0:data/audio/fatman2.wav
[12:08:00.654] |T| [open_file]: sceIoOpen: Opening file app0:data/audio/fatman2.wav (ux0:/app/PCSE00301/data/audio/fatman2.wav), fd: 0x8c
[12:08:00.656] |T| [close_file]: sceIoClose: Closing file fd: 0x8c
[12:08:00.656] |I| [export_sceIoOpen]: Opening file: app0:data/audio/fatman3.wav
[12:08:00.657] |T| [open_file]: sceIoOpen: Opening file app0:data/audio/fatman3.wav (ux0:/app/PCSE00301/data/audio/fatman3.wav), fd: 0x8d
[12:08:00.659] |T| [close_file]: sceIoClose: Closing file fd: 0x8d
[12:08:00.660] |I| [export_sceIoOpen]: Opening file: app0:data/audio/fatman4.wav
[12:08:00.664] |T| [open_file]: sceIoOpen: Opening file app0:data/audio/fatman4.wav (ux0:/app/PCSE00301/data/audio/fatman4.wav), fd: 0x8e
[12:08:00.666] |T| [close_file]: sceIoClose: Closing file fd: 0x8e
[12:08:00.666] |I| [export_sceIoOpen]: Opening file: app0:data/audio/fatman5.wav
[12:08:00.667] |T| [open_file]: sceIoOpen: Opening file app0:data/audio/fatman5.wav (ux0:/app/PCSE00301/data/audio/fatman5.wav), fd: 0x8f
[12:08:00.669] |T| [close_file]: sceIoClose: Closing file fd: 0x8f
[12:08:00.669] |I| [export_sceIoOpen]: Opening file: app0:data/audio/fatman8.wav
[12:08:00.670] |T| [open_file]: sceIoOpen: Opening file app0:data/audio/fatman8.wav (ux0:/app/PCSE00301/data/audio/fatman8.wav), fd: 0x90
[12:08:00.671] |T| [close_file]: sceIoClose: Closing file fd: 0x90
[12:08:00.672] |I| [export_sceIoOpen]: Opening file: app0:data/audio/finger.wav
[12:08:00.673] |T| [open_file]: sceIoOpen: Opening file app0:data/audio/finger.wav (ux0:/app/PCSE00301/data/audio/finger.wav), fd: 0x91
[12:08:00.675] |T| [close_file]: sceIoClose: Closing file fd: 0x91
[12:08:00.675] |I| [export_sceIoOpen]: Opening file: app0:data/audio/flare.wav
[12:08:00.680] |T| [open_file]: sceIoOpen: Opening file app0:data/audio/flare.wav (ux0:/app/PCSE00301/data/audio/flare.wav), fd: 0x92
[12:08:00.682] |T| [close_file]: sceIoClose: Closing file fd: 0x92
[12:08:00.683] |I| [export_sceIoOpen]: Opening file: app0:data/audio/footstep1.wav
[12:08:00.684] |T| [open_file]: sceIoOpen: Opening file app0:data/audio/footstep1.wav (ux0:/app/PCSE00301/data/audio/footstep1.wav), fd: 0x93
[12:08:00.685] |T| [close_file]: sceIoClose: Closing file fd: 0x93
[12:08:00.685] |I| [export_sceIoOpen]: Opening file: app0:data/audio/footstep1b.wav
[12:08:00.686] |T| [open_file]: sceIoOpen: Opening file app0:data/audio/footstep1b.wav (ux0:/app/PCSE00301/data/audio/footstep1b.wav), fd: 0x94
[12:08:00.687] |T| [close_file]: sceIoClose: Closing file fd: 0x94
[12:08:00.687] |I| [export_sceIoOpen]: Opening file: app0:data/audio/footstep2.wav
[12:08:00.688] |T| [open_file]: sceIoOpen: Opening file app0:data/audio/footstep2.wav (ux0:/app/PCSE00301/data/audio/footstep2.wav), fd: 0x95
[12:08:00.689] |T| [close_file]: sceIoClose: Closing file fd: 0x95
[12:08:00.690] |I| [export_sceIoOpen]: Opening file: app0:data/audio/footstep2b.wav
[12:08:00.690] |T| [open_file]: sceIoOpen: Opening file app0:data/audio/footstep2b.wav (ux0:/app/PCSE00301/data/audio/footstep2b.wav), fd: 0x96
[12:08:00.692] |T| [close_file]: sceIoClose: Closing file fd: 0x96
[12:08:00.697] |I| [export_sceIoOpen]: Opening file: app0:data/audio/footstep3.wav
[12:08:00.697] |T| [open_file]: sceIoOpen: Opening file app0:data/audio/footstep3.wav (ux0:/app/PCSE00301/data/audio/footstep3.wav), fd: 0x97
[12:08:00.699] |T| [close_file]: sceIoClose: Closing file fd: 0x97
[12:08:00.699] |I| [export_sceIoOpen]: Opening file: app0:data/audio/footstep3b.wav
[12:08:00.700] |T| [open_file]: sceIoOpen: Opening file app0:data/audio/footstep3b.wav (ux0:/app/PCSE00301/data/audio/footstep3b.wav), fd: 0x98
[12:08:00.701] |T| [close_file]: sceIoClose: Closing file fd: 0x98
[12:08:00.701] |I| [export_sceIoOpen]: Opening file: app0:data/audio/footstep4.wav
[12:08:00.702] |T| [open_file]: sceIoOpen: Opening file app0:data/audio/footstep4.wav (ux0:/app/PCSE00301/data/audio/footstep4.wav), fd: 0x99
[12:08:00.703] |T| [close_file]: sceIoClose: Closing file fd: 0x99
[12:08:00.703] |I| [export_sceIoOpen]: Opening file: app0:data/audio/footstep4b.wav
[12:08:00.704] |T| [open_file]: sceIoOpen: Opening file app0:data/audio/footstep4b.wav (ux0:/app/PCSE00301/data/audio/footstep4b.wav), fd: 0x9a
[12:08:00.705] |T| [close_file]: sceIoClose: Closing file fd: 0x9a
[12:08:00.706] |I| [export_sceIoOpen]: Opening file: app0:data/audio/fuse.wav
[12:08:00.706] |T| [open_file]: sceIoOpen: Opening file app0:data/audio/fuse.wav (ux0:/app/PCSE00301/data/audio/fuse.wav), fd: 0x9b
[12:08:00.708] |T| [close_file]: sceIoClose: Closing file fd: 0x9b
[12:08:00.714] |I| [export_sceIoOpen]: Opening file: app0:data/audio/gasoline.wav
[12:08:00.714] |T| [open_file]: sceIoOpen: Opening file app0:data/audio/gasoline.wav (ux0:/app/PCSE00301/data/audio/gasoline.wav), fd: 0x9c
[12:08:00.716] |T| [close_file]: sceIoClose: Closing file fd: 0x9c
[12:08:00.716] |I| [export_sceIoOpen]: Opening file: app0:data/audio/gun1.wav
[12:08:00.717] |T| [open_file]: sceIoOpen: Opening file app0:data/audio/gun1.wav (ux0:/app/PCSE00301/data/audio/gun1.wav), fd: 0x9d
[12:08:00.718] |T| [close_file]: sceIoClose: Closing file fd: 0x9d
[12:08:00.719] |I| [export_sceIoOpen]: Opening file: app0:data/audio/hammer1.wav
[12:08:00.719] |T| [open_file]: sceIoOpen: Opening file app0:data/audio/hammer1.wav (ux0:/app/PCSE00301/data/audio/hammer1.wav), fd: 0x9e
[12:08:00.721] |T| [close_file]: sceIoClose: Closing file fd: 0x9e
[12:08:00.722] |I| [export_sceIoOpen]: Opening file: app0:data/audio/heart1.wav
[12:08:00.722] |T| [open_file]: sceIoOpen: Opening file app0:data/audio/heart1.wav (ux0:/app/PCSE00301/data/audio/heart1.wav), fd: 0x9f
[12:08:00.723] |T| [close_file]: sceIoClose: Closing file fd: 0x9f
[12:08:00.724] |I| [export_sceIoOpen]: Opening file: app0:data/audio/heart2.wav
[12:08:00.729] |T| [open_file]: sceIoOpen: Opening file app0:data/audio/heart2.wav (ux0:/app/PCSE00301/data/audio/heart2.wav), fd: 0xa0
[12:08:00.730] |T| [close_file]: sceIoClose: Closing file fd: 0xa0
[12:08:00.731] |I| [export_sceIoOpen]: Opening file: app0:data/audio/hit1.wav
[12:08:00.731] |T| [open_file]: sceIoOpen: Opening file app0:data/audio/hit1.wav (ux0:/app/PCSE00301/data/audio/hit1.wav), fd: 0xa1
[12:08:00.733] |T| [close_file]: sceIoClose: Closing file fd: 0xa1
[12:08:00.733] |I| [export_sceIoOpen]: Opening file: app0:data/audio/hit2.wav
[12:08:00.734] |T| [open_file]: sceIoOpen: Opening file app0:data/audio/hit2.wav (ux0:/app/PCSE00301/data/audio/hit2.wav), fd: 0xa2
[12:08:00.735] |T| [close_file]: sceIoClose: Closing file fd: 0xa2
[12:08:00.736] |I| [export_sceIoOpen]: Opening file: app0:data/audio/hit3.wav
[12:08:00.736] |T| [open_file]: sceIoOpen: Opening file app0:data/audio/hit3.wav (ux0:/app/PCSE00301/data/audio/hit3.wav), fd: 0xa3
[12:08:00.738] |T| [close_file]: sceIoClose: Closing file fd: 0xa3
[12:08:00.738] |I| [export_sceIoOpen]: Opening file: app0:data/audio/hit4.wav
[12:08:00.739] |T| [open_file]: sceIoOpen: Opening file app0:data/audio/hit4.wav (ux0:/app/PCSE00301/data/audio/hit4.wav), fd: 0xa4
[12:08:00.740] |T| [close_file]: sceIoClose: Closing file fd: 0xa4
[12:08:00.745] |I| [export_sceIoOpen]: Opening file: app0:data/audio/lockeddoor1.wav
[12:08:00.746] |T| [open_file]: sceIoOpen: Opening file app0:data/audio/lockeddoor1.wav (ux0:/app/PCSE00301/data/audio/lockeddoor1.wav), fd: 0xa5
[12:08:00.747] |T| [close_file]: sceIoClose: Closing file fd: 0xa5
[12:08:00.748] |I| [export_sceIoOpen]: Opening file: app0:data/audio/lockedmetaldoor1.wav
[12:08:00.748] |T| [open_file]: sceIoOpen: Opening file app0:data/audio/lockedmetaldoor1.wav (ux0:/app/PCSE00301/data/audio/lockedmetaldoor1.wav), fd: 0xa6
[12:08:00.750] |T| [close_file]: sceIoClose: Closing file fd: 0xa6
[12:08:00.750] |I| [export_sceIoOpen]: Opening file: app0:data/audio/mother1.wav
[12:08:00.751] |T| [open_file]: sceIoOpen: Opening file app0:data/audio/mother1.wav (ux0:/app/PCSE00301/data/audio/mother1.wav), fd: 0xa7
[12:08:00.753] |T| [close_file]: sceIoClose: Closing file fd: 0xa7
[12:08:00.753] |I| [export_sceIoOpen]: Opening file: app0:data/audio/mother2.wav
[12:08:00.753] |T| [open_file]: sceIoOpen: Opening file app0:data/audio/mother2.wav (ux0:/app/PCSE00301/data/audio/mother2.wav), fd: 0xa8
[12:08:00.755] |T| [close_file]: sceIoClose: Closing file fd: 0xa8
[12:08:00.756] |I| [export_sceIoOpen]: Opening file: app0:data/audio/mother3.wav
[12:08:00.759] |T| [open_file]: sceIoOpen: Opening file app0:data/audio/mother3.wav (ux0:/app/PCSE00301/data/audio/mother3.wav), fd: 0xa9
[12:08:00.762] |T| [close_file]: sceIoClose: Closing file fd: 0xa9
[12:08:00.762] |I| [export_sceIoOpen]: Opening file: app0:data/audio/mother4.wav
[12:08:00.763] |T| [open_file]: sceIoOpen: Opening file app0:data/audio/mother4.wav (ux0:/app/PCSE00301/data/audio/mother4.wav), fd: 0xaa
[12:08:00.765] |T| [close_file]: sceIoClose: Closing file fd: 0xaa
[12:08:00.766] |I| [export_sceIoOpen]: Opening file: app0:data/audio/motherambience.wav
[12:08:00.766] |T| [open_file]: sceIoOpen: Opening file app0:data/audio/motherambience.wav (ux0:/app/PCSE00301/data/audio/motherambience.wav), fd: 0xab
[12:08:00.769] |T| [close_file]: sceIoClose: Closing file fd: 0xab
[12:08:00.772] |I| [export_sceIoOpen]: Opening file: app0:data/audio/motherattack.wav
[12:08:00.772] |T| [open_file]: sceIoOpen: Opening file app0:data/audio/motherattack.wav (ux0:/app/PCSE00301/data/audio/motherattack.wav), fd: 0xac
[12:08:00.777] |T| [close_file]: sceIoClose: Closing file fd: 0xac
[12:08:00.778] |I| [export_sceIoOpen]: Opening file: app0:data/audio/mothersuper.wav
[12:08:00.778] |T| [open_file]: sceIoOpen: Opening file app0:data/audio/mothersuper.wav (ux0:/app/PCSE00301/data/audio/mothersuper.wav), fd: 0xad
[12:08:00.782] |T| [close_file]: sceIoClose: Closing file fd: 0xad
[12:08:00.782] |I| [export_sceIoOpen]: Opening file: app0:data/audio/movechest1.wav
[12:08:00.783] |T| [open_file]: sceIoOpen: Opening file app0:data/audio/movechest1.wav (ux0:/app/PCSE00301/data/audio/movechest1.wav), fd: 0xae
[12:08:00.785] |T| [close_file]: sceIoClose: Closing file fd: 0xae
[12:08:00.785] |I| [export_sceIoOpen]: Opening file: app0:data/audio/ok1.wav
[12:08:00.786] |T| [open_file]: sceIoOpen: Opening file app0:data/audio/ok1.wav (ux0:/app/PCSE00301/data/audio/ok1.wav), fd: 0xaf
[12:08:00.788] |T| [close_file]: sceIoClose: Closing file fd: 0xaf
[12:08:00.788] |I| [export_sceIoOpen]: Opening file: app0:data/audio/ok2.wav
[12:08:00.791] |T| [open_file]: sceIoOpen: Opening file app0:data/audio/ok2.wav (ux0:/app/PCSE00301/data/audio/ok2.wav), fd: 0xb0
[12:08:00.795] |T| [close_file]: sceIoClose: Closing file fd: 0xb0
[12:08:00.795] |I| [export_sceIoOpen]: Opening file: app0:data/audio/ok3.wav
[12:08:00.796] |T| [open_file]: sceIoOpen: Opening file app0:data/audio/ok3.wav (ux0:/app/PCSE00301/data/audio/ok3.wav), fd: 0xb1
[12:08:00.798] |T| [close_file]: sceIoClose: Closing file fd: 0xb1
[12:08:00.798] |I| [export_sceIoOpen]: Opening file: app0:data/audio/opendoor1.wav
[12:08:00.798] |T| [open_file]: sceIoOpen: Opening file app0:data/audio/opendoor1.wav (ux0:/app/PCSE00301/data/audio/opendoor1.wav), fd: 0xb2
[12:08:00.800] |T| [close_file]: sceIoClose: Closing file fd: 0xb2
[12:08:00.801] |I| [export_sceIoOpen]: Opening file: app0:data/audio/openmetaldoor1.wav
[12:08:00.801] |T| [open_file]: sceIoOpen: Opening file app0:data/audio/openmetaldoor1.wav (ux0:/app/PCSE00301/data/audio/openmetaldoor1.wav), fd: 0xb3
[12:08:00.803] |T| [close_file]: sceIoClose: Closing file fd: 0xb3
[12:08:00.803] |I| [export_sceIoOpen]: Opening file: app0:data/audio/pickup1.wav
[12:08:00.804] |T| [open_file]: sceIoOpen: Opening file app0:data/audio/pickup1.wav (ux0:/app/PCSE00301/data/audio/pickup1.wav), fd: 0xb4
[12:08:00.808] |T| [close_file]: sceIoClose: Closing file fd: 0xb4
[12:08:00.809] |I| [export_sceIoOpen]: Opening file: app0:data/audio/prrr.wav
[12:08:00.811] |T| [open_file]: sceIoOpen: Opening file app0:data/audio/prrr.wav (ux0:/app/PCSE00301/data/audio/prrr.wav), fd: 0xb5
[12:08:00.813] |T| [close_file]: sceIoClose: Closing file fd: 0xb5
[12:08:00.814] |I| [export_sceIoOpen]: Opening file: app0:data/audio/quietmiaow.wav
[12:08:00.814] |T| [open_file]: sceIoOpen: Opening file app0:data/audio/quietmiaow.wav (ux0:/app/PCSE00301/data/audio/quietmiaow.wav), fd: 0xb6
[12:08:00.816] |T| [close_file]: sceIoClose: Closing file fd: 0xb6
[12:08:00.816] |I| [export_sceIoOpen]: Opening file: app0:data/audio/radio1.wav
[12:08:00.817] |T| [open_file]: sceIoOpen: Opening file app0:data/audio/radio1.wav (ux0:/app/PCSE00301/data/audio/radio1.wav), fd: 0xb7
[12:08:00.818] |T| [close_file]: sceIoClose: Closing file fd: 0xb7
[12:08:00.819] |I| [export_sceIoOpen]: Opening file: app0:data/audio/read1.wav
[12:08:00.819] |T| [open_file]: sceIoOpen: Opening file app0:data/audio/read1.wav (ux0:/app/PCSE00301/data/audio/read1.wav), fd: 0xb8
[12:08:00.824] |T| [close_file]: sceIoClose: Closing file fd: 0xb8
[12:08:00.825] |I| [export_sceIoOpen]: Opening file: app0:data/audio/reload1.wav
[12:08:00.826] |T| [open_file]: sceIoOpen: Opening file app0:data/audio/reload1.wav (ux0:/app/PCSE00301/data/audio/reload1.wav), fd: 0xb9
[12:08:00.829] |T| [close_file]: sceIoClose: Closing file fd: 0xb9
[12:08:00.829] |I| [export_sceIoOpen]: Opening file: app0:data/audio/spray.wav
[12:08:00.830] |T| [open_file]: sceIoOpen: Opening file app0:data/audio/spray.wav (ux0:/app/PCSE00301/data/audio/spray.wav), fd: 0xba
[12:08:00.832] |T| [close_file]: sceIoClose: Closing file fd: 0xba
[12:08:00.833] |I| [export_sceIoOpen]: Opening file: app0:data/audio/switch.wav
[12:08:00.833] |T| [open_file]: sceIoOpen: Opening file app0:data/audio/switch.wav (ux0:/app/PCSE00301/data/audio/switch.wav), fd: 0xbb
[12:08:00.835] |T| [close_file]: sceIoClose: Closing file fd: 0xbb
[12:08:00.835] |I| [export_sceIoOpen]: Opening file: app0:data/audio/thinman1.wav
[12:08:00.836] |T| [open_file]: sceIoOpen: Opening file app0:data/audio/thinman1.wav (ux0:/app/PCSE00301/data/audio/thinman1.wav), fd: 0xbc
[12:08:00.842] |T| [close_file]: sceIoClose: Closing file fd: 0xbc
[12:08:00.843] |I| [export_sceIoOpen]: Opening file: app0:data/audio/thinman2.wav
[12:08:00.844] |T| [open_file]: sceIoOpen: Opening file app0:data/audio/thinman2.wav (ux0:/app/PCSE00301/data/audio/thinman2.wav), fd: 0xbd
[12:08:00.846] |T| [close_file]: sceIoClose: Closing file fd: 0xbd
[12:08:00.846] |I| [export_sceIoOpen]: Opening file: app0:data/audio/thinman3.wav
[12:08:00.847] |T| [open_file]: sceIoOpen: Opening file app0:data/audio/thinman3.wav (ux0:/app/PCSE00301/data/audio/thinman3.wav), fd: 0xbe
[12:08:00.848] |T| [close_file]: sceIoClose: Closing file fd: 0xbe
[12:08:00.849] |I| [export_sceIoOpen]: Opening file: app0:data/audio/thinman4.wav
[12:08:00.850] |T| [open_file]: sceIoOpen: Opening file app0:data/audio/thinman4.wav (ux0:/app/PCSE00301/data/audio/thinman4.wav), fd: 0xbf
[12:08:00.851] |T| [close_file]: sceIoClose: Closing file fd: 0xbf
[12:08:00.852] |I| [export_sceIoOpen]: Opening file: app0:data/audio/thinman5.wav
[12:08:00.854] |T| [open_file]: sceIoOpen: Opening file app0:data/audio/thinman5.wav (ux0:/app/PCSE00301/data/audio/thinman5.wav), fd: 0xc0
[12:08:00.856] |T| [close_file]: sceIoClose: Closing file fd: 0xc0
[12:08:00.857] |I| [export_sceIoOpen]: Opening file: app0:data/audio/thinman6.wav
[12:08:00.857] |T| [open_file]: sceIoOpen: Opening file app0:data/audio/thinman6.wav (ux0:/app/PCSE00301/data/audio/thinman6.wav), fd: 0xc1
[12:08:00.860] |T| [close_file]: sceIoClose: Closing file fd: 0xc1
[12:08:00.861] |I| [export_sceIoOpen]: Opening file: app0:data/audio/thinman7.wav
[12:08:00.861] |T| [open_file]: sceIoOpen: Opening file app0:data/audio/thinman7.wav (ux0:/app/PCSE00301/data/audio/thinman7.wav), fd: 0xc2
[12:08:00.863] |T| [close_file]: sceIoClose: Closing file fd: 0xc2
[12:08:00.864] |I| [export_sceIoOpen]: Opening file: app0:data/audio/thinman8.wav
[12:08:00.864] |T| [open_file]: sceIoOpen: Opening file app0:data/audio/thinman8.wav (ux0:/app/PCSE00301/data/audio/thinman8.wav), fd: 0xc3
[12:08:00.866] |T| [close_file]: sceIoClose: Closing file fd: 0xc3
[12:08:00.866] |I| [export_sceIoOpen]: Opening file: app0:data/audio/thinstep1.wav
[12:08:00.867] |T| [open_file]: sceIoOpen: Opening file app0:data/audio/thinstep1.wav (ux0:/app/PCSE00301/data/audio/thinstep1.wav), fd: 0xc4
[12:08:00.868] |T| [close_file]: sceIoClose: Closing file fd: 0xc4
[12:08:00.872] |I| [export_sceIoOpen]: Opening file: app0:data/audio/thinstep2.wav
[12:08:00.873] |T| [open_file]: sceIoOpen: Opening file app0:data/audio/thinstep2.wav (ux0:/app/PCSE00301/data/audio/thinstep2.wav), fd: 0xc5
[12:08:00.874] |T| [close_file]: sceIoClose: Closing file fd: 0xc5
[12:08:00.875] |I| [export_sceIoOpen]: Opening file: app0:data/audio/thinstep3.wav
[12:08:00.877] |T| [open_file]: sceIoOpen: Opening file app0:data/audio/thinstep3.wav (ux0:/app/PCSE00301/data/audio/thinstep3.wav), fd: 0xc6
[12:08:00.878] |T| [close_file]: sceIoClose: Closing file fd: 0xc6
[12:08:00.878] |I| [export_sceIoOpen]: Opening file: app0:data/audio/thinstep4.wav
[12:08:00.879] |T| [open_file]: sceIoOpen: Opening file app0:data/audio/thinstep4.wav (ux0:/app/PCSE00301/data/audio/thinstep4.wav), fd: 0xc7
[12:08:00.881] |T| [close_file]: sceIoClose: Closing file fd: 0xc7
[12:08:00.882] |I| [export_sceIoOpen]: Opening file: app0:data/audio/ticker1.wav
[12:08:00.882] |T| [open_file]: sceIoOpen: Opening file app0:data/audio/ticker1.wav (ux0:/app/PCSE00301/data/audio/ticker1.wav), fd: 0xc8
[12:08:00.883] |T| [close_file]: sceIoClose: Closing file fd: 0xc8
[12:08:00.884] |I| [export_sceIoOpen]: Opening file: app0:data/audio/unlock1.wav
[12:08:00.887] |T| [open_file]: sceIoOpen: Opening file app0:data/audio/unlock1.wav (ux0:/app/PCSE00301/data/audio/unlock1.wav), fd: 0xc9
[12:08:00.889] |T| [close_file]: sceIoClose: Closing file fd: 0xc9
[12:08:00.889] |I| [export_sceIoOpen]: Opening file: app0:data/audio/zombie1.wav
[12:08:00.890] |T| [open_file]: sceIoOpen: Opening file app0:data/audio/zombie1.wav (ux0:/app/PCSE00301/data/audio/zombie1.wav), fd: 0xca
[12:08:00.892] |T| [close_file]: sceIoClose: Closing file fd: 0xca
[12:08:00.894] |I| [export_sceIoOpen]: Opening file: app0:data/audio/zombie2.wav
[12:08:00.894] |T| [open_file]: sceIoOpen: Opening file app0:data/audio/zombie2.wav (ux0:/app/PCSE00301/data/audio/zombie2.wav), fd: 0xcb
[12:08:00.896] |T| [close_file]: sceIoClose: Closing file fd: 0xcb
[12:08:00.897] |I| [export_sceIoOpen]: Opening file: app0:data/audio/zombie3.wav
[12:08:00.897] |T| [open_file]: sceIoOpen: Opening file app0:data/audio/zombie3.wav (ux0:/app/PCSE00301/data/audio/zombie3.wav), fd: 0xcc
[12:08:00.898] |T| [close_file]: sceIoClose: Closing file fd: 0xcc
[12:08:00.899] |I| [export_sceIoOpen]: Opening file: app0:data/audio/zombie4.wav
[12:08:00.899] |T| [open_file]: sceIoOpen: Opening file app0:data/audio/zombie4.wav (ux0:/app/PCSE00301/data/audio/zombie4.wav), fd: 0xcd
[12:08:00.901] |T| [close_file]: sceIoClose: Closing file fd: 0xcd
[12:08:00.903] |I| [export_sceIoOpen]: Opening file: app0:data/audio/zombie5.wav
[12:08:00.904] |T| [open_file]: sceIoOpen: Opening file app0:data/audio/zombie5.wav (ux0:/app/PCSE00301/data/audio/zombie5.wav), fd: 0xce
[12:08:00.905] |T| [close_file]: sceIoClose: Closing file fd: 0xce
[12:08:00.906] |I| [export_sceIoOpen]: Opening file: app0:data/audio/zombience1.wav
[12:08:00.906] |T| [open_file]: sceIoOpen: Opening file app0:data/audio/zombience1.wav (ux0:/app/PCSE00301/data/audio/zombience1.wav), fd: 0xcf
[12:08:00.909] |T| [close_file]: sceIoClose: Closing file fd: 0xcf
[12:08:00.912] |I| [export_sceIoOpen]: Opening file: app0:data/audio/zombience2.wav
[12:08:00.912] |T| [open_file]: sceIoOpen: Opening file app0:data/audio/zombience2.wav (ux0:/app/PCSE00301/data/audio/zombience2.wav), fd: 0xd0
[12:08:00.915] |T| [close_file]: sceIoClose: Closing file fd: 0xd0
[12:08:00.916] |I| [export_sceIoOpen]: Opening file: app0:data/audio/zombience3.wav
[12:08:00.918] |T| [open_file]: sceIoOpen: Opening file app0:data/audio/zombience3.wav (ux0:/app/PCSE00301/data/audio/zombience3.wav), fd: 0xd1
[12:08:00.922] |T| [close_file]: sceIoClose: Closing file fd: 0xd1
[12:08:00.923] |I| [export_sceIoOpen]: Opening file: app0:data/audio/zombience4.wav
[12:08:00.924] |T| [open_file]: sceIoOpen: Opening file app0:data/audio/zombience4.wav (ux0:/app/PCSE00301/data/audio/zombience4.wav), fd: 0xd2
[12:08:00.926] |T| [close_file]: sceIoClose: Closing file fd: 0xd2
[12:08:00.927] |I| [export_sceIoOpen]: Opening file: app0:data/audio/zombiespray.wav
[12:08:00.928] |T| [open_file]: sceIoOpen: Opening file app0:data/audio/zombiespray.wav (ux0:/app/PCSE00301/data/audio/zombiespray.wav), fd: 0xd3
[12:08:00.929] |T| [close_file]: sceIoClose: Closing file fd: 0xd3
[12:08:00.930] |I| [export_sceIoOpen]: Opening file: app0:data/audio/herambience.wav
[12:08:00.930] |T| [open_file]: sceIoOpen: Opening file app0:data/audio/herambience.wav (ux0:/app/PCSE00301/data/audio/herambience.wav), fd: 0xd4
[12:08:00.935] |T| [close_file]: sceIoClose: Closing file fd: 0xd4
[12:08:00.937] |I| [export_sceIoOpen]: Opening file: app0:data/audio/herkill.wav
[12:08:00.937] |T| [open_file]: sceIoOpen: Opening file app0:data/audio/herkill.wav (ux0:/app/PCSE00301/data/audio/herkill.wav), fd: 0xd5
[12:08:00.939] |T| [close_file]: sceIoClose: Closing file fd: 0xd5
[12:08:00.940] |I| [export_sceIoOpen]: Opening file: app0:data/audio/herscream.wav
[12:08:00.940] |T| [open_file]: sceIoOpen: Opening file app0:data/audio/herscream.wav (ux0:/app/PCSE00301/data/audio/herscream.wav), fd: 0xd6
[12:08:00.942] |T| [close_file]: sceIoClose: Closing file fd: 0xd6
[12:08:01.032] |I| [export_sceIoOpen]: Opening file: app0:data/shaders/resolve.vs
[12:08:01.033] |T| [open_file]: sceIoOpen: Opening file app0:data/shaders/resolve.vs (ux0:/app/PCSE00301/data/shaders/resolve.vs), fd: 0xd7
[12:08:01.034] |T| [close_file]: sceIoClose: Closing file fd: 0xd7
[12:08:01.035] |I| [export_sceIoOpen]: Opening file: app0:data/shaders/resolve.fs
[12:08:01.036] |T| [open_file]: sceIoOpen: Opening file app0:data/shaders/resolve.fs (ux0:/app/PCSE00301/data/shaders/resolve.fs), fd: 0xd8
[12:08:01.039] |T| [close_file]: sceIoClose: Closing file fd: 0xd8
[12:08:01.040] |I| [export_sceIoOpen]: Opening file: app0:data/shaders/lighting.vs
[12:08:01.041] |T| [open_file]: sceIoOpen: Opening file app0:data/shaders/lighting.vs (ux0:/app/PCSE00301/data/shaders/lighting.vs), fd: 0xd9
[12:08:01.046] |T| [close_file]: sceIoClose: Closing file fd: 0xd9
[12:08:01.046] |I| [export_sceIoOpen]: Opening file: app0:data/shaders/lighting.fs
[12:08:01.047] |T| [open_file]: sceIoOpen: Opening file app0:data/shaders/lighting.fs (ux0:/app/PCSE00301/data/shaders/lighting.fs), fd: 0xda
[12:08:01.050] |T| [close_file]: sceIoClose: Closing file fd: 0xda
[12:08:01.051] |I| [export_sceIoOpen]: Opening file: app0:data/shaders/fadequad.vs
[12:08:01.051] |T| [open_file]: sceIoOpen: Opening file app0:data/shaders/fadequad.vs (ux0:/app/PCSE00301/data/shaders/fadequad.vs), fd: 0xdb
[12:08:01.052] |T| [close_file]: sceIoClose: Closing file fd: 0xdb
[12:08:01.053] |I| [export_sceIoOpen]: Opening file: app0:data/shaders/fadequad.fs
[12:08:01.053] |T| [open_file]: sceIoOpen: Opening file app0:data/shaders/fadequad.fs (ux0:/app/PCSE00301/data/shaders/fadequad.fs), fd: 0xdc
[12:08:01.054] |T| [close_file]: sceIoClose: Closing file fd: 0xdc
[12:08:01.055] |I| [export_sceIoOpen]: Opening file: app0:data/shaders/scanlines.vs
[12:08:01.055] |T| [open_file]: sceIoOpen: Opening file app0:data/shaders/scanlines.vs (ux0:/app/PCSE00301/data/shaders/scanlines.vs), fd: 0xdd
[12:08:01.056] |T| [close_file]: sceIoClose: Closing file fd: 0xdd
[12:08:01.057] |I| [export_sceIoOpen]: Opening file: app0:data/shaders/scanlines.fs
[12:08:01.061] |T| [open_file]: sceIoOpen: Opening file app0:data/shaders/scanlines.fs (ux0:/app/PCSE00301/data/shaders/scanlines.fs), fd: 0xde
[12:08:01.062] |T| [close_file]: sceIoClose: Closing file fd: 0xde
[12:08:01.063] |I| [export_sceIoOpen]: Opening file: app0:data/shaders/dream.vs
[12:08:01.064] |T| [open_file]: sceIoOpen: Opening file app0:data/shaders/dream.vs (ux0:/app/PCSE00301/data/shaders/dream.vs), fd: 0xdf
[12:08:01.065] |T| [close_file]: sceIoClose: Closing file fd: 0xdf
[12:08:01.065] |I| [export_sceIoOpen]: Opening file: app0:data/shaders/dream.fs
[12:08:01.066] |T| [open_file]: sceIoOpen: Opening file app0:data/shaders/dream.fs (ux0:/app/PCSE00301/data/shaders/dream.fs), fd: 0xe0
[12:08:01.067] |T| [close_file]: sceIoClose: Closing file fd: 0xe0
[12:08:01.067] |I| [export_sceIoOpen]: Opening file: app0:data/shaders/blur.vs
[12:08:01.068] |T| [open_file]: sceIoOpen: Opening file app0:data/shaders/blur.vs (ux0:/app/PCSE00301/data/shaders/blur.vs), fd: 0xe1
[12:08:01.069] |T| [close_file]: sceIoClose: Closing file fd: 0xe1
[12:08:01.069] |I| [export_sceIoOpen]: Opening file: app0:data/shaders/blur.fs
[12:08:01.070] |T| [open_file]: sceIoOpen: Opening file app0:data/shaders/blur.fs (ux0:/app/PCSE00301/data/shaders/blur.fs), fd: 0xe2
[12:08:01.071] |T| [close_file]: sceIoClose: Closing file fd: 0xe2
[12:08:01.071] |I| [export_sceIoOpen]: Opening file: app0:data/shaders/final.vs
[12:08:01.072] |T| [open_file]: sceIoOpen: Opening file app0:data/shaders/final.vs (ux0:/app/PCSE00301/data/shaders/final.vs), fd: 0xe3
[12:08:01.072] |T| [close_file]: sceIoClose: Closing file fd: 0xe3
[12:08:01.076] |I| [export_sceIoOpen]: Opening file: app0:data/shaders/final.fs
[12:08:01.078] |T| [open_file]: sceIoOpen: Opening file app0:data/shaders/final.fs (ux0:/app/PCSE00301/data/shaders/final.fs), fd: 0xe4
[12:08:01.078] |T| [close_file]: sceIoClose: Closing file fd: 0xe4
[12:08:01.079] |I| [export_sceIoOpen]: Opening file: app0:data/textures/lights_atlas-0.tex
[12:08:01.080] |T| [open_file]: sceIoOpen: Opening file app0:data/textures/lights_atlas-0.tex (ux0:/app/PCSE00301/data/textures/lights_atlas-0.tex), fd: 0xe5
[12:08:01.082] |T| [close_file]: sceIoClose: Closing file fd: 0xe5
[12:08:01.084] |I| [export_sceIoOpen]: Opening file: app0:data/textures/fogb_resize.tex
[12:08:01.084] |T| [open_file]: sceIoOpen: Opening file app0:data/textures/fogb_resize.tex (ux0:/app/PCSE00301/data/textures/fogb_resize.tex), fd: 0xe6
[12:08:01.085] |T| [close_file]: sceIoClose: Closing file fd: 0xe6
[12:08:01.086] |I| [export_sceIoOpen]: Opening file: app0:data/textures/scratchesb_resize.tex
[12:08:01.086] |T| [open_file]: sceIoOpen: Opening file app0:data/textures/scratchesb_resize.tex (ux0:/app/PCSE00301/data/textures/scratchesb_resize.tex), fd: 0xe7
[12:08:01.093] |T| [close_file]: sceIoClose: Closing file fd: 0xe7
[12:08:01.100] |I| [export_sceIoOpen]: Opening file: app0:data/textures/scanlines14_resize.tex
[12:08:01.100] |T| [open_file]: sceIoOpen: Opening file app0:data/textures/scanlines14_resize.tex (ux0:/app/PCSE00301/data/textures/scanlines14_resize.tex), fd: 0xe8
[12:08:01.107] |T| [close_file]: sceIoClose: Closing file fd: 0xe8
[12:08:01.115] |I| [export_sceIoOpen]: Opening file: app0:data/textures/scangrainb4_resize.tex
[12:08:01.115] |T| [open_file]: sceIoOpen: Opening file app0:data/textures/scangrainb4_resize.tex (ux0:/app/PCSE00301/data/textures/scangrainb4_resize.tex), fd: 0xe9
[12:08:01.122] |T| [close_file]: sceIoClose: Closing file fd: 0xe9
[12:08:01.128] |I| [export_sceIoOpen]: Opening file: app0:data/textures/scangrain2m_resize.tex
[12:08:01.129] |T| [open_file]: sceIoOpen: Opening file app0:data/textures/scangrain2m_resize.tex (ux0:/app/PCSE00301/data/textures/scangrain2m_resize.tex), fd: 0xea
[12:08:01.135] |T| [close_file]: sceIoClose: Closing file fd: 0xea
[12:08:01.145] |W| [stubbed_impl]: Stubbed sceNpCheckCallback import called. (Stub)
[12:08:01.191] |I| [export_sceIoOpen]: Opening file: app0:data/audio/ambient5.ogg
[12:08:01.193] |T| [open_file]: sceIoOpen: Opening file app0:data/audio/ambient5.ogg (ux0:/app/PCSE00301/data/audio/ambient5.ogg), fd: 0xeb
[12:08:01.194] |T| [close_file]: sceIoClose: Closing file fd: 0xeb
[12:08:01.363] |I| [ngs::player::Module::process]: The currently running game requests playback rate scaling when decoding audio. Audio might crackle.
[12:08:20.007] |I| [export_sceIoOpen]: Opening file: app0:data/audio/lonesurvivor.ogg
[12:08:20.009] |T| [open_file]: sceIoOpen: Opening file app0:data/audio/lonesurvivor.ogg (ux0:/app/PCSE00301/data/audio/lonesurvivor.ogg), fd: 0xec
[12:08:20.013] |T| [close_file]: sceIoClose: Closing file fd: 0xec
[12:08:36.749] |I| [export_sceIoOpen]: Opening file: app0:data/audio/startgame.ogg
[12:08:36.749] |T| [open_file]: sceIoOpen: Opening file app0:data/audio/startgame.ogg (ux0:/app/PCSE00301/data/audio/startgame.ogg), fd: 0xed
[12:08:36.751] |T| [close_file]: sceIoClose: Closing file fd: 0xed
[12:08:43.682] |I| [export_sceIoOpen]: Opening file: app0:data/audio/ambient5.ogg
[12:08:43.683] |T| [open_file]: sceIoOpen: Opening file app0:data/audio/ambient5.ogg (ux0:/app/PCSE00301/data/audio/ambient5.ogg), fd: 0xee
[12:08:43.685] |T| [close_file]: sceIoClose: Closing file fd: 0xee
