[22:38:14.799] |I| [config::init_config]: backend-renderer: OpenGL
[22:38:14.803] |I| [config::init_config]: log-level: 0
[22:38:15.149] |I| [SDL_main]: Vita3K v0.1.5 2603-8daf6c6f
[22:38:15.150] |I| [SDL_main]: Number of logical CPU cores: 16
[22:38:15.150] |I| [SDL_main]: Available ram memory: 15725 mo
[22:38:16.029] |I| [renderer::gl::create]: Swap interval = -1
[22:38:16.031] |I| [renderer::gl::create]: GPU = AMD Radeon(TM) Graphics
[22:38:16.032] |I| [renderer::gl::create]: GL_VERSION = 4.6.14761 Core Profile Context 21.30.23.04 30.0.13023.4001
[22:38:16.032] |I| [renderer::gl::create]: GL_SHADING_LANGUAGE_VERSION = 4.60
[22:38:16.032] |I| [renderer::gl::create]: Your GPU only supports texture barrier, performance may not be good on programmable blending games.
[22:38:16.032] |W| [renderer::gl::create]: Consider updating to GPU that has shader interlock.
[22:38:17.789] |I| [gui::load_app_icon]: Default icon found for App PCSH10098, [Midnight Deluxe] in path PCSH10098.
[22:38:23.561] |I| [gui::init_user_apps::<lambda_c336b975cf0cf3eb176b8da90b020513>::operator ()]: 1 application(s) removed
[22:38:33.205] |I| [install_archive_content]: Extracting G:/cache/vita3k/emu/ux0/app/PCSH10098/archive.psarc
[22:38:33.264] |I| [install_archive_content]: Extracting G:/cache/vita3k/emu/ux0/app/PCSH10098/eboot.bin
[22:38:33.300] |I| [install_archive_content]: Extracting G:/cache/vita3k/emu/ux0/app/PCSH10098/Media/globalgamemanagers
[22:38:33.301] |I| [install_archive_content]: Extracting G:/cache/vita3k/emu/ux0/app/PCSH10098/Media/globalgamemanagers.assets
[22:38:33.304] |I| [install_archive_content]: Extracting G:/cache/vita3k/emu/ux0/app/PCSH10098/Media/Metadata/global-metadata.dat
[22:38:33.313] |I| [install_archive_content]: Extracting G:/cache/vita3k/emu/ux0/app/PCSH10098/Media/methods_pointedto_by_uievents.xml
[22:38:33.316] |I| [install_archive_content]: Extracting G:/cache/vita3k/emu/ux0/app/PCSH10098/Media/Modules/il2CppAssemblies.suprx
[22:38:33.331] |I| [install_archive_content]: Extracting G:/cache/vita3k/emu/ux0/app/PCSH10098/Media/Modules/pthread.suprx
[22:38:33.334] |I| [install_archive_content]: Extracting G:/cache/vita3k/emu/ux0/app/PCSH10098/Media/platform_native_link.xml
[22:38:33.336] |I| [install_archive_content]: Extracting G:/cache/vita3k/emu/ux0/app/PCSH10098/Media/Plugins/SavedGames.suprx
[22:38:33.338] |I| [install_archive_content]: Extracting G:/cache/vita3k/emu/ux0/app/PCSH10098/Media/Plugins/SavedGames.suprx.b.suprx
[22:38:33.340] |I| [install_archive_content]: Extracting G:/cache/vita3k/emu/ux0/app/PCSH10098/Media/Plugins/SavedGames_stub.a
[22:38:33.343] |I| [install_archive_content]: Extracting G:/cache/vita3k/emu/ux0/app/PCSH10098/Media/Plugins/UnityNpToolkit.suprx
[22:38:33.347] |I| [install_archive_content]: Extracting G:/cache/vita3k/emu/ux0/app/PCSH10098/Media/Plugins/UnityNpToolkit.suprx.b.suprx
[22:38:33.349] |I| [install_archive_content]: Extracting G:/cache/vita3k/emu/ux0/app/PCSH10098/Media/Plugins/UnityNpToolkit_stub.a
[22:38:33.353] |I| [install_archive_content]: Extracting G:/cache/vita3k/emu/ux0/app/PCSH10098/Media/preserved_derived_types.xml
[22:38:33.356] |I| [install_archive_content]: Extracting G:/cache/vita3k/emu/ux0/app/PCSH10098/Media/sharedassets0.assets.resS
[22:38:33.380] |I| [install_archive_content]: Extracting G:/cache/vita3k/emu/ux0/app/PCSH10098/Media/sharedassets1.assets.resS
[22:38:33.385] |I| [install_archive_content]: Extracting G:/cache/vita3k/emu/ux0/app/PCSH10098/Media/sharedassets10.assets.resS
[22:38:33.388] |I| [install_archive_content]: Extracting G:/cache/vita3k/emu/ux0/app/PCSH10098/Media/sharedassets12.assets.resS
[22:38:33.393] |I| [install_archive_content]: Extracting G:/cache/vita3k/emu/ux0/app/PCSH10098/Media/sharedassets15.assets.resS
[22:38:33.396] |I| [install_archive_content]: Extracting G:/cache/vita3k/emu/ux0/app/PCSH10098/Media/sharedassets2.assets.resS
[22:38:33.421] |I| [install_archive_content]: Extracting G:/cache/vita3k/emu/ux0/app/PCSH10098/Media/sharedassets21.assets.resS
[22:38:33.424] |I| [install_archive_content]: Extracting G:/cache/vita3k/emu/ux0/app/PCSH10098/Media/sharedassets22.assets.resS
[22:38:33.431] |I| [install_archive_content]: Extracting G:/cache/vita3k/emu/ux0/app/PCSH10098/Media/sharedassets26.assets.resS
[22:38:33.435] |I| [install_archive_content]: Extracting G:/cache/vita3k/emu/ux0/app/PCSH10098/Media/sharedassets3.assets.resS
[22:38:33.462] |I| [install_archive_content]: Extracting G:/cache/vita3k/emu/ux0/app/PCSH10098/Media/sharedassets3.resource
[22:38:33.500] |I| [install_archive_content]: Extracting G:/cache/vita3k/emu/ux0/app/PCSH10098/Media/sharedassets35.assets.resS
[22:38:33.503] |I| [install_archive_content]: Extracting G:/cache/vita3k/emu/ux0/app/PCSH10098/Media/sharedassets4.assets.resS
[22:38:33.540] |I| [install_archive_content]: Extracting G:/cache/vita3k/emu/ux0/app/PCSH10098/Media/sharedassets4.resource
[22:38:33.579] |I| [install_archive_content]: Extracting G:/cache/vita3k/emu/ux0/app/PCSH10098/Media/sharedassets44.assets.resS
[22:38:33.582] |I| [install_archive_content]: Extracting G:/cache/vita3k/emu/ux0/app/PCSH10098/Media/sharedassets5.assets.resS
[22:38:33.585] |I| [install_archive_content]: Extracting G:/cache/vita3k/emu/ux0/app/PCSH10098/Media/sharedassets55.assets.resS
[22:38:33.589] |I| [install_archive_content]: Extracting G:/cache/vita3k/emu/ux0/app/PCSH10098/Media/sharedassets6.assets.resS
[22:38:33.592] |I| [install_archive_content]: Extracting G:/cache/vita3k/emu/ux0/app/PCSH10098/Media/sharedassets64.assets.resS
[22:38:33.596] |I| [install_archive_content]: Extracting G:/cache/vita3k/emu/ux0/app/PCSH10098/Media/sharedassets7.assets.resS
[22:38:33.600] |I| [install_archive_content]: Extracting G:/cache/vita3k/emu/ux0/app/PCSH10098/Media/sharedassets8.assets.resS
[22:38:33.602] |I| [install_archive_content]: Extracting G:/cache/vita3k/emu/ux0/app/PCSH10098/Media/sharedassets9.assets.resS
[22:38:33.608] |I| [install_archive_content]: Extracting G:/cache/vita3k/emu/ux0/app/PCSH10098/Media/StreamingAssets/SaveIcon.png
[22:38:33.612] |I| [install_archive_content]: Extracting G:/cache/vita3k/emu/ux0/app/PCSH10098/Media/SymbolMap
[22:38:33.616] |I| [install_archive_content]: Extracting G:/cache/vita3k/emu/ux0/app/PCSH10098/sce_module/libc.suprx
[22:38:33.618] |I| [install_archive_content]: Extracting G:/cache/vita3k/emu/ux0/app/PCSH10098/sce_module/libface.suprx
[22:38:33.621] |I| [install_archive_content]: Extracting G:/cache/vita3k/emu/ux0/app/PCSH10098/sce_module/libfios2.suprx
[22:38:33.624] |I| [install_archive_content]: Extracting G:/cache/vita3k/emu/ux0/app/PCSH10098/sce_module/libsmart.suprx
[22:38:33.631] |I| [install_archive_content]: Extracting G:/cache/vita3k/emu/ux0/app/PCSH10098/sce_module/libult.suprx
[22:38:33.634] |I| [install_archive_content]: Extracting G:/cache/vita3k/emu/ux0/app/PCSH10098/sce_pfs/files.db
[22:38:33.637] |I| [install_archive_content]: Extracting G:/cache/vita3k/emu/ux0/app/PCSH10098/sce_pfs/unicv.db
[22:38:33.641] |I| [install_archive_content]: Extracting G:/cache/vita3k/emu/ux0/app/PCSH10098/sce_sys/about/right.suprx
[22:38:33.643] |I| [install_archive_content]: Extracting G:/cache/vita3k/emu/ux0/app/PCSH10098/sce_sys/clearsign
[22:38:33.646] |I| [install_archive_content]: Extracting G:/cache/vita3k/emu/ux0/app/PCSH10098/sce_sys/icon0.png
[22:38:33.648] |I| [install_archive_content]: Extracting G:/cache/vita3k/emu/ux0/app/PCSH10098/sce_sys/keystone
[22:38:33.650] |I| [install_archive_content]: Extracting G:/cache/vita3k/emu/ux0/app/PCSH10098/sce_sys/livearea/contents/bg0.png
[22:38:33.653] |I| [install_archive_content]: Extracting G:/cache/vita3k/emu/ux0/app/PCSH10098/sce_sys/livearea/contents/default_gate.png
[22:38:33.656] |I| [install_archive_content]: Extracting G:/cache/vita3k/emu/ux0/app/PCSH10098/sce_sys/livearea/contents/template.xml
[22:38:33.661] |I| [install_archive_content]: Extracting G:/cache/vita3k/emu/ux0/app/PCSH10098/sce_sys/manual/001.png
[22:38:33.664] |I| [install_archive_content]: Extracting G:/cache/vita3k/emu/ux0/app/PCSH10098/sce_sys/nptitle.dat
[22:38:33.666] |I| [install_archive_content]: Extracting G:/cache/vita3k/emu/ux0/app/PCSH10098/sce_sys/package/body.bin
[22:38:33.669] |I| [install_archive_content]: Extracting G:/cache/vita3k/emu/ux0/app/PCSH10098/sce_sys/package/head.bin
[22:38:33.670] |I| [install_archive_content]: Extracting G:/cache/vita3k/emu/ux0/app/PCSH10098/sce_sys/package/stat.bin
[22:38:33.672] |I| [install_archive_content]: Extracting G:/cache/vita3k/emu/ux0/app/PCSH10098/sce_sys/package/tail.bin
[22:38:33.674] |I| [install_archive_content]: Extracting G:/cache/vita3k/emu/ux0/app/PCSH10098/sce_sys/package/temp.bin
[22:38:33.676] |I| [install_archive_content]: Extracting G:/cache/vita3k/emu/ux0/app/PCSH10098/sce_sys/package/work.bin
[22:38:33.679] |I| [install_archive_content]: Extracting G:/cache/vita3k/emu/ux0/app/PCSH10098/sce_sys/param.sfo
[22:38:33.681] |I| [install_archive_content]: Extracting G:/cache/vita3k/emu/ux0/app/PCSH10098/sce_sys/pic0.png
[22:38:33.685] |I| [install_archive_content]: Extracting G:/cache/vita3k/emu/ux0/app/PCSH10098/sce_sys/trophy/NPWR14990_00/TROPHY.TRP
[22:38:33.689] |I| [is_nonpdrm]: Decrypt layer: G:\cache\vita3k\emu/ux0\app\PCSH10098
[22:38:37.250] |I| [copy_license]: Success copy license file to: G:\cache\vita3k\emu/ux0/license\PCSH10098\HP2005-PCSH10098_00-MIDNIGHTDELUXE00.rif
[22:38:37.579] |I| [decrypt_install_nonpdrm]: Decrypted G:\cache\vita3k\emu/ux0\app\PCSH10098\eboot.bin with klicensee accb52056ca4442dc0c4b7d94cb8c718
[22:38:37.670] |I| [decrypt_install_nonpdrm]: Decrypted G:\cache\vita3k\emu/ux0\app\PCSH10098\Media\Modules\il2CppAssemblies.suprx with klicensee accb52056ca4442dc0c4b7d94cb8c718
[22:38:37.678] |I| [decrypt_install_nonpdrm]: Decrypted G:\cache\vita3k\emu/ux0\app\PCSH10098\Media\Modules\pthread.suprx with klicensee accb52056ca4442dc0c4b7d94cb8c718
[22:38:37.685] |I| [decrypt_install_nonpdrm]: Decrypted G:\cache\vita3k\emu/ux0\app\PCSH10098\Media\Plugins\SavedGames.suprx with klicensee accb52056ca4442dc0c4b7d94cb8c718
[22:38:37.692] |I| [decrypt_install_nonpdrm]: Decrypted G:\cache\vita3k\emu/ux0\app\PCSH10098\Media\Plugins\SavedGames.suprx.b.suprx with klicensee accb52056ca4442dc0c4b7d94cb8c718
[22:38:37.704] |I| [decrypt_install_nonpdrm]: Decrypted G:\cache\vita3k\emu/ux0\app\PCSH10098\Media\Plugins\UnityNpToolkit.suprx with klicensee accb52056ca4442dc0c4b7d94cb8c718
[22:38:37.712] |I| [decrypt_install_nonpdrm]: Decrypted G:\cache\vita3k\emu/ux0\app\PCSH10098\Media\Plugins\UnityNpToolkit.suprx.b.suprx with klicensee accb52056ca4442dc0c4b7d94cb8c718
[22:38:37.722] |I| [decrypt_install_nonpdrm]: Decrypted G:\cache\vita3k\emu/ux0\app\PCSH10098\sce_module\libc.suprx with klicensee accb52056ca4442dc0c4b7d94cb8c718
[22:38:37.734] |I| [decrypt_install_nonpdrm]: Decrypted G:\cache\vita3k\emu/ux0\app\PCSH10098\sce_module\libface.suprx with klicensee accb52056ca4442dc0c4b7d94cb8c718
[22:38:37.744] |I| [decrypt_install_nonpdrm]: Decrypted G:\cache\vita3k\emu/ux0\app\PCSH10098\sce_module\libfios2.suprx with klicensee accb52056ca4442dc0c4b7d94cb8c718
[22:38:37.781] |I| [decrypt_install_nonpdrm]: Decrypted G:\cache\vita3k\emu/ux0\app\PCSH10098\sce_module\libsmart.suprx with klicensee accb52056ca4442dc0c4b7d94cb8c718
[22:38:37.789] |I| [decrypt_install_nonpdrm]: Decrypted G:\cache\vita3k\emu/ux0\app\PCSH10098\sce_module\libult.suprx with klicensee accb52056ca4442dc0c4b7d94cb8c718
[22:38:37.801] |I| [decrypt_install_nonpdrm]: Decrypted G:\cache\vita3k\emu/ux0\app\PCSH10098\sce_sys\about\right.suprx with klicensee accb52056ca4442dc0c4b7d94cb8c718
[22:38:37.803] |I| [install_archive_content]: Midnight Deluxe (App) [PCSH10098] installed succesfully!
[22:38:42.526] |I| [load_app_impl]: cpu-backend: Dynarmic
[22:38:42.527] |I| [load_app_impl]: CPU Optimisation state: true
[22:38:42.533] |I| [load_app_impl]: at9 audio decoder state: true
[22:38:42.533] |I| [load_app_impl]: ngs experimental state: true
[22:38:42.541] |I| [load_app_impl]: 1 Controllers Connected
[22:38:42.541] |I| [load_app_impl]: Controller 0: Xbox 360 Controller
[22:38:42.542] |I| [load_app_impl]: modules mode: Automatic
[22:38:42.543] |I| [load_app_impl]: Title: Midnight Deluxe
[22:38:42.544] |I| [load_app_impl]: Serial: PCSH10098
[22:38:42.544] |I| [load_app_impl]: Version: 1.00
[22:38:42.544] |I| [load_app_impl]: Category: gd
[22:38:42.556] |C| [load_self]: Unknown segment type 0x6FFFFF01
[22:38:42.556] |I| [load_self]: Loaded module segment 0 @ [0x00007000 - 0x0005891C / 0x81000000] (size: 0x0005191C) of module app0:sce_module/libc.suprx
[22:38:42.558] |I| [load_self]: Loaded module segment 1 @ [0x00059000 - 0x0005B8A0 / 0x81052000] (size: 0x000028A0) of module app0:sce_module/libc.suprx
[22:38:42.559] |I| [load_self]: Loading symbols for SELF: app0:sce_module/libc.suprx
[22:38:42.560] |D| [load_var_exports]: 	NID 0x936C8A78 (SYSLYB) at 0x4E38C
[22:38:42.561] |D| [load_var_exports]: 	NID 0x6C2224BA (NID_MODULE_INFO) at 0x43550
[22:38:42.561] |W| [load_var_imports]: 	NID NOT FOUND 0x93B8AA67 (UNRECOGNISED) at 0x476B0, setting to stub value 0xDEADBEEF
[22:38:42.563] |W| [load_var_imports]: 	NID NOT FOUND 0xDF084DFA (UNRECOGNISED) at 0x49244, setting to stub value 0xDEADBEEF
[22:38:42.564] |I| [pre_load_module]: Pre-load module SceLibc (at "sce_module/libc.suprx") loaded
[22:38:42.571] |C| [load_self]: Unknown segment type 0x6FFFFF01
[22:38:42.572] |I| [load_self]: Loaded module segment 0 @ [0x0005E000 - 0x0008ACBF / 0x81000000] (size: 0x0002CCBF) of module app0:sce_module/libfios2.suprx
[22:38:42.573] |I| [load_self]: Loaded module segment 1 @ [0x0008B000 - 0x00090255 / 0x8102D000] (size: 0x00005255) of module app0:sce_module/libfios2.suprx
[22:38:42.577] |I| [load_self]: Loading symbols for SELF: app0:sce_module/libfios2.suprx
[22:38:42.577] |D| [load_var_exports]: 	NID 0x936C8A78 (SYSLYB) at 0x8ABC8
[22:38:42.579] |D| [load_var_exports]: 	NID 0x6C2224BA (NID_MODULE_INFO) at 0x81F08
[22:38:42.580] |I| [pre_load_module]: Pre-load module SceLibFios2 (at "sce_module/libfios2.suprx") loaded
[22:38:42.584] |C| [load_self]: Unknown segment type 0x6FFFFF01
[22:38:42.584] |I| [load_self]: Loaded module segment 0 @ [0x00091000 - 0x000A49BC / 0x81000000] (size: 0x000139BC) of module app0:sce_module/libult.suprx
[22:38:42.586] |I| [load_self]: Loaded module segment 1 @ [0x000A5000 - 0x000A5814 / 0x81014000] (size: 0x00000814) of module app0:sce_module/libult.suprx
[22:38:42.587] |I| [load_self]: Loading symbols for SELF: app0:sce_module/libult.suprx
[22:38:42.588] |D| [load_var_exports]: 	NID 0x936C8A78 (SYSLYB) at 0xA32E8
[22:38:42.588] |D| [load_var_exports]: 	NID 0x6C2224BA (NID_MODULE_INFO) at 0xA0870
[22:38:42.590] |I| [pre_load_module]: Pre-load module SceUlt (at "sce_module/libult.suprx") loaded
[22:38:42.599] |I| [load_self]: Loaded module segment 0 @ [0x000A6000 - 0x000F6F04 / 0x81000000] (size: 0x00050F04) of module vs0:sys/external/libSceFt2.suprx
[22:38:42.599] |I| [load_self]: Loaded module segment 1 @ [0x000F7000 - 0x000F72F4 / 0x81051000] (size: 0x000002F4) of module vs0:sys/external/libSceFt2.suprx
[22:38:42.599] |I| [load_self]: Loading symbols for SELF: vs0:sys/external/libSceFt2.suprx
[22:38:42.599] |D| [load_var_exports]: 	NID 0x936C8A78 (SYSLYB) at 0xE27DC
[22:38:42.600] |D| [load_var_exports]: 	NID 0x6C2224BA (NID_MODULE_INFO) at 0xE1F10
[22:38:42.601] |I| [pre_load_module]: Pre-load module SceLibft2 (at "sys/external/libSceFt2.suprx") loaded
[22:38:42.606] |I| [load_self]: Loaded module segment 0 @ [0x000F8000 - 0x00107F14 / 0x81000000] (size: 0x0000FF14) of module vs0:sys/external/libpvf.suprx
[22:38:42.608] |I| [load_self]: Loaded module segment 1 @ [0x00108000 - 0x00108008 / 0x81010000] (size: 0x00000008) of module vs0:sys/external/libpvf.suprx
[22:38:42.608] |I| [load_self]: Loading symbols for SELF: vs0:sys/external/libpvf.suprx
[22:38:42.609] |D| [load_var_exports]: 	NID 0x936C8A78 (SYSLYB) at 0x106710
[22:38:42.610] |D| [load_var_exports]: 	NID 0x6C2224BA (NID_MODULE_INFO) at 0x106300
[22:38:42.610] |I| [pre_load_module]: Pre-load module SceLibPvf (at "sys/external/libpvf.suprx") loaded
[22:38:43.157] |C| [load_self]: Unknown segment type 0x6FFFFF01
[22:38:43.157] |I| [load_self]: Loaded module segment 0 @ [0x00109000 - 0x0138E004 / 0x81000000] (size: 0x01285004) of module app0:eboot.bin
[22:38:43.159] |I| [load_self]: Loaded module segment 1 @ [0x0138F000 - 0x014E8C18 / 0x82286000] (size: 0x00159C18) of module app0:eboot.bin
[22:38:43.160] |I| [load_self]: Loading symbols for SELF: app0:eboot.bin
[22:38:43.160] |D| [load_var_exports]: 	NID 0x6C2224BA (NID_MODULE_INFO) at 0x114736C
[22:38:43.162] |D| [load_var_exports]: 	NID 0x70FBA1E7 (SCE_PROC_PARAMS) at 0x13A4EC8
[22:38:43.163] |D| [load_var_exports]: 	NID 0x936C8A78 (SYSLYB) at 0x12E3E14
[22:38:43.164] |W| [load_var_imports]: 	NID NOT FOUND 0x338B0BD1 (UNRECOGNISED) at 0x11A64FC, setting to stub value 0xDEADBEEF
[22:38:43.166] |W| [load_var_imports]: 	NID NOT FOUND 0x3A451B91 (UNRECOGNISED) at 0x11A64E8, setting to stub value 0xDEADBEEF
[22:38:43.167] |W| [load_var_imports]: 	NID NOT FOUND 0x550DFE23 (UNRECOGNISED) at 0x11A6510, setting to stub value 0xDEADBEEF
[22:38:43.169] |W| [load_var_imports]: 	NID NOT FOUND 0x56354517 (UNRECOGNISED) at 0x11A64B0, setting to stub value 0xDEADBEEF
[22:38:43.170] |W| [load_var_imports]: 	NID NOT FOUND 0x5EF67445 (UNRECOGNISED) at 0x11A6574, setting to stub value 0xDEADBEEF
[22:38:43.171] |W| [load_var_imports]: 	NID NOT FOUND 0x6ACA1D57 (UNRECOGNISED) at 0x11A6538, setting to stub value 0xDEADBEEF
[22:38:43.172] |W| [load_var_imports]: 	NID NOT FOUND 0x71A78083 (UNRECOGNISED) at 0x11A64D4, setting to stub value 0xDEADBEEF
[22:38:43.173] |W| [load_var_imports]: 	NID NOT FOUND 0x79F9DB75 (UNRECOGNISED) at 0x11A6524, setting to stub value 0xDEADBEEF
[22:38:43.174] |W| [load_var_imports]: 	NID NOT FOUND 0xAA0340C3 (UNRECOGNISED) at 0x11A654C, setting to stub value 0xDEADBEEF
[22:38:43.176] |W| [load_var_imports]: 	NID NOT FOUND 0xF9A1DE92 (UNRECOGNISED) at 0x11A6560, setting to stub value 0xDEADBEEF
[22:38:43.180] |I| [load_app_impl]: Main executable UnityPlayer_563_Release (eboot.bin) loaded
[22:38:43.199] |D| [run_app]: Running module_start of library: SceLibc at address 0x7871
[22:38:43.218] |T| [open_file]: sceKernelGetStdin: Opening terminal tty0:
[22:38:43.219] |T| [open_file]: sceKernelGetStdout: Opening terminal tty0:
[22:38:43.220] |T| [open_file]: sceKernelGetStderr: Opening terminal tty0:
[22:38:43.229] |I| [run_app]: Module SceLibc (at "app0:sce_module/libc.suprx") module_start returned 0x0
[22:38:43.234] |D| [run_app]: Running module_start of library: SceLibFios2 at address 0x5E001
[22:38:43.250] |W| [stubbed_impl]: Stubbed sceKernelGetProcessId import called. (pid: 0)
[22:38:43.251] |W| [unimplemented_impl]: Unimplemented sceFiosOverlayGetList02 import called.
[22:38:43.252] |I| [run_app]: Module SceLibFios2 (at "app0:sce_module/libfios2.suprx") module_start returned 0x0
[22:38:43.258] |D| [run_app]: Running module_start of library: SceUlt at address 0x94771
[22:38:43.271] |W| [unimplemented_impl]: Unimplemented _sceUlobjMgrRegisterLibultProtocolRevision import called.
[22:38:43.273] |I| [run_app]: Module SceUlt (at "app0:sce_module/libult.suprx") module_start returned 0x0
[22:38:43.285] |W| [unimplemented_impl]: Unimplemented sceKernelRegisterThreadEventHandler import called.
[22:38:43.823] |W| [stubbed_impl]: Stubbed sceKernelGetFreeMemorySize import called. (Single pool)
[22:38:43.825] |W| [unimplemented_impl]: Unimplemented sceAppUtilInit import called.
[22:38:43.827] |T| [open_file]: _sceKernelLoadStartModule: Opening file app0:/Media/Modules/pthread.suprx (ux0:/app/PCSH10098/Media/Modules/pthread.suprx), fd: 0x3
[22:38:43.828] |T| [seek_file]: _sceKernelLoadStartModule: Seeking fd: 0x3, offset: 0x0, whence: SCE_SEEK_END
[22:38:43.829] |T| [seek_file]: _sceKernelLoadStartModule: Seeking fd: 0x3, offset: 0x0, whence: SCE_SEEK_SET
[22:38:43.830] |T| [read_file]: _sceKernelLoadStartModule: Reading 43872 bytes of fd 0x3
[22:38:43.832] |C| [load_self]: Unknown segment type 0x6FFFFF01
[22:38:43.832] |I| [load_self]: Loaded module segment 0 @ [0x01936000 - 0x0193CC9C / 0x81000000] (size: 0x00006C9C) of module app0:/Media/Modules/pthread.suprx
[22:38:43.833] |I| [load_self]: Loaded module segment 1 @ [0x0193D000 - 0x0193F178 / 0x81007000] (size: 0x00002178) of module app0:/Media/Modules/pthread.suprx
[22:38:43.834] |I| [load_self]: Loading symbols for SELF: app0:/Media/Modules/pthread.suprx
[22:38:43.835] |D| [load_var_exports]: 	NID 0x6C2224BA (NID_MODULE_INFO) at 0x193B7E4
[22:38:43.837] |D| [load_var_exports]: 	NID 0x936C8A78 (SYSLYB) at 0x193CC98
[22:38:43.837] |T| [close_file]: _sceKernelLoadStartModule: Closing file fd: 0x3
[22:38:43.851] |I| [start_module]: Module PTHREAD_PRX (at "app0:/Media/Modules/pthread.suprx") module_start returned 0x0
[22:38:43.858] |T| [log_import_call]: [LLE] TID: 8   FUNC: 0xDE0CECE6 UNRECOGNISED at 0x1146450
[22:38:43.862] |T| [log_import_call]: [LLE] TID: 8   FUNC: 0xD5FD9FFA UNRECOGNISED at 0x1146440
[22:38:43.865] |I| [load_module]: Loading module ID: 0x55
[22:38:43.871] |C| [load_self]: Unknown segment type 0x6FFFFF01
[22:38:43.871] |I| [load_self]: Loaded module segment 0 @ [0x01940000 - 0x01946230 / 0x81000000] (size: 0x00006230) of module sys/external/libSceJson.suprx
[22:38:43.872] |I| [load_self]: Loaded module segment 1 @ [0x01947000 - 0x01947049 / 0x81007000] (size: 0x00000049) of module sys/external/libSceJson.suprx
[22:38:43.872] |I| [load_self]: Loading symbols for SELF: sys/external/libSceJson.suprx
[22:38:43.873] |D| [load_var_exports]: 	NID 0x936C8A78 (SYSLYB) at 0x19460A8
[22:38:43.873] |D| [load_var_exports]: 	NID 0x6C2224BA (NID_MODULE_INFO) at 0x1945020
[22:38:43.875] |I| [load_module]: Module SceLibJson (at "sys/external/libSceJson.suprx") loaded
[22:38:43.879] |T| [log_import_call]: [LLE] TID: 8   FUNC: 0x748AF35F UNRECOGNISED at 0x11463C0
[22:38:43.880] |T| [log_import_call]: [LLE] TID: 8   FUNC: 0x854D84DE UNRECOGNISED at 0x11463E0
[22:38:43.881] |T| [log_import_call]: [LLE] TID: 8   FUNC: 0xCDC48B99 UNRECOGNISED at 0x1146420
[22:38:43.882] |T| [log_import_call]: [LLE] TID: 8   FUNC: 0xF67A82D8 UNRECOGNISED at 0x1146470
[22:38:43.883] |T| [log_import_call]: [LLE] TID: 8   FUNC: 0xD4619B10 UNRECOGNISED at 0x1146430
[22:38:43.885] |W| [stubbed_impl]: Stubbed _sceKernelGetThreadInfo import called. (STUB)
[22:38:43.902] |T| [log_import_call]: [LLE] TID: 8   FUNC: 0x10BF31A0 UNRECOGNISED at 0x1146380
[22:38:43.902] |T| [log_import_call]: [LLE] TID: 74  FUNC: 0xA3EAF86D UNRECOGNISED at 0x1146400
[22:38:43.905] |T| [log_import_call]: [LLE] TID: 8   FUNC: 0x76FAB6F8 UNRECOGNISED at 0x11463D0
[22:38:43.906] |T| [log_import_call]: [LLE] TID: 8   FUNC: 0x213104F9 UNRECOGNISED at 0x1146390
[22:38:43.909] |T| [log_import_call]: [LLE] TID: 8   FUNC: 0xB970EDE3 UNRECOGNISED at 0x1146410
[22:38:43.912] |W| [stubbed_impl]: Stubbed _sceKernelWaitThreadEndCB import called. (No CB)
[22:38:44.020] |T| [log_import_call]: [LLE] TID: 74  FUNC: 0x98F7E3DC UNRECOGNISED at 0x11463F0
[22:38:44.023] |T| [open_file]: _sceKernelLoadStartModule: Opening file app0:/Media/Modules/Il2CppAssemblies.suprx (ux0:/app/PCSH10098/Media/Modules/Il2CppAssemblies.suprx), fd: 0x4
[22:38:44.023] |T| [seek_file]: _sceKernelLoadStartModule: Seeking fd: 0x4, offset: 0x0, whence: SCE_SEEK_END
[22:38:44.024] |T| [seek_file]: _sceKernelLoadStartModule: Seeking fd: 0x4, offset: 0x0, whence: SCE_SEEK_SET
[22:38:44.029] |T| [read_file]: _sceKernelLoadStartModule: Reading 10486196 bytes of fd 0x4
[22:38:44.038] |C| [load_self]: Unknown segment type 0x6FFFFF01
[22:38:44.039] |I| [load_self]: Loaded module segment 0 @ [0x0214E000 - 0x02917140 / 0x81000000] (size: 0x007C9140) of module app0:/Media/Modules/Il2CppAssemblies.suprx
[22:38:44.040] |I| [load_self]: Loaded module segment 1 @ [0x02918000 - 0x029A1388 / 0x817CA000] (size: 0x00089388) of module app0:/Media/Modules/Il2CppAssemblies.suprx
[22:38:44.040] |I| [load_self]: Loading symbols for SELF: app0:/Media/Modules/Il2CppAssemblies.suprx
[22:38:44.041] |D| [load_var_exports]: 	NID 0x6C2224BA (NID_MODULE_INFO) at 0x27A9A6C
[22:38:44.042] |D| [load_var_exports]: 	NID 0x936C8A78 (SYSLYB) at 0x28C6090
[22:38:44.043] |T| [close_file]: _sceKernelLoadStartModule: Closing file fd: 0x4
[22:38:44.215] |I| [start_module]: Module Il2CppAssemblies (at "app0:/Media/Modules/Il2CppAssemblies.suprx") module_start returned 0x0
[22:38:44.227] |T| [log_import_call]: [LLE] TID: 74  FUNC: 0x2016A56B UNRECOGNISED at 0x1146340
[22:38:44.233] |T| [log_import_call]: [LLE] TID: 74  FUNC: 0x46F3ED2C UNRECOGNISED at 0x1146350
[22:38:44.234] |E| [call_import]: Import function for NID 0xE340C26F not found (thread name: 0155DDD0 Unity_main_thread, thread ID: 74)
[22:38:44.241] |E| [call_import]: Import function for NID 0xE340C193 not found (thread name: 0155DDD0 Unity_main_thread, thread ID: 74)
[22:38:44.242] |T| [log_import_call]: [LLE] TID: 74  FUNC: 0xF2FAAAB6 UNRECOGNISED at 0x1146370
[22:38:44.266] |W| [unimplemented_impl]: Unimplemented sceKernelChangeThreadVfpException import called.
[22:38:44.267] |W| [unimplemented_impl]: Unimplemented sceFiosOverlayThreadSetDisabled02 import called.
[22:38:44.346] |W| [unimplemented_impl]: Unimplemented sceFiosOverlayGetRecommendedScheduler02 import called.
[22:38:44.353] |I| [export_sceIoOpen]: Opening file: app0:/archive.psarc
[22:38:44.353] |T| [open_file]: sceIoOpen: Opening file app0:/archive.psarc (ux0:/app/PCSH10098/archive.psarc), fd: 0x5
[22:38:44.354] |T| [stat_file]: _sceIoGetstat: Statting file: app0:/archive.psarc (ux0:/app/PCSH10098/archive.psarc)
[22:38:44.359] |T| [seek_file]: sceIoPread: Seeking fd: 0x5, offset: 0x0, whence: SCE_SEEK_SET
[22:38:44.360] |T| [read_file]: sceIoPread: Reading 48 bytes of fd 0x5
[22:38:44.361] |T| [seek_file]: sceIoPread: Seeking fd: 0x5, offset: 0x0, whence: SCE_SEEK_SET
[22:38:44.374] |T| [seek_file]: sceIoPread: Seeking fd: 0x5, offset: 0x20, whence: SCE_SEEK_SET
[22:38:44.375] |T| [read_file]: sceIoPread: Reading 30 bytes of fd 0x5
[22:38:44.376] |T| [seek_file]: sceIoPread: Seeking fd: 0x5, offset: 0x0, whence: SCE_SEEK_SET
[22:38:44.379] |T| [close_file]: sceIoClose: Closing file fd: 0x5
[22:38:44.387] |I| [export_sceIoOpen]: Opening file: app0:/archive.psarc
[22:38:44.388] |T| [open_file]: sceIoOpen: Opening file app0:/archive.psarc (ux0:/app/PCSH10098/archive.psarc), fd: 0x6
[22:38:44.389] |T| [stat_file]: _sceIoGetstat: Statting file: app0:/archive.psarc (ux0:/app/PCSH10098/archive.psarc)
[22:38:44.391] |T| [stat_file]: sceIoGetstatByFd: Statting fd: 0x6
[22:38:44.392] |T| [seek_file]: sceIoPread: Seeking fd: 0x6, offset: 0x0, whence: SCE_SEEK_SET
[22:38:44.392] |T| [read_file]: sceIoPread: Reading 48 bytes of fd 0x6
[22:38:44.393] |T| [seek_file]: sceIoPread: Seeking fd: 0x6, offset: 0x0, whence: SCE_SEEK_SET
[22:38:44.394] |T| [seek_file]: sceIoPread: Seeking fd: 0x6, offset: 0x20, whence: SCE_SEEK_SET
[22:38:44.395] |T| [read_file]: sceIoPread: Reading 8640 bytes of fd 0x6
[22:38:44.395] |T| [seek_file]: sceIoPread: Seeking fd: 0x6, offset: 0x0, whence: SCE_SEEK_SET
[22:38:44.416] |T| [seek_file]: sceIoPread: Seeking fd: 0x6, offset: 0x2000, whence: SCE_SEEK_SET
[22:38:44.417] |T| [read_file]: sceIoPread: Reading 1024 bytes of fd 0x6
[22:38:44.418] |T| [seek_file]: sceIoPread: Seeking fd: 0x6, offset: 0x0, whence: SCE_SEEK_SET
[22:38:44.432] |I| [export_sceIoOpen]: Opening file: app0:/archive_patch.psarc
[22:38:44.432] |E| [open_file]: Missing file at G:/cache/vita3k/emu/ux0/app/PCSH10098/archive_patch.psarc (target path: app0:/archive_patch.psarc)
[22:38:44.434] |W| [io_error_impl]: open_file (sceIoOpen) returned 0x80010002
[22:38:44.442] |T| [open_dir]: _sceIoDopen: Opening dir app0:/Media (ux0:/app/PCSH10098/Media), fd: 0x7
[22:38:44.449] |T| [read_dir]: _sceIoDread: Reading entry app0:/Media/globalgamemanagers of fd: 0x7
[22:38:44.449] |T| [stat_file]: _sceIoDread: Statting file: app0:/Media/globalgamemanagers (ux0:/app/PCSH10098/Media/globalgamemanagers)
[22:38:44.455] |T| [read_dir]: _sceIoDread: Reading entry app0:/Media/globalgamemanagers.assets of fd: 0x7
[22:38:44.455] |T| [stat_file]: _sceIoDread: Statting file: app0:/Media/globalgamemanagers.assets (ux0:/app/PCSH10098/Media/globalgamemanagers.assets)
[22:38:44.457] |T| [read_dir]: _sceIoDread: Reading entry app0:/Media/Metadata of fd: 0x7
[22:38:44.458] |T| [stat_file]: _sceIoDread: Statting file: app0:/Media/Metadata (ux0:/app/PCSH10098/Media/Metadata)
[22:38:44.460] |T| [read_dir]: _sceIoDread: Reading entry app0:/Media/methods_pointedto_by_uievents.xml of fd: 0x7
[22:38:44.461] |T| [stat_file]: _sceIoDread: Statting file: app0:/Media/methods_pointedto_by_uievents.xml (ux0:/app/PCSH10098/Media/methods_pointedto_by_uievents.xml)
[22:38:44.463] |T| [read_dir]: _sceIoDread: Reading entry app0:/Media/Modules of fd: 0x7
[22:38:44.463] |T| [stat_file]: _sceIoDread: Statting file: app0:/Media/Modules (ux0:/app/PCSH10098/Media/Modules)
[22:38:44.465] |T| [read_dir]: _sceIoDread: Reading entry app0:/Media/platform_native_link.xml of fd: 0x7
[22:38:44.466] |T| [stat_file]: _sceIoDread: Statting file: app0:/Media/platform_native_link.xml (ux0:/app/PCSH10098/Media/platform_native_link.xml)
[22:38:44.468] |T| [read_dir]: _sceIoDread: Reading entry app0:/Media/Plugins of fd: 0x7
[22:38:44.469] |T| [stat_file]: _sceIoDread: Statting file: app0:/Media/Plugins (ux0:/app/PCSH10098/Media/Plugins)
[22:38:44.471] |T| [read_dir]: _sceIoDread: Reading entry app0:/Media/preserved_derived_types.xml of fd: 0x7
[22:38:44.472] |T| [stat_file]: _sceIoDread: Statting file: app0:/Media/preserved_derived_types.xml (ux0:/app/PCSH10098/Media/preserved_derived_types.xml)
[22:38:44.473] |T| [read_dir]: _sceIoDread: Reading entry app0:/Media/sharedassets0.assets.resS of fd: 0x7
[22:38:44.474] |T| [stat_file]: _sceIoDread: Statting file: app0:/Media/sharedassets0.assets.resS (ux0:/app/PCSH10098/Media/sharedassets0.assets.resS)
[22:38:44.475] |T| [read_dir]: _sceIoDread: Reading entry app0:/Media/sharedassets1.assets.resS of fd: 0x7
[22:38:44.478] |T| [stat_file]: _sceIoDread: Statting file: app0:/Media/sharedassets1.assets.resS (ux0:/app/PCSH10098/Media/sharedassets1.assets.resS)
[22:38:44.479] |T| [read_dir]: _sceIoDread: Reading entry app0:/Media/sharedassets10.assets.resS of fd: 0x7
[22:38:44.480] |T| [stat_file]: _sceIoDread: Statting file: app0:/Media/sharedassets10.assets.resS (ux0:/app/PCSH10098/Media/sharedassets10.assets.resS)
[22:38:44.481] |T| [read_dir]: _sceIoDread: Reading entry app0:/Media/sharedassets12.assets.resS of fd: 0x7
[22:38:44.482] |T| [stat_file]: _sceIoDread: Statting file: app0:/Media/sharedassets12.assets.resS (ux0:/app/PCSH10098/Media/sharedassets12.assets.resS)
[22:38:44.483] |T| [read_dir]: _sceIoDread: Reading entry app0:/Media/sharedassets15.assets.resS of fd: 0x7
[22:38:44.484] |T| [stat_file]: _sceIoDread: Statting file: app0:/Media/sharedassets15.assets.resS (ux0:/app/PCSH10098/Media/sharedassets15.assets.resS)
[22:38:44.487] |T| [read_dir]: _sceIoDread: Reading entry app0:/Media/sharedassets2.assets.resS of fd: 0x7
[22:38:44.487] |T| [stat_file]: _sceIoDread: Statting file: app0:/Media/sharedassets2.assets.resS (ux0:/app/PCSH10098/Media/sharedassets2.assets.resS)
[22:38:44.489] |T| [read_dir]: _sceIoDread: Reading entry app0:/Media/sharedassets21.assets.resS of fd: 0x7
[22:38:44.489] |T| [stat_file]: _sceIoDread: Statting file: app0:/Media/sharedassets21.assets.resS (ux0:/app/PCSH10098/Media/sharedassets21.assets.resS)
[22:38:44.491] |T| [read_dir]: _sceIoDread: Reading entry app0:/Media/sharedassets22.assets.resS of fd: 0x7
[22:38:44.493] |T| [stat_file]: _sceIoDread: Statting file: app0:/Media/sharedassets22.assets.resS (ux0:/app/PCSH10098/Media/sharedassets22.assets.resS)
[22:38:44.495] |T| [read_dir]: _sceIoDread: Reading entry app0:/Media/sharedassets26.assets.resS of fd: 0x7
[22:38:44.496] |T| [stat_file]: _sceIoDread: Statting file: app0:/Media/sharedassets26.assets.resS (ux0:/app/PCSH10098/Media/sharedassets26.assets.resS)
[22:38:44.497] |T| [read_dir]: _sceIoDread: Reading entry app0:/Media/sharedassets3.assets.resS of fd: 0x7
[22:38:44.498] |T| [stat_file]: _sceIoDread: Statting file: app0:/Media/sharedassets3.assets.resS (ux0:/app/PCSH10098/Media/sharedassets3.assets.resS)
[22:38:44.499] |T| [read_dir]: _sceIoDread: Reading entry app0:/Media/sharedassets3.resource of fd: 0x7
[22:38:44.500] |T| [stat_file]: _sceIoDread: Statting file: app0:/Media/sharedassets3.resource (ux0:/app/PCSH10098/Media/sharedassets3.resource)
[22:38:44.501] |T| [read_dir]: _sceIoDread: Reading entry app0:/Media/sharedassets35.assets.resS of fd: 0x7
[22:38:44.502] |T| [stat_file]: _sceIoDread: Statting file: app0:/Media/sharedassets35.assets.resS (ux0:/app/PCSH10098/Media/sharedassets35.assets.resS)
[22:38:44.504] |T| [read_dir]: _sceIoDread: Reading entry app0:/Media/sharedassets4.assets.resS of fd: 0x7
[22:38:44.505] |T| [stat_file]: _sceIoDread: Statting file: app0:/Media/sharedassets4.assets.resS (ux0:/app/PCSH10098/Media/sharedassets4.assets.resS)
[22:38:44.506] |T| [read_dir]: _sceIoDread: Reading entry app0:/Media/sharedassets4.resource of fd: 0x7
[22:38:44.508] |T| [stat_file]: _sceIoDread: Statting file: app0:/Media/sharedassets4.resource (ux0:/app/PCSH10098/Media/sharedassets4.resource)
[22:38:44.510] |T| [read_dir]: _sceIoDread: Reading entry app0:/Media/sharedassets44.assets.resS of fd: 0x7
[22:38:44.510] |T| [stat_file]: _sceIoDread: Statting file: app0:/Media/sharedassets44.assets.resS (ux0:/app/PCSH10098/Media/sharedassets44.assets.resS)
[22:38:44.511] |T| [read_dir]: _sceIoDread: Reading entry app0:/Media/sharedassets5.assets.resS of fd: 0x7
[22:38:44.512] |T| [stat_file]: _sceIoDread: Statting file: app0:/Media/sharedassets5.assets.resS (ux0:/app/PCSH10098/Media/sharedassets5.assets.resS)
[22:38:44.513] |T| [read_dir]: _sceIoDread: Reading entry app0:/Media/sharedassets55.assets.resS of fd: 0x7
[22:38:44.514] |T| [stat_file]: _sceIoDread: Statting file: app0:/Media/sharedassets55.assets.resS (ux0:/app/PCSH10098/Media/sharedassets55.assets.resS)
[22:38:44.515] |T| [read_dir]: _sceIoDread: Reading entry app0:/Media/sharedassets6.assets.resS of fd: 0x7
[22:38:44.516] |T| [stat_file]: _sceIoDread: Statting file: app0:/Media/sharedassets6.assets.resS (ux0:/app/PCSH10098/Media/sharedassets6.assets.resS)
[22:38:44.518] |T| [read_dir]: _sceIoDread: Reading entry app0:/Media/sharedassets64.assets.resS of fd: 0x7
[22:38:44.520] |T| [stat_file]: _sceIoDread: Statting file: app0:/Media/sharedassets64.assets.resS (ux0:/app/PCSH10098/Media/sharedassets64.assets.resS)
[22:38:44.521] |T| [read_dir]: _sceIoDread: Reading entry app0:/Media/sharedassets7.assets.resS of fd: 0x7
[22:38:44.522] |T| [stat_file]: _sceIoDread: Statting file: app0:/Media/sharedassets7.assets.resS (ux0:/app/PCSH10098/Media/sharedassets7.assets.resS)
[22:38:44.523] |T| [read_dir]: _sceIoDread: Reading entry app0:/Media/sharedassets8.assets.resS of fd: 0x7
[22:38:44.526] |T| [stat_file]: _sceIoDread: Statting file: app0:/Media/sharedassets8.assets.resS (ux0:/app/PCSH10098/Media/sharedassets8.assets.resS)
[22:38:44.529] |T| [read_dir]: _sceIoDread: Reading entry app0:/Media/sharedassets9.assets.resS of fd: 0x7
[22:38:44.529] |T| [stat_file]: _sceIoDread: Statting file: app0:/Media/sharedassets9.assets.resS (ux0:/app/PCSH10098/Media/sharedassets9.assets.resS)
[22:38:44.531] |T| [read_dir]: _sceIoDread: Reading entry app0:/Media/StreamingAssets of fd: 0x7
[22:38:44.531] |T| [stat_file]: _sceIoDread: Statting file: app0:/Media/StreamingAssets (ux0:/app/PCSH10098/Media/StreamingAssets)
[22:38:44.533] |T| [read_dir]: _sceIoDread: Reading entry app0:/Media/SymbolMap of fd: 0x7
[22:38:44.533] |T| [stat_file]: _sceIoDread: Statting file: app0:/Media/SymbolMap (ux0:/app/PCSH10098/Media/SymbolMap)
[22:38:44.537] |T| [close_dir]: sceIoDclose: Closing dir fd: 0x7
[22:38:44.540] |T| [open_dir]: _sceIoDopen: Opening dir app0:/Media/Metadata (ux0:/app/PCSH10098/Media/Metadata), fd: 0x8
[22:38:44.541] |T| [read_dir]: _sceIoDread: Reading entry app0:/Media/Metadata/global-metadata.dat of fd: 0x8
[22:38:44.542] |T| [stat_file]: _sceIoDread: Statting file: app0:/Media/Metadata/global-metadata.dat (ux0:/app/PCSH10098/Media/Metadata/global-metadata.dat)
[22:38:44.543] |T| [close_dir]: sceIoDclose: Closing dir fd: 0x8
[22:38:44.545] |T| [open_dir]: _sceIoDopen: Opening dir app0:/Media/Modules (ux0:/app/PCSH10098/Media/Modules), fd: 0x9
[22:38:44.546] |T| [read_dir]: _sceIoDread: Reading entry app0:/Media/Modules/il2CppAssemblies.suprx of fd: 0x9
[22:38:44.546] |T| [stat_file]: _sceIoDread: Statting file: app0:/Media/Modules/il2CppAssemblies.suprx (ux0:/app/PCSH10098/Media/Modules/il2CppAssemblies.suprx)
[22:38:44.548] |T| [read_dir]: _sceIoDread: Reading entry app0:/Media/Modules/pthread.suprx of fd: 0x9
[22:38:44.548] |T| [stat_file]: _sceIoDread: Statting file: app0:/Media/Modules/pthread.suprx (ux0:/app/PCSH10098/Media/Modules/pthread.suprx)
[22:38:44.550] |T| [close_dir]: sceIoDclose: Closing dir fd: 0x9
[22:38:44.551] |T| [open_dir]: _sceIoDopen: Opening dir app0:/Media/Plugins (ux0:/app/PCSH10098/Media/Plugins), fd: 0xA
[22:38:44.553] |T| [read_dir]: _sceIoDread: Reading entry app0:/Media/Plugins/SavedGames.suprx of fd: 0xA
[22:38:44.553] |T| [stat_file]: _sceIoDread: Statting file: app0:/Media/Plugins/SavedGames.suprx (ux0:/app/PCSH10098/Media/Plugins/SavedGames.suprx)
[22:38:44.557] |T| [read_dir]: _sceIoDread: Reading entry app0:/Media/Plugins/SavedGames.suprx.b.suprx of fd: 0xA
[22:38:44.557] |T| [stat_file]: _sceIoDread: Statting file: app0:/Media/Plugins/SavedGames.suprx.b.suprx (ux0:/app/PCSH10098/Media/Plugins/SavedGames.suprx.b.suprx)
[22:38:44.559] |T| [read_dir]: _sceIoDread: Reading entry app0:/Media/Plugins/SavedGames_stub.a of fd: 0xA
[22:38:44.560] |T| [stat_file]: _sceIoDread: Statting file: app0:/Media/Plugins/SavedGames_stub.a (ux0:/app/PCSH10098/Media/Plugins/SavedGames_stub.a)
[22:38:44.561] |T| [read_dir]: _sceIoDread: Reading entry app0:/Media/Plugins/UnityNpToolkit.suprx of fd: 0xA
[22:38:44.562] |T| [stat_file]: _sceIoDread: Statting file: app0:/Media/Plugins/UnityNpToolkit.suprx (ux0:/app/PCSH10098/Media/Plugins/UnityNpToolkit.suprx)
[22:38:44.563] |T| [read_dir]: _sceIoDread: Reading entry app0:/Media/Plugins/UnityNpToolkit.suprx.b.suprx of fd: 0xA
[22:38:44.564] |T| [stat_file]: _sceIoDread: Statting file: app0:/Media/Plugins/UnityNpToolkit.suprx.b.suprx (ux0:/app/PCSH10098/Media/Plugins/UnityNpToolkit.suprx.b.suprx)
[22:38:44.565] |T| [read_dir]: _sceIoDread: Reading entry app0:/Media/Plugins/UnityNpToolkit_stub.a of fd: 0xA
[22:38:44.565] |T| [stat_file]: _sceIoDread: Statting file: app0:/Media/Plugins/UnityNpToolkit_stub.a (ux0:/app/PCSH10098/Media/Plugins/UnityNpToolkit_stub.a)
[22:38:44.567] |T| [close_dir]: sceIoDclose: Closing dir fd: 0xA
[22:38:44.568] |T| [open_dir]: _sceIoDopen: Opening dir app0:/Media/StreamingAssets (ux0:/app/PCSH10098/Media/StreamingAssets), fd: 0xB
[22:38:44.575] |T| [read_dir]: _sceIoDread: Reading entry app0:/Media/StreamingAssets/SaveIcon.png of fd: 0xB
[22:38:44.575] |T| [stat_file]: _sceIoDread: Statting file: app0:/Media/StreamingAssets/SaveIcon.png (ux0:/app/PCSH10098/Media/StreamingAssets/SaveIcon.png)
[22:38:44.577] |T| [close_dir]: sceIoDclose: Closing dir fd: 0xB
[22:38:44.601] |E| [open_dir]: Directory does not exist at: G:/cache/vita3k/emu/ux0/user/00/savedata/PCSH10098/persistentdata/ (target path: savedata0:/persistentdata)
[22:38:44.603] |W| [io_error_impl]: open_dir (_sceIoDopen) returned 0x80010002
[22:38:44.622] |E| [open_file]: Missing file at G:/cache/vita3k/emu/ux0/user/00/savedata/PCSH10098/sce_sys/safemem.dat (target path: savedata0:/sce_sys/safemem.dat)
[22:38:44.622] |W| [io_error_impl]: open_file (sceAppUtilLoadSafeMemory) returned 0x80010002
[22:38:44.625] |T| [open_file]: sceAppUtilLoadSafeMemory: Opening file savedata0:/sce_sys/safemem.dat (ux0:/user/00/savedata/PCSH10098/sce_sys/safemem.dat), fd: 0xC
[22:38:44.626] |T| [write_file]: sceAppUtilLoadSafeMemory: Writing to fd: 0xC, size: 65536
[22:38:44.626] |T| [close_file]: sceAppUtilLoadSafeMemory: Closing file fd: 0xC
[22:38:44.628] |T| [log_import_call]: [LLE] TID: 74  FUNC: 0xA7C286AB UNRECOGNISED at 0x1146360
[22:38:44.736] |I| [export_sceIoOpen]: Opening file: app0:/Media/Metadata/global-metadata.dat
[22:38:44.738] |T| [open_file]: sceIoOpen: Opening file app0:/Media/Metadata/global-metadata.dat (ux0:/app/PCSH10098/Media/Metadata/global-metadata.dat), fd: 0xD
[22:38:44.739] |T| [stat_file]: sceIoGetstatByFd: Stat