[10:18:56.137] |I| [config::init_config]: backend-renderer: Vulkan
[10:18:56.139] |I| [config::init_config]: log-level: 0
[10:18:56.208] |I| [SDL_main]: Vita3K v0.1.6 3066-52423820
[10:18:56.209] |I| [SDL_main]: Number of logical CPU cores: 8
[10:18:56.209] |I| [SDL_main]: Available ram memory: 8075 MiB
[10:18:56.359] |I| [renderer::vulkan::VKState::create]: Vulkan device: NVIDIA GeForce GTX 1050
[10:18:56.360] |I| [renderer::vulkan::VKState::create]: Driver version: 466.11.0.0
[10:18:56.363] |I| [renderer::vulkan::VKState::create]: Memory mapping is enabled
[10:18:56.859] |I| [renderer::vulkan::ScreenRenderer::setup]: Present mode: Mailbox
[10:18:57.542] |W| [compat::load_compat_app_db]: App with title ID PCSH00241 has an issue but no status label. Please check GitHub issue 1379 and request a status label to be added.
[10:18:58.230] |I| [compat::update_compat_app_db]: Applications compatibility database is up to date.
[10:19:02.379] |I| [load_app_impl]: cpu-backend: Dynarmic
[10:19:02.380] |I| [load_app_impl]: CPU Optimisation state: true
[10:19:02.381] |I| [load_app_impl]: ngs state: true
[10:19:02.381] |I| [load_app_impl]: Resolution multiplier: 4
[10:19:02.381] |I| [load_app_impl]: modules mode: Auto & Manual
[10:19:02.381] |I| [load_app_impl]: Title: SD GUNDAM G GENERATION GENESIS
[10:19:02.382] |I| [load_app_impl]: Serial: PCSH00241
[10:19:02.382] |I| [load_app_impl]: Version: 1.06
[10:19:02.382] |I| [load_app_impl]: Category: gp
[10:19:02.397] |I| [load_self]: app0:sce_module/libc.suprx: Skipping special segment 0x6FFFFF01...
[10:19:02.398] |I| [load_self]: Loaded module segment 0 @ [0x00005000 - 0x000568A4 / 0x81000000] (size: 0x000518A4) of module app0:sce_module/libc.suprx
[10:19:02.399] |I| [load_self]: Loaded module segment 1 @ [0x00057000 - 0x000598A0 / 0x81052000] (size: 0x000028A0) of module app0:sce_module/libc.suprx
[10:19:02.399] |I| [load_self]: Linking SELF app0:sce_module/libc.suprx...
[10:19:02.400] |D| [load_var_exports]: 	NID 0x936C8A78 (SYSLYB) at 0x4C314
[10:19:02.401] |D| [load_var_exports]: 	NID 0x6C2224BA (NID_MODULE_INFO) at 0x414DC
[10:19:02.402] |I| [pre_load_module]: Pre-load module SceLibc (at "sce_module/libc.suprx") loaded
[10:19:02.411] |I| [load_self]: app0:sce_module/libfios2.suprx: Skipping special segment 0x6FFFFF01...
[10:19:02.411] |I| [load_self]: Loaded module segment 0 @ [0x0005A000 - 0x00086CBF / 0x81000000] (size: 0x0002CCBF) of module app0:sce_module/libfios2.suprx
[10:19:02.414] |I| [load_self]: Loaded module segment 1 @ [0x00087000 - 0x0008C255 / 0x8102D000] (size: 0x00005255) of module app0:sce_module/libfios2.suprx
[10:19:02.415] |I| [load_self]: Linking SELF app0:sce_module/libfios2.suprx...
[10:19:02.416] |D| [load_var_exports]: 	NID 0x936C8A78 (SYSLYB) at 0x86BC8
[10:19:02.418] |D| [load_var_exports]: 	NID 0x6C2224BA (NID_MODULE_INFO) at 0x7DF08
[10:19:02.419] |I| [pre_load_module]: Pre-load module SceLibFios2 (at "sce_module/libfios2.suprx") loaded
[10:19:02.425] |I| [load_self]: app0:sce_module/libult.suprx: Skipping special segment 0x6FFFFF01...
[10:19:02.426] |I| [load_self]: Loaded module segment 0 @ [0x0008D000 - 0x000A09BC / 0x81000000] (size: 0x000139BC) of module app0:sce_module/libult.suprx
[10:19:02.427] |I| [load_self]: Loaded module segment 1 @ [0x000A1000 - 0x000A1814 / 0x81014000] (size: 0x00000814) of module app0:sce_module/libult.suprx
[10:19:02.429] |I| [load_self]: Linking SELF app0:sce_module/libult.suprx...
[10:19:02.429] |D| [load_var_exports]: 	NID 0x936C8A78 (SYSLYB) at 0x9F2E8
[10:19:02.430] |D| [load_var_exports]: 	NID 0x6C2224BA (NID_MODULE_INFO) at 0x9C870
[10:19:02.431] |I| [pre_load_module]: Pre-load module SceUlt (at "sce_module/libult.suprx") loaded
[10:19:02.443] |I| [load_self]: Loaded module segment 0 @ [0x000A2000 - 0x000F2F04 / 0x81000000] (size: 0x00050F04) of module vs0:sys/external/libSceFt2.suprx
[10:19:02.444] |I| [load_self]: Loaded module segment 1 @ [0x000F3000 - 0x000F32F4 / 0x81051000] (size: 0x000002F4) of module vs0:sys/external/libSceFt2.suprx
[10:19:02.446] |I| [load_self]: Linking SELF vs0:sys/external/libSceFt2.suprx...
[10:19:02.447] |D| [load_var_exports]: 	NID 0x936C8A78 (SYSLYB) at 0xDE7DC
[10:19:02.450] |D| [load_var_exports]: 	NID 0x6C2224BA (NID_MODULE_INFO) at 0xDDF10
[10:19:02.451] |I| [pre_load_module]: Pre-load module SceLibft2 (at "sys/external/libSceFt2.suprx") loaded
[10:19:02.455] |I| [load_self]: Loaded module segment 0 @ [0x000F4000 - 0x00103F14 / 0x81000000] (size: 0x0000FF14) of module vs0:sys/external/libpvf.suprx
[10:19:02.456] |I| [load_self]: Loaded module segment 1 @ [0x00104000 - 0x00104008 / 0x81010000] (size: 0x00000008) of module vs0:sys/external/libpvf.suprx
[10:19:02.458] |I| [load_self]: Linking SELF vs0:sys/external/libpvf.suprx...
[10:19:02.459] |D| [load_var_exports]: 	NID 0x936C8A78 (SYSLYB) at 0x102710
[10:19:02.460] |D| [load_var_exports]: 	NID 0x6C2224BA (NID_MODULE_INFO) at 0x102300
[10:19:02.461] |I| [pre_load_module]: Pre-load module SceLibPvf (at "sys/external/libpvf.suprx") loaded
[10:19:02.687] |I| [load_self]: app0:eboot.bin: Skipping special segment 0x6FFFFF01...
[10:19:02.688] |I| [load_self]: Loaded module segment 0 @ [0x00105000 - 0x00778250 / 0x81000000] (size: 0x00673250) of module app0:eboot.bin
[10:19:02.689] |I| [load_self]: Loaded module segment 1 @ [0x00779000 - 0x007DBBE8 / 0x81674000] (size: 0x00062BE8) of module app0:eboot.bin
[10:19:02.691] |I| [load_self]: Linking SELF app0:eboot.bin...
[10:19:02.692] |D| [load_var_exports]: 	NID 0x6C2224BA (NID_MODULE_INFO) at 0x5C6E40
[10:19:02.693] |D| [load_var_exports]: 	NID 0x70FBA1E7 (SCE_PROC_PARAMS) at 0x77A5D0
[10:19:02.693] |D| [load_var_exports]: 	NID 0x936C8A78 (SYSLYB) at 0x65899C
[10:19:02.695] |I| [load_app_impl]: Main executable gg_s_psv_m (eboot.bin) loaded
[10:19:02.696] |I| [renderer::vulkan::PipelineCache::read_pipeline_cache]: Found pipeline cache, reading...
[10:19:02.697] |I| [renderer::vulkan::PipelineCache::read_pipeline_cache]: Pipeline cache read and loaded
[10:19:02.699] |I| [renderer::vulkan::VKState::precompile_shader]: Program Compiled 1/39
[10:19:02.702] |I| [renderer::vulkan::VKState::precompile_shader]: Program Compiled 2/39
[10:19:02.704] |I| [renderer::vulkan::VKState::precompile_shader]: Program Compiled 3/39
[10:19:02.706] |I| [renderer::vulkan::VKState::precompile_shader]: Program Compiled 4/39
[10:19:02.710] |I| [renderer::vulkan::VKState::precompile_shader]: Program Compiled 5/39
[10:19:02.712] |I| [renderer::vulkan::VKState::precompile_shader]: Program Compiled 6/39
[10:19:02.715] |I| [renderer::vulkan::VKState::precompile_shader]: Program Compiled 7/39
[10:19:02.718] |I| [renderer::vulkan::VKState::precompile_shader]: Program Compiled 8/39
[10:19:02.721] |I| [renderer::vulkan::VKState::precompile_shader]: Program Compiled 9/39
[10:19:02.723] |I| [renderer::vulkan::VKState::precompile_shader]: Program Compiled 10/39
[10:19:02.727] |I| [renderer::vulkan::VKState::precompile_shader]: Program Compiled 11/39
[10:19:02.729] |I| [renderer::vulkan::VKState::precompile_shader]: Program Compiled 12/39
[10:19:02.732] |I| [renderer::vulkan::VKState::precompile_shader]: Program Compiled 13/39
[10:19:02.734] |I| [renderer::vulkan::VKState::precompile_shader]: Program Compiled 14/39
[10:19:02.736] |I| [renderer::vulkan::VKState::precompile_shader]: Program Compiled 15/39
[10:19:02.738] |I| [renderer::vulkan::VKState::precompile_shader]: Program Compiled 16/39
[10:19:02.742] |I| [renderer::vulkan::VKState::precompile_shader]: Program Compiled 17/39
[10:19:02.744] |I| [renderer::vulkan::VKState::precompile_shader]: Program Compiled 18/39
[10:19:02.748] |I| [renderer::vulkan::VKState::precompile_shader]: Program Compiled 19/39
[10:19:02.751] |I| [renderer::vulkan::VKState::precompile_shader]: Program Compiled 20/39
[10:19:02.754] |I| [renderer::vulkan::VKState::precompile_shader]: Program Compiled 21/39
[10:19:02.756] |I| [renderer::vulkan::VKState::precompile_shader]: Program Compiled 22/39
[10:19:02.759] |I| [renderer::vulkan::VKState::precompile_shader]: Program Compiled 23/39
[10:19:02.762] |I| [renderer::vulkan::VKState::precompile_shader]: Program Compiled 24/39
[10:19:02.765] |I| [renderer::vulkan::VKState::precompile_shader]: Program Compiled 25/39
[10:19:02.767] |I| [renderer::vulkan::VKState::precompile_shader]: Program Compiled 26/39
[10:19:02.769] |I| [renderer::vulkan::VKState::precompile_shader]: Program Compiled 27/39
[10:19:02.772] |I| [renderer::vulkan::VKState::precompile_shader]: Program Compiled 28/39
[10:19:02.774] |I| [renderer::vulkan::VKState::precompile_shader]: Program Compiled 29/39
[10:19:02.779] |I| [renderer::vulkan::VKState::precompile_shader]: Program Compiled 30/39
[10:19:02.781] |I| [renderer::vulkan::VKState::precompile_shader]: Program Compiled 31/39
[10:19:02.784] |I| [renderer::vulkan::VKState::precompile_shader]: Program Compiled 32/39
[10:19:02.786] |I| [renderer::vulkan::VKState::precompile_shader]: Program Compiled 33/39
[10:19:02.789] |I| [renderer::vulkan::VKState::precompile_shader]: Program Compiled 34/39
[10:19:02.793] |I| [renderer::vulkan::VKState::precompile_shader]: Program Compiled 35/39
[10:19:02.796] |I| [renderer::vulkan::VKState::precompile_shader]: Program Compiled 36/39
[10:19:02.798] |I| [renderer::vulkan::VKState::precompile_shader]: Program Compiled 37/39
[10:19:02.801] |I| [renderer::vulkan::VKState::precompile_shader]: Program Compiled 38/39
[10:19:02.803] |I| [renderer::vulkan::VKState::precompile_shader]: Program Compiled 39/39
[10:19:02.829] |D| [run_app]: Running module_start of library: SceLibc at address 0x5871
[10:19:02.852] |W| [stubbed_impl]: Stubbed sceKernelGetFreeMemorySize import called. (Single pool)
[10:19:02.947] |T| [open_file]: sceKernelGetStdin: Opening terminal tty0:
[10:19:02.948] |T| [open_file]: sceKernelGetStdout: Opening terminal tty0:
[10:19:02.949] |T| [open_file]: sceKernelGetStderr: Opening terminal tty0:
[10:19:02.959] |I| [run_app]: Module SceLibc (at "app0:sce_module/libc.suprx") module_start returned 0x0
[10:19:02.963] |D| [run_app]: Running module_start of library: SceLibFios2 at address 0x5A001
[10:19:02.984] |W| [stubbed_impl]: Stubbed sceKernelGetProcessId import called. (pid: 0)
[10:19:02.985] |I| [run_app]: Module SceLibFios2 (at "app0:sce_module/libfios2.suprx") module_start returned 0x0
[10:19:02.990] |D| [run_app]: Running module_start of library: SceUlt at address 0x90771
[10:19:03.010] |W| [unimplemented_impl]: Unimplemented _sceUlobjMgrRegisterLibultProtocolRevision import called.
[10:19:03.011] |I| [run_app]: Module SceUlt (at "app0:sce_module/libult.suprx") module_start returned 0x0
[10:19:03.472] |I| [export_sceIoOpen]: Opening file: app0:param.lua
[10:19:03.473] |T| [open_file]: sceIoOpen: Opening file app0:param.lua (ux0:/app/PCSH00241/param.lua), fd: 0x3
[10:19:03.524] |T| [close_file]: sceIoClose: Closing file fd: 0x3
[10:19:03.532] |W| [unimplemented_impl]: Unimplemented sceScreenShotDisable import called.
[10:19:03.534] |W| [unimplemented_impl]: Unimplemented sceAppUtilInit import called.
[10:19:03.691] |W| [stubbed_impl]: Stubbed sceKernelSetTimerEvent import called. (Type not implemented.)
[10:19:03.692] |I| [export_sceIoOpen]: Opening file: app0:patch05.cpk
[10:19:03.693] |E| [logging::ret_error_impl]: _sceKernelWaitEvent returned SCE_KERNEL_ERROR_UNKNOWN_EVENT_ID (0x80028201)
[10:19:03.694] |T| [open_file]: sceIoOpen: Opening file app0:patch05.cpk (ux0:/app/PCSH00241/patch05.cpk), fd: 0x4
[10:19:03.696] |E| [logging::ret_error_impl]: sceKernelClearEvent returned SCE_KERNEL_ERROR_UNKNOWN_EVENT_ID (0x80028201)
[10:19:03.718] |I| [export_sceIoOpen]: Opening file: app0:patch04.cpk
[10:19:03.718] |T| [open_file]: sceIoOpen: Opening file app0:patch04.cpk (ux0:/app/PCSH00241/patch04.cpk), fd: 0x5
[10:19:03.721] |I| [export_sceIoOpen]: Opening file: app0:patch03.cpk
[10:19:03.725] |T| [open_file]: sceIoOpen: Opening file app0:patch03.cpk (ux0:/app/PCSH00241/patch03.cpk), fd: 0x6
[10:19:03.729] |I| [export_sceIoOpen]: Opening file: app0:patch02.cpk
[10:19:03.730] |T| [open_file]: sceIoOpen: Opening file app0:patch02.cpk (ux0:/app/PCSH00241/patch02.cpk), fd: 0x7
[10:19:03.732] |I| [export_sceIoOpen]: Opening file: app0:patch01.cpk
[10:19:03.732] |T| [open_file]: sceIoOpen: Opening file app0:patch01.cpk (ux0:/app/PCSH00241/patch01.cpk), fd: 0x8
[10:19:03.735] |I| [export_sceIoOpen]: Opening file: addcont0:EXTERNALDATA0000/external.cpk
[10:19:03.735] |T| [open_file]: sceIoOpen: Opening file addcont0:EXTERNALDATA0000/external.cpk (ux0:/addcont/PCSH00241/EXTERNALDATA0000/external.cpk), fd: 0x9
[10:19:03.739] |I| [export_sceIoOpen]: Opening file: app0:internal.cpk
[10:19:03.742] |T| [open_file]: sceIoOpen: Opening file app0:internal.cpk (ux0:/app/PCSH00241/internal.cpk), fd: 0xA
[10:19:03.750] |W| [ngs::create_voice_definition]: Missing voice definition for Buss Type 7, using passthrough.
[10:19:03.767] |T| [export_sceNgsPatchCreateRouting]: Patching 0xA41190:0:0 to 0xA46090:0
[10:19:03.853] |T| [export_sceNgsPatchCreateRouting]: Patching 0xA2D4F0:0:0 to 0xA41190:0
[10:19:04.356] |W| [stubbed_impl]: Stubbed sceGxmMapVertexUsseMemory import called. (always return success)
[10:19:04.357] |W| [stubbed_impl]: Stubbed sceGxmMapFragmentUsseMemory import called. (always return success)
[10:19:04.405] |I| [ngs::player::Module::process]: The currently running game requests playback rate scaling when decoding audio. Audio might crackle.
[10:19:05.354] |I| [export_sceIoOpen]: Opening file: app0:font/tchinese.ttf
[10:19:05.355] |T| [open_file]: sceIoOpen: Opening file app0:font/tchinese.ttf (ux0:/app/PCSH00241/font/tchinese.ttf), fd: 0xB
[10:19:05.426] |I| [export_sceIoOpen]: Opening file: app0:font/GGENE.ttf
[10:19:05.427] |T| [open_file]: sceIoOpen: Opening file app0:font/GGENE.ttf (ux0:/app/PCSH00241/font/GGENE.ttf), fd: 0xC
[10:19:05.436] |T| [open_file]: create_trophy_context: Opening file app0:/sce_sys/trophy/NPWR10033_00/TROPHY.TRP (ux0:/app/PCSH00241/sce_sys/trophy/NPWR10033_00/TROPHY.TRP), fd: 0xD
[10:19:05.438] |T| [open_file]: create_trophy_context: Opening file ux0:/user/00/trophy/data/NPWR10033_00/TROPUSR.DAT (ux0:/user/00/trophy/data/NPWR10033_00/TROPUSR.DAT), fd: 0xE
[10:19:05.441] |T| [open_file]: install_trophy_context: Opening file ux0:/user/00/trophy/conf/NPWR10033_00/TROPCONF.SFM (ux0:/user/00/trophy/conf/NPWR10033_00/TROPCONF.SFM), fd: 0xF
[10:19:05.442] |T| [write_file]: install_trophy_context: Writing to fd: 0xF, size: 2752
[10:19:05.443] |T| [close_file]: install_trophy_context: Closing file fd: 0xF
[10:19:05.445] |T| [open_file]: install_trophy_context: Opening file ux0:/user/00/trophy/conf/NPWR10033_00/TROP.SFM (ux0:/user/00/trophy/conf/NPWR10033_00/TROP.SFM), fd: 0x10
[10:19:05.446] |T| [write_file]: install_trophy_context: Writing to fd: 0x10, size: 8523
[10:19:05.447] |T| [close_file]: install_trophy_context: Closing file fd: 0x10
[10:19:05.447] |T| [open_file]: install_trophy_context: Opening file ux0:/user/00/trophy/conf/NPWR10033_00/TROP_01.SFM (ux0:/user/00/trophy/conf/NPWR10033_00/TROP_01.SFM), fd: 0x11
[10:19:05.449] |T| [write_file]: install_trophy_context: Writing to fd: 0x11, size: 7292
[10:19:05.449] |T| [close_file]: install_trophy_context: Closing file fd: 0x11
[10:19:05.450] |T| [open_file]: install_trophy_context: Opening file ux0:/user/00/trophy/conf/NPWR10033_00/TROP_09.SFM (ux0:/user/00/trophy/conf/NPWR10033_00/TROP_09.SFM), fd: 0x12
[10:19:05.451] |T| [write_file]: install_trophy_context: Writing to fd: 0x12, size: 7474
[10:19:05.452] |T| [close_file]: install_trophy_context: Closing file fd: 0x12
[10:19:05.453] |T| [open_file]: install_trophy_context: Opening file ux0:/user/00/trophy/conf/NPWR10033_00/TROP_10.SFM (ux0:/user/00/trophy/conf/NPWR10033_00/TROP_10.SFM), fd: 0x13
[10:19:05.454] |T| [write_file]: install_trophy_context: Writing to fd: 0x13, size: 8014
[10:19:05.454] |T| [close_file]: install_trophy_context: Closing file fd: 0x13
[10:19:05.457] |T| [open_file]: install_trophy_context: Opening file ux0:/user/00/trophy/conf/NPWR10033_00/ICON0.PNG (ux0:/user/00/trophy/conf/NPWR10033_00/ICON0.PNG), fd: 0x14
[10:19:05.459] |T| [write_file]: install_trophy_context: Writing to fd: 0x14, size: 128179
[10:19:05.459] |T| [close_file]: install_trophy_context: Closing file fd: 0x14
[10:19:05.460] |T| [open_file]: install_trophy_context: Opening file ux0:/user/00/trophy/conf/NPWR10033_00/ICON0_01.PNG (ux0:/user/00/trophy/conf/NPWR10033_00/ICON0_01.PNG), fd: 0x15
[10:19:05.461] |T| [write_file]: install_trophy_context: Writing to fd: 0x15, size: 123929
[10:19:05.462] |T| [close_file]: install_trophy_context: Closing file fd: 0x15
[10:19:05.463] |T| [open_file]: install_trophy_context: Opening file ux0:/user/00/trophy/conf/NPWR10033_00/ICON0_09.PNG (ux0:/user/00/trophy/conf/NPWR10033_00/ICON0_09.PNG), fd: 0x16
[10:19:05.464] |T| [write_file]: install_trophy_context: Writing to fd: 0x16, size: 124132
[10:19:05.465] |T| [close_file]: install_trophy_context: Closing file fd: 0x16
[10:19:05.466] |T| [open_file]: install_trophy_context: Opening file ux0:/user/00/trophy/conf/NPWR10033_00/ICON0_10.PNG (ux0:/user/00/trophy/conf/NPWR10033_00/ICON0_10.PNG), fd: 0x17
[10:19:05.467] |T| [write_file]: install_trophy_context: Writing to fd: 0x17, size: 124674
[10:19:05.467] |T| [close_file]: install_trophy_context: Closing file fd: 0x17
[10:19:05.468] |T| [open_file]: install_trophy_context: Opening file ux0:/user/00/trophy/conf/NPWR10033_00/TROP000.PNG (ux0:/user/00/trophy/conf/NPWR10033_00/TROP000.PNG), fd: 0x18
[10:19:05.469] |T| [write_file]: install_trophy_context: Writing to fd: 0x18, size: 115309
[10:19:05.470] |T| [close_file]: install_trophy_context: Closing file fd: 0x18
[10:19:05.473] |T| [open_file]: install_trophy_context: Opening file ux0:/user/00/trophy/conf/NPWR10033_00/TROP001.PNG (ux0:/user/00/trophy/conf/NPWR10033_00/TROP001.PNG), fd: 0x19
[10:19:05.474] |T| [write_file]: install_trophy_context: Writing to fd: 0x19, size: 103495
[10:19:05.475] |T| [close_file]: install_trophy_context: Closing file fd: 0x19
[10:19:05.476] |T| [open_file]: install_trophy_context: Opening file ux0:/user/00/trophy/conf/NPWR10033_00/TROP002.PNG (ux0:/user/00/trophy/conf/NPWR10033_00/TROP002.PNG), fd: 0x1A
[10:19:05.477] |T| [write_file]: install_trophy_context: Writing to fd: 0x1A, size: 103495
[10:19:05.478] |T| [close_file]: install_trophy_context: Closing file fd: 0x1A
[10:19:05.479] |T| [open_file]: install_trophy_context: Opening file ux0:/user/00/trophy/conf/NPWR10033_00/TROP003.PNG (ux0:/user/00/trophy/conf/NPWR10033_00/TROP003.PNG), fd: 0x1B
[10:19:05.480] |T| [write_file]: install_trophy_context: Writing to fd: 0x1B, size: 103495
[10:19:05.481] |T| [close_file]: install_trophy_context: Closing file fd: 0x1B
[10:19:05.481] |T| [open_file]: install_trophy_context: Opening file ux0:/user/00/trophy/conf/NPWR10033_00/TROP004.PNG (ux0:/user/00/trophy/conf/NPWR10033_00/TROP004.PNG), fd: 0x1C
[10:19:05.483] |T| [write_file]: install_trophy_context: Writing to fd: 0x1C, size: 103495
[10:19:05.483] |T| [close_file]: install_trophy_context: Closing file fd: 0x1C
[10:19:05.484] |T| [open_file]: install_trophy_context: Opening file ux0:/user/00/trophy/conf/NPWR10033_00/TROP005.PNG (ux0:/user/00/trophy/conf/NPWR10033_00/TROP005.PNG), fd: 0x1D
[10:19:05.485] |T| [write_file]: install_trophy_context: Writing to fd: 0x1D, size: 103495
[10:19:05.485] |T| [close_file]: install_trophy_context: Closing file fd: 0x1D
[10:19:05.488] |T| [open_file]: install_trophy_context: Opening file ux0:/user/00/trophy/conf/NPWR10033_00/TROP006.PNG (ux0:/user/00/trophy/conf/NPWR10033_00/TROP006.PNG), fd: 0x1E
[10:19:05.489] |T| [write_file]: install_trophy_context: Writing to fd: 0x1E, size: 103495
[10:19:05.490] |T| [close_file]: install_trophy_context: Closing file fd: 0x1E
[10:19:05.491] |T| [open_file]: install_trophy_context: Opening file ux0:/user/00/trophy/conf/NPWR10033_00/TROP007.PNG (ux0:/user/00/trophy/conf/NPWR10033_00/TROP007.PNG), fd: 0x1F
[10:19:05.492] |T| [write_file]: install_trophy_context: Writing to fd: 0x1F, size: 103495
[10:19:05.493] |T| [close_file]: install_trophy_context: Closing file fd: 0x1F
[10:19:05.494] |T| [open_file]: install_trophy_context: Opening file ux0:/user/00/trophy/conf/NPWR10033_00/TROP008.PNG (ux0:/user/00/trophy/conf/NPWR10033_00/TROP008.PNG), fd: 0x20
[10:19:05.495] |T| [write_file]: install_trophy_context: Writing to fd: 0x20, size: 103495
[10:19:05.495] |T| [close_file]: install_trophy_context: Closing file fd: 0x20
[10:19:05.496] |T| [open_file]: install_trophy_context: Opening file ux0:/user/00/trophy/conf/NPWR10033_00/TROP009.PNG (ux0:/user/00/trophy/conf/NPWR10033_00/TROP009.PNG), fd: 0x21
[10:19:05.497] |T| [write_file]: install_trophy_context: Writing to fd: 0x21, size: 103495
[10:19:05.498] |T| [close_file]: install_trophy_context: Closing file fd: 0x21
[10:19:05.498] |T| [open_file]: install_trophy_context: Opening file ux0:/user/00/trophy/conf/NPWR10033_00/TROP010.PNG (ux0:/user/00/trophy/conf/NPWR10033_00/TROP010.PNG), fd: 0x22
[10:19:05.499] |T| [write_file]: install_trophy_context: Writing to fd: 0x22, size: 103495
[10:19:05.500] |T| [close_file]: install_trophy_context: Closing file fd: 0x22
[10:19:05.501] |T| [open_file]: install_trophy_context: Opening file ux0:/user/00/trophy/conf/NPWR10033_00/TROP011.PNG (ux0:/user/00/trophy/conf/NPWR10033_00/TROP011.PNG), fd: 0x23
[10:19:05.502] |T| [write_file]: install_trophy_context: Writing to fd: 0x23, size: 103495
[10:19:05.502] |T| [close_file]: install_trophy_context: Closing file fd: 0x23
[10:19:05.504] |T| [open_file]: install_trophy_context: Opening file ux0:/user/00/trophy/conf/NPWR10033_00/TROP012.PNG (ux0:/user/00/trophy/conf/NPWR10033_00/TROP012.PNG), fd: 0x24
[10:19:05.505] |T| [write_file]: install_trophy_context: Writing to fd: 0x24, size: 103495
[10:19:05.506] |T| [close_file]: install_trophy_context: Closing file fd: 0x24
[10:19:05.508] |T| [open_file]: install_trophy_context: Opening file ux0:/user/00/trophy/conf/NPWR10033_00/TROP013.PNG (ux0:/user/00/trophy/conf/NPWR10033_00/TROP013.PNG), fd: 0x25
[10:19:05.509] |T| [write_file]: install_trophy_context: Writing to fd: 0x25, size: 103495
[10:19:05.509] |T| [close_file]: install_trophy_context: Closing file fd: 0x25
[10:19:05.510] |T| [open_file]: install_trophy_context: Opening file ux0:/user/00/trophy/conf/NPWR10033_00/TROP014.PNG (ux0:/user/00/trophy/conf/NPWR10033_00/TROP014.PNG), fd: 0x26
[10:19:05.511] |T| [write_file]: install_trophy_context: Writing to fd: 0x26, size: 103495
[10:19:05.511] |T| [close_file]: install_trophy_context: Closing file fd: 0x26
[10:19:05.512] |T| [open_file]: install_trophy_context: Opening file ux0:/user/00/trophy/conf/NPWR10033_00/TROP015.PNG (ux0:/user/00/trophy/conf/NPWR10033_00/TROP015.PNG), fd: 0x27
[10:19:05.513] |T| [write_file]: install_trophy_context: Writing to fd: 0x27, size: 103495
[10:19:05.514] |T| [close_file]: install_trophy_context: Closing file fd: 0x27
[10:19:05.514] |T| [open_file]: install_trophy_context: Opening file ux0:/user/00/trophy/conf/NPWR10033_00/TROP016.PNG (ux0:/user/00/trophy/conf/NPWR10033_00/TROP016.PNG), fd: 0x28
[10:19:05.515] |T| [write_file]: install_trophy_context: Writing to fd: 0x28, size: 103495
[10:19:05.516] |T| [close_file]: install_trophy_context: Closing file fd: 0x28
[10:19:05.517] |T| [open_file]: install_trophy_context: Opening file ux0:/user/00/trophy/conf/NPWR10033_00/TROP017.PNG (ux0:/user/00/trophy/conf/NPWR10033_00/TROP017.PNG), fd: 0x29
[10:19:05.518] |T| [write_file]: install_trophy_context: Writing to fd: 0x29, size: 103495
[10:19:05.518] |T| [close_file]: install_trophy_context: Closing file fd: 0x29
[10:19:05.520] |T| [open_file]: install_trophy_context: Opening file ux0:/user/00/trophy/conf/NPWR10033_00/TROP018.PNG (ux0:/user/00/trophy/conf/NPWR10033_00/TROP018.PNG), fd: 0x2A
[10:19:05.521] |T| [write_file]: install_trophy_context: Writing to fd: 0x2A, size: 103390
[10:19:05.522] |T| [close_file]: install_trophy_context: Closing file fd: 0x2A
[10:19:05.523] |T| [open_file]: install_trophy_context: Opening file ux0:/user/00/trophy/conf/NPWR10033_00/TROP019.PNG (ux0:/user/00/trophy/conf/NPWR10033_00/TROP019.PNG), fd: 0x2B
[10:19:05.524] |T| [write_file]: install_trophy_context: Writing to fd: 0x2B, size: 103649
[10:19:05.525] |T| [close_file]: install_trophy_context: Closing file fd: 0x2B
[10:19:05.526] |T| [open_file]: install_trophy_context: Opening file ux0:/user/00/trophy/conf/NPWR10033_00/TROP020.PNG (ux0:/user/00/trophy/conf/NPWR10033_00/TROP020.PNG), fd: 0x2C
[10:19:05.527] |T| [write_file]: install_trophy_context: Writing to fd: 0x2C, size: 103495
[10:19:05.527] |T| [close_file]: install_trophy_context: Closing file fd: 0x2C
[10:19:05.528] |T| [open_file]: install_trophy_context: Opening file ux0:/user/00/trophy/conf/NPWR10033_00/TROP021.PNG (ux0:/user/00/trophy/conf/NPWR10033_00/TROP021.PNG), fd: 0x2D
[10:19:05.529] |T| [write_file]: install_trophy_context: Writing to fd: 0x2D, size: 103495
[10:19:05.530] |T| [close_file]: install_trophy_context: Closing file fd: 0x2D
[10:19:05.531] |T| [open_file]: install_trophy_context: Opening file ux0:/user/00/trophy/conf/NPWR10033_00/TROP022.PNG (ux0:/user/00/trophy/conf/NPWR10033_00/TROP022.PNG), fd: 0x2E
[10:19:05.532] |T| [write_file]: install_trophy_context: Writing to fd: 0x2E, size: 103390
[10:19:05.532] |T| [close_file]: install_trophy_context: Closing file fd: 0x2E
[10:19:05.533] |T| [open_file]: install_trophy_context: Opening file ux0:/user/00/trophy/conf/NPWR10033_00/TROP023.PNG (ux0:/user/00/trophy/conf/NPWR10033_00/TROP023.PNG), fd: 0x2F
[10:19:05.536] |T| [write_file]: install_trophy_context: Writing to fd: 0x2F, size: 103390
[10:19:05.536] |T| [close_file]: install_trophy_context: Closing file fd: 0x2F
[10:19:05.537] |T| [open_file]: install_trophy_context: Opening file ux0:/user/00/trophy/conf/NPWR10033_00/TROP024.PNG (ux0:/user/00/trophy/conf/NPWR10033_00/TROP024.PNG), fd: 0x30
[10:19:05.538] |T| [write_file]: install_trophy_context: Writing to fd: 0x30, size: 103649
[10:19:05.539] |T| [close_file]: install_trophy_context: Closing file fd: 0x30
[10:19:05.540] |T| [open_file]: install_trophy_context: Opening file ux0:/user/00/trophy/conf/NPWR10033_00/TROP025.PNG (ux0:/user/00/trophy/conf/NPWR10033_00/TROP025.PNG), fd: 0x31
[10:19:05.541] |T| [write_file]: install_trophy_context: Writing to fd: 0x31, size: 103495
[10:19:05.542] |T| [close_file]: install_trophy_context: Closing file fd: 0x31
[10:19:05.543] |T| [open_file]: install_trophy_context: Opening file ux0:/user/00/trophy/conf/NPWR10033_00/TROP026.PNG (ux0:/user/00/trophy/conf/NPWR10033_00/TROP026.PNG), fd: 0x32
[10:19:05.544] |T| [write_file]: install_trophy_context: Writing to fd: 0x32, size: 103495
[10:19:05.544] |T| [close_file]: install_trophy_context: Closing file fd: 0x32
[10:19:05.545] |T| [open_file]: install_trophy_context: Opening file ux0:/user/00/trophy/conf/NPWR10033_00/TROP027.PNG (ux0:/user/00/trophy/conf/NPWR10033_00/TROP027.PNG), fd: 0x33
[10:19:05.546] |T| [write_file]: install_trophy_context: Writing to fd: 0x33, size: 103495
[10:19:05.546] |T| [close_file]: install_trophy_context: Closing file fd: 0x33
[10:19:05.547] |T| [open_file]: install_trophy_context: Opening file ux0:/user/00/trophy/conf/NPWR10033_00/TROP028.PNG (ux0:/user/00/trophy/conf/NPWR10033_00/TROP028.PNG), fd: 0x34
[10:19:05.550] |T| [write_file]: install_trophy_context: Writing to fd: 0x34, size: 103495
[10:19:05.550] |T| [close_file]: install_trophy_context: Closing file fd: 0x34
[10:19:05.551] |T| [open_file]: install_trophy_context: Opening file ux0:/user/00/trophy/conf/NPWR10033_00/TROP029.PNG (ux0:/user/00/trophy/conf/NPWR10033_00/TROP029.PNG), fd: 0x35
[10:19:05.552] |T| [write_file]: install_trophy_context: Writing to fd: 0x35, size: 103495
[10:19:05.553] |T| [close_file]: install_trophy_context: Closing file fd: 0x35
[10:19:05.554] |T| [open_file]: install_trophy_context: Opening file ux0:/user/00/trophy/conf/NPWR10033_00/TROP030.PNG (ux0:/user/00/trophy/conf/NPWR10033_00/TROP030.PNG), fd: 0x36
[10:19:05.555] |T| [write_file]: install_trophy_context: Writing to fd: 0x36, size: 103495
[10:19:05.555] |T| [close_file]: install_trophy_context: Closing file fd: 0x36
[10:19:05.556] |T| [open_file]: install_trophy_context: Opening file ux0:/user/00/trophy/conf/NPWR10033_00/TROP031.PNG (ux0:/user/00/trophy/conf/NPWR10033_00/TROP031.PNG), fd: 0x37
[10:19:05.557] |T| [write_file]: install_trophy_context: Writing to fd: 0x37, size: 103390
[10:19:05.558] |T| [close_file]: install_trophy_context: Closing file fd: 0x37
[10:19:05.559] |T| [open_file]: install_trophy_context: Opening file ux0:/user/00/trophy/conf/NPWR10033_00/TROP032.PNG (ux0:/user/00/trophy/conf/NPWR10033_00/TROP032.PNG), fd: 0x38
[10:19:05.560] |T| [write_file]: install_trophy_context: Writing to fd: 0x38, size: 103390
[10:19:05.560] |T| [close_file]: install_trophy_context: Closing file fd: 0x38
[10:19:05.561] |T| [open_file]: install_trophy_context: Opening file ux0:/user/00/trophy/conf/NPWR10033_00/TROP033.PNG (ux0:/user/00/trophy/conf/NPWR10033_00/TROP033.PNG), fd: 0x39
[10:19:05.562] |T| [write_file]: install_trophy_context: Writing to fd: 0x39, size: 103390
[10:19:05.563] |T| [close_file]: install_trophy_context: Closing file fd: 0x39
[10:19:05.564] |T| [open_file]: install_trophy_context: Opening file ux0:/user/00/trophy/conf/NPWR10033_00/TROP034.PNG (ux0:/user/00/trophy/conf/NPWR10033_00/TROP034.PNG), fd: 0x3A
[10:19:05.566] |T| [write_file]: install_trophy_context: Writing to fd: 0x3A, size: 103390
[10:19:05.567] |T| [close_file]: install_trophy_context: Closing file fd: 0x3A
[10:19:05.568] |T| [open_file]: install_trophy_context: Opening file ux0:/user/00/trophy/conf/NPWR10033_00/TROP035.PNG (ux0:/user/00/trophy/conf/NPWR10033_00/TROP035.PNG), fd: 0x3B
[10:19:05.569] |T| [write_file]: install_trophy_context: Writing to fd: 0x3B, size: 103390
[10:19:05.569] |T| [close_file]: install_trophy_context: Closing file fd: 0x3B
[10:19:05.570] |T| [open_file]: install_trophy_context: Opening file ux0:/user/00/trophy/conf/NPWR10033_00/TROP036.PNG (ux0:/user/00/trophy/conf/NPWR10033_00/TROP036.PNG), fd: 0x3C
[10:19:05.571] |T| [write_file]: install_trophy_context: Writing to fd: 0x3C, size: 103390
[10:19:05.571] |T| [close_file]: install_trophy_context: Closing file fd: 0x3C
[10:19:05.573] |T| [open_file]: install_trophy_context: Opening file ux0:/user/00/trophy/conf/NPWR10033_00/TROP037.PNG (ux0:/user/00/trophy/conf/NPWR10033_00/TROP037.PNG), fd: 0x3D
[10:19:05.574] |T| [write_file]: install_trophy_context: Writing to fd: 0x3D, size: 103390
[10:19:05.575] |T| [close_file]: install_trophy_context: Closing file fd: 0x3D
[10:19:05.576] |T| [open_file]: install_trophy_context: Opening file ux0:/user/00/trophy/conf/NPWR10033_00/TROP038.PNG (ux0:/user/00/trophy/conf/NPWR10033_00/TROP038.PNG), fd: 0x3E
[10:19:05.577] |T| [write_file]: install_trophy_context: Writing to fd: 0x3E, size: 103390
[10:19:05.577] |T| [close_file]: install_trophy_context: Closing file fd: 0x3E
[10:19:05.578] |T| [open_file]: install_trophy_context: Opening file ux0:/user/00/trophy/conf/NPWR10033_00/TROP039.PNG (ux0:/user/00/trophy/conf/NPWR10033_00/TROP039.PNG), fd: 0x3F
[10:19:05.579] |T| [write_file]: install_trophy_context: Writing to fd: 0x3F, size: 103390
[10:19:05.580] |T| [close_file]: install_trophy_context: Closing file fd: 0x3F
[10:19:05.582] |T| [open_file]: install_trophy_context: Opening file ux0:/user/00/trophy/conf/NPWR10033_00/TROP040.PNG (ux0:/user/00/trophy/conf/NPWR10033_00/TROP040.PNG), fd: 0x40
[10:19:05.583] |T| [write_file]: install_trophy_context: Writing to fd: 0x40, size: 103390
[10:19:05.584] |T| [close_file]: install_trophy_context: Closing file fd: 0x40
[10:19:05.584] |T| [open_file]: install_trophy_context: Opening file ux0:/user/00/trophy/conf/NPWR10033_00/TROP041.PNG (ux0:/user/00/trophy/conf/NPWR10033_00/TROP041.PNG), fd: 0x41
[10:19:05.585] |T| [write_file]: install_trophy_context: Writing to fd: 0x41, size: 103649
[10:19:05.586] |T| [close_file]: install_trophy_context: Closing file fd: 0x41
[10:19:05.587] |T| [close_file]: create_trophy_context: Closing file fd: 0xE
[10:19:05.587] |T| [export_sceNpTrophyCreateContext]: Trophy context for NPWR10033_00 create successfuly!
[10:19:07.067] |I| [float_to_half_init]: AVX+F16C instruction set is supported. Using fast f32 to f16 conversion
[10:19:07.103] |W| [unimplemented_impl]: Unimplemented sceCommonDialogUpdate import called.
[10:19:07.107] |W| [stubbed_impl]: Stubbed sceNpTrophyCreateHandle import called. (Stubbed handle with 1)
[10:19:07.108] |W| [stubbed_impl]: Stubbed sceNpTrophyDestroyHandle import called. (Stubbed with SCE_OK)
[10:19:07.112] |I| [export_sceIoOpen]: Opening file: savedata0:data255/system.dat
[10:19:07.112] |T| [open_file]: sceIoOpen: Opening file savedata0:data255/system.dat (ux0:/user/00/savedata/PCSH00241/data255/system.dat), fd: 0x42
[10:19:07.114] |T| [close_file]: sceIoClose: Closing file fd: 0x42
[10:19:07.171] |T| [open_file]: sceAppUtilSaveDataSlotGetParam: Opening file savedata0:/SlotParam_255.bin (ux0:/user/00/savedata/PCSH00241/SlotParam_255.bin), fd: 0x43
[10:19:07.173] |T| [close_file]: sceAppUtilSaveDataSlotGetParam: Closing file fd: 0x43
[10:19:07.175] |I| [export_sceIoOpen]: Opening file: savedata0:data255/system.dat
[10:19:07.175] |T| [open_file]: sceIoOpen: Opening file savedata0:data255/system.dat (ux0:/user/00/savedata/PCSH00241/data255/system.dat), fd: 0x44
[10:19:07.182] |T| [close_file]: sceIoClose: Closing file fd: 0x44
[10:19:16.655] |E| [logging::ret_error_impl]: sceNgsVoiceResume returned SCE_NGS_ERROR_INVALID_STATE (0x804A0010)
[10:19:16.663] |T| [export_sceNgsPatchCreateRouting]: Patching 0xA3A760:0:0 to 0xA41190:0
[10:19:20.287] |E| [open_file]: Missing file at D:/vita3k/ux0/user/00/savedata/PCSH00241/SlotParam_30.bin (target path: savedata0:/SlotParam_30.bin)
[10:19:20.289] |W| [io_error_impl]: open_file (sceAppUtilSaveDataSlotGetParam) returned 0x80010002
[10:19:20.291] |E| [logging::ret_error_impl]: sceAppUtilSaveDataSlotGetParam returned SCE_APPUTIL_ERROR_SAVEDATA_SLOT_NOT_FOUND (0x80100641)
[10:19:20.293] |E| [open_file]: Missing file at D:/vita3k/ux0/user/00/savedata/PCSH00241/SlotParam_29.bin (target path: savedata0:/SlotParam_29.bin)
[10:19:20.294] |W| [io_error_impl]: open_file (sceAppUtilSaveDataSlotGetParam) returned 0x80010002
[10:19:20.295] |E| [open_file]: Missing file at D:/vita3k/ux0/user/00/savedata/PCSH00241/SlotParam_28.bin (target path: savedata0:/SlotParam_28.bin)
[10:19:20.297] |W| [io_error_impl]: open_file (sceAppUtilSaveDataSlotGetParam) returned 0x80010002
[10:19:20.297] |E| [open_file]: Missing file at D:/vita3k/ux0/user/00/savedata/PCSH00241/SlotParam_27.bin (target path: savedata0:/SlotParam_27.bin)
[10:19:20.299] |W| [io_error_impl]: open_file (sceAppUtilSaveDataSlotGetParam) returned 0x80010002
[10:19:20.299] |E| [open_file]: Missing file at D:/vita3k/ux0/user/00/savedata/PCSH00241/SlotParam_26.bin (target path: savedata0:/SlotParam_26.bin)
[10:19:20.302] |W| [io_error_impl]: open_file (sceAppUtilSaveDataSlotGetParam) returned 0x80010002
[10:19:20.303] |E| [open_file]: Missing file at D:/vita3k/ux0/user/00/savedata/PCSH00241/SlotParam_25.bin (target path: savedata0:/SlotParam_25.bin)
[10:19:20.304] |W| [io_error_impl]: open_file (sceAppUtilSaveDataSlotGetParam) returned 0x80010002
[10:19:20.305] |E| [open_file]: Missing file at D:/vita3k/ux0/user/00/savedata/PCSH00241/SlotParam_24.bin (target path: savedata0:/SlotParam_24.bin)
[10:19:20.307] |W| [io_error_impl]: open_file (sceAppUtilSaveDataSlotGetParam) returned 0x80010002
[10:19:20.307] |E| [open_file]: Missing file at D:/vita3k/ux0/user/00/savedata/PCSH00241/SlotParam_23.bin (target path: savedata0:/SlotParam_23.bin)
[10:19:20.308] |W| [io_error_impl]: open_file (sceAppUtilSaveDataSlotGetParam) returned 0x80010002
[10:19:20.309] |E| [open_file]: Missing file at D:/vita3k/ux0/user/00/savedata/PCSH00241/SlotParam_22.bin (target path: savedata0:/SlotParam_22.bin)
[10:19:20.310] |W| [io_error_impl]: open_file (sceAppUtilSaveDataSlotGetParam) returned 0x80010002
[10:19:20.311] |E| [open_file]: Missing file at D:/vita3k/ux0/user/00/savedata/PCSH00241/SlotParam_21.bin (target path: savedata0:/SlotParam_21.bin)
[10:19:20.311] |W| [io_error_impl]: open_file (sceAppUtilSaveDataSlotGetParam) returned 0x80010002
[10:19:20.312] |E| [open_file]: Missing file at D:/vita3k/ux0/user/00/savedata/PCSH00241/SlotParam_20.bin (target path: savedata0:/SlotParam_20.bin)
[10:19:20.313] |W| [io_error_impl]: open_file (sceAppUtilSaveDataSlotGetParam) returned 0x80010002
[10:19:20.314] |E| [open_file]: Missing file at D:/vita3k/ux0/user/00/savedata/PCSH00241/SlotParam_19.bin (target path: savedata0:/SlotParam_19.bin)
[10:19:20.314] |W| [io_error_impl]: open_file (sceAppUtilSaveDataSlotGetParam) returned 0x80010002
[10:19:20.315] |E| [open_file]: Missing file at D:/vita3k/ux0/user/00/savedata/PCSH00241/SlotParam_18.bin (target path: savedata0:/SlotParam_18.bin)
[10:19:20.319] |W| [io_error_impl]: open_file (sceAppUtilSaveDataSlotGetParam) returned 0x80010002
[10:19:20.322] |E| [open_file]: Missing file at D:/vita3k/ux0/user/00/savedata/PCSH00241/SlotParam_17.bin (target path: savedata0:/SlotParam_17.bin)
[10:19:20.323] |W| [io_error_impl]: open_file (sceAppUtilSaveDataSlotGetParam) returned 0x80010002
[10:19:20.324] |E| [open_file]: Missing file at D:/vita3k/ux0/user/00/savedata/PCSH00241/SlotParam_16.bin (target path: savedata0:/SlotParam_16.bin)
[10:19:20.325] |W| [io_error_impl]: open_file (sceAppUtilSaveDataSlotGetParam) returned 0x80010002
[10:19:20.325] |E| [open_file]: Missing file at D:/vita3k/ux0/user/00/savedata/PCSH00241/SlotParam_15.bin (target path: savedata0:/SlotParam_15.bin)
[10:19:20.326] |W| [io_error_impl]: open_file (sceAppUtilSaveDataSlotGetParam) returned 0x80010002
[10:19:20.327] |E| [open_file]: Missing file at D:/vita3k/ux0/user/00/savedata/PCSH00241/SlotParam_14.bin (target path: savedata0:/SlotParam_14.bin)
[10:19:20.328] |W| [io_error_impl]: open_file (sceAppUtilSaveDataSlotGetParam) returned 0x80010002
[10:19:20.328] |E| [open_file]: Missing file at D:/vita3k/ux0/user/00/savedata/PCSH00241/SlotParam_13.bin (target path: savedata0:/SlotParam_13.bin)
[10:19:20.329] |W| [io_error_impl]: open_file (sceAppUtilSaveDataSlotGetParam) returned 0x80010002
[10:19:20.330] |E| [open_file]: Missing file at D:/vita3k/ux0/user/00/savedata/PCSH00241/SlotParam_12.bin (target path: savedata0:/SlotParam_12.bin)
[10:19:20.331] |W| [io_error_impl]: open_file (sceAppUtilSaveDataSlotGetParam) returned 0x80010002
[10:19:20.335] |E| [open_file]: Missing file at D:/vita3k/ux0/user/00/savedata/PCSH00241/SlotParam_11.bin (target path: savedata0:/SlotParam_11.bin)
[10:19:20.336] |W| [io_error_impl]: open_file (sceAppUtilSaveDataSlotGetParam) returned 0x80010002
[10:19:20.336] |E| [open_file]: Missing file at D:/vita3k/ux0/user/00/savedata/PCSH00241/SlotParam_10.bin (target path: savedata0:/SlotParam_10.bin)
[10:19:20.337] |W| [io_error_impl]: open_file (sceAppUtilSaveDataSlotGetParam) returned 0x80010002
[10:19:20.338] |E| [open_file]: Missing file at D:/vita3k/ux0/user/00/savedata/PCSH00241/SlotParam_9.bin (target path: savedata0:/SlotParam_9.bin)
[10:19:20.339] |W| [io_error_impl]: open_file (sceAppUtilSaveDataSlotGetParam) returned 0x80010002
[10:19:20.340] |E| [open_file]: Missing file at D:/vita3k/ux0/user/00/savedata/PCSH00241/SlotParam_8.bin (target path: savedata0:/SlotParam_8.bin)
[10:19:20.344] |W| [io_error_impl]: open_file (sceAppUtilSaveDataSlotGetParam) returned 0x80010002
[10:19:20.345] |E| [open_file]: Missing file at D:/vita3k/ux0/user/00/savedata/PCSH00241/SlotParam_7.bin (target path: savedata0:/SlotParam_7.bin)
[10:19:20.346] |W| [io_error_impl]: open_file (sceAppUtilSaveDataSlotGetParam) returned 0x80010002
[10:19:20.348] |E| [open_file]: Missing file at D:/vita3k/ux0/user/00/savedata/PCSH00241/SlotParam_6.bin (target path: savedata0:/SlotParam_6.bin)
[10:19:20.351] |W| [io_error_impl]: open_file (sceAppUtilSaveDataSlotGetParam) returned 0x80010002
[10:19:20.352] |E| [open_file]: Missing file at D:/vita3k/ux0/user/00/savedata/PCSH00241/SlotParam_5.bin (target path: savedata0:/SlotParam_5.bin)
[10:19:20.353] |W| [io_error_impl]: open_file (sceAppUtilSaveDataSlotGetParam) returned 0x80010002
[10:19:20.355] |E| [open_file]: Missing file at D:/vita3k/ux0/user/00/savedata/PCSH00241/SlotParam_4.bin (target path: savedata0:/SlotParam_4.bin)
[10:19:20.356] |W| [io_error_impl]: open_file (sceAppUtilSaveDataSlotGetParam) returned 0x80010002
[10:19:20.357] |E| [open_file]: Missing file at D:/vita3k/ux0/user/00/savedata/PCSH00241/SlotParam_3.bin (target path: savedata0:/SlotParam_3.bin)
[10:19:20.359] |W| [io_error_impl]: open_file (sceAppUtilSaveDataSlotGetParam) returned 0x80010002
[10:19:20.359] |E| [open_file]: Missing file at D:/vita3k/ux0/user/00/savedata/PCSH00241/SlotParam_2.bin (target path: savedata0:/SlotParam_2.bin)
[10:19:20.360] |W| [io_error_impl]: open_file (sceAppUtilSaveDataSlotGetParam) returned 0x80010002
[10:19:20.361] |E| [open_file]: Missing file at D:/vita3k/ux0/user/00/savedata/PCSH00241/SlotParam_1.bin (target path: savedata0:/SlotParam_1.bin)
[10:19:20.362] |W| [io_error_impl]: open_file (sceAppUtilSaveDataSlotGetParam) returned 0x80010002
[10:19:20.365] |E| [open_file]: Missing file at D:/vita3k/ux0/user/00/savedata/PCSH00241/SlotParam_0.bin (target path: savedata0:/SlotParam_0.bin)
[10:19:20.367] |W| [io_error_impl]: open_file (sceAppUtilSaveDataSlotGetParam) returned 0x80010002
[10:19:21.345] |I| [export_sceIoOpen]: Opening file: app0:movie/EVBTL000.usm
[10:19:21.346] |T| [open_file]: sceIoOpen: Opening file app0:movie/EVBTL000.usm (ux0:/app/PCSH00241/movie/EVBTL000.usm), fd: 0x45
[10:19:21.675] |T| [export_sceNgsPatchCreateRouting]: Patching 0xA35DA0:0:0 to 0xA41190:0
[10:19:32.942] |E| [logging::ret_error_impl]: sceAvcdecDecodeFlush returned SCE_AVCDEC_ERROR_INVALID_PARAM (0x80620002)
[10:19:32.974] |T| [close_file]: sceIoClose: Closing file fd: 0x45
[10:19:33.017] |I| [export_sceIoOpen]: Opening file: sa0:data/font/pvf/jpn0.pvf
[10:19:33.017] |T| [open_file]: sceIoOpen: Opening file sa0:data/font/pvf/jpn0.pvf (sa0:/data/font/pvf/jpn0.pvf), fd: 0x46
[10:19:33.019] |I| [export_sceClibPrintf]: LIBPVF>>> FILE: sa0:data/font/pvf/jpn0.pvf

[10:19:33.020] |W| [unimplemented_impl]: Unimplemented sceIoIoctl import called.
[10:19:33.025] |T| [close_file]: sceIoClose: Closing file fd: 0x46
[10:19:35.691] |T| [export_sceNgsPatchCreateRouting]: Patching 0xA2DA00:0:0 to 0xA41190:0
[10:19:45.806] |E| [logging::ret_error_impl]: _sceKernelStartThread returned res (0x80028029)
[10:20:22.760] |I| [export_sceIoOpen]: Opening file: app0:movie/EVBTL000.usm
[10:20:22.761] |T| [open_file]: sceIoOpen: Opening file app0:movie/EVBTL000.usm (ux0:/app/PCSH00241/movie/EVBTL000.usm), fd: 0x47
[10:21:09.994] |T| [close_file]: sceIoClose: Closing file fd: 0x47
[10:21:14.395] |T| [export_sceNgsPatchCreateRouting]: Patching 0xA2DF10:0:0 to 0xA41190:0
[10:21:20.926] |T| [export_sceNgsPatchCreateRouting]: Patching 0xA3AC7C:0:0 to 0xA41190:0
[10:21:21.593] |T| [export_sceNgsPatchCreateRouting]: Patching 0xA3B198:0:0 to 0xA41190:0
[10:21:29.496] |T| [export_sceNgsPatchCreateRouting]: Patching 0xA2E420:0:0 to 0xA41190:0
[10:21:29.563] |T| [export_sceNgsPatchCreateRouting]: Patching 0xA2E930:0:0 to 0xA41190:0
[10:21:29.729] |T| [export_sceNgsPatchCreateRouting]: Patching 0xA2EE40:0:0 to 0xA41190:0
[10:21:37.318] |E| [stat_file]: Cannot find device for path: data/stageComment/990_10/script.lua
[10:21:37.319] |W| [io_error_impl]: stat_file (_sceIoGetstat) returned 0x80010002
[10:24:45.200] |I| [export_sceIoOpen]: Opening file: sa0:data/font/pvf/jpn0.pvf
[10:24:45.200] |T| [open_file]: sceIoOpen: Opening file sa0:data/font/pvf/jpn0.pvf (sa0:/data/font/pvf/jpn0.pvf), fd: 0x48
[10:24:45.202] |I| [export_sceClibPrintf]: LIBPVF>>> FILE: sa0:data/font/pvf/jpn0.pvf

[10:24:45.206] |T| [close_file]: sceIoClose: Closing file fd: 0x48
[10:24:45.343] |I| [renderer::vulkan::PipelineCache::retrieve_shader]: Generating vulkan spv shader b95ce5ebe549d4cdd2c947b179b44be1e621f98d3838d2c8da544133699902c9
[10:24:45.345] |I| [renderer::load_shader_generic]: Generating frag.spv.txt shader b95ce5ebe549d4cdd2c947b179b44be1e621f98d3838d2c8da544133699902c9
[10:24:45.370] |D| [shader::create_fragment_inputs]: Iterator: pa0 = (half4) v_Color0
[10:24:45.371] |T| [shader::create_fragment_inputs]: pa2 = tex2D<half4>(uDiffuseTexture, TEXCOORD0.xy)
[10:24:45.372] |T| [shader::usse::USSERecompiler::compile_code_node]: Compiling code_0, size = 3
[10:24:45.427] |T| [export_sceNgsPatchCreateRouting]: Patching 0xA362B0:0:0 to 0xA41190:0
[10:24:50.400] |I| [renderer::vulkan::PipelineCache::retrieve_shader]: Generating vulkan spv shader 9638e76aa018c2411c0e00948fc8fb4def12ce0a9f915d6290ec9800228e8322
[10:24:50.402] |I| [renderer::load_shader_generic]: Generating frag.spv.txt shader 9638e76aa018c2411c0e00948fc8fb4def12ce0a9f915d6290ec9800228e8322
[10:24:50.497] |D| [shader::create_parameters]: [DEFAULT  + 0] sa0 = (half3) uMaterial_emission
[10:24:50.498] |D| [shader::create_parameters]: [DEFAULT  + 2] sa2 = (half4) uMaterial_ambient
[10:24:50.499] |D| [shader::create_fragment_inputs]: Iterator: pa0 = (half4) v_TexCoord2
[10:24:50.499] |T| [shader::create_fragment_inputs]: pa2 = tex2D<half4>(uDiffuse0Texture, TEXCOORD0.xy)
[10:24:50.500] |D| [shader::create_fragment_inputs]: Iterator: pa4 = (half4) v_TexCoord3
[10:24:50.501] |T| [shader::create_fragment_inputs]: pa6 = tex2D<half4>(uSpecularTexture, TEXCOORD0.xy)
[10:24:50.502] |D| [shader::create_fragment_inputs]: Iterator: pa8 = (half4) v_TexCoord4
[10:24:50.502] |D| [shader::create_fragment_inputs]: Iterator: pa10 = (half4) v_TexCoord5
[10:24:50.503] |T| [shader::usse::USSERecompiler::compile_code_node]: Compiling code_0, size = 6
[10:24:53.170] |I| [renderer::vulkan::PipelineCache::retrieve_shader]: Generating vulkan spv shader 28e03c4d1c4b11aa8b19ace28fb5c7dde54b24c1a504403927e6dbf274bf1683
[10:24:53.172] |I| [renderer::load_shader_generic]: Generating frag.spv.txt shader 28e03c4d1c4b11aa8b19ace28fb5c7dde54b24c1a504403927e6dbf274bf1683
[10:24:53.197] |D| [shader::create_fragment_inputs]: Iterator: pa0 = (half4) v_Color0
[10:24:53.198] |T| [shader::create_fragment_inputs]: pa2 = tex2D<half4>(uAmbientTexture, TEXCOORD0.xy)
[10:24:53.199] |T| [shader::create_fragment_inputs]: pa4 = tex2D<half4>(uDiffuseTexture, TEXCOORD1.xy)
[10:24:53.200] |T| [shader::usse::USSERecompiler::compile_code_node]: Compiling code_0, size = 14
[10:25:00.833] |T| [export_sceNgsPatchCreateRouting]: Patching 0xA2F350:0:0 to 0xA41190:0
[10:25:23.022] |I| [renderer::vulkan::PipelineCache::save_pipeline_cache]: Saving pipeline cache...
[10:25:23.023] |I| [renderer::vulkan::PipelineCache::save_pipeline_cache]: Pipeline cache saved
[10:25:39.897] |I| [renderer::vulkan::PipelineCache::retrieve_shader]: Generating vulkan spv shader d3e1e8c7c711d8fd2d35f6157a3bbbc6028f189a9f13a82a61570d78b85ab37a
[10:25:39.899] |I| [renderer::load_shader_generic]: Generating frag.spv.txt shader d3e1e8c7c711d8fd2d35f6157a3bbbc6028f189a9f13a82a61570d78b85ab37a
[10:25:39.914] |D| [shader::create_parameters]: [DEFAULT  + 0] sa0 = (half1) uPaletteColorNumber
[10:25:39.915] |D| [shader::create_parameters]: [DEFAULT  + 2] sa2 = (half4) uMaterial_ambient
[10:25:39.916] |D| [shader::create_fragment_inputs]: Iterator: pa0 = (half4) v_Color0
[10:25:39.919] |T| [shader::create_fragment_inputs]: pa2 = tex2D<half4>(uDiffuseTexture, TEXCOORD0.xy)
[10:25:39.920] |T| [shader::usse::USSERecompiler::compile_code_node]: Compiling code_0, size = 1
[10:25:39.922] |T| [shader::usse::USSERecompiler::compile_code_node]: Compiling code_0, size = 11
[10:26:09.009] |I| [renderer::vulkan::PipelineCache::save_pipeline_cache]: Saving pipeline cache...
[10:26:09.010] |I| [renderer::vulkan::PipelineCache::save_pipeline_cache]: Pipeline cache saved
[10:26:10.076] |I| [export_sceIoOpen]: Opening file: sa0:data/font/pvf/jpn0.pvf
[10:26:10.077] |T| [open_file]: sceIoOpen: Opening file sa0:data/font/pvf/jpn0.pvf (sa0:/data/font/pvf/jpn0.pvf), fd: 0x49
[10:26:10.078] |I| [export_sceClibPrintf]: LIBPVF>>> FILE: sa0:data/font/pvf/jpn0.pvf

[10:26:10.082] |T| [close_file]: sceIoClose: Closing file fd: 0x49
[10:26:17.266] |T| [export_sceNgsPatchCreateRouting]: Patching 0xA2F860:0:0 to 0xA41190:0
[10:26:17.537] |T| [export_sceNgsPatchCreateRouting]: Patching 0xA2FD70:0:0 to 0xA41190:0
[10:26:17.703] |T| [export_sceNgsPatchCreateRouting]: Patching 0xA30280:0:0 to 0xA41190:0
[10:26:20.264] |W| [unimplemented_impl]: Unimplemented sceKernelCallAbortHandler import called.
[10:26:20.265] |T| [write_file]: *** TTY: abort() is called.
