[07:08:49.817] |I| [config::init_config]: backend-renderer: Vulkan
[07:08:49.821] |I| [config::init_config]: log-level: 0
[07:08:49.967] |I| [SDL_main]: Vita3K v0.1.8 3248-5c3754e3
[07:08:49.968] |I| [SDL_main]: Number of logical CPU cores: 2
[07:08:49.968] |I| [SDL_main]: Available ram memory: 3959 MiB
[07:08:50.243] |I| [renderer::vulkan::VKState::create]: Enabling vulkan validation layers (has a performance impact but allows better error messages)
[07:08:51.057] |I| [renderer::vulkan::VKState::create]: Vulkan device: Intel(R) HD Graphics 500
[07:08:51.058] |I| [renderer::vulkan::VKState::create]: Driver version: 101.2111
[07:08:51.106] |I| [renderer::vulkan::VKState::create]: Memory mapping is enabled
[07:08:51.203] |I| [renderer::vulkan::ScreenRenderer::setup]: Present mode: Fifo
[07:08:52.636] |W| [compat::load_compat_app_db]: App with Title ID PCSB00047 has an issue but no status label. Please check GitHub issue 1910 and request a status label be added.
[07:08:52.658] |W| [compat::load_compat_app_db]: App with Title ID PCSB01152 has an issue but no status label. Please check GitHub issue 1909 and request a status label be added.
[07:08:52.658] |W| [compat::load_compat_app_db]: App with Title ID PCSG01166 has an issue but no status label. Please check GitHub issue 1908 and request a status label be added.
[07:08:52.658] |W| [compat::load_compat_app_db]: App with Title ID PCSH10100 has an issue but no status label. Please check GitHub issue 1716 and request a status label be added.
[07:08:52.659] |W| [compat::load_compat_app_db]: App with Title ID PCSE00640 has an issue but no status label. Please check GitHub issue 1678 and request a status label be added.
[07:08:52.659] |W| [compat::load_compat_app_db]: App with Title ID PCSA00158 has an issue but no status label. Please check GitHub issue 1659 and request a status label be added.
[07:08:52.659] |W| [compat::load_compat_app_db]: App with Title ID PCSA00133 has an issue but no status label. Please check GitHub issue 1649 and request a status label be added.
[07:08:53.026] |I| [compat::update_compat_app_db]: Applications compatibility database is up to date.
[07:09:13.241] |I| [load_app_impl]: cpu-backend: Dynarmic
[07:09:13.243] |I| [load_app_impl]: CPU Optimisation state: true
[07:09:13.245] |I| [load_app_impl]: ngs state: true
[07:09:13.246] |I| [load_app_impl]: Resolution multiplier: 1
[07:09:13.248] |I| [load_app_impl]: modules mode: Automatic
[07:09:13.250] |I| [load_app_impl]: Title: Tokyo Twilight Ghost Hunters Daybreak: Special Gigs
[07:09:13.253] |I| [load_app_impl]: Serial: PCSE00924
[07:09:13.255] |I| [load_app_impl]: Version: 1.00
[07:09:13.259] |I| [load_app_impl]: Category: gd
[07:09:13.386] |I| [load_self]: app0:sce_module/libc.suprx: Skipping special segment 0x6fffff01...
[07:09:13.388] |I| [load_self]: Loaded module segment 0 @ [0x00005000 - 0x000568A4 / 0x81000000] (size: 0x000518A4) of module app0:sce_module/libc.suprx
[07:09:13.390] |I| [load_self]: Loaded module segment 1 @ [0x00057000 - 0x000598A0 / 0x81052000] (size: 0x000028A0) of module app0:sce_module/libc.suprx
[07:09:13.391] |I| [load_self]: Linking SELF app0:sce_module/libc.suprx...
[07:09:13.394] |D| [load_var_exports]: 	NID 0x936c8a78 (SYSLYB) at 0x4c314
[07:09:13.395] |D| [load_var_exports]: 	NID 0x6c2224ba (NID_MODULE_INFO) at 0x414dc
[07:09:13.597] |I| [pre_load_module]: Pre-load module SceLibc (at "sce_module/libc.suprx") loaded
[07:09:13.663] |I| [load_self]: app0:sce_module/libfios2.suprx: Skipping special segment 0x6fffff01...
[07:09:13.665] |I| [load_self]: Loaded module segment 0 @ [0x0005A000 - 0x00086CBF / 0x81000000] (size: 0x0002CCBF) of module app0:sce_module/libfios2.suprx
[07:09:13.668] |I| [load_self]: Loaded module segment 1 @ [0x00087000 - 0x0008C255 / 0x8102D000] (size: 0x00005255) of module app0:sce_module/libfios2.suprx
[07:09:13.672] |I| [load_self]: Linking SELF app0:sce_module/libfios2.suprx...
[07:09:13.674] |D| [load_var_exports]: 	NID 0x936c8a78 (SYSLYB) at 0x86bc8
[07:09:13.676] |D| [load_var_exports]: 	NID 0x6c2224ba (NID_MODULE_INFO) at 0x7df08
[07:09:13.678] |I| [pre_load_module]: Pre-load module SceLibFios2 (at "sce_module/libfios2.suprx") loaded
[07:09:13.760] |I| [load_self]: app0:sce_module/libult.suprx: Skipping special segment 0x6fffff01...
[07:09:13.762] |I| [load_self]: Loaded module segment 0 @ [0x0008D000 - 0x000A09BC / 0x81000000] (size: 0x000139BC) of module app0:sce_module/libult.suprx
[07:09:13.767] |I| [load_self]: Loaded module segment 1 @ [0x000A1000 - 0x000A1814 / 0x81014000] (size: 0x00000814) of module app0:sce_module/libult.suprx
[07:09:13.769] |I| [load_self]: Linking SELF app0:sce_module/libult.suprx...
[07:09:13.774] |D| [load_var_exports]: 	NID 0x936c8a78 (SYSLYB) at 0x9f2e8
[07:09:13.775] |D| [load_var_exports]: 	NID 0x6c2224ba (NID_MODULE_INFO) at 0x9c870
[07:09:13.778] |I| [pre_load_module]: Pre-load module SceUlt (at "sce_module/libult.suprx") loaded
[07:09:13.877] |I| [load_self]: Loaded module segment 0 @ [0x000A2000 - 0x000F2F04 / 0x81000000] (size: 0x00050F04) of module vs0:sys/external/libSceFt2.suprx
[07:09:13.900] |I| [load_self]: Loaded module segment 1 @ [0x000F3000 - 0x000F32F4 / 0x81051000] (size: 0x000002F4) of module vs0:sys/external/libSceFt2.suprx
[07:09:13.903] |I| [load_self]: Linking SELF vs0:sys/external/libSceFt2.suprx...
[07:09:13.905] |D| [load_var_exports]: 	NID 0x936c8a78 (SYSLYB) at 0xde7dc
[07:09:13.907] |D| [load_var_exports]: 	NID 0x6c2224ba (NID_MODULE_INFO) at 0xddf10
[07:09:13.909] |I| [pre_load_module]: Pre-load module SceLibft2 (at "sys/external/libSceFt2.suprx") loaded
[07:09:13.979] |I| [load_self]: Loaded module segment 0 @ [0x000F4000 - 0x00103F14 / 0x81000000] (size: 0x0000FF14) of module vs0:sys/external/libpvf.suprx
[07:09:13.985] |I| [load_self]: Loaded module segment 1 @ [0x00104000 - 0x00104008 / 0x81010000] (size: 0x00000008) of module vs0:sys/external/libpvf.suprx
[07:09:13.988] |I| [load_self]: Linking SELF vs0:sys/external/libpvf.suprx...
[07:09:13.990] |D| [load_var_exports]: 	NID 0x936c8a78 (SYSLYB) at 0x102710
[07:09:14.001] |D| [load_var_exports]: 	NID 0x6c2224ba (NID_MODULE_INFO) at 0x102300
[07:09:14.003] |I| [pre_load_module]: Pre-load module SceLibPvf (at "sys/external/libpvf.suprx") loaded
[07:09:14.540] |I| [load_self]: app0:eboot.bin: Skipping special segment 0x6fffff01...
[07:09:14.541] |I| [load_self]: Loaded module segment 0 @ [0x00105000 - 0x0050E5F0 / 0x81000000] (size: 0x004095F0) of module app0:eboot.bin
[07:09:14.546] |I| [load_self]: Loaded module segment 1 @ [0x0050F000 - 0x0053B938 / 0x8140A000] (size: 0x0002C938) of module app0:eboot.bin
[07:09:14.550] |I| [load_self]: Linking SELF app0:eboot.bin...
[07:09:14.553] |D| [load_var_exports]: 	NID 0x6c2224ba (NID_MODULE_INFO) at 0x3abfb4
[07:09:14.556] |D| [load_var_exports]: 	NID 0x70fba1e7 (SCE_PROC_PARAMS) at 0x512cbc
[07:09:14.558] |D| [load_var_exports]: 	NID 0x936c8a78 (SYSLYB) at 0x4d14e8
[07:09:14.579] |I| [load_app_impl]: Main executable appvita (eboot.bin) loaded
[07:09:14.633] |D| [run_app]: Running module_start of library: SceLibc at address 0x5871
[07:09:14.810] |T| [open_file]: sceKernelGetStdin: Opening terminal tty0:
[07:09:14.812] |T| [open_file]: sceKernelGetStdout: Opening terminal tty0:
[07:09:14.814] |T| [open_file]: sceKernelGetStderr: Opening terminal tty0:
[07:09:14.848] |I| [run_app]: Module SceLibc (at "app0:sce_module/libc.suprx") module_start returned 0x0
[07:09:14.933] |D| [run_app]: Running module_start of library: SceLibFios2 at address 0x5a001
[07:09:14.983] |W| [stubbed_impl]: Stubbed sceKernelGetProcessId import called. (pid: 0)
[07:09:15.058] |I| [run_app]: Module SceLibFios2 (at "app0:sce_module/libfios2.suprx") module_start returned 0x0
[07:09:15.069] |D| [run_app]: Running module_start of library: SceUlt at address 0x90771
[07:09:15.115] |W| [unimplemented_impl]: Unimplemented _sceUlobjMgrRegisterLibultProtocolRevision import called.
[07:09:15.117] |I| [run_app]: Module SceUlt (at "app0:sce_module/libult.suprx") module_start returned 0x0
[07:09:15.523] |W| [stubbed_impl]: Stubbed sceKernelGetFreeMemorySize import called. (Single pool)
[07:09:31.382] |C| [renderer::vulkan::VKState::map_memory]: No coherent memory available for memory mapping, this may be caused by an old driver!
[07:09:32.922] |W| [stubbed_impl]: Stubbed sceGxmMapFragmentUsseMemory import called. (always return success)
[07:09:36.160] |W| [stubbed_impl]: Stubbed sceGxmMapVertexUsseMemory import called. (always return success)
[07:09:36.763] |W| [unimplemented_impl]: Unimplemented sceAppUtilInit import called.
[07:09:37.472] |E| [logging::ret_error_impl]: sceSysmoduleIsLoaded returned SCE_SYSMODULE_ERROR_UNLOADED (0x805a1001)
[07:09:39.346] |I| [export_sceIoOpen]: Opening file: app0:d01.dat
[07:09:39.552] |T| [open_file]: sceIoOpen: Opening file app0:d01.dat (ux0:/app/PCSE00924/d01.dat), fd: 0x3
[07:09:41.559] |I| [renderer::vulkan::PipelineCache::retrieve_shader]: Generating vulkan spv shader 383a0810ab0ce0e6a7277dee46712454f2b0b0b55a2cff4e0afbd84c6bf1ee08
[07:09:41.625] |I| [renderer::load_shader_generic]: Generating vert.spv.txt shader 383a0810ab0ce0e6a7277dee46712454f2b0b0b55a2cff4e0afbd84c6bf1ee08
[07:09:41.778] |D| [shader::create_parameters]: [BUFFER0  + 0] pa0 = (float4) IN_a_pos
[07:09:41.779] |D| [shader::create_parameters]: [BUFFER0  + 4] pa4 = (float4) IN_a_color
[07:09:41.784] |T| [shader::usse::USSERecompiler::compile_code_node]: Compiling code_0, size = 5
[07:09:43.169] |I| [renderer::vulkan::PipelineCache::retrieve_shader]: Generating vulkan spv shader d6d4a19aab880eee821d397976656186647a63c3d5138b64aa89041474ebace5
[07:09:43.173] |I| [renderer::load_shader_generic]: Generating frag.spv.txt shader d6d4a19aab880eee821d397976656186647a63c3d5138b64aa89041474ebace5
[07:09:43.179] |D| [shader::create_fragment_inputs]: Iterator: pa0 = (float4) v_Color0
[07:09:43.182] |T| [shader::usse::USSERecompiler::compile_code_node]: Compiling code_0, size = 2
[07:09:44.414] |T| [close_file]: sceIoClose: Closing file fd: 0x3
[07:09:44.823] |I| [export_sceIoOpen]: Opening file: app0:d01.dat
[07:09:44.826] |T| [open_file]: sceIoOpen: Opening file app0:d01.dat (ux0:/app/PCSE00924/d01.dat), fd: 0x4
[07:09:46.383] |T| [close_file]: sceIoClose: Closing file fd: 0x4
[07:09:46.384] |I| [export_sceIoOpen]: Opening file: app0:d01.dat
[07:09:46.387] |T| [open_file]: sceIoOpen: Opening file app0:d01.dat (ux0:/app/PCSE00924/d01.dat), fd: 0x5
[07:09:46.478] |T| [close_file]: sceIoClose: Closing file fd: 0x5
[07:09:46.483] |I| [export_sceIoOpen]: Opening file: app0:d01.dat
[07:09:46.484] |T| [open_file]: sceIoOpen: Opening file app0:d01.dat (ux0:/app/PCSE00924/d01.dat), fd: 0x6
[07:09:46.529] |T| [close_file]: sceIoClose: Closing file fd: 0x6
[07:09:46.533] |I| [export_sceIoOpen]: Opening file: app0:d01.dat
[07:09:46.536] |T| [open_file]: sceIoOpen: Opening file app0:d01.dat (ux0:/app/PCSE00924/d01.dat), fd: 0x7
[07:09:46.621] |T| [close_file]: sceIoClose: Closing file fd: 0x7
[07:09:46.622] |I| [export_sceIoOpen]: Opening file: app0:d05.dat
[07:09:46.625] |T| [open_file]: sceIoOpen: Opening file app0:d05.dat (ux0:/app/PCSE00924/d05.dat), fd: 0x8
[07:09:47.159] |T| [close_file]: sceIoClose: Closing file fd: 0x8
[07:09:47.160] |I| [export_sceIoOpen]: Opening file: app0:d05.dat
[07:09:47.167] |T| [open_file]: sceIoOpen: Opening file app0:d05.dat (ux0:/app/PCSE00924/d05.dat), fd: 0x9
[07:09:47.491] |T| [close_file]: sceIoClose: Closing file fd: 0x9
[07:09:47.494] |I| [export_sceIoOpen]: Opening file: app0:d05.dat
[07:09:47.498] |T| [open_file]: sceIoOpen: Opening file app0:d05.dat (ux0:/app/PCSE00924/d05.dat), fd: 0xa
[07:09:47.703] |T| [close_file]: sceIoClose: Closing file fd: 0xa
[07:09:47.704] |I| [export_sceIoOpen]: Opening file: app0:d04.dat
[07:09:47.832] |T| [open_file]: sceIoOpen: Opening file app0:d04.dat (ux0:/app/PCSE00924/d04.dat), fd: 0xb
[07:09:47.885] |T| [close_file]: sceIoClose: Closing file fd: 0xb
[07:09:47.886] |I| [export_sceIoOpen]: Opening file: app0:d04.dat
[07:09:47.889] |T| [open_file]: sceIoOpen: Opening file app0:d04.dat (ux0:/app/PCSE00924/d04.dat), fd: 0xc
[07:09:48.373] |I| [renderer::vulkan::PipelineCache::retrieve_shader]: Generating vulkan spv shader 3292c2ee6fed2b092ad0430159313adc248a84fb718e1a6d7dcca96fad546c8c
[07:09:48.377] |I| [renderer::load_shader_generic]: Generating vert.spv.txt shader 3292c2ee6fed2b092ad0430159313adc248a84fb718e1a6d7dcca96fad546c8c
[07:09:48.384] |D| [shader::create_parameters]: [BUFFER0  + 0] pa0 = (float4) IN_a_pos
[07:09:48.386] |D| [shader::create_parameters]: [BUFFER0  + 4] pa4 = (float4) IN_a_color
[07:09:48.387] |D| [shader::create_parameters]: [DEFAULT  + 0] sa0 = (float4) mtxMVP[4]
[07:09:48.390] |T| [shader::usse::USSERecompiler::compile_code_node]: Compiling code_0, size = 5
[07:09:48.418] |I| [renderer::vulkan::PipelineCache::retrieve_shader]: Generating vulkan spv shader bd96b1d60bf1b5d55fabfd7d37c14a3afea3a703ddd6a742dfc7bed5fce95439
[07:09:48.420] |I| [renderer::load_shader_generic]: Generating frag.spv.txt shader bd96b1d60bf1b5d55fabfd7d37c14a3afea3a703ddd6a742dfc7bed5fce95439
[07:09:48.426] |D| [shader::create_fragment_inputs]: Iterator: pa0 = (float4) v_Color0
[07:09:48.426] |T| [shader::usse::USSERecompiler::compile_code_node]: Compiling code_0, size = 2
[07:09:48.541] |I| [renderer::vulkan::PipelineCache::retrieve_shader]: Generating vulkan spv shader 1c68a26575e992baa0dffbb7b74254cd96b4725717c9d4288e23e9fae3350c60
[07:09:48.545] |I| [renderer::load_shader_generic]: Generating vert.spv.txt shader 1c68a26575e992baa0dffbb7b74254cd96b4725717c9d4288e23e9fae3350c60
[07:09:48.551] |D| [shader::create_parameters]: [BUFFER0  + 0] pa0 = (float4) IN_a_pos
[07:09:48.553] |D| [shader::create_parameters]: [BUFFER0  + 4] pa4 = (float4) IN_a_color
[07:09:48.554] |D| [shader::create_parameters]: [BUFFER0  + 8] pa8 = (float4) IN_a_uv0
[07:09:48.558] |D| [shader::create_parameters]: [DEFAULT  + 0] sa0 = (float4) mtxMVP[4]
[07:09:48.560] |T| [shader::usse::USSERecompiler::compile_code_node]: Compiling code_0, size = 5
[07:09:48.633] |I| [renderer::vulkan::PipelineCache::retrieve_shader]: Generating vulkan spv shader 0a2cef5acfbf8aae27912dcef688dc0fa9985dd59df026b7f9b887d76b1ae893
[07:09:48.638] |I| [renderer::load_shader_generic]: Generating frag.spv.txt shader 0a2cef5acfbf8aae27912dcef688dc0fa9985dd59df026b7f9b887d76b1ae893
[07:09:48.644] |D| [shader::create_fragment_inputs]: Iterator: pa0 = (float4) v_Color0
[07:09:48.708] |T| [shader::create_fragment_inputs]: pa4 = tex2D<float4>(tex0, TEXCOORD0.xy)
[07:09:48.710] |T| [shader::usse::USSERecompiler::compile_code_node]: Compiling code_0, size = 5
[07:09:48.818] |T| [close_file]: sceIoClose: Closing file fd: 0xc
[07:09:48.819] |I| [export_sceIoOpen]: Opening file: app0:d01.dat
[07:09:48.821] |T| [open_file]: sceIoOpen: Opening file app0:d01.dat (ux0:/app/PCSE00924/d01.dat), fd: 0xd
[07:09:49.042] |E| [open_file]: Missing file at D:/GAMESANDEMULATORS/Vita3K/storage/ux0/user/00/savedata/PCSE00924/SlotParam_0.bin (target path: savedata0:/SlotParam_0.bin)
[07:09:49.047] |W| [io_error_impl]: open_file (sceAppUtilSaveDataSlotGetParam) returned 0x80010002
[07:09:49.049] |E| [logging::ret_error_impl]: sceAppUtilSaveDataSlotGetParam returned SCE_APPUTIL_ERROR_SAVEDATA_SLOT_NOT_FOUND (0x80100641)
[07:09:49.069] |I| [export_sceIoOpen]: Opening file: savedata0:SYSTEM.BIN
[07:09:49.072] |E| [open_file]: Missing file at D:/GAMESANDEMULATORS/Vita3K/storage/ux0/user/00/savedata/PCSE00924/SYSTEM.BIN (target path: savedata0:SYSTEM.BIN)
[07:09:49.075] |W| [io_error_impl]: open_file (sceIoOpen) returned 0x80010002
[07:09:49.082] |I| [export_sceIoOpen]: Opening file: savedata0:GAME01.BIN
[07:09:49.084] |E| [open_file]: Missing file at D:/GAMESANDEMULATORS/Vita3K/storage/ux0/user/00/savedata/PCSE00924/GAME01.BIN (target path: savedata0:GAME01.BIN)
[07:09:49.088] |W| [io_error_impl]: open_file (sceIoOpen) returned 0x80010002
[07:09:49.090] |I| [export_sceIoOpen]: Opening file: savedata0:GAME02.BIN
[07:09:49.093] |E| [open_file]: Missing file at D:/GAMESANDEMULATORS/Vita3K/storage/ux0/user/00/savedata/PCSE00924/GAME02.BIN (target path: savedata0:GAME02.BIN)
[07:09:49.096] |W| [io_error_impl]: open_file (sceIoOpen) returned 0x80010002
[07:09:49.100] |I| [export_sceIoOpen]: Opening file: savedata0:GAME03.BIN
[07:09:49.104] |E| [open_file]: Missing file at D:/GAMESANDEMULATORS/Vita3K/storage/ux0/user/00/savedata/PCSE00924/GAME03.BIN (target path: savedata0:GAME03.BIN)
[07:09:49.107] |W| [io_error_impl]: open_file (sceIoOpen) returned 0x80010002
[07:09:49.109] |I| [export_sceIoOpen]: Opening file: savedata0:GAME04.BIN
[07:09:49.113] |E| [open_file]: Missing file at D:/GAMESANDEMULATORS/Vita3K/storage/ux0/user/00/savedata/PCSE00924/GAME04.BIN (target path: savedata0:GAME04.BIN)
[07:09:49.116] |W| [io_error_impl]: open_file (sceIoOpen) returned 0x80010002
[07:09:49.119] |I| [export_sceIoOpen]: Opening file: savedata0:GAME05.BIN
[07:09:49.121] |E| [open_file]: Missing file at D:/GAMESANDEMULATORS/Vita3K/storage/ux0/user/00/savedata/PCSE00924/GAME05.BIN (target path: savedata0:GAME05.BIN)
[07:09:49.125] |W| [io_error_impl]: open_file (sceIoOpen) returned 0x80010002
[07:09:49.127] |I| [export_sceIoOpen]: Opening file: savedata0:GAME06.BIN
[07:09:49.130] |E| [open_file]: Missing file at D:/GAMESANDEMULATORS/Vita3K/storage/ux0/user/00/savedata/PCSE00924/GAME06.BIN (target path: savedata0:GAME06.BIN)
[07:09:49.140] |W| [io_error_impl]: open_file (sceIoOpen) returned 0x80010002
[07:09:49.142] |I| [export_sceIoOpen]: Opening file: savedata0:GAME07.BIN
[07:09:49.145] |E| [open_file]: Missing file at D:/GAMESANDEMULATORS/Vita3K/storage/ux0/user/00/savedata/PCSE00924/GAME07.BIN (target path: savedata0:GAME07.BIN)
[07:09:49.153] |W| [io_error_impl]: open_file (sceIoOpen) returned 0x80010002
[07:09:49.158] |I| [export_sceIoOpen]: Opening file: savedata0:GAME08.BIN
[07:09:49.162] |E| [open_file]: Missing file at D:/GAMESANDEMULATORS/Vita3K/storage/ux0/user/00/savedata/PCSE00924/GAME08.BIN (target path: savedata0:GAME08.BIN)
[07:09:49.168] |W| [io_error_impl]: open_file (sceIoOpen) returned 0x80010002
[07:09:49.169] |I| [export_sceIoOpen]: Opening file: savedata0:GAME09.BIN
[07:09:49.172] |E| [open_file]: Missing file at D:/GAMESANDEMULATORS/Vita3K/storage/ux0/user/00/savedata/PCSE00924/GAME09.BIN (target path: savedata0:GAME09.BIN)
[07:09:49.174] |W| [io_error_impl]: open_file (sceIoOpen) returned 0x80010002
[07:09:49.176] |I| [export_sceIoOpen]: Opening file: savedata0:GAME10.BIN
[07:09:49.178] |E| [open_file]: Missing file at D:/GAMESANDEMULATORS/Vita3K/storage/ux0/user/00/savedata/PCSE00924/GAME10.BIN (target path: savedata0:GAME10.BIN)
[07:09:49.181] |W| [io_error_impl]: open_file (sceIoOpen) returned 0x80010002
[07:09:49.186] |I| [export_sceIoOpen]: Opening file: savedata0:GAME11.BIN
[07:09:49.188] |E| [open_file]: Missing file at D:/GAMESANDEMULATORS/Vita3K/storage/ux0/user/00/savedata/PCSE00924/GAME11.BIN (target path: savedata0:GAME11.BIN)
[07:09:49.191] |W| [io_error_impl]: open_file (sceIoOpen) returned 0x80010002
[07:09:49.192] |I| [export_sceIoOpen]: Opening file: savedata0:GAME12.BIN
[07:09:49.195] |E| [open_file]: Missing file at D:/GAMESANDEMULATORS/Vita3K/storage/ux0/user/00/savedata/PCSE00924/GAME12.BIN (target path: savedata0:GAME12.BIN)
[07:09:49.201] |W| [io_error_impl]: open_file (sceIoOpen) returned 0x80010002
[07:09:49.202] |I| [export_sceIoOpen]: Opening file: savedata0:GAME13.BIN
[07:09:49.205] |E| [open_file]: Missing file at D:/GAMESANDEMULATORS/Vita3K/storage/ux0/user/00/savedata/PCSE00924/GAME13.BIN (target path: savedata0:GAME13.BIN)
[07:09:49.207] |W| [io_error_impl]: open_file (sceIoOpen) returned 0x80010002
[07:09:50.103] |T| [open_file]: create_trophy_context: Opening file app0:/sce_sys/trophy/NPWR11385_00/TROPHY.TRP (ux0:/app/PCSE00924/sce_sys/trophy/NPWR11385_00/TROPHY.TRP), fd: 0xe
[07:09:50.166] |T| [open_file]: create_trophy_context: Opening file ux0:/user/00/trophy/data/NPWR11385_00/TROPUSR.DAT (ux0:/user/00/trophy/data/NPWR11385_00/TROPUSR.DAT), fd: 0xf
[07:09:50.607] |T| [open_file]: install_trophy_context: Opening file ux0:/user/00/trophy/conf/NPWR11385_00/TROPCONF.SFM (ux0:/user/00/trophy/conf/NPWR11385_00/TROPCONF.SFM), fd: 0x10
[07:09:50.617] |T| [write_file]: install_trophy_context: Writing to fd: 0x10, size: 3349
[07:09:50.620] |T| [close_file]: install_trophy_context: Closing file fd: 0x10
[07:09:50.917] |T| [open_file]: install_trophy_context: Opening file ux0:/user/00/trophy/conf/NPWR11385_00/TROP.SFM (ux0:/user/00/trophy/conf/NPWR11385_00/TROP.SFM), fd: 0x11
[07:09:50.920] |T| [write_file]: install_trophy_context: Writing to fd: 0x11, size: 8667
[07:09:50.924] |T| [close_file]: install_trophy_context: Closing file fd: 0x11
[07:09:51.180] |T| [open_file]: install_trophy_context: Opening file ux0:/user/00/trophy/conf/NPWR11385_00/ICON0.PNG (ux0:/user/00/trophy/conf/NPWR11385_00/ICON0.PNG), fd: 0x12
[07:09:51.198] |T| [write_file]: install_trophy_context: Writing to fd: 0x12, size: 81385
[07:09:51.201] |T| [close_file]: install_trophy_context: Closing file fd: 0x12
[07:09:51.458] |T| [open_file]: install_trophy_context: Opening file ux0:/user/00/trophy/conf/NPWR11385_00/TROP000.PNG (ux0:/user/00/trophy/conf/NPWR11385_00/TROP000.PNG), fd: 0x13
[07:09:51.467] |T| [write_file]: install_trophy_context: Writing to fd: 0x13, size: 69016
[07:09:51.468] |T| [close_file]: install_trophy_context: Closing file fd: 0x13
[07:09:51.561] |T| [open_file]: install_trophy_context: Opening file ux0:/user/00/trophy/conf/NPWR11385_00/TROP001.PNG (ux0:/user/00/trophy/conf/NPWR11385_00/TROP001.PNG), fd: 0x14
[07:09:51.565] |T| [write_file]: install_trophy_context: Writing to fd: 0x14, size: 82770
[07:09:51.567] |T| [close_file]: install_trophy_context: Closing file fd: 0x14
[07:09:51.635] |T| [open_file]: install_trophy_context: Opening file ux0:/user/00/trophy/conf/NPWR11385_00/TROP002.PNG (ux0:/user/00/trophy/conf/NPWR11385_00/TROP002.PNG), fd: 0x15
[07:09:51.639] |T| [write_file]: install_trophy_context: Writing to fd: 0x15, size: 92164
[07:09:51.642] |T| [close_file]: install_trophy_context: Closing file fd: 0x15
[07:09:51.976] |T| [open_file]: install_trophy_context: Opening file ux0:/user/00/trophy/conf/NPWR11385_00/TROP003.PNG (ux0:/user/00/trophy/conf/NPWR11385_00/TROP003.PNG), fd: 0x16
[07:09:51.985] |T| [write_file]: install_trophy_context: Writing to fd: 0x16, size: 91751
[07:09:51.987] |T| [close_file]: install_trophy_context: Closing file fd: 0x16
[07:09:52.237] |T| [open_file]: install_trophy_context: Opening file ux0:/user/00/trophy/conf/NPWR11385_00/TROP004.PNG (ux0:/user/00/trophy/conf/NPWR11385_00/TROP004.PNG), fd: 0x17
[07:09:52.241] |T| [write_file]: install_trophy_context: Writing to fd: 0x17, size: 56713
[07:09:52.246] |T| [close_file]: install_trophy_context: Closing file fd: 0x17
[07:09:52.484] |T| [open_file]: install_trophy_context: Opening file ux0:/user/00/trophy/conf/NPWR11385_00/TROP005.PNG (ux0:/user/00/trophy/conf/NPWR11385_00/TROP005.PNG), fd: 0x18
[07:09:52.489] |T| [write_file]: install_trophy_context: Writing to fd: 0x18, size: 84918
[07:09:52.493] |T| [close_file]: install_trophy_context: Closing file fd: 0x18
[07:09:52.562] |T| [open_file]: install_trophy_context: Opening file ux0:/user/00/trophy/conf/NPWR11385_00/TROP006.PNG (ux0:/user/00/trophy/conf/NPWR11385_00/TROP006.PNG), fd: 0x19
[07:09:52.567] |T| [write_file]: install_trophy_context: Writing to fd: 0x19, size: 116982
[07:09:52.569] |T| [close_file]: install_trophy_context: Closing file fd: 0x19
[07:09:52.689] |T| [open_file]: install_trophy_context: Opening file ux0:/user/00/trophy/conf/NPWR11385_00/TROP007.PNG (ux0:/user/00/trophy/conf/NPWR11385_00/TROP007.PNG), fd: 0x1a
[07:09:52.693] |T| [write_file]: install_trophy_context: Writing to fd: 0x1a, size: 53298
[07:09:52.696] |T| [close_file]: install_trophy_context: Closing file fd: 0x1a
[07:09:52.952] |T| [open_file]: install_trophy_context: Opening file ux0:/user/00/trophy/conf/NPWR11385_00/TROP008.PNG (ux0:/user/00/trophy/conf/NPWR11385_00/TROP008.PNG), fd: 0x1b
[07:09:52.956] |T| [write_file]: install_trophy_context: Writing to fd: 0x1b, size: 97981
[07:09:52.958] |T| [close_file]: install_trophy_context: Closing file fd: 0x1b
[07:09:53.129] |T| [open_file]: install_trophy_context: Opening file ux0:/user/00/trophy/conf/NPWR11385_00/TROP009.PNG (ux0:/user/00/trophy/conf/NPWR11385_00/TROP009.PNG), fd: 0x1c
[07:09:53.134] |T| [write_file]: install_trophy_context: Writing to fd: 0x1c, size: 103188
[07:09:53.137] |T| [close_file]: install_trophy_context: Closing file fd: 0x1c
[07:09:53.222] |T| [open_file]: install_trophy_context: Opening file ux0:/user/00/trophy/conf/NPWR11385_00/TROP010.PNG (ux0:/user/00/trophy/conf/NPWR11385_00/TROP010.PNG), fd: 0x1d
[07:09:53.226] |T| [write_file]: install_trophy_context: Writing to fd: 0x1d, size: 72614
[07:09:53.230] |T| [close_file]: install_trophy_context: Closing file fd: 0x1d
[07:09:53.324] |T| [open_file]: install_trophy_context: Opening file ux0:/user/00/trophy/conf/NPWR11385_00/TROP011.PNG (ux0:/user/00/trophy/conf/NPWR11385_00/TROP011.PNG), fd: 0x1e
[07:09:53.330] |T| [write_file]: install_trophy_context: Writing to fd: 0x1e, size: 85936
[07:09:53.330] |T| [close_file]: install_trophy_context: Closing file fd: 0x1e
[07:09:53.472] |T| [open_file]: install_trophy_context: Opening file ux0:/user/00/trophy/conf/NPWR11385_00/TROP012.PNG (ux0:/user/00/trophy/conf/NPWR11385_00/TROP012.PNG), fd: 0x1f
[07:09:53.475] |T| [write_file]: install_trophy_context: Writing to fd: 0x1f, size: 84359
[07:09:53.480] |T| [close_file]: install_trophy_context: Closing file fd: 0x1f
[07:09:53.618] |T| [open_file]: install_trophy_context: Opening file ux0:/user/00/trophy/conf/NPWR11385_00/TROP013.PNG (ux0:/user/00/trophy/conf/NPWR11385_00/TROP013.PNG), fd: 0x20
[07:09:53.623] |T| [write_file]: install_trophy_context: Writing to fd: 0x20, size: 74119
[07:09:53.626] |T| [close_file]: install_trophy_context: Closing file fd: 0x20
[07:09:53.776] |T| [open_file]: install_trophy_context: Opening file ux0:/user/00/trophy/conf/NPWR11385_00/TROP014.PNG (ux0:/user/00/trophy/conf/NPWR11385_00/TROP014.PNG), fd: 0x21
[07:09:53.783] |T| [write_file]: install_trophy_context: Writing to fd: 0x21, size: 131261
[07:09:53.787] |T| [close_file]: install_trophy_context: Closing file fd: 0x21
[07:09:54.072] |T| [open_file]: install_trophy_context: Opening file ux0:/user/00/trophy/conf/NPWR11385_00/TROP015.PNG (ux0:/user/00/trophy/conf/NPWR11385_00/TROP015.PNG), fd: 0x22
[07:09:54.076] |T| [write_file]: install_trophy_context: Writing to fd: 0x22, size: 116630
[07:09:54.081] |T| [close_file]: install_trophy_context: Closing file fd: 0x22
[07:09:54.213] |T| [open_file]: install_trophy_context: Opening file ux0:/user/00/trophy/conf/NPWR11385_00/TROP016.PNG (ux0:/user/00/trophy/conf/NPWR11385_00/TROP016.PNG), fd: 0x23
[07:09:54.220] |T| [write_file]: install_trophy_context: Writing to fd: 0x23, size: 63249
[07:09:54.223] |T| [close_file]: install_trophy_context: Closing file fd: 0x23
[07:09:54.387] |T| [open_file]: install_trophy_context: Opening file ux0:/user/00/trophy/conf/NPWR11385_00/TROP017.PNG (ux0:/user/00/trophy/conf/NPWR11385_00/TROP017.PNG), fd: 0x24
[07:09:54.391] |T| [write_file]: install_trophy_context: Writing to fd: 0x24, size: 115205
[07:09:54.395] |T| [close_file]: install_trophy_context: Closing file fd: 0x24
[07:09:54.508] |T| [open_file]: install_trophy_context: Opening file ux0:/user/00/trophy/conf/NPWR11385_00/TROP018.PNG (ux0:/user/00/trophy/conf/NPWR11385_00/TROP018.PNG), fd: 0x25
[07:09:54.519] |T| [write_file]: install_trophy_context: Writing to fd: 0x25, size: 106178
[07:09:54.520] |T| [close_file]: install_trophy_context: Closing file fd: 0x25
[07:09:54.596] |T| [open_file]: install_trophy_context: Opening file ux0:/user/00/trophy/conf/NPWR11385_00/TROP019.PNG (ux0:/user/00/trophy/conf/NPWR11385_00/TROP019.PNG), fd: 0x26
[07:09:54.599] |T| [write_file]: install_trophy_context: Writing to fd: 0x26, size: 119719
[07:09:54.602] |T| [close_file]: install_trophy_context: Closing file fd: 0x26
[07:09:54.710] |T| [open_file]: install_trophy_context: Opening file ux0:/user/00/trophy/conf/NPWR11385_00/TROP020.PNG (ux0:/user/00/trophy/conf/NPWR11385_00/TROP020.PNG), fd: 0x27
[07:09:54.716] |T| [write_file]: install_trophy_context: Writing to fd: 0x27, size: 97886
[07:09:54.719] |T| [close_file]: install_trophy_context: Closing file fd: 0x27
[07:09:54.765] |T| [open_file]: install_trophy_context: Opening file ux0:/user/00/trophy/conf/NPWR11385_00/TROP021.PNG (ux0:/user/00/trophy/conf/NPWR11385_00/TROP021.PNG), fd: 0x28
[07:09:54.776] |T| [write_file]: install_trophy_context: Writing to fd: 0x28, size: 104561
[07:09:54.780] |T| [close_file]: install_trophy_context: Closing file fd: 0x28
[07:09:54.986] |T| [open_file]: install_trophy_context: Opening file ux0:/user/00/trophy/conf/NPWR11385_00/TROP022.PNG (ux0:/user/00/trophy/conf/NPWR11385_00/TROP022.PNG), fd: 0x29
[07:09:54.990] |T| [write_file]: install_trophy_context: Writing to fd: 0x29, size: 88369
[07:09:54.995] |T| [close_file]: install_trophy_context: Closing file fd: 0x29
[07:09:55.134] |T| [open_file]: install_trophy_context: Opening file ux0:/user/00/trophy/conf/NPWR11385_00/TROP023.PNG (ux0:/user/00/trophy/conf/NPWR11385_00/TROP023.PNG), fd: 0x2a
[07:09:55.137] |T| [write_file]: install_trophy_context: Writing to fd: 0x2a, size: 95134
[07:09:55.141] |T| [close_file]: install_trophy_context: Closing file fd: 0x2a
[07:09:55.292] |T| [open_file]: install_trophy_context: Opening file ux0:/user/00/trophy/conf/NPWR11385_00/TROP024.PNG (ux0:/user/00/trophy/conf/NPWR11385_00/TROP024.PNG), fd: 0x2b
[07:09:55.297] |T| [write_file]: install_trophy_context: Writing to fd: 0x2b, size: 93603
[07:09:55.302] |T| [close_file]: install_trophy_context: Closing file fd: 0x2b
[07:09:55.342] |T| [open_file]: install_trophy_context: Opening file ux0:/user/00/trophy/conf/NPWR11385_00/TROP025.PNG (ux0:/user/00/trophy/conf/NPWR11385_00/TROP025.PNG), fd: 0x2c
[07:09:55.348] |T| [write_file]: install_trophy_context: Writing to fd: 0x2c, size: 97326
[07:09:55.353] |T| [close_file]: install_trophy_context: Closing file fd: 0x2c
[07:09:55.427] |T| [open_file]: install_trophy_context: Opening file ux0:/user/00/trophy/conf/NPWR11385_00/TROP026.PNG (ux0:/user/00/trophy/conf/NPWR11385_00/TROP026.PNG), fd: 0x2d
[07:09:55.431] |T| [write_file]: install_trophy_context: Writing to fd: 0x2d, size: 75753
[07:09:55.435] |T| [close_file]: install_trophy_context: Closing file fd: 0x2d
[07:09:55.502] |T| [open_file]: install_trophy_context: Opening file ux0:/user/00/trophy/conf/NPWR11385_00/TROP027.PNG (ux0:/user/00/trophy/conf/NPWR11385_00/TROP027.PNG), fd: 0x2e
[07:09:55.506] |T| [write_file]: install_trophy_context: Writing to fd: 0x2e, size: 96656
[07:09:55.508] |T| [close_file]: install_trophy_context: Closing file fd: 0x2e
[07:09:55.612] |T| [open_file]: install_trophy_context: Opening file ux0:/user/00/trophy/conf/NPWR11385_00/TROP028.PNG (ux0:/user/00/trophy/conf/NPWR11385_00/TROP028.PNG), fd: 0x2f
[07:09:55.618] |T| [write_file]: install_trophy_context: Writing to fd: 0x2f, size: 71681
[07:09:55.622] |T| [close_file]: install_trophy_context: Closing file fd: 0x2f
[07:09:55.687] |T| [open_file]: install_trophy_context: Opening file ux0:/user/00/trophy/conf/NPWR11385_00/TROP029.PNG (ux0:/user/00/trophy/conf/NPWR11385_00/TROP029.PNG), fd: 0x30
[07:09:55.690] |T| [write_file]: install_trophy_context: Writing to fd: 0x30, size: 75044
[07:09:55.693] |T| [close_file]: install_trophy_context: Closing file fd: 0x30
[07:09:56.006] |T| [open_file]: install_trophy_context: Opening file ux0:/user/00/trophy/conf/NPWR11385_00/TROP030.PNG (ux0:/user/00/trophy/conf/NPWR11385_00/TROP030.PNG), fd: 0x31
[07:09:56.010] |T| [write_file]: install_trophy_context: Writing to fd: 0x31, size: 126092
[07:09:56.014] |T| [close_file]: install_trophy_context: Closing file fd: 0x31
[07:09:56.112] |T| [open_file]: install_trophy_context: Opening file ux0:/user/00/trophy/conf/NPWR11385_00/TROP031.PNG (ux0:/user/00/trophy/conf/NPWR11385_00/TROP031.PNG), fd: 0x32
[07:09:56.117] |T| [write_file]: install_trophy_context: Writing to fd: 0x32, size: 111809
[07:09:56.120] |T| [close_file]: install_trophy_context: Closing file fd: 0x32
[07:09:56.224] |T| [open_file]: install_trophy_context: Opening file ux0:/user/00/trophy/conf/NPWR11385_00/TROP032.PNG (ux0:/user/00/trophy/conf/NPWR11385_00/TROP032.PNG), fd: 0x33
[07:09:56.230] |T| [write_file]: install_trophy_context: Writing to fd: 0x33, size: 69162
[07:09:56.231] |T| [close_file]: install_trophy_context: Closing file fd: 0x33
[07:09:56.301] |T| [open_file]: install_trophy_context: Opening file ux0:/user/00/trophy/conf/NPWR11385_00/TROP033.PNG (ux0:/user/00/trophy/conf/NPWR11385_00/TROP033.PNG), fd: 0x34
[07:09:56.305] |T| [write_file]: install_trophy_context: Writing to fd: 0x34, size: 82055
[07:09:56.307] |T| [close_file]: install_trophy_context: Closing file fd: 0x34
[07:09:56.446] |T| [open_file]: install_trophy_context: Opening file ux0:/user/00/trophy/conf/NPWR11385_00/TROP034.PNG (ux0:/user/00/trophy/conf/NPWR11385_00/TROP034.PNG), fd: 0x35
[07:09:56.456] |T| [write_file]: install_trophy_context: Writing to fd: 0x35, size: 120032
[07:09:56.458] |T| [close_file]: install_trophy_context: Closing file fd: 0x35
[07:09:56.593] |T| [open_file]: install_trophy_context: Opening file ux0:/user/00/trophy/conf/NPWR11385_00/TROP035.PNG (ux0:/user/00/trophy/conf/NPWR11385_00/TROP035.PNG), fd: 0x36
[07:09:56.597] |T| [write_file]: install_trophy_context: Writing to fd: 0x36, size: 102293
[07:09:56.603] |T| [close_file]: install_trophy_context: Closing file fd: 0x36
[07:09:56.704] |T| [open_file]: install_trophy_context: Opening file ux0:/user/00/trophy/conf/NPWR11385_00/TROP036.PNG (ux0:/user/00/trophy/conf/NPWR11385_00/TROP036.PNG), fd: 0x37
[07:09:56.708] |T| [write_file]: install_trophy_context: Writing to fd: 0x37, size: 127224
[07:09:56.713] |T| [close_file]: install_trophy_context: Closing file fd: 0x37
[07:09:56.967] |T| [open_file]: install_trophy_context: Opening file ux0:/user/00/trophy/conf/NPWR11385_00/TROP037.PNG (ux0:/user/00/trophy/conf/NPWR11385_00/TROP037.PNG), fd: 0x38
[07:09:56.972] |T| [write_file]: install_trophy_context: Writing to fd: 0x38, size: 118437
[07:09:56.974] |T| [close_file]: install_trophy_context: Closing file fd: 0x38
[07:09:57.105] |T| [open_file]: install_trophy_context: Opening file ux0:/user/00/trophy/conf/NPWR11385_00/TROP038.PNG (ux0:/user/00/trophy/conf/NPWR11385_00/TROP038.PNG), fd: 0x39
[07:09:57.109] |T| [write_file]: install_trophy_context: Writing to fd: 0x39, size: 105245
[07:09:57.114] |T| [close_file]: install_trophy_context: Closing file fd: 0x39
[07:09:57.335] |T| [open_file]: install_trophy_context: Opening file ux0:/user/00/trophy/conf/NPWR11385_00/TROP039.PNG (ux0:/user/00/trophy/conf/NPWR11385_00/TROP039.PNG), fd: 0x3a
[07:09:57.339] |T| [write_file]: install_trophy_context: Writing to fd: 0x3a, size: 110485
[07:09:57.345] |T| [close_file]: install_trophy_context: Closing file fd: 0x3a
[07:09:57.396] |T| [open_file]: install_trophy_context: Opening file ux0:/user/00/trophy/conf/NPWR11385_00/TROP040.PNG (ux0:/user/00/trophy/conf/NPWR11385_00/TROP040.PNG), fd: 0x3b
[07:09:57.400] |T| [write_file]: install_trophy_context: Writing to fd: 0x3b, size: 112557
[07:09:57.403] |T| [close_file]: install_trophy_context: Closing file fd: 0x3b
[07:09:57.564] |T| [open_file]: install_trophy_context: Opening file ux0:/user/00/trophy/conf/NPWR11385_00/TROP041.PNG (ux0:/user/00/trophy/conf/NPWR11385_00/TROP041.PNG), fd: 0x3c
[07:09:57.569] |T| [write_file]: install_trophy_context: Writing to fd: 0x3c, size: 105931
[07:09:57.572] |T| [close_file]: install_trophy_context: Closing file fd: 0x3c
[07:09:57.645] |T| [open_file]: install_trophy_context: Opening file ux0:/user/00/trophy/conf/NPWR11385_00/TROP042.PNG (ux0:/user/00/trophy/conf/NPWR11385_00/TROP042.PNG), fd: 0x3d
[07:09:57.653] |T| [write_file]: install_trophy_context: Writing to fd: 0x3d, size: 108873
[07:09:57.654] |T| [close_file]: install_trophy_context: Closing file fd: 0x3d
[07:09:57.742] |T| [open_file]: install_trophy_context: Opening file ux0:/user/00/trophy/conf/NPWR11385_00/TROP043.PNG (ux0:/user/00/trophy/conf/NPWR11385_00/TROP043.PNG), fd: 0x3e
[07:09:57.747] |T| [write_file]: install_trophy_context: Writing to fd: 0x3e, size: 112333
[07:09:57.749] |T| [close_file]: install_trophy_context: Closing file fd: 0x3e
[07:09:57.875] |T| [open_file]: install_trophy_context: Opening file ux0:/user/00/trophy/conf/NPWR11385_00/TROP044.PNG (ux0:/user/00/trophy/conf/NPWR11385_00/TROP044.PNG), fd: 0x3f
[07:09:57.885] |T| [write_file]: install_trophy_context: Writing to fd: 0x3f, size: 112941
[07:09:57.888] |T| [close_file]: install_trophy_context: Closing file fd: 0x3f
[07:09:57.948] |T| [open_file]: install_trophy_context: Opening file ux0:/user/00/trophy/conf/NPWR11385_00/TROP045.PNG (ux0:/user/00/trophy/conf/NPWR11385_00/TROP045.PNG), fd: 0x40
[07:09:57.954] |T| [write_file]: install_trophy_context: Writing to fd: 0x40, size: 101827
[07:09:57.956] |T| [close_file]: install_trophy_context: Closing file fd: 0x40
[07:09:58.086] |T| [open_file]: install_trophy_context: Opening file ux0:/user/00/trophy/conf/NPWR11385_00/TROP046.PNG (ux0:/user/00/trophy/conf/NPWR11385_00/TROP046.PNG), fd: 0x41
[07:09:58.091] |T| [write_file]: install_trophy_context: Writing to fd: 0x41, size: 114059
[07:09:58.095] |T| [close_file]: install_trophy_context: Closing file fd: 0x41
[07:09:58.236] |T| [open_file]: install_trophy_context: Opening file ux0:/user/00/trophy/conf/NPWR11385_00/TROP047.PNG (ux0:/user/00/trophy/conf/NPWR11385_00/TROP047.PNG), fd: 0x42
[07:09:58.240] |T| [write_file]: install_trophy_context: Writing to fd: 0x42, size: 108183
[07:09:58.242] |T| [close_file]: install_trophy_context: Closing file fd: 0x42
[07:09:58.323] |T| [open_file]: install_trophy_context: Opening file ux0:/user/00/trophy/conf/NPWR11385_00/TROP048.PNG (ux0:/user/00/trophy/conf/NPWR11385_00/TROP048.PNG), fd: 0x43
[07:09:58.329] |T| [write_file]: install_trophy_context: Writing to fd: 0x43, size: 112996
[07:09:58.332] |T| [close_file]: install_trophy_context: Closing file fd: 0x43
[07:09:58.436] |T| [open_file]: install_trophy_context: Opening file ux0:/user/00/trophy/conf/NPWR11385_00/TROP049.PNG (ux0:/user/00/trophy/conf/NPWR11385_00/TROP049.PNG), fd: 0x44
[07:09:58.440] |T| [write_file]: install_trophy_context: Writing to fd: 0x44, size: 101510
[07:09:58.442] |T| [close_file]: install_trophy_context: Closing file fd: 0x44
[07:09:58.653] |T| [open_file]: install_trophy_context: Opening file ux0:/user/00/trophy/conf/NPWR11385_00/TROP050.PNG (ux0:/user/00/trophy/conf/NPWR11385_00/TROP050.PNG), fd: 0x45
[07:09:58.681] |T| [write_file]: install_trophy_context: Writing to fd: 0x45, size: 109680
[07:09:58.682] |T| [close_file]: install_trophy_context: Closing file fd: 0x45
[07:09:58.780] |T| [open_file]: install_trophy_context: Opening file ux0:/user/00/trophy/conf/NPWR11385_00/TROP051.PNG (ux0:/user/00/trophy/conf/NPWR11385_00/TROP051.PNG), fd: 0x46
[07:09:58.785] |T| [write_file]: install_trophy_context: Writing to fd: 0x46, size: 103524
[07:09:58.787] |T| [close_file]: install_trophy_context: Closing file fd: 0x46
[07:09:58.820] |T| [open_file]: install_trophy_context: Opening file ux0:/user/00/trophy/conf/NPWR11385_00/TROP052.PNG (ux0:/user/00/trophy/conf/NPWR11385_00/TROP052.PNG), fd: 0x47
[07:09:58.824] |T| [write_file]: install_trophy_context: Writing to fd: 0x47, size: 101723
[07:09:58.829] |T| [close_file]: install_trophy_context: Closing file fd: 0x47
[07:09:58.869] |T| [close_file]: create_trophy_context: Closing file fd: 0xf
[07:09:58.872] |T| [export_sceNpTrophyCreateContext]: Trophy context for NPWR11385_00 create successfuly!
[07:09:58.905] |W| [stubbed_impl]: Stubbed sceNpTrophyCreateHandle import called. (Stubbed handle with 1)
[07:09:58.998] |W| [unimplemented_impl]: Unimplemented sceCommonDialogUpdate import called.
[07:10:01.328] |T| [close_file]: sceIoClose: Closing file fd: 0xd
[07:10:01.330] |I| [export_sceIoOpen]: Opening file: app0:d01.dat
[07:10:01.334] |T| [open_file]: sceIoOpen: Opening file app0:d01.dat (ux0:/app/PCSE00924/d01.dat), fd: 0x48
[07:10:01.618] |E| [open_file]: Missing file at D:/GAMESANDEMULATORS/Vita3K/storage/ux0/user/00/savedata/PCSE00924/SlotParam_0.bin (target path: savedata0:/SlotParam_0.bin)
[07:10:01.623] |W| [io_error_impl]: open_file (sceAppUtilSaveDataSlotGetParam) returned 0x80010002
[07:10:01.680] |T| [open_file]: sceAppUtilSaveDataDataSave: Opening file savedata0:/SYSTEM.BIN (ux0:/user/00/savedata/PCSE00924/SYSTEM.BIN), fd: 0x49
[07:10:01.684] |T| [write_file]: sceAppUtilSaveDataDataSave: Writing to fd: 0x49, size: 256
[07:10:01.688] |T| [close_file]: sceAppUtilSaveDataDataSave: Closing file fd: 0x49
[07:10:01.691] |T| [open_file]: sceAppUtilSaveDataDataSave: Opening file savedata0:/SlotParam_0.bin (ux0:/user/00/savedata/PCSE00924/SlotParam_0.bin), fd: 0x4a
[07:10:01.700] |T| [write_file]: sceAppUtilSaveDataDataSave: Writing to fd: 0x4a, size: 844
[07:10:01.703] |T| [close_file]: sceAppUtilSaveDataDataSave: Closing file fd: 0x4a
[07:10:01.707] |T| [open_file]: sceAppUtilSaveDataDataSave: Opening file savedata0:/GAME01.BIN (ux0:/user/00/savedata/PCSE00924/GAME01.BIN), fd: 0x4b
[07:10:01.717] |T| [write_file]: sceAppUtilSaveDataDataSave: Writing to fd: 0x4b, size: 28608
[07:10:01.718] |T| [close_file]: sceAppUtilSaveDataDataSave: Closing file fd: 0x4b
[07:10:01.822] |T| [open_file]: sceAppUtilSaveDataDataSave: Opening file savedata0:/SlotParam_0.bin (ux0:/user/00/savedata/PCSE00924/SlotParam_0.bin), fd: 0x4c
[07:10:01.827] |T| [write_file]: sceAppUtilSaveDataDataSave: Writing to fd: 0x4c, size: 844
[07:10:01.829] |T| [close_file]: sceAppUtilSaveDataDataSave: Closing file fd: 0x4c
[07:10:01.831] |T| [open_file]: sceAppUtilSaveDataDataSave: Opening file savedata0:/GAME02.BIN (ux0:/user/00/savedata/PCSE00924/GAME02.BIN), fd: 0x4d
[07:10:01.835] |T| [write_file]: sceAppUtilSaveDataDataSave: Writing to fd: 0x4d, size: 28608
[07:10:01.836] |T| [close_file]: sceAppUtilSaveDataDataSave: Closing file fd: 0x4d
[07:10:01.842] |T| [open_file]: sceAppUtilSaveDataDataSave: Opening file savedata0:/SlotParam_0.bin (ux0:/user/00/savedata/PCSE00924/SlotParam_0.bin), fd: 0x4e
[07:10:01.848] |T| [write_file]: sceAppUtilSaveDataDataSave: Writing to fd: 0x4e, size: 844
[07:10:01.849] |T| [close_file]: sceAppUtilSaveDataDataSave: Closing file fd: 0x4e
[07:10:01.851] |T| [open_file]: sceAppUtilSaveDataDataSave: Opening file savedata0:/GAME03.BIN (ux0:/user/00/savedata/PCSE00924/GAME03.BIN), fd: 0x4f
[07:10:01.866] |T| [write_file]: sceAppUtilSaveDataDataSave: Writing to fd: 0x4f, size: 28608
[07:10:01.867] |T| [close_file]: sceAppUtilSaveDataDataSave: Closing file fd: 0x4f
[07:10:01.872] |T| [open_file]: sceAppUtilSaveDataDataSave: Opening file savedata0:/SlotParam_0.bin (ux0:/user/00/savedata/PCSE00924/SlotParam_0.bin), fd: 0x50
[07:10:01.875] |T| [write_file]: sceAppUtilSaveDataDataSave: Writing to fd: 0x50, size: 844
[07:10:01.878] |T| [close_file]: sceAppUtilSaveDataDataSave: Closing file fd: 0x50
[07:10:01.882] |T| [open_file]: sceAppUtilSaveDataDataSave: Opening file savedata0:/GAME04.BIN (ux0:/user/00/savedata/PCSE00924/GAME04.BIN), fd: 0x51
[07:10:01.885] |T| [write_file]: sceAppUtilSaveDataDataSave: Writing to fd: 0x51, size: 28608
[07:10:01.886] |T| [close_file]: sceAppUtilSaveDataDataSave: Closing file fd: 0x51
[07:10:01.892] |T| [open_file]: sceAppUtilSaveDataDataSave: Opening file savedata0:/SlotParam_0.bin (ux0:/user/00/savedata/PCSE00924/SlotParam_0.bin), fd: 0x52
[07:10:01.907] |T| [write_file]: sceAppUtilSaveDataDataSave: Writing to fd: 0x52, size: 844
[07:10:01.908] |T| [close_file]: sceAppUtilSaveDataDataSave: Closing file fd: 0x52
[07:10:01.914] |T| [open_file]: sceAppUtilSaveDataDataSave: Opening file savedata0:/GAME05.BIN (ux0:/user/00/savedata/PCSE00924/GAME05.BIN), fd: 0x53
[07:10:01.932] |T| [write_file]: sceAppUtilSaveDataDataSave: Writing to fd: 0x53, size: 28608
[07:10:01.932] |T| [close_file]: sceAppUtilSaveDataDataSave: Closing file fd: 0x53
[07:10:01.951] |T| [open_file]: sceAppUtilSaveDataDataSave: Opening file savedata0:/SlotParam_0.bin (ux0:/user/00/savedata/PCSE00924/SlotParam_0.bin), fd: 0x54
[07:10:01.958] |T| [write_file]: sceAppUtilSaveDataDataSave: Writing to fd: 0x54, size: 844
[07:10:01.962] |T| [close_file]: sceAppUtilSaveDataDataSave: Closing file fd: 0x54
[07:10:01.965] |T| [open_file]: sceAppUtilSaveDataDataSave: Opening file savedata0:/GAME06.BIN (ux0:/user/00/savedata/PCSE00924/GAME06.BIN), fd: 0x55
[07:10:01.973] |T| [write_file]: sceAppUtilSaveDataDataSave: Writing to fd: 0x55, size: 28608
[07:10:01.976] |T| [close_file]: sceAppUtilSaveDataDataSave: Closing file fd: 0x55
[07:10:01.993] |T| [open_file]: sceAppUtilSaveDataDataSave: Opening file savedata0:/SlotParam_0.bin (ux0:/user/00/savedata/PCSE00924/SlotParam_0.bin), fd: 0x56
[07:10:02.003] |T| [write_file]: sceAppUtilSaveDataDataSave: Writing to fd: 0x56, size: 844
[07:10:02.007] |T| [close_file]: sceAppUtilSaveDataDataSave: Closing file fd: 0x56
[07:10:02.010] |T| [open_file]: sceAppUtilSaveDataDataSave: Opening file savedata0:/GAME07.BIN (ux0:/user/00/savedata/PCSE00924/GAME07.BIN), fd: 0x57
[07:10:02.048] |T| [write_file]: sceAppUtilSaveDataDataSave: Writing to fd: 0x57, size: 28608
[07:10:02.048] |T| [close_file]: sceAppUtilSaveDataDataSave: Closing file fd: 0x57
[07:10:02.051] |T| [open_file]: sceAppUtilSaveDataDataSave: Opening file savedata0:/SlotParam_0.bin (ux0:/user/00/savedata/PCSE00924/SlotParam_0.bin), fd: 0x58
[07:10:02.058] |T| [write_file]: sceAppUtilSaveDataDataSave: Writing to fd: 0x58, size: 844
[07:10:02.065] |T| [close_file]: sceAppUtilSaveDataDataSave: Closing file fd: 0x58
[07:10:02.069] |T| [open_file]: sceAppUtilSaveDataDataSave: Opening file savedata0:/GAME08.BIN (ux0:/user/00/savedata/PCSE00924/GAME08.BIN), fd: 0x59
[07:10:02.075] |T| [write_file]: sceAppUtilSaveDataDataSave: Writing to fd: 0x59, size: 28608
[07:10:02.076] |T| [close_file]: sceAppUtilSaveDataDataSave: Closing file fd: 0x59
[07:10:02.107] |T| [open_file]: sceAppUtilSaveDataDataSave: Opening file savedata0:/SlotParam_0.bin (ux0:/user/00/savedata/PCSE00924/SlotParam_0.bin), fd: 0x5a
[07:10:02.109] |T| [write_file]: sceAppUtilSaveDataDataSave: Writing to fd: 0x5a, size: 844
[07:10:02.114] |T| [close_file]: sceAppUtilSaveDataDataSave: Closing file fd: 0x5a
[07:10:02.118] |T| [open_file]: sceAppUtilSaveDataDataSave: Opening file savedata0:/GAME09.BIN (ux0:/user/00/savedata/PCSE00924/GAME09.BIN), fd: 0x5b
[07:10:02.124] |T| [write_file]: sceAppUtilSaveDataDataSave: Writing to fd: 0x5b, size: 28608
[07:10:02.126] |T| [close_file]: sceAppUtilSaveDataDataSave: Closing file fd: 0x5b
[07:10:02.130] |T| [open_file]: sceAppUtilSaveDataDataSave: Opening file savedata0:/SlotParam_0.bin (ux0:/user/00/savedata/PCSE00924/SlotParam_0.bin), fd: 0x5c
[07:10:02.135] |T| [write_file]: sceAppUtilSaveDataDataSave: Writing to fd: 0x5c, size: 844
[07:10:02.137] |T| [close_file]: sceAppUtilSaveDataDataSave: Closing file fd: 0x5c
[07:10:02.142] |T| [open_file]: sceAppUtilSaveDataDataSave: Opening file savedata0:/GAME10.BIN (ux0:/user/00/savedata/PCSE00924/GAME10.BIN), fd: 0x5d
[07:10:02.255] |T| [write_file]: sceAppUtilSaveDataDataSave: Writing to fd: 0x5d, size: 28608
[07:10:02.256] |T| [close_file]: sceAppUtilSaveDataDataSave: Closing file fd: 0x5d
[07:10:02.282] |T| [open_file]: sceAppUtilSaveDataDataSave: Opening file savedata0:/SlotParam_0.bin (ux0:/user/00/savedata/PCSE00924/SlotParam_0.bin), fd: 0x5e
[07:10:02.285] |T| [write_file]: sceAppUtilSaveDataDataSave: Writing to fd: 0x5e, size: 844
[07:10:02.289] |T| [close_file]: sceAppUtilSaveDataDataSave: Closing file fd: 0x5e
[07:10:02.292] |T| [open_file]: sceAppUtilSaveDataDataSave: Opening file savedata0:/GAME11.BIN (ux0:/user/00/savedata/PCSE00924/GAME11.BIN), fd: 0x5f
[07:10:02.336] |T| [write_file]: sceAppUtilSaveDataDataSave: Writing to fd: 0x5f, size: 28608
[07:10:02.336] |T| [close_file]: sceAppUtilSaveDataDataSave: Closing file fd: 0x5f
[07:10:02.342] |T| [open_file]: sceAppUtilSaveDataDataSave: Opening file savedata0:/SlotParam_0.bin (ux0:/user/00/savedata/PCSE00924/SlotParam_0.bin), fd: 0x60
[07:10:02.357] |T| [write_file]: sceAppUtilSaveDataDataSave: Writing to fd: 0x60, size: 844
[07:10:02.358] |T| [close_file]: sceAppUtilSaveDataDataSave: Closing file fd: 0x60
[07:10:02.369] |T| [open_file]: sceAppUtilSaveDataDataSave: Opening file savedata0:/GAME12.BIN (ux0:/user/00/savedata/PCSE00924/GAME12.BIN), fd: 0x61
[07:10:02.374] |T| [write_file]: sceAppUtilSaveDataDataSave: Writing to fd: 0x61, size: 28608
[07:10:02.375] |T| [close_file]: sceAppUtilSaveDataDataSave: Closing file fd: 0x61
[07:10:02.381] |T| [open_file]: sceAppUtilSaveDataDataSave: Opening file savedata0:/SlotParam_0.bin (ux0:/user/00/savedata/PCSE00924/SlotParam_0.bin), fd: 0x62
[07:10:02.385] |T| [write_file]: sceAppUtilSaveDataDataSave: Writing to fd: 0x62, size: 844
[07:10:02.385] |T| [close_file]: sceAppUtilSaveDataDataSave: Closing file fd: 0x62
[07:10:02.391] |T| [open_file]: sceAppUtilSaveDataDataSave: Opening file savedata0:/GAME13.BIN (ux0:/user/00/savedata/PCSE00924/GAME13.BIN), fd: 0x63
[07:10:02.406] |T| [write_file]: sceAppUtilSaveDataDataSave: Writing to fd: 0x63, size: 28608
[07:10:02.407] |T| [close_file]: sceAppUtilSaveDataDataSave: Closing file fd: 0x63
[07:10:02.416] |T| [open_file]: sceAppUtilSaveDataDataSave: Opening file savedata0:/SlotParam_0.bin (ux0:/user/00/savedata/PCSE00924/SlotParam_0.bin), fd: 0x64
[07:10:02.421] |T| [write_file]: sceAppUtilSaveDataDataSave: Writing to fd: 0x64, size: 844
[07:10:02.424] |T| [close_file]: sceAppUtilSaveDataDataSave: Closing file fd: 0x64
[07:10:02.460] |E| [logging::ret_error_impl]: _sceKernelWaitThreadEndCB returned SCE_KERNEL_ERROR_UNKNOWN_THREAD_ID (0x80028021)
[07:10:02.494] |W| [unimplemented_impl]: Unimplemented sceAppUtilSaveDataMount import called.
[07:10:02.527] |W| [unimplemented_impl]: Unimplemented sceAppUtilSaveDataUmount import called.
[07:10:02.596] |I| [export_sceIoOpen]: Opening file: app0:data/sound/adx/UGK2.acf
[07:10:02.719] |T| [open_file]: sceIoOpen: Opening file app0:data/sound/adx/UGK2.acf (ux0:/app/PCSE00924/data/sound/adx/UGK2.acf), fd: 0x65
[07:10:02.735] |T| [close_file]: sceIoClose: Closing file fd: 0x65
[07:10:02.744] |I| [export_sceIoOpen]: Opening file: app0:data/sound/adx/UGK2.acf
[07:10:02.745] |T| [open_file]: sceIoOpen: Opening file app0:data/sound/adx/UGK2.acf (ux0:/app/PCSE00924/data/sound/adx/UGK2.acf), fd: 0x66
[07:10:02.782] |T| [close_file]: sceIoClose: Closing file fd: 0x66
[07:10:03.001] |I| [export_sceIoOpen]: Opening file: app0:data/sound/adx/UGK_COMMON_SE.acb
[07:10:03.813] |T| [open_file]: sceIoOpen: Opening file app0:data/sound/adx/UGK_COMMON_SE.acb (ux0:/app/PCSE00924/data/sound/adx/UGK_COMMON_SE.acb), fd: 0x67
[07:10:03.819] |T| [close_file]: sceIoClose: Closing file fd: 0x67
[07:10:03.826] |I| [export_sceIoOpen]: Opening file: app0:data/sound/adx/UGK_COMMON_SE.acb
[07:10:03.828] |T| [open_file]: sceIoOpen: Opening file app0:data/sound/adx/UGK_COMMON_SE.acb (ux0:/app/PCSE00924/data/sound/adx/UGK_COMMON_SE.acb), fd: 0x68
[07:10:03.834] |T| [close_file]: sceIoClose: Closing file fd: 0x68
[07:10:03.920] |I| [export_sceIoOpen]: Opening file: app0:data/sound/adx/UGK_ADV_SE.acb
[07:10:04.008] |T| [open_file]: sceIoOpen: Opening file app0:data/sound/adx/UGK_ADV_SE.acb (ux0:/app/PCSE00924/data/sound/adx/UGK_ADV_SE.acb), fd: 0x69
[07:10:04.017] |T| [close_file]: sceIoClose: Closing file fd: 0x69
[07:10:04.044] |I| [export_sceIoOpen]: Opening file: app0:data/sound/adx/UGK_ADV_SE.acb
[07:10:04.047] |T| [open_file]: sceIoOpen: Opening file app0:data/sound/adx/UGK_ADV_SE.acb (ux0:/app/PCSE00924/data/sound/adx/UGK_ADV_SE.acb), fd: 0x6a
[07:10:04.189] |T| [close_file]: sceIoClose: Closing file fd: 0x6a
[07:10:04.204] |I| [export_sceIoOpen]: Opening file: app0:data/sound/adx/UGK_ADV_EVENT_SE.acb
[07:10:04.320] |T| [open_file]: sceIoOpen: Opening file app0:data/sound/adx/UGK_ADV_EVENT_SE.acb (ux0:/app/PCSE00924/data/sound/adx/UGK_ADV_EVENT_SE.acb), fd: 0x6b
[07:10:04.327] |T| [close_file]: sceIoClose: Closing file fd: 0x6b
[07:10:04.377] |I| [export_sceIoOpen]: Opening file: app0:data/sound/adx/UGK_ADV_EVENT_SE.acb
[07:10:04.378] |T| [open_file]: sceIoOpen: Opening file app0:data/sound/adx/UGK_ADV_EVENT_SE.acb (ux0:/app/PCSE00924/data/sound/adx/UGK_ADV_EVENT_SE.acb), fd: 0x6c
[07:10:04.574] |T| [close_file]: sceIoClose: Closing file fd: 0x6c
[07:10:04.619] |I| [export_sceIoOpen]: Opening file: app0:data/sound/adx/UGK_MENU_SE.acb
[07:10:04.686] |T| [open_file]: sceIoOpen: Opening file app0:data/sound/adx/UGK_MENU_SE.acb (ux0:/app/PCSE00924/data/sound/adx/UGK_MENU_SE.acb), fd: 0x6d
[07:10:04.694] |T| [close_file]: sceIoClose: Closing file fd: 0x6d
[07:10:04.718] |I| [export_sceIoOpen]: Opening file: app0:data/sound/adx/UGK_MENU_SE.acb
[07:10:04.720] |T| [open_file]: sceIoOpen: Opening file app0:data/sound/adx/UGK_MENU_SE.acb (ux0:/app/PCSE00924/data/sound/adx/UGK_MENU_SE.acb), fd: 0x6e
[07:10:04.746] |T| [close_file]: sceIoClose: Closing file fd: 0x6e
[07:10:04.769] |I| [export_sceIoOpen]: Opening file: app0:data/sound/adx/UGK_MENU_SE.awb
[07:10:04.834] |T| [open_file]: sceIoOpen: Opening file app0:data/sound/adx/UGK_MENU_SE.awb (ux0:/app/PCSE00924/data/sound/adx/UGK_MENU_SE.awb), fd: 0x6f
[07:10:04.845] |I| [export_sceIoOpen]: Opening file: app0:data/sound/adx/UGK_BGM.acb
[07:10:04.979] |T| [open_file]: sceIoOpen: Opening file app0:data/sound/adx/UGK_BGM.acb (ux0:/app/PCSE00924/data/sound/adx/UGK_BGM.acb), fd: 0x70
[07:10:04.981] |T| [close_file]: sceIoClose: Closing file fd: 0x70
[07:10:04.987] |I| [export_sceIoOpen]: Opening file: app0:data/sound/adx/UGK_BGM.acb
[07:10:04.990] |T| [open_file]: sceIoOpen: Opening file app0:data/sound/adx/UGK_BGM.acb (ux0:/app/PCSE00924/data/sound/adx/UGK_BGM.acb), fd: 0x71
[07:10:04.993] |T| [close_file]: sceIoClose: Closing file fd: 0x71
[07:10:05.033] |I| [export_sceIoOpen]: Opening file: app0:data/sound/adx/UGK_BGM.awb
[07:10:05.173] |T| [open_file]: sceIoOpen: Opening file app0:data/sound/adx/UGK_BGM.awb (ux0:/app/PCSE00924/data/sound/adx/UGK_BGM.awb), fd: 0x72
[07:10:05.207] |I| [export_sceIoOpen]: Opening file: app0:data/sound/adx/UGK_BATTLE_RESULT.acb
[07:10:05.301] |T| [open_file]: sceIoOpen: Opening file app0:data/sound/adx/UGK_BATTLE_RESULT.acb (ux0:/app/PCSE00924/data/sound/adx/UGK_BATTLE_RESULT.acb), fd: 0x73
[07:10:05.305] |T| [close_file]: sceIoClose: Closing file fd: 0x73
[07:10:05.309] |I| [export_sceIoOpen]: Opening file: app0:data/sound/adx/UGK_BATTLE_RESULT.acb
[07:10:05.312] |T| [open_file]: sceIoOpen: Opening file app0:data/sound/adx/UGK_BATTLE_RESULT.acb (ux0:/app/PCSE00924/data/sound/adx/UGK_BATTLE_RESULT.acb), fd: 0x74
[07:10:05.314] |T| [close_file]: sceIoClose: Closing file fd: 0x74
[07:10:05.322] |I| [export_sceIoOpen]: Opening file: app0:data/sound/adx/UGK_TRAINING_VO.acb
[07:10:05.414] |T| [open_file]: sceIoOpen: Opening file app0:data/sound/adx/UGK_TRAINING_VO.acb (ux0:/app/PCSE00924/data/sound/adx/UGK_TRAINING_VO.acb), fd: 0x75
[07:10:05.421] |T| [close_file]: sceIoClose: Closing file fd: 0x75
[07:10:05.425] |I| [export_sceIoOpen]: Opening file: app0:data/sound/adx/UGK_TRAINING_VO.acb
[07:10:05.427] |T| [open_file]: sceIoOpen: Opening file app0:data/sound/adx/UGK_TRAINING_VO.acb (ux0:/app/PCSE00924/data/sound/adx/UGK_TRAINING_VO.acb), fd: 0x76
[07:10:05.429] |T| [close_file]: sceIoClose: Closing file fd: 0x76
[07:10:05.437] |I| [export_sceIoOpen]: Opening file: app0:data/sound/adx/UGK_TRAINING_VO.awb
[07:10:05.499] |T| [open_file]: sceIoOpen: Opening file app0:data/sound/adx/UGK_TRAINING_VO.awb (ux0:/app/PCSE00924/data/sound/adx/UGK_TRAINING_VO.awb), fd: 0x77
[07:10:05.507] |I| [export_sceIoOpen]: Opening file: app0:data/sound/adx/UGK_BOARDGAME.acb
[07:10:05.591] |T| [open_file]: sceIoOpen: Opening file app0:data/sound/adx/UGK_BOARDGAME.acb (ux0:/app/PCSE00924/data/sound/adx/UGK_BOARDGAME.acb), fd: 0x78
[07:10:05.598] |T| [close_file]: sceIoClose: Closing file fd: 0x78
[07:10:05.602] |I| [export_sceIoOpen]: Opening file: app0:data/sound/adx/UGK_BOARDGAME.acb
[07:10:05.608] |T| [open_file]: sceIoOpen: Opening file app0:data/sound/adx/UGK_BOARDGAME.acb (ux0:/app/PCSE00924/data/sound/adx/UGK_BOARDGAME.acb), fd: 0x79
[07:10:05.611] |T| [close_file]: sceIoClose: Closing file fd: 0x79
[07:10:05.614] |I| [export_sceIoOpen]: Opening file: app0:data/sound/adx/UGK_BOARDGAME.awb
[07:10:05.663] |T| [open_file]: sceIoOpen: Opening file app0:data/sound/adx/UGK_BOARDGAME.awb (ux0:/app/PCSE00924/data/sound/adx/UGK_BOARDGAME.awb), fd: 0x7a
[07:10:05.689] |I| [export_sceIoOpen]: Opening file: app0:data/sound/adx/UGK_BRIEFING_VO.acb
[07:10:05.792] |T| [open_file]: sceIoOpen: Opening file app0:data/sound/adx/UGK_BRIEFING_VO.acb (ux0:/app/PCSE00924/data/sound/adx/UGK_BRIEFING_VO.acb), fd: 0x7b
[07:10:05.798] |T| [close_file]: sceIoClose: Closing file fd: 0x7b
[07:10:05.804] |I| [export_sceIoOpen]: Opening file: app0:data/sound/adx/UGK_BRIEFING_VO.acb
[07:10:05.805] |T| [open_file]: sceIoOpen: Opening file app0:data/sound/adx/UGK_BRIEFING_VO.acb (ux0:/app/PCSE00924/data/sound/adx/UGK_BRIEFING_VO.acb), fd: 0x7c
[07:10:05.811] |T| [close_file]: sceIoClose: Closing file fd: 0x7c
[07:10:05.815] |I| [export_sceIoOpen]: Opening file: app0:data/sound/adx/UGK_BRIEFING_VO.awb
[07:10:05.895] |T| [open_file]: sceIoOpen: Opening file app0:data/sound/adx/UGK_BRIEFING_VO.awb (ux0:/app/PCSE00924/data/sound/adx/UGK_BRIEFING_VO.awb), fd: 0x7d
[07:10:05.929] |I| [export_sceIoOpen]: Opening file: app0:data/sound/adx/UGK_WHITEBOARD_VO.acb
[07:10:05.999] |T| [open_file]: sceIoOpen: Opening file app0:data/sound/adx/UGK_WHITEBOARD_VO.acb (ux0:/app/PCSE00924/data/sound/adx/UGK_WHITEBOARD_VO.acb), fd: 0x7e
[07:10:06.005] |T| [close_file]: sceIoClose: Closing file fd: 0x7e
[07:10:06.009] |I| [export_sceIoOpen]: Opening file: app0:data/sound/adx/UGK_WHITEBOARD_VO.acb
[07:10:06.010] |T| [open_file]: sceIoOpen: Opening file app0:data/sound/adx/UGK_WHITEBOARD_VO.acb (ux0:/app/PCSE00924/data/sound/adx/UGK_WHITEBOARD_VO.acb), fd: 0x7f
[07:10:06.013] |T| [close_file]: sceIoClose: Closing file fd: 0x7f
[07:10:06.020] |I| [export_sceIoOpen]: Opening file: app0:data/sound/adx/UGK_WHITEBOARD_VO.awb
[07:10:06.083] |T| [open_file]: sceIoOpen: Opening file app0:data/sound/adx/UGK_WHITEBOARD_VO.awb (ux0:/app/PCSE00924/data/sound/adx/UGK_WHITEBOARD_VO.awb), fd: 0x80
[07:10:06.089] |I| [export_sceIoOpen]: Opening file: app0:data/sound/adx/UGK_SHOP_VO.acb
[07:10:06.136] |T| [open_file]: sceIoOpen: Opening file app0:data/sound/adx/UGK_SHOP_VO.acb (ux0:/app/PCSE00924/data/sound/adx/UGK_SHOP_VO.acb), fd: 0x81
[07:10:06.143] |T| [close_file]: sceIoClose: Closing file fd: 0x81
[07:10:06.146] |I| [export_sceIoOpen]: Opening file: app0:data/sound/adx/UGK_SHOP_VO.acb
[07:10:06.148] |T| [open_file]: sceIoOpen: Opening file app0:data/sound/adx/UGK_SHOP_VO.acb (ux0:/app/PCSE00924/data/sound/adx/UGK_SHOP_VO.acb), fd: 0x82
[07:10:06.153] |T| [close_file]: sceIoClose: Closing file fd: 0x82
[07:10:06.157] |I| [export_sceIoOpen]: Opening file: app0:data/sound/adx/UGK_SHOP_VO.awb
[07:10:06.396] |T| [open_file]: sceIoOpen: Opening file app0:data/sound/adx/UGK_SHOP_VO.awb (ux0:/app/PCSE00924/data/sound/adx/UGK_SHOP_VO.awb), fd: 0x83
[07:10:06.402] |I| [export_sceIoOpen]: Opening file: app0:data/sound/adx/UGK_LABO_VO.acb
[07:10:06.436] |T| [open_file]: sceIoOpen: Opening file app0:data/sound/adx/UGK_LABO_VO.acb (ux0:/app/PCSE00924/data/sound/adx/UGK_LABO_VO.acb), fd: 0x84
[07:10:06.444] |T| [close_file]: sceIoClose: Closing file fd: 0x84
[07:10:06.446] |I| [export_sceIoOpen]: Opening file: app0:data/sound/adx/UGK_LABO_VO.acb
[07:10:06.449] |T| [open_file]: sceIoOpen: Opening file app0:data/sound/adx/UGK_LABO_VO.acb (ux0:/app/PCSE00924/data/sound/adx/UGK_LABO_VO.acb), fd: 0x85
[07:10:06.453] |T| [close_file]: sceIoClose: Closing file fd: 0x85
[07:10:06.458] |I| [export_sceIoOpen]: Opening file: app0:data/sound/adx/UGK_LABO_VO.awb
[07:10:06.524] |T| [open_file]: sceIoOpen: Opening file app0:data/sound/adx/UGK_LABO_VO.awb (ux0:/app/PCSE00924/data/sound/adx/UGK_LABO_VO.awb), fd: 0x86
[07:10:06.530] |I| [export_sceIoOpen]: Opening file: app0:data/sound/adx/UGK_ADV_PROLOGUE_FUKURAI.acb
[07:10:06.615] |T| [open_file]: sceIoOpen: Opening file app0:data/sound/adx/UGK_ADV_PROLOGUE_FUKURAI.acb (ux0:/app/PCSE00924/data/sound/adx/UGK_ADV_PROLOGUE_FUKURAI.acb), fd: 0x87
[07:10:06.621] |T| [close_file]: sceIoClose: Closing file fd: 0x87
[07:10:06.627] |I| [export_sceIoOpen]: Opening file: app0:data/sound/adx/UGK_ADV_PROLOGUE_FUKURAI.acb
[07:10:06.629] |T| [open_file]: sceIoOpen: Opening file app0:data/sound/adx/UGK_ADV_PROLOGUE_FUKURAI.acb (ux0:/app/PCSE00924/data/sound/adx/UGK_ADV_PROLOGUE_FUKURAI.acb), fd: 0x88
[07:10:06.634] |T| [close_file]: sceIoClose: Closing file fd: 0x88
[07:10:06.638] |I| [export_sceIoOpen]: Opening file: app0:data/sound/adx/UGK_ADV_PROLOGUE_FUKURAI.awb
[07:10:06.700] |T| [open_file]: sceIoOpen: Opening file app0:data/sound/adx/UGK_ADV_PROLOGUE_FUKURAI.awb (ux0:/app/PCSE00924/data/sound/adx/UGK_ADV_PROLOGUE_FUKURAI.awb), fd: 0x89
[07:10:07.900] |T| [close_file]: sceIoClose: Closing file fd: 0x48
[07:10:07.902] |I| [export_sceIoOpen]: Opening file: app0:d04.dat
[07:10:07.904] |T| [open_file]: sceIoOpen: Opening file app0:d04.dat (ux0:/app/PCSE00924/d04.dat), fd: 0x8a
[07:10:18.063] |I| [renderer::vulkan::PipelineCache::save_pipeline_cache]: Saving pipeline cache...
[07:10:18.075] |I| [renderer::vulkan::PipelineCache::save_pipeline_cache]: Pipeline cache saved
[07:10:21.891] |I| [ngs::PlayerModule::process]: The currently running game requests playback rate scaling when decoding audio. Audio might crackle.
[07:10:21.925] |W| [ngs::EqualizerModule::process]: Game is using unimplemented equalizer audio module
[07:10:21.927] |W| [ngs::EnvelopeModule::process]: Game is using unimplemented envelope audio module
[07:10:24.494] |T| [close_file]: sceIoClose: Closing file fd: 0x8a
[07:10:24.495] |I| [export_sceIoOpen]: Opening file: app0:d01.dat
[07:10:24.502] |T| [open_file]: sceIoOpen: Opening file app0:d01.dat (ux0:/app/PCSE00924/d01.dat), fd: 0x8b
[07:10:24.594] |T| [open_file]: sceAppUtilSaveDataSlotGetParam: Opening file savedata0:/SlotParam_0.bin (ux0:/user/00/savedata/PCSE00924/SlotParam_0.bin), fd: 0x8c
[07:10:24.598] |T| [close_file]: sceAppUtilSaveDataSlotGetParam: Closing file fd: 0x8c
[07:10:24.674] |T| [open_file]: sceAppUtilSaveDataSlotGetParam: Opening file savedata0:/SlotParam_0.bin (ux0:/user/00/savedata/PCSE00924/SlotParam_0.bin), fd: 0x8d
[07:10:24.681] |T| [close_file]: sceAppUtilSaveDataSlotGetParam: Closing file fd: 0x8d
[07:10:24.687] |T| [open_file]: sceAppUtilSaveDataDataSave: Opening file savedata0:/SYSTEM.BIN (ux0:/user/00/savedata/PCSE00924/SYSTEM.BIN), fd: 0x8e
[07:10:24.689] |T| [write_file]: sceAppUtilSaveDataDataSave: Writing to fd: 0x8e, size: 256
[07:10:24.690] |T| [close_file]: sceAppUtilSaveDataDataSave: Closing file fd: 0x8e
[07:10:24.692] |T| [open_file]: sceAppUtilSaveDataDataSave: Opening file savedata0:/SlotParam_0.bin (ux0:/user/00/savedata/PCSE00924/SlotParam_0.bin), fd: 0x8f
[07:10:24.700] |T| [write_file]: sceAppUtilSaveDataDataSave: Writing to fd: 0x8f, size: 844
[07:10:24.707] |T| [close_file]: sceAppUtilSaveDataDataSave: Closing file fd: 0x8f
[07:10:24.820] |T| [close_file]: sceIoClose: Closing file fd: 0x8b
[07:10:24.835] |I| [export_sceIoOpen]: Opening file: app0:d04.dat
[07:10:24.835] |T| [open_file]: sceIoOpen: Opening file app0:d04.dat (ux0:/app/PCSE00924/d04.dat), fd: 0x90
[07:10:25.776] |T| [close_file]: sceIoClose: Closing file fd: 0x90
[07:10:25.811] |I| [export_sceIoOpen]: Opening file: app0:d03.dat
[07:10:25.932] |T| [open_file]: sceIoOpen: Opening file app0:d03.dat (ux0:/app/PCSE00924/d03.dat), fd: 0x91
[07:10:26.365] |T| [close_file]: sceIoClose: Closing file fd: 0x91
[07:10:26.366] |I| [export_sceIoOpen]: Opening file: app0:d03.dat
[07:10:26.367] |T| [open_file]: sceIoOpen: Opening file app0:d03.dat (ux0:/app/PCSE00924/d03.dat), fd: 0x92
[07:10:26.684] |I| [renderer::vulkan::PipelineCache::retrieve_shader]: Generating vulkan spv shader 7de6c0ae672757e506170d1ed4cc89246e31037718638887b2b15e7fe9330423
[07:10:26.689] |I| [renderer::load_shader_generic]: Generating vert.spv.txt shader 7de6c0ae672757e506170d1ed4cc89246e31037718638887b2b15e7fe9330423
[07:10:26.694] |D| [shader::create_parameters]: [BUFFER0  + 0] pa0 = (float4) a_uv0
[07:10:26.695] |D| [shader::create_parameters]: [BUFFER0  + 4] pa4 = (float4) a_nv
[07:10:26.700] |D| [shader::create_parameters]: [BUFFER0  + 8] pa8 = (float4) a_pos
[07:10:26.702] |D| [shader::create_parameters]: [DEFAULT  + 0] sa0 = (float4) mtxMVP[4]
[07:10:26.705] |D| [shader::create_parameters]: [DEFAULT  + 16] sa16 = (float4) mtxModelView[4]
[07:10:26.707] |D| [shader::create_parameters]: [DEFAULT  + 32] sa32 = (float4) materialColor
[07:10:26.709] |D| [shader::create_parameters]: [DEFAULT  + 36] sa36 = (float4) mtxTexture[32]
[07:10:26.712] |T| [shader::usse::USSERecompiler::compile_code_node]: Compiling code_0, size = 5
[07:10:26.775] |T| [shader::usse::USSERecompiler::compile_code_node]: Compiling code_0, size = 16
[07:10:26.845] |I| [renderer::vulkan::PipelineCache::retrieve_shader]: Generating vulkan spv shader f0eecf3be22b1ce0c3981a61ecc0577d5392e5537aa5f1d3a08b67781c915a7c
[07:10:26.854] |I| [renderer::load_shader_generic]: Generating frag.spv.txt shader f0eecf3be22b1ce0c3981a61ecc0577d5392e5537aa5f1d3a08b67781c915a7c
[07:10:26.859] |D| [shader::create_parameters]: [DEFAULT  + 0] sa0 = (float4) modulationColor
[07:10:26.862] |D| [shader::create_parameters]: [DEFAULT  + 4] sa4 = (float4) fogColor
[07:10:26.862] |D| [shader::create_parameters]: [DEFAULT  + 8] sa8 = (float4) fogParam
[07:10:26.864] |D| [shader::create_parameters]: [DEFAULT  + 12] sa12 = (float4) addColor
[07:10:26.866] |D| [shader::create_fragment_inputs]: Iterator: pa0 = (float4) v_Color0
[07:10:26.870] |T| [shader::create_fragment_inputs]: pa4 = tex2D<float4>(texSampler0, TEXCOORD0.xy)
[07:10:26.873] |D| [shader::create_fragment_inputs]: Iterator: pa8 = (float4) v_TexCoord7
[07:10:26.874] |T| [shader::usse::USSERecompiler::compile_code_node]: Compiling code_0, size = 3
[07:10:26.879] |T| [shader::usse::USSERecompiler::compile_code_node]: Compiling code_0, size = 4
[07:10:26.891] |T| [shader::usse::USSERecompiler::compile_code_node]: Compiling code_4, size = 1
[07:10:26.894] |T| [shader::usse::USSERecompiler::compile_code_node]: Compiling code_5, size = 21
[07:10:31.377] |T| [close_file]: sceIoClose: Closing file fd: 0x92
[07:10:31.388] |I| [export_sceIoOpen]: Opening file: app0:d02.dat
[07:10:31.671] |T| [open_file]: sceIoOpen: Opening file app0:d02.dat (ux0:/app/PCSE00924/d02.dat), fd: 0x93
[07:10:31.764] |I| [export_sceIoOpen]: Opening file: app0:data/sound/adx/UGK_ADV_VO_44.acb
[07:10:32.382] |T| [open_file]: sceIoOpen: Opening file app0:data/sound/adx/UGK_ADV_VO_44.acb (ux0:/app/PCSE00924/data/sound/adx/UGK_ADV_VO_44.acb), fd: 0x94
[07:10:32.406] |T| [close_file]: sceIoClose: Closing file fd: 0x94
[07:10:32.409] |I| [export_sceIoOpen]: Opening file: app0:data/sound/adx/UGK_ADV_VO_44.acb
[07:10:32.412] |T| [open_file]: sceIoOpen: Opening file app0:data/sound/adx/UGK_ADV_VO_44.acb (ux0:/app/PCSE00924/data/sound/adx/UGK_ADV_VO_44.acb), fd: 0x95
[07:10:32.421] |T| [close_file]: sceIoClose: Closing file fd: 0x95
[07:10:32.474] |T| [close_file]: sceIoClose: Closing file fd: 0x93
[07:10:32.502] |I| [export_sceIoOpen]: Opening file: app0:d01.dat
[07:10:32.504] |T| [open_file]: sceIoOpen: Opening file app0:d01.dat (ux0:/app/PCSE00924/d01.dat), fd: 0x96
[07:10:32.545] |T| [close_file]: sceIoClose: Closing file fd: 0x96
[07:10:32.555] |I| [export_sceIoOpen]: Opening file: app0:d05.dat
[07:10:32.557] |T| [open_file]: sceIoOpen: Opening file app0:d05.dat (ux0:/app/PCSE00924/d05.dat), fd: 0x97
[07:10:33.282] |T| [close_file]: sceIoClose: Closing file fd: 0x97
[07:10:33.287] |I| [export_sceIoOpen]: Opening file: app0:d04.dat
[07:10:33.288] |T| [open_file]: sceIoOpen: Opening file app0:d04.dat (ux0:/app/PCSE00924/d04.dat), fd: 0x98
[07:10:33.447] |T| [close_file]: sceIoClose: Closing file fd: 0x98
[07:10:33.462] |I| [export_sceIoOpen]: Opening file: app0:d04.dat
[07:10:33.463] |T| [open_file]: sceIoOpen: Opening file app0:d04.dat (ux0:/app/PCSE00924/d04.dat), fd: 0x99
[07:10:34.865] |I| [export_sceIoOpen]: Opening file: app0:data/movie/event_00.usm
[07:10:35.060] |T| [open_file]: sceIoOpen: Opening file app0:data/movie/event_00.usm (ux0:/app/PCSE00924/data/movie/event_00.usm), fd: 0x9a
[07:10:36.175] |I| [renderer::vulkan::PipelineCache::retrieve_shader]: Generating vulkan spv shader e2a96a287debd196358dcc83cb3bb06a26958db8aaf26943dde0e9c639a4ff75
[07:10:36.180] |I| [renderer::load_shader_generic]: Generating vert.spv.txt shader e2a96a287debd196358dcc83cb3bb06a26958db8aaf26943dde0e9c639a4ff75
[07:10:36.185] |D| [shader::create_parameters]: [BUFFER0  + 0] pa0 = (float4) IN_a_pos
[07:10:36.188] |D| [shader::create_parameters]: [BUFFER0  + 4] pa4 = (float4) IN_a_uv0
[07:10:36.190] |D| [shader::create_parameters]: [DEFAULT  + 0] sa0 = (float4) mtxMVP[4]
[07:10:36.192] |D| [shader::create_parameters]: [DEFAULT  + 16] sa16 = (float4) mtxModelView[4]
[07:10:36.193] |T| [shader::usse::USSERecompiler::compile_code_node]: Compiling code_0, size = 6
[07:10:36.286] |I| [renderer::vulkan::PipelineCache::retrieve_shader]: Generating vulkan spv shader 20b202a91224176b239bb42fa362bf577838901eda7a8387ee6d8d57394e226b
[07:10:36.313] |I| [renderer::load_shader_generic]: Generating frag.spv.txt shader 20b202a91224176b239bb42fa362bf577838901eda7a8387ee6d8d57394e226b
[07:10:36.317] |T| [shader::create_fragment_inputs]: pa0 = tex2D<half4>(texSampler0, TEXCOORD1.xy)
[07:10:36.318] |T| [shader::usse::USSERecompiler::compile_code_node]: Compiling code_0, size = 2
[07:11:06.009] |I| [renderer::vulkan::PipelineCache::save_pipeline_cache]: Saving pipeline cache...
[07:11:06.012] |I| [renderer::vulkan::PipelineCache::save_pipeline_cache]: Pipeline cache saved
[07:11:32.274] |T| [close_file]: sceIoClose: Closing file fd: 0x99
[07:11:32.277] |I| [export_sceIoOpen]: Opening file: app0:d02.dat
[07:11:32.279] |T| [open_file]: sceIoOpen: Opening file app0:d02.dat (ux0:/app/PCSE00924/d02.dat), fd: 0x9b
[07:11:32.494] |I| [export_sceIoOpen]: Opening file: app0:data/sound/adx/UGK_ADV_VO_01.acb
[07:11:32.704] |T| [open_file]: sceIoOpen: Opening file app0:data/sound/adx/UGK_ADV_VO_01.acb (ux0:/app/PCSE00924/data/sound/adx/UGK_ADV_VO_01.acb), fd: 0x9c
[07:11:32.709] |T| [close_file]: sceIoClose: Closing file fd: 0x9c
[07:11:32.713] |I| [export_sceIoOpen]: Opening file: app0:data/sound/adx/UGK_ADV_VO_01.acb
[07:11:32.716] |T| [open_file]: sceIoOpen: Opening file app0:data/sound/adx/UGK_ADV_VO_01.acb (ux0:/app/PCSE00924/data/sound/adx/UGK_ADV_VO_01.acb), fd: 0x9d
[07:11:32.719] |T| [close_file]: sceIoClose: Closing file fd: 0x9d
[07:11:32.765] |I| [export_sceIoOpen]: Opening file: app0:data/sound/adx/UGK_ADV_VO_13.acb
[07:11:32.867] |T| [open_file]: sceIoOpen: Opening file app0:data/sound/adx/UGK_ADV_VO_13.acb (ux0:/app/PCSE00924/data/sound/adx/UGK_ADV_VO_13.acb), fd: 0x9e
[07:11:32.873] |T| [close_file]: sceIoClose: Closing file fd: 0x9e
[07:11:32.875] |I| [export_sceIoOpen]: Opening file: app0:data/sound/adx/UGK_ADV_VO_13.acb
[07:11:32.877] |T| [open_file]: sceIoOpen: Opening file app0:data/sound/adx/UGK_ADV_VO_13.acb (ux0:/app/PCSE00924/data/sound/adx/UGK_ADV_VO_13.acb), fd: 0x9f
[07:11:32.886] |T| [close_file]: sceIoClose: Closing file fd: 0x9f
[07:11:32.920] |I| [export_sceIoOpen]: Opening file: app0:data/sound/adx/UGK_ADV_VO_14.acb
[07:11:32.961] |T| [open_file]: sceIoOpen: Opening file app0:data/sound/adx/UGK_ADV_VO_14.acb (ux0:/app/PCSE00924/data/sound/adx/UGK_ADV_VO_14.acb), fd: 0xa0
[07:11:32.968] |T| [close_file]: sceIoClose: Closing file fd: 0xa0
[07:11:32.970] |I| [export_sceIoOpen]: Opening file: app0:data/sound/adx/UGK_ADV_VO_14.acb
[07:11:32.972] |T| [open_file]: sceIoOpen: Opening file app0:data/sound/adx/UGK_ADV_VO_14.acb (ux0:/app/PCSE00924/data/sound/adx/UGK_ADV_VO_14.acb), fd: 0xa1
[07:11:32.977] |T| [close_file]: sceIoClose: Closing file fd: 0xa1
[07:11:32.982] |I| [export_sceIoOpen]: Opening file: app0:data/sound/adx/UGK_ADV_VO_20.acb
[07:11:33.165] |T| [open_file]: sceIoOpen: Opening file app0:data/sound/adx/UGK_ADV_VO_20.acb (ux0:/app/PCSE00924/data/sound/adx/UGK_ADV_VO_20.acb), fd: 0xa2
[07:11:33.171] |T| [close_file]: sceIoClose: Closing file fd: 0xa2
[07:11:33.174] |I| [export_sceIoOpen]: Opening file: app0:data/sound/adx/UGK_ADV_VO_20.acb
[07:11:33.175] |T| [open_file]: sceIoOpen: Opening file app0:data/sound/adx/UGK_ADV_VO_20.acb (ux0:/app/PCSE00924/data/sound/adx/UGK_ADV_VO_20.acb), fd: 0xa3
[07:11:33.265] |T| [close_file]: sceIoClose: Closing file fd: 0xa3
[07:11:33.273] |I| [export_sceIoOpen]: Opening file: app0:data/sound/adx/UGK_ADV_VO_36.acb
[07:11:33.445] |T| [open_file]: sceIoOpen: Opening file app0:data/sound/adx/UGK_ADV_VO_36.acb (ux0:/app/PCSE00924/data/sound/adx/UGK_ADV_VO_36.acb), fd: 0xa4
[07:11:33.450] |T| [close_file]: sceIoClose: Closing file fd: 0xa4
[07:11:33.454] |I| [export_sceIoOpen]: Opening file: app0:data/sound/adx/UGK_ADV_VO_36.acb
[07:11:33.456] |T| [open_file]: sceIoOpen: Opening file app0:data/sound/adx/UGK_ADV_VO_36.acb (ux0:/app/PCSE00924/data/sound/adx/UGK_ADV_VO_36.acb), fd: 0xa5
[07:11:33.463] |T| [close_file]: sceIoClose: Closing file fd: 0xa5
[07:11:33.473] |I| [export_sceIoOpen]: Opening file: app0:data/sound/adx/UGK_ADV_VO_43.acb
[07:11:33.552] |T| [open_file]: sceIoOpen: Opening file app0:data/sound/adx/UGK_ADV_VO_43.acb (ux0:/app/PCSE00924/data/sound/adx/UGK_ADV_VO_43.acb), fd: 0xa6
[07:11:33.558] |T| [close_file]: sceIoClose: Closing file fd: 0xa6
[07:11:33.560] |I| [export_sceIoOpen]: Opening file: app0:data/sound/adx/UGK_ADV_VO_43.acb
[07:11:33.563] |T| [open_file]: sceIoOpen: Opening file app0:data/sound/adx/UGK_ADV_VO_43.acb (ux0:/app/PCSE00924/data/sound/adx/UGK_ADV_VO_43.acb), fd: 0xa7
[07:11:33.565] |T| [close_file]: sceIoClose: Closing file fd: 0xa7
[07:11:33.572] |I| [export_sceIoOpen]: Opening file: app0:data/sound/adx/UGK_ADV_VO_44.acb
[07:11:33.574] |T| [open_file]: sceIoOpen: Opening file app0:data/sound/adx/UGK_ADV_VO_44.acb (ux0:/app/PCSE00924/data/sound/adx/UGK_ADV_VO_44.acb), fd: 0xa8
[07:11:33.579] |T| [close_file]: sceIoClose: Closing file fd: 0xa8
[07:11:33.584] |I| [export_sceIoOpen]: Opening file: app0:data/sound/adx/UGK_ADV_VO_44.acb
[07:11:33.587] |T| [open_file]: sceIoOpen: Opening file app0:data/sound/adx/UGK_ADV_VO_44.acb (ux0:/app/PCSE00924/data/sound/adx/UGK_ADV_VO_44.acb), fd: 0xa9
[07:11:33.592] |T| [close_file]: sceIoClose: Closing file fd: 0xa9
[07:11:33.598] |I| [export_sceIoOpen]: Opening file: app0:data/sound/adx/UGK_ADV_VO_56.acb
[07:11:33.668] |T| [open_file]: sceIoOpen: Opening file app0:data/sound/adx/UGK_ADV_VO_56.acb (ux0:/app/PCSE00924/data/sound/adx/UGK_ADV_VO_56.acb), fd: 0xaa
[07:11:33.673] |T| [close_file]: sceIoClose: Closing file fd: 0xaa
[07:11:33.676] |I| [export_sceIoOpen]: Opening file: app0:data/sound/adx/UGK_ADV_VO_56.acb
[07:11:33.677] |T| [open_file]: sceIoOpen: Opening file app0:data/sound/adx/UGK_ADV_VO_56.acb (ux0:/app/PCSE00924/data/sound/adx/UGK_ADV_VO_56.acb), fd: 0xab
[07:11:33.683] |T| [close_file]: sceIoClose: Closing file fd: 0xab
[07:11:33.729] |T| [close_file]: sceIoClose: Closing file fd: 0x9b
[07:11:33.731] |I| [export_sceIoOpen]: Opening file: app0:d03.dat
[07:11:33.733] |T| [open_file]: sceIoOpen: Opening file app0:d03.dat (ux0:/app/PCSE00924/d03.dat), fd: 0xac
[07:11:34.111] |T| [close_file]: sceIoClose: Closing file fd: 0xac
[07:11:34.114] |I| [export_sceIoOpen]: Opening file: app0:d03.dat
[07:11:34.115] |T| [open_file]: sceIoOpen: Opening file app0:d03.dat (ux0:/app/PCSE00924/d03.dat), fd: 0xad
[07:11:34.176] |T| [close_file]: sceIoClose: Closing file fd: 0xad
[07:11:34.178] |I| [export_sceIoOpen]: Opening file: app0:d03.dat
[07:11:34.180] |T| [open_file]: sceIoOpen: Opening file app0:d03.dat (ux0:/app/PCSE00924/d03.dat), fd: 0xae
[07:11:34.553] |T| [close_file]: sceIoClose: Closing file fd: 0xae
[07:11:34.554] |I| [export_sceIoOpen]: Opening file: app0:d03.dat
[07:11:34.556] |T| [open_file]: sceIoOpen: Opening file app0:d03.dat (ux0:/app/PCSE00924/d03.dat), fd: 0xaf
[07:11:34.612] |T| [close_file]: sceIoClose: Closing file fd: 0xaf
[07:11:34.613] |I| [export_sceIoOpen]: Opening file: app0:d03.dat
[07:11:34.615] |T| [open_file]: sceIoOpen: Opening file app0:d03.dat (ux0:/app/PCSE00924/d03.dat), fd: 0xb0
[07:11:34.725] |T| [close_file]: sceIoClose: Closing file fd: 0xb0
[07:11:34.726] |I| [export_sceIoOpen]: Opening file: app0:d03.dat
[07:11:34.728] |T| [open_file]: sceIoOpen: Opening file app0:d03.dat (ux0:/app/PCSE00924/d03.dat), fd: 0xb1
[07:11:34.776] |T| [close_file]: sceIoClose: Closing file fd: 0xb1
[07:11:34.778] |I| [export_sceIoOpen]: Opening file: app0:d03.dat
[07:11:34.782] |T| [open_file]: sceIoOpen: Opening file app0:d03.dat (ux0:/app/PCSE00924/d03.dat), fd: 0xb2
[07:11:35.075] |T| [close_file]: sceIoClose: Closing file fd: 0xb2
[07:11:35.076] |I| [export_sceIoOpen]: Opening file: app0:d03.dat
[07:11:35.078] |T| [open_file]: sceIoOpen: Opening file app0:d03.dat (ux0:/app/PCSE00924/d03.dat), fd: 0xb3
[07:11:35.144] |T| [close_file]: sceIoClose: Closing file fd: 0xb3
[07:11:35.148] |I| [export_sceIoOpen]: Opening file: app0:d03.dat
[07:11:35.150] |T| [open_file]: sceIoOpen: Opening file app0:d03.dat (ux0:/app/PCSE00924/d03.dat), fd: 0xb4
[07:11:35.485] |T| [close_file]: sceIoClose: Closing file fd: 0xb4
[07:11:35.486] |I| [export_sceIoOpen]: Opening file: app0:d03.dat
[07:11:35.488] |T| [open_file]: sceIoOpen: Opening file app0:d03.dat (ux0:/app/PCSE00924/d03.dat), fd: 0xb5
[07:11:35.543] |T| [close_file]: sceIoClose: Closing file fd: 0xb5
[07:11:35.545] |I| [export_sceIoOpen]: Opening file: app0:d03.dat
[07:11:35.548] |T| [open_file]: sceIoOpen: Opening file app0:d03.dat (ux0:/app/PCSE00924/d03.dat), fd: 0xb6
[07:11:35.817] |T| [close_file]: sceIoClose: Closing file fd: 0xb6
[07:11:35.818] |I| [export_sceIoOpen]: Opening file: app0:d03.dat
[07:11:35.820] |T| [open_file]: sceIoOpen: Opening file app0:d03.dat (ux0:/app/PCSE00924/d03.dat), fd: 0xb7
[07:11:35.862] |T| [close_file]: sceIoClose: Closing file fd: 0xb7
[07:11:35.865] |I| [export_sceIoOpen]: Opening file: app0:d03.dat
[07:11:35.866] |T| [open_file]: sceIoOpen: Opening file app0:d03.dat (ux0:/app/PCSE00924/d03.dat), fd: 0xb8
[07:11:36.371] |T| [close_file]: sceIoClose: Closing file fd: 0xb8
[07:11:36.372] |I| [export_sceIoOpen]: Opening file: app0:d03.dat
[07:11:36.376] |T| [open_file]: sceIoOpen: Opening file app0:d03.dat (ux0:/app/PCSE00924/d03.dat), fd: 0xb9
[07:11:36.426] |T| [close_file]: sceIoClose: Closing file fd: 0xb9
[07:11:36.428] |I| [export_sceIoOpen]: Opening file: app0:d03.dat
[07:11:36.433] |T| [open_file]: sceIoOpen: Opening file app0:d03.dat (ux0:/app/PCSE00924/d03.dat), fd: 0xba
[07:11:36.699] |T| [close_file]: sceIoClose: Closing file fd: 0xba
[07:11:36.700] |I| [export_sceIoOpen]: Opening file: app0:d03.dat
[07:11:36.703] |T| [open_file]: sceIoOpen: Opening file app0:d03.dat (ux0:/app/PCSE00924/d03.dat), fd: 0xbb
[07:11:36.743] |T| [close_file]: sceIoClose: Closing file fd: 0xbb
[07:11:36.745] |I| [export_sceIoOpen]: Opening file: app0:d01.dat
[07:11:36.749] |T| [open_file]: sceIoOpen: Opening file app0:d01.dat (ux0:/app/PCSE00924/d01.dat), fd: 0xbc
[07:11:36.847] |T| [close_file]: sceIoClose: Closing file fd: 0xbc
[07:11:36.848] |I| [export_sceIoOpen]: Opening file: app0:d01.dat
[07:11:36.850] |T| [open_file]: sceIoOpen: Opening file app0:d01.dat (ux0:/app/PCSE00924/d01.dat), fd: 0xbd
[07:11:37.059] |T| [close_file]: sceIoClose: Closing file fd: 0x9a
[07:11:37.560] |I| [export_sceIoOpen]: Opening file: app0:data/movie/subtitle_00.usm
[07:11:37.669] |T| [open_file]: sceIoOpen: Opening file app0:data/movie/subtitle_00.usm (ux0:/app/PCSE00924/data/movie/subtitle_00.usm), fd: 0xbe
[07:11:45.020] |T| [close_file]: sceIoClose: Closing file fd: 0xbe
[07:12:16.295] |I| [export_sceIoOpen]: Opening file: app0:data/movie/nagamine_default_a.usm
[07:12:19.178] |T| [open_file]: sceIoOpen: Opening file app0:data/movie/nagamine_default_a.usm (ux0:/app/PCSE00924/data/movie/nagamine_default_a.usm), fd: 0xbf
[07:12:20.712] |I| [renderer::vulkan::PipelineCache::retrieve_shader]: Generating vulkan spv shader 5de801a825ea1cd4f1bbf028c4e9f9a4d4d9250a5c96fddb7e7368c7875de25c
[07:12:20.716] |I| [renderer::load_shader_generic]: Generating vert.spv.txt shader 5de801a825ea1cd4f1bbf028c4e9f9a4d4d9250a5c96fddb7e7368c7875de25c
[07:12:20.745] |D| [shader::create_parameters]: [BUFFER0  + 0] pa0 = (float4) IN_a_pos
[07:12:20.746] |D| [shader::create_parameters]: [BUFFER0  + 4] pa4 = (float4) IN_a_uv0
[07:12:20.749] |D| [shader::create_parameters]: [DEFAULT  + 0] sa0 = (float4) mtxMVP[4]
[07:12:20.753] |D| [shader::create_parameters]: [DEFAULT  + 16] sa16 = (float4) mtxModelView[4]
[07:12:20.811] |T| [shader::usse::USSERecompiler::compile_code_node]: Compiling code_0, size = 6
[07:12:21.112] |I| [renderer::vulkan::PipelineCache::retrieve_shader]: Generating vulkan spv shader 6033e76a7f4a683dac22a25e8f406f00b59d10cd7fa46e25507fc76f7ee7de2d
[07:12:21.116] |I| [renderer::load_shader_generic]: Generating frag.spv.txt shader 6033e76a7f4a683dac22a25e8f406f00b59d10cd7fa46e25507fc76f7ee7de2d
[07:12:21.178] |T| [shader::create_fragment_inputs]: pa0 = tex2D<half4>(texSampler1, TEXCOORD1.xy)
[07:12:21.182] |T| [shader::create_fragment_inputs]: pa2 = tex2D<half4>(texSampler0, TEXCOORD1.xy)
[07:12:21.186] |I| [shader::make_frag_finalize_function]: Non zero pa offset: 2 at 6033e76a7f4a683dac22a25e8f406f00b59d10cd7fa46e25507fc76f7ee7de2d
[07:12:21.192] |T| [shader::usse::USSERecompiler::compile_code_node]: Compiling code_0, size = 2
[07:12:35.544] |T| [close_file]: sceIoClose: Closing file fd: 0xbf
[07:12:35.678] |I| [export_sceIoOpen]: Opening file: app0:data/movie/nagamine_surprise.usm
[07:12:37.009] |T| [open_file]: sceIoOpen: Opening file app0:data/movie/nagamine_surprise.usm (ux0:/app/PCSE00924/data/movie/nagamine_surprise.usm), fd: 0xc0
[07:12:41.774] |T| [close_file]: sceIoClose: Closing file fd: 0xc0
[07:12:41.918] |I| [export_sceIoOpen]: Opening file: app0:data/movie/nagamine_default_a.usm
[07:12:41.925] |T| [open_file]: sceIoOpen: Opening file app0:data/movie/nagamine_default_a.usm (ux0:/app/PCSE00924/data/movie/nagamine_default_a.usm), fd: 0xc1
[07:12:44.180] |T| [close_file]: sceIoClose: Closing file fd: 0xc1
[07:12:44.264] |I| [export_sceIoOpen]: Opening file: app0:data/movie/nagamine_default_b.usm
[07:12:46.470] |T| [open_file]: sceIoOpen: Opening file app0:data/movie/nagamine_default_b.usm (ux0:/app/PCSE00924/data/movie/nagamine_default_b.usm), fd: 0xc2
[07:12:48.823] |T| [close_file]: sceIoClose: Closing file fd: 0xc2
[07:12:49.123] |I| [export_sceIoOpen]: Opening file: app0:data/movie/nagamine_default_a.usm
[07:12:49.129] |T| [open_file]: sceIoOpen: Opening file app0:data/movie/nagamine_default_a.usm (ux0:/app/PCSE00924/data/movie/nagamine_default_a.usm), fd: 0xc3
[07:12:51.134] |I| [renderer::vulkan::PipelineCache::save_pipeline_cache]: Saving pipeline cache...
[07:12:51.363] |I| [renderer::vulkan::PipelineCache::save_pipeline_cache]: Pipeline cache saved
[07:12:52.389] |T| [close_file]: sceIoClose: Closing file fd: 0xc3
[07:12:52.561] |I| [export_sceIoOpen]: Opening file: app0:data/movie/nagamine_default_b.usm
[07:12:52.663] |T| [open_file]: sceIoOpen: Opening file app0:data/movie/nagamine_default_b.usm (ux0:/app/PCSE00924/data/movie/nagamine_default_b.usm), fd: 0xc4
[07:17:14.312] |T| [close_file]: sceIoClose: Closing file fd: 0xc4
[07:17:14.445] |I| [export_sceIoOpen]: Opening file: app0:data/movie/nagamine_default_a.usm
[07:17:14.465] |T| [open_file]: sceIoOpen: Opening file app0:data/movie/nagamine_default_a.usm (ux0:/app/PCSE00924/data/movie/nagamine_default_a.usm), fd: 0xc5
[07:17:16.308] |T| [close_file]: sceIoClose: Closing file fd: 0xc5
[07:17:16.407] |I| [export_sceIoOpen]: Opening file: app0:data/movie/nagamine_default_b.usm
[07:17:16.408] |T| [open_file]: sceIoOpen: Opening file app0:data/movie/nagamine_default_b.usm (ux0:/app/PCSE00924/data/movie/nagamine_default_b.usm), fd: 0xc6
[07:17:17.324] |T| [close_file]: sceIoClose: Closing file fd: 0xc6
[07:17:17.463] |I| [export_sceIoOpen]: Opening file: app0:data/movie/nagamine_surprise.usm
[07:17:17.467] |T| [open_file]: sceIoOpen: Opening file app0:data/movie/nagamine_surprise.usm (ux0:/app/PCSE00924/data/movie/nagamine_surprise.usm), fd: 0xc7
[07:17:17.656] |I| [export_sceIoOpen]: Opening file: app0:data/movie/event_01_a.usm
[07:17:18.383] |T| [open_file]: sceIoOpen: Opening file app0:data/movie/event_01_a.usm (ux0:/app/PCSE00924/data/movie/event_01_a.usm), fd: 0xc8
[07:17:19.095] |W| [renderer::vulkan::VKContext::start_recording]: Render Target is using more scenes per frame than what was planned!
[07:17:23.357] |T| [close_file]: sceIoClose: Closing file fd: 0xc8
[07:17:23.501] |I| [export_sceIoOpen]: Opening file: app0:data/movie/event_01_b.usm
[07:17:23.758] |T| [open_file]: sceIoOpen: Opening file app0:data/movie/event_01_b.usm (ux0:/app/PCSE00924/data/movie/event_01_b.usm), fd: 0xc9
[07:17:24.357] |T| [close_file]: sceIoClose: Closing file fd: 0xc7
[07:17:24.499] |I| [export_sceIoOpen]: Opening file: app0:data/movie/nagamine_default_a.usm
[07:17:24.556] |T| [open_file]: sceIoOpen: Opening file app0:data/movie/nagamine_default_a.usm (ux0:/app/PCSE00924/data/movie/nagamine_default_a.usm), fd: 0xca
[07:17:27.141] |T| [close_file]: sceIoClose: Closing file fd: 0xca
[07:17:27.269] |I| [export_sceIoOpen]: Opening file: app0:data/movie/nagamine_default_b.usm
[07:17:27.280] |T| [open_file]: sceIoOpen: Opening file app0:data/movie/nagamine_default_b.usm (ux0:/app/PCSE00924/data/movie/nagamine_default_b.usm), fd: 0xcb
[07:17:28.375] |I| [export_sceIoOpen]: Opening file: app0:data/movie/mifune_worry.usm
[07:17:28.550] |T| [open_file]: sceIoOpen: Opening file app0:data/movie/mifune_worry.usm (ux0:/app/PCSE00924/data/movie/mifune_worry.usm), fd: 0xcc
[07:17:29.170] |T| [close_file]: sceIoClose: Closing file fd: 0xc9
[07:17:32.979] |T| [close_file]: sceIoClose: Closing file fd: 0xcc
[07:17:33.063] |I| [export_sceIoOpen]: Opening file: app0:data/movie/mifune_default_a.usm
[07:17:33.161] |T| [open_file]: sceIoOpen: Opening file app0:data/movie/mifune_default_a.usm (ux0:/app/PCSE00924/data/movie/mifune_default_a.usm), fd: 0xcd
[07:17:34.962] |T| [close_file]: sceIoClose: Closing file fd: 0xcd
[07:17:35.096] |I| [export_sceIoOpen]: Opening file: app0:data/movie/mifune_default_b.usm
[07:17:35.226] |T| [open_file]: sceIoOpen: Opening file app0:data/movie/mifune_default_b.usm (ux0:/app/PCSE00924/data/movie/mifune_default_b.usm), fd: 0xce
[07:17:36.980] |T| [close_file]: sceIoClose: Closing file fd: 0xce
[07:17:37.075] |I| [export_sceIoOpen]: Opening file: app0:data/movie/mifune_default_a.usm
[07:17:37.084] |T| [open_file]: sceIoOpen: Opening file app0:data/movie/mifune_default_a.usm (ux0:/app/PCSE00924/data/movie/mifune_default_a.usm), fd: 0xcf
[07:17:39.132] |T| [close_file]: sceIoClose: Closing file fd: 0xcf
[07:17:39.237] |I| [export_sceIoOpen]: Opening file: app0:data/movie/mifune_default_b.usm
[07:17:39.238] |T| [open_file]: sceIoOpen: Opening file app0:data/movie/mifune_default_b.usm (ux0:/app/PCSE00924/data/movie/mifune_default_b.usm), fd: 0xd0
[07:17:41.374] |T| [close_file]: sceIoClose: Closing file fd: 0xd0
[07:17:41.613] |I| [export_sceIoOpen]: Opening file: app0:data/movie/mifune_default_a.usm
[07:17:41.673] |T| [open_file]: sceIoOpen: Opening file app0:data/movie/mifune_default_a.usm (ux0:/app/PCSE00924/data/movie/mifune_default_a.usm), fd: 0xd1
[07:17:42.772] |T| [close_file]: sceIoClose: Closing file fd: 0xd1
[07:17:42.883] |I| [export_sceIoOpen]: Opening file: app0:data/movie/mifune_angly.usm
[07:17:43.023] |T| [open_file]: sceIoOpen: Opening file app0:data/movie/mifune_angly.usm (ux0:/app/PCSE00924/data/movie/mifune_angly.usm), fd: 0xd2
[07:17:45.349] |T| [close_file]: sceIoClose: Closing file fd: 0xcb
[07:17:45.495] |I| [export_sceIoOpen]: Opening file: app0:data/movie/nagamine_default_a.usm
[07:17:45.507] |T| [open_file]: sceIoOpen: Opening file app0:data/movie/nagamine_default_a.usm (ux0:/app/PCSE00924/data/movie/nagamine_default_a.usm), fd: 0xd3
[07:17:51.332] |T| [close_file]: sceIoClose: Closing file fd: 0xd3
[07:17:51.348] |I| [export_sceIoOpen]: Opening file: app0:data/movie/fukurai_default_a.usm
[07:17:51.557] |T| [open_file]: sceIoOpen: Opening file app0:data/movie/fukurai_default_a.usm (ux0:/app/PCSE00924/data/movie/fukurai_default_a.usm), fd: 0xd4
[07:17:52.524] |T| [close_file]: sceIoClose: Closing file fd: 0xd4
[07:17:52.646] |I| [export_sceIoOpen]: Opening file: app0:data/movie/fukurai_worry.usm
[07:17:53.055] |T| [open_file]: sceIoOpen: Opening file app0:data/movie/fukurai_worry.usm (ux0:/app/PCSE00924/data/movie/fukurai_worry.usm), fd: 0xd5
[07:17:53.831] |T| [close_file]: sceIoClose: Closing file fd: 0xbd
[07:17:53.833] |I| [export_sceIoOpen]: Opening file: app0:d01.dat
[07:17:53.836] |T| [open_file]: sceIoOpen: Opening file app0:d01.dat (ux0:/app/PCSE00924/d01.dat), fd: 0xd6
[07:17:54.027] |T| [close_file]: sceIoClose: Closing file fd: 0xd6
[07:17:54.028] |I| [export_sceIoOpen]: Opening file: app0:d04.dat
[07:17:54.031] |T| [open_file]: sceIoOpen: Opening file app0:d04.dat (ux0:/app/PCSE00924/d04.dat), fd: 0xd7
[07:18:30.777] |T| [close_file]: sceIoClose: Closing file fd: 0xd5
[07:18:30.904] |I| [export_sceIoOpen]: Opening file: app0:data/movie/fukurai_laugh.usm
[07:18:31.087] |T| [open_file]: sceIoOpen: Opening file app0:data/movie/fukurai_laugh.usm (ux0:/app/PCSE00924/data/movie/fukurai_laugh.usm), fd: 0xd8
[07:18:35.848] |T| [close_file]: sceIoClose: Closing file fd: 0xd8
[07:18:35.948] |I| [export_sceIoOpen]: Opening file: app0:data/movie/fukurai_default_a.usm
[07:18:36.016] |T| [open_file]: sceIoOpen: Opening file app0:data/movie/fukurai_default_a.usm (ux0:/app/PCSE00924/data/movie/fukurai_default_a.usm), fd: 0xd9
[07:18:37.951] |T| [close_file]: sceIoClose: Closing file fd: 0xd9
[07:18:38.074] |I| [export_sceIoOpen]: Opening file: app0:data/movie/fukurai_default_b.usm
[07:18:38.158] |T| [open_file]: sceIoOpen: Opening file app0:data/movie/fukurai_default_b.usm (ux0:/app/PCSE00924/data/movie/fukurai_default_b.usm), fd: 0xda
[07:18:40.234] |T| [close_file]: sceIoClose: Closing file fd: 0xda
[07:18:40.315] |I| [export_sceIoOpen]: Opening file: app0:data/movie/fukurai_default_a.usm
[07:18:40.316] |T| [open_file]: sceIoOpen: Opening file app0:data/movie/fukurai_default_a.usm (ux0:/app/PCSE00924/data/movie/fukurai_default_a.usm), fd: 0xdb
[07:18:42.841] |T| [close_file]: sceIoClose: Closing file fd: 0xdb
[07:18:42.976] |I| [export_sceIoOpen]: Opening file: app0:data/movie/fukurai_default_b.usm
[07:18:43.030] |T| [open_file]: sceIoOpen: Opening file app0:data/movie/fukurai_default_b.usm (ux0:/app/PCSE00924/data/movie/fukurai_default_b.usm), fd: 0xdc
[07:18:45.618] |T| [close_file]: sceIoClose: Closing file fd: 0xdc
[07:18:45.770] |I| [export_sceIoOpen]: Opening file: app0:data/movie/fukurai_default_a.usm
[07:18:45.784] |T| [open_file]: sceIoOpen: Opening file app0:data/movie/fukurai_default_a.usm (ux0:/app/PCSE00924/data/movie/fukurai_default_a.usm), fd: 0xdd
[07:18:48.797] |T| [close_file]: sceIoClose: Closing file fd: 0xdd
[07:18:49.606] |I| [export_sceIoOpen]: Opening file: app0:data/movie/fukurai_default_b.usm
[07:18:49.832] |T| [open_file]: sceIoOpen: Opening file app0:data/movie/fukurai_default_b.usm (ux0:/app/PCSE00924/data/movie/fukurai_default_b.usm), fd: 0xde