[22:41:19.381] |I| [SDL_main]:  Vita3K v0.1 187-4081bd1
[22:41:19.737] |I| [load_vpk]:  Path: C:\Users\Hisham\Downloads\VSOI.vpk
[22:41:19.737] |I| [load_vpk]:  Title: VSOI
[22:41:19.737] |I| [load_vpk]:  Serial: VSOI00001
[22:41:19.737] |I| [load_vpk]:  Category: gd
[22:41:19.738] |I| [load_self]:  *** Loading symbols for (S)ELF: app0:eboot.bin
[22:41:19.738] |D| [load_var_exports]:  	NID 0x6c2224ba (NID_MODULE_INFO) at 0x137c0
[22:41:19.738] |D| [load_var_exports]:  	NID 0x70fba1e7 (SCE_PROC_PARAMS) at 0x1381c
[22:41:19.762] |I| [export_sceIoOpen]:  Opening file: tty0:
[22:41:19.763] |I| [export_sceIoOpen]:  Opening file: tty0:
[22:41:19.763] |I| [export_sceIoOpen]:  Opening file: tty0:
[22:41:19.770] |W| [unimplemented]:  >>> sceIoGetstatByFd <<< Unimplemented import called.
[22:41:19.775] |W| [unimplemented]:  >>> vshIoUmount <<< Unimplemented import called.
[22:41:19.775] |W| [unimplemented]:  >>> _vshIoMount <<< Unimplemented import called.
[22:41:19.776] |I| [export_sceIoOpen]:  Opening file: vs0:app/NPXS10000/eboot.bin
[22:41:19.776] |I| [export_sceIoOpen]:  Opening file: app0:vsEboot.bin
[22:41:19.776] |W| [open_file]:  Writing to app0(.vpk) unimplemented
[22:41:19.789] |C| [remove_file]:  Unknown file vs0:app/NPXS10000/eboot.bin used. Report this to developers!
[22:41:19.789] |I| [export_sceIoOpen]:  Opening file: app0:vsEboot.bin
[22:41:19.790] |W| [open_file]:  Writing to app0(.vpk) unimplemented
[22:41:19.801] |I| [export_sceIoOpen]:  Opening file: vs0:app/NPXS10000/eboot.bin
[22:41:19.802] |I| [export_sceIoOpen]:  Opening file: ux0:tai/config.txt
[22:41:19.802] |I| [export_sceIoOpen]:  Opening file: ur0:tai/config.txt
[22:41:19.803] |I| [export_sceIoOpen]:  Opening file: ur0:shell/db/app.db
[22:41:19.803] |C| [remove_file]:  Unknown file ur0:shell/db/app.db used. Report this to developers!
[22:41:29.804] |W| [unimplemented]:  >>> scePowerRequestColdReset <<< Unimplemented import called.
